36.0 APEX_CODE,FINEST;APEX_PROFILING,INFO;CALLOUT,INFO;DB,INFO;SYSTEM,DEBUG;VALIDATION,INFO;VISUALFORCE,INFO;WAVE,INFO;WORKFLOW,INFO
14:28:12.0 (328387)|USER_INFO|[EXTERNAL]|0057F000000Tiz6|ksb994@salesforce.com|Pacific Standard Time|GMT-08:00
14:28:12.0 (360664)|EXECUTION_STARTED
14:28:12.0 (363958)|CODE_UNIT_STARTED|[EXTERNAL]|0667F000004uJm5|VF: /apex/PM_Project
14:28:12.0 (515199)|VF_DESERIALIZE_VIEWSTATE_BEGIN|0667F000004uJm5
14:28:12.0 (6445517)|HEAP_ALLOCATE|[72]|Bytes:3
14:28:12.0 (6484706)|HEAP_ALLOCATE|[77]|Bytes:152
14:28:12.0 (6498965)|HEAP_ALLOCATE|[342]|Bytes:408
14:28:12.0 (6514277)|HEAP_ALLOCATE|[355]|Bytes:408
14:28:12.0 (6526779)|HEAP_ALLOCATE|[467]|Bytes:48
14:28:12.0 (6552234)|HEAP_ALLOCATE|[139]|Bytes:6
14:28:12.0 (8212581)|VF_DESERIALIZE_VIEWSTATE_END
14:28:12.0 (21746446)|SYSTEM_MODE_ENTER|true
14:28:12.0 (21978844)|HEAP_ALLOCATE|[EXTERNAL]|Bytes:92
14:28:12.0 (21989072)|HEAP_ALLOCATE|[EXTERNAL]|Bytes:10
14:28:12.0 (21993072)|HEAP_ALLOCATE|[EXTERNAL]|Bytes:2
14:28:12.0 (22003158)|METHOD_ENTRY|[1]|01p7F00000EhPEd|Project_PM_Controller.Project_PM_Controller()
14:28:12.0 (22012713)|STATEMENT_EXECUTE|[1]
14:28:12.0 (22018539)|STATEMENT_EXECUTE|[1]
14:28:12.0 (22054218)|HEAP_ALLOCATE|[50]|Bytes:5
14:28:12.0 (22078875)|HEAP_ALLOCATE|[56]|Bytes:5
14:28:12.0 (22087013)|HEAP_ALLOCATE|[64]|Bytes:7
14:28:12.0 (22109959)|SYSTEM_MODE_ENTER|false
14:28:12.0 (22122140)|HEAP_ALLOCATE|[EXTERNAL]|Bytes:5
14:28:12.0 (22129060)|SYSTEM_MODE_EXIT|false
14:28:12.0 (22136420)|METHOD_EXIT|[1]|Project_PM_Controller
14:28:12.0 (22144911)|HEAP_ALLOCATE|[EXTERNAL]|Bytes:20
14:28:12.0 (22152944)|VARIABLE_SCOPE_BEGIN|[16]|this|Project_PM_Controller|true|false
14:28:12.0 (22366862)|VARIABLE_ASSIGNMENT|[16]|this|{"controller":"StandardController [[Project__c (Client__c:a047F000002zkUjQAI, Company_project_code__c:123, Name:123)]]","project":"0xb9f902d","selectedUsers":"0x2ec68052","usersList":"0x37fee0bf"}|0x3cacadb4
14:28:12.0 (22390898)|SYSTEM_MODE_ENTER|false
14:28:12.0 (22397161)|HEAP_ALLOCATE|[18]|Bytes:5
14:28:12.0 (22401678)|STATEMENT_EXECUTE|[16]
14:28:12.0 (22402858)|STATEMENT_EXECUTE|[18]
14:28:12.0 (22405212)|HEAP_ALLOCATE|[18]|Bytes:62
14:28:12.0 (22426863)|HEAP_ALLOCATE|[18]|Bytes:4
14:28:12.0 (23524957)|SOQL_EXECUTE_BEGIN|[18]|Aggregations:0|SELECT Id, Name FROM User WHERE UserRoleId = '00E7F000000Mdri'
14:28:12.0 (28008467)|SOQL_EXECUTE_END|[18]|Rows:6
14:28:12.0 (28029572)|HEAP_ALLOCATE|[18]|Bytes:28
14:28:12.0 (28049428)|HEAP_ALLOCATE|[18]|Bytes:271
14:28:12.0 (28122981)|HEAP_ALLOCATE|[18]|Bytes:28
14:28:12.0 (28136863)|VARIABLE_SCOPE_BEGIN|[18]|users|List<User>|true|false
14:28:12.0 (28156311)|VARIABLE_ASSIGNMENT|[18]|users|"List of size 6 too large to display"|0x72d55bb1
14:28:12.0 (28341658)|HEAP_ALLOCATE|[19]|Bytes:5
14:28:12.0 (28376656)|HEAP_ALLOCATE|[19]|Bytes:12
14:28:12.0 (28386299)|VARIABLE_SCOPE_BEGIN|[19]|usr|User|true|false
14:28:12.0 (28405506)|VARIABLE_ASSIGNMENT|[19]|usr|{"Id":"0057F000000TpdFQAS","Name":"Mani Sasank"}|0x52abf608
14:28:12.0 (28411900)|STATEMENT_EXECUTE|[19]
14:28:12.0 (28413275)|STATEMENT_EXECUTE|[20]
14:28:12.0 (28454997)|HEAP_ALLOCATE|[20]|Bytes:18
14:28:12.0 (28520358)|HEAP_ALLOCATE|[EXTERNAL]|Bytes:4
14:28:12.0 (28536281)|HEAP_ALLOCATE|[19]|Bytes:5
14:28:12.0 (28545856)|HEAP_ALLOCATE|[19]|Bytes:12
14:28:12.0 (28551845)|VARIABLE_SCOPE_BEGIN|[19]|usr|User|true|false
14:28:12.0 (28565037)|VARIABLE_ASSIGNMENT|[19]|usr|{"Id":"0057F000000TrBBQA0","Name":"Santhosh"}|0x743c7ff1
14:28:12.0 (28570667)|STATEMENT_EXECUTE|[19]
14:28:12.0 (28571718)|STATEMENT_EXECUTE|[20]
14:28:12.0 (28579951)|HEAP_ALLOCATE|[20]|Bytes:18
14:28:12.0 (28591014)|HEAP_ALLOCATE|[EXTERNAL]|Bytes:4
14:28:12.0 (28600013)|HEAP_ALLOCATE|[19]|Bytes:5
14:28:12.0 (28607065)|HEAP_ALLOCATE|[19]|Bytes:12
14:28:12.0 (28612075)|VARIABLE_SCOPE_BEGIN|[19]|usr|User|true|false
14:28:12.0 (28622219)|VARIABLE_ASSIGNMENT|[19]|usr|{"Id":"0057F000000TrBGQA0","Name":"Ravi teja"}|0x21969563
14:28:12.0 (28627462)|STATEMENT_EXECUTE|[19]
14:28:12.0 (28628534)|STATEMENT_EXECUTE|[20]
14:28:12.0 (28633958)|HEAP_ALLOCATE|[20]|Bytes:18
14:28:12.0 (28642100)|HEAP_ALLOCATE|[EXTERNAL]|Bytes:4
14:28:12.0 (28650407)|HEAP_ALLOCATE|[19]|Bytes:5
14:28:12.0 (28658861)|HEAP_ALLOCATE|[19]|Bytes:12
14:28:12.0 (28663572)|VARIABLE_SCOPE_BEGIN|[19]|usr|User|true|false
14:28:12.0 (28673176)|VARIABLE_ASSIGNMENT|[19]|usr|{"Id":"0057F000000TrBVQA0","Name":"Yashwanth"}|0xf033ac3
14:28:12.0 (28678056)|STATEMENT_EXECUTE|[19]
14:28:12.0 (28679048)|STATEMENT_EXECUTE|[20]
14:28:12.0 (28683799)|HEAP_ALLOCATE|[20]|Bytes:18
14:28:12.0 (28692173)|HEAP_ALLOCATE|[EXTERNAL]|Bytes:4
14:28:12.0 (28700238)|HEAP_ALLOCATE|[19]|Bytes:5
14:28:12.0 (28706866)|HEAP_ALLOCATE|[19]|Bytes:12
14:28:12.0 (28710345)|VARIABLE_SCOPE_BEGIN|[19]|usr|User|true|false
14:28:12.0 (28719358)|VARIABLE_ASSIGNMENT|[19]|usr|{"Id":"0057F000000Tz0iQAC","Name":"Richa"}|0x295869d
14:28:12.0 (28729529)|STATEMENT_EXECUTE|[19]
14:28:12.0 (28730501)|STATEMENT_EXECUTE|[20]
14:28:12.0 (28735461)|HEAP_ALLOCATE|[20]|Bytes:18
14:28:12.0 (28744036)|HEAP_ALLOCATE|[EXTERNAL]|Bytes:4
14:28:12.0 (28751780)|HEAP_ALLOCATE|[19]|Bytes:5
14:28:12.0 (28758170)|HEAP_ALLOCATE|[19]|Bytes:12
14:28:12.0 (28762461)|VARIABLE_SCOPE_BEGIN|[19]|usr|User|true|false
14:28:12.0 (28771859)|VARIABLE_ASSIGNMENT|[19]|usr|{"Id":"0057F000000Tz0sQAC","Name":"Veeresh"}|0x15c1b2c9
14:28:12.0 (28776325)|STATEMENT_EXECUTE|[19]
14:28:12.0 (28777226)|STATEMENT_EXECUTE|[20]
14:28:12.0 (28781605)|HEAP_ALLOCATE|[20]|Bytes:18
14:28:12.0 (28789089)|HEAP_ALLOCATE|[EXTERNAL]|Bytes:4
14:28:12.0 (28796164)|HEAP_ALLOCATE|[19]|Bytes:5
14:28:12.0 (28804731)|VARIABLE_ASSIGNMENT|[19]|usr|null|
14:28:12.0 (28808993)|STATEMENT_EXECUTE|[23]
14:28:12.0 (28814492)|SYSTEM_MODE_EXIT|false
14:28:12.0 (28964080)|SYSTEM_MODE_ENTER|true
14:28:12.0 (30465005)|SYSTEM_MODE_ENTER|true
14:28:12.0 (30502784)|HEAP_ALLOCATE|[EXTERNAL]|Bytes:16
14:28:12.0 (30533638)|HEAP_ALLOCATE|[EXTERNAL]|Bytes:16
14:28:12.0 (30538976)|HEAP_ALLOCATE|[EXTERNAL]|Bytes:20
14:28:12.0 (30566046)|VARIABLE_ASSIGNMENT|[EXTERNAL]|this.selectedUsers|["0057F000000TpdFQAS","0057F000000TrBBQA0","0057F000000TrBGQA0"]|0x3cacadb4
14:28:12.0 (30986697)|HEAP_ALLOCATE|[EXTERNAL]|Bytes:20
14:28:12.0 (30998061)|VARIABLE_SCOPE_BEGIN|[26]|this|Project_PM_Controller|true|false
14:28:12.0 (31115746)|VARIABLE_ASSIGNMENT|[26]|this|{"controller":"StandardController [[Project__c (Client__c:a047F000002zkUjQAI, Company_project_code__c:123, Name:123)]]","project":"0xb9f902d","selectedUsers":"0x621adf15","usersList":"0x37fee0bf"}|0x3cacadb4
14:28:12.0 (31137332)|SYSTEM_MODE_ENTER|false
14:28:12.0 (31144197)|HEAP_ALLOCATE|[27]|Bytes:5
14:28:12.0 (31148506)|STATEMENT_EXECUTE|[26]
14:28:12.0 (31149831)|STATEMENT_EXECUTE|[27]
14:28:12.0 (31152931)|HEAP_ALLOCATE|[27]|Bytes:36
14:28:12.0 (31248824)|VARIABLE_ASSIGNMENT|[EXTERNAL]|this|{"controller":"StandardController [[Project__c (Client__c:a047F000002zkUjQAI, Company_project_code__c:123, Name:123)]]","project":"0xb9f902d","selectedUsers":"0x621adf15","usersList":"0x37fee0bf"}|0x3cacadb4
14:28:12.0 (31287449)|HEAP_ALLOCATE|[27]|Bytes:60
14:28:12.0 (31303279)|HEAP_ALLOCATE|[27]|Bytes:96
14:28:12.0 (31322010)|USER_DEBUG|[27]|DEBUG|------------------------------------(0057F000000TpdFQAS, 0057F000000TrBBQA0, 0057F000000TrBGQA0)
14:28:12.0 (31331770)|SYSTEM_MODE_EXIT|false
14:28:12.0 (52083493)|SYSTEM_MODE_ENTER|true
14:28:12.0 (52130337)|HEAP_ALLOCATE|[EXTERNAL]|Bytes:20
14:28:12.0 (52140542)|VARIABLE_SCOPE_BEGIN|[16]|this|Project_PM_Controller|true|false
14:28:12.0 (52289282)|VARIABLE_ASSIGNMENT|[16]|this|{"controller":"StandardController [[Project__c (Client__c:a047F000002zkUjQAI, Company_project_code__c:123, Name:123)]]","project":"0xb9f902d","selectedUsers":"0x621adf15","usersList":"0x37fee0bf"}|0x3cacadb4
14:28:12.0 (52315147)|SYSTEM_MODE_ENTER|false
14:28:12.0 (52324607)|HEAP_ALLOCATE|[18]|Bytes:5
14:28:12.0 (52330849)|STATEMENT_EXECUTE|[16]
14:28:12.0 (52332547)|STATEMENT_EXECUTE|[18]
14:28:12.0 (52352130)|HEAP_ALLOCATE|[18]|Bytes:4
14:28:12.0 (52539995)|SOQL_EXECUTE_BEGIN|[18]|Aggregations:0|SELECT Id, Name FROM User WHERE UserRoleId = '00E7F000000Mdri'
14:28:12.0 (56577181)|SOQL_EXECUTE_END|[18]|Rows:6
14:28:12.0 (56596322)|HEAP_ALLOCATE|[18]|Bytes:28
14:28:12.0 (56626589)|HEAP_ALLOCATE|[18]|Bytes:271
14:28:12.0 (56667930)|HEAP_ALLOCATE|[18]|Bytes:28
14:28:12.0 (56679627)|VARIABLE_SCOPE_BEGIN|[18]|users|List<User>|true|false
14:28:12.0 (56695880)|VARIABLE_ASSIGNMENT|[18]|users|"List of size 6 too large to display"|0x5a07e1b
14:28:12.0 (56734823)|HEAP_ALLOCATE|[19]|Bytes:5
14:28:12.0 (56751845)|HEAP_ALLOCATE|[19]|Bytes:12
14:28:12.0 (56760153)|VARIABLE_SCOPE_BEGIN|[19]|usr|User|true|false
14:28:12.0 (56783965)|VARIABLE_ASSIGNMENT|[19]|usr|{"Id":"0057F000000TpdFQAS","Name":"Mani Sasank"}|0x27f9e184
14:28:12.0 (56790308)|STATEMENT_EXECUTE|[19]
14:28:12.0 (56791693)|STATEMENT_EXECUTE|[20]
14:28:12.0 (56811375)|HEAP_ALLOCATE|[20]|Bytes:18
14:28:12.0 (56836029)|HEAP_ALLOCATE|[EXTERNAL]|Bytes:4
14:28:12.0 (56848522)|HEAP_ALLOCATE|[19]|Bytes:5
14:28:12.0 (56856600)|HEAP_ALLOCATE|[19]|Bytes:12
14:28:12.0 (56861372)|VARIABLE_SCOPE_BEGIN|[19]|usr|User|true|false
14:28:12.0 (56871877)|VARIABLE_ASSIGNMENT|[19]|usr|{"Id":"0057F000000TrBBQA0","Name":"Santhosh"}|0x1ef6668b
14:28:12.0 (56876472)|STATEMENT_EXECUTE|[19]
14:28:12.0 (56877521)|STATEMENT_EXECUTE|[20]
14:28:12.0 (56885951)|HEAP_ALLOCATE|[20]|Bytes:18
14:28:12.0 (56898329)|HEAP_ALLOCATE|[EXTERNAL]|Bytes:4
14:28:12.0 (56907511)|HEAP_ALLOCATE|[19]|Bytes:5
14:28:12.0 (56914468)|HEAP_ALLOCATE|[19]|Bytes:12
14:28:12.0 (56919158)|VARIABLE_SCOPE_BEGIN|[19]|usr|User|true|false
14:28:12.0 (56928195)|VARIABLE_ASSIGNMENT|[19]|usr|{"Id":"0057F000000TrBGQA0","Name":"Ravi teja"}|0x6547d017
14:28:12.0 (56932895)|STATEMENT_EXECUTE|[19]
14:28:12.0 (56933841)|STATEMENT_EXECUTE|[20]
14:28:12.0 (56939074)|HEAP_ALLOCATE|[20]|Bytes:18
14:28:12.0 (56947038)|HEAP_ALLOCATE|[EXTERNAL]|Bytes:4
14:28:12.0 (56954691)|HEAP_ALLOCATE|[19]|Bytes:5
14:28:12.0 (56961108)|HEAP_ALLOCATE|[19]|Bytes:12
14:28:12.0 (56965533)|VARIABLE_SCOPE_BEGIN|[19]|usr|User|true|false
14:28:12.0 (56974870)|VARIABLE_ASSIGNMENT|[19]|usr|{"Id":"0057F000000TrBVQA0","Name":"Yashwanth"}|0x5d5d357d
14:28:12.0 (56979215)|STATEMENT_EXECUTE|[19]
14:28:12.0 (56980223)|STATEMENT_EXECUTE|[20]
14:28:12.0 (56984627)|HEAP_ALLOCATE|[20]|Bytes:18
14:28:12.0 (56992391)|HEAP_ALLOCATE|[EXTERNAL]|Bytes:4
14:28:12.0 (57000013)|HEAP_ALLOCATE|[19]|Bytes:5
14:28:12.0 (57006720)|HEAP_ALLOCATE|[19]|Bytes:12
14:28:12.0 (57010828)|VARIABLE_SCOPE_BEGIN|[19]|usr|User|true|false
14:28:12.0 (57019799)|VARIABLE_ASSIGNMENT|[19]|usr|{"Id":"0057F000000Tz0iQAC","Name":"Richa"}|0x35401a93
14:28:12.0 (57024359)|STATEMENT_EXECUTE|[19]
14:28:12.0 (57025373)|STATEMENT_EXECUTE|[20]
14:28:12.0 (57029586)|HEAP_ALLOCATE|[20]|Bytes:18
14:28:12.0 (57037038)|HEAP_ALLOCATE|[EXTERNAL]|Bytes:4
14:28:12.0 (57044444)|HEAP_ALLOCATE|[19]|Bytes:5
14:28:12.0 (57051045)|HEAP_ALLOCATE|[19]|Bytes:12
14:28:12.0 (57054834)|VARIABLE_SCOPE_BEGIN|[19]|usr|User|true|false
14:28:12.0 (57063685)|VARIABLE_ASSIGNMENT|[19]|usr|{"Id":"0057F000000Tz0sQAC","Name":"Veeresh"}|0x182fe08e
14:28:12.0 (57068200)|STATEMENT_EXECUTE|[19]
14:28:12.0 (57069180)|STATEMENT_EXECUTE|[20]
14:28:12.0 (57073377)|HEAP_ALLOCATE|[20]|Bytes:18
14:28:12.0 (57080820)|HEAP_ALLOCATE|[EXTERNAL]|Bytes:4
14:28:12.0 (57088099)|HEAP_ALLOCATE|[19]|Bytes:5
14:28:12.0 (57096811)|VARIABLE_ASSIGNMENT|[19]|usr|null|
14:28:12.0 (57101938)|STATEMENT_EXECUTE|[23]
14:28:12.0 (57106586)|SYSTEM_MODE_EXIT|false
14:28:12.0 (57338087)|SYSTEM_MODE_ENTER|true
14:28:12.0 (59991764)|VF_SERIALIZE_VIEWSTATE_BEGIN|0667F000004uJm5
14:28:12.0 (62115911)|VF_SERIALIZE_VIEWSTATE_END
14:28:12.64 (64054264)|CUMULATIVE_LIMIT_USAGE
14:28:12.64 (64054264)|LIMIT_USAGE_FOR_NS|(default)|
  Number of SOQL queries: 2 out of 100
  Number of query rows: 12 out of 50000
  Number of SOSL queries: 0 out of 20
  Number of DML statements: 0 out of 150
  Number of DML rows: 0 out of 10000
  Maximum CPU time: 0 out of 10000
  Maximum heap size: 0 out of 6000000
  Number of callouts: 0 out of 100
  Number of Email Invocations: 0 out of 10
  Number of future calls: 0 out of 50
  Number of queueable jobs added to the queue: 0 out of 50
  Number of Mobile Apex push calls: 0 out of 10

14:28:12.64 (64054264)|CUMULATIVE_LIMIT_USAGE_END

14:28:12.0 (64085452)|CODE_UNIT_FINISHED|VF: /apex/PM_Project
14:28:12.0 (64885734)|EXECUTION_FINISHED
