36.0 APEX_CODE,FINEST;APEX_PROFILING,INFO;CALLOUT,INFO;DB,INFO;SYSTEM,DEBUG;VALIDATION,INFO;VISUALFORCE,INFO;WAVE,INFO;WORKFLOW,INFO
14:25:33.0 (54675)|USER_INFO|[EXTERNAL]|0057F000000Tiz6|ksb994@salesforce.com|Pacific Standard Time|GMT-08:00
14:25:33.0 (89326)|EXECUTION_STARTED
14:25:33.0 (93308)|CODE_UNIT_STARTED|[EXTERNAL]|0667F000004uJm5|VF: /apex/PM_Project
14:25:33.0 (19647382)|SYSTEM_MODE_ENTER|true
14:25:33.0 (20008638)|HEAP_ALLOCATE|[72]|Bytes:3
14:25:33.0 (20048588)|HEAP_ALLOCATE|[77]|Bytes:152
14:25:33.0 (20063055)|HEAP_ALLOCATE|[342]|Bytes:408
14:25:33.0 (20078657)|HEAP_ALLOCATE|[355]|Bytes:408
14:25:33.0 (20092714)|HEAP_ALLOCATE|[467]|Bytes:48
14:25:33.0 (20120485)|HEAP_ALLOCATE|[139]|Bytes:6
14:25:33.0 (20148383)|HEAP_ALLOCATE|[EXTERNAL]|Bytes:92
14:25:33.0 (20157272)|HEAP_ALLOCATE|[EXTERNAL]|Bytes:10
14:25:33.0 (20162498)|HEAP_ALLOCATE|[EXTERNAL]|Bytes:2
14:25:33.0 (20190906)|METHOD_ENTRY|[1]|01p7F00000EhPEd|Project_PM_Controller.Project_PM_Controller()
14:25:33.0 (20200463)|STATEMENT_EXECUTE|[1]
14:25:33.0 (20207362)|STATEMENT_EXECUTE|[1]
14:25:33.0 (20247375)|HEAP_ALLOCATE|[50]|Bytes:5
14:25:33.0 (20280548)|HEAP_ALLOCATE|[56]|Bytes:5
14:25:33.0 (20294448)|HEAP_ALLOCATE|[64]|Bytes:7
14:25:33.0 (20330068)|SYSTEM_MODE_ENTER|false
14:25:33.0 (20349974)|HEAP_ALLOCATE|[EXTERNAL]|Bytes:5
14:25:33.0 (20366726)|SYSTEM_MODE_EXIT|false
14:25:33.0 (20379532)|METHOD_EXIT|[1]|Project_PM_Controller
14:25:33.0 (20474390)|HEAP_ALLOCATE|[EXTERNAL]|Bytes:20
14:25:33.0 (20542568)|VARIABLE_SCOPE_BEGIN|[11]|this|Project_PM_Controller|true|false
14:25:33.0 (20624003)|VARIABLE_ASSIGNMENT|[11]|this|{}|0x22ace46e
14:25:33.0 (20636010)|VARIABLE_SCOPE_BEGIN|[11]|stdController|ApexPages.StandardController|true|false
14:25:33.0 (20783472)|VARIABLE_ASSIGNMENT|[11]|stdController|"StandardController [null]"|0x57dad8c
14:25:33.0 (20808565)|SYSTEM_MODE_ENTER|false
14:25:33.0 (20816174)|HEAP_ALLOCATE|[6]|Bytes:5
14:25:33.0 (20821277)|STATEMENT_EXECUTE|[1]
14:25:33.0 (20826558)|HEAP_ALLOCATE|[6]|Bytes:5
14:25:33.0 (20829477)|STATEMENT_EXECUTE|[2]
14:25:33.0 (20830813)|STATEMENT_EXECUTE|[3]
14:25:33.0 (20831765)|STATEMENT_EXECUTE|[5]
14:25:33.0 (20832648)|STATEMENT_EXECUTE|[6]
14:25:33.0 (20851670)|HEAP_ALLOCATE|[6]|Bytes:4
14:25:33.0 (20921709)|HEAP_ALLOCATE|[EXTERNAL]|Bytes:4
14:25:33.0 (20936143)|VARIABLE_ASSIGNMENT|[6]|this.usersList|[]|0x22ace46e
14:25:33.0 (20949002)|HEAP_ALLOCATE|[6]|Bytes:6
14:25:33.0 (20985963)|STATEMENT_EXECUTE|[11]
14:25:33.0 (20987668)|STATEMENT_EXECUTE|[12]
14:25:33.0 (21077667)|VARIABLE_ASSIGNMENT|[12]|this.controller|"StandardController [null]"|0x22ace46e
14:25:33.0 (21086784)|STATEMENT_EXECUTE|[13]
14:25:33.0 (21205405)|HEAP_ALLOCATE|[13]|Bytes:4
14:25:33.0 (21235369)|VARIABLE_ASSIGNMENT|[13]|this.project|{}|0x22ace46e
14:25:33.0 (21242916)|SYSTEM_MODE_EXIT|false
14:25:33.0 (42379019)|SYSTEM_MODE_ENTER|true
14:25:33.0 (42428903)|HEAP_ALLOCATE|[EXTERNAL]|Bytes:20
14:25:33.0 (42518246)|VARIABLE_SCOPE_BEGIN|[16]|this|Project_PM_Controller|true|false
14:25:33.0 (42669498)|VARIABLE_ASSIGNMENT|[16]|this|{"controller":"StandardController [[Project__c (]]","project":"0x3aeb4fce","usersList":"0x4469758a"}|0x22ace46e
14:25:33.0 (42697965)|SYSTEM_MODE_ENTER|false
14:25:33.0 (42707635)|HEAP_ALLOCATE|[17]|Bytes:5
14:25:33.0 (42712849)|STATEMENT_EXECUTE|[16]
14:25:33.0 (42714329)|STATEMENT_EXECUTE|[17]
14:25:33.0 (42727815)|HEAP_ALLOCATE|[17]|Bytes:4
14:25:33.0 (42869830)|VARIABLE_ASSIGNMENT|[EXTERNAL]|this|{"controller":"StandardController [[Project__c (]]","project":"0x3aeb4fce","usersList":"0x4469758a"}|0x22ace46e
14:25:33.0 (42902481)|HEAP_ALLOCATE|[EXTERNAL]|Bytes:4
14:25:33.0 (42912946)|VARIABLE_ASSIGNMENT|[EXTERNAL]|value|[]|0x3e7c47fa
14:25:33.0 (42926650)|VARIABLE_ASSIGNMENT|[5]|this.selectedUsers|[]|0x22ace46e
14:25:33.0 (42937213)|STATEMENT_EXECUTE|[18]
14:25:33.0 (42941252)|HEAP_ALLOCATE|[18]|Bytes:62
14:25:33.0 (42961027)|HEAP_ALLOCATE|[18]|Bytes:4
14:25:33.0 (43191824)|SOQL_EXECUTE_BEGIN|[18]|Aggregations:0|SELECT Id, Name FROM User WHERE UserRoleId = '00E7F000000Mdri'
14:25:33.0 (48657121)|SOQL_EXECUTE_END|[18]|Rows:6
14:25:33.0 (48677710)|HEAP_ALLOCATE|[18]|Bytes:28
14:25:33.0 (48700570)|HEAP_ALLOCATE|[18]|Bytes:271
14:25:33.0 (48768843)|HEAP_ALLOCATE|[18]|Bytes:28
14:25:33.0 (48782372)|VARIABLE_SCOPE_BEGIN|[18]|users|List<User>|true|false
14:25:33.0 (48798752)|VARIABLE_ASSIGNMENT|[18]|users|"List of size 6 too large to display"|0x59d8c2bb
14:25:33.0 (48992438)|HEAP_ALLOCATE|[19]|Bytes:5
14:25:33.0 (49014257)|HEAP_ALLOCATE|[19]|Bytes:12
14:25:33.0 (49024604)|VARIABLE_SCOPE_BEGIN|[19]|usr|User|true|false
14:25:33.0 (49040191)|VARIABLE_ASSIGNMENT|[19]|usr|{"Id":"0057F000000TpdFQAS","Name":"Mani Sasank"}|0x84949ce
14:25:33.0 (49046320)|STATEMENT_EXECUTE|[19]
14:25:33.0 (49047854)|STATEMENT_EXECUTE|[20]
14:25:33.0 (49093734)|HEAP_ALLOCATE|[20]|Bytes:18
14:25:33.0 (49163864)|HEAP_ALLOCATE|[EXTERNAL]|Bytes:4
14:25:33.0 (49181828)|HEAP_ALLOCATE|[19]|Bytes:5
14:25:33.0 (49192152)|HEAP_ALLOCATE|[19]|Bytes:12
14:25:33.0 (49198967)|VARIABLE_SCOPE_BEGIN|[19]|usr|User|true|false
14:25:33.0 (49212512)|VARIABLE_ASSIGNMENT|[19]|usr|{"Id":"0057F000000TrBBQA0","Name":"Santhosh"}|0x659b366f
14:25:33.0 (49217718)|STATEMENT_EXECUTE|[19]
14:25:33.0 (49218996)|STATEMENT_EXECUTE|[20]
14:25:33.0 (49229482)|HEAP_ALLOCATE|[20]|Bytes:18
14:25:33.0 (49243089)|HEAP_ALLOCATE|[EXTERNAL]|Bytes:4
14:25:33.0 (49253680)|HEAP_ALLOCATE|[19]|Bytes:5
14:25:33.0 (49261663)|HEAP_ALLOCATE|[19]|Bytes:12
14:25:33.0 (49266890)|VARIABLE_SCOPE_BEGIN|[19]|usr|User|true|false
14:25:33.0 (49277506)|VARIABLE_ASSIGNMENT|[19]|usr|{"Id":"0057F000000TrBGQA0","Name":"Ravi teja"}|0x2842a38e
14:25:33.0 (49282171)|STATEMENT_EXECUTE|[19]
14:25:33.0 (49283231)|STATEMENT_EXECUTE|[20]
14:25:33.0 (49290031)|HEAP_ALLOCATE|[20]|Bytes:18
14:25:33.0 (49300676)|HEAP_ALLOCATE|[EXTERNAL]|Bytes:4
14:25:33.0 (49310159)|HEAP_ALLOCATE|[19]|Bytes:5
14:25:33.0 (49317541)|HEAP_ALLOCATE|[19]|Bytes:12
14:25:33.0 (49322367)|VARIABLE_SCOPE_BEGIN|[19]|usr|User|true|false
14:25:33.0 (49332552)|VARIABLE_ASSIGNMENT|[19]|usr|{"Id":"0057F000000TrBVQA0","Name":"Yashwanth"}|0x3baf7e04
14:25:33.0 (49336977)|STATEMENT_EXECUTE|[19]
14:25:33.0 (49338075)|STATEMENT_EXECUTE|[20]
14:25:33.0 (49344045)|HEAP_ALLOCATE|[20]|Bytes:18
14:25:33.0 (49354205)|HEAP_ALLOCATE|[EXTERNAL]|Bytes:4
14:25:33.0 (49365677)|HEAP_ALLOCATE|[19]|Bytes:5
14:25:33.0 (49373071)|HEAP_ALLOCATE|[19]|Bytes:12
14:25:33.0 (49378184)|VARIABLE_SCOPE_BEGIN|[19]|usr|User|true|false
14:25:33.0 (49388609)|VARIABLE_ASSIGNMENT|[19]|usr|{"Id":"0057F000000Tz0iQAC","Name":"Richa"}|0x796a5786
14:25:33.0 (49393369)|STATEMENT_EXECUTE|[19]
14:25:33.0 (49394442)|STATEMENT_EXECUTE|[20]
14:25:33.0 (49401144)|HEAP_ALLOCATE|[20]|Bytes:18
14:25:33.0 (49410583)|HEAP_ALLOCATE|[EXTERNAL]|Bytes:4
14:25:33.0 (49424016)|HEAP_ALLOCATE|[19]|Bytes:5
14:25:33.0 (49431621)|HEAP_ALLOCATE|[19]|Bytes:12
14:25:33.0 (49436704)|VARIABLE_SCOPE_BEGIN|[19]|usr|User|true|false
14:25:33.0 (49446843)|VARIABLE_ASSIGNMENT|[19]|usr|{"Id":"0057F000000Tz0sQAC","Name":"Veeresh"}|0x45fe3e8a
14:25:33.0 (49451128)|STATEMENT_EXECUTE|[19]
14:25:33.0 (49452202)|STATEMENT_EXECUTE|[20]
14:25:33.0 (49458457)|HEAP_ALLOCATE|[20]|Bytes:18
14:25:33.0 (49468165)|HEAP_ALLOCATE|[EXTERNAL]|Bytes:4
14:25:33.0 (49477147)|HEAP_ALLOCATE|[19]|Bytes:5
14:25:33.0 (49486218)|VARIABLE_ASSIGNMENT|[19]|usr|null|
14:25:33.0 (49490636)|STATEMENT_EXECUTE|[23]
14:25:33.0 (49497573)|SYSTEM_MODE_EXIT|false
14:25:33.0 (49736971)|SYSTEM_MODE_ENTER|true
14:25:33.0 (52350342)|VF_SERIALIZE_VIEWSTATE_BEGIN|0667F000004uJm5
14:25:33.0 (54459585)|VF_SERIALIZE_VIEWSTATE_END
14:25:33.56 (56471412)|CUMULATIVE_LIMIT_USAGE
14:25:33.56 (56471412)|LIMIT_USAGE_FOR_NS|(default)|
  Number of SOQL queries: 1 out of 100
  Number of query rows: 6 out of 50000
  Number of SOSL queries: 0 out of 20
  Number of DML statements: 0 out of 150
  Number of DML rows: 0 out of 10000
  Maximum CPU time: 0 out of 10000
  Maximum heap size: 0 out of 6000000
  Number of callouts: 0 out of 100
  Number of Email Invocations: 0 out of 10
  Number of future calls: 0 out of 50
  Number of queueable jobs added to the queue: 0 out of 50
  Number of Mobile Apex push calls: 0 out of 10

14:25:33.56 (56471412)|CUMULATIVE_LIMIT_USAGE_END

14:25:33.0 (56504134)|CODE_UNIT_FINISHED|VF: /apex/PM_Project
14:25:33.0 (57235778)|EXECUTION_FINISHED
