36.0 APEX_CODE,FINEST;APEX_PROFILING,INFO;CALLOUT,INFO;DB,INFO;SYSTEM,DEBUG;VALIDATION,INFO;VISUALFORCE,INFO;WAVE,INFO;WORKFLOW,INFO
14:04:39.0 (350529)|USER_INFO|[EXTERNAL]|0057F000000Tiz6|ksb994@salesforce.com|Pacific Standard Time|GMT-08:00
14:04:39.0 (380719)|EXECUTION_STARTED
14:04:39.0 (384121)|CODE_UNIT_STARTED|[EXTERNAL]|0667F000004uJm5|VF: /apex/PM_Project
14:04:39.0 (18886613)|SYSTEM_MODE_ENTER|true
14:04:39.0 (19234492)|HEAP_ALLOCATE|[72]|Bytes:3
14:04:39.0 (19304035)|HEAP_ALLOCATE|[77]|Bytes:152
14:04:39.0 (19328555)|HEAP_ALLOCATE|[342]|Bytes:408
14:04:39.0 (19346237)|HEAP_ALLOCATE|[355]|Bytes:408
14:04:39.0 (19360467)|HEAP_ALLOCATE|[467]|Bytes:48
14:04:39.0 (19391547)|HEAP_ALLOCATE|[139]|Bytes:6
14:04:39.0 (19406437)|HEAP_ALLOCATE|[EXTERNAL]|Bytes:92
14:04:39.0 (19412238)|HEAP_ALLOCATE|[EXTERNAL]|Bytes:7
14:04:39.0 (19415968)|HEAP_ALLOCATE|[EXTERNAL]|Bytes:2
14:04:39.0 (19435300)|METHOD_ENTRY|[1]|01p7F00000EhPEd|Project_PM_Controller.Project_PM_Controller()
14:04:39.0 (19441832)|STATEMENT_EXECUTE|[1]
14:04:39.0 (19445604)|STATEMENT_EXECUTE|[1]
14:04:39.0 (19474706)|HEAP_ALLOCATE|[50]|Bytes:5
14:04:39.0 (19496403)|HEAP_ALLOCATE|[56]|Bytes:5
14:04:39.0 (19503774)|HEAP_ALLOCATE|[64]|Bytes:7
14:04:39.0 (19525576)|SYSTEM_MODE_ENTER|false
14:04:39.0 (19537714)|HEAP_ALLOCATE|[EXTERNAL]|Bytes:5
14:04:39.0 (19547505)|SYSTEM_MODE_EXIT|false
14:04:39.0 (19557469)|METHOD_EXIT|[1]|Project_PM_Controller
14:04:39.0 (19634709)|HEAP_ALLOCATE|[EXTERNAL]|Bytes:20
14:04:39.0 (19684887)|VARIABLE_SCOPE_BEGIN|[11]|this|Project_PM_Controller|true|false
14:04:39.0 (19748629)|VARIABLE_ASSIGNMENT|[11]|this|{}|0x3a8e8005
14:04:39.0 (19757331)|VARIABLE_SCOPE_BEGIN|[11]|stdController|ApexPages.StandardController|true|false
14:04:39.0 (19902654)|VARIABLE_ASSIGNMENT|[11]|stdController|"StandardController [null]"|0x2add165d
14:04:39.0 (19926616)|SYSTEM_MODE_ENTER|false
14:04:39.0 (19933493)|HEAP_ALLOCATE|[6]|Bytes:5
14:04:39.0 (19938002)|STATEMENT_EXECUTE|[1]
14:04:39.0 (19942632)|HEAP_ALLOCATE|[6]|Bytes:5
14:04:39.0 (19945291)|STATEMENT_EXECUTE|[2]
14:04:39.0 (19946647)|STATEMENT_EXECUTE|[3]
14:04:39.0 (19947591)|STATEMENT_EXECUTE|[5]
14:04:39.0 (19948551)|STATEMENT_EXECUTE|[6]
14:04:39.0 (19962678)|HEAP_ALLOCATE|[6]|Bytes:4
14:04:39.0 (20024556)|HEAP_ALLOCATE|[EXTERNAL]|Bytes:4
14:04:39.0 (20039816)|VARIABLE_ASSIGNMENT|[6]|this.usersList|[]|0x3a8e8005
14:04:39.0 (20052128)|HEAP_ALLOCATE|[6]|Bytes:6
14:04:39.0 (20085726)|STATEMENT_EXECUTE|[11]
14:04:39.0 (20087552)|STATEMENT_EXECUTE|[12]
14:04:39.0 (20170411)|VARIABLE_ASSIGNMENT|[12]|this.controller|"StandardController [null]"|0x3a8e8005
14:04:39.0 (20178616)|STATEMENT_EXECUTE|[13]
14:04:39.0 (20305596)|HEAP_ALLOCATE|[13]|Bytes:4
14:04:39.0 (20334591)|VARIABLE_ASSIGNMENT|[13]|this.project|{}|0x3a8e8005
14:04:39.0 (20342044)|SYSTEM_MODE_EXIT|false
14:04:39.0 (44255728)|SYSTEM_MODE_ENTER|true
14:04:39.0 (44311649)|HEAP_ALLOCATE|[EXTERNAL]|Bytes:20
14:04:39.0 (44374426)|VARIABLE_SCOPE_BEGIN|[16]|this|Project_PM_Controller|true|false
14:04:39.0 (44566468)|VARIABLE_ASSIGNMENT|[16]|this|{"controller":"StandardController [[Project__c (]]","project":"0x75783c9f","usersList":"0x1e494f67"}|0x3a8e8005
14:04:39.0 (44592877)|SYSTEM_MODE_ENTER|false
14:04:39.0 (44600636)|HEAP_ALLOCATE|[18]|Bytes:5
14:04:39.0 (44606027)|STATEMENT_EXECUTE|[16]
14:04:39.0 (44607634)|STATEMENT_EXECUTE|[18]
14:04:39.0 (44610833)|HEAP_ALLOCATE|[18]|Bytes:25
14:04:39.0 (44630091)|HEAP_ALLOCATE|[18]|Bytes:4
14:04:39.0 (44801333)|SOQL_EXECUTE_BEGIN|[18]|Aggregations:0|SELECT Id, Name FROM User
14:04:39.0 (55569762)|SOQL_EXECUTE_END|[18]|Rows:20
14:04:39.0 (55591619)|HEAP_ALLOCATE|[18]|Bytes:84
14:04:39.0 (55629610)|HEAP_ALLOCATE|[18]|Bytes:958
14:04:39.0 (55704215)|HEAP_ALLOCATE|[18]|Bytes:84
14:04:39.0 (55716631)|HEAP_ALLOCATE|[18]|Bytes:30
14:04:39.0 (55803415)|HEAP_ALLOCATE|[18]|Bytes:54
14:04:39.0 (55817978)|SYSTEM_MODE_EXIT|false
14:04:39.0 (55927659)|FATAL_ERROR|System.QueryException: List has more than 1 row for assignment to SObject

Class.Project_PM_Controller.getUsersList: line 18, column 1
14:04:39.147 (147351071)|CUMULATIVE_LIMIT_USAGE
14:04:39.147 (147351071)|LIMIT_USAGE_FOR_NS|(default)|
  Number of SOQL queries: 1 out of 100
  Number of query rows: 20 out of 50000
  Number of SOSL queries: 0 out of 20
  Number of DML statements: 0 out of 150
  Number of DML rows: 0 out of 10000
  Maximum CPU time: 0 out of 10000
  Maximum heap size: 0 out of 6000000
  Number of callouts: 0 out of 100
  Number of Email Invocations: 0 out of 10
  Number of future calls: 0 out of 50
  Number of queueable jobs added to the queue: 0 out of 50
  Number of Mobile Apex push calls: 0 out of 10

14:04:39.147 (147351071)|CUMULATIVE_LIMIT_USAGE_END

14:04:39.0 (147398352)|CODE_UNIT_FINISHED|VF: /apex/PM_Project
14:04:39.0 (148152158)|EXECUTION_FINISHED
