36.0 APEX_CODE,FINEST;APEX_PROFILING,INFO;CALLOUT,INFO;DB,INFO;SYSTEM,DEBUG;VALIDATION,INFO;VISUALFORCE,INFO;WAVE,INFO;WORKFLOW,INFO
14:26:48.0 (48815)|USER_INFO|[EXTERNAL]|0057F000000Tiz6|ksb994@salesforce.com|Pacific Standard Time|GMT-08:00
14:26:48.0 (78784)|EXECUTION_STARTED
14:26:48.0 (82062)|CODE_UNIT_STARTED|[EXTERNAL]|0667F000004uJm5|VF: /apex/PM_Project
14:26:48.0 (242397)|VF_DESERIALIZE_VIEWSTATE_BEGIN|0667F000004uJm5
14:26:48.0 (6304284)|HEAP_ALLOCATE|[72]|Bytes:3
14:26:48.0 (6343810)|HEAP_ALLOCATE|[77]|Bytes:152
14:26:48.0 (6357030)|HEAP_ALLOCATE|[342]|Bytes:408
14:26:48.0 (6371373)|HEAP_ALLOCATE|[355]|Bytes:408
14:26:48.0 (6385409)|HEAP_ALLOCATE|[467]|Bytes:48
14:26:48.0 (6411908)|HEAP_ALLOCATE|[139]|Bytes:6
14:26:48.0 (8274781)|VF_DESERIALIZE_VIEWSTATE_END
14:26:48.0 (27104262)|SYSTEM_MODE_ENTER|true
14:26:48.0 (27141259)|HEAP_ALLOCATE|[EXTERNAL]|Bytes:92
14:26:48.0 (27152387)|HEAP_ALLOCATE|[EXTERNAL]|Bytes:10
14:26:48.0 (27156693)|HEAP_ALLOCATE|[EXTERNAL]|Bytes:2
14:26:48.0 (27169631)|METHOD_ENTRY|[1]|01p7F00000EhPEd|Project_PM_Controller.Project_PM_Controller()
14:26:48.0 (27175306)|STATEMENT_EXECUTE|[1]
14:26:48.0 (27180036)|STATEMENT_EXECUTE|[1]
14:26:48.0 (27213818)|HEAP_ALLOCATE|[50]|Bytes:5
14:26:48.0 (27238879)|HEAP_ALLOCATE|[56]|Bytes:5
14:26:48.0 (27247234)|HEAP_ALLOCATE|[64]|Bytes:7
14:26:48.0 (27273002)|SYSTEM_MODE_ENTER|false
14:26:48.0 (27283341)|HEAP_ALLOCATE|[EXTERNAL]|Bytes:5
14:26:48.0 (27290648)|SYSTEM_MODE_EXIT|false
14:26:48.0 (27297496)|METHOD_EXIT|[1]|Project_PM_Controller
14:26:48.28 (28167612)|HEAP_ALLOCATE|[EXTERNAL]|Bytes:-4
14:26:48.28 (28747146)|HEAP_ALLOCATE|[EXTERNAL]|Bytes:-4
14:26:48.28 (28847268)|HEAP_ALLOCATE|[EXTERNAL]|Bytes:-4
14:26:48.0 (29307073)|SYSTEM_MODE_ENTER|true
14:26:48.0 (29338276)|HEAP_ALLOCATE|[EXTERNAL]|Bytes:4
14:26:48.0 (29373388)|HEAP_ALLOCATE|[EXTERNAL]|Bytes:4
14:26:48.0 (29382658)|HEAP_ALLOCATE|[EXTERNAL]|Bytes:20
14:26:48.0 (29406828)|VARIABLE_ASSIGNMENT|[EXTERNAL]|this.selectedUsers|[]|0x129cd4c2
14:26:48.0 (30123916)|HEAP_ALLOCATE|[EXTERNAL]|Bytes:20
14:26:48.0 (30137635)|VARIABLE_SCOPE_BEGIN|[26]|this|Project_PM_Controller|true|false
14:26:48.0 (30313380)|VARIABLE_ASSIGNMENT|[26]|this|{"controller":"StandardController [[Project__c (Client__c:a047F000002zkUjQAI, Company_project_code__c:987, Name:987)]]","project":"0x7c1c168a","selectedUsers":"0x4d86a641","usersList":"0x40bf3420"}|0x129cd4c2
14:26:48.0 (30343620)|SYSTEM_MODE_ENTER|false
14:26:48.0 (30351365)|HEAP_ALLOCATE|[27]|Bytes:5
14:26:48.0 (30356365)|STATEMENT_EXECUTE|[26]
14:26:48.0 (30357790)|STATEMENT_EXECUTE|[27]
14:26:48.0 (30361551)|HEAP_ALLOCATE|[27]|Bytes:36
14:26:48.0 (30481847)|VARIABLE_ASSIGNMENT|[EXTERNAL]|this|{"controller":"StandardController [[Project__c (Client__c:a047F000002zkUjQAI, Company_project_code__c:987, Name:987)]]","project":"0x7c1c168a","selectedUsers":"0x4d86a641","usersList":"0x40bf3420"}|0x129cd4c2
14:26:48.0 (30537371)|HEAP_ALLOCATE|[27]|Bytes:2
14:26:48.0 (30555515)|HEAP_ALLOCATE|[27]|Bytes:38
14:26:48.0 (30575864)|USER_DEBUG|[27]|DEBUG|------------------------------------()
14:26:48.0 (30587393)|SYSTEM_MODE_EXIT|false
14:26:48.0 (56294001)|SYSTEM_MODE_ENTER|true
14:26:48.0 (56370896)|HEAP_ALLOCATE|[EXTERNAL]|Bytes:20
14:26:48.0 (56386855)|VARIABLE_SCOPE_BEGIN|[16]|this|Project_PM_Controller|true|false
14:26:48.0 (56594736)|VARIABLE_ASSIGNMENT|[16]|this|{"controller":"StandardController [[Project__c (Client__c:a047F000002zkUjQAI, Company_project_code__c:987, Name:987)]]","project":"0x7c1c168a","selectedUsers":"0x4d86a641","usersList":"0x40bf3420"}|0x129cd4c2
14:26:48.0 (56629060)|SYSTEM_MODE_ENTER|false
14:26:48.0 (56638640)|HEAP_ALLOCATE|[18]|Bytes:5
14:26:48.0 (56649444)|STATEMENT_EXECUTE|[16]
14:26:48.0 (56651291)|STATEMENT_EXECUTE|[18]
14:26:48.0 (56655668)|HEAP_ALLOCATE|[18]|Bytes:62
14:26:48.0 (56678953)|HEAP_ALLOCATE|[18]|Bytes:4
14:26:48.0 (58003594)|SOQL_EXECUTE_BEGIN|[18]|Aggregations:0|SELECT Id, Name FROM User WHERE UserRoleId = '00E7F000000Mdri'
14:26:48.0 (61974984)|SOQL_EXECUTE_END|[18]|Rows:6
14:26:48.0 (61997101)|HEAP_ALLOCATE|[18]|Bytes:28
14:26:48.0 (62021044)|HEAP_ALLOCATE|[18]|Bytes:271
14:26:48.0 (62097581)|HEAP_ALLOCATE|[18]|Bytes:28
14:26:48.0 (62113201)|VARIABLE_SCOPE_BEGIN|[18]|users|List<User>|true|false
14:26:48.0 (62132112)|VARIABLE_ASSIGNMENT|[18]|users|"List of size 6 too large to display"|0x3815b290
14:26:48.0 (62333072)|HEAP_ALLOCATE|[19]|Bytes:5
14:26:48.0 (62356279)|HEAP_ALLOCATE|[19]|Bytes:12
14:26:48.0 (62365353)|VARIABLE_SCOPE_BEGIN|[19]|usr|User|true|false
14:26:48.0 (62382139)|VARIABLE_ASSIGNMENT|[19]|usr|{"Id":"0057F000000TpdFQAS","Name":"Mani Sasank"}|0x1bc1c0a
14:26:48.0 (62389557)|STATEMENT_EXECUTE|[19]
14:26:48.0 (62391083)|STATEMENT_EXECUTE|[20]
14:26:48.0 (62438080)|HEAP_ALLOCATE|[20]|Bytes:18
14:26:48.0 (62512303)|HEAP_ALLOCATE|[EXTERNAL]|Bytes:4
14:26:48.0 (62532072)|HEAP_ALLOCATE|[19]|Bytes:5
14:26:48.0 (62543113)|HEAP_ALLOCATE|[19]|Bytes:12
14:26:48.0 (62549865)|VARIABLE_SCOPE_BEGIN|[19]|usr|User|true|false
14:26:48.0 (62563585)|VARIABLE_ASSIGNMENT|[19]|usr|{"Id":"0057F000000TrBBQA0","Name":"Santhosh"}|0x22c044f9
14:26:48.0 (62569343)|STATEMENT_EXECUTE|[19]
14:26:48.0 (62570553)|STATEMENT_EXECUTE|[20]
14:26:48.0 (62580850)|HEAP_ALLOCATE|[20]|Bytes:18
14:26:48.0 (62594466)|HEAP_ALLOCATE|[EXTERNAL]|Bytes:4
14:26:48.0 (62605712)|HEAP_ALLOCATE|[19]|Bytes:5
14:26:48.0 (62614059)|HEAP_ALLOCATE|[19]|Bytes:12
14:26:48.0 (62619444)|VARIABLE_SCOPE_BEGIN|[19]|usr|User|true|false
14:26:48.0 (62630463)|VARIABLE_ASSIGNMENT|[19]|usr|{"Id":"0057F000000TrBGQA0","Name":"Ravi teja"}|0x4fc24942
14:26:48.0 (62635491)|STATEMENT_EXECUTE|[19]
14:26:48.0 (62636623)|STATEMENT_EXECUTE|[20]
14:26:48.0 (62643001)|HEAP_ALLOCATE|[20]|Bytes:18
14:26:48.0 (62660892)|HEAP_ALLOCATE|[EXTERNAL]|Bytes:4
14:26:48.0 (62671183)|HEAP_ALLOCATE|[19]|Bytes:5
14:26:48.0 (62679960)|HEAP_ALLOCATE|[19]|Bytes:12
14:26:48.0 (62685273)|VARIABLE_SCOPE_BEGIN|[19]|usr|User|true|false
14:26:48.0 (62695949)|VARIABLE_ASSIGNMENT|[19]|usr|{"Id":"0057F000000TrBVQA0","Name":"Yashwanth"}|0x33045dc4
14:26:48.0 (62700846)|STATEMENT_EXECUTE|[19]
14:26:48.0 (62701960)|STATEMENT_EXECUTE|[20]
14:26:48.0 (62707603)|HEAP_ALLOCATE|[20]|Bytes:18
14:26:48.0 (62717177)|HEAP_ALLOCATE|[EXTERNAL]|Bytes:4
14:26:48.0 (62727109)|HEAP_ALLOCATE|[19]|Bytes:5
14:26:48.0 (62734247)|HEAP_ALLOCATE|[19]|Bytes:12
14:26:48.0 (62738805)|VARIABLE_SCOPE_BEGIN|[19]|usr|User|true|false
14:26:48.0 (62748952)|VARIABLE_ASSIGNMENT|[19]|usr|{"Id":"0057F000000Tz0iQAC","Name":"Richa"}|0x52395be2
14:26:48.0 (62753727)|STATEMENT_EXECUTE|[19]
14:26:48.0 (62754878)|STATEMENT_EXECUTE|[20]
14:26:48.0 (62760453)|HEAP_ALLOCATE|[20]|Bytes:18
14:26:48.0 (62769481)|HEAP_ALLOCATE|[EXTERNAL]|Bytes:4
14:26:48.0 (62778693)|HEAP_ALLOCATE|[19]|Bytes:5
14:26:48.0 (62785483)|HEAP_ALLOCATE|[19]|Bytes:12
14:26:48.0 (62789985)|VARIABLE_SCOPE_BEGIN|[19]|usr|User|true|false
14:26:48.0 (62800402)|VARIABLE_ASSIGNMENT|[19]|usr|{"Id":"0057F000000Tz0sQAC","Name":"Veeresh"}|0x727e2ad0
14:26:48.0 (62805077)|STATEMENT_EXECUTE|[19]
14:26:48.0 (62806201)|STATEMENT_EXECUTE|[20]
14:26:48.0 (62811537)|HEAP_ALLOCATE|[20]|Bytes:18
14:26:48.0 (62820536)|HEAP_ALLOCATE|[EXTERNAL]|Bytes:4
14:26:48.0 (62829433)|HEAP_ALLOCATE|[19]|Bytes:5
14:26:48.0 (62837935)|VARIABLE_ASSIGNMENT|[19]|usr|null|
14:26:48.0 (62842923)|STATEMENT_EXECUTE|[23]
14:26:48.0 (62850504)|SYSTEM_MODE_EXIT|false
14:26:48.0 (63107490)|SYSTEM_MODE_ENTER|true
14:26:48.0 (66224172)|VF_SERIALIZE_VIEWSTATE_BEGIN|0667F000004uJm5
14:26:48.0 (68468907)|VF_SERIALIZE_VIEWSTATE_END
14:26:48.70 (70624474)|CUMULATIVE_LIMIT_USAGE
14:26:48.70 (70624474)|LIMIT_USAGE_FOR_NS|(default)|
  Number of SOQL queries: 1 out of 100
  Number of query rows: 6 out of 50000
  Number of SOSL queries: 0 out of 20
  Number of DML statements: 0 out of 150
  Number of DML rows: 0 out of 10000
  Maximum CPU time: 0 out of 10000
  Maximum heap size: 0 out of 6000000
  Number of callouts: 0 out of 100
  Number of Email Invocations: 0 out of 10
  Number of future calls: 0 out of 50
  Number of queueable jobs added to the queue: 0 out of 50
  Number of Mobile Apex push calls: 0 out of 10

14:26:48.70 (70624474)|CUMULATIVE_LIMIT_USAGE_END

14:26:48.0 (70661478)|CODE_UNIT_FINISHED|VF: /apex/PM_Project
14:26:48.0 (71398188)|EXECUTION_FINISHED
