36.0 APEX_CODE,FINEST;APEX_PROFILING,INFO;CALLOUT,INFO;DB,INFO;SYSTEM,DEBUG;VALIDATION,INFO;VISUALFORCE,INFO;WAVE,INFO;WORKFLOW,INFO
14:27:37.0 (298801)|USER_INFO|[EXTERNAL]|0057F000000Tiz6|ksb994@salesforce.com|Pacific Standard Time|GMT-08:00
14:27:37.0 (334154)|EXECUTION_STARTED
14:27:37.0 (339175)|CODE_UNIT_STARTED|[EXTERNAL]|0667F000004uJm5|VF: /apex/PM_Project
14:27:37.0 (19260482)|SYSTEM_MODE_ENTER|true
14:27:37.0 (19638246)|HEAP_ALLOCATE|[72]|Bytes:3
14:27:37.0 (19732590)|HEAP_ALLOCATE|[77]|Bytes:152
14:27:37.0 (19753388)|HEAP_ALLOCATE|[342]|Bytes:408
14:27:37.0 (19775446)|HEAP_ALLOCATE|[355]|Bytes:408
14:27:37.0 (19796777)|HEAP_ALLOCATE|[467]|Bytes:48
14:27:37.0 (19876054)|HEAP_ALLOCATE|[139]|Bytes:6
14:27:37.0 (19899710)|HEAP_ALLOCATE|[EXTERNAL]|Bytes:92
14:27:37.0 (19929117)|HEAP_ALLOCATE|[EXTERNAL]|Bytes:10
14:27:37.0 (19934090)|HEAP_ALLOCATE|[EXTERNAL]|Bytes:2
14:27:37.0 (19975700)|METHOD_ENTRY|[1]|01p7F00000EhPEd|Project_PM_Controller.Project_PM_Controller()
14:27:37.0 (19985098)|STATEMENT_EXECUTE|[1]
14:27:37.0 (19991180)|STATEMENT_EXECUTE|[1]
14:27:37.0 (20031042)|HEAP_ALLOCATE|[50]|Bytes:5
14:27:37.0 (20064198)|HEAP_ALLOCATE|[56]|Bytes:5
14:27:37.0 (20076330)|HEAP_ALLOCATE|[64]|Bytes:7
14:27:37.0 (20126403)|SYSTEM_MODE_ENTER|false
14:27:37.0 (20299242)|HEAP_ALLOCATE|[EXTERNAL]|Bytes:5
14:27:37.0 (20311329)|SYSTEM_MODE_EXIT|false
14:27:37.0 (20338023)|METHOD_EXIT|[1]|Project_PM_Controller
14:27:37.0 (20426527)|HEAP_ALLOCATE|[EXTERNAL]|Bytes:20
14:27:37.0 (20490010)|VARIABLE_SCOPE_BEGIN|[11]|this|Project_PM_Controller|true|false
14:27:37.0 (20686886)|VARIABLE_ASSIGNMENT|[11]|this|{}|0x6916f081
14:27:37.0 (20699349)|VARIABLE_SCOPE_BEGIN|[11]|stdController|ApexPages.StandardController|true|false
14:27:37.0 (20837393)|VARIABLE_ASSIGNMENT|[11]|stdController|"StandardController [null]"|0x36c2b7e0
14:27:37.0 (20860551)|SYSTEM_MODE_ENTER|false
14:27:37.0 (20867747)|HEAP_ALLOCATE|[6]|Bytes:5
14:27:37.0 (20872789)|STATEMENT_EXECUTE|[1]
14:27:37.0 (20877726)|HEAP_ALLOCATE|[6]|Bytes:5
14:27:37.0 (20880296)|STATEMENT_EXECUTE|[2]
14:27:37.0 (20894257)|STATEMENT_EXECUTE|[3]
14:27:37.0 (20895245)|STATEMENT_EXECUTE|[5]
14:27:37.0 (20896043)|STATEMENT_EXECUTE|[6]
14:27:37.0 (20913939)|HEAP_ALLOCATE|[6]|Bytes:4
14:27:37.0 (20992299)|HEAP_ALLOCATE|[EXTERNAL]|Bytes:4
14:27:37.0 (21006931)|VARIABLE_ASSIGNMENT|[6]|this.usersList|[]|0x6916f081
14:27:37.0 (21020279)|HEAP_ALLOCATE|[6]|Bytes:6
14:27:37.0 (21052243)|STATEMENT_EXECUTE|[11]
14:27:37.0 (21054104)|STATEMENT_EXECUTE|[12]
14:27:37.0 (21140504)|VARIABLE_ASSIGNMENT|[12]|this.controller|"StandardController [null]"|0x6916f081
14:27:37.0 (21147965)|STATEMENT_EXECUTE|[13]
14:27:37.0 (21264784)|HEAP_ALLOCATE|[13]|Bytes:4
14:27:37.0 (21292429)|VARIABLE_ASSIGNMENT|[13]|this.project|{}|0x6916f081
14:27:37.0 (21298979)|SYSTEM_MODE_EXIT|false
14:27:37.0 (43035461)|SYSTEM_MODE_ENTER|true
14:27:37.0 (43087735)|HEAP_ALLOCATE|[EXTERNAL]|Bytes:20
14:27:37.0 (43174726)|VARIABLE_SCOPE_BEGIN|[16]|this|Project_PM_Controller|true|false
14:27:37.0 (43327055)|VARIABLE_ASSIGNMENT|[16]|this|{"controller":"StandardController [[Project__c (]]","project":"0x2f2b9fe8","usersList":"0x5a1b1ed0"}|0x6916f081
14:27:37.0 (43350969)|SYSTEM_MODE_ENTER|false
14:27:37.0 (43359984)|HEAP_ALLOCATE|[18]|Bytes:5
14:27:37.0 (43364587)|STATEMENT_EXECUTE|[16]
14:27:37.0 (43366282)|STATEMENT_EXECUTE|[18]
14:27:37.0 (43369878)|HEAP_ALLOCATE|[18]|Bytes:62
14:27:37.0 (43393981)|HEAP_ALLOCATE|[18]|Bytes:4
14:27:37.0 (43570427)|SOQL_EXECUTE_BEGIN|[18]|Aggregations:0|SELECT Id, Name FROM User WHERE UserRoleId = '00E7F000000Mdri'
14:27:37.0 (47614596)|SOQL_EXECUTE_END|[18]|Rows:6
14:27:37.0 (47633448)|HEAP_ALLOCATE|[18]|Bytes:28
14:27:37.0 (47654748)|HEAP_ALLOCATE|[18]|Bytes:271
14:27:37.0 (47729324)|HEAP_ALLOCATE|[18]|Bytes:28
14:27:37.0 (47744261)|VARIABLE_SCOPE_BEGIN|[18]|users|List<User>|true|false
14:27:37.0 (47761978)|VARIABLE_ASSIGNMENT|[18]|users|"List of size 6 too large to display"|0x273fcc77
14:27:37.0 (47959815)|HEAP_ALLOCATE|[19]|Bytes:5
14:27:37.0 (47996268)|HEAP_ALLOCATE|[19]|Bytes:12
14:27:37.0 (48005154)|VARIABLE_SCOPE_BEGIN|[19]|usr|User|true|false
14:27:37.0 (48022515)|VARIABLE_ASSIGNMENT|[19]|usr|{"Id":"0057F000000TpdFQAS","Name":"Mani Sasank"}|0x54386e30
14:27:37.0 (48028621)|STATEMENT_EXECUTE|[19]
14:27:37.0 (48029920)|STATEMENT_EXECUTE|[20]
14:27:37.0 (48073487)|HEAP_ALLOCATE|[20]|Bytes:18
14:27:37.0 (48140307)|HEAP_ALLOCATE|[EXTERNAL]|Bytes:4
14:27:37.0 (48155199)|HEAP_ALLOCATE|[19]|Bytes:5
14:27:37.0 (48168992)|HEAP_ALLOCATE|[19]|Bytes:12
14:27:37.0 (48175039)|VARIABLE_SCOPE_BEGIN|[19]|usr|User|true|false
14:27:37.0 (48186851)|VARIABLE_ASSIGNMENT|[19]|usr|{"Id":"0057F000000TrBBQA0","Name":"Santhosh"}|0x69d9dcc3
14:27:37.0 (48191893)|STATEMENT_EXECUTE|[19]
14:27:37.0 (48193063)|STATEMENT_EXECUTE|[20]
14:27:37.0 (48201993)|HEAP_ALLOCATE|[20]|Bytes:18
14:27:37.0 (48213038)|HEAP_ALLOCATE|[EXTERNAL]|Bytes:4
14:27:37.0 (48221847)|HEAP_ALLOCATE|[19]|Bytes:5
14:27:37.0 (48228640)|HEAP_ALLOCATE|[19]|Bytes:12
14:27:37.0 (48232849)|VARIABLE_SCOPE_BEGIN|[19]|usr|User|true|false
14:27:37.0 (48242720)|VARIABLE_ASSIGNMENT|[19]|usr|{"Id":"0057F000000TrBGQA0","Name":"Ravi teja"}|0xc111425
14:27:37.0 (48246949)|STATEMENT_EXECUTE|[19]
14:27:37.0 (48247900)|STATEMENT_EXECUTE|[20]
14:27:37.0 (48253479)|HEAP_ALLOCATE|[20]|Bytes:18
14:27:37.0 (48262089)|HEAP_ALLOCATE|[EXTERNAL]|Bytes:4
14:27:37.0 (48269707)|HEAP_ALLOCATE|[19]|Bytes:5
14:27:37.0 (48275671)|HEAP_ALLOCATE|[19]|Bytes:12
14:27:37.0 (48279747)|VARIABLE_SCOPE_BEGIN|[19]|usr|User|true|false
14:27:37.0 (48288690)|VARIABLE_ASSIGNMENT|[19]|usr|{"Id":"0057F000000TrBVQA0","Name":"Yashwanth"}|0x5173841d
14:27:37.0 (48293094)|STATEMENT_EXECUTE|[19]
14:27:37.0 (48294040)|STATEMENT_EXECUTE|[20]
14:27:37.0 (48298665)|HEAP_ALLOCATE|[20]|Bytes:18
14:27:37.0 (48306533)|HEAP_ALLOCATE|[EXTERNAL]|Bytes:4
14:27:37.0 (48314164)|HEAP_ALLOCATE|[19]|Bytes:5
14:27:37.0 (48320105)|HEAP_ALLOCATE|[19]|Bytes:12
14:27:37.0 (48324059)|VARIABLE_SCOPE_BEGIN|[19]|usr|User|true|false
14:27:37.0 (48332466)|VARIABLE_ASSIGNMENT|[19]|usr|{"Id":"0057F000000Tz0iQAC","Name":"Richa"}|0x462d29ed
14:27:37.0 (48336761)|STATEMENT_EXECUTE|[19]
14:27:37.0 (48337652)|STATEMENT_EXECUTE|[20]
14:27:37.0 (48342136)|HEAP_ALLOCATE|[20]|Bytes:18
14:27:37.0 (48350118)|HEAP_ALLOCATE|[EXTERNAL]|Bytes:4
14:27:37.0 (48357774)|HEAP_ALLOCATE|[19]|Bytes:5
14:27:37.0 (48363879)|HEAP_ALLOCATE|[19]|Bytes:12
14:27:37.0 (48367595)|VARIABLE_SCOPE_BEGIN|[19]|usr|User|true|false
14:27:37.0 (48375847)|VARIABLE_ASSIGNMENT|[19]|usr|{"Id":"0057F000000Tz0sQAC","Name":"Veeresh"}|0x61b5da2f
14:27:37.0 (48380062)|STATEMENT_EXECUTE|[19]
14:27:37.0 (48380958)|STATEMENT_EXECUTE|[20]
14:27:37.0 (48385320)|HEAP_ALLOCATE|[20]|Bytes:18
14:27:37.0 (48392678)|HEAP_ALLOCATE|[EXTERNAL]|Bytes:4
14:27:37.0 (48399742)|HEAP_ALLOCATE|[19]|Bytes:5
14:27:37.0 (48407329)|VARIABLE_ASSIGNMENT|[19]|usr|null|
14:27:37.0 (48411517)|STATEMENT_EXECUTE|[23]
14:27:37.0 (48417124)|SYSTEM_MODE_EXIT|false
14:27:37.0 (48706673)|SYSTEM_MODE_ENTER|true
14:27:37.0 (50965215)|VF_SERIALIZE_VIEWSTATE_BEGIN|0667F000004uJm5
14:27:37.0 (52968192)|VF_SERIALIZE_VIEWSTATE_END
14:27:37.54 (54911003)|CUMULATIVE_LIMIT_USAGE
14:27:37.54 (54911003)|LIMIT_USAGE_FOR_NS|(default)|
  Number of SOQL queries: 1 out of 100
  Number of query rows: 6 out of 50000
  Number of SOSL queries: 0 out of 20
  Number of DML statements: 0 out of 150
  Number of DML rows: 0 out of 10000
  Maximum CPU time: 0 out of 10000
  Maximum heap size: 0 out of 6000000
  Number of callouts: 0 out of 100
  Number of Email Invocations: 0 out of 10
  Number of future calls: 0 out of 50
  Number of queueable jobs added to the queue: 0 out of 50
  Number of Mobile Apex push calls: 0 out of 10

14:27:37.54 (54911003)|CUMULATIVE_LIMIT_USAGE_END

14:27:37.0 (54942823)|CODE_UNIT_FINISHED|VF: /apex/PM_Project
14:27:37.0 (55675654)|EXECUTION_FINISHED
