41.0 APEX_CODE,FINEST;APEX_PROFILING,INFO;CALLOUT,INFO;DB,INFO;SYSTEM,DEBUG;VALIDATION,INFO;VISUALFORCE,INFO;WAVE,INFO;WORKFLOW,INFO
13:28:31.0 (327868)|USER_INFO|[EXTERNAL]|0057F000000T34o|ramireddypradeepreddy@gmail.com|Pacific Standard Time|GMT-08:00
13:28:31.0 (377580)|EXECUTION_STARTED
13:28:31.0 (383248)|CODE_UNIT_STARTED|[EXTERNAL]|0667F0000042gb3|VF: /apex/pageblock
13:28:31.0 (2602757)|SYSTEM_MODE_ENTER|true
13:28:31.0 (3014726)|HEAP_ALLOCATE|[72]|Bytes:3
13:28:31.0 (3060634)|HEAP_ALLOCATE|[77]|Bytes:152
13:28:31.0 (3078024)|HEAP_ALLOCATE|[342]|Bytes:408
13:28:31.0 (3094712)|HEAP_ALLOCATE|[355]|Bytes:408
13:28:31.0 (3108592)|HEAP_ALLOCATE|[467]|Bytes:48
13:28:31.0 (3137378)|HEAP_ALLOCATE|[139]|Bytes:6
13:28:31.0 (3155876)|HEAP_ALLOCATE|[EXTERNAL]|Bytes:232
13:28:31.0 (3161046)|HEAP_ALLOCATE|[EXTERNAL]|Bytes:33
13:28:31.0 (3204774)|METHOD_ENTRY|[1]|01p7F00000CRoVf|apexblock.apexblock()
13:28:31.0 (3211805)|STATEMENT_EXECUTE|[1]
13:28:31.0 (3216914)|STATEMENT_EXECUTE|[1]
13:28:31.0 (3230810)|METHOD_EXIT|[1]|apexblock
13:28:31.0 (3254938)|HEAP_ALLOCATE|[EXTERNAL]|Bytes:40
13:28:31.0 (3281825)|VARIABLE_SCOPE_BEGIN|[12]|this|apexblock|true|false
13:28:31.0 (3340373)|VARIABLE_ASSIGNMENT|[12]|this|{}|0x37d0a63f
13:28:31.0 (3351590)|STATEMENT_EXECUTE|[1]
13:28:31.0 (3353254)|STATEMENT_EXECUTE|[2]
13:28:31.0 (3354293)|STATEMENT_EXECUTE|[3]
13:28:31.0 (3355170)|STATEMENT_EXECUTE|[4]
13:28:31.0 (3356155)|STATEMENT_EXECUTE|[5]
13:28:31.0 (3357292)|STATEMENT_EXECUTE|[6]
13:28:31.0 (3358176)|STATEMENT_EXECUTE|[7]
13:28:31.0 (3359373)|STATEMENT_EXECUTE|[8]
13:28:31.0 (3360723)|STATEMENT_EXECUTE|[9]
13:28:31.0 (3361611)|STATEMENT_EXECUTE|[10]
13:28:31.0 (3370702)|HEAP_ALLOCATE|[13]|Bytes:6
13:28:31.0 (3429864)|STATEMENT_EXECUTE|[12]
13:28:31.0 (3431479)|STATEMENT_EXECUTE|[13]
13:28:31.0 (3444197)|HEAP_ALLOCATE|[50]|Bytes:5
13:28:31.0 (3461216)|HEAP_ALLOCATE|[56]|Bytes:5
13:28:31.0 (3469248)|HEAP_ALLOCATE|[64]|Bytes:7
13:28:31.0 (3568850)|VARIABLE_ASSIGNMENT|[EXTERNAL]|this|{}|0x37d0a63f
13:28:31.0 (3591742)|VARIABLE_ASSIGNMENT|[EXTERNAL]|value|false
13:28:31.0 (3600109)|HEAP_ALLOCATE|[2]|Bytes:5
13:28:31.0 (3623326)|VARIABLE_ASSIGNMENT|[2]|this.showA|false|0x37d0a63f
13:28:31.0 (3653614)|STATEMENT_EXECUTE|[14]
13:28:31.0 (3657072)|HEAP_ALLOCATE|[14]|Bytes:6
13:28:31.0 (3709491)|VARIABLE_ASSIGNMENT|[EXTERNAL]|this|{"showA":false}|0x37d0a63f
13:28:31.0 (3719011)|VARIABLE_ASSIGNMENT|[EXTERNAL]|value|"Show A"
13:28:31.0 (3728100)|VARIABLE_ASSIGNMENT|[3]|this.labelA|"Show A"|0x37d0a63f
13:28:31.0 (3740370)|STATEMENT_EXECUTE|[15]
13:28:31.0 (3781536)|VARIABLE_ASSIGNMENT|[EXTERNAL]|this|{"labelA":"Show A","showA":false}|0x37d0a63f
13:28:31.0 (3791671)|VARIABLE_ASSIGNMENT|[EXTERNAL]|value|false
13:28:31.0 (3798373)|HEAP_ALLOCATE|[4]|Bytes:5
13:28:31.0 (3804596)|VARIABLE_ASSIGNMENT|[4]|this.showB|false|0x37d0a63f
13:28:31.0 (3812691)|STATEMENT_EXECUTE|[16]
13:28:31.0 (3815387)|HEAP_ALLOCATE|[16]|Bytes:6
13:28:31.0 (3855166)|VARIABLE_ASSIGNMENT|[EXTERNAL]|this|{"labelA":"Show A","showA":false,"showB":false}|0x37d0a63f
13:28:31.0 (3863900)|VARIABLE_ASSIGNMENT|[EXTERNAL]|value|"Show B"
13:28:31.0 (3871838)|VARIABLE_ASSIGNMENT|[5]|this.labelB|"Show B"|0x37d0a63f
13:28:31.0 (3879241)|STATEMENT_EXECUTE|[17]
13:28:31.0 (3881784)|HEAP_ALLOCATE|[17]|Bytes:8
13:28:31.0 (3919334)|VARIABLE_ASSIGNMENT|[EXTERNAL]|this|{"labelA":"Show A","labelB":"Show B","showA":false,"showB":false}|0x37d0a63f
13:28:31.0 (3927933)|VARIABLE_ASSIGNMENT|[EXTERNAL]|value|"Show All"
13:28:31.0 (3935383)|VARIABLE_ASSIGNMENT|[6]|this.labelAB|"Show All"|0x37d0a63f
13:28:31.0 (3943029)|STATEMENT_EXECUTE|[18]
13:28:31.0 (3945470)|HEAP_ALLOCATE|[18]|Bytes:7
13:28:31.0 (3982561)|VARIABLE_ASSIGNMENT|[EXTERNAL]|this|{"labelA":"Show A","labelAB":"Show All","labelB":"Show B","showA":false,"showB":false}|0x37d0a63f
13:28:31.0 (3991965)|VARIABLE_ASSIGNMENT|[EXTERNAL]|value|"initial"
13:28:31.0 (3999589)|VARIABLE_ASSIGNMENT|[7]|this.check|"initial"|0x37d0a63f
13:28:31.0 (4007099)|STATEMENT_EXECUTE|[19]
13:28:31.0 (4043928)|VARIABLE_ASSIGNMENT|[EXTERNAL]|this|{"check":"initial","labelA":"Show A","labelAB":"Show All","labelB":"Show B","showA":false,"showB":false}|0x37d0a63f
13:28:31.0 (4054311)|VARIABLE_ASSIGNMENT|[EXTERNAL]|value|false
13:28:31.0 (4060369)|HEAP_ALLOCATE|[9]|Bytes:5
13:28:31.0 (4066109)|VARIABLE_ASSIGNMENT|[9]|this.showAccount|false|0x37d0a63f
13:28:31.0 (4073462)|STATEMENT_EXECUTE|[20]
13:28:31.0 (4075747)|HEAP_ALLOCATE|[20]|Bytes:12
13:28:31.0 (4115405)|VARIABLE_ASSIGNMENT|[EXTERNAL]|this|{"check":"initial","labelA":"Show A","labelAB":"Show All","labelB":"Show B","showA":false,"showAccount":false,"showB":false}|0x37d0a63f
13:28:31.0 (4125298)|VARIABLE_ASSIGNMENT|[EXTERNAL]|value|"Show Account"
13:28:31.0 (4133147)|VARIABLE_ASSIGNMENT|[8]|this.showAccountName|"Show Account"|0x37d0a63f
13:28:31.0 (4194030)|SYSTEM_MODE_ENTER|true
13:28:31.0 (4277578)|SYSTEM_MODE_ENTER|true
13:28:31.0 (4372410)|SYSTEM_MODE_ENTER|true
13:28:31.0 (22660729)|SYSTEM_MODE_ENTER|true
13:28:31.0 (23000590)|SYSTEM_MODE_ENTER|true
13:28:31.0 (23273104)|SYSTEM_MODE_ENTER|true
13:28:31.0 (23401935)|SYSTEM_MODE_ENTER|true
13:28:31.0 (23773498)|SYSTEM_MODE_ENTER|true
13:28:31.0 (24783663)|VF_SERIALIZE_VIEWSTATE_BEGIN|0667F0000042gb3
13:28:31.0 (31869766)|VF_SERIALIZE_VIEWSTATE_END
13:28:31.0 (34866155)|CODE_UNIT_STARTED|[EXTERNAL]|Generate Metadata
13:28:31.0 (35611834)|CODE_UNIT_FINISHED|Generate Metadata
13:28:31.37 (37632723)|CUMULATIVE_LIMIT_USAGE
13:28:31.37 (37632723)|LIMIT_USAGE_FOR_NS|(default)|
  Number of SOQL queries: 0 out of 100
  Number of query rows: 0 out of 50000
  Number of SOSL queries: 0 out of 20
  Number of DML statements: 0 out of 150
  Number of DML rows: 0 out of 10000
  Maximum CPU time: 0 out of 10000
  Maximum heap size: 0 out of 6000000
  Number of callouts: 0 out of 100
  Number of Email Invocations: 0 out of 10
  Number of future calls: 0 out of 50
  Number of queueable jobs added to the queue: 0 out of 50
  Number of Mobile Apex push calls: 0 out of 10

13:28:31.37 (37632723)|CUMULATIVE_LIMIT_USAGE_END

13:28:31.0 (37672490)|CODE_UNIT_FINISHED|VF: /apex/pageblock
13:28:31.0 (38396083)|EXECUTION_FINISHED
