41.0 APEX_CODE,FINEST;APEX_PROFILING,INFO;CALLOUT,INFO;DB,INFO;SYSTEM,DEBUG;VALIDATION,INFO;VISUALFORCE,INFO;WAVE,INFO;WORKFLOW,INFO
13:28:09.0 (355567)|USER_INFO|[EXTERNAL]|0057F000000T34o|ramireddypradeepreddy@gmail.com|Pacific Standard Time|GMT-08:00
13:28:09.0 (551094)|EXECUTION_STARTED
13:28:09.0 (556031)|CODE_UNIT_STARTED|[EXTERNAL]|0667F0000042gb3|VF: /apex/pageblock
13:28:09.0 (6604936)|SYSTEM_MODE_ENTER|true
13:28:09.0 (7055248)|HEAP_ALLOCATE|[72]|Bytes:3
13:28:09.0 (7109420)|HEAP_ALLOCATE|[77]|Bytes:152
13:28:09.0 (7123878)|HEAP_ALLOCATE|[342]|Bytes:408
13:28:09.0 (7138783)|HEAP_ALLOCATE|[355]|Bytes:408
13:28:09.0 (7152867)|HEAP_ALLOCATE|[467]|Bytes:48
13:28:09.0 (7205991)|HEAP_ALLOCATE|[139]|Bytes:6
13:28:09.0 (7222019)|HEAP_ALLOCATE|[EXTERNAL]|Bytes:232
13:28:09.0 (7241095)|HEAP_ALLOCATE|[EXTERNAL]|Bytes:33
13:28:09.0 (7260081)|METHOD_ENTRY|[1]|01p7F00000CRoVf|apexblock.apexblock()
13:28:09.0 (7266102)|STATEMENT_EXECUTE|[1]
13:28:09.0 (7270284)|STATEMENT_EXECUTE|[1]
13:28:09.0 (7286555)|METHOD_EXIT|[1]|apexblock
13:28:09.0 (7374530)|HEAP_ALLOCATE|[EXTERNAL]|Bytes:40
13:28:09.0 (7384075)|VARIABLE_SCOPE_BEGIN|[12]|this|apexblock|true|false
13:28:09.0 (7444718)|VARIABLE_ASSIGNMENT|[12]|this|{}|0x2c064805
13:28:09.0 (7457212)|STATEMENT_EXECUTE|[1]
13:28:09.0 (7458561)|STATEMENT_EXECUTE|[2]
13:28:09.0 (7459527)|STATEMENT_EXECUTE|[3]
13:28:09.0 (7460506)|STATEMENT_EXECUTE|[4]
13:28:09.0 (7461409)|STATEMENT_EXECUTE|[5]
13:28:09.0 (7462288)|STATEMENT_EXECUTE|[6]
13:28:09.0 (7463155)|STATEMENT_EXECUTE|[7]
13:28:09.0 (7464442)|STATEMENT_EXECUTE|[8]
13:28:09.0 (7465344)|STATEMENT_EXECUTE|[9]
13:28:09.0 (7466210)|STATEMENT_EXECUTE|[10]
13:28:09.0 (7473569)|HEAP_ALLOCATE|[13]|Bytes:6
13:28:09.0 (7529064)|STATEMENT_EXECUTE|[12]
13:28:09.0 (7530667)|STATEMENT_EXECUTE|[13]
13:28:09.0 (7541026)|HEAP_ALLOCATE|[50]|Bytes:5
13:28:09.0 (7556059)|HEAP_ALLOCATE|[56]|Bytes:5
13:28:09.0 (7563712)|HEAP_ALLOCATE|[64]|Bytes:7
13:28:09.0 (7673961)|VARIABLE_ASSIGNMENT|[EXTERNAL]|this|{}|0x2c064805
13:28:09.0 (7693066)|VARIABLE_ASSIGNMENT|[EXTERNAL]|value|false
13:28:09.0 (7700443)|HEAP_ALLOCATE|[2]|Bytes:5
13:28:09.0 (7717913)|VARIABLE_ASSIGNMENT|[2]|this.showA|false|0x2c064805
13:28:09.0 (7751464)|STATEMENT_EXECUTE|[14]
13:28:09.0 (7755241)|HEAP_ALLOCATE|[14]|Bytes:6
13:28:09.0 (7804127)|VARIABLE_ASSIGNMENT|[EXTERNAL]|this|{"showA":false}|0x2c064805
13:28:09.0 (7815204)|VARIABLE_ASSIGNMENT|[EXTERNAL]|value|"Show A"
13:28:09.0 (7823906)|VARIABLE_ASSIGNMENT|[3]|this.labelA|"Show A"|0x2c064805
13:28:09.0 (7832436)|STATEMENT_EXECUTE|[15]
13:28:09.0 (7869941)|VARIABLE_ASSIGNMENT|[EXTERNAL]|this|{"labelA":"Show A","showA":false}|0x2c064805
13:28:09.0 (7880523)|VARIABLE_ASSIGNMENT|[EXTERNAL]|value|false
13:28:09.0 (7889569)|HEAP_ALLOCATE|[4]|Bytes:5
13:28:09.0 (7895955)|VARIABLE_ASSIGNMENT|[4]|this.showB|false|0x2c064805
13:28:09.0 (7903652)|STATEMENT_EXECUTE|[16]
13:28:09.0 (7906142)|HEAP_ALLOCATE|[16]|Bytes:6
13:28:09.0 (7944186)|VARIABLE_ASSIGNMENT|[EXTERNAL]|this|{"labelA":"Show A","showA":false,"showB":false}|0x2c064805
13:28:09.0 (7952603)|VARIABLE_ASSIGNMENT|[EXTERNAL]|value|"Show B"
13:28:09.0 (7959917)|VARIABLE_ASSIGNMENT|[5]|this.labelB|"Show B"|0x2c064805
13:28:09.0 (7967005)|STATEMENT_EXECUTE|[17]
13:28:09.0 (7969446)|HEAP_ALLOCATE|[17]|Bytes:8
13:28:09.0 (8005478)|VARIABLE_ASSIGNMENT|[EXTERNAL]|this|{"labelA":"Show A","labelB":"Show B","showA":false,"showB":false}|0x2c064805
13:28:09.0 (8014432)|VARIABLE_ASSIGNMENT|[EXTERNAL]|value|"Show All"
13:28:09.0 (8021401)|VARIABLE_ASSIGNMENT|[6]|this.labelAB|"Show All"|0x2c064805
13:28:09.0 (8029176)|STATEMENT_EXECUTE|[18]
13:28:09.0 (8031459)|HEAP_ALLOCATE|[18]|Bytes:7
13:28:09.0 (8066911)|VARIABLE_ASSIGNMENT|[EXTERNAL]|this|{"labelA":"Show A","labelAB":"Show All","labelB":"Show B","showA":false,"showB":false}|0x2c064805
13:28:09.0 (8075769)|VARIABLE_ASSIGNMENT|[EXTERNAL]|value|"initial"
13:28:09.0 (8082794)|VARIABLE_ASSIGNMENT|[7]|this.check|"initial"|0x2c064805
13:28:09.0 (8089893)|STATEMENT_EXECUTE|[19]
13:28:09.0 (8124146)|VARIABLE_ASSIGNMENT|[EXTERNAL]|this|{"check":"initial","labelA":"Show A","labelAB":"Show All","labelB":"Show B","showA":false,"showB":false}|0x2c064805
13:28:09.0 (8133571)|VARIABLE_ASSIGNMENT|[EXTERNAL]|value|false
13:28:09.0 (8138962)|HEAP_ALLOCATE|[9]|Bytes:5
13:28:09.0 (8144401)|VARIABLE_ASSIGNMENT|[9]|this.showAccount|false|0x2c064805
13:28:09.0 (8151670)|STATEMENT_EXECUTE|[20]
13:28:09.0 (8153930)|HEAP_ALLOCATE|[20]|Bytes:12
13:28:09.0 (8191451)|VARIABLE_ASSIGNMENT|[EXTERNAL]|this|{"check":"initial","labelA":"Show A","labelAB":"Show All","labelB":"Show B","showA":false,"showAccount":false,"showB":false}|0x2c064805
13:28:09.0 (8200923)|VARIABLE_ASSIGNMENT|[EXTERNAL]|value|"Show Account"
13:28:09.0 (8207704)|VARIABLE_ASSIGNMENT|[8]|this.showAccountName|"Show Account"|0x2c064805
13:28:09.0 (8277136)|SYSTEM_MODE_ENTER|true
13:28:09.0 (8358275)|SYSTEM_MODE_ENTER|true
13:28:09.0 (8453890)|SYSTEM_MODE_ENTER|true
13:28:09.0 (22236447)|SYSTEM_MODE_ENTER|true
13:28:09.0 (22519818)|SYSTEM_MODE_ENTER|true
13:28:09.0 (22748055)|SYSTEM_MODE_ENTER|true
13:28:09.0 (22869778)|SYSTEM_MODE_ENTER|true
13:28:09.0 (23181395)|SYSTEM_MODE_ENTER|true
13:28:09.0 (24126085)|VF_SERIALIZE_VIEWSTATE_BEGIN|0667F0000042gb3
13:28:09.0 (32262969)|VF_SERIALIZE_VIEWSTATE_END
13:28:09.0 (35139114)|CODE_UNIT_STARTED|[EXTERNAL]|Generate Metadata
13:28:09.0 (35803239)|CODE_UNIT_FINISHED|Generate Metadata
13:28:09.37 (37847160)|CUMULATIVE_LIMIT_USAGE
13:28:09.37 (37847160)|LIMIT_USAGE_FOR_NS|(default)|
  Number of SOQL queries: 0 out of 100
  Number of query rows: 0 out of 50000
  Number of SOSL queries: 0 out of 20
  Number of DML statements: 0 out of 150
  Number of DML rows: 0 out of 10000
  Maximum CPU time: 0 out of 10000
  Maximum heap size: 0 out of 6000000
  Number of callouts: 0 out of 100
  Number of Email Invocations: 0 out of 10
  Number of future calls: 0 out of 50
  Number of queueable jobs added to the queue: 0 out of 50
  Number of Mobile Apex push calls: 0 out of 10

13:28:09.37 (37847160)|CUMULATIVE_LIMIT_USAGE_END

13:28:09.0 (37883238)|CODE_UNIT_FINISHED|VF: /apex/pageblock
13:28:09.0 (38685245)|EXECUTION_FINISHED
