36.0 APEX_CODE,FINEST;APEX_PROFILING,INFO;CALLOUT,INFO;DB,INFO;SYSTEM,DEBUG;VALIDATION,INFO;VISUALFORCE,INFO;WAVE,INFO;WORKFLOW,INFO
14:12:27.0 (313887)|USER_INFO|[EXTERNAL]|0057F000000Tiz6|ksb994@salesforce.com|Pacific Standard Time|GMT-08:00
14:12:27.0 (344123)|EXECUTION_STARTED
14:12:27.0 (347706)|CODE_UNIT_STARTED|[EXTERNAL]|0667F000004uJm5|VF: /apex/PM_Project
14:12:27.0 (18790417)|SYSTEM_MODE_ENTER|true
14:12:27.0 (19221460)|HEAP_ALLOCATE|[72]|Bytes:3
14:12:27.0 (19278792)|HEAP_ALLOCATE|[77]|Bytes:152
14:12:27.0 (19298122)|HEAP_ALLOCATE|[342]|Bytes:408
14:12:27.0 (19312728)|HEAP_ALLOCATE|[355]|Bytes:408
14:12:27.0 (19327343)|HEAP_ALLOCATE|[467]|Bytes:48
14:12:27.0 (19357377)|HEAP_ALLOCATE|[139]|Bytes:6
14:12:27.0 (19376826)|HEAP_ALLOCATE|[EXTERNAL]|Bytes:92
14:12:27.0 (19403665)|HEAP_ALLOCATE|[EXTERNAL]|Bytes:7
14:12:27.0 (19423647)|METHOD_ENTRY|[1]|01p7F00000EhPEd|Project_PM_Controller.Project_PM_Controller()
14:12:27.0 (19429528)|STATEMENT_EXECUTE|[1]
14:12:27.0 (19434287)|STATEMENT_EXECUTE|[1]
14:12:27.0 (19466982)|HEAP_ALLOCATE|[50]|Bytes:5
14:12:27.0 (19488634)|HEAP_ALLOCATE|[56]|Bytes:5
14:12:27.0 (19496154)|HEAP_ALLOCATE|[64]|Bytes:7
14:12:27.0 (19522504)|SYSTEM_MODE_ENTER|false
14:12:27.0 (19535488)|HEAP_ALLOCATE|[EXTERNAL]|Bytes:5
14:12:27.0 (19542365)|SYSTEM_MODE_EXIT|false
14:12:27.0 (19549022)|METHOD_EXIT|[1]|Project_PM_Controller
14:12:27.0 (19616743)|HEAP_ALLOCATE|[EXTERNAL]|Bytes:20
14:12:27.0 (19668096)|VARIABLE_SCOPE_BEGIN|[11]|this|Project_PM_Controller|true|false
14:12:27.0 (19726143)|VARIABLE_ASSIGNMENT|[11]|this|{}|0x500cdae4
14:12:27.0 (19734766)|VARIABLE_SCOPE_BEGIN|[11]|stdController|ApexPages.StandardController|true|false
14:12:27.0 (19857956)|VARIABLE_ASSIGNMENT|[11]|stdController|"StandardController [null]"|0x21e6e5c1
14:12:27.0 (19884373)|SYSTEM_MODE_ENTER|false
14:12:27.0 (19891432)|HEAP_ALLOCATE|[6]|Bytes:5
14:12:27.0 (19896347)|STATEMENT_EXECUTE|[1]
14:12:27.0 (19901895)|HEAP_ALLOCATE|[6]|Bytes:5
14:12:27.0 (19904535)|STATEMENT_EXECUTE|[2]
14:12:27.0 (19905778)|STATEMENT_EXECUTE|[3]
14:12:27.0 (19906694)|STATEMENT_EXECUTE|[5]
14:12:27.0 (19907602)|STATEMENT_EXECUTE|[6]
14:12:27.0 (19924569)|HEAP_ALLOCATE|[6]|Bytes:4
14:12:27.0 (20000414)|HEAP_ALLOCATE|[EXTERNAL]|Bytes:4
14:12:27.0 (20014704)|VARIABLE_ASSIGNMENT|[6]|this.usersList|[]|0x500cdae4
14:12:27.0 (20028252)|HEAP_ALLOCATE|[6]|Bytes:6
14:12:27.0 (20063460)|STATEMENT_EXECUTE|[11]
14:12:27.0 (20065296)|STATEMENT_EXECUTE|[12]
14:12:27.0 (20152713)|VARIABLE_ASSIGNMENT|[12]|this.controller|"StandardController [null]"|0x500cdae4
14:12:27.0 (20161148)|STATEMENT_EXECUTE|[13]
14:12:27.0 (20273381)|HEAP_ALLOCATE|[13]|Bytes:4
14:12:27.0 (20309355)|VARIABLE_ASSIGNMENT|[13]|this.project|{}|0x500cdae4
14:12:27.0 (20317541)|SYSTEM_MODE_EXIT|false
14:12:27.0 (46159695)|SYSTEM_MODE_ENTER|true
14:12:27.0 (46222010)|HEAP_ALLOCATE|[EXTERNAL]|Bytes:20
14:12:27.0 (46335130)|VARIABLE_SCOPE_BEGIN|[16]|this|Project_PM_Controller|true|false
14:12:27.0 (46573630)|VARIABLE_ASSIGNMENT|[16]|this|{"controller":"StandardController [[Project__c (]]","project":"0x5f9899a4","usersList":"0x4bb97b33"}|0x500cdae4
14:12:27.0 (46607463)|SYSTEM_MODE_ENTER|false
14:12:27.0 (46619596)|HEAP_ALLOCATE|[18]|Bytes:5
14:12:27.0 (46625945)|STATEMENT_EXECUTE|[16]
14:12:27.0 (46627465)|STATEMENT_EXECUTE|[18]
14:12:27.0 (46632315)|HEAP_ALLOCATE|[18]|Bytes:62
14:12:27.0 (46661797)|HEAP_ALLOCATE|[18]|Bytes:4
14:12:27.0 (46872525)|SOQL_EXECUTE_BEGIN|[18]|Aggregations:0|SELECT Id, Name FROM User WHERE UserRoleId = '00E7F000000Mdri'
14:12:27.0 (65361256)|SOQL_EXECUTE_END|[18]|Rows:6
14:12:27.0 (65388274)|HEAP_ALLOCATE|[18]|Bytes:28
14:12:27.0 (65413487)|HEAP_ALLOCATE|[18]|Bytes:271
14:12:27.0 (65501139)|HEAP_ALLOCATE|[18]|Bytes:28
14:12:27.0 (65519092)|VARIABLE_SCOPE_BEGIN|[18]|users|List<User>|true|false
14:12:27.0 (65538780)|VARIABLE_ASSIGNMENT|[18]|users|"List of size 6 too large to display"|0x568dbd01
14:12:27.0 (65746744)|HEAP_ALLOCATE|[19]|Bytes:5
14:12:27.0 (65789392)|HEAP_ALLOCATE|[19]|Bytes:12
14:12:27.0 (65800078)|VARIABLE_SCOPE_BEGIN|[19]|usr|User|true|false
14:12:27.0 (65818435)|VARIABLE_ASSIGNMENT|[19]|usr|{"Id":"0057F000000TpdFQAS","Name":"Mani Sasank"}|0x4f093641
14:12:27.0 (65825112)|STATEMENT_EXECUTE|[19]
14:12:27.0 (65826701)|STATEMENT_EXECUTE|[20]
14:12:27.0 (65874330)|HEAP_ALLOCATE|[20]|Bytes:18
14:12:27.0 (65953013)|HEAP_ALLOCATE|[EXTERNAL]|Bytes:4
14:12:27.0 (65971532)|HEAP_ALLOCATE|[19]|Bytes:5
14:12:27.0 (65982247)|HEAP_ALLOCATE|[19]|Bytes:12
14:12:27.0 (65988912)|VARIABLE_SCOPE_BEGIN|[19]|usr|User|true|false
14:12:27.0 (66002210)|VARIABLE_ASSIGNMENT|[19]|usr|{"Id":"0057F000000TrBBQA0","Name":"Santhosh"}|0x4318bb0
14:12:27.0 (66008453)|STATEMENT_EXECUTE|[19]
14:12:27.0 (66009706)|STATEMENT_EXECUTE|[20]
14:12:27.0 (66020222)|HEAP_ALLOCATE|[20]|Bytes:18
14:12:27.0 (66034188)|HEAP_ALLOCATE|[EXTERNAL]|Bytes:4
14:12:27.0 (66045670)|HEAP_ALLOCATE|[19]|Bytes:5
14:12:27.0 (66054556)|HEAP_ALLOCATE|[19]|Bytes:12
14:12:27.0 (66059655)|VARIABLE_SCOPE_BEGIN|[19]|usr|User|true|false
14:12:27.0 (66070327)|VARIABLE_ASSIGNMENT|[19]|usr|{"Id":"0057F000000TrBGQA0","Name":"Ravi teja"}|0x7318220d
14:12:27.0 (66075125)|STATEMENT_EXECUTE|[19]
14:12:27.0 (66076290)|STATEMENT_EXECUTE|[20]
14:12:27.0 (66082930)|HEAP_ALLOCATE|[20]|Bytes:18
14:12:27.0 (66093864)|HEAP_ALLOCATE|[EXTERNAL]|Bytes:4
14:12:27.0 (66103522)|HEAP_ALLOCATE|[19]|Bytes:5
14:12:27.0 (66111163)|HEAP_ALLOCATE|[19]|Bytes:12
14:12:27.0 (66115861)|VARIABLE_SCOPE_BEGIN|[19]|usr|User|true|false
14:12:27.0 (66125889)|VARIABLE_ASSIGNMENT|[19]|usr|{"Id":"0057F000000TrBVQA0","Name":"Yashwanth"}|0x2f2a68d9
14:12:27.0 (66130245)|STATEMENT_EXECUTE|[19]
14:12:27.0 (66131307)|STATEMENT_EXECUTE|[20]
14:12:27.0 (66136711)|HEAP_ALLOCATE|[20]|Bytes:18
14:12:27.0 (66146365)|HEAP_ALLOCATE|[EXTERNAL]|Bytes:4
14:12:27.0 (66155538)|HEAP_ALLOCATE|[19]|Bytes:5
14:12:27.0 (66163122)|HEAP_ALLOCATE|[19]|Bytes:12
14:12:27.0 (66168357)|VARIABLE_SCOPE_BEGIN|[19]|usr|User|true|false
14:12:27.0 (66177666)|VARIABLE_ASSIGNMENT|[19]|usr|{"Id":"0057F000000Tz0iQAC","Name":"Richa"}|0x2917f843
14:12:27.0 (66182067)|STATEMENT_EXECUTE|[19]
14:12:27.0 (66183180)|STATEMENT_EXECUTE|[20]
14:12:27.0 (66188600)|HEAP_ALLOCATE|[20]|Bytes:18
14:12:27.0 (66198184)|HEAP_ALLOCATE|[EXTERNAL]|Bytes:4
14:12:27.0 (66207038)|HEAP_ALLOCATE|[19]|Bytes:5
14:12:27.0 (66214446)|HEAP_ALLOCATE|[19]|Bytes:12
14:12:27.0 (66218920)|VARIABLE_SCOPE_BEGIN|[19]|usr|User|true|false
14:12:27.0 (66227929)|VARIABLE_ASSIGNMENT|[19]|usr|{"Id":"0057F000000Tz0sQAC","Name":"Veeresh"}|0x21739ada
14:12:27.0 (66232162)|STATEMENT_EXECUTE|[19]
14:12:27.0 (66233255)|STATEMENT_EXECUTE|[20]
14:12:27.0 (66238676)|HEAP_ALLOCATE|[20]|Bytes:18
14:12:27.0 (66248106)|HEAP_ALLOCATE|[EXTERNAL]|Bytes:4
14:12:27.0 (66257693)|HEAP_ALLOCATE|[19]|Bytes:5
14:12:27.0 (66267085)|VARIABLE_ASSIGNMENT|[19]|usr|null|
14:12:27.0 (66271936)|STATEMENT_EXECUTE|[23]
14:12:27.0 (66279188)|SYSTEM_MODE_EXIT|false
14:12:27.0 (66598299)|SYSTEM_MODE_ENTER|true
14:12:27.0 (69588022)|VF_SERIALIZE_VIEWSTATE_BEGIN|0667F000004uJm5
14:12:27.0 (71811644)|VF_SERIALIZE_VIEWSTATE_END
14:12:27.73 (73950748)|CUMULATIVE_LIMIT_USAGE
14:12:27.73 (73950748)|LIMIT_USAGE_FOR_NS|(default)|
  Number of SOQL queries: 1 out of 100
  Number of query rows: 6 out of 50000
  Number of SOSL queries: 0 out of 20
  Number of DML statements: 0 out of 150
  Number of DML rows: 0 out of 10000
  Maximum CPU time: 0 out of 10000
  Maximum heap size: 0 out of 6000000
  Number of callouts: 0 out of 100
  Number of Email Invocations: 0 out of 10
  Number of future calls: 0 out of 50
  Number of queueable jobs added to the queue: 0 out of 50
  Number of Mobile Apex push calls: 0 out of 10

14:12:27.73 (73950748)|CUMULATIVE_LIMIT_USAGE_END

14:12:27.0 (73981402)|CODE_UNIT_FINISHED|VF: /apex/PM_Project
14:12:27.0 (74723618)|EXECUTION_FINISHED
