36.0 APEX_CODE,FINEST;APEX_PROFILING,INFO;CALLOUT,INFO;DB,INFO;SYSTEM,DEBUG;VALIDATION,INFO;VISUALFORCE,INFO;WAVE,INFO;WORKFLOW,INFO
14:23:43.0 (334008)|USER_INFO|[EXTERNAL]|0057F000000Tiz6|ksb994@salesforce.com|Pacific Standard Time|GMT-08:00
14:23:43.0 (361792)|EXECUTION_STARTED
14:23:43.0 (365788)|CODE_UNIT_STARTED|[EXTERNAL]|0667F000004uJm5|VF: /apex/PM_Project
14:23:43.0 (18622841)|SYSTEM_MODE_ENTER|true
14:23:43.0 (19044645)|HEAP_ALLOCATE|[72]|Bytes:3
14:23:43.0 (19101295)|HEAP_ALLOCATE|[77]|Bytes:152
14:23:43.0 (19116207)|HEAP_ALLOCATE|[342]|Bytes:408
14:23:43.0 (19129420)|HEAP_ALLOCATE|[355]|Bytes:408
14:23:43.0 (19142072)|HEAP_ALLOCATE|[467]|Bytes:48
14:23:43.0 (19166521)|HEAP_ALLOCATE|[139]|Bytes:6
14:23:43.0 (19179233)|HEAP_ALLOCATE|[EXTERNAL]|Bytes:8
14:23:43.0 (19198750)|HEAP_ALLOCATE|[EXTERNAL]|Bytes:2
14:23:43.0 (19226882)|METHOD_ENTRY|[1]|01p7F00000EhPEd|Project_PM_Controller.Project_PM_Controller()
14:23:43.0 (19232534)|STATEMENT_EXECUTE|[1]
14:23:43.0 (19236094)|STATEMENT_EXECUTE|[1]
14:23:43.0 (19267584)|HEAP_ALLOCATE|[50]|Bytes:5
14:23:43.0 (19287801)|HEAP_ALLOCATE|[56]|Bytes:5
14:23:43.0 (19298144)|HEAP_ALLOCATE|[64]|Bytes:7
14:23:43.0 (19326846)|SYSTEM_MODE_ENTER|false
14:23:43.0 (19339867)|HEAP_ALLOCATE|[EXTERNAL]|Bytes:5
14:23:43.0 (19347184)|SYSTEM_MODE_EXIT|false
14:23:43.0 (19371716)|METHOD_EXIT|[1]|Project_PM_Controller
14:23:43.0 (19455512)|HEAP_ALLOCATE|[EXTERNAL]|Bytes:20
14:23:43.0 (19507105)|VARIABLE_SCOPE_BEGIN|[11]|this|Project_PM_Controller|true|false
14:23:43.0 (19550681)|VARIABLE_ASSIGNMENT|[11]|this|{}|0x3ed864bf
14:23:43.0 (19558036)|VARIABLE_SCOPE_BEGIN|[11]|stdController|ApexPages.StandardController|true|false
14:23:43.0 (19700499)|VARIABLE_ASSIGNMENT|[11]|stdController|"StandardController [null]"|0x2b3ce48b
14:23:43.0 (19722216)|SYSTEM_MODE_ENTER|false
14:23:43.0 (19728896)|HEAP_ALLOCATE|[5]|Bytes:5
14:23:43.0 (19733344)|STATEMENT_EXECUTE|[1]
14:23:43.0 (19738128)|HEAP_ALLOCATE|[5]|Bytes:5
14:23:43.0 (19740626)|STATEMENT_EXECUTE|[2]
14:23:43.0 (19741888)|STATEMENT_EXECUTE|[3]
14:23:43.0 (19742702)|STATEMENT_EXECUTE|[5]
14:23:43.0 (19762462)|HEAP_ALLOCATE|[5]|Bytes:4
14:23:43.0 (19870838)|HEAP_ALLOCATE|[EXTERNAL]|Bytes:4
14:23:43.0 (19883313)|VARIABLE_ASSIGNMENT|[5]|this.selectedUsers|[]|0x3ed864bf
14:23:43.0 (19888513)|STATEMENT_EXECUTE|[6]
14:23:43.0 (19898047)|HEAP_ALLOCATE|[6]|Bytes:4
14:23:43.0 (19928022)|HEAP_ALLOCATE|[EXTERNAL]|Bytes:4
14:23:43.0 (19933729)|VARIABLE_ASSIGNMENT|[6]|this.usersList|[]|0x3ed864bf
14:23:43.0 (19944438)|HEAP_ALLOCATE|[6]|Bytes:6
14:23:43.0 (19978106)|STATEMENT_EXECUTE|[11]
14:23:43.0 (19979793)|STATEMENT_EXECUTE|[12]
14:23:43.0 (20054875)|VARIABLE_ASSIGNMENT|[12]|this.controller|"StandardController [null]"|0x3ed864bf
14:23:43.0 (20062006)|STATEMENT_EXECUTE|[13]
14:23:43.0 (20181815)|HEAP_ALLOCATE|[13]|Bytes:4
14:23:43.0 (20226324)|VARIABLE_ASSIGNMENT|[13]|this.project|{}|0x3ed864bf
14:23:43.0 (20236075)|SYSTEM_MODE_EXIT|false
14:23:43.0 (40535701)|SYSTEM_MODE_ENTER|true
14:23:43.0 (40599956)|HEAP_ALLOCATE|[EXTERNAL]|Bytes:20
14:23:43.0 (40699313)|VARIABLE_SCOPE_BEGIN|[16]|this|Project_PM_Controller|true|false
14:23:43.0 (40957771)|VARIABLE_ASSIGNMENT|[16]|this|{"controller":"StandardController [[Project__c (]]","project":"0x31630cbe","selectedUsers":"0x6a2f101d","usersList":"0x123c59d3"}|0x3ed864bf
14:23:43.0 (40985861)|SYSTEM_MODE_ENTER|false
14:23:43.0 (40995121)|HEAP_ALLOCATE|[18]|Bytes:5
14:23:43.0 (41000689)|STATEMENT_EXECUTE|[16]
14:23:43.0 (41002506)|STATEMENT_EXECUTE|[18]
14:23:43.0 (41006459)|HEAP_ALLOCATE|[18]|Bytes:62
14:23:43.0 (41028333)|HEAP_ALLOCATE|[18]|Bytes:4
14:23:43.0 (41241366)|SOQL_EXECUTE_BEGIN|[18]|Aggregations:0|SELECT Id, Name FROM User WHERE UserRoleId = '00E7F000000Mdri'
14:23:43.0 (45244783)|SOQL_EXECUTE_END|[18]|Rows:6
14:23:43.0 (45263293)|HEAP_ALLOCATE|[18]|Bytes:28
14:23:43.0 (45283190)|HEAP_ALLOCATE|[18]|Bytes:271
14:23:43.0 (45345081)|HEAP_ALLOCATE|[18]|Bytes:28
14:23:43.0 (45356713)|VARIABLE_SCOPE_BEGIN|[18]|users|List<User>|true|false
14:23:43.0 (45372623)|VARIABLE_ASSIGNMENT|[18]|users|"List of size 6 too large to display"|0x61270f26
14:23:43.0 (45547483)|HEAP_ALLOCATE|[19]|Bytes:5
14:23:43.0 (45578887)|HEAP_ALLOCATE|[19]|Bytes:12
14:23:43.0 (45587427)|VARIABLE_SCOPE_BEGIN|[19]|usr|User|true|false
14:23:43.0 (45603345)|VARIABLE_ASSIGNMENT|[19]|usr|{"Id":"0057F000000TpdFQAS","Name":"Mani Sasank"}|0x714e8200
14:23:43.0 (45609375)|STATEMENT_EXECUTE|[19]
14:23:43.0 (45610755)|STATEMENT_EXECUTE|[20]
14:23:43.0 (45648420)|HEAP_ALLOCATE|[20]|Bytes:18
14:23:43.0 (45711333)|HEAP_ALLOCATE|[EXTERNAL]|Bytes:4
14:23:43.0 (45725788)|HEAP_ALLOCATE|[19]|Bytes:5
14:23:43.0 (45734573)|HEAP_ALLOCATE|[19]|Bytes:12
14:23:43.0 (45739621)|VARIABLE_SCOPE_BEGIN|[19]|usr|User|true|false
14:23:43.0 (45751622)|VARIABLE_ASSIGNMENT|[19]|usr|{"Id":"0057F000000TrBBQA0","Name":"Santhosh"}|0x76dc9a48
14:23:43.0 (45761298)|STATEMENT_EXECUTE|[19]
14:23:43.0 (45762374)|STATEMENT_EXECUTE|[20]
14:23:43.0 (45771142)|HEAP_ALLOCATE|[20]|Bytes:18
14:23:43.0 (45783026)|HEAP_ALLOCATE|[EXTERNAL]|Bytes:4
14:23:43.0 (45791329)|HEAP_ALLOCATE|[19]|Bytes:5
14:23:43.0 (45797945)|HEAP_ALLOCATE|[19]|Bytes:12
14:23:43.0 (45802098)|VARIABLE_SCOPE_BEGIN|[19]|usr|User|true|false
14:23:43.0 (45812150)|VARIABLE_ASSIGNMENT|[19]|usr|{"Id":"0057F000000TrBGQA0","Name":"Ravi teja"}|0x2c54d008
14:23:43.0 (45816438)|STATEMENT_EXECUTE|[19]
14:23:43.0 (45817321)|STATEMENT_EXECUTE|[20]
14:23:43.0 (45822596)|HEAP_ALLOCATE|[20]|Bytes:18
14:23:43.0 (45832143)|HEAP_ALLOCATE|[EXTERNAL]|Bytes:4
14:23:43.0 (45840832)|HEAP_ALLOCATE|[19]|Bytes:5
14:23:43.0 (45847236)|HEAP_ALLOCATE|[19]|Bytes:12
14:23:43.0 (45851179)|VARIABLE_SCOPE_BEGIN|[19]|usr|User|true|false
14:23:43.0 (45859878)|VARIABLE_ASSIGNMENT|[19]|usr|{"Id":"0057F000000TrBVQA0","Name":"Yashwanth"}|0x2895ce32
14:23:43.0 (45864004)|STATEMENT_EXECUTE|[19]
14:23:43.0 (45865129)|STATEMENT_EXECUTE|[20]
14:23:43.0 (45870290)|HEAP_ALLOCATE|[20]|Bytes:18
14:23:43.0 (45878110)|HEAP_ALLOCATE|[EXTERNAL]|Bytes:4
14:23:43.0 (45885252)|HEAP_ALLOCATE|[19]|Bytes:5
14:23:43.0 (45890887)|HEAP_ALLOCATE|[19]|Bytes:12
14:23:43.0 (45894572)|VARIABLE_SCOPE_BEGIN|[19]|usr|User|true|false
14:23:43.0 (45902901)|VARIABLE_ASSIGNMENT|[19]|usr|{"Id":"0057F000000Tz0iQAC","Name":"Richa"}|0x2d4e07a2
14:23:43.0 (45907266)|STATEMENT_EXECUTE|[19]
14:23:43.0 (45908155)|STATEMENT_EXECUTE|[20]
14:23:43.0 (45912762)|HEAP_ALLOCATE|[20]|Bytes:18
14:23:43.0 (45919892)|HEAP_ALLOCATE|[EXTERNAL]|Bytes:4
14:23:43.0 (45926890)|HEAP_ALLOCATE|[19]|Bytes:5
14:23:43.0 (45932643)|HEAP_ALLOCATE|[19]|Bytes:12
14:23:43.0 (45936325)|VARIABLE_SCOPE_BEGIN|[19]|usr|User|true|false
14:23:43.0 (45944463)|VARIABLE_ASSIGNMENT|[19]|usr|{"Id":"0057F000000Tz0sQAC","Name":"Veeresh"}|0x3fd2d699
14:23:43.0 (45948537)|STATEMENT_EXECUTE|[19]
14:23:43.0 (45949402)|STATEMENT_EXECUTE|[20]
14:23:43.0 (45953867)|HEAP_ALLOCATE|[20]|Bytes:18
14:23:43.0 (45961501)|HEAP_ALLOCATE|[EXTERNAL]|Bytes:4
14:23:43.0 (45968643)|HEAP_ALLOCATE|[19]|Bytes:5
14:23:43.0 (45976322)|VARIABLE_ASSIGNMENT|[19]|usr|null|
14:23:43.0 (45980096)|STATEMENT_EXECUTE|[23]
14:23:43.0 (45985606)|SYSTEM_MODE_EXIT|false
14:23:43.0 (48413927)|VF_SERIALIZE_VIEWSTATE_BEGIN|0667F000004uJm5
14:23:43.0 (50344305)|VF_SERIALIZE_VIEWSTATE_END
14:23:43.52 (52250663)|CUMULATIVE_LIMIT_USAGE
14:23:43.52 (52250663)|LIMIT_USAGE_FOR_NS|(default)|
  Number of SOQL queries: 1 out of 100
  Number of query rows: 6 out of 50000
  Number of SOSL queries: 0 out of 20
  Number of DML statements: 0 out of 150
  Number of DML rows: 0 out of 10000
  Maximum CPU time: 0 out of 10000
  Maximum heap size: 0 out of 6000000
  Number of callouts: 0 out of 100
  Number of Email Invocations: 0 out of 10
  Number of future calls: 0 out of 50
  Number of queueable jobs added to the queue: 0 out of 50
  Number of Mobile Apex push calls: 0 out of 10

14:23:43.52 (52250663)|CUMULATIVE_LIMIT_USAGE_END

14:23:43.0 (52284022)|CODE_UNIT_FINISHED|VF: /apex/PM_Project
14:23:43.0 (53018555)|EXECUTION_FINISHED
