36.0 APEX_CODE,FINEST;APEX_PROFILING,INFO;CALLOUT,INFO;DB,INFO;SYSTEM,DEBUG;VALIDATION,INFO;VISUALFORCE,INFO;WAVE,INFO;WORKFLOW,INFO
13:06:56.0 (332857)|USER_INFO|[EXTERNAL]|0057F000000T34o|ramireddypradeepreddy@gmail.com|Pacific Standard Time|GMT-08:00
13:06:56.0 (385906)|EXECUTION_STARTED
13:06:56.0 (391583)|CODE_UNIT_STARTED|[EXTERNAL]|0667F000004uJm5|VF: /apex/PM_Project
13:06:56.0 (30599418)|VF_SERIALIZE_VIEWSTATE_BEGIN|0667F000004uJm5
13:06:56.0 (36509053)|VF_SERIALIZE_VIEWSTATE_END
13:06:56.0 (37539872)|CODE_UNIT_STARTED|[EXTERNAL]|Generate Metadata
13:06:56.0 (38052255)|CODE_UNIT_FINISHED|Generate Metadata
13:06:56.39 (39859824)|CUMULATIVE_LIMIT_USAGE
13:06:56.39 (39859824)|LIMIT_USAGE_FOR_NS|(default)|
  Number of SOQL queries: 0 out of 100
  Number of query rows: 0 out of 50000
  Number of SOSL queries: 0 out of 20
  Number of DML statements: 0 out of 150
  Number of DML rows: 0 out of 10000
  Maximum CPU time: 0 out of 10000
  Maximum heap size: 0 out of 6000000
  Number of callouts: 0 out of 100
  Number of Email Invocations: 0 out of 10
  Number of future calls: 0 out of 50
  Number of queueable jobs added to the queue: 0 out of 50
  Number of Mobile Apex push calls: 0 out of 10

13:06:56.39 (39859824)|CUMULATIVE_LIMIT_USAGE_END

13:06:56.0 (39897868)|CODE_UNIT_FINISHED|VF: /apex/PM_Project
13:06:56.0 (40691368)|EXECUTION_FINISHED
