36.0 APEX_CODE,FINEST;APEX_PROFILING,INFO;CALLOUT,INFO;DB,INFO;SYSTEM,DEBUG;VALIDATION,INFO;VISUALFORCE,INFO;WAVE,INFO;WORKFLOW,INFO
14:21:26.0 (349119)|USER_INFO|[EXTERNAL]|0057F000000Tiz6|ksb994@salesforce.com|Pacific Standard Time|GMT-08:00
14:21:26.0 (390098)|EXECUTION_STARTED
14:21:26.0 (394904)|CODE_UNIT_STARTED|[EXTERNAL]|0667F000004uJm5|VF: /apex/PM_Project
14:21:26.0 (1073442)|VF_DESERIALIZE_VIEWSTATE_BEGIN|0667F000004uJm5
14:21:26.0 (7873073)|HEAP_ALLOCATE|[72]|Bytes:3
14:21:26.0 (7955810)|HEAP_ALLOCATE|[77]|Bytes:152
14:21:26.0 (7973496)|HEAP_ALLOCATE|[342]|Bytes:408
14:21:26.0 (7992560)|HEAP_ALLOCATE|[355]|Bytes:408
14:21:26.0 (8010087)|HEAP_ALLOCATE|[467]|Bytes:48
14:21:26.0 (8092832)|HEAP_ALLOCATE|[139]|Bytes:6
14:21:26.0 (10064736)|VF_DESERIALIZE_VIEWSTATE_END
14:21:26.0 (20902956)|VF_PAGE_MESSAGE|You must enter a value
14:21:26.0 (20950334)|VF_PAGE_MESSAGE|Client: You must enter a value
14:21:26.0 (21612906)|VF_PAGE_MESSAGE|You must enter a value
14:21:26.0 (21666543)|VF_PAGE_MESSAGE|Company project code: You must enter a value
14:21:26.0 (21730050)|VF_PAGE_MESSAGE|You must enter a value
14:21:26.0 (21766240)|VF_PAGE_MESSAGE|Project Name: You must enter a value
14:21:26.0 (22954579)|SYSTEM_MODE_ENTER|true
14:21:26.0 (23176254)|HEAP_ALLOCATE|[EXTERNAL]|Bytes:92
14:21:26.0 (23211019)|HEAP_ALLOCATE|[EXTERNAL]|Bytes:10
14:21:26.0 (23215634)|HEAP_ALLOCATE|[EXTERNAL]|Bytes:2
14:21:26.0 (23237594)|METHOD_ENTRY|[1]|01p7F00000EhPEd|Project_PM_Controller.Project_PM_Controller()
14:21:26.0 (23243693)|STATEMENT_EXECUTE|[1]
14:21:26.0 (23248024)|STATEMENT_EXECUTE|[1]
14:21:26.0 (23279997)|HEAP_ALLOCATE|[50]|Bytes:5
14:21:26.0 (23315141)|HEAP_ALLOCATE|[56]|Bytes:5
14:21:26.0 (23325209)|HEAP_ALLOCATE|[64]|Bytes:7
14:21:26.0 (23354343)|SYSTEM_MODE_ENTER|false
14:21:26.0 (23367060)|HEAP_ALLOCATE|[EXTERNAL]|Bytes:5
14:21:26.0 (23376720)|SYSTEM_MODE_EXIT|false
14:21:26.0 (23402583)|METHOD_EXIT|[1]|Project_PM_Controller
14:21:26.0 (23412797)|HEAP_ALLOCATE|[EXTERNAL]|Bytes:20
14:21:26.0 (23420644)|VARIABLE_SCOPE_BEGIN|[16]|this|Project_PM_Controller|true|false
14:21:26.0 (23665851)|VARIABLE_ASSIGNMENT|[16]|this|{"controller":"StandardController [[Project__c (]]","project":"0x17456c97","usersList":"0x76e21a3c"}|0x54896bd2
14:21:26.0 (23688153)|SYSTEM_MODE_ENTER|false
14:21:26.0 (23694366)|HEAP_ALLOCATE|[18]|Bytes:5
14:21:26.0 (23698656)|STATEMENT_EXECUTE|[16]
14:21:26.0 (23699821)|STATEMENT_EXECUTE|[18]
14:21:26.0 (23702279)|HEAP_ALLOCATE|[18]|Bytes:62
14:21:26.0 (23717448)|HEAP_ALLOCATE|[18]|Bytes:4
14:21:26.0 (24376213)|SOQL_EXECUTE_BEGIN|[18]|Aggregations:0|SELECT Id, Name FROM User WHERE UserRoleId = '00E7F000000Mdri'
14:21:26.0 (28746771)|SOQL_EXECUTE_END|[18]|Rows:6
14:21:26.0 (28772333)|HEAP_ALLOCATE|[18]|Bytes:28
14:21:26.0 (28797094)|HEAP_ALLOCATE|[18]|Bytes:271
14:21:26.0 (28857915)|HEAP_ALLOCATE|[18]|Bytes:28
14:21:26.0 (28875710)|VARIABLE_SCOPE_BEGIN|[18]|users|List<User>|true|false
14:21:26.0 (28906250)|VARIABLE_ASSIGNMENT|[18]|users|"List of size 6 too large to display"|0x344e4509
14:21:26.0 (29226035)|HEAP_ALLOCATE|[19]|Bytes:5
14:21:26.0 (29265225)|HEAP_ALLOCATE|[19]|Bytes:12
14:21:26.0 (29279033)|VARIABLE_SCOPE_BEGIN|[19]|usr|User|true|false
14:21:26.0 (29304777)|VARIABLE_ASSIGNMENT|[19]|usr|{"Id":"0057F000000TpdFQAS","Name":"Mani Sasank"}|0x2b1865e6
14:21:26.0 (29314100)|STATEMENT_EXECUTE|[19]
14:21:26.0 (29316360)|STATEMENT_EXECUTE|[20]
14:21:26.0 (29366581)|HEAP_ALLOCATE|[20]|Bytes:18
14:21:26.0 (29464929)|HEAP_ALLOCATE|[EXTERNAL]|Bytes:4
14:21:26.0 (29489087)|HEAP_ALLOCATE|[19]|Bytes:5
14:21:26.0 (29505459)|HEAP_ALLOCATE|[19]|Bytes:12
14:21:26.0 (29516565)|VARIABLE_SCOPE_BEGIN|[19]|usr|User|true|false
14:21:26.0 (29536743)|VARIABLE_ASSIGNMENT|[19]|usr|{"Id":"0057F000000TrBBQA0","Name":"Santhosh"}|0x45252bf6
14:21:26.0 (29546209)|STATEMENT_EXECUTE|[19]
14:21:26.0 (29548108)|STATEMENT_EXECUTE|[20]
14:21:26.0 (29567354)|HEAP_ALLOCATE|[20]|Bytes:18
14:21:26.0 (29591585)|HEAP_ALLOCATE|[EXTERNAL]|Bytes:4
14:21:26.0 (29607784)|HEAP_ALLOCATE|[19]|Bytes:5
14:21:26.0 (29621106)|HEAP_ALLOCATE|[19]|Bytes:12
14:21:26.0 (29630273)|VARIABLE_SCOPE_BEGIN|[19]|usr|User|true|false
14:21:26.0 (29648027)|VARIABLE_ASSIGNMENT|[19]|usr|{"Id":"0057F000000TrBGQA0","Name":"Ravi teja"}|0x58072135
14:21:26.0 (29655857)|STATEMENT_EXECUTE|[19]
14:21:26.0 (29657397)|STATEMENT_EXECUTE|[20]
14:21:26.0 (29668523)|HEAP_ALLOCATE|[20]|Bytes:18
14:21:26.0 (29685449)|HEAP_ALLOCATE|[EXTERNAL]|Bytes:4
14:21:26.0 (29698501)|HEAP_ALLOCATE|[19]|Bytes:5
14:21:26.0 (29706475)|HEAP_ALLOCATE|[19]|Bytes:12
14:21:26.0 (29711595)|VARIABLE_SCOPE_BEGIN|[19]|usr|User|true|false
14:21:26.0 (29722297)|VARIABLE_ASSIGNMENT|[19]|usr|{"Id":"0057F000000TrBVQA0","Name":"Yashwanth"}|0x11f030ac
14:21:26.0 (29726719)|STATEMENT_EXECUTE|[19]
14:21:26.0 (29727585)|STATEMENT_EXECUTE|[20]
14:21:26.0 (29734247)|HEAP_ALLOCATE|[20]|Bytes:18
14:21:26.0 (29744002)|HEAP_ALLOCATE|[EXTERNAL]|Bytes:4
14:21:26.0 (29751411)|HEAP_ALLOCATE|[19]|Bytes:5
14:21:26.0 (29757781)|HEAP_ALLOCATE|[19]|Bytes:12
14:21:26.0 (29761857)|VARIABLE_SCOPE_BEGIN|[19]|usr|User|true|false
14:21:26.0 (29774458)|VARIABLE_ASSIGNMENT|[19]|usr|{"Id":"0057F000000Tz0iQAC","Name":"Richa"}|0x792f4021
14:21:26.0 (29781762)|STATEMENT_EXECUTE|[19]
14:21:26.0 (29783094)|STATEMENT_EXECUTE|[20]
14:21:26.0 (29791086)|HEAP_ALLOCATE|[20]|Bytes:18
14:21:26.0 (29805724)|HEAP_ALLOCATE|[EXTERNAL]|Bytes:4
14:21:26.0 (29818534)|HEAP_ALLOCATE|[19]|Bytes:5
14:21:26.0 (29829644)|HEAP_ALLOCATE|[19]|Bytes:12
14:21:26.0 (29837370)|VARIABLE_SCOPE_BEGIN|[19]|usr|User|true|false
14:21:26.0 (29852580)|VARIABLE_ASSIGNMENT|[19]|usr|{"Id":"0057F000000Tz0sQAC","Name":"Veeresh"}|0x15b9ae69
14:21:26.0 (29861098)|STATEMENT_EXECUTE|[19]
14:21:26.0 (29862599)|STATEMENT_EXECUTE|[20]
14:21:26.0 (29870881)|HEAP_ALLOCATE|[20]|Bytes:18
14:21:26.0 (29886493)|HEAP_ALLOCATE|[EXTERNAL]|Bytes:4
14:21:26.0 (29901378)|HEAP_ALLOCATE|[19]|Bytes:5
14:21:26.0 (29915762)|VARIABLE_ASSIGNMENT|[19]|usr|null|
14:21:26.0 (29923447)|STATEMENT_EXECUTE|[23]
14:21:26.0 (29932939)|SYSTEM_MODE_EXIT|false
14:21:26.0 (30221002)|SYSTEM_MODE_ENTER|true
14:21:26.0 (49632377)|SYSTEM_MODE_ENTER|true
14:21:26.0 (49684202)|HEAP_ALLOCATE|[EXTERNAL]|Bytes:20
14:21:26.0 (49696306)|VARIABLE_SCOPE_BEGIN|[16]|this|Project_PM_Controller|true|false
14:21:26.0 (49869724)|VARIABLE_ASSIGNMENT|[16]|this|{"controller":"StandardController [[Project__c (]]","project":"0x17456c97","usersList":"0x76e21a3c"}|0x54896bd2
14:21:26.0 (49891418)|SYSTEM_MODE_ENTER|false
14:21:26.0 (49898244)|HEAP_ALLOCATE|[18]|Bytes:5
14:21:26.0 (49904075)|STATEMENT_EXECUTE|[16]
14:21:26.0 (49905496)|STATEMENT_EXECUTE|[18]
14:21:26.0 (49916704)|HEAP_ALLOCATE|[18]|Bytes:4
14:21:26.0 (50042563)|SOQL_EXECUTE_BEGIN|[18]|Aggregations:0|SELECT Id, Name FROM User WHERE UserRoleId = '00E7F000000Mdri'
14:21:26.0 (53515520)|SOQL_EXECUTE_END|[18]|Rows:6
14:21:26.0 (53532827)|HEAP_ALLOCATE|[18]|Bytes:28
14:21:26.0 (53551278)|HEAP_ALLOCATE|[18]|Bytes:271
14:21:26.0 (53579572)|HEAP_ALLOCATE|[18]|Bytes:28
14:21:26.0 (53590837)|VARIABLE_SCOPE_BEGIN|[18]|users|List<User>|true|false
14:21:26.0 (53607575)|VARIABLE_ASSIGNMENT|[18]|users|"List of size 6 too large to display"|0x1237fede
14:21:26.0 (53633758)|HEAP_ALLOCATE|[19]|Bytes:5
14:21:26.0 (53645566)|HEAP_ALLOCATE|[19]|Bytes:12
14:21:26.0 (53653230)|VARIABLE_SCOPE_BEGIN|[19]|usr|User|true|false
14:21:26.0 (53666775)|VARIABLE_ASSIGNMENT|[19]|usr|{"Id":"0057F000000TpdFQAS","Name":"Mani Sasank"}|0x3b95123f
14:21:26.0 (53672033)|STATEMENT_EXECUTE|[19]
14:21:26.0 (53673351)|STATEMENT_EXECUTE|[20]
14:21:26.0 (53686096)|HEAP_ALLOCATE|[20]|Bytes:18
14:21:26.0 (53706037)|HEAP_ALLOCATE|[EXTERNAL]|Bytes:4
14:21:26.0 (53716392)|HEAP_ALLOCATE|[19]|Bytes:5
14:21:26.0 (53723710)|HEAP_ALLOCATE|[19]|Bytes:12
14:21:26.0 (53728649)|VARIABLE_SCOPE_BEGIN|[19]|usr|User|true|false
14:21:26.0 (53738481)|VARIABLE_ASSIGNMENT|[19]|usr|{"Id":"0057F000000TrBBQA0","Name":"Santhosh"}|0x27472e4d
14:21:26.0 (53743166)|STATEMENT_EXECUTE|[19]
14:21:26.0 (53744081)|STATEMENT_EXECUTE|[20]
14:21:26.0 (53749928)|HEAP_ALLOCATE|[20]|Bytes:18
14:21:26.0 (53759265)|HEAP_ALLOCATE|[EXTERNAL]|Bytes:4
14:21:26.0 (53767529)|HEAP_ALLOCATE|[19]|Bytes:5
14:21:26.0 (53773842)|HEAP_ALLOCATE|[19]|Bytes:12
14:21:26.0 (53778040)|VARIABLE_SCOPE_BEGIN|[19]|usr|User|true|false
14:21:26.0 (53786811)|VARIABLE_ASSIGNMENT|[19]|usr|{"Id":"0057F000000TrBGQA0","Name":"Ravi teja"}|0x6468316c
14:21:26.0 (53791317)|STATEMENT_EXECUTE|[19]
14:21:26.0 (53792488)|STATEMENT_EXECUTE|[20]
14:21:26.0 (53797484)|HEAP_ALLOCATE|[20]|Bytes:18
14:21:26.0 (53805619)|HEAP_ALLOCATE|[EXTERNAL]|Bytes:4
14:21:26.0 (53812564)|HEAP_ALLOCATE|[19]|Bytes:5
14:21:26.0 (53818517)|HEAP_ALLOCATE|[19]|Bytes:12
14:21:26.0 (53822409)|VARIABLE_SCOPE_BEGIN|[19]|usr|User|true|false
14:21:26.0 (53831140)|VARIABLE_ASSIGNMENT|[19]|usr|{"Id":"0057F000000TrBVQA0","Name":"Yashwanth"}|0x42cf4b20
14:21:26.0 (53835122)|STATEMENT_EXECUTE|[19]
14:21:26.0 (53836043)|STATEMENT_EXECUTE|[20]
14:21:26.0 (53840399)|HEAP_ALLOCATE|[20]|Bytes:18
14:21:26.0 (53847869)|HEAP_ALLOCATE|[EXTERNAL]|Bytes:4
14:21:26.0 (53854876)|HEAP_ALLOCATE|[19]|Bytes:5
14:21:26.0 (53860704)|HEAP_ALLOCATE|[19]|Bytes:12
14:21:26.0 (53864860)|VARIABLE_SCOPE_BEGIN|[19]|usr|User|true|false
14:21:26.0 (53872824)|VARIABLE_ASSIGNMENT|[19]|usr|{"Id":"0057F000000Tz0iQAC","Name":"Richa"}|0x51d8bdac
14:21:26.0 (53876906)|STATEMENT_EXECUTE|[19]
14:21:26.0 (53877719)|STATEMENT_EXECUTE|[20]
14:21:26.0 (53881942)|HEAP_ALLOCATE|[20]|Bytes:18
14:21:26.0 (53889713)|HEAP_ALLOCATE|[EXTERNAL]|Bytes:4
14:21:26.0 (53896495)|HEAP_ALLOCATE|[19]|Bytes:5
14:21:26.0 (53902606)|HEAP_ALLOCATE|[19]|Bytes:12
14:21:26.0 (53906511)|VARIABLE_SCOPE_BEGIN|[19]|usr|User|true|false
14:21:26.0 (53914775)|VARIABLE_ASSIGNMENT|[19]|usr|{"Id":"0057F000000Tz0sQAC","Name":"Veeresh"}|0x4ff3d49c
14:21:26.0 (53918930)|STATEMENT_EXECUTE|[19]
14:21:26.0 (53919743)|STATEMENT_EXECUTE|[20]
14:21:26.0 (53923846)|HEAP_ALLOCATE|[20]|Bytes:18
14:21:26.0 (53931447)|HEAP_ALLOCATE|[EXTERNAL]|Bytes:4
14:21:26.0 (53938354)|HEAP_ALLOCATE|[19]|Bytes:5
14:21:26.0 (53945914)|VARIABLE_ASSIGNMENT|[19]|usr|null|
14:21:26.0 (53949879)|STATEMENT_EXECUTE|[23]
14:21:26.0 (53953946)|SYSTEM_MODE_EXIT|false
14:21:26.0 (56628789)|VF_SERIALIZE_VIEWSTATE_BEGIN|0667F000004uJm5
14:21:26.0 (58715275)|VF_SERIALIZE_VIEWSTATE_END
14:21:26.60 (60706734)|CUMULATIVE_LIMIT_USAGE
14:21:26.60 (60706734)|LIMIT_USAGE_FOR_NS|(default)|
  Number of SOQL queries: 2 out of 100
  Number of query rows: 12 out of 50000
  Number of SOSL queries: 0 out of 20
  Number of DML statements: 0 out of 150
  Number of DML rows: 0 out of 10000
  Maximum CPU time: 0 out of 10000
  Maximum heap size: 0 out of 6000000
  Number of callouts: 0 out of 100
  Number of Email Invocations: 0 out of 10
  Number of future calls: 0 out of 50
  Number of queueable jobs added to the queue: 0 out of 50
  Number of Mobile Apex push calls: 0 out of 10

14:21:26.60 (60706734)|CUMULATIVE_LIMIT_USAGE_END

14:21:26.0 (60737363)|CODE_UNIT_FINISHED|VF: /apex/PM_Project
14:21:26.0 (61450993)|EXECUTION_FINISHED
