41.0 APEX_CODE,FINEST;APEX_PROFILING,INFO;CALLOUT,INFO;DB,INFO;SYSTEM,DEBUG;VALIDATION,INFO;VISUALFORCE,INFO;WAVE,INFO;WORKFLOW,INFO
13:22:01.0 (309495)|USER_INFO|[EXTERNAL]|0057F000000T34o|ramireddypradeepreddy@gmail.com|Pacific Standard Time|GMT-08:00
13:22:01.0 (340391)|EXECUTION_STARTED
13:22:01.0 (343674)|CODE_UNIT_STARTED|[EXTERNAL]|0667F000004uJqN|VF: /apex/html
13:22:01.10 (10241071)|CUMULATIVE_LIMIT_USAGE
13:22:01.10 (10241071)|LIMIT_USAGE_FOR_NS|(default)|
  Number of SOQL queries: 0 out of 100
  Number of query rows: 0 out of 50000
  Number of SOSL queries: 0 out of 20
  Number of DML statements: 0 out of 150
  Number of DML rows: 0 out of 10000
  Maximum CPU time: 0 out of 10000
  Maximum heap size: 0 out of 6000000
  Number of callouts: 0 out of 100
  Number of Email Invocations: 0 out of 10
  Number of future calls: 0 out of 50
  Number of queueable jobs added to the queue: 0 out of 50
  Number of Mobile Apex push calls: 0 out of 10

13:22:01.10 (10241071)|CUMULATIVE_LIMIT_USAGE_END

13:22:01.0 (10283645)|CODE_UNIT_FINISHED|VF: /apex/html
13:22:01.0 (11065204)|EXECUTION_FINISHED
