36.0 APEX_CODE,FINEST;APEX_PROFILING,INFO;CALLOUT,INFO;DB,INFO;SYSTEM,DEBUG;VALIDATION,INFO;VISUALFORCE,INFO;WAVE,INFO;WORKFLOW,INFO
14:25:41.0 (307716)|USER_INFO|[EXTERNAL]|0057F000000Tiz6|ksb994@salesforce.com|Pacific Standard Time|GMT-08:00
14:25:41.0 (336939)|EXECUTION_STARTED
14:25:41.0 (340582)|CODE_UNIT_STARTED|[EXTERNAL]|0667F000004uJm5|VF: /apex/PM_Project
14:25:41.0 (944798)|VF_DESERIALIZE_VIEWSTATE_BEGIN|0667F000004uJm5
14:25:41.0 (6945922)|HEAP_ALLOCATE|[72]|Bytes:3
14:25:41.0 (6978947)|HEAP_ALLOCATE|[77]|Bytes:152
14:25:41.0 (6992403)|HEAP_ALLOCATE|[342]|Bytes:408
14:25:41.0 (7007609)|HEAP_ALLOCATE|[355]|Bytes:408
14:25:41.0 (7021555)|HEAP_ALLOCATE|[467]|Bytes:48
14:25:41.0 (7046516)|HEAP_ALLOCATE|[139]|Bytes:6
14:25:41.0 (8886836)|VF_DESERIALIZE_VIEWSTATE_END
14:25:41.0 (27549916)|SYSTEM_MODE_ENTER|true
14:25:41.0 (27590043)|HEAP_ALLOCATE|[EXTERNAL]|Bytes:92
14:25:41.0 (27599895)|HEAP_ALLOCATE|[EXTERNAL]|Bytes:10
14:25:41.0 (27603811)|HEAP_ALLOCATE|[EXTERNAL]|Bytes:2
14:25:41.0 (27624283)|METHOD_ENTRY|[1]|01p7F00000EhPEd|Project_PM_Controller.Project_PM_Controller()
14:25:41.0 (27630379)|STATEMENT_EXECUTE|[1]
14:25:41.0 (27636397)|STATEMENT_EXECUTE|[1]
14:25:41.0 (27669373)|HEAP_ALLOCATE|[50]|Bytes:5
14:25:41.0 (27694529)|HEAP_ALLOCATE|[56]|Bytes:5
14:25:41.0 (27704373)|HEAP_ALLOCATE|[64]|Bytes:7
14:25:41.0 (27727807)|SYSTEM_MODE_ENTER|false
14:25:41.0 (27743424)|HEAP_ALLOCATE|[EXTERNAL]|Bytes:5
14:25:41.0 (27751114)|SYSTEM_MODE_EXIT|false
14:25:41.0 (27763756)|METHOD_EXIT|[1]|Project_PM_Controller
14:25:41.28 (28550319)|HEAP_ALLOCATE|[EXTERNAL]|Bytes:-4
14:25:41.29 (29029241)|HEAP_ALLOCATE|[EXTERNAL]|Bytes:-4
14:25:41.29 (29143249)|HEAP_ALLOCATE|[EXTERNAL]|Bytes:-4
14:25:41.0 (29564149)|SYSTEM_MODE_ENTER|true
14:25:41.0 (29603347)|HEAP_ALLOCATE|[EXTERNAL]|Bytes:4
14:25:41.0 (29637413)|HEAP_ALLOCATE|[EXTERNAL]|Bytes:4
14:25:41.0 (29647880)|HEAP_ALLOCATE|[EXTERNAL]|Bytes:20
14:25:41.0 (29689655)|VARIABLE_ASSIGNMENT|[EXTERNAL]|this.selectedUsers|[]|0x59eca4a2
14:25:41.0 (30385579)|HEAP_ALLOCATE|[EXTERNAL]|Bytes:20
14:25:41.0 (30399100)|VARIABLE_SCOPE_BEGIN|[26]|this|Project_PM_Controller|true|false
14:25:41.0 (30578592)|VARIABLE_ASSIGNMENT|[26]|this|{"controller":"StandardController [[Project__c (Client__c:a047F000002zkUjQAI, Company_project_code__c:54, Name:54)]]","project":"0x7519cc99","selectedUsers":"0x47b7ecdf","usersList":"0x28adcbc4"}|0x59eca4a2
14:25:41.0 (30605180)|SYSTEM_MODE_ENTER|false
14:25:41.0 (30613382)|HEAP_ALLOCATE|[27]|Bytes:5
14:25:41.0 (30618763)|STATEMENT_EXECUTE|[26]
14:25:41.0 (30620464)|STATEMENT_EXECUTE|[27]
14:25:41.0 (30624013)|HEAP_ALLOCATE|[27]|Bytes:36
14:25:41.0 (30747673)|VARIABLE_ASSIGNMENT|[EXTERNAL]|this|{"controller":"StandardController [[Project__c (Client__c:a047F000002zkUjQAI, Company_project_code__c:54, Name:54)]]","project":"0x7519cc99","selectedUsers":"0x47b7ecdf","usersList":"0x28adcbc4"}|0x59eca4a2
14:25:41.0 (30796073)|HEAP_ALLOCATE|[27]|Bytes:2
14:25:41.0 (30813208)|HEAP_ALLOCATE|[27]|Bytes:38
14:25:41.0 (30831951)|USER_DEBUG|[27]|DEBUG|------------------------------------()
14:25:41.0 (30842466)|SYSTEM_MODE_EXIT|false
14:25:41.0 (57282408)|SYSTEM_MODE_ENTER|true
14:25:41.0 (57327480)|HEAP_ALLOCATE|[EXTERNAL]|Bytes:20
14:25:41.0 (57337929)|VARIABLE_SCOPE_BEGIN|[16]|this|Project_PM_Controller|true|false
14:25:41.0 (57475522)|VARIABLE_ASSIGNMENT|[16]|this|{"controller":"StandardController [[Project__c (Client__c:a047F000002zkUjQAI, Company_project_code__c:54, Name:54)]]","project":"0x7519cc99","selectedUsers":"0x47b7ecdf","usersList":"0x28adcbc4"}|0x59eca4a2
14:25:41.0 (57500309)|SYSTEM_MODE_ENTER|false
14:25:41.0 (57508751)|HEAP_ALLOCATE|[17]|Bytes:5
14:25:41.0 (57514322)|STATEMENT_EXECUTE|[16]
14:25:41.0 (57516138)|STATEMENT_EXECUTE|[17]
14:25:41.0 (57528409)|HEAP_ALLOCATE|[17]|Bytes:4
14:25:41.0 (57695448)|VARIABLE_ASSIGNMENT|[EXTERNAL]|this|{"controller":"StandardController [[Project__c (Client__c:a047F000002zkUjQAI, Company_project_code__c:54, Name:54)]]","project":"0x7519cc99","selectedUsers":"0x47b7ecdf","usersList":"0x28adcbc4"}|0x59eca4a2
14:25:41.0 (57738319)|HEAP_ALLOCATE|[EXTERNAL]|Bytes:4
14:25:41.0 (57748174)|VARIABLE_ASSIGNMENT|[EXTERNAL]|value|[]|0x1177fed7
14:25:41.0 (57778349)|VARIABLE_ASSIGNMENT|[5]|this.selectedUsers|[]|0x59eca4a2
14:25:41.0 (57790651)|STATEMENT_EXECUTE|[18]
14:25:41.0 (57795837)|HEAP_ALLOCATE|[18]|Bytes:62
14:25:41.0 (57815426)|HEAP_ALLOCATE|[18]|Bytes:4
14:25:41.0 (59040900)|SOQL_EXECUTE_BEGIN|[18]|Aggregations:0|SELECT Id, Name FROM User WHERE UserRoleId = '00E7F000000Mdri'
14:25:41.0 (64893809)|SOQL_EXECUTE_END|[18]|Rows:6
14:25:41.0 (64914948)|HEAP_ALLOCATE|[18]|Bytes:28
14:25:41.0 (64935520)|HEAP_ALLOCATE|[18]|Bytes:271
14:25:41.0 (65004400)|HEAP_ALLOCATE|[18]|Bytes:28
14:25:41.0 (65018658)|VARIABLE_SCOPE_BEGIN|[18]|users|List<User>|true|false
14:25:41.0 (65035101)|VARIABLE_ASSIGNMENT|[18]|users|"List of size 6 too large to display"|0xa5644b3
14:25:41.0 (65224698)|HEAP_ALLOCATE|[19]|Bytes:5
14:25:41.0 (65262444)|HEAP_ALLOCATE|[19]|Bytes:12
14:25:41.0 (65272523)|VARIABLE_SCOPE_BEGIN|[19]|usr|User|true|false
14:25:41.0 (65289202)|VARIABLE_ASSIGNMENT|[19]|usr|{"Id":"0057F000000TpdFQAS","Name":"Mani Sasank"}|0x4e72f581
14:25:41.0 (65295321)|STATEMENT_EXECUTE|[19]
14:25:41.0 (65296920)|STATEMENT_EXECUTE|[20]
14:25:41.0 (65337346)|HEAP_ALLOCATE|[20]|Bytes:18
14:25:41.0 (65404319)|HEAP_ALLOCATE|[EXTERNAL]|Bytes:4
14:25:41.0 (65422590)|HEAP_ALLOCATE|[19]|Bytes:5
14:25:41.0 (65433815)|HEAP_ALLOCATE|[19]|Bytes:12
14:25:41.0 (65440464)|VARIABLE_SCOPE_BEGIN|[19]|usr|User|true|false
14:25:41.0 (65453876)|VARIABLE_ASSIGNMENT|[19]|usr|{"Id":"0057F000000TrBBQA0","Name":"Santhosh"}|0x62ab8803
14:25:41.0 (65459268)|STATEMENT_EXECUTE|[19]
14:25:41.0 (65460671)|STATEMENT_EXECUTE|[20]
14:25:41.0 (65470561)|HEAP_ALLOCATE|[20]|Bytes:18
14:25:41.0 (65483066)|HEAP_ALLOCATE|[EXTERNAL]|Bytes:4
14:25:41.0 (65493797)|HEAP_ALLOCATE|[19]|Bytes:5
14:25:41.0 (65502293)|HEAP_ALLOCATE|[19]|Bytes:12
14:25:41.0 (65507444)|VARIABLE_SCOPE_BEGIN|[19]|usr|User|true|false
14:25:41.0 (65518238)|VARIABLE_ASSIGNMENT|[19]|usr|{"Id":"0057F000000TrBGQA0","Name":"Ravi teja"}|0x71965f59
14:25:41.0 (65523153)|STATEMENT_EXECUTE|[19]
14:25:41.0 (65524417)|STATEMENT_EXECUTE|[20]
14:25:41.0 (65530789)|HEAP_ALLOCATE|[20]|Bytes:18
14:25:41.0 (65540265)|HEAP_ALLOCATE|[EXTERNAL]|Bytes:4
14:25:41.0 (65549530)|HEAP_ALLOCATE|[19]|Bytes:5
14:25:41.0 (65556812)|HEAP_ALLOCATE|[19]|Bytes:12
14:25:41.0 (65561729)|VARIABLE_SCOPE_BEGIN|[19]|usr|User|true|false
14:25:41.0 (65572210)|VARIABLE_ASSIGNMENT|[19]|usr|{"Id":"0057F000000TrBVQA0","Name":"Yashwanth"}|0x54fdf05b
14:25:41.0 (65577020)|STATEMENT_EXECUTE|[19]
14:25:41.0 (65578147)|STATEMENT_EXECUTE|[20]
14:25:41.0 (65583673)|HEAP_ALLOCATE|[20]|Bytes:18
14:25:41.0 (65592943)|HEAP_ALLOCATE|[EXTERNAL]|Bytes:4
14:25:41.0 (65601785)|HEAP_ALLOCATE|[19]|Bytes:5
14:25:41.0 (65608949)|HEAP_ALLOCATE|[19]|Bytes:12
14:25:41.0 (65614062)|VARIABLE_SCOPE_BEGIN|[19]|usr|User|true|false
14:25:41.0 (65624001)|VARIABLE_ASSIGNMENT|[19]|usr|{"Id":"0057F000000Tz0iQAC","Name":"Richa"}|0xdfac9b8
14:25:41.0 (65628824)|STATEMENT_EXECUTE|[19]
14:25:41.0 (65630009)|STATEMENT_EXECUTE|[20]
14:25:41.0 (65635575)|HEAP_ALLOCATE|[20]|Bytes:18
14:25:41.0 (65644506)|HEAP_ALLOCATE|[EXTERNAL]|Bytes:4
14:25:41.0 (65653261)|HEAP_ALLOCATE|[19]|Bytes:5
14:25:41.0 (65660111)|HEAP_ALLOCATE|[19]|Bytes:12
14:25:41.0 (65664777)|VARIABLE_SCOPE_BEGIN|[19]|usr|User|true|false
14:25:41.0 (65680838)|VARIABLE_ASSIGNMENT|[19]|usr|{"Id":"0057F000000Tz0sQAC","Name":"Veeresh"}|0x332fb394
14:25:41.0 (65685787)|STATEMENT_EXECUTE|[19]
14:25:41.0 (65686890)|STATEMENT_EXECUTE|[20]
14:25:41.0 (65693321)|HEAP_ALLOCATE|[20]|Bytes:18
14:25:41.0 (65703386)|HEAP_ALLOCATE|[EXTERNAL]|Bytes:4
14:25:41.0 (65712682)|HEAP_ALLOCATE|[19]|Bytes:5
14:25:41.0 (65721752)|VARIABLE_ASSIGNMENT|[19]|usr|null|
14:25:41.0 (65726726)|STATEMENT_EXECUTE|[23]
14:25:41.0 (65734274)|SYSTEM_MODE_EXIT|false
14:25:41.0 (65976123)|SYSTEM_MODE_ENTER|true
14:25:41.0 (68718773)|VF_SERIALIZE_VIEWSTATE_BEGIN|0667F000004uJm5
14:25:41.0 (70884373)|VF_SERIALIZE_VIEWSTATE_END
14:25:41.72 (72883919)|CUMULATIVE_LIMIT_USAGE
14:25:41.72 (72883919)|LIMIT_USAGE_FOR_NS|(default)|
  Number of SOQL queries: 1 out of 100
  Number of query rows: 6 out of 50000
  Number of SOSL queries: 0 out of 20
  Number of DML statements: 0 out of 150
  Number of DML rows: 0 out of 10000
  Maximum CPU time: 0 out of 10000
  Maximum heap size: 0 out of 6000000
  Number of callouts: 0 out of 100
  Number of Email Invocations: 0 out of 10
  Number of future calls: 0 out of 50
  Number of queueable jobs added to the queue: 0 out of 50
  Number of Mobile Apex push calls: 0 out of 10

14:25:41.72 (72883919)|CUMULATIVE_LIMIT_USAGE_END

14:25:41.0 (72913712)|CODE_UNIT_FINISHED|VF: /apex/PM_Project
14:25:41.0 (73721683)|EXECUTION_FINISHED
