41.0 APEX_CODE,FINEST;APEX_PROFILING,INFO;CALLOUT,INFO;DB,INFO;SYSTEM,DEBUG;VALIDATION,INFO;VISUALFORCE,INFO;WAVE,INFO;WORKFLOW,INFO
13:04:37.0 (50216)|USER_INFO|[EXTERNAL]|0057F000000T34o|ramireddypradeepreddy@gmail.com|Pacific Standard Time|GMT-08:00
13:04:37.0 (79716)|EXECUTION_STARTED
13:04:37.0 (83140)|CODE_UNIT_STARTED|[EXTERNAL]|0667F000004uJmA|VF: /apex/content
13:04:37.14 (14071686)|CUMULATIVE_LIMIT_USAGE
13:04:37.14 (14071686)|LIMIT_USAGE_FOR_NS|(default)|
  Number of SOQL queries: 0 out of 100
  Number of query rows: 0 out of 50000
  Number of SOSL queries: 0 out of 20
  Number of DML statements: 0 out of 150
  Number of DML rows: 0 out of 10000
  Maximum CPU time: 0 out of 10000
  Maximum heap size: 0 out of 6000000
  Number of callouts: 0 out of 100
  Number of Email Invocations: 0 out of 10
  Number of future calls: 0 out of 50
  Number of queueable jobs added to the queue: 0 out of 50
  Number of Mobile Apex push calls: 0 out of 10

13:04:37.14 (14071686)|CUMULATIVE_LIMIT_USAGE_END

13:04:37.0 (14106362)|CODE_UNIT_FINISHED|VF: /apex/content
13:04:37.0 (14820787)|EXECUTION_FINISHED
