36.0 APEX_CODE,FINEST;APEX_PROFILING,INFO;CALLOUT,INFO;DB,INFO;SYSTEM,DEBUG;VALIDATION,INFO;VISUALFORCE,INFO;WAVE,INFO;WORKFLOW,INFO
14:09:40.0 (46086)|USER_INFO|[EXTERNAL]|0057F000000Tiz6|ksb994@salesforce.com|Pacific Standard Time|GMT-08:00
14:09:40.0 (74861)|EXECUTION_STARTED
14:09:40.0 (78041)|CODE_UNIT_STARTED|[EXTERNAL]|0667F000004uJm5|VF: /apex/PM_Project
14:09:40.0 (18535044)|SYSTEM_MODE_ENTER|true
14:09:40.0 (18992367)|HEAP_ALLOCATE|[72]|Bytes:3
14:09:40.0 (19047650)|HEAP_ALLOCATE|[77]|Bytes:152
14:09:40.0 (19061120)|HEAP_ALLOCATE|[342]|Bytes:408
14:09:40.0 (19075236)|HEAP_ALLOCATE|[355]|Bytes:408
14:09:40.0 (19088157)|HEAP_ALLOCATE|[467]|Bytes:48
14:09:40.0 (19139031)|HEAP_ALLOCATE|[139]|Bytes:6
14:09:40.0 (19154027)|HEAP_ALLOCATE|[EXTERNAL]|Bytes:92
14:09:40.0 (19171322)|HEAP_ALLOCATE|[EXTERNAL]|Bytes:7
14:09:40.0 (19201903)|METHOD_ENTRY|[1]|01p7F00000EhPEd|Project_PM_Controller.Project_PM_Controller()
14:09:40.0 (19208343)|STATEMENT_EXECUTE|[1]
14:09:40.0 (19218028)|STATEMENT_EXECUTE|[1]
14:09:40.0 (19248282)|HEAP_ALLOCATE|[50]|Bytes:5
14:09:40.0 (19268501)|HEAP_ALLOCATE|[56]|Bytes:5
14:09:40.0 (19275148)|HEAP_ALLOCATE|[64]|Bytes:7
14:09:40.0 (19296214)|SYSTEM_MODE_ENTER|false
14:09:40.0 (19307336)|HEAP_ALLOCATE|[EXTERNAL]|Bytes:5
14:09:40.0 (19313845)|SYSTEM_MODE_EXIT|false
14:09:40.0 (19335510)|METHOD_EXIT|[1]|Project_PM_Controller
14:09:40.0 (19396629)|HEAP_ALLOCATE|[EXTERNAL]|Bytes:20
14:09:40.0 (19441912)|VARIABLE_SCOPE_BEGIN|[11]|this|Project_PM_Controller|true|false
14:09:40.0 (19494037)|VARIABLE_ASSIGNMENT|[11]|this|{}|0x12cf077b
14:09:40.0 (19501691)|VARIABLE_SCOPE_BEGIN|[11]|stdController|ApexPages.StandardController|true|false
14:09:40.0 (19665239)|VARIABLE_ASSIGNMENT|[11]|stdController|"StandardController [null]"|0x545fb8e6
14:09:40.0 (19686052)|SYSTEM_MODE_ENTER|false
14:09:40.0 (19692791)|HEAP_ALLOCATE|[6]|Bytes:5
14:09:40.0 (19698144)|STATEMENT_EXECUTE|[1]
14:09:40.0 (19702703)|HEAP_ALLOCATE|[6]|Bytes:5
14:09:40.0 (19722557)|STATEMENT_EXECUTE|[2]
14:09:40.0 (19725710)|STATEMENT_EXECUTE|[3]
14:09:40.0 (19727071)|STATEMENT_EXECUTE|[5]
14:09:40.0 (19728252)|STATEMENT_EXECUTE|[6]
14:09:40.0 (19748674)|HEAP_ALLOCATE|[6]|Bytes:4
14:09:40.0 (19868053)|HEAP_ALLOCATE|[EXTERNAL]|Bytes:4
14:09:40.0 (19880673)|VARIABLE_ASSIGNMENT|[6]|this.usersList|[]|0x12cf077b
14:09:40.0 (19892781)|HEAP_ALLOCATE|[6]|Bytes:6
14:09:40.0 (19924892)|STATEMENT_EXECUTE|[11]
14:09:40.0 (19926286)|STATEMENT_EXECUTE|[12]
14:09:40.0 (20017136)|VARIABLE_ASSIGNMENT|[12]|this.controller|"StandardController [null]"|0x12cf077b
14:09:40.0 (20027286)|STATEMENT_EXECUTE|[13]
14:09:40.0 (20165414)|HEAP_ALLOCATE|[13]|Bytes:4
14:09:40.0 (20217328)|VARIABLE_ASSIGNMENT|[13]|this.project|{}|0x12cf077b
14:09:40.0 (20225445)|SYSTEM_MODE_EXIT|false
14:09:40.0 (39458935)|SYSTEM_MODE_ENTER|true
14:09:40.0 (39503866)|HEAP_ALLOCATE|[EXTERNAL]|Bytes:20
14:09:40.0 (39574327)|VARIABLE_SCOPE_BEGIN|[16]|this|Project_PM_Controller|true|false
14:09:40.0 (39736230)|VARIABLE_ASSIGNMENT|[16]|this|{"controller":"StandardController [[Project__c (]]","project":"0x6fd7f657","usersList":"0x6c0f0a61"}|0x12cf077b
14:09:40.0 (39759185)|SYSTEM_MODE_ENTER|false
14:09:40.0 (39766732)|HEAP_ALLOCATE|[18]|Bytes:5
14:09:40.0 (39771926)|STATEMENT_EXECUTE|[16]
14:09:40.0 (39773237)|STATEMENT_EXECUTE|[18]
14:09:40.0 (39776258)|HEAP_ALLOCATE|[18]|Bytes:62
14:09:40.0 (39797032)|HEAP_ALLOCATE|[18]|Bytes:4
14:09:40.0 (39985954)|SOQL_EXECUTE_BEGIN|[18]|Aggregations:0|SELECT Id, Name FROM User WHERE UserRoleId = '00E7F000000MdrT'
14:09:40.0 (50068181)|SOQL_EXECUTE_END|[18]|Rows:2
14:09:40.0 (50107528)|HEAP_ALLOCATE|[18]|Bytes:12
14:09:40.0 (50128485)|HEAP_ALLOCATE|[18]|Bytes:95
14:09:40.0 (50211554)|HEAP_ALLOCATE|[18]|Bytes:12
14:09:40.0 (50231302)|VARIABLE_SCOPE_BEGIN|[18]|users|List<User>|true|false
14:09:40.0 (50256975)|VARIABLE_ASSIGNMENT|[18]|users|[{"Id":"0057F000000TpcqQAC","Name":"Aravind"},{"Id":"0057F000000TyyXQAS","Name":"Nikhil Kishore"}]|0x443bf4
14:09:40.0 (50446439)|HEAP_ALLOCATE|[19]|Bytes:5
14:09:40.0 (50466867)|HEAP_ALLOCATE|[19]|Bytes:12
14:09:40.0 (50476618)|VARIABLE_SCOPE_BEGIN|[19]|usr|User|true|false
14:09:40.0 (50491456)|VARIABLE_ASSIGNMENT|[19]|usr|{"Id":"0057F000000TpcqQAC","Name":"Aravind"}|0x312fbee2
14:09:40.0 (50497646)|STATEMENT_EXECUTE|[19]
14:09:40.0 (50499245)|STATEMENT_EXECUTE|[20]
14:09:40.0 (50543066)|HEAP_ALLOCATE|[20]|Bytes:18
14:09:40.0 (50610700)|HEAP_ALLOCATE|[EXTERNAL]|Bytes:4
14:09:40.0 (50626157)|HEAP_ALLOCATE|[19]|Bytes:5
14:09:40.0 (50635645)|HEAP_ALLOCATE|[19]|Bytes:12
14:09:40.0 (50641497)|VARIABLE_SCOPE_BEGIN|[19]|usr|User|true|false
14:09:40.0 (50654441)|VARIABLE_ASSIGNMENT|[19]|usr|{"Id":"0057F000000TyyXQAS","Name":"Nikhil Kishore"}|0x1015a8a8
14:09:40.0 (50660261)|STATEMENT_EXECUTE|[19]
14:09:40.0 (50661366)|STATEMENT_EXECUTE|[20]
14:09:40.0 (50670434)|HEAP_ALLOCATE|[20]|Bytes:18
14:09:40.0 (50682109)|HEAP_ALLOCATE|[EXTERNAL]|Bytes:4
14:09:40.0 (50690937)|HEAP_ALLOCATE|[19]|Bytes:5
14:09:40.0 (50708585)|VARIABLE_ASSIGNMENT|[19]|usr|null|
14:09:40.0 (50714062)|STATEMENT_EXECUTE|[23]
14:09:40.0 (50720336)|SYSTEM_MODE_EXIT|false
14:09:40.0 (50976431)|SYSTEM_MODE_ENTER|true
14:09:40.0 (53509343)|VF_SERIALIZE_VIEWSTATE_BEGIN|0667F000004uJm5
14:09:40.0 (55698186)|VF_SERIALIZE_VIEWSTATE_END
14:09:40.57 (57625272)|CUMULATIVE_LIMIT_USAGE
14:09:40.57 (57625272)|LIMIT_USAGE_FOR_NS|(default)|
  Number of SOQL queries: 1 out of 100
  Number of query rows: 2 out of 50000
  Number of SOSL queries: 0 out of 20
  Number of DML statements: 0 out of 150
  Number of DML rows: 0 out of 10000
  Maximum CPU time: 0 out of 10000
  Maximum heap size: 0 out of 6000000
  Number of callouts: 0 out of 100
  Number of Email Invocations: 0 out of 10
  Number of future calls: 0 out of 50
  Number of queueable jobs added to the queue: 0 out of 50
  Number of Mobile Apex push calls: 0 out of 10

14:09:40.57 (57625272)|CUMULATIVE_LIMIT_USAGE_END

14:09:40.0 (57658404)|CODE_UNIT_FINISHED|VF: /apex/PM_Project
14:09:40.0 (58366258)|EXECUTION_FINISHED
