41.0 APEX_CODE,FINEST;APEX_PROFILING,INFO;CALLOUT,INFO;DB,INFO;SYSTEM,DEBUG;VALIDATION,INFO;VISUALFORCE,INFO;WAVE,INFO;WORKFLOW,INFO
13:03:22.0 (49990)|USER_INFO|[EXTERNAL]|0057F000000T34o|ramireddypradeepreddy@gmail.com|Pacific Standard Time|GMT-08:00
13:03:22.0 (82175)|EXECUTION_STARTED
13:03:22.0 (85786)|CODE_UNIT_STARTED|[EXTERNAL]|0667F0000043XXp|VF: /apex/CustomObject
13:03:22.0 (1391866)|SYSTEM_MODE_ENTER|true
13:03:22.0 (1759051)|HEAP_ALLOCATE|[72]|Bytes:3
13:03:22.0 (1801506)|HEAP_ALLOCATE|[77]|Bytes:152
13:03:22.0 (1819084)|HEAP_ALLOCATE|[342]|Bytes:408
13:03:22.0 (1835106)|HEAP_ALLOCATE|[355]|Bytes:408
13:03:22.0 (1849174)|HEAP_ALLOCATE|[467]|Bytes:48
13:03:22.0 (1878591)|HEAP_ALLOCATE|[139]|Bytes:6
13:03:22.0 (1892333)|HEAP_ALLOCATE|[EXTERNAL]|Bytes:88
13:03:22.0 (1897593)|HEAP_ALLOCATE|[EXTERNAL]|Bytes:6
13:03:22.0 (1906562)|METHOD_ENTRY|[1]|01p7F00000DAgx0|CustomObjectApex.CustomObjectApex()
13:03:22.0 (1912805)|STATEMENT_EXECUTE|[1]
13:03:22.0 (1917779)|STATEMENT_EXECUTE|[1]
13:03:22.0 (1948983)|HEAP_ALLOCATE|[50]|Bytes:5
13:03:22.0 (1971551)|HEAP_ALLOCATE|[56]|Bytes:5
13:03:22.0 (1978465)|HEAP_ALLOCATE|[64]|Bytes:7
13:03:22.0 (2000834)|SYSTEM_MODE_ENTER|false
13:03:22.0 (2014974)|HEAP_ALLOCATE|[EXTERNAL]|Bytes:5
13:03:22.0 (2022932)|SYSTEM_MODE_EXIT|false
13:03:22.0 (2030699)|METHOD_EXIT|[1]|CustomObjectApex
13:03:22.0 (2073595)|HEAP_ALLOCATE|[EXTERNAL]|Bytes:12
13:03:22.0 (2088792)|VARIABLE_SCOPE_BEGIN|[6]|this|CustomObjectApex|true|false
13:03:22.0 (2139697)|VARIABLE_ASSIGNMENT|[6]|this|{}|0x19cd8e19
13:03:22.0 (2147836)|VARIABLE_SCOPE_BEGIN|[6]|stdController|ApexPages.StandardController|true|false
13:03:22.0 (2291864)|VARIABLE_ASSIGNMENT|[6]|stdController|"StandardController [null]"|0x34faefc7
13:03:22.0 (2314080)|SYSTEM_MODE_ENTER|false
13:03:22.0 (2320536)|HEAP_ALLOCATE|[7]|Bytes:5
13:03:22.0 (2324661)|STATEMENT_EXECUTE|[1]
13:03:22.0 (2329479)|HEAP_ALLOCATE|[7]|Bytes:5
13:03:22.0 (2332338)|STATEMENT_EXECUTE|[3]
13:03:22.0 (2333842)|STATEMENT_EXECUTE|[4]
13:03:22.0 (2342153)|HEAP_ALLOCATE|[7]|Bytes:6
13:03:22.0 (2373609)|STATEMENT_EXECUTE|[6]
13:03:22.0 (2375210)|STATEMENT_EXECUTE|[7]
13:03:22.0 (2513717)|HEAP_ALLOCATE|[7]|Bytes:4
13:03:22.0 (2559232)|VARIABLE_ASSIGNMENT|[7]|this.myObject|{}|0x19cd8e19
13:03:22.0 (2565000)|STATEMENT_EXECUTE|[9]
13:03:22.0 (2598436)|HEAP_ALLOCATE|[9]|Bytes:84
13:03:22.0 (2639452)|HEAP_ALLOCATE|[9]|Bytes:62
13:03:22.0 (2666240)|HEAP_ALLOCATE|[9]|Bytes:3
13:03:22.0 (2716741)|VARIABLE_ASSIGNMENT|[EXTERNAL]|this|{"myObject":"0x6ff1c95"}|0x19cd8e19
13:03:22.0 (2726152)|VARIABLE_ASSIGNMENT|[EXTERNAL]|value|null
13:03:22.0 (2734587)|VARIABLE_ASSIGNMENT|[3]|this.accountId|null|0x19cd8e19
13:03:22.0 (2741797)|STATEMENT_EXECUTE|[10]
13:03:22.0 (2767541)|VARIABLE_ASSIGNMENT|[EXTERNAL]|this|{"myObject":"0x6ff1c95"}|0x19cd8e19
13:03:22.0 (2853080)|HEAP_ALLOCATE|[10]|Bytes:-4
13:03:22.0 (2864846)|VARIABLE_ASSIGNMENT|[10]|this.Account__c|null|0x6ff1c95
13:03:22.0 (2871875)|SYSTEM_MODE_EXIT|false
13:03:22.0 (23733862)|VF_SERIALIZE_VIEWSTATE_BEGIN|0667F0000043XXp
13:03:22.0 (25637962)|VF_SERIALIZE_VIEWSTATE_END
13:03:22.27 (27336487)|CUMULATIVE_LIMIT_USAGE
13:03:22.27 (27336487)|LIMIT_USAGE_FOR_NS|(default)|
  Number of SOQL queries: 0 out of 100
  Number of query rows: 0 out of 50000
  Number of SOSL queries: 0 out of 20
  Number of DML statements: 0 out of 150
  Number of DML rows: 0 out of 10000
  Maximum CPU time: 0 out of 10000
  Maximum heap size: 0 out of 6000000
  Number of callouts: 0 out of 100
  Number of Email Invocations: 0 out of 10
  Number of future calls: 0 out of 50
  Number of queueable jobs added to the queue: 0 out of 50
  Number of Mobile Apex push calls: 0 out of 10

13:03:22.27 (27336487)|CUMULATIVE_LIMIT_USAGE_END

13:03:22.0 (27369261)|CODE_UNIT_FINISHED|VF: /apex/CustomObject
13:03:22.0 (28243028)|EXECUTION_FINISHED
