36.0 APEX_CODE,FINEST;APEX_PROFILING,INFO;CALLOUT,INFO;DB,INFO;SYSTEM,DEBUG;VALIDATION,INFO;VISUALFORCE,INFO;WAVE,INFO;WORKFLOW,INFO
14:14:07.0 (308337)|USER_INFO|[EXTERNAL]|0057F000000Tiz6|ksb994@salesforce.com|Pacific Standard Time|GMT-08:00
14:14:07.0 (462328)|EXECUTION_STARTED
14:14:07.0 (467074)|CODE_UNIT_STARTED|[EXTERNAL]|0667F000004uJm5|VF: /apex/PM_Project
14:14:07.0 (2241948)|SYSTEM_MODE_ENTER|true
14:14:07.0 (2661976)|HEAP_ALLOCATE|[72]|Bytes:3
14:14:07.0 (2724421)|HEAP_ALLOCATE|[77]|Bytes:152
14:14:07.0 (2741222)|HEAP_ALLOCATE|[342]|Bytes:408
14:14:07.0 (2755664)|HEAP_ALLOCATE|[355]|Bytes:408
14:14:07.0 (2769202)|HEAP_ALLOCATE|[467]|Bytes:48
14:14:07.0 (2820354)|HEAP_ALLOCATE|[139]|Bytes:6
14:14:07.0 (2835451)|HEAP_ALLOCATE|[EXTERNAL]|Bytes:92
14:14:07.0 (2853086)|HEAP_ALLOCATE|[EXTERNAL]|Bytes:7
14:14:07.0 (2873510)|METHOD_ENTRY|[1]|01p7F00000EhPEd|Project_PM_Controller.Project_PM_Controller()
14:14:07.0 (2879641)|STATEMENT_EXECUTE|[1]
14:14:07.0 (2883166)|STATEMENT_EXECUTE|[1]
14:14:07.0 (2911392)|HEAP_ALLOCATE|[50]|Bytes:5
14:14:07.0 (2939656)|HEAP_ALLOCATE|[56]|Bytes:5
14:14:07.0 (2946902)|HEAP_ALLOCATE|[64]|Bytes:7
14:14:07.0 (2967411)|SYSTEM_MODE_ENTER|false
14:14:07.0 (2976989)|HEAP_ALLOCATE|[EXTERNAL]|Bytes:5
14:14:07.0 (2983943)|SYSTEM_MODE_EXIT|false
14:14:07.0 (3005804)|METHOD_EXIT|[1]|Project_PM_Controller
14:14:07.0 (3050246)|HEAP_ALLOCATE|[EXTERNAL]|Bytes:20
14:14:07.0 (3064707)|VARIABLE_SCOPE_BEGIN|[11]|this|Project_PM_Controller|true|false
14:14:07.0 (3113488)|VARIABLE_ASSIGNMENT|[11]|this|{}|0x2fbcf46e
14:14:07.0 (3120530)|VARIABLE_SCOPE_BEGIN|[11]|stdController|ApexPages.StandardController|true|false
14:14:07.0 (3286339)|VARIABLE_ASSIGNMENT|[11]|stdController|"StandardController [null]"|0x60c0ee31
14:14:07.0 (3306849)|SYSTEM_MODE_ENTER|false
14:14:07.0 (3312863)|HEAP_ALLOCATE|[6]|Bytes:5
14:14:07.0 (3317148)|STATEMENT_EXECUTE|[1]
14:14:07.0 (3321628)|HEAP_ALLOCATE|[6]|Bytes:5
14:14:07.0 (3324428)|STATEMENT_EXECUTE|[2]
14:14:07.0 (3338645)|STATEMENT_EXECUTE|[3]
14:14:07.0 (3339919)|STATEMENT_EXECUTE|[5]
14:14:07.0 (3340728)|STATEMENT_EXECUTE|[6]
14:14:07.0 (3354129)|HEAP_ALLOCATE|[6]|Bytes:4
14:14:07.0 (3455073)|HEAP_ALLOCATE|[EXTERNAL]|Bytes:4
14:14:07.0 (3467266)|VARIABLE_ASSIGNMENT|[6]|this.usersList|[]|0x2fbcf46e
14:14:07.0 (3479056)|HEAP_ALLOCATE|[6]|Bytes:6
14:14:07.0 (3509519)|STATEMENT_EXECUTE|[11]
14:14:07.0 (3511084)|STATEMENT_EXECUTE|[12]
14:14:07.0 (3587095)|VARIABLE_ASSIGNMENT|[12]|this.controller|"StandardController [null]"|0x2fbcf46e
14:14:07.0 (3593653)|STATEMENT_EXECUTE|[13]
14:14:07.0 (3732702)|HEAP_ALLOCATE|[13]|Bytes:4
14:14:07.0 (3777397)|VARIABLE_ASSIGNMENT|[13]|this.project|{}|0x2fbcf46e
14:14:07.0 (3784604)|SYSTEM_MODE_EXIT|false
14:14:07.0 (24165869)|SYSTEM_MODE_ENTER|true
14:14:07.0 (24225078)|HEAP_ALLOCATE|[EXTERNAL]|Bytes:20
14:14:07.0 (24239480)|VARIABLE_SCOPE_BEGIN|[16]|this|Project_PM_Controller|true|false
14:14:07.0 (24412992)|VARIABLE_ASSIGNMENT|[16]|this|{"controller":"StandardController [[Project__c (]]","project":"0x5f2b2b23","usersList":"0x237c2fa2"}|0x2fbcf46e
14:14:07.0 (24439621)|SYSTEM_MODE_ENTER|false
14:14:07.0 (24449308)|HEAP_ALLOCATE|[18]|Bytes:5
14:14:07.0 (24455048)|STATEMENT_EXECUTE|[16]
14:14:07.0 (24456596)|STATEMENT_EXECUTE|[18]
14:14:07.0 (24461337)|HEAP_ALLOCATE|[18]|Bytes:62
14:14:07.0 (24482547)|HEAP_ALLOCATE|[18]|Bytes:4
14:14:07.0 (25755041)|SOQL_EXECUTE_BEGIN|[18]|Aggregations:0|SELECT Id, Name FROM User WHERE UserRoleId = '00E7F000000Mdri'
14:14:07.0 (30265807)|SOQL_EXECUTE_END|[18]|Rows:6
14:14:07.0 (30283973)|HEAP_ALLOCATE|[18]|Bytes:28
14:14:07.0 (30302256)|HEAP_ALLOCATE|[18]|Bytes:271
14:14:07.0 (30371445)|HEAP_ALLOCATE|[18]|Bytes:28
14:14:07.0 (30384807)|VARIABLE_SCOPE_BEGIN|[18]|users|List<User>|true|false
14:14:07.0 (30403973)|VARIABLE_ASSIGNMENT|[18]|users|"List of size 6 too large to display"|0x3af29702
14:14:07.0 (30627617)|HEAP_ALLOCATE|[19]|Bytes:5
14:14:07.0 (30665169)|HEAP_ALLOCATE|[19]|Bytes:12
14:14:07.0 (30675553)|VARIABLE_SCOPE_BEGIN|[19]|usr|User|true|false
14:14:07.0 (30691977)|VARIABLE_ASSIGNMENT|[19]|usr|{"Id":"0057F000000TpdFQAS","Name":"Mani Sasank"}|0x55f836f1
14:14:07.0 (30698608)|STATEMENT_EXECUTE|[19]
14:14:07.0 (30700386)|STATEMENT_EXECUTE|[20]
14:14:07.0 (30742646)|HEAP_ALLOCATE|[20]|Bytes:18
14:14:07.0 (30814852)|HEAP_ALLOCATE|[EXTERNAL]|Bytes:4
14:14:07.0 (30830476)|HEAP_ALLOCATE|[19]|Bytes:5
14:14:07.0 (30841107)|HEAP_ALLOCATE|[19]|Bytes:12
14:14:07.0 (30846780)|VARIABLE_SCOPE_BEGIN|[19]|usr|User|true|false
14:14:07.0 (30858954)|VARIABLE_ASSIGNMENT|[19]|usr|{"Id":"0057F000000TrBBQA0","Name":"Santhosh"}|0x2c27028e
14:14:07.0 (30864185)|STATEMENT_EXECUTE|[19]
14:14:07.0 (30865324)|STATEMENT_EXECUTE|[20]
14:14:07.0 (30873546)|HEAP_ALLOCATE|[20]|Bytes:18
14:14:07.0 (30883762)|HEAP_ALLOCATE|[EXTERNAL]|Bytes:4
14:14:07.0 (30892829)|HEAP_ALLOCATE|[19]|Bytes:5
14:14:07.0 (30900021)|HEAP_ALLOCATE|[19]|Bytes:12
14:14:07.0 (30904616)|VARIABLE_SCOPE_BEGIN|[19]|usr|User|true|false
14:14:07.0 (30914077)|VARIABLE_ASSIGNMENT|[19]|usr|{"Id":"0057F000000TrBGQA0","Name":"Ravi teja"}|0x7dee23b3
14:14:07.0 (30918639)|STATEMENT_EXECUTE|[19]
14:14:07.0 (30919907)|STATEMENT_EXECUTE|[20]
14:14:07.0 (30925234)|HEAP_ALLOCATE|[20]|Bytes:18
14:14:07.0 (30933796)|HEAP_ALLOCATE|[EXTERNAL]|Bytes:4
14:14:07.0 (30941629)|HEAP_ALLOCATE|[19]|Bytes:5
14:14:07.0 (30948194)|HEAP_ALLOCATE|[19]|Bytes:12
14:14:07.0 (30952871)|VARIABLE_SCOPE_BEGIN|[19]|usr|User|true|false
14:14:07.0 (30962819)|VARIABLE_ASSIGNMENT|[19]|usr|{"Id":"0057F000000TrBVQA0","Name":"Yashwanth"}|0x205b319
14:14:07.0 (30969803)|STATEMENT_EXECUTE|[19]
14:14:07.0 (30971278)|STATEMENT_EXECUTE|[20]
14:14:07.0 (30978972)|HEAP_ALLOCATE|[20]|Bytes:18
14:14:07.0 (30992421)|HEAP_ALLOCATE|[EXTERNAL]|Bytes:4
14:14:07.0 (31005526)|HEAP_ALLOCATE|[19]|Bytes:5
14:14:07.0 (31018485)|HEAP_ALLOCATE|[19]|Bytes:12
14:14:07.0 (31025259)|VARIABLE_SCOPE_BEGIN|[19]|usr|User|true|false
14:14:07.0 (31035864)|VARIABLE_ASSIGNMENT|[19]|usr|{"Id":"0057F000000Tz0iQAC","Name":"Richa"}|0x165e5216
14:14:07.0 (31040572)|STATEMENT_EXECUTE|[19]
14:14:07.0 (31041570)|STATEMENT_EXECUTE|[20]
14:14:07.0 (31047329)|HEAP_ALLOCATE|[20]|Bytes:18
14:14:07.0 (31059976)|HEAP_ALLOCATE|[EXTERNAL]|Bytes:4
14:14:07.0 (31068786)|HEAP_ALLOCATE|[19]|Bytes:5
14:14:07.0 (31075786)|HEAP_ALLOCATE|[19]|Bytes:12
14:14:07.0 (31080006)|VARIABLE_SCOPE_BEGIN|[19]|usr|User|true|false
14:14:07.0 (31088851)|VARIABLE_ASSIGNMENT|[19]|usr|{"Id":"0057F000000Tz0sQAC","Name":"Veeresh"}|0x2f90121
14:14:07.0 (31094340)|STATEMENT_EXECUTE|[19]
14:14:07.0 (31095387)|STATEMENT_EXECUTE|[20]
14:14:07.0 (31100101)|HEAP_ALLOCATE|[20]|Bytes:18
14:14:07.0 (31107596)|HEAP_ALLOCATE|[EXTERNAL]|Bytes:4
14:14:07.0 (31114935)|HEAP_ALLOCATE|[19]|Bytes:5
14:14:07.0 (31122737)|VARIABLE_ASSIGNMENT|[19]|usr|null|
14:14:07.0 (31127885)|STATEMENT_EXECUTE|[23]
14:14:07.0 (31134594)|SYSTEM_MODE_EXIT|false
14:14:07.0 (31421598)|SYSTEM_MODE_ENTER|true
14:14:07.0 (33744630)|VF_SERIALIZE_VIEWSTATE_BEGIN|0667F000004uJm5
14:14:07.0 (35564396)|VF_SERIALIZE_VIEWSTATE_END
14:14:07.37 (37498145)|CUMULATIVE_LIMIT_USAGE
14:14:07.37 (37498145)|LIMIT_USAGE_FOR_NS|(default)|
  Number of SOQL queries: 1 out of 100
  Number of query rows: 6 out of 50000
  Number of SOSL queries: 0 out of 20
  Number of DML statements: 0 out of 150
  Number of DML rows: 0 out of 10000
  Maximum CPU time: 0 out of 10000
  Maximum heap size: 0 out of 6000000
  Number of callouts: 0 out of 100
  Number of Email Invocations: 0 out of 10
  Number of future calls: 0 out of 50
  Number of queueable jobs added to the queue: 0 out of 50
  Number of Mobile Apex push calls: 0 out of 10

14:14:07.37 (37498145)|CUMULATIVE_LIMIT_USAGE_END

14:14:07.0 (37533089)|CODE_UNIT_FINISHED|VF: /apex/PM_Project
14:14:07.0 (38279079)|EXECUTION_FINISHED
