41.0 APEX_CODE,FINEST;APEX_PROFILING,INFO;CALLOUT,INFO;DB,INFO;SYSTEM,DEBUG;VALIDATION,INFO;VISUALFORCE,INFO;WAVE,INFO;WORKFLOW,INFO
13:28:04.0 (312513)|USER_INFO|[EXTERNAL]|0057F000000T34o|ramireddypradeepreddy@gmail.com|Pacific Standard Time|GMT-08:00
13:28:04.0 (347968)|EXECUTION_STARTED
13:28:04.0 (352048)|CODE_UNIT_STARTED|[EXTERNAL]|0667F0000042gb3|VF: /apex/pageblock
13:28:04.0 (1702331)|SYSTEM_MODE_ENTER|true
13:28:04.0 (2001532)|HEAP_ALLOCATE|[72]|Bytes:3
13:28:04.0 (2038686)|HEAP_ALLOCATE|[77]|Bytes:152
13:28:04.0 (2052303)|HEAP_ALLOCATE|[342]|Bytes:408
13:28:04.0 (2065304)|HEAP_ALLOCATE|[355]|Bytes:408
13:28:04.0 (2078257)|HEAP_ALLOCATE|[467]|Bytes:48
13:28:04.0 (2103377)|HEAP_ALLOCATE|[139]|Bytes:6
13:28:04.0 (2118597)|HEAP_ALLOCATE|[EXTERNAL]|Bytes:232
13:28:04.0 (2124092)|HEAP_ALLOCATE|[EXTERNAL]|Bytes:33
13:28:04.0 (2132706)|METHOD_ENTRY|[1]|01p7F00000CRoVf|apexblock.apexblock()
13:28:04.0 (2138008)|STATEMENT_EXECUTE|[1]
13:28:04.0 (2143177)|STATEMENT_EXECUTE|[1]
13:28:04.0 (2147279)|METHOD_EXIT|[1]|apexblock
13:28:04.0 (2162684)|HEAP_ALLOCATE|[EXTERNAL]|Bytes:40
13:28:04.0 (2169360)|VARIABLE_SCOPE_BEGIN|[12]|this|apexblock|true|false
13:28:04.0 (2215747)|VARIABLE_ASSIGNMENT|[12]|this|{}|0xd0bf093
13:28:04.0 (2224218)|STATEMENT_EXECUTE|[1]
13:28:04.0 (2225536)|STATEMENT_EXECUTE|[2]
13:28:04.0 (2226485)|STATEMENT_EXECUTE|[3]
13:28:04.0 (2227392)|STATEMENT_EXECUTE|[4]
13:28:04.0 (2228157)|STATEMENT_EXECUTE|[5]
13:28:04.0 (2229048)|STATEMENT_EXECUTE|[6]
13:28:04.0 (2229814)|STATEMENT_EXECUTE|[7]
13:28:04.0 (2230899)|STATEMENT_EXECUTE|[8]
13:28:04.0 (2231801)|STATEMENT_EXECUTE|[9]
13:28:04.0 (2232961)|STATEMENT_EXECUTE|[10]
13:28:04.0 (2238446)|HEAP_ALLOCATE|[13]|Bytes:6
13:28:04.0 (2286573)|STATEMENT_EXECUTE|[12]
13:28:04.0 (2288178)|STATEMENT_EXECUTE|[13]
13:28:04.0 (2298486)|HEAP_ALLOCATE|[50]|Bytes:5
13:28:04.0 (2312247)|HEAP_ALLOCATE|[56]|Bytes:5
13:28:04.0 (2318139)|HEAP_ALLOCATE|[64]|Bytes:7
13:28:04.0 (2374846)|VARIABLE_ASSIGNMENT|[EXTERNAL]|this|{}|0xd0bf093
13:28:04.0 (2392727)|VARIABLE_ASSIGNMENT|[EXTERNAL]|value|false
13:28:04.0 (2398908)|HEAP_ALLOCATE|[2]|Bytes:5
13:28:04.0 (2406409)|VARIABLE_ASSIGNMENT|[2]|this.showA|false|0xd0bf093
13:28:04.0 (2415592)|STATEMENT_EXECUTE|[14]
13:28:04.0 (2417718)|HEAP_ALLOCATE|[14]|Bytes:6
13:28:04.0 (2454933)|VARIABLE_ASSIGNMENT|[EXTERNAL]|this|{"showA":false}|0xd0bf093
13:28:04.0 (2463232)|VARIABLE_ASSIGNMENT|[EXTERNAL]|value|"Show A"
13:28:04.0 (2470157)|VARIABLE_ASSIGNMENT|[3]|this.labelA|"Show A"|0xd0bf093
13:28:04.0 (2476942)|STATEMENT_EXECUTE|[15]
13:28:04.0 (2507370)|VARIABLE_ASSIGNMENT|[EXTERNAL]|this|{"labelA":"Show A","showA":false}|0xd0bf093
13:28:04.0 (2515846)|VARIABLE_ASSIGNMENT|[EXTERNAL]|value|false
13:28:04.0 (2520300)|HEAP_ALLOCATE|[4]|Bytes:5
13:28:04.0 (2525761)|VARIABLE_ASSIGNMENT|[4]|this.showB|false|0xd0bf093
13:28:04.0 (2532316)|STATEMENT_EXECUTE|[16]
13:28:04.0 (2534100)|HEAP_ALLOCATE|[16]|Bytes:6
13:28:04.0 (2564633)|VARIABLE_ASSIGNMENT|[EXTERNAL]|this|{"labelA":"Show A","showA":false,"showB":false}|0xd0bf093
13:28:04.0 (2572334)|VARIABLE_ASSIGNMENT|[EXTERNAL]|value|"Show B"
13:28:04.0 (2578752)|VARIABLE_ASSIGNMENT|[5]|this.labelB|"Show B"|0xd0bf093
13:28:04.0 (2584994)|STATEMENT_EXECUTE|[17]
13:28:04.0 (2586806)|HEAP_ALLOCATE|[17]|Bytes:8
13:28:04.0 (2616292)|VARIABLE_ASSIGNMENT|[EXTERNAL]|this|{"labelA":"Show A","labelB":"Show B","showA":false,"showB":false}|0xd0bf093
13:28:04.0 (2623604)|VARIABLE_ASSIGNMENT|[EXTERNAL]|value|"Show All"
13:28:04.0 (2633111)|VARIABLE_ASSIGNMENT|[6]|this.labelAB|"Show All"|0xd0bf093
13:28:04.0 (2639799)|STATEMENT_EXECUTE|[18]
13:28:04.0 (2641966)|HEAP_ALLOCATE|[18]|Bytes:7
13:28:04.0 (2672098)|VARIABLE_ASSIGNMENT|[EXTERNAL]|this|{"labelA":"Show A","labelAB":"Show All","labelB":"Show B","showA":false,"showB":false}|0xd0bf093
13:28:04.0 (2679684)|VARIABLE_ASSIGNMENT|[EXTERNAL]|value|"initial"
13:28:04.0 (2685797)|VARIABLE_ASSIGNMENT|[7]|this.check|"initial"|0xd0bf093
13:28:04.0 (2691849)|STATEMENT_EXECUTE|[19]
13:28:04.0 (2719758)|VARIABLE_ASSIGNMENT|[EXTERNAL]|this|{"check":"initial","labelA":"Show A","labelAB":"Show All","labelB":"Show B","showA":false,"showB":false}|0xd0bf093
13:28:04.0 (2728287)|VARIABLE_ASSIGNMENT|[EXTERNAL]|value|false
13:28:04.0 (2732505)|HEAP_ALLOCATE|[9]|Bytes:5
13:28:04.0 (2737302)|VARIABLE_ASSIGNMENT|[9]|this.showAccount|false|0xd0bf093
13:28:04.0 (2743721)|STATEMENT_EXECUTE|[20]
13:28:04.0 (2745648)|HEAP_ALLOCATE|[20]|Bytes:12
13:28:04.0 (2776229)|VARIABLE_ASSIGNMENT|[EXTERNAL]|this|{"check":"initial","labelA":"Show A","labelAB":"Show All","labelB":"Show B","showA":false,"showAccount":false,"showB":false}|0xd0bf093
13:28:04.0 (2784844)|VARIABLE_ASSIGNMENT|[EXTERNAL]|value|"Show Account"
13:28:04.0 (2791201)|VARIABLE_ASSIGNMENT|[8]|this.showAccountName|"Show Account"|0xd0bf093
13:28:04.0 (2839537)|SYSTEM_MODE_ENTER|true
13:28:04.0 (2898346)|SYSTEM_MODE_ENTER|true
13:28:04.0 (2968347)|SYSTEM_MODE_ENTER|true
13:28:04.0 (15781634)|SYSTEM_MODE_ENTER|true
13:28:04.0 (16007343)|SYSTEM_MODE_ENTER|true
13:28:04.0 (16194523)|SYSTEM_MODE_ENTER|true
13:28:04.0 (16291152)|SYSTEM_MODE_ENTER|true
13:28:04.0 (16548033)|SYSTEM_MODE_ENTER|true
13:28:04.0 (17382339)|VF_SERIALIZE_VIEWSTATE_BEGIN|0667F0000042gb3
13:28:04.0 (23835032)|VF_SERIALIZE_VIEWSTATE_END
13:28:04.0 (26396543)|CODE_UNIT_STARTED|[EXTERNAL]|Generate Metadata
13:28:04.0 (26877658)|CODE_UNIT_FINISHED|Generate Metadata
13:28:04.28 (28693726)|CUMULATIVE_LIMIT_USAGE
13:28:04.28 (28693726)|LIMIT_USAGE_FOR_NS|(default)|
  Number of SOQL queries: 0 out of 100
  Number of query rows: 0 out of 50000
  Number of SOSL queries: 0 out of 20
  Number of DML statements: 0 out of 150
  Number of DML rows: 0 out of 10000
  Maximum CPU time: 0 out of 10000
  Maximum heap size: 0 out of 6000000
  Number of callouts: 0 out of 100
  Number of Email Invocations: 0 out of 10
  Number of future calls: 0 out of 50
  Number of queueable jobs added to the queue: 0 out of 50
  Number of Mobile Apex push calls: 0 out of 10

13:28:04.28 (28693726)|CUMULATIVE_LIMIT_USAGE_END

13:28:04.0 (28723144)|CODE_UNIT_FINISHED|VF: /apex/pageblock
13:28:04.0 (29424764)|EXECUTION_FINISHED
