36.0 APEX_CODE,FINEST;APEX_PROFILING,INFO;CALLOUT,INFO;DB,INFO;SYSTEM,DEBUG;VALIDATION,INFO;VISUALFORCE,INFO;WAVE,INFO;WORKFLOW,INFO
02:39:16.0 (317695)|USER_INFO|[EXTERNAL]|0057F000000Tiz6|ksb994@salesforce.com|Pacific Standard Time|GMT-08:00
02:39:16.0 (352993)|EXECUTION_STARTED
02:39:16.0 (357299)|CODE_UNIT_STARTED|[EXTERNAL]|0667F000005aHSA|VF: /apex/PM_Job_New
02:39:16.6 (6623073)|SYSTEM_MODE_ENTER|true
02:39:16.6 (6723461)|HEAP_ALLOCATE|[72]|Bytes:3
02:39:16.6 (6749902)|HEAP_ALLOCATE|[77]|Bytes:152
02:39:16.6 (6767723)|HEAP_ALLOCATE|[342]|Bytes:408
02:39:16.6 (6784100)|HEAP_ALLOCATE|[355]|Bytes:408
02:39:16.6 (6796490)|HEAP_ALLOCATE|[467]|Bytes:48
02:39:16.7 (7036855)|SYSTEM_MODE_ENTER|true
02:39:16.7 (7085436)|HEAP_ALLOCATE|[EXTERNAL]|Bytes:8
02:39:16.7 (7093707)|VARIABLE_SCOPE_BEGIN|[88]|this|ApexPage.PageMessagesComponentController|true|false
02:39:16.7 (7128073)|VARIABLE_ASSIGNMENT|[88]|this|{}|0x263b92e1
02:39:16.7 (7134111)|VARIABLE_SCOPE_BEGIN|[88]|escape|Boolean|false|false
02:39:16.7 (7142213)|VARIABLE_ASSIGNMENT|[88]|escape|null
02:39:16.7 (7302659)|SYSTEM_MODE_ENTER|true
02:39:16.7 (7330990)|HEAP_ALLOCATE|[EXTERNAL]|Bytes:8
02:39:16.7 (7336627)|VARIABLE_SCOPE_BEGIN|[2]|this|ApexPage.PageMessagesComponentController|true|false
02:39:16.7 (7356384)|VARIABLE_ASSIGNMENT|[2]|this|{}|0x263b92e1
02:39:16.0 (39135581)|SYSTEM_MODE_ENTER|true
02:39:16.0 (39405842)|HEAP_ALLOCATE|[EXTERNAL]|Bytes:260
02:39:16.0 (39421401)|HEAP_ALLOCATE|[EXTERNAL]|Bytes:38
02:39:16.0 (39425275)|HEAP_ALLOCATE|[EXTERNAL]|Bytes:8
02:39:16.0 (39444493)|METHOD_ENTRY|[1]|01p7F00000HhQR4|PM_Job_New_Controller.PM_Job_New_Controller()
02:39:16.0 (39450625)|STATEMENT_EXECUTE|[1]
02:39:16.0 (39454589)|STATEMENT_EXECUTE|[1]
02:39:16.0 (39466157)|SYSTEM_MODE_ENTER|false
02:39:16.0 (39473185)|HEAP_ALLOCATE|[EXTERNAL]|Bytes:5
02:39:16.0 (39480329)|SYSTEM_MODE_EXIT|false
02:39:16.0 (39487614)|METHOD_EXIT|[1]|PM_Job_New_Controller
02:39:16.0 (39546878)|HEAP_ALLOCATE|[EXTERNAL]|Bytes:40
02:39:16.0 (39613863)|VARIABLE_SCOPE_BEGIN|[16]|this|PM_Job_New_Controller|true|false
02:39:16.0 (39688940)|VARIABLE_ASSIGNMENT|[16]|this|{}|0x78ad538
02:39:16.0 (39698059)|VARIABLE_SCOPE_BEGIN|[16]|stdController|ApexPages.StandardController|true|false
02:39:16.0 (39854032)|VARIABLE_ASSIGNMENT|[16]|stdController|"StandardController [null]"|0x69e463bb
02:39:16.0 (39874667)|SYSTEM_MODE_ENTER|false
02:39:16.0 (39881025)|HEAP_ALLOCATE|[17]|Bytes:5
02:39:16.0 (39885920)|STATEMENT_EXECUTE|[1]
02:39:16.0 (39890662)|HEAP_ALLOCATE|[17]|Bytes:5
02:39:16.0 (39893299)|STATEMENT_EXECUTE|[3]
02:39:16.0 (39894310)|STATEMENT_EXECUTE|[4]
02:39:16.0 (39895456)|STATEMENT_EXECUTE|[5]
02:39:16.0 (39896340)|STATEMENT_EXECUTE|[6]
02:39:16.0 (39897185)|STATEMENT_EXECUTE|[7]
02:39:16.0 (39898037)|STATEMENT_EXECUTE|[8]
02:39:16.0 (39898907)|STATEMENT_EXECUTE|[9]
02:39:16.0 (39899735)|STATEMENT_EXECUTE|[10]
02:39:16.0 (39900657)|STATEMENT_EXECUTE|[11]
02:39:16.0 (39921886)|STATEMENT_EXECUTE|[16]
02:39:16.0 (39922977)|STATEMENT_EXECUTE|[17]
02:39:16.0 (40069083)|HEAP_ALLOCATE|[17]|Bytes:4
02:39:16.0 (40092858)|VARIABLE_ASSIGNMENT|[17]|this.job|{}|0x78ad538
02:39:16.0 (40098612)|STATEMENT_EXECUTE|[18]
02:39:16.0 (40101612)|HEAP_ALLOCATE|[18]|Bytes:46
02:39:16.0 (40116645)|HEAP_ALLOCATE|[18]|Bytes:4
02:39:16.0 (40274750)|SOQL_EXECUTE_BEGIN|[18]|Aggregations:0|SELECT Company_project_code__c FROM Project__c
02:39:16.0 (44240076)|SOQL_EXECUTE_END|[18]|Rows:24
02:39:16.0 (44259312)|HEAP_ALLOCATE|[18]|Bytes:100
02:39:16.0 (44297305)|HEAP_ALLOCATE|[18]|Bytes:1692
02:39:16.0 (44329198)|HEAP_ALLOCATE|[18]|Bytes:100
02:39:16.0 (44388635)|VARIABLE_ASSIGNMENT|[EXTERNAL]|this|{"job":"0x7d1ac813"}|0x78ad538
02:39:16.0 (44405051)|VARIABLE_ASSIGNMENT|[EXTERNAL]|value|"List of size 24 too large to display"|0x7af70ea
02:39:16.0 (44422642)|VARIABLE_ASSIGNMENT|[4]|this.projectList|"List of size 24 too large to display"|0x78ad538
02:39:16.0 (44432919)|STATEMENT_EXECUTE|[19]
02:39:16.0 (44436052)|HEAP_ALLOCATE|[19]|Bytes:7
02:39:16.0 (44439865)|HEAP_ALLOCATE|[19]|Bytes:4
02:39:16.0 (44453398)|METHOD_ENTRY|[19]|01p7F00000HhQR4|PM_Job_New_Controller.getAllFields(String)
02:39:16.0 (44558335)|VARIABLE_SCOPE_BEGIN|[71]|sobjectname|String|false|false
02:39:16.0 (44568696)|VARIABLE_ASSIGNMENT|[71]|sobjectname|"Task"
02:39:16.0 (44585971)|HEAP_ALLOCATE|[72]|Bytes:5
02:39:16.0 (44590497)|STATEMENT_EXECUTE|[71]
02:39:16.0 (61938657)|HEAP_ALLOCATE|[72]|Bytes:1468
02:39:16.0 (62001882)|STATEMENT_EXECUTE|[72]
02:39:16.0 (62006272)|STATEMENT_EXECUTE|[75]
02:39:16.0 (65738770)|HEAP_ALLOCATE|[75]|Bytes:1468
02:39:16.0 (66221211)|HEAP_ALLOCATE|[75]|Bytes:4
02:39:16.0 (66269565)|HEAP_ALLOCATE|[75]|Bytes:4
02:39:16.0 (67231720)|HEAP_ALLOCATE|[75]|Bytes:160
02:39:16.0 (67247291)|VARIABLE_SCOPE_BEGIN|[75]|fields|Map<String,Schema.SObjectField>|true|false
02:39:16.0 (67456354)|VARIABLE_ASSIGNMENT|[75]|fields|"{accountid=AccountId, activitydate=ActivityDate, calldisposition=CallDisposition, calldurationinseconds=CallDurationInSeconds, callobject=CallObject, calltype=CallType, createdbyid=CreatedById, createddate=CreatedDate, description=Description, id=Id, ...}"|0x20b02d8b
02:39:16.0 (67468087)|STATEMENT_EXECUTE|[76]
02:39:16.0 (67485480)|HEAP_ALLOCATE|[76]|Bytes:4
02:39:16.0 (67517909)|VARIABLE_SCOPE_BEGIN|[76]|accessiblefields|List<String>|true|false
02:39:16.0 (67545804)|HEAP_ALLOCATE|[EXTERNAL]|Bytes:4
02:39:16.0 (67557884)|VARIABLE_ASSIGNMENT|[76]|accessiblefields|[]|0x7aeff43f
02:39:16.0 (67623460)|HEAP_ALLOCATE|[EXTERNAL]|Bytes:160
02:39:16.0 (67641086)|HEAP_ALLOCATE|[77]|Bytes:160
02:39:16.0 (67678739)|HEAP_ALLOCATE|[77]|Bytes:5
02:39:16.0 (67697766)|VARIABLE_SCOPE_BEGIN|[77]|field|Schema.SObjectField|true|false
02:39:16.0 (67761616)|VARIABLE_ASSIGNMENT|[77]|field|"common.apex.runtime.impl.ApexFieldToken@28593ed6"|0x28593ed6
02:39:16.0 (67769706)|STATEMENT_EXECUTE|[77]
02:39:16.0 (68218372)|HEAP_ALLOCATE|[78]|Bytes:8
02:39:16.0 (68248006)|STATEMENT_EXECUTE|[79]
02:39:16.0 (68283440)|HEAP_ALLOCATE|[79]|Bytes:8
02:39:16.0 (68302033)|HEAP_ALLOCATE|[79]|Bytes:2
02:39:16.0 (68321682)|HEAP_ALLOCATE|[EXTERNAL]|Bytes:4
02:39:16.0 (68336232)|HEAP_ALLOCATE|[77]|Bytes:5
02:39:16.0 (68352219)|VARIABLE_SCOPE_BEGIN|[77]|field|Schema.SObjectField|true|false
02:39:16.0 (68420981)|VARIABLE_ASSIGNMENT|[77]|field|"common.apex.runtime.impl.ApexFieldToken@9248223"|0x9248223
02:39:16.0 (68443731)|STATEMENT_EXECUTE|[77]
02:39:16.0 (68845549)|HEAP_ALLOCATE|[78]|Bytes:8
02:39:16.0 (68860890)|STATEMENT_EXECUTE|[79]
02:39:16.0 (68876634)|HEAP_ALLOCATE|[79]|Bytes:8
02:39:16.0 (68887724)|HEAP_ALLOCATE|[79]|Bytes:5
02:39:16.0 (68896865)|HEAP_ALLOCATE|[EXTERNAL]|Bytes:4
02:39:16.0 (68909211)|HEAP_ALLOCATE|[77]|Bytes:5
02:39:16.0 (68922528)|VARIABLE_SCOPE_BEGIN|[77]|field|Schema.SObjectField|true|false
02:39:16.0 (69001215)|VARIABLE_ASSIGNMENT|[77]|field|"common.apex.runtime.impl.ApexFieldToken@c6fc134"|0xc6fc134
02:39:16.0 (69009647)|STATEMENT_EXECUTE|[77]
02:39:16.0 (69265296)|HEAP_ALLOCATE|[78]|Bytes:8
02:39:16.0 (69279640)|STATEMENT_EXECUTE|[79]
02:39:16.0 (69293739)|HEAP_ALLOCATE|[79]|Bytes:8
02:39:16.0 (69301478)|HEAP_ALLOCATE|[79]|Bytes:6
02:39:16.0 (69310122)|HEAP_ALLOCATE|[EXTERNAL]|Bytes:4
02:39:16.0 (69322336)|HEAP_ALLOCATE|[77]|Bytes:5
02:39:16.0 (69335273)|VARIABLE_SCOPE_BEGIN|[77]|field|Schema.SObjectField|true|false
02:39:16.0 (69398977)|VARIABLE_ASSIGNMENT|[77]|field|"common.apex.runtime.impl.ApexFieldToken@47f61f76"|0x47f61f76
02:39:16.0 (69406649)|STATEMENT_EXECUTE|[77]
02:39:16.0 (69512939)|HEAP_ALLOCATE|[78]|Bytes:8
02:39:16.0 (69525805)|STATEMENT_EXECUTE|[79]
02:39:16.0 (69539268)|HEAP_ALLOCATE|[79]|Bytes:8
02:39:16.0 (69545928)|HEAP_ALLOCATE|[79]|Bytes:7
02:39:16.0 (69553650)|HEAP_ALLOCATE|[EXTERNAL]|Bytes:4
02:39:16.0 (69564470)|HEAP_ALLOCATE|[77]|Bytes:5
02:39:16.0 (69576092)|VARIABLE_SCOPE_BEGIN|[77]|field|Schema.SObjectField|true|false
02:39:16.0 (69636631)|VARIABLE_ASSIGNMENT|[77]|field|"common.apex.runtime.impl.ApexFieldToken@263836d0"|0x263836d0
02:39:16.0 (69644331)|STATEMENT_EXECUTE|[77]
02:39:16.0 (69730855)|HEAP_ALLOCATE|[78]|Bytes:8
02:39:16.0 (69742053)|STATEMENT_EXECUTE|[79]
02:39:16.0 (69755107)|HEAP_ALLOCATE|[79]|Bytes:8
02:39:16.0 (69762173)|HEAP_ALLOCATE|[79]|Bytes:12
02:39:16.0 (69769717)|HEAP_ALLOCATE|[EXTERNAL]|Bytes:4
02:39:16.0 (69780394)|HEAP_ALLOCATE|[77]|Bytes:5
02:39:16.0 (69791362)|VARIABLE_SCOPE_BEGIN|[77]|field|Schema.SObjectField|true|false
02:39:16.0 (69849914)|VARIABLE_ASSIGNMENT|[77]|field|"common.apex.runtime.impl.ApexFieldToken@b209dae"|0xb209dae
02:39:16.0 (69856631)|STATEMENT_EXECUTE|[77]
02:39:16.0 (69937884)|HEAP_ALLOCATE|[78]|Bytes:8
02:39:16.0 (69948768)|STATEMENT_EXECUTE|[79]
02:39:16.0 (69964240)|HEAP_ALLOCATE|[79]|Bytes:8
02:39:16.0 (69971337)|HEAP_ALLOCATE|[79]|Bytes:6
02:39:16.0 (69978524)|HEAP_ALLOCATE|[EXTERNAL]|Bytes:4
02:39:16.0 (69988210)|HEAP_ALLOCATE|[77]|Bytes:5
02:39:16.0 (69999886)|VARIABLE_SCOPE_BEGIN|[77]|field|Schema.SObjectField|true|false
02:39:16.0 (70058031)|VARIABLE_ASSIGNMENT|[77]|field|"common.apex.runtime.impl.ApexFieldToken@79349b9f"|0x79349b9f
02:39:16.0 (70066067)|STATEMENT_EXECUTE|[77]
02:39:16.0 (70145010)|HEAP_ALLOCATE|[78]|Bytes:8
02:39:16.0 (70156215)|STATEMENT_EXECUTE|[79]
02:39:16.0 (70168587)|HEAP_ALLOCATE|[79]|Bytes:8
02:39:16.0 (70174854)|HEAP_ALLOCATE|[79]|Bytes:8
02:39:16.0 (70181691)|HEAP_ALLOCATE|[EXTERNAL]|Bytes:4
02:39:16.0 (70191370)|HEAP_ALLOCATE|[77]|Bytes:5
02:39:16.0 (70201982)|VARIABLE_SCOPE_BEGIN|[77]|field|Schema.SObjectField|true|false
02:39:16.0 (70259126)|VARIABLE_ASSIGNMENT|[77]|field|"common.apex.runtime.impl.ApexFieldToken@ece3660"|0xece3660
02:39:16.0 (70265722)|STATEMENT_EXECUTE|[77]
02:39:16.0 (70337563)|HEAP_ALLOCATE|[78]|Bytes:8
02:39:16.0 (70350314)|STATEMENT_EXECUTE|[79]
02:39:16.0 (70381071)|HEAP_ALLOCATE|[79]|Bytes:8
02:39:16.0 (70392225)|HEAP_ALLOCATE|[79]|Bytes:14
02:39:16.0 (70402622)|HEAP_ALLOCATE|[EXTERNAL]|Bytes:4
02:39:16.0 (70420919)|HEAP_ALLOCATE|[77]|Bytes:5
02:39:16.0 (70438472)|VARIABLE_SCOPE_BEGIN|[77]|field|Schema.SObjectField|true|false
02:39:16.0 (70499383)|VARIABLE_ASSIGNMENT|[77]|field|"common.apex.runtime.impl.ApexFieldToken@69a71fdf"|0x69a71fdf
02:39:16.0 (70506526)|STATEMENT_EXECUTE|[77]
02:39:16.0 (70636593)|HEAP_ALLOCATE|[78]|Bytes:8
02:39:16.0 (70649069)|STATEMENT_EXECUTE|[79]
02:39:16.0 (70661607)|HEAP_ALLOCATE|[79]|Bytes:8
02:39:16.0 (70668429)|HEAP_ALLOCATE|[79]|Bytes:7
02:39:16.0 (70678825)|HEAP_ALLOCATE|[EXTERNAL]|Bytes:4
02:39:16.0 (70689556)|HEAP_ALLOCATE|[77]|Bytes:5
02:39:16.0 (70712106)|VARIABLE_SCOPE_BEGIN|[77]|field|Schema.SObjectField|true|false
02:39:16.0 (70802037)|VARIABLE_ASSIGNMENT|[77]|field|"common.apex.runtime.impl.ApexFieldToken@666532a8"|0x666532a8
02:39:16.0 (70813551)|STATEMENT_EXECUTE|[77]
02:39:16.0 (70931887)|HEAP_ALLOCATE|[78]|Bytes:8
02:39:16.0 (70945806)|STATEMENT_EXECUTE|[79]
02:39:16.0 (70959064)|HEAP_ALLOCATE|[79]|Bytes:8
02:39:16.0 (70965972)|HEAP_ALLOCATE|[79]|Bytes:11
02:39:16.0 (70974019)|HEAP_ALLOCATE|[EXTERNAL]|Bytes:4
02:39:16.0 (70985300)|HEAP_ALLOCATE|[77]|Bytes:5
02:39:16.0 (70996754)|VARIABLE_SCOPE_BEGIN|[77]|field|Schema.SObjectField|true|false
02:39:16.0 (71059836)|VARIABLE_ASSIGNMENT|[77]|field|"common.apex.runtime.impl.ApexFieldToken@3b50b598"|0x3b50b598
02:39:16.0 (71067830)|STATEMENT_EXECUTE|[77]
02:39:16.0 (71175606)|HEAP_ALLOCATE|[78]|Bytes:8
02:39:16.0 (71189755)|STATEMENT_EXECUTE|[78]
02:39:16.0 (71199282)|HEAP_ALLOCATE|[77]|Bytes:5
02:39:16.0 (71211937)|VARIABLE_SCOPE_BEGIN|[77]|field|Schema.SObjectField|true|false
02:39:16.0 (71271506)|VARIABLE_ASSIGNMENT|[77]|field|"common.apex.runtime.impl.ApexFieldToken@44d2e9a4"|0x44d2e9a4
02:39:16.0 (71278601)|STATEMENT_EXECUTE|[77]
02:39:16.0 (71388026)|HEAP_ALLOCATE|[78]|Bytes:8
02:39:16.0 (71401341)|STATEMENT_EXECUTE|[79]
02:39:16.0 (71420200)|HEAP_ALLOCATE|[79]|Bytes:8
02:39:16.0 (71427444)|HEAP_ALLOCATE|[79]|Bytes:9
02:39:16.0 (71435197)|HEAP_ALLOCATE|[EXTERNAL]|Bytes:4
02:39:16.0 (71446065)|HEAP_ALLOCATE|[77]|Bytes:5
02:39:16.0 (71457534)|VARIABLE_SCOPE_BEGIN|[77]|field|Schema.SObjectField|true|false
02:39:16.0 (71521901)|VARIABLE_ASSIGNMENT|[77]|field|"common.apex.runtime.impl.ApexFieldToken@15da5f06"|0x15da5f06
02:39:16.0 (71529267)|STATEMENT_EXECUTE|[77]
02:39:16.0 (71669748)|HEAP_ALLOCATE|[78]|Bytes:8
02:39:16.0 (71683087)|STATEMENT_EXECUTE|[79]
02:39:16.0 (71696347)|HEAP_ALLOCATE|[79]|Bytes:8
02:39:16.0 (71703218)|HEAP_ALLOCATE|[79]|Bytes:9
02:39:16.0 (71711032)|HEAP_ALLOCATE|[EXTERNAL]|Bytes:4
02:39:16.0 (71721753)|HEAP_ALLOCATE|[77]|Bytes:5
02:39:16.0 (71733662)|VARIABLE_SCOPE_BEGIN|[77]|field|Schema.SObjectField|true|false
02:39:16.0 (71794175)|VARIABLE_ASSIGNMENT|[77]|field|"common.apex.runtime.impl.ApexFieldToken@5a65df67"|0x5a65df67
02:39:16.0 (71801177)|STATEMENT_EXECUTE|[77]
02:39:16.0 (71874560)|HEAP_ALLOCATE|[78]|Bytes:8
02:39:16.0 (71885240)|STATEMENT_EXECUTE|[79]
02:39:16.0 (71897257)|HEAP_ALLOCATE|[79]|Bytes:8
02:39:16.0 (71903814)|HEAP_ALLOCATE|[79]|Bytes:8
02:39:16.0 (71924352)|HEAP_ALLOCATE|[EXTERNAL]|Bytes:4
02:39:16.0 (71940110)|HEAP_ALLOCATE|[77]|Bytes:5
02:39:16.0 (71960085)|VARIABLE_SCOPE_BEGIN|[77]|field|Schema.SObjectField|true|false
02:39:16.0 (72039333)|VARIABLE_ASSIGNMENT|[77]|field|"common.apex.runtime.impl.ApexFieldToken@64a75dc6"|0x64a75dc6
02:39:16.0 (72047535)|STATEMENT_EXECUTE|[77]
02:39:16.0 (72138111)|HEAP_ALLOCATE|[78]|Bytes:8
02:39:16.0 (72150045)|STATEMENT_EXECUTE|[79]
02:39:16.0 (72162747)|HEAP_ALLOCATE|[79]|Bytes:8
02:39:16.0 (72169916)|HEAP_ALLOCATE|[79]|Bytes:11
02:39:16.0 (72177461)|HEAP_ALLOCATE|[EXTERNAL]|Bytes:4
02:39:16.0 (72187674)|HEAP_ALLOCATE|[77]|Bytes:5
02:39:16.0 (72199124)|VARIABLE_SCOPE_BEGIN|[77]|field|Schema.SObjectField|true|false
02:39:16.0 (72267800)|VARIABLE_ASSIGNMENT|[77]|field|"common.apex.runtime.impl.ApexFieldToken@37eb073f"|0x37eb073f
02:39:16.0 (72282147)|STATEMENT_EXECUTE|[77]
02:39:16.0 (72403455)|HEAP_ALLOCATE|[78]|Bytes:8
02:39:16.0 (72419625)|STATEMENT_EXECUTE|[79]
02:39:16.0 (72433534)|HEAP_ALLOCATE|[79]|Bytes:8
02:39:16.0 (72441462)|HEAP_ALLOCATE|[79]|Bytes:11
02:39:16.0 (72449349)|HEAP_ALLOCATE|[EXTERNAL]|Bytes:4
02:39:16.0 (72460330)|HEAP_ALLOCATE|[77]|Bytes:5
02:39:16.0 (72472673)|VARIABLE_SCOPE_BEGIN|[77]|field|Schema.SObjectField|true|false
02:39:16.0 (72533268)|VARIABLE_ASSIGNMENT|[77]|field|"common.apex.runtime.impl.ApexFieldToken@700e5cab"|0x700e5cab
02:39:16.0 (72540503)|STATEMENT_EXECUTE|[77]
02:39:16.0 (72621280)|HEAP_ALLOCATE|[78]|Bytes:8
02:39:16.0 (72632046)|STATEMENT_EXECUTE|[79]
02:39:16.0 (72644008)|HEAP_ALLOCATE|[79]|Bytes:8
02:39:16.0 (72650961)|HEAP_ALLOCATE|[79]|Bytes:16
02:39:16.0 (72658249)|HEAP_ALLOCATE|[EXTERNAL]|Bytes:4
02:39:16.0 (72668711)|HEAP_ALLOCATE|[77]|Bytes:5
02:39:16.0 (72679767)|VARIABLE_SCOPE_BEGIN|[77]|field|Schema.SObjectField|true|false
02:39:16.0 (72737660)|VARIABLE_ASSIGNMENT|[77]|field|"common.apex.runtime.impl.ApexFieldToken@4e42b2a"|0x4e42b2a
02:39:16.0 (72745183)|STATEMENT_EXECUTE|[77]
02:39:16.0 (72828683)|HEAP_ALLOCATE|[78]|Bytes:8
02:39:16.0 (72839388)|STATEMENT_EXECUTE|[79]
02:39:16.0 (72851760)|HEAP_ALLOCATE|[79]|Bytes:8
02:39:16.0 (72858022)|HEAP_ALLOCATE|[79]|Bytes:16
02:39:16.0 (72864904)|HEAP_ALLOCATE|[EXTERNAL]|Bytes:4
02:39:16.0 (72874953)|HEAP_ALLOCATE|[77]|Bytes:5
02:39:16.0 (72885604)|VARIABLE_SCOPE_BEGIN|[77]|field|Schema.SObjectField|true|false
02:39:16.0 (72943151)|VARIABLE_ASSIGNMENT|[77]|field|"common.apex.runtime.impl.ApexFieldToken@5af30f1d"|0x5af30f1d
02:39:16.0 (72949774)|STATEMENT_EXECUTE|[77]
02:39:16.0 (73016808)|HEAP_ALLOCATE|[78]|Bytes:8
02:39:16.0 (73028031)|STATEMENT_EXECUTE|[79]
02:39:16.0 (73039927)|HEAP_ALLOCATE|[79]|Bytes:8
02:39:16.0 (73046361)|HEAP_ALLOCATE|[79]|Bytes:14
02:39:16.0 (73052942)|HEAP_ALLOCATE|[EXTERNAL]|Bytes:4
02:39:16.0 (73062351)|HEAP_ALLOCATE|[77]|Bytes:5
02:39:16.0 (73072119)|VARIABLE_SCOPE_BEGIN|[77]|field|Schema.SObjectField|true|false
02:39:16.0 (73128556)|VARIABLE_ASSIGNMENT|[77]|field|"common.apex.runtime.impl.ApexFieldToken@35ce2983"|0x35ce2983
02:39:16.0 (73135190)|STATEMENT_EXECUTE|[77]
02:39:16.0 (73204171)|HEAP_ALLOCATE|[78]|Bytes:8
02:39:16.0 (73214452)|STATEMENT_EXECUTE|[79]
02:39:16.0 (73225815)|HEAP_ALLOCATE|[79]|Bytes:8
02:39:16.0 (73232198)|HEAP_ALLOCATE|[79]|Bytes:10
02:39:16.0 (73238738)|HEAP_ALLOCATE|[EXTERNAL]|Bytes:4
02:39:16.0 (73247926)|HEAP_ALLOCATE|[77]|Bytes:5
02:39:16.0 (73257428)|VARIABLE_SCOPE_BEGIN|[77]|field|Schema.SObjectField|true|false
02:39:16.0 (73313154)|VARIABLE_ASSIGNMENT|[77]|field|"common.apex.runtime.impl.ApexFieldToken@3727d095"|0x3727d095
02:39:16.0 (73319947)|STATEMENT_EXECUTE|[77]
02:39:16.0 (73400739)|HEAP_ALLOCATE|[78]|Bytes:8
02:39:16.0 (73411836)|STATEMENT_EXECUTE|[79]
02:39:16.0 (73428351)|HEAP_ALLOCATE|[79]|Bytes:8
02:39:16.0 (73435349)|HEAP_ALLOCATE|[79]|Bytes:21
02:39:16.0 (73441793)|HEAP_ALLOCATE|[EXTERNAL]|Bytes:4
02:39:16.0 (73451555)|HEAP_ALLOCATE|[77]|Bytes:5
02:39:16.0 (73461606)|VARIABLE_SCOPE_BEGIN|[77]|field|Schema.SObjectField|true|false
02:39:16.0 (73518741)|VARIABLE_ASSIGNMENT|[77]|field|"common.apex.runtime.impl.ApexFieldToken@12bf0020"|0x12bf0020
02:39:16.0 (73525627)|STATEMENT_EXECUTE|[77]
02:39:16.0 (73599367)|HEAP_ALLOCATE|[78]|Bytes:8
02:39:16.0 (73609683)|STATEMENT_EXECUTE|[79]
02:39:16.0 (73621966)|HEAP_ALLOCATE|[79]|Bytes:8
02:39:16.0 (73629425)|HEAP_ALLOCATE|[79]|Bytes:8
02:39:16.0 (73635912)|HEAP_ALLOCATE|[EXTERNAL]|Bytes:4
02:39:16.0 (73646006)|HEAP_ALLOCATE|[77]|Bytes:5
02:39:16.0 (73655940)|VARIABLE_SCOPE_BEGIN|[77]|field|Schema.SObjectField|true|false
02:39:16.0 (73711977)|VARIABLE_ASSIGNMENT|[77]|field|"common.apex.runtime.impl.ApexFieldToken@50f67e8d"|0x50f67e8d
02:39:16.0 (73718384)|STATEMENT_EXECUTE|[77]
02:39:16.0 (73789733)|HEAP_ALLOCATE|[78]|Bytes:8
02:39:16.0 (73800342)|STATEMENT_EXECUTE|[79]
02:39:16.0 (73812574)|HEAP_ALLOCATE|[79]|Bytes:8
02:39:16.0 (73819039)|HEAP_ALLOCATE|[79]|Bytes:15
02:39:16.0 (73825865)|HEAP_ALLOCATE|[EXTERNAL]|Bytes:4
02:39:16.0 (73835305)|HEAP_ALLOCATE|[77]|Bytes:5
02:39:16.0 (73845181)|VARIABLE_SCOPE_BEGIN|[77]|field|Schema.SObjectField|true|false
02:39:16.0 (73900284)|VARIABLE_ASSIGNMENT|[77]|field|"common.apex.runtime.impl.ApexFieldToken@14b0c721"|0x14b0c721
02:39:16.0 (73906861)|STATEMENT_EXECUTE|[77]
02:39:16.0 (73976548)|HEAP_ALLOCATE|[78]|Bytes:8
02:39:16.0 (73987126)|STATEMENT_EXECUTE|[79]
02:39:16.0 (73999315)|HEAP_ALLOCATE|[79]|Bytes:8
02:39:16.0 (74005673)|HEAP_ALLOCATE|[79]|Bytes:10
02:39:16.0 (74013070)|HEAP_ALLOCATE|[EXTERNAL]|Bytes:4
02:39:16.0 (74022664)|HEAP_ALLOCATE|[77]|Bytes:5
02:39:16.0 (74032988)|VARIABLE_SCOPE_BEGIN|[77]|field|Schema.SObjectField|true|false
02:39:16.0 (74088934)|VARIABLE_ASSIGNMENT|[77]|field|"common.apex.runtime.impl.ApexFieldToken@1d9a0e5a"|0x1d9a0e5a
02:39:16.0 (74095591)|STATEMENT_EXECUTE|[77]
02:39:16.0 (74166095)|HEAP_ALLOCATE|[78]|Bytes:8
02:39:16.0 (74176572)|STATEMENT_EXECUTE|[79]
02:39:16.0 (74187907)|HEAP_ALLOCATE|[79]|Bytes:8
02:39:16.0 (74194113)|HEAP_ALLOCATE|[79]|Bytes:16
02:39:16.0 (74200468)|HEAP_ALLOCATE|[EXTERNAL]|Bytes:4
02:39:16.0 (74209858)|HEAP_ALLOCATE|[77]|Bytes:5
02:39:16.0 (74219723)|VARIABLE_SCOPE_BEGIN|[77]|field|Schema.SObjectField|true|false
02:39:16.0 (74276081)|VARIABLE_ASSIGNMENT|[77]|field|"common.apex.runtime.impl.ApexFieldToken@774eb3c9"|0x774eb3c9
02:39:16.0 (74283023)|STATEMENT_EXECUTE|[77]
02:39:16.0 (74354626)|HEAP_ALLOCATE|[78]|Bytes:8
02:39:16.0 (74365444)|STATEMENT_EXECUTE|[79]
02:39:16.0 (74377594)|HEAP_ALLOCATE|[79]|Bytes:8
02:39:16.0 (74384170)|HEAP_ALLOCATE|[79]|Bytes:13
02:39:16.0 (74390675)|HEAP_ALLOCATE|[EXTERNAL]|Bytes:4
02:39:16.0 (74399872)|HEAP_ALLOCATE|[77]|Bytes:5
02:39:16.0 (74410029)|VARIABLE_SCOPE_BEGIN|[77]|field|Schema.SObjectField|true|false
02:39:16.0 (74470382)|VARIABLE_ASSIGNMENT|[77]|field|"common.apex.runtime.impl.ApexFieldToken@14afa9bb"|0x14afa9bb
02:39:16.0 (74477440)|STATEMENT_EXECUTE|[77]
02:39:16.0 (74613405)|HEAP_ALLOCATE|[78]|Bytes:8
02:39:16.0 (74636089)|STATEMENT_EXECUTE|[79]
02:39:16.0 (74656909)|HEAP_ALLOCATE|[79]|Bytes:8
02:39:16.0 (74668179)|HEAP_ALLOCATE|[79]|Bytes:20
02:39:16.0 (74675949)|HEAP_ALLOCATE|[EXTERNAL]|Bytes:4
02:39:16.0 (74686338)|HEAP_ALLOCATE|[77]|Bytes:5
02:39:16.0 (74697929)|VARIABLE_SCOPE_BEGIN|[77]|field|Schema.SObjectField|true|false
02:39:16.0 (74757360)|VARIABLE_ASSIGNMENT|[77]|field|"common.apex.runtime.impl.ApexFieldToken@634fdc0"|0x634fdc0
02:39:16.0 (74764504)|STATEMENT_EXECUTE|[77]
02:39:16.0 (74847691)|HEAP_ALLOCATE|[78]|Bytes:8
02:39:16.0 (74858572)|STATEMENT_EXECUTE|[79]
02:39:16.0 (74871454)|HEAP_ALLOCATE|[79]|Bytes:8
02:39:16.0 (74878040)|HEAP_ALLOCATE|[79]|Bytes:12
02:39:16.0 (74885477)|HEAP_ALLOCATE|[EXTERNAL]|Bytes:4
02:39:16.0 (74894968)|HEAP_ALLOCATE|[77]|Bytes:5
02:39:16.0 (74905199)|VARIABLE_SCOPE_BEGIN|[77]|field|Schema.SObjectField|true|false
02:39:16.0 (74962654)|VARIABLE_ASSIGNMENT|[77]|field|"common.apex.runtime.impl.ApexFieldToken@4b11db82"|0x4b11db82
02:39:16.0 (74969486)|STATEMENT_EXECUTE|[77]
02:39:16.0 (75044007)|HEAP_ALLOCATE|[78]|Bytes:8
02:39:16.0 (75055076)|STATEMENT_EXECUTE|[79]
02:39:16.0 (75067506)|HEAP_ALLOCATE|[79]|Bytes:8
02:39:16.0 (75074052)|HEAP_ALLOCATE|[79]|Bytes:23
02:39:16.0 (75080788)|HEAP_ALLOCATE|[EXTERNAL]|Bytes:4
02:39:16.0 (75090467)|HEAP_ALLOCATE|[77]|Bytes:5
02:39:16.0 (75100211)|VARIABLE_SCOPE_BEGIN|[77]|field|Schema.SObjectField|true|false
02:39:16.0 (75157155)|VARIABLE_ASSIGNMENT|[77]|field|"common.apex.runtime.impl.ApexFieldToken@49c3f9d2"|0x49c3f9d2
02:39:16.0 (75164148)|STATEMENT_EXECUTE|[77]
02:39:16.0 (75234327)|HEAP_ALLOCATE|[78]|Bytes:8
02:39:16.0 (75244448)|STATEMENT_EXECUTE|[79]
02:39:16.0 (75255701)|HEAP_ALLOCATE|[79]|Bytes:8
02:39:16.0 (75262004)|HEAP_ALLOCATE|[79]|Bytes:21
02:39:16.0 (75268391)|HEAP_ALLOCATE|[EXTERNAL]|Bytes:4
02:39:16.0 (75277663)|HEAP_ALLOCATE|[77]|Bytes:5
02:39:16.0 (75287122)|VARIABLE_SCOPE_BEGIN|[77]|field|Schema.SObjectField|true|false
02:39:16.0 (75346169)|VARIABLE_ASSIGNMENT|[77]|field|"common.apex.runtime.impl.ApexFieldToken@20c86320"|0x20c86320
02:39:16.0 (75353054)|STATEMENT_EXECUTE|[77]
02:39:16.0 (75447366)|HEAP_ALLOCATE|[78]|Bytes:8
02:39:16.0 (75462908)|STATEMENT_EXECUTE|[79]
02:39:16.0 (75482437)|HEAP_ALLOCATE|[79]|Bytes:8
02:39:16.0 (75492599)|HEAP_ALLOCATE|[79]|Bytes:24
02:39:16.0 (75502480)|HEAP_ALLOCATE|[EXTERNAL]|Bytes:4
02:39:16.0 (75516226)|HEAP_ALLOCATE|[77]|Bytes:5
02:39:16.0 (75531174)|VARIABLE_SCOPE_BEGIN|[77]|field|Schema.SObjectField|true|false
02:39:16.0 (75616717)|VARIABLE_ASSIGNMENT|[77]|field|"common.apex.runtime.impl.ApexFieldToken@1335004"|0x1335004
02:39:16.0 (75626927)|STATEMENT_EXECUTE|[77]
02:39:16.0 (75727460)|HEAP_ALLOCATE|[78]|Bytes:8
02:39:16.0 (75746074)|STATEMENT_EXECUTE|[79]
02:39:16.0 (75764867)|HEAP_ALLOCATE|[79]|Bytes:8
02:39:16.0 (75774731)|HEAP_ALLOCATE|[79]|Bytes:14
02:39:16.0 (75784566)|HEAP_ALLOCATE|[EXTERNAL]|Bytes:4
02:39:16.0 (75798137)|HEAP_ALLOCATE|[77]|Bytes:5
02:39:16.0 (75813734)|VARIABLE_SCOPE_BEGIN|[77]|field|Schema.SObjectField|true|false
02:39:16.0 (75898136)|VARIABLE_ASSIGNMENT|[77]|field|"common.apex.runtime.impl.ApexFieldToken@443b466b"|0x443b466b
02:39:16.0 (75908422)|STATEMENT_EXECUTE|[77]
02:39:16.0 (76006682)|HEAP_ALLOCATE|[78]|Bytes:8
02:39:16.0 (76021888)|STATEMENT_EXECUTE|[79]
02:39:16.0 (76039941)|HEAP_ALLOCATE|[79]|Bytes:8
02:39:16.0 (76050012)|HEAP_ALLOCATE|[79]|Bytes:18
02:39:16.0 (76059704)|HEAP_ALLOCATE|[EXTERNAL]|Bytes:4
02:39:16.0 (76073907)|HEAP_ALLOCATE|[77]|Bytes:5
02:39:16.0 (76091275)|VARIABLE_SCOPE_BEGIN|[77]|field|Schema.SObjectField|true|false
02:39:16.0 (76156508)|VARIABLE_ASSIGNMENT|[77]|field|"common.apex.runtime.impl.ApexFieldToken@12602a57"|0x12602a57
02:39:16.0 (76178100)|STATEMENT_EXECUTE|[77]
02:39:16.0 (76262622)|HEAP_ALLOCATE|[78]|Bytes:8
02:39:16.0 (76273953)|STATEMENT_EXECUTE|[79]
02:39:16.0 (76287033)|HEAP_ALLOCATE|[79]|Bytes:8
02:39:16.0 (76294313)|HEAP_ALLOCATE|[79]|Bytes:23
02:39:16.0 (76301521)|HEAP_ALLOCATE|[EXTERNAL]|Bytes:4
02:39:16.0 (76311789)|HEAP_ALLOCATE|[77]|Bytes:5
02:39:16.0 (76323005)|VARIABLE_SCOPE_BEGIN|[77]|field|Schema.SObjectField|true|false
02:39:16.0 (76387872)|VARIABLE_ASSIGNMENT|[77]|field|"common.apex.runtime.impl.ApexFieldToken@71529a58"|0x71529a58
02:39:16.0 (76395068)|STATEMENT_EXECUTE|[77]
02:39:16.0 (76473442)|HEAP_ALLOCATE|[78]|Bytes:8
02:39:16.0 (76483998)|STATEMENT_EXECUTE|[79]
02:39:16.0 (76496358)|HEAP_ALLOCATE|[79]|Bytes:8
02:39:16.0 (76503181)|HEAP_ALLOCATE|[79]|Bytes:20
02:39:16.0 (76510253)|HEAP_ALLOCATE|[EXTERNAL]|Bytes:4
02:39:16.0 (76521083)|HEAP_ALLOCATE|[77]|Bytes:5
02:39:16.0 (76531899)|VARIABLE_SCOPE_BEGIN|[77]|field|Schema.SObjectField|true|false
02:39:16.0 (76588917)|VARIABLE_ASSIGNMENT|[77]|field|"common.apex.runtime.impl.ApexFieldToken@6afa4706"|0x6afa4706
02:39:16.0 (76596432)|STATEMENT_EXECUTE|[77]
02:39:16.0 (76668488)|HEAP_ALLOCATE|[78]|Bytes:8
02:39:16.0 (76679188)|STATEMENT_EXECUTE|[79]
02:39:16.0 (76690736)|HEAP_ALLOCATE|[79]|Bytes:8
02:39:16.0 (76696880)|HEAP_ALLOCATE|[79]|Bytes:18
02:39:16.0 (76703621)|HEAP_ALLOCATE|[EXTERNAL]|Bytes:4
02:39:16.0 (76713146)|HEAP_ALLOCATE|[77]|Bytes:5
02:39:16.0 (76723392)|VARIABLE_SCOPE_BEGIN|[77]|field|Schema.SObjectField|true|false
02:39:16.0 (76780065)|VARIABLE_ASSIGNMENT|[77]|field|"common.apex.runtime.impl.ApexFieldToken@746c4c2c"|0x746c4c2c
02:39:16.0 (76787213)|STATEMENT_EXECUTE|[77]
02:39:16.0 (76856929)|HEAP_ALLOCATE|[78]|Bytes:8
02:39:16.0 (76866977)|STATEMENT_EXECUTE|[79]
02:39:16.0 (76879369)|HEAP_ALLOCATE|[79]|Bytes:8
02:39:16.0 (76885312)|HEAP_ALLOCATE|[79]|Bytes:21
02:39:16.0 (76892218)|HEAP_ALLOCATE|[EXTERNAL]|Bytes:4
02:39:16.0 (76902361)|HEAP_ALLOCATE|[77]|Bytes:5
02:39:16.0 (76912077)|VARIABLE_SCOPE_BEGIN|[77]|field|Schema.SObjectField|true|false
02:39:16.0 (76969273)|VARIABLE_ASSIGNMENT|[77]|field|"common.apex.runtime.impl.ApexFieldToken@674de264"|0x674de264
02:39:16.0 (76978959)|STATEMENT_EXECUTE|[77]
02:39:16.0 (77098961)|HEAP_ALLOCATE|[78]|Bytes:8
02:39:16.0 (77112486)|STATEMENT_EXECUTE|[79]
02:39:16.0 (77125736)|HEAP_ALLOCATE|[79]|Bytes:8
02:39:16.0 (77132265)|HEAP_ALLOCATE|[79]|Bytes:25
02:39:16.0 (77139178)|HEAP_ALLOCATE|[EXTERNAL]|Bytes:4
02:39:16.0 (77149325)|HEAP_ALLOCATE|[77]|Bytes:5
02:39:16.0 (77160784)|VARIABLE_SCOPE_BEGIN|[77]|field|Schema.SObjectField|true|false
02:39:16.0 (77220570)|VARIABLE_ASSIGNMENT|[77]|field|"common.apex.runtime.impl.ApexFieldToken@2a8348f"|0x2a8348f
02:39:16.0 (77227558)|STATEMENT_EXECUTE|[77]
02:39:16.0 (77340655)|HEAP_ALLOCATE|[78]|Bytes:8
02:39:16.0 (77357871)|STATEMENT_EXECUTE|[79]
02:39:16.0 (77379189)|HEAP_ALLOCATE|[79]|Bytes:8
02:39:16.0 (77391036)|HEAP_ALLOCATE|[79]|Bytes:11
02:39:16.0 (77402791)|HEAP_ALLOCATE|[EXTERNAL]|Bytes:4
02:39:16.0 (77418604)|HEAP_ALLOCATE|[77]|Bytes:5
02:39:16.0 (77430562)|VARIABLE_ASSIGNMENT|[77]|field|null|
02:39:16.0 (77436159)|STATEMENT_EXECUTE|[81]
02:39:16.0 (77442256)|VARIABLE_SCOPE_BEGIN|[81]|allfields|String|false|false
02:39:16.0 (77452159)|VARIABLE_ASSIGNMENT|[81]|allfields|""
02:39:16.0 (77505919)|HEAP_ALLOCATE|[82]|Bytes:5
02:39:16.0 (77514106)|HEAP_ALLOCATE|[82]|Bytes:2
02:39:16.0 (77520795)|VARIABLE_SCOPE_BEGIN|[82]|fieldname|String|false|false
02:39:16.0 (77528836)|VARIABLE_ASSIGNMENT|[82]|fieldname|"Id"
02:39:16.0 (77532912)|STATEMENT_EXECUTE|[83]
02:39:16.0 (77535237)|HEAP_ALLOCATE|[83]|Bytes:1
02:39:16.0 (77552731)|HEAP_ALLOCATE|[83]|Bytes:3
02:39:16.0 (77557365)|HEAP_ALLOCATE|[83]|Bytes:3
02:39:16.0 (77561383)|VARIABLE_ASSIGNMENT|[83]|allfields|"Id,"
02:39:16.0 (77569343)|HEAP_ALLOCATE|[82]|Bytes:5
02:39:16.0 (77574859)|HEAP_ALLOCATE|[82]|Bytes:5
02:39:16.0 (77578712)|VARIABLE_SCOPE_BEGIN|[82]|fieldname|String|false|false
02:39:16.0 (77586039)|VARIABLE_ASSIGNMENT|[82]|fieldname|"WhoId"
02:39:16.0 (77589684)|STATEMENT_EXECUTE|[83]
02:39:16.0 (77592094)|HEAP_ALLOCATE|[83]|Bytes:6
02:39:16.0 (77595464)|HEAP_ALLOCATE|[83]|Bytes:9
02:39:16.0 (77598991)|VARIABLE_ASSIGNMENT|[83]|allfields|"Id,WhoId,"
02:39:16.0 (77604859)|HEAP_ALLOCATE|[82]|Bytes:5
02:39:16.0 (77609636)|HEAP_ALLOCATE|[82]|Bytes:6
02:39:16.0 (77613290)|VARIABLE_SCOPE_BEGIN|[82]|fieldname|String|false|false
02:39:16.0 (77619508)|VARIABLE_ASSIGNMENT|[82]|fieldname|"WhatId"
02:39:16.0 (77623066)|STATEMENT_EXECUTE|[83]
02:39:16.0 (77625291)|HEAP_ALLOCATE|[83]|Bytes:7
02:39:16.0 (77628706)|HEAP_ALLOCATE|[83]|Bytes:16
02:39:16.0 (77632652)|VARIABLE_ASSIGNMENT|[83]|allfields|"Id,WhoId,WhatId,"
02:39:16.0 (77638993)|HEAP_ALLOCATE|[82]|Bytes:5
02:39:16.0 (77646911)|HEAP_ALLOCATE|[82]|Bytes:7
02:39:16.0 (77653007)|VARIABLE_SCOPE_BEGIN|[82]|fieldname|String|false|false
02:39:16.0 (77664916)|VARIABLE_ASSIGNMENT|[82]|fieldname|"Subject"
02:39:16.0 (77671794)|STATEMENT_EXECUTE|[83]
02:39:16.0 (77676118)|HEAP_ALLOCATE|[83]|Bytes:8
02:39:16.0 (77682362)|HEAP_ALLOCATE|[83]|Bytes:24
02:39:16.0 (77691050)|VARIABLE_ASSIGNMENT|[83]|allfields|"Id,WhoId,WhatId,Subj (4 more) ..."
02:39:16.0 (77703264)|HEAP_ALLOCATE|[82]|Bytes:5
02:39:16.0 (77711946)|HEAP_ALLOCATE|[82]|Bytes:12
02:39:16.0 (77718318)|VARIABLE_SCOPE_BEGIN|[82]|fieldname|String|false|false
02:39:16.0 (77729789)|VARIABLE_ASSIGNMENT|[82]|fieldname|"ActivityDate"
02:39:16.0 (77735669)|STATEMENT_EXECUTE|[83]
02:39:16.0 (77739409)|HEAP_ALLOCATE|[83]|Bytes:13
02:39:16.0 (77744745)|HEAP_ALLOCATE|[83]|Bytes:37
02:39:16.0 (77752868)|VARIABLE_ASSIGNMENT|[83]|allfields|"Id,WhoId,WhatId,Subj (17 more) ..."
02:39:16.0 (77765438)|HEAP_ALLOCATE|[82]|Bytes:5
02:39:16.0 (77775186)|HEAP_ALLOCATE|[82]|Bytes:6
02:39:16.0 (77781519)|VARIABLE_SCOPE_BEGIN|[82]|fieldname|String|false|false
02:39:16.0 (77807237)|VARIABLE_ASSIGNMENT|[82]|fieldname|"Status"
02:39:16.0 (77814366)|STATEMENT_EXECUTE|[83]
02:39:16.0 (77819527)|HEAP_ALLOCATE|[83]|Bytes:7
02:39:16.0 (77826326)|HEAP_ALLOCATE|[83]|Bytes:44
02:39:16.0 (77835505)|VARIABLE_ASSIGNMENT|[83]|allfields|"Id,WhoId,WhatId,Subj (24 more) ..."
02:39:16.0 (77849826)|HEAP_ALLOCATE|[82]|Bytes:5
02:39:16.0 (77859559)|HEAP_ALLOCATE|[82]|Bytes:8
02:39:16.0 (77866307)|VARIABLE_SCOPE_BEGIN|[82]|fieldname|String|false|false
02:39:16.0 (77878026)|VARIABLE_ASSIGNMENT|[82]|fieldname|"Priority"
02:39:16.0 (77883794)|STATEMENT_EXECUTE|[83]
02:39:16.0 (77887852)|HEAP_ALLOCATE|[83]|Bytes:9
02:39:16.0 (77893501)|HEAP_ALLOCATE|[83]|Bytes:53
02:39:16.0 (77900813)|VARIABLE_ASSIGNMENT|[83]|allfields|"Id,WhoId,WhatId,Subj (33 more) ..."
02:39:16.0 (77913073)|HEAP_ALLOCATE|[82]|Bytes:5
02:39:16.0 (77921894)|HEAP_ALLOCATE|[82]|Bytes:14
02:39:16.0 (77927761)|VARIABLE_SCOPE_BEGIN|[82]|fieldname|String|false|false
02:39:16.0 (77938714)|VARIABLE_ASSIGNMENT|[82]|fieldname|"IsHighPriority"
02:39:16.0 (77944263)|STATEMENT_EXECUTE|[83]
02:39:16.0 (77948003)|HEAP_ALLOCATE|[83]|Bytes:15
02:39:16.0 (77953690)|HEAP_ALLOCATE|[83]|Bytes:68
02:39:16.0 (77961098)|VARIABLE_ASSIGNMENT|[83]|allfields|"Id,WhoId,WhatId,Subj (48 more) ..."
02:39:16.0 (77972452)|HEAP_ALLOCATE|[82]|Bytes:5
02:39:16.0 (77980875)|HEAP_ALLOCATE|[82]|Bytes:7
02:39:16.0 (77986149)|VARIABLE_SCOPE_BEGIN|[82]|fieldname|String|false|false
02:39:16.0 (77997877)|VARIABLE_ASSIGNMENT|[82]|fieldname|"OwnerId"
02:39:16.0 (78003849)|STATEMENT_EXECUTE|[83]
02:39:16.0 (78008899)|HEAP_ALLOCATE|[83]|Bytes:8
02:39:16.0 (78014961)|HEAP_ALLOCATE|[83]|Bytes:76
02:39:16.0 (78023684)|VARIABLE_ASSIGNMENT|[83]|allfields|"Id,WhoId,WhatId,Subj (56 more) ..."
02:39:16.0 (78036801)|HEAP_ALLOCATE|[82]|Bytes:5
02:39:16.0 (78046984)|HEAP_ALLOCATE|[82]|Bytes:11
02:39:16.0 (78053727)|VARIABLE_SCOPE_BEGIN|[82]|fieldname|String|false|false
02:39:16.0 (78065431)|VARIABLE_ASSIGNMENT|[82]|fieldname|"Description"
02:39:16.0 (78071036)|STATEMENT_EXECUTE|[83]
02:39:16.0 (78075290)|HEAP_ALLOCATE|[83]|Bytes:12
02:39:16.0 (78081612)|HEAP_ALLOCATE|[83]|Bytes:88
02:39:16.0 (78090089)|VARIABLE_ASSIGNMENT|[83]|allfields|"Id,WhoId,WhatId,Subj (68 more) ..."
02:39:16.0 (78103291)|HEAP_ALLOCATE|[82]|Bytes:5
02:39:16.0 (78113146)|HEAP_ALLOCATE|[82]|Bytes:9
02:39:16.0 (78119551)|VARIABLE_SCOPE_BEGIN|[82]|fieldname|String|false|false
02:39:16.0 (78131706)|VARIABLE_ASSIGNMENT|[82]|fieldname|"IsDeleted"
02:39:16.0 (78138248)|STATEMENT_EXECUTE|[83]
02:39:16.0 (78142488)|HEAP_ALLOCATE|[83]|Bytes:10
02:39:16.0 (78148686)|HEAP_ALLOCATE|[83]|Bytes:98
02:39:16.0 (78156854)|VARIABLE_ASSIGNMENT|[83]|allfields|"Id,WhoId,WhatId,Subj (78 more) ..."
02:39:16.0 (78170479)|HEAP_ALLOCATE|[82]|Bytes:5
02:39:16.0 (78179962)|HEAP_ALLOCATE|[82]|Bytes:9
02:39:16.0 (78187252)|VARIABLE_SCOPE_BEGIN|[82]|fieldname|String|false|false
02:39:16.0 (78199800)|VARIABLE_ASSIGNMENT|[82]|fieldname|"AccountId"
02:39:16.0 (78205699)|STATEMENT_EXECUTE|[83]
02:39:16.0 (78210355)|HEAP_ALLOCATE|[83]|Bytes:10
02:39:16.0 (78217249)|HEAP_ALLOCATE|[83]|Bytes:108
02:39:16.0 (78225371)|VARIABLE_ASSIGNMENT|[83]|allfields|"Id,WhoId,WhatId,Subj (88 more) ..."
02:39:16.0 (78239055)|HEAP_ALLOCATE|[82]|Bytes:5
02:39:16.0 (78249646)|HEAP_ALLOCATE|[82]|Bytes:8
02:39:16.0 (78256226)|VARIABLE_SCOPE_BEGIN|[82]|fieldname|String|false|false
02:39:16.0 (78268694)|VARIABLE_ASSIGNMENT|[82]|fieldname|"IsClosed"
02:39:16.0 (78274853)|STATEMENT_EXECUTE|[83]
02:39:16.0 (78279255)|HEAP_ALLOCATE|[83]|Bytes:9
02:39:16.0 (78285427)|HEAP_ALLOCATE|[83]|Bytes:117
02:39:16.0 (78293677)|VARIABLE_ASSIGNMENT|[83]|allfields|"Id,WhoId,WhatId,Subj (97 more) ..."
02:39:16.0 (78306380)|HEAP_ALLOCATE|[82]|Bytes:5
02:39:16.0 (78316472)|HEAP_ALLOCATE|[82]|Bytes:11
02:39:16.0 (78323217)|VARIABLE_SCOPE_BEGIN|[82]|fieldname|String|false|false
02:39:16.0 (78335453)|VARIABLE_ASSIGNMENT|[82]|fieldname|"CreatedDate"
02:39:16.0 (78342022)|STATEMENT_EXECUTE|[83]
02:39:16.0 (78346322)|HEAP_ALLOCATE|[83]|Bytes:12
02:39:16.0 (78352387)|HEAP_ALLOCATE|[83]|Bytes:129
02:39:16.0 (78360792)|VARIABLE_ASSIGNMENT|[83]|allfields|"Id,WhoId,WhatId,Subj (109 more) ..."
02:39:16.0 (78374630)|HEAP_ALLOCATE|[82]|Bytes:5
02:39:16.0 (78384617)|HEAP_ALLOCATE|[82]|Bytes:11
02:39:16.0 (78391422)|VARIABLE_SCOPE_BEGIN|[82]|fieldname|String|false|false
02:39:16.0 (78404443)|VARIABLE_ASSIGNMENT|[82]|fieldname|"CreatedById"
02:39:16.0 (78410602)|STATEMENT_EXECUTE|[83]
02:39:16.0 (78419501)|HEAP_ALLOCATE|[83]|Bytes:12
02:39:16.0 (78426519)|HEAP_ALLOCATE|[83]|Bytes:141
02:39:16.0 (78435805)|VARIABLE_ASSIGNMENT|[83]|allfields|"Id,WhoId,WhatId,Subj (121 more) ..."
02:39:16.0 (78449782)|HEAP_ALLOCATE|[82]|Bytes:5
02:39:16.0 (78460022)|HEAP_ALLOCATE|[82]|Bytes:16
02:39:16.0 (78466821)|VARIABLE_SCOPE_BEGIN|[82]|fieldname|String|false|false
02:39:16.0 (78480021)|VARIABLE_ASSIGNMENT|[82]|fieldname|"LastModifiedDate"
02:39:16.0 (78486325)|STATEMENT_EXECUTE|[83]
02:39:16.0 (78490941)|HEAP_ALLOCATE|[83]|Bytes:17
02:39:16.0 (78497408)|HEAP_ALLOCATE|[83]|Bytes:158
02:39:16.0 (78505782)|VARIABLE_ASSIGNMENT|[83]|allfields|"Id,WhoId,WhatId,Subj (138 more) ..."
02:39:16.0 (78535457)|HEAP_ALLOCATE|[82]|Bytes:5
02:39:16.0 (78547164)|HEAP_ALLOCATE|[82]|Bytes:16
02:39:16.0 (78554087)|VARIABLE_SCOPE_BEGIN|[82]|fieldname|String|false|false
02:39:16.0 (78566851)|VARIABLE_ASSIGNMENT|[82]|fieldname|"LastModifiedById"
02:39:16.0 (78573362)|STATEMENT_EXECUTE|[83]
02:39:16.0 (78578074)|HEAP_ALLOCATE|[83]|Bytes:17
02:39:16.0 (78584499)|HEAP_ALLOCATE|[83]|Bytes:175
02:39:16.0 (78592805)|VARIABLE_ASSIGNMENT|[83]|allfields|"Id,WhoId,WhatId,Subj (155 more) ..."
02:39:16.0 (78606375)|HEAP_ALLOCATE|[82]|Bytes:5
02:39:16.0 (78615840)|HEAP_ALLOCATE|[82]|Bytes:14
02:39:16.0 (78622241)|VARIABLE_SCOPE_BEGIN|[82]|fieldname|String|false|false
02:39:16.0 (78634938)|VARIABLE_ASSIGNMENT|[82]|fieldname|"SystemModstamp"
02:39:16.0 (78640983)|STATEMENT_EXECUTE|[83]
02:39:16.0 (78645099)|HEAP_ALLOCATE|[83]|Bytes:15
02:39:16.0 (78651294)|HEAP_ALLOCATE|[83]|Bytes:190
02:39:16.0 (78659615)|VARIABLE_ASSIGNMENT|[83]|allfields|"Id,WhoId,WhatId,Subj (170 more) ..."
02:39:16.0 (78672547)|HEAP_ALLOCATE|[82]|Bytes:5
02:39:16.0 (78681748)|HEAP_ALLOCATE|[82]|Bytes:10
02:39:16.0 (78688743)|VARIABLE_SCOPE_BEGIN|[82]|fieldname|String|false|false
02:39:16.0 (78700314)|VARIABLE_ASSIGNMENT|[82]|fieldname|"IsArchived"
02:39:16.0 (78705826)|STATEMENT_EXECUTE|[83]
02:39:16.0 (78709985)|HEAP_ALLOCATE|[83]|Bytes:11
02:39:16.0 (78715797)|HEAP_ALLOCATE|[83]|Bytes:201
02:39:16.0 (78723840)|VARIABLE_ASSIGNMENT|[83]|allfields|"Id,WhoId,WhatId,Subj (181 more) ..."
02:39:16.0 (78736085)|HEAP_ALLOCATE|[82]|Bytes:5
02:39:16.0 (78745124)|HEAP_ALLOCATE|[82]|Bytes:21
02:39:16.0 (78751382)|VARIABLE_SCOPE_BEGIN|[82]|fieldname|String|false|false
02:39:16.0 (78764528)|VARIABLE_ASSIGNMENT|[82]|fieldname|"CallDurationInSecond (1 more) ..."
02:39:16.0 (78770670)|STATEMENT_EXECUTE|[83]
02:39:16.0 (78774709)|HEAP_ALLOCATE|[83]|Bytes:22
02:39:16.0 (78781156)|HEAP_ALLOCATE|[83]|Bytes:223
02:39:16.0 (78788799)|VARIABLE_ASSIGNMENT|[83]|allfields|"Id,WhoId,WhatId,Subj (203 more) ..."
02:39:16.0 (78801205)|HEAP_ALLOCATE|[82]|Bytes:5
02:39:16.0 (78810213)|HEAP_ALLOCATE|[82]|Bytes:8
02:39:16.0 (78816689)|VARIABLE_SCOPE_BEGIN|[82]|fieldname|String|false|false
02:39:16.0 (78828649)|VARIABLE_ASSIGNMENT|[82]|fieldname|"CallType"
02:39:16.0 (78835087)|STATEMENT_EXECUTE|[83]
02:39:16.0 (78838915)|HEAP_ALLOCATE|[83]|Bytes:9
02:39:16.0 (78845147)|HEAP_ALLOCATE|[83]|Bytes:232
02:39:16.0 (78853756)|VARIABLE_ASSIGNMENT|[83]|allfields|"Id,WhoId,WhatId,Subj (212 more) ..."
02:39:16.0 (78865786)|HEAP_ALLOCATE|[82]|Bytes:5
02:39:16.0 (78874996)|HEAP_ALLOCATE|[82]|Bytes:15
02:39:16.0 (78881632)|VARIABLE_SCOPE_BEGIN|[82]|fieldname|String|false|false
02:39:16.0 (78893418)|VARIABLE_ASSIGNMENT|[82]|fieldname|"CallDisposition"
02:39:16.0 (78899314)|STATEMENT_EXECUTE|[83]
02:39:16.0 (78903078)|HEAP_ALLOCATE|[83]|Bytes:16
02:39:16.0 (78908938)|HEAP_ALLOCATE|[83]|Bytes:248
02:39:16.0 (78916684)|VARIABLE_ASSIGNMENT|[83]|allfields|"Id,WhoId,WhatId,Subj (228 more) ..."
02:39:16.0 (78928201)|HEAP_ALLOCATE|[82]|Bytes:5
02:39:16.0 (78937273)|HEAP_ALLOCATE|[82]|Bytes:10
02:39:16.0 (78944297)|VARIABLE_SCOPE_BEGIN|[82]|fieldname|String|false|false
02:39:16.0 (78956806)|VARIABLE_ASSIGNMENT|[82]|fieldname|"CallObject"
02:39:16.0 (78962659)|STATEMENT_EXECUTE|[83]
02:39:16.0 (78966553)|HEAP_ALLOCATE|[83]|Bytes:11
02:39:16.0 (78972376)|HEAP_ALLOCATE|[83]|Bytes:259
02:39:16.0 (78980252)|VARIABLE_ASSIGNMENT|[83]|allfields|"Id,WhoId,WhatId,Subj (239 more) ..."
02:39:16.0 (78992525)|HEAP_ALLOCATE|[82]|Bytes:5
02:39:16.0 (79002106)|HEAP_ALLOCATE|[82]|Bytes:16
02:39:16.0 (79009657)|VARIABLE_SCOPE_BEGIN|[82]|fieldname|String|false|false
02:39:16.0 (79021393)|VARIABLE_ASSIGNMENT|[82]|fieldname|"ReminderDateTime"
02:39:16.0 (79027723)|STATEMENT_EXECUTE|[83]
02:39:16.0 (79031605)|HEAP_ALLOCATE|[83]|Bytes:17
02:39:16.0 (79038011)|HEAP_ALLOCATE|[83]|Bytes:276
02:39:16.0 (79045968)|VARIABLE_ASSIGNMENT|[83]|allfields|"Id,WhoId,WhatId,Subj (256 more) ..."
02:39:16.0 (79058069)|HEAP_ALLOCATE|[82]|Bytes:5
02:39:16.0 (79067629)|HEAP_ALLOCATE|[82]|Bytes:13
02:39:16.0 (79073706)|VARIABLE_SCOPE_BEGIN|[82]|fieldname|String|false|false
02:39:16.0 (79085599)|VARIABLE_ASSIGNMENT|[82]|fieldname|"IsReminderSet"
02:39:16.0 (79091957)|STATEMENT_EXECUTE|[83]
02:39:16.0 (79095957)|HEAP_ALLOCATE|[83]|Bytes:14
02:39:16.0 (79101803)|HEAP_ALLOCATE|[83]|Bytes:290
02:39:16.0 (79110423)|VARIABLE_ASSIGNMENT|[83]|allfields|"Id,WhoId,WhatId,Subj (270 more) ..."
02:39:16.0 (79126545)|HEAP_ALLOCATE|[82]|Bytes:5
02:39:16.0 (79136055)|HEAP_ALLOCATE|[82]|Bytes:20
02:39:16.0 (79142690)|VARIABLE_SCOPE_BEGIN|[82]|fieldname|String|false|false
02:39:16.0 (79154374)|VARIABLE_ASSIGNMENT|[82]|fieldname|"RecurrenceActivityId"
02:39:16.0 (79173930)|STATEMENT_EXECUTE|[83]
02:39:16.0 (79178612)|HEAP_ALLOCATE|[83]|Bytes:21
02:39:16.0 (79185486)|HEAP_ALLOCATE|[83]|Bytes:311
02:39:16.0 (79193685)|VARIABLE_ASSIGNMENT|[83]|allfields|"Id,WhoId,WhatId,Subj (291 more) ..."
02:39:16.0 (79206119)|HEAP_ALLOCATE|[82]|Bytes:5
02:39:16.0 (79215476)|HEAP_ALLOCATE|[82]|Bytes:12
02:39:16.0 (79222050)|VARIABLE_SCOPE_BEGIN|[82]|fieldname|String|false|false
02:39:16.0 (79234197)|VARIABLE_ASSIGNMENT|[82]|fieldname|"IsRecurrence"
02:39:16.0 (79240127)|STATEMENT_EXECUTE|[83]
02:39:16.0 (79244408)|HEAP_ALLOCATE|[83]|Bytes:13
02:39:16.0 (79250174)|HEAP_ALLOCATE|[83]|Bytes:324
02:39:16.0 (79258804)|VARIABLE_ASSIGNMENT|[83]|allfields|"Id,WhoId,WhatId,Subj (304 more) ..."
02:39:16.0 (79271085)|HEAP_ALLOCATE|[82]|Bytes:5
02:39:16.0 (79280563)|HEAP_ALLOCATE|[82]|Bytes:23
02:39:16.0 (79287309)|VARIABLE_SCOPE_BEGIN|[82]|fieldname|String|false|false
02:39:16.0 (79300542)|VARIABLE_ASSIGNMENT|[82]|fieldname|"RecurrenceStartDateO (3 more) ..."
02:39:16.0 (79306894)|STATEMENT_EXECUTE|[83]
02:39:16.0 (79310855)|HEAP_ALLOCATE|[83]|Bytes:24
02:39:16.0 (79317299)|HEAP_ALLOCATE|[83]|Bytes:348
02:39:16.0 (79325597)|VARIABLE_ASSIGNMENT|[83]|allfields|"Id,WhoId,WhatId,Subj (328 more) ..."
02:39:16.0 (79338496)|HEAP_ALLOCATE|[82]|Bytes:5
02:39:16.0 (79347814)|HEAP_ALLOCATE|[82]|Bytes:21
02:39:16.0 (79352393)|VARIABLE_SCOPE_BEGIN|[82]|fieldname|String|false|false
02:39:16.0 (79361040)|VARIABLE_ASSIGNMENT|[82]|fieldname|"RecurrenceEndDateOnl (1 more) ..."
02:39:16.0 (79365243)|STATEMENT_EXECUTE|[83]
02:39:16.0 (79368157)|HEAP_ALLOCATE|[83]|Bytes:22
02:39:16.0 (79372684)|HEAP_ALLOCATE|[83]|Bytes:370
02:39:16.0 (79377125)|VARIABLE_ASSIGNMENT|[83]|allfields|"Id,WhoId,WhatId,Subj (350 more) ..."
02:39:16.0 (79383849)|HEAP_ALLOCATE|[82]|Bytes:5
02:39:16.0 (79389471)|HEAP_ALLOCATE|[82]|Bytes:24
02:39:16.0 (79392830)|VARIABLE_SCOPE_BEGIN|[82]|fieldname|String|false|false
02:39:16.0 (79399719)|VARIABLE_ASSIGNMENT|[82]|fieldname|"RecurrenceTimeZoneSi (4 more) ..."
02:39:16.0 (79402890)|STATEMENT_EXECUTE|[83]
02:39:16.0 (79405208)|HEAP_ALLOCATE|[83]|Bytes:25
02:39:16.0 (79408937)|HEAP_ALLOCATE|[83]|Bytes:395
02:39:16.0 (79412887)|VARIABLE_ASSIGNMENT|[83]|allfields|"Id,WhoId,WhatId,Subj (375 more) ..."
02:39:16.0 (79423086)|HEAP_ALLOCATE|[82]|Bytes:5
02:39:16.0 (79428584)|HEAP_ALLOCATE|[82]|Bytes:14
02:39:16.0 (79432197)|VARIABLE_SCOPE_BEGIN|[82]|fieldname|String|false|false
02:39:16.0 (79438925)|VARIABLE_ASSIGNMENT|[82]|fieldname|"RecurrenceType"
02:39:16.0 (79442989)|STATEMENT_EXECUTE|[83]
02:39:16.0 (79445540)|HEAP_ALLOCATE|[83]|Bytes:15
02:39:16.0 (79449048)|HEAP_ALLOCATE|[83]|Bytes:410
02:39:16.0 (79453563)|VARIABLE_ASSIGNMENT|[83]|allfields|"Id,WhoId,WhatId,Subj (390 more) ..."
02:39:16.0 (79459848)|HEAP_ALLOCATE|[82]|Bytes:5
02:39:16.0 (79464923)|HEAP_ALLOCATE|[82]|Bytes:18
02:39:16.0 (79468322)|VARIABLE_SCOPE_BEGIN|[82]|fieldname|String|false|false
02:39:16.0 (79475004)|VARIABLE_ASSIGNMENT|[82]|fieldname|"RecurrenceInterval"
02:39:16.0 (79478683)|STATEMENT_EXECUTE|[83]
02:39:16.0 (79480848)|HEAP_ALLOCATE|[83]|Bytes:19
02:39:16.0 (79484496)|HEAP_ALLOCATE|[83]|Bytes:429
02:39:16.0 (79488537)|VARIABLE_ASSIGNMENT|[83]|allfields|"Id,WhoId,WhatId,Subj (409 more) ..."
02:39:16.0 (79494549)|HEAP_ALLOCATE|[82]|Bytes:5
02:39:16.0 (79499236)|HEAP_ALLOCATE|[82]|Bytes:23
02:39:16.0 (79502872)|VARIABLE_SCOPE_BEGIN|[82]|fieldname|String|false|false
02:39:16.0 (79509605)|VARIABLE_ASSIGNMENT|[82]|fieldname|"RecurrenceDayOfWeekM (3 more) ..."
02:39:16.0 (79513171)|STATEMENT_EXECUTE|[83]
02:39:16.0 (79515323)|HEAP_ALLOCATE|[83]|Bytes:24
02:39:16.0 (79519181)|HEAP_ALLOCATE|[83]|Bytes:453
02:39:16.0 (79534150)|VARIABLE_ASSIGNMENT|[83]|allfields|"Id,WhoId,WhatId,Subj (433 more) ..."
02:39:16.0 (79541350)|HEAP_ALLOCATE|[82]|Bytes:5
02:39:16.0 (79546611)|HEAP_ALLOCATE|[82]|Bytes:20
02:39:16.0 (79550114)|VARIABLE_SCOPE_BEGIN|[82]|fieldname|String|false|false
02:39:16.0 (79557294)|VARIABLE_ASSIGNMENT|[82]|fieldname|"RecurrenceDayOfMonth"
02:39:16.0 (79560942)|STATEMENT_EXECUTE|[83]
02:39:16.0 (79563271)|HEAP_ALLOCATE|[83]|Bytes:21
02:39:16.0 (79567492)|HEAP_ALLOCATE|[83]|Bytes:474
02:39:16.0 (79571605)|VARIABLE_ASSIGNMENT|[83]|allfields|"Id,WhoId,WhatId,Subj (454 more) ..."
02:39:16.0 (79577553)|HEAP_ALLOCATE|[82]|Bytes:5
02:39:16.0 (79582491)|HEAP_ALLOCATE|[82]|Bytes:18
02:39:16.0 (79585991)|VARIABLE_SCOPE_BEGIN|[82]|fieldname|String|false|false
02:39:16.0 (79592560)|VARIABLE_ASSIGNMENT|[82]|fieldname|"RecurrenceInstance"
02:39:16.0 (79595812)|STATEMENT_EXECUTE|[83]
02:39:16.0 (79598069)|HEAP_ALLOCATE|[83]|Bytes:19
02:39:16.0 (79601717)|HEAP_ALLOCATE|[83]|Bytes:493
02:39:16.0 (79606687)|VARIABLE_ASSIGNMENT|[83]|allfields|"Id,WhoId,WhatId,Subj (473 more) ..."
02:39:16.0 (79612505)|HEAP_ALLOCATE|[82]|Bytes:5
02:39:16.0 (79617449)|HEAP_ALLOCATE|[82]|Bytes:21
02:39:16.0 (79621127)|VARIABLE_SCOPE_BEGIN|[82]|fieldname|String|false|false
02:39:16.0 (79627767)|VARIABLE_ASSIGNMENT|[82]|fieldname|"RecurrenceMonthOfYea (1 more) ..."
02:39:16.0 (79631174)|STATEMENT_EXECUTE|[83]
02:39:16.0 (79636703)|HEAP_ALLOCATE|[83]|Bytes:22
02:39:16.0 (79640896)|HEAP_ALLOCATE|[83]|Bytes:515
02:39:16.0 (79645362)|VARIABLE_ASSIGNMENT|[83]|allfields|"Id,WhoId,WhatId,Subj (495 more) ..."
02:39:16.0 (79651569)|HEAP_ALLOCATE|[82]|Bytes:5
02:39:16.0 (79656494)|HEAP_ALLOCATE|[82]|Bytes:25
02:39:16.0 (79660209)|VARIABLE_SCOPE_BEGIN|[82]|fieldname|String|false|false
02:39:16.0 (79667085)|VARIABLE_ASSIGNMENT|[82]|fieldname|"RecurrenceRegenerate (5 more) ..."
02:39:16.0 (79670381)|STATEMENT_EXECUTE|[83]
02:39:16.0 (79672532)|HEAP_ALLOCATE|[83]|Bytes:26
02:39:16.0 (79676852)|HEAP_ALLOCATE|[83]|Bytes:541
02:39:16.0 (79680746)|VARIABLE_ASSIGNMENT|[83]|allfields|"Id,WhoId,WhatId,Subj (521 more) ..."
02:39:16.0 (79686792)|HEAP_ALLOCATE|[82]|Bytes:5
02:39:16.0 (79691528)|HEAP_ALLOCATE|[82]|Bytes:11
02:39:16.0 (79694738)|VARIABLE_SCOPE_BEGIN|[82]|fieldname|String|false|false
02:39:16.0 (79701687)|VARIABLE_ASSIGNMENT|[82]|fieldname|"TaskSubtype"
02:39:16.0 (79705158)|STATEMENT_EXECUTE|[83]
02:39:16.0 (79707293)|HEAP_ALLOCATE|[83]|Bytes:12
02:39:16.0 (79710704)|HEAP_ALLOCATE|[83]|Bytes:553
02:39:16.0 (79715405)|VARIABLE_ASSIGNMENT|[83]|allfields|"Id,WhoId,WhatId,Subj (533 more) ..."
02:39:16.0 (79721435)|HEAP_ALLOCATE|[82]|Bytes:5
02:39:16.0 (79728000)|VARIABLE_ASSIGNMENT|[82]|fieldname|null
02:39:16.0 (79732682)|STATEMENT_EXECUTE|[85]
02:39:16.0 (79796486)|HEAP_ALLOCATE|[85]|Bytes:552
02:39:16.0 (79816963)|VARIABLE_ASSIGNMENT|[85]|allfields|"Id,WhoId,WhatId,Subj (532 more) ..."
02:39:16.0 (79821251)|STATEMENT_EXECUTE|[87]
02:39:16.0 (79834546)|METHOD_EXIT|[19]|01p7F00000HhQR4|PM_Job_New_Controller.getAllFields(String)
02:39:16.0 (79842021)|HEAP_ALLOCATE|[19]|Bytes:10
02:39:16.0 (79851437)|HEAP_ALLOCATE|[19]|Bytes:569
02:39:16.0 (80475429)|SOQL_EXECUTE_BEGIN|[19]|Aggregations:0|select Id,WhoId,WhatId,Subject,ActivityDate,Status,Priority,IsHighPriority,OwnerId,Description,IsDeleted,AccountId,IsClosed,CreatedDate,CreatedById,LastModifiedDate,LastModifiedById,SystemModstamp,IsArchived,CallDurationInSeconds,CallType,CallDisposition,CallObject,ReminderDateTime,IsReminderSet,RecurrenceActivityId,IsRecurrence,RecurrenceStartDateOnly,RecurrenceEndDateOnly,RecurrenceTimeZoneSidKey,RecurrenceType,RecurrenceInterval,RecurrenceDayOfWeekMask,RecurrenceDayOfMonth,RecurrenceInstance,RecurrenceMonthOfYear,RecurrenceRegeneratedType,TaskSubtype from Task
02:39:16.0 (88059818)|SOQL_EXECUTE_END|[19]|Rows:3
02:39:16.0 (88094446)|HEAP_ALLOCATE|[19]|Bytes:16
02:39:16.0 (88126210)|HEAP_ALLOCATE|[19]|Bytes:1427
02:39:16.0 (88227755)|HEAP_ALLOCATE|[19]|Bytes:16
02:39:16.0 (88263113)|VARIABLE_SCOPE_BEGIN|[19]|task|List<Task>|true|false
02:39:16.0 (88412217)|VARIABLE_ASSIGNMENT|[19]|task|[{"Id":"00T7F000009TyUbUAK","WhoId":"00Q7F0000030w5tUAA","Subject":"Other","Status":"Completed","Priority":"Normal","IsHighPriority":false,"OwnerId":"0057F000000T34oQAC","IsDeleted":false,"IsClosed":true,"CreatedDate":"2017-10-10T16:56:11.000Z","CreatedById":"0057F000000T34oQAC","LastModifiedDate":"2017-10-25T03:00:11.000Z","LastModifiedById":"0057F000000T34oQAC","SystemModstamp":"2017-10-25T03:00:11.000Z","IsArchived":false,"IsReminderSet":false,"IsRecurrence":false,"TaskSubtype":"Task"},{"Id":"00T7F000009TyexUAC","WhoId":"0037F00000BmYSmQAN","WhatId":"0067F0000051AquQAE","Subject":"Call","ActivityDate":"2017-10-11T00:00:00.000Z","Status":"Completed","Priority":"Normal","IsHighPriority":false,"OwnerId":"0057F000000T34oQAC","IsDeleted":false,"AccountId":"0017F00000HVkX6QAL","IsClosed":true,"CreatedDate":"2017-10-10T18:44:53.000Z","CreatedById":"0057F000000T34oQAC","LastModifiedDate":"2017-10-25T03:00:39.000Z","LastModifiedById":"0057F000000T34oQAC","SystemModstamp":"2017-10-25T03:00:39.000Z","IsArchived":false,"ReminderDateTime":"2017-10-10T15:00:00.000Z","IsReminderSet":false,"IsRecurrence":false,"TaskSubtype":"Task"},{"Id":"00T7F00000DvfQzUAJ","WhoId":"0037F00000INcziQAD","WhatId":"0067F000006ogtuQAA","Subject":"test","ActivityDate":"2017-11-29T00:00:00.000Z","Status":"In Progress","Priority":"Normal","IsHighPriority":false,"OwnerId":"0057F000000T34oQAC","IsDeleted":false,"AccountId":"0017F00000HVkX6QAL","IsClosed":false,"CreatedDate":"2017-11-29T14:43:25.000Z","CreatedById":"0057F000000T34oQAC","LastModifiedDate":"2017-12-11T13:25:59.000Z","LastModifiedById":"0057F000000T34oQAC","SystemModstamp":"2017-12-11T13:25:59.000Z","IsArchived":false,"ReminderDateTime":"2017-11-29T16:00:00.000Z","IsReminderSet":false,"IsRecurrence":false,"TaskSubtype":"Task"}]|0x489abd70
02:39:16.0 (88449970)|STATEMENT_EXECUTE|[20]
02:39:16.0 (88456817)|HEAP_ALLOCATE|[20]|Bytes:36
02:39:16.0 (88721980)|HEAP_ALLOCATE|[20]|Bytes:1582
02:39:16.0 (88742909)|HEAP_ALLOCATE|[20]|Bytes:1618
02:39:16.0 (88769675)|USER_DEBUG|[20]|DEBUG|------------------------------------(Task:{Id=00T7F000009TyUbUAK, WhoId=00Q7F0000030w5tUAA, Subject=Other, Status=Completed, Priority=Normal, IsHighPriority=false, OwnerId=0057F000000T34oQAC, IsDeleted=false, IsClosed=true, CreatedDate=2017-10-10 16:56:11, CreatedById=0057F000000T34oQAC, LastModifiedDate=2017-10-25 03:00:11, LastModifiedById=0057F000000T34oQAC, SystemModstamp=2017-10-25 03:00:11, IsArchived=false, IsReminderSet=false, IsRecurrence=false, TaskSubtype=Task}, Task:{Id=00T7F000009TyexUAC, WhoId=0037F00000BmYSmQAN, WhatId=0067F0000051AquQAE, Subject=Call, ActivityDate=2017-10-11 00:00:00, Status=Completed, Priority=Normal, IsHighPriority=false, OwnerId=0057F000000T34oQAC, IsDeleted=false, AccountId=0017F00000HVkX6QAL, IsClosed=true, CreatedDate=2017-10-10 18:44:53, CreatedById=0057F000000T34oQAC, LastModifiedDate=2017-10-25 03:00:39, LastModifiedById=0057F000000T34oQAC, SystemModstamp=2017-10-25 03:00:39, IsArchived=false, ReminderDateTime=2017-10-10 15:00:00, IsReminderSet=false, IsRecurrence=false, TaskSubtype=Task}, Task:{Id=00T7F00000DvfQzUAJ, WhoId=0037F00000INcziQAD, WhatId=0067F000006ogtuQAA, Subject=test, ActivityDate=2017-11-29 00:00:00, Status=In Progress, Priority=Normal, IsHighPriority=false, OwnerId=0057F000000T34oQAC, IsDeleted=false, AccountId=0017F00000HVkX6QAL, IsClosed=false, CreatedDate=2017-11-29 14:43:25, CreatedById=0057F000000T34oQAC, LastModifiedDate=2017-12-11 13:25:59, LastModifiedById=0057F000000T34oQAC, SystemModstamp=2017-12-11 13:25:59, IsArchived=false, ReminderDateTime=2017-11-29 16:00:00, IsReminderSet=false, IsRecurrence=false, TaskSubtype=Task})
02:39:16.0 (88795855)|STATEMENT_EXECUTE|[21]
02:39:16.0 (88859363)|HEAP_ALLOCATE|[21]|Bytes:1
02:39:16.0 (88869880)|HEAP_ALLOCATE|[21]|Bytes:37
02:39:16.0 (88876984)|USER_DEBUG|[21]|DEBUG|------------------------------------3
02:39:16.0 (88883172)|STATEMENT_EXECUTE|[22]
02:39:16.0 (88938717)|HEAP_ALLOCATE|[22]|Bytes:85
02:39:16.0 (88954300)|SYSTEM_METHOD_ENTRY|[1]|UserInfo.UserInfo()
02:39:16.0 (88957413)|STATEMENT_EXECUTE|[1]
02:39:16.0 (88965487)|SYSTEM_METHOD_EXIT|[1]|UserInfo
02:39:16.0 (88977521)|METHOD_ENTRY|[22]||System.UserInfo.getUserId()
02:39:16.0 (89012996)|METHOD_EXIT|[22]||System.UserInfo.getUserId()
02:39:16.0 (89019159)|HEAP_ALLOCATE|[22]|Bytes:5
02:39:16.0 (89030143)|METHOD_ENTRY|[22]||System.UserInfo.getUserName()
02:39:16.0 (89049717)|METHOD_EXIT|[22]||System.UserInfo.getUserName()
02:39:16.0 (89061338)|HEAP_ALLOCATE|[22]|Bytes:80
02:39:16.0 (89068433)|USER_DEBUG|[22]|DEBUG|------------------------------------0057F000000Tiz6QAC-----ksb994@salesforce.com
02:39:16.0 (89078842)|SYSTEM_MODE_EXIT|false
02:39:16.0 (89523757)|SYSTEM_MODE_ENTER|true
02:39:16.106 (106613493)|SYSTEM_MODE_ENTER|true
02:39:16.106 (106697743)|HEAP_ALLOCATE|[EXTERNAL]|Bytes:8
02:39:16.106 (106710110)|VARIABLE_SCOPE_BEGIN|[88]|this|ApexPage.PageMessagesComponentController|true|false
02:39:16.106 (106749336)|VARIABLE_ASSIGNMENT|[88]|this|{}|0x263b92e1
02:39:16.106 (106756090)|VARIABLE_SCOPE_BEGIN|[88]|escape|Boolean|false|false
02:39:16.106 (106763222)|VARIABLE_ASSIGNMENT|[88]|escape|null
02:39:16.106 (106902038)|SYSTEM_MODE_ENTER|true
02:39:16.106 (106931744)|HEAP_ALLOCATE|[EXTERNAL]|Bytes:8
02:39:16.106 (106937866)|VARIABLE_SCOPE_BEGIN|[2]|this|ApexPage.PageMessagesComponentController|true|false
02:39:16.106 (106955595)|VARIABLE_ASSIGNMENT|[2]|this|{}|0x263b92e1
02:39:16.0 (107517194)|SYSTEM_MODE_ENTER|true
02:39:16.0 (107558954)|HEAP_ALLOCATE|[EXTERNAL]|Bytes:40
02:39:16.0 (107657756)|VARIABLE_SCOPE_BEGIN|[25]|this|PM_Job_New_Controller|true|false
02:39:16.0 (107697324)|VARIABLE_ASSIGNMENT|[25]|this|{"job":"0x7d1ac813","projectList":"0x7af70ea"}|0x78ad538
02:39:16.0 (107715697)|SYSTEM_MODE_ENTER|false
02:39:16.0 (107722773)|HEAP_ALLOCATE|[26]|Bytes:5
02:39:16.0 (107728349)|STATEMENT_EXECUTE|[25]
02:39:16.0 (107729830)|STATEMENT_EXECUTE|[26]
02:39:16.0 (107743218)|HEAP_ALLOCATE|[26]|Bytes:4
02:39:16.0 (107772174)|VARIABLE_SCOPE_BEGIN|[26]|cpcso|List<System.SelectOption>|true|false
02:39:16.0 (107792974)|HEAP_ALLOCATE|[EXTERNAL]|Bytes:4
02:39:16.0 (107803649)|VARIABLE_ASSIGNMENT|[26]|cpcso|[]|0x38be9cd0
02:39:16.0 (107861347)|VARIABLE_ASSIGNMENT|[EXTERNAL]|this|{"job":"0x7d1ac813","projectList":"0x7af70ea"}|0x78ad538
02:39:16.0 (108054883)|HEAP_ALLOCATE|[27]|Bytes:5
02:39:16.0 (108081750)|HEAP_ALLOCATE|[27]|Bytes:12
02:39:16.0 (108095567)|VARIABLE_SCOPE_BEGIN|[27]|pro|Project__c|true|false
02:39:16.0 (108119194)|VARIABLE_ASSIGNMENT|[27]|pro|{"Company_project_code (3 more) ...":"101-TRN-COM-042","Id":"a057F0000039u2LQAQ"}|0x2d141919
02:39:16.0 (108130099)|STATEMENT_EXECUTE|[27]
02:39:16.0 (108131769)|STATEMENT_EXECUTE|[28]
02:39:16.0 (108189977)|HEAP_ALLOCATE|[28]|Bytes:18
02:39:16.0 (108301373)|HEAP_ALLOCATE|[EXTERNAL]|Bytes:4
02:39:16.0 (108326344)|HEAP_ALLOCATE|[27]|Bytes:5
02:39:16.0 (108342916)|HEAP_ALLOCATE|[27]|Bytes:12
02:39:16.0 (108353095)|VARIABLE_SCOPE_BEGIN|[27]|pro|Project__c|true|false
02:39:16.0 (108376461)|VARIABLE_ASSIGNMENT|[27]|pro|{"Company_project_code (3 more) ...":"101-TRN-COM-036","Id":"a057F0000039u2MQAQ"}|0x79f63a2a
02:39:16.0 (108392044)|STATEMENT_EXECUTE|[27]
02:39:16.0 (108394215)|STATEMENT_EXECUTE|[28]
02:39:16.0 (108407439)|HEAP_ALLOCATE|[28]|Bytes:18
02:39:16.0 (108427856)|HEAP_ALLOCATE|[EXTERNAL]|Bytes:4
02:39:16.0 (108445396)|HEAP_ALLOCATE|[27]|Bytes:5
02:39:16.0 (108459925)|HEAP_ALLOCATE|[27]|Bytes:12
02:39:16.0 (108469510)|VARIABLE_SCOPE_BEGIN|[27]|pro|Project__c|true|false
02:39:16.0 (108491232)|VARIABLE_ASSIGNMENT|[27]|pro|{"Company_project_code (3 more) ...":"101-TRN-COM-034","Id":"a057F0000039u2NQAQ"}|0x14657115
02:39:16.0 (108500119)|STATEMENT_EXECUTE|[27]
02:39:16.0 (108501756)|STATEMENT_EXECUTE|[28]
02:39:16.0 (108513183)|HEAP_ALLOCATE|[28]|Bytes:18
02:39:16.0 (108531452)|HEAP_ALLOCATE|[EXTERNAL]|Bytes:4
02:39:16.0 (108547069)|HEAP_ALLOCATE|[27]|Bytes:5
02:39:16.0 (108560167)|HEAP_ALLOCATE|[27]|Bytes:12
02:39:16.0 (108568489)|VARIABLE_SCOPE_BEGIN|[27]|pro|Project__c|true|false
02:39:16.0 (108588297)|VARIABLE_ASSIGNMENT|[27]|pro|{"Company_project_code (3 more) ...":"101-TRN-COM-051","Id":"a057F0000039u2OQAQ"}|0x3a9d898a
02:39:16.0 (108598499)|STATEMENT_EXECUTE|[27]
02:39:16.0 (108600353)|STATEMENT_EXECUTE|[28]
02:39:16.0 (108610241)|HEAP_ALLOCATE|[28]|Bytes:18
02:39:16.0 (108627182)|HEAP_ALLOCATE|[EXTERNAL]|Bytes:4
02:39:16.0 (108642766)|HEAP_ALLOCATE|[27]|Bytes:5
02:39:16.0 (108655563)|HEAP_ALLOCATE|[27]|Bytes:12
02:39:16.0 (108663068)|VARIABLE_SCOPE_BEGIN|[27]|pro|Project__c|true|false
02:39:16.0 (108681410)|VARIABLE_ASSIGNMENT|[27]|pro|{"Company_project_code (3 more) ...":"300-0001-00","Id":"a057F0000039u22QAA"}|0x374c8311
02:39:16.0 (108690718)|STATEMENT_EXECUTE|[27]
02:39:16.0 (108692235)|STATEMENT_EXECUTE|[28]
02:39:16.0 (108701880)|HEAP_ALLOCATE|[28]|Bytes:18
02:39:16.0 (108717659)|HEAP_ALLOCATE|[EXTERNAL]|Bytes:4
02:39:16.0 (108731803)|HEAP_ALLOCATE|[27]|Bytes:5
02:39:16.0 (108744345)|HEAP_ALLOCATE|[27]|Bytes:12
02:39:16.0 (108752813)|VARIABLE_SCOPE_BEGIN|[27]|pro|Project__c|true|false
02:39:16.0 (108771657)|VARIABLE_ASSIGNMENT|[27]|pro|{"Company_project_code (3 more) ...":"300-0002-01","Id":"a057F0000039u23QAA"}|0x7fa3c8b8
02:39:16.0 (108781148)|STATEMENT_EXECUTE|[27]
02:39:16.0 (108782905)|STATEMENT_EXECUTE|[28]
02:39:16.0 (108792618)|HEAP_ALLOCATE|[28]|Bytes:18
02:39:16.0 (108808557)|HEAP_ALLOCATE|[EXTERNAL]|Bytes:4
02:39:16.0 (108822508)|HEAP_ALLOCATE|[27]|Bytes:5
02:39:16.0 (108834645)|HEAP_ALLOCATE|[27]|Bytes:12
02:39:16.0 (108842304)|VARIABLE_SCOPE_BEGIN|[27]|pro|Project__c|true|false
02:39:16.0 (108860722)|VARIABLE_ASSIGNMENT|[27]|pro|{"Company_project_code (3 more) ...":"101-TRN-COM-008","Id":"a057F0000039u24QAA"}|0x4071e380
02:39:16.0 (108869453)|STATEMENT_EXECUTE|[27]
02:39:16.0 (108871171)|STATEMENT_EXECUTE|[28]
02:39:16.0 (108879851)|HEAP_ALLOCATE|[28]|Bytes:18
02:39:16.0 (108894737)|HEAP_ALLOCATE|[EXTERNAL]|Bytes:4
02:39:16.0 (108908234)|HEAP_ALLOCATE|[27]|Bytes:5
02:39:16.0 (108919979)|HEAP_ALLOCATE|[27]|Bytes:12
02:39:16.0 (108927351)|VARIABLE_SCOPE_BEGIN|[27]|pro|Project__c|true|false
02:39:16.0 (108944972)|VARIABLE_ASSIGNMENT|[27]|pro|{"Company_project_code (3 more) ...":"101-TRN-COM-047","Id":"a057F0000039u25QAA"}|0x1676f3dd
02:39:16.0 (108953863)|STATEMENT_EXECUTE|[27]
02:39:16.0 (108955809)|STATEMENT_EXECUTE|[28]
02:39:16.0 (108963709)|HEAP_ALLOCATE|[28]|Bytes:18
02:39:16.0 (108977750)|HEAP_ALLOCATE|[EXTERNAL]|Bytes:4
02:39:16.0 (108991009)|HEAP_ALLOCATE|[27]|Bytes:5
02:39:16.0 (109002305)|HEAP_ALLOCATE|[27]|Bytes:12
02:39:16.0 (109010565)|VARIABLE_SCOPE_BEGIN|[27]|pro|Project__c|true|false
02:39:16.0 (109027934)|VARIABLE_ASSIGNMENT|[27]|pro|{"Company_project_code (3 more) ...":"101-TRN-COM-046","Id":"a057F0000039u26QAA"}|0x4571ae09
02:39:16.0 (109036348)|STATEMENT_EXECUTE|[27]
02:39:16.0 (109037830)|STATEMENT_EXECUTE|[28]
02:39:16.0 (109045326)|HEAP_ALLOCATE|[28]|Bytes:18
02:39:16.0 (109059472)|HEAP_ALLOCATE|[EXTERNAL]|Bytes:4
02:39:16.0 (109073007)|HEAP_ALLOCATE|[27]|Bytes:5
02:39:16.0 (109084166)|HEAP_ALLOCATE|[27]|Bytes:12
02:39:16.0 (109091419)|VARIABLE_SCOPE_BEGIN|[27]|pro|Project__c|true|false
02:39:16.0 (109109070)|VARIABLE_ASSIGNMENT|[27]|pro|{"Company_project_code (3 more) ...":"101-TRN-COM-050","Id":"a057F0000039u27QAA"}|0x24764817
02:39:16.0 (109117919)|STATEMENT_EXECUTE|[27]
02:39:16.0 (109119398)|STATEMENT_EXECUTE|[28]
02:39:16.0 (109127167)|HEAP_ALLOCATE|[28]|Bytes:18
02:39:16.0 (109141278)|HEAP_ALLOCATE|[EXTERNAL]|Bytes:4
02:39:16.0 (109154939)|HEAP_ALLOCATE|[27]|Bytes:5
02:39:16.0 (109166056)|HEAP_ALLOCATE|[27]|Bytes:12
02:39:16.0 (109172885)|VARIABLE_SCOPE_BEGIN|[27]|pro|Project__c|true|false
02:39:16.0 (109189897)|VARIABLE_ASSIGNMENT|[27]|pro|{"Company_project_code (3 more) ...":"101-TRN-COM-033","Id":"a057F0000039u28QAA"}|0x6b54d2fa
02:39:16.0 (109198910)|STATEMENT_EXECUTE|[27]
02:39:16.0 (109200332)|STATEMENT_EXECUTE|[28]
02:39:16.0 (109208098)|HEAP_ALLOCATE|[28]|Bytes:18
02:39:16.0 (109221884)|HEAP_ALLOCATE|[EXTERNAL]|Bytes:4
02:39:16.0 (109235634)|HEAP_ALLOCATE|[27]|Bytes:5
02:39:16.0 (109246798)|HEAP_ALLOCATE|[27]|Bytes:12
02:39:16.0 (109254038)|VARIABLE_SCOPE_BEGIN|[27]|pro|Project__c|true|false
02:39:16.0 (109271934)|VARIABLE_ASSIGNMENT|[27]|pro|{"Company_project_code (3 more) ...":"101-TRN-COX-007","Id":"a057F0000039u29QAA"}|0x4a1d3c56
02:39:16.0 (109281122)|STATEMENT_EXECUTE|[27]
02:39:16.0 (109282667)|STATEMENT_EXECUTE|[28]
02:39:16.0 (109290224)|HEAP_ALLOCATE|[28]|Bytes:18
02:39:16.0 (109304440)|HEAP_ALLOCATE|[EXTERNAL]|Bytes:4
02:39:16.0 (109317862)|HEAP_ALLOCATE|[27]|Bytes:5
02:39:16.0 (109329370)|HEAP_ALLOCATE|[27]|Bytes:12
02:39:16.0 (109336464)|VARIABLE_SCOPE_BEGIN|[27]|pro|Project__c|true|false
02:39:16.0 (109353278)|VARIABLE_ASSIGNMENT|[27]|pro|{"Company_project_code (3 more) ...":"101-TRN-COX-006","Id":"a057F0000039u2AQAQ"}|0x2d4d2fa
02:39:16.0 (109361949)|STATEMENT_EXECUTE|[27]
02:39:16.0 (109363524)|STATEMENT_EXECUTE|[28]
02:39:16.0 (109371377)|HEAP_ALLOCATE|[28]|Bytes:18
02:39:16.0 (109390418)|HEAP_ALLOCATE|[EXTERNAL]|Bytes:4
02:39:16.0 (109404790)|HEAP_ALLOCATE|[27]|Bytes:5
02:39:16.0 (109416155)|HEAP_ALLOCATE|[27]|Bytes:12
02:39:16.0 (109423787)|VARIABLE_SCOPE_BEGIN|[27]|pro|Project__c|true|false
02:39:16.0 (109441006)|VARIABLE_ASSIGNMENT|[27]|pro|{"Company_project_code (3 more) ...":"101-TRN-COX-008","Id":"a057F0000039u2BQAQ"}|0x14f40447
02:39:16.0 (109449925)|STATEMENT_EXECUTE|[27]
02:39:16.0 (109451650)|STATEMENT_EXECUTE|[28]
02:39:16.0 (109460477)|HEAP_ALLOCATE|[28]|Bytes:18
02:39:16.0 (109476358)|HEAP_ALLOCATE|[EXTERNAL]|Bytes:4
02:39:16.0 (109488369)|HEAP_ALLOCATE|[27]|Bytes:5
02:39:16.0 (109496256)|HEAP_ALLOCATE|[27]|Bytes:12
02:39:16.0 (109500884)|VARIABLE_SCOPE_BEGIN|[27]|pro|Project__c|true|false
02:39:16.0 (109512128)|VARIABLE_ASSIGNMENT|[27]|pro|{"Company_project_code (3 more) ...":"101-TRN-COM-027","Id":"a057F0000039u2CQAQ"}|0x597ad721
02:39:16.0 (109517230)|STATEMENT_EXECUTE|[27]
02:39:16.0 (109518201)|STATEMENT_EXECUTE|[28]
02:39:16.0 (109523316)|HEAP_ALLOCATE|[28]|Bytes:18
02:39:16.0 (109531702)|HEAP_ALLOCATE|[EXTERNAL]|Bytes:4
02:39:16.0 (109539347)|HEAP_ALLOCATE|[27]|Bytes:5
02:39:16.0 (109545561)|HEAP_ALLOCATE|[27]|Bytes:12
02:39:16.0 (109549593)|VARIABLE_SCOPE_BEGIN|[27]|pro|Project__c|true|false
02:39:16.0 (109560055)|VARIABLE_ASSIGNMENT|[27]|pro|{"Company_project_code (3 more) ...":"101-TRN-COM-029","Id":"a057F0000039u2DQAQ"}|0x7a26bfd4
02:39:16.0 (109565157)|STATEMENT_EXECUTE|[27]
02:39:16.0 (109566126)|STATEMENT_EXECUTE|[28]
02:39:16.0 (109570503)|HEAP_ALLOCATE|[28]|Bytes:18
02:39:16.0 (109578540)|HEAP_ALLOCATE|[EXTERNAL]|Bytes:4
02:39:16.0 (109586026)|HEAP_ALLOCATE|[27]|Bytes:5
02:39:16.0 (109592234)|HEAP_ALLOCATE|[27]|Bytes:12
02:39:16.0 (109596294)|VARIABLE_SCOPE_BEGIN|[27]|pro|Project__c|true|false
02:39:16.0 (109606023)|VARIABLE_ASSIGNMENT|[27]|pro|{"Company_project_code (3 more) ...":"101-TRN-COM-014","Id":"a057F0000039u2EQAQ"}|0x5e41f168
02:39:16.0 (109610936)|STATEMENT_EXECUTE|[27]
02:39:16.0 (109611854)|STATEMENT_EXECUTE|[28]
02:39:16.0 (109616161)|HEAP_ALLOCATE|[28]|Bytes:18
02:39:16.0 (109623939)|HEAP_ALLOCATE|[EXTERNAL]|Bytes:4
02:39:16.0 (109630928)|HEAP_ALLOCATE|[27]|Bytes:5
02:39:16.0 (109637053)|HEAP_ALLOCATE|[27]|Bytes:12
02:39:16.0 (109640846)|VARIABLE_SCOPE_BEGIN|[27]|pro|Project__c|true|false
02:39:16.0 (109650650)|VARIABLE_ASSIGNMENT|[27]|pro|{"Company_project_code (3 more) ...":"301-0001-00","Id":"a057F0000039u21QAA"}|0x6aa310db
02:39:16.0 (109655826)|STATEMENT_EXECUTE|[27]
02:39:16.0 (109656828)|STATEMENT_EXECUTE|[28]
02:39:16.0 (109661083)|HEAP_ALLOCATE|[28]|Bytes:18
02:39:16.0 (109668525)|HEAP_ALLOCATE|[EXTERNAL]|Bytes:4
02:39:16.0 (109675647)|HEAP_ALLOCATE|[27]|Bytes:5
02:39:16.0 (109681946)|HEAP_ALLOCATE|[27]|Bytes:12
02:39:16.0 (109685770)|VARIABLE_SCOPE_BEGIN|[27]|pro|Project__c|true|false
02:39:16.0 (109695560)|VARIABLE_ASSIGNMENT|[27]|pro|{"Company_project_code (3 more) ...":"101-TRN-COM-017","Id":"a057F0000039u2FQAQ"}|0x656f0171
02:39:16.0 (109700341)|STATEMENT_EXECUTE|[27]
02:39:16.0 (109701256)|STATEMENT_EXECUTE|[28]
02:39:16.0 (109705621)|HEAP_ALLOCATE|[28]|Bytes:18
02:39:16.0 (109713309)|HEAP_ALLOCATE|[EXTERNAL]|Bytes:4
02:39:16.0 (109720534)|HEAP_ALLOCATE|[27]|Bytes:5
02:39:16.0 (109726882)|HEAP_ALLOCATE|[27]|Bytes:12
02:39:16.0 (109730645)|VARIABLE_SCOPE_BEGIN|[27]|pro|Project__c|true|false
02:39:16.0 (109740691)|VARIABLE_ASSIGNMENT|[27]|pro|{"Company_project_code (3 more) ...":"101-TRN-COM-038","Id":"a057F0000039u2GQAQ"}|0x2af8ca17
02:39:16.0 (109745299)|STATEMENT_EXECUTE|[27]
02:39:16.0 (109746499)|STATEMENT_EXECUTE|[28]
02:39:16.0 (109750946)|HEAP_ALLOCATE|[28]|Bytes:18
02:39:16.0 (109758565)|HEAP_ALLOCATE|[EXTERNAL]|Bytes:4
02:39:16.0 (109765865)|HEAP_ALLOCATE|[27]|Bytes:5
02:39:16.0 (109771869)|HEAP_ALLOCATE|[27]|Bytes:12
02:39:16.0 (109775855)|VARIABLE_SCOPE_BEGIN|[27]|pro|Project__c|true|false
02:39:16.0 (109785614)|VARIABLE_ASSIGNMENT|[27]|pro|{"Company_project_code (3 more) ...":"101-TRN-COM-037","Id":"a057F0000039u2HQAQ"}|0x7b63b491
02:39:16.0 (109789999)|STATEMENT_EXECUTE|[27]
02:39:16.0 (109790904)|STATEMENT_EXECUTE|[28]
02:39:16.0 (109795099)|HEAP_ALLOCATE|[28]|Bytes:18
02:39:16.0 (109802566)|HEAP_ALLOCATE|[EXTERNAL]|Bytes:4
02:39:16.0 (109809599)|HEAP_ALLOCATE|[27]|Bytes:5
02:39:16.0 (109815742)|HEAP_ALLOCATE|[27]|Bytes:12
02:39:16.0 (109819502)|VARIABLE_SCOPE_BEGIN|[27]|pro|Project__c|true|false
02:39:16.0 (109829136)|VARIABLE_ASSIGNMENT|[27]|pro|{"Company_project_code (3 more) ...":"101-TRN-COM-039","Id":"a057F0000039u2IQAQ"}|0x93456ee
02:39:16.0 (109834269)|STATEMENT_EXECUTE|[27]
02:39:16.0 (109835234)|STATEMENT_EXECUTE|[28]
02:39:16.0 (109839498)|HEAP_ALLOCATE|[28]|Bytes:18
02:39:16.0 (109846849)|HEAP_ALLOCATE|[EXTERNAL]|Bytes:4
02:39:16.0 (109860938)|HEAP_ALLOCATE|[27]|Bytes:5
02:39:16.0 (109870827)|HEAP_ALLOCATE|[27]|Bytes:12
02:39:16.0 (109875920)|VARIABLE_SCOPE_BEGIN|[27]|pro|Project__c|true|false
02:39:16.0 (109886250)|VARIABLE_ASSIGNMENT|[27]|pro|{"Company_project_code (3 more) ...":"101-TRN-COM-040","Id":"a057F0000039u2JQAQ"}|0x144dba30
02:39:16.0 (109891721)|STATEMENT_EXECUTE|[27]
02:39:16.0 (109892683)|STATEMENT_EXECUTE|[28]
02:39:16.0 (109897555)|HEAP_ALLOCATE|[28]|Bytes:18
02:39:16.0 (109905894)|HEAP_ALLOCATE|[EXTERNAL]|Bytes:4
02:39:16.0 (109913686)|HEAP_ALLOCATE|[27]|Bytes:5
02:39:16.0 (109919926)|HEAP_ALLOCATE|[27]|Bytes:12
02:39:16.0 (109923927)|VARIABLE_SCOPE_BEGIN|[27]|pro|Project__c|true|false
02:39:16.0 (109934089)|VARIABLE_ASSIGNMENT|[27]|pro|{"Company_project_code (3 more) ...":"101-TRN-COM-041","Id":"a057F0000039u2KQAQ"}|0x780962dc
02:39:16.0 (109939122)|STATEMENT_EXECUTE|[27]
02:39:16.0 (109940168)|STATEMENT_EXECUTE|[28]
02:39:16.0 (109944581)|HEAP_ALLOCATE|[28]|Bytes:18
02:39:16.0 (109952401)|HEAP_ALLOCATE|[EXTERNAL]|Bytes:4
02:39:16.0 (109959651)|HEAP_ALLOCATE|[27]|Bytes:5
02:39:16.0 (109967028)|VARIABLE_ASSIGNMENT|[27]|pro|null|
02:39:16.0 (109971216)|STATEMENT_EXECUTE|[30]
02:39:16.0 (109977130)|SYSTEM_MODE_EXIT|false
02:39:16.0 (110348502)|SYSTEM_MODE_ENTER|true
02:39:16.0 (114683200)|SYSTEM_MODE_ENTER|true
02:39:16.0 (114727884)|HEAP_ALLOCATE|[EXTERNAL]|Bytes:40
02:39:16.0 (114838821)|VARIABLE_SCOPE_BEGIN|[37]|this|PM_Job_New_Controller|true|false
02:39:16.0 (114881486)|VARIABLE_ASSIGNMENT|[37]|this|{"job":"0x7d1ac813","projectList":"0x7af70ea"}|0x78ad538
02:39:16.0 (114902756)|SYSTEM_MODE_ENTER|false
02:39:16.0 (114911691)|HEAP_ALLOCATE|[38]|Bytes:5
02:39:16.0 (114917509)|STATEMENT_EXECUTE|[37]
02:39:16.0 (114918876)|STATEMENT_EXECUTE|[38]
02:39:16.0 (114934746)|HEAP_ALLOCATE|[38]|Bytes:4
02:39:16.0 (114964027)|VARIABLE_SCOPE_BEGIN|[38]|ufp|List<System.SelectOption>|true|false
02:39:16.0 (114990628)|HEAP_ALLOCATE|[EXTERNAL]|Bytes:4
02:39:16.0 (115001661)|VARIABLE_ASSIGNMENT|[38]|ufp|[]|0x105c6d2c
02:39:16.0 (115007855)|STATEMENT_EXECUTE|[39]
02:39:16.0 (115011604)|HEAP_ALLOCATE|[39]|Bytes:96
02:39:16.0 (115028845)|HEAP_ALLOCATE|[39]|Bytes:4
02:39:16.0 (115035894)|HEAP_ALLOCATE|[39]|Bytes:7
02:39:16.0 (115082766)|VARIABLE_ASSIGNMENT|[EXTERNAL]|this|{"job":"0x7d1ac813","projectList":"0x7af70ea"}|0x78ad538
02:39:16.0 (115403120)|SOQL_EXECUTE_BEGIN|[39]|Aggregations:0|SELECT ProjectLink__c, UserLink__c FROM ProjectJobAssociation__c WHERE ProjectLink__c = :tmpVar1
02:39:16.0 (119142847)|SOQL_EXECUTE_END|[39]|Rows:0
02:39:16.0 (119173067)|HEAP_ALLOCATE|[39]|Bytes:4
02:39:16.0 (119185416)|HEAP_ALLOCATE|[39]|Bytes:0
02:39:16.0 (119294618)|HEAP_ALLOCATE|[39]|Bytes:4
02:39:16.0 (119313648)|VARIABLE_SCOPE_BEGIN|[39]|userInProject|List<ProjectJobAssociation__c>|true|false
02:39:16.0 (119332479)|VARIABLE_ASSIGNMENT|[39]|userInProject|[]|0x63e12f4b
02:39:16.0 (119505040)|HEAP_ALLOCATE|[40]|Bytes:5
02:39:16.0 (119523110)|VARIABLE_ASSIGNMENT|[40]|pja|null|
02:39:16.0 (119529574)|STATEMENT_EXECUTE|[40]
02:39:16.0 (119531589)|STATEMENT_EXECUTE|[44]
02:39:16.0 (119537636)|SYSTEM_MODE_EXIT|false
02:39:16.0 (122202272)|SYSTEM_MODE_ENTER|true
02:39:16.0 (124305063)|VF_SERIALIZE_VIEWSTATE_BEGIN|0667F000005aHSA
02:39:16.0 (127535643)|VF_SERIALIZE_VIEWSTATE_END
02:39:16.130 (130109095)|CUMULATIVE_LIMIT_USAGE
02:39:16.130 (130109095)|LIMIT_USAGE_FOR_NS|(default)|
  Number of SOQL queries: 3 out of 100
  Number of query rows: 27 out of 50000
  Number of SOSL queries: 0 out of 20
  Number of DML statements: 0 out of 150
  Number of DML rows: 0 out of 10000
  Maximum CPU time: 0 out of 10000
  Maximum heap size: 0 out of 6000000
  Number of callouts: 0 out of 100
  Number of Email Invocations: 0 out of 10
  Number of future calls: 0 out of 50
  Number of queueable jobs added to the queue: 0 out of 50
  Number of Mobile Apex push calls: 0 out of 10

02:39:16.130 (130109095)|CUMULATIVE_LIMIT_USAGE_END

02:39:16.0 (130144192)|CODE_UNIT_FINISHED|VF: /apex/PM_Job_New
02:39:16.0 (130871010)|EXECUTION_FINISHED
