41.0 APEX_CODE,FINEST;APEX_PROFILING,INFO;CALLOUT,INFO;DB,INFO;SYSTEM,DEBUG;VALIDATION,INFO;VISUALFORCE,INFO;WAVE,INFO;WORKFLOW,INFO
07:41:00.0 (298810)|USER_INFO|[EXTERNAL]|0057F000000Tiz6|ksb994@salesforce.com|Pacific Standard Time|GMT-08:00
07:41:00.0 (329401)|EXECUTION_STARTED
07:41:00.0 (333283)|CODE_UNIT_STARTED|[EXTERNAL]|0667F000004uMWq|VF: /apex/ProjectPage
07:41:00.0 (1838821)|SYSTEM_MODE_ENTER|true
07:41:00.0 (14431922)|HEAP_ALLOCATE|[72]|Bytes:3
07:41:00.0 (14479302)|HEAP_ALLOCATE|[77]|Bytes:152
07:41:00.0 (14494454)|HEAP_ALLOCATE|[342]|Bytes:408
07:41:00.0 (14509153)|HEAP_ALLOCATE|[355]|Bytes:408
07:41:00.0 (14523335)|HEAP_ALLOCATE|[467]|Bytes:48
07:41:00.0 (14550663)|HEAP_ALLOCATE|[139]|Bytes:6
07:41:00.0 (14565377)|HEAP_ALLOCATE|[EXTERNAL]|Bytes:88
07:41:00.0 (14569764)|HEAP_ALLOCATE|[EXTERNAL]|Bytes:9
07:41:00.0 (14603403)|METHOD_ENTRY|[1]|01p7F00000EhrfL|PM_Project_EditRedirect_Controller.PM_Project_EditRedirect_Controller()
07:41:00.0 (14609363)|STATEMENT_EXECUTE|[1]
07:41:00.0 (14614169)|STATEMENT_EXECUTE|[1]
07:41:00.0 (14643470)|HEAP_ALLOCATE|[50]|Bytes:5
07:41:00.0 (14663795)|HEAP_ALLOCATE|[56]|Bytes:5
07:41:00.0 (14670764)|HEAP_ALLOCATE|[64]|Bytes:7
07:41:00.0 (14716006)|SYSTEM_MODE_ENTER|false
07:41:00.0 (14733785)|HEAP_ALLOCATE|[EXTERNAL]|Bytes:5
07:41:00.0 (14742129)|SYSTEM_MODE_EXIT|false
07:41:00.0 (14749903)|METHOD_EXIT|[1]|PM_Project_EditRedirect_Controller
07:41:00.0 (14764650)|HEAP_ALLOCATE|[EXTERNAL]|Bytes:8
07:41:00.0 (14818507)|VARIABLE_SCOPE_BEGIN|[8]|this|PM_Project_EditRedirect_Controller|true|false
07:41:00.0 (14860672)|VARIABLE_ASSIGNMENT|[8]|this|{}|0x5556b70b
07:41:00.0 (14868895)|VARIABLE_SCOPE_BEGIN|[8]|stdController|ApexPages.StandardController|true|false
07:41:00.0 (15060009)|VARIABLE_ASSIGNMENT|[8]|stdController|"StandardController [null]"|0x161cbef8
07:41:00.0 (15084850)|SYSTEM_MODE_ENTER|false
07:41:00.0 (15091389)|HEAP_ALLOCATE|[9]|Bytes:5
07:41:00.0 (15096053)|STATEMENT_EXECUTE|[1]
07:41:00.0 (15100832)|HEAP_ALLOCATE|[9]|Bytes:5
07:41:00.0 (15103416)|STATEMENT_EXECUTE|[3]
07:41:00.0 (15111875)|HEAP_ALLOCATE|[9]|Bytes:6
07:41:00.0 (15147164)|STATEMENT_EXECUTE|[8]
07:41:00.0 (15148758)|STATEMENT_EXECUTE|[9]
07:41:00.0 (15316851)|HEAP_ALLOCATE|[9]|Bytes:4
07:41:00.0 (15377908)|VARIABLE_ASSIGNMENT|[EXTERNAL]|this|{}|0x5556b70b
07:41:00.0 (15393455)|VARIABLE_ASSIGNMENT|[EXTERNAL]|value|{}|0x680ae803
07:41:00.0 (15414085)|VARIABLE_ASSIGNMENT|[3]|this.mysObject|{}|0x5556b70b
07:41:00.0 (15427151)|SYSTEM_MODE_EXIT|false
07:41:00.0 (15560308)|SYSTEM_MODE_ENTER|true
07:41:00.0 (24458597)|VF_SERIALIZE_VIEWSTATE_BEGIN|0667F000004uMWq
07:41:00.0 (26061080)|VF_SERIALIZE_VIEWSTATE_END
07:41:00.28 (28239616)|CUMULATIVE_LIMIT_USAGE
07:41:00.28 (28239616)|LIMIT_USAGE_FOR_NS|(default)|
  Number of SOQL queries: 0 out of 100
  Number of query rows: 0 out of 50000
  Number of SOSL queries: 0 out of 20
  Number of DML statements: 0 out of 150
  Number of DML rows: 0 out of 10000
  Maximum CPU time: 0 out of 10000
  Maximum heap size: 0 out of 6000000
  Number of callouts: 0 out of 100
  Number of Email Invocations: 0 out of 10
  Number of future calls: 0 out of 50
  Number of queueable jobs added to the queue: 0 out of 50
  Number of Mobile Apex push calls: 0 out of 10

07:41:00.28 (28239616)|CUMULATIVE_LIMIT_USAGE_END

07:41:00.0 (28272159)|CODE_UNIT_FINISHED|VF: /apex/ProjectPage
07:41:00.0 (29349543)|EXECUTION_FINISHED
