36.0 APEX_CODE,FINEST;APEX_PROFILING,INFO;CALLOUT,INFO;DB,INFO;SYSTEM,DEBUG;VALIDATION,INFO;VISUALFORCE,INFO;WAVE,INFO;WORKFLOW,INFO
02:47:15.0 (334623)|USER_INFO|[EXTERNAL]|0057F000000Tiz6|ksb994@salesforce.com|Pacific Standard Time|GMT-08:00
02:47:15.0 (369455)|EXECUTION_STARTED
02:47:15.0 (372560)|CODE_UNIT_STARTED|[EXTERNAL]|0667F000004uJm5|VF: /apex/PM_Project_New
02:47:15.0 (1009929)|VF_DESERIALIZE_VIEWSTATE_BEGIN|0667F000004uJm5
02:47:15.0 (11858972)|HEAP_ALLOCATE|[72]|Bytes:3
02:47:15.0 (11903427)|HEAP_ALLOCATE|[77]|Bytes:152
02:47:15.0 (11917829)|HEAP_ALLOCATE|[342]|Bytes:408
02:47:15.0 (11933930)|HEAP_ALLOCATE|[355]|Bytes:408
02:47:15.0 (11950382)|HEAP_ALLOCATE|[467]|Bytes:48
02:47:15.0 (11977095)|HEAP_ALLOCATE|[139]|Bytes:6
02:47:15.0 (14008892)|HEAP_ALLOCATE|[50]|Bytes:5
02:47:15.0 (14039021)|HEAP_ALLOCATE|[56]|Bytes:5
02:47:15.0 (14049664)|HEAP_ALLOCATE|[64]|Bytes:7
02:47:15.0 (18818063)|VF_DESERIALIZE_VIEWSTATE_END
02:47:15.27 (27443497)|SYSTEM_MODE_ENTER|true
02:47:15.27 (27520057)|HEAP_ALLOCATE|[EXTERNAL]|Bytes:38
02:47:15.27 (27536673)|HEAP_ALLOCATE|[EXTERNAL]|Bytes:7
02:47:15.27 (27553286)|SYSTEM_METHOD_ENTRY|[1]|PageMessagesComponentController.PageMessagesComponentController()
02:47:15.27 (27560699)|STATEMENT_EXECUTE|[1]
02:47:15.28 (28728900)|SYSTEM_MODE_ENTER|true
02:47:15.28 (28806583)|HEAP_ALLOCATE|[EXTERNAL]|Bytes:8
02:47:15.28 (28818966)|VARIABLE_SCOPE_BEGIN|[88]|this|ApexPage.PageMessagesComponentController|true|false
02:47:15.28 (28869556)|VARIABLE_ASSIGNMENT|[88]|this|{}|0x602e9c53
02:47:15.28 (28881117)|VARIABLE_SCOPE_BEGIN|[88]|escape|Boolean|false|false
02:47:15.28 (28893138)|VARIABLE_ASSIGNMENT|[88]|escape|null
02:47:15.0 (38787960)|SYSTEM_MODE_ENTER|true
02:47:15.0 (38821196)|HEAP_ALLOCATE|[EXTERNAL]|Bytes:164
02:47:15.0 (38830890)|HEAP_ALLOCATE|[EXTERNAL]|Bytes:12
02:47:15.0 (38839426)|METHOD_ENTRY|[5]|01p7F00000Ehg8E|MultiselectController.MultiselectController()
02:47:15.0 (38844483)|STATEMENT_EXECUTE|[5]
02:47:15.0 (38848489)|STATEMENT_EXECUTE|[5]
02:47:15.0 (38859527)|SYSTEM_MODE_ENTER|false
02:47:15.0 (38867342)|HEAP_ALLOCATE|[EXTERNAL]|Bytes:5
02:47:15.0 (38875071)|SYSTEM_MODE_EXIT|false
02:47:15.0 (38882142)|METHOD_EXIT|[5]|MultiselectController
02:47:15.0 (39055530)|SYSTEM_MODE_ENTER|true
02:47:15.0 (39350536)|SYSTEM_MODE_ENTER|true
02:47:15.0 (39575146)|HEAP_ALLOCATE|[EXTERNAL]|Bytes:92
02:47:15.0 (39584665)|HEAP_ALLOCATE|[EXTERNAL]|Bytes:13
02:47:15.0 (39592160)|METHOD_ENTRY|[1]|01p7F00000EhPEd|Project_PM_Controller.Project_PM_Controller()
02:47:15.0 (39596604)|STATEMENT_EXECUTE|[1]
02:47:15.0 (39599682)|STATEMENT_EXECUTE|[1]
02:47:15.0 (39610914)|SYSTEM_MODE_ENTER|false
02:47:15.0 (39617365)|HEAP_ALLOCATE|[EXTERNAL]|Bytes:5
02:47:15.0 (39623654)|SYSTEM_MODE_EXIT|false
02:47:15.0 (39633257)|METHOD_EXIT|[1]|Project_PM_Controller
02:47:15.0 (39643585)|HEAP_ALLOCATE|[EXTERNAL]|Bytes:24
02:47:15.0 (39649784)|VARIABLE_SCOPE_BEGIN|[16]|this|Project_PM_Controller|true|false
02:47:15.0 (39909218)|VARIABLE_ASSIGNMENT|[16]|this|{"controller":"StandardController [[Project__c (Client__c:a047F000002zkUjQAI, Company_project_code__c:32165, Name:8354, Units__c:false, Nodes__c:false, Footage__c:false, Miles__c:false, Jobs__c:false, Hours__c:false, Delivery__c:100)]]","project":"0x6e1835d4","saveAndNew":2,"selectedUsers":"0x70934fd0","usersList":"0x24e5913c"}|0x718d1cea
02:47:15.0 (39938553)|SYSTEM_MODE_ENTER|false
02:47:15.0 (39945538)|HEAP_ALLOCATE|[17]|Bytes:5
02:47:15.0 (39950492)|STATEMENT_EXECUTE|[16]
02:47:15.0 (39951862)|STATEMENT_EXECUTE|[17]
02:47:15.0 (39954914)|HEAP_ALLOCATE|[17]|Bytes:62
02:47:15.0 (39971535)|HEAP_ALLOCATE|[17]|Bytes:4
02:47:15.0 (41175988)|SOQL_EXECUTE_BEGIN|[17]|Aggregations:0|SELECT Id, Name FROM User WHERE UserRoleId = '00E7F000000Mdri'
02:47:15.0 (46033502)|SOQL_EXECUTE_END|[17]|Rows:6
02:47:15.0 (46056409)|HEAP_ALLOCATE|[17]|Bytes:28
02:47:15.0 (46078032)|HEAP_ALLOCATE|[17]|Bytes:271
02:47:15.0 (46160919)|HEAP_ALLOCATE|[17]|Bytes:28
02:47:15.0 (46176028)|VARIABLE_SCOPE_BEGIN|[17]|users|List<User>|true|false
02:47:15.0 (46193781)|VARIABLE_ASSIGNMENT|[17]|users|"List of size 6 too large to display"|0x5b980e4f
02:47:15.0 (46342593)|HEAP_ALLOCATE|[18]|Bytes:5
02:47:15.0 (46361284)|HEAP_ALLOCATE|[18]|Bytes:12
02:47:15.0 (46370954)|VARIABLE_SCOPE_BEGIN|[18]|usr|User|true|false
02:47:15.0 (46388221)|VARIABLE_ASSIGNMENT|[18]|usr|{"Id":"0057F000000TpdFQAS","Name":"Mani Sasank"}|0x47272a3d
02:47:15.0 (46394753)|STATEMENT_EXECUTE|[18]
02:47:15.0 (46396116)|STATEMENT_EXECUTE|[19]
02:47:15.0 (46442096)|HEAP_ALLOCATE|[19]|Bytes:18
02:47:15.0 (46513786)|HEAP_ALLOCATE|[EXTERNAL]|Bytes:4
02:47:15.0 (46532150)|HEAP_ALLOCATE|[18]|Bytes:5
02:47:15.0 (46542817)|HEAP_ALLOCATE|[18]|Bytes:12
02:47:15.0 (46549445)|VARIABLE_SCOPE_BEGIN|[18]|usr|User|true|false
02:47:15.0 (46562968)|VARIABLE_ASSIGNMENT|[18]|usr|{"Id":"0057F000000TrBBQA0","Name":"Santhosh"}|0x1b3ea63f
02:47:15.0 (46568300)|STATEMENT_EXECUTE|[18]
02:47:15.0 (46569354)|STATEMENT_EXECUTE|[19]
02:47:15.0 (46579935)|HEAP_ALLOCATE|[19]|Bytes:18
02:47:15.0 (46593900)|HEAP_ALLOCATE|[EXTERNAL]|Bytes:4
02:47:15.0 (46603902)|HEAP_ALLOCATE|[18]|Bytes:5
02:47:15.0 (46612093)|HEAP_ALLOCATE|[18]|Bytes:12
02:47:15.0 (46616945)|VARIABLE_SCOPE_BEGIN|[18]|usr|User|true|false
02:47:15.0 (46627515)|VARIABLE_ASSIGNMENT|[18]|usr|{"Id":"0057F000000TrBGQA0","Name":"Ravi teja"}|0x74c41c4f
02:47:15.0 (46632243)|STATEMENT_EXECUTE|[18]
02:47:15.0 (46633322)|STATEMENT_EXECUTE|[19]
02:47:15.0 (46640223)|HEAP_ALLOCATE|[19]|Bytes:18
02:47:15.0 (46650847)|HEAP_ALLOCATE|[EXTERNAL]|Bytes:4
02:47:15.0 (46659890)|HEAP_ALLOCATE|[18]|Bytes:5
02:47:15.0 (46667113)|HEAP_ALLOCATE|[18]|Bytes:12
02:47:15.0 (46672062)|VARIABLE_SCOPE_BEGIN|[18]|usr|User|true|false
02:47:15.0 (46681122)|VARIABLE_ASSIGNMENT|[18]|usr|{"Id":"0057F000000TrBVQA0","Name":"Yashwanth"}|0x39dd1d52
02:47:15.0 (46685500)|STATEMENT_EXECUTE|[18]
02:47:15.0 (46686516)|STATEMENT_EXECUTE|[19]
02:47:15.0 (46692616)|HEAP_ALLOCATE|[19]|Bytes:18
02:47:15.0 (46702748)|HEAP_ALLOCATE|[EXTERNAL]|Bytes:4
02:47:15.0 (46711892)|HEAP_ALLOCATE|[18]|Bytes:5
02:47:15.0 (46719226)|HEAP_ALLOCATE|[18]|Bytes:12
02:47:15.0 (46723911)|VARIABLE_SCOPE_BEGIN|[18]|usr|User|true|false
02:47:15.0 (46733275)|VARIABLE_ASSIGNMENT|[18]|usr|{"Id":"0057F000000Tz0iQAC","Name":"Richa"}|0x47d5ae96
02:47:15.0 (46737850)|STATEMENT_EXECUTE|[18]
02:47:15.0 (46738798)|STATEMENT_EXECUTE|[19]
02:47:15.0 (46744555)|HEAP_ALLOCATE|[19]|Bytes:18
02:47:15.0 (46754006)|HEAP_ALLOCATE|[EXTERNAL]|Bytes:4
02:47:15.0 (46763139)|HEAP_ALLOCATE|[18]|Bytes:5
02:47:15.0 (46770380)|HEAP_ALLOCATE|[18]|Bytes:12
02:47:15.0 (46774921)|VARIABLE_SCOPE_BEGIN|[18]|usr|User|true|false
02:47:15.0 (46784183)|VARIABLE_ASSIGNMENT|[18]|usr|{"Id":"0057F000000Tz0sQAC","Name":"Veeresh"}|0x29b4f70d
02:47:15.0 (46789168)|STATEMENT_EXECUTE|[18]
02:47:15.0 (46790149)|STATEMENT_EXECUTE|[19]
02:47:15.0 (46795675)|HEAP_ALLOCATE|[19]|Bytes:18
02:47:15.0 (46805288)|HEAP_ALLOCATE|[EXTERNAL]|Bytes:4
02:47:15.0 (46813883)|HEAP_ALLOCATE|[18]|Bytes:5
02:47:15.0 (46822708)|VARIABLE_ASSIGNMENT|[18]|usr|null|
02:47:15.0 (46827367)|STATEMENT_EXECUTE|[21]
02:47:15.0 (46833307)|SYSTEM_MODE_EXIT|false
02:47:15.0 (46949649)|SYSTEM_MODE_ENTER|true
02:47:15.0 (47010862)|HEAP_ALLOCATE|[EXTERNAL]|Bytes:124
02:47:15.0 (47021170)|HEAP_ALLOCATE|[EXTERNAL]|Bytes:20
02:47:15.0 (47035062)|VARIABLE_ASSIGNMENT|[EXTERNAL]|this.leftOptions|"List of size 30 too large to display"|0x65662898
02:47:15.0 (47136630)|SYSTEM_MODE_ENTER|true
02:47:15.0 (47200833)|SYSTEM_MODE_ENTER|true
02:47:15.0 (47229569)|HEAP_ALLOCATE|[EXTERNAL]|Bytes:4
02:47:15.0 (47234583)|HEAP_ALLOCATE|[EXTERNAL]|Bytes:20
02:47:15.0 (47244282)|VARIABLE_ASSIGNMENT|[EXTERNAL]|this.rightOptions|[]|0x65662898
02:47:15.0 (53219184)|SYSTEM_MODE_ENTER|true
02:47:15.0 (53318231)|SYSTEM_MODE_ENTER|true
02:47:15.55 (55122280)|SYSTEM_MODE_ENTER|true
02:47:15.55 (55180460)|HEAP_ALLOCATE|[EXTERNAL]|Bytes:8
02:47:15.55 (55191706)|VARIABLE_SCOPE_BEGIN|[88]|this|ApexPage.PageMessagesComponentController|true|false
02:47:15.55 (55222130)|VARIABLE_ASSIGNMENT|[88]|this|{}|0x602e9c53
02:47:15.55 (55231686)|VARIABLE_SCOPE_BEGIN|[88]|escape|Boolean|false|false
02:47:15.55 (55238846)|VARIABLE_ASSIGNMENT|[88]|escape|null
02:47:15.0 (56696719)|SYSTEM_MODE_ENTER|true
02:47:15.0 (56755368)|HEAP_ALLOCATE|[EXTERNAL]|Bytes:20
02:47:15.0 (56762772)|HEAP_ALLOCATE|[EXTERNAL]|Bytes:691
02:47:15.0 (56792928)|VARIABLE_ASSIGNMENT|[EXTERNAL]|this|{"leftOptions":"0x24e5913c","rightOptions":"0x70934fd0"}|0x65662898
02:47:15.0 (56805201)|VARIABLE_ASSIGNMENT|[EXTERNAL]|value|"0057F000000TpdFQAS&M (671 more) ..."
02:47:15.0 (56823927)|SYSTEM_MODE_ENTER|false
02:47:15.0 (56833193)|HEAP_ALLOCATE|[24]|Bytes:5
02:47:15.0 (56838106)|STATEMENT_EXECUTE|[23]
02:47:15.0 (56839527)|STATEMENT_EXECUTE|[24]
02:47:15.0 (56849196)|VARIABLE_ASSIGNMENT|[24]|this.leftOptionsHidden|"0057F000000TpdFQAS&M (671 more) ..."|0x65662898
02:47:15.0 (56854034)|STATEMENT_EXECUTE|[25]
02:47:15.0 (56920598)|VARIABLE_ASSIGNMENT|[EXTERNAL]|this|{"leftOptions":"0x24e5913c","leftOptionsHidden":"0057F000000TpdFQAS&M (671 more) ...","rightOptions":"0x70934fd0"}|0x65662898
02:47:15.0 (56969834)|METHOD_ENTRY|[25]|01p7F00000Ehg8E|MultiselectController.setOptions(List<System.SelectOption>, String)
02:47:15.0 (56979365)|VARIABLE_SCOPE_BEGIN|[12]|this|MultiselectController|true|false
02:47:15.0 (56998845)|VARIABLE_ASSIGNMENT|[12]|this|{"leftOptions":"0x24e5913c","leftOptionsHidden":"0057F000000TpdFQAS&M (671 more) ...","rightOptions":"0x70934fd0"}|0x65662898
02:47:15.0 (57004988)|VARIABLE_SCOPE_BEGIN|[12]|options|List<System.SelectOption>|true|false
02:47:15.0 (57014828)|VARIABLE_ASSIGNMENT|[12]|options|"List of size 30 too large to display"|0x24e5913c
02:47:15.0 (57019557)|VARIABLE_SCOPE_BEGIN|[12]|value|String|false|false
02:47:15.0 (57026657)|VARIABLE_ASSIGNMENT|[12]|value|"0057F000000TpdFQAS&M (671 more) ..."
02:47:15.0 (57042674)|HEAP_ALLOCATE|[13]|Bytes:5
02:47:15.0 (57047408)|STATEMENT_EXECUTE|[12]
02:47:15.0 (57048645)|STATEMENT_EXECUTE|[13]
02:47:15.0 (57079552)|STATEMENT_EXECUTE|[14]
02:47:15.0 (57083575)|HEAP_ALLOCATE|[14]|Bytes:1
02:47:15.0 (57163600)|HEAP_ALLOCATE|[14]|Bytes:18
02:47:15.0 (57168889)|HEAP_ALLOCATE|[14]|Bytes:13
02:47:15.0 (57171914)|HEAP_ALLOCATE|[14]|Bytes:18
02:47:15.0 (57174175)|HEAP_ALLOCATE|[14]|Bytes:8
02:47:15.0 (57176854)|HEAP_ALLOCATE|[14]|Bytes:18
02:47:15.0 (57179239)|HEAP_ALLOCATE|[14]|Bytes:11
02:47:15.0 (57181445)|HEAP_ALLOCATE|[14]|Bytes:18
02:47:15.0 (57183737)|HEAP_ALLOCATE|[14]|Bytes:9
02:47:15.0 (57185935)|HEAP_ALLOCATE|[14]|Bytes:18
02:47:15.0 (57188322)|HEAP_ALLOCATE|[14]|Bytes:5
02:47:15.0 (57190695)|HEAP_ALLOCATE|[14]|Bytes:18
02:47:15.0 (57193115)|HEAP_ALLOCATE|[14]|Bytes:7
02:47:15.0 (57195687)|HEAP_ALLOCATE|[14]|Bytes:18
02:47:15.0 (57197933)|HEAP_ALLOCATE|[14]|Bytes:13
02:47:15.0 (57200192)|HEAP_ALLOCATE|[14]|Bytes:18
02:47:15.0 (57202629)|HEAP_ALLOCATE|[14]|Bytes:8
02:47:15.0 (57204902)|HEAP_ALLOCATE|[14]|Bytes:18
02:47:15.0 (57207272)|HEAP_ALLOCATE|[14]|Bytes:11
02:47:15.0 (57209771)|HEAP_ALLOCATE|[14]|Bytes:18
02:47:15.0 (57212048)|HEAP_ALLOCATE|[14]|Bytes:9
02:47:15.0 (57214267)|HEAP_ALLOCATE|[14]|Bytes:18
02:47:15.0 (57216451)|HEAP_ALLOCATE|[14]|Bytes:5
02:47:15.0 (57218641)|HEAP_ALLOCATE|[14]|Bytes:18
02:47:15.0 (57221169)|HEAP_ALLOCATE|[14]|Bytes:7
02:47:15.0 (57223403)|HEAP_ALLOCATE|[14]|Bytes:18
02:47:15.0 (57225595)|HEAP_ALLOCATE|[14]|Bytes:13
02:47:15.0 (57227797)|HEAP_ALLOCATE|[14]|Bytes:18
02:47:15.0 (57229961)|HEAP_ALLOCATE|[14]|Bytes:8
02:47:15.0 (57232189)|HEAP_ALLOCATE|[14]|Bytes:18
02:47:15.0 (57234446)|HEAP_ALLOCATE|[14]|Bytes:11
02:47:15.0 (57236668)|HEAP_ALLOCATE|[14]|Bytes:18
02:47:15.0 (57238951)|HEAP_ALLOCATE|[14]|Bytes:9
02:47:15.0 (57241164)|HEAP_ALLOCATE|[14]|Bytes:18
02:47:15.0 (57243325)|HEAP_ALLOCATE|[14]|Bytes:5
02:47:15.0 (57245609)|HEAP_ALLOCATE|[14]|Bytes:18
02:47:15.0 (57247833)|HEAP_ALLOCATE|[14]|Bytes:7
02:47:15.0 (57250077)|HEAP_ALLOCATE|[14]|Bytes:18
02:47:15.0 (57252292)|HEAP_ALLOCATE|[14]|Bytes:13
02:47:15.0 (57254465)|HEAP_ALLOCATE|[14]|Bytes:18
02:47:15.0 (57256663)|HEAP_ALLOCATE|[14]|Bytes:8
02:47:15.0 (57258863)|HEAP_ALLOCATE|[14]|Bytes:18
02:47:15.0 (57261050)|HEAP_ALLOCATE|[14]|Bytes:11
02:47:15.0 (57263278)|HEAP_ALLOCATE|[14]|Bytes:18
02:47:15.0 (57265815)|HEAP_ALLOCATE|[14]|Bytes:9
02:47:15.0 (57268119)|HEAP_ALLOCATE|[14]|Bytes:18
02:47:15.0 (57270298)|HEAP_ALLOCATE|[14]|Bytes:5
02:47:15.0 (57272480)|HEAP_ALLOCATE|[14]|Bytes:18
02:47:15.0 (57274668)|HEAP_ALLOCATE|[14]|Bytes:7
02:47:15.0 (57279164)|HEAP_ALLOCATE|[14]|Bytes:196
02:47:15.0 (57292598)|VARIABLE_SCOPE_BEGIN|[14]|parts|List<String>|true|false
02:47:15.0 (57324175)|HEAP_ALLOCATE|[EXTERNAL]|Bytes:196
02:47:15.0 (57333419)|VARIABLE_ASSIGNMENT|[14]|parts|"List of size 48 too large to display"|0x4813acfb
02:47:15.0 (57340061)|STATEMENT_EXECUTE|[15]
02:47:15.0 (57344968)|VARIABLE_SCOPE_BEGIN|[15]|i|Integer|false|false
02:47:15.0 (57351470)|HEAP_ALLOCATE|[15]|Bytes:4
02:47:15.0 (57357788)|VARIABLE_ASSIGNMENT|[15]|i|0
02:47:15.0 (57388753)|STATEMENT_EXECUTE|[15]
02:47:15.0 (57390130)|STATEMENT_EXECUTE|[16]
02:47:15.0 (57400586)|HEAP_ALLOCATE|[16]|Bytes:18
02:47:15.0 (57406762)|HEAP_ALLOCATE|[16]|Bytes:5
02:47:15.0 (57464505)|HEAP_ALLOCATE|[16]|Bytes:15
02:47:15.0 (57476931)|SYSTEM_METHOD_ENTRY|[1]|EncodingUtil.EncodingUtil()
02:47:15.0 (57480379)|STATEMENT_EXECUTE|[1]
02:47:15.0 (57488148)|SYSTEM_METHOD_EXIT|[1]|EncodingUtil
02:47:15.0 (57499397)|METHOD_ENTRY|[16]||System.EncodingUtil.urlDecode(String, String)
02:47:15.0 (57550199)|METHOD_EXIT|[16]||System.EncodingUtil.urlDecode(String, String)
02:47:15.0 (57561396)|HEAP_ALLOCATE|[17]|Bytes:13
02:47:15.0 (57569364)|METHOD_ENTRY|[17]||System.EncodingUtil.urlDecode(String, String)
02:47:15.0 (57592917)|METHOD_EXIT|[17]||System.EncodingUtil.urlDecode(String, String)
02:47:15.0 (57618775)|HEAP_ALLOCATE|[EXTERNAL]|Bytes:4
02:47:15.0 (57625586)|HEAP_ALLOCATE|[15]|Bytes:4
02:47:15.0 (57632665)|VARIABLE_ASSIGNMENT|[15]|i|1
02:47:15.0 (57643918)|STATEMENT_EXECUTE|[15]
02:47:15.0 (57645090)|STATEMENT_EXECUTE|[16]
02:47:15.0 (57649564)|HEAP_ALLOCATE|[16]|Bytes:18
02:47:15.0 (57656040)|METHOD_ENTRY|[16]||System.EncodingUtil.urlDecode(String, String)
02:47:15.0 (57673116)|METHOD_EXIT|[16]||System.EncodingUtil.urlDecode(String, String)
02:47:15.0 (57678204)|HEAP_ALLOCATE|[17]|Bytes:8
02:47:15.0 (57683055)|METHOD_ENTRY|[17]||System.EncodingUtil.urlDecode(String, String)
02:47:15.0 (57696357)|METHOD_EXIT|[17]||System.EncodingUtil.urlDecode(String, String)
02:47:15.0 (57704513)|HEAP_ALLOCATE|[EXTERNAL]|Bytes:4
02:47:15.0 (57709229)|HEAP_ALLOCATE|[15]|Bytes:4
02:47:15.0 (57714123)|VARIABLE_ASSIGNMENT|[15]|i|2
02:47:15.0 (57723446)|STATEMENT_EXECUTE|[15]
02:47:15.0 (57724500)|STATEMENT_EXECUTE|[16]
02:47:15.0 (57727815)|HEAP_ALLOCATE|[16]|Bytes:18
02:47:15.0 (57732638)|METHOD_ENTRY|[16]||System.EncodingUtil.urlDecode(String, String)
02:47:15.0 (57747491)|METHOD_EXIT|[16]||System.EncodingUtil.urlDecode(String, String)
02:47:15.0 (57752003)|HEAP_ALLOCATE|[17]|Bytes:11
02:47:15.0 (57756755)|METHOD_ENTRY|[17]||System.EncodingUtil.urlDecode(String, String)
02:47:15.0 (57770811)|METHOD_EXIT|[17]||System.EncodingUtil.urlDecode(String, String)
02:47:15.0 (57778718)|HEAP_ALLOCATE|[EXTERNAL]|Bytes:4
02:47:15.0 (57783463)|HEAP_ALLOCATE|[15]|Bytes:4
02:47:15.0 (57787844)|VARIABLE_ASSIGNMENT|[15]|i|3
02:47:15.0 (57796948)|STATEMENT_EXECUTE|[15]
02:47:15.0 (57798091)|STATEMENT_EXECUTE|[16]
02:47:15.0 (57801151)|HEAP_ALLOCATE|[16]|Bytes:18
02:47:15.0 (57806225)|METHOD_ENTRY|[16]||System.EncodingUtil.urlDecode(String, String)
02:47:15.0 (57821412)|METHOD_EXIT|[16]||System.EncodingUtil.urlDecode(String, String)
02:47:15.0 (57825977)|HEAP_ALLOCATE|[17]|Bytes:9
02:47:15.0 (57830702)|METHOD_ENTRY|[17]||System.EncodingUtil.urlDecode(String, String)
02:47:15.0 (57843508)|METHOD_EXIT|[17]||System.EncodingUtil.urlDecode(String, String)
02:47:15.0 (57850702)|HEAP_ALLOCATE|[EXTERNAL]|Bytes:4
02:47:15.0 (57855100)|HEAP_ALLOCATE|[15]|Bytes:4
02:47:15.0 (57859432)|VARIABLE_ASSIGNMENT|[15]|i|4
02:47:15.0 (57867996)|STATEMENT_EXECUTE|[15]
02:47:15.0 (57869114)|STATEMENT_EXECUTE|[16]
02:47:15.0 (57872087)|HEAP_ALLOCATE|[16]|Bytes:18
02:47:15.0 (57876875)|METHOD_ENTRY|[16]||System.EncodingUtil.urlDecode(String, String)
02:47:15.0 (57891118)|METHOD_EXIT|[16]||System.EncodingUtil.urlDecode(String, String)
02:47:15.0 (57895580)|HEAP_ALLOCATE|[17]|Bytes:5
02:47:15.0 (57900379)|METHOD_ENTRY|[17]||System.EncodingUtil.urlDecode(String, String)
02:47:15.0 (57912782)|METHOD_EXIT|[17]||System.EncodingUtil.urlDecode(String, String)
02:47:15.0 (57919691)|HEAP_ALLOCATE|[EXTERNAL]|Bytes:4
02:47:15.0 (57924209)|HEAP_ALLOCATE|[15]|Bytes:4
02:47:15.0 (57928642)|VARIABLE_ASSIGNMENT|[15]|i|5
02:47:15.0 (57937426)|STATEMENT_EXECUTE|[15]
02:47:15.0 (57938434)|STATEMENT_EXECUTE|[16]
02:47:15.0 (57941388)|HEAP_ALLOCATE|[16]|Bytes:18
02:47:15.0 (57946194)|METHOD_ENTRY|[16]||System.EncodingUtil.urlDecode(String, String)
02:47:15.0 (57960763)|METHOD_EXIT|[16]||System.EncodingUtil.urlDecode(String, String)
02:47:15.0 (57965305)|HEAP_ALLOCATE|[17]|Bytes:7
02:47:15.0 (57969643)|METHOD_ENTRY|[17]||System.EncodingUtil.urlDecode(String, String)
02:47:15.0 (57984245)|METHOD_EXIT|[17]||System.EncodingUtil.urlDecode(String, String)
02:47:15.0 (57991335)|HEAP_ALLOCATE|[EXTERNAL]|Bytes:4
02:47:15.0 (57995977)|HEAP_ALLOCATE|[15]|Bytes:4
02:47:15.0 (58000527)|VARIABLE_ASSIGNMENT|[15]|i|6
02:47:15.0 (58010411)|STATEMENT_EXECUTE|[15]
02:47:15.0 (58011431)|STATEMENT_EXECUTE|[16]
02:47:15.0 (58014494)|HEAP_ALLOCATE|[16]|Bytes:18
02:47:15.0 (58019239)|METHOD_ENTRY|[16]||System.EncodingUtil.urlDecode(String, String)
02:47:15.0 (58033913)|METHOD_EXIT|[16]||System.EncodingUtil.urlDecode(String, String)
02:47:15.0 (58038205)|HEAP_ALLOCATE|[17]|Bytes:13
02:47:15.0 (58042571)|METHOD_ENTRY|[17]||System.EncodingUtil.urlDecode(String, String)
02:47:15.0 (58056248)|METHOD_EXIT|[17]||System.EncodingUtil.urlDecode(String, String)
02:47:15.0 (58063728)|HEAP_ALLOCATE|[EXTERNAL]|Bytes:4
02:47:15.0 (58068286)|HEAP_ALLOCATE|[15]|Bytes:4
02:47:15.0 (58072829)|VARIABLE_ASSIGNMENT|[15]|i|7
02:47:15.0 (58081833)|STATEMENT_EXECUTE|[15]
02:47:15.0 (58082843)|STATEMENT_EXECUTE|[16]
02:47:15.0 (58085793)|HEAP_ALLOCATE|[16]|Bytes:18
02:47:15.0 (58090552)|METHOD_ENTRY|[16]||System.EncodingUtil.urlDecode(String, String)
02:47:15.0 (58104939)|METHOD_EXIT|[16]||System.EncodingUtil.urlDecode(String, String)
02:47:15.0 (58109571)|HEAP_ALLOCATE|[17]|Bytes:8
02:47:15.0 (58118930)|METHOD_ENTRY|[17]||System.EncodingUtil.urlDecode(String, String)
02:47:15.0 (58132680)|METHOD_EXIT|[17]||System.EncodingUtil.urlDecode(String, String)
02:47:15.0 (58139860)|HEAP_ALLOCATE|[EXTERNAL]|Bytes:4
02:47:15.0 (58144435)|HEAP_ALLOCATE|[15]|Bytes:4
02:47:15.0 (58149031)|VARIABLE_ASSIGNMENT|[15]|i|8
02:47:15.0 (58158044)|STATEMENT_EXECUTE|[15]
02:47:15.0 (58159100)|STATEMENT_EXECUTE|[16]
02:47:15.0 (58162121)|HEAP_ALLOCATE|[16]|Bytes:18
02:47:15.0 (58167152)|METHOD_ENTRY|[16]||System.EncodingUtil.urlDecode(String, String)
02:47:15.0 (58181597)|METHOD_EXIT|[16]||System.EncodingUtil.urlDecode(String, String)
02:47:15.0 (58186210)|HEAP_ALLOCATE|[17]|Bytes:11
02:47:15.0 (58190661)|METHOD_ENTRY|[17]||System.EncodingUtil.urlDecode(String, String)
02:47:15.0 (58203771)|METHOD_EXIT|[17]||System.EncodingUtil.urlDecode(String, String)
02:47:15.0 (58211104)|HEAP_ALLOCATE|[EXTERNAL]|Bytes:4
02:47:15.0 (58215767)|HEAP_ALLOCATE|[15]|Bytes:4
02:47:15.0 (58220196)|VARIABLE_ASSIGNMENT|[15]|i|9
02:47:15.0 (58229261)|STATEMENT_EXECUTE|[15]
02:47:15.0 (58230303)|STATEMENT_EXECUTE|[16]
02:47:15.0 (58233283)|HEAP_ALLOCATE|[16]|Bytes:18
02:47:15.0 (58238150)|METHOD_ENTRY|[16]||System.EncodingUtil.urlDecode(String, String)
02:47:15.0 (58252380)|METHOD_EXIT|[16]||System.EncodingUtil.urlDecode(String, String)
02:47:15.0 (58256742)|HEAP_ALLOCATE|[17]|Bytes:9
02:47:15.0 (58261246)|METHOD_ENTRY|[17]||System.EncodingUtil.urlDecode(String, String)
02:47:15.0 (58273751)|METHOD_EXIT|[17]||System.EncodingUtil.urlDecode(String, String)
02:47:15.0 (58280984)|HEAP_ALLOCATE|[EXTERNAL]|Bytes:4
02:47:15.0 (58285285)|HEAP_ALLOCATE|[15]|Bytes:4
02:47:15.0 (58289883)|VARIABLE_ASSIGNMENT|[15]|i|10
02:47:15.0 (58298789)|STATEMENT_EXECUTE|[15]
02:47:15.0 (58299789)|STATEMENT_EXECUTE|[16]
02:47:15.0 (58302775)|HEAP_ALLOCATE|[16]|Bytes:18
02:47:15.0 (58307601)|METHOD_ENTRY|[16]||System.EncodingUtil.urlDecode(String, String)
02:47:15.0 (58321736)|METHOD_EXIT|[16]||System.EncodingUtil.urlDecode(String, String)
02:47:15.0 (58326130)|HEAP_ALLOCATE|[17]|Bytes:5
02:47:15.0 (58330802)|METHOD_ENTRY|[17]||System.EncodingUtil.urlDecode(String, String)
02:47:15.0 (58343554)|METHOD_EXIT|[17]||System.EncodingUtil.urlDecode(String, String)
02:47:15.0 (58350425)|HEAP_ALLOCATE|[EXTERNAL]|Bytes:4
02:47:15.0 (58355018)|HEAP_ALLOCATE|[15]|Bytes:4
02:47:15.0 (58359553)|VARIABLE_ASSIGNMENT|[15]|i|11
02:47:15.0 (58368284)|STATEMENT_EXECUTE|[15]
02:47:15.0 (58369292)|STATEMENT_EXECUTE|[16]
02:47:15.0 (58372206)|HEAP_ALLOCATE|[16]|Bytes:18
02:47:15.0 (58376983)|METHOD_ENTRY|[16]||System.EncodingUtil.urlDecode(String, String)
02:47:15.0 (58391180)|METHOD_EXIT|[16]||System.EncodingUtil.urlDecode(String, String)
02:47:15.0 (58395956)|HEAP_ALLOCATE|[17]|Bytes:7
02:47:15.0 (58400335)|METHOD_ENTRY|[17]||System.EncodingUtil.urlDecode(String, String)
02:47:15.0 (58412730)|METHOD_EXIT|[17]||System.EncodingUtil.urlDecode(String, String)
02:47:15.0 (58419684)|HEAP_ALLOCATE|[EXTERNAL]|Bytes:4
02:47:15.0 (58424297)|HEAP_ALLOCATE|[15]|Bytes:4
02:47:15.0 (58428743)|VARIABLE_ASSIGNMENT|[15]|i|12
02:47:15.0 (58437385)|STATEMENT_EXECUTE|[15]
02:47:15.0 (58438460)|STATEMENT_EXECUTE|[16]
02:47:15.0 (58441557)|HEAP_ALLOCATE|[16]|Bytes:18
02:47:15.0 (58446397)|METHOD_ENTRY|[16]||System.EncodingUtil.urlDecode(String, String)
02:47:15.0 (58460184)|METHOD_EXIT|[16]||System.EncodingUtil.urlDecode(String, String)
02:47:15.0 (58464599)|HEAP_ALLOCATE|[17]|Bytes:13
02:47:15.0 (58469296)|METHOD_ENTRY|[17]||System.EncodingUtil.urlDecode(String, String)
02:47:15.0 (58482685)|METHOD_EXIT|[17]||System.EncodingUtil.urlDecode(String, String)
02:47:15.0 (58489587)|HEAP_ALLOCATE|[EXTERNAL]|Bytes:4
02:47:15.0 (58494045)|HEAP_ALLOCATE|[15]|Bytes:4
02:47:15.0 (58498584)|VARIABLE_ASSIGNMENT|[15]|i|13
02:47:15.0 (58507321)|STATEMENT_EXECUTE|[15]
02:47:15.0 (58508321)|STATEMENT_EXECUTE|[16]
02:47:15.0 (58511289)|HEAP_ALLOCATE|[16]|Bytes:18
02:47:15.0 (58516110)|METHOD_ENTRY|[16]||System.EncodingUtil.urlDecode(String, String)
02:47:15.0 (58530419)|METHOD_EXIT|[16]||System.EncodingUtil.urlDecode(String, String)
02:47:15.0 (58535030)|HEAP_ALLOCATE|[17]|Bytes:8
02:47:15.0 (58539348)|METHOD_ENTRY|[17]||System.EncodingUtil.urlDecode(String, String)
02:47:15.0 (58551634)|METHOD_EXIT|[17]||System.EncodingUtil.urlDecode(String, String)
02:47:15.0 (58558165)|HEAP_ALLOCATE|[EXTERNAL]|Bytes:4
02:47:15.0 (58562347)|HEAP_ALLOCATE|[15]|Bytes:4
02:47:15.0 (58566952)|VARIABLE_ASSIGNMENT|[15]|i|14
02:47:15.0 (58575547)|STATEMENT_EXECUTE|[15]
02:47:15.0 (58576648)|STATEMENT_EXECUTE|[16]
02:47:15.0 (58579607)|HEAP_ALLOCATE|[16]|Bytes:18
02:47:15.0 (58584638)|METHOD_ENTRY|[16]||System.EncodingUtil.urlDecode(String, String)
02:47:15.0 (58598435)|METHOD_EXIT|[16]||System.EncodingUtil.urlDecode(String, String)
02:47:15.0 (58603162)|HEAP_ALLOCATE|[17]|Bytes:11
02:47:15.0 (58607499)|METHOD_ENTRY|[17]||System.EncodingUtil.urlDecode(String, String)
02:47:15.0 (58620383)|METHOD_EXIT|[17]||System.EncodingUtil.urlDecode(String, String)
02:47:15.0 (58627402)|HEAP_ALLOCATE|[EXTERNAL]|Bytes:4
02:47:15.0 (58631804)|HEAP_ALLOCATE|[15]|Bytes:4
02:47:15.0 (58636711)|VARIABLE_ASSIGNMENT|[15]|i|15
02:47:15.0 (58645266)|STATEMENT_EXECUTE|[15]
02:47:15.0 (58646284)|STATEMENT_EXECUTE|[16]
02:47:15.0 (58649248)|HEAP_ALLOCATE|[16]|Bytes:18
02:47:15.0 (58654113)|METHOD_ENTRY|[16]||System.EncodingUtil.urlDecode(String, String)
02:47:15.0 (58668633)|METHOD_EXIT|[16]||System.EncodingUtil.urlDecode(String, String)
02:47:15.0 (58672910)|HEAP_ALLOCATE|[17]|Bytes:9
02:47:15.0 (58677466)|METHOD_ENTRY|[17]||System.EncodingUtil.urlDecode(String, String)
02:47:15.0 (58689694)|METHOD_EXIT|[17]||System.EncodingUtil.urlDecode(String, String)
02:47:15.0 (58696169)|HEAP_ALLOCATE|[EXTERNAL]|Bytes:4
02:47:15.0 (58700602)|HEAP_ALLOCATE|[15]|Bytes:4
02:47:15.0 (58705189)|VARIABLE_ASSIGNMENT|[15]|i|16
02:47:15.0 (58713347)|STATEMENT_EXECUTE|[15]
02:47:15.0 (58714382)|STATEMENT_EXECUTE|[16]
02:47:15.0 (58717309)|HEAP_ALLOCATE|[16]|Bytes:18
02:47:15.0 (58725400)|METHOD_ENTRY|[16]||System.EncodingUtil.urlDecode(String, String)
02:47:15.0 (58740473)|METHOD_EXIT|[16]||System.EncodingUtil.urlDecode(String, String)
02:47:15.0 (58745299)|HEAP_ALLOCATE|[17]|Bytes:5
02:47:15.0 (58749853)|METHOD_ENTRY|[17]||System.EncodingUtil.urlDecode(String, String)
02:47:15.0 (58762145)|METHOD_EXIT|[17]||System.EncodingUtil.urlDecode(String, String)
02:47:15.0 (58768906)|HEAP_ALLOCATE|[EXTERNAL]|Bytes:4
02:47:15.0 (58773680)|HEAP_ALLOCATE|[15]|Bytes:4
02:47:15.0 (58778110)|VARIABLE_ASSIGNMENT|[15]|i|17
02:47:15.0 (58786629)|STATEMENT_EXECUTE|[15]
02:47:15.0 (58787663)|STATEMENT_EXECUTE|[16]
02:47:15.0 (58790719)|HEAP_ALLOCATE|[16]|Bytes:18
02:47:15.0 (58795656)|METHOD_ENTRY|[16]||System.EncodingUtil.urlDecode(String, String)
02:47:15.0 (58809633)|METHOD_EXIT|[16]||System.EncodingUtil.urlDecode(String, String)
02:47:15.0 (58814084)|HEAP_ALLOCATE|[17]|Bytes:7
02:47:15.0 (58818430)|METHOD_ENTRY|[17]||System.EncodingUtil.urlDecode(String, String)
02:47:15.0 (58834009)|METHOD_EXIT|[17]||System.EncodingUtil.urlDecode(String, String)
02:47:15.0 (58841551)|HEAP_ALLOCATE|[EXTERNAL]|Bytes:4
02:47:15.0 (58846350)|HEAP_ALLOCATE|[15]|Bytes:4
02:47:15.0 (58851260)|VARIABLE_ASSIGNMENT|[15]|i|18
02:47:15.0 (58860209)|STATEMENT_EXECUTE|[15]
02:47:15.0 (58861239)|STATEMENT_EXECUTE|[16]
02:47:15.0 (58864251)|HEAP_ALLOCATE|[16]|Bytes:18
02:47:15.0 (58869202)|METHOD_ENTRY|[16]||System.EncodingUtil.urlDecode(String, String)
02:47:15.0 (58883407)|METHOD_EXIT|[16]||System.EncodingUtil.urlDecode(String, String)
02:47:15.0 (58887883)|HEAP_ALLOCATE|[17]|Bytes:13
02:47:15.0 (58892318)|METHOD_ENTRY|[17]||System.EncodingUtil.urlDecode(String, String)
02:47:15.0 (58905723)|METHOD_EXIT|[17]||System.EncodingUtil.urlDecode(String, String)
02:47:15.0 (58912571)|HEAP_ALLOCATE|[EXTERNAL]|Bytes:4
02:47:15.0 (58916912)|HEAP_ALLOCATE|[15]|Bytes:4
02:47:15.0 (58921179)|VARIABLE_ASSIGNMENT|[15]|i|19
02:47:15.0 (58929794)|STATEMENT_EXECUTE|[15]
02:47:15.0 (58930841)|STATEMENT_EXECUTE|[16]
02:47:15.0 (58933794)|HEAP_ALLOCATE|[16]|Bytes:18
02:47:15.0 (58938504)|METHOD_ENTRY|[16]||System.EncodingUtil.urlDecode(String, String)
02:47:15.0 (58952497)|METHOD_EXIT|[16]||System.EncodingUtil.urlDecode(String, String)
02:47:15.0 (58957025)|HEAP_ALLOCATE|[17]|Bytes:8
02:47:15.0 (58961396)|METHOD_ENTRY|[17]||System.EncodingUtil.urlDecode(String, String)
02:47:15.0 (58973689)|METHOD_EXIT|[17]||System.EncodingUtil.urlDecode(String, String)
02:47:15.0 (58980269)|HEAP_ALLOCATE|[EXTERNAL]|Bytes:4
02:47:15.0 (58984694)|HEAP_ALLOCATE|[15]|Bytes:4
02:47:15.0 (58989363)|VARIABLE_ASSIGNMENT|[15]|i|20
02:47:15.0 (58997857)|STATEMENT_EXECUTE|[15]
02:47:15.0 (58998893)|STATEMENT_EXECUTE|[16]
02:47:15.0 (59001814)|HEAP_ALLOCATE|[16]|Bytes:18
02:47:15.0 (59007427)|METHOD_ENTRY|[16]||System.EncodingUtil.urlDecode(String, String)
02:47:15.0 (59021424)|METHOD_EXIT|[16]||System.EncodingUtil.urlDecode(String, String)
02:47:15.0 (59025829)|HEAP_ALLOCATE|[17]|Bytes:11
02:47:15.0 (59030225)|METHOD_ENTRY|[17]||System.EncodingUtil.urlDecode(String, String)
02:47:15.0 (59043267)|METHOD_EXIT|[17]||System.EncodingUtil.urlDecode(String, String)
02:47:15.0 (59050514)|HEAP_ALLOCATE|[EXTERNAL]|Bytes:4
02:47:15.0 (59055082)|HEAP_ALLOCATE|[15]|Bytes:4
02:47:15.0 (59059846)|VARIABLE_ASSIGNMENT|[15]|i|21
02:47:15.0 (59068695)|STATEMENT_EXECUTE|[15]
02:47:15.0 (59069692)|STATEMENT_EXECUTE|[16]
02:47:15.0 (59072711)|HEAP_ALLOCATE|[16]|Bytes:18
02:47:15.0 (59077476)|METHOD_ENTRY|[16]||System.EncodingUtil.urlDecode(String, String)
02:47:15.0 (59091903)|METHOD_EXIT|[16]||System.EncodingUtil.urlDecode(String, String)
02:47:15.0 (59096410)|HEAP_ALLOCATE|[17]|Bytes:9
02:47:15.0 (59100937)|METHOD_ENTRY|[17]||System.EncodingUtil.urlDecode(String, String)
02:47:15.0 (59113609)|METHOD_EXIT|[17]||System.EncodingUtil.urlDecode(String, String)
02:47:15.0 (59124455)|HEAP_ALLOCATE|[EXTERNAL]|Bytes:4
02:47:15.0 (59128944)|HEAP_ALLOCATE|[15]|Bytes:4
02:47:15.0 (59133581)|VARIABLE_ASSIGNMENT|[15]|i|22
02:47:15.0 (59142030)|STATEMENT_EXECUTE|[15]
02:47:15.0 (59143081)|STATEMENT_EXECUTE|[16]
02:47:15.0 (59146091)|HEAP_ALLOCATE|[16]|Bytes:18
02:47:15.0 (59151194)|METHOD_ENTRY|[16]||System.EncodingUtil.urlDecode(String, String)
02:47:15.0 (59165740)|METHOD_EXIT|[16]||System.EncodingUtil.urlDecode(String, String)
02:47:15.0 (59170326)|HEAP_ALLOCATE|[17]|Bytes:5
02:47:15.0 (59174602)|METHOD_ENTRY|[17]||System.EncodingUtil.urlDecode(String, String)
02:47:15.0 (59186944)|METHOD_EXIT|[17]||System.EncodingUtil.urlDecode(String, String)
02:47:15.0 (59193686)|HEAP_ALLOCATE|[EXTERNAL]|Bytes:4
02:47:15.0 (59198255)|HEAP_ALLOCATE|[15]|Bytes:4
02:47:15.0 (59202643)|VARIABLE_ASSIGNMENT|[15]|i|23
02:47:15.0 (59211438)|STATEMENT_EXECUTE|[15]
02:47:15.0 (59212482)|STATEMENT_EXECUTE|[16]
02:47:15.0 (59215408)|HEAP_ALLOCATE|[16]|Bytes:18
02:47:15.0 (59220382)|METHOD_ENTRY|[16]||System.EncodingUtil.urlDecode(String, String)
02:47:15.0 (59234357)|METHOD_EXIT|[16]||System.EncodingUtil.urlDecode(String, String)
02:47:15.0 (59238838)|HEAP_ALLOCATE|[17]|Bytes:7
02:47:15.0 (59243254)|METHOD_ENTRY|[17]||System.EncodingUtil.urlDecode(String, String)
02:47:15.0 (59255588)|METHOD_EXIT|[17]||System.EncodingUtil.urlDecode(String, String)
02:47:15.0 (59262679)|HEAP_ALLOCATE|[EXTERNAL]|Bytes:4
02:47:15.0 (59267061)|HEAP_ALLOCATE|[15]|Bytes:4
02:47:15.0 (59271633)|VARIABLE_ASSIGNMENT|[15]|i|24
02:47:15.0 (59287684)|METHOD_EXIT|[25]|01p7F00000Ehg8E|MultiselectController.setOptions(List<System.SelectOption>, String)
02:47:15.0 (59293760)|SYSTEM_MODE_EXIT|false
02:47:15.0 (59354980)|SYSTEM_MODE_ENTER|true
02:47:15.0 (59401746)|HEAP_ALLOCATE|[EXTERNAL]|Bytes:20
02:47:15.0 (59432198)|VARIABLE_ASSIGNMENT|[EXTERNAL]|this|{"leftOptions":"0x24e5913c","leftOptionsHidden":"0057F000000TpdFQAS&M (671 more) ...","rightOptions":"0x70934fd0"}|0x65662898
02:47:15.0 (59441189)|VARIABLE_ASSIGNMENT|[EXTERNAL]|value|""
02:47:15.0 (59458364)|SYSTEM_MODE_ENTER|false
02:47:15.0 (59464673)|HEAP_ALLOCATE|[32]|Bytes:5
02:47:15.0 (59468676)|STATEMENT_EXECUTE|[31]
02:47:15.0 (59469971)|STATEMENT_EXECUTE|[32]
02:47:15.0 (59477858)|VARIABLE_ASSIGNMENT|[32]|this.rightOptionsHidden|""|0x65662898
02:47:15.0 (59482248)|STATEMENT_EXECUTE|[33]
02:47:15.0 (59517937)|VARIABLE_ASSIGNMENT|[EXTERNAL]|this|{"leftOptions":"0x24e5913c","leftOptionsHidden":"0057F000000TpdFQAS&M (671 more) ...","rightOptions":"0x70934fd0","rightOptionsHidden":""}|0x65662898
02:47:15.0 (59535880)|METHOD_ENTRY|[33]|01p7F00000Ehg8E|MultiselectController.setOptions(List<System.SelectOption>, String)
02:47:15.0 (59541527)|VARIABLE_SCOPE_BEGIN|[12]|this|MultiselectController|true|false
02:47:15.0 (59558724)|VARIABLE_ASSIGNMENT|[12]|this|{"leftOptions":"0x24e5913c","leftOptionsHidden":"0057F000000TpdFQAS&M (671 more) ...","rightOptions":"0x70934fd0","rightOptionsHidden":""}|0x65662898
02:47:15.0 (59564789)|VARIABLE_SCOPE_BEGIN|[12]|options|List<System.SelectOption>|true|false
02:47:15.0 (59572056)|VARIABLE_ASSIGNMENT|[12]|options|[]|0x70934fd0
02:47:15.0 (59575905)|VARIABLE_SCOPE_BEGIN|[12]|value|String|false|false
02:47:15.0 (59581448)|VARIABLE_ASSIGNMENT|[12]|value|""
02:47:15.0 (59594881)|HEAP_ALLOCATE|[13]|Bytes:5
02:47:15.0 (59598790)|STATEMENT_EXECUTE|[12]
02:47:15.0 (59599902)|STATEMENT_EXECUTE|[13]
02:47:15.0 (59607738)|STATEMENT_EXECUTE|[14]
02:47:15.0 (59629563)|HEAP_ALLOCATE|[14]|Bytes:8
02:47:15.0 (59640528)|VARIABLE_SCOPE_BEGIN|[14]|parts|List<String>|true|false
02:47:15.0 (59661846)|HEAP_ALLOCATE|[EXTERNAL]|Bytes:8
02:47:15.0 (59669975)|VARIABLE_ASSIGNMENT|[14]|parts|[""]|0xd5a5b68
02:47:15.0 (59675819)|STATEMENT_EXECUTE|[15]
02:47:15.0 (59679291)|VARIABLE_SCOPE_BEGIN|[15]|i|Integer|false|false
02:47:15.0 (59685182)|HEAP_ALLOCATE|[15]|Bytes:4
02:47:15.0 (59690575)|VARIABLE_ASSIGNMENT|[15]|i|0
02:47:15.0 (59702012)|STATEMENT_EXECUTE|[15]
02:47:15.0 (59708697)|METHOD_EXIT|[33]|01p7F00000Ehg8E|MultiselectController.setOptions(List<System.SelectOption>, String)
02:47:15.0 (59714386)|SYSTEM_MODE_EXIT|false
02:47:15.0 (59831918)|SYSTEM_MODE_ENTER|true
02:47:15.0 (59880568)|HEAP_ALLOCATE|[EXTERNAL]|Bytes:100
02:47:15.0 (59886233)|HEAP_ALLOCATE|[EXTERNAL]|Bytes:20
02:47:15.0 (59896483)|VARIABLE_ASSIGNMENT|[EXTERNAL]|this.leftOptions|"List of size 24 too large to display"|0x65662898
02:47:15.0 (59968931)|SYSTEM_MODE_ENTER|true
02:47:15.0 (59996668)|HEAP_ALLOCATE|[EXTERNAL]|Bytes:4
02:47:15.0 (60000963)|HEAP_ALLOCATE|[EXTERNAL]|Bytes:20
02:47:15.0 (60009520)|VARIABLE_ASSIGNMENT|[EXTERNAL]|this.rightOptions|[]|0x65662898
02:47:15.0 (61151435)|HEAP_ALLOCATE|[EXTERNAL]|Bytes:24
02:47:15.0 (61164935)|VARIABLE_SCOPE_BEGIN|[24]|this|Project_PM_Controller|true|false
02:47:15.0 (61307594)|VARIABLE_ASSIGNMENT|[24]|this|{"controller":"StandardController [[Project__c (Client__c:a047F000002zkUjQAI, Company_project_code__c:321651, Name:8354, Units__c:false, Nodes__c:false, Footage__c:false, Miles__c:false, Jobs__c:false, Hours__c:false, Delivery__c:100)]]","project":"0x6e1835d4","saveAndNew":2,"selectedUsers":"0x70934fd0","usersList":"0x24e5913c"}|0x718d1cea
02:47:15.0 (61335632)|SYSTEM_MODE_ENTER|false
02:47:15.0 (61343392)|HEAP_ALLOCATE|[25]|Bytes:5
02:47:15.0 (61349030)|STATEMENT_EXECUTE|[24]
02:47:15.0 (61350341)|STATEMENT_EXECUTE|[25]
02:47:15.0 (61379838)|HEAP_ALLOCATE|[25]|Bytes:4
02:47:15.0 (61476151)|VARIABLE_SCOPE_BEGIN|[25]|newProject|Project__c|true|false
02:47:15.0 (61492693)|VARIABLE_ASSIGNMENT|[25]|newProject|{}|0x4c829998
02:47:15.0 (61497786)|STATEMENT_EXECUTE|[26]
02:47:15.0 (61581348)|VARIABLE_ASSIGNMENT|[26]|this.Client__c|"a047F000002zkUjQAI"|0x4c829998
02:47:15.0 (61588721)|STATEMENT_EXECUTE|[27]
02:47:15.0 (61617378)|VARIABLE_ASSIGNMENT|[27]|this.End_Customer__c|null|0x4c829998
02:47:15.0 (61623220)|STATEMENT_EXECUTE|[28]
02:47:15.0 (61643446)|VARIABLE_ASSIGNMENT|[28]|this.Operation_Region__c|null|0x4c829998
02:47:15.0 (61648956)|STATEMENT_EXECUTE|[29]
02:47:15.0 (61667979)|VARIABLE_ASSIGNMENT|[29]|this.Work_Region__c|null|0x4c829998
02:47:15.0 (61673460)|STATEMENT_EXECUTE|[30]
02:47:15.0 (61691014)|VARIABLE_ASSIGNMENT|[30]|this.Client_Project_Manager__c|null|0x4c829998
02:47:15.0 (61696189)|STATEMENT_EXECUTE|[31]
02:47:15.0 (61713684)|VARIABLE_ASSIGNMENT|[31]|this.Project_code__c|null|0x4c829998
02:47:15.0 (61718787)|STATEMENT_EXECUTE|[32]
02:47:15.0 (61744148)|VARIABLE_ASSIGNMENT|[32]|this.Company_project_code__c|"321651"|0x4c829998
02:47:15.0 (61749449)|STATEMENT_EXECUTE|[33]
02:47:15.0 (61781106)|VARIABLE_ASSIGNMENT|[33]|this.Name|"8354"|0x4c829998
02:47:15.0 (61787278)|STATEMENT_EXECUTE|[34]
02:47:15.0 (61808217)|VARIABLE_ASSIGNMENT|[34]|this.Project_Scope__c|null|0x4c829998
02:47:15.0 (61813629)|STATEMENT_EXECUTE|[35]
02:47:15.0 (61831669)|VARIABLE_ASSIGNMENT|[35]|this.Cost_Centre__c|null|0x4c829998
02:47:15.0 (61836742)|STATEMENT_EXECUTE|[36]
02:47:15.0 (61867267)|VARIABLE_ASSIGNMENT|[36]|this.OffshoreProjectManager__c|null|0x4c829998
02:47:15.0 (61872777)|STATEMENT_EXECUTE|[37]
02:47:15.0 (61900885)|VARIABLE_ASSIGNMENT|[37]|this.Team_Lead__c|null|0x4c829998
02:47:15.0 (61906277)|STATEMENT_EXECUTE|[38]
02:47:15.0 (61926720)|VARIABLE_ASSIGNMENT|[38]|this.Project_Start_Date__c|null|0x4c829998
02:47:15.0 (61932383)|STATEMENT_EXECUTE|[39]
02:47:15.0 (61951398)|VARIABLE_ASSIGNMENT|[39]|this.Project_End_Date__c|null|0x4c829998
02:47:15.0 (61956626)|STATEMENT_EXECUTE|[40]
02:47:15.0 (61984047)|VARIABLE_ASSIGNMENT|[40]|this.Units__c|false|0x4c829998
02:47:15.0 (61989632)|STATEMENT_EXECUTE|[41]
02:47:15.0 (62014395)|VARIABLE_ASSIGNMENT|[41]|this.Nodes__c|false|0x4c829998
02:47:15.0 (62020263)|STATEMENT_EXECUTE|[42]
02:47:15.0 (62044260)|VARIABLE_ASSIGNMENT|[42]|this.Footage__c|false|0x4c829998
02:47:15.0 (62049642)|STATEMENT_EXECUTE|[43]
02:47:15.0 (62073868)|VARIABLE_ASSIGNMENT|[43]|this.Miles__c|false|0x4c829998
02:47:15.0 (62079562)|STATEMENT_EXECUTE|[44]
02:47:15.0 (62104142)|VARIABLE_ASSIGNMENT|[44]|this.Jobs__c|false|0x4c829998
02:47:15.0 (62109612)|STATEMENT_EXECUTE|[45]
02:47:15.0 (62140158)|VARIABLE_ASSIGNMENT|[45]|this.Hours__c|false|0x4c829998
02:47:15.0 (62145363)|STATEMENT_EXECUTE|[46]
02:47:15.0 (62165762)|VARIABLE_ASSIGNMENT|[46]|this.Production__c|null|0x4c829998
02:47:15.0 (62171501)|STATEMENT_EXECUTE|[47]
02:47:15.0 (62191412)|VARIABLE_ASSIGNMENT|[47]|this.QC__c|null|0x4c829998
02:47:15.0 (62196787)|STATEMENT_EXECUTE|[48]
02:47:15.0 (62216474)|VARIABLE_ASSIGNMENT|[48]|this.QA__c|null|0x4c829998
02:47:15.0 (62221951)|STATEMENT_EXECUTE|[49]
02:47:15.0 (62250928)|HEAP_ALLOCATE|[49]|Bytes:28
02:47:15.0 (62281169)|VARIABLE_ASSIGNMENT|[49]|this.Delivery__c|100|0x4c829998
02:47:15.0 (62286931)|STATEMENT_EXECUTE|[51]
02:47:15.0 (62289857)|HEAP_ALLOCATE|[51]|Bytes:2
02:47:15.0 (62318765)|VARIABLE_ASSIGNMENT|[51]|this.Team__c|"  "|0x4c829998
02:47:15.0 (62453685)|VARIABLE_ASSIGNMENT|[EXTERNAL]|this|{"controller":"StandardController [[Project__c (Client__c:a047F000002zkUjQAI, Company_project_code__c:321651, Name:8354, Units__c:false, Nodes__c:false, Footage__c:false, Miles__c:false, Jobs__c:false, Hours__c:false, Delivery__c:100)]]","project":"0x6e1835d4","saveAndNew":2,"selectedUsers":"0x70934fd0","usersList":"0x24e5913c"}|0x718d1cea
02:47:15.0 (62500191)|HEAP_ALLOCATE|[52]|Bytes:5
02:47:15.0 (62513853)|VARIABLE_ASSIGNMENT|[52]|sc|null|
02:47:15.0 (62518653)|STATEMENT_EXECUTE|[52]
02:47:15.0 (62519772)|STATEMENT_EXECUTE|[55]
02:47:15.0 (62622844)|VARIABLE_ASSIGNMENT|[55]|this.Team__c|""|0x4c829998
02:47:15.0 (62630118)|STATEMENT_EXECUTE|[57]
02:47:15.0 (62631325)|STATEMENT_EXECUTE|[57]
02:47:15.0 (62632354)|STATEMENT_EXECUTE|[58]
02:47:15.0 (62656814)|HEAP_ALLOCATE|[58]|Bytes:8
02:47:15.0 (62665703)|DML_BEGIN|[58]|Op:Insert|Type:Project__c|Rows:1
02:47:15.0 (62697190)|HEAP_ALLOCATE|[EXTERNAL]|Bytes:8
02:47:15.0 (68453141)|CODE_UNIT_STARTED|[EXTERNAL]|Validation:Project:new
02:47:15.0 (68465642)|VALIDATION_RULE|03d7F0000009D2R|totalpercentage
02:47:15.0 (68789018)|VALIDATION_FORMULA|( IF( ISBLANK(Delivery__c) , 0, Delivery__c)
  +  
IF( ISBLANK(Production__c) , 0, Production__c)
  +
IF( ISBLANK(QC__c) , 0, QC__c)  
 +
IF( ISBLANK(QA__c) , 0, QA__c)
 ) != 100|Delivery__c=100 , QC__c=null , QA__c=null , Production__c=null
02:47:15.0 (68799327)|VALIDATION_PASS
02:47:15.0 (68838216)|CODE_UNIT_FINISHED|Validation:Project:new
02:47:15.0 (297867522)|DML_END|[58]
02:47:15.0 (297902095)|STATEMENT_EXECUTE|[64]
02:47:15.0 (298012530)|HEAP_ALLOCATE|[64]|Bytes:4
02:47:15.0 (298092261)|VARIABLE_SCOPE_BEGIN|[64]|pjaList|List<ProjectJobAssociation__c>|true|false
02:47:15.0 (298109063)|HEAP_ALLOCATE|[EXTERNAL]|Bytes:4
02:47:15.0 (298126314)|VARIABLE_ASSIGNMENT|[64]|pjaList|[]|0x2e918200
02:47:15.0 (298368118)|VARIABLE_ASSIGNMENT|[EXTERNAL]|this|{"controller":"StandardController [[Project__c (Client__c:a047F000002zkUjQAI, Company_project_code__c:321651, Name:8354, Units__c:false, Nodes__c:false, Footage__c:false, Miles__c:false, Jobs__c:false, Hours__c:false, Delivery__c:100)]]","project":"0x6e1835d4","saveAndNew":2,"selectedUsers":"0x70934fd0","usersList":"0x24e5913c"}|0x718d1cea
02:47:15.0 (298424490)|HEAP_ALLOCATE|[65]|Bytes:5
02:47:15.0 (298441158)|VARIABLE_ASSIGNMENT|[65]|sc|null|
02:47:15.0 (298446442)|STATEMENT_EXECUTE|[65]
02:47:15.0 (298448409)|STATEMENT_EXECUTE|[71]
02:47:15.0 (298541859)|HEAP_ALLOCATE|[EXTERNAL]|Bytes:4
02:47:15.0 (298556569)|STATEMENT_EXECUTE|[73]
02:47:15.0 (298557878)|STATEMENT_EXECUTE|[74]
02:47:15.0 (298565994)|HEAP_ALLOCATE|[74]|Bytes:20
02:47:15.0 (298610211)|SYSTEM_MODE_EXIT|false
02:47:15.319 (319492453)|SYSTEM_MODE_ENTER|true
02:47:15.319 (319548910)|HEAP_ALLOCATE|[EXTERNAL]|Bytes:8
02:47:15.319 (319563690)|VARIABLE_SCOPE_BEGIN|[1]|this|ApexPage.PageMessagesComponentController|true|false
02:47:15.319 (319613113)|VARIABLE_ASSIGNMENT|[1]|this|{}|0x19e6490f
02:47:15.319 (319836473)|SYSTEM_MODE_ENTER|true
02:47:15.319 (319921622)|HEAP_ALLOCATE|[EXTERNAL]|Bytes:8
02:47:15.319 (319934644)|VARIABLE_SCOPE_BEGIN|[88]|this|ApexPage.PageMessagesComponentController|true|false
02:47:15.319 (319965124)|VARIABLE_ASSIGNMENT|[88]|this|{}|0x19e6490f
02:47:15.319 (319975896)|VARIABLE_SCOPE_BEGIN|[88]|escape|Boolean|false|false
02:47:15.319 (319986996)|VARIABLE_ASSIGNMENT|[88]|escape|null
02:47:15.320 (320213374)|SYSTEM_MODE_ENTER|true
02:47:15.320 (320265469)|HEAP_ALLOCATE|[EXTERNAL]|Bytes:8
02:47:15.320 (320275648)|VARIABLE_SCOPE_BEGIN|[2]|this|ApexPage.PageMessagesComponentController|true|false
02:47:15.320 (320305194)|VARIABLE_ASSIGNMENT|[2]|this|{}|0x19e6490f
02:47:15.0 (325743493)|SYSTEM_MODE_ENTER|true
02:47:15.0 (325779959)|HEAP_ALLOCATE|[EXTERNAL]|Bytes:20
02:47:15.0 (325789502)|VARIABLE_SCOPE_BEGIN|[5]|this|MultiselectController|true|false
02:47:15.0 (325815787)|VARIABLE_ASSIGNMENT|[5]|this|{}|0x6d44d64d
02:47:15.0 (325833498)|SYSTEM_MODE_ENTER|false
02:47:15.0 (325842144)|HEAP_ALLOCATE|[EXTERNAL]|Bytes:5
02:47:15.0 (325865040)|SYSTEM_MODE_EXIT|false
02:47:15.0 (325871409)|STATEMENT_EXECUTE|[5]
02:47:15.0 (325878014)|SYSTEM_MODE_ENTER|false
02:47:15.0 (325882451)|HEAP_ALLOCATE|[EXTERNAL]|Bytes:5
02:47:15.0 (325885742)|STATEMENT_EXECUTE|[7]
02:47:15.0 (325886838)|STATEMENT_EXECUTE|[8]
02:47:15.0 (325887956)|STATEMENT_EXECUTE|[23]
02:47:15.0 (325889156)|STATEMENT_EXECUTE|[31]
02:47:15.0 (325891238)|SYSTEM_MODE_EXIT|false
02:47:15.0 (326014116)|SYSTEM_MODE_ENTER|true
02:47:15.0 (326046142)|HEAP_ALLOCATE|[EXTERNAL]|Bytes:24
02:47:15.0 (326052650)|VARIABLE_SCOPE_BEGIN|[16]|this|Project_PM_Controller|true|false
02:47:15.0 (326242274)|VARIABLE_ASSIGNMENT|[16]|this|{"controller":"StandardController [[Project__c (Client__c:a047F000002zkUjQAI, Company_project_code__c:321651, Name:8354, Units__c:false, Nodes__c:false, Footage__c:false, Miles__c:false, Jobs__c:false, Hours__c:false, Delivery__c:100)]]","project":"0x6e1835d4","saveAndNew":2,"selectedUsers":"0x70934fd0","usersList":"0x24e5913c"}|0x718d1cea
02:47:15.0 (326268842)|SYSTEM_MODE_ENTER|false
02:47:15.0 (326275149)|HEAP_ALLOCATE|[17]|Bytes:5
02:47:15.0 (326280183)|STATEMENT_EXECUTE|[16]
02:47:15.0 (326281514)|STATEMENT_EXECUTE|[17]
02:47:15.0 (326295259)|HEAP_ALLOCATE|[17]|Bytes:4
02:47:15.0 (326504487)|SOQL_EXECUTE_BEGIN|[17]|Aggregations:0|SELECT Id, Name FROM User WHERE UserRoleId = '00E7F000000Mdri'
02:47:15.0 (330783962)|SOQL_EXECUTE_END|[17]|Rows:6
02:47:15.0 (330804051)|HEAP_ALLOCATE|[17]|Bytes:28
02:47:15.0 (330824522)|HEAP_ALLOCATE|[17]|Bytes:271
02:47:15.0 (330859709)|HEAP_ALLOCATE|[17]|Bytes:28
02:47:15.0 (330871762)|VARIABLE_SCOPE_BEGIN|[17]|users|List<User>|true|false
02:47:15.0 (330888562)|VARIABLE_ASSIGNMENT|[17]|users|"List of size 6 too large to display"|0x30d7f8c3
02:47:15.0 (330917604)|HEAP_ALLOCATE|[18]|Bytes:5
02:47:15.0 (330931802)|HEAP_ALLOCATE|[18]|Bytes:12
02:47:15.0 (330941016)|VARIABLE_SCOPE_BEGIN|[18]|usr|User|true|false
02:47:15.0 (330957016)|VARIABLE_ASSIGNMENT|[18]|usr|{"Id":"0057F000000TpdFQAS","Name":"Mani Sasank"}|0x34a07a17
02:47:15.0 (330963043)|STATEMENT_EXECUTE|[18]
02:47:15.0 (330964410)|STATEMENT_EXECUTE|[19]
02:47:15.0 (330980748)|HEAP_ALLOCATE|[19]|Bytes:18
02:47:15.0 (331002846)|HEAP_ALLOCATE|[EXTERNAL]|Bytes:4
02:47:15.0 (331016685)|HEAP_ALLOCATE|[18]|Bytes:5
02:47:15.0 (331025721)|HEAP_ALLOCATE|[18]|Bytes:12
02:47:15.0 (331031322)|VARIABLE_SCOPE_BEGIN|[18]|usr|User|true|false
02:47:15.0 (331042556)|VARIABLE_ASSIGNMENT|[18]|usr|{"Id":"0057F000000TrBBQA0","Name":"Santhosh"}|0x9bdb623
02:47:15.0 (331047451)|STATEMENT_EXECUTE|[18]
02:47:15.0 (331048614)|STATEMENT_EXECUTE|[19]
02:47:15.0 (331056211)|HEAP_ALLOCATE|[19]|Bytes:18
02:47:15.0 (331067555)|HEAP_ALLOCATE|[EXTERNAL]|Bytes:4
02:47:15.0 (331080471)|HEAP_ALLOCATE|[18]|Bytes:5
02:47:15.0 (331088831)|HEAP_ALLOCATE|[18]|Bytes:12
02:47:15.0 (331093735)|VARIABLE_SCOPE_BEGIN|[18]|usr|User|true|false
02:47:15.0 (331104627)|VARIABLE_ASSIGNMENT|[18]|usr|{"Id":"0057F000000TrBGQA0","Name":"Ravi teja"}|0x3842b0fb
02:47:15.0 (331109247)|STATEMENT_EXECUTE|[18]
02:47:15.0 (331110299)|STATEMENT_EXECUTE|[19]
02:47:15.0 (331121237)|HEAP_ALLOCATE|[19]|Bytes:18
02:47:15.0 (331132078)|HEAP_ALLOCATE|[EXTERNAL]|Bytes:4
02:47:15.0 (331141566)|HEAP_ALLOCATE|[18]|Bytes:5
02:47:15.0 (331149243)|HEAP_ALLOCATE|[18]|Bytes:12
02:47:15.0 (331153739)|VARIABLE_SCOPE_BEGIN|[18]|usr|User|true|false
02:47:15.0 (331163414)|VARIABLE_ASSIGNMENT|[18]|usr|{"Id":"0057F000000TrBVQA0","Name":"Yashwanth"}|0x74a468e6
02:47:15.0 (331167696)|STATEMENT_EXECUTE|[18]
02:47:15.0 (331168711)|STATEMENT_EXECUTE|[19]
02:47:15.0 (331174884)|HEAP_ALLOCATE|[19]|Bytes:18
02:47:15.0 (331187357)|HEAP_ALLOCATE|[EXTERNAL]|Bytes:4
02:47:15.0 (331196989)|HEAP_ALLOCATE|[18]|Bytes:5
02:47:15.0 (331204327)|HEAP_ALLOCATE|[18]|Bytes:12
02:47:15.0 (331208918)|VARIABLE_SCOPE_BEGIN|[18]|usr|User|true|false
02:47:15.0 (331218384)|VARIABLE_ASSIGNMENT|[18]|usr|{"Id":"0057F000000Tz0iQAC","Name":"Richa"}|0x4363c4a7
02:47:15.0 (331222753)|STATEMENT_EXECUTE|[18]
02:47:15.0 (331223730)|STATEMENT_EXECUTE|[19]
02:47:15.0 (331229856)|HEAP_ALLOCATE|[19]|Bytes:18
02:47:15.0 (331239165)|HEAP_ALLOCATE|[EXTERNAL]|Bytes:4
02:47:15.0 (331247871)|HEAP_ALLOCATE|[18]|Bytes:5
02:47:15.0 (331254610)|HEAP_ALLOCATE|[18]|Bytes:12
02:47:15.0 (331259188)|VARIABLE_SCOPE_BEGIN|[18]|usr|User|true|false
02:47:15.0 (331268340)|VARIABLE_ASSIGNMENT|[18]|usr|{"Id":"0057F000000Tz0sQAC","Name":"Veeresh"}|0x270b6e46
02:47:15.0 (331272837)|STATEMENT_EXECUTE|[18]
02:47:15.0 (331273848)|STATEMENT_EXECUTE|[19]
02:47:15.0 (331279434)|HEAP_ALLOCATE|[19]|Bytes:18
02:47:15.0 (331288453)|HEAP_ALLOCATE|[EXTERNAL]|Bytes:4
02:47:15.0 (331297140)|HEAP_ALLOCATE|[18]|Bytes:5
02:47:15.0 (331305905)|VARIABLE_ASSIGNMENT|[18]|usr|null|
02:47:15.0 (331310401)|STATEMENT_EXECUTE|[21]
02:47:15.0 (331314393)|SYSTEM_MODE_EXIT|false
02:47:15.0 (331411741)|SYSTEM_MODE_ENTER|true
02:47:15.0 (331464396)|HEAP_ALLOCATE|[EXTERNAL]|Bytes:124
02:47:15.0 (331469846)|HEAP_ALLOCATE|[EXTERNAL]|Bytes:20
02:47:15.0 (331482996)|VARIABLE_ASSIGNMENT|[EXTERNAL]|this.leftOptions|"List of size 30 too large to display"|0x6d44d64d
02:47:15.0 (331575446)|SYSTEM_MODE_ENTER|true
02:47:15.0 (331627050)|SYSTEM_MODE_ENTER|true
02:47:15.0 (331655116)|HEAP_ALLOCATE|[EXTERNAL]|Bytes:4
02:47:15.0 (331659997)|HEAP_ALLOCATE|[EXTERNAL]|Bytes:20
02:47:15.0 (331669543)|VARIABLE_ASSIGNMENT|[EXTERNAL]|this.rightOptions|[]|0x6d44d64d
02:47:15.0 (331776877)|SYSTEM_MODE_ENTER|true
02:47:15.0 (332134516)|SYSTEM_MODE_ENTER|true
02:47:15.346 (346404029)|SYSTEM_MODE_ENTER|true
02:47:15.346 (346478587)|HEAP_ALLOCATE|[EXTERNAL]|Bytes:8
02:47:15.346 (346490317)|VARIABLE_SCOPE_BEGIN|[88]|this|ApexPage.PageMessagesComponentController|true|false
02:47:15.346 (346523542)|VARIABLE_ASSIGNMENT|[88]|this|{}|0x19e6490f
02:47:15.346 (346529989)|VARIABLE_SCOPE_BEGIN|[88]|escape|Boolean|false|false
02:47:15.346 (346537169)|VARIABLE_ASSIGNMENT|[88]|escape|null
02:47:15.346 (346673098)|SYSTEM_MODE_ENTER|true
02:47:15.346 (346705630)|HEAP_ALLOCATE|[EXTERNAL]|Bytes:8
02:47:15.346 (346712103)|VARIABLE_SCOPE_BEGIN|[2]|this|ApexPage.PageMessagesComponentController|true|false
02:47:15.346 (346729873)|VARIABLE_ASSIGNMENT|[2]|this|{}|0x19e6490f
02:47:15.0 (353210660)|SYSTEM_MODE_ENTER|true
02:47:15.0 (353270874)|HEAP_ALLOCATE|[EXTERNAL]|Bytes:124
02:47:15.0 (353277244)|HEAP_ALLOCATE|[EXTERNAL]|Bytes:20
02:47:15.0 (353291997)|VARIABLE_ASSIGNMENT|[EXTERNAL]|this.leftOptions|"List of size 30 too large to display"|0x6d44d64d
02:47:15.0 (353374789)|SYSTEM_MODE_ENTER|true
02:47:15.0 (353404503)|HEAP_ALLOCATE|[EXTERNAL]|Bytes:4
02:47:15.0 (353409115)|HEAP_ALLOCATE|[EXTERNAL]|Bytes:20
02:47:15.0 (353418616)|VARIABLE_ASSIGNMENT|[EXTERNAL]|this.rightOptions|[]|0x6d44d64d
02:47:15.0 (353982515)|SYSTEM_MODE_ENTER|true
02:47:15.0 (355418095)|SYSTEM_MODE_ENTER|true
02:47:15.0 (356220761)|SYSTEM_MODE_ENTER|true
02:47:15.0 (356319275)|SYSTEM_MODE_ENTER|true
02:47:15.0 (361886359)|VF_SERIALIZE_VIEWSTATE_BEGIN|0667F000004uJm5
02:47:15.0 (365427952)|VF_SERIALIZE_VIEWSTATE_END
02:47:15.367 (367691176)|CUMULATIVE_LIMIT_USAGE
02:47:15.367 (367691176)|LIMIT_USAGE_FOR_NS|(default)|
  Number of SOQL queries: 2 out of 100
  Number of query rows: 12 out of 50000
  Number of SOSL queries: 0 out of 20
  Number of DML statements: 1 out of 150
  Number of DML rows: 1 out of 10000
  Maximum CPU time: 63 out of 10000
  Maximum heap size: 0 out of 6000000
  Number of callouts: 0 out of 100
  Number of Email Invocations: 0 out of 10
  Number of future calls: 0 out of 50
  Number of queueable jobs added to the queue: 0 out of 50
  Number of Mobile Apex push calls: 0 out of 10

02:47:15.367 (367691176)|CUMULATIVE_LIMIT_USAGE_END

02:47:15.0 (367742736)|CODE_UNIT_FINISHED|VF: /apex/PM_Project_New
02:47:15.0 (368627702)|EXECUTION_FINISHED
