36.0 APEX_CODE,FINEST;APEX_PROFILING,INFO;CALLOUT,INFO;DB,INFO;SYSTEM,DEBUG;VALIDATION,INFO;VISUALFORCE,INFO;WAVE,INFO;WORKFLOW,INFO
00:27:45.0 (258090)|USER_INFO|[EXTERNAL]|0057F000000Tiz6|ksb994@salesforce.com|Pacific Standard Time|GMT-08:00
00:27:45.0 (285371)|EXECUTION_STARTED
00:27:45.0 (289467)|CODE_UNIT_STARTED|[EXTERNAL]|0667F000004uJm5|VF: /apex/PM_Project_New
00:27:45.0 (714494)|VF_DESERIALIZE_VIEWSTATE_BEGIN|0667F000004uJm5
00:27:45.0 (14650279)|HEAP_ALLOCATE|[72]|Bytes:3
00:27:45.0 (14687660)|HEAP_ALLOCATE|[77]|Bytes:152
00:27:45.0 (14702745)|HEAP_ALLOCATE|[342]|Bytes:408
00:27:45.0 (14718792)|HEAP_ALLOCATE|[355]|Bytes:408
00:27:45.0 (14734749)|HEAP_ALLOCATE|[467]|Bytes:48
00:27:45.0 (14759549)|HEAP_ALLOCATE|[139]|Bytes:6
00:27:45.0 (18981250)|VF_DESERIALIZE_VIEWSTATE_END
00:27:45.23 (23104997)|SYSTEM_MODE_ENTER|true
00:27:45.23 (23165377)|HEAP_ALLOCATE|[EXTERNAL]|Bytes:38
00:27:45.23 (23174183)|HEAP_ALLOCATE|[EXTERNAL]|Bytes:7
00:27:45.23 (23183222)|SYSTEM_METHOD_ENTRY|[1]|PageMessagesComponentController.PageMessagesComponentController()
00:27:45.23 (23187445)|STATEMENT_EXECUTE|[1]
00:27:45.23 (23907492)|SYSTEM_MODE_ENTER|true
00:27:45.23 (23951534)|HEAP_ALLOCATE|[EXTERNAL]|Bytes:8
00:27:45.23 (23959209)|VARIABLE_SCOPE_BEGIN|[88]|this|ApexPage.PageMessagesComponentController|true|false
00:27:45.23 (23992964)|VARIABLE_ASSIGNMENT|[88]|this|{}|0x18ec8784
00:27:45.23 (23998516)|VARIABLE_SCOPE_BEGIN|[88]|escape|Boolean|false|false
00:27:45.23 (24005802)|VARIABLE_ASSIGNMENT|[88]|escape|null
00:27:45.0 (46511155)|SYSTEM_MODE_ENTER|true
00:27:45.0 (46550810)|HEAP_ALLOCATE|[EXTERNAL]|Bytes:164
00:27:45.0 (46562362)|HEAP_ALLOCATE|[EXTERNAL]|Bytes:12
00:27:45.0 (46574170)|METHOD_ENTRY|[5]|01p7F00000Ehg8E|MultiselectController.MultiselectController()
00:27:45.0 (46578948)|STATEMENT_EXECUTE|[5]
00:27:45.0 (46584709)|STATEMENT_EXECUTE|[5]
00:27:45.0 (46599328)|SYSTEM_MODE_ENTER|false
00:27:45.0 (46609463)|HEAP_ALLOCATE|[EXTERNAL]|Bytes:5
00:27:45.0 (46617806)|SYSTEM_MODE_EXIT|false
00:27:45.0 (46626122)|METHOD_EXIT|[5]|MultiselectController
00:27:45.0 (46769430)|SYSTEM_MODE_ENTER|true
00:27:45.0 (47034196)|SYSTEM_MODE_ENTER|true
00:27:45.0 (47253482)|HEAP_ALLOCATE|[EXTERNAL]|Bytes:92
00:27:45.0 (47261806)|HEAP_ALLOCATE|[EXTERNAL]|Bytes:9
00:27:45.0 (47273380)|METHOD_ENTRY|[1]|01p7F00000EhPEd|Project_PM_Controller.Project_PM_Controller()
00:27:45.0 (47277541)|STATEMENT_EXECUTE|[1]
00:27:45.0 (47280450)|STATEMENT_EXECUTE|[1]
00:27:45.0 (47289441)|SYSTEM_MODE_ENTER|false
00:27:45.0 (47295257)|HEAP_ALLOCATE|[EXTERNAL]|Bytes:5
00:27:45.0 (47301550)|SYSTEM_MODE_EXIT|false
00:27:45.0 (47307321)|METHOD_EXIT|[1]|Project_PM_Controller
00:27:45.0 (47317045)|HEAP_ALLOCATE|[EXTERNAL]|Bytes:20
00:27:45.0 (47324093)|VARIABLE_SCOPE_BEGIN|[14]|this|Project_PM_Controller|true|false
00:27:45.0 (47517492)|VARIABLE_ASSIGNMENT|[14]|this|{"controller":"StandardController [[Project__c (]]","project":"0x267b208a","selectedUsers":"0xe35bf84","usersList":"0x7988aeb2"}|0x314f03eb
00:27:45.0 (47537348)|SYSTEM_MODE_ENTER|false
00:27:45.0 (47543291)|HEAP_ALLOCATE|[15]|Bytes:5
00:27:45.0 (47548103)|STATEMENT_EXECUTE|[14]
00:27:45.0 (47549273)|STATEMENT_EXECUTE|[15]
00:27:45.0 (47552334)|HEAP_ALLOCATE|[15]|Bytes:62
00:27:45.0 (47572955)|HEAP_ALLOCATE|[15]|Bytes:4
00:27:45.0 (48677813)|SOQL_EXECUTE_BEGIN|[15]|Aggregations:0|SELECT Id, Name FROM User WHERE UserRoleId = '00E7F000000Mdri'
00:27:45.0 (52508147)|SOQL_EXECUTE_END|[15]|Rows:6
00:27:45.0 (52526450)|HEAP_ALLOCATE|[15]|Bytes:28
00:27:45.0 (52546593)|HEAP_ALLOCATE|[15]|Bytes:271
00:27:45.0 (52617895)|HEAP_ALLOCATE|[15]|Bytes:28
00:27:45.0 (52631390)|VARIABLE_SCOPE_BEGIN|[15]|users|List<User>|true|false
00:27:45.0 (52647857)|VARIABLE_ASSIGNMENT|[15]|users|"List of size 6 too large to display"|0x588b30c6
00:27:45.0 (52788904)|HEAP_ALLOCATE|[16]|Bytes:5
00:27:45.0 (52806119)|HEAP_ALLOCATE|[16]|Bytes:12
00:27:45.0 (52814789)|VARIABLE_SCOPE_BEGIN|[16]|usr|User|true|false
00:27:45.0 (52829874)|VARIABLE_ASSIGNMENT|[16]|usr|{"Id":"0057F000000TpdFQAS","Name":"Mani Sasank"}|0x67525369
00:27:45.0 (52836079)|STATEMENT_EXECUTE|[16]
00:27:45.0 (52837368)|STATEMENT_EXECUTE|[17]
00:27:45.0 (52879139)|HEAP_ALLOCATE|[17]|Bytes:18
00:27:45.0 (52939400)|HEAP_ALLOCATE|[EXTERNAL]|Bytes:4
00:27:45.0 (52953859)|HEAP_ALLOCATE|[16]|Bytes:5
00:27:45.0 (52961788)|HEAP_ALLOCATE|[16]|Bytes:12
00:27:45.0 (52966956)|VARIABLE_SCOPE_BEGIN|[16]|usr|User|true|false
00:27:45.0 (52982031)|VARIABLE_ASSIGNMENT|[16]|usr|{"Id":"0057F000000TrBBQA0","Name":"Santhosh"}|0x1d13b2a6
00:27:45.0 (52987681)|STATEMENT_EXECUTE|[16]
00:27:45.0 (52988672)|STATEMENT_EXECUTE|[17]
00:27:45.0 (52997355)|HEAP_ALLOCATE|[17]|Bytes:18
00:27:45.0 (53008468)|HEAP_ALLOCATE|[EXTERNAL]|Bytes:4
00:27:45.0 (53023153)|HEAP_ALLOCATE|[16]|Bytes:5
00:27:45.0 (53030528)|HEAP_ALLOCATE|[16]|Bytes:12
00:27:45.0 (53034833)|VARIABLE_SCOPE_BEGIN|[16]|usr|User|true|false
00:27:45.0 (53044434)|VARIABLE_ASSIGNMENT|[16]|usr|{"Id":"0057F000000TrBGQA0","Name":"Ravi teja"}|0x51bce2a1
00:27:45.0 (53049401)|STATEMENT_EXECUTE|[16]
00:27:45.0 (53050312)|STATEMENT_EXECUTE|[17]
00:27:45.0 (53056105)|HEAP_ALLOCATE|[17]|Bytes:18
00:27:45.0 (53064773)|HEAP_ALLOCATE|[EXTERNAL]|Bytes:4
00:27:45.0 (53072184)|HEAP_ALLOCATE|[16]|Bytes:5
00:27:45.0 (53078294)|HEAP_ALLOCATE|[16]|Bytes:12
00:27:45.0 (53082116)|VARIABLE_SCOPE_BEGIN|[16]|usr|User|true|false
00:27:45.0 (53090857)|VARIABLE_ASSIGNMENT|[16]|usr|{"Id":"0057F000000TrBVQA0","Name":"Yashwanth"}|0x74954f18
00:27:45.0 (53095179)|STATEMENT_EXECUTE|[16]
00:27:45.0 (53096069)|STATEMENT_EXECUTE|[17]
00:27:45.0 (53100688)|HEAP_ALLOCATE|[17]|Bytes:18
00:27:45.0 (53107865)|HEAP_ALLOCATE|[EXTERNAL]|Bytes:4
00:27:45.0 (53115418)|HEAP_ALLOCATE|[16]|Bytes:5
00:27:45.0 (53121012)|HEAP_ALLOCATE|[16]|Bytes:12
00:27:45.0 (53125097)|VARIABLE_SCOPE_BEGIN|[16]|usr|User|true|false
00:27:45.0 (53132986)|VARIABLE_ASSIGNMENT|[16]|usr|{"Id":"0057F000000Tz0iQAC","Name":"Richa"}|0x12993f8
00:27:45.0 (53137251)|STATEMENT_EXECUTE|[16]
00:27:45.0 (53138541)|STATEMENT_EXECUTE|[17]
00:27:45.0 (53143342)|HEAP_ALLOCATE|[17]|Bytes:18
00:27:45.0 (53150549)|HEAP_ALLOCATE|[EXTERNAL]|Bytes:4
00:27:45.0 (53157582)|HEAP_ALLOCATE|[16]|Bytes:5
00:27:45.0 (53163167)|HEAP_ALLOCATE|[16]|Bytes:12
00:27:45.0 (53166939)|VARIABLE_SCOPE_BEGIN|[16]|usr|User|true|false
00:27:45.0 (53174992)|VARIABLE_ASSIGNMENT|[16]|usr|{"Id":"0057F000000Tz0sQAC","Name":"Veeresh"}|0x1af97f9
00:27:45.0 (53179268)|STATEMENT_EXECUTE|[16]
00:27:45.0 (53180229)|STATEMENT_EXECUTE|[17]
00:27:45.0 (53184589)|HEAP_ALLOCATE|[17]|Bytes:18
00:27:45.0 (53191681)|HEAP_ALLOCATE|[EXTERNAL]|Bytes:4
00:27:45.0 (53199397)|HEAP_ALLOCATE|[16]|Bytes:5
00:27:45.0 (53207492)|VARIABLE_ASSIGNMENT|[16]|usr|null|
00:27:45.0 (53211762)|STATEMENT_EXECUTE|[19]
00:27:45.0 (53216737)|SYSTEM_MODE_EXIT|false
00:27:45.0 (53318486)|SYSTEM_MODE_ENTER|true
00:27:45.0 (53366621)|HEAP_ALLOCATE|[EXTERNAL]|Bytes:52
00:27:45.0 (53374559)|HEAP_ALLOCATE|[EXTERNAL]|Bytes:20
00:27:45.0 (53387079)|VARIABLE_ASSIGNMENT|[EXTERNAL]|this.leftOptions|"List of size 12 too large to display"|0x35a85c43
00:27:45.0 (53464637)|SYSTEM_MODE_ENTER|true
00:27:45.0 (53522493)|SYSTEM_MODE_ENTER|true
00:27:45.0 (53547888)|HEAP_ALLOCATE|[EXTERNAL]|Bytes:4
00:27:45.0 (53552026)|HEAP_ALLOCATE|[EXTERNAL]|Bytes:20
00:27:45.0 (53560596)|VARIABLE_ASSIGNMENT|[EXTERNAL]|this.rightOptions|[]|0x35a85c43
00:27:45.0 (64185799)|SYSTEM_MODE_ENTER|true
00:27:45.0 (64254617)|SYSTEM_MODE_ENTER|true
00:27:45.65 (65631070)|SYSTEM_MODE_ENTER|true
00:27:45.65 (65685431)|HEAP_ALLOCATE|[EXTERNAL]|Bytes:8
00:27:45.65 (65696354)|VARIABLE_SCOPE_BEGIN|[88]|this|ApexPage.PageMessagesComponentController|true|false
00:27:45.65 (65722463)|VARIABLE_ASSIGNMENT|[88]|this|{}|0x18ec8784
00:27:45.65 (65728672)|VARIABLE_SCOPE_BEGIN|[88]|escape|Boolean|false|false
00:27:45.65 (65735364)|VARIABLE_ASSIGNMENT|[88]|escape|null
00:27:45.65 (65877331)|HEAP_ALLOCATE|[EXTERNAL]|Bytes:-4
00:27:45.66 (66257238)|HEAP_ALLOCATE|[EXTERNAL]|Bytes:-4
00:27:45.66 (66329521)|HEAP_ALLOCATE|[EXTERNAL]|Bytes:-4
00:27:45.0 (66795103)|SYSTEM_MODE_ENTER|true
00:27:45.0 (66847608)|HEAP_ALLOCATE|[EXTERNAL]|Bytes:20
00:27:45.0 (66854450)|HEAP_ALLOCATE|[EXTERNAL]|Bytes:51
00:27:45.0 (66881417)|VARIABLE_ASSIGNMENT|[EXTERNAL]|this|{"leftOptions":"0x7988aeb2","rightOptions":"0xe35bf84"}|0x35a85c43
00:27:45.0 (66891699)|VARIABLE_ASSIGNMENT|[EXTERNAL]|value|"0057F000000Tz0iQAC&R (31 more) ..."
00:27:45.0 (66906892)|SYSTEM_MODE_ENTER|false
00:27:45.0 (66914066)|HEAP_ALLOCATE|[24]|Bytes:5
00:27:45.0 (66918622)|STATEMENT_EXECUTE|[23]
00:27:45.0 (66919908)|STATEMENT_EXECUTE|[24]
00:27:45.0 (66929139)|VARIABLE_ASSIGNMENT|[24]|this.leftOptionsHidden|"0057F000000Tz0iQAC&R (31 more) ..."|0x35a85c43
00:27:45.0 (66933866)|STATEMENT_EXECUTE|[25]
00:27:45.0 (66991669)|VARIABLE_ASSIGNMENT|[EXTERNAL]|this|{"leftOptions":"0x7988aeb2","leftOptionsHidden":"0057F000000Tz0iQAC&R (31 more) ...","rightOptions":"0xe35bf84"}|0x35a85c43
00:27:45.0 (67026728)|METHOD_ENTRY|[25]|01p7F00000Ehg8E|MultiselectController.setOptions(List<System.SelectOption>, String)
00:27:45.0 (67034419)|VARIABLE_SCOPE_BEGIN|[12]|this|MultiselectController|true|false
00:27:45.0 (67050436)|VARIABLE_ASSIGNMENT|[12]|this|{"leftOptions":"0x7988aeb2","leftOptionsHidden":"0057F000000Tz0iQAC&R (31 more) ...","rightOptions":"0xe35bf84"}|0x35a85c43
00:27:45.0 (67056394)|VARIABLE_SCOPE_BEGIN|[12]|options|List<System.SelectOption>|true|false
00:27:45.0 (67065931)|VARIABLE_ASSIGNMENT|[12]|options|"List of size 12 too large to display"|0x7988aeb2
00:27:45.0 (67070246)|VARIABLE_SCOPE_BEGIN|[12]|value|String|false|false
00:27:45.0 (67076353)|VARIABLE_ASSIGNMENT|[12]|value|"0057F000000Tz0iQAC&R (31 more) ..."
00:27:45.0 (67088140)|HEAP_ALLOCATE|[13]|Bytes:5
00:27:45.0 (67092345)|STATEMENT_EXECUTE|[12]
00:27:45.0 (67093488)|STATEMENT_EXECUTE|[13]
00:27:45.0 (67121318)|STATEMENT_EXECUTE|[14]
00:27:45.0 (67124383)|HEAP_ALLOCATE|[14]|Bytes:1
00:27:45.0 (67178199)|HEAP_ALLOCATE|[14]|Bytes:18
00:27:45.0 (67182510)|HEAP_ALLOCATE|[14]|Bytes:5
00:27:45.0 (67184729)|HEAP_ALLOCATE|[14]|Bytes:18
00:27:45.0 (67186753)|HEAP_ALLOCATE|[14]|Bytes:7
00:27:45.0 (67189476)|HEAP_ALLOCATE|[14]|Bytes:20
00:27:45.0 (67198824)|VARIABLE_SCOPE_BEGIN|[14]|parts|List<String>|true|false
00:27:45.0 (67227166)|HEAP_ALLOCATE|[EXTERNAL]|Bytes:20
00:27:45.0 (67236621)|VARIABLE_ASSIGNMENT|[14]|parts|["0057F000000Tz0iQAC","Richa","0057F000000Tz0sQAC","Veeresh"]|0x75265889
00:27:45.0 (67242620)|STATEMENT_EXECUTE|[15]
00:27:45.0 (67247205)|VARIABLE_SCOPE_BEGIN|[15]|i|Integer|false|false
00:27:45.0 (67253781)|HEAP_ALLOCATE|[15]|Bytes:4
00:27:45.0 (67259189)|VARIABLE_ASSIGNMENT|[15]|i|0
00:27:45.0 (67285614)|STATEMENT_EXECUTE|[15]
00:27:45.0 (67286778)|STATEMENT_EXECUTE|[16]
00:27:45.0 (67297421)|HEAP_ALLOCATE|[16]|Bytes:18
00:27:45.0 (67302946)|HEAP_ALLOCATE|[16]|Bytes:5
00:27:45.0 (67357197)|HEAP_ALLOCATE|[16]|Bytes:15
00:27:45.0 (67367885)|SYSTEM_METHOD_ENTRY|[1]|EncodingUtil.EncodingUtil()
00:27:45.0 (67371135)|STATEMENT_EXECUTE|[1]
00:27:45.0 (67377538)|SYSTEM_METHOD_EXIT|[1]|EncodingUtil
00:27:45.0 (67387223)|METHOD_ENTRY|[16]||System.EncodingUtil.urlDecode(String, String)
00:27:45.0 (67430741)|METHOD_EXIT|[16]||System.EncodingUtil.urlDecode(String, String)
00:27:45.0 (67439131)|HEAP_ALLOCATE|[17]|Bytes:5
00:27:45.0 (67445641)|METHOD_ENTRY|[17]||System.EncodingUtil.urlDecode(String, String)
00:27:45.0 (67463357)|METHOD_EXIT|[17]||System.EncodingUtil.urlDecode(String, String)
00:27:45.0 (67485511)|HEAP_ALLOCATE|[EXTERNAL]|Bytes:4
00:27:45.0 (67491758)|HEAP_ALLOCATE|[15]|Bytes:4
00:27:45.0 (67497602)|VARIABLE_ASSIGNMENT|[15]|i|1
00:27:45.0 (67508610)|STATEMENT_EXECUTE|[15]
00:27:45.0 (67509747)|STATEMENT_EXECUTE|[16]
00:27:45.0 (67513431)|HEAP_ALLOCATE|[16]|Bytes:18
00:27:45.0 (67519091)|METHOD_ENTRY|[16]||System.EncodingUtil.urlDecode(String, String)
00:27:45.0 (67533221)|METHOD_EXIT|[16]||System.EncodingUtil.urlDecode(String, String)
00:27:45.0 (67537625)|HEAP_ALLOCATE|[17]|Bytes:7
00:27:45.0 (67541645)|METHOD_ENTRY|[17]||System.EncodingUtil.urlDecode(String, String)
00:27:45.0 (67553218)|METHOD_EXIT|[17]||System.EncodingUtil.urlDecode(String, String)
00:27:45.0 (67560668)|HEAP_ALLOCATE|[EXTERNAL]|Bytes:4
00:27:45.0 (67564950)|HEAP_ALLOCATE|[15]|Bytes:4
00:27:45.0 (67569009)|VARIABLE_ASSIGNMENT|[15]|i|2
00:27:45.0 (67583578)|METHOD_EXIT|[25]|01p7F00000Ehg8E|MultiselectController.setOptions(List<System.SelectOption>, String)
00:27:45.0 (67589190)|SYSTEM_MODE_EXIT|false
00:27:45.0 (67644649)|SYSTEM_MODE_ENTER|true
00:27:45.0 (67680846)|HEAP_ALLOCATE|[EXTERNAL]|Bytes:20
00:27:45.0 (67688784)|HEAP_ALLOCATE|[EXTERNAL]|Bytes:120
00:27:45.0 (67710845)|VARIABLE_ASSIGNMENT|[EXTERNAL]|this|{"leftOptions":"0x7988aeb2","leftOptionsHidden":"0057F000000Tz0iQAC&R (31 more) ...","rightOptions":"0xe35bf84"}|0x35a85c43
00:27:45.0 (67719417)|VARIABLE_ASSIGNMENT|[EXTERNAL]|value|"0057F000000TpdFQAS&M (100 more) ..."
00:27:45.0 (67732184)|SYSTEM_MODE_ENTER|false
00:27:45.0 (67740102)|HEAP_ALLOCATE|[32]|Bytes:5
00:27:45.0 (67744325)|STATEMENT_EXECUTE|[31]
00:27:45.0 (67745407)|STATEMENT_EXECUTE|[32]
00:27:45.0 (67753841)|VARIABLE_ASSIGNMENT|[32]|this.rightOptionsHidden|"0057F000000TpdFQAS&M (100 more) ..."|0x35a85c43
00:27:45.0 (67758336)|STATEMENT_EXECUTE|[33]
00:27:45.0 (67789117)|VARIABLE_ASSIGNMENT|[EXTERNAL]|this|{"leftOptions":"0x7988aeb2","leftOptionsHidden":"0057F000000Tz0iQAC&R (31 more) ...","rightOptions":"0xe35bf84","rightOptionsHidden":"0057F000000TpdFQAS&M (100 more) ..."}|0x35a85c43
00:27:45.0 (67804702)|METHOD_ENTRY|[33]|01p7F00000Ehg8E|MultiselectController.setOptions(List<System.SelectOption>, String)
00:27:45.0 (67809147)|VARIABLE_SCOPE_BEGIN|[12]|this|MultiselectController|true|false
00:27:45.0 (67824926)|VARIABLE_ASSIGNMENT|[12]|this|{"leftOptions":"0x7988aeb2","leftOptionsHidden":"0057F000000Tz0iQAC&R (31 more) ...","rightOptions":"0xe35bf84","rightOptionsHidden":"0057F000000TpdFQAS&M (100 more) ..."}|0x35a85c43
00:27:45.0 (67830288)|VARIABLE_SCOPE_BEGIN|[12]|options|List<System.SelectOption>|true|false
00:27:45.0 (67837259)|VARIABLE_ASSIGNMENT|[12]|options|[]|0xe35bf84
00:27:45.0 (67841014)|VARIABLE_SCOPE_BEGIN|[12]|value|String|false|false
00:27:45.0 (67846986)|VARIABLE_ASSIGNMENT|[12]|value|"0057F000000TpdFQAS&M (100 more) ..."
00:27:45.0 (67857990)|HEAP_ALLOCATE|[13]|Bytes:5
00:27:45.0 (67861473)|STATEMENT_EXECUTE|[12]
00:27:45.0 (67862428)|STATEMENT_EXECUTE|[13]
00:27:45.0 (67869217)|STATEMENT_EXECUTE|[14]
00:27:45.0 (67889629)|HEAP_ALLOCATE|[14]|Bytes:18
00:27:45.0 (67893242)|HEAP_ALLOCATE|[14]|Bytes:13
00:27:45.0 (67895414)|HEAP_ALLOCATE|[14]|Bytes:18
00:27:45.0 (67897516)|HEAP_ALLOCATE|[14]|Bytes:8
00:27:45.0 (67899637)|HEAP_ALLOCATE|[14]|Bytes:18
00:27:45.0 (67901519)|HEAP_ALLOCATE|[14]|Bytes:11
00:27:45.0 (67903816)|HEAP_ALLOCATE|[14]|Bytes:18
00:27:45.0 (67905843)|HEAP_ALLOCATE|[14]|Bytes:9
00:27:45.0 (67908147)|HEAP_ALLOCATE|[14]|Bytes:36
00:27:45.0 (67916295)|VARIABLE_SCOPE_BEGIN|[14]|parts|List<String>|true|false
00:27:45.0 (67934948)|HEAP_ALLOCATE|[EXTERNAL]|Bytes:36
00:27:45.0 (67942508)|VARIABLE_ASSIGNMENT|[14]|parts|"List of size 8 too large to display"|0x2f104c14
00:27:45.0 (67948241)|STATEMENT_EXECUTE|[15]
00:27:45.0 (67950830)|VARIABLE_SCOPE_BEGIN|[15]|i|Integer|false|false
00:27:45.0 (67956450)|HEAP_ALLOCATE|[15]|Bytes:4
00:27:45.0 (67960404)|VARIABLE_ASSIGNMENT|[15]|i|0
00:27:45.0 (67970996)|STATEMENT_EXECUTE|[15]
00:27:45.0 (67971966)|STATEMENT_EXECUTE|[16]
00:27:45.0 (67976773)|HEAP_ALLOCATE|[16]|Bytes:18
00:27:45.0 (67983173)|METHOD_ENTRY|[16]||System.EncodingUtil.urlDecode(String, String)
00:27:45.0 (68000888)|METHOD_EXIT|[16]||System.EncodingUtil.urlDecode(String, String)
00:27:45.0 (68007138)|HEAP_ALLOCATE|[17]|Bytes:13
00:27:45.0 (68011877)|METHOD_ENTRY|[17]||System.EncodingUtil.urlDecode(String, String)
00:27:45.0 (68032242)|METHOD_EXIT|[17]||System.EncodingUtil.urlDecode(String, String)
00:27:45.0 (68041568)|HEAP_ALLOCATE|[EXTERNAL]|Bytes:4
00:27:45.0 (68046596)|HEAP_ALLOCATE|[15]|Bytes:4
00:27:45.0 (68050749)|VARIABLE_ASSIGNMENT|[15]|i|1
00:27:45.0 (68059511)|STATEMENT_EXECUTE|[15]
00:27:45.0 (68060479)|STATEMENT_EXECUTE|[16]
00:27:45.0 (68063711)|HEAP_ALLOCATE|[16]|Bytes:18
00:27:45.0 (68068270)|METHOD_ENTRY|[16]||System.EncodingUtil.urlDecode(String, String)
00:27:45.0 (68081970)|METHOD_EXIT|[16]||System.EncodingUtil.urlDecode(String, String)
00:27:45.0 (68086466)|HEAP_ALLOCATE|[17]|Bytes:8
00:27:45.0 (68090333)|METHOD_ENTRY|[17]||System.EncodingUtil.urlDecode(String, String)
00:27:45.0 (68101839)|METHOD_EXIT|[17]||System.EncodingUtil.urlDecode(String, String)
00:27:45.0 (68107851)|HEAP_ALLOCATE|[EXTERNAL]|Bytes:4
00:27:45.0 (68111950)|HEAP_ALLOCATE|[15]|Bytes:4
00:27:45.0 (68115859)|VARIABLE_ASSIGNMENT|[15]|i|2
00:27:45.0 (68124319)|STATEMENT_EXECUTE|[15]
00:27:45.0 (68125426)|STATEMENT_EXECUTE|[16]
00:27:45.0 (68128254)|HEAP_ALLOCATE|[16]|Bytes:18
00:27:45.0 (68132769)|METHOD_ENTRY|[16]||System.EncodingUtil.urlDecode(String, String)
00:27:45.0 (68144892)|METHOD_EXIT|[16]||System.EncodingUtil.urlDecode(String, String)
00:27:45.0 (68148495)|HEAP_ALLOCATE|[17]|Bytes:11
00:27:45.0 (68152330)|METHOD_ENTRY|[17]||System.EncodingUtil.urlDecode(String, String)
00:27:45.0 (68163950)|METHOD_EXIT|[17]||System.EncodingUtil.urlDecode(String, String)
00:27:45.0 (68169590)|HEAP_ALLOCATE|[EXTERNAL]|Bytes:4
00:27:45.0 (68174217)|HEAP_ALLOCATE|[15]|Bytes:4
00:27:45.0 (68177747)|VARIABLE_ASSIGNMENT|[15]|i|3
00:27:45.0 (68185481)|STATEMENT_EXECUTE|[15]
00:27:45.0 (68186639)|STATEMENT_EXECUTE|[16]
00:27:45.0 (68189276)|HEAP_ALLOCATE|[16]|Bytes:18
00:27:45.0 (68193468)|METHOD_ENTRY|[16]||System.EncodingUtil.urlDecode(String, String)
00:27:45.0 (68205587)|METHOD_EXIT|[16]||System.EncodingUtil.urlDecode(String, String)
00:27:45.0 (68209630)|HEAP_ALLOCATE|[17]|Bytes:9
00:27:45.0 (68213127)|METHOD_ENTRY|[17]||System.EncodingUtil.urlDecode(String, String)
00:27:45.0 (68226187)|METHOD_EXIT|[17]||System.EncodingUtil.urlDecode(String, String)
00:27:45.0 (68231966)|HEAP_ALLOCATE|[EXTERNAL]|Bytes:4
00:27:45.0 (68236505)|HEAP_ALLOCATE|[15]|Bytes:4
00:27:45.0 (68240237)|VARIABLE_ASSIGNMENT|[15]|i|4
00:27:45.0 (68251928)|METHOD_EXIT|[33]|01p7F00000Ehg8E|MultiselectController.setOptions(List<System.SelectOption>, String)
00:27:45.0 (68256923)|SYSTEM_MODE_EXIT|false
00:27:45.0 (68351934)|SYSTEM_MODE_ENTER|true
00:27:45.0 (68386184)|HEAP_ALLOCATE|[EXTERNAL]|Bytes:12
00:27:45.0 (68390639)|HEAP_ALLOCATE|[EXTERNAL]|Bytes:20
00:27:45.0 (68485728)|VARIABLE_ASSIGNMENT|[EXTERNAL]|this.leftOptions|"common.apex.runtime.impl.ScalarList@56b0c9fe"|0x35a85c43
00:27:45.0 (68561795)|SYSTEM_MODE_ENTER|true
00:27:45.0 (68591035)|HEAP_ALLOCATE|[EXTERNAL]|Bytes:20
00:27:45.0 (68595011)|HEAP_ALLOCATE|[EXTERNAL]|Bytes:20
00:27:45.0 (68651031)|VARIABLE_ASSIGNMENT|[EXTERNAL]|this.rightOptions|"common.apex.runtime.impl.ScalarList@7728b234"|0x35a85c43
00:27:45.68 (68776214)|HEAP_ALLOCATE|[EXTERNAL]|Bytes:-4
00:27:45.68 (68861747)|HEAP_ALLOCATE|[EXTERNAL]|Bytes:-4
00:27:45.68 (68936894)|HEAP_ALLOCATE|[EXTERNAL]|Bytes:-4
00:27:45.69 (69006527)|HEAP_ALLOCATE|[EXTERNAL]|Bytes:-4
00:27:45.69 (69083835)|HEAP_ALLOCATE|[EXTERNAL]|Bytes:-4
00:27:45.69 (69151811)|HEAP_ALLOCATE|[EXTERNAL]|Bytes:-4
00:27:45.69 (69228940)|HEAP_ALLOCATE|[EXTERNAL]|Bytes:-4
00:27:45.0 (69553067)|HEAP_ALLOCATE|[EXTERNAL]|Bytes:20
00:27:45.0 (69565065)|VARIABLE_SCOPE_BEGIN|[22]|this|Project_PM_Controller|true|false
00:27:45.0 (69700621)|VARIABLE_ASSIGNMENT|[22]|this|{"controller":"StandardController [[Project__c (Client__c:a047F000002zkUjQAI, Company_project_code__c:oiuio, Name:poilk, Units__c:false, Nodes__c:false, Footage__c:false, Miles__c:false, Jobs__c:false, Hours__c:false, Production__c:100)]]","project":"0x267b208a","selectedUsers":"0xe35bf84","usersList":"0x7988aeb2"}|0x314f03eb
00:27:45.0 (69722600)|SYSTEM_MODE_ENTER|false
00:27:45.0 (69729793)|HEAP_ALLOCATE|[23]|Bytes:5
00:27:45.0 (69734613)|STATEMENT_EXECUTE|[22]
00:27:45.0 (69735808)|STATEMENT_EXECUTE|[23]
00:27:45.0 (69762421)|HEAP_ALLOCATE|[23]|Bytes:4
00:27:45.0 (69853376)|VARIABLE_SCOPE_BEGIN|[23]|newProject|Project__c|true|false
00:27:45.0 (69868876)|VARIABLE_ASSIGNMENT|[23]|newProject|{}|0x626bb441
00:27:45.0 (69873516)|STATEMENT_EXECUTE|[24]
00:27:45.0 (69949765)|VARIABLE_ASSIGNMENT|[24]|this.Client__c|"a047F000002zkUjQAI"|0x626bb441
00:27:45.0 (69956499)|STATEMENT_EXECUTE|[25]
00:27:45.0 (69978712)|VARIABLE_ASSIGNMENT|[25]|this.End_Customer__c|null|0x626bb441
00:27:45.0 (69983758)|STATEMENT_EXECUTE|[26]
00:27:45.0 (69999247)|VARIABLE_ASSIGNMENT|[26]|this.Operation_Region__c|null|0x626bb441
00:27:45.0 (70003894)|STATEMENT_EXECUTE|[27]
00:27:45.0 (70024273)|VARIABLE_ASSIGNMENT|[27]|this.Work_Region__c|null|0x626bb441
00:27:45.0 (70028780)|STATEMENT_EXECUTE|[28]
00:27:45.0 (70044779)|VARIABLE_ASSIGNMENT|[28]|this.Client_Project_Manager__c|null|0x626bb441
00:27:45.0 (70049721)|STATEMENT_EXECUTE|[29]
00:27:45.0 (70063954)|VARIABLE_ASSIGNMENT|[29]|this.Project_code__c|null|0x626bb441
00:27:45.0 (70068568)|STATEMENT_EXECUTE|[30]
00:27:45.0 (70088737)|VARIABLE_ASSIGNMENT|[30]|this.Company_project_code__c|"oiuio"|0x626bb441
00:27:45.0 (70093549)|STATEMENT_EXECUTE|[31]
00:27:45.0 (70120926)|VARIABLE_ASSIGNMENT|[31]|this.Name|"poilk"|0x626bb441
00:27:45.0 (70126300)|STATEMENT_EXECUTE|[32]
00:27:45.0 (70142965)|VARIABLE_ASSIGNMENT|[32]|this.Project_Scope__c|null|0x626bb441
00:27:45.0 (70148108)|STATEMENT_EXECUTE|[33]
00:27:45.0 (70162654)|VARIABLE_ASSIGNMENT|[33]|this.Cost_Centre__c|null|0x626bb441
00:27:45.0 (70167263)|STATEMENT_EXECUTE|[34]
00:27:45.0 (70190707)|VARIABLE_ASSIGNMENT|[34]|this.OffshoreProjectManager__c|null|0x626bb441
00:27:45.0 (70196164)|STATEMENT_EXECUTE|[35]
00:27:45.0 (70216914)|VARIABLE_ASSIGNMENT|[35]|this.Team_Lead__c|null|0x626bb441
00:27:45.0 (70221852)|STATEMENT_EXECUTE|[36]
00:27:45.0 (70237706)|VARIABLE_ASSIGNMENT|[36]|this.Project_Start_Date__c|null|0x626bb441
00:27:45.0 (70242962)|STATEMENT_EXECUTE|[37]
00:27:45.0 (70257838)|VARIABLE_ASSIGNMENT|[37]|this.Project_End_Date__c|null|0x626bb441
00:27:45.0 (70262431)|STATEMENT_EXECUTE|[38]
00:27:45.0 (70285971)|VARIABLE_ASSIGNMENT|[38]|this.Units__c|false|0x626bb441
00:27:45.0 (70291247)|STATEMENT_EXECUTE|[39]
00:27:45.0 (70310926)|VARIABLE_ASSIGNMENT|[39]|this.Nodes__c|false|0x626bb441
00:27:45.0 (70315477)|STATEMENT_EXECUTE|[40]
00:27:45.0 (70334715)|VARIABLE_ASSIGNMENT|[40]|this.Footage__c|false|0x626bb441
00:27:45.0 (70339456)|STATEMENT_EXECUTE|[41]
00:27:45.0 (70359242)|VARIABLE_ASSIGNMENT|[41]|this.Miles__c|false|0x626bb441
00:27:45.0 (70363667)|STATEMENT_EXECUTE|[42]
00:27:45.0 (70382444)|VARIABLE_ASSIGNMENT|[42]|this.Jobs__c|false|0x626bb441
00:27:45.0 (70386891)|STATEMENT_EXECUTE|[43]
00:27:45.0 (70406229)|VARIABLE_ASSIGNMENT|[43]|this.Hours__c|false|0x626bb441
00:27:45.0 (70410846)|STATEMENT_EXECUTE|[44]
00:27:45.0 (70436205)|HEAP_ALLOCATE|[44]|Bytes:28
00:27:45.0 (70460208)|VARIABLE_ASSIGNMENT|[44]|this.Production__c|100|0x626bb441
00:27:45.0 (70465209)|STATEMENT_EXECUTE|[45]
00:27:45.0 (70482386)|VARIABLE_ASSIGNMENT|[45]|this.QC__c|null|0x626bb441
00:27:45.0 (70486962)|STATEMENT_EXECUTE|[46]
00:27:45.0 (70502495)|VARIABLE_ASSIGNMENT|[46]|this.QA__c|null|0x626bb441
00:27:45.0 (70506901)|STATEMENT_EXECUTE|[47]
00:27:45.0 (70523847)|VARIABLE_ASSIGNMENT|[47]|this.Delivery__c|null|0x626bb441
00:27:45.0 (70528395)|STATEMENT_EXECUTE|[49]
00:27:45.0 (70531063)|HEAP_ALLOCATE|[49]|Bytes:2
00:27:45.0 (70552914)|VARIABLE_ASSIGNMENT|[49]|this.Team__c|"  "|0x626bb441
00:27:45.0 (70666862)|VARIABLE_ASSIGNMENT|[EXTERNAL]|this|{"controller":"StandardController [[Project__c (Client__c:a047F000002zkUjQAI, Company_project_code__c:oiuio, Name:poilk, Units__c:false, Nodes__c:false, Footage__c:false, Miles__c:false, Jobs__c:false, Hours__c:false, Production__c:100)]]","project":"0x267b208a","selectedUsers":"0xe35bf84","usersList":"0x7988aeb2"}|0x314f03eb
00:27:45.0 (70705290)|HEAP_ALLOCATE|[50]|Bytes:5
00:27:45.0 (70720540)|HEAP_ALLOCATE|[50]|Bytes:29
00:27:45.0 (70728049)|VARIABLE_SCOPE_BEGIN|[50]|sc|System.SelectOption|true|false
00:27:45.0 (70780212)|VARIABLE_ASSIGNMENT|[50]|sc|"common.apex.runtime.impl.ApexSelectOptionValue@5cecce32"|0x3b43ae10
00:27:45.0 (70786614)|STATEMENT_EXECUTE|[50]
00:27:45.0 (70787714)|STATEMENT_EXECUTE|[51]
00:27:45.0 (70830504)|HEAP_ALLOCATE|[51]|Bytes:11
00:27:45.0 (70838761)|HEAP_ALLOCATE|[51]|Bytes:2
00:27:45.0 (70848983)|HEAP_ALLOCATE|[51]|Bytes:13
00:27:45.0 (70853151)|HEAP_ALLOCATE|[51]|Bytes:15
00:27:45.0 (70882147)|VARIABLE_ASSIGNMENT|[51]|this.Team__c|"  Mani Sasank, "|0x626bb441
00:27:45.0 (70895654)|HEAP_ALLOCATE|[50]|Bytes:5
00:27:45.0 (70905409)|HEAP_ALLOCATE|[50]|Bytes:26
00:27:45.0 (70910647)|VARIABLE_SCOPE_BEGIN|[50]|sc|System.SelectOption|true|false
00:27:45.0 (70960840)|VARIABLE_ASSIGNMENT|[50]|sc|"common.apex.runtime.impl.ApexSelectOptionValue@23b15e9"|0x727930a9
00:27:45.0 (70966755)|STATEMENT_EXECUTE|[50]
00:27:45.0 (70967781)|STATEMENT_EXECUTE|[51]
00:27:45.0 (70978271)|HEAP_ALLOCATE|[51]|Bytes:8
00:27:45.0 (70986171)|HEAP_ALLOCATE|[51]|Bytes:10
00:27:45.0 (70989614)|HEAP_ALLOCATE|[51]|Bytes:25
00:27:45.0 (71021516)|VARIABLE_ASSIGNMENT|[51]|this.Team__c|"  Mani Sasank, Santh (5 more) ..."|0x626bb441
00:27:45.0 (71034721)|HEAP_ALLOCATE|[50]|Bytes:5
00:27:45.0 (71043840)|HEAP_ALLOCATE|[50]|Bytes:27
00:27:45.0 (71048999)|VARIABLE_SCOPE_BEGIN|[50]|sc|System.SelectOption|true|false
00:27:45.0 (71096443)|VARIABLE_ASSIGNMENT|[50]|sc|"common.apex.runtime.impl.ApexSelectOptionValue@4bc8874e"|0x63e2441d
00:27:45.0 (71102546)|STATEMENT_EXECUTE|[50]
00:27:45.0 (71103566)|STATEMENT_EXECUTE|[51]
00:27:45.0 (71112181)|HEAP_ALLOCATE|[51]|Bytes:9
00:27:45.0 (71119225)|HEAP_ALLOCATE|[51]|Bytes:11
00:27:45.0 (71122707)|HEAP_ALLOCATE|[51]|Bytes:36
00:27:45.0 (71148741)|VARIABLE_ASSIGNMENT|[51]|this.Team__c|"  Mani Sasank, Santh (16 more) ..."|0x626bb441
00:27:45.0 (71159988)|HEAP_ALLOCATE|[50]|Bytes:5
00:27:45.0 (71167916)|HEAP_ALLOCATE|[50]|Bytes:27
00:27:45.0 (71172448)|VARIABLE_SCOPE_BEGIN|[50]|sc|System.SelectOption|true|false
00:27:45.0 (71218430)|VARIABLE_ASSIGNMENT|[50]|sc|"common.apex.runtime.impl.ApexSelectOptionValue@20b5cc0a"|0x7fb9397c
00:27:45.0 (71224456)|STATEMENT_EXECUTE|[50]
00:27:45.0 (71225449)|STATEMENT_EXECUTE|[51]
00:27:45.0 (71233440)|HEAP_ALLOCATE|[51]|Bytes:9
00:27:45.0 (71240148)|HEAP_ALLOCATE|[51]|Bytes:11
00:27:45.0 (71243528)|HEAP_ALLOCATE|[51]|Bytes:47
00:27:45.0 (71268896)|VARIABLE_ASSIGNMENT|[51]|this.Team__c|"  Mani Sasank, Santh (27 more) ..."|0x626bb441
00:27:45.0 (71280263)|HEAP_ALLOCATE|[50]|Bytes:5
00:27:45.0 (71289872)|VARIABLE_ASSIGNMENT|[50]|sc|null|
00:27:45.0 (71293848)|STATEMENT_EXECUTE|[53]
00:27:45.0 (71336726)|HEAP_ALLOCATE|[53]|Bytes:45
00:27:45.0 (71367945)|VARIABLE_ASSIGNMENT|[53]|this.Team__c|"  Mani Sasank, Santh (25 more) ..."|0x626bb441
00:27:45.0 (71373748)|STATEMENT_EXECUTE|[55]
00:27:45.0 (71374690)|STATEMENT_EXECUTE|[55]
00:27:45.0 (71375589)|STATEMENT_EXECUTE|[56]
00:27:45.0 (71396399)|HEAP_ALLOCATE|[56]|Bytes:8
00:27:45.0 (71403850)|DML_BEGIN|[56]|Op:Insert|Type:Project__c|Rows:1
00:27:45.0 (71430297)|HEAP_ALLOCATE|[EXTERNAL]|Bytes:8
00:27:45.0 (77777060)|CODE_UNIT_STARTED|[EXTERNAL]|Validation:Project:new
00:27:45.0 (77787775)|VALIDATION_RULE|03d7F0000009D2R|totalpercentage
00:27:45.0 (78069760)|VALIDATION_FORMULA|( IF( ISBLANK(Delivery__c) , 0, Delivery__c)
  +  
IF( ISBLANK(Production__c) , 0, Production__c)
  +
IF( ISBLANK(QC__c) , 0, QC__c)  
 +
IF( ISBLANK(QA__c) , 0, QA__c)
 ) != 100|Delivery__c=null , QC__c=null , QA__c=null , Production__c=100
00:27:45.0 (78078770)|VALIDATION_PASS
00:27:45.0 (78112960)|CODE_UNIT_FINISHED|Validation:Project:new
00:27:45.0 (101976338)|DML_END|[56]
00:27:45.0 (102000230)|STATEMENT_EXECUTE|[62]
00:27:45.0 (102091824)|HEAP_ALLOCATE|[62]|Bytes:4
00:27:45.0 (102162759)|VARIABLE_SCOPE_BEGIN|[62]|pjaList|List<ProjectJobAssociation__c>|true|false
00:27:45.0 (102175530)|HEAP_ALLOCATE|[EXTERNAL]|Bytes:4
00:27:45.0 (102189123)|VARIABLE_ASSIGNMENT|[62]|pjaList|[]|0x6dd56d90
00:27:45.0 (102358766)|VARIABLE_ASSIGNMENT|[EXTERNAL]|this|{"controller":"StandardController [[Project__c (Client__c:a047F000002zkUjQAI, Company_project_code__c:oiuio, Name:poilk, Units__c:false, Nodes__c:false, Footage__c:false, Miles__c:false, Jobs__c:false, Hours__c:false, Production__c:100)]]","project":"0x267b208a","selectedUsers":"0xe35bf84","usersList":"0x7988aeb2"}|0x314f03eb
00:27:45.0 (102404722)|HEAP_ALLOCATE|[63]|Bytes:5
00:27:45.0 (102423321)|HEAP_ALLOCATE|[63]|Bytes:29
00:27:45.0 (102431376)|VARIABLE_SCOPE_BEGIN|[63]|sc|System.SelectOption|true|false
00:27:45.0 (102485055)|VARIABLE_ASSIGNMENT|[63]|sc|"common.apex.runtime.impl.ApexSelectOptionValue@5cecce32"|0x3b43ae10
00:27:45.0 (102492014)|STATEMENT_EXECUTE|[63]
00:27:45.0 (102493235)|STATEMENT_EXECUTE|[64]
00:27:45.0 (102514490)|HEAP_ALLOCATE|[64]|Bytes:4
00:27:45.0 (102600373)|VARIABLE_SCOPE_BEGIN|[64]|pja|ProjectJobAssociation__c|true|false
00:27:45.0 (102614178)|VARIABLE_ASSIGNMENT|[64]|pja|{}|0x41ac37d7
00:27:45.0 (102619832)|STATEMENT_EXECUTE|[65]
00:27:45.0 (103259735)|VARIABLE_ASSIGNMENT|[65]|this.ProjectLink__c|"a057F0000039Ui7QAE"|0x41ac37d7
00:27:45.0 (103269440)|STATEMENT_EXECUTE|[66]
00:27:45.0 (103301920)|HEAP_ALLOCATE|[66]|Bytes:18
00:27:45.0 (103324120)|HEAP_ALLOCATE|[66]|Bytes:4
00:27:45.0 (103363981)|VARIABLE_ASSIGNMENT|[66]|this.UserLink__c|"0057F000000TpdFQAS"|0x41ac37d7
00:27:45.0 (103369826)|STATEMENT_EXECUTE|[67]
00:27:45.0 (103405403)|HEAP_ALLOCATE|[EXTERNAL]|Bytes:4
00:27:45.0 (103420851)|HEAP_ALLOCATE|[63]|Bytes:5
00:27:45.0 (103432229)|HEAP_ALLOCATE|[63]|Bytes:26
00:27:45.0 (103438775)|VARIABLE_SCOPE_BEGIN|[63]|sc|System.SelectOption|true|false
00:27:45.0 (103495577)|VARIABLE_ASSIGNMENT|[63]|sc|"common.apex.runtime.impl.ApexSelectOptionValue@23b15e9"|0x727930a9
00:27:45.0 (103502733)|STATEMENT_EXECUTE|[63]
00:27:45.0 (103503956)|STATEMENT_EXECUTE|[64]
00:27:45.0 (103521646)|HEAP_ALLOCATE|[64]|Bytes:4
00:27:45.0 (103532973)|VARIABLE_SCOPE_BEGIN|[64]|pja|ProjectJobAssociation__c|true|false
00:27:45.0 (103542908)|VARIABLE_ASSIGNMENT|[64]|pja|{}|0x314ae7d7
00:27:45.0 (103547609)|STATEMENT_EXECUTE|[65]
00:27:45.0 (103581025)|VARIABLE_ASSIGNMENT|[65]|this.ProjectLink__c|"a057F0000039Ui7QAE"|0x314ae7d7
00:27:45.0 (103586625)|STATEMENT_EXECUTE|[66]
00:27:45.0 (103595560)|HEAP_ALLOCATE|[66]|Bytes:18
00:27:45.0 (103602907)|HEAP_ALLOCATE|[66]|Bytes:4
00:27:45.0 (103624130)|VARIABLE_ASSIGNMENT|[66]|this.UserLink__c|"0057F000000TrBBQA0"|0x314ae7d7
00:27:45.0 (103629160)|STATEMENT_EXECUTE|[67]
00:27:45.0 (103635811)|HEAP_ALLOCATE|[EXTERNAL]|Bytes:4
00:27:45.0 (103650617)|HEAP_ALLOCATE|[63]|Bytes:5
00:27:45.0 (103659804)|HEAP_ALLOCATE|[63]|Bytes:27
00:27:45.0 (103664985)|VARIABLE_SCOPE_BEGIN|[63]|sc|System.SelectOption|true|false
00:27:45.0 (103717341)|VARIABLE_ASSIGNMENT|[63]|sc|"common.apex.runtime.impl.ApexSelectOptionValue@4bc8874e"|0x63e2441d
00:27:45.0 (103723684)|STATEMENT_EXECUTE|[63]
00:27:45.0 (103724723)|STATEMENT_EXECUTE|[64]
00:27:45.0 (103738047)|HEAP_ALLOCATE|[64]|Bytes:4
00:27:45.0 (103747702)|VARIABLE_SCOPE_BEGIN|[64]|pja|ProjectJobAssociation__c|true|false
00:27:45.0 (103756730)|VARIABLE_ASSIGNMENT|[64]|pja|{}|0x7735a583
00:27:45.0 (103760649)|STATEMENT_EXECUTE|[65]
00:27:45.0 (103788425)|VARIABLE_ASSIGNMENT|[65]|this.ProjectLink__c|"a057F0000039Ui7QAE"|0x7735a583
00:27:45.0 (103795125)|STATEMENT_EXECUTE|[66]
00:27:45.0 (103805986)|HEAP_ALLOCATE|[66]|Bytes:18
00:27:45.0 (103814699)|HEAP_ALLOCATE|[66]|Bytes:4
00:27:45.0 (103835490)|VARIABLE_ASSIGNMENT|[66]|this.UserLink__c|"0057F000000TrBGQA0"|0x7735a583
00:27:45.0 (103840417)|STATEMENT_EXECUTE|[67]
00:27:45.0 (103847015)|HEAP_ALLOCATE|[EXTERNAL]|Bytes:4
00:27:45.0 (103857849)|HEAP_ALLOCATE|[63]|Bytes:5
00:27:45.0 (103866809)|HEAP_ALLOCATE|[63]|Bytes:27
00:27:45.0 (103871662)|VARIABLE_SCOPE_BEGIN|[63]|sc|System.SelectOption|true|false
00:27:45.0 (103922898)|VARIABLE_ASSIGNMENT|[63]|sc|"common.apex.runtime.impl.ApexSelectOptionValue@20b5cc0a"|0x7fb9397c
00:27:45.0 (103929328)|STATEMENT_EXECUTE|[63]
00:27:45.0 (103930270)|STATEMENT_EXECUTE|[64]
00:27:45.0 (103942621)|HEAP_ALLOCATE|[64]|Bytes:4
00:27:45.0 (103951951)|VARIABLE_SCOPE_BEGIN|[64]|pja|ProjectJobAssociation__c|true|false
00:27:45.0 (103960637)|VARIABLE_ASSIGNMENT|[64]|pja|{}|0x5707363d
00:27:45.0 (103964650)|STATEMENT_EXECUTE|[65]
00:27:45.0 (103991113)|VARIABLE_ASSIGNMENT|[65]|this.ProjectLink__c|"a057F0000039Ui7QAE"|0x5707363d
00:27:45.0 (103996518)|STATEMENT_EXECUTE|[66]
00:27:45.0 (104003731)|HEAP_ALLOCATE|[66]|Bytes:18
00:27:45.0 (104011406)|HEAP_ALLOCATE|[66]|Bytes:4
00:27:45.0 (104035288)|VARIABLE_ASSIGNMENT|[66]|this.UserLink__c|"0057F000000TrBVQA0"|0x5707363d
00:27:45.0 (104040081)|STATEMENT_EXECUTE|[67]
00:27:45.0 (104045826)|HEAP_ALLOCATE|[EXTERNAL]|Bytes:4
00:27:45.0 (104056002)|HEAP_ALLOCATE|[63]|Bytes:5
00:27:45.0 (104065732)|VARIABLE_ASSIGNMENT|[63]|sc|null|
00:27:45.0 (104070768)|STATEMENT_EXECUTE|[69]
00:27:45.0 (104112999)|DML_BEGIN|[69]|Op:Insert|Type:ProjectJobAssociation__c|Rows:4
00:27:45.0 (104140532)|HEAP_ALLOCATE|[EXTERNAL]|Bytes:20
00:27:45.0 (129162495)|DML_END|[69]
00:27:45.0 (129238376)|HEAP_ALLOCATE|[EXTERNAL]|Bytes:20
00:27:45.0 (129262301)|STATEMENT_EXECUTE|[71]
00:27:45.0 (129275415)|HEAP_ALLOCATE|[71]|Bytes:1
00:27:45.0 (129373821)|HEAP_ALLOCATE|[71]|Bytes:18
00:27:45.0 (129391110)|HEAP_ALLOCATE|[71]|Bytes:19
00:27:45.0 (129425713)|SYSTEM_MODE_EXIT|false
00:27:45.145 (145691934)|CUMULATIVE_LIMIT_USAGE
00:27:45.145 (145691934)|LIMIT_USAGE_FOR_NS|(default)|
  Number of SOQL queries: 1 out of 100
  Number of query rows: 6 out of 50000
  Number of SOSL queries: 0 out of 20
  Number of DML statements: 2 out of 150
  Number of DML rows: 5 out of 10000
  Maximum CPU time: 0 out of 10000
  Maximum heap size: 0 out of 6000000
  Number of callouts: 0 out of 100
  Number of Email Invocations: 0 out of 10
  Number of future calls: 0 out of 50
  Number of queueable jobs added to the queue: 0 out of 50
  Number of Mobile Apex push calls: 0 out of 10

00:27:45.145 (145691934)|CUMULATIVE_LIMIT_USAGE_END

00:27:45.0 (145729218)|CODE_UNIT_FINISHED|VF: /apex/PM_Project_New
00:27:45.0 (146460316)|EXECUTION_FINISHED
