41.0 APEX_CODE,FINEST;APEX_PROFILING,INFO;CALLOUT,INFO;DB,INFO;SYSTEM,DEBUG;VALIDATION,INFO;VISUALFORCE,INFO;WAVE,INFO;WORKFLOW,INFO
07:37:59.0 (327386)|USER_INFO|[EXTERNAL]|0057F000000Tiz6|ksb994@salesforce.com|Pacific Standard Time|GMT-08:00
07:37:59.0 (361114)|EXECUTION_STARTED
07:37:59.0 (365220)|CODE_UNIT_STARTED|[EXTERNAL]|0667F000004uMWq|VF: /apex/ProjectPage
07:37:59.0 (7466742)|SYSTEM_MODE_ENTER|true
07:37:59.0 (7837872)|HEAP_ALLOCATE|[72]|Bytes:3
07:37:59.0 (7880683)|HEAP_ALLOCATE|[77]|Bytes:152
07:37:59.0 (7894820)|HEAP_ALLOCATE|[342]|Bytes:408
07:37:59.0 (7910812)|HEAP_ALLOCATE|[355]|Bytes:408
07:37:59.0 (7925835)|HEAP_ALLOCATE|[467]|Bytes:48
07:37:59.0 (7953632)|HEAP_ALLOCATE|[139]|Bytes:6
07:37:59.0 (7968725)|HEAP_ALLOCATE|[EXTERNAL]|Bytes:140
07:37:59.0 (7974368)|HEAP_ALLOCATE|[EXTERNAL]|Bytes:20
07:37:59.0 (7978070)|HEAP_ALLOCATE|[EXTERNAL]|Bytes:2
07:37:59.0 (7987268)|METHOD_ENTRY|[1]|01p7F00000Ehro9|PM_Project_Edit_Controller.PM_Project_Edit_Controller()
07:37:59.0 (7993240)|STATEMENT_EXECUTE|[1]
07:37:59.0 (7998414)|STATEMENT_EXECUTE|[1]
07:37:59.0 (8028512)|HEAP_ALLOCATE|[50]|Bytes:5
07:37:59.0 (8052081)|HEAP_ALLOCATE|[56]|Bytes:5
07:37:59.0 (8059372)|HEAP_ALLOCATE|[64]|Bytes:7
07:37:59.0 (8082096)|SYSTEM_MODE_ENTER|false
07:37:59.0 (8096813)|HEAP_ALLOCATE|[EXTERNAL]|Bytes:5
07:37:59.0 (8104259)|SYSTEM_MODE_EXIT|false
07:37:59.0 (8111974)|METHOD_EXIT|[1]|PM_Project_Edit_Controller
07:37:59.0 (8157912)|HEAP_ALLOCATE|[EXTERNAL]|Bytes:24
07:37:59.0 (8173664)|VARIABLE_SCOPE_BEGIN|[10]|this|PM_Project_Edit_Controller|true|false
07:37:59.0 (8234132)|VARIABLE_ASSIGNMENT|[10]|this|{}|0x191965c3
07:37:59.0 (8243044)|VARIABLE_SCOPE_BEGIN|[10]|stdController|ApexPages.StandardController|true|false
07:37:59.0 (8412860)|VARIABLE_ASSIGNMENT|[10]|stdController|"StandardController [null]"|0x910c37f
07:37:59.0 (8436852)|SYSTEM_MODE_ENTER|false
07:37:59.0 (8443851)|HEAP_ALLOCATE|[7]|Bytes:5
07:37:59.0 (8448880)|STATEMENT_EXECUTE|[1]
07:37:59.0 (8453810)|HEAP_ALLOCATE|[7]|Bytes:5
07:37:59.0 (8456345)|STATEMENT_EXECUTE|[3]
07:37:59.0 (8457461)|STATEMENT_EXECUTE|[4]
07:37:59.0 (8458465)|STATEMENT_EXECUTE|[6]
07:37:59.0 (8459493)|STATEMENT_EXECUTE|[7]
07:37:59.0 (8477870)|HEAP_ALLOCATE|[7]|Bytes:4
07:37:59.0 (8567049)|HEAP_ALLOCATE|[EXTERNAL]|Bytes:4
07:37:59.0 (8581258)|VARIABLE_ASSIGNMENT|[7]|this.usersList|[]|0x191965c3
07:37:59.0 (8586332)|STATEMENT_EXECUTE|[8]
07:37:59.0 (8589468)|HEAP_ALLOCATE|[8]|Bytes:1
07:37:59.0 (8597887)|VARIABLE_ASSIGNMENT|[8]|this.nonSelectedUserId|"("|0x191965c3
07:37:59.0 (8609663)|HEAP_ALLOCATE|[8]|Bytes:6
07:37:59.0 (8646084)|STATEMENT_EXECUTE|[10]
07:37:59.0 (8648994)|STATEMENT_EXECUTE|[11]
07:37:59.0 (8770586)|HEAP_ALLOCATE|[11]|Bytes:4
07:37:59.0 (8821460)|VARIABLE_ASSIGNMENT|[EXTERNAL]|this|{"nonSelectedUserId":"(","usersList":"0x50d06f01"}|0x191965c3
07:37:59.0 (8833696)|VARIABLE_ASSIGNMENT|[EXTERNAL]|value|{}|0x6f717064
07:37:59.0 (8843409)|VARIABLE_ASSIGNMENT|[3]|this.project|{}|0x191965c3
07:37:59.0 (8851499)|STATEMENT_EXECUTE|[12]
07:37:59.0 (8887461)|HEAP_ALLOCATE|[12]|Bytes:39
07:37:59.0 (8924728)|HEAP_ALLOCATE|[12]|Bytes:18
07:37:59.0 (8945849)|HEAP_ALLOCATE|[12]|Bytes:3
07:37:59.0 (8978494)|HEAP_ALLOCATE|[12]|Bytes:4
07:37:59.0 (8984480)|VARIABLE_SCOPE_BEGIN|[12]|pid|Id|false|false
07:37:59.0 (9056842)|VARIABLE_ASSIGNMENT|[12]|pid|"a057F0000039WImQAM"
07:37:59.0 (9064374)|STATEMENT_EXECUTE|[16]
07:37:59.0 (9067314)|HEAP_ALLOCATE|[16]|Bytes:7
07:37:59.0 (9071764)|HEAP_ALLOCATE|[16]|Bytes:10
07:37:59.0 (9084974)|METHOD_ENTRY|[16]|01p7F00000Ehro9|PM_Project_Edit_Controller.getAllFields(String)
07:37:59.0 (9101293)|VARIABLE_SCOPE_BEGIN|[74]|sobjectname|String|false|false
07:37:59.0 (9110339)|VARIABLE_ASSIGNMENT|[74]|sobjectname|"Project__c"
07:37:59.0 (9127881)|HEAP_ALLOCATE|[75]|Bytes:5
07:37:59.0 (9131772)|STATEMENT_EXECUTE|[74]
07:37:59.0 (28307900)|HEAP_ALLOCATE|[75]|Bytes:1468
07:37:59.0 (28371654)|STATEMENT_EXECUTE|[75]
07:37:59.0 (28374343)|STATEMENT_EXECUTE|[78]
07:37:59.0 (32188785)|HEAP_ALLOCATE|[78]|Bytes:1468
07:37:59.0 (32413442)|HEAP_ALLOCATE|[78]|Bytes:4
07:37:59.0 (32470460)|HEAP_ALLOCATE|[78]|Bytes:4
07:37:59.0 (32804018)|HEAP_ALLOCATE|[78]|Bytes:148
07:37:59.0 (32819752)|VARIABLE_SCOPE_BEGIN|[78]|fields|Map<String,Schema.SObjectField>|true|false
07:37:59.0 (33098071)|VARIABLE_ASSIGNMENT|[78]|fields|"{client__c=Client__c, client_project_manager__c=Client_Project_Manager__c, company_project_code__c=Company_project_code__c, cost_centre__c=Cost_Centre__c, createdbyid=CreatedById, createddate=CreatedDate, delivery__c=Delivery__c, end_customer__c=End_Customer__c, footage__c=Footage__c, hours__c=Hours__c, ...}"|0x3e0b1a16
07:37:59.0 (33111342)|STATEMENT_EXECUTE|[79]
07:37:59.0 (33131711)|HEAP_ALLOCATE|[79]|Bytes:4
07:37:59.0 (33168839)|VARIABLE_SCOPE_BEGIN|[79]|accessiblefields|List<String>|true|false
07:37:59.0 (33199563)|HEAP_ALLOCATE|[EXTERNAL]|Bytes:4
07:37:59.0 (33212664)|VARIABLE_ASSIGNMENT|[79]|accessiblefields|[]|0x12815fb2
07:37:59.0 (33262520)|HEAP_ALLOCATE|[EXTERNAL]|Bytes:148
07:37:59.0 (33281698)|HEAP_ALLOCATE|[80]|Bytes:148
07:37:59.0 (33363563)|HEAP_ALLOCATE|[80]|Bytes:5
07:37:59.0 (33386813)|VARIABLE_SCOPE_BEGIN|[80]|field|Schema.SObjectField|true|false
07:37:59.0 (33459567)|VARIABLE_ASSIGNMENT|[80]|field|"common.apex.runtime.impl.ApexFieldToken@1f1cd354"|0x1f1cd354
07:37:59.0 (33468315)|STATEMENT_EXECUTE|[80]
07:37:59.0 (33865618)|HEAP_ALLOCATE|[81]|Bytes:8
07:37:59.0 (33891970)|STATEMENT_EXECUTE|[82]
07:37:59.0 (33925386)|HEAP_ALLOCATE|[82]|Bytes:8
07:37:59.0 (33941228)|HEAP_ALLOCATE|[82]|Bytes:2
07:37:59.0 (33955140)|HEAP_ALLOCATE|[EXTERNAL]|Bytes:4
07:37:59.0 (33969075)|HEAP_ALLOCATE|[80]|Bytes:5
07:37:59.0 (33984029)|VARIABLE_SCOPE_BEGIN|[80]|field|Schema.SObjectField|true|false
07:37:59.0 (34072529)|VARIABLE_ASSIGNMENT|[80]|field|"common.apex.runtime.impl.ApexFieldToken@79a1b10b"|0x79a1b10b
07:37:59.0 (34082193)|STATEMENT_EXECUTE|[80]
07:37:59.0 (34248445)|HEAP_ALLOCATE|[81]|Bytes:8
07:37:59.0 (34264825)|STATEMENT_EXECUTE|[82]
07:37:59.0 (34283642)|HEAP_ALLOCATE|[82]|Bytes:8
07:37:59.0 (34292532)|HEAP_ALLOCATE|[82]|Bytes:7
07:37:59.0 (34301041)|HEAP_ALLOCATE|[EXTERNAL]|Bytes:4
07:37:59.0 (34313148)|HEAP_ALLOCATE|[80]|Bytes:5
07:37:59.0 (34327572)|VARIABLE_SCOPE_BEGIN|[80]|field|Schema.SObjectField|true|false
07:37:59.0 (34402840)|VARIABLE_ASSIGNMENT|[80]|field|"common.apex.runtime.impl.ApexFieldToken@61c51d42"|0x61c51d42
07:37:59.0 (34410970)|STATEMENT_EXECUTE|[80]
07:37:59.0 (34511899)|HEAP_ALLOCATE|[81]|Bytes:8
07:37:59.0 (34525839)|STATEMENT_EXECUTE|[82]
07:37:59.0 (34542725)|HEAP_ALLOCATE|[82]|Bytes:8
07:37:59.0 (34550841)|HEAP_ALLOCATE|[82]|Bytes:9
07:37:59.0 (34558929)|HEAP_ALLOCATE|[EXTERNAL]|Bytes:4
07:37:59.0 (34570592)|HEAP_ALLOCATE|[80]|Bytes:5
07:37:59.0 (34584226)|VARIABLE_SCOPE_BEGIN|[80]|field|Schema.SObjectField|true|false
07:37:59.0 (34656627)|VARIABLE_ASSIGNMENT|[80]|field|"common.apex.runtime.impl.ApexFieldToken@16c49264"|0x16c49264
07:37:59.0 (34664911)|STATEMENT_EXECUTE|[80]
07:37:59.0 (34778937)|HEAP_ALLOCATE|[81]|Bytes:8
07:37:59.0 (34794013)|STATEMENT_EXECUTE|[82]
07:37:59.0 (34811330)|HEAP_ALLOCATE|[82]|Bytes:8
07:37:59.0 (34819681)|HEAP_ALLOCATE|[82]|Bytes:4
07:37:59.0 (34826939)|HEAP_ALLOCATE|[EXTERNAL]|Bytes:4
07:37:59.0 (34838423)|HEAP_ALLOCATE|[80]|Bytes:5
07:37:59.0 (34851637)|VARIABLE_SCOPE_BEGIN|[80]|field|Schema.SObjectField|true|false
07:37:59.0 (34919955)|VARIABLE_ASSIGNMENT|[80]|field|"common.apex.runtime.impl.ApexFieldToken@6f3b659b"|0x6f3b659b
07:37:59.0 (34928325)|STATEMENT_EXECUTE|[80]
07:37:59.0 (35041255)|HEAP_ALLOCATE|[81]|Bytes:8
07:37:59.0 (35055654)|STATEMENT_EXECUTE|[82]
07:37:59.0 (35072104)|HEAP_ALLOCATE|[82]|Bytes:8
07:37:59.0 (35080763)|HEAP_ALLOCATE|[82]|Bytes:11
07:37:59.0 (35088400)|HEAP_ALLOCATE|[EXTERNAL]|Bytes:4
07:37:59.0 (35099442)|HEAP_ALLOCATE|[80]|Bytes:5
07:37:59.0 (35112677)|VARIABLE_SCOPE_BEGIN|[80]|field|Schema.SObjectField|true|false
07:37:59.0 (35180487)|VARIABLE_ASSIGNMENT|[80]|field|"common.apex.runtime.impl.ApexFieldToken@1be6a89e"|0x1be6a89e
07:37:59.0 (35187952)|STATEMENT_EXECUTE|[80]
07:37:59.0 (35304875)|HEAP_ALLOCATE|[81]|Bytes:8
07:37:59.0 (35318882)|STATEMENT_EXECUTE|[82]
07:37:59.0 (35334582)|HEAP_ALLOCATE|[82]|Bytes:8
07:37:59.0 (35342715)|HEAP_ALLOCATE|[82]|Bytes:11
07:37:59.0 (35350350)|HEAP_ALLOCATE|[EXTERNAL]|Bytes:4
07:37:59.0 (35361053)|HEAP_ALLOCATE|[80]|Bytes:5
07:37:59.0 (35373811)|VARIABLE_SCOPE_BEGIN|[80]|field|Schema.SObjectField|true|false
07:37:59.0 (35441483)|VARIABLE_ASSIGNMENT|[80]|field|"common.apex.runtime.impl.ApexFieldToken@520099ad"|0x520099ad
07:37:59.0 (35449179)|STATEMENT_EXECUTE|[80]
07:37:59.0 (35553623)|HEAP_ALLOCATE|[81]|Bytes:8
07:37:59.0 (35567376)|STATEMENT_EXECUTE|[82]
07:37:59.0 (35583051)|HEAP_ALLOCATE|[82]|Bytes:8
07:37:59.0 (35591156)|HEAP_ALLOCATE|[82]|Bytes:16
07:37:59.0 (35598476)|HEAP_ALLOCATE|[EXTERNAL]|Bytes:4
07:37:59.0 (35609653)|HEAP_ALLOCATE|[80]|Bytes:5
07:37:59.0 (35622947)|VARIABLE_SCOPE_BEGIN|[80]|field|Schema.SObjectField|true|false
07:37:59.0 (35694278)|VARIABLE_ASSIGNMENT|[80]|field|"common.apex.runtime.impl.ApexFieldToken@6065763b"|0x6065763b
07:37:59.0 (35702151)|STATEMENT_EXECUTE|[80]
07:37:59.0 (35822845)|HEAP_ALLOCATE|[81]|Bytes:8
07:37:59.0 (35836889)|STATEMENT_EXECUTE|[82]
07:37:59.0 (35853037)|HEAP_ALLOCATE|[82]|Bytes:8
07:37:59.0 (35861308)|HEAP_ALLOCATE|[82]|Bytes:16
07:37:59.0 (35868556)|HEAP_ALLOCATE|[EXTERNAL]|Bytes:4
07:37:59.0 (35879922)|HEAP_ALLOCATE|[80]|Bytes:5
07:37:59.0 (35892908)|VARIABLE_SCOPE_BEGIN|[80]|field|Schema.SObjectField|true|false
07:37:59.0 (35961656)|VARIABLE_ASSIGNMENT|[80]|field|"common.apex.runtime.impl.ApexFieldToken@54c6d011"|0x54c6d011
07:37:59.0 (35969899)|STATEMENT_EXECUTE|[80]
07:37:59.0 (36060988)|HEAP_ALLOCATE|[81]|Bytes:8
07:37:59.0 (36074986)|STATEMENT_EXECUTE|[82]
07:37:59.0 (36090363)|HEAP_ALLOCATE|[82]|Bytes:8
07:37:59.0 (36098210)|HEAP_ALLOCATE|[82]|Bytes:14
07:37:59.0 (36106055)|HEAP_ALLOCATE|[EXTERNAL]|Bytes:4
07:37:59.0 (36116710)|HEAP_ALLOCATE|[80]|Bytes:5
07:37:59.0 (36129037)|VARIABLE_SCOPE_BEGIN|[80]|field|Schema.SObjectField|true|false
07:37:59.0 (36196299)|VARIABLE_ASSIGNMENT|[80]|field|"common.apex.runtime.impl.ApexFieldToken@7aca304f"|0x7aca304f
07:37:59.0 (36204055)|STATEMENT_EXECUTE|[80]
07:37:59.0 (36289607)|HEAP_ALLOCATE|[81]|Bytes:8
07:37:59.0 (36302785)|STATEMENT_EXECUTE|[82]
07:37:59.0 (36317948)|HEAP_ALLOCATE|[82]|Bytes:8
07:37:59.0 (36326043)|HEAP_ALLOCATE|[82]|Bytes:16
07:37:59.0 (36333316)|HEAP_ALLOCATE|[EXTERNAL]|Bytes:4
07:37:59.0 (36343791)|HEAP_ALLOCATE|[80]|Bytes:5
07:37:59.0 (36355717)|VARIABLE_SCOPE_BEGIN|[80]|field|Schema.SObjectField|true|false
07:37:59.0 (36421892)|VARIABLE_ASSIGNMENT|[80]|field|"common.apex.runtime.impl.ApexFieldToken@2c51034a"|0x2c51034a
07:37:59.0 (36429451)|STATEMENT_EXECUTE|[80]
07:37:59.0 (36515312)|HEAP_ALLOCATE|[81]|Bytes:8
07:37:59.0 (36528022)|STATEMENT_EXECUTE|[82]
07:37:59.0 (36543438)|HEAP_ALLOCATE|[82]|Bytes:8
07:37:59.0 (36551447)|HEAP_ALLOCATE|[82]|Bytes:14
07:37:59.0 (36558674)|HEAP_ALLOCATE|[EXTERNAL]|Bytes:4
07:37:59.0 (36569197)|HEAP_ALLOCATE|[80]|Bytes:5
07:37:59.0 (36581125)|VARIABLE_SCOPE_BEGIN|[80]|field|Schema.SObjectField|true|false
07:37:59.0 (36647472)|VARIABLE_ASSIGNMENT|[80]|field|"common.apex.runtime.impl.ApexFieldToken@67ce7c55"|0x67ce7c55
07:37:59.0 (36655369)|STATEMENT_EXECUTE|[80]
07:37:59.0 (36744495)|HEAP_ALLOCATE|[81]|Bytes:8
07:37:59.0 (36757728)|STATEMENT_EXECUTE|[82]
07:37:59.0 (36772740)|HEAP_ALLOCATE|[82]|Bytes:8
07:37:59.0 (36780991)|HEAP_ALLOCATE|[82]|Bytes:18
07:37:59.0 (36792560)|HEAP_ALLOCATE|[EXTERNAL]|Bytes:4
07:37:59.0 (36807423)|HEAP_ALLOCATE|[80]|Bytes:5
07:37:59.0 (36820247)|VARIABLE_SCOPE_BEGIN|[80]|field|Schema.SObjectField|true|false
07:37:59.0 (36886181)|VARIABLE_ASSIGNMENT|[80]|field|"common.apex.runtime.impl.ApexFieldToken@56a6ee5"|0x56a6ee5
07:37:59.0 (36893958)|STATEMENT_EXECUTE|[80]
07:37:59.0 (37358702)|HEAP_ALLOCATE|[81]|Bytes:8
07:37:59.0 (37376738)|STATEMENT_EXECUTE|[82]
07:37:59.0 (37396108)|HEAP_ALLOCATE|[82]|Bytes:8
07:37:59.0 (37405257)|HEAP_ALLOCATE|[82]|Bytes:9
07:37:59.0 (37413615)|HEAP_ALLOCATE|[EXTERNAL]|Bytes:4
07:37:59.0 (37426242)|HEAP_ALLOCATE|[80]|Bytes:5
07:37:59.0 (37441134)|VARIABLE_SCOPE_BEGIN|[80]|field|Schema.SObjectField|true|false
07:37:59.0 (37511697)|VARIABLE_ASSIGNMENT|[80]|field|"common.apex.runtime.impl.ApexFieldToken@2e097e4f"|0x2e097e4f
07:37:59.0 (37523504)|STATEMENT_EXECUTE|[80]
07:37:59.0 (37628925)|HEAP_ALLOCATE|[81]|Bytes:8
07:37:59.0 (37643284)|STATEMENT_EXECUTE|[82]
07:37:59.0 (37660265)|HEAP_ALLOCATE|[82]|Bytes:8
07:37:59.0 (37668857)|HEAP_ALLOCATE|[82]|Bytes:15
07:37:59.0 (37676624)|HEAP_ALLOCATE|[EXTERNAL]|Bytes:4
07:37:59.0 (37688250)|HEAP_ALLOCATE|[80]|Bytes:5
07:37:59.0 (37701680)|VARIABLE_SCOPE_BEGIN|[80]|field|Schema.SObjectField|true|false
07:37:59.0 (37775461)|VARIABLE_ASSIGNMENT|[80]|field|"common.apex.runtime.impl.ApexFieldToken@ae67397"|0xae67397
07:37:59.0 (37783262)|STATEMENT_EXECUTE|[80]
07:37:59.0 (37905287)|HEAP_ALLOCATE|[81]|Bytes:8
07:37:59.0 (37921164)|STATEMENT_EXECUTE|[82]
07:37:59.0 (37939586)|HEAP_ALLOCATE|[82]|Bytes:8
07:37:59.0 (37948055)|HEAP_ALLOCATE|[82]|Bytes:19
07:37:59.0 (37956208)|HEAP_ALLOCATE|[EXTERNAL]|Bytes:4
07:37:59.0 (37967772)|HEAP_ALLOCATE|[80]|Bytes:5
07:37:59.0 (37981215)|VARIABLE_SCOPE_BEGIN|[80]|field|Schema.SObjectField|true|false
07:37:59.0 (38049436)|VARIABLE_ASSIGNMENT|[80]|field|"common.apex.runtime.impl.ApexFieldToken@1ede8a4a"|0x1ede8a4a
07:37:59.0 (38058004)|STATEMENT_EXECUTE|[80]
07:37:59.0 (38155283)|HEAP_ALLOCATE|[81]|Bytes:8
07:37:59.0 (38169225)|STATEMENT_EXECUTE|[82]
07:37:59.0 (38185827)|HEAP_ALLOCATE|[82]|Bytes:8
07:37:59.0 (38194346)|HEAP_ALLOCATE|[82]|Bytes:14
07:37:59.0 (38202132)|HEAP_ALLOCATE|[EXTERNAL]|Bytes:4
07:37:59.0 (38213355)|HEAP_ALLOCATE|[80]|Bytes:5
07:37:59.0 (38226157)|VARIABLE_SCOPE_BEGIN|[80]|field|Schema.SObjectField|true|false
07:37:59.0 (38293792)|VARIABLE_ASSIGNMENT|[80]|field|"common.apex.runtime.impl.ApexFieldToken@4815d232"|0x4815d232
07:37:59.0 (38301758)|STATEMENT_EXECUTE|[80]
07:37:59.0 (38394835)|HEAP_ALLOCATE|[81]|Bytes:8
07:37:59.0 (38408527)|STATEMENT_EXECUTE|[82]
07:37:59.0 (38424714)|HEAP_ALLOCATE|[82]|Bytes:8
07:37:59.0 (38432983)|HEAP_ALLOCATE|[82]|Bytes:25
07:37:59.0 (38440532)|HEAP_ALLOCATE|[EXTERNAL]|Bytes:4
07:37:59.0 (38451500)|HEAP_ALLOCATE|[80]|Bytes:5
07:37:59.0 (38464425)|VARIABLE_SCOPE_BEGIN|[80]|field|Schema.SObjectField|true|false
07:37:59.0 (38530914)|VARIABLE_ASSIGNMENT|[80]|field|"common.apex.runtime.impl.ApexFieldToken@2d0b3679"|0x2d0b3679
07:37:59.0 (38538393)|STATEMENT_EXECUTE|[80]
07:37:59.0 (38628919)|HEAP_ALLOCATE|[81]|Bytes:8
07:37:59.0 (38642049)|STATEMENT_EXECUTE|[82]
07:37:59.0 (38658491)|HEAP_ALLOCATE|[82]|Bytes:8
07:37:59.0 (38666698)|HEAP_ALLOCATE|[82]|Bytes:15
07:37:59.0 (38674093)|HEAP_ALLOCATE|[EXTERNAL]|Bytes:4
07:37:59.0 (38684879)|HEAP_ALLOCATE|[80]|Bytes:5
07:37:59.0 (38697646)|VARIABLE_SCOPE_BEGIN|[80]|field|Schema.SObjectField|true|false
07:37:59.0 (38768878)|VARIABLE_ASSIGNMENT|[80]|field|"common.apex.runtime.impl.ApexFieldToken@14488284"|0x14488284
07:37:59.0 (38776908)|STATEMENT_EXECUTE|[80]
07:37:59.0 (38865100)|HEAP_ALLOCATE|[81]|Bytes:8
07:37:59.0 (38878415)|STATEMENT_EXECUTE|[82]
07:37:59.0 (38894482)|HEAP_ALLOCATE|[82]|Bytes:8
07:37:59.0 (38902521)|HEAP_ALLOCATE|[82]|Bytes:23
07:37:59.0 (38909611)|HEAP_ALLOCATE|[EXTERNAL]|Bytes:4
07:37:59.0 (38920462)|HEAP_ALLOCATE|[80]|Bytes:5
07:37:59.0 (38932879)|VARIABLE_SCOPE_BEGIN|[80]|field|Schema.SObjectField|true|false
07:37:59.0 (38999986)|VARIABLE_ASSIGNMENT|[80]|field|"common.apex.runtime.impl.ApexFieldToken@7e2ed69d"|0x7e2ed69d
07:37:59.0 (39007297)|STATEMENT_EXECUTE|[80]
07:37:59.0 (39098794)|HEAP_ALLOCATE|[81]|Bytes:8
07:37:59.0 (39111933)|STATEMENT_EXECUTE|[82]
07:37:59.0 (39128120)|HEAP_ALLOCATE|[82]|Bytes:8
07:37:59.0 (39136065)|HEAP_ALLOCATE|[82]|Bytes:16
07:37:59.0 (39143449)|HEAP_ALLOCATE|[EXTERNAL]|Bytes:4
07:37:59.0 (39153951)|HEAP_ALLOCATE|[80]|Bytes:5
07:37:59.0 (39166374)|VARIABLE_SCOPE_BEGIN|[80]|field|Schema.SObjectField|true|false
07:37:59.0 (39232935)|VARIABLE_ASSIGNMENT|[80]|field|"common.apex.runtime.impl.ApexFieldToken@18cc0f28"|0x18cc0f28
07:37:59.0 (39240346)|STATEMENT_EXECUTE|[80]
07:37:59.0 (39329451)|HEAP_ALLOCATE|[81]|Bytes:8
07:37:59.0 (39342766)|STATEMENT_EXECUTE|[82]
07:37:59.0 (39358705)|HEAP_ALLOCATE|[82]|Bytes:8
07:37:59.0 (39366976)|HEAP_ALLOCATE|[82]|Bytes:14
07:37:59.0 (39374385)|HEAP_ALLOCATE|[EXTERNAL]|Bytes:4
07:37:59.0 (39389529)|HEAP_ALLOCATE|[80]|Bytes:5
07:37:59.0 (39406398)|VARIABLE_SCOPE_BEGIN|[80]|field|Schema.SObjectField|true|false
07:37:59.0 (39473906)|VARIABLE_ASSIGNMENT|[80]|field|"common.apex.runtime.impl.ApexFieldToken@6c005ab6"|0x6c005ab6
07:37:59.0 (39481157)|STATEMENT_EXECUTE|[80]
07:37:59.0 (39573756)|HEAP_ALLOCATE|[81]|Bytes:8
07:37:59.0 (39588349)|STATEMENT_EXECUTE|[82]
07:37:59.0 (39606604)|HEAP_ALLOCATE|[82]|Bytes:8
07:37:59.0 (39614896)|HEAP_ALLOCATE|[82]|Bytes:13
07:37:59.0 (39622505)|HEAP_ALLOCATE|[EXTERNAL]|Bytes:4
07:37:59.0 (39633653)|HEAP_ALLOCATE|[80]|Bytes:5
07:37:59.0 (39646474)|VARIABLE_SCOPE_BEGIN|[80]|field|Schema.SObjectField|true|false
07:37:59.0 (39717350)|VARIABLE_ASSIGNMENT|[80]|field|"common.apex.runtime.impl.ApexFieldToken@3c0cb910"|0x3c0cb910
07:37:59.0 (39725021)|STATEMENT_EXECUTE|[80]
07:37:59.0 (39814908)|HEAP_ALLOCATE|[81]|Bytes:8
07:37:59.0 (39828401)|STATEMENT_EXECUTE|[82]
07:37:59.0 (39844366)|HEAP_ALLOCATE|[82]|Bytes:8
07:37:59.0 (39852476)|HEAP_ALLOCATE|[82]|Bytes:5
07:37:59.0 (39860005)|HEAP_ALLOCATE|[EXTERNAL]|Bytes:4
07:37:59.0 (39870851)|HEAP_ALLOCATE|[80]|Bytes:5
07:37:59.0 (39883212)|VARIABLE_SCOPE_BEGIN|[80]|field|Schema.SObjectField|true|false
07:37:59.0 (39949460)|VARIABLE_ASSIGNMENT|[80]|field|"common.apex.runtime.impl.ApexFieldToken@341e0a32"|0x341e0a32
07:37:59.0 (39957348)|STATEMENT_EXECUTE|[80]
07:37:59.0 (40049057)|HEAP_ALLOCATE|[81]|Bytes:8
07:37:59.0 (40069335)|STATEMENT_EXECUTE|[82]
07:37:59.0 (40096417)|HEAP_ALLOCATE|[82]|Bytes:8
07:37:59.0 (40110412)|HEAP_ALLOCATE|[82]|Bytes:11
07:37:59.0 (40119262)|HEAP_ALLOCATE|[EXTERNAL]|Bytes:4
07:37:59.0 (40130922)|HEAP_ALLOCATE|[80]|Bytes:5
07:37:59.0 (40148849)|VARIABLE_SCOPE_BEGIN|[80]|field|Schema.SObjectField|true|false
07:37:59.0 (40217124)|VARIABLE_ASSIGNMENT|[80]|field|"common.apex.runtime.impl.ApexFieldToken@4c53f6d6"|0x4c53f6d6
07:37:59.0 (40224723)|STATEMENT_EXECUTE|[80]
07:37:59.0 (40320772)|HEAP_ALLOCATE|[81]|Bytes:8
07:37:59.0 (40334570)|STATEMENT_EXECUTE|[82]
07:37:59.0 (40350999)|HEAP_ALLOCATE|[82]|Bytes:8
07:37:59.0 (40359290)|HEAP_ALLOCATE|[82]|Bytes:5
07:37:59.0 (40369893)|HEAP_ALLOCATE|[EXTERNAL]|Bytes:4
07:37:59.0 (40381272)|HEAP_ALLOCATE|[80]|Bytes:5
07:37:59.0 (40394006)|VARIABLE_SCOPE_BEGIN|[80]|field|Schema.SObjectField|true|false
07:37:59.0 (40466315)|VARIABLE_ASSIGNMENT|[80]|field|"common.apex.runtime.impl.ApexFieldToken@2268d000"|0x2268d000
07:37:59.0 (40478438)|STATEMENT_EXECUTE|[80]
07:37:59.0 (40726773)|HEAP_ALLOCATE|[81]|Bytes:8
07:37:59.0 (40750412)|STATEMENT_EXECUTE|[82]
07:37:59.0 (40779238)|HEAP_ALLOCATE|[82]|Bytes:8
07:37:59.0 (40790157)|HEAP_ALLOCATE|[82]|Bytes:25
07:37:59.0 (40799201)|HEAP_ALLOCATE|[EXTERNAL]|Bytes:4
07:37:59.0 (40811494)|HEAP_ALLOCATE|[80]|Bytes:5
07:37:59.0 (40826469)|VARIABLE_SCOPE_BEGIN|[80]|field|Schema.SObjectField|true|false
07:37:59.0 (40897701)|VARIABLE_ASSIGNMENT|[80]|field|"common.apex.runtime.impl.ApexFieldToken@7b752964"|0x7b752964
07:37:59.0 (40905900)|STATEMENT_EXECUTE|[80]
07:37:59.0 (41045906)|HEAP_ALLOCATE|[81]|Bytes:8
07:37:59.0 (41061894)|STATEMENT_EXECUTE|[82]
07:37:59.0 (41079878)|HEAP_ALLOCATE|[82]|Bytes:8
07:37:59.0 (41088326)|HEAP_ALLOCATE|[82]|Bytes:12
07:37:59.0 (41096368)|HEAP_ALLOCATE|[EXTERNAL]|Bytes:4
07:37:59.0 (41107757)|HEAP_ALLOCATE|[80]|Bytes:5
07:37:59.0 (41121106)|VARIABLE_SCOPE_BEGIN|[80]|field|Schema.SObjectField|true|false
07:37:59.0 (41189997)|VARIABLE_ASSIGNMENT|[80]|field|"common.apex.runtime.impl.ApexFieldToken@3ffee3a2"|0x3ffee3a2
07:37:59.0 (41197858)|STATEMENT_EXECUTE|[80]
07:37:59.0 (41306641)|HEAP_ALLOCATE|[81]|Bytes:8
07:37:59.0 (41327590)|STATEMENT_EXECUTE|[82]
07:37:59.0 (41357029)|HEAP_ALLOCATE|[82]|Bytes:8
07:37:59.0 (41370013)|HEAP_ALLOCATE|[82]|Bytes:21
07:37:59.0 (41378927)|HEAP_ALLOCATE|[EXTERNAL]|Bytes:4
07:37:59.0 (41390565)|HEAP_ALLOCATE|[80]|Bytes:5
07:37:59.0 (41406038)|VARIABLE_SCOPE_BEGIN|[80]|field|Schema.SObjectField|true|false
07:37:59.0 (41492584)|VARIABLE_ASSIGNMENT|[80]|field|"common.apex.runtime.impl.ApexFieldToken@6c4847cd"|0x6c4847cd
07:37:59.0 (41501301)|STATEMENT_EXECUTE|[80]
07:37:59.0 (41652705)|HEAP_ALLOCATE|[81]|Bytes:8
07:37:59.0 (41673171)|STATEMENT_EXECUTE|[82]
07:37:59.0 (41701927)|HEAP_ALLOCATE|[82]|Bytes:8
07:37:59.0 (41723002)|HEAP_ALLOCATE|[82]|Bytes:19
07:37:59.0 (41736947)|HEAP_ALLOCATE|[EXTERNAL]|Bytes:4
07:37:59.0 (41756746)|HEAP_ALLOCATE|[80]|Bytes:5
07:37:59.0 (41779525)|VARIABLE_SCOPE_BEGIN|[80]|field|Schema.SObjectField|true|false
07:37:59.0 (41863341)|VARIABLE_ASSIGNMENT|[80]|field|"common.apex.runtime.impl.ApexFieldToken@8c47294"|0x8c47294
07:37:59.0 (41872200)|STATEMENT_EXECUTE|[80]
07:37:59.0 (41983535)|HEAP_ALLOCATE|[81]|Bytes:8
07:37:59.0 (41998546)|STATEMENT_EXECUTE|[82]
07:37:59.0 (42017925)|HEAP_ALLOCATE|[82]|Bytes:8
07:37:59.0 (42027336)|HEAP_ALLOCATE|[82]|Bytes:8
07:37:59.0 (42035604)|HEAP_ALLOCATE|[EXTERNAL]|Bytes:4
07:37:59.0 (42047229)|HEAP_ALLOCATE|[80]|Bytes:5
07:37:59.0 (42060907)|VARIABLE_SCOPE_BEGIN|[80]|field|Schema.SObjectField|true|false
07:37:59.0 (42154046)|VARIABLE_ASSIGNMENT|[80]|field|"common.apex.runtime.impl.ApexFieldToken@5aa844e1"|0x5aa844e1
07:37:59.0 (42163274)|STATEMENT_EXECUTE|[80]
07:37:59.0 (42265431)|HEAP_ALLOCATE|[81]|Bytes:8
07:37:59.0 (42284628)|STATEMENT_EXECUTE|[82]
07:37:59.0 (42313281)|HEAP_ALLOCATE|[82]|Bytes:8
07:37:59.0 (42328533)|HEAP_ALLOCATE|[82]|Bytes:8
07:37:59.0 (42341301)|HEAP_ALLOCATE|[EXTERNAL]|Bytes:4
07:37:59.0 (42360949)|HEAP_ALLOCATE|[80]|Bytes:5
07:37:59.0 (42383807)|VARIABLE_SCOPE_BEGIN|[80]|field|Schema.SObjectField|true|false
07:37:59.0 (42468094)|VARIABLE_ASSIGNMENT|[80]|field|"common.apex.runtime.impl.ApexFieldToken@12835fe5"|0x12835fe5
07:37:59.0 (42477276)|STATEMENT_EXECUTE|[80]
07:37:59.0 (42630992)|HEAP_ALLOCATE|[81]|Bytes:8
07:37:59.0 (42651728)|STATEMENT_EXECUTE|[82]
07:37:59.0 (42679490)|HEAP_ALLOCATE|[82]|Bytes:8
07:37:59.0 (42694841)|HEAP_ALLOCATE|[82]|Bytes:10
07:37:59.0 (42713963)|HEAP_ALLOCATE|[EXTERNAL]|Bytes:4
07:37:59.0 (42734328)|HEAP_ALLOCATE|[80]|Bytes:5
07:37:59.0 (42758021)|VARIABLE_SCOPE_BEGIN|[80]|field|Schema.SObjectField|true|false
07:37:59.0 (42835723)|VARIABLE_ASSIGNMENT|[80]|field|"common.apex.runtime.impl.ApexFieldToken@3cdb1457"|0x3cdb1457
07:37:59.0 (42844291)|STATEMENT_EXECUTE|[80]
07:37:59.0 (42979406)|HEAP_ALLOCATE|[81]|Bytes:8
07:37:59.0 (42995631)|STATEMENT_EXECUTE|[82]
07:37:59.0 (43014266)|HEAP_ALLOCATE|[82]|Bytes:8
07:37:59.0 (43023558)|HEAP_ALLOCATE|[82]|Bytes:8
07:37:59.0 (43031964)|HEAP_ALLOCATE|[EXTERNAL]|Bytes:4
07:37:59.0 (43046302)|HEAP_ALLOCATE|[80]|Bytes:5
07:37:59.0 (43068830)|VARIABLE_SCOPE_BEGIN|[80]|field|Schema.SObjectField|true|false
07:37:59.0 (43176688)|VARIABLE_ASSIGNMENT|[80]|field|"common.apex.runtime.impl.ApexFieldToken@17a0818a"|0x17a0818a
07:37:59.0 (43190658)|STATEMENT_EXECUTE|[80]
07:37:59.0 (43344554)|HEAP_ALLOCATE|[81]|Bytes:8
07:37:59.0 (43365176)|STATEMENT_EXECUTE|[82]
07:37:59.0 (43387178)|HEAP_ALLOCATE|[82]|Bytes:8
07:37:59.0 (43396589)|HEAP_ALLOCATE|[82]|Bytes:7
07:37:59.0 (43405564)|HEAP_ALLOCATE|[EXTERNAL]|Bytes:4
07:37:59.0 (43418471)|HEAP_ALLOCATE|[80]|Bytes:5
07:37:59.0 (43432989)|VARIABLE_SCOPE_BEGIN|[80]|field|Schema.SObjectField|true|false
07:37:59.0 (43506868)|VARIABLE_ASSIGNMENT|[80]|field|"common.apex.runtime.impl.ApexFieldToken@f3750d3"|0xf3750d3
07:37:59.0 (43518952)|STATEMENT_EXECUTE|[80]
07:37:59.0 (43635529)|HEAP_ALLOCATE|[81]|Bytes:8
07:37:59.0 (43650794)|STATEMENT_EXECUTE|[82]
07:37:59.0 (43673723)|HEAP_ALLOCATE|[82]|Bytes:8
07:37:59.0 (43689172)|HEAP_ALLOCATE|[82]|Bytes:8
07:37:59.0 (43702709)|HEAP_ALLOCATE|[EXTERNAL]|Bytes:4
07:37:59.0 (43727030)|HEAP_ALLOCATE|[80]|Bytes:5
07:37:59.0 (43747137)|VARIABLE_SCOPE_BEGIN|[80]|field|Schema.SObjectField|true|false
07:37:59.0 (43818233)|VARIABLE_ASSIGNMENT|[80]|field|"common.apex.runtime.impl.ApexFieldToken@7c34aa7"|0x7c34aa7
07:37:59.0 (43826806)|STATEMENT_EXECUTE|[80]
07:37:59.0 (43930223)|HEAP_ALLOCATE|[81]|Bytes:8
07:37:59.0 (43944533)|STATEMENT_EXECUTE|[82]
07:37:59.0 (43962157)|HEAP_ALLOCATE|[82]|Bytes:8
07:37:59.0 (43970151)|HEAP_ALLOCATE|[82]|Bytes:7
07:37:59.0 (43977870)|HEAP_ALLOCATE|[EXTERNAL]|Bytes:4
07:37:59.0 (43989303)|HEAP_ALLOCATE|[80]|Bytes:5
07:37:59.0 (44001761)|VARIABLE_ASSIGNMENT|[80]|field|null|
07:37:59.0 (44007979)|STATEMENT_EXECUTE|[84]
07:37:59.0 (44013838)|VARIABLE_SCOPE_BEGIN|[84]|allfields|String|false|false
07:37:59.0 (44023491)|VARIABLE_ASSIGNMENT|[84]|allfields|""
07:37:59.0 (44067626)|HEAP_ALLOCATE|[85]|Bytes:5
07:37:59.0 (44077164)|HEAP_ALLOCATE|[85]|Bytes:2
07:37:59.0 (44083632)|VARIABLE_SCOPE_BEGIN|[85]|fieldname|String|false|false
07:37:59.0 (44092623)|VARIABLE_ASSIGNMENT|[85]|fieldname|"Id"
07:37:59.0 (44096582)|STATEMENT_EXECUTE|[86]
07:37:59.0 (44098918)|HEAP_ALLOCATE|[86]|Bytes:1
07:37:59.0 (44115472)|HEAP_ALLOCATE|[86]|Bytes:3
07:37:59.0 (44119860)|HEAP_ALLOCATE|[86]|Bytes:3
07:37:59.0 (44124169)|VARIABLE_ASSIGNMENT|[86]|allfields|"Id,"
07:37:59.0 (44132297)|HEAP_ALLOCATE|[85]|Bytes:5
07:37:59.0 (44138495)|HEAP_ALLOCATE|[85]|Bytes:7
07:37:59.0 (44142627)|VARIABLE_SCOPE_BEGIN|[85]|fieldname|String|false|false
07:37:59.0 (44149297)|VARIABLE_ASSIGNMENT|[85]|fieldname|"OwnerId"
07:37:59.0 (44152824)|STATEMENT_EXECUTE|[86]
07:37:59.0 (44155836)|HEAP_ALLOCATE|[86]|Bytes:8
07:37:59.0 (44159764)|HEAP_ALLOCATE|[86]|Bytes:11
07:37:59.0 (44164226)|VARIABLE_ASSIGNMENT|[86]|allfields|"Id,OwnerId,"
07:37:59.0 (44170862)|HEAP_ALLOCATE|[85]|Bytes:5
07:37:59.0 (44176402)|HEAP_ALLOCATE|[85]|Bytes:9
07:37:59.0 (44180619)|VARIABLE_SCOPE_BEGIN|[85]|fieldname|String|false|false
07:37:59.0 (44186878)|VARIABLE_ASSIGNMENT|[85]|fieldname|"IsDeleted"
07:37:59.0 (44189934)|STATEMENT_EXECUTE|[86]
07:37:59.0 (44192397)|HEAP_ALLOCATE|[86]|Bytes:10
07:37:59.0 (44196664)|HEAP_ALLOCATE|[86]|Bytes:21
07:37:59.0 (44204784)|VARIABLE_ASSIGNMENT|[86]|allfields|"Id,OwnerId,IsDeleted (1 more) ..."
07:37:59.0 (44212334)|HEAP_ALLOCATE|[85]|Bytes:5
07:37:59.0 (44218114)|HEAP_ALLOCATE|[85]|Bytes:4
07:37:59.0 (44221977)|VARIABLE_SCOPE_BEGIN|[85]|fieldname|String|false|false
07:37:59.0 (44228374)|VARIABLE_ASSIGNMENT|[85]|fieldname|"Name"
07:37:59.0 (44231724)|STATEMENT_EXECUTE|[86]
07:37:59.0 (44234099)|HEAP_ALLOCATE|[86]|Bytes:5
07:37:59.0 (44237571)|HEAP_ALLOCATE|[86]|Bytes:26
07:37:59.0 (44242175)|VARIABLE_ASSIGNMENT|[86]|allfields|"Id,OwnerId,IsDeleted (6 more) ..."
07:37:59.0 (44248501)|HEAP_ALLOCATE|[85]|Bytes:5
07:37:59.0 (44253850)|HEAP_ALLOCATE|[85]|Bytes:11
07:37:59.0 (44257559)|VARIABLE_SCOPE_BEGIN|[85]|fieldname|String|false|false
07:37:59.0 (44263713)|VARIABLE_ASSIGNMENT|[85]|fieldname|"CreatedDate"
07:37:59.0 (44266804)|STATEMENT_EXECUTE|[86]
07:37:59.0 (44269087)|HEAP_ALLOCATE|[86]|Bytes:12
07:37:59.0 (44273591)|HEAP_ALLOCATE|[86]|Bytes:38
07:37:59.0 (44279498)|VARIABLE_ASSIGNMENT|[86]|allfields|"Id,OwnerId,IsDeleted (18 more) ..."
07:37:59.0 (44286072)|HEAP_ALLOCATE|[85]|Bytes:5
07:37:59.0 (44291854)|HEAP_ALLOCATE|[85]|Bytes:11
07:37:59.0 (44295642)|VARIABLE_SCOPE_BEGIN|[85]|fieldname|String|false|false
07:37:59.0 (44301873)|VARIABLE_ASSIGNMENT|[85]|fieldname|"CreatedById"
07:37:59.0 (44304913)|STATEMENT_EXECUTE|[86]
07:37:59.0 (44307333)|HEAP_ALLOCATE|[86]|Bytes:12
07:37:59.0 (44310698)|HEAP_ALLOCATE|[86]|Bytes:50
07:37:59.0 (44315080)|VARIABLE_ASSIGNMENT|[86]|allfields|"Id,OwnerId,IsDeleted (30 more) ..."
07:37:59.0 (44321281)|HEAP_ALLOCATE|[85]|Bytes:5
07:37:59.0 (44326579)|HEAP_ALLOCATE|[85]|Bytes:16
07:37:59.0 (44330188)|VARIABLE_SCOPE_BEGIN|[85]|fieldname|String|false|false
07:37:59.0 (44336668)|VARIABLE_ASSIGNMENT|[85]|fieldname|"LastModifiedDate"
07:37:59.0 (44339882)|STATEMENT_EXECUTE|[86]
07:37:59.0 (44342129)|HEAP_ALLOCATE|[86]|Bytes:17
07:37:59.0 (44345428)|HEAP_ALLOCATE|[86]|Bytes:67
07:37:59.0 (44349827)|VARIABLE_ASSIGNMENT|[86]|allfields|"Id,OwnerId,IsDeleted (47 more) ..."
07:37:59.0 (44356021)|HEAP_ALLOCATE|[85]|Bytes:5
07:37:59.0 (44361484)|HEAP_ALLOCATE|[85]|Bytes:16
07:37:59.0 (44365242)|VARIABLE_SCOPE_BEGIN|[85]|fieldname|String|false|false
07:37:59.0 (44371609)|VARIABLE_ASSIGNMENT|[85]|fieldname|"LastModifiedById"
07:37:59.0 (44374542)|STATEMENT_EXECUTE|[86]
07:37:59.0 (44376713)|HEAP_ALLOCATE|[86]|Bytes:17
07:37:59.0 (44379985)|HEAP_ALLOCATE|[86]|Bytes:84
07:37:59.0 (44384209)|VARIABLE_ASSIGNMENT|[86]|allfields|"Id,OwnerId,IsDeleted (64 more) ..."
07:37:59.0 (44390428)|HEAP_ALLOCATE|[85]|Bytes:5
07:37:59.0 (44395677)|HEAP_ALLOCATE|[85]|Bytes:14
07:37:59.0 (44399417)|VARIABLE_SCOPE_BEGIN|[85]|fieldname|String|false|false
07:37:59.0 (44407895)|VARIABLE_ASSIGNMENT|[85]|fieldname|"SystemModstamp"
07:37:59.0 (44411063)|STATEMENT_EXECUTE|[86]
07:37:59.0 (44413475)|HEAP_ALLOCATE|[86]|Bytes:15
07:37:59.0 (44417023)|HEAP_ALLOCATE|[86]|Bytes:99
07:37:59.0 (44421421)|VARIABLE_ASSIGNMENT|[86]|allfields|"Id,OwnerId,IsDeleted (79 more) ..."
07:37:59.0 (44427810)|HEAP_ALLOCATE|[85]|Bytes:5
07:37:59.0 (44433174)|HEAP_ALLOCATE|[85]|Bytes:16
07:37:59.0 (44437019)|VARIABLE_SCOPE_BEGIN|[85]|fieldname|String|false|false
07:37:59.0 (44443517)|VARIABLE_ASSIGNMENT|[85]|fieldname|"LastActivityDate"
07:37:59.0 (44446721)|STATEMENT_EXECUTE|[86]
07:37:59.0 (44448952)|HEAP_ALLOCATE|[86]|Bytes:17
07:37:59.0 (44452730)|HEAP_ALLOCATE|[86]|Bytes:116
07:37:59.0 (44457462)|VARIABLE_ASSIGNMENT|[86]|allfields|"Id,OwnerId,IsDeleted (96 more) ..."
07:37:59.0 (44463684)|HEAP_ALLOCATE|[85]|Bytes:5
07:37:59.0 (44469108)|HEAP_ALLOCATE|[85]|Bytes:14
07:37:59.0 (44472759)|VARIABLE_SCOPE_BEGIN|[85]|fieldname|String|false|false
07:37:59.0 (44479132)|VARIABLE_ASSIGNMENT|[85]|fieldname|"LastViewedDate"
07:37:59.0 (44482310)|STATEMENT_EXECUTE|[86]
07:37:59.0 (44484719)|HEAP_ALLOCATE|[86]|Bytes:15
07:37:59.0 (44488329)|HEAP_ALLOCATE|[86]|Bytes:131
07:37:59.0 (44493065)|VARIABLE_ASSIGNMENT|[86]|allfields|"Id,OwnerId,IsDeleted (111 more) ..."
07:37:59.0 (44499214)|HEAP_ALLOCATE|[85]|Bytes:5
07:37:59.0 (44504736)|HEAP_ALLOCATE|[85]|Bytes:18
07:37:59.0 (44508424)|VARIABLE_SCOPE_BEGIN|[85]|fieldname|String|false|false
07:37:59.0 (44514952)|VARIABLE_ASSIGNMENT|[85]|fieldname|"LastReferencedDate"
07:37:59.0 (44518314)|STATEMENT_EXECUTE|[86]
07:37:59.0 (44520665)|HEAP_ALLOCATE|[86]|Bytes:19
07:37:59.0 (44524086)|HEAP_ALLOCATE|[86]|Bytes:150
07:37:59.0 (44528697)|VARIABLE_ASSIGNMENT|[86]|allfields|"Id,OwnerId,IsDeleted (130 more) ..."
07:37:59.0 (44534902)|HEAP_ALLOCATE|[85]|Bytes:5
07:37:59.0 (44540241)|HEAP_ALLOCATE|[85]|Bytes:9
07:37:59.0 (44543884)|VARIABLE_SCOPE_BEGIN|[85]|fieldname|String|false|false
07:37:59.0 (44549989)|VARIABLE_ASSIGNMENT|[85]|fieldname|"Client__c"
07:37:59.0 (44553052)|STATEMENT_EXECUTE|[86]
07:37:59.0 (44555426)|HEAP_ALLOCATE|[86]|Bytes:10
07:37:59.0 (44560363)|HEAP_ALLOCATE|[86]|Bytes:160
07:37:59.0 (44568883)|VARIABLE_ASSIGNMENT|[86]|allfields|"Id,OwnerId,IsDeleted (140 more) ..."
07:37:59.0 (44581457)|HEAP_ALLOCATE|[85]|Bytes:5
07:37:59.0 (44592943)|HEAP_ALLOCATE|[85]|Bytes:15
07:37:59.0 (44600479)|VARIABLE_SCOPE_BEGIN|[85]|fieldname|String|false|false
07:37:59.0 (44612829)|VARIABLE_ASSIGNMENT|[85]|fieldname|"End_Customer__c"
07:37:59.0 (44619214)|STATEMENT_EXECUTE|[86]
07:37:59.0 (44624990)|HEAP_ALLOCATE|[86]|Bytes:16
07:37:59.0 (44632404)|HEAP_ALLOCATE|[86]|Bytes:176
07:37:59.0 (44639098)|VARIABLE_ASSIGNMENT|[86]|allfields|"Id,OwnerId,IsDeleted (156 more) ..."
07:37:59.0 (44648402)|HEAP_ALLOCATE|[85]|Bytes:5
07:37:59.0 (44655156)|HEAP_ALLOCATE|[85]|Bytes:19
07:37:59.0 (44659419)|VARIABLE_SCOPE_BEGIN|[85]|fieldname|String|false|false
07:37:59.0 (44666110)|VARIABLE_ASSIGNMENT|[85]|fieldname|"Operation_Region__c"
07:37:59.0 (44669261)|STATEMENT_EXECUTE|[86]
07:37:59.0 (44671814)|HEAP_ALLOCATE|[86]|Bytes:20
07:37:59.0 (44675516)|HEAP_ALLOCATE|[86]|Bytes:196
07:37:59.0 (44679909)|VARIABLE_ASSIGNMENT|[86]|allfields|"Id,OwnerId,IsDeleted (176 more) ..."
07:37:59.0 (44686338)|HEAP_ALLOCATE|[85]|Bytes:5
07:37:59.0 (44691712)|HEAP_ALLOCATE|[85]|Bytes:14
07:37:59.0 (44695381)|VARIABLE_SCOPE_BEGIN|[85]|fieldname|String|false|false
07:37:59.0 (44701916)|VARIABLE_ASSIGNMENT|[85]|fieldname|"Work_Region__c"
07:37:59.0 (44709574)|STATEMENT_EXECUTE|[86]
07:37:59.0 (44712269)|HEAP_ALLOCATE|[86]|Bytes:15
07:37:59.0 (44715865)|HEAP_ALLOCATE|[86]|Bytes:211
07:37:59.0 (44720841)|VARIABLE_ASSIGNMENT|[86]|allfields|"Id,OwnerId,IsDeleted (191 more) ..."
07:37:59.0 (44727748)|HEAP_ALLOCATE|[85]|Bytes:5
07:37:59.0 (44733491)|HEAP_ALLOCATE|[85]|Bytes:25
07:37:59.0 (44737332)|VARIABLE_SCOPE_BEGIN|[85]|fieldname|String|false|false
07:37:59.0 (44743862)|VARIABLE_ASSIGNMENT|[85]|fieldname|"Client_Project_Manag (5 more) ..."
07:37:59.0 (44746896)|STATEMENT_EXECUTE|[86]
07:37:59.0 (44749258)|HEAP_ALLOCATE|[86]|Bytes:26
07:37:59.0 (44752715)|HEAP_ALLOCATE|[86]|Bytes:237
07:37:59.0 (44757233)|VARIABLE_ASSIGNMENT|[86]|allfields|"Id,OwnerId,IsDeleted (217 more) ..."
07:37:59.0 (44763522)|HEAP_ALLOCATE|[85]|Bytes:5
07:37:59.0 (44768801)|HEAP_ALLOCATE|[85]|Bytes:15
07:37:59.0 (44772696)|VARIABLE_SCOPE_BEGIN|[85]|fieldname|String|false|false
07:37:59.0 (44783662)|VARIABLE_ASSIGNMENT|[85]|fieldname|"Project_code__c"
07:37:59.0 (44789531)|STATEMENT_EXECUTE|[86]
07:37:59.0 (44794056)|HEAP_ALLOCATE|[86]|Bytes:16
07:37:59.0 (44801330)|HEAP_ALLOCATE|[86]|Bytes:253
07:37:59.0 (44810818)|VARIABLE_ASSIGNMENT|[86]|allfields|"Id,OwnerId,IsDeleted (233 more) ..."
07:37:59.0 (44826228)|HEAP_ALLOCATE|[85]|Bytes:5
07:37:59.0 (44836154)|HEAP_ALLOCATE|[85]|Bytes:23
07:37:59.0 (44840874)|VARIABLE_SCOPE_BEGIN|[85]|fieldname|String|false|false
07:37:59.0 (44852525)|VARIABLE_ASSIGNMENT|[85]|fieldname|"Company_project_code (3 more) ..."
07:37:59.0 (44855926)|STATEMENT_EXECUTE|[86]
07:37:59.0 (44860077)|HEAP_ALLOCATE|[86]|Bytes:24
07:37:59.0 (44865632)|HEAP_ALLOCATE|[86]|Bytes:277
07:37:59.0 (44870488)|VARIABLE_ASSIGNMENT|[86]|allfields|"Id,OwnerId,IsDeleted (257 more) ..."
07:37:59.0 (44877754)|HEAP_ALLOCATE|[85]|Bytes:5
07:37:59.0 (44883827)|HEAP_ALLOCATE|[85]|Bytes:16
07:37:59.0 (44887632)|VARIABLE_SCOPE_BEGIN|[85]|fieldname|String|false|false
07:37:59.0 (44894436)|VARIABLE_ASSIGNMENT|[85]|fieldname|"Project_Scope__c"
07:37:59.0 (44897579)|STATEMENT_EXECUTE|[86]
07:37:59.0 (44900256)|HEAP_ALLOCATE|[86]|Bytes:17
07:37:59.0 (44903868)|HEAP_ALLOCATE|[86]|Bytes:294
07:37:59.0 (44908162)|VARIABLE_ASSIGNMENT|[86]|allfields|"Id,OwnerId,IsDeleted (274 more) ..."
07:37:59.0 (44914301)|HEAP_ALLOCATE|[85]|Bytes:5
07:37:59.0 (44919758)|HEAP_ALLOCATE|[85]|Bytes:14
07:37:59.0 (44923489)|VARIABLE_SCOPE_BEGIN|[85]|fieldname|String|false|false
07:37:59.0 (44929566)|VARIABLE_ASSIGNMENT|[85]|fieldname|"Cost_Centre__c"
07:37:59.0 (44932673)|STATEMENT_EXECUTE|[86]
07:37:59.0 (44934948)|HEAP_ALLOCATE|[86]|Bytes:15
07:37:59.0 (44938438)|HEAP_ALLOCATE|[86]|Bytes:309
07:37:59.0 (44942870)|VARIABLE_ASSIGNMENT|[86]|allfields|"Id,OwnerId,IsDeleted (289 more) ..."
07:37:59.0 (44949015)|HEAP_ALLOCATE|[85]|Bytes:5
07:37:59.0 (44954263)|HEAP_ALLOCATE|[85]|Bytes:13
07:37:59.0 (44957987)|VARIABLE_SCOPE_BEGIN|[85]|fieldname|String|false|false
07:37:59.0 (44964175)|VARIABLE_ASSIGNMENT|[85]|fieldname|"Production__c"
07:37:59.0 (44967305)|STATEMENT_EXECUTE|[86]
07:37:59.0 (44969534)|HEAP_ALLOCATE|[86]|Bytes:14
07:37:59.0 (44973264)|HEAP_ALLOCATE|[86]|Bytes:323
07:37:59.0 (44977757)|VARIABLE_ASSIGNMENT|[86]|allfields|"Id,OwnerId,IsDeleted (303 more) ..."
07:37:59.0 (44984134)|HEAP_ALLOCATE|[85]|Bytes:5
07:37:59.0 (44989314)|HEAP_ALLOCATE|[85]|Bytes:5
07:37:59.0 (44993089)|VARIABLE_SCOPE_BEGIN|[85]|fieldname|String|false|false
07:37:59.0 (44998968)|VARIABLE_ASSIGNMENT|[85]|fieldname|"QC__c"
07:37:59.0 (45001921)|STATEMENT_EXECUTE|[86]
07:37:59.0 (45004943)|HEAP_ALLOCATE|[86]|Bytes:6
07:37:59.0 (45008456)|HEAP_ALLOCATE|[86]|Bytes:329
07:37:59.0 (45012788)|VARIABLE_ASSIGNMENT|[86]|allfields|"Id,OwnerId,IsDeleted (309 more) ..."
07:37:59.0 (45019154)|HEAP_ALLOCATE|[85]|Bytes:5
07:37:59.0 (45024535)|HEAP_ALLOCATE|[85]|Bytes:11
07:37:59.0 (45028409)|VARIABLE_SCOPE_BEGIN|[85]|fieldname|String|false|false
07:37:59.0 (45034493)|VARIABLE_ASSIGNMENT|[85]|fieldname|"Delivery__c"
07:37:59.0 (45037595)|STATEMENT_EXECUTE|[86]
07:37:59.0 (45039917)|HEAP_ALLOCATE|[86]|Bytes:12
07:37:59.0 (45043352)|HEAP_ALLOCATE|[86]|Bytes:341
07:37:59.0 (45048247)|VARIABLE_ASSIGNMENT|[86]|allfields|"Id,OwnerId,IsDeleted (321 more) ..."
07:37:59.0 (45054563)|HEAP_ALLOCATE|[85]|Bytes:5
07:37:59.0 (45059990)|HEAP_ALLOCATE|[85]|Bytes:5
07:37:59.0 (45063820)|VARIABLE_SCOPE_BEGIN|[85]|fieldname|String|false|false
07:37:59.0 (45069848)|VARIABLE_ASSIGNMENT|[85]|fieldname|"QA__c"
07:37:59.0 (45072810)|STATEMENT_EXECUTE|[86]
07:37:59.0 (45075036)|HEAP_ALLOCATE|[86]|Bytes:6
07:37:59.0 (45078383)|HEAP_ALLOCATE|[86]|Bytes:347
07:37:59.0 (45082825)|VARIABLE_ASSIGNMENT|[86]|allfields|"Id,OwnerId,IsDeleted (327 more) ..."
07:37:59.0 (45088855)|HEAP_ALLOCATE|[85]|Bytes:5
07:37:59.0 (45094317)|HEAP_ALLOCATE|[85]|Bytes:25
07:37:59.0 (45098007)|VARIABLE_SCOPE_BEGIN|[85]|fieldname|String|false|false
07:37:59.0 (45104769)|VARIABLE_ASSIGNMENT|[85]|fieldname|"OffshoreProjectManag (5 more) ..."
07:37:59.0 (45107813)|STATEMENT_EXECUTE|[86]
07:37:59.0 (45110117)|HEAP_ALLOCATE|[86]|Bytes:26
07:37:59.0 (45113550)|HEAP_ALLOCATE|[86]|Bytes:373
07:37:59.0 (45117789)|VARIABLE_ASSIGNMENT|[86]|allfields|"Id,OwnerId,IsDeleted (353 more) ..."
07:37:59.0 (45124235)|HEAP_ALLOCATE|[85]|Bytes:5
07:37:59.0 (45129506)|HEAP_ALLOCATE|[85]|Bytes:12
07:37:59.0 (45133180)|VARIABLE_SCOPE_BEGIN|[85]|fieldname|String|false|false
07:37:59.0 (45139520)|VARIABLE_ASSIGNMENT|[85]|fieldname|"Team_Lead__c"
07:37:59.0 (45142623)|STATEMENT_EXECUTE|[86]
07:37:59.0 (45144964)|HEAP_ALLOCATE|[86]|Bytes:13
07:37:59.0 (45148647)|HEAP_ALLOCATE|[86]|Bytes:386
07:37:59.0 (45153025)|VARIABLE_ASSIGNMENT|[86]|allfields|"Id,OwnerId,IsDeleted (366 more) ..."
07:37:59.0 (45159191)|HEAP_ALLOCATE|[85]|Bytes:5
07:37:59.0 (45165538)|HEAP_ALLOCATE|[85]|Bytes:21
07:37:59.0 (45172000)|VARIABLE_SCOPE_BEGIN|[85]|fieldname|String|false|false
07:37:59.0 (45185000)|VARIABLE_ASSIGNMENT|[85]|fieldname|"Project_Start_Date__ (1 more) ..."
07:37:59.0 (45190922)|STATEMENT_EXECUTE|[86]
07:37:59.0 (45196220)|HEAP_ALLOCATE|[86]|Bytes:22
07:37:59.0 (45203450)|HEAP_ALLOCATE|[86]|Bytes:408
07:37:59.0 (45212671)|VARIABLE_ASSIGNMENT|[86]|allfields|"Id,OwnerId,IsDeleted (388 more) ..."
07:37:59.0 (45226862)|HEAP_ALLOCATE|[85]|Bytes:5
07:37:59.0 (45234328)|HEAP_ALLOCATE|[85]|Bytes:19
07:37:59.0 (45238692)|VARIABLE_SCOPE_BEGIN|[85]|fieldname|String|false|false
07:37:59.0 (45245897)|VARIABLE_ASSIGNMENT|[85]|fieldname|"Project_End_Date__c"
07:37:59.0 (45249069)|STATEMENT_EXECUTE|[86]
07:37:59.0 (45252047)|HEAP_ALLOCATE|[86]|Bytes:20
07:37:59.0 (45255646)|HEAP_ALLOCATE|[86]|Bytes:428
07:37:59.0 (45260207)|VARIABLE_ASSIGNMENT|[86]|allfields|"Id,OwnerId,IsDeleted (408 more) ..."
07:37:59.0 (45266542)|HEAP_ALLOCATE|[85]|Bytes:5
07:37:59.0 (45272000)|HEAP_ALLOCATE|[85]|Bytes:8
07:37:59.0 (45275714)|VARIABLE_SCOPE_BEGIN|[85]|fieldname|String|false|false
07:37:59.0 (45282186)|VARIABLE_ASSIGNMENT|[85]|fieldname|"Units__c"
07:37:59.0 (45285479)|STATEMENT_EXECUTE|[86]
07:37:59.0 (45287968)|HEAP_ALLOCATE|[86]|Bytes:9
07:37:59.0 (45291425)|HEAP_ALLOCATE|[86]|Bytes:437
07:37:59.0 (45295919)|VARIABLE_ASSIGNMENT|[86]|allfields|"Id,OwnerId,IsDeleted (417 more) ..."
07:37:59.0 (45302505)|HEAP_ALLOCATE|[85]|Bytes:5
07:37:59.0 (45307686)|HEAP_ALLOCATE|[85]|Bytes:8
07:37:59.0 (45311589)|VARIABLE_SCOPE_BEGIN|[85]|fieldname|String|false|false
07:37:59.0 (45317613)|VARIABLE_ASSIGNMENT|[85]|fieldname|"Nodes__c"
07:37:59.0 (45321368)|STATEMENT_EXECUTE|[86]
07:37:59.0 (45324914)|HEAP_ALLOCATE|[86]|Bytes:9
07:37:59.0 (45331650)|HEAP_ALLOCATE|[86]|Bytes:446
07:37:59.0 (45340026)|VARIABLE_ASSIGNMENT|[86]|allfields|"Id,OwnerId,IsDeleted (426 more) ..."
07:37:59.0 (45355295)|HEAP_ALLOCATE|[85]|Bytes:5
07:37:59.0 (45366935)|HEAP_ALLOCATE|[85]|Bytes:10
07:37:59.0 (45374164)|VARIABLE_SCOPE_BEGIN|[85]|fieldname|String|false|false
07:37:59.0 (45386486)|VARIABLE_ASSIGNMENT|[85]|fieldname|"Footage__c"
07:37:59.0 (45392686)|STATEMENT_EXECUTE|[86]
07:37:59.0 (45396931)|HEAP_ALLOCATE|[86]|Bytes:11
07:37:59.0 (45401294)|HEAP_ALLOCATE|[86]|Bytes:457
07:37:59.0 (45406245)|VARIABLE_ASSIGNMENT|[86]|allfields|"Id,OwnerId,IsDeleted (437 more) ..."
07:37:59.0 (45414339)|HEAP_ALLOCATE|[85]|Bytes:5
07:37:59.0 (45420616)|HEAP_ALLOCATE|[85]|Bytes:8
07:37:59.0 (45424420)|VARIABLE_SCOPE_BEGIN|[85]|fieldname|String|false|false
07:37:59.0 (45430683)|VARIABLE_ASSIGNMENT|[85]|fieldname|"Miles__c"
07:37:59.0 (45433632)|STATEMENT_EXECUTE|[86]
07:37:59.0 (45436008)|HEAP_ALLOCATE|[86]|Bytes:9
07:37:59.0 (45439664)|HEAP_ALLOCATE|[86]|Bytes:466
07:37:59.0 (45443993)|VARIABLE_ASSIGNMENT|[86]|allfields|"Id,OwnerId,IsDeleted (446 more) ..."
07:37:59.0 (45450111)|HEAP_ALLOCATE|[85]|Bytes:5
07:37:59.0 (45455491)|HEAP_ALLOCATE|[85]|Bytes:7
07:37:59.0 (45459180)|VARIABLE_SCOPE_BEGIN|[85]|fieldname|String|false|false
07:37:59.0 (45465362)|VARIABLE_ASSIGNMENT|[85]|fieldname|"Jobs__c"
07:37:59.0 (45468548)|STATEMENT_EXECUTE|[86]
07:37:59.0 (45470843)|HEAP_ALLOCATE|[86]|Bytes:8
07:37:59.0 (45474223)|HEAP_ALLOCATE|[86]|Bytes:474
07:37:59.0 (45478768)|VARIABLE_ASSIGNMENT|[86]|allfields|"Id,OwnerId,IsDeleted (454 more) ..."
07:37:59.0 (45485009)|HEAP_ALLOCATE|[85]|Bytes:5
07:37:59.0 (45490262)|HEAP_ALLOCATE|[85]|Bytes:8
07:37:59.0 (45494186)|VARIABLE_SCOPE_BEGIN|[85]|fieldname|String|false|false
07:37:59.0 (45500163)|VARIABLE_ASSIGNMENT|[85]|fieldname|"Hours__c"
07:37:59.0 (45503215)|STATEMENT_EXECUTE|[86]
07:37:59.0 (45505512)|HEAP_ALLOCATE|[86]|Bytes:9
07:37:59.0 (45508907)|HEAP_ALLOCATE|[86]|Bytes:483
07:37:59.0 (45513217)|VARIABLE_ASSIGNMENT|[86]|allfields|"Id,OwnerId,IsDeleted (463 more) ..."
07:37:59.0 (45519340)|HEAP_ALLOCATE|[85]|Bytes:5
07:37:59.0 (45524613)|HEAP_ALLOCATE|[85]|Bytes:7
07:37:59.0 (45528541)|VARIABLE_SCOPE_BEGIN|[85]|fieldname|String|false|false
07:37:59.0 (45534413)|VARIABLE_ASSIGNMENT|[85]|fieldname|"Team__c"
07:37:59.0 (45537348)|STATEMENT_EXECUTE|[86]
07:37:59.0 (45539575)|HEAP_ALLOCATE|[86]|Bytes:8
07:37:59.0 (45543159)|HEAP_ALLOCATE|[86]|Bytes:491
07:37:59.0 (45547581)|VARIABLE_ASSIGNMENT|[86]|allfields|"Id,OwnerId,IsDeleted (471 more) ..."
07:37:59.0 (45553808)|HEAP_ALLOCATE|[85]|Bytes:5
07:37:59.0 (45560467)|VARIABLE_ASSIGNMENT|[85]|fieldname|null
07:37:59.0 (45564361)|STATEMENT_EXECUTE|[88]
07:37:59.0 (45635602)|HEAP_ALLOCATE|[88]|Bytes:490
07:37:59.0 (45648864)|VARIABLE_ASSIGNMENT|[88]|allfields|"Id,OwnerId,IsDeleted (470 more) ..."
07:37:59.0 (45652665)|STATEMENT_EXECUTE|[90]
07:37:59.0 (45665184)|METHOD_EXIT|[16]|01p7F00000Ehro9|PM_Project_Edit_Controller.getAllFields(String)
07:37:59.0 (45672248)|HEAP_ALLOCATE|[16]|Bytes:32
07:37:59.0 (45682252)|HEAP_ALLOCATE|[16]|Bytes:529
07:37:59.0 (46192150)|SOQL_EXECUTE_BEGIN|[16]|Aggregations:0|select Id,OwnerId,IsDeleted,Name,CreatedDate,CreatedById,LastModifiedDate,LastModifiedById,SystemModstamp,LastActivityDate,LastViewedDate,LastReferencedDate,Client__c,End_Customer__c,Operation_Region__c,Work_Region__c,Client_Project_Manager__c,Project_code__c,Company_project_code__c,Project_Scope__c,Cost_Centre__c,Production__c,QC__c,Delivery__c,QA__c,OffshoreProjectManager__c,Team_Lead__c,Project_Start_Date__c,Project_End_Date__c,Units__c,Nodes__c,Footage__c,Miles__c,Jobs__c,Hours__c,Team__c from Project__c where Id = :pid
07:37:59.0 (50225971)|SOQL_EXECUTE_END|[16]|Rows:1
07:37:59.0 (50248772)|HEAP_ALLOCATE|[16]|Bytes:8
07:37:59.0 (50284658)|HEAP_ALLOCATE|[16]|Bytes:969
07:37:59.0 (50342210)|HEAP_ALLOCATE|[16]|Bytes:8
07:37:59.0 (50358962)|HEAP_ALLOCATE|[16]|Bytes:36
07:37:59.0 (50404488)|HEAP_ALLOCATE|[16]|Bytes:144
07:37:59.0 (50461200)|VARIABLE_ASSIGNMENT|[EXTERNAL]|this|{"nonSelectedUserId":"(","project":"0x6f717064","usersList":"0x50d06f01"}|0x191965c3
07:37:59.0 (50525438)|VARIABLE_ASSIGNMENT|[EXTERNAL]|value|{"Id":"a057F0000039WImQAM","OwnerId":"0057F000000Tiz6QAC","IsDeleted":false,"Name":"13","CreatedDate":"2018-01-22T13:31:57.000Z","CreatedById":"0057F000000Tiz6QAC","LastModifiedDate":"2018-01-22T14:54:39.000Z","LastModifiedById":"0057F000000Tiz6QAC","SystemModstamp":"2018-01-22T14:54:39.000Z","LastViewedDate":"2018-01-22T15:37:24.000Z","LastReferencedDate":"2018-01-22T15:37:24.000Z","Client__c":"a047F000002zkUUQAY","End_Customer__c":"sdf","Operation_Region__c":"sdf","Work_Region__c":"vxcvxc","Client_Project_Manag (5 more) ...":"135","Project_code__c":"43","Company_project_code (3 more) ...":"13588","Project_Scope__c":"ASBUILT","Cost_Centre__c":"3","Production__c":20,"QC__c":30,"Delivery__c":40,"QA__c":10,"OffshoreProjectManag (5 more) ...":"0057F000000TpcqQAC","Team_Lead__c":"0057F000000TyzGQAS","Project_Start_Date__ (1 more) ...":"2018-01-22T00:00:00.000Z","Project_End_Date__c":"2018-01-22T00:00:00.000Z","Units__c":true,"Nodes__c":true,"Footage__c":true,"Miles__c":true,"Jobs__c":true,"Hours__c":true,"Team__c":"Ravi teja, Yashwanth (7 more) ..."}|0x6b410337
07:37:59.0 (50581735)|VARIABLE_ASSIGNMENT|[3]|this.project|{"Id":"a057F0000039WImQAM","OwnerId":"0057F000000Tiz6QAC","IsDeleted":false,"Name":"13","CreatedDate":"2018-01-22T13:31:57.000Z","CreatedById":"0057F000000Tiz6QAC","LastModifiedDate":"2018-01-22T14:54:39.000Z","LastModifiedById":"0057F000000Tiz6QAC","SystemModstamp":"2018-01-22T14:54:39.000Z","LastViewedDate":"2018-01-22T15:37:24.000Z","LastReferencedDate":"2018-01-22T15:37:24.000Z","Client__c":"a047F000002zkUUQAY","End_Customer__c":"sdf","Operation_Region__c":"sdf","Work_Region__c":"vxcvxc","Client_Project_Manag (5 more) ...":"135","Project_code__c":"43","Company_project_code (3 more) ...":"13588","Project_Scope__c":"ASBUILT","Cost_Centre__c":"3","Production__c":20,"QC__c":30,"Delivery__c":40,"QA__c":10,"OffshoreProjectManag (5 more) ...":"0057F000000TpcqQAC","Team_Lead__c":"0057F000000TyzGQAS","Project_Start_Date__ (1 more) ...":"2018-01-22T00:00:00.000Z","Project_End_Date__c":"2018-01-22T00:00:00.000Z","Units__c":true,"Nodes__c":true,"Footage__c":true,"Miles__c":true,"Jobs__c":true,"Hours__c":true,"Team__c":"Ravi teja, Yashwanth (7 more) ..."}|0x191965c3
07:37:59.0 (50603913)|STATEMENT_EXECUTE|[17]
07:37:59.0 (50650147)|VARIABLE_ASSIGNMENT|[EXTERNAL]|this|{"nonSelectedUserId":"(","project":"0x6b410337","usersList":"0x50d06f01"}|0x191965c3
07:37:59.0 (50727576)|VARIABLE_ASSIGNMENT|[EXTERNAL]|this|{"nonSelectedUserId":"(","project":"0x6b410337","usersList":"0x50d06f01"}|0x191965c3
07:37:59.0 (50736503)|VARIABLE_ASSIGNMENT|[EXTERNAL]|value|"13"
07:37:59.0 (50745365)|VARIABLE_ASSIGNMENT|[4]|this.pName|"13"|0x191965c3
07:37:59.0 (50752794)|STATEMENT_EXECUTE|[19]
07:37:59.0 (50756129)|HEAP_ALLOCATE|[19]|Bytes:86
07:37:59.0 (50776538)|HEAP_ALLOCATE|[19]|Bytes:4
07:37:59.0 (50789307)|HEAP_ALLOCATE|[19]|Bytes:7
07:37:59.0 (51750429)|SOQL_EXECUTE_BEGIN|[19]|Aggregations:0|SELECT Name, UserLink__c FROM ProjectJobAssociation__c WHERE ProjectLink__c = :tmpVar1
07:37:59.0 (54099275)|SOQL_EXECUTE_END|[19]|Rows:3
07:37:59.0 (54120229)|HEAP_ALLOCATE|[19]|Bytes:16
07:37:59.0 (54153557)|HEAP_ALLOCATE|[19]|Bytes:216
07:37:59.0 (54225713)|HEAP_ALLOCATE|[19]|Bytes:16
07:37:59.0 (54241331)|VARIABLE_SCOPE_BEGIN|[19]|pja|List<ProjectJobAssociation__c>|true|false
07:37:59.0 (54268039)|VARIABLE_ASSIGNMENT|[19]|pja|[{"Name":"77","UserLink__c":"0057F000000TrBGQA0","Id":"a087F000009Jz1ZQAS"},{"Name":"78","UserLink__c":"0057F000000TrBVQA0","Id":"a087F000009Jz1aQAC"},{"Name":"79","UserLink__c":"0057F000000Tz0iQAC","Id":"a087F000009Jz1bQAC"}]|0x26ccebbc
07:37:59.0 (54275852)|STATEMENT_EXECUTE|[20]
07:37:59.0 (54288011)|HEAP_ALLOCATE|[20]|Bytes:4
07:37:59.0 (54349976)|VARIABLE_ASSIGNMENT|[EXTERNAL]|this|{"nonSelectedUserId":"(","pName":"13","project":"0x6b410337","usersList":"0x50d06f01"}|0x191965c3
07:37:59.0 (54376611)|HEAP_ALLOCATE|[EXTERNAL]|Bytes:4
07:37:59.0 (54384675)|VARIABLE_ASSIGNMENT|[EXTERNAL]|value|[]|0xca15439
07:37:59.0 (54396444)|VARIABLE_ASSIGNMENT|[6]|this.selectedUsers|[]|0x191965c3
07:37:59.0 (54540989)|HEAP_ALLOCATE|[21]|Bytes:5
07:37:59.0 (54557413)|HEAP_ALLOCATE|[21]|Bytes:16
07:37:59.0 (54565410)|VARIABLE_SCOPE_BEGIN|[21]|spja|ProjectJobAssociation__c|true|false
07:37:59.0 (54579994)|VARIABLE_ASSIGNMENT|[21]|spja|{"Name":"77","UserLink__c":"0057F000000TrBGQA0","Id":"a087F000009Jz1ZQAS"}|0x59e25f0a
07:37:59.0 (54585862)|STATEMENT_EXECUTE|[21]
07:37:59.0 (54587290)|STATEMENT_EXECUTE|[22]
07:37:59.0 (54590587)|HEAP_ALLOCATE|[22]|Bytes:45
07:37:59.0 (54602248)|HEAP_ALLOCATE|[22]|Bytes:4
07:37:59.0 (55829309)|SOQL_EXECUTE_BEGIN|[22]|Aggregations:0|SELECT Id, Name FROM User WHERE Id = :tmpVar1
07:37:59.0 (59254667)|SOQL_EXECUTE_END|[22]|Rows:1
07:37:59.0 (59274874)|HEAP_ALLOCATE|[22]|Bytes:8
07:37:59.0 (59287662)|HEAP_ALLOCATE|[22]|Bytes:46
07:37:59.0 (59339403)|HEAP_ALLOCATE|[22]|Bytes:8
07:37:59.0 (59352411)|HEAP_ALLOCATE|[22]|Bytes:30
07:37:59.0 (59378402)|HEAP_ALLOCATE|[22]|Bytes:12
07:37:59.0 (59385561)|VARIABLE_SCOPE_BEGIN|[22]|user1|User|true|false
07:37:59.0 (59407135)|VARIABLE_ASSIGNMENT|[22]|user1|{"Id":"0057F000000TrBGQA0","Name":"Ravi teja"}|0x1d9350f8
07:37:59.0 (59412947)|STATEMENT_EXECUTE|[23]
07:37:59.0 (59417738)|HEAP_ALLOCATE|[23]|Bytes:1
07:37:59.0 (59490215)|HEAP_ALLOCATE|[23]|Bytes:18
07:37:59.0 (59503951)|HEAP_ALLOCATE|[23]|Bytes:2
07:37:59.0 (59519434)|HEAP_ALLOCATE|[23]|Bytes:21
07:37:59.0 (59526176)|HEAP_ALLOCATE|[23]|Bytes:22
07:37:59.0 (59538454)|VARIABLE_ASSIGNMENT|[23]|this.nonSelectedUserId|"('0057F000000TrBGQA0 (2 more) ..."|0x191965c3
07:37:59.0 (59543770)|STATEMENT_EXECUTE|[24]
07:37:59.0 (59588074)|VARIABLE_ASSIGNMENT|[EXTERNAL]|this|{"nonSelectedUserId":"('0057F000000TrBGQA0 (2 more) ...","pName":"13","project":"0x6b410337","selectedUsers":"0xca15439","usersList":"0x50d06f01"}|0x191965c3
07:37:59.0 (59615884)|HEAP_ALLOCATE|[24]|Bytes:18
07:37:59.0 (59672002)|HEAP_ALLOCATE|[EXTERNAL]|Bytes:4
07:37:59.0 (59688284)|HEAP_ALLOCATE|[21]|Bytes:5
07:37:59.0 (59700161)|HEAP_ALLOCATE|[21]|Bytes:16
07:37:59.0 (59707440)|VARIABLE_SCOPE_BEGIN|[21]|spja|ProjectJobAssociation__c|true|false
07:37:59.0 (59723664)|VARIABLE_ASSIGNMENT|[21]|spja|{"Name":"78","UserLink__c":"0057F000000TrBVQA0","Id":"a087F000009Jz1aQAC"}|0x7dff2cb
07:37:59.0 (59729148)|STATEMENT_EXECUTE|[21]
07:37:59.0 (59730407)|STATEMENT_EXECUTE|[22]
07:37:59.0 (59740709)|HEAP_ALLOCATE|[22]|Bytes:4
07:37:59.0 (59872919)|SOQL_EXECUTE_BEGIN|[22]|Aggregations:0|SELECT Id, Name FROM User WHERE Id = :tmpVar1
07:37:59.0 (62300265)|SOQL_EXECUTE_END|[22]|Rows:1
07:37:59.0 (62319746)|HEAP_ALLOCATE|[22]|Bytes:8
07:37:59.0 (62332721)|HEAP_ALLOCATE|[22]|Bytes:46
07:37:59.0 (62360976)|HEAP_ALLOCATE|[22]|Bytes:8
07:37:59.0 (62377784)|HEAP_ALLOCATE|[22]|Bytes:12
07:37:59.0 (62384204)|VARIABLE_SCOPE_BEGIN|[22]|user1|User|true|false
07:37:59.0 (62400821)|VARIABLE_ASSIGNMENT|[22]|user1|{"Id":"0057F000000TrBVQA0","Name":"Yashwanth"}|0x6267b621
07:37:59.0 (62406319)|STATEMENT_EXECUTE|[23]
07:37:59.0 (62431246)|HEAP_ALLOCATE|[23]|Bytes:18
07:37:59.0 (62445103)|HEAP_ALLOCATE|[23]|Bytes:21
07:37:59.0 (62449634)|HEAP_ALLOCATE|[23]|Bytes:43
07:37:59.0 (62461827)|VARIABLE_ASSIGNMENT|[23]|this.nonSelectedUserId|"('0057F000000TrBGQA0 (23 more) ..."|0x191965c3
07:37:59.0 (62470367)|STATEMENT_EXECUTE|[24]
07:37:59.0 (62508054)|VARIABLE_ASSIGNMENT|[EXTERNAL]|this|{"nonSelectedUserId":"('0057F000000TrBGQA0 (23 more) ...","pName":"13","project":"0x6b410337","selectedUsers":"0xca15439","usersList":"0x50d06f01"}|0x191965c3
07:37:59.0 (62530005)|HEAP_ALLOCATE|[24]|Bytes:18
07:37:59.0 (62545890)|HEAP_ALLOCATE|[EXTERNAL]|Bytes:4
07:37:59.0 (62560526)|HEAP_ALLOCATE|[21]|Bytes:5
07:37:59.0 (62571757)|HEAP_ALLOCATE|[21]|Bytes:16
07:37:59.0 (62578252)|VARIABLE_SCOPE_BEGIN|[21]|spja|ProjectJobAssociation__c|true|false
07:37:59.0 (62592574)|VARIABLE_ASSIGNMENT|[21]|spja|{"Name":"79","UserLink__c":"0057F000000Tz0iQAC","Id":"a087F000009Jz1bQAC"}|0x4e454b69
07:37:59.0 (62598040)|STATEMENT_EXECUTE|[21]
07:37:59.0 (62599511)|STATEMENT_EXECUTE|[22]
07:37:59.0 (62609732)|HEAP_ALLOCATE|[22]|Bytes:4
07:37:59.0 (62762495)|SOQL_EXECUTE_BEGIN|[22]|Aggregations:0|SELECT Id, Name FROM User WHERE Id = :tmpVar1
07:37:59.0 (65136995)|SOQL_EXECUTE_END|[22]|Rows:1
07:37:59.0 (65155963)|HEAP_ALLOCATE|[22]|Bytes:8
07:37:59.0 (65168651)|HEAP_ALLOCATE|[22]|Bytes:42
07:37:59.0 (65197656)|HEAP_ALLOCATE|[22]|Bytes:8
07:37:59.0 (65214646)|HEAP_ALLOCATE|[22]|Bytes:12
07:37:59.0 (65221177)|VARIABLE_SCOPE_BEGIN|[22]|user1|User|true|false
07:37:59.0 (65237582)|VARIABLE_ASSIGNMENT|[22]|user1|{"Id":"0057F000000Tz0iQAC","Name":"Richa"}|0x2b9788c1
07:37:59.0 (65243040)|STATEMENT_EXECUTE|[23]
07:37:59.0 (65267972)|HEAP_ALLOCATE|[23]|Bytes:18
07:37:59.0 (65281436)|HEAP_ALLOCATE|[23]|Bytes:21
07:37:59.0 (65285970)|HEAP_ALLOCATE|[23]|Bytes:64
07:37:59.0 (65296453)|VARIABLE_ASSIGNMENT|[23]|this.nonSelectedUserId|"('0057F000000TrBGQA0 (44 more) ..."|0x191965c3
07:37:59.0 (65301291)|STATEMENT_EXECUTE|[24]
07:37:59.0 (65330122)|VARIABLE_ASSIGNMENT|[EXTERNAL]|this|{"nonSelectedUserId":"('0057F000000TrBGQA0 (44 more) ...","pName":"13","project":"0x6b410337","selectedUsers":"0xca15439","usersList":"0x50d06f01"}|0x191965c3
07:37:59.0 (65348739)|HEAP_ALLOCATE|[24]|Bytes:18
07:37:59.0 (65363892)|HEAP_ALLOCATE|[EXTERNAL]|Bytes:4
07:37:59.0 (65378476)|HEAP_ALLOCATE|[21]|Bytes:5
07:37:59.0 (65390282)|VARIABLE_ASSIGNMENT|[21]|spja|null|
07:37:59.0 (65395008)|STATEMENT_EXECUTE|[26]
07:37:59.0 (65437787)|HEAP_ALLOCATE|[26]|Bytes:63
07:37:59.0 (65452454)|VARIABLE_ASSIGNMENT|[26]|this.nonSelectedUserId|"('0057F000000TrBGQA0 (43 more) ..."|0x191965c3
07:37:59.0 (65457323)|STATEMENT_EXECUTE|[27]
07:37:59.0 (65460444)|HEAP_ALLOCATE|[27]|Bytes:1
07:37:59.0 (65465567)|HEAP_ALLOCATE|[27]|Bytes:64
07:37:59.0 (65471497)|VARIABLE_ASSIGNMENT|[27]|this.nonSelectedUserId|"('0057F000000TrBGQA0 (44 more) ..."|0x191965c3
07:37:59.0 (65481107)|SYSTEM_MODE_EXIT|false
07:37:59.0 (65577884)|SYSTEM_MODE_ENTER|true
07:37:59.0 (120164140)|VF_SERIALIZE_VIEWSTATE_BEGIN|0667F000004uMWq
07:37:59.0 (122131910)|VF_SERIALIZE_VIEWSTATE_END
07:37:59.124 (124584821)|CUMULATIVE_LIMIT_USAGE
07:37:59.124 (124584821)|LIMIT_USAGE_FOR_NS|(default)|
  Number of SOQL queries: 5 out of 100
  Number of query rows: 7 out of 50000
  Number of SOSL queries: 0 out of 20
  Number of DML statements: 0 out of 150
  Number of DML rows: 0 out of 10000
  Maximum CPU time: 0 out of 10000
  Maximum heap size: 0 out of 6000000
  Number of callouts: 0 out of 100
  Number of Email Invocations: 0 out of 10
  Number of future calls: 0 out of 50
  Number of queueable jobs added to the queue: 0 out of 50
  Number of Mobile Apex push calls: 0 out of 10

07:37:59.124 (124584821)|CUMULATIVE_LIMIT_USAGE_END

07:37:59.0 (124622714)|CODE_UNIT_FINISHED|VF: /apex/ProjectPage
07:37:59.0 (125345341)|EXECUTION_FINISHED
