36.0 APEX_CODE,FINEST;APEX_PROFILING,INFO;CALLOUT,INFO;DB,INFO;SYSTEM,DEBUG;VALIDATION,INFO;VISUALFORCE,INFO;WAVE,INFO;WORKFLOW,INFO
23:35:07.0 (329414)|USER_INFO|[EXTERNAL]|0057F000000Tiz6|ksb994@salesforce.com|Pacific Standard Time|GMT-08:00
23:35:07.0 (367506)|EXECUTION_STARTED
23:35:07.0 (372081)|CODE_UNIT_STARTED|[EXTERNAL]|0667F000004uRC1|VF: /apex/PM_Project_Edit
23:35:07.0 (24801898)|SYSTEM_MODE_ENTER|true
23:35:07.0 (25258742)|HEAP_ALLOCATE|[72]|Bytes:3
23:35:07.0 (25313883)|HEAP_ALLOCATE|[77]|Bytes:152
23:35:07.0 (25340555)|HEAP_ALLOCATE|[342]|Bytes:408
23:35:07.0 (25373188)|HEAP_ALLOCATE|[355]|Bytes:408
23:35:07.0 (25405357)|HEAP_ALLOCATE|[467]|Bytes:48
23:35:07.0 (25448006)|HEAP_ALLOCATE|[139]|Bytes:6
23:35:07.0 (25478249)|HEAP_ALLOCATE|[EXTERNAL]|Bytes:112
23:35:07.0 (25488017)|HEAP_ALLOCATE|[EXTERNAL]|Bytes:8
23:35:07.0 (25493879)|HEAP_ALLOCATE|[EXTERNAL]|Bytes:4
23:35:07.0 (25521367)|METHOD_ENTRY|[1]|01p7F00000Ehro9|PM_Project_Edit_Controller.PM_Project_Edit_Controller()
23:35:07.0 (25532580)|STATEMENT_EXECUTE|[1]
23:35:07.0 (25538828)|STATEMENT_EXECUTE|[1]
23:35:07.0 (25576875)|HEAP_ALLOCATE|[50]|Bytes:5
23:35:07.0 (25604039)|HEAP_ALLOCATE|[56]|Bytes:5
23:35:07.0 (25613833)|HEAP_ALLOCATE|[64]|Bytes:7
23:35:07.0 (25639060)|SYSTEM_MODE_ENTER|false
23:35:07.0 (25650873)|HEAP_ALLOCATE|[EXTERNAL]|Bytes:5
23:35:07.0 (25659301)|SYSTEM_MODE_EXIT|false
23:35:07.0 (25667469)|METHOD_EXIT|[1]|PM_Project_Edit_Controller
23:35:07.0 (25713663)|HEAP_ALLOCATE|[EXTERNAL]|Bytes:12
23:35:07.0 (25834264)|VARIABLE_SCOPE_BEGIN|[6]|this|PM_Project_Edit_Controller|true|false
23:35:07.0 (25922282)|VARIABLE_ASSIGNMENT|[6]|this|{}|0x13bf3200
23:35:07.0 (25938201)|VARIABLE_SCOPE_BEGIN|[6]|stdController|ApexPages.StandardController|true|false
23:35:07.0 (26125445)|VARIABLE_ASSIGNMENT|[6]|stdController|"StandardController [null]"|0x4180a072
23:35:07.0 (26160432)|SYSTEM_MODE_ENTER|false
23:35:07.0 (26172239)|HEAP_ALLOCATE|[7]|Bytes:5
23:35:07.0 (26179696)|STATEMENT_EXECUTE|[1]
23:35:07.0 (26190417)|HEAP_ALLOCATE|[7]|Bytes:5
23:35:07.0 (26196407)|STATEMENT_EXECUTE|[3]
23:35:07.0 (26198698)|STATEMENT_EXECUTE|[4]
23:35:07.0 (26211966)|HEAP_ALLOCATE|[7]|Bytes:6
23:35:07.0 (26264125)|STATEMENT_EXECUTE|[6]
23:35:07.0 (26266739)|STATEMENT_EXECUTE|[7]
23:35:07.0 (26435413)|HEAP_ALLOCATE|[7]|Bytes:4
23:35:07.0 (26497371)|VARIABLE_ASSIGNMENT|[EXTERNAL]|this|{}|0x13bf3200
23:35:07.0 (26518668)|VARIABLE_ASSIGNMENT|[EXTERNAL]|value|{}|0x73df1f04
23:35:07.0 (26539418)|VARIABLE_ASSIGNMENT|[3]|this.mysObject|{}|0x13bf3200
23:35:07.0 (26555369)|STATEMENT_EXECUTE|[8]
23:35:07.0 (26603433)|HEAP_ALLOCATE|[8]|Bytes:43
23:35:07.0 (26659293)|HEAP_ALLOCATE|[8]|Bytes:18
23:35:07.0 (26701358)|HEAP_ALLOCATE|[8]|Bytes:3
23:35:07.0 (26751584)|HEAP_ALLOCATE|[8]|Bytes:4
23:35:07.0 (26762819)|VARIABLE_SCOPE_BEGIN|[8]|pid|Id|false|false
23:35:07.0 (26868274)|VARIABLE_ASSIGNMENT|[8]|pid|"a057F000002dVv5QAE"
23:35:07.0 (26881030)|STATEMENT_EXECUTE|[9]
23:35:07.0 (26885945)|HEAP_ALLOCATE|[9]|Bytes:24
23:35:07.0 (26952289)|VARIABLE_ASSIGNMENT|[EXTERNAL]|this|{"mysObject":"0x73df1f04"}|0x13bf3200
23:35:07.0 (27015232)|HEAP_ALLOCATE|[9]|Bytes:13
23:35:07.0 (27046104)|HEAP_ALLOCATE|[9]|Bytes:37
23:35:07.0 (27070717)|USER_DEBUG|[9]|DEBUG|------------------------Project__c:{}
23:35:07.0 (27083298)|STATEMENT_EXECUTE|[12]
23:35:07.0 (27087464)|HEAP_ALLOCATE|[12]|Bytes:51
23:35:07.0 (27109580)|HEAP_ALLOCATE|[12]|Bytes:4
23:35:07.0 (27127582)|HEAP_ALLOCATE|[12]|Bytes:7
23:35:07.0 (27392713)|SOQL_EXECUTE_BEGIN|[12]|Aggregations:0|SELECT Id, name FROM Project__c WHERE Id = :tmpVar1
23:35:07.0 (31462441)|SOQL_EXECUTE_END|[12]|Rows:1
23:35:07.0 (31495970)|HEAP_ALLOCATE|[12]|Bytes:8
23:35:07.0 (31517742)|HEAP_ALLOCATE|[12]|Bytes:44
23:35:07.0 (31642728)|HEAP_ALLOCATE|[12]|Bytes:8
23:35:07.0 (31663412)|HEAP_ALLOCATE|[12]|Bytes:36
23:35:07.0 (31722014)|HEAP_ALLOCATE|[12]|Bytes:12
23:35:07.0 (31778702)|VARIABLE_ASSIGNMENT|[EXTERNAL]|this|{"mysObject":"0x73df1f04"}|0x13bf3200
23:35:07.0 (31802690)|VARIABLE_ASSIGNMENT|[EXTERNAL]|value|{"Id":"a057F000002dVv5QAE","Name":"tm Test"}|0x74865874
23:35:07.0 (31824217)|VARIABLE_ASSIGNMENT|[3]|this.mysObject|{"Id":"a057F000002dVv5QAE","Name":"tm Test"}|0x13bf3200
23:35:07.0 (31840729)|STATEMENT_EXECUTE|[13]
23:35:07.0 (31881834)|VARIABLE_ASSIGNMENT|[EXTERNAL]|this|{"mysObject":"0x74865874"}|0x13bf3200
23:35:07.0 (31960652)|HEAP_ALLOCATE|[13]|Bytes:48
23:35:07.0 (31984757)|HEAP_ALLOCATE|[13]|Bytes:72
23:35:07.0 (32001142)|USER_DEBUG|[13]|DEBUG|------------------------Project__c:{Id=a057F000002dVv5QAE, Name=tm Test}
23:35:07.0 (32013361)|STATEMENT_EXECUTE|[14]
23:35:07.0 (32047400)|VARIABLE_ASSIGNMENT|[EXTERNAL]|this|{"mysObject":"0x74865874"}|0x13bf3200
23:35:07.0 (32123035)|VARIABLE_ASSIGNMENT|[EXTERNAL]|this|{"mysObject":"0x74865874"}|0x13bf3200
23:35:07.0 (32137699)|VARIABLE_ASSIGNMENT|[EXTERNAL]|value|"tm Test"
23:35:07.0 (32151008)|VARIABLE_ASSIGNMENT|[4]|this.pName|"tm Test"|0x13bf3200
23:35:07.0 (32167593)|SYSTEM_MODE_EXIT|false
23:35:07.0 (44731251)|SYSTEM_MODE_ENTER|true
23:35:07.0 (46765729)|VF_SERIALIZE_VIEWSTATE_BEGIN|0667F000004uRC1
23:35:07.0 (55479816)|VF_SERIALIZE_VIEWSTATE_END
23:35:07.57 (57317305)|CUMULATIVE_LIMIT_USAGE
23:35:07.57 (57317305)|LIMIT_USAGE_FOR_NS|(default)|
  Number of SOQL queries: 1 out of 100
  Number of query rows: 1 out of 50000
  Number of SOSL queries: 0 out of 20
  Number of DML statements: 0 out of 150
  Number of DML rows: 0 out of 10000
  Maximum CPU time: 0 out of 10000
  Maximum heap size: 0 out of 6000000
  Number of callouts: 0 out of 100
  Number of Email Invocations: 0 out of 10
  Number of future calls: 0 out of 50
  Number of queueable jobs added to the queue: 0 out of 50
  Number of Mobile Apex push calls: 0 out of 10

23:35:07.57 (57317305)|CUMULATIVE_LIMIT_USAGE_END

23:35:07.0 (57353379)|CODE_UNIT_FINISHED|VF: /apex/PM_Project_Edit
23:35:07.0 (58110123)|EXECUTION_FINISHED
