36.0 APEX_CODE,FINEST;APEX_PROFILING,INFO;CALLOUT,INFO;DB,INFO;SYSTEM,DEBUG;VALIDATION,INFO;VISUALFORCE,INFO;WAVE,INFO;WORKFLOW,INFO
00:42:39.0 (291711)|USER_INFO|[EXTERNAL]|0057F000000Tiz6|ksb994@salesforce.com|Pacific Standard Time|GMT-08:00
00:42:39.0 (325802)|EXECUTION_STARTED
00:42:39.0 (329242)|CODE_UNIT_STARTED|[EXTERNAL]|0667F000004uRC1|VF: /apex/PM_Project_Edit
00:42:39.0 (100130995)|SYSTEM_MODE_ENTER|true
00:42:39.0 (100490071)|HEAP_ALLOCATE|[72]|Bytes:3
00:42:39.0 (100528437)|HEAP_ALLOCATE|[77]|Bytes:152
00:42:39.0 (100542611)|HEAP_ALLOCATE|[342]|Bytes:408
00:42:39.0 (100556204)|HEAP_ALLOCATE|[355]|Bytes:408
00:42:39.0 (100569116)|HEAP_ALLOCATE|[467]|Bytes:48
00:42:39.0 (100593269)|HEAP_ALLOCATE|[139]|Bytes:6
00:42:39.0 (100606680)|HEAP_ALLOCATE|[EXTERNAL]|Bytes:144
00:42:39.0 (100611996)|HEAP_ALLOCATE|[EXTERNAL]|Bytes:20
00:42:39.0 (100614943)|HEAP_ALLOCATE|[EXTERNAL]|Bytes:2
00:42:39.0 (100632317)|METHOD_ENTRY|[1]|01p7F00000Ehro9|PM_Project_Edit_Controller.PM_Project_Edit_Controller()
00:42:39.0 (100638540)|STATEMENT_EXECUTE|[1]
00:42:39.0 (100642561)|STATEMENT_EXECUTE|[1]
00:42:39.0 (100670292)|HEAP_ALLOCATE|[50]|Bytes:5
00:42:39.0 (100690332)|HEAP_ALLOCATE|[56]|Bytes:5
00:42:39.0 (100697028)|HEAP_ALLOCATE|[64]|Bytes:7
00:42:39.0 (100717329)|SYSTEM_MODE_ENTER|false
00:42:39.0 (100729595)|HEAP_ALLOCATE|[EXTERNAL]|Bytes:5
00:42:39.0 (100737327)|SYSTEM_MODE_EXIT|false
00:42:39.0 (100743754)|METHOD_EXIT|[1]|PM_Project_Edit_Controller
00:42:39.0 (100782282)|HEAP_ALLOCATE|[EXTERNAL]|Bytes:24
00:42:39.0 (100901644)|VARIABLE_SCOPE_BEGIN|[10]|this|PM_Project_Edit_Controller|true|false
00:42:39.0 (100958751)|VARIABLE_ASSIGNMENT|[10]|this|{}|0x3101a9c5
00:42:39.0 (100969930)|VARIABLE_SCOPE_BEGIN|[10]|stdController|ApexPages.StandardController|true|false
00:42:39.0 (101132506)|VARIABLE_ASSIGNMENT|[10]|stdController|"StandardController [null]"|0x2fab6567
00:42:39.0 (101157579)|SYSTEM_MODE_ENTER|false
00:42:39.0 (101164445)|HEAP_ALLOCATE|[7]|Bytes:5
00:42:39.0 (101169123)|STATEMENT_EXECUTE|[1]
00:42:39.0 (101174074)|HEAP_ALLOCATE|[7]|Bytes:5
00:42:39.0 (101176738)|STATEMENT_EXECUTE|[3]
00:42:39.0 (101177938)|STATEMENT_EXECUTE|[4]
00:42:39.0 (101178819)|STATEMENT_EXECUTE|[6]
00:42:39.0 (101179665)|STATEMENT_EXECUTE|[7]
00:42:39.0 (101196689)|HEAP_ALLOCATE|[7]|Bytes:4
00:42:39.0 (101281328)|HEAP_ALLOCATE|[EXTERNAL]|Bytes:4
00:42:39.0 (101294513)|VARIABLE_ASSIGNMENT|[7]|this.usersList|[]|0x3101a9c5
00:42:39.0 (101299621)|STATEMENT_EXECUTE|[8]
00:42:39.0 (101302336)|HEAP_ALLOCATE|[8]|Bytes:1
00:42:39.0 (101310712)|VARIABLE_ASSIGNMENT|[8]|this.nonSelectedUserId|"("|0x3101a9c5
00:42:39.0 (101322046)|HEAP_ALLOCATE|[8]|Bytes:6
00:42:39.0 (101373099)|STATEMENT_EXECUTE|[10]
00:42:39.0 (101374746)|STATEMENT_EXECUTE|[11]
00:42:39.0 (101498845)|HEAP_ALLOCATE|[11]|Bytes:4
00:42:39.0 (101545906)|VARIABLE_ASSIGNMENT|[EXTERNAL]|this|{"nonSelectedUserId":"(","usersList":"0x31162707"}|0x3101a9c5
00:42:39.0 (101558055)|VARIABLE_ASSIGNMENT|[EXTERNAL]|value|{}|0x79d10215
00:42:39.0 (101566821)|VARIABLE_ASSIGNMENT|[3]|this.mysObject|{}|0x3101a9c5
00:42:39.0 (101574832)|STATEMENT_EXECUTE|[12]
00:42:39.0 (101605938)|HEAP_ALLOCATE|[12]|Bytes:43
00:42:39.0 (101637544)|HEAP_ALLOCATE|[12]|Bytes:18
00:42:39.0 (101656285)|HEAP_ALLOCATE|[12]|Bytes:3
00:42:39.0 (101685470)|HEAP_ALLOCATE|[12]|Bytes:4
00:42:39.0 (101690442)|VARIABLE_SCOPE_BEGIN|[12]|pid|Id|false|false
00:42:39.0 (101756293)|VARIABLE_ASSIGNMENT|[12]|pid|"a057F000002dVv5QAE"
00:42:39.0 (101762311)|STATEMENT_EXECUTE|[16]
00:42:39.0 (101764581)|HEAP_ALLOCATE|[16]|Bytes:7
00:42:39.0 (101768990)|HEAP_ALLOCATE|[16]|Bytes:10
00:42:39.0 (101781507)|METHOD_ENTRY|[16]|01p7F00000Ehro9|PM_Project_Edit_Controller.getAllFields(String)
00:42:39.0 (101868360)|VARIABLE_SCOPE_BEGIN|[48]|sobjectname|String|false|false
00:42:39.0 (101877401)|VARIABLE_ASSIGNMENT|[48]|sobjectname|"Project__c"
00:42:39.0 (101893774)|HEAP_ALLOCATE|[49]|Bytes:5
00:42:39.0 (101897561)|STATEMENT_EXECUTE|[48]
00:42:39.0 (119988520)|HEAP_ALLOCATE|[49]|Bytes:1468
00:42:39.0 (120046965)|STATEMENT_EXECUTE|[49]
00:42:39.0 (120053232)|STATEMENT_EXECUTE|[52]
00:42:39.0 (123670378)|HEAP_ALLOCATE|[52]|Bytes:1468
00:42:39.0 (123882077)|HEAP_ALLOCATE|[52]|Bytes:4
00:42:39.0 (123927153)|HEAP_ALLOCATE|[52]|Bytes:4
00:42:39.0 (124211468)|HEAP_ALLOCATE|[52]|Bytes:148
00:42:39.0 (124223773)|VARIABLE_SCOPE_BEGIN|[52]|fields|Map<String,Schema.SObjectField>|true|false
00:42:39.0 (124440937)|VARIABLE_ASSIGNMENT|[52]|fields|"{client__c=Client__c, client_project_manager__c=Client_Project_Manager__c, company_project_code__c=Company_project_code__c, cost_centre__c=Cost_Centre__c, createdbyid=CreatedById, createddate=CreatedDate, delivery__c=Delivery__c, end_customer__c=End_Customer__c, footage__c=Footage__c, hours__c=Hours__c, ...}"|0x16fc183b
00:42:39.0 (124452837)|STATEMENT_EXECUTE|[53]
00:42:39.0 (124471989)|HEAP_ALLOCATE|[53]|Bytes:4
00:42:39.0 (124504720)|VARIABLE_SCOPE_BEGIN|[53]|accessiblefields|List<String>|true|false
00:42:39.0 (124532474)|HEAP_ALLOCATE|[EXTERNAL]|Bytes:4
00:42:39.0 (124544171)|VARIABLE_ASSIGNMENT|[53]|accessiblefields|[]|0x44ac0cff
00:42:39.0 (124591532)|HEAP_ALLOCATE|[EXTERNAL]|Bytes:148
00:42:39.0 (124609576)|HEAP_ALLOCATE|[54]|Bytes:148
00:42:39.0 (124681702)|HEAP_ALLOCATE|[54]|Bytes:5
00:42:39.0 (124702390)|VARIABLE_SCOPE_BEGIN|[54]|field|Schema.SObjectField|true|false
00:42:39.0 (124766635)|VARIABLE_ASSIGNMENT|[54]|field|"common.apex.runtime.impl.ApexFieldToken@632ca317"|0x632ca317
00:42:39.0 (124774323)|STATEMENT_EXECUTE|[54]
00:42:39.0 (125180264)|HEAP_ALLOCATE|[55]|Bytes:8
00:42:39.0 (125203964)|STATEMENT_EXECUTE|[56]
00:42:39.0 (125232733)|HEAP_ALLOCATE|[56]|Bytes:8
00:42:39.0 (125245511)|HEAP_ALLOCATE|[56]|Bytes:2
00:42:39.0 (125259794)|HEAP_ALLOCATE|[EXTERNAL]|Bytes:4
00:42:39.0 (125273069)|HEAP_ALLOCATE|[54]|Bytes:5
00:42:39.0 (125287038)|VARIABLE_SCOPE_BEGIN|[54]|field|Schema.SObjectField|true|false
00:42:39.0 (125352809)|VARIABLE_ASSIGNMENT|[54]|field|"common.apex.runtime.impl.ApexFieldToken@15674289"|0x15674289
00:42:39.0 (125359954)|STATEMENT_EXECUTE|[54]
00:42:39.0 (125485265)|HEAP_ALLOCATE|[55]|Bytes:8
00:42:39.0 (125497946)|STATEMENT_EXECUTE|[56]
00:42:39.0 (125512598)|HEAP_ALLOCATE|[56]|Bytes:8
00:42:39.0 (125520088)|HEAP_ALLOCATE|[56]|Bytes:7
00:42:39.0 (125527787)|HEAP_ALLOCATE|[EXTERNAL]|Bytes:4
00:42:39.0 (125538645)|HEAP_ALLOCATE|[54]|Bytes:5
00:42:39.0 (125550690)|VARIABLE_SCOPE_BEGIN|[54]|field|Schema.SObjectField|true|false
00:42:39.0 (125612635)|VARIABLE_ASSIGNMENT|[54]|field|"common.apex.runtime.impl.ApexFieldToken@31086f2e"|0x31086f2e
00:42:39.0 (125620019)|STATEMENT_EXECUTE|[54]
00:42:39.0 (125703993)|HEAP_ALLOCATE|[55]|Bytes:8
00:42:39.0 (125714648)|STATEMENT_EXECUTE|[56]
00:42:39.0 (125727403)|HEAP_ALLOCATE|[56]|Bytes:8
00:42:39.0 (125733895)|HEAP_ALLOCATE|[56]|Bytes:9
00:42:39.0 (125741107)|HEAP_ALLOCATE|[EXTERNAL]|Bytes:4
00:42:39.0 (125750861)|HEAP_ALLOCATE|[54]|Bytes:5
00:42:39.0 (125761740)|VARIABLE_SCOPE_BEGIN|[54]|field|Schema.SObjectField|true|false
00:42:39.0 (125822654)|VARIABLE_ASSIGNMENT|[54]|field|"common.apex.runtime.impl.ApexFieldToken@63f44e8f"|0x63f44e8f
00:42:39.0 (125829372)|STATEMENT_EXECUTE|[54]
00:42:39.0 (125920041)|HEAP_ALLOCATE|[55]|Bytes:8
00:42:39.0 (125931558)|STATEMENT_EXECUTE|[56]
00:42:39.0 (125944522)|HEAP_ALLOCATE|[56]|Bytes:8
00:42:39.0 (125953571)|HEAP_ALLOCATE|[56]|Bytes:4
00:42:39.0 (125961178)|HEAP_ALLOCATE|[EXTERNAL]|Bytes:4
00:42:39.0 (125971253)|HEAP_ALLOCATE|[54]|Bytes:5
00:42:39.0 (125982368)|VARIABLE_SCOPE_BEGIN|[54]|field|Schema.SObjectField|true|false
00:42:39.0 (126041769)|VARIABLE_ASSIGNMENT|[54]|field|"common.apex.runtime.impl.ApexFieldToken@65466dfd"|0x65466dfd
00:42:39.0 (126053952)|STATEMENT_EXECUTE|[54]
00:42:39.0 (126151741)|HEAP_ALLOCATE|[55]|Bytes:8
00:42:39.0 (126163348)|STATEMENT_EXECUTE|[56]
00:42:39.0 (126176860)|HEAP_ALLOCATE|[56]|Bytes:8
00:42:39.0 (126183815)|HEAP_ALLOCATE|[56]|Bytes:11
00:42:39.0 (126191354)|HEAP_ALLOCATE|[EXTERNAL]|Bytes:4
00:42:39.0 (126201081)|HEAP_ALLOCATE|[54]|Bytes:5
00:42:39.0 (126211447)|VARIABLE_SCOPE_BEGIN|[54]|field|Schema.SObjectField|true|false
00:42:39.0 (126271319)|VARIABLE_ASSIGNMENT|[54]|field|"common.apex.runtime.impl.ApexFieldToken@4a9a08d6"|0x4a9a08d6
00:42:39.0 (126278130)|STATEMENT_EXECUTE|[54]
00:42:39.0 (126371924)|HEAP_ALLOCATE|[55]|Bytes:8
00:42:39.0 (126382214)|STATEMENT_EXECUTE|[56]
00:42:39.0 (126394504)|HEAP_ALLOCATE|[56]|Bytes:8
00:42:39.0 (126401422)|HEAP_ALLOCATE|[56]|Bytes:11
00:42:39.0 (126409027)|HEAP_ALLOCATE|[EXTERNAL]|Bytes:4
00:42:39.0 (126418190)|HEAP_ALLOCATE|[54]|Bytes:5
00:42:39.0 (126428980)|VARIABLE_SCOPE_BEGIN|[54]|field|Schema.SObjectField|true|false
00:42:39.0 (126487378)|VARIABLE_ASSIGNMENT|[54]|field|"common.apex.runtime.impl.ApexFieldToken@38996fb4"|0x38996fb4
00:42:39.0 (126494219)|STATEMENT_EXECUTE|[54]
00:42:39.0 (126582707)|HEAP_ALLOCATE|[55]|Bytes:8
00:42:39.0 (126593755)|STATEMENT_EXECUTE|[56]
00:42:39.0 (126606336)|HEAP_ALLOCATE|[56]|Bytes:8
00:42:39.0 (126613384)|HEAP_ALLOCATE|[56]|Bytes:16
00:42:39.0 (126620665)|HEAP_ALLOCATE|[EXTERNAL]|Bytes:4
00:42:39.0 (126630807)|HEAP_ALLOCATE|[54]|Bytes:5
00:42:39.0 (126641370)|VARIABLE_SCOPE_BEGIN|[54]|field|Schema.SObjectField|true|false
00:42:39.0 (126699587)|VARIABLE_ASSIGNMENT|[54]|field|"common.apex.runtime.impl.ApexFieldToken@79d8de1e"|0x79d8de1e
00:42:39.0 (126706059)|STATEMENT_EXECUTE|[54]
00:42:39.0 (126797562)|HEAP_ALLOCATE|[55]|Bytes:8
00:42:39.0 (126808229)|STATEMENT_EXECUTE|[56]
00:42:39.0 (126820682)|HEAP_ALLOCATE|[56]|Bytes:8
00:42:39.0 (126827166)|HEAP_ALLOCATE|[56]|Bytes:16
00:42:39.0 (126834351)|HEAP_ALLOCATE|[EXTERNAL]|Bytes:4
00:42:39.0 (126844060)|HEAP_ALLOCATE|[54]|Bytes:5
00:42:39.0 (126855210)|VARIABLE_SCOPE_BEGIN|[54]|field|Schema.SObjectField|true|false
00:42:39.0 (126913517)|VARIABLE_ASSIGNMENT|[54]|field|"common.apex.runtime.impl.ApexFieldToken@2f276d5d"|0x2f276d5d
00:42:39.0 (126920807)|STATEMENT_EXECUTE|[54]
00:42:39.0 (126992242)|HEAP_ALLOCATE|[55]|Bytes:8
00:42:39.0 (127002461)|STATEMENT_EXECUTE|[56]
00:42:39.0 (127015863)|HEAP_ALLOCATE|[56]|Bytes:8
00:42:39.0 (127022880)|HEAP_ALLOCATE|[56]|Bytes:14
00:42:39.0 (127029754)|HEAP_ALLOCATE|[EXTERNAL]|Bytes:4
00:42:39.0 (127039227)|HEAP_ALLOCATE|[54]|Bytes:5
00:42:39.0 (127053601)|VARIABLE_SCOPE_BEGIN|[54]|field|Schema.SObjectField|true|false
00:42:39.0 (127112098)|VARIABLE_ASSIGNMENT|[54]|field|"common.apex.runtime.impl.ApexFieldToken@35610cd7"|0x35610cd7
00:42:39.0 (127119001)|STATEMENT_EXECUTE|[54]
00:42:39.0 (127191477)|HEAP_ALLOCATE|[55]|Bytes:8
00:42:39.0 (127202308)|STATEMENT_EXECUTE|[56]
00:42:39.0 (127215020)|HEAP_ALLOCATE|[56]|Bytes:8
00:42:39.0 (127221988)|HEAP_ALLOCATE|[56]|Bytes:16
00:42:39.0 (127228997)|HEAP_ALLOCATE|[EXTERNAL]|Bytes:4
00:42:39.0 (127238447)|HEAP_ALLOCATE|[54]|Bytes:5
00:42:39.0 (127248982)|VARIABLE_SCOPE_BEGIN|[54]|field|Schema.SObjectField|true|false
00:42:39.0 (127306550)|VARIABLE_ASSIGNMENT|[54]|field|"common.apex.runtime.impl.ApexFieldToken@46763100"|0x46763100
00:42:39.0 (127313617)|STATEMENT_EXECUTE|[54]
00:42:39.0 (127382247)|HEAP_ALLOCATE|[55]|Bytes:8
00:42:39.0 (127392135)|STATEMENT_EXECUTE|[56]
00:42:39.0 (127404438)|HEAP_ALLOCATE|[56]|Bytes:8
00:42:39.0 (127410918)|HEAP_ALLOCATE|[56]|Bytes:14
00:42:39.0 (127417921)|HEAP_ALLOCATE|[EXTERNAL]|Bytes:4
00:42:39.0 (127427747)|HEAP_ALLOCATE|[54]|Bytes:5
00:42:39.0 (127438027)|VARIABLE_SCOPE_BEGIN|[54]|field|Schema.SObjectField|true|false
00:42:39.0 (127494656)|VARIABLE_ASSIGNMENT|[54]|field|"common.apex.runtime.impl.ApexFieldToken@79613ffe"|0x79613ffe
00:42:39.0 (127501264)|STATEMENT_EXECUTE|[54]
00:42:39.0 (127569250)|HEAP_ALLOCATE|[55]|Bytes:8
00:42:39.0 (127579125)|STATEMENT_EXECUTE|[56]
00:42:39.0 (127606938)|HEAP_ALLOCATE|[56]|Bytes:8
00:42:39.0 (127614772)|HEAP_ALLOCATE|[56]|Bytes:18
00:42:39.0 (127621884)|HEAP_ALLOCATE|[EXTERNAL]|Bytes:4
00:42:39.0 (127631806)|HEAP_ALLOCATE|[54]|Bytes:5
00:42:39.0 (127642662)|VARIABLE_SCOPE_BEGIN|[54]|field|Schema.SObjectField|true|false
00:42:39.0 (127700479)|VARIABLE_ASSIGNMENT|[54]|field|"common.apex.runtime.impl.ApexFieldToken@6d38f80a"|0x6d38f80a
00:42:39.0 (127707130)|STATEMENT_EXECUTE|[54]
00:42:39.0 (128158410)|HEAP_ALLOCATE|[55]|Bytes:8
00:42:39.0 (128174222)|STATEMENT_EXECUTE|[56]
00:42:39.0 (128189640)|HEAP_ALLOCATE|[56]|Bytes:8
00:42:39.0 (128197085)|HEAP_ALLOCATE|[56]|Bytes:9
00:42:39.0 (128204672)|HEAP_ALLOCATE|[EXTERNAL]|Bytes:4
00:42:39.0 (128215875)|HEAP_ALLOCATE|[54]|Bytes:5
00:42:39.0 (128230362)|VARIABLE_SCOPE_BEGIN|[54]|field|Schema.SObjectField|true|false
00:42:39.0 (128300568)|VARIABLE_ASSIGNMENT|[54]|field|"common.apex.runtime.impl.ApexFieldToken@508246ce"|0x508246ce
00:42:39.0 (128309552)|STATEMENT_EXECUTE|[54]
00:42:39.0 (128396470)|HEAP_ALLOCATE|[55]|Bytes:8
00:42:39.0 (128408390)|STATEMENT_EXECUTE|[56]
00:42:39.0 (128422174)|HEAP_ALLOCATE|[56]|Bytes:8
00:42:39.0 (128428660)|HEAP_ALLOCATE|[56]|Bytes:15
00:42:39.0 (128435951)|HEAP_ALLOCATE|[EXTERNAL]|Bytes:4
00:42:39.0 (128445929)|HEAP_ALLOCATE|[54]|Bytes:5
00:42:39.0 (128457970)|VARIABLE_SCOPE_BEGIN|[54]|field|Schema.SObjectField|true|false
00:42:39.0 (128517646)|VARIABLE_ASSIGNMENT|[54]|field|"common.apex.runtime.impl.ApexFieldToken@278b93ef"|0x278b93ef
00:42:39.0 (128525203)|STATEMENT_EXECUTE|[54]
00:42:39.0 (128604676)|HEAP_ALLOCATE|[55]|Bytes:8
00:42:39.0 (128616160)|STATEMENT_EXECUTE|[56]
00:42:39.0 (128629382)|HEAP_ALLOCATE|[56]|Bytes:8
00:42:39.0 (128636182)|HEAP_ALLOCATE|[56]|Bytes:19
00:42:39.0 (128644135)|HEAP_ALLOCATE|[EXTERNAL]|Bytes:4
00:42:39.0 (128654023)|HEAP_ALLOCATE|[54]|Bytes:5
00:42:39.0 (128664628)|VARIABLE_SCOPE_BEGIN|[54]|field|Schema.SObjectField|true|false
00:42:39.0 (128742516)|VARIABLE_ASSIGNMENT|[54]|field|"common.apex.runtime.impl.ApexFieldToken@5765c62f"|0x5765c62f
00:42:39.0 (128749817)|STATEMENT_EXECUTE|[54]
00:42:39.0 (128829071)|HEAP_ALLOCATE|[55]|Bytes:8
00:42:39.0 (128842487)|STATEMENT_EXECUTE|[56]
00:42:39.0 (128858708)|HEAP_ALLOCATE|[56]|Bytes:8
00:42:39.0 (128865981)|HEAP_ALLOCATE|[56]|Bytes:14
00:42:39.0 (128873450)|HEAP_ALLOCATE|[EXTERNAL]|Bytes:4
00:42:39.0 (128883761)|HEAP_ALLOCATE|[54]|Bytes:5
00:42:39.0 (128894805)|VARIABLE_SCOPE_BEGIN|[54]|field|Schema.SObjectField|true|false
00:42:39.0 (128954349)|VARIABLE_ASSIGNMENT|[54]|field|"common.apex.runtime.impl.ApexFieldToken@7d379c61"|0x7d379c61
00:42:39.0 (128960940)|STATEMENT_EXECUTE|[54]
00:42:39.0 (129035531)|HEAP_ALLOCATE|[55]|Bytes:8
00:42:39.0 (129047172)|STATEMENT_EXECUTE|[56]
00:42:39.0 (129065178)|HEAP_ALLOCATE|[56]|Bytes:8
00:42:39.0 (129072539)|HEAP_ALLOCATE|[56]|Bytes:25
00:42:39.0 (129079762)|HEAP_ALLOCATE|[EXTERNAL]|Bytes:4
00:42:39.0 (129089077)|HEAP_ALLOCATE|[54]|Bytes:5
00:42:39.0 (129099396)|VARIABLE_SCOPE_BEGIN|[54]|field|Schema.SObjectField|true|false
00:42:39.0 (129159994)|VARIABLE_ASSIGNMENT|[54]|field|"common.apex.runtime.impl.ApexFieldToken@3f41013f"|0x3f41013f
00:42:39.0 (129167108)|STATEMENT_EXECUTE|[54]
00:42:39.0 (129240717)|HEAP_ALLOCATE|[55]|Bytes:8
00:42:39.0 (129251118)|STATEMENT_EXECUTE|[56]
00:42:39.0 (129263745)|HEAP_ALLOCATE|[56]|Bytes:8
00:42:39.0 (129270381)|HEAP_ALLOCATE|[56]|Bytes:15
00:42:39.0 (129277612)|HEAP_ALLOCATE|[EXTERNAL]|Bytes:4
00:42:39.0 (129286953)|HEAP_ALLOCATE|[54]|Bytes:5
00:42:39.0 (129296638)|VARIABLE_SCOPE_BEGIN|[54]|field|Schema.SObjectField|true|false
00:42:39.0 (129355883)|VARIABLE_ASSIGNMENT|[54]|field|"common.apex.runtime.impl.ApexFieldToken@442ef9d3"|0x442ef9d3
00:42:39.0 (129362176)|STATEMENT_EXECUTE|[54]
00:42:39.0 (129433859)|HEAP_ALLOCATE|[55]|Bytes:8
00:42:39.0 (129444217)|STATEMENT_EXECUTE|[56]
00:42:39.0 (129456536)|HEAP_ALLOCATE|[56]|Bytes:8
00:42:39.0 (129463249)|HEAP_ALLOCATE|[56]|Bytes:23
00:42:39.0 (129470326)|HEAP_ALLOCATE|[EXTERNAL]|Bytes:4
00:42:39.0 (129479516)|HEAP_ALLOCATE|[54]|Bytes:5
00:42:39.0 (129489710)|VARIABLE_SCOPE_BEGIN|[54]|field|Schema.SObjectField|true|false
00:42:39.0 (129546941)|VARIABLE_ASSIGNMENT|[54]|field|"common.apex.runtime.impl.ApexFieldToken@3d031bc7"|0x3d031bc7
00:42:39.0 (129553586)|STATEMENT_EXECUTE|[54]
00:42:39.0 (129631815)|HEAP_ALLOCATE|[55]|Bytes:8
00:42:39.0 (129643486)|STATEMENT_EXECUTE|[56]
00:42:39.0 (129656867)|HEAP_ALLOCATE|[56]|Bytes:8
00:42:39.0 (129663609)|HEAP_ALLOCATE|[56]|Bytes:16
00:42:39.0 (129670041)|HEAP_ALLOCATE|[EXTERNAL]|Bytes:4
00:42:39.0 (129679226)|HEAP_ALLOCATE|[54]|Bytes:5
00:42:39.0 (129689487)|VARIABLE_SCOPE_BEGIN|[54]|field|Schema.SObjectField|true|false
00:42:39.0 (129750467)|VARIABLE_ASSIGNMENT|[54]|field|"common.apex.runtime.impl.ApexFieldToken@7c965c92"|0x7c965c92
00:42:39.0 (129756745)|STATEMENT_EXECUTE|[54]
00:42:39.0 (129834083)|HEAP_ALLOCATE|[55]|Bytes:8
00:42:39.0 (129845060)|STATEMENT_EXECUTE|[56]
00:42:39.0 (129858077)|HEAP_ALLOCATE|[56]|Bytes:8
00:42:39.0 (129864290)|HEAP_ALLOCATE|[56]|Bytes:14
00:42:39.0 (129871136)|HEAP_ALLOCATE|[EXTERNAL]|Bytes:4
00:42:39.0 (129880330)|HEAP_ALLOCATE|[54]|Bytes:5
00:42:39.0 (129890732)|VARIABLE_SCOPE_BEGIN|[54]|field|Schema.SObjectField|true|false
00:42:39.0 (129948933)|VARIABLE_ASSIGNMENT|[54]|field|"common.apex.runtime.impl.ApexFieldToken@4be9e2c6"|0x4be9e2c6
00:42:39.0 (129955756)|STATEMENT_EXECUTE|[54]
00:42:39.0 (130030472)|HEAP_ALLOCATE|[55]|Bytes:8
00:42:39.0 (130041715)|STATEMENT_EXECUTE|[56]
00:42:39.0 (130059575)|HEAP_ALLOCATE|[56]|Bytes:8
00:42:39.0 (130066389)|HEAP_ALLOCATE|[56]|Bytes:13
00:42:39.0 (130073128)|HEAP_ALLOCATE|[EXTERNAL]|Bytes:4
00:42:39.0 (130082897)|HEAP_ALLOCATE|[54]|Bytes:5
00:42:39.0 (130093134)|VARIABLE_SCOPE_BEGIN|[54]|field|Schema.SObjectField|true|false
00:42:39.0 (130154064)|VARIABLE_ASSIGNMENT|[54]|field|"common.apex.runtime.impl.ApexFieldToken@783a6a09"|0x783a6a09
00:42:39.0 (130160623)|STATEMENT_EXECUTE|[54]
00:42:39.0 (130233077)|HEAP_ALLOCATE|[55]|Bytes:8
00:42:39.0 (130243634)|STATEMENT_EXECUTE|[56]
00:42:39.0 (130256326)|HEAP_ALLOCATE|[56]|Bytes:8
00:42:39.0 (130262702)|HEAP_ALLOCATE|[56]|Bytes:5
00:42:39.0 (130269546)|HEAP_ALLOCATE|[EXTERNAL]|Bytes:4
00:42:39.0 (130279040)|HEAP_ALLOCATE|[54]|Bytes:5
00:42:39.0 (130289320)|VARIABLE_SCOPE_BEGIN|[54]|field|Schema.SObjectField|true|false
00:42:39.0 (130346473)|VARIABLE_ASSIGNMENT|[54]|field|"common.apex.runtime.impl.ApexFieldToken@5dc29bea"|0x5dc29bea
00:42:39.0 (130353212)|STATEMENT_EXECUTE|[54]
00:42:39.0 (130422847)|HEAP_ALLOCATE|[55]|Bytes:8
00:42:39.0 (130433534)|STATEMENT_EXECUTE|[56]
00:42:39.0 (130446118)|HEAP_ALLOCATE|[56]|Bytes:8
00:42:39.0 (130452263)|HEAP_ALLOCATE|[56]|Bytes:11
00:42:39.0 (130458956)|HEAP_ALLOCATE|[EXTERNAL]|Bytes:4
00:42:39.0 (130467920)|HEAP_ALLOCATE|[54]|Bytes:5
00:42:39.0 (130477856)|VARIABLE_SCOPE_BEGIN|[54]|field|Schema.SObjectField|true|false
00:42:39.0 (130535214)|VARIABLE_ASSIGNMENT|[54]|field|"common.apex.runtime.impl.ApexFieldToken@137e2e0c"|0x137e2e0c
00:42:39.0 (130541943)|STATEMENT_EXECUTE|[54]
00:42:39.0 (130612126)|HEAP_ALLOCATE|[55]|Bytes:8
00:42:39.0 (130622496)|STATEMENT_EXECUTE|[56]
00:42:39.0 (130635172)|HEAP_ALLOCATE|[56]|Bytes:8
00:42:39.0 (130641862)|HEAP_ALLOCATE|[56]|Bytes:5
00:42:39.0 (130648281)|HEAP_ALLOCATE|[EXTERNAL]|Bytes:4
00:42:39.0 (130657104)|HEAP_ALLOCATE|[54]|Bytes:5
00:42:39.0 (130667213)|VARIABLE_SCOPE_BEGIN|[54]|field|Schema.SObjectField|true|false
00:42:39.0 (130724559)|VARIABLE_ASSIGNMENT|[54]|field|"common.apex.runtime.impl.ApexFieldToken@17851177"|0x17851177
00:42:39.0 (130730977)|STATEMENT_EXECUTE|[54]
00:42:39.0 (130861628)|HEAP_ALLOCATE|[55]|Bytes:8
00:42:39.0 (130873794)|STATEMENT_EXECUTE|[56]
00:42:39.0 (130887068)|HEAP_ALLOCATE|[56]|Bytes:8
00:42:39.0 (130893421)|HEAP_ALLOCATE|[56]|Bytes:25
00:42:39.0 (130900784)|HEAP_ALLOCATE|[EXTERNAL]|Bytes:4
00:42:39.0 (130910758)|HEAP_ALLOCATE|[54]|Bytes:5
00:42:39.0 (130921682)|VARIABLE_SCOPE_BEGIN|[54]|field|Schema.SObjectField|true|false
00:42:39.0 (130980635)|VARIABLE_ASSIGNMENT|[54]|field|"common.apex.runtime.impl.ApexFieldToken@3c444bac"|0x3c444bac
00:42:39.0 (130987432)|STATEMENT_EXECUTE|[54]
00:42:39.0 (131100113)|HEAP_ALLOCATE|[55]|Bytes:8
00:42:39.0 (131112564)|STATEMENT_EXECUTE|[56]
00:42:39.0 (131128225)|HEAP_ALLOCATE|[56]|Bytes:8
00:42:39.0 (131135131)|HEAP_ALLOCATE|[56]|Bytes:12
00:42:39.0 (131142838)|HEAP_ALLOCATE|[EXTERNAL]|Bytes:4
00:42:39.0 (131152818)|HEAP_ALLOCATE|[54]|Bytes:5
00:42:39.0 (131164075)|VARIABLE_SCOPE_BEGIN|[54]|field|Schema.SObjectField|true|false
00:42:39.0 (131223998)|VARIABLE_ASSIGNMENT|[54]|field|"common.apex.runtime.impl.ApexFieldToken@75109a05"|0x75109a05
00:42:39.0 (131230259)|STATEMENT_EXECUTE|[54]
00:42:39.0 (131311350)|HEAP_ALLOCATE|[55]|Bytes:8
00:42:39.0 (131322427)|STATEMENT_EXECUTE|[56]
00:42:39.0 (131335648)|HEAP_ALLOCATE|[56]|Bytes:8
00:42:39.0 (131342183)|HEAP_ALLOCATE|[56]|Bytes:21
00:42:39.0 (131348965)|HEAP_ALLOCATE|[EXTERNAL]|Bytes:4
00:42:39.0 (131358278)|HEAP_ALLOCATE|[54]|Bytes:5
00:42:39.0 (131368514)|VARIABLE_SCOPE_BEGIN|[54]|field|Schema.SObjectField|true|false
00:42:39.0 (131426378)|VARIABLE_ASSIGNMENT|[54]|field|"common.apex.runtime.impl.ApexFieldToken@177cd4e5"|0x177cd4e5
00:42:39.0 (131432933)|STATEMENT_EXECUTE|[54]
00:42:39.0 (131505458)|HEAP_ALLOCATE|[55]|Bytes:8
00:42:39.0 (131516154)|STATEMENT_EXECUTE|[56]
00:42:39.0 (131529178)|HEAP_ALLOCATE|[56]|Bytes:8
00:42:39.0 (131535393)|HEAP_ALLOCATE|[56]|Bytes:19
00:42:39.0 (131542403)|HEAP_ALLOCATE|[EXTERNAL]|Bytes:4
00:42:39.0 (131551599)|HEAP_ALLOCATE|[54]|Bytes:5
00:42:39.0 (131562156)|VARIABLE_SCOPE_BEGIN|[54]|field|Schema.SObjectField|true|false
00:42:39.0 (131619570)|VARIABLE_ASSIGNMENT|[54]|field|"common.apex.runtime.impl.ApexFieldToken@28cd71d4"|0x28cd71d4
00:42:39.0 (131626171)|STATEMENT_EXECUTE|[54]
00:42:39.0 (131697899)|HEAP_ALLOCATE|[55]|Bytes:8
00:42:39.0 (131708519)|STATEMENT_EXECUTE|[56]
00:42:39.0 (131720737)|HEAP_ALLOCATE|[56]|Bytes:8
00:42:39.0 (131727425)|HEAP_ALLOCATE|[56]|Bytes:8
00:42:39.0 (131733808)|HEAP_ALLOCATE|[EXTERNAL]|Bytes:4
00:42:39.0 (131743140)|HEAP_ALLOCATE|[54]|Bytes:5
00:42:39.0 (131753293)|VARIABLE_SCOPE_BEGIN|[54]|field|Schema.SObjectField|true|false
00:42:39.0 (131813505)|VARIABLE_ASSIGNMENT|[54]|field|"common.apex.runtime.impl.ApexFieldToken@36ca564a"|0x36ca564a
00:42:39.0 (131820042)|STATEMENT_EXECUTE|[54]
00:42:39.0 (131891591)|HEAP_ALLOCATE|[55]|Bytes:8
00:42:39.0 (131902939)|STATEMENT_EXECUTE|[56]
00:42:39.0 (131915912)|HEAP_ALLOCATE|[56]|Bytes:8
00:42:39.0 (131922560)|HEAP_ALLOCATE|[56]|Bytes:8
00:42:39.0 (131929141)|HEAP_ALLOCATE|[EXTERNAL]|Bytes:4
00:42:39.0 (131938246)|HEAP_ALLOCATE|[54]|Bytes:5
00:42:39.0 (131949202)|VARIABLE_SCOPE_BEGIN|[54]|field|Schema.SObjectField|true|false
00:42:39.0 (132006110)|VARIABLE_ASSIGNMENT|[54]|field|"common.apex.runtime.impl.ApexFieldToken@47fb3224"|0x47fb3224
00:42:39.0 (132013267)|STATEMENT_EXECUTE|[54]
00:42:39.0 (132089901)|HEAP_ALLOCATE|[55]|Bytes:8
00:42:39.0 (132100366)|STATEMENT_EXECUTE|[56]
00:42:39.0 (132113129)|HEAP_ALLOCATE|[56]|Bytes:8
00:42:39.0 (132119656)|HEAP_ALLOCATE|[56]|Bytes:10
00:42:39.0 (132128847)|HEAP_ALLOCATE|[EXTERNAL]|Bytes:4
00:42:39.0 (132138474)|HEAP_ALLOCATE|[54]|Bytes:5
00:42:39.0 (132148676)|VARIABLE_SCOPE_BEGIN|[54]|field|Schema.SObjectField|true|false
00:42:39.0 (132206675)|VARIABLE_ASSIGNMENT|[54]|field|"common.apex.runtime.impl.ApexFieldToken@36d11dc2"|0x36d11dc2
00:42:39.0 (132213396)|STATEMENT_EXECUTE|[54]
00:42:39.0 (132283777)|HEAP_ALLOCATE|[55]|Bytes:8
00:42:39.0 (132294837)|STATEMENT_EXECUTE|[56]
00:42:39.0 (132307866)|HEAP_ALLOCATE|[56]|Bytes:8
00:42:39.0 (132314664)|HEAP_ALLOCATE|[56]|Bytes:8
00:42:39.0 (132321602)|HEAP_ALLOCATE|[EXTERNAL]|Bytes:4
00:42:39.0 (132331178)|HEAP_ALLOCATE|[54]|Bytes:5
00:42:39.0 (132341187)|VARIABLE_SCOPE_BEGIN|[54]|field|Schema.SObjectField|true|false
00:42:39.0 (132398283)|VARIABLE_ASSIGNMENT|[54]|field|"common.apex.runtime.impl.ApexFieldToken@7551991d"|0x7551991d
00:42:39.0 (132405043)|STATEMENT_EXECUTE|[54]
00:42:39.0 (132475363)|HEAP_ALLOCATE|[55]|Bytes:8
00:42:39.0 (132485884)|STATEMENT_EXECUTE|[56]
00:42:39.0 (132498474)|HEAP_ALLOCATE|[56]|Bytes:8
00:42:39.0 (132504935)|HEAP_ALLOCATE|[56]|Bytes:7
00:42:39.0 (132511506)|HEAP_ALLOCATE|[EXTERNAL]|Bytes:4
00:42:39.0 (132520874)|HEAP_ALLOCATE|[54]|Bytes:5
00:42:39.0 (132531310)|VARIABLE_SCOPE_BEGIN|[54]|field|Schema.SObjectField|true|false
00:42:39.0 (132588292)|VARIABLE_ASSIGNMENT|[54]|field|"common.apex.runtime.impl.ApexFieldToken@11cde9fb"|0x11cde9fb
00:42:39.0 (132594715)|STATEMENT_EXECUTE|[54]
00:42:39.0 (132662075)|HEAP_ALLOCATE|[55]|Bytes:8
00:42:39.0 (132672277)|STATEMENT_EXECUTE|[56]
00:42:39.0 (132684461)|HEAP_ALLOCATE|[56]|Bytes:8
00:42:39.0 (132691022)|HEAP_ALLOCATE|[56]|Bytes:8
00:42:39.0 (132697589)|HEAP_ALLOCATE|[EXTERNAL]|Bytes:4
00:42:39.0 (132706972)|HEAP_ALLOCATE|[54]|Bytes:5
00:42:39.0 (132716856)|VARIABLE_SCOPE_BEGIN|[54]|field|Schema.SObjectField|true|false
00:42:39.0 (132773425)|VARIABLE_ASSIGNMENT|[54]|field|"common.apex.runtime.impl.ApexFieldToken@f3983f4"|0xf3983f4
00:42:39.0 (132779979)|STATEMENT_EXECUTE|[54]
00:42:39.0 (132849514)|HEAP_ALLOCATE|[55]|Bytes:8
00:42:39.0 (132859522)|STATEMENT_EXECUTE|[56]
00:42:39.0 (132872150)|HEAP_ALLOCATE|[56]|Bytes:8
00:42:39.0 (132878437)|HEAP_ALLOCATE|[56]|Bytes:7
00:42:39.0 (132885213)|HEAP_ALLOCATE|[EXTERNAL]|Bytes:4
00:42:39.0 (132894164)|HEAP_ALLOCATE|[54]|Bytes:5
00:42:39.0 (132904032)|VARIABLE_ASSIGNMENT|[54]|field|null|
00:42:39.0 (132909068)|STATEMENT_EXECUTE|[58]
00:42:39.0 (132913697)|VARIABLE_SCOPE_BEGIN|[58]|allfields|String|false|false
00:42:39.0 (132922946)|VARIABLE_ASSIGNMENT|[58]|allfields|""
00:42:39.0 (132968356)|HEAP_ALLOCATE|[59]|Bytes:5
00:42:39.0 (132976310)|HEAP_ALLOCATE|[59]|Bytes:2
00:42:39.0 (132984756)|VARIABLE_SCOPE_BEGIN|[59]|fieldname|String|false|false
00:42:39.0 (132993772)|VARIABLE_ASSIGNMENT|[59]|fieldname|"Id"
00:42:39.0 (132997943)|STATEMENT_EXECUTE|[60]
00:42:39.0 (133000073)|HEAP_ALLOCATE|[60]|Bytes:1
00:42:39.0 (133016248)|HEAP_ALLOCATE|[60]|Bytes:3
00:42:39.0 (133021365)|HEAP_ALLOCATE|[60]|Bytes:3
00:42:39.0 (133025723)|VARIABLE_ASSIGNMENT|[60]|allfields|"Id,"
00:42:39.0 (133033781)|HEAP_ALLOCATE|[59]|Bytes:5
00:42:39.0 (133039485)|HEAP_ALLOCATE|[59]|Bytes:7
00:42:39.0 (133043603)|VARIABLE_SCOPE_BEGIN|[59]|fieldname|String|false|false
00:42:39.0 (133054248)|VARIABLE_ASSIGNMENT|[59]|fieldname|"OwnerId"
00:42:39.0 (133057817)|STATEMENT_EXECUTE|[60]
00:42:39.0 (133060663)|HEAP_ALLOCATE|[60]|Bytes:8
00:42:39.0 (133064213)|HEAP_ALLOCATE|[60]|Bytes:11
00:42:39.0 (133068891)|VARIABLE_ASSIGNMENT|[60]|allfields|"Id,OwnerId,"
00:42:39.0 (133076060)|HEAP_ALLOCATE|[59]|Bytes:5
00:42:39.0 (133081380)|HEAP_ALLOCATE|[59]|Bytes:9
00:42:39.0 (133084785)|VARIABLE_SCOPE_BEGIN|[59]|fieldname|String|false|false
00:42:39.0 (133090844)|VARIABLE_ASSIGNMENT|[59]|fieldname|"IsDeleted"
00:42:39.0 (133094076)|STATEMENT_EXECUTE|[60]
00:42:39.0 (133096327)|HEAP_ALLOCATE|[60]|Bytes:10
00:42:39.0 (133099700)|HEAP_ALLOCATE|[60]|Bytes:21
00:42:39.0 (133105957)|VARIABLE_ASSIGNMENT|[60]|allfields|"Id,OwnerId,IsDeleted (1 more) ..."
00:42:39.0 (133112633)|HEAP_ALLOCATE|[59]|Bytes:5
00:42:39.0 (133117707)|HEAP_ALLOCATE|[59]|Bytes:4
00:42:39.0 (133121649)|VARIABLE_SCOPE_BEGIN|[59]|fieldname|String|false|false
00:42:39.0 (133130135)|VARIABLE_ASSIGNMENT|[59]|fieldname|"Name"
00:42:39.0 (133133201)|STATEMENT_EXECUTE|[60]
00:42:39.0 (133135544)|HEAP_ALLOCATE|[60]|Bytes:5
00:42:39.0 (133138973)|HEAP_ALLOCATE|[60]|Bytes:26
00:42:39.0 (133143606)|VARIABLE_ASSIGNMENT|[60]|allfields|"Id,OwnerId,IsDeleted (6 more) ..."
00:42:39.0 (133150913)|HEAP_ALLOCATE|[59]|Bytes:5
00:42:39.0 (133156001)|HEAP_ALLOCATE|[59]|Bytes:11
00:42:39.0 (133159542)|VARIABLE_SCOPE_BEGIN|[59]|fieldname|String|false|false
00:42:39.0 (133165524)|VARIABLE_ASSIGNMENT|[59]|fieldname|"CreatedDate"
00:42:39.0 (133168342)|STATEMENT_EXECUTE|[60]
00:42:39.0 (133170444)|HEAP_ALLOCATE|[60]|Bytes:12
00:42:39.0 (133173477)|HEAP_ALLOCATE|[60]|Bytes:38
00:42:39.0 (133177755)|VARIABLE_ASSIGNMENT|[60]|allfields|"Id,OwnerId,IsDeleted (18 more) ..."
00:42:39.0 (133183826)|HEAP_ALLOCATE|[59]|Bytes:5
00:42:39.0 (133188329)|HEAP_ALLOCATE|[59]|Bytes:11
00:42:39.0 (133191843)|VARIABLE_SCOPE_BEGIN|[59]|fieldname|String|false|false
00:42:39.0 (133197962)|VARIABLE_ASSIGNMENT|[59]|fieldname|"CreatedById"
00:42:39.0 (133200742)|STATEMENT_EXECUTE|[60]
00:42:39.0 (133202739)|HEAP_ALLOCATE|[60]|Bytes:12
00:42:39.0 (133205646)|HEAP_ALLOCATE|[60]|Bytes:50
00:42:39.0 (133209439)|VARIABLE_ASSIGNMENT|[60]|allfields|"Id,OwnerId,IsDeleted (30 more) ..."
00:42:39.0 (133215100)|HEAP_ALLOCATE|[59]|Bytes:5
00:42:39.0 (133220172)|HEAP_ALLOCATE|[59]|Bytes:16
00:42:39.0 (133223269)|VARIABLE_SCOPE_BEGIN|[59]|fieldname|String|false|false
00:42:39.0 (133230017)|VARIABLE_ASSIGNMENT|[59]|fieldname|"LastModifiedDate"
00:42:39.0 (133233237)|STATEMENT_EXECUTE|[60]
00:42:39.0 (133235292)|HEAP_ALLOCATE|[60]|Bytes:17
00:42:39.0 (133239249)|HEAP_ALLOCATE|[60]|Bytes:67
00:42:39.0 (133243392)|VARIABLE_ASSIGNMENT|[60]|allfields|"Id,OwnerId,IsDeleted (47 more) ..."
00:42:39.0 (133249320)|HEAP_ALLOCATE|[59]|Bytes:5
00:42:39.0 (133254040)|HEAP_ALLOCATE|[59]|Bytes:16
00:42:39.0 (133256972)|VARIABLE_SCOPE_BEGIN|[59]|fieldname|String|false|false
00:42:39.0 (133263594)|VARIABLE_ASSIGNMENT|[59]|fieldname|"LastModifiedById"
00:42:39.0 (133266667)|STATEMENT_EXECUTE|[60]
00:42:39.0 (133268685)|HEAP_ALLOCATE|[60]|Bytes:17
00:42:39.0 (133271721)|HEAP_ALLOCATE|[60]|Bytes:84
00:42:39.0 (133275710)|VARIABLE_ASSIGNMENT|[60]|allfields|"Id,OwnerId,IsDeleted (64 more) ..."
00:42:39.0 (133282172)|HEAP_ALLOCATE|[59]|Bytes:5
00:42:39.0 (133287200)|HEAP_ALLOCATE|[59]|Bytes:14
00:42:39.0 (133290315)|VARIABLE_SCOPE_BEGIN|[59]|fieldname|String|false|false
00:42:39.0 (133296614)|VARIABLE_ASSIGNMENT|[59]|fieldname|"SystemModstamp"
00:42:39.0 (133299946)|STATEMENT_EXECUTE|[60]
00:42:39.0 (133302149)|HEAP_ALLOCATE|[60]|Bytes:15
00:42:39.0 (133305789)|HEAP_ALLOCATE|[60]|Bytes:99
00:42:39.0 (133310426)|VARIABLE_ASSIGNMENT|[60]|allfields|"Id,OwnerId,IsDeleted (79 more) ..."
00:42:39.0 (133316490)|HEAP_ALLOCATE|[59]|Bytes:5
00:42:39.0 (133321193)|HEAP_ALLOCATE|[59]|Bytes:16
00:42:39.0 (133324981)|VARIABLE_SCOPE_BEGIN|[59]|fieldname|String|false|false
00:42:39.0 (133330975)|VARIABLE_ASSIGNMENT|[59]|fieldname|"LastActivityDate"
00:42:39.0 (133334319)|STATEMENT_EXECUTE|[60]
00:42:39.0 (133336475)|HEAP_ALLOCATE|[60]|Bytes:17
00:42:39.0 (133340262)|HEAP_ALLOCATE|[60]|Bytes:116
00:42:39.0 (133344266)|VARIABLE_ASSIGNMENT|[60]|allfields|"Id,OwnerId,IsDeleted (96 more) ..."
00:42:39.0 (133350594)|HEAP_ALLOCATE|[59]|Bytes:5
00:42:39.0 (133355786)|HEAP_ALLOCATE|[59]|Bytes:14
00:42:39.0 (133359389)|VARIABLE_SCOPE_BEGIN|[59]|fieldname|String|false|false
00:42:39.0 (133365964)|VARIABLE_ASSIGNMENT|[59]|fieldname|"LastViewedDate"
00:42:39.0 (133369445)|STATEMENT_EXECUTE|[60]
00:42:39.0 (133371429)|HEAP_ALLOCATE|[60]|Bytes:15
00:42:39.0 (133374729)|HEAP_ALLOCATE|[60]|Bytes:131
00:42:39.0 (133378824)|VARIABLE_ASSIGNMENT|[60]|allfields|"Id,OwnerId,IsDeleted (111 more) ..."
00:42:39.0 (133384862)|HEAP_ALLOCATE|[59]|Bytes:5
00:42:39.0 (133389826)|HEAP_ALLOCATE|[59]|Bytes:18
00:42:39.0 (133393227)|VARIABLE_SCOPE_BEGIN|[59]|fieldname|String|false|false
00:42:39.0 (133399581)|VARIABLE_ASSIGNMENT|[59]|fieldname|"LastReferencedDate"
00:42:39.0 (133403077)|STATEMENT_EXECUTE|[60]
00:42:39.0 (133405167)|HEAP_ALLOCATE|[60]|Bytes:19
00:42:39.0 (133408397)|HEAP_ALLOCATE|[60]|Bytes:150
00:42:39.0 (133412738)|VARIABLE_ASSIGNMENT|[60]|allfields|"Id,OwnerId,IsDeleted (130 more) ..."
00:42:39.0 (133418468)|HEAP_ALLOCATE|[59]|Bytes:5
00:42:39.0 (133423266)|HEAP_ALLOCATE|[59]|Bytes:9
00:42:39.0 (133426122)|VARIABLE_SCOPE_BEGIN|[59]|fieldname|String|false|false
00:42:39.0 (133432229)|VARIABLE_ASSIGNMENT|[59]|fieldname|"Client__c"
00:42:39.0 (133435147)|STATEMENT_EXECUTE|[60]
00:42:39.0 (133437165)|HEAP_ALLOCATE|[60]|Bytes:10
00:42:39.0 (133440529)|HEAP_ALLOCATE|[60]|Bytes:160
00:42:39.0 (133444513)|VARIABLE_ASSIGNMENT|[60]|allfields|"Id,OwnerId,IsDeleted (140 more) ..."
00:42:39.0 (133450360)|HEAP_ALLOCATE|[59]|Bytes:5
00:42:39.0 (133455028)|HEAP_ALLOCATE|[59]|Bytes:15
00:42:39.0 (133458501)|VARIABLE_SCOPE_BEGIN|[59]|fieldname|String|false|false
00:42:39.0 (133464672)|VARIABLE_ASSIGNMENT|[59]|fieldname|"End_Customer__c"
00:42:39.0 (133467879)|STATEMENT_EXECUTE|[60]
00:42:39.0 (133469969)|HEAP_ALLOCATE|[60]|Bytes:16
00:42:39.0 (133473301)|HEAP_ALLOCATE|[60]|Bytes:176
00:42:39.0 (133477158)|VARIABLE_ASSIGNMENT|[60]|allfields|"Id,OwnerId,IsDeleted (156 more) ..."
00:42:39.0 (133483019)|HEAP_ALLOCATE|[59]|Bytes:5
00:42:39.0 (133487832)|HEAP_ALLOCATE|[59]|Bytes:19
00:42:39.0 (133491097)|VARIABLE_SCOPE_BEGIN|[59]|fieldname|String|false|false
00:42:39.0 (133497718)|VARIABLE_ASSIGNMENT|[59]|fieldname|"Operation_Region__c"
00:42:39.0 (133500858)|STATEMENT_EXECUTE|[60]
00:42:39.0 (133502975)|HEAP_ALLOCATE|[60]|Bytes:20
00:42:39.0 (133506111)|HEAP_ALLOCATE|[60]|Bytes:196
00:42:39.0 (133510199)|VARIABLE_ASSIGNMENT|[60]|allfields|"Id,OwnerId,IsDeleted (176 more) ..."
00:42:39.0 (133515846)|HEAP_ALLOCATE|[59]|Bytes:5
00:42:39.0 (133520850)|HEAP_ALLOCATE|[59]|Bytes:14
00:42:39.0 (133523900)|VARIABLE_SCOPE_BEGIN|[59]|fieldname|String|false|false
00:42:39.0 (133529969)|VARIABLE_ASSIGNMENT|[59]|fieldname|"Work_Region__c"
00:42:39.0 (133532919)|STATEMENT_EXECUTE|[60]
00:42:39.0 (133535090)|HEAP_ALLOCATE|[60]|Bytes:15
00:42:39.0 (133538261)|HEAP_ALLOCATE|[60]|Bytes:211
00:42:39.0 (133542803)|VARIABLE_ASSIGNMENT|[60]|allfields|"Id,OwnerId,IsDeleted (191 more) ..."
00:42:39.0 (133548615)|HEAP_ALLOCATE|[59]|Bytes:5
00:42:39.0 (133553366)|HEAP_ALLOCATE|[59]|Bytes:25
00:42:39.0 (133556476)|VARIABLE_SCOPE_BEGIN|[59]|fieldname|String|false|false
00:42:39.0 (133563268)|VARIABLE_ASSIGNMENT|[59]|fieldname|"Client_Project_Manag (5 more) ..."
00:42:39.0 (133566798)|STATEMENT_EXECUTE|[60]
00:42:39.0 (133568852)|HEAP_ALLOCATE|[60]|Bytes:26
00:42:39.0 (133572189)|HEAP_ALLOCATE|[60]|Bytes:237
00:42:39.0 (133576059)|VARIABLE_ASSIGNMENT|[60]|allfields|"Id,OwnerId,IsDeleted (217 more) ..."
00:42:39.0 (133581901)|HEAP_ALLOCATE|[59]|Bytes:5
00:42:39.0 (133586575)|HEAP_ALLOCATE|[59]|Bytes:15
00:42:39.0 (133589556)|VARIABLE_SCOPE_BEGIN|[59]|fieldname|String|false|false
00:42:39.0 (133595829)|VARIABLE_ASSIGNMENT|[59]|fieldname|"Project_code__c"
00:42:39.0 (133599023)|STATEMENT_EXECUTE|[60]
00:42:39.0 (133601080)|HEAP_ALLOCATE|[60]|Bytes:16
00:42:39.0 (133604079)|HEAP_ALLOCATE|[60]|Bytes:253
00:42:39.0 (133608259)|VARIABLE_ASSIGNMENT|[60]|allfields|"Id,OwnerId,IsDeleted (233 more) ..."
00:42:39.0 (133614333)|HEAP_ALLOCATE|[59]|Bytes:5
00:42:39.0 (133619195)|HEAP_ALLOCATE|[59]|Bytes:23
00:42:39.0 (133622090)|VARIABLE_SCOPE_BEGIN|[59]|fieldname|String|false|false
00:42:39.0 (133629212)|VARIABLE_ASSIGNMENT|[59]|fieldname|"Company_project_code (3 more) ..."
00:42:39.0 (133632484)|STATEMENT_EXECUTE|[60]
00:42:39.0 (133634628)|HEAP_ALLOCATE|[60]|Bytes:24
00:42:39.0 (133638043)|HEAP_ALLOCATE|[60]|Bytes:277
00:42:39.0 (133641829)|VARIABLE_ASSIGNMENT|[60]|allfields|"Id,OwnerId,IsDeleted (257 more) ..."
00:42:39.0 (133647827)|HEAP_ALLOCATE|[59]|Bytes:5
00:42:39.0 (133652538)|HEAP_ALLOCATE|[59]|Bytes:16
00:42:39.0 (133655551)|VARIABLE_SCOPE_BEGIN|[59]|fieldname|String|false|false
00:42:39.0 (133661863)|VARIABLE_ASSIGNMENT|[59]|fieldname|"Project_Scope__c"
00:42:39.0 (133664963)|STATEMENT_EXECUTE|[60]
00:42:39.0 (133666959)|HEAP_ALLOCATE|[60]|Bytes:17
00:42:39.0 (133670111)|HEAP_ALLOCATE|[60]|Bytes:294
00:42:39.0 (133674346)|VARIABLE_ASSIGNMENT|[60]|allfields|"Id,OwnerId,IsDeleted (274 more) ..."
00:42:39.0 (133680113)|HEAP_ALLOCATE|[59]|Bytes:5
00:42:39.0 (133685280)|HEAP_ALLOCATE|[59]|Bytes:14
00:42:39.0 (133688320)|VARIABLE_SCOPE_BEGIN|[59]|fieldname|String|false|false
00:42:39.0 (133694900)|VARIABLE_ASSIGNMENT|[59]|fieldname|"Cost_Centre__c"
00:42:39.0 (133698082)|STATEMENT_EXECUTE|[60]
00:42:39.0 (133700096)|HEAP_ALLOCATE|[60]|Bytes:15
00:42:39.0 (133703331)|HEAP_ALLOCATE|[60]|Bytes:309
00:42:39.0 (133707275)|VARIABLE_ASSIGNMENT|[60]|allfields|"Id,OwnerId,IsDeleted (289 more) ..."
00:42:39.0 (133712992)|HEAP_ALLOCATE|[59]|Bytes:5
00:42:39.0 (133717687)|HEAP_ALLOCATE|[59]|Bytes:13
00:42:39.0 (133720985)|VARIABLE_SCOPE_BEGIN|[59]|fieldname|String|false|false
00:42:39.0 (133727290)|VARIABLE_ASSIGNMENT|[59]|fieldname|"Production__c"
00:42:39.0 (133730491)|STATEMENT_EXECUTE|[60]
00:42:39.0 (133732606)|HEAP_ALLOCATE|[60]|Bytes:14
00:42:39.0 (133735991)|HEAP_ALLOCATE|[60]|Bytes:323
00:42:39.0 (133739893)|VARIABLE_ASSIGNMENT|[60]|allfields|"Id,OwnerId,IsDeleted (303 more) ..."
00:42:39.0 (133745683)|HEAP_ALLOCATE|[59]|Bytes:5
00:42:39.0 (133750507)|HEAP_ALLOCATE|[59]|Bytes:5
00:42:39.0 (133753650)|VARIABLE_SCOPE_BEGIN|[59]|fieldname|String|false|false
00:42:39.0 (133759696)|VARIABLE_ASSIGNMENT|[59]|fieldname|"QC__c"
00:42:39.0 (133763071)|STATEMENT_EXECUTE|[60]
00:42:39.0 (133765424)|HEAP_ALLOCATE|[60]|Bytes:6
00:42:39.0 (133768877)|HEAP_ALLOCATE|[60]|Bytes:329
00:42:39.0 (133773303)|VARIABLE_ASSIGNMENT|[60]|allfields|"Id,OwnerId,IsDeleted (309 more) ..."
00:42:39.0 (133779649)|HEAP_ALLOCATE|[59]|Bytes:5
00:42:39.0 (133784542)|HEAP_ALLOCATE|[59]|Bytes:11
00:42:39.0 (133787738)|VARIABLE_SCOPE_BEGIN|[59]|fieldname|String|false|false
00:42:39.0 (133793614)|VARIABLE_ASSIGNMENT|[59]|fieldname|"Delivery__c"
00:42:39.0 (133797000)|STATEMENT_EXECUTE|[60]
00:42:39.0 (133799093)|HEAP_ALLOCATE|[60]|Bytes:12
00:42:39.0 (133802791)|HEAP_ALLOCATE|[60]|Bytes:341
00:42:39.0 (133806681)|VARIABLE_ASSIGNMENT|[60]|allfields|"Id,OwnerId,IsDeleted (321 more) ..."
00:42:39.0 (133812592)|HEAP_ALLOCATE|[59]|Bytes:5
00:42:39.0 (133817196)|HEAP_ALLOCATE|[59]|Bytes:5
00:42:39.0 (133820504)|VARIABLE_SCOPE_BEGIN|[59]|fieldname|String|false|false
00:42:39.0 (133826912)|VARIABLE_ASSIGNMENT|[59]|fieldname|"QA__c"
00:42:39.0 (133829859)|STATEMENT_EXECUTE|[60]
00:42:39.0 (133831848)|HEAP_ALLOCATE|[60]|Bytes:6
00:42:39.0 (133835104)|HEAP_ALLOCATE|[60]|Bytes:347
00:42:39.0 (133839343)|VARIABLE_ASSIGNMENT|[60]|allfields|"Id,OwnerId,IsDeleted (327 more) ..."
00:42:39.0 (133845626)|HEAP_ALLOCATE|[59]|Bytes:5
00:42:39.0 (133850472)|HEAP_ALLOCATE|[59]|Bytes:25
00:42:39.0 (133853558)|VARIABLE_SCOPE_BEGIN|[59]|fieldname|String|false|false
00:42:39.0 (133860079)|VARIABLE_ASSIGNMENT|[59]|fieldname|"OffshoreProjectManag (5 more) ..."
00:42:39.0 (133863536)|STATEMENT_EXECUTE|[60]
00:42:39.0 (133865547)|HEAP_ALLOCATE|[60]|Bytes:26
00:42:39.0 (133869209)|HEAP_ALLOCATE|[60]|Bytes:373
00:42:39.0 (133873134)|VARIABLE_ASSIGNMENT|[60]|allfields|"Id,OwnerId,IsDeleted (353 more) ..."
00:42:39.0 (133878904)|HEAP_ALLOCATE|[59]|Bytes:5
00:42:39.0 (133883433)|HEAP_ALLOCATE|[59]|Bytes:12
00:42:39.0 (133887091)|VARIABLE_SCOPE_BEGIN|[59]|fieldname|String|false|false
00:42:39.0 (133893006)|VARIABLE_ASSIGNMENT|[59]|fieldname|"Team_Lead__c"
00:42:39.0 (133895822)|STATEMENT_EXECUTE|[60]
00:42:39.0 (133897988)|HEAP_ALLOCATE|[60]|Bytes:13
00:42:39.0 (133903929)|HEAP_ALLOCATE|[60]|Bytes:386
00:42:39.0 (133908555)|VARIABLE_ASSIGNMENT|[60]|allfields|"Id,OwnerId,IsDeleted (366 more) ..."
00:42:39.0 (133914869)|HEAP_ALLOCATE|[59]|Bytes:5
00:42:39.0 (133920001)|HEAP_ALLOCATE|[59]|Bytes:21
00:42:39.0 (133923237)|VARIABLE_SCOPE_BEGIN|[59]|fieldname|String|false|false
00:42:39.0 (133930101)|VARIABLE_ASSIGNMENT|[59]|fieldname|"Project_Start_Date__ (1 more) ..."
00:42:39.0 (133933753)|STATEMENT_EXECUTE|[60]
00:42:39.0 (133935893)|HEAP_ALLOCATE|[60]|Bytes:22
00:42:39.0 (133939321)|HEAP_ALLOCATE|[60]|Bytes:408
00:42:39.0 (133943442)|VARIABLE_ASSIGNMENT|[60]|allfields|"Id,OwnerId,IsDeleted (388 more) ..."
00:42:39.0 (133949281)|HEAP_ALLOCATE|[59]|Bytes:5
00:42:39.0 (133953861)|HEAP_ALLOCATE|[59]|Bytes:19
00:42:39.0 (133957125)|VARIABLE_SCOPE_BEGIN|[59]|fieldname|String|false|false
00:42:39.0 (133963133)|VARIABLE_ASSIGNMENT|[59]|fieldname|"Project_End_Date__c"
00:42:39.0 (133966248)|STATEMENT_EXECUTE|[60]
00:42:39.0 (133968506)|HEAP_ALLOCATE|[60]|Bytes:20
00:42:39.0 (133971982)|HEAP_ALLOCATE|[60]|Bytes:428
00:42:39.0 (133975710)|VARIABLE_ASSIGNMENT|[60]|allfields|"Id,OwnerId,IsDeleted (408 more) ..."
00:42:39.0 (133981225)|HEAP_ALLOCATE|[59]|Bytes:5
00:42:39.0 (133986336)|HEAP_ALLOCATE|[59]|Bytes:8
00:42:39.0 (133989812)|VARIABLE_SCOPE_BEGIN|[59]|fieldname|String|false|false
00:42:39.0 (133995662)|VARIABLE_ASSIGNMENT|[59]|fieldname|"Units__c"
00:42:39.0 (133998712)|STATEMENT_EXECUTE|[60]
00:42:39.0 (134000722)|HEAP_ALLOCATE|[60]|Bytes:9
00:42:39.0 (134004878)|HEAP_ALLOCATE|[60]|Bytes:437
00:42:39.0 (134008751)|VARIABLE_ASSIGNMENT|[60]|allfields|"Id,OwnerId,IsDeleted (417 more) ..."
00:42:39.0 (134014705)|HEAP_ALLOCATE|[59]|Bytes:5
00:42:39.0 (134019690)|HEAP_ALLOCATE|[59]|Bytes:8
00:42:39.0 (134022976)|VARIABLE_SCOPE_BEGIN|[59]|fieldname|String|false|false
00:42:39.0 (134029062)|VARIABLE_ASSIGNMENT|[59]|fieldname|"Nodes__c"
00:42:39.0 (134031964)|STATEMENT_EXECUTE|[60]
00:42:39.0 (134034009)|HEAP_ALLOCATE|[60]|Bytes:9
00:42:39.0 (134037537)|HEAP_ALLOCATE|[60]|Bytes:446
00:42:39.0 (134041573)|VARIABLE_ASSIGNMENT|[60]|allfields|"Id,OwnerId,IsDeleted (426 more) ..."
00:42:39.0 (134047566)|HEAP_ALLOCATE|[59]|Bytes:5
00:42:39.0 (134057146)|HEAP_ALLOCATE|[59]|Bytes:10
00:42:39.0 (134060449)|VARIABLE_SCOPE_BEGIN|[59]|fieldname|String|false|false
00:42:39.0 (134066783)|VARIABLE_ASSIGNMENT|[59]|fieldname|"Footage__c"
00:42:39.0 (134070110)|STATEMENT_EXECUTE|[60]
00:42:39.0 (134072218)|HEAP_ALLOCATE|[60]|Bytes:11
00:42:39.0 (134075690)|HEAP_ALLOCATE|[60]|Bytes:457
00:42:39.0 (134079599)|VARIABLE_ASSIGNMENT|[60]|allfields|"Id,OwnerId,IsDeleted (437 more) ..."
00:42:39.0 (134085326)|HEAP_ALLOCATE|[59]|Bytes:5
00:42:39.0 (134090791)|HEAP_ALLOCATE|[59]|Bytes:8
00:42:39.0 (134093925)|VARIABLE_SCOPE_BEGIN|[59]|fieldname|String|false|false
00:42:39.0 (134100183)|VARIABLE_ASSIGNMENT|[59]|fieldname|"Miles__c"
00:42:39.0 (134103503)|STATEMENT_EXECUTE|[60]
00:42:39.0 (134105470)|HEAP_ALLOCATE|[60]|Bytes:9
00:42:39.0 (134108918)|HEAP_ALLOCATE|[60]|Bytes:466
00:42:39.0 (134113234)|VARIABLE_ASSIGNMENT|[60]|allfields|"Id,OwnerId,IsDeleted (446 more) ..."
00:42:39.0 (134119145)|HEAP_ALLOCATE|[59]|Bytes:5
00:42:39.0 (134126073)|HEAP_ALLOCATE|[59]|Bytes:7
00:42:39.0 (134130797)|VARIABLE_SCOPE_BEGIN|[59]|fieldname|String|false|false
00:42:39.0 (134137752)|VARIABLE_ASSIGNMENT|[59]|fieldname|"Jobs__c"
00:42:39.0 (134141095)|STATEMENT_EXECUTE|[60]
00:42:39.0 (134143304)|HEAP_ALLOCATE|[60]|Bytes:8
00:42:39.0 (134147022)|HEAP_ALLOCATE|[60]|Bytes:474
00:42:39.0 (134151074)|VARIABLE_ASSIGNMENT|[60]|allfields|"Id,OwnerId,IsDeleted (454 more) ..."
00:42:39.0 (134156991)|HEAP_ALLOCATE|[59]|Bytes:5
00:42:39.0 (134161833)|HEAP_ALLOCATE|[59]|Bytes:8
00:42:39.0 (134165112)|VARIABLE_SCOPE_BEGIN|[59]|fieldname|String|false|false
00:42:39.0 (134171007)|VARIABLE_ASSIGNMENT|[59]|fieldname|"Hours__c"
00:42:39.0 (134174224)|STATEMENT_EXECUTE|[60]
00:42:39.0 (134176203)|HEAP_ALLOCATE|[60]|Bytes:9
00:42:39.0 (134179178)|HEAP_ALLOCATE|[60]|Bytes:483
00:42:39.0 (134183685)|VARIABLE_ASSIGNMENT|[60]|allfields|"Id,OwnerId,IsDeleted (463 more) ..."
00:42:39.0 (134189369)|HEAP_ALLOCATE|[59]|Bytes:5
00:42:39.0 (134193971)|HEAP_ALLOCATE|[59]|Bytes:7
00:42:39.0 (134196937)|VARIABLE_SCOPE_BEGIN|[59]|fieldname|String|false|false
00:42:39.0 (134203068)|VARIABLE_ASSIGNMENT|[59]|fieldname|"Team__c"
00:42:39.0 (134206247)|STATEMENT_EXECUTE|[60]
00:42:39.0 (134208243)|HEAP_ALLOCATE|[60]|Bytes:8
00:42:39.0 (134211543)|HEAP_ALLOCATE|[60]|Bytes:491
00:42:39.0 (134216012)|VARIABLE_ASSIGNMENT|[60]|allfields|"Id,OwnerId,IsDeleted (471 more) ..."
00:42:39.0 (134221925)|HEAP_ALLOCATE|[59]|Bytes:5
00:42:39.0 (134228023)|VARIABLE_ASSIGNMENT|[59]|fieldname|null
00:42:39.0 (134232058)|STATEMENT_EXECUTE|[62]
00:42:39.0 (134290925)|HEAP_ALLOCATE|[62]|Bytes:490
00:42:39.0 (134301612)|VARIABLE_ASSIGNMENT|[62]|allfields|"Id,OwnerId,IsDeleted (470 more) ..."
00:42:39.0 (134305530)|STATEMENT_EXECUTE|[64]
00:42:39.0 (134318435)|METHOD_EXIT|[16]|01p7F00000Ehro9|PM_Project_Edit_Controller.getAllFields(String)
00:42:39.0 (134324920)|HEAP_ALLOCATE|[16]|Bytes:32
00:42:39.0 (134333054)|HEAP_ALLOCATE|[16]|Bytes:529
00:42:39.0 (134803461)|SOQL_EXECUTE_BEGIN|[16]|Aggregations:0|select Id,OwnerId,IsDeleted,Name,CreatedDate,CreatedById,LastModifiedDate,LastModifiedById,SystemModstamp,LastActivityDate,LastViewedDate,LastReferencedDate,Client__c,End_Customer__c,Operation_Region__c,Work_Region__c,Client_Project_Manager__c,Project_code__c,Company_project_code__c,Project_Scope__c,Cost_Centre__c,Production__c,QC__c,Delivery__c,QA__c,OffshoreProjectManager__c,Team_Lead__c,Project_Start_Date__c,Project_End_Date__c,Units__c,Nodes__c,Footage__c,Miles__c,Jobs__c,Hours__c,Team__c from Project__c where Id = :pid
00:42:39.0 (147131517)|SOQL_EXECUTE_END|[16]|Rows:1
00:42:39.0 (147156677)|HEAP_ALLOCATE|[16]|Bytes:8
00:42:39.0 (147187878)|HEAP_ALLOCATE|[16]|Bytes:996
00:42:39.0 (147248043)|HEAP_ALLOCATE|[16]|Bytes:8
00:42:39.0 (147265543)|HEAP_ALLOCATE|[16]|Bytes:36
00:42:39.0 (147305101)|HEAP_ALLOCATE|[16]|Bytes:140
00:42:39.0 (147358647)|VARIABLE_ASSIGNMENT|[EXTERNAL]|this|{"mysObject":"0x79d10215","nonSelectedUserId":"(","usersList":"0x31162707"}|0x3101a9c5
00:42:39.0 (147419507)|VARIABLE_ASSIGNMENT|[EXTERNAL]|value|{"Id":"a057F000002dVv5QAE","OwnerId":"0057F000000Tiz6QAC","IsDeleted":false,"Name":"tm Test","CreatedDate":"2017-12-19T10:53:33.000Z","CreatedById":"0057F000000Tiz6QAC","LastModifiedDate":"2017-12-19T11:16:32.000Z","LastModifiedById":"0057F000000Tiz6QAC","SystemModstamp":"2018-01-18T18:41:12.000Z","LastViewedDate":"2018-01-22T08:13:56.000Z","LastReferencedDate":"2018-01-22T08:13:56.000Z","Client__c":"a047F000002zkUjQAI","End_Customer__c":"tm Test","Operation_Region__c":"tm Test","Work_Region__c":"tm Test","Client_Project_Manag (5 more) ...":"tm Test","Project_code__c":"tm Test","Company_project_code (3 more) ...":"321","Project_Scope__c":"DESIGNING","Production__c":50,"QC__c":20,"Delivery__c":10,"QA__c":20,"OffshoreProjectManag (5 more) ...":"0057F000000TpcqQAC","Team_Lead__c":"0057F000000TyzfQAC","Project_Start_Date__ (1 more) ...":"2017-12-19T00:00:00.000Z","Project_End_Date__c":"2017-12-19T00:00:00.000Z","Units__c":true,"Nodes__c":true,"Footage__c":false,"Miles__c":false,"Jobs__c":false,"Hours__c":false,"Team__c":"Mani Sasank, Santhos (30 more) ..."}|0x4da801e
00:42:39.0 (147471536)|VARIABLE_ASSIGNMENT|[3]|this.mysObject|{"Id":"a057F000002dVv5QAE","OwnerId":"0057F000000Tiz6QAC","IsDeleted":false,"Name":"tm Test","CreatedDate":"2017-12-19T10:53:33.000Z","CreatedById":"0057F000000Tiz6QAC","LastModifiedDate":"2017-12-19T11:16:32.000Z","LastModifiedById":"0057F000000Tiz6QAC","SystemModstamp":"2018-01-18T18:41:12.000Z","LastViewedDate":"2018-01-22T08:13:56.000Z","LastReferencedDate":"2018-01-22T08:13:56.000Z","Client__c":"a047F000002zkUjQAI","End_Customer__c":"tm Test","Operation_Region__c":"tm Test","Work_Region__c":"tm Test","Client_Project_Manag (5 more) ...":"tm Test","Project_code__c":"tm Test","Company_project_code (3 more) ...":"321","Project_Scope__c":"DESIGNING","Production__c":50,"QC__c":20,"Delivery__c":10,"QA__c":20,"OffshoreProjectManag (5 more) ...":"0057F000000TpcqQAC","Team_Lead__c":"0057F000000TyzfQAC","Project_Start_Date__ (1 more) ...":"2017-12-19T00:00:00.000Z","Project_End_Date__c":"2017-12-19T00:00:00.000Z","Units__c":true,"Nodes__c":true,"Footage__c":false,"Miles__c":false,"Jobs__c":false,"Hours__c":false,"Team__c":"Mani Sasank, Santhos (30 more) ..."}|0x3101a9c5
00:42:39.0 (147491568)|STATEMENT_EXECUTE|[17]
00:42:39.0 (147540711)|VARIABLE_ASSIGNMENT|[EXTERNAL]|this|{"mysObject":"0x4da801e","nonSelectedUserId":"(","usersList":"0x31162707"}|0x3101a9c5
00:42:39.0 (147607349)|VARIABLE_ASSIGNMENT|[EXTERNAL]|this|{"mysObject":"0x4da801e","nonSelectedUserId":"(","usersList":"0x31162707"}|0x3101a9c5
00:42:39.0 (147615397)|VARIABLE_ASSIGNMENT|[EXTERNAL]|value|"tm Test"
00:42:39.0 (147622767)|VARIABLE_ASSIGNMENT|[4]|this.pName|"tm Test"|0x3101a9c5
00:42:39.0 (147629303)|STATEMENT_EXECUTE|[19]
00:42:39.0 (147632047)|HEAP_ALLOCATE|[19]|Bytes:86
00:42:39.0 (147649212)|HEAP_ALLOCATE|[19]|Bytes:4
00:42:39.0 (147658652)|HEAP_ALLOCATE|[19]|Bytes:7
00:42:39.0 (147893533)|SOQL_EXECUTE_BEGIN|[19]|Aggregations:0|SELECT Name, UserLink__c FROM ProjectJobAssociation__c WHERE ProjectLink__c = :tmpVar1
00:42:39.0 (151029432)|SOQL_EXECUTE_END|[19]|Rows:5
00:42:39.0 (151046125)|HEAP_ALLOCATE|[19]|Bytes:24
00:42:39.0 (151064473)|HEAP_ALLOCATE|[19]|Bytes:380
00:42:39.0 (151118154)|HEAP_ALLOCATE|[19]|Bytes:24
00:42:39.0 (151130926)|VARIABLE_SCOPE_BEGIN|[19]|pja|List<ProjectJobAssociation__c>|true|false
00:42:39.0 (151162894)|VARIABLE_ASSIGNMENT|[19]|pja|[{"Name":"A-0002","UserLink__c":"0057F000000TpdFQAS","Id":"a087F000009HOLTQA4"},{"Name":"A-0003","UserLink__c":"0057F000000TrBBQA0","Id":"a087F000009HOLUQA4"},{"Name":"A-0004","UserLink__c":"0057F000000TrBGQA0","Id":"a087F000009HOLVQA4"},{"Name":"A-0005","UserLink__c":"0057F000000TrBVQA0","Id":"a087F000009HOLWQA4"},{"Name":"A-0006","UserLink__c":"0057F000000Tz0iQAC","Id":"a087F000009HOLXQA4"}]|0x72a32d08
00:42:39.0 (151173231)|STATEMENT_EXECUTE|[20]
00:42:39.0 (151184915)|HEAP_ALLOCATE|[20]|Bytes:4
00:42:39.0 (151245492)|VARIABLE_ASSIGNMENT|[EXTERNAL]|this|{"mysObject":"0x4da801e","nonSelectedUserId":"(","pName":"tm Test","usersList":"0x31162707"}|0x3101a9c5
00:42:39.0 (151270968)|HEAP_ALLOCATE|[EXTERNAL]|Bytes:4
00:42:39.0 (151278259)|VARIABLE_ASSIGNMENT|[EXTERNAL]|value|[]|0x79c713db
00:42:39.0 (151288568)|VARIABLE_ASSIGNMENT|[6]|this.selectedUsers|[]|0x3101a9c5
00:42:39.0 (151421635)|HEAP_ALLOCATE|[21]|Bytes:5
00:42:39.0 (151437509)|HEAP_ALLOCATE|[21]|Bytes:16
00:42:39.0 (151445803)|VARIABLE_SCOPE_BEGIN|[21]|spja|ProjectJobAssociation__c|true|false
00:42:39.0 (151458866)|VARIABLE_ASSIGNMENT|[21]|spja|{"Name":"A-0002","UserLink__c":"0057F000000TpdFQAS","Id":"a087F000009HOLTQA4"}|0x22769423
00:42:39.0 (151464271)|STATEMENT_EXECUTE|[21]
00:42:39.0 (151465561)|STATEMENT_EXECUTE|[22]
00:42:39.0 (151468167)|HEAP_ALLOCATE|[22]|Bytes:45
00:42:39.0 (151479853)|HEAP_ALLOCATE|[22]|Bytes:4
00:42:39.0 (151650682)|SOQL_EXECUTE_BEGIN|[22]|Aggregations:0|SELECT Id, Name FROM User WHERE Id = :tmpVar1
00:42:39.0 (155233502)|SOQL_EXECUTE_END|[22]|Rows:1
00:42:39.0 (155249043)|HEAP_ALLOCATE|[22]|Bytes:8
00:42:39.0 (155260605)|HEAP_ALLOCATE|[22]|Bytes:48
00:42:39.0 (155308728)|HEAP_ALLOCATE|[22]|Bytes:8
00:42:39.0 (155319067)|HEAP_ALLOCATE|[22]|Bytes:30
00:42:39.0 (155342271)|HEAP_ALLOCATE|[22]|Bytes:12
00:42:39.0 (155348836)|VARIABLE_SCOPE_BEGIN|[22]|user1|User|true|false
00:42:39.0 (155364761)|VARIABLE_ASSIGNMENT|[22]|user1|{"Id":"0057F000000TpdFQAS","Name":"Mani Sasank"}|0x13252979
00:42:39.0 (155370706)|STATEMENT_EXECUTE|[23]
00:42:39.0 (155375990)|HEAP_ALLOCATE|[23]|Bytes:1
00:42:39.0 (155442219)|HEAP_ALLOCATE|[23]|Bytes:18
00:42:39.0 (155453668)|HEAP_ALLOCATE|[23]|Bytes:2
00:42:39.0 (155460442)|HEAP_ALLOCATE|[23]|Bytes:21
00:42:39.0 (155465209)|HEAP_ALLOCATE|[23]|Bytes:22
00:42:39.0 (155475649)|VARIABLE_ASSIGNMENT|[23]|this.nonSelectedUserId|"('0057F000000TpdFQAS (2 more) ..."|0x3101a9c5
00:42:39.0 (155480905)|STATEMENT_EXECUTE|[24]
00:42:39.0 (155521973)|VARIABLE_ASSIGNMENT|[EXTERNAL]|this|{"mysObject":"0x4da801e","nonSelectedUserId":"('0057F000000TpdFQAS (2 more) ...","pName":"tm Test","selectedUsers":"0x79c713db","usersList":"0x31162707"}|0x3101a9c5
00:42:39.0 (155545994)|HEAP_ALLOCATE|[24]|Bytes:18
00:42:39.0 (155591032)|HEAP_ALLOCATE|[EXTERNAL]|Bytes:4
00:42:39.0 (155607057)|HEAP_ALLOCATE|[21]|Bytes:5
00:42:39.0 (155620854)|HEAP_ALLOCATE|[21]|Bytes:16
00:42:39.0 (155626982)|VARIABLE_SCOPE_BEGIN|[21]|spja|ProjectJobAssociation__c|true|false
00:42:39.0 (155640368)|VARIABLE_ASSIGNMENT|[21]|spja|{"Name":"A-0003","UserLink__c":"0057F000000TrBBQA0","Id":"a087F000009HOLUQA4"}|0x256865cb
00:42:39.0 (155645710)|STATEMENT_EXECUTE|[21]
00:42:39.0 (155646871)|STATEMENT_EXECUTE|[22]
00:42:39.0 (155656186)|HEAP_ALLOCATE|[22]|Bytes:4
00:42:39.0 (155793028)|SOQL_EXECUTE_BEGIN|[22]|Aggregations:0|SELECT Id, Name FROM User WHERE Id = :tmpVar1
00:42:39.0 (158020238)|SOQL_EXECUTE_END|[22]|Rows:1
00:42:39.0 (158035399)|HEAP_ALLOCATE|[22]|Bytes:8
00:42:39.0 (158046163)|HEAP_ALLOCATE|[22]|Bytes:45
00:42:39.0 (158072624)|HEAP_ALLOCATE|[22]|Bytes:8
00:42:39.0 (158088363)|HEAP_ALLOCATE|[22]|Bytes:12
00:42:39.0 (158094269)|VARIABLE_SCOPE_BEGIN|[22]|user1|User|true|false
00:42:39.0 (158109739)|VARIABLE_ASSIGNMENT|[22]|user1|{"Id":"0057F000000TrBBQA0","Name":"Santhosh"}|0x2250a5f3
00:42:39.0 (158115594)|STATEMENT_EXECUTE|[23]
00:42:39.0 (158138462)|HEAP_ALLOCATE|[23]|Bytes:18
00:42:39.0 (158150053)|HEAP_ALLOCATE|[23]|Bytes:21
00:42:39.0 (158157878)|HEAP_ALLOCATE|[23]|Bytes:43
00:42:39.0 (158167973)|VARIABLE_ASSIGNMENT|[23]|this.nonSelectedUserId|"('0057F000000TpdFQAS (23 more) ..."|0x3101a9c5
00:42:39.0 (158173112)|STATEMENT_EXECUTE|[24]
00:42:39.0 (158198022)|VARIABLE_ASSIGNMENT|[EXTERNAL]|this|{"mysObject":"0x4da801e","nonSelectedUserId":"('0057F000000TpdFQAS (23 more) ...","pName":"tm Test","selectedUsers":"0x79c713db","usersList":"0x31162707"}|0x3101a9c5
00:42:39.0 (158214735)|HEAP_ALLOCATE|[24]|Bytes:18
00:42:39.0 (158228597)|HEAP_ALLOCATE|[EXTERNAL]|Bytes:4
00:42:39.0 (158241303)|HEAP_ALLOCATE|[21]|Bytes:5
00:42:39.0 (158251561)|HEAP_ALLOCATE|[21]|Bytes:16
00:42:39.0 (158257418)|VARIABLE_SCOPE_BEGIN|[21]|spja|ProjectJobAssociation__c|true|false
00:42:39.0 (158269582)|VARIABLE_ASSIGNMENT|[21]|spja|{"Name":"A-0004","UserLink__c":"0057F000000TrBGQA0","Id":"a087F000009HOLVQA4"}|0x46f166c6
00:42:39.0 (158274776)|STATEMENT_EXECUTE|[21]
00:42:39.0 (158275953)|STATEMENT_EXECUTE|[22]
00:42:39.0 (158284762)|HEAP_ALLOCATE|[22]|Bytes:4
00:42:39.0 (158403159)|SOQL_EXECUTE_BEGIN|[22]|Aggregations:0|SELECT Id, Name FROM User WHERE Id = :tmpVar1
00:42:39.0 (161880346)|SOQL_EXECUTE_END|[22]|Rows:1
00:42:39.0 (161895743)|HEAP_ALLOCATE|[22]|Bytes:8
00:42:39.0 (161906794)|HEAP_ALLOCATE|[22]|Bytes:46
00:42:39.0 (161935644)|HEAP_ALLOCATE|[22]|Bytes:8
00:42:39.0 (161951037)|HEAP_ALLOCATE|[22]|Bytes:12
00:42:39.0 (161957592)|VARIABLE_SCOPE_BEGIN|[22]|user1|User|true|false
00:42:39.0 (161972768)|VARIABLE_ASSIGNMENT|[22]|user1|{"Id":"0057F000000TrBGQA0","Name":"Ravi teja"}|0xc53aaf8
00:42:39.0 (161978620)|STATEMENT_EXECUTE|[23]
00:42:39.0 (162001490)|HEAP_ALLOCATE|[23]|Bytes:18
00:42:39.0 (162013717)|HEAP_ALLOCATE|[23]|Bytes:21
00:42:39.0 (162017540)|HEAP_ALLOCATE|[23]|Bytes:64
00:42:39.0 (162026864)|VARIABLE_ASSIGNMENT|[23]|this.nonSelectedUserId|"('0057F000000TpdFQAS (44 more) ..."|0x3101a9c5
00:42:39.0 (162031804)|STATEMENT_EXECUTE|[24]
00:42:39.0 (162057034)|VARIABLE_ASSIGNMENT|[EXTERNAL]|this|{"mysObject":"0x4da801e","nonSelectedUserId":"('0057F000000TpdFQAS (44 more) ...","pName":"tm Test","selectedUsers":"0x79c713db","usersList":"0x31162707"}|0x3101a9c5
00:42:39.0 (162073927)|HEAP_ALLOCATE|[24]|Bytes:18
00:42:39.0 (162087740)|HEAP_ALLOCATE|[EXTERNAL]|Bytes:4
00:42:39.0 (162100645)|HEAP_ALLOCATE|[21]|Bytes:5
00:42:39.0 (162110976)|HEAP_ALLOCATE|[21]|Bytes:16
00:42:39.0 (162116905)|VARIABLE_SCOPE_BEGIN|[21]|spja|ProjectJobAssociation__c|true|false
00:42:39.0 (162129018)|VARIABLE_ASSIGNMENT|[21]|spja|{"Name":"A-0005","UserLink__c":"0057F000000TrBVQA0","Id":"a087F000009HOLWQA4"}|0xaf6afe7
00:42:39.0 (162134470)|STATEMENT_EXECUTE|[21]
00:42:39.0 (162135502)|STATEMENT_EXECUTE|[22]
00:42:39.0 (162144379)|HEAP_ALLOCATE|[22]|Bytes:4
00:42:39.0 (162269653)|SOQL_EXECUTE_BEGIN|[22]|Aggregations:0|SELECT Id, Name FROM User WHERE Id = :tmpVar1
00:42:39.0 (165539889)|SOQL_EXECUTE_END|[22]|Rows:1
00:42:39.0 (165555923)|HEAP_ALLOCATE|[22]|Bytes:8
00:42:39.0 (165567412)|HEAP_ALLOCATE|[22]|Bytes:46
00:42:39.0 (165593819)|HEAP_ALLOCATE|[22]|Bytes:8
00:42:39.0 (165609548)|HEAP_ALLOCATE|[22]|Bytes:12
00:42:39.0 (165618957)|VARIABLE_SCOPE_BEGIN|[22]|user1|User|true|false
00:42:39.0 (165634538)|VARIABLE_ASSIGNMENT|[22]|user1|{"Id":"0057F000000TrBVQA0","Name":"Yashwanth"}|0x4b619121
00:42:39.0 (165641051)|STATEMENT_EXECUTE|[23]
00:42:39.0 (165664163)|HEAP_ALLOCATE|[23]|Bytes:18
00:42:39.0 (165675259)|HEAP_ALLOCATE|[23]|Bytes:21
00:42:39.0 (165679299)|HEAP_ALLOCATE|[23]|Bytes:85
00:42:39.0 (165688672)|VARIABLE_ASSIGNMENT|[23]|this.nonSelectedUserId|"('0057F000000TpdFQAS (65 more) ..."|0x3101a9c5
00:42:39.0 (165693642)|STATEMENT_EXECUTE|[24]
00:42:39.0 (165719318)|VARIABLE_ASSIGNMENT|[EXTERNAL]|this|{"mysObject":"0x4da801e","nonSelectedUserId":"('0057F000000TpdFQAS (65 more) ...","pName":"tm Test","selectedUsers":"0x79c713db","usersList":"0x31162707"}|0x3101a9c5
00:42:39.0 (165735032)|HEAP_ALLOCATE|[24]|Bytes:18
00:42:39.0 (165748489)|HEAP_ALLOCATE|[EXTERNAL]|Bytes:4
00:42:39.0 (165761624)|HEAP_ALLOCATE|[21]|Bytes:5
00:42:39.0 (165771564)|HEAP_ALLOCATE|[21]|Bytes:16
00:42:39.0 (165777554)|VARIABLE_SCOPE_BEGIN|[21]|spja|ProjectJobAssociation__c|true|false
00:42:39.0 (165789554)|VARIABLE_ASSIGNMENT|[21]|spja|{"Name":"A-0006","UserLink__c":"0057F000000Tz0iQAC","Id":"a087F000009HOLXQA4"}|0x1c37f516
00:42:39.0 (165794701)|STATEMENT_EXECUTE|[21]
00:42:39.0 (165795716)|STATEMENT_EXECUTE|[22]
00:42:39.0 (165805525)|HEAP_ALLOCATE|[22]|Bytes:4
00:42:39.0 (165942713)|SOQL_EXECUTE_BEGIN|[22]|Aggregations:0|SELECT Id, Name FROM User WHERE Id = :tmpVar1
00:42:39.0 (168175223)|SOQL_EXECUTE_END|[22]|Rows:1
00:42:39.0 (168190870)|HEAP_ALLOCATE|[22]|Bytes:8
00:42:39.0 (168201745)|HEAP_ALLOCATE|[22]|Bytes:42
00:42:39.0 (168228897)|HEAP_ALLOCATE|[22]|Bytes:8
00:42:39.0 (168244646)|HEAP_ALLOCATE|[22]|Bytes:12
00:42:39.0 (168253454)|VARIABLE_SCOPE_BEGIN|[22]|user1|User|true|false
00:42:39.0 (168268665)|VARIABLE_ASSIGNMENT|[22]|user1|{"Id":"0057F000000Tz0iQAC","Name":"Richa"}|0xa6ae2cf
00:42:39.0 (168274344)|STATEMENT_EXECUTE|[23]
00:42:39.0 (168296876)|HEAP_ALLOCATE|[23]|Bytes:18
00:42:39.0 (168307756)|HEAP_ALLOCATE|[23]|Bytes:21
00:42:39.0 (168311533)|HEAP_ALLOCATE|[23]|Bytes:106
00:42:39.0 (168321981)|VARIABLE_ASSIGNMENT|[23]|this.nonSelectedUserId|"('0057F000000TpdFQAS (86 more) ..."|0x3101a9c5
00:42:39.0 (168326785)|STATEMENT_EXECUTE|[24]
00:42:39.0 (168351587)|VARIABLE_ASSIGNMENT|[EXTERNAL]|this|{"mysObject":"0x4da801e","nonSelectedUserId":"('0057F000000TpdFQAS (86 more) ...","pName":"tm Test","selectedUsers":"0x79c713db","usersList":"0x31162707"}|0x3101a9c5
00:42:39.0 (168367922)|HEAP_ALLOCATE|[24]|Bytes:18
00:42:39.0 (168381231)|HEAP_ALLOCATE|[EXTERNAL]|Bytes:4
00:42:39.0 (168394107)|HEAP_ALLOCATE|[21]|Bytes:5
00:42:39.0 (168405759)|VARIABLE_ASSIGNMENT|[21]|spja|null|
00:42:39.0 (168410516)|STATEMENT_EXECUTE|[26]
00:42:39.0 (168454294)|HEAP_ALLOCATE|[26]|Bytes:105
00:42:39.0 (168467112)|VARIABLE_ASSIGNMENT|[26]|this.nonSelectedUserId|"('0057F000000TpdFQAS (85 more) ..."|0x3101a9c5
00:42:39.0 (168472044)|STATEMENT_EXECUTE|[27]
00:42:39.0 (168474905)|HEAP_ALLOCATE|[27]|Bytes:1
00:42:39.0 (168479388)|HEAP_ALLOCATE|[27]|Bytes:106
00:42:39.0 (168484814)|VARIABLE_ASSIGNMENT|[27]|this.nonSelectedUserId|"('0057F000000TpdFQAS (86 more) ..."|0x3101a9c5
00:42:39.0 (168494739)|SYSTEM_MODE_EXIT|false
00:42:39.0 (168593695)|SYSTEM_MODE_ENTER|true
00:42:39.0 (176970191)|SYSTEM_MODE_ENTER|true
00:42:39.0 (177027537)|HEAP_ALLOCATE|[EXTERNAL]|Bytes:164
00:42:39.0 (177038260)|HEAP_ALLOCATE|[EXTERNAL]|Bytes:12
00:42:39.0 (177049530)|METHOD_ENTRY|[5]|01p7F00000Ehg8E|MultiselectController.MultiselectController()
00:42:39.0 (177055722)|STATEMENT_EXECUTE|[5]
00:42:39.0 (177058926)|STATEMENT_EXECUTE|[5]
00:42:39.0 (177067750)|SYSTEM_MODE_ENTER|false
00:42:39.0 (177075557)|HEAP_ALLOCATE|[EXTERNAL]|Bytes:5
00:42:39.0 (177082356)|SYSTEM_MODE_EXIT|false
00:42:39.0 (177091417)|METHOD_EXIT|[5]|MultiselectController
00:42:39.0 (177106554)|HEAP_ALLOCATE|[EXTERNAL]|Bytes:20
00:42:39.0 (177113439)|VARIABLE_SCOPE_BEGIN|[5]|this|MultiselectController|true|false
00:42:39.0 (177144249)|VARIABLE_ASSIGNMENT|[5]|this|{}|0x6f8f7333
00:42:39.0 (177161485)|SYSTEM_MODE_ENTER|false
00:42:39.0 (177166131)|HEAP_ALLOCATE|[EXTERNAL]|Bytes:5
00:42:39.0 (177186691)|SYSTEM_MODE_EXIT|false
00:42:39.0 (177190622)|STATEMENT_EXECUTE|[5]
00:42:39.0 (177195255)|SYSTEM_MODE_ENTER|false
00:42:39.0 (177198619)|HEAP_ALLOCATE|[EXTERNAL]|Bytes:5
00:42:39.0 (177201281)|STATEMENT_EXECUTE|[7]
00:42:39.0 (177202354)|STATEMENT_EXECUTE|[8]
00:42:39.0 (177203277)|STATEMENT_EXECUTE|[23]
00:42:39.0 (177204244)|STATEMENT_EXECUTE|[31]
00:42:39.0 (177205927)|SYSTEM_MODE_EXIT|false
00:42:39.0 (177330157)|SYSTEM_MODE_ENTER|true
00:42:39.0 (177363524)|HEAP_ALLOCATE|[EXTERNAL]|Bytes:24
00:42:39.0 (177435887)|VARIABLE_SCOPE_BEGIN|[30]|this|PM_Project_Edit_Controller|true|false
00:42:39.0 (177464889)|VARIABLE_ASSIGNMENT|[30]|this|{"mysObject":"0x4da801e","nonSelectedUserId":"('0057F000000TpdFQAS (86 more) ...","pName":"tm Test","selectedUsers":"0x79c713db","usersList":"0x31162707"}|0x3101a9c5
00:42:39.0 (177482050)|SYSTEM_MODE_ENTER|false
00:42:39.0 (177487512)|HEAP_ALLOCATE|[31]|Bytes:5
00:42:39.0 (177491316)|STATEMENT_EXECUTE|[30]
00:42:39.0 (177492487)|STATEMENT_EXECUTE|[31]
00:42:39.0 (177494933)|HEAP_ALLOCATE|[31]|Bytes:62
00:42:39.0 (177508684)|HEAP_ALLOCATE|[31]|Bytes:4
00:42:39.0 (177653891)|SOQL_EXECUTE_BEGIN|[31]|Aggregations:0|SELECT Id, Name FROM UserRole WHERE Name = 'Software Engineer'
00:42:39.0 (180698568)|SOQL_EXECUTE_END|[31]|Rows:1
00:42:39.0 (180715633)|HEAP_ALLOCATE|[31]|Bytes:8
00:42:39.0 (180727688)|HEAP_ALLOCATE|[31]|Bytes:54
00:42:39.0 (180788107)|HEAP_ALLOCATE|[31]|Bytes:8
00:42:39.0 (180798666)|HEAP_ALLOCATE|[31]|Bytes:34
00:42:39.0 (180833870)|HEAP_ALLOCATE|[31]|Bytes:12
00:42:39.0 (180839804)|VARIABLE_SCOPE_BEGIN|[31]|userRole|UserRole|true|false
00:42:39.0 (180856582)|VARIABLE_ASSIGNMENT|[31]|userRole|{"Id":"00E7F000000MdriUAC","Name":"Software Engineer"}|0x5048fd4e
00:42:39.0 (180862174)|STATEMENT_EXECUTE|[32]
00:42:39.0 (180882621)|VARIABLE_SCOPE_BEGIN|[32]|userRoleId|Id|false|false
00:42:39.0 (181035763)|VARIABLE_ASSIGNMENT|[32]|userRoleId|"00E7F000000MdriUAC"
00:42:39.0 (181041879)|STATEMENT_EXECUTE|[33]
00:42:39.0 (181044858)|HEAP_ALLOCATE|[33]|Bytes:70
00:42:39.0 (181056574)|HEAP_ALLOCATE|[33]|Bytes:176
00:42:39.0 (181245317)|SOQL_EXECUTE_BEGIN|[33]|Aggregations:0|select Id,Name from User where UserRoleId =: userRoleId and Id not in ('0057F000000TpdFQAS','0057F000000TrBBQA0','0057F000000TrBGQA0','0057F000000TrBVQA0','0057F000000Tz0iQAC')
00:42:39.0 (184281414)|SOQL_EXECUTE_END|[33]|Rows:1
00:42:39.0 (184296598)|HEAP_ALLOCATE|[33]|Bytes:8
00:42:39.0 (184307410)|HEAP_ALLOCATE|[33]|Bytes:44
00:42:39.0 (184334771)|HEAP_ALLOCATE|[33]|Bytes:8
00:42:39.0 (184351400)|VARIABLE_SCOPE_BEGIN|[33]|users|List<User>|true|false
00:42:39.0 (184370839)|VARIABLE_ASSIGNMENT|[33]|users|[{"Id":"0057F000000Tz0sQAC","Name":"Veeresh"}]|0x315817de
00:42:39.0 (184489962)|HEAP_ALLOCATE|[34]|Bytes:5
00:42:39.0 (184503656)|HEAP_ALLOCATE|[34]|Bytes:12
00:42:39.0 (184511358)|VARIABLE_SCOPE_BEGIN|[34]|usr|User|true|false
00:42:39.0 (184524121)|VARIABLE_ASSIGNMENT|[34]|usr|{"Id":"0057F000000Tz0sQAC","Name":"Veeresh"}|0x74e4037c
00:42:39.0 (184530009)|STATEMENT_EXECUTE|[34]
00:42:39.0 (184531320)|STATEMENT_EXECUTE|[35]
00:42:39.0 (184546573)|HEAP_ALLOCATE|[35]|Bytes:18
00:42:39.0 (184597199)|HEAP_ALLOCATE|[EXTERNAL]|Bytes:4
00:42:39.0 (184610647)|HEAP_ALLOCATE|[34]|Bytes:5
00:42:39.0 (184621079)|VARIABLE_ASSIGNMENT|[34]|usr|null|
00:42:39.0 (184625732)|STATEMENT_EXECUTE|[37]
00:42:39.0 (184631163)|SYSTEM_MODE_EXIT|false
00:42:39.0 (184731674)|SYSTEM_MODE_ENTER|true
00:42:39.0 (184779543)|HEAP_ALLOCATE|[EXTERNAL]|Bytes:8
00:42:39.0 (184784351)|HEAP_ALLOCATE|[EXTERNAL]|Bytes:20
00:42:39.0 (184897483)|VARIABLE_ASSIGNMENT|[EXTERNAL]|this.leftOptions|"common.apex.runtime.impl.ScalarList@90f52802"|0x6f8f7333
00:42:39.0 (184985701)|SYSTEM_MODE_ENTER|true
00:42:39.0 (185049663)|SYSTEM_MODE_ENTER|true
00:42:39.0 (185087770)|HEAP_ALLOCATE|[EXTERNAL]|Bytes:24
00:42:39.0 (185092528)|HEAP_ALLOCATE|[EXTERNAL]|Bytes:20
00:42:39.0 (185157327)|VARIABLE_ASSIGNMENT|[EXTERNAL]|this.rightOptions|"common.apex.runtime.impl.ScalarList@1977c2b2"|0x6f8f7333
00:42:39.0 (185272060)|SYSTEM_MODE_ENTER|true
00:42:39.0 (185458043)|SYSTEM_MODE_ENTER|true
00:42:39.0 (203609603)|SYSTEM_MODE_ENTER|true
00:42:39.0 (203673020)|HEAP_ALLOCATE|[EXTERNAL]|Bytes:8
00:42:39.0 (203681951)|HEAP_ALLOCATE|[EXTERNAL]|Bytes:20
00:42:39.0 (203815394)|VARIABLE_ASSIGNMENT|[EXTERNAL]|this.leftOptions|"common.apex.runtime.impl.ScalarList@90f52802"|0x6f8f7333
00:42:39.0 (203898836)|SYSTEM_MODE_ENTER|true
00:42:39.0 (203931408)|HEAP_ALLOCATE|[EXTERNAL]|Bytes:24
00:42:39.0 (203936018)|HEAP_ALLOCATE|[EXTERNAL]|Bytes:20
00:42:39.0 (203997583)|VARIABLE_ASSIGNMENT|[EXTERNAL]|this.rightOptions|"common.apex.runtime.impl.ScalarList@1977c2b2"|0x6f8f7333
00:42:39.0 (204506072)|SYSTEM_MODE_ENTER|true
00:42:39.0 (206361930)|SYSTEM_MODE_ENTER|true
00:42:39.0 (207053494)|SYSTEM_MODE_ENTER|true
00:42:39.0 (207128785)|SYSTEM_MODE_ENTER|true
00:42:39.0 (211596561)|VF_SERIALIZE_VIEWSTATE_BEGIN|0667F000004uRC1
00:42:39.0 (214461937)|VF_SERIALIZE_VIEWSTATE_END
00:42:39.216 (216466815)|CUMULATIVE_LIMIT_USAGE
00:42:39.216 (216466815)|LIMIT_USAGE_FOR_NS|(default)|
  Number of SOQL queries: 9 out of 100
  Number of query rows: 13 out of 50000
  Number of SOSL queries: 0 out of 20
  Number of DML statements: 0 out of 150
  Number of DML rows: 0 out of 10000
  Maximum CPU time: 0 out of 10000
  Maximum heap size: 0 out of 6000000
  Number of callouts: 0 out of 100
  Number of Email Invocations: 0 out of 10
  Number of future calls: 0 out of 50
  Number of queueable jobs added to the queue: 0 out of 50
  Number of Mobile Apex push calls: 0 out of 10

00:42:39.216 (216466815)|CUMULATIVE_LIMIT_USAGE_END

00:42:39.0 (216500845)|CODE_UNIT_FINISHED|VF: /apex/PM_Project_Edit
00:42:39.0 (217208009)|EXECUTION_FINISHED
