36.0 APEX_CODE,FINEST;APEX_PROFILING,INFO;CALLOUT,INFO;DB,INFO;SYSTEM,DEBUG;VALIDATION,INFO;VISUALFORCE,INFO;WAVE,INFO;WORKFLOW,INFO
03:46:48.0 (335007)|USER_INFO|[EXTERNAL]|0057F000000Tiz6|ksb994@salesforce.com|Pacific Standard Time|GMT-08:00
03:46:48.0 (381346)|EXECUTION_STARTED
03:46:48.0 (387621)|CODE_UNIT_STARTED|[EXTERNAL]|0667F000005a3QK|VF: /apex/PM_Project_Tab
03:46:48.0 (873461)|VF_DESERIALIZE_VIEWSTATE_BEGIN|0667F000005a3QK
03:46:48.0 (6989713)|HEAP_ALLOCATE|[72]|Bytes:3
03:46:48.0 (7034031)|HEAP_ALLOCATE|[77]|Bytes:152
03:46:48.0 (7048351)|HEAP_ALLOCATE|[342]|Bytes:408
03:46:48.0 (7063505)|HEAP_ALLOCATE|[355]|Bytes:408
03:46:48.0 (7078086)|HEAP_ALLOCATE|[467]|Bytes:48
03:46:48.0 (7105840)|HEAP_ALLOCATE|[139]|Bytes:6
03:46:48.0 (7130130)|HEAP_ALLOCATE|[50]|Bytes:5
03:46:48.0 (7157842)|HEAP_ALLOCATE|[56]|Bytes:5
03:46:48.0 (7166146)|HEAP_ALLOCATE|[64]|Bytes:7
03:46:48.0 (13153182)|VF_DESERIALIZE_VIEWSTATE_END
03:46:48.0 (17013940)|SYSTEM_MODE_ENTER|true
03:46:48.0 (17053905)|HEAP_ALLOCATE|[EXTERNAL]|Bytes:116
03:46:48.0 (17063231)|HEAP_ALLOCATE|[EXTERNAL]|Bytes:8
03:46:48.0 (17074331)|METHOD_ENTRY|[1]|01p7F00000HhOP2|sliderController.sliderController()
03:46:48.0 (17080033)|STATEMENT_EXECUTE|[1]
03:46:48.0 (17084846)|STATEMENT_EXECUTE|[1]
03:46:48.0 (17089538)|METHOD_EXIT|[1]|sliderController
03:46:48.0 (17265629)|SYSTEM_MODE_ENTER|true
03:46:48.0 (17298287)|HEAP_ALLOCATE|[EXTERNAL]|Bytes:156
03:46:48.0 (17307748)|HEAP_ALLOCATE|[EXTERNAL]|Bytes:12
03:46:48.0 (17336263)|VARIABLE_ASSIGNMENT|[EXTERNAL]|this.choiceMap|"        google.com : (136 more) ..."|0x47abfb32
03:46:48.0 (17476201)|SYSTEM_MODE_ENTER|true
03:46:48.0 (17497650)|HEAP_ALLOCATE|[EXTERNAL]|Bytes:156
03:46:48.0 (17501921)|HEAP_ALLOCATE|[EXTERNAL]|Bytes:12
03:46:48.0 (17514007)|VARIABLE_ASSIGNMENT|[EXTERNAL]|this.choiceMap|"        google.com : (136 more) ..."|0x47abfb32
03:46:48.19 (19978644)|CUMULATIVE_LIMIT_USAGE
03:46:48.19 (19978644)|LIMIT_USAGE_FOR_NS|(default)|
  Number of SOQL queries: 0 out of 100
  Number of query rows: 0 out of 50000
  Number of SOSL queries: 0 out of 20
  Number of DML statements: 0 out of 150
  Number of DML rows: 0 out of 10000
  Maximum CPU time: 0 out of 10000
  Maximum heap size: 0 out of 6000000
  Number of callouts: 0 out of 100
  Number of Email Invocations: 0 out of 10
  Number of future calls: 0 out of 50
  Number of queueable jobs added to the queue: 0 out of 50
  Number of Mobile Apex push calls: 0 out of 10

03:46:48.19 (19978644)|CUMULATIVE_LIMIT_USAGE_END

03:46:48.0 (20013306)|CODE_UNIT_FINISHED|VF: /apex/PM_Project_Tab
03:46:48.0 (20743777)|EXECUTION_FINISHED
