36.0 APEX_CODE,FINEST;APEX_PROFILING,INFO;CALLOUT,INFO;DB,INFO;SYSTEM,DEBUG;VALIDATION,INFO;VISUALFORCE,INFO;WAVE,INFO;WORKFLOW,INFO
23:22:31.0 (294020)|USER_INFO|[EXTERNAL]|0057F000000Tiz6|ksb994@salesforce.com|Pacific Standard Time|GMT-08:00
23:22:31.0 (328683)|EXECUTION_STARTED
23:22:31.0 (332190)|CODE_UNIT_STARTED|[EXTERNAL]|0667F000004uRC1|VF: /apex/PM_Project_Edit
23:22:31.0 (5118795)|SYSTEM_MODE_ENTER|true
23:22:31.0 (5434162)|HEAP_ALLOCATE|[72]|Bytes:3
23:22:31.0 (5473473)|HEAP_ALLOCATE|[77]|Bytes:152
23:22:31.0 (5489951)|HEAP_ALLOCATE|[342]|Bytes:408
23:22:31.0 (5505661)|HEAP_ALLOCATE|[355]|Bytes:408
23:22:31.0 (5518298)|HEAP_ALLOCATE|[467]|Bytes:48
23:22:31.0 (5547189)|HEAP_ALLOCATE|[139]|Bytes:6
23:22:31.0 (5562142)|HEAP_ALLOCATE|[EXTERNAL]|Bytes:4
23:22:31.0 (5566934)|HEAP_ALLOCATE|[EXTERNAL]|Bytes:1
23:22:31.0 (5574340)|METHOD_ENTRY|[1]|01p7F00000Ehro9|PM_Project_Edit_Controller.PM_Project_Edit_Controller()
23:22:31.0 (5580323)|STATEMENT_EXECUTE|[1]
23:22:31.0 (5585424)|STATEMENT_EXECUTE|[1]
23:22:31.0 (5614295)|HEAP_ALLOCATE|[50]|Bytes:5
23:22:31.0 (5635078)|HEAP_ALLOCATE|[56]|Bytes:5
23:22:31.0 (5642249)|HEAP_ALLOCATE|[64]|Bytes:7
23:22:31.0 (5660528)|SYSTEM_MODE_ENTER|false
23:22:31.0 (5670617)|HEAP_ALLOCATE|[EXTERNAL]|Bytes:5
23:22:31.0 (5677220)|SYSTEM_MODE_EXIT|false
23:22:31.0 (5685596)|METHOD_EXIT|[1]|PM_Project_Edit_Controller
23:22:31.0 (5725706)|HEAP_ALLOCATE|[EXTERNAL]|Bytes:8
23:22:31.0 (5739445)|VARIABLE_SCOPE_BEGIN|[5]|this|PM_Project_Edit_Controller|true|false
23:22:31.0 (5783198)|VARIABLE_ASSIGNMENT|[5]|this|{}|0x6b3104b0
23:22:31.0 (5791439)|VARIABLE_SCOPE_BEGIN|[5]|stdController|ApexPages.StandardController|true|false
23:22:31.0 (5921276)|VARIABLE_ASSIGNMENT|[5]|stdController|"StandardController [null]"|0x33f48e36
23:22:31.0 (5941039)|SYSTEM_MODE_ENTER|false
23:22:31.0 (5946859)|HEAP_ALLOCATE|[6]|Bytes:5
23:22:31.0 (5951184)|STATEMENT_EXECUTE|[1]
23:22:31.0 (5955415)|HEAP_ALLOCATE|[6]|Bytes:5
23:22:31.0 (5958248)|STATEMENT_EXECUTE|[3]
23:22:31.0 (5966179)|HEAP_ALLOCATE|[6]|Bytes:6
23:22:31.0 (5995998)|STATEMENT_EXECUTE|[5]
23:22:31.0 (5997273)|STATEMENT_EXECUTE|[6]
23:22:31.0 (6106721)|HEAP_ALLOCATE|[6]|Bytes:4
23:22:31.0 (6143536)|VARIABLE_ASSIGNMENT|[6]|this.mysObject|{}|0x6b3104b0
23:22:31.0 (6150177)|STATEMENT_EXECUTE|[7]
23:22:31.0 (6180785)|HEAP_ALLOCATE|[7]|Bytes:43
23:22:31.0 (6212618)|HEAP_ALLOCATE|[7]|Bytes:18
23:22:31.0 (6231997)|HEAP_ALLOCATE|[7]|Bytes:3
23:22:31.0 (6259708)|HEAP_ALLOCATE|[7]|Bytes:4
23:22:31.0 (6265566)|VARIABLE_SCOPE_BEGIN|[7]|pid|Id|false|false
23:22:31.0 (6330034)|VARIABLE_ASSIGNMENT|[7]|pid|"a057F000002dVv5QAE"
23:22:31.0 (6339627)|STATEMENT_EXECUTE|[8]
23:22:31.0 (6342112)|HEAP_ALLOCATE|[8]|Bytes:24
23:22:31.0 (6388445)|HEAP_ALLOCATE|[8]|Bytes:18
23:22:31.0 (6410542)|HEAP_ALLOCATE|[8]|Bytes:42
23:22:31.0 (6424855)|USER_DEBUG|[8]|DEBUG|------------------------a057F000002dVv5QAE
23:22:31.0 (6431931)|STATEMENT_EXECUTE|[9]
23:22:31.0 (6434206)|HEAP_ALLOCATE|[9]|Bytes:51
23:22:31.0 (6448106)|HEAP_ALLOCATE|[9]|Bytes:4
23:22:31.0 (6458723)|HEAP_ALLOCATE|[9]|Bytes:7
23:22:31.0 (7684294)|SOQL_EXECUTE_BEGIN|[9]|Aggregations:0|SELECT Id, name FROM Project__c WHERE Id = :tmpVar1
23:22:31.0 (19173086)|SOQL_EXECUTE_END|[9]|Rows:1
23:22:31.0 (19202693)|HEAP_ALLOCATE|[9]|Bytes:8
23:22:31.0 (19223537)|HEAP_ALLOCATE|[9]|Bytes:44
23:22:31.0 (19341659)|HEAP_ALLOCATE|[9]|Bytes:8
23:22:31.0 (19360824)|HEAP_ALLOCATE|[9]|Bytes:36
23:22:31.0 (19417493)|HEAP_ALLOCATE|[9]|Bytes:12
23:22:31.0 (19427277)|VARIABLE_SCOPE_BEGIN|[9]|project|Project__c|true|false
23:22:31.0 (19452194)|VARIABLE_ASSIGNMENT|[9]|project|{"Id":"a057F000002dVv5QAE","Name":"tm Test"}|0x41cdc4cb
23:22:31.0 (19463234)|SYSTEM_MODE_EXIT|false
23:22:31.32 (32664139)|CUMULATIVE_LIMIT_USAGE
23:22:31.32 (32664139)|LIMIT_USAGE_FOR_NS|(default)|
  Number of SOQL queries: 1 out of 100
  Number of query rows: 1 out of 50000
  Number of SOSL queries: 0 out of 20
  Number of DML statements: 0 out of 150
  Number of DML rows: 0 out of 10000
  Maximum CPU time: 0 out of 10000
  Maximum heap size: 0 out of 6000000
  Number of callouts: 0 out of 100
  Number of Email Invocations: 0 out of 10
  Number of future calls: 0 out of 50
  Number of queueable jobs added to the queue: 0 out of 50
  Number of Mobile Apex push calls: 0 out of 10

23:22:31.32 (32664139)|CUMULATIVE_LIMIT_USAGE_END

23:22:31.0 (32699716)|CODE_UNIT_FINISHED|VF: /apex/PM_Project_Edit
23:22:31.0 (33488925)|EXECUTION_FINISHED
