36.0 APEX_CODE,FINEST;APEX_PROFILING,INFO;CALLOUT,INFO;DB,INFO;SYSTEM,DEBUG;VALIDATION,INFO;VISUALFORCE,INFO;WAVE,INFO;WORKFLOW,INFO
23:33:29.0 (346488)|USER_INFO|[EXTERNAL]|0057F000000Tiz6|ksb994@salesforce.com|Pacific Standard Time|GMT-08:00
23:33:29.0 (381854)|EXECUTION_STARTED
23:33:29.0 (385145)|CODE_UNIT_STARTED|[EXTERNAL]|0667F000004uRC1|VF: /apex/PM_Project_Edit
23:33:29.0 (28824393)|SYSTEM_MODE_ENTER|true
23:33:29.0 (29289879)|HEAP_ALLOCATE|[72]|Bytes:3
23:33:29.0 (29339832)|HEAP_ALLOCATE|[77]|Bytes:152
23:33:29.0 (29364358)|HEAP_ALLOCATE|[342]|Bytes:408
23:33:29.0 (29390750)|HEAP_ALLOCATE|[355]|Bytes:408
23:33:29.0 (29423732)|HEAP_ALLOCATE|[467]|Bytes:48
23:33:29.0 (29464719)|HEAP_ALLOCATE|[139]|Bytes:6
23:33:29.0 (29490609)|HEAP_ALLOCATE|[EXTERNAL]|Bytes:112
23:33:29.0 (29499373)|HEAP_ALLOCATE|[EXTERNAL]|Bytes:8
23:33:29.0 (29504386)|HEAP_ALLOCATE|[EXTERNAL]|Bytes:1
23:33:29.0 (29531729)|METHOD_ENTRY|[1]|01p7F00000Ehro9|PM_Project_Edit_Controller.PM_Project_Edit_Controller()
23:33:29.0 (29541437)|STATEMENT_EXECUTE|[1]
23:33:29.0 (29547324)|STATEMENT_EXECUTE|[1]
23:33:29.0 (29587084)|HEAP_ALLOCATE|[50]|Bytes:5
23:33:29.0 (29617915)|HEAP_ALLOCATE|[56]|Bytes:5
23:33:29.0 (29632478)|HEAP_ALLOCATE|[64]|Bytes:7
23:33:29.0 (29663306)|SYSTEM_MODE_ENTER|false
23:33:29.0 (29680771)|HEAP_ALLOCATE|[EXTERNAL]|Bytes:5
23:33:29.0 (29691996)|SYSTEM_MODE_EXIT|false
23:33:29.0 (29703148)|METHOD_EXIT|[1]|PM_Project_Edit_Controller
23:33:29.0 (29757930)|HEAP_ALLOCATE|[EXTERNAL]|Bytes:12
23:33:29.0 (29867629)|VARIABLE_SCOPE_BEGIN|[6]|this|PM_Project_Edit_Controller|true|false
23:33:29.0 (29945944)|VARIABLE_ASSIGNMENT|[6]|this|{}|0x600710e6
23:33:29.0 (29959530)|VARIABLE_SCOPE_BEGIN|[6]|stdController|ApexPages.StandardController|true|false
23:33:29.0 (30153964)|VARIABLE_ASSIGNMENT|[6]|stdController|"StandardController [null]"|0x2306f424
23:33:29.0 (30189371)|SYSTEM_MODE_ENTER|false
23:33:29.0 (30200968)|HEAP_ALLOCATE|[7]|Bytes:5
23:33:29.0 (30208471)|STATEMENT_EXECUTE|[1]
23:33:29.0 (30217270)|HEAP_ALLOCATE|[7]|Bytes:5
23:33:29.0 (30222394)|STATEMENT_EXECUTE|[3]
23:33:29.0 (30224472)|STATEMENT_EXECUTE|[4]
23:33:29.0 (30236969)|HEAP_ALLOCATE|[7]|Bytes:6
23:33:29.0 (30283623)|STATEMENT_EXECUTE|[6]
23:33:29.0 (30286324)|STATEMENT_EXECUTE|[7]
23:33:29.0 (30449006)|HEAP_ALLOCATE|[7]|Bytes:4
23:33:29.0 (30511439)|VARIABLE_ASSIGNMENT|[EXTERNAL]|this|{}|0x600710e6
23:33:29.0 (30530769)|VARIABLE_ASSIGNMENT|[EXTERNAL]|value|{}|0x5f535457
23:33:29.0 (30554151)|VARIABLE_ASSIGNMENT|[3]|this.mysObject|{}|0x600710e6
23:33:29.0 (30568568)|STATEMENT_EXECUTE|[8]
23:33:29.0 (30619524)|HEAP_ALLOCATE|[8]|Bytes:43
23:33:29.0 (30661863)|HEAP_ALLOCATE|[8]|Bytes:18
23:33:29.0 (30682487)|HEAP_ALLOCATE|[8]|Bytes:3
23:33:29.0 (30712763)|HEAP_ALLOCATE|[8]|Bytes:4
23:33:29.0 (30718462)|VARIABLE_SCOPE_BEGIN|[8]|pid|Id|false|false
23:33:29.0 (30816351)|VARIABLE_ASSIGNMENT|[8]|pid|"a057F000002dVv5QAE"
23:33:29.0 (30828513)|STATEMENT_EXECUTE|[9]
23:33:29.0 (30833090)|HEAP_ALLOCATE|[9]|Bytes:24
23:33:29.0 (30902572)|HEAP_ALLOCATE|[9]|Bytes:18
23:33:29.0 (30922663)|HEAP_ALLOCATE|[9]|Bytes:42
23:33:29.0 (30942460)|USER_DEBUG|[9]|DEBUG|------------------------a057F000002dVv5QAE
23:33:29.0 (30949746)|STATEMENT_EXECUTE|[12]
23:33:29.0 (30952492)|HEAP_ALLOCATE|[12]|Bytes:51
23:33:29.0 (30969557)|HEAP_ALLOCATE|[12]|Bytes:4
23:33:29.0 (30987733)|HEAP_ALLOCATE|[12]|Bytes:7
23:33:29.0 (31315528)|SOQL_EXECUTE_BEGIN|[12]|Aggregations:0|SELECT Id, name FROM Project__c WHERE Id = :tmpVar1
23:33:29.0 (36749919)|SOQL_EXECUTE_END|[12]|Rows:1
23:33:29.0 (36786872)|HEAP_ALLOCATE|[12]|Bytes:8
23:33:29.0 (36810596)|HEAP_ALLOCATE|[12]|Bytes:44
23:33:29.0 (37023916)|HEAP_ALLOCATE|[12]|Bytes:8
23:33:29.0 (37046574)|HEAP_ALLOCATE|[12]|Bytes:36
23:33:29.0 (37092237)|HEAP_ALLOCATE|[12]|Bytes:12
23:33:29.0 (37167411)|VARIABLE_ASSIGNMENT|[EXTERNAL]|this|{"mysObject":"0x5f535457"}|0x600710e6
23:33:29.0 (37185751)|VARIABLE_ASSIGNMENT|[EXTERNAL]|value|{"Id":"a057F000002dVv5QAE","Name":"tm Test"}|0x19a42099
23:33:29.0 (37210879)|VARIABLE_ASSIGNMENT|[3]|this.mysObject|{"Id":"a057F000002dVv5QAE","Name":"tm Test"}|0x600710e6
23:33:29.0 (37228704)|STATEMENT_EXECUTE|[13]
23:33:29.0 (37287182)|VARIABLE_ASSIGNMENT|[EXTERNAL]|this|{"mysObject":"0x19a42099"}|0x600710e6
23:33:29.0 (37362695)|VARIABLE_ASSIGNMENT|[EXTERNAL]|this|{"mysObject":"0x19a42099"}|0x600710e6
23:33:29.0 (37372332)|VARIABLE_ASSIGNMENT|[EXTERNAL]|value|"tm Test"
23:33:29.0 (37380651)|VARIABLE_ASSIGNMENT|[4]|this.pName|"tm Test"|0x600710e6
23:33:29.0 (37393891)|SYSTEM_MODE_EXIT|false
23:33:29.0 (50898336)|SYSTEM_MODE_ENTER|true
23:33:29.0 (53378049)|VF_SERIALIZE_VIEWSTATE_BEGIN|0667F000004uRC1
23:33:29.0 (55089486)|VF_SERIALIZE_VIEWSTATE_END
23:33:29.56 (56916437)|CUMULATIVE_LIMIT_USAGE
23:33:29.56 (56916437)|LIMIT_USAGE_FOR_NS|(default)|
  Number of SOQL queries: 1 out of 100
  Number of query rows: 1 out of 50000
  Number of SOSL queries: 0 out of 20
  Number of DML statements: 0 out of 150
  Number of DML rows: 0 out of 10000
  Maximum CPU time: 0 out of 10000
  Maximum heap size: 0 out of 6000000
  Number of callouts: 0 out of 100
  Number of Email Invocations: 0 out of 10
  Number of future calls: 0 out of 50
  Number of queueable jobs added to the queue: 0 out of 50
  Number of Mobile Apex push calls: 0 out of 10

23:33:29.56 (56916437)|CUMULATIVE_LIMIT_USAGE_END

23:33:29.0 (56963800)|CODE_UNIT_FINISHED|VF: /apex/PM_Project_Edit
23:33:29.0 (57771540)|EXECUTION_FINISHED
