36.0 APEX_CODE,FINEST;APEX_PROFILING,INFO;CALLOUT,INFO;DB,INFO;SYSTEM,DEBUG;VALIDATION,INFO;VISUALFORCE,INFO;WAVE,INFO;WORKFLOW,INFO
00:42:45.0 (304625)|USER_INFO|[EXTERNAL]|0057F000000Tiz6|ksb994@salesforce.com|Pacific Standard Time|GMT-08:00
00:42:45.0 (336878)|EXECUTION_STARTED
00:42:45.0 (339982)|CODE_UNIT_STARTED|[EXTERNAL]|0667F000004uRC1|VF: /apex/PM_Project_Edit
00:42:45.0 (15136185)|SYSTEM_MODE_ENTER|true
00:42:45.0 (15423444)|HEAP_ALLOCATE|[72]|Bytes:3
00:42:45.0 (15458190)|HEAP_ALLOCATE|[77]|Bytes:152
00:42:45.0 (15471419)|HEAP_ALLOCATE|[342]|Bytes:408
00:42:45.0 (15486288)|HEAP_ALLOCATE|[355]|Bytes:408
00:42:45.0 (15506070)|HEAP_ALLOCATE|[467]|Bytes:48
00:42:45.0 (15531159)|HEAP_ALLOCATE|[139]|Bytes:6
00:42:45.0 (15545380)|HEAP_ALLOCATE|[EXTERNAL]|Bytes:144
00:42:45.0 (15551721)|HEAP_ALLOCATE|[EXTERNAL]|Bytes:20
00:42:45.0 (15555086)|HEAP_ALLOCATE|[EXTERNAL]|Bytes:2
00:42:45.0 (15563614)|METHOD_ENTRY|[1]|01p7F00000Ehro9|PM_Project_Edit_Controller.PM_Project_Edit_Controller()
00:42:45.0 (15569446)|STATEMENT_EXECUTE|[1]
00:42:45.0 (15573928)|STATEMENT_EXECUTE|[1]
00:42:45.0 (15601740)|HEAP_ALLOCATE|[50]|Bytes:5
00:42:45.0 (15621506)|HEAP_ALLOCATE|[56]|Bytes:5
00:42:45.0 (15629539)|HEAP_ALLOCATE|[64]|Bytes:7
00:42:45.0 (15652479)|SYSTEM_MODE_ENTER|false
00:42:45.0 (15663663)|HEAP_ALLOCATE|[EXTERNAL]|Bytes:5
00:42:45.0 (15671091)|SYSTEM_MODE_EXIT|false
00:42:45.0 (15677795)|METHOD_EXIT|[1]|PM_Project_Edit_Controller
00:42:45.0 (15718039)|HEAP_ALLOCATE|[EXTERNAL]|Bytes:24
00:42:45.0 (15734650)|VARIABLE_SCOPE_BEGIN|[10]|this|PM_Project_Edit_Controller|true|false
00:42:45.0 (15787512)|VARIABLE_ASSIGNMENT|[10]|this|{}|0x41c9293b
00:42:45.0 (15796336)|VARIABLE_SCOPE_BEGIN|[10]|stdController|ApexPages.StandardController|true|false
00:42:45.0 (15942693)|VARIABLE_ASSIGNMENT|[10]|stdController|"StandardController [null]"|0x2b00d519
00:42:45.0 (15967064)|SYSTEM_MODE_ENTER|false
00:42:45.0 (15973938)|HEAP_ALLOCATE|[7]|Bytes:5
00:42:45.0 (15978554)|STATEMENT_EXECUTE|[1]
00:42:45.0 (15983421)|HEAP_ALLOCATE|[7]|Bytes:5
00:42:45.0 (15986166)|STATEMENT_EXECUTE|[3]
00:42:45.0 (15987394)|STATEMENT_EXECUTE|[4]
00:42:45.0 (15988315)|STATEMENT_EXECUTE|[6]
00:42:45.0 (15989238)|STATEMENT_EXECUTE|[7]
00:42:45.0 (16002681)|HEAP_ALLOCATE|[7]|Bytes:4
00:42:45.0 (16083464)|HEAP_ALLOCATE|[EXTERNAL]|Bytes:4
00:42:45.0 (16097898)|VARIABLE_ASSIGNMENT|[7]|this.usersList|[]|0x41c9293b
00:42:45.0 (16103772)|STATEMENT_EXECUTE|[8]
00:42:45.0 (16106592)|HEAP_ALLOCATE|[8]|Bytes:1
00:42:45.0 (16114598)|VARIABLE_ASSIGNMENT|[8]|this.nonSelectedUserId|"("|0x41c9293b
00:42:45.0 (16126247)|HEAP_ALLOCATE|[8]|Bytes:6
00:42:45.0 (16158556)|STATEMENT_EXECUTE|[10]
00:42:45.0 (16160323)|STATEMENT_EXECUTE|[11]
00:42:45.0 (16264851)|HEAP_ALLOCATE|[11]|Bytes:4
00:42:45.0 (16311933)|VARIABLE_ASSIGNMENT|[EXTERNAL]|this|{"nonSelectedUserId":"(","usersList":"0xf17e45c"}|0x41c9293b
00:42:45.0 (16325380)|VARIABLE_ASSIGNMENT|[EXTERNAL]|value|{}|0x21785250
00:42:45.0 (16334855)|VARIABLE_ASSIGNMENT|[3]|this.mysObject|{}|0x41c9293b
00:42:45.0 (16343167)|STATEMENT_EXECUTE|[12]
00:42:45.0 (16373839)|HEAP_ALLOCATE|[12]|Bytes:43
00:42:45.0 (16406140)|HEAP_ALLOCATE|[12]|Bytes:18
00:42:45.0 (16426071)|HEAP_ALLOCATE|[12]|Bytes:3
00:42:45.0 (16451773)|HEAP_ALLOCATE|[12]|Bytes:4
00:42:45.0 (16457479)|VARIABLE_SCOPE_BEGIN|[12]|pid|Id|false|false
00:42:45.0 (16533488)|VARIABLE_ASSIGNMENT|[12]|pid|"a057F000002dVX8QAM"
00:42:45.0 (16542509)|STATEMENT_EXECUTE|[16]
00:42:45.0 (16545557)|HEAP_ALLOCATE|[16]|Bytes:7
00:42:45.0 (16550339)|HEAP_ALLOCATE|[16]|Bytes:10
00:42:45.0 (16565166)|METHOD_ENTRY|[16]|01p7F00000Ehro9|PM_Project_Edit_Controller.getAllFields(String)
00:42:45.0 (16581755)|VARIABLE_SCOPE_BEGIN|[48]|sobjectname|String|false|false
00:42:45.0 (16590995)|VARIABLE_ASSIGNMENT|[48]|sobjectname|"Project__c"
00:42:45.0 (16609426)|HEAP_ALLOCATE|[49]|Bytes:5
00:42:45.0 (16613749)|STATEMENT_EXECUTE|[48]
00:42:45.0 (35954387)|HEAP_ALLOCATE|[49]|Bytes:1468
00:42:45.0 (36008051)|STATEMENT_EXECUTE|[49]
00:42:45.0 (36010402)|STATEMENT_EXECUTE|[52]
00:42:45.0 (40479059)|HEAP_ALLOCATE|[52]|Bytes:1468
00:42:45.0 (40717151)|HEAP_ALLOCATE|[52]|Bytes:4
00:42:45.0 (40771239)|HEAP_ALLOCATE|[52]|Bytes:4
00:42:45.0 (42349936)|HEAP_ALLOCATE|[52]|Bytes:148
00:42:45.0 (42375818)|VARIABLE_SCOPE_BEGIN|[52]|fields|Map<String,Schema.SObjectField>|true|false
00:42:45.0 (42735959)|VARIABLE_ASSIGNMENT|[52]|fields|"{client__c=Client__c, client_project_manager__c=Client_Project_Manager__c, company_project_code__c=Company_project_code__c, cost_centre__c=Cost_Centre__c, createdbyid=CreatedById, createddate=CreatedDate, delivery__c=Delivery__c, end_customer__c=End_Customer__c, footage__c=Footage__c, hours__c=Hours__c, ...}"|0x5c78393e
00:42:45.0 (42758914)|STATEMENT_EXECUTE|[53]
00:42:45.0 (42783018)|HEAP_ALLOCATE|[53]|Bytes:4
00:42:45.0 (42836101)|VARIABLE_SCOPE_BEGIN|[53]|accessiblefields|List<String>|true|false
00:42:45.0 (42881878)|HEAP_ALLOCATE|[EXTERNAL]|Bytes:4
00:42:45.0 (42901678)|VARIABLE_ASSIGNMENT|[53]|accessiblefields|[]|0x73f38d90
00:42:45.0 (42983822)|HEAP_ALLOCATE|[EXTERNAL]|Bytes:148
00:42:45.0 (43014291)|HEAP_ALLOCATE|[54]|Bytes:148
00:42:45.0 (43130205)|HEAP_ALLOCATE|[54]|Bytes:5
00:42:45.0 (43206530)|VARIABLE_SCOPE_BEGIN|[54]|field|Schema.SObjectField|true|false
00:42:45.0 (43317972)|VARIABLE_ASSIGNMENT|[54]|field|"common.apex.runtime.impl.ApexFieldToken@30af143d"|0x30af143d
00:42:45.0 (43333030)|STATEMENT_EXECUTE|[54]
00:42:45.0 (43825601)|HEAP_ALLOCATE|[55]|Bytes:8
00:42:45.0 (43862226)|STATEMENT_EXECUTE|[56]
00:42:45.0 (43916628)|HEAP_ALLOCATE|[56]|Bytes:8
00:42:45.0 (43943534)|HEAP_ALLOCATE|[56]|Bytes:2
00:42:45.0 (43966506)|HEAP_ALLOCATE|[EXTERNAL]|Bytes:4
00:42:45.0 (43991002)|HEAP_ALLOCATE|[54]|Bytes:5
00:42:45.0 (44016287)|VARIABLE_SCOPE_BEGIN|[54]|field|Schema.SObjectField|true|false
00:42:45.0 (44129084)|VARIABLE_ASSIGNMENT|[54]|field|"common.apex.runtime.impl.ApexFieldToken@2d036adf"|0x2d036adf
00:42:45.0 (44144018)|STATEMENT_EXECUTE|[54]
00:42:45.0 (44364570)|HEAP_ALLOCATE|[55]|Bytes:8
00:42:45.0 (44387419)|STATEMENT_EXECUTE|[56]
00:42:45.0 (44424564)|HEAP_ALLOCATE|[56]|Bytes:8
00:42:45.0 (44441686)|HEAP_ALLOCATE|[56]|Bytes:7
00:42:45.0 (44457382)|HEAP_ALLOCATE|[EXTERNAL]|Bytes:4
00:42:45.0 (44478688)|HEAP_ALLOCATE|[54]|Bytes:5
00:42:45.0 (44504387)|VARIABLE_SCOPE_BEGIN|[54]|field|Schema.SObjectField|true|false
00:42:45.0 (44599134)|VARIABLE_ASSIGNMENT|[54]|field|"common.apex.runtime.impl.ApexFieldToken@4273fde2"|0x4273fde2
00:42:45.0 (44610129)|STATEMENT_EXECUTE|[54]
00:42:45.0 (44719134)|HEAP_ALLOCATE|[55]|Bytes:8
00:42:45.0 (44734089)|STATEMENT_EXECUTE|[56]
00:42:45.0 (44752437)|HEAP_ALLOCATE|[56]|Bytes:8
00:42:45.0 (44760463)|HEAP_ALLOCATE|[56]|Bytes:9
00:42:45.0 (44769364)|HEAP_ALLOCATE|[EXTERNAL]|Bytes:4
00:42:45.0 (44781588)|HEAP_ALLOCATE|[54]|Bytes:5
00:42:45.0 (44795748)|VARIABLE_SCOPE_BEGIN|[54]|field|Schema.SObjectField|true|false
00:42:45.0 (44867068)|VARIABLE_ASSIGNMENT|[54]|field|"common.apex.runtime.impl.ApexFieldToken@25c47ebc"|0x25c47ebc
00:42:45.0 (44876396)|STATEMENT_EXECUTE|[54]
00:42:45.0 (44989128)|HEAP_ALLOCATE|[55]|Bytes:8
00:42:45.0 (45003243)|STATEMENT_EXECUTE|[56]
00:42:45.0 (45020775)|HEAP_ALLOCATE|[56]|Bytes:8
00:42:45.0 (45028551)|HEAP_ALLOCATE|[56]|Bytes:4
00:42:45.0 (45036954)|HEAP_ALLOCATE|[EXTERNAL]|Bytes:4
00:42:45.0 (45048634)|HEAP_ALLOCATE|[54]|Bytes:5
00:42:45.0 (45061411)|VARIABLE_SCOPE_BEGIN|[54]|field|Schema.SObjectField|true|false
00:42:45.0 (45131110)|VARIABLE_ASSIGNMENT|[54]|field|"common.apex.runtime.impl.ApexFieldToken@6d8298c5"|0x6d8298c5
00:42:45.0 (45140627)|STATEMENT_EXECUTE|[54]
00:42:45.0 (45258904)|HEAP_ALLOCATE|[55]|Bytes:8
00:42:45.0 (45275421)|STATEMENT_EXECUTE|[56]
00:42:45.0 (45303663)|HEAP_ALLOCATE|[56]|Bytes:8
00:42:45.0 (45319792)|HEAP_ALLOCATE|[56]|Bytes:11
00:42:45.0 (45336154)|HEAP_ALLOCATE|[EXTERNAL]|Bytes:4
00:42:45.0 (45356362)|HEAP_ALLOCATE|[54]|Bytes:5
00:42:45.0 (45380787)|VARIABLE_SCOPE_BEGIN|[54]|field|Schema.SObjectField|true|false
00:42:45.0 (45485949)|VARIABLE_ASSIGNMENT|[54]|field|"common.apex.runtime.impl.ApexFieldToken@5be14238"|0x5be14238
00:42:45.0 (45499662)|STATEMENT_EXECUTE|[54]
00:42:45.0 (45707150)|HEAP_ALLOCATE|[55]|Bytes:8
00:42:45.0 (45730746)|STATEMENT_EXECUTE|[56]
00:42:45.0 (45765190)|HEAP_ALLOCATE|[56]|Bytes:8
00:42:45.0 (45781993)|HEAP_ALLOCATE|[56]|Bytes:11
00:42:45.0 (45797323)|HEAP_ALLOCATE|[EXTERNAL]|Bytes:4
00:42:45.0 (45819657)|HEAP_ALLOCATE|[54]|Bytes:5
00:42:45.0 (45845145)|VARIABLE_SCOPE_BEGIN|[54]|field|Schema.SObjectField|true|false
00:42:45.0 (45956367)|VARIABLE_ASSIGNMENT|[54]|field|"common.apex.runtime.impl.ApexFieldToken@620284b"|0x620284b
00:42:45.0 (45971885)|STATEMENT_EXECUTE|[54]
00:42:45.0 (46161729)|HEAP_ALLOCATE|[55]|Bytes:8
00:42:45.0 (46186431)|STATEMENT_EXECUTE|[56]
00:42:45.0 (46221365)|HEAP_ALLOCATE|[56]|Bytes:8
00:42:45.0 (46238486)|HEAP_ALLOCATE|[56]|Bytes:16
00:42:45.0 (46254562)|HEAP_ALLOCATE|[EXTERNAL]|Bytes:4
00:42:45.0 (46275126)|HEAP_ALLOCATE|[54]|Bytes:5
00:42:45.0 (46299766)|VARIABLE_SCOPE_BEGIN|[54]|field|Schema.SObjectField|true|false
00:42:45.0 (46410453)|VARIABLE_ASSIGNMENT|[54]|field|"common.apex.runtime.impl.ApexFieldToken@9797ad"|0x9797ad
00:42:45.0 (46425241)|STATEMENT_EXECUTE|[54]
00:42:45.0 (46642894)|HEAP_ALLOCATE|[55]|Bytes:8
00:42:45.0 (46666403)|STATEMENT_EXECUTE|[56]
00:42:45.0 (46701249)|HEAP_ALLOCATE|[56]|Bytes:8
00:42:45.0 (46718210)|HEAP_ALLOCATE|[56]|Bytes:16
00:42:45.0 (46734752)|HEAP_ALLOCATE|[EXTERNAL]|Bytes:4
00:42:45.0 (46756577)|HEAP_ALLOCATE|[54]|Bytes:5
00:42:45.0 (46780984)|VARIABLE_SCOPE_BEGIN|[54]|field|Schema.SObjectField|true|false
00:42:45.0 (46892417)|VARIABLE_ASSIGNMENT|[54]|field|"common.apex.runtime.impl.ApexFieldToken@792a63ca"|0x792a63ca
00:42:45.0 (46907567)|STATEMENT_EXECUTE|[54]
00:42:45.0 (47067087)|HEAP_ALLOCATE|[55]|Bytes:8
00:42:45.0 (47090241)|STATEMENT_EXECUTE|[56]
00:42:45.0 (47124201)|HEAP_ALLOCATE|[56]|Bytes:8
00:42:45.0 (47142879)|HEAP_ALLOCATE|[56]|Bytes:14
00:42:45.0 (47157350)|HEAP_ALLOCATE|[EXTERNAL]|Bytes:4
00:42:45.0 (47179484)|HEAP_ALLOCATE|[54]|Bytes:5
00:42:45.0 (47204844)|VARIABLE_SCOPE_BEGIN|[54]|field|Schema.SObjectField|true|false
00:42:45.0 (47316509)|VARIABLE_ASSIGNMENT|[54]|field|"common.apex.runtime.impl.ApexFieldToken@280b0e55"|0x280b0e55
00:42:45.0 (47331003)|STATEMENT_EXECUTE|[54]
00:42:45.0 (47488932)|HEAP_ALLOCATE|[55]|Bytes:8
00:42:45.0 (47510837)|STATEMENT_EXECUTE|[56]
00:42:45.0 (47555870)|HEAP_ALLOCATE|[56]|Bytes:8
00:42:45.0 (47573921)|HEAP_ALLOCATE|[56]|Bytes:16
00:42:45.0 (47590098)|HEAP_ALLOCATE|[EXTERNAL]|Bytes:4
00:42:45.0 (47610756)|HEAP_ALLOCATE|[54]|Bytes:5
00:42:45.0 (47630418)|VARIABLE_SCOPE_BEGIN|[54]|field|Schema.SObjectField|true|false
00:42:45.0 (47703804)|VARIABLE_ASSIGNMENT|[54]|field|"common.apex.runtime.impl.ApexFieldToken@2fee196f"|0x2fee196f
00:42:45.0 (47713586)|STATEMENT_EXECUTE|[54]
00:42:45.0 (47849561)|HEAP_ALLOCATE|[55]|Bytes:8
00:42:45.0 (47865669)|STATEMENT_EXECUTE|[56]
00:42:45.0 (47884394)|HEAP_ALLOCATE|[56]|Bytes:8
00:42:45.0 (47892977)|HEAP_ALLOCATE|[56]|Bytes:14
00:42:45.0 (47902024)|HEAP_ALLOCATE|[EXTERNAL]|Bytes:4
00:42:45.0 (47914643)|HEAP_ALLOCATE|[54]|Bytes:5
00:42:45.0 (47927853)|VARIABLE_SCOPE_BEGIN|[54]|field|Schema.SObjectField|true|false
00:42:45.0 (48001321)|VARIABLE_ASSIGNMENT|[54]|field|"common.apex.runtime.impl.ApexFieldToken@1378d9c0"|0x1378d9c0
00:42:45.0 (48011850)|STATEMENT_EXECUTE|[54]
00:42:45.0 (48110485)|HEAP_ALLOCATE|[55]|Bytes:8
00:42:45.0 (48127395)|STATEMENT_EXECUTE|[56]
00:42:45.0 (48157451)|HEAP_ALLOCATE|[56]|Bytes:8
00:42:45.0 (48173325)|HEAP_ALLOCATE|[56]|Bytes:18
00:42:45.0 (48188491)|HEAP_ALLOCATE|[EXTERNAL]|Bytes:4
00:42:45.0 (48207556)|HEAP_ALLOCATE|[54]|Bytes:5
00:42:45.0 (48229926)|VARIABLE_SCOPE_BEGIN|[54]|field|Schema.SObjectField|true|false
00:42:45.0 (48306604)|VARIABLE_ASSIGNMENT|[54]|field|"common.apex.runtime.impl.ApexFieldToken@39e6dc56"|0x39e6dc56
00:42:45.0 (48316775)|STATEMENT_EXECUTE|[54]
00:42:45.0 (48814846)|HEAP_ALLOCATE|[55]|Bytes:8
00:42:45.0 (48831979)|STATEMENT_EXECUTE|[56]
00:42:45.0 (48852342)|HEAP_ALLOCATE|[56]|Bytes:8
00:42:45.0 (48861132)|HEAP_ALLOCATE|[56]|Bytes:9
00:42:45.0 (48870918)|HEAP_ALLOCATE|[EXTERNAL]|Bytes:4
00:42:45.0 (48884503)|HEAP_ALLOCATE|[54]|Bytes:5
00:42:45.0 (48900166)|VARIABLE_SCOPE_BEGIN|[54]|field|Schema.SObjectField|true|false
00:42:45.0 (48973657)|VARIABLE_ASSIGNMENT|[54]|field|"common.apex.runtime.impl.ApexFieldToken@49ef1499"|0x49ef1499
00:42:45.0 (48983874)|STATEMENT_EXECUTE|[54]
00:42:45.0 (49088087)|HEAP_ALLOCATE|[55]|Bytes:8
00:42:45.0 (49103012)|STATEMENT_EXECUTE|[56]
00:42:45.0 (49119761)|HEAP_ALLOCATE|[56]|Bytes:8
00:42:45.0 (49127910)|HEAP_ALLOCATE|[56]|Bytes:15
00:42:45.0 (49140880)|HEAP_ALLOCATE|[EXTERNAL]|Bytes:4
00:42:45.0 (49153593)|HEAP_ALLOCATE|[54]|Bytes:5
00:42:45.0 (49167178)|VARIABLE_SCOPE_BEGIN|[54]|field|Schema.SObjectField|true|false
00:42:45.0 (49239141)|VARIABLE_ASSIGNMENT|[54]|field|"common.apex.runtime.impl.ApexFieldToken@161549aa"|0x161549aa
00:42:45.0 (49248727)|STATEMENT_EXECUTE|[54]
00:42:45.0 (49353210)|HEAP_ALLOCATE|[55]|Bytes:8
00:42:45.0 (49367219)|STATEMENT_EXECUTE|[56]
00:42:45.0 (49384518)|HEAP_ALLOCATE|[56]|Bytes:8
00:42:45.0 (49392549)|HEAP_ALLOCATE|[56]|Bytes:19
00:42:45.0 (49400999)|HEAP_ALLOCATE|[EXTERNAL]|Bytes:4
00:42:45.0 (49412376)|HEAP_ALLOCATE|[54]|Bytes:5
00:42:45.0 (49424949)|VARIABLE_SCOPE_BEGIN|[54]|field|Schema.SObjectField|true|false
00:42:45.0 (49495819)|VARIABLE_ASSIGNMENT|[54]|field|"common.apex.runtime.impl.ApexFieldToken@43762471"|0x43762471
00:42:45.0 (49504744)|STATEMENT_EXECUTE|[54]
00:42:45.0 (49607876)|HEAP_ALLOCATE|[55]|Bytes:8
00:42:45.0 (49621528)|STATEMENT_EXECUTE|[56]
00:42:45.0 (49637442)|HEAP_ALLOCATE|[56]|Bytes:8
00:42:45.0 (49645415)|HEAP_ALLOCATE|[56]|Bytes:14
00:42:45.0 (49653349)|HEAP_ALLOCATE|[EXTERNAL]|Bytes:4
00:42:45.0 (49664628)|HEAP_ALLOCATE|[54]|Bytes:5
00:42:45.0 (49676879)|VARIABLE_SCOPE_BEGIN|[54]|field|Schema.SObjectField|true|false
00:42:45.0 (49746397)|VARIABLE_ASSIGNMENT|[54]|field|"common.apex.runtime.impl.ApexFieldToken@4cfd5425"|0x4cfd5425
00:42:45.0 (49755711)|STATEMENT_EXECUTE|[54]
00:42:45.0 (49849305)|HEAP_ALLOCATE|[55]|Bytes:8
00:42:45.0 (49862826)|STATEMENT_EXECUTE|[56]
00:42:45.0 (49879302)|HEAP_ALLOCATE|[56]|Bytes:8
00:42:45.0 (49887309)|HEAP_ALLOCATE|[56]|Bytes:25
00:42:45.0 (49895739)|HEAP_ALLOCATE|[EXTERNAL]|Bytes:4
00:42:45.0 (49907304)|HEAP_ALLOCATE|[54]|Bytes:5
00:42:45.0 (49918909)|VARIABLE_SCOPE_BEGIN|[54]|field|Schema.SObjectField|true|false
00:42:45.0 (49988526)|VARIABLE_ASSIGNMENT|[54]|field|"common.apex.runtime.impl.ApexFieldToken@7d07caff"|0x7d07caff
00:42:45.0 (49997733)|STATEMENT_EXECUTE|[54]
00:42:45.0 (50091608)|HEAP_ALLOCATE|[55]|Bytes:8
00:42:45.0 (50105340)|STATEMENT_EXECUTE|[56]
00:42:45.0 (50121683)|HEAP_ALLOCATE|[56]|Bytes:8
00:42:45.0 (50129803)|HEAP_ALLOCATE|[56]|Bytes:15
00:42:45.0 (50138002)|HEAP_ALLOCATE|[EXTERNAL]|Bytes:4
00:42:45.0 (50149589)|HEAP_ALLOCATE|[54]|Bytes:5
00:42:45.0 (50161241)|VARIABLE_SCOPE_BEGIN|[54]|field|Schema.SObjectField|true|false
00:42:45.0 (50229659)|VARIABLE_ASSIGNMENT|[54]|field|"common.apex.runtime.impl.ApexFieldToken@41e394ec"|0x41e394ec
00:42:45.0 (50238691)|STATEMENT_EXECUTE|[54]
00:42:45.0 (50329787)|HEAP_ALLOCATE|[55]|Bytes:8
00:42:45.0 (50342775)|STATEMENT_EXECUTE|[56]
00:42:45.0 (50358794)|HEAP_ALLOCATE|[56]|Bytes:8
00:42:45.0 (50366780)|HEAP_ALLOCATE|[56]|Bytes:23
00:42:45.0 (50374840)|HEAP_ALLOCATE|[EXTERNAL]|Bytes:4
00:42:45.0 (50386099)|HEAP_ALLOCATE|[54]|Bytes:5
00:42:45.0 (50397526)|VARIABLE_SCOPE_BEGIN|[54]|field|Schema.SObjectField|true|false
00:42:45.0 (50465625)|VARIABLE_ASSIGNMENT|[54]|field|"common.apex.runtime.impl.ApexFieldToken@33c4650d"|0x33c4650d
00:42:45.0 (50474633)|STATEMENT_EXECUTE|[54]
00:42:45.0 (50576067)|HEAP_ALLOCATE|[55]|Bytes:8
00:42:45.0 (50589161)|STATEMENT_EXECUTE|[56]
00:42:45.0 (50605078)|HEAP_ALLOCATE|[56]|Bytes:8
00:42:45.0 (50612893)|HEAP_ALLOCATE|[56]|Bytes:16
00:42:45.0 (50621050)|HEAP_ALLOCATE|[EXTERNAL]|Bytes:4
00:42:45.0 (50632509)|HEAP_ALLOCATE|[54]|Bytes:5
00:42:45.0 (50645125)|VARIABLE_SCOPE_BEGIN|[54]|field|Schema.SObjectField|true|false
00:42:45.0 (50713603)|VARIABLE_ASSIGNMENT|[54]|field|"common.apex.runtime.impl.ApexFieldToken@153e432c"|0x153e432c
00:42:45.0 (50722357)|STATEMENT_EXECUTE|[54]
00:42:45.0 (50816578)|HEAP_ALLOCATE|[55]|Bytes:8
00:42:45.0 (50829625)|STATEMENT_EXECUTE|[56]
00:42:45.0 (50845163)|HEAP_ALLOCATE|[56]|Bytes:8
00:42:45.0 (50852727)|HEAP_ALLOCATE|[56]|Bytes:14
00:42:45.0 (50860583)|HEAP_ALLOCATE|[EXTERNAL]|Bytes:4
00:42:45.0 (50871836)|HEAP_ALLOCATE|[54]|Bytes:5
00:42:45.0 (50883648)|VARIABLE_SCOPE_BEGIN|[54]|field|Schema.SObjectField|true|false
00:42:45.0 (50951398)|VARIABLE_ASSIGNMENT|[54]|field|"common.apex.runtime.impl.ApexFieldToken@56ad3346"|0x56ad3346
00:42:45.0 (50960346)|STATEMENT_EXECUTE|[54]
00:42:45.0 (51055539)|HEAP_ALLOCATE|[55]|Bytes:8
00:42:45.0 (51074020)|STATEMENT_EXECUTE|[56]
00:42:45.0 (51096470)|HEAP_ALLOCATE|[56]|Bytes:8
00:42:45.0 (51105499)|HEAP_ALLOCATE|[56]|Bytes:13
00:42:45.0 (51113709)|HEAP_ALLOCATE|[EXTERNAL]|Bytes:4
00:42:45.0 (51125095)|HEAP_ALLOCATE|[54]|Bytes:5
00:42:45.0 (51137562)|VARIABLE_SCOPE_BEGIN|[54]|field|Schema.SObjectField|true|false
00:42:45.0 (51207082)|VARIABLE_ASSIGNMENT|[54]|field|"common.apex.runtime.impl.ApexFieldToken@bb4898b"|0xbb4898b
00:42:45.0 (51216400)|STATEMENT_EXECUTE|[54]
00:42:45.0 (51325212)|HEAP_ALLOCATE|[55]|Bytes:8
00:42:45.0 (51338951)|STATEMENT_EXECUTE|[56]
00:42:45.0 (51358619)|HEAP_ALLOCATE|[56]|Bytes:8
00:42:45.0 (51371132)|HEAP_ALLOCATE|[56]|Bytes:5
00:42:45.0 (51382900)|HEAP_ALLOCATE|[EXTERNAL]|Bytes:4
00:42:45.0 (51395440)|HEAP_ALLOCATE|[54]|Bytes:5
00:42:45.0 (51407906)|VARIABLE_SCOPE_BEGIN|[54]|field|Schema.SObjectField|true|false
00:42:45.0 (51483979)|VARIABLE_ASSIGNMENT|[54]|field|"common.apex.runtime.impl.ApexFieldToken@1b4869fd"|0x1b4869fd
00:42:45.0 (51497742)|STATEMENT_EXECUTE|[54]
00:42:45.0 (51677867)|HEAP_ALLOCATE|[55]|Bytes:8
00:42:45.0 (51713601)|STATEMENT_EXECUTE|[56]
00:42:45.0 (51760600)|HEAP_ALLOCATE|[56]|Bytes:8
00:42:45.0 (51774557)|HEAP_ALLOCATE|[56]|Bytes:11
00:42:45.0 (51787554)|HEAP_ALLOCATE|[EXTERNAL]|Bytes:4
00:42:45.0 (51805936)|HEAP_ALLOCATE|[54]|Bytes:5
00:42:45.0 (51827214)|VARIABLE_SCOPE_BEGIN|[54]|field|Schema.SObjectField|true|false
00:42:45.0 (51934198)|VARIABLE_ASSIGNMENT|[54]|field|"common.apex.runtime.impl.ApexFieldToken@7c086e9b"|0x7c086e9b
00:42:45.0 (51948083)|STATEMENT_EXECUTE|[54]
00:42:45.0 (52105320)|HEAP_ALLOCATE|[55]|Bytes:8
00:42:45.0 (52129398)|STATEMENT_EXECUTE|[56]
00:42:45.0 (52163402)|HEAP_ALLOCATE|[56]|Bytes:8
00:42:45.0 (52179760)|HEAP_ALLOCATE|[56]|Bytes:5
00:42:45.0 (52193604)|HEAP_ALLOCATE|[EXTERNAL]|Bytes:4
00:42:45.0 (52214500)|HEAP_ALLOCATE|[54]|Bytes:5
00:42:45.0 (52239010)|VARIABLE_SCOPE_BEGIN|[54]|field|Schema.SObjectField|true|false
00:42:45.0 (52349257)|VARIABLE_ASSIGNMENT|[54]|field|"common.apex.runtime.impl.ApexFieldToken@4300555f"|0x4300555f
00:42:45.0 (52364570)|STATEMENT_EXECUTE|[54]
00:42:45.0 (52579905)|HEAP_ALLOCATE|[55]|Bytes:8
00:42:45.0 (52601714)|STATEMENT_EXECUTE|[56]
00:42:45.0 (52632613)|HEAP_ALLOCATE|[56]|Bytes:8
00:42:45.0 (52649886)|HEAP_ALLOCATE|[56]|Bytes:25
00:42:45.0 (52663671)|HEAP_ALLOCATE|[EXTERNAL]|Bytes:4
00:42:45.0 (52681773)|HEAP_ALLOCATE|[54]|Bytes:5
00:42:45.0 (52702461)|VARIABLE_SCOPE_BEGIN|[54]|field|Schema.SObjectField|true|false
00:42:45.0 (52810659)|VARIABLE_ASSIGNMENT|[54]|field|"common.apex.runtime.impl.ApexFieldToken@6c577465"|0x6c577465
00:42:45.0 (52825714)|STATEMENT_EXECUTE|[54]
00:42:45.0 (53016485)|HEAP_ALLOCATE|[55]|Bytes:8
00:42:45.0 (53039299)|STATEMENT_EXECUTE|[56]
00:42:45.0 (53075023)|HEAP_ALLOCATE|[56]|Bytes:8
00:42:45.0 (53091223)|HEAP_ALLOCATE|[56]|Bytes:12
00:42:45.0 (53104591)|HEAP_ALLOCATE|[EXTERNAL]|Bytes:4
00:42:45.0 (53123577)|HEAP_ALLOCATE|[54]|Bytes:5
00:42:45.0 (53148868)|VARIABLE_SCOPE_BEGIN|[54]|field|Schema.SObjectField|true|false
00:42:45.0 (53258801)|VARIABLE_ASSIGNMENT|[54]|field|"common.apex.runtime.impl.ApexFieldToken@3408ef93"|0x3408ef93
00:42:45.0 (53274755)|STATEMENT_EXECUTE|[54]
00:42:45.0 (53421843)|HEAP_ALLOCATE|[55]|Bytes:8
00:42:45.0 (53445815)|STATEMENT_EXECUTE|[56]
00:42:45.0 (53475056)|HEAP_ALLOCATE|[56]|Bytes:8
00:42:45.0 (53488422)|HEAP_ALLOCATE|[56]|Bytes:21
00:42:45.0 (53501392)|HEAP_ALLOCATE|[EXTERNAL]|Bytes:4
00:42:45.0 (53528119)|HEAP_ALLOCATE|[54]|Bytes:5
00:42:45.0 (53553596)|VARIABLE_SCOPE_BEGIN|[54]|field|Schema.SObjectField|true|false
00:42:45.0 (53659821)|VARIABLE_ASSIGNMENT|[54]|field|"common.apex.runtime.impl.ApexFieldToken@b4b333f"|0xb4b333f
00:42:45.0 (53674800)|STATEMENT_EXECUTE|[54]
00:42:45.0 (53824655)|HEAP_ALLOCATE|[55]|Bytes:8
00:42:45.0 (53844056)|STATEMENT_EXECUTE|[56]
00:42:45.0 (53868892)|HEAP_ALLOCATE|[56]|Bytes:8
00:42:45.0 (53881274)|HEAP_ALLOCATE|[56]|Bytes:19
00:42:45.0 (53893406)|HEAP_ALLOCATE|[EXTERNAL]|Bytes:4
00:42:45.0 (53909433)|HEAP_ALLOCATE|[54]|Bytes:5
00:42:45.0 (53929015)|VARIABLE_SCOPE_BEGIN|[54]|field|Schema.SObjectField|true|false
00:42:45.0 (54035106)|VARIABLE_ASSIGNMENT|[54]|field|"common.apex.runtime.impl.ApexFieldToken@4aa025a4"|0x4aa025a4
00:42:45.0 (54050566)|STATEMENT_EXECUTE|[54]
00:42:45.0 (54200485)|HEAP_ALLOCATE|[55]|Bytes:8
00:42:45.0 (54222588)|STATEMENT_EXECUTE|[56]
00:42:45.0 (54258674)|HEAP_ALLOCATE|[56]|Bytes:8
00:42:45.0 (54275899)|HEAP_ALLOCATE|[56]|Bytes:8
00:42:45.0 (54290112)|HEAP_ALLOCATE|[EXTERNAL]|Bytes:4
00:42:45.0 (54308434)|HEAP_ALLOCATE|[54]|Bytes:5
00:42:45.0 (54327874)|VARIABLE_SCOPE_BEGIN|[54]|field|Schema.SObjectField|true|false
00:42:45.0 (54438632)|VARIABLE_ASSIGNMENT|[54]|field|"common.apex.runtime.impl.ApexFieldToken@1d0394c9"|0x1d0394c9
00:42:45.0 (54453682)|STATEMENT_EXECUTE|[54]
00:42:45.0 (54619471)|HEAP_ALLOCATE|[55]|Bytes:8
00:42:45.0 (54636418)|STATEMENT_EXECUTE|[56]
00:42:45.0 (54656200)|HEAP_ALLOCATE|[56]|Bytes:8
00:42:45.0 (54665351)|HEAP_ALLOCATE|[56]|Bytes:8
00:42:45.0 (54674246)|HEAP_ALLOCATE|[EXTERNAL]|Bytes:4
00:42:45.0 (54687669)|HEAP_ALLOCATE|[54]|Bytes:5
00:42:45.0 (54702373)|VARIABLE_SCOPE_BEGIN|[54]|field|Schema.SObjectField|true|false
00:42:45.0 (54775743)|VARIABLE_ASSIGNMENT|[54]|field|"common.apex.runtime.impl.ApexFieldToken@6e84848d"|0x6e84848d
00:42:45.0 (54786055)|STATEMENT_EXECUTE|[54]
00:42:45.0 (54918454)|HEAP_ALLOCATE|[55]|Bytes:8
00:42:45.0 (54933679)|STATEMENT_EXECUTE|[56]
00:42:45.0 (54953649)|HEAP_ALLOCATE|[56]|Bytes:8
00:42:45.0 (54962504)|HEAP_ALLOCATE|[56]|Bytes:10
00:42:45.0 (54971073)|HEAP_ALLOCATE|[EXTERNAL]|Bytes:4
00:42:45.0 (54983514)|HEAP_ALLOCATE|[54]|Bytes:5
00:42:45.0 (54997033)|VARIABLE_SCOPE_BEGIN|[54]|field|Schema.SObjectField|true|false
00:42:45.0 (55069892)|VARIABLE_ASSIGNMENT|[54]|field|"common.apex.runtime.impl.ApexFieldToken@3c8490a9"|0x3c8490a9
00:42:45.0 (55082795)|STATEMENT_EXECUTE|[54]
00:42:45.0 (55187150)|HEAP_ALLOCATE|[55]|Bytes:8
00:42:45.0 (55204440)|STATEMENT_EXECUTE|[56]
00:42:45.0 (55233504)|HEAP_ALLOCATE|[56]|Bytes:8
00:42:45.0 (55248401)|HEAP_ALLOCATE|[56]|Bytes:8
00:42:45.0 (55260765)|HEAP_ALLOCATE|[EXTERNAL]|Bytes:4
00:42:45.0 (55277778)|HEAP_ALLOCATE|[54]|Bytes:5
00:42:45.0 (55298752)|VARIABLE_SCOPE_BEGIN|[54]|field|Schema.SObjectField|true|false
00:42:45.0 (55400197)|VARIABLE_ASSIGNMENT|[54]|field|"common.apex.runtime.impl.ApexFieldToken@77c20f98"|0x77c20f98
00:42:45.0 (55413854)|STATEMENT_EXECUTE|[54]
00:42:45.0 (55562679)|HEAP_ALLOCATE|[55]|Bytes:8
00:42:45.0 (55582225)|STATEMENT_EXECUTE|[56]
00:42:45.0 (55613967)|HEAP_ALLOCATE|[56]|Bytes:8
00:42:45.0 (55630008)|HEAP_ALLOCATE|[56]|Bytes:7
00:42:45.0 (55645574)|HEAP_ALLOCATE|[EXTERNAL]|Bytes:4
00:42:45.0 (55666484)|HEAP_ALLOCATE|[54]|Bytes:5
00:42:45.0 (55690912)|VARIABLE_SCOPE_BEGIN|[54]|field|Schema.SObjectField|true|false
00:42:45.0 (55802414)|VARIABLE_ASSIGNMENT|[54]|field|"common.apex.runtime.impl.ApexFieldToken@76e67875"|0x76e67875
00:42:45.0 (55818821)|STATEMENT_EXECUTE|[54]
00:42:45.0 (55953844)|HEAP_ALLOCATE|[55]|Bytes:8
00:42:45.0 (55975636)|STATEMENT_EXECUTE|[56]
00:42:45.0 (56010917)|HEAP_ALLOCATE|[56]|Bytes:8
00:42:45.0 (56028100)|HEAP_ALLOCATE|[56]|Bytes:8
00:42:45.0 (56043592)|HEAP_ALLOCATE|[EXTERNAL]|Bytes:4
00:42:45.0 (56063989)|HEAP_ALLOCATE|[54]|Bytes:5
00:42:45.0 (56090794)|VARIABLE_SCOPE_BEGIN|[54]|field|Schema.SObjectField|true|false
00:42:45.0 (56201069)|VARIABLE_ASSIGNMENT|[54]|field|"common.apex.runtime.impl.ApexFieldToken@3c0c2ac8"|0x3c0c2ac8
00:42:45.0 (56215965)|STATEMENT_EXECUTE|[54]
00:42:45.0 (56387405)|HEAP_ALLOCATE|[55]|Bytes:8
00:42:45.0 (56409620)|STATEMENT_EXECUTE|[56]
00:42:45.0 (56445151)|HEAP_ALLOCATE|[56]|Bytes:8
00:42:45.0 (56460881)|HEAP_ALLOCATE|[56]|Bytes:7
00:42:45.0 (56474642)|HEAP_ALLOCATE|[EXTERNAL]|Bytes:4
00:42:45.0 (56494400)|HEAP_ALLOCATE|[54]|Bytes:5
00:42:45.0 (56527708)|VARIABLE_ASSIGNMENT|[54]|field|null|
00:42:45.0 (56538054)|STATEMENT_EXECUTE|[58]
00:42:45.0 (56547322)|VARIABLE_SCOPE_BEGIN|[58]|allfields|String|false|false
00:42:45.0 (56563885)|VARIABLE_ASSIGNMENT|[58]|allfields|""
00:42:45.0 (56638302)|HEAP_ALLOCATE|[59]|Bytes:5
00:42:45.0 (56656176)|HEAP_ALLOCATE|[59]|Bytes:2
00:42:45.0 (56667661)|VARIABLE_SCOPE_BEGIN|[59]|fieldname|String|false|false
00:42:45.0 (56683446)|VARIABLE_ASSIGNMENT|[59]|fieldname|"Id"
00:42:45.0 (56689067)|STATEMENT_EXECUTE|[60]
00:42:45.0 (56691912)|HEAP_ALLOCATE|[60]|Bytes:1
00:42:45.0 (56709734)|HEAP_ALLOCATE|[60]|Bytes:3
00:42:45.0 (56714686)|HEAP_ALLOCATE|[60]|Bytes:3
00:42:45.0 (56719337)|VARIABLE_ASSIGNMENT|[60]|allfields|"Id,"
00:42:45.0 (56730756)|HEAP_ALLOCATE|[59]|Bytes:5
00:42:45.0 (56737638)|HEAP_ALLOCATE|[59]|Bytes:7
00:42:45.0 (56742397)|VARIABLE_SCOPE_BEGIN|[59]|fieldname|String|false|false
00:42:45.0 (56750146)|VARIABLE_ASSIGNMENT|[59]|fieldname|"OwnerId"
00:42:45.0 (56753848)|STATEMENT_EXECUTE|[60]
00:42:45.0 (56756999)|HEAP_ALLOCATE|[60]|Bytes:8
00:42:45.0 (56760611)|HEAP_ALLOCATE|[60]|Bytes:11
00:42:45.0 (56765139)|VARIABLE_ASSIGNMENT|[60]|allfields|"Id,OwnerId,"
00:42:45.0 (56772563)|HEAP_ALLOCATE|[59]|Bytes:5
00:42:45.0 (56778284)|HEAP_ALLOCATE|[59]|Bytes:9
00:42:45.0 (56782559)|VARIABLE_SCOPE_BEGIN|[59]|fieldname|String|false|false
00:42:45.0 (56794577)|VARIABLE_ASSIGNMENT|[59]|fieldname|"IsDeleted"
00:42:45.0 (56801218)|STATEMENT_EXECUTE|[60]
00:42:45.0 (56805781)|HEAP_ALLOCATE|[60]|Bytes:10
00:42:45.0 (56812513)|HEAP_ALLOCATE|[60]|Bytes:21
00:42:45.0 (56823946)|VARIABLE_ASSIGNMENT|[60]|allfields|"Id,OwnerId,IsDeleted (1 more) ..."
00:42:45.0 (56840951)|HEAP_ALLOCATE|[59]|Bytes:5
00:42:45.0 (56851478)|HEAP_ALLOCATE|[59]|Bytes:4
00:42:45.0 (56858301)|VARIABLE_SCOPE_BEGIN|[59]|fieldname|String|false|false
00:42:45.0 (56870074)|VARIABLE_ASSIGNMENT|[59]|fieldname|"Name"
00:42:45.0 (56876008)|STATEMENT_EXECUTE|[60]
00:42:45.0 (56880384)|HEAP_ALLOCATE|[60]|Bytes:5
00:42:45.0 (56886189)|HEAP_ALLOCATE|[60]|Bytes:26
00:42:45.0 (56894281)|VARIABLE_ASSIGNMENT|[60]|allfields|"Id,OwnerId,IsDeleted (6 more) ..."
00:42:45.0 (56906482)|HEAP_ALLOCATE|[59]|Bytes:5
00:42:45.0 (56917346)|HEAP_ALLOCATE|[59]|Bytes:11
00:42:45.0 (56924738)|VARIABLE_SCOPE_BEGIN|[59]|fieldname|String|false|false
00:42:45.0 (56937116)|VARIABLE_ASSIGNMENT|[59]|fieldname|"CreatedDate"
00:42:45.0 (56943438)|STATEMENT_EXECUTE|[60]
00:42:45.0 (56948593)|HEAP_ALLOCATE|[60]|Bytes:12
00:42:45.0 (56956503)|HEAP_ALLOCATE|[60]|Bytes:38
00:42:45.0 (56965837)|VARIABLE_ASSIGNMENT|[60]|allfields|"Id,OwnerId,IsDeleted (18 more) ..."
00:42:45.0 (56982034)|HEAP_ALLOCATE|[59]|Bytes:5
00:42:45.0 (56994265)|HEAP_ALLOCATE|[59]|Bytes:11
00:42:45.0 (57002355)|VARIABLE_SCOPE_BEGIN|[59]|fieldname|String|false|false
00:42:45.0 (57016012)|VARIABLE_ASSIGNMENT|[59]|fieldname|"CreatedById"
00:42:45.0 (57022297)|STATEMENT_EXECUTE|[60]
00:42:45.0 (57027183)|HEAP_ALLOCATE|[60]|Bytes:12
00:42:45.0 (57033211)|HEAP_ALLOCATE|[60]|Bytes:50
00:42:45.0 (57041929)|VARIABLE_ASSIGNMENT|[60]|allfields|"Id,OwnerId,IsDeleted (30 more) ..."
00:42:45.0 (57057007)|HEAP_ALLOCATE|[59]|Bytes:5
00:42:45.0 (57067279)|HEAP_ALLOCATE|[59]|Bytes:16
00:42:45.0 (57072433)|VARIABLE_SCOPE_BEGIN|[59]|fieldname|String|false|false
00:42:45.0 (57080336)|VARIABLE_ASSIGNMENT|[59]|fieldname|"LastModifiedDate"
00:42:45.0 (57084246)|STATEMENT_EXECUTE|[60]
00:42:45.0 (57087242)|HEAP_ALLOCATE|[60]|Bytes:17
00:42:45.0 (57090661)|HEAP_ALLOCATE|[60]|Bytes:67
00:42:45.0 (57095354)|VARIABLE_ASSIGNMENT|[60]|allfields|"Id,OwnerId,IsDeleted (47 more) ..."
00:42:45.0 (57102824)|HEAP_ALLOCATE|[59]|Bytes:5
00:42:45.0 (57108458)|HEAP_ALLOCATE|[59]|Bytes:16
00:42:45.0 (57112219)|VARIABLE_SCOPE_BEGIN|[59]|fieldname|String|false|false
00:42:45.0 (57119587)|VARIABLE_ASSIGNMENT|[59]|fieldname|"LastModifiedById"
00:42:45.0 (57122896)|STATEMENT_EXECUTE|[60]
00:42:45.0 (57125320)|HEAP_ALLOCATE|[60]|Bytes:17
00:42:45.0 (57128833)|HEAP_ALLOCATE|[60]|Bytes:84
00:42:45.0 (57133399)|VARIABLE_ASSIGNMENT|[60]|allfields|"Id,OwnerId,IsDeleted (64 more) ..."
00:42:45.0 (57140465)|HEAP_ALLOCATE|[59]|Bytes:5
00:42:45.0 (57145681)|HEAP_ALLOCATE|[59]|Bytes:14
00:42:45.0 (57149304)|VARIABLE_SCOPE_BEGIN|[59]|fieldname|String|false|false
00:42:45.0 (57156256)|VARIABLE_ASSIGNMENT|[59]|fieldname|"SystemModstamp"
00:42:45.0 (57159880)|STATEMENT_EXECUTE|[60]
00:42:45.0 (57162242)|HEAP_ALLOCATE|[60]|Bytes:15
00:42:45.0 (57165849)|HEAP_ALLOCATE|[60]|Bytes:99
00:42:45.0 (57170546)|VARIABLE_ASSIGNMENT|[60]|allfields|"Id,OwnerId,IsDeleted (79 more) ..."
00:42:45.0 (57177415)|HEAP_ALLOCATE|[59]|Bytes:5
00:42:45.0 (57182532)|HEAP_ALLOCATE|[59]|Bytes:16
00:42:45.0 (57186199)|VARIABLE_SCOPE_BEGIN|[59]|fieldname|String|false|false
00:42:45.0 (57192774)|VARIABLE_ASSIGNMENT|[59]|fieldname|"LastActivityDate"
00:42:45.0 (57195959)|STATEMENT_EXECUTE|[60]
00:42:45.0 (57198358)|HEAP_ALLOCATE|[60]|Bytes:17
00:42:45.0 (57201818)|HEAP_ALLOCATE|[60]|Bytes:116
00:42:45.0 (57206554)|VARIABLE_ASSIGNMENT|[60]|allfields|"Id,OwnerId,IsDeleted (96 more) ..."
00:42:45.0 (57213273)|HEAP_ALLOCATE|[59]|Bytes:5
00:42:45.0 (57218284)|HEAP_ALLOCATE|[59]|Bytes:14
00:42:45.0 (57222011)|VARIABLE_SCOPE_BEGIN|[59]|fieldname|String|false|false
00:42:45.0 (57228456)|VARIABLE_ASSIGNMENT|[59]|fieldname|"LastViewedDate"
00:42:45.0 (57231897)|STATEMENT_EXECUTE|[60]
00:42:45.0 (57234276)|HEAP_ALLOCATE|[60]|Bytes:15
00:42:45.0 (57242108)|HEAP_ALLOCATE|[60]|Bytes:131
00:42:45.0 (57251033)|VARIABLE_ASSIGNMENT|[60]|allfields|"Id,OwnerId,IsDeleted (111 more) ..."
00:42:45.0 (57265530)|HEAP_ALLOCATE|[59]|Bytes:5
00:42:45.0 (57277604)|HEAP_ALLOCATE|[59]|Bytes:18
00:42:45.0 (57286294)|VARIABLE_SCOPE_BEGIN|[59]|fieldname|String|false|false
00:42:45.0 (57300270)|VARIABLE_ASSIGNMENT|[59]|fieldname|"LastReferencedDate"
00:42:45.0 (57307168)|STATEMENT_EXECUTE|[60]
00:42:45.0 (57312665)|HEAP_ALLOCATE|[60]|Bytes:19
00:42:45.0 (57320655)|HEAP_ALLOCATE|[60]|Bytes:150
00:42:45.0 (57330668)|VARIABLE_ASSIGNMENT|[60]|allfields|"Id,OwnerId,IsDeleted (130 more) ..."
00:42:45.0 (57341811)|HEAP_ALLOCATE|[59]|Bytes:5
00:42:45.0 (57348535)|HEAP_ALLOCATE|[59]|Bytes:9
00:42:45.0 (57352971)|VARIABLE_SCOPE_BEGIN|[59]|fieldname|String|false|false
00:42:45.0 (57360314)|VARIABLE_ASSIGNMENT|[59]|fieldname|"Client__c"
00:42:45.0 (57364694)|STATEMENT_EXECUTE|[60]
00:42:45.0 (57368999)|HEAP_ALLOCATE|[60]|Bytes:10
00:42:45.0 (57375709)|HEAP_ALLOCATE|[60]|Bytes:160
00:42:45.0 (57384614)|VARIABLE_ASSIGNMENT|[60]|allfields|"Id,OwnerId,IsDeleted (140 more) ..."
00:42:45.0 (57399208)|HEAP_ALLOCATE|[59]|Bytes:5
00:42:45.0 (57411122)|HEAP_ALLOCATE|[59]|Bytes:15
00:42:45.0 (57419166)|VARIABLE_SCOPE_BEGIN|[59]|fieldname|String|false|false
00:42:45.0 (57434105)|VARIABLE_ASSIGNMENT|[59]|fieldname|"End_Customer__c"
00:42:45.0 (57441018)|STATEMENT_EXECUTE|[60]
00:42:45.0 (57446924)|HEAP_ALLOCATE|[60]|Bytes:16
00:42:45.0 (57453567)|HEAP_ALLOCATE|[60]|Bytes:176
00:42:45.0 (57459274)|VARIABLE_ASSIGNMENT|[60]|allfields|"Id,OwnerId,IsDeleted (156 more) ..."
00:42:45.0 (57469476)|HEAP_ALLOCATE|[59]|Bytes:5
00:42:45.0 (57476906)|HEAP_ALLOCATE|[59]|Bytes:19
00:42:45.0 (57481327)|VARIABLE_SCOPE_BEGIN|[59]|fieldname|String|false|false
00:42:45.0 (57488139)|VARIABLE_ASSIGNMENT|[59]|fieldname|"Operation_Region__c"
00:42:45.0 (57491717)|STATEMENT_EXECUTE|[60]
00:42:45.0 (57494468)|HEAP_ALLOCATE|[60]|Bytes:20
00:42:45.0 (57498474)|HEAP_ALLOCATE|[60]|Bytes:196
00:42:45.0 (57503039)|VARIABLE_ASSIGNMENT|[60]|allfields|"Id,OwnerId,IsDeleted (176 more) ..."
00:42:45.0 (57509823)|HEAP_ALLOCATE|[59]|Bytes:5
00:42:45.0 (57521244)|HEAP_ALLOCATE|[59]|Bytes:14
00:42:45.0 (57529201)|VARIABLE_SCOPE_BEGIN|[59]|fieldname|String|false|false
00:42:45.0 (57542077)|VARIABLE_ASSIGNMENT|[59]|fieldname|"Work_Region__c"
00:42:45.0 (57548780)|STATEMENT_EXECUTE|[60]
00:42:45.0 (57554359)|HEAP_ALLOCATE|[60]|Bytes:15
00:42:45.0 (57562784)|HEAP_ALLOCATE|[60]|Bytes:211
00:42:45.0 (57573257)|VARIABLE_ASSIGNMENT|[60]|allfields|"Id,OwnerId,IsDeleted (191 more) ..."
00:42:45.0 (57589813)|HEAP_ALLOCATE|[59]|Bytes:5
00:42:45.0 (57602541)|HEAP_ALLOCATE|[59]|Bytes:25
00:42:45.0 (57610690)|VARIABLE_SCOPE_BEGIN|[59]|fieldname|String|false|false
00:42:45.0 (57625326)|VARIABLE_ASSIGNMENT|[59]|fieldname|"Client_Project_Manag (5 more) ..."
00:42:45.0 (57633101)|STATEMENT_EXECUTE|[60]
00:42:45.0 (57638996)|HEAP_ALLOCATE|[60]|Bytes:26
00:42:45.0 (57647406)|HEAP_ALLOCATE|[60]|Bytes:237
00:42:45.0 (57657935)|VARIABLE_ASSIGNMENT|[60]|allfields|"Id,OwnerId,IsDeleted (217 more) ..."
00:42:45.0 (57675091)|HEAP_ALLOCATE|[59]|Bytes:5
00:42:45.0 (57687632)|HEAP_ALLOCATE|[59]|Bytes:15
00:42:45.0 (57696080)|VARIABLE_SCOPE_BEGIN|[59]|fieldname|String|false|false
00:42:45.0 (57709625)|VARIABLE_ASSIGNMENT|[59]|fieldname|"Project_code__c"
00:42:45.0 (57716475)|STATEMENT_EXECUTE|[60]
00:42:45.0 (57722245)|HEAP_ALLOCATE|[60]|Bytes:16
00:42:45.0 (57729560)|HEAP_ALLOCATE|[60]|Bytes:253
00:42:45.0 (57739930)|VARIABLE_ASSIGNMENT|[60]|allfields|"Id,OwnerId,IsDeleted (233 more) ..."
00:42:45.0 (57757852)|HEAP_ALLOCATE|[59]|Bytes:5
00:42:45.0 (57771129)|HEAP_ALLOCATE|[59]|Bytes:23
00:42:45.0 (57780317)|VARIABLE_SCOPE_BEGIN|[59]|fieldname|String|false|false
00:42:45.0 (57795624)|VARIABLE_ASSIGNMENT|[59]|fieldname|"Company_project_code (3 more) ..."
00:42:45.0 (57803264)|STATEMENT_EXECUTE|[60]
00:42:45.0 (57809355)|HEAP_ALLOCATE|[60]|Bytes:24
00:42:45.0 (57817842)|HEAP_ALLOCATE|[60]|Bytes:277
00:42:45.0 (57827816)|VARIABLE_ASSIGNMENT|[60]|allfields|"Id,OwnerId,IsDeleted (257 more) ..."
00:42:45.0 (57846302)|HEAP_ALLOCATE|[59]|Bytes:5
00:42:45.0 (57860959)|HEAP_ALLOCATE|[59]|Bytes:16
00:42:45.0 (57870105)|VARIABLE_SCOPE_BEGIN|[59]|fieldname|String|false|false
00:42:45.0 (57884295)|VARIABLE_ASSIGNMENT|[59]|fieldname|"Project_Scope__c"
00:42:45.0 (57892161)|STATEMENT_EXECUTE|[60]
00:42:45.0 (57898852)|HEAP_ALLOCATE|[60]|Bytes:17
00:42:45.0 (57906781)|HEAP_ALLOCATE|[60]|Bytes:294
00:42:45.0 (57916799)|VARIABLE_ASSIGNMENT|[60]|allfields|"Id,OwnerId,IsDeleted (274 more) ..."
00:42:45.0 (57935085)|HEAP_ALLOCATE|[59]|Bytes:5
00:42:45.0 (57947925)|HEAP_ALLOCATE|[59]|Bytes:14
00:42:45.0 (57956398)|VARIABLE_SCOPE_BEGIN|[59]|fieldname|String|false|false
00:42:45.0 (57969165)|VARIABLE_ASSIGNMENT|[59]|fieldname|"Cost_Centre__c"
00:42:45.0 (57976044)|STATEMENT_EXECUTE|[60]
00:42:45.0 (57981665)|HEAP_ALLOCATE|[60]|Bytes:15
00:42:45.0 (57989422)|HEAP_ALLOCATE|[60]|Bytes:309
00:42:45.0 (57999008)|VARIABLE_ASSIGNMENT|[60]|allfields|"Id,OwnerId,IsDeleted (289 more) ..."
00:42:45.0 (58016899)|HEAP_ALLOCATE|[59]|Bytes:5
00:42:45.0 (58032133)|HEAP_ALLOCATE|[59]|Bytes:13
00:42:45.0 (58042004)|VARIABLE_SCOPE_BEGIN|[59]|fieldname|String|false|false
00:42:45.0 (58056601)|VARIABLE_ASSIGNMENT|[59]|fieldname|"Production__c"
00:42:45.0 (58063976)|STATEMENT_EXECUTE|[60]
00:42:45.0 (58070871)|HEAP_ALLOCATE|[60]|Bytes:14
00:42:45.0 (58078998)|HEAP_ALLOCATE|[60]|Bytes:323
00:42:45.0 (58089969)|VARIABLE_ASSIGNMENT|[60]|allfields|"Id,OwnerId,IsDeleted (303 more) ..."
00:42:45.0 (58107112)|HEAP_ALLOCATE|[59]|Bytes:5
00:42:45.0 (58119841)|HEAP_ALLOCATE|[59]|Bytes:5
00:42:45.0 (58128263)|VARIABLE_SCOPE_BEGIN|[59]|fieldname|String|false|false
00:42:45.0 (58140950)|VARIABLE_ASSIGNMENT|[59]|fieldname|"QC__c"
00:42:45.0 (58147486)|STATEMENT_EXECUTE|[60]
00:42:45.0 (58153405)|HEAP_ALLOCATE|[60]|Bytes:6
00:42:45.0 (58161162)|HEAP_ALLOCATE|[60]|Bytes:329
00:42:45.0 (58171099)|VARIABLE_ASSIGNMENT|[60]|allfields|"Id,OwnerId,IsDeleted (309 more) ..."
00:42:45.0 (58188920)|HEAP_ALLOCATE|[59]|Bytes:5
00:42:45.0 (58202805)|HEAP_ALLOCATE|[59]|Bytes:11
00:42:45.0 (58212436)|VARIABLE_SCOPE_BEGIN|[59]|fieldname|String|false|false
00:42:45.0 (58225987)|VARIABLE_ASSIGNMENT|[59]|fieldname|"Delivery__c"
00:42:45.0 (58232545)|STATEMENT_EXECUTE|[60]
00:42:45.0 (58238691)|HEAP_ALLOCATE|[60]|Bytes:12
00:42:45.0 (58246593)|HEAP_ALLOCATE|[60]|Bytes:341
00:42:45.0 (58256186)|VARIABLE_ASSIGNMENT|[60]|allfields|"Id,OwnerId,IsDeleted (321 more) ..."
00:42:45.0 (58272770)|HEAP_ALLOCATE|[59]|Bytes:5
00:42:45.0 (58284097)|HEAP_ALLOCATE|[59]|Bytes:5
00:42:45.0 (58291567)|VARIABLE_SCOPE_BEGIN|[59]|fieldname|String|false|false
00:42:45.0 (58304608)|VARIABLE_ASSIGNMENT|[59]|fieldname|"QA__c"
00:42:45.0 (58311322)|STATEMENT_EXECUTE|[60]
00:42:45.0 (58316406)|HEAP_ALLOCATE|[60]|Bytes:6
00:42:45.0 (58323124)|HEAP_ALLOCATE|[60]|Bytes:347
00:42:45.0 (58332157)|VARIABLE_ASSIGNMENT|[60]|allfields|"Id,OwnerId,IsDeleted (327 more) ..."
00:42:45.0 (58348525)|HEAP_ALLOCATE|[59]|Bytes:5
00:42:45.0 (58361219)|HEAP_ALLOCATE|[59]|Bytes:25
00:42:45.0 (58369576)|VARIABLE_SCOPE_BEGIN|[59]|fieldname|String|false|false
00:42:45.0 (58384327)|VARIABLE_ASSIGNMENT|[59]|fieldname|"OffshoreProjectManag (5 more) ..."
00:42:45.0 (58391887)|STATEMENT_EXECUTE|[60]
00:42:45.0 (58397816)|HEAP_ALLOCATE|[60]|Bytes:26
00:42:45.0 (58406564)|HEAP_ALLOCATE|[60]|Bytes:373
00:42:45.0 (58416358)|VARIABLE_ASSIGNMENT|[60]|allfields|"Id,OwnerId,IsDeleted (353 more) ..."
00:42:45.0 (58433066)|HEAP_ALLOCATE|[59]|Bytes:5
00:42:45.0 (58445564)|HEAP_ALLOCATE|[59]|Bytes:12
00:42:45.0 (58455119)|VARIABLE_SCOPE_BEGIN|[59]|fieldname|String|false|false
00:42:45.0 (58469574)|VARIABLE_ASSIGNMENT|[59]|fieldname|"Team_Lead__c"
00:42:45.0 (58476772)|STATEMENT_EXECUTE|[60]
00:42:45.0 (58482262)|HEAP_ALLOCATE|[60]|Bytes:13
00:42:45.0 (58489554)|HEAP_ALLOCATE|[60]|Bytes:386
00:42:45.0 (58499572)|VARIABLE_ASSIGNMENT|[60]|allfields|"Id,OwnerId,IsDeleted (366 more) ..."
00:42:45.0 (58520656)|HEAP_ALLOCATE|[59]|Bytes:5
00:42:45.0 (58534521)|HEAP_ALLOCATE|[59]|Bytes:21
00:42:45.0 (58542872)|VARIABLE_SCOPE_BEGIN|[59]|fieldname|String|false|false
00:42:45.0 (58558097)|VARIABLE_ASSIGNMENT|[59]|fieldname|"Project_Start_Date__ (1 more) ..."
00:42:45.0 (58564995)|STATEMENT_EXECUTE|[60]
00:42:45.0 (58570772)|HEAP_ALLOCATE|[60]|Bytes:22
00:42:45.0 (58578439)|HEAP_ALLOCATE|[60]|Bytes:408
00:42:45.0 (58587610)|VARIABLE_ASSIGNMENT|[60]|allfields|"Id,OwnerId,IsDeleted (388 more) ..."
00:42:45.0 (58602842)|HEAP_ALLOCATE|[59]|Bytes:5
00:42:45.0 (58613651)|HEAP_ALLOCATE|[59]|Bytes:19
00:42:45.0 (58621564)|VARIABLE_SCOPE_BEGIN|[59]|fieldname|String|false|false
00:42:45.0 (58635220)|VARIABLE_ASSIGNMENT|[59]|fieldname|"Project_End_Date__c"
00:42:45.0 (58641835)|STATEMENT_EXECUTE|[60]
00:42:45.0 (58646692)|HEAP_ALLOCATE|[60]|Bytes:20
00:42:45.0 (58654138)|HEAP_ALLOCATE|[60]|Bytes:428
00:42:45.0 (58663417)|VARIABLE_ASSIGNMENT|[60]|allfields|"Id,OwnerId,IsDeleted (408 more) ..."
00:42:45.0 (58675384)|HEAP_ALLOCATE|[59]|Bytes:5
00:42:45.0 (58684685)|HEAP_ALLOCATE|[59]|Bytes:8
00:42:45.0 (58691837)|VARIABLE_SCOPE_BEGIN|[59]|fieldname|String|false|false
00:42:45.0 (58704842)|VARIABLE_ASSIGNMENT|[59]|fieldname|"Units__c"
00:42:45.0 (58712276)|STATEMENT_EXECUTE|[60]
00:42:45.0 (58717187)|HEAP_ALLOCATE|[60]|Bytes:9
00:42:45.0 (58723630)|HEAP_ALLOCATE|[60]|Bytes:437
00:42:45.0 (58731777)|VARIABLE_ASSIGNMENT|[60]|allfields|"Id,OwnerId,IsDeleted (417 more) ..."
00:42:45.0 (58745504)|HEAP_ALLOCATE|[59]|Bytes:5
00:42:45.0 (58755107)|HEAP_ALLOCATE|[59]|Bytes:8
00:42:45.0 (58761878)|VARIABLE_SCOPE_BEGIN|[59]|fieldname|String|false|false
00:42:45.0 (58773060)|VARIABLE_ASSIGNMENT|[59]|fieldname|"Nodes__c"
00:42:45.0 (58779053)|STATEMENT_EXECUTE|[60]
00:42:45.0 (58783476)|HEAP_ALLOCATE|[60]|Bytes:9
00:42:45.0 (58790330)|HEAP_ALLOCATE|[60]|Bytes:446
00:42:45.0 (58798534)|VARIABLE_ASSIGNMENT|[60]|allfields|"Id,OwnerId,IsDeleted (426 more) ..."
00:42:45.0 (58813538)|HEAP_ALLOCATE|[59]|Bytes:5
00:42:45.0 (58824749)|HEAP_ALLOCATE|[59]|Bytes:10
00:42:45.0 (58832175)|VARIABLE_SCOPE_BEGIN|[59]|fieldname|String|false|false
00:42:45.0 (58845968)|VARIABLE_ASSIGNMENT|[59]|fieldname|"Footage__c"
00:42:45.0 (58852820)|STATEMENT_EXECUTE|[60]
00:42:45.0 (58858836)|HEAP_ALLOCATE|[60]|Bytes:11
00:42:45.0 (58867114)|HEAP_ALLOCATE|[60]|Bytes:457
00:42:45.0 (58876605)|VARIABLE_ASSIGNMENT|[60]|allfields|"Id,OwnerId,IsDeleted (437 more) ..."
00:42:45.0 (58894838)|HEAP_ALLOCATE|[59]|Bytes:5
00:42:45.0 (58908085)|HEAP_ALLOCATE|[59]|Bytes:8
00:42:45.0 (58915508)|VARIABLE_SCOPE_BEGIN|[59]|fieldname|String|false|false
00:42:45.0 (58927465)|VARIABLE_ASSIGNMENT|[59]|fieldname|"Miles__c"
00:42:45.0 (58933262)|STATEMENT_EXECUTE|[60]
00:42:45.0 (58938231)|HEAP_ALLOCATE|[60]|Bytes:9
00:42:45.0 (58945528)|HEAP_ALLOCATE|[60]|Bytes:466
00:42:45.0 (58954590)|VARIABLE_ASSIGNMENT|[60]|allfields|"Id,OwnerId,IsDeleted (446 more) ..."
00:42:45.0 (58965750)|HEAP_ALLOCATE|[59]|Bytes:5
00:42:45.0 (58972394)|HEAP_ALLOCATE|[59]|Bytes:7
00:42:45.0 (58976777)|VARIABLE_SCOPE_BEGIN|[59]|fieldname|String|false|false
00:42:45.0 (58983795)|VARIABLE_ASSIGNMENT|[59]|fieldname|"Jobs__c"
00:42:45.0 (58987438)|STATEMENT_EXECUTE|[60]
00:42:45.0 (58990211)|HEAP_ALLOCATE|[60]|Bytes:8
00:42:45.0 (58993767)|HEAP_ALLOCATE|[60]|Bytes:474
00:42:45.0 (58998492)|VARIABLE_ASSIGNMENT|[60]|allfields|"Id,OwnerId,IsDeleted (454 more) ..."
00:42:45.0 (59005706)|HEAP_ALLOCATE|[59]|Bytes:5
00:42:45.0 (59012128)|HEAP_ALLOCATE|[59]|Bytes:8
00:42:45.0 (59016060)|VARIABLE_SCOPE_BEGIN|[59]|fieldname|String|false|false
00:42:45.0 (59023113)|VARIABLE_ASSIGNMENT|[59]|fieldname|"Hours__c"
00:42:45.0 (59026430)|STATEMENT_EXECUTE|[60]
00:42:45.0 (59028973)|HEAP_ALLOCATE|[60]|Bytes:9
00:42:45.0 (59032348)|HEAP_ALLOCATE|[60]|Bytes:483
00:42:45.0 (59036814)|VARIABLE_ASSIGNMENT|[60]|allfields|"Id,OwnerId,IsDeleted (463 more) ..."
00:42:45.0 (59043376)|HEAP_ALLOCATE|[59]|Bytes:5
00:42:45.0 (59048589)|HEAP_ALLOCATE|[59]|Bytes:7
00:42:45.0 (59052623)|VARIABLE_SCOPE_BEGIN|[59]|fieldname|String|false|false
00:42:45.0 (59059111)|VARIABLE_ASSIGNMENT|[59]|fieldname|"Team__c"
00:42:45.0 (59062400)|STATEMENT_EXECUTE|[60]
00:42:45.0 (59064889)|HEAP_ALLOCATE|[60]|Bytes:8
00:42:45.0 (59068403)|HEAP_ALLOCATE|[60]|Bytes:491
00:42:45.0 (59073064)|VARIABLE_ASSIGNMENT|[60]|allfields|"Id,OwnerId,IsDeleted (471 more) ..."
00:42:45.0 (59079835)|HEAP_ALLOCATE|[59]|Bytes:5
00:42:45.0 (59086908)|VARIABLE_ASSIGNMENT|[59]|fieldname|null
00:42:45.0 (59091440)|STATEMENT_EXECUTE|[62]
00:42:45.0 (59173570)|HEAP_ALLOCATE|[62]|Bytes:490
00:42:45.0 (59198977)|VARIABLE_ASSIGNMENT|[62]|allfields|"Id,OwnerId,IsDeleted (470 more) ..."
00:42:45.0 (59207815)|STATEMENT_EXECUTE|[64]
00:42:45.0 (59224545)|METHOD_EXIT|[16]|01p7F00000Ehro9|PM_Project_Edit_Controller.getAllFields(String)
00:42:45.0 (59234478)|HEAP_ALLOCATE|[16]|Bytes:32
00:42:45.0 (59245952)|HEAP_ALLOCATE|[16]|Bytes:529
00:42:45.0 (60071660)|SOQL_EXECUTE_BEGIN|[16]|Aggregations:0|select Id,OwnerId,IsDeleted,Name,CreatedDate,CreatedById,LastModifiedDate,LastModifiedById,SystemModstamp,LastActivityDate,LastViewedDate,LastReferencedDate,Client__c,End_Customer__c,Operation_Region__c,Work_Region__c,Client_Project_Manager__c,Project_code__c,Company_project_code__c,Project_Scope__c,Cost_Centre__c,Production__c,QC__c,Delivery__c,QA__c,OffshoreProjectManager__c,Team_Lead__c,Project_Start_Date__c,Project_End_Date__c,Units__c,Nodes__c,Footage__c,Miles__c,Jobs__c,Hours__c,Team__c from Project__c where Id = :pid
00:42:45.0 (64973710)|SOQL_EXECUTE_END|[16]|Rows:1
00:42:45.0 (65010036)|HEAP_ALLOCATE|[16]|Bytes:8
00:42:45.0 (65051342)|HEAP_ALLOCATE|[16]|Bytes:957
00:42:45.0 (65149583)|HEAP_ALLOCATE|[16]|Bytes:8
00:42:45.0 (65176016)|HEAP_ALLOCATE|[16]|Bytes:36
00:42:45.0 (65223863)|HEAP_ALLOCATE|[16]|Bytes:140
00:42:45.0 (65284039)|VARIABLE_ASSIGNMENT|[EXTERNAL]|this|{"mysObject":"0x21785250","nonSelectedUserId":"(","usersList":"0xf17e45c"}|0x41c9293b
00:42:45.0 (65347145)|VARIABLE_ASSIGNMENT|[EXTERNAL]|value|{"Id":"a057F000002dVX8QAM","OwnerId":"0057F000000Tiz6QAC","IsDeleted":false,"Name":"Hello World","CreatedDate":"2017-12-19T09:32:05.000Z","CreatedById":"0057F000000Tiz6QAC","LastModifiedDate":"2017-12-19T09:34:04.000Z","LastModifiedById":"0057F000000Tiz6QAC","SystemModstamp":"2018-01-20T18:42:23.000Z","LastViewedDate":"2018-01-22T06:04:42.000Z","LastReferencedDate":"2018-01-22T06:04:42.000Z","Client__c":"a047F000002zkUjQAI","End_Customer__c":"Kumar","Operation_Region__c":"Hyderabad","Work_Region__c":"Hyd","Client_Project_Manag (5 more) ...":"Rajesh","Project_code__c":"123654","Company_project_code (3 more) ...":"123654","Project_Scope__c":"DESIGNING","Cost_Centre__c":"600","Production__c":40,"QC__c":20,"Delivery__c":20,"QA__c":20,"OffshoreProjectManag (5 more) ...":"0057F000000TyyXQAS","Team_Lead__c":"0057F000000TyzGQAS","Project_Start_Date__ (1 more) ...":"2017-12-19T00:00:00.000Z","Project_End_Date__c":"2017-12-20T00:00:00.000Z","Units__c":true,"Nodes__c":false,"Footage__c":false,"Miles__c":true,"Jobs__c":true,"Hours__c":false}|0x4c6b5b62
00:42:45.0 (65404148)|VARIABLE_ASSIGNMENT|[3]|this.mysObject|{"Id":"a057F000002dVX8QAM","OwnerId":"0057F000000Tiz6QAC","IsDeleted":false,"Name":"Hello World","CreatedDate":"2017-12-19T09:32:05.000Z","CreatedById":"0057F000000Tiz6QAC","LastModifiedDate":"2017-12-19T09:34:04.000Z","LastModifiedById":"0057F000000Tiz6QAC","SystemModstamp":"2018-01-20T18:42:23.000Z","LastViewedDate":"2018-01-22T06:04:42.000Z","LastReferencedDate":"2018-01-22T06:04:42.000Z","Client__c":"a047F000002zkUjQAI","End_Customer__c":"Kumar","Operation_Region__c":"Hyderabad","Work_Region__c":"Hyd","Client_Project_Manag (5 more) ...":"Rajesh","Project_code__c":"123654","Company_project_code (3 more) ...":"123654","Project_Scope__c":"DESIGNING","Cost_Centre__c":"600","Production__c":40,"QC__c":20,"Delivery__c":20,"QA__c":20,"OffshoreProjectManag (5 more) ...":"0057F000000TyyXQAS","Team_Lead__c":"0057F000000TyzGQAS","Project_Start_Date__ (1 more) ...":"2017-12-19T00:00:00.000Z","Project_End_Date__c":"2017-12-20T00:00:00.000Z","Units__c":true,"Nodes__c":false,"Footage__c":false,"Miles__c":true,"Jobs__c":true,"Hours__c":false}|0x41c9293b
00:42:45.0 (65431664)|STATEMENT_EXECUTE|[17]
00:42:45.0 (65492153)|VARIABLE_ASSIGNMENT|[EXTERNAL]|this|{"mysObject":"0x4c6b5b62","nonSelectedUserId":"(","usersList":"0xf17e45c"}|0x41c9293b
00:42:45.0 (65573951)|VARIABLE_ASSIGNMENT|[EXTERNAL]|this|{"mysObject":"0x4c6b5b62","nonSelectedUserId":"(","usersList":"0xf17e45c"}|0x41c9293b
00:42:45.0 (65587812)|VARIABLE_ASSIGNMENT|[EXTERNAL]|value|"Hello World"
00:42:45.0 (65597948)|VARIABLE_ASSIGNMENT|[4]|this.pName|"Hello World"|0x41c9293b
00:42:45.0 (65606420)|STATEMENT_EXECUTE|[19]
00:42:45.0 (65609692)|HEAP_ALLOCATE|[19]|Bytes:86
00:42:45.0 (65630763)|HEAP_ALLOCATE|[19]|Bytes:4
00:42:45.0 (65642188)|HEAP_ALLOCATE|[19]|Bytes:7
00:42:45.0 (66830331)|SOQL_EXECUTE_BEGIN|[19]|Aggregations:0|SELECT Name, UserLink__c FROM ProjectJobAssociation__c WHERE ProjectLink__c = :tmpVar1
00:42:45.0 (69697263)|SOQL_EXECUTE_END|[19]|Rows:0
00:42:45.0 (69721469)|HEAP_ALLOCATE|[19]|Bytes:4
00:42:45.0 (69732603)|HEAP_ALLOCATE|[19]|Bytes:0
00:42:45.0 (69801797)|HEAP_ALLOCATE|[19]|Bytes:4
00:42:45.0 (69815964)|VARIABLE_SCOPE_BEGIN|[19]|pja|List<ProjectJobAssociation__c>|true|false
00:42:45.0 (69832642)|VARIABLE_ASSIGNMENT|[19]|pja|[]|0x71d57de6
00:42:45.0 (69839219)|STATEMENT_EXECUTE|[20]
00:42:45.0 (69851131)|HEAP_ALLOCATE|[20]|Bytes:4
00:42:45.0 (69917177)|VARIABLE_ASSIGNMENT|[EXTERNAL]|this|{"mysObject":"0x4c6b5b62","nonSelectedUserId":"(","pName":"Hello World","usersList":"0xf17e45c"}|0x41c9293b
00:42:45.0 (69946606)|HEAP_ALLOCATE|[EXTERNAL]|Bytes:4
00:42:45.0 (69955439)|VARIABLE_ASSIGNMENT|[EXTERNAL]|value|[]|0x455e85c7
00:42:45.0 (69970368)|VARIABLE_ASSIGNMENT|[6]|this.selectedUsers|[]|0x41c9293b
00:42:45.0 (70116031)|HEAP_ALLOCATE|[21]|Bytes:5
00:42:45.0 (70134894)|VARIABLE_ASSIGNMENT|[21]|spja|null|
00:42:45.0 (70140880)|STATEMENT_EXECUTE|[21]
00:42:45.0 (70142376)|STATEMENT_EXECUTE|[26]
00:42:45.0 (70245895)|VARIABLE_ASSIGNMENT|[26]|this.nonSelectedUserId|""|0x41c9293b
00:42:45.0 (70260508)|STATEMENT_EXECUTE|[27]
00:42:45.0 (70267244)|HEAP_ALLOCATE|[27]|Bytes:1
00:42:45.0 (70282680)|HEAP_ALLOCATE|[27]|Bytes:1
00:42:45.0 (70297012)|VARIABLE_ASSIGNMENT|[27]|this.nonSelectedUserId|")"|0x41c9293b
00:42:45.0 (70315150)|SYSTEM_MODE_EXIT|false
00:42:45.0 (70449935)|SYSTEM_MODE_ENTER|true
00:42:45.0 (82127176)|SYSTEM_MODE_ENTER|true
00:42:45.0 (82207478)|HEAP_ALLOCATE|[EXTERNAL]|Bytes:164
00:42:45.0 (82226249)|HEAP_ALLOCATE|[EXTERNAL]|Bytes:12
00:42:45.0 (82242859)|METHOD_ENTRY|[5]|01p7F00000Ehg8E|MultiselectController.MultiselectController()
00:42:45.0 (82251118)|STATEMENT_EXECUTE|[5]
00:42:45.0 (82257898)|STATEMENT_EXECUTE|[5]
00:42:45.0 (82279003)|SYSTEM_MODE_ENTER|false
00:42:45.0 (82293472)|HEAP_ALLOCATE|[EXTERNAL]|Bytes:5
00:42:45.0 (82306923)|SYSTEM_MODE_EXIT|false
00:42:45.0 (82322072)|METHOD_EXIT|[5]|MultiselectController
00:42:45.0 (82348886)|HEAP_ALLOCATE|[EXTERNAL]|Bytes:20
00:42:45.0 (82363903)|VARIABLE_SCOPE_BEGIN|[5]|this|MultiselectController|true|false
00:42:45.0 (82424082)|VARIABLE_ASSIGNMENT|[5]|this|{}|0x6a6ec079
00:42:45.0 (82456277)|SYSTEM_MODE_ENTER|false
00:42:45.0 (82468113)|HEAP_ALLOCATE|[EXTERNAL]|Bytes:5
00:42:45.0 (82504096)|SYSTEM_MODE_EXIT|false
00:42:45.0 (82512420)|STATEMENT_EXECUTE|[5]
00:42:45.0 (82549408)|SYSTEM_MODE_ENTER|false
00:42:45.0 (82559569)|HEAP_ALLOCATE|[EXTERNAL]|Bytes:5
00:42:45.0 (82566963)|STATEMENT_EXECUTE|[7]
00:42:45.0 (82568646)|STATEMENT_EXECUTE|[8]
00:42:45.0 (82570027)|STATEMENT_EXECUTE|[23]
00:42:45.0 (82571488)|STATEMENT_EXECUTE|[31]
00:42:45.0 (82575425)|SYSTEM_MODE_EXIT|false
00:42:45.0 (82788770)|SYSTEM_MODE_ENTER|true
00:42:45.0 (82842824)|HEAP_ALLOCATE|[EXTERNAL]|Bytes:24
00:42:45.0 (82856945)|VARIABLE_SCOPE_BEGIN|[30]|this|PM_Project_Edit_Controller|true|false
00:42:45.0 (82901646)|VARIABLE_ASSIGNMENT|[30]|this|{"mysObject":"0x4c6b5b62","nonSelectedUserId":")","pName":"Hello World","selectedUsers":"0x455e85c7","usersList":"0xf17e45c"}|0x41c9293b
00:42:45.0 (82933935)|SYSTEM_MODE_ENTER|false
00:42:45.0 (82944316)|HEAP_ALLOCATE|[31]|Bytes:5
00:42:45.0 (82951914)|STATEMENT_EXECUTE|[30]
00:42:45.0 (82954027)|STATEMENT_EXECUTE|[31]
00:42:45.0 (82958440)|HEAP_ALLOCATE|[31]|Bytes:62
00:42:45.0 (82981227)|HEAP_ALLOCATE|[31]|Bytes:4
00:42:45.0 (83294614)|SOQL_EXECUTE_BEGIN|[31]|Aggregations:0|SELECT Id, Name FROM UserRole WHERE Name = 'Software Engineer'
00:42:45.0 (87429788)|SOQL_EXECUTE_END|[31]|Rows:1
00:42:45.0 (87461153)|HEAP_ALLOCATE|[31]|Bytes:8
00:42:45.0 (87481616)|HEAP_ALLOCATE|[31]|Bytes:54
00:42:45.0 (87584759)|HEAP_ALLOCATE|[31]|Bytes:8
00:42:45.0 (87604781)|HEAP_ALLOCATE|[31]|Bytes:34
00:42:45.0 (87650641)|HEAP_ALLOCATE|[31]|Bytes:12
00:42:45.0 (87657702)|VARIABLE_SCOPE_BEGIN|[31]|userRole|UserRole|true|false
00:42:45.0 (87678337)|VARIABLE_ASSIGNMENT|[31]|userRole|{"Id":"00E7F000000MdriUAC","Name":"Software Engineer"}|0x7fca2124
00:42:45.0 (87685765)|STATEMENT_EXECUTE|[32]
00:42:45.0 (87713054)|VARIABLE_SCOPE_BEGIN|[32]|userRoleId|Id|false|false
00:42:45.0 (87875261)|VARIABLE_ASSIGNMENT|[32]|userRoleId|"00E7F000000MdriUAC"
00:42:45.0 (87884247)|STATEMENT_EXECUTE|[33]
00:42:45.0 (87888233)|HEAP_ALLOCATE|[33]|Bytes:70
00:42:45.0 (87905801)|HEAP_ALLOCATE|[33]|Bytes:71
00:42:45.0 (88408370)|EXCEPTION_THROWN|[33]|System.QueryException: expecting a colon, found ')'
00:42:45.0 (88520457)|HEAP_ALLOCATE|[33]|Bytes:32
00:42:45.0 (88542587)|SYSTEM_MODE_EXIT|false
00:42:45.0 (88634195)|FATAL_ERROR|System.QueryException: expecting a colon, found ')'

Class.PM_Project_Edit_Controller.getUsersList: line 33, column 1
