36.0 APEX_CODE,FINEST;APEX_PROFILING,INFO;CALLOUT,INFO;DB,INFO;SYSTEM,DEBUG;VALIDATION,INFO;VISUALFORCE,INFO;WAVE,INFO;WORKFLOW,INFO
02:50:24.0 (346518)|USER_INFO|[EXTERNAL]|0057F000000Tiz6|ksb994@salesforce.com|Pacific Standard Time|GMT-08:00
02:50:24.0 (378448)|EXECUTION_STARTED
02:50:24.0 (382800)|CODE_UNIT_STARTED|[EXTERNAL]|0667F000004uJm5|VF: /apex/PM_Project_New
02:50:24.0 (528179)|VF_DESERIALIZE_VIEWSTATE_BEGIN|0667F000004uJm5
02:50:24.0 (7853025)|HEAP_ALLOCATE|[72]|Bytes:3
02:50:24.0 (7893071)|HEAP_ALLOCATE|[77]|Bytes:152
02:50:24.0 (7907015)|HEAP_ALLOCATE|[342]|Bytes:408
02:50:24.0 (7921378)|HEAP_ALLOCATE|[355]|Bytes:408
02:50:24.0 (7934787)|HEAP_ALLOCATE|[467]|Bytes:48
02:50:24.0 (7961781)|HEAP_ALLOCATE|[139]|Bytes:6
02:50:24.0 (13089659)|VF_DESERIALIZE_VIEWSTATE_END
02:50:24.17 (17465639)|SYSTEM_MODE_ENTER|true
02:50:24.17 (17532692)|HEAP_ALLOCATE|[EXTERNAL]|Bytes:38
02:50:24.17 (17543833)|HEAP_ALLOCATE|[EXTERNAL]|Bytes:7
02:50:24.17 (17563796)|SYSTEM_METHOD_ENTRY|[1]|PageMessagesComponentController.PageMessagesComponentController()
02:50:24.17 (17571342)|STATEMENT_EXECUTE|[1]
02:50:24.18 (18640408)|SYSTEM_MODE_ENTER|true
02:50:24.18 (18705550)|HEAP_ALLOCATE|[EXTERNAL]|Bytes:8
02:50:24.18 (18715045)|VARIABLE_SCOPE_BEGIN|[88]|this|ApexPage.PageMessagesComponentController|true|false
02:50:24.18 (18771655)|VARIABLE_ASSIGNMENT|[88]|this|{}|0x521510c7
02:50:24.18 (18778656)|VARIABLE_SCOPE_BEGIN|[88]|escape|Boolean|false|false
02:50:24.18 (18786573)|VARIABLE_ASSIGNMENT|[88]|escape|null
02:50:24.0 (35702247)|SYSTEM_MODE_ENTER|true
02:50:24.0 (35761263)|HEAP_ALLOCATE|[EXTERNAL]|Bytes:164
02:50:24.0 (35774050)|HEAP_ALLOCATE|[EXTERNAL]|Bytes:12
02:50:24.0 (35785781)|METHOD_ENTRY|[5]|01p7F00000Ehg8E|MultiselectController.MultiselectController()
02:50:24.0 (35790972)|STATEMENT_EXECUTE|[5]
02:50:24.0 (35796106)|STATEMENT_EXECUTE|[5]
02:50:24.0 (35810572)|SYSTEM_MODE_ENTER|false
02:50:24.0 (35820671)|HEAP_ALLOCATE|[EXTERNAL]|Bytes:5
02:50:24.0 (35829054)|SYSTEM_MODE_EXIT|false
02:50:24.0 (35837272)|METHOD_EXIT|[5]|MultiselectController
02:50:24.0 (36014113)|SYSTEM_MODE_ENTER|true
02:50:24.0 (36380661)|SYSTEM_MODE_ENTER|true
02:50:24.0 (36602438)|HEAP_ALLOCATE|[EXTERNAL]|Bytes:92
02:50:24.0 (36616954)|HEAP_ALLOCATE|[EXTERNAL]|Bytes:13
02:50:24.0 (36625311)|METHOD_ENTRY|[1]|01p7F00000EhPEd|Project_PM_Controller.Project_PM_Controller()
02:50:24.0 (36629588)|STATEMENT_EXECUTE|[1]
02:50:24.0 (36633224)|STATEMENT_EXECUTE|[1]
02:50:24.0 (36645355)|SYSTEM_MODE_ENTER|false
02:50:24.0 (36651967)|HEAP_ALLOCATE|[EXTERNAL]|Bytes:5
02:50:24.0 (36657815)|SYSTEM_MODE_EXIT|false
02:50:24.0 (36664101)|METHOD_EXIT|[1]|Project_PM_Controller
02:50:24.0 (36675988)|HEAP_ALLOCATE|[EXTERNAL]|Bytes:24
02:50:24.0 (36684874)|VARIABLE_SCOPE_BEGIN|[16]|this|Project_PM_Controller|true|false
02:50:24.0 (36913665)|VARIABLE_ASSIGNMENT|[16]|this|{"controller":"StandardController [[Project__c (]]","project":"0x172c648f","saveAndNew":1,"selectedUsers":"0x1bcc77a","usersList":"0x50a537f3"}|0x77b06c7c
02:50:24.0 (36939518)|SYSTEM_MODE_ENTER|false
02:50:24.0 (36946634)|HEAP_ALLOCATE|[17]|Bytes:5
02:50:24.0 (36951291)|STATEMENT_EXECUTE|[16]
02:50:24.0 (36952788)|STATEMENT_EXECUTE|[17]
02:50:24.0 (36956147)|HEAP_ALLOCATE|[17]|Bytes:62
02:50:24.0 (36979330)|HEAP_ALLOCATE|[17]|Bytes:4
02:50:24.0 (38181457)|SOQL_EXECUTE_BEGIN|[17]|Aggregations:0|SELECT Id, Name FROM User WHERE UserRoleId = '00E7F000000Mdri'
02:50:24.0 (42635422)|SOQL_EXECUTE_END|[17]|Rows:6
02:50:24.0 (42657779)|HEAP_ALLOCATE|[17]|Bytes:28
02:50:24.0 (42679537)|HEAP_ALLOCATE|[17]|Bytes:271
02:50:24.0 (42755828)|HEAP_ALLOCATE|[17]|Bytes:28
02:50:24.0 (42771319)|VARIABLE_SCOPE_BEGIN|[17]|users|List<User>|true|false
02:50:24.0 (42791193)|VARIABLE_ASSIGNMENT|[17]|users|"List of size 6 too large to display"|0x60ab0334
02:50:24.0 (42946627)|HEAP_ALLOCATE|[18]|Bytes:5
02:50:24.0 (42965786)|HEAP_ALLOCATE|[18]|Bytes:12
02:50:24.0 (42975890)|VARIABLE_SCOPE_BEGIN|[18]|usr|User|true|false
02:50:24.0 (42993775)|VARIABLE_ASSIGNMENT|[18]|usr|{"Id":"0057F000000TpdFQAS","Name":"Mani Sasank"}|0x462b556b
02:50:24.0 (43000356)|STATEMENT_EXECUTE|[18]
02:50:24.0 (43002586)|STATEMENT_EXECUTE|[19]
02:50:24.0 (43048693)|HEAP_ALLOCATE|[19]|Bytes:18
02:50:24.0 (43118213)|HEAP_ALLOCATE|[EXTERNAL]|Bytes:4
02:50:24.0 (43135952)|HEAP_ALLOCATE|[18]|Bytes:5
02:50:24.0 (43147380)|HEAP_ALLOCATE|[18]|Bytes:12
02:50:24.0 (43154534)|VARIABLE_SCOPE_BEGIN|[18]|usr|User|true|false
02:50:24.0 (43168912)|VARIABLE_ASSIGNMENT|[18]|usr|{"Id":"0057F000000TrBBQA0","Name":"Santhosh"}|0x766928c4
02:50:24.0 (43174717)|STATEMENT_EXECUTE|[18]
02:50:24.0 (43175984)|STATEMENT_EXECUTE|[19]
02:50:24.0 (43186874)|HEAP_ALLOCATE|[19]|Bytes:18
02:50:24.0 (43200495)|HEAP_ALLOCATE|[EXTERNAL]|Bytes:4
02:50:24.0 (43212039)|HEAP_ALLOCATE|[18]|Bytes:5
02:50:24.0 (43220219)|HEAP_ALLOCATE|[18]|Bytes:12
02:50:24.0 (43226238)|VARIABLE_SCOPE_BEGIN|[18]|usr|User|true|false
02:50:24.0 (43237679)|VARIABLE_ASSIGNMENT|[18]|usr|{"Id":"0057F000000TrBGQA0","Name":"Ravi teja"}|0x182a6c44
02:50:24.0 (43243271)|STATEMENT_EXECUTE|[18]
02:50:24.0 (43244432)|STATEMENT_EXECUTE|[19]
02:50:24.0 (43251746)|HEAP_ALLOCATE|[19]|Bytes:18
02:50:24.0 (43262564)|HEAP_ALLOCATE|[EXTERNAL]|Bytes:4
02:50:24.0 (43272873)|HEAP_ALLOCATE|[18]|Bytes:5
02:50:24.0 (43280861)|HEAP_ALLOCATE|[18]|Bytes:12
02:50:24.0 (43285928)|VARIABLE_SCOPE_BEGIN|[18]|usr|User|true|false
02:50:24.0 (43296252)|VARIABLE_ASSIGNMENT|[18]|usr|{"Id":"0057F000000TrBVQA0","Name":"Yashwanth"}|0x26bce238
02:50:24.0 (43301155)|STATEMENT_EXECUTE|[18]
02:50:24.0 (43302223)|STATEMENT_EXECUTE|[19]
02:50:24.0 (43309104)|HEAP_ALLOCATE|[19]|Bytes:18
02:50:24.0 (43318906)|HEAP_ALLOCATE|[EXTERNAL]|Bytes:4
02:50:24.0 (43328802)|HEAP_ALLOCATE|[18]|Bytes:5
02:50:24.0 (43336249)|HEAP_ALLOCATE|[18]|Bytes:12
02:50:24.0 (43341043)|VARIABLE_SCOPE_BEGIN|[18]|usr|User|true|false
02:50:24.0 (43350908)|VARIABLE_ASSIGNMENT|[18]|usr|{"Id":"0057F000000Tz0iQAC","Name":"Richa"}|0x3a206b89
02:50:24.0 (43355893)|STATEMENT_EXECUTE|[18]
02:50:24.0 (43357174)|STATEMENT_EXECUTE|[19]
02:50:24.0 (43363305)|HEAP_ALLOCATE|[19]|Bytes:18
02:50:24.0 (43372880)|HEAP_ALLOCATE|[EXTERNAL]|Bytes:4
02:50:24.0 (43382423)|HEAP_ALLOCATE|[18]|Bytes:5
02:50:24.0 (43389585)|HEAP_ALLOCATE|[18]|Bytes:12
02:50:24.0 (43394450)|VARIABLE_SCOPE_BEGIN|[18]|usr|User|true|false
02:50:24.0 (43404936)|VARIABLE_ASSIGNMENT|[18]|usr|{"Id":"0057F000000Tz0sQAC","Name":"Veeresh"}|0x5304b01
02:50:24.0 (43409853)|STATEMENT_EXECUTE|[18]
02:50:24.0 (43410969)|STATEMENT_EXECUTE|[19]
02:50:24.0 (43417160)|HEAP_ALLOCATE|[19]|Bytes:18
02:50:24.0 (43426676)|HEAP_ALLOCATE|[EXTERNAL]|Bytes:4
02:50:24.0 (43435920)|HEAP_ALLOCATE|[18]|Bytes:5
02:50:24.0 (43445614)|VARIABLE_ASSIGNMENT|[18]|usr|null|
02:50:24.0 (43450728)|STATEMENT_EXECUTE|[21]
02:50:24.0 (43457426)|SYSTEM_MODE_EXIT|false
02:50:24.0 (43579989)|SYSTEM_MODE_ENTER|true
02:50:24.0 (43972680)|HEAP_ALLOCATE|[EXTERNAL]|Bytes:52
02:50:24.0 (43983239)|HEAP_ALLOCATE|[EXTERNAL]|Bytes:20
02:50:24.0 (44005681)|VARIABLE_ASSIGNMENT|[EXTERNAL]|this.leftOptions|"List of size 12 too large to display"|0x1f19ca2f
02:50:24.0 (44102570)|SYSTEM_MODE_ENTER|true
02:50:24.0 (44165664)|SYSTEM_MODE_ENTER|true
02:50:24.0 (44194982)|HEAP_ALLOCATE|[EXTERNAL]|Bytes:4
02:50:24.0 (44199964)|HEAP_ALLOCATE|[EXTERNAL]|Bytes:20
02:50:24.0 (44209416)|VARIABLE_ASSIGNMENT|[EXTERNAL]|this.rightOptions|[]|0x1f19ca2f
02:50:24.0 (57883001)|SYSTEM_MODE_ENTER|true
02:50:24.0 (57971706)|SYSTEM_MODE_ENTER|true
02:50:24.59 (59788571)|SYSTEM_MODE_ENTER|true
02:50:24.59 (59846320)|HEAP_ALLOCATE|[EXTERNAL]|Bytes:8
02:50:24.59 (59856253)|VARIABLE_SCOPE_BEGIN|[88]|this|ApexPage.PageMessagesComponentController|true|false
02:50:24.59 (59881905)|VARIABLE_ASSIGNMENT|[88]|this|{}|0x521510c7
02:50:24.59 (59887635)|VARIABLE_SCOPE_BEGIN|[88]|escape|Boolean|false|false
02:50:24.59 (59895039)|VARIABLE_ASSIGNMENT|[88]|escape|null
02:50:24.60 (60049604)|HEAP_ALLOCATE|[EXTERNAL]|Bytes:-4
02:50:24.60 (60515696)|HEAP_ALLOCATE|[EXTERNAL]|Bytes:-4
02:50:24.60 (60604681)|HEAP_ALLOCATE|[EXTERNAL]|Bytes:-4
02:50:24.0 (61259068)|SYSTEM_MODE_ENTER|true
02:50:24.0 (61314968)|HEAP_ALLOCATE|[EXTERNAL]|Bytes:20
02:50:24.0 (61322165)|HEAP_ALLOCATE|[EXTERNAL]|Bytes:113
02:50:24.0 (61352952)|VARIABLE_ASSIGNMENT|[EXTERNAL]|this|{"leftOptions":"0x50a537f3","rightOptions":"0x1bcc77a"}|0x1f19ca2f
02:50:24.0 (61364998)|VARIABLE_ASSIGNMENT|[EXTERNAL]|value|"0057F000000TpdFQAS&M (93 more) ..."
02:50:24.0 (61381691)|SYSTEM_MODE_ENTER|false
02:50:24.0 (61388590)|HEAP_ALLOCATE|[24]|Bytes:5
02:50:24.0 (61393124)|STATEMENT_EXECUTE|[23]
02:50:24.0 (61394479)|STATEMENT_EXECUTE|[24]
02:50:24.0 (61403918)|VARIABLE_ASSIGNMENT|[24]|this.leftOptionsHidden|"0057F000000TpdFQAS&M (93 more) ..."|0x1f19ca2f
02:50:24.0 (61408850)|STATEMENT_EXECUTE|[25]
02:50:24.0 (61471242)|VARIABLE_ASSIGNMENT|[EXTERNAL]|this|{"leftOptions":"0x50a537f3","leftOptionsHidden":"0057F000000TpdFQAS&M (93 more) ...","rightOptions":"0x1bcc77a"}|0x1f19ca2f
02:50:24.0 (61500316)|METHOD_ENTRY|[25]|01p7F00000Ehg8E|MultiselectController.setOptions(List<System.SelectOption>, String)
02:50:24.0 (61508041)|VARIABLE_SCOPE_BEGIN|[12]|this|MultiselectController|true|false
02:50:24.0 (61525064)|VARIABLE_ASSIGNMENT|[12]|this|{"leftOptions":"0x50a537f3","leftOptionsHidden":"0057F000000TpdFQAS&M (93 more) ...","rightOptions":"0x1bcc77a"}|0x1f19ca2f
02:50:24.0 (61531572)|VARIABLE_SCOPE_BEGIN|[12]|options|List<System.SelectOption>|true|false
02:50:24.0 (61541021)|VARIABLE_ASSIGNMENT|[12]|options|"List of size 12 too large to display"|0x50a537f3
02:50:24.0 (61545768)|VARIABLE_SCOPE_BEGIN|[12]|value|String|false|false
02:50:24.0 (61552480)|VARIABLE_ASSIGNMENT|[12]|value|"0057F000000TpdFQAS&M (93 more) ..."
02:50:24.0 (61566668)|HEAP_ALLOCATE|[13]|Bytes:5
02:50:24.0 (61571330)|STATEMENT_EXECUTE|[12]
02:50:24.0 (61572522)|STATEMENT_EXECUTE|[13]
02:50:24.0 (61603313)|STATEMENT_EXECUTE|[14]
02:50:24.0 (61606895)|HEAP_ALLOCATE|[14]|Bytes:1
02:50:24.0 (61666287)|HEAP_ALLOCATE|[14]|Bytes:18
02:50:24.0 (61675992)|HEAP_ALLOCATE|[14]|Bytes:13
02:50:24.0 (61678561)|HEAP_ALLOCATE|[14]|Bytes:18
02:50:24.0 (61681180)|HEAP_ALLOCATE|[14]|Bytes:9
02:50:24.0 (61683313)|HEAP_ALLOCATE|[14]|Bytes:18
02:50:24.0 (61685416)|HEAP_ALLOCATE|[14]|Bytes:5
02:50:24.0 (61688028)|HEAP_ALLOCATE|[14]|Bytes:18
02:50:24.0 (61690121)|HEAP_ALLOCATE|[14]|Bytes:7
02:50:24.0 (61692764)|HEAP_ALLOCATE|[14]|Bytes:36
02:50:24.0 (61705247)|VARIABLE_SCOPE_BEGIN|[14]|parts|List<String>|true|false
02:50:24.0 (61733582)|HEAP_ALLOCATE|[EXTERNAL]|Bytes:36
02:50:24.0 (61742560)|VARIABLE_ASSIGNMENT|[14]|parts|"List of size 8 too large to display"|0x26aabdeb
02:50:24.0 (61748666)|STATEMENT_EXECUTE|[15]
02:50:24.0 (61752768)|VARIABLE_SCOPE_BEGIN|[15]|i|Integer|false|false
02:50:24.0 (61759537)|HEAP_ALLOCATE|[15]|Bytes:4
02:50:24.0 (61764504)|VARIABLE_ASSIGNMENT|[15]|i|0
02:50:24.0 (61793690)|STATEMENT_EXECUTE|[15]
02:50:24.0 (61795244)|STATEMENT_EXECUTE|[16]
02:50:24.0 (61804053)|HEAP_ALLOCATE|[16]|Bytes:18
02:50:24.0 (61809496)|HEAP_ALLOCATE|[16]|Bytes:5
02:50:24.0 (61846618)|HEAP_ALLOCATE|[16]|Bytes:15
02:50:24.0 (61857014)|SYSTEM_METHOD_ENTRY|[1]|EncodingUtil.EncodingUtil()
02:50:24.0 (61860023)|STATEMENT_EXECUTE|[1]
02:50:24.0 (61866761)|SYSTEM_METHOD_EXIT|[1]|EncodingUtil
02:50:24.0 (61878152)|METHOD_ENTRY|[16]||System.EncodingUtil.urlDecode(String, String)
02:50:24.0 (61928511)|METHOD_EXIT|[16]||System.EncodingUtil.urlDecode(String, String)
02:50:24.0 (61938082)|HEAP_ALLOCATE|[17]|Bytes:13
02:50:24.0 (61945902)|METHOD_ENTRY|[17]||System.EncodingUtil.urlDecode(String, String)
02:50:24.0 (61969437)|METHOD_EXIT|[17]||System.EncodingUtil.urlDecode(String, String)
02:50:24.0 (61993457)|HEAP_ALLOCATE|[EXTERNAL]|Bytes:4
02:50:24.0 (62001211)|HEAP_ALLOCATE|[15]|Bytes:4
02:50:24.0 (62009266)|VARIABLE_ASSIGNMENT|[15]|i|1
02:50:24.0 (62021079)|STATEMENT_EXECUTE|[15]
02:50:24.0 (62022333)|STATEMENT_EXECUTE|[16]
02:50:24.0 (62026645)|HEAP_ALLOCATE|[16]|Bytes:18
02:50:24.0 (62032597)|METHOD_ENTRY|[16]||System.EncodingUtil.urlDecode(String, String)
02:50:24.0 (62050143)|METHOD_EXIT|[16]||System.EncodingUtil.urlDecode(String, String)
02:50:24.0 (62055116)|HEAP_ALLOCATE|[17]|Bytes:9
02:50:24.0 (62059553)|METHOD_ENTRY|[17]||System.EncodingUtil.urlDecode(String, String)
02:50:24.0 (62072671)|METHOD_EXIT|[17]||System.EncodingUtil.urlDecode(String, String)
02:50:24.0 (62080905)|HEAP_ALLOCATE|[EXTERNAL]|Bytes:4
02:50:24.0 (62085890)|HEAP_ALLOCATE|[15]|Bytes:4
02:50:24.0 (62090717)|VARIABLE_ASSIGNMENT|[15]|i|2
02:50:24.0 (62099686)|STATEMENT_EXECUTE|[15]
02:50:24.0 (62100784)|STATEMENT_EXECUTE|[16]
02:50:24.0 (62103919)|HEAP_ALLOCATE|[16]|Bytes:18
02:50:24.0 (62109011)|METHOD_ENTRY|[16]||System.EncodingUtil.urlDecode(String, String)
02:50:24.0 (62123969)|METHOD_EXIT|[16]||System.EncodingUtil.urlDecode(String, String)
02:50:24.0 (62128704)|HEAP_ALLOCATE|[17]|Bytes:5
02:50:24.0 (62133020)|METHOD_ENTRY|[17]||System.EncodingUtil.urlDecode(String, String)
02:50:24.0 (62145803)|METHOD_EXIT|[17]||System.EncodingUtil.urlDecode(String, String)
02:50:24.0 (62153124)|HEAP_ALLOCATE|[EXTERNAL]|Bytes:4
02:50:24.0 (62157288)|HEAP_ALLOCATE|[15]|Bytes:4
02:50:24.0 (62161700)|VARIABLE_ASSIGNMENT|[15]|i|3
02:50:24.0 (62170234)|STATEMENT_EXECUTE|[15]
02:50:24.0 (62171285)|STATEMENT_EXECUTE|[16]
02:50:24.0 (62174418)|HEAP_ALLOCATE|[16]|Bytes:18
02:50:24.0 (62179422)|METHOD_ENTRY|[16]||System.EncodingUtil.urlDecode(String, String)
02:50:24.0 (62193811)|METHOD_EXIT|[16]||System.EncodingUtil.urlDecode(String, String)
02:50:24.0 (62198055)|HEAP_ALLOCATE|[17]|Bytes:7
02:50:24.0 (62202218)|METHOD_ENTRY|[17]||System.EncodingUtil.urlDecode(String, String)
02:50:24.0 (62214863)|METHOD_EXIT|[17]||System.EncodingUtil.urlDecode(String, String)
02:50:24.0 (62221432)|HEAP_ALLOCATE|[EXTERNAL]|Bytes:4
02:50:24.0 (62225713)|HEAP_ALLOCATE|[15]|Bytes:4
02:50:24.0 (62229614)|VARIABLE_ASSIGNMENT|[15]|i|4
02:50:24.0 (62244738)|METHOD_EXIT|[25]|01p7F00000Ehg8E|MultiselectController.setOptions(List<System.SelectOption>, String)
02:50:24.0 (62250548)|SYSTEM_MODE_EXIT|false
02:50:24.0 (62310569)|SYSTEM_MODE_ENTER|true
02:50:24.0 (62353857)|HEAP_ALLOCATE|[EXTERNAL]|Bytes:20
02:50:24.0 (62359568)|HEAP_ALLOCATE|[EXTERNAL]|Bytes:58
02:50:24.0 (62386151)|VARIABLE_ASSIGNMENT|[EXTERNAL]|this|{"leftOptions":"0x50a537f3","leftOptionsHidden":"0057F000000TpdFQAS&M (93 more) ...","rightOptions":"0x1bcc77a"}|0x1f19ca2f
02:50:24.0 (62396205)|VARIABLE_ASSIGNMENT|[EXTERNAL]|value|"0057F000000TrBBQA0&S (38 more) ..."
02:50:24.0 (62410827)|SYSTEM_MODE_ENTER|false
02:50:24.0 (62417162)|HEAP_ALLOCATE|[32]|Bytes:5
02:50:24.0 (62421477)|STATEMENT_EXECUTE|[31]
02:50:24.0 (62422727)|STATEMENT_EXECUTE|[32]
02:50:24.0 (62431567)|VARIABLE_ASSIGNMENT|[32]|this.rightOptionsHidden|"0057F000000TrBBQA0&S (38 more) ..."|0x1f19ca2f
02:50:24.0 (62436533)|STATEMENT_EXECUTE|[33]
02:50:24.0 (62472463)|VARIABLE_ASSIGNMENT|[EXTERNAL]|this|{"leftOptions":"0x50a537f3","leftOptionsHidden":"0057F000000TpdFQAS&M (93 more) ...","rightOptions":"0x1bcc77a","rightOptionsHidden":"0057F000000TrBBQA0&S (38 more) ..."}|0x1f19ca2f
02:50:24.0 (62490865)|METHOD_ENTRY|[33]|01p7F00000Ehg8E|MultiselectController.setOptions(List<System.SelectOption>, String)
02:50:24.0 (62496123)|VARIABLE_SCOPE_BEGIN|[12]|this|MultiselectController|true|false
02:50:24.0 (62512603)|VARIABLE_ASSIGNMENT|[12]|this|{"leftOptions":"0x50a537f3","leftOptionsHidden":"0057F000000TpdFQAS&M (93 more) ...","rightOptions":"0x1bcc77a","rightOptionsHidden":"0057F000000TrBBQA0&S (38 more) ..."}|0x1f19ca2f
02:50:24.0 (62518549)|VARIABLE_SCOPE_BEGIN|[12]|options|List<System.SelectOption>|true|false
02:50:24.0 (62526313)|VARIABLE_ASSIGNMENT|[12]|options|[]|0x1bcc77a
02:50:24.0 (62530364)|VARIABLE_SCOPE_BEGIN|[12]|value|String|false|false
02:50:24.0 (62536666)|VARIABLE_ASSIGNMENT|[12]|value|"0057F000000TrBBQA0&S (38 more) ..."
02:50:24.0 (62551373)|HEAP_ALLOCATE|[13]|Bytes:5
02:50:24.0 (62555497)|STATEMENT_EXECUTE|[12]
02:50:24.0 (62556649)|STATEMENT_EXECUTE|[13]
02:50:24.0 (62565734)|STATEMENT_EXECUTE|[14]
02:50:24.0 (62589139)|HEAP_ALLOCATE|[14]|Bytes:18
02:50:24.0 (62593140)|HEAP_ALLOCATE|[14]|Bytes:8
02:50:24.0 (62595420)|HEAP_ALLOCATE|[14]|Bytes:18
02:50:24.0 (62597939)|HEAP_ALLOCATE|[14]|Bytes:11
02:50:24.0 (62600621)|HEAP_ALLOCATE|[14]|Bytes:20
02:50:24.0 (62611333)|VARIABLE_SCOPE_BEGIN|[14]|parts|List<String>|true|false
02:50:24.0 (62632439)|HEAP_ALLOCATE|[EXTERNAL]|Bytes:20
02:50:24.0 (62643140)|VARIABLE_ASSIGNMENT|[14]|parts|["0057F000000TrBBQA0","Santhosh","0057F000000TrBGQA0","Ravi%20teja"]|0x66d62906
02:50:24.0 (62648635)|STATEMENT_EXECUTE|[15]
02:50:24.0 (62651693)|VARIABLE_SCOPE_BEGIN|[15]|i|Integer|false|false
02:50:24.0 (62657495)|HEAP_ALLOCATE|[15]|Bytes:4
02:50:24.0 (62662298)|VARIABLE_ASSIGNMENT|[15]|i|0
02:50:24.0 (62678604)|STATEMENT_EXECUTE|[15]
02:50:24.0 (62679813)|STATEMENT_EXECUTE|[16]
02:50:24.0 (62684552)|HEAP_ALLOCATE|[16]|Bytes:18
02:50:24.0 (62692615)|METHOD_ENTRY|[16]||System.EncodingUtil.urlDecode(String, String)
02:50:24.0 (62713517)|METHOD_EXIT|[16]||System.EncodingUtil.urlDecode(String, String)
02:50:24.0 (62719119)|HEAP_ALLOCATE|[17]|Bytes:8
02:50:24.0 (62723816)|METHOD_ENTRY|[17]||System.EncodingUtil.urlDecode(String, String)
02:50:24.0 (62738309)|METHOD_EXIT|[17]||System.EncodingUtil.urlDecode(String, String)
02:50:24.0 (62748555)|HEAP_ALLOCATE|[EXTERNAL]|Bytes:4
02:50:24.0 (62754098)|HEAP_ALLOCATE|[15]|Bytes:4
02:50:24.0 (62758986)|VARIABLE_ASSIGNMENT|[15]|i|1
02:50:24.0 (62767859)|STATEMENT_EXECUTE|[15]
02:50:24.0 (62768876)|STATEMENT_EXECUTE|[16]
02:50:24.0 (62772172)|HEAP_ALLOCATE|[16]|Bytes:18
02:50:24.0 (62777378)|METHOD_ENTRY|[16]||System.EncodingUtil.urlDecode(String, String)
02:50:24.0 (62792410)|METHOD_EXIT|[16]||System.EncodingUtil.urlDecode(String, String)
02:50:24.0 (62797208)|HEAP_ALLOCATE|[17]|Bytes:11
02:50:24.0 (62801534)|METHOD_ENTRY|[17]||System.EncodingUtil.urlDecode(String, String)
02:50:24.0 (62816932)|METHOD_EXIT|[17]||System.EncodingUtil.urlDecode(String, String)
02:50:24.0 (62824759)|HEAP_ALLOCATE|[EXTERNAL]|Bytes:4
02:50:24.0 (62829569)|HEAP_ALLOCATE|[15]|Bytes:4
02:50:24.0 (62834803)|VARIABLE_ASSIGNMENT|[15]|i|2
02:50:24.0 (62848394)|METHOD_EXIT|[33]|01p7F00000Ehg8E|MultiselectController.setOptions(List<System.SelectOption>, String)
02:50:24.0 (62857781)|SYSTEM_MODE_EXIT|false
02:50:24.0 (62967278)|SYSTEM_MODE_ENTER|true
02:50:24.0 (63007924)|HEAP_ALLOCATE|[EXTERNAL]|Bytes:20
02:50:24.0 (63014081)|HEAP_ALLOCATE|[EXTERNAL]|Bytes:20
02:50:24.0 (63131604)|VARIABLE_ASSIGNMENT|[EXTERNAL]|this.leftOptions|"common.apex.runtime.impl.ScalarList@ea80fbd6"|0x1f19ca2f
02:50:24.0 (63222165)|SYSTEM_MODE_ENTER|true
02:50:24.0 (63255963)|HEAP_ALLOCATE|[EXTERNAL]|Bytes:12
02:50:24.0 (63260951)|HEAP_ALLOCATE|[EXTERNAL]|Bytes:20
02:50:24.0 (63328973)|VARIABLE_ASSIGNMENT|[EXTERNAL]|this.rightOptions|"common.apex.runtime.impl.ScalarList@90f03246"|0x1f19ca2f
02:50:24.63 (63504968)|HEAP_ALLOCATE|[EXTERNAL]|Bytes:-4
02:50:24.63 (63616805)|HEAP_ALLOCATE|[EXTERNAL]|Bytes:-4
02:50:24.63 (63722856)|HEAP_ALLOCATE|[EXTERNAL]|Bytes:-4
02:50:24.63 (63812055)|HEAP_ALLOCATE|[EXTERNAL]|Bytes:-4
02:50:24.63 (63897685)|HEAP_ALLOCATE|[EXTERNAL]|Bytes:-4
02:50:24.63 (63983128)|HEAP_ALLOCATE|[EXTERNAL]|Bytes:-4
02:50:24.64 (64076659)|HEAP_ALLOCATE|[EXTERNAL]|Bytes:-4
02:50:24.0 (64461831)|HEAP_ALLOCATE|[EXTERNAL]|Bytes:24
02:50:24.0 (64475165)|VARIABLE_SCOPE_BEGIN|[24]|this|Project_PM_Controller|true|false
02:50:24.0 (64643193)|VARIABLE_ASSIGNMENT|[24]|this|{"controller":"StandardController [[Project__c (Client__c:a047F000002zkUjQAI, Company_project_code__c:654, Name:321, Units__c:false, Nodes__c:false, Footage__c:false, Miles__c:false, Jobs__c:false, Hours__c:false, Production__c:100)]]","project":"0x172c648f","saveAndNew":1,"selectedUsers":"0x1bcc77a","usersList":"0x50a537f3"}|0x77b06c7c
02:50:24.0 (64687503)|SYSTEM_MODE_ENTER|false
02:50:24.0 (64699998)|HEAP_ALLOCATE|[25]|Bytes:5
02:50:24.0 (64708103)|STATEMENT_EXECUTE|[24]
02:50:24.0 (64710216)|STATEMENT_EXECUTE|[25]
02:50:24.0 (64749878)|HEAP_ALLOCATE|[25]|Bytes:4
02:50:24.0 (64902040)|VARIABLE_SCOPE_BEGIN|[25]|newProject|Project__c|true|false
02:50:24.0 (64929035)|VARIABLE_ASSIGNMENT|[25]|newProject|{}|0x4f3b2027
02:50:24.0 (64939050)|STATEMENT_EXECUTE|[26]
02:50:24.0 (65049751)|VARIABLE_ASSIGNMENT|[26]|this.Client__c|"a047F000002zkUjQAI"|0x4f3b2027
02:50:24.0 (65062475)|STATEMENT_EXECUTE|[27]
02:50:24.0 (65108310)|VARIABLE_ASSIGNMENT|[27]|this.End_Customer__c|null|0x4f3b2027
02:50:24.0 (65119151)|STATEMENT_EXECUTE|[28]
02:50:24.0 (65159704)|VARIABLE_ASSIGNMENT|[28]|this.Operation_Region__c|null|0x4f3b2027
02:50:24.0 (65169749)|STATEMENT_EXECUTE|[29]
02:50:24.0 (65205564)|VARIABLE_ASSIGNMENT|[29]|this.Work_Region__c|null|0x4f3b2027
02:50:24.0 (65215087)|STATEMENT_EXECUTE|[30]
02:50:24.0 (65249105)|VARIABLE_ASSIGNMENT|[30]|this.Client_Project_Manager__c|null|0x4f3b2027
02:50:24.0 (65259076)|STATEMENT_EXECUTE|[31]
02:50:24.0 (65292459)|VARIABLE_ASSIGNMENT|[31]|this.Project_code__c|null|0x4f3b2027
02:50:24.0 (65301991)|STATEMENT_EXECUTE|[32]
02:50:24.0 (65346204)|VARIABLE_ASSIGNMENT|[32]|this.Company_project_code__c|"654"|0x4f3b2027
02:50:24.0 (65356626)|STATEMENT_EXECUTE|[33]
02:50:24.0 (65411013)|VARIABLE_ASSIGNMENT|[33]|this.Name|"321"|0x4f3b2027
02:50:24.0 (65421400)|STATEMENT_EXECUTE|[34]
02:50:24.0 (65461445)|VARIABLE_ASSIGNMENT|[34]|this.Project_Scope__c|null|0x4f3b2027
02:50:24.0 (65471130)|STATEMENT_EXECUTE|[35]
02:50:24.0 (65504283)|VARIABLE_ASSIGNMENT|[35]|this.Cost_Centre__c|null|0x4f3b2027
02:50:24.0 (65514514)|STATEMENT_EXECUTE|[36]
02:50:24.0 (65569523)|VARIABLE_ASSIGNMENT|[36]|this.OffshoreProjectManager__c|null|0x4f3b2027
02:50:24.0 (65580725)|STATEMENT_EXECUTE|[37]
02:50:24.0 (65634548)|VARIABLE_ASSIGNMENT|[37]|this.Team_Lead__c|null|0x4f3b2027
02:50:24.0 (65645459)|STATEMENT_EXECUTE|[38]
02:50:24.0 (65690311)|VARIABLE_ASSIGNMENT|[38]|this.Project_Start_Date__c|null|0x4f3b2027
02:50:24.0 (65700712)|STATEMENT_EXECUTE|[39]
02:50:24.0 (65732858)|VARIABLE_ASSIGNMENT|[39]|this.Project_End_Date__c|null|0x4f3b2027
02:50:24.0 (65742234)|STATEMENT_EXECUTE|[40]
02:50:24.0 (65792971)|VARIABLE_ASSIGNMENT|[40]|this.Units__c|false|0x4f3b2027
02:50:24.0 (65803731)|STATEMENT_EXECUTE|[41]
02:50:24.0 (65853124)|VARIABLE_ASSIGNMENT|[41]|this.Nodes__c|false|0x4f3b2027
02:50:24.0 (65863819)|STATEMENT_EXECUTE|[42]
02:50:24.0 (65917898)|VARIABLE_ASSIGNMENT|[42]|this.Footage__c|false|0x4f3b2027
02:50:24.0 (65928171)|STATEMENT_EXECUTE|[43]
02:50:24.0 (65968177)|VARIABLE_ASSIGNMENT|[43]|this.Miles__c|false|0x4f3b2027
02:50:24.0 (65974388)|STATEMENT_EXECUTE|[44]
02:50:24.0 (65998965)|VARIABLE_ASSIGNMENT|[44]|this.Jobs__c|false|0x4f3b2027
02:50:24.0 (66004292)|STATEMENT_EXECUTE|[45]
02:50:24.0 (66027362)|VARIABLE_ASSIGNMENT|[45]|this.Hours__c|false|0x4f3b2027
02:50:24.0 (66032524)|STATEMENT_EXECUTE|[46]
02:50:24.0 (66058281)|HEAP_ALLOCATE|[46]|Bytes:28
02:50:24.0 (66086833)|VARIABLE_ASSIGNMENT|[46]|this.Production__c|100|0x4f3b2027
02:50:24.0 (66092474)|STATEMENT_EXECUTE|[47]
02:50:24.0 (66113433)|VARIABLE_ASSIGNMENT|[47]|this.QC__c|null|0x4f3b2027
02:50:24.0 (66118548)|STATEMENT_EXECUTE|[48]
02:50:24.0 (66136714)|VARIABLE_ASSIGNMENT|[48]|this.QA__c|null|0x4f3b2027
02:50:24.0 (66141298)|STATEMENT_EXECUTE|[49]
02:50:24.0 (66159864)|VARIABLE_ASSIGNMENT|[49]|this.Delivery__c|null|0x4f3b2027
02:50:24.0 (66164459)|STATEMENT_EXECUTE|[51]
02:50:24.0 (66167748)|HEAP_ALLOCATE|[51]|Bytes:2
02:50:24.0 (66192873)|VARIABLE_ASSIGNMENT|[51]|this.Team__c|"  "|0x4f3b2027
02:50:24.0 (66344680)|VARIABLE_ASSIGNMENT|[EXTERNAL]|this|{"controller":"StandardController [[Project__c (Client__c:a047F000002zkUjQAI, Company_project_code__c:654, Name:321, Units__c:false, Nodes__c:false, Footage__c:false, Miles__c:false, Jobs__c:false, Hours__c:false, Production__c:100)]]","project":"0x172c648f","saveAndNew":1,"selectedUsers":"0x1bcc77a","usersList":"0x50a537f3"}|0x77b06c7c
02:50:24.0 (66405462)|HEAP_ALLOCATE|[52]|Bytes:5
02:50:24.0 (66426827)|HEAP_ALLOCATE|[52]|Bytes:26
02:50:24.0 (66437140)|VARIABLE_SCOPE_BEGIN|[52]|sc|System.SelectOption|true|false
02:50:24.0 (66525797)|VARIABLE_ASSIGNMENT|[52]|sc|"common.apex.runtime.impl.ApexSelectOptionValue@23b15e9"|0xe939977
02:50:24.0 (66538553)|STATEMENT_EXECUTE|[52]
02:50:24.0 (66540590)|STATEMENT_EXECUTE|[53]
02:50:24.0 (66594327)|HEAP_ALLOCATE|[53]|Bytes:8
02:50:24.0 (66607729)|HEAP_ALLOCATE|[53]|Bytes:2
02:50:24.0 (66622180)|HEAP_ALLOCATE|[53]|Bytes:10
02:50:24.0 (66629668)|HEAP_ALLOCATE|[53]|Bytes:12
02:50:24.0 (66684508)|VARIABLE_ASSIGNMENT|[53]|this.Team__c|"  Santhosh, "|0x4f3b2027
02:50:24.0 (66707552)|HEAP_ALLOCATE|[52]|Bytes:5
02:50:24.0 (66723447)|HEAP_ALLOCATE|[52]|Bytes:27
02:50:24.0 (66732386)|VARIABLE_SCOPE_BEGIN|[52]|sc|System.SelectOption|true|false
02:50:24.0 (66820237)|VARIABLE_ASSIGNMENT|[52]|sc|"common.apex.runtime.impl.ApexSelectOptionValue@4bc8874e"|0x752845f0
02:50:24.0 (66832461)|STATEMENT_EXECUTE|[52]
02:50:24.0 (66834440)|STATEMENT_EXECUTE|[53]
02:50:24.0 (66852305)|HEAP_ALLOCATE|[53]|Bytes:9
02:50:24.0 (66864474)|HEAP_ALLOCATE|[53]|Bytes:11
02:50:24.0 (66870606)|HEAP_ALLOCATE|[53]|Bytes:23
02:50:24.0 (66920400)|VARIABLE_ASSIGNMENT|[53]|this.Team__c|"  Santhosh, Ravi tej (3 more) ..."|0x4f3b2027
02:50:24.0 (66942326)|HEAP_ALLOCATE|[52]|Bytes:5
02:50:24.0 (66956540)|VARIABLE_ASSIGNMENT|[52]|sc|null|
02:50:24.0 (66963320)|STATEMENT_EXECUTE|[55]
02:50:24.0 (67026953)|HEAP_ALLOCATE|[55]|Bytes:21
02:50:24.0 (67082997)|VARIABLE_ASSIGNMENT|[55]|this.Team__c|"  Santhosh, Ravi tej (1 more) ..."|0x4f3b2027
02:50:24.0 (67092841)|STATEMENT_EXECUTE|[57]
02:50:24.0 (67094714)|STATEMENT_EXECUTE|[57]
02:50:24.0 (67096348)|STATEMENT_EXECUTE|[58]
02:50:24.0 (67122270)|HEAP_ALLOCATE|[58]|Bytes:8
02:50:24.0 (67132928)|DML_BEGIN|[58]|Op:Insert|Type:Project__c|Rows:1
02:50:24.0 (67169441)|HEAP_ALLOCATE|[EXTERNAL]|Bytes:8
02:50:24.0 (73727548)|CODE_UNIT_STARTED|[EXTERNAL]|Validation:Project:new
02:50:24.0 (73743728)|VALIDATION_RULE|03d7F0000009D2R|totalpercentage
02:50:24.0 (74279376)|VALIDATION_FORMULA|( IF( ISBLANK(Delivery__c) , 0, Delivery__c)
  +  
IF( ISBLANK(Production__c) , 0, Production__c)
  +
IF( ISBLANK(QC__c) , 0, QC__c)  
 +
IF( ISBLANK(QA__c) , 0, QA__c)
 ) != 100|Delivery__c=null , QC__c=null , QA__c=null , Production__c=100
02:50:24.0 (74297316)|VALIDATION_PASS
02:50:24.0 (74359174)|CODE_UNIT_FINISHED|Validation:Project:new
02:50:24.0 (96535289)|DML_END|[58]
02:50:24.0 (96556227)|STATEMENT_EXECUTE|[64]
02:50:24.0 (96636010)|HEAP_ALLOCATE|[64]|Bytes:4
02:50:24.0 (96718743)|VARIABLE_SCOPE_BEGIN|[64]|pjaList|List<ProjectJobAssociation__c>|true|false
02:50:24.0 (96731950)|HEAP_ALLOCATE|[EXTERNAL]|Bytes:4
02:50:24.0 (96743209)|VARIABLE_ASSIGNMENT|[64]|pjaList|[]|0x329dc4ac
02:50:24.0 (96905083)|VARIABLE_ASSIGNMENT|[EXTERNAL]|this|{"controller":"StandardController [[Project__c (Client__c:a047F000002zkUjQAI, Company_project_code__c:654, Name:321, Units__c:false, Nodes__c:false, Footage__c:false, Miles__c:false, Jobs__c:false, Hours__c:false, Production__c:100)]]","project":"0x172c648f","saveAndNew":1,"selectedUsers":"0x1bcc77a","usersList":"0x50a537f3"}|0x77b06c7c
02:50:24.0 (96949949)|HEAP_ALLOCATE|[65]|Bytes:5
02:50:24.0 (96967858)|HEAP_ALLOCATE|[65]|Bytes:26
02:50:24.0 (96977117)|VARIABLE_SCOPE_BEGIN|[65]|sc|System.SelectOption|true|false
02:50:24.0 (97066007)|VARIABLE_ASSIGNMENT|[65]|sc|"common.apex.runtime.impl.ApexSelectOptionValue@23b15e9"|0xe939977
02:50:24.0 (97076588)|STATEMENT_EXECUTE|[65]
02:50:24.0 (97078064)|STATEMENT_EXECUTE|[66]
02:50:24.0 (97104934)|HEAP_ALLOCATE|[66]|Bytes:4
02:50:24.0 (97203178)|VARIABLE_SCOPE_BEGIN|[66]|pja|ProjectJobAssociation__c|true|false
02:50:24.0 (97227767)|VARIABLE_ASSIGNMENT|[66]|pja|{}|0x1e4a96df
02:50:24.0 (97236293)|STATEMENT_EXECUTE|[67]
02:50:24.0 (98062594)|VARIABLE_ASSIGNMENT|[67]|this.ProjectLink__c|"a057F0000039VqhQAE"|0x1e4a96df
02:50:24.0 (98073533)|STATEMENT_EXECUTE|[68]
02:50:24.0 (98107523)|HEAP_ALLOCATE|[68]|Bytes:18
02:50:24.0 (98142685)|HEAP_ALLOCATE|[68]|Bytes:4
02:50:24.0 (98195866)|VARIABLE_ASSIGNMENT|[68]|this.UserLink__c|"0057F000000TrBBQA0"|0x1e4a96df
02:50:24.0 (98202920)|STATEMENT_EXECUTE|[69]
02:50:24.0 (98245449)|HEAP_ALLOCATE|[EXTERNAL]|Bytes:4
02:50:24.0 (98266975)|HEAP_ALLOCATE|[65]|Bytes:5
02:50:24.0 (98287715)|HEAP_ALLOCATE|[65]|Bytes:27
02:50:24.0 (98301185)|VARIABLE_SCOPE_BEGIN|[65]|sc|System.SelectOption|true|false
02:50:24.0 (98397037)|VARIABLE_ASSIGNMENT|[65]|sc|"common.apex.runtime.impl.ApexSelectOptionValue@4bc8874e"|0x752845f0
02:50:24.0 (98407433)|STATEMENT_EXECUTE|[65]
02:50:24.0 (98408754)|STATEMENT_EXECUTE|[66]
02:50:24.0 (98433792)|HEAP_ALLOCATE|[66]|Bytes:4
02:50:24.0 (98450244)|VARIABLE_SCOPE_BEGIN|[66]|pja|ProjectJobAssociation__c|true|false
02:50:24.0 (98463094)|VARIABLE_ASSIGNMENT|[66]|pja|{}|0x11a45209
02:50:24.0 (98467848)|STATEMENT_EXECUTE|[67]
02:50:24.0 (98511366)|VARIABLE_ASSIGNMENT|[67]|this.ProjectLink__c|"a057F0000039VqhQAE"|0x11a45209
02:50:24.0 (98517648)|STATEMENT_EXECUTE|[68]
02:50:24.0 (98529707)|HEAP_ALLOCATE|[68]|Bytes:18
02:50:24.0 (98539527)|HEAP_ALLOCATE|[68]|Bytes:4
02:50:24.0 (98567374)|VARIABLE_ASSIGNMENT|[68]|this.UserLink__c|"0057F000000TrBGQA0"|0x11a45209
02:50:24.0 (98573349)|STATEMENT_EXECUTE|[69]
02:50:24.0 (98581887)|HEAP_ALLOCATE|[EXTERNAL]|Bytes:4
02:50:24.0 (98597087)|HEAP_ALLOCATE|[65]|Bytes:5
02:50:24.0 (98609750)|VARIABLE_ASSIGNMENT|[65]|sc|null|
02:50:24.0 (98616041)|STATEMENT_EXECUTE|[71]
02:50:24.0 (98660049)|DML_BEGIN|[71]|Op:Insert|Type:ProjectJobAssociation__c|Rows:2
02:50:24.0 (98690352)|HEAP_ALLOCATE|[EXTERNAL]|Bytes:12
02:50:24.0 (121971850)|DML_END|[71]
02:50:24.0 (122046157)|HEAP_ALLOCATE|[EXTERNAL]|Bytes:12
02:50:24.0 (122074677)|STATEMENT_EXECUTE|[73]
02:50:24.0 (122077957)|STATEMENT_EXECUTE|[76]
02:50:24.0 (122088000)|HEAP_ALLOCATE|[76]|Bytes:1
02:50:24.0 (122163534)|HEAP_ALLOCATE|[76]|Bytes:18
02:50:24.0 (122181833)|HEAP_ALLOCATE|[76]|Bytes:19
02:50:24.0 (122217710)|SYSTEM_MODE_EXIT|false
02:50:24.134 (134974639)|CUMULATIVE_LIMIT_USAGE
02:50:24.134 (134974639)|LIMIT_USAGE_FOR_NS|(default)|
  Number of SOQL queries: 1 out of 100
  Number of query rows: 6 out of 50000
  Number of SOSL queries: 0 out of 20
  Number of DML statements: 2 out of 150
  Number of DML rows: 3 out of 10000
  Maximum CPU time: 0 out of 10000
  Maximum heap size: 0 out of 6000000
  Number of callouts: 0 out of 100
  Number of Email Invocations: 0 out of 10
  Number of future calls: 0 out of 50
  Number of queueable jobs added to the queue: 0 out of 50
  Number of Mobile Apex push calls: 0 out of 10

02:50:24.134 (134974639)|CUMULATIVE_LIMIT_USAGE_END

02:50:24.0 (135015498)|CODE_UNIT_FINISHED|VF: /apex/PM_Project_New
02:50:24.0 (135761857)|EXECUTION_FINISHED
