36.0 APEX_CODE,FINEST;APEX_PROFILING,INFO;CALLOUT,INFO;DB,INFO;SYSTEM,DEBUG;VALIDATION,INFO;VISUALFORCE,INFO;WAVE,INFO;WORKFLOW,INFO
00:02:50.0 (329780)|USER_INFO|[EXTERNAL]|0057F000000Tiz6|ksb994@salesforce.com|Pacific Standard Time|GMT-08:00
00:02:50.0 (368536)|EXECUTION_STARTED
00:02:50.0 (372203)|CODE_UNIT_STARTED|[EXTERNAL]|0667F000004uRC1|VF: /apex/PM_Project_Edit
00:02:50.0 (38219513)|SYSTEM_MODE_ENTER|true
00:02:50.0 (38563233)|HEAP_ALLOCATE|[72]|Bytes:3
00:02:50.0 (38600004)|HEAP_ALLOCATE|[77]|Bytes:152
00:02:50.0 (38612954)|HEAP_ALLOCATE|[342]|Bytes:408
00:02:50.0 (38626433)|HEAP_ALLOCATE|[355]|Bytes:408
00:02:50.0 (38639092)|HEAP_ALLOCATE|[467]|Bytes:48
00:02:50.0 (38664350)|HEAP_ALLOCATE|[139]|Bytes:6
00:02:50.0 (38677820)|HEAP_ALLOCATE|[EXTERNAL]|Bytes:144
00:02:50.0 (38682740)|HEAP_ALLOCATE|[EXTERNAL]|Bytes:20
00:02:50.0 (38686698)|HEAP_ALLOCATE|[EXTERNAL]|Bytes:11
00:02:50.0 (38706141)|METHOD_ENTRY|[1]|01p7F00000Ehro9|PM_Project_Edit_Controller.PM_Project_Edit_Controller()
00:02:50.0 (38711920)|STATEMENT_EXECUTE|[1]
00:02:50.0 (38715459)|STATEMENT_EXECUTE|[1]
00:02:50.0 (38744377)|HEAP_ALLOCATE|[50]|Bytes:5
00:02:50.0 (38766201)|HEAP_ALLOCATE|[56]|Bytes:5
00:02:50.0 (38773316)|HEAP_ALLOCATE|[64]|Bytes:7
00:02:50.0 (38794939)|SYSTEM_MODE_ENTER|false
00:02:50.0 (38807631)|HEAP_ALLOCATE|[EXTERNAL]|Bytes:5
00:02:50.0 (38814943)|SYSTEM_MODE_EXIT|false
00:02:50.0 (38821445)|METHOD_EXIT|[1]|PM_Project_Edit_Controller
00:02:50.0 (38859257)|HEAP_ALLOCATE|[EXTERNAL]|Bytes:24
00:02:50.0 (38978691)|VARIABLE_SCOPE_BEGIN|[10]|this|PM_Project_Edit_Controller|true|false
00:02:50.0 (39039262)|VARIABLE_ASSIGNMENT|[10]|this|{}|0x662d3d4b
00:02:50.0 (39048114)|VARIABLE_SCOPE_BEGIN|[10]|stdController|ApexPages.StandardController|true|false
00:02:50.0 (39222954)|VARIABLE_ASSIGNMENT|[10]|stdController|"StandardController [null]"|0x31154d16
00:02:50.0 (39245236)|SYSTEM_MODE_ENTER|false
00:02:50.0 (39252786)|HEAP_ALLOCATE|[7]|Bytes:5
00:02:50.0 (39258494)|STATEMENT_EXECUTE|[1]
00:02:50.0 (39264088)|HEAP_ALLOCATE|[7]|Bytes:5
00:02:50.0 (39267455)|STATEMENT_EXECUTE|[3]
00:02:50.0 (39268724)|STATEMENT_EXECUTE|[4]
00:02:50.0 (39269553)|STATEMENT_EXECUTE|[6]
00:02:50.0 (39270384)|STATEMENT_EXECUTE|[7]
00:02:50.0 (39285590)|HEAP_ALLOCATE|[7]|Bytes:4
00:02:50.0 (39369515)|HEAP_ALLOCATE|[EXTERNAL]|Bytes:4
00:02:50.0 (39382469)|VARIABLE_ASSIGNMENT|[7]|this.usersList|[]|0x662d3d4b
00:02:50.0 (39388157)|STATEMENT_EXECUTE|[8]
00:02:50.0 (39390989)|HEAP_ALLOCATE|[8]|Bytes:1
00:02:50.0 (39400024)|VARIABLE_ASSIGNMENT|[8]|this.nonSelectedUserId|"("|0x662d3d4b
00:02:50.0 (39411673)|HEAP_ALLOCATE|[8]|Bytes:6
00:02:50.0 (39443777)|STATEMENT_EXECUTE|[10]
00:02:50.0 (39445315)|STATEMENT_EXECUTE|[11]
00:02:50.0 (39555310)|HEAP_ALLOCATE|[11]|Bytes:4
00:02:50.0 (39601939)|VARIABLE_ASSIGNMENT|[EXTERNAL]|this|{"nonSelectedUserId":"(","usersList":"0x848dae7"}|0x662d3d4b
00:02:50.0 (39614186)|VARIABLE_ASSIGNMENT|[EXTERNAL]|value|{}|0x1b9b957
00:02:50.0 (39623320)|VARIABLE_ASSIGNMENT|[3]|this.mysObject|{}|0x662d3d4b
00:02:50.0 (39631713)|STATEMENT_EXECUTE|[12]
00:02:50.0 (39663870)|HEAP_ALLOCATE|[12]|Bytes:43
00:02:50.0 (39696836)|HEAP_ALLOCATE|[12]|Bytes:18
00:02:50.0 (39718250)|HEAP_ALLOCATE|[12]|Bytes:3
00:02:50.0 (39747679)|HEAP_ALLOCATE|[12]|Bytes:4
00:02:50.0 (39753188)|VARIABLE_SCOPE_BEGIN|[12]|pid|Id|false|false
00:02:50.0 (39820339)|VARIABLE_ASSIGNMENT|[12]|pid|"a057F000002dVv5QAE"
00:02:50.0 (39826993)|STATEMENT_EXECUTE|[16]
00:02:50.0 (39829806)|HEAP_ALLOCATE|[16]|Bytes:7
00:02:50.0 (39834117)|HEAP_ALLOCATE|[16]|Bytes:10
00:02:50.0 (39847439)|METHOD_ENTRY|[16]|01p7F00000Ehro9|PM_Project_Edit_Controller.getAllFields(String)
00:02:50.0 (39936159)|VARIABLE_SCOPE_BEGIN|[50]|sobjectname|String|false|false
00:02:50.0 (39945977)|VARIABLE_ASSIGNMENT|[50]|sobjectname|"Project__c"
00:02:50.0 (39963617)|HEAP_ALLOCATE|[51]|Bytes:5
00:02:50.0 (39968007)|STATEMENT_EXECUTE|[50]
00:02:50.0 (59346035)|HEAP_ALLOCATE|[51]|Bytes:1468
00:02:50.0 (59411858)|STATEMENT_EXECUTE|[51]
00:02:50.0 (59414612)|STATEMENT_EXECUTE|[54]
00:02:50.0 (65254899)|HEAP_ALLOCATE|[54]|Bytes:1468
00:02:50.0 (65500270)|HEAP_ALLOCATE|[54]|Bytes:4
00:02:50.0 (65550612)|HEAP_ALLOCATE|[54]|Bytes:4
00:02:50.0 (65851794)|HEAP_ALLOCATE|[54]|Bytes:148
00:02:50.0 (65865250)|VARIABLE_SCOPE_BEGIN|[54]|fields|Map<String,Schema.SObjectField>|true|false
00:02:50.0 (66107403)|VARIABLE_ASSIGNMENT|[54]|fields|"{client__c=Client__c, client_project_manager__c=Client_Project_Manager__c, company_project_code__c=Company_project_code__c, cost_centre__c=Cost_Centre__c, createdbyid=CreatedById, createddate=CreatedDate, delivery__c=Delivery__c, end_customer__c=End_Customer__c, footage__c=Footage__c, hours__c=Hours__c, ...}"|0x220c6ddb
00:02:50.0 (66122108)|STATEMENT_EXECUTE|[55]
00:02:50.0 (66140962)|HEAP_ALLOCATE|[55]|Bytes:4
00:02:50.0 (66183082)|VARIABLE_SCOPE_BEGIN|[55]|accessiblefields|List<String>|true|false
00:02:50.0 (66214979)|HEAP_ALLOCATE|[EXTERNAL]|Bytes:4
00:02:50.0 (66227792)|VARIABLE_ASSIGNMENT|[55]|accessiblefields|[]|0x5baf8aee
00:02:50.0 (66285664)|HEAP_ALLOCATE|[EXTERNAL]|Bytes:148
00:02:50.0 (66304154)|HEAP_ALLOCATE|[56]|Bytes:148
00:02:50.0 (66385846)|HEAP_ALLOCATE|[56]|Bytes:5
00:02:50.0 (66410524)|VARIABLE_SCOPE_BEGIN|[56]|field|Schema.SObjectField|true|false
00:02:50.0 (66482935)|VARIABLE_ASSIGNMENT|[56]|field|"common.apex.runtime.impl.ApexFieldToken@25f139f"|0x25f139f
00:02:50.0 (66490991)|STATEMENT_EXECUTE|[56]
00:02:50.0 (66991158)|HEAP_ALLOCATE|[57]|Bytes:8
00:02:50.0 (67016317)|STATEMENT_EXECUTE|[58]
00:02:50.0 (67053594)|HEAP_ALLOCATE|[58]|Bytes:8
00:02:50.0 (67068703)|HEAP_ALLOCATE|[58]|Bytes:2
00:02:50.0 (67084063)|HEAP_ALLOCATE|[EXTERNAL]|Bytes:4
00:02:50.0 (67099602)|HEAP_ALLOCATE|[56]|Bytes:5
00:02:50.0 (67115539)|VARIABLE_SCOPE_BEGIN|[56]|field|Schema.SObjectField|true|false
00:02:50.0 (67186249)|VARIABLE_ASSIGNMENT|[56]|field|"common.apex.runtime.impl.ApexFieldToken@43fcc4ba"|0x43fcc4ba
00:02:50.0 (67193823)|STATEMENT_EXECUTE|[56]
00:02:50.0 (67334566)|HEAP_ALLOCATE|[57]|Bytes:8
00:02:50.0 (67347551)|STATEMENT_EXECUTE|[58]
00:02:50.0 (67362795)|HEAP_ALLOCATE|[58]|Bytes:8
00:02:50.0 (67371190)|HEAP_ALLOCATE|[58]|Bytes:7
00:02:50.0 (67380101)|HEAP_ALLOCATE|[EXTERNAL]|Bytes:4
00:02:50.0 (67391866)|HEAP_ALLOCATE|[56]|Bytes:5
00:02:50.0 (67405748)|VARIABLE_SCOPE_BEGIN|[56]|field|Schema.SObjectField|true|false
00:02:50.0 (67469924)|VARIABLE_ASSIGNMENT|[56]|field|"common.apex.runtime.impl.ApexFieldToken@6423ded1"|0x6423ded1
00:02:50.0 (67477185)|STATEMENT_EXECUTE|[56]
00:02:50.0 (67563356)|HEAP_ALLOCATE|[57]|Bytes:8
00:02:50.0 (67575336)|STATEMENT_EXECUTE|[58]
00:02:50.0 (67589535)|HEAP_ALLOCATE|[58]|Bytes:8
00:02:50.0 (67597482)|HEAP_ALLOCATE|[58]|Bytes:9
00:02:50.0 (67605525)|HEAP_ALLOCATE|[EXTERNAL]|Bytes:4
00:02:50.0 (67616272)|HEAP_ALLOCATE|[56]|Bytes:5
00:02:50.0 (67628514)|VARIABLE_SCOPE_BEGIN|[56]|field|Schema.SObjectField|true|false
00:02:50.0 (67691122)|VARIABLE_ASSIGNMENT|[56]|field|"common.apex.runtime.impl.ApexFieldToken@5b43f3b5"|0x5b43f3b5
00:02:50.0 (67698713)|STATEMENT_EXECUTE|[56]
00:02:50.0 (67794719)|HEAP_ALLOCATE|[57]|Bytes:8
00:02:50.0 (67806467)|STATEMENT_EXECUTE|[58]
00:02:50.0 (67822036)|HEAP_ALLOCATE|[58]|Bytes:8
00:02:50.0 (67833876)|HEAP_ALLOCATE|[58]|Bytes:4
00:02:50.0 (67845076)|HEAP_ALLOCATE|[EXTERNAL]|Bytes:4
00:02:50.0 (67859309)|HEAP_ALLOCATE|[56]|Bytes:5
00:02:50.0 (67877415)|VARIABLE_SCOPE_BEGIN|[56]|field|Schema.SObjectField|true|false
00:02:50.0 (67940780)|VARIABLE_ASSIGNMENT|[56]|field|"common.apex.runtime.impl.ApexFieldToken@217ac0a9"|0x217ac0a9
00:02:50.0 (67949485)|STATEMENT_EXECUTE|[56]
00:02:50.0 (68048526)|HEAP_ALLOCATE|[57]|Bytes:8
00:02:50.0 (68060527)|STATEMENT_EXECUTE|[58]
00:02:50.0 (68075695)|HEAP_ALLOCATE|[58]|Bytes:8
00:02:50.0 (68084728)|HEAP_ALLOCATE|[58]|Bytes:11
00:02:50.0 (68093368)|HEAP_ALLOCATE|[EXTERNAL]|Bytes:4
00:02:50.0 (68104844)|HEAP_ALLOCATE|[56]|Bytes:5
00:02:50.0 (68117879)|VARIABLE_SCOPE_BEGIN|[56]|field|Schema.SObjectField|true|false
00:02:50.0 (68183375)|VARIABLE_ASSIGNMENT|[56]|field|"common.apex.runtime.impl.ApexFieldToken@4860928"|0x4860928
00:02:50.0 (68190999)|STATEMENT_EXECUTE|[56]
00:02:50.0 (68297169)|HEAP_ALLOCATE|[57]|Bytes:8
00:02:50.0 (68309142)|STATEMENT_EXECUTE|[58]
00:02:50.0 (68324118)|HEAP_ALLOCATE|[58]|Bytes:8
00:02:50.0 (68331848)|HEAP_ALLOCATE|[58]|Bytes:11
00:02:50.0 (68339863)|HEAP_ALLOCATE|[EXTERNAL]|Bytes:4
00:02:50.0 (68351093)|HEAP_ALLOCATE|[56]|Bytes:5
00:02:50.0 (68363208)|VARIABLE_SCOPE_BEGIN|[56]|field|Schema.SObjectField|true|false
00:02:50.0 (68424242)|VARIABLE_ASSIGNMENT|[56]|field|"common.apex.runtime.impl.ApexFieldToken@7ea98a3f"|0x7ea98a3f
00:02:50.0 (68432208)|STATEMENT_EXECUTE|[56]
00:02:50.0 (68523631)|HEAP_ALLOCATE|[57]|Bytes:8
00:02:50.0 (68534743)|STATEMENT_EXECUTE|[58]
00:02:50.0 (68549448)|HEAP_ALLOCATE|[58]|Bytes:8
00:02:50.0 (68557166)|HEAP_ALLOCATE|[58]|Bytes:16
00:02:50.0 (68564976)|HEAP_ALLOCATE|[EXTERNAL]|Bytes:4
00:02:50.0 (68575653)|HEAP_ALLOCATE|[56]|Bytes:5
00:02:50.0 (68588494)|VARIABLE_SCOPE_BEGIN|[56]|field|Schema.SObjectField|true|false
00:02:50.0 (68654710)|VARIABLE_ASSIGNMENT|[56]|field|"common.apex.runtime.impl.ApexFieldToken@3ab31004"|0x3ab31004
00:02:50.0 (68661747)|STATEMENT_EXECUTE|[56]
00:02:50.0 (68759413)|HEAP_ALLOCATE|[57]|Bytes:8
00:02:50.0 (68771071)|STATEMENT_EXECUTE|[58]
00:02:50.0 (68784752)|HEAP_ALLOCATE|[58]|Bytes:8
00:02:50.0 (68791800)|HEAP_ALLOCATE|[58]|Bytes:16
00:02:50.0 (68798835)|HEAP_ALLOCATE|[EXTERNAL]|Bytes:4
00:02:50.0 (68808794)|HEAP_ALLOCATE|[56]|Bytes:5
00:02:50.0 (68821745)|VARIABLE_SCOPE_BEGIN|[56]|field|Schema.SObjectField|true|false
00:02:50.0 (68882388)|VARIABLE_ASSIGNMENT|[56]|field|"common.apex.runtime.impl.ApexFieldToken@4d3be073"|0x4d3be073
00:02:50.0 (68889043)|STATEMENT_EXECUTE|[56]
00:02:50.0 (68965219)|HEAP_ALLOCATE|[57]|Bytes:8
00:02:50.0 (68976509)|STATEMENT_EXECUTE|[58]
00:02:50.0 (68989778)|HEAP_ALLOCATE|[58]|Bytes:8
00:02:50.0 (68998239)|HEAP_ALLOCATE|[58]|Bytes:14
00:02:50.0 (69005349)|HEAP_ALLOCATE|[EXTERNAL]|Bytes:4
00:02:50.0 (69016245)|HEAP_ALLOCATE|[56]|Bytes:5
00:02:50.0 (69028055)|VARIABLE_SCOPE_BEGIN|[56]|field|Schema.SObjectField|true|false
00:02:50.0 (69088251)|VARIABLE_ASSIGNMENT|[56]|field|"common.apex.runtime.impl.ApexFieldToken@79c07fb5"|0x79c07fb5
00:02:50.0 (69095107)|STATEMENT_EXECUTE|[56]
00:02:50.0 (69166729)|HEAP_ALLOCATE|[57]|Bytes:8
00:02:50.0 (69179044)|STATEMENT_EXECUTE|[58]
00:02:50.0 (69193560)|HEAP_ALLOCATE|[58]|Bytes:8
00:02:50.0 (69201414)|HEAP_ALLOCATE|[58]|Bytes:16
00:02:50.0 (69208693)|HEAP_ALLOCATE|[EXTERNAL]|Bytes:4
00:02:50.0 (69219525)|HEAP_ALLOCATE|[56]|Bytes:5
00:02:50.0 (69231367)|VARIABLE_SCOPE_BEGIN|[56]|field|Schema.SObjectField|true|false
00:02:50.0 (69295321)|VARIABLE_ASSIGNMENT|[56]|field|"common.apex.runtime.impl.ApexFieldToken@4b8aeac0"|0x4b8aeac0
00:02:50.0 (69301834)|STATEMENT_EXECUTE|[56]
00:02:50.0 (69375020)|HEAP_ALLOCATE|[57]|Bytes:8
00:02:50.0 (69386175)|STATEMENT_EXECUTE|[58]
00:02:50.0 (69399631)|HEAP_ALLOCATE|[58]|Bytes:8
00:02:50.0 (69406804)|HEAP_ALLOCATE|[58]|Bytes:14
00:02:50.0 (69414292)|HEAP_ALLOCATE|[EXTERNAL]|Bytes:4
00:02:50.0 (69424950)|HEAP_ALLOCATE|[56]|Bytes:5
00:02:50.0 (69436966)|VARIABLE_SCOPE_BEGIN|[56]|field|Schema.SObjectField|true|false
00:02:50.0 (69496085)|VARIABLE_ASSIGNMENT|[56]|field|"common.apex.runtime.impl.ApexFieldToken@691be085"|0x691be085
00:02:50.0 (69503166)|STATEMENT_EXECUTE|[56]
00:02:50.0 (69575144)|HEAP_ALLOCATE|[57]|Bytes:8
00:02:50.0 (69586416)|STATEMENT_EXECUTE|[58]
00:02:50.0 (69600073)|HEAP_ALLOCATE|[58]|Bytes:8
00:02:50.0 (69607384)|HEAP_ALLOCATE|[58]|Bytes:18
00:02:50.0 (69615165)|HEAP_ALLOCATE|[EXTERNAL]|Bytes:4
00:02:50.0 (69625629)|HEAP_ALLOCATE|[56]|Bytes:5
00:02:50.0 (69637688)|VARIABLE_SCOPE_BEGIN|[56]|field|Schema.SObjectField|true|false
00:02:50.0 (69702627)|VARIABLE_ASSIGNMENT|[56]|field|"common.apex.runtime.impl.ApexFieldToken@7b31bdad"|0x7b31bdad
00:02:50.0 (69709739)|STATEMENT_EXECUTE|[56]
00:02:50.0 (70177763)|HEAP_ALLOCATE|[57]|Bytes:8
00:02:50.0 (70194456)|STATEMENT_EXECUTE|[58]
00:02:50.0 (70212738)|HEAP_ALLOCATE|[58]|Bytes:8
00:02:50.0 (70221458)|HEAP_ALLOCATE|[58]|Bytes:9
00:02:50.0 (70229717)|HEAP_ALLOCATE|[EXTERNAL]|Bytes:4
00:02:50.0 (70241592)|HEAP_ALLOCATE|[56]|Bytes:5
00:02:50.0 (70259993)|VARIABLE_SCOPE_BEGIN|[56]|field|Schema.SObjectField|true|false
00:02:50.0 (70332264)|VARIABLE_ASSIGNMENT|[56]|field|"common.apex.runtime.impl.ApexFieldToken@1f648a9"|0x1f648a9
00:02:50.0 (70341621)|STATEMENT_EXECUTE|[56]
00:02:50.0 (70434159)|HEAP_ALLOCATE|[57]|Bytes:8
00:02:50.0 (70445354)|STATEMENT_EXECUTE|[58]
00:02:50.0 (70460036)|HEAP_ALLOCATE|[58]|Bytes:8
00:02:50.0 (70468307)|HEAP_ALLOCATE|[58]|Bytes:15
00:02:50.0 (70476584)|HEAP_ALLOCATE|[EXTERNAL]|Bytes:4
00:02:50.0 (70487514)|HEAP_ALLOCATE|[56]|Bytes:5
00:02:50.0 (70500265)|VARIABLE_SCOPE_BEGIN|[56]|field|Schema.SObjectField|true|false
00:02:50.0 (70562491)|VARIABLE_ASSIGNMENT|[56]|field|"common.apex.runtime.impl.ApexFieldToken@1d367ebd"|0x1d367ebd
00:02:50.0 (70569258)|STATEMENT_EXECUTE|[56]
00:02:50.0 (70652652)|HEAP_ALLOCATE|[57]|Bytes:8
00:02:50.0 (70663344)|STATEMENT_EXECUTE|[58]
00:02:50.0 (70677512)|HEAP_ALLOCATE|[58]|Bytes:8
00:02:50.0 (70685242)|HEAP_ALLOCATE|[58]|Bytes:19
00:02:50.0 (70693546)|HEAP_ALLOCATE|[EXTERNAL]|Bytes:4
00:02:50.0 (70704038)|HEAP_ALLOCATE|[56]|Bytes:5
00:02:50.0 (70724264)|VARIABLE_SCOPE_BEGIN|[56]|field|Schema.SObjectField|true|false
00:02:50.0 (70785461)|VARIABLE_ASSIGNMENT|[56]|field|"common.apex.runtime.impl.ApexFieldToken@2b1faa56"|0x2b1faa56
00:02:50.0 (70792415)|STATEMENT_EXECUTE|[56]
00:02:50.0 (70872063)|HEAP_ALLOCATE|[57]|Bytes:8
00:02:50.0 (70883343)|STATEMENT_EXECUTE|[58]
00:02:50.0 (70896941)|HEAP_ALLOCATE|[58]|Bytes:8
00:02:50.0 (70904274)|HEAP_ALLOCATE|[58]|Bytes:14
00:02:50.0 (70911710)|HEAP_ALLOCATE|[EXTERNAL]|Bytes:4
00:02:50.0 (70922259)|HEAP_ALLOCATE|[56]|Bytes:5
00:02:50.0 (70934023)|VARIABLE_SCOPE_BEGIN|[56]|field|Schema.SObjectField|true|false
00:02:50.0 (70993453)|VARIABLE_ASSIGNMENT|[56]|field|"common.apex.runtime.impl.ApexFieldToken@5db5a64d"|0x5db5a64d
00:02:50.0 (71000766)|STATEMENT_EXECUTE|[56]
00:02:50.0 (71078101)|HEAP_ALLOCATE|[57]|Bytes:8
00:02:50.0 (71088783)|STATEMENT_EXECUTE|[58]
00:02:50.0 (71102677)|HEAP_ALLOCATE|[58]|Bytes:8
00:02:50.0 (71110286)|HEAP_ALLOCATE|[58]|Bytes:25
00:02:50.0 (71117975)|HEAP_ALLOCATE|[EXTERNAL]|Bytes:4
00:02:50.0 (71128489)|HEAP_ALLOCATE|[56]|Bytes:5
00:02:50.0 (71140097)|VARIABLE_SCOPE_BEGIN|[56]|field|Schema.SObjectField|true|false
00:02:50.0 (71203967)|VARIABLE_ASSIGNMENT|[56]|field|"common.apex.runtime.impl.ApexFieldToken@6eb51e52"|0x6eb51e52
00:02:50.0 (71210849)|STATEMENT_EXECUTE|[56]
00:02:50.0 (71291469)|HEAP_ALLOCATE|[57]|Bytes:8
00:02:50.0 (71302677)|STATEMENT_EXECUTE|[58]
00:02:50.0 (71317078)|HEAP_ALLOCATE|[58]|Bytes:8
00:02:50.0 (71325061)|HEAP_ALLOCATE|[58]|Bytes:15
00:02:50.0 (71332591)|HEAP_ALLOCATE|[EXTERNAL]|Bytes:4
00:02:50.0 (71343168)|HEAP_ALLOCATE|[56]|Bytes:5
00:02:50.0 (71354640)|VARIABLE_SCOPE_BEGIN|[56]|field|Schema.SObjectField|true|false
00:02:50.0 (71414840)|VARIABLE_ASSIGNMENT|[56]|field|"common.apex.runtime.impl.ApexFieldToken@40d856af"|0x40d856af
00:02:50.0 (71422115)|STATEMENT_EXECUTE|[56]
00:02:50.0 (71497827)|HEAP_ALLOCATE|[57]|Bytes:8
00:02:50.0 (71508555)|STATEMENT_EXECUTE|[58]
00:02:50.0 (71523471)|HEAP_ALLOCATE|[58]|Bytes:8
00:02:50.0 (71531126)|HEAP_ALLOCATE|[58]|Bytes:23
00:02:50.0 (71538522)|HEAP_ALLOCATE|[EXTERNAL]|Bytes:4
00:02:50.0 (71548706)|HEAP_ALLOCATE|[56]|Bytes:5
00:02:50.0 (71560740)|VARIABLE_SCOPE_BEGIN|[56]|field|Schema.SObjectField|true|false
00:02:50.0 (71619142)|VARIABLE_ASSIGNMENT|[56]|field|"common.apex.runtime.impl.ApexFieldToken@164309f8"|0x164309f8
00:02:50.0 (71625693)|STATEMENT_EXECUTE|[56]
00:02:50.0 (71701540)|HEAP_ALLOCATE|[57]|Bytes:8
00:02:50.0 (71712307)|STATEMENT_EXECUTE|[58]
00:02:50.0 (71727081)|HEAP_ALLOCATE|[58]|Bytes:8
00:02:50.0 (71734508)|HEAP_ALLOCATE|[58]|Bytes:16
00:02:50.0 (71741944)|HEAP_ALLOCATE|[EXTERNAL]|Bytes:4
00:02:50.0 (71752296)|HEAP_ALLOCATE|[56]|Bytes:5
00:02:50.0 (71763500)|VARIABLE_SCOPE_BEGIN|[56]|field|Schema.SObjectField|true|false
00:02:50.0 (71821861)|VARIABLE_ASSIGNMENT|[56]|field|"common.apex.runtime.impl.ApexFieldToken@663452b3"|0x663452b3
00:02:50.0 (71829040)|STATEMENT_EXECUTE|[56]
00:02:50.0 (71903105)|HEAP_ALLOCATE|[57]|Bytes:8
00:02:50.0 (71913719)|STATEMENT_EXECUTE|[58]
00:02:50.0 (71927161)|HEAP_ALLOCATE|[58]|Bytes:8
00:02:50.0 (71934490)|HEAP_ALLOCATE|[58]|Bytes:14
00:02:50.0 (71941888)|HEAP_ALLOCATE|[EXTERNAL]|Bytes:4
00:02:50.0 (71952085)|HEAP_ALLOCATE|[56]|Bytes:5
00:02:50.0 (71962806)|VARIABLE_SCOPE_BEGIN|[56]|field|Schema.SObjectField|true|false
00:02:50.0 (72028534)|VARIABLE_ASSIGNMENT|[56]|field|"common.apex.runtime.impl.ApexFieldToken@203597a9"|0x203597a9
00:02:50.0 (72035496)|STATEMENT_EXECUTE|[56]
00:02:50.0 (72111845)|HEAP_ALLOCATE|[57]|Bytes:8
00:02:50.0 (72123118)|STATEMENT_EXECUTE|[58]
00:02:50.0 (72137026)|HEAP_ALLOCATE|[58]|Bytes:8
00:02:50.0 (72144341)|HEAP_ALLOCATE|[58]|Bytes:13
00:02:50.0 (72152635)|HEAP_ALLOCATE|[EXTERNAL]|Bytes:4
00:02:50.0 (72163099)|HEAP_ALLOCATE|[56]|Bytes:5
00:02:50.0 (72174605)|VARIABLE_SCOPE_BEGIN|[56]|field|Schema.SObjectField|true|false
00:02:50.0 (72235583)|VARIABLE_ASSIGNMENT|[56]|field|"common.apex.runtime.impl.ApexFieldToken@22dad02e"|0x22dad02e
00:02:50.0 (72242326)|STATEMENT_EXECUTE|[56]
00:02:50.0 (72320821)|HEAP_ALLOCATE|[57]|Bytes:8
00:02:50.0 (72331327)|STATEMENT_EXECUTE|[58]
00:02:50.0 (72345906)|HEAP_ALLOCATE|[58]|Bytes:8
00:02:50.0 (72353688)|HEAP_ALLOCATE|[58]|Bytes:5
00:02:50.0 (72361041)|HEAP_ALLOCATE|[EXTERNAL]|Bytes:4
00:02:50.0 (72371612)|HEAP_ALLOCATE|[56]|Bytes:5
00:02:50.0 (72383071)|VARIABLE_SCOPE_BEGIN|[56]|field|Schema.SObjectField|true|false
00:02:50.0 (72442170)|VARIABLE_ASSIGNMENT|[56]|field|"common.apex.runtime.impl.ApexFieldToken@2c580144"|0x2c580144
00:02:50.0 (72448628)|STATEMENT_EXECUTE|[56]
00:02:50.0 (72524416)|HEAP_ALLOCATE|[57]|Bytes:8
00:02:50.0 (72535412)|STATEMENT_EXECUTE|[58]
00:02:50.0 (72550009)|HEAP_ALLOCATE|[58]|Bytes:8
00:02:50.0 (72557888)|HEAP_ALLOCATE|[58]|Bytes:11
00:02:50.0 (72565306)|HEAP_ALLOCATE|[EXTERNAL]|Bytes:4
00:02:50.0 (72576288)|HEAP_ALLOCATE|[56]|Bytes:5
00:02:50.0 (72587496)|VARIABLE_SCOPE_BEGIN|[56]|field|Schema.SObjectField|true|false
00:02:50.0 (72646692)|VARIABLE_ASSIGNMENT|[56]|field|"common.apex.runtime.impl.ApexFieldToken@683d6fb6"|0x683d6fb6
00:02:50.0 (72653012)|STATEMENT_EXECUTE|[56]
00:02:50.0 (72727651)|HEAP_ALLOCATE|[57]|Bytes:8
00:02:50.0 (72738277)|STATEMENT_EXECUTE|[58]
00:02:50.0 (72753104)|HEAP_ALLOCATE|[58]|Bytes:8
00:02:50.0 (72761055)|HEAP_ALLOCATE|[58]|Bytes:5
00:02:50.0 (72768893)|HEAP_ALLOCATE|[EXTERNAL]|Bytes:4
00:02:50.0 (72779815)|HEAP_ALLOCATE|[56]|Bytes:5
00:02:50.0 (72790945)|VARIABLE_SCOPE_BEGIN|[56]|field|Schema.SObjectField|true|false
00:02:50.0 (72849381)|VARIABLE_ASSIGNMENT|[56]|field|"common.apex.runtime.impl.ApexFieldToken@643925c7"|0x643925c7
00:02:50.0 (72855637)|STATEMENT_EXECUTE|[56]
00:02:50.0 (72987598)|HEAP_ALLOCATE|[57]|Bytes:8
00:02:50.0 (72999702)|STATEMENT_EXECUTE|[58]
00:02:50.0 (73015298)|HEAP_ALLOCATE|[58]|Bytes:8
00:02:50.0 (73024563)|HEAP_ALLOCATE|[58]|Bytes:25
00:02:50.0 (73032555)|HEAP_ALLOCATE|[EXTERNAL]|Bytes:4
00:02:50.0 (73043148)|HEAP_ALLOCATE|[56]|Bytes:5
00:02:50.0 (73055490)|VARIABLE_SCOPE_BEGIN|[56]|field|Schema.SObjectField|true|false
00:02:50.0 (73115237)|VARIABLE_ASSIGNMENT|[56]|field|"common.apex.runtime.impl.ApexFieldToken@1016d2ce"|0x1016d2ce
00:02:50.0 (73121336)|STATEMENT_EXECUTE|[56]
00:02:50.0 (73236529)|HEAP_ALLOCATE|[57]|Bytes:8
00:02:50.0 (73251459)|STATEMENT_EXECUTE|[58]
00:02:50.0 (73266472)|HEAP_ALLOCATE|[58]|Bytes:8
00:02:50.0 (73274027)|HEAP_ALLOCATE|[58]|Bytes:12
00:02:50.0 (73281966)|HEAP_ALLOCATE|[EXTERNAL]|Bytes:4
00:02:50.0 (73292746)|HEAP_ALLOCATE|[56]|Bytes:5
00:02:50.0 (73305501)|VARIABLE_SCOPE_BEGIN|[56]|field|Schema.SObjectField|true|false
00:02:50.0 (73367847)|VARIABLE_ASSIGNMENT|[56]|field|"common.apex.runtime.impl.ApexFieldToken@7ca8a3a9"|0x7ca8a3a9
00:02:50.0 (73375004)|STATEMENT_EXECUTE|[56]
00:02:50.0 (73455615)|HEAP_ALLOCATE|[57]|Bytes:8
00:02:50.0 (73468643)|STATEMENT_EXECUTE|[58]
00:02:50.0 (73483823)|HEAP_ALLOCATE|[58]|Bytes:8
00:02:50.0 (73492052)|HEAP_ALLOCATE|[58]|Bytes:21
00:02:50.0 (73499522)|HEAP_ALLOCATE|[EXTERNAL]|Bytes:4
00:02:50.0 (73509927)|HEAP_ALLOCATE|[56]|Bytes:5
00:02:50.0 (73522379)|VARIABLE_SCOPE_BEGIN|[56]|field|Schema.SObjectField|true|false
00:02:50.0 (73586599)|VARIABLE_ASSIGNMENT|[56]|field|"common.apex.runtime.impl.ApexFieldToken@7feb2355"|0x7feb2355
00:02:50.0 (73597315)|STATEMENT_EXECUTE|[56]
00:02:50.0 (73722003)|HEAP_ALLOCATE|[57]|Bytes:8
00:02:50.0 (73739272)|STATEMENT_EXECUTE|[58]
00:02:50.0 (73762732)|HEAP_ALLOCATE|[58]|Bytes:8
00:02:50.0 (73776402)|HEAP_ALLOCATE|[58]|Bytes:19
00:02:50.0 (73788899)|HEAP_ALLOCATE|[EXTERNAL]|Bytes:4
00:02:50.0 (73805690)|HEAP_ALLOCATE|[56]|Bytes:5
00:02:50.0 (73826757)|VARIABLE_SCOPE_BEGIN|[56]|field|Schema.SObjectField|true|false
00:02:50.0 (73900909)|VARIABLE_ASSIGNMENT|[56]|field|"common.apex.runtime.impl.ApexFieldToken@52513672"|0x52513672
00:02:50.0 (73911945)|STATEMENT_EXECUTE|[56]
00:02:50.0 (74017365)|HEAP_ALLOCATE|[57]|Bytes:8
00:02:50.0 (74030626)|STATEMENT_EXECUTE|[58]
00:02:50.0 (74046295)|HEAP_ALLOCATE|[58]|Bytes:8
00:02:50.0 (74054483)|HEAP_ALLOCATE|[58]|Bytes:8
00:02:50.0 (74062796)|HEAP_ALLOCATE|[EXTERNAL]|Bytes:4
00:02:50.0 (74074331)|HEAP_ALLOCATE|[56]|Bytes:5
00:02:50.0 (74087591)|VARIABLE_SCOPE_BEGIN|[56]|field|Schema.SObjectField|true|false
00:02:50.0 (74174697)|VARIABLE_ASSIGNMENT|[56]|field|"common.apex.runtime.impl.ApexFieldToken@74771e54"|0x74771e54
00:02:50.0 (74184859)|STATEMENT_EXECUTE|[56]
00:02:50.0 (74279974)|HEAP_ALLOCATE|[57]|Bytes:8
00:02:50.0 (74291670)|STATEMENT_EXECUTE|[58]
00:02:50.0 (74307398)|HEAP_ALLOCATE|[58]|Bytes:8
00:02:50.0 (74320814)|HEAP_ALLOCATE|[58]|Bytes:8
00:02:50.0 (74328431)|HEAP_ALLOCATE|[EXTERNAL]|Bytes:4
00:02:50.0 (74339440)|HEAP_ALLOCATE|[56]|Bytes:5
00:02:50.0 (74353030)|VARIABLE_SCOPE_BEGIN|[56]|field|Schema.SObjectField|true|false
00:02:50.0 (74415929)|VARIABLE_ASSIGNMENT|[56]|field|"common.apex.runtime.impl.ApexFieldToken@4d7b5e98"|0x4d7b5e98
00:02:50.0 (74423798)|STATEMENT_EXECUTE|[56]
00:02:50.0 (74508161)|HEAP_ALLOCATE|[57]|Bytes:8
00:02:50.0 (74519250)|STATEMENT_EXECUTE|[58]
00:02:50.0 (74533988)|HEAP_ALLOCATE|[58]|Bytes:8
00:02:50.0 (74542365)|HEAP_ALLOCATE|[58]|Bytes:10
00:02:50.0 (74550003)|HEAP_ALLOCATE|[EXTERNAL]|Bytes:4
00:02:50.0 (74560880)|HEAP_ALLOCATE|[56]|Bytes:5
00:02:50.0 (74572923)|VARIABLE_SCOPE_BEGIN|[56]|field|Schema.SObjectField|true|false
00:02:50.0 (74633348)|VARIABLE_ASSIGNMENT|[56]|field|"common.apex.runtime.impl.ApexFieldToken@6b2c2de9"|0x6b2c2de9
00:02:50.0 (74640194)|STATEMENT_EXECUTE|[56]
00:02:50.0 (74715687)|HEAP_ALLOCATE|[57]|Bytes:8
00:02:50.0 (74726305)|STATEMENT_EXECUTE|[58]
00:02:50.0 (74740582)|HEAP_ALLOCATE|[58]|Bytes:8
00:02:50.0 (74748026)|HEAP_ALLOCATE|[58]|Bytes:8
00:02:50.0 (74755023)|HEAP_ALLOCATE|[EXTERNAL]|Bytes:4
00:02:50.0 (74765327)|HEAP_ALLOCATE|[56]|Bytes:5
00:02:50.0 (74777196)|VARIABLE_SCOPE_BEGIN|[56]|field|Schema.SObjectField|true|false
00:02:50.0 (74840093)|VARIABLE_ASSIGNMENT|[56]|field|"common.apex.runtime.impl.ApexFieldToken@30157458"|0x30157458
00:02:50.0 (74846979)|STATEMENT_EXECUTE|[56]
00:02:50.0 (74922078)|HEAP_ALLOCATE|[57]|Bytes:8
00:02:50.0 (74933517)|STATEMENT_EXECUTE|[58]
00:02:50.0 (74947858)|HEAP_ALLOCATE|[58]|Bytes:8
00:02:50.0 (74955469)|HEAP_ALLOCATE|[58]|Bytes:7
00:02:50.0 (74962361)|HEAP_ALLOCATE|[EXTERNAL]|Bytes:4
00:02:50.0 (74973297)|HEAP_ALLOCATE|[56]|Bytes:5
00:02:50.0 (74985674)|VARIABLE_SCOPE_BEGIN|[56]|field|Schema.SObjectField|true|false
00:02:50.0 (75046761)|VARIABLE_ASSIGNMENT|[56]|field|"common.apex.runtime.impl.ApexFieldToken@7cdc49b0"|0x7cdc49b0
00:02:50.0 (75054524)|STATEMENT_EXECUTE|[56]
00:02:50.0 (75128514)|HEAP_ALLOCATE|[57]|Bytes:8
00:02:50.0 (75139821)|STATEMENT_EXECUTE|[58]
00:02:50.0 (75154584)|HEAP_ALLOCATE|[58]|Bytes:8
00:02:50.0 (75162337)|HEAP_ALLOCATE|[58]|Bytes:8
00:02:50.0 (75169457)|HEAP_ALLOCATE|[EXTERNAL]|Bytes:4
00:02:50.0 (75181117)|HEAP_ALLOCATE|[56]|Bytes:5
00:02:50.0 (75194530)|VARIABLE_SCOPE_BEGIN|[56]|field|Schema.SObjectField|true|false
00:02:50.0 (75259955)|VARIABLE_ASSIGNMENT|[56]|field|"common.apex.runtime.impl.ApexFieldToken@6bc4572d"|0x6bc4572d
00:02:50.0 (75267027)|STATEMENT_EXECUTE|[56]
00:02:50.0 (75349783)|HEAP_ALLOCATE|[57]|Bytes:8
00:02:50.0 (75360835)|STATEMENT_EXECUTE|[58]
00:02:50.0 (75378079)|HEAP_ALLOCATE|[58]|Bytes:8
00:02:50.0 (75386989)|HEAP_ALLOCATE|[58]|Bytes:7
00:02:50.0 (75394871)|HEAP_ALLOCATE|[EXTERNAL]|Bytes:4
00:02:50.0 (75405532)|HEAP_ALLOCATE|[56]|Bytes:5
00:02:50.0 (75418571)|VARIABLE_ASSIGNMENT|[56]|field|null|
00:02:50.0 (75424674)|STATEMENT_EXECUTE|[60]
00:02:50.0 (75432234)|VARIABLE_SCOPE_BEGIN|[60]|allfields|String|false|false
00:02:50.0 (75443758)|VARIABLE_ASSIGNMENT|[60]|allfields|""
00:02:50.0 (75507876)|HEAP_ALLOCATE|[61]|Bytes:5
00:02:50.0 (75517298)|HEAP_ALLOCATE|[61]|Bytes:2
00:02:50.0 (75524807)|VARIABLE_SCOPE_BEGIN|[61]|fieldname|String|false|false
00:02:50.0 (75534389)|VARIABLE_ASSIGNMENT|[61]|fieldname|"Id"
00:02:50.0 (75538479)|STATEMENT_EXECUTE|[62]
00:02:50.0 (75540711)|HEAP_ALLOCATE|[62]|Bytes:1
00:02:50.0 (75563907)|HEAP_ALLOCATE|[62]|Bytes:3
00:02:50.0 (75569791)|HEAP_ALLOCATE|[62]|Bytes:3
00:02:50.0 (75574638)|VARIABLE_ASSIGNMENT|[62]|allfields|"Id,"
00:02:50.0 (75583384)|HEAP_ALLOCATE|[61]|Bytes:5
00:02:50.0 (75590348)|HEAP_ALLOCATE|[61]|Bytes:7
00:02:50.0 (75595496)|VARIABLE_SCOPE_BEGIN|[61]|fieldname|String|false|false
00:02:50.0 (75603180)|VARIABLE_ASSIGNMENT|[61]|fieldname|"OwnerId"
00:02:50.0 (75607660)|STATEMENT_EXECUTE|[62]
00:02:50.0 (75610446)|HEAP_ALLOCATE|[62]|Bytes:8
00:02:50.0 (75614407)|HEAP_ALLOCATE|[62]|Bytes:11
00:02:50.0 (75618380)|VARIABLE_ASSIGNMENT|[62]|allfields|"Id,OwnerId,"
00:02:50.0 (75625869)|HEAP_ALLOCATE|[61]|Bytes:5
00:02:50.0 (75632075)|HEAP_ALLOCATE|[61]|Bytes:9
00:02:50.0 (75635947)|VARIABLE_SCOPE_BEGIN|[61]|fieldname|String|false|false
00:02:50.0 (75643065)|VARIABLE_ASSIGNMENT|[61]|fieldname|"IsDeleted"
00:02:50.0 (75646274)|STATEMENT_EXECUTE|[62]
00:02:50.0 (75648818)|HEAP_ALLOCATE|[62]|Bytes:10
00:02:50.0 (75652770)|HEAP_ALLOCATE|[62]|Bytes:21
00:02:50.0 (75659408)|VARIABLE_ASSIGNMENT|[62]|allfields|"Id,OwnerId,IsDeleted (1 more) ..."
00:02:50.0 (75666562)|HEAP_ALLOCATE|[61]|Bytes:5
00:02:50.0 (75673040)|HEAP_ALLOCATE|[61]|Bytes:4
00:02:50.0 (75677506)|VARIABLE_SCOPE_BEGIN|[61]|fieldname|String|false|false
00:02:50.0 (75684278)|VARIABLE_ASSIGNMENT|[61]|fieldname|"Name"
00:02:50.0 (75687408)|STATEMENT_EXECUTE|[62]
00:02:50.0 (75690002)|HEAP_ALLOCATE|[62]|Bytes:5
00:02:50.0 (75694341)|HEAP_ALLOCATE|[62]|Bytes:26
00:02:50.0 (75699080)|VARIABLE_ASSIGNMENT|[62]|allfields|"Id,OwnerId,IsDeleted (6 more) ..."
00:02:50.0 (75706720)|HEAP_ALLOCATE|[61]|Bytes:5
00:02:50.0 (75712639)|HEAP_ALLOCATE|[61]|Bytes:11
00:02:50.0 (75717412)|VARIABLE_SCOPE_BEGIN|[61]|fieldname|String|false|false
00:02:50.0 (75724747)|VARIABLE_ASSIGNMENT|[61]|fieldname|"CreatedDate"
00:02:50.0 (75727719)|STATEMENT_EXECUTE|[62]
00:02:50.0 (75730205)|HEAP_ALLOCATE|[62]|Bytes:12
00:02:50.0 (75734347)|HEAP_ALLOCATE|[62]|Bytes:38
00:02:50.0 (75739117)|VARIABLE_ASSIGNMENT|[62]|allfields|"Id,OwnerId,IsDeleted (18 more) ..."
00:02:50.0 (75746303)|HEAP_ALLOCATE|[61]|Bytes:5
00:02:50.0 (75753076)|HEAP_ALLOCATE|[61]|Bytes:11
00:02:50.0 (75757302)|VARIABLE_SCOPE_BEGIN|[61]|fieldname|String|false|false
00:02:50.0 (75764871)|VARIABLE_ASSIGNMENT|[61]|fieldname|"CreatedById"
00:02:50.0 (75768287)|STATEMENT_EXECUTE|[62]
00:02:50.0 (75770580)|HEAP_ALLOCATE|[62]|Bytes:12
00:02:50.0 (75774536)|HEAP_ALLOCATE|[62]|Bytes:50
00:02:50.0 (75779208)|VARIABLE_ASSIGNMENT|[62]|allfields|"Id,OwnerId,IsDeleted (30 more) ..."
00:02:50.0 (75785507)|HEAP_ALLOCATE|[61]|Bytes:5
00:02:50.0 (75791581)|HEAP_ALLOCATE|[61]|Bytes:16
00:02:50.0 (75795678)|VARIABLE_SCOPE_BEGIN|[61]|fieldname|String|false|false
00:02:50.0 (75803293)|VARIABLE_ASSIGNMENT|[61]|fieldname|"LastModifiedDate"
00:02:50.0 (75806997)|STATEMENT_EXECUTE|[62]
00:02:50.0 (75809368)|HEAP_ALLOCATE|[62]|Bytes:17
00:02:50.0 (75813389)|HEAP_ALLOCATE|[62]|Bytes:67
00:02:50.0 (75818710)|VARIABLE_ASSIGNMENT|[62]|allfields|"Id,OwnerId,IsDeleted (47 more) ..."
00:02:50.0 (75825493)|HEAP_ALLOCATE|[61]|Bytes:5
00:02:50.0 (75831553)|HEAP_ALLOCATE|[61]|Bytes:16
00:02:50.0 (75835776)|VARIABLE_SCOPE_BEGIN|[61]|fieldname|String|false|false
00:02:50.0 (75843481)|VARIABLE_ASSIGNMENT|[61]|fieldname|"LastModifiedById"
00:02:50.0 (75847427)|STATEMENT_EXECUTE|[62]
00:02:50.0 (75849901)|HEAP_ALLOCATE|[62]|Bytes:17
00:02:50.0 (75853794)|HEAP_ALLOCATE|[62]|Bytes:84
00:02:50.0 (75859743)|VARIABLE_ASSIGNMENT|[62]|allfields|"Id,OwnerId,IsDeleted (64 more) ..."
00:02:50.0 (75867165)|HEAP_ALLOCATE|[61]|Bytes:5
00:02:50.0 (75873697)|HEAP_ALLOCATE|[61]|Bytes:14
00:02:50.0 (75877659)|VARIABLE_SCOPE_BEGIN|[61]|fieldname|String|false|false
00:02:50.0 (75885103)|VARIABLE_ASSIGNMENT|[61]|fieldname|"SystemModstamp"
00:02:50.0 (75888868)|STATEMENT_EXECUTE|[62]
00:02:50.0 (75891262)|HEAP_ALLOCATE|[62]|Bytes:15
00:02:50.0 (75895307)|HEAP_ALLOCATE|[62]|Bytes:99
00:02:50.0 (75900190)|VARIABLE_ASSIGNMENT|[62]|allfields|"Id,OwnerId,IsDeleted (79 more) ..."
00:02:50.0 (75907240)|HEAP_ALLOCATE|[61]|Bytes:5
00:02:50.0 (75913476)|HEAP_ALLOCATE|[61]|Bytes:16
00:02:50.0 (75917626)|VARIABLE_SCOPE_BEGIN|[61]|fieldname|String|false|false
00:02:50.0 (75924107)|VARIABLE_ASSIGNMENT|[61]|fieldname|"LastActivityDate"
00:02:50.0 (75927202)|STATEMENT_EXECUTE|[62]
00:02:50.0 (75929534)|HEAP_ALLOCATE|[62]|Bytes:17
00:02:50.0 (75933164)|HEAP_ALLOCATE|[62]|Bytes:116
00:02:50.0 (75937730)|VARIABLE_ASSIGNMENT|[62]|allfields|"Id,OwnerId,IsDeleted (96 more) ..."
00:02:50.0 (75944275)|HEAP_ALLOCATE|[61]|Bytes:5
00:02:50.0 (75950786)|HEAP_ALLOCATE|[61]|Bytes:14
00:02:50.0 (75955049)|VARIABLE_SCOPE_BEGIN|[61]|fieldname|String|false|false
00:02:50.0 (75962254)|VARIABLE_ASSIGNMENT|[61]|fieldname|"LastViewedDate"
00:02:50.0 (75966002)|STATEMENT_EXECUTE|[62]
00:02:50.0 (75968311)|HEAP_ALLOCATE|[62]|Bytes:15
00:02:50.0 (75972072)|HEAP_ALLOCATE|[62]|Bytes:131
00:02:50.0 (75976634)|VARIABLE_ASSIGNMENT|[62]|allfields|"Id,OwnerId,IsDeleted (111 more) ..."
00:02:50.0 (75983217)|HEAP_ALLOCATE|[61]|Bytes:5
00:02:50.0 (75990006)|HEAP_ALLOCATE|[61]|Bytes:18
00:02:50.0 (75994139)|VARIABLE_SCOPE_BEGIN|[61]|fieldname|String|false|false
00:02:50.0 (76001371)|VARIABLE_ASSIGNMENT|[61]|fieldname|"LastReferencedDate"
00:02:50.0 (76005625)|STATEMENT_EXECUTE|[62]
00:02:50.0 (76008219)|HEAP_ALLOCATE|[62]|Bytes:19
00:02:50.0 (76017429)|HEAP_ALLOCATE|[62]|Bytes:150
00:02:50.0 (76022681)|VARIABLE_ASSIGNMENT|[62]|allfields|"Id,OwnerId,IsDeleted (130 more) ..."
00:02:50.0 (76029354)|HEAP_ALLOCATE|[61]|Bytes:5
00:02:50.0 (76035374)|HEAP_ALLOCATE|[61]|Bytes:9
00:02:50.0 (76038866)|VARIABLE_SCOPE_BEGIN|[61]|fieldname|String|false|false
00:02:50.0 (76045835)|VARIABLE_ASSIGNMENT|[61]|fieldname|"Client__c"
00:02:50.0 (76049274)|STATEMENT_EXECUTE|[62]
00:02:50.0 (76051760)|HEAP_ALLOCATE|[62]|Bytes:10
00:02:50.0 (76055431)|HEAP_ALLOCATE|[62]|Bytes:160
00:02:50.0 (76060332)|VARIABLE_ASSIGNMENT|[62]|allfields|"Id,OwnerId,IsDeleted (140 more) ..."
00:02:50.0 (76067126)|HEAP_ALLOCATE|[61]|Bytes:5
00:02:50.0 (76073351)|HEAP_ALLOCATE|[61]|Bytes:15
00:02:50.0 (76077147)|VARIABLE_SCOPE_BEGIN|[61]|fieldname|String|false|false
00:02:50.0 (76085167)|VARIABLE_ASSIGNMENT|[61]|fieldname|"End_Customer__c"
00:02:50.0 (76088167)|STATEMENT_EXECUTE|[62]
00:02:50.0 (76090586)|HEAP_ALLOCATE|[62]|Bytes:16
00:02:50.0 (76094442)|HEAP_ALLOCATE|[62]|Bytes:176
00:02:50.0 (76098800)|VARIABLE_ASSIGNMENT|[62]|allfields|"Id,OwnerId,IsDeleted (156 more) ..."
00:02:50.0 (76105367)|HEAP_ALLOCATE|[61]|Bytes:5
00:02:50.0 (76111166)|HEAP_ALLOCATE|[61]|Bytes:19
00:02:50.0 (76115368)|VARIABLE_SCOPE_BEGIN|[61]|fieldname|String|false|false
00:02:50.0 (76122106)|VARIABLE_ASSIGNMENT|[61]|fieldname|"Operation_Region__c"
00:02:50.0 (76125540)|STATEMENT_EXECUTE|[62]
00:02:50.0 (76127865)|HEAP_ALLOCATE|[62]|Bytes:20
00:02:50.0 (76131756)|HEAP_ALLOCATE|[62]|Bytes:196
00:02:50.0 (76136331)|VARIABLE_ASSIGNMENT|[62]|allfields|"Id,OwnerId,IsDeleted (176 more) ..."
00:02:50.0 (76143168)|HEAP_ALLOCATE|[61]|Bytes:5
00:02:50.0 (76149700)|HEAP_ALLOCATE|[61]|Bytes:14
00:02:50.0 (76153534)|VARIABLE_SCOPE_BEGIN|[61]|fieldname|String|false|false
00:02:50.0 (76160775)|VARIABLE_ASSIGNMENT|[61]|fieldname|"Work_Region__c"
00:02:50.0 (76164149)|STATEMENT_EXECUTE|[62]
00:02:50.0 (76166685)|HEAP_ALLOCATE|[62]|Bytes:15
00:02:50.0 (76170095)|HEAP_ALLOCATE|[62]|Bytes:211
00:02:50.0 (76175550)|VARIABLE_ASSIGNMENT|[62]|allfields|"Id,OwnerId,IsDeleted (191 more) ..."
00:02:50.0 (76184072)|HEAP_ALLOCATE|[61]|Bytes:5
00:02:50.0 (76190605)|HEAP_ALLOCATE|[61]|Bytes:25
00:02:50.0 (76194479)|VARIABLE_SCOPE_BEGIN|[61]|fieldname|String|false|false
00:02:50.0 (76202092)|VARIABLE_ASSIGNMENT|[61]|fieldname|"Client_Project_Manag (5 more) ..."
00:02:50.0 (76205212)|STATEMENT_EXECUTE|[62]
00:02:50.0 (76207919)|HEAP_ALLOCATE|[62]|Bytes:26
00:02:50.0 (76212309)|HEAP_ALLOCATE|[62]|Bytes:237
00:02:50.0 (76216671)|VARIABLE_ASSIGNMENT|[62]|allfields|"Id,OwnerId,IsDeleted (217 more) ..."
00:02:50.0 (76223245)|HEAP_ALLOCATE|[61]|Bytes:5
00:02:50.0 (76229405)|HEAP_ALLOCATE|[61]|Bytes:15
00:02:50.0 (76233711)|VARIABLE_SCOPE_BEGIN|[61]|fieldname|String|false|false
00:02:50.0 (76240245)|VARIABLE_ASSIGNMENT|[61]|fieldname|"Project_code__c"
00:02:50.0 (76243977)|STATEMENT_EXECUTE|[62]
00:02:50.0 (76246433)|HEAP_ALLOCATE|[62]|Bytes:16
00:02:50.0 (76254332)|HEAP_ALLOCATE|[62]|Bytes:253
00:02:50.0 (76259542)|VARIABLE_ASSIGNMENT|[62]|allfields|"Id,OwnerId,IsDeleted (233 more) ..."
00:02:50.0 (76267287)|HEAP_ALLOCATE|[61]|Bytes:5
00:02:50.0 (76273501)|HEAP_ALLOCATE|[61]|Bytes:23
00:02:50.0 (76277492)|VARIABLE_SCOPE_BEGIN|[61]|fieldname|String|false|false
00:02:50.0 (76284678)|VARIABLE_ASSIGNMENT|[61]|fieldname|"Company_project_code (3 more) ..."
00:02:50.0 (76287701)|STATEMENT_EXECUTE|[62]
00:02:50.0 (76290229)|HEAP_ALLOCATE|[62]|Bytes:24
00:02:50.0 (76294470)|HEAP_ALLOCATE|[62]|Bytes:277
00:02:50.0 (76298934)|VARIABLE_ASSIGNMENT|[62]|allfields|"Id,OwnerId,IsDeleted (257 more) ..."
00:02:50.0 (76306433)|HEAP_ALLOCATE|[61]|Bytes:5
00:02:50.0 (76312387)|HEAP_ALLOCATE|[61]|Bytes:16
00:02:50.0 (76316407)|VARIABLE_SCOPE_BEGIN|[61]|fieldname|String|false|false
00:02:50.0 (76323277)|VARIABLE_ASSIGNMENT|[61]|fieldname|"Project_Scope__c"
00:02:50.0 (76326310)|STATEMENT_EXECUTE|[62]
00:02:50.0 (76328756)|HEAP_ALLOCATE|[62]|Bytes:17
00:02:50.0 (76333100)|HEAP_ALLOCATE|[62]|Bytes:294
00:02:50.0 (76337509)|VARIABLE_ASSIGNMENT|[62]|allfields|"Id,OwnerId,IsDeleted (274 more) ..."
00:02:50.0 (76344584)|HEAP_ALLOCATE|[61]|Bytes:5
00:02:50.0 (76350135)|HEAP_ALLOCATE|[61]|Bytes:14
00:02:50.0 (76354274)|VARIABLE_SCOPE_BEGIN|[61]|fieldname|String|false|false
00:02:50.0 (76360806)|VARIABLE_ASSIGNMENT|[61]|fieldname|"Cost_Centre__c"
00:02:50.0 (76364402)|STATEMENT_EXECUTE|[62]
00:02:50.0 (76366925)|HEAP_ALLOCATE|[62]|Bytes:15
00:02:50.0 (76370687)|HEAP_ALLOCATE|[62]|Bytes:309
00:02:50.0 (76375658)|VARIABLE_ASSIGNMENT|[62]|allfields|"Id,OwnerId,IsDeleted (289 more) ..."
00:02:50.0 (76381988)|HEAP_ALLOCATE|[61]|Bytes:5
00:02:50.0 (76388193)|HEAP_ALLOCATE|[61]|Bytes:13
00:02:50.0 (76391933)|VARIABLE_SCOPE_BEGIN|[61]|fieldname|String|false|false
00:02:50.0 (76399964)|VARIABLE_ASSIGNMENT|[61]|fieldname|"Production__c"
00:02:50.0 (76403545)|STATEMENT_EXECUTE|[62]
00:02:50.0 (76406186)|HEAP_ALLOCATE|[62]|Bytes:14
00:02:50.0 (76410311)|HEAP_ALLOCATE|[62]|Bytes:323
00:02:50.0 (76414748)|VARIABLE_ASSIGNMENT|[62]|allfields|"Id,OwnerId,IsDeleted (303 more) ..."
00:02:50.0 (76421251)|HEAP_ALLOCATE|[61]|Bytes:5
00:02:50.0 (76426902)|HEAP_ALLOCATE|[61]|Bytes:5
00:02:50.0 (76430838)|VARIABLE_SCOPE_BEGIN|[61]|fieldname|String|false|false
00:02:50.0 (76437565)|VARIABLE_ASSIGNMENT|[61]|fieldname|"QC__c"
00:02:50.0 (76441109)|STATEMENT_EXECUTE|[62]
00:02:50.0 (76443395)|HEAP_ALLOCATE|[62]|Bytes:6
00:02:50.0 (76447246)|HEAP_ALLOCATE|[62]|Bytes:329
00:02:50.0 (76451925)|VARIABLE_ASSIGNMENT|[62]|allfields|"Id,OwnerId,IsDeleted (309 more) ..."
00:02:50.0 (76458246)|HEAP_ALLOCATE|[61]|Bytes:5
00:02:50.0 (76464252)|HEAP_ALLOCATE|[61]|Bytes:11
00:02:50.0 (76468116)|VARIABLE_SCOPE_BEGIN|[61]|fieldname|String|false|false
00:02:50.0 (76475311)|VARIABLE_ASSIGNMENT|[61]|fieldname|"Delivery__c"
00:02:50.0 (76478676)|STATEMENT_EXECUTE|[62]
00:02:50.0 (76481024)|HEAP_ALLOCATE|[62]|Bytes:12
00:02:50.0 (76485563)|HEAP_ALLOCATE|[62]|Bytes:341
00:02:50.0 (76490979)|VARIABLE_ASSIGNMENT|[62]|allfields|"Id,OwnerId,IsDeleted (321 more) ..."
00:02:50.0 (76497520)|HEAP_ALLOCATE|[61]|Bytes:5
00:02:50.0 (76503265)|HEAP_ALLOCATE|[61]|Bytes:5
00:02:50.0 (76506998)|VARIABLE_SCOPE_BEGIN|[61]|fieldname|String|false|false
00:02:50.0 (76514157)|VARIABLE_ASSIGNMENT|[61]|fieldname|"QA__c"
00:02:50.0 (76516923)|STATEMENT_EXECUTE|[62]
00:02:50.0 (76519172)|HEAP_ALLOCATE|[62]|Bytes:6
00:02:50.0 (76522860)|HEAP_ALLOCATE|[62]|Bytes:347
00:02:50.0 (76527368)|VARIABLE_ASSIGNMENT|[62]|allfields|"Id,OwnerId,IsDeleted (327 more) ..."
00:02:50.0 (76534008)|HEAP_ALLOCATE|[61]|Bytes:5
00:02:50.0 (76539661)|HEAP_ALLOCATE|[61]|Bytes:25
00:02:50.0 (76543455)|VARIABLE_SCOPE_BEGIN|[61]|fieldname|String|false|false
00:02:50.0 (76550867)|VARIABLE_ASSIGNMENT|[61]|fieldname|"OffshoreProjectManag (5 more) ..."
00:02:50.0 (76554013)|STATEMENT_EXECUTE|[62]
00:02:50.0 (76556350)|HEAP_ALLOCATE|[62]|Bytes:26
00:02:50.0 (76560866)|HEAP_ALLOCATE|[62]|Bytes:373
00:02:50.0 (76565571)|VARIABLE_ASSIGNMENT|[62]|allfields|"Id,OwnerId,IsDeleted (353 more) ..."
00:02:50.0 (76572476)|HEAP_ALLOCATE|[61]|Bytes:5
00:02:50.0 (76578771)|HEAP_ALLOCATE|[61]|Bytes:12
00:02:50.0 (76582582)|VARIABLE_SCOPE_BEGIN|[61]|fieldname|String|false|false
00:02:50.0 (76589347)|VARIABLE_ASSIGNMENT|[61]|fieldname|"Team_Lead__c"
00:02:50.0 (76592462)|STATEMENT_EXECUTE|[62]
00:02:50.0 (76594832)|HEAP_ALLOCATE|[62]|Bytes:13
00:02:50.0 (76599506)|HEAP_ALLOCATE|[62]|Bytes:386
00:02:50.0 (76603872)|VARIABLE_ASSIGNMENT|[62]|allfields|"Id,OwnerId,IsDeleted (366 more) ..."
00:02:50.0 (76611182)|HEAP_ALLOCATE|[61]|Bytes:5
00:02:50.0 (76617128)|HEAP_ALLOCATE|[61]|Bytes:21
00:02:50.0 (76621145)|VARIABLE_SCOPE_BEGIN|[61]|fieldname|String|false|false
00:02:50.0 (76628456)|VARIABLE_ASSIGNMENT|[61]|fieldname|"Project_Start_Date__ (1 more) ..."
00:02:50.0 (76631880)|STATEMENT_EXECUTE|[62]
00:02:50.0 (76634229)|HEAP_ALLOCATE|[62]|Bytes:22
00:02:50.0 (76638155)|HEAP_ALLOCATE|[62]|Bytes:408
00:02:50.0 (76642894)|VARIABLE_ASSIGNMENT|[62]|allfields|"Id,OwnerId,IsDeleted (388 more) ..."
00:02:50.0 (76649839)|HEAP_ALLOCATE|[61]|Bytes:5
00:02:50.0 (76656885)|HEAP_ALLOCATE|[61]|Bytes:19
00:02:50.0 (76660633)|VARIABLE_SCOPE_BEGIN|[61]|fieldname|String|false|false
00:02:50.0 (76667527)|VARIABLE_ASSIGNMENT|[61]|fieldname|"Project_End_Date__c"
00:02:50.0 (76670814)|STATEMENT_EXECUTE|[62]
00:02:50.0 (76673228)|HEAP_ALLOCATE|[62]|Bytes:20
00:02:50.0 (76677450)|HEAP_ALLOCATE|[62]|Bytes:428
00:02:50.0 (76681878)|VARIABLE_ASSIGNMENT|[62]|allfields|"Id,OwnerId,IsDeleted (408 more) ..."
00:02:50.0 (76688966)|HEAP_ALLOCATE|[61]|Bytes:5
00:02:50.0 (76694506)|HEAP_ALLOCATE|[61]|Bytes:8
00:02:50.0 (76698472)|VARIABLE_SCOPE_BEGIN|[61]|fieldname|String|false|false
00:02:50.0 (76705386)|VARIABLE_ASSIGNMENT|[61]|fieldname|"Units__c"
00:02:50.0 (76712846)|STATEMENT_EXECUTE|[62]
00:02:50.0 (76715631)|HEAP_ALLOCATE|[62]|Bytes:9
00:02:50.0 (76719919)|HEAP_ALLOCATE|[62]|Bytes:437
00:02:50.0 (76724560)|VARIABLE_ASSIGNMENT|[62]|allfields|"Id,OwnerId,IsDeleted (417 more) ..."
00:02:50.0 (76732094)|HEAP_ALLOCATE|[61]|Bytes:5
00:02:50.0 (76738320)|HEAP_ALLOCATE|[61]|Bytes:8
00:02:50.0 (76742217)|VARIABLE_SCOPE_BEGIN|[61]|fieldname|String|false|false
00:02:50.0 (76749695)|VARIABLE_ASSIGNMENT|[61]|fieldname|"Nodes__c"
00:02:50.0 (76752971)|STATEMENT_EXECUTE|[62]
00:02:50.0 (76755367)|HEAP_ALLOCATE|[62]|Bytes:9
00:02:50.0 (76759378)|HEAP_ALLOCATE|[62]|Bytes:446
00:02:50.0 (76764218)|VARIABLE_ASSIGNMENT|[62]|allfields|"Id,OwnerId,IsDeleted (426 more) ..."
00:02:50.0 (76770842)|HEAP_ALLOCATE|[61]|Bytes:5
00:02:50.0 (76776727)|HEAP_ALLOCATE|[61]|Bytes:10
00:02:50.0 (76780665)|VARIABLE_SCOPE_BEGIN|[61]|fieldname|String|false|false
00:02:50.0 (76787101)|VARIABLE_ASSIGNMENT|[61]|fieldname|"Footage__c"
00:02:50.0 (76790538)|STATEMENT_EXECUTE|[62]
00:02:50.0 (76793373)|HEAP_ALLOCATE|[62]|Bytes:11
00:02:50.0 (76799792)|HEAP_ALLOCATE|[62]|Bytes:457
00:02:50.0 (76806934)|VARIABLE_ASSIGNMENT|[62]|allfields|"Id,OwnerId,IsDeleted (437 more) ..."
00:02:50.0 (76815620)|HEAP_ALLOCATE|[61]|Bytes:5
00:02:50.0 (76821751)|HEAP_ALLOCATE|[61]|Bytes:8
00:02:50.0 (76825996)|VARIABLE_SCOPE_BEGIN|[61]|fieldname|String|false|false
00:02:50.0 (76833275)|VARIABLE_ASSIGNMENT|[61]|fieldname|"Miles__c"
00:02:50.0 (76836318)|STATEMENT_EXECUTE|[62]
00:02:50.0 (76838876)|HEAP_ALLOCATE|[62]|Bytes:9
00:02:50.0 (76843015)|HEAP_ALLOCATE|[62]|Bytes:466
00:02:50.0 (76847501)|VARIABLE_ASSIGNMENT|[62]|allfields|"Id,OwnerId,IsDeleted (446 more) ..."
00:02:50.0 (76853831)|HEAP_ALLOCATE|[61]|Bytes:5
00:02:50.0 (76859738)|HEAP_ALLOCATE|[61]|Bytes:7
00:02:50.0 (76863436)|VARIABLE_SCOPE_BEGIN|[61]|fieldname|String|false|false
00:02:50.0 (76870192)|VARIABLE_ASSIGNMENT|[61]|fieldname|"Jobs__c"
00:02:50.0 (76873472)|STATEMENT_EXECUTE|[62]
00:02:50.0 (76875829)|HEAP_ALLOCATE|[62]|Bytes:8
00:02:50.0 (76880382)|HEAP_ALLOCATE|[62]|Bytes:474
00:02:50.0 (76884943)|VARIABLE_ASSIGNMENT|[62]|allfields|"Id,OwnerId,IsDeleted (454 more) ..."
00:02:50.0 (76891673)|HEAP_ALLOCATE|[61]|Bytes:5
00:02:50.0 (76898642)|HEAP_ALLOCATE|[61]|Bytes:8
00:02:50.0 (76902725)|VARIABLE_SCOPE_BEGIN|[61]|fieldname|String|false|false
00:02:50.0 (76909612)|VARIABLE_ASSIGNMENT|[61]|fieldname|"Hours__c"
00:02:50.0 (76912627)|STATEMENT_EXECUTE|[62]
00:02:50.0 (76915069)|HEAP_ALLOCATE|[62]|Bytes:9
00:02:50.0 (76919517)|HEAP_ALLOCATE|[62]|Bytes:483
00:02:50.0 (76923841)|VARIABLE_ASSIGNMENT|[62]|allfields|"Id,OwnerId,IsDeleted (463 more) ..."
00:02:50.0 (76930122)|HEAP_ALLOCATE|[61]|Bytes:5
00:02:50.0 (76936425)|HEAP_ALLOCATE|[61]|Bytes:7
00:02:50.0 (76940351)|VARIABLE_SCOPE_BEGIN|[61]|fieldname|String|false|false
00:02:50.0 (76946454)|VARIABLE_ASSIGNMENT|[61]|fieldname|"Team__c"
00:02:50.0 (76949730)|STATEMENT_EXECUTE|[62]
00:02:50.0 (76952021)|HEAP_ALLOCATE|[62]|Bytes:8
00:02:50.0 (76955744)|HEAP_ALLOCATE|[62]|Bytes:491
00:02:50.0 (76960294)|VARIABLE_ASSIGNMENT|[62]|allfields|"Id,OwnerId,IsDeleted (471 more) ..."
00:02:50.0 (76967010)|HEAP_ALLOCATE|[61]|Bytes:5
00:02:50.0 (76974059)|VARIABLE_ASSIGNMENT|[61]|fieldname|null
00:02:50.0 (76978656)|STATEMENT_EXECUTE|[64]
00:02:50.0 (77048544)|HEAP_ALLOCATE|[64]|Bytes:490
00:02:50.0 (77061977)|VARIABLE_ASSIGNMENT|[64]|allfields|"Id,OwnerId,IsDeleted (470 more) ..."
00:02:50.0 (77066141)|STATEMENT_EXECUTE|[66]
00:02:50.0 (77078335)|METHOD_EXIT|[16]|01p7F00000Ehro9|PM_Project_Edit_Controller.getAllFields(String)
00:02:50.0 (77087049)|HEAP_ALLOCATE|[16]|Bytes:32
00:02:50.0 (77096277)|HEAP_ALLOCATE|[16]|Bytes:529
00:02:50.0 (77646783)|SOQL_EXECUTE_BEGIN|[16]|Aggregations:0|select Id,OwnerId,IsDeleted,Name,CreatedDate,CreatedById,LastModifiedDate,LastModifiedById,SystemModstamp,LastActivityDate,LastViewedDate,LastReferencedDate,Client__c,End_Customer__c,Operation_Region__c,Work_Region__c,Client_Project_Manager__c,Project_code__c,Company_project_code__c,Project_Scope__c,Cost_Centre__c,Production__c,QC__c,Delivery__c,QA__c,OffshoreProjectManager__c,Team_Lead__c,Project_Start_Date__c,Project_End_Date__c,Units__c,Nodes__c,Footage__c,Miles__c,Jobs__c,Hours__c,Team__c from Project__c where Id = :pid
00:02:50.0 (81779843)|SOQL_EXECUTE_END|[16]|Rows:1
00:02:50.0 (81806940)|HEAP_ALLOCATE|[16]|Bytes:8
00:02:50.0 (81840885)|HEAP_ALLOCATE|[16]|Bytes:996
00:02:50.0 (81914137)|HEAP_ALLOCATE|[16]|Bytes:8
00:02:50.0 (81935876)|HEAP_ALLOCATE|[16]|Bytes:36
00:02:50.0 (81987351)|HEAP_ALLOCATE|[16]|Bytes:140
00:02:50.0 (82052202)|VARIABLE_ASSIGNMENT|[EXTERNAL]|this|{"mysObject":"0x1b9b957","nonSelectedUserId":"(","usersList":"0x848dae7"}|0x662d3d4b
00:02:50.0 (82114166)|VARIABLE_ASSIGNMENT|[EXTERNAL]|value|{"Id":"a057F000002dVv5QAE","OwnerId":"0057F000000Tiz6QAC","IsDeleted":false,"Name":"tm Test","CreatedDate":"2017-12-19T10:53:33.000Z","CreatedById":"0057F000000Tiz6QAC","LastModifiedDate":"2017-12-19T11:16:32.000Z","LastModifiedById":"0057F000000Tiz6QAC","SystemModstamp":"2018-01-18T18:41:12.000Z","LastViewedDate":"2018-01-22T07:56:51.000Z","LastReferencedDate":"2018-01-22T07:56:51.000Z","Client__c":"a047F000002zkUjQAI","End_Customer__c":"tm Test","Operation_Region__c":"tm Test","Work_Region__c":"tm Test","Client_Project_Manag (5 more) ...":"tm Test","Project_code__c":"tm Test","Company_project_code (3 more) ...":"321","Project_Scope__c":"DESIGNING","Production__c":50,"QC__c":20,"Delivery__c":10,"QA__c":20,"OffshoreProjectManag (5 more) ...":"0057F000000TpcqQAC","Team_Lead__c":"0057F000000TyzfQAC","Project_Start_Date__ (1 more) ...":"2017-12-19T00:00:00.000Z","Project_End_Date__c":"2017-12-19T00:00:00.000Z","Units__c":true,"Nodes__c":true,"Footage__c":false,"Miles__c":false,"Jobs__c":false,"Hours__c":false,"Team__c":"Mani Sasank, Santhos (30 more) ..."}|0x2f47402b
00:02:50.0 (82170130)|VARIABLE_ASSIGNMENT|[3]|this.mysObject|{"Id":"a057F000002dVv5QAE","OwnerId":"0057F000000Tiz6QAC","IsDeleted":false,"Name":"tm Test","CreatedDate":"2017-12-19T10:53:33.000Z","CreatedById":"0057F000000Tiz6QAC","LastModifiedDate":"2017-12-19T11:16:32.000Z","LastModifiedById":"0057F000000Tiz6QAC","SystemModstamp":"2018-01-18T18:41:12.000Z","LastViewedDate":"2018-01-22T07:56:51.000Z","LastReferencedDate":"2018-01-22T07:56:51.000Z","Client__c":"a047F000002zkUjQAI","End_Customer__c":"tm Test","Operation_Region__c":"tm Test","Work_Region__c":"tm Test","Client_Project_Manag (5 more) ...":"tm Test","Project_code__c":"tm Test","Company_project_code (3 more) ...":"321","Project_Scope__c":"DESIGNING","Production__c":50,"QC__c":20,"Delivery__c":10,"QA__c":20,"OffshoreProjectManag (5 more) ...":"0057F000000TpcqQAC","Team_Lead__c":"0057F000000TyzfQAC","Project_Start_Date__ (1 more) ...":"2017-12-19T00:00:00.000Z","Project_End_Date__c":"2017-12-19T00:00:00.000Z","Units__c":true,"Nodes__c":true,"Footage__c":false,"Miles__c":false,"Jobs__c":false,"Hours__c":false,"Team__c":"Mani Sasank, Santhos (30 more) ..."}|0x662d3d4b
00:02:50.0 (82198158)|STATEMENT_EXECUTE|[17]
00:02:50.0 (82255440)|VARIABLE_ASSIGNMENT|[EXTERNAL]|this|{"mysObject":"0x2f47402b","nonSelectedUserId":"(","usersList":"0x848dae7"}|0x662d3d4b
00:02:50.0 (82325910)|VARIABLE_ASSIGNMENT|[EXTERNAL]|this|{"mysObject":"0x2f47402b","nonSelectedUserId":"(","usersList":"0x848dae7"}|0x662d3d4b
00:02:50.0 (82343940)|VARIABLE_ASSIGNMENT|[EXTERNAL]|value|"tm Test"
00:02:50.0 (82353094)|VARIABLE_ASSIGNMENT|[4]|this.pName|"tm Test"|0x662d3d4b
00:02:50.0 (82367054)|STATEMENT_EXECUTE|[19]
00:02:50.0 (82370703)|HEAP_ALLOCATE|[19]|Bytes:86
00:02:50.0 (82390794)|HEAP_ALLOCATE|[19]|Bytes:4
00:02:50.0 (82401952)|HEAP_ALLOCATE|[19]|Bytes:7
00:02:50.0 (82645130)|SOQL_EXECUTE_BEGIN|[19]|Aggregations:0|SELECT Name, UserLink__c FROM ProjectJobAssociation__c WHERE ProjectLink__c = :tmpVar1
00:02:50.0 (84926507)|SOQL_EXECUTE_END|[19]|Rows:5
00:02:50.0 (84947106)|HEAP_ALLOCATE|[19]|Bytes:24
00:02:50.0 (84968301)|HEAP_ALLOCATE|[19]|Bytes:380
00:02:50.0 (85030533)|HEAP_ALLOCATE|[19]|Bytes:24
00:02:50.0 (85046166)|VARIABLE_SCOPE_BEGIN|[19]|pja|List<ProjectJobAssociation__c>|true|false
00:02:50.0 (85076821)|VARIABLE_ASSIGNMENT|[19]|pja|[{"Name":"A-0002","UserLink__c":"0057F000000TpdFQAS","Id":"a087F000009HOLTQA4"},{"Name":"A-0003","UserLink__c":"0057F000000TrBBQA0","Id":"a087F000009HOLUQA4"},{"Name":"A-0004","UserLink__c":"0057F000000TrBGQA0","Id":"a087F000009HOLVQA4"},{"Name":"A-0005","UserLink__c":"0057F000000TrBVQA0","Id":"a087F000009HOLWQA4"},{"Name":"A-0006","UserLink__c":"0057F000000Tz0iQAC","Id":"a087F000009HOLXQA4"}]|0x1e2437f8
00:02:50.0 (85088522)|STATEMENT_EXECUTE|[20]
00:02:50.0 (85100716)|HEAP_ALLOCATE|[20]|Bytes:4
00:02:50.0 (85169768)|VARIABLE_ASSIGNMENT|[EXTERNAL]|this|{"mysObject":"0x2f47402b","nonSelectedUserId":"(","pName":"tm Test","usersList":"0x848dae7"}|0x662d3d4b
00:02:50.0 (85203069)|HEAP_ALLOCATE|[EXTERNAL]|Bytes:4
00:02:50.0 (85211989)|VARIABLE_ASSIGNMENT|[EXTERNAL]|value|[]|0x10ed21ac
00:02:50.0 (85223619)|VARIABLE_ASSIGNMENT|[6]|this.selectedUsers|[]|0x662d3d4b
00:02:50.0 (85375001)|HEAP_ALLOCATE|[21]|Bytes:5
00:02:50.0 (85392994)|HEAP_ALLOCATE|[21]|Bytes:16
00:02:50.0 (85403013)|VARIABLE_SCOPE_BEGIN|[21]|spja|ProjectJobAssociation__c|true|false
00:02:50.0 (85417215)|VARIABLE_ASSIGNMENT|[21]|spja|{"Name":"A-0002","UserLink__c":"0057F000000TpdFQAS","Id":"a087F000009HOLTQA4"}|0x5c51fdfe
00:02:50.0 (85424486)|STATEMENT_EXECUTE|[21]
00:02:50.0 (85426076)|STATEMENT_EXECUTE|[22]
00:02:50.0 (85429210)|HEAP_ALLOCATE|[22]|Bytes:45
00:02:50.0 (85440775)|HEAP_ALLOCATE|[22]|Bytes:4
00:02:50.0 (85627358)|SOQL_EXECUTE_BEGIN|[22]|Aggregations:0|SELECT Id, Name FROM User WHERE Id = :tmpVar1
00:02:50.0 (89933449)|SOQL_EXECUTE_END|[22]|Rows:1
00:02:50.0 (89954798)|HEAP_ALLOCATE|[22]|Bytes:8
00:02:50.0 (89969968)|HEAP_ALLOCATE|[22]|Bytes:48
00:02:50.0 (90032019)|HEAP_ALLOCATE|[22]|Bytes:8
00:02:50.0 (90047929)|HEAP_ALLOCATE|[22]|Bytes:30
00:02:50.0 (90082832)|HEAP_ALLOCATE|[22]|Bytes:12
00:02:50.0 (90093379)|VARIABLE_SCOPE_BEGIN|[22]|user1|User|true|false
00:02:50.0 (90111746)|VARIABLE_ASSIGNMENT|[22]|user1|{"Id":"0057F000000TpdFQAS","Name":"Mani Sasank"}|0x299827d3
00:02:50.0 (90118658)|STATEMENT_EXECUTE|[23]
00:02:50.0 (90124738)|HEAP_ALLOCATE|[23]|Bytes:1
00:02:50.0 (90209240)|HEAP_ALLOCATE|[23]|Bytes:18
00:02:50.0 (90222661)|HEAP_ALLOCATE|[23]|Bytes:2
00:02:50.0 (90232286)|HEAP_ALLOCATE|[23]|Bytes:21
00:02:50.0 (90237792)|HEAP_ALLOCATE|[23]|Bytes:22
00:02:50.0 (90253663)|VARIABLE_ASSIGNMENT|[23]|this.nonSelectedUserId|"('0057F000000TpdFQAS (2 more) ..."|0x662d3d4b
00:02:50.0 (90260242)|STATEMENT_EXECUTE|[24]
00:02:50.0 (90313531)|VARIABLE_ASSIGNMENT|[EXTERNAL]|this|{"mysObject":"0x2f47402b","nonSelectedUserId":"('0057F000000TpdFQAS (2 more) ...","pName":"tm Test","selectedUsers":"0x10ed21ac","usersList":"0x848dae7"}|0x662d3d4b
00:02:50.0 (90348370)|HEAP_ALLOCATE|[24]|Bytes:18
00:02:50.0 (90396427)|HEAP_ALLOCATE|[EXTERNAL]|Bytes:4
00:02:50.0 (90415912)|HEAP_ALLOCATE|[21]|Bytes:5
00:02:50.0 (90428985)|HEAP_ALLOCATE|[21]|Bytes:16
00:02:50.0 (90436947)|VARIABLE_SCOPE_BEGIN|[21]|spja|ProjectJobAssociation__c|true|false
00:02:50.0 (90450917)|VARIABLE_ASSIGNMENT|[21]|spja|{"Name":"A-0003","UserLink__c":"0057F000000TrBBQA0","Id":"a087F000009HOLUQA4"}|0x2a23d24
00:02:50.0 (90456432)|STATEMENT_EXECUTE|[21]
00:02:50.0 (90457740)|STATEMENT_EXECUTE|[22]
00:02:50.0 (90469218)|HEAP_ALLOCATE|[22]|Bytes:4
00:02:50.0 (90605393)|SOQL_EXECUTE_BEGIN|[22]|Aggregations:0|SELECT Id, Name FROM User WHERE Id = :tmpVar1
00:02:50.0 (93166548)|SOQL_EXECUTE_END|[22]|Rows:1
00:02:50.0 (93188683)|HEAP_ALLOCATE|[22]|Bytes:8
00:02:50.0 (93201882)|HEAP_ALLOCATE|[22]|Bytes:45
00:02:50.0 (93232988)|HEAP_ALLOCATE|[22]|Bytes:8
00:02:50.0 (93251822)|HEAP_ALLOCATE|[22]|Bytes:12
00:02:50.0 (93260291)|VARIABLE_SCOPE_BEGIN|[22]|user1|User|true|false
00:02:50.0 (93276233)|VARIABLE_ASSIGNMENT|[22]|user1|{"Id":"0057F000000TrBBQA0","Name":"Santhosh"}|0x6604950
00:02:50.0 (93282710)|STATEMENT_EXECUTE|[23]
00:02:50.0 (93308574)|HEAP_ALLOCATE|[23]|Bytes:18
00:02:50.0 (93322414)|HEAP_ALLOCATE|[23]|Bytes:21
00:02:50.0 (93327356)|HEAP_ALLOCATE|[23]|Bytes:43
00:02:50.0 (93338599)|VARIABLE_ASSIGNMENT|[23]|this.nonSelectedUserId|"('0057F000000TpdFQAS (23 more) ..."|0x662d3d4b
00:02:50.0 (93344752)|STATEMENT_EXECUTE|[24]
00:02:50.0 (93374076)|VARIABLE_ASSIGNMENT|[EXTERNAL]|this|{"mysObject":"0x2f47402b","nonSelectedUserId":"('0057F000000TpdFQAS (23 more) ...","pName":"tm Test","selectedUsers":"0x10ed21ac","usersList":"0x848dae7"}|0x662d3d4b
00:02:50.0 (93392858)|HEAP_ALLOCATE|[24]|Bytes:18
00:02:50.0 (93408700)|HEAP_ALLOCATE|[EXTERNAL]|Bytes:4
00:02:50.0 (93430303)|HEAP_ALLOCATE|[21]|Bytes:5
00:02:50.0 (93442460)|HEAP_ALLOCATE|[21]|Bytes:16
00:02:50.0 (93449178)|VARIABLE_SCOPE_BEGIN|[21]|spja|ProjectJobAssociation__c|true|false
00:02:50.0 (93462591)|VARIABLE_ASSIGNMENT|[21]|spja|{"Name":"A-0004","UserLink__c":"0057F000000TrBGQA0","Id":"a087F000009HOLVQA4"}|0x10a642b0
00:02:50.0 (93468367)|STATEMENT_EXECUTE|[21]
00:02:50.0 (93469517)|STATEMENT_EXECUTE|[22]
00:02:50.0 (93478855)|HEAP_ALLOCATE|[22]|Bytes:4
00:02:50.0 (93615781)|SOQL_EXECUTE_BEGIN|[22]|Aggregations:0|SELECT Id, Name FROM User WHERE Id = :tmpVar1
00:02:50.0 (96032822)|SOQL_EXECUTE_END|[22]|Rows:1
00:02:50.0 (96052007)|HEAP_ALLOCATE|[22]|Bytes:8
00:02:50.0 (96064671)|HEAP_ALLOCATE|[22]|Bytes:46
00:02:50.0 (96094174)|HEAP_ALLOCATE|[22]|Bytes:8
00:02:50.0 (96111871)|HEAP_ALLOCATE|[22]|Bytes:12
00:02:50.0 (96118972)|VARIABLE_SCOPE_BEGIN|[22]|user1|User|true|false
00:02:50.0 (96135690)|VARIABLE_ASSIGNMENT|[22]|user1|{"Id":"0057F000000TrBGQA0","Name":"Ravi teja"}|0x7c9d3bb2
00:02:50.0 (96141906)|STATEMENT_EXECUTE|[23]
00:02:50.0 (96167255)|HEAP_ALLOCATE|[23]|Bytes:18
00:02:50.0 (96185423)|HEAP_ALLOCATE|[23]|Bytes:21
00:02:50.0 (96191032)|HEAP_ALLOCATE|[23]|Bytes:64
00:02:50.0 (96201952)|VARIABLE_ASSIGNMENT|[23]|this.nonSelectedUserId|"('0057F000000TpdFQAS (44 more) ..."|0x662d3d4b
00:02:50.0 (96208166)|STATEMENT_EXECUTE|[24]
00:02:50.0 (96236985)|VARIABLE_ASSIGNMENT|[EXTERNAL]|this|{"mysObject":"0x2f47402b","nonSelectedUserId":"('0057F000000TpdFQAS (44 more) ...","pName":"tm Test","selectedUsers":"0x10ed21ac","usersList":"0x848dae7"}|0x662d3d4b
00:02:50.0 (96257465)|HEAP_ALLOCATE|[24]|Bytes:18
00:02:50.0 (96272801)|HEAP_ALLOCATE|[EXTERNAL]|Bytes:4
00:02:50.0 (96287800)|HEAP_ALLOCATE|[21]|Bytes:5
00:02:50.0 (96300009)|HEAP_ALLOCATE|[21]|Bytes:16
00:02:50.0 (96306872)|VARIABLE_SCOPE_BEGIN|[21]|spja|ProjectJobAssociation__c|true|false
00:02:50.0 (96320805)|VARIABLE_ASSIGNMENT|[21]|spja|{"Name":"A-0005","UserLink__c":"0057F000000TrBVQA0","Id":"a087F000009HOLWQA4"}|0x45df693d
00:02:50.0 (96327151)|STATEMENT_EXECUTE|[21]
00:02:50.0 (96328296)|STATEMENT_EXECUTE|[22]
00:02:50.0 (96337571)|HEAP_ALLOCATE|[22]|Bytes:4
00:02:50.0 (96473443)|SOQL_EXECUTE_BEGIN|[22]|Aggregations:0|SELECT Id, Name FROM User WHERE Id = :tmpVar1
00:02:50.0 (98970702)|SOQL_EXECUTE_END|[22]|Rows:1
00:02:50.0 (98987588)|HEAP_ALLOCATE|[22]|Bytes:8
00:02:50.0 (98999604)|HEAP_ALLOCATE|[22]|Bytes:46
00:02:50.0 (99028182)|HEAP_ALLOCATE|[22]|Bytes:8
00:02:50.0 (99045339)|HEAP_ALLOCATE|[22]|Bytes:12
00:02:50.0 (99052752)|VARIABLE_SCOPE_BEGIN|[22]|user1|User|true|false
00:02:50.0 (99069172)|VARIABLE_ASSIGNMENT|[22]|user1|{"Id":"0057F000000TrBVQA0","Name":"Yashwanth"}|0x284c84fa
00:02:50.0 (99075309)|STATEMENT_EXECUTE|[23]
00:02:50.0 (99099266)|HEAP_ALLOCATE|[23]|Bytes:18
00:02:50.0 (99112776)|HEAP_ALLOCATE|[23]|Bytes:21
00:02:50.0 (99117389)|HEAP_ALLOCATE|[23]|Bytes:85
00:02:50.0 (99128654)|VARIABLE_ASSIGNMENT|[23]|this.nonSelectedUserId|"('0057F000000TpdFQAS (65 more) ..."|0x662d3d4b
00:02:50.0 (99133678)|STATEMENT_EXECUTE|[24]
00:02:50.0 (99160106)|VARIABLE_ASSIGNMENT|[EXTERNAL]|this|{"mysObject":"0x2f47402b","nonSelectedUserId":"('0057F000000TpdFQAS (65 more) ...","pName":"tm Test","selectedUsers":"0x10ed21ac","usersList":"0x848dae7"}|0x662d3d4b
00:02:50.0 (99182563)|HEAP_ALLOCATE|[24]|Bytes:18
00:02:50.0 (99197240)|HEAP_ALLOCATE|[EXTERNAL]|Bytes:4
00:02:50.0 (99211729)|HEAP_ALLOCATE|[21]|Bytes:5
00:02:50.0 (99223154)|HEAP_ALLOCATE|[21]|Bytes:16
00:02:50.0 (99230248)|VARIABLE_SCOPE_BEGIN|[21]|spja|ProjectJobAssociation__c|true|false
00:02:50.0 (99243933)|VARIABLE_ASSIGNMENT|[21]|spja|{"Name":"A-0006","UserLink__c":"0057F000000Tz0iQAC","Id":"a087F000009HOLXQA4"}|0x1632d275
00:02:50.0 (99250050)|STATEMENT_EXECUTE|[21]
00:02:50.0 (99251634)|STATEMENT_EXECUTE|[22]
00:02:50.0 (99261348)|HEAP_ALLOCATE|[22]|Bytes:4
00:02:50.0 (99393694)|SOQL_EXECUTE_BEGIN|[22]|Aggregations:0|SELECT Id, Name FROM User WHERE Id = :tmpVar1
00:02:50.0 (101784501)|SOQL_EXECUTE_END|[22]|Rows:1
00:02:50.0 (101801878)|HEAP_ALLOCATE|[22]|Bytes:8
00:02:50.0 (101814166)|HEAP_ALLOCATE|[22]|Bytes:42
00:02:50.0 (101842540)|HEAP_ALLOCATE|[22]|Bytes:8
00:02:50.0 (101859572)|HEAP_ALLOCATE|[22]|Bytes:12
00:02:50.0 (101866556)|VARIABLE_SCOPE_BEGIN|[22]|user1|User|true|false
00:02:50.0 (101882673)|VARIABLE_ASSIGNMENT|[22]|user1|{"Id":"0057F000000Tz0iQAC","Name":"Richa"}|0x5e652db5
00:02:50.0 (101888865)|STATEMENT_EXECUTE|[23]
00:02:50.0 (101927950)|HEAP_ALLOCATE|[23]|Bytes:18
00:02:50.0 (101942332)|HEAP_ALLOCATE|[23]|Bytes:21
00:02:50.0 (101947893)|HEAP_ALLOCATE|[23]|Bytes:106
00:02:50.0 (101959401)|VARIABLE_ASSIGNMENT|[23]|this.nonSelectedUserId|"('0057F000000TpdFQAS (86 more) ..."|0x662d3d4b
00:02:50.0 (101965821)|STATEMENT_EXECUTE|[24]
00:02:50.0 (101994004)|VARIABLE_ASSIGNMENT|[EXTERNAL]|this|{"mysObject":"0x2f47402b","nonSelectedUserId":"('0057F000000TpdFQAS (86 more) ...","pName":"tm Test","selectedUsers":"0x10ed21ac","usersList":"0x848dae7"}|0x662d3d4b
00:02:50.0 (102013054)|HEAP_ALLOCATE|[24]|Bytes:18
00:02:50.0 (102029043)|HEAP_ALLOCATE|[EXTERNAL]|Bytes:4
00:02:50.0 (102043124)|HEAP_ALLOCATE|[21]|Bytes:5
00:02:50.0 (102055568)|VARIABLE_ASSIGNMENT|[21]|spja|null|
00:02:50.0 (102060367)|STATEMENT_EXECUTE|[26]
00:02:50.0 (102114762)|HEAP_ALLOCATE|[26]|Bytes:105
00:02:50.0 (102129695)|VARIABLE_ASSIGNMENT|[26]|this.nonSelectedUserId|"('0057F000000TpdFQAS (85 more) ..."|0x662d3d4b
00:02:50.0 (102135592)|STATEMENT_EXECUTE|[27]
00:02:50.0 (102138879)|HEAP_ALLOCATE|[27]|Bytes:1
00:02:50.0 (102144779)|HEAP_ALLOCATE|[27]|Bytes:106
00:02:50.0 (102151209)|VARIABLE_ASSIGNMENT|[27]|this.nonSelectedUserId|"('0057F000000TpdFQAS (86 more) ..."|0x662d3d4b
00:02:50.0 (102156250)|STATEMENT_EXECUTE|[28]
00:02:50.0 (102158852)|HEAP_ALLOCATE|[28]|Bytes:46
00:02:50.0 (102163815)|HEAP_ALLOCATE|[28]|Bytes:152
00:02:50.0 (102206612)|USER_DEBUG|[28]|DEBUG|----------------------------------------------('0057F000000TpdFQAS','0057F000000TrBBQA0','0057F000000TrBGQA0','0057F000000TrBVQA0','0057F000000Tz0iQAC')
00:02:50.0 (102221557)|SYSTEM_MODE_EXIT|false
00:02:50.0 (102327695)|SYSTEM_MODE_ENTER|true
00:02:50.0 (115706073)|SYSTEM_MODE_ENTER|true
00:02:50.0 (115776657)|HEAP_ALLOCATE|[EXTERNAL]|Bytes:164
00:02:50.0 (115788431)|HEAP_ALLOCATE|[EXTERNAL]|Bytes:12
00:02:50.0 (115803637)|METHOD_ENTRY|[5]|01p7F00000Ehg8E|MultiselectController.MultiselectController()
00:02:50.0 (115810168)|STATEMENT_EXECUTE|[5]
00:02:50.0 (115814864)|STATEMENT_EXECUTE|[5]
00:02:50.0 (115825343)|SYSTEM_MODE_ENTER|false
00:02:50.0 (115837569)|HEAP_ALLOCATE|[EXTERNAL]|Bytes:5
00:02:50.0 (115845896)|SYSTEM_MODE_EXIT|false
00:02:50.0 (115855048)|METHOD_EXIT|[5]|MultiselectController
00:02:50.0 (115873641)|HEAP_ALLOCATE|[EXTERNAL]|Bytes:20
00:02:50.0 (115880710)|VARIABLE_SCOPE_BEGIN|[5]|this|MultiselectController|true|false
00:02:50.0 (115929245)|VARIABLE_ASSIGNMENT|[5]|this|{}|0x2a29218b
00:02:50.0 (115944295)|SYSTEM_MODE_ENTER|false
00:02:50.0 (115948881)|HEAP_ALLOCATE|[EXTERNAL]|Bytes:5
00:02:50.0 (115973126)|SYSTEM_MODE_EXIT|false
00:02:50.0 (115976536)|STATEMENT_EXECUTE|[5]
00:02:50.0 (115981837)|SYSTEM_MODE_ENTER|false
00:02:50.0 (115985310)|HEAP_ALLOCATE|[EXTERNAL]|Bytes:5
00:02:50.0 (115988535)|STATEMENT_EXECUTE|[7]
00:02:50.0 (115989924)|STATEMENT_EXECUTE|[8]
00:02:50.0 (115990785)|STATEMENT_EXECUTE|[23]
00:02:50.0 (115991858)|STATEMENT_EXECUTE|[31]
00:02:50.0 (115993373)|SYSTEM_MODE_EXIT|false
00:02:50.0 (116156965)|SYSTEM_MODE_ENTER|true
00:02:50.0 (116201137)|HEAP_ALLOCATE|[EXTERNAL]|Bytes:24
00:02:50.0 (116291894)|VARIABLE_SCOPE_BEGIN|[31]|this|PM_Project_Edit_Controller|true|false
00:02:50.0 (116332279)|VARIABLE_ASSIGNMENT|[31]|this|{"mysObject":"0x2f47402b","nonSelectedUserId":"('0057F000000TpdFQAS (86 more) ...","pName":"tm Test","selectedUsers":"0x10ed21ac","usersList":"0x848dae7"}|0x662d3d4b
00:02:50.0 (116350492)|SYSTEM_MODE_ENTER|false
00:02:50.0 (116356844)|HEAP_ALLOCATE|[32]|Bytes:5
00:02:50.0 (116361427)|STATEMENT_EXECUTE|[31]
00:02:50.0 (116362646)|STATEMENT_EXECUTE|[32]
00:02:50.0 (116366181)|HEAP_ALLOCATE|[32]|Bytes:62
00:02:50.0 (116385323)|HEAP_ALLOCATE|[32]|Bytes:4
00:02:50.0 (116593349)|SOQL_EXECUTE_BEGIN|[32]|Aggregations:0|SELECT Id, Name FROM UserRole WHERE Name = 'Software Engineer'
00:02:50.0 (119796715)|SOQL_EXECUTE_END|[32]|Rows:1
00:02:50.0 (119816898)|HEAP_ALLOCATE|[32]|Bytes:8
00:02:50.0 (119832155)|HEAP_ALLOCATE|[32]|Bytes:54
00:02:50.0 (119904782)|HEAP_ALLOCATE|[32]|Bytes:8
00:02:50.0 (119917319)|HEAP_ALLOCATE|[32]|Bytes:34
00:02:50.0 (119963844)|HEAP_ALLOCATE|[32]|Bytes:12
00:02:50.0 (119971813)|VARIABLE_SCOPE_BEGIN|[32]|userRole|UserRole|true|false
00:02:50.0 (119990742)|VARIABLE_ASSIGNMENT|[32]|userRole|{"Id":"00E7F000000MdriUAC","Name":"Software Engineer"}|0x7f63add7
00:02:50.0 (120000390)|STATEMENT_EXECUTE|[33]
00:02:50.0 (120003668)|HEAP_ALLOCATE|[33]|Bytes:32
00:02:50.0 (120007777)|HEAP_ALLOCATE|[33]|Bytes:71
00:02:50.0 (120022500)|HEAP_ALLOCATE|[33]|Bytes:177
00:02:50.0 (120338445)|EXCEPTION_THROWN|[33]|System.QueryException: Variable does not exist: userRole.Id
00:02:50.0 (120425715)|HEAP_ALLOCATE|[33]|Bytes:40
00:02:50.0 (120445315)|SYSTEM_MODE_EXIT|false
00:02:50.0 (120521854)|FATAL_ERROR|System.QueryException: Variable does not exist: userRole.Id

Class.PM_Project_Edit_Controller.getUsersList: line 33, column 1
