41.0 APEX_CODE,FINEST;APEX_PROFILING,INFO;CALLOUT,INFO;DB,INFO;SYSTEM,DEBUG;VALIDATION,INFO;VISUALFORCE,INFO;WAVE,INFO;WORKFLOW,INFO
07:46:25.0 (285943)|USER_INFO|[EXTERNAL]|0057F000000Tiz6|ksb994@salesforce.com|Pacific Standard Time|GMT-08:00
07:46:25.0 (313306)|EXECUTION_STARTED
07:46:25.0 (316992)|CODE_UNIT_STARTED|[EXTERNAL]|0667F000004uMWq|VF: /apex/PM_Project_View
07:46:25.0 (5589379)|SYSTEM_MODE_ENTER|true
07:46:25.0 (5879898)|HEAP_ALLOCATE|[72]|Bytes:3
07:46:25.0 (5914727)|HEAP_ALLOCATE|[77]|Bytes:152
07:46:25.0 (5928791)|HEAP_ALLOCATE|[342]|Bytes:408
07:46:25.0 (5943613)|HEAP_ALLOCATE|[355]|Bytes:408
07:46:25.0 (5956723)|HEAP_ALLOCATE|[467]|Bytes:48
07:46:25.0 (5980850)|HEAP_ALLOCATE|[139]|Bytes:6
07:46:25.0 (5993691)|HEAP_ALLOCATE|[EXTERNAL]|Bytes:88
07:46:25.0 (5998895)|HEAP_ALLOCATE|[EXTERNAL]|Bytes:9
07:46:25.0 (6007475)|METHOD_ENTRY|[1]|01p7F00000EhrfL|PM_Project_EditRedirect_Controller.PM_Project_EditRedirect_Controller()
07:46:25.0 (6013333)|STATEMENT_EXECUTE|[1]
07:46:25.0 (6018022)|STATEMENT_EXECUTE|[1]
07:46:25.0 (6047419)|HEAP_ALLOCATE|[50]|Bytes:5
07:46:25.0 (6065821)|HEAP_ALLOCATE|[56]|Bytes:5
07:46:25.0 (6072269)|HEAP_ALLOCATE|[64]|Bytes:7
07:46:25.0 (6092167)|SYSTEM_MODE_ENTER|false
07:46:25.0 (6103188)|HEAP_ALLOCATE|[EXTERNAL]|Bytes:5
07:46:25.0 (6110947)|SYSTEM_MODE_EXIT|false
07:46:25.0 (6118109)|METHOD_EXIT|[1]|PM_Project_EditRedirect_Controller
07:46:25.0 (6130258)|HEAP_ALLOCATE|[EXTERNAL]|Bytes:8
07:46:25.0 (6143364)|VARIABLE_SCOPE_BEGIN|[8]|this|PM_Project_EditRedirect_Controller|true|false
07:46:25.0 (6180785)|VARIABLE_ASSIGNMENT|[8]|this|{}|0x79df262
07:46:25.0 (6188788)|VARIABLE_SCOPE_BEGIN|[8]|stdController|ApexPages.StandardController|true|false
07:46:25.0 (6328115)|VARIABLE_ASSIGNMENT|[8]|stdController|"StandardController [null]"|0x76f0f295
07:46:25.0 (6346706)|SYSTEM_MODE_ENTER|false
07:46:25.0 (6352383)|HEAP_ALLOCATE|[9]|Bytes:5
07:46:25.0 (6356551)|STATEMENT_EXECUTE|[1]
07:46:25.0 (6360587)|HEAP_ALLOCATE|[9]|Bytes:5
07:46:25.0 (6363453)|STATEMENT_EXECUTE|[3]
07:46:25.0 (6371127)|HEAP_ALLOCATE|[9]|Bytes:6
07:46:25.0 (6397321)|STATEMENT_EXECUTE|[8]
07:46:25.0 (6398652)|STATEMENT_EXECUTE|[9]
07:46:25.0 (11758468)|HEAP_ALLOCATE|[9]|Bytes:8
07:46:25.0 (11814156)|VARIABLE_ASSIGNMENT|[EXTERNAL]|this|{}|0x79df262
07:46:25.0 (11831148)|VARIABLE_ASSIGNMENT|[EXTERNAL]|value|{"Id":"a057F0000039WImQAM"}|0x6540e8da
07:46:25.0 (11845096)|VARIABLE_ASSIGNMENT|[3]|this.mysObject|{"Id":"a057F0000039WImQAM"}|0x79df262
07:46:25.0 (11858424)|SYSTEM_MODE_EXIT|false
07:46:25.0 (11927218)|SYSTEM_MODE_ENTER|true
07:46:25.0 (86330455)|VF_SERIALIZE_VIEWSTATE_BEGIN|0667F000004uMWq
07:46:25.0 (87706752)|VF_SERIALIZE_VIEWSTATE_END
07:46:25.90 (90031687)|CUMULATIVE_LIMIT_USAGE
07:46:25.90 (90031687)|LIMIT_USAGE_FOR_NS|(default)|
  Number of SOQL queries: 0 out of 100
  Number of query rows: 0 out of 50000
  Number of SOSL queries: 0 out of 20
  Number of DML statements: 0 out of 150
  Number of DML rows: 0 out of 10000
  Maximum CPU time: 0 out of 10000
  Maximum heap size: 0 out of 6000000
  Number of callouts: 0 out of 100
  Number of Email Invocations: 0 out of 10
  Number of future calls: 0 out of 50
  Number of queueable jobs added to the queue: 0 out of 50
  Number of Mobile Apex push calls: 0 out of 10

07:46:25.90 (90031687)|CUMULATIVE_LIMIT_USAGE_END

07:46:25.0 (90061455)|CODE_UNIT_FINISHED|VF: /apex/PM_Project_View
07:46:25.0 (90923491)|EXECUTION_FINISHED
