36.0 APEX_CODE,FINEST;APEX_PROFILING,INFO;CALLOUT,INFO;DB,INFO;SYSTEM,DEBUG;VALIDATION,INFO;VISUALFORCE,INFO;WAVE,INFO;WORKFLOW,INFO
06:23:06.0 (336424)|USER_INFO|[EXTERNAL]|0057F000000Tiz6|ksb994@salesforce.com|Pacific Standard Time|GMT-08:00
06:23:06.0 (369220)|EXECUTION_STARTED
06:23:06.0 (372946)|CODE_UNIT_STARTED|[EXTERNAL]|0667F000004uRC1|VF: /apex/PM_Project_Edit
06:23:06.0 (14599741)|SYSTEM_MODE_ENTER|true
06:23:06.0 (14955080)|HEAP_ALLOCATE|[72]|Bytes:3
06:23:06.0 (14992681)|HEAP_ALLOCATE|[77]|Bytes:152
06:23:06.0 (15006448)|HEAP_ALLOCATE|[342]|Bytes:408
06:23:06.0 (15021699)|HEAP_ALLOCATE|[355]|Bytes:408
06:23:06.0 (15035134)|HEAP_ALLOCATE|[467]|Bytes:48
06:23:06.0 (15060250)|HEAP_ALLOCATE|[139]|Bytes:6
06:23:06.0 (15073729)|HEAP_ALLOCATE|[EXTERNAL]|Bytes:140
06:23:06.0 (15079244)|HEAP_ALLOCATE|[EXTERNAL]|Bytes:20
06:23:06.0 (15082095)|HEAP_ALLOCATE|[EXTERNAL]|Bytes:2
06:23:06.0 (15090742)|METHOD_ENTRY|[1]|01p7F00000Ehro9|PM_Project_Edit_Controller.PM_Project_Edit_Controller()
06:23:06.0 (15096072)|STATEMENT_EXECUTE|[1]
06:23:06.0 (15100172)|STATEMENT_EXECUTE|[1]
06:23:06.0 (15127141)|HEAP_ALLOCATE|[50]|Bytes:5
06:23:06.0 (15146762)|HEAP_ALLOCATE|[56]|Bytes:5
06:23:06.0 (15153253)|HEAP_ALLOCATE|[64]|Bytes:7
06:23:06.0 (15176279)|SYSTEM_MODE_ENTER|false
06:23:06.0 (15189270)|HEAP_ALLOCATE|[EXTERNAL]|Bytes:5
06:23:06.0 (15196985)|SYSTEM_MODE_EXIT|false
06:23:06.0 (15204427)|METHOD_EXIT|[1]|PM_Project_Edit_Controller
06:23:06.0 (15247948)|HEAP_ALLOCATE|[EXTERNAL]|Bytes:24
06:23:06.0 (15262925)|VARIABLE_SCOPE_BEGIN|[10]|this|PM_Project_Edit_Controller|true|false
06:23:06.0 (15321572)|VARIABLE_ASSIGNMENT|[10]|this|{}|0x34c7859e
06:23:06.0 (15329546)|VARIABLE_SCOPE_BEGIN|[10]|stdController|ApexPages.StandardController|true|false
06:23:06.0 (15488654)|VARIABLE_ASSIGNMENT|[10]|stdController|"StandardController [null]"|0x52a4fb0a
06:23:06.0 (15515616)|SYSTEM_MODE_ENTER|false
06:23:06.0 (15525665)|HEAP_ALLOCATE|[7]|Bytes:5
06:23:06.0 (15532508)|STATEMENT_EXECUTE|[1]
06:23:06.0 (15540770)|HEAP_ALLOCATE|[7]|Bytes:5
06:23:06.0 (15545190)|STATEMENT_EXECUTE|[3]
06:23:06.0 (15547095)|STATEMENT_EXECUTE|[4]
06:23:06.0 (15548538)|STATEMENT_EXECUTE|[6]
06:23:06.0 (15549960)|STATEMENT_EXECUTE|[7]
06:23:06.0 (15569370)|HEAP_ALLOCATE|[7]|Bytes:4
06:23:06.0 (15655131)|HEAP_ALLOCATE|[EXTERNAL]|Bytes:4
06:23:06.0 (15668690)|VARIABLE_ASSIGNMENT|[7]|this.usersList|[]|0x34c7859e
06:23:06.0 (15673675)|STATEMENT_EXECUTE|[8]
06:23:06.0 (15676411)|HEAP_ALLOCATE|[8]|Bytes:1
06:23:06.0 (15685187)|VARIABLE_ASSIGNMENT|[8]|this.nonSelectedUserId|"("|0x34c7859e
06:23:06.0 (15696735)|HEAP_ALLOCATE|[8]|Bytes:6
06:23:06.0 (15729704)|STATEMENT_EXECUTE|[10]
06:23:06.0 (15731515)|STATEMENT_EXECUTE|[11]
06:23:06.0 (15839972)|HEAP_ALLOCATE|[11]|Bytes:4
06:23:06.0 (15886188)|VARIABLE_ASSIGNMENT|[EXTERNAL]|this|{"nonSelectedUserId":"(","usersList":"0xc879d9"}|0x34c7859e
06:23:06.0 (15897814)|VARIABLE_ASSIGNMENT|[EXTERNAL]|value|{}|0x70ab22e2
06:23:06.0 (15906771)|VARIABLE_ASSIGNMENT|[3]|this.project|{}|0x34c7859e
06:23:06.0 (15914216)|STATEMENT_EXECUTE|[12]
06:23:06.0 (15946796)|HEAP_ALLOCATE|[12]|Bytes:46
06:23:06.0 (15980171)|HEAP_ALLOCATE|[12]|Bytes:21
06:23:06.0 (16000853)|HEAP_ALLOCATE|[12]|Bytes:3
06:23:06.0 (16032266)|HEAP_ALLOCATE|[12]|Bytes:4
06:23:06.0 (16037694)|VARIABLE_SCOPE_BEGIN|[12]|pid|Id|false|false
06:23:06.0 (16112142)|VARIABLE_ASSIGNMENT|[12]|pid|"a057F0000039WImQAM"
06:23:06.0 (16118737)|STATEMENT_EXECUTE|[16]
06:23:06.0 (16121431)|HEAP_ALLOCATE|[16]|Bytes:7
06:23:06.0 (16125636)|HEAP_ALLOCATE|[16]|Bytes:10
06:23:06.0 (16138839)|METHOD_ENTRY|[16]|01p7F00000Ehro9|PM_Project_Edit_Controller.getAllFields(String)
06:23:06.0 (16155496)|VARIABLE_SCOPE_BEGIN|[74]|sobjectname|String|false|false
06:23:06.0 (16164416)|VARIABLE_ASSIGNMENT|[74]|sobjectname|"Project__c"
06:23:06.0 (16181058)|HEAP_ALLOCATE|[75]|Bytes:5
06:23:06.0 (16184865)|STATEMENT_EXECUTE|[74]
06:23:06.0 (35838129)|HEAP_ALLOCATE|[75]|Bytes:1468
06:23:06.0 (35897511)|STATEMENT_EXECUTE|[75]
06:23:06.0 (35900410)|STATEMENT_EXECUTE|[78]
06:23:06.0 (40539696)|HEAP_ALLOCATE|[78]|Bytes:1468
06:23:06.0 (40813001)|HEAP_ALLOCATE|[78]|Bytes:4
06:23:06.0 (40868323)|HEAP_ALLOCATE|[78]|Bytes:4
06:23:06.0 (41386367)|HEAP_ALLOCATE|[78]|Bytes:148
06:23:06.0 (41407814)|VARIABLE_SCOPE_BEGIN|[78]|fields|Map<String,Schema.SObjectField>|true|false
06:23:06.0 (41693514)|VARIABLE_ASSIGNMENT|[78]|fields|"{client__c=Client__c, client_project_manager__c=Client_Project_Manager__c, company_project_code__c=Company_project_code__c, cost_centre__c=Cost_Centre__c, createdbyid=CreatedById, createddate=CreatedDate, delivery__c=Delivery__c, end_customer__c=End_Customer__c, footage__c=Footage__c, hours__c=Hours__c, ...}"|0x7fe0e7d2
06:23:06.0 (41706427)|STATEMENT_EXECUTE|[79]
06:23:06.0 (41724918)|HEAP_ALLOCATE|[79]|Bytes:4
06:23:06.0 (41760786)|VARIABLE_SCOPE_BEGIN|[79]|accessiblefields|List<String>|true|false
06:23:06.0 (41791127)|HEAP_ALLOCATE|[EXTERNAL]|Bytes:4
06:23:06.0 (41803077)|VARIABLE_ASSIGNMENT|[79]|accessiblefields|[]|0x159c2aab
06:23:06.0 (41854460)|HEAP_ALLOCATE|[EXTERNAL]|Bytes:148
06:23:06.0 (41873673)|HEAP_ALLOCATE|[80]|Bytes:148
06:23:06.0 (41950091)|HEAP_ALLOCATE|[80]|Bytes:5
06:23:06.0 (41971489)|VARIABLE_SCOPE_BEGIN|[80]|field|Schema.SObjectField|true|false
06:23:06.0 (42043958)|VARIABLE_ASSIGNMENT|[80]|field|"common.apex.runtime.impl.ApexFieldToken@4e73cc23"|0x4e73cc23
06:23:06.0 (42052927)|STATEMENT_EXECUTE|[80]
06:23:06.0 (42542984)|HEAP_ALLOCATE|[81]|Bytes:8
06:23:06.0 (42567132)|STATEMENT_EXECUTE|[82]
06:23:06.0 (42600937)|HEAP_ALLOCATE|[82]|Bytes:8
06:23:06.0 (42616170)|HEAP_ALLOCATE|[82]|Bytes:2
06:23:06.0 (42630015)|HEAP_ALLOCATE|[EXTERNAL]|Bytes:4
06:23:06.0 (42644182)|HEAP_ALLOCATE|[80]|Bytes:5
06:23:06.0 (42658759)|VARIABLE_SCOPE_BEGIN|[80]|field|Schema.SObjectField|true|false
06:23:06.0 (42731992)|VARIABLE_ASSIGNMENT|[80]|field|"common.apex.runtime.impl.ApexFieldToken@36d57c48"|0x36d57c48
06:23:06.0 (42740501)|STATEMENT_EXECUTE|[80]
06:23:06.0 (42881457)|HEAP_ALLOCATE|[81]|Bytes:8
06:23:06.0 (42895983)|STATEMENT_EXECUTE|[82]
06:23:06.0 (42912553)|HEAP_ALLOCATE|[82]|Bytes:8
06:23:06.0 (42920351)|HEAP_ALLOCATE|[82]|Bytes:7
06:23:06.0 (42928994)|HEAP_ALLOCATE|[EXTERNAL]|Bytes:4
06:23:06.0 (42941268)|HEAP_ALLOCATE|[80]|Bytes:5
06:23:06.0 (42954673)|VARIABLE_SCOPE_BEGIN|[80]|field|Schema.SObjectField|true|false
06:23:06.0 (43024582)|VARIABLE_ASSIGNMENT|[80]|field|"common.apex.runtime.impl.ApexFieldToken@42e8d14b"|0x42e8d14b
06:23:06.0 (43032911)|STATEMENT_EXECUTE|[80]
06:23:06.0 (43130761)|HEAP_ALLOCATE|[81]|Bytes:8
06:23:06.0 (43145171)|STATEMENT_EXECUTE|[82]
06:23:06.0 (43161172)|HEAP_ALLOCATE|[82]|Bytes:8
06:23:06.0 (43168838)|HEAP_ALLOCATE|[82]|Bytes:9
06:23:06.0 (43176789)|HEAP_ALLOCATE|[EXTERNAL]|Bytes:4
06:23:06.0 (43188429)|HEAP_ALLOCATE|[80]|Bytes:5
06:23:06.0 (43201045)|VARIABLE_SCOPE_BEGIN|[80]|field|Schema.SObjectField|true|false
06:23:06.0 (43274855)|VARIABLE_ASSIGNMENT|[80]|field|"common.apex.runtime.impl.ApexFieldToken@14a591c6"|0x14a591c6
06:23:06.0 (43282920)|STATEMENT_EXECUTE|[80]
06:23:06.0 (43393727)|HEAP_ALLOCATE|[81]|Bytes:8
06:23:06.0 (43408158)|STATEMENT_EXECUTE|[82]
06:23:06.0 (43424602)|HEAP_ALLOCATE|[82]|Bytes:8
06:23:06.0 (43432365)|HEAP_ALLOCATE|[82]|Bytes:4
06:23:06.0 (43440505)|HEAP_ALLOCATE|[EXTERNAL]|Bytes:4
06:23:06.0 (43451419)|HEAP_ALLOCATE|[80]|Bytes:5
06:23:06.0 (43463522)|VARIABLE_SCOPE_BEGIN|[80]|field|Schema.SObjectField|true|false
06:23:06.0 (43532127)|VARIABLE_ASSIGNMENT|[80]|field|"common.apex.runtime.impl.ApexFieldToken@44e745a5"|0x44e745a5
06:23:06.0 (43539258)|STATEMENT_EXECUTE|[80]
06:23:06.0 (43652697)|HEAP_ALLOCATE|[81]|Bytes:8
06:23:06.0 (43666752)|STATEMENT_EXECUTE|[82]
06:23:06.0 (43682803)|HEAP_ALLOCATE|[82]|Bytes:8
06:23:06.0 (43690215)|HEAP_ALLOCATE|[82]|Bytes:11
06:23:06.0 (43698000)|HEAP_ALLOCATE|[EXTERNAL]|Bytes:4
06:23:06.0 (43709553)|HEAP_ALLOCATE|[80]|Bytes:5
06:23:06.0 (43722146)|VARIABLE_SCOPE_BEGIN|[80]|field|Schema.SObjectField|true|false
06:23:06.0 (43789734)|VARIABLE_ASSIGNMENT|[80]|field|"common.apex.runtime.impl.ApexFieldToken@59cd564d"|0x59cd564d
06:23:06.0 (43797509)|STATEMENT_EXECUTE|[80]
06:23:06.0 (43911004)|HEAP_ALLOCATE|[81]|Bytes:8
06:23:06.0 (43924990)|STATEMENT_EXECUTE|[82]
06:23:06.0 (43940501)|HEAP_ALLOCATE|[82]|Bytes:8
06:23:06.0 (43947841)|HEAP_ALLOCATE|[82]|Bytes:11
06:23:06.0 (43955580)|HEAP_ALLOCATE|[EXTERNAL]|Bytes:4
06:23:06.0 (43968373)|HEAP_ALLOCATE|[80]|Bytes:5
06:23:06.0 (43981738)|VARIABLE_SCOPE_BEGIN|[80]|field|Schema.SObjectField|true|false
06:23:06.0 (44049140)|VARIABLE_ASSIGNMENT|[80]|field|"common.apex.runtime.impl.ApexFieldToken@5daba6b6"|0x5daba6b6
06:23:06.0 (44057502)|STATEMENT_EXECUTE|[80]
06:23:06.0 (44165051)|HEAP_ALLOCATE|[81]|Bytes:8
06:23:06.0 (44178979)|STATEMENT_EXECUTE|[82]
06:23:06.0 (44194560)|HEAP_ALLOCATE|[82]|Bytes:8
06:23:06.0 (44202001)|HEAP_ALLOCATE|[82]|Bytes:16
06:23:06.0 (44209962)|HEAP_ALLOCATE|[EXTERNAL]|Bytes:4
06:23:06.0 (44221251)|HEAP_ALLOCATE|[80]|Bytes:5
06:23:06.0 (44238766)|VARIABLE_SCOPE_BEGIN|[80]|field|Schema.SObjectField|true|false
06:23:06.0 (44310958)|VARIABLE_ASSIGNMENT|[80]|field|"common.apex.runtime.impl.ApexFieldToken@65383764"|0x65383764
06:23:06.0 (44318487)|STATEMENT_EXECUTE|[80]
06:23:06.0 (44434266)|HEAP_ALLOCATE|[81]|Bytes:8
06:23:06.0 (44447847)|STATEMENT_EXECUTE|[82]
06:23:06.0 (44463332)|HEAP_ALLOCATE|[82]|Bytes:8
06:23:06.0 (44470739)|HEAP_ALLOCATE|[82]|Bytes:16
06:23:06.0 (44478524)|HEAP_ALLOCATE|[EXTERNAL]|Bytes:4
06:23:06.0 (44489444)|HEAP_ALLOCATE|[80]|Bytes:5
06:23:06.0 (44502129)|VARIABLE_SCOPE_BEGIN|[80]|field|Schema.SObjectField|true|false
06:23:06.0 (44569613)|VARIABLE_ASSIGNMENT|[80]|field|"common.apex.runtime.impl.ApexFieldToken@1b0c9c0b"|0x1b0c9c0b
06:23:06.0 (44577256)|STATEMENT_EXECUTE|[80]
06:23:06.0 (44666879)|HEAP_ALLOCATE|[81]|Bytes:8
06:23:06.0 (44679822)|STATEMENT_EXECUTE|[82]
06:23:06.0 (44694881)|HEAP_ALLOCATE|[82]|Bytes:8
06:23:06.0 (44702406)|HEAP_ALLOCATE|[82]|Bytes:14
06:23:06.0 (44710113)|HEAP_ALLOCATE|[EXTERNAL]|Bytes:4
06:23:06.0 (44720976)|HEAP_ALLOCATE|[80]|Bytes:5
06:23:06.0 (44732890)|VARIABLE_SCOPE_BEGIN|[80]|field|Schema.SObjectField|true|false
06:23:06.0 (44800395)|VARIABLE_ASSIGNMENT|[80]|field|"common.apex.runtime.impl.ApexFieldToken@28c0ce19"|0x28c0ce19
06:23:06.0 (44807714)|STATEMENT_EXECUTE|[80]
06:23:06.0 (44894486)|HEAP_ALLOCATE|[81]|Bytes:8
06:23:06.0 (44907603)|STATEMENT_EXECUTE|[82]
06:23:06.0 (44923017)|HEAP_ALLOCATE|[82]|Bytes:8
06:23:06.0 (44934681)|HEAP_ALLOCATE|[82]|Bytes:16
06:23:06.0 (44946796)|HEAP_ALLOCATE|[EXTERNAL]|Bytes:4
06:23:06.0 (44963923)|HEAP_ALLOCATE|[80]|Bytes:5
06:23:06.0 (44983458)|VARIABLE_SCOPE_BEGIN|[80]|field|Schema.SObjectField|true|false
06:23:06.0 (45060019)|VARIABLE_ASSIGNMENT|[80]|field|"common.apex.runtime.impl.ApexFieldToken@28de43a1"|0x28de43a1
06:23:06.0 (45072844)|STATEMENT_EXECUTE|[80]
06:23:06.0 (45183009)|HEAP_ALLOCATE|[81]|Bytes:8
06:23:06.0 (45199681)|STATEMENT_EXECUTE|[82]
06:23:06.0 (45216706)|HEAP_ALLOCATE|[82]|Bytes:8
06:23:06.0 (45231066)|HEAP_ALLOCATE|[82]|Bytes:14
06:23:06.0 (45241928)|HEAP_ALLOCATE|[EXTERNAL]|Bytes:4
06:23:06.0 (45254752)|HEAP_ALLOCATE|[80]|Bytes:5
06:23:06.0 (45267796)|VARIABLE_SCOPE_BEGIN|[80]|field|Schema.SObjectField|true|false
06:23:06.0 (45341555)|VARIABLE_ASSIGNMENT|[80]|field|"common.apex.runtime.impl.ApexFieldToken@cf9c2c9"|0xcf9c2c9
06:23:06.0 (45349213)|STATEMENT_EXECUTE|[80]
06:23:06.0 (45466606)|HEAP_ALLOCATE|[81]|Bytes:8
06:23:06.0 (45484048)|STATEMENT_EXECUTE|[82]
06:23:06.0 (45507145)|HEAP_ALLOCATE|[82]|Bytes:8
06:23:06.0 (45521178)|HEAP_ALLOCATE|[82]|Bytes:18
06:23:06.0 (45533358)|HEAP_ALLOCATE|[EXTERNAL]|Bytes:4
06:23:06.0 (45551032)|HEAP_ALLOCATE|[80]|Bytes:5
06:23:06.0 (45572252)|VARIABLE_SCOPE_BEGIN|[80]|field|Schema.SObjectField|true|false
06:23:06.0 (45650400)|VARIABLE_ASSIGNMENT|[80]|field|"common.apex.runtime.impl.ApexFieldToken@73eaeb99"|0x73eaeb99
06:23:06.0 (45661886)|STATEMENT_EXECUTE|[80]
06:23:06.0 (46197072)|HEAP_ALLOCATE|[81]|Bytes:8
06:23:06.0 (46215542)|STATEMENT_EXECUTE|[82]
06:23:06.0 (46241804)|HEAP_ALLOCATE|[82]|Bytes:8
06:23:06.0 (46251988)|HEAP_ALLOCATE|[82]|Bytes:9
06:23:06.0 (46261310)|HEAP_ALLOCATE|[EXTERNAL]|Bytes:4
06:23:06.0 (46275241)|HEAP_ALLOCATE|[80]|Bytes:5
06:23:06.0 (46290673)|VARIABLE_SCOPE_BEGIN|[80]|field|Schema.SObjectField|true|false
06:23:06.0 (46364834)|VARIABLE_ASSIGNMENT|[80]|field|"common.apex.runtime.impl.ApexFieldToken@5d7443fb"|0x5d7443fb
06:23:06.0 (46372745)|STATEMENT_EXECUTE|[80]
06:23:06.0 (46501424)|HEAP_ALLOCATE|[81]|Bytes:8
06:23:06.0 (46517963)|STATEMENT_EXECUTE|[82]
06:23:06.0 (46540389)|HEAP_ALLOCATE|[82]|Bytes:8
06:23:06.0 (46551981)|HEAP_ALLOCATE|[82]|Bytes:15
06:23:06.0 (46561374)|HEAP_ALLOCATE|[EXTERNAL]|Bytes:4
06:23:06.0 (46574368)|HEAP_ALLOCATE|[80]|Bytes:5
06:23:06.0 (46587912)|VARIABLE_SCOPE_BEGIN|[80]|field|Schema.SObjectField|true|false
06:23:06.0 (46669248)|VARIABLE_ASSIGNMENT|[80]|field|"common.apex.runtime.impl.ApexFieldToken@7edd0bf"|0x7edd0bf
06:23:06.0 (46683386)|STATEMENT_EXECUTE|[80]
06:23:06.0 (46797981)|HEAP_ALLOCATE|[81]|Bytes:8
06:23:06.0 (46817675)|STATEMENT_EXECUTE|[82]
06:23:06.0 (46849836)|HEAP_ALLOCATE|[82]|Bytes:8
06:23:06.0 (46865419)|HEAP_ALLOCATE|[82]|Bytes:19
06:23:06.0 (46877583)|HEAP_ALLOCATE|[EXTERNAL]|Bytes:4
06:23:06.0 (46893079)|HEAP_ALLOCATE|[80]|Bytes:5
06:23:06.0 (46906878)|VARIABLE_SCOPE_BEGIN|[80]|field|Schema.SObjectField|true|false
06:23:06.0 (46976998)|VARIABLE_ASSIGNMENT|[80]|field|"common.apex.runtime.impl.ApexFieldToken@45c0a501"|0x45c0a501
06:23:06.0 (46984665)|STATEMENT_EXECUTE|[80]
06:23:06.0 (47089398)|HEAP_ALLOCATE|[81]|Bytes:8
06:23:06.0 (47103961)|STATEMENT_EXECUTE|[82]
06:23:06.0 (47120473)|HEAP_ALLOCATE|[82]|Bytes:8
06:23:06.0 (47127887)|HEAP_ALLOCATE|[82]|Bytes:14
06:23:06.0 (47135800)|HEAP_ALLOCATE|[EXTERNAL]|Bytes:4
06:23:06.0 (47147840)|HEAP_ALLOCATE|[80]|Bytes:5
06:23:06.0 (47160186)|VARIABLE_SCOPE_BEGIN|[80]|field|Schema.SObjectField|true|false
06:23:06.0 (47233398)|VARIABLE_ASSIGNMENT|[80]|field|"common.apex.runtime.impl.ApexFieldToken@61d23803"|0x61d23803
06:23:06.0 (47241252)|STATEMENT_EXECUTE|[80]
06:23:06.0 (47341545)|HEAP_ALLOCATE|[81]|Bytes:8
06:23:06.0 (47355191)|STATEMENT_EXECUTE|[82]
06:23:06.0 (47371961)|HEAP_ALLOCATE|[82]|Bytes:8
06:23:06.0 (47379660)|HEAP_ALLOCATE|[82]|Bytes:25
06:23:06.0 (47387711)|HEAP_ALLOCATE|[EXTERNAL]|Bytes:4
06:23:06.0 (47399168)|HEAP_ALLOCATE|[80]|Bytes:5
06:23:06.0 (47411586)|VARIABLE_SCOPE_BEGIN|[80]|field|Schema.SObjectField|true|false
06:23:06.0 (47480331)|VARIABLE_ASSIGNMENT|[80]|field|"common.apex.runtime.impl.ApexFieldToken@1ec6d459"|0x1ec6d459
06:23:06.0 (47488044)|STATEMENT_EXECUTE|[80]
06:23:06.0 (47582441)|HEAP_ALLOCATE|[81]|Bytes:8
06:23:06.0 (47595414)|STATEMENT_EXECUTE|[82]
06:23:06.0 (47611360)|HEAP_ALLOCATE|[82]|Bytes:8
06:23:06.0 (47623837)|HEAP_ALLOCATE|[82]|Bytes:15
06:23:06.0 (47632104)|HEAP_ALLOCATE|[EXTERNAL]|Bytes:4
06:23:06.0 (47643525)|HEAP_ALLOCATE|[80]|Bytes:5
06:23:06.0 (47655806)|VARIABLE_SCOPE_BEGIN|[80]|field|Schema.SObjectField|true|false
06:23:06.0 (47722647)|VARIABLE_ASSIGNMENT|[80]|field|"common.apex.runtime.impl.ApexFieldToken@77478716"|0x77478716
06:23:06.0 (47730025)|STATEMENT_EXECUTE|[80]
06:23:06.0 (47822297)|HEAP_ALLOCATE|[81]|Bytes:8
06:23:06.0 (47835657)|STATEMENT_EXECUTE|[82]
06:23:06.0 (47851611)|HEAP_ALLOCATE|[82]|Bytes:8
06:23:06.0 (47859017)|HEAP_ALLOCATE|[82]|Bytes:23
06:23:06.0 (47866654)|HEAP_ALLOCATE|[EXTERNAL]|Bytes:4
06:23:06.0 (47877567)|HEAP_ALLOCATE|[80]|Bytes:5
06:23:06.0 (47889573)|VARIABLE_SCOPE_BEGIN|[80]|field|Schema.SObjectField|true|false
06:23:06.0 (47956602)|VARIABLE_ASSIGNMENT|[80]|field|"common.apex.runtime.impl.ApexFieldToken@37efcc52"|0x37efcc52
06:23:06.0 (47964070)|STATEMENT_EXECUTE|[80]
06:23:06.0 (48056965)|HEAP_ALLOCATE|[81]|Bytes:8
06:23:06.0 (48070630)|STATEMENT_EXECUTE|[82]
06:23:06.0 (48086531)|HEAP_ALLOCATE|[82]|Bytes:8
06:23:06.0 (48093755)|HEAP_ALLOCATE|[82]|Bytes:16
06:23:06.0 (48101166)|HEAP_ALLOCATE|[EXTERNAL]|Bytes:4
06:23:06.0 (48112186)|HEAP_ALLOCATE|[80]|Bytes:5
06:23:06.0 (48124062)|VARIABLE_SCOPE_BEGIN|[80]|field|Schema.SObjectField|true|false
06:23:06.0 (48191137)|VARIABLE_ASSIGNMENT|[80]|field|"common.apex.runtime.impl.ApexFieldToken@478df88c"|0x478df88c
06:23:06.0 (48198738)|STATEMENT_EXECUTE|[80]
06:23:06.0 (48297394)|HEAP_ALLOCATE|[81]|Bytes:8
06:23:06.0 (48310632)|STATEMENT_EXECUTE|[82]
06:23:06.0 (48326655)|HEAP_ALLOCATE|[82]|Bytes:8
06:23:06.0 (48334155)|HEAP_ALLOCATE|[82]|Bytes:14
06:23:06.0 (48342087)|HEAP_ALLOCATE|[EXTERNAL]|Bytes:4
06:23:06.0 (48353168)|HEAP_ALLOCATE|[80]|Bytes:5
06:23:06.0 (48364988)|VARIABLE_SCOPE_BEGIN|[80]|field|Schema.SObjectField|true|false
06:23:06.0 (48432201)|VARIABLE_ASSIGNMENT|[80]|field|"common.apex.runtime.impl.ApexFieldToken@6f418838"|0x6f418838
06:23:06.0 (48439577)|STATEMENT_EXECUTE|[80]
06:23:06.0 (48534642)|HEAP_ALLOCATE|[81]|Bytes:8
06:23:06.0 (48547999)|STATEMENT_EXECUTE|[82]
06:23:06.0 (48563689)|HEAP_ALLOCATE|[82]|Bytes:8
06:23:06.0 (48570849)|HEAP_ALLOCATE|[82]|Bytes:13
06:23:06.0 (48578538)|HEAP_ALLOCATE|[EXTERNAL]|Bytes:4
06:23:06.0 (48589449)|HEAP_ALLOCATE|[80]|Bytes:5
06:23:06.0 (48601024)|VARIABLE_SCOPE_BEGIN|[80]|field|Schema.SObjectField|true|false
06:23:06.0 (48666495)|VARIABLE_ASSIGNMENT|[80]|field|"common.apex.runtime.impl.ApexFieldToken@2475ddf1"|0x2475ddf1
06:23:06.0 (48673959)|STATEMENT_EXECUTE|[80]
06:23:06.0 (48764673)|HEAP_ALLOCATE|[81]|Bytes:8
06:23:06.0 (48777683)|STATEMENT_EXECUTE|[82]
06:23:06.0 (48793455)|HEAP_ALLOCATE|[82]|Bytes:8
06:23:06.0 (48801054)|HEAP_ALLOCATE|[82]|Bytes:5
06:23:06.0 (48808301)|HEAP_ALLOCATE|[EXTERNAL]|Bytes:4
06:23:06.0 (48819100)|HEAP_ALLOCATE|[80]|Bytes:5
06:23:06.0 (48830165)|VARIABLE_SCOPE_BEGIN|[80]|field|Schema.SObjectField|true|false
06:23:06.0 (48895824)|VARIABLE_ASSIGNMENT|[80]|field|"common.apex.runtime.impl.ApexFieldToken@6db11871"|0x6db11871
06:23:06.0 (48903283)|STATEMENT_EXECUTE|[80]
06:23:06.0 (48993652)|HEAP_ALLOCATE|[81]|Bytes:8
06:23:06.0 (49006674)|STATEMENT_EXECUTE|[82]
06:23:06.0 (49022685)|HEAP_ALLOCATE|[82]|Bytes:8
06:23:06.0 (49030132)|HEAP_ALLOCATE|[82]|Bytes:11
06:23:06.0 (49038238)|HEAP_ALLOCATE|[EXTERNAL]|Bytes:4
06:23:06.0 (49048935)|HEAP_ALLOCATE|[80]|Bytes:5
06:23:06.0 (49060309)|VARIABLE_SCOPE_BEGIN|[80]|field|Schema.SObjectField|true|false
06:23:06.0 (49126827)|VARIABLE_ASSIGNMENT|[80]|field|"common.apex.runtime.impl.ApexFieldToken@45d0d4d3"|0x45d0d4d3
06:23:06.0 (49134205)|STATEMENT_EXECUTE|[80]
06:23:06.0 (49229931)|HEAP_ALLOCATE|[81]|Bytes:8
06:23:06.0 (49243448)|STATEMENT_EXECUTE|[82]
06:23:06.0 (49259416)|HEAP_ALLOCATE|[82]|Bytes:8
06:23:06.0 (49266905)|HEAP_ALLOCATE|[82]|Bytes:5
06:23:06.0 (49274603)|HEAP_ALLOCATE|[EXTERNAL]|Bytes:4
06:23:06.0 (49286021)|HEAP_ALLOCATE|[80]|Bytes:5
06:23:06.0 (49301448)|VARIABLE_SCOPE_BEGIN|[80]|field|Schema.SObjectField|true|false
06:23:06.0 (49367191)|VARIABLE_ASSIGNMENT|[80]|field|"common.apex.runtime.impl.ApexFieldToken@26338419"|0x26338419
06:23:06.0 (49374428)|STATEMENT_EXECUTE|[80]
06:23:06.0 (49548654)|HEAP_ALLOCATE|[81]|Bytes:8
06:23:06.0 (49563676)|STATEMENT_EXECUTE|[82]
06:23:06.0 (49580699)|HEAP_ALLOCATE|[82]|Bytes:8
06:23:06.0 (49588839)|HEAP_ALLOCATE|[82]|Bytes:25
06:23:06.0 (49597059)|HEAP_ALLOCATE|[EXTERNAL]|Bytes:4
06:23:06.0 (49608850)|HEAP_ALLOCATE|[80]|Bytes:5
06:23:06.0 (49621905)|VARIABLE_SCOPE_BEGIN|[80]|field|Schema.SObjectField|true|false
06:23:06.0 (49690067)|VARIABLE_ASSIGNMENT|[80]|field|"common.apex.runtime.impl.ApexFieldToken@2ca34f7b"|0x2ca34f7b
06:23:06.0 (49697641)|STATEMENT_EXECUTE|[80]
06:23:06.0 (49828442)|HEAP_ALLOCATE|[81]|Bytes:8
06:23:06.0 (49842458)|STATEMENT_EXECUTE|[82]
06:23:06.0 (49858723)|HEAP_ALLOCATE|[82]|Bytes:8
06:23:06.0 (49866564)|HEAP_ALLOCATE|[82]|Bytes:12
06:23:06.0 (49874727)|HEAP_ALLOCATE|[EXTERNAL]|Bytes:4
06:23:06.0 (49885983)|HEAP_ALLOCATE|[80]|Bytes:5
06:23:06.0 (49898555)|VARIABLE_SCOPE_BEGIN|[80]|field|Schema.SObjectField|true|false
06:23:06.0 (49968225)|VARIABLE_ASSIGNMENT|[80]|field|"common.apex.runtime.impl.ApexFieldToken@49b4a80e"|0x49b4a80e
06:23:06.0 (49976354)|STATEMENT_EXECUTE|[80]
06:23:06.0 (50086820)|HEAP_ALLOCATE|[81]|Bytes:8
06:23:06.0 (50101704)|STATEMENT_EXECUTE|[82]
06:23:06.0 (50123619)|HEAP_ALLOCATE|[82]|Bytes:8
06:23:06.0 (50134095)|HEAP_ALLOCATE|[82]|Bytes:21
06:23:06.0 (50142680)|HEAP_ALLOCATE|[EXTERNAL]|Bytes:4
06:23:06.0 (50154699)|HEAP_ALLOCATE|[80]|Bytes:5
06:23:06.0 (50167104)|VARIABLE_SCOPE_BEGIN|[80]|field|Schema.SObjectField|true|false
06:23:06.0 (50242892)|VARIABLE_ASSIGNMENT|[80]|field|"common.apex.runtime.impl.ApexFieldToken@a819ba7"|0xa819ba7
06:23:06.0 (50254456)|STATEMENT_EXECUTE|[80]
06:23:06.0 (50402440)|HEAP_ALLOCATE|[81]|Bytes:8
06:23:06.0 (50423031)|STATEMENT_EXECUTE|[82]
06:23:06.0 (50452789)|HEAP_ALLOCATE|[82]|Bytes:8
06:23:06.0 (50468498)|HEAP_ALLOCATE|[82]|Bytes:19
06:23:06.0 (50482140)|HEAP_ALLOCATE|[EXTERNAL]|Bytes:4
06:23:06.0 (50500074)|HEAP_ALLOCATE|[80]|Bytes:5
06:23:06.0 (50515056)|VARIABLE_SCOPE_BEGIN|[80]|field|Schema.SObjectField|true|false
06:23:06.0 (50584732)|VARIABLE_ASSIGNMENT|[80]|field|"common.apex.runtime.impl.ApexFieldToken@3028c5a2"|0x3028c5a2
06:23:06.0 (50592501)|STATEMENT_EXECUTE|[80]
06:23:06.0 (50697823)|HEAP_ALLOCATE|[81]|Bytes:8
06:23:06.0 (50712257)|STATEMENT_EXECUTE|[82]
06:23:06.0 (50729155)|HEAP_ALLOCATE|[82]|Bytes:8
06:23:06.0 (50736735)|HEAP_ALLOCATE|[82]|Bytes:8
06:23:06.0 (50744801)|HEAP_ALLOCATE|[EXTERNAL]|Bytes:4
06:23:06.0 (50756339)|HEAP_ALLOCATE|[80]|Bytes:5
06:23:06.0 (50768084)|VARIABLE_SCOPE_BEGIN|[80]|field|Schema.SObjectField|true|false
06:23:06.0 (50835347)|VARIABLE_ASSIGNMENT|[80]|field|"common.apex.runtime.impl.ApexFieldToken@6c69c4b"|0x6c69c4b
06:23:06.0 (50843059)|STATEMENT_EXECUTE|[80]
06:23:06.0 (50938240)|HEAP_ALLOCATE|[81]|Bytes:8
06:23:06.0 (50951479)|STATEMENT_EXECUTE|[82]
06:23:06.0 (50967694)|HEAP_ALLOCATE|[82]|Bytes:8
06:23:06.0 (50975222)|HEAP_ALLOCATE|[82]|Bytes:8
06:23:06.0 (50982682)|HEAP_ALLOCATE|[EXTERNAL]|Bytes:4
06:23:06.0 (50993808)|HEAP_ALLOCATE|[80]|Bytes:5
06:23:06.0 (51005722)|VARIABLE_SCOPE_BEGIN|[80]|field|Schema.SObjectField|true|false
06:23:06.0 (51073202)|VARIABLE_ASSIGNMENT|[80]|field|"common.apex.runtime.impl.ApexFieldToken@6adea045"|0x6adea045
06:23:06.0 (51081105)|STATEMENT_EXECUTE|[80]
06:23:06.0 (51173273)|HEAP_ALLOCATE|[81]|Bytes:8
06:23:06.0 (51186412)|STATEMENT_EXECUTE|[82]
06:23:06.0 (51202197)|HEAP_ALLOCATE|[82]|Bytes:8
06:23:06.0 (51209644)|HEAP_ALLOCATE|[82]|Bytes:10
06:23:06.0 (51217488)|HEAP_ALLOCATE|[EXTERNAL]|Bytes:4
06:23:06.0 (51233207)|HEAP_ALLOCATE|[80]|Bytes:5
06:23:06.0 (51246156)|VARIABLE_SCOPE_BEGIN|[80]|field|Schema.SObjectField|true|false
06:23:06.0 (51316989)|VARIABLE_ASSIGNMENT|[80]|field|"common.apex.runtime.impl.ApexFieldToken@6c84521a"|0x6c84521a
06:23:06.0 (51325086)|STATEMENT_EXECUTE|[80]
06:23:06.0 (51440948)|HEAP_ALLOCATE|[81]|Bytes:8
06:23:06.0 (51455018)|STATEMENT_EXECUTE|[82]
06:23:06.0 (51471308)|HEAP_ALLOCATE|[82]|Bytes:8
06:23:06.0 (51478812)|HEAP_ALLOCATE|[82]|Bytes:8
06:23:06.0 (51486851)|HEAP_ALLOCATE|[EXTERNAL]|Bytes:4
06:23:06.0 (51498392)|HEAP_ALLOCATE|[80]|Bytes:5
06:23:06.0 (51510526)|VARIABLE_SCOPE_BEGIN|[80]|field|Schema.SObjectField|true|false
06:23:06.0 (51578842)|VARIABLE_ASSIGNMENT|[80]|field|"common.apex.runtime.impl.ApexFieldToken@1a778ffd"|0x1a778ffd
06:23:06.0 (51586746)|STATEMENT_EXECUTE|[80]
06:23:06.0 (51679103)|HEAP_ALLOCATE|[81]|Bytes:8
06:23:06.0 (51692653)|STATEMENT_EXECUTE|[82]
06:23:06.0 (51708571)|HEAP_ALLOCATE|[82]|Bytes:8
06:23:06.0 (51715708)|HEAP_ALLOCATE|[82]|Bytes:7
06:23:06.0 (51723046)|HEAP_ALLOCATE|[EXTERNAL]|Bytes:4
06:23:06.0 (51734167)|HEAP_ALLOCATE|[80]|Bytes:5
06:23:06.0 (51745755)|VARIABLE_SCOPE_BEGIN|[80]|field|Schema.SObjectField|true|false
06:23:06.0 (51812069)|VARIABLE_ASSIGNMENT|[80]|field|"common.apex.runtime.impl.ApexFieldToken@28e17c3c"|0x28e17c3c
06:23:06.0 (51819417)|STATEMENT_EXECUTE|[80]
06:23:06.0 (51908382)|HEAP_ALLOCATE|[81]|Bytes:8
06:23:06.0 (51921137)|STATEMENT_EXECUTE|[82]
06:23:06.0 (51936556)|HEAP_ALLOCATE|[82]|Bytes:8
06:23:06.0 (51943631)|HEAP_ALLOCATE|[82]|Bytes:8
06:23:06.0 (51950914)|HEAP_ALLOCATE|[EXTERNAL]|Bytes:4
06:23:06.0 (51961750)|HEAP_ALLOCATE|[80]|Bytes:5
06:23:06.0 (51973288)|VARIABLE_SCOPE_BEGIN|[80]|field|Schema.SObjectField|true|false
06:23:06.0 (52039804)|VARIABLE_ASSIGNMENT|[80]|field|"common.apex.runtime.impl.ApexFieldToken@37a22ded"|0x37a22ded
06:23:06.0 (52048025)|STATEMENT_EXECUTE|[80]
06:23:06.0 (52139679)|HEAP_ALLOCATE|[81]|Bytes:8
06:23:06.0 (52152826)|STATEMENT_EXECUTE|[82]
06:23:06.0 (52167732)|HEAP_ALLOCATE|[82]|Bytes:8
06:23:06.0 (52174916)|HEAP_ALLOCATE|[82]|Bytes:7
06:23:06.0 (52182799)|HEAP_ALLOCATE|[EXTERNAL]|Bytes:4
06:23:06.0 (52194049)|HEAP_ALLOCATE|[80]|Bytes:5
06:23:06.0 (52204651)|VARIABLE_ASSIGNMENT|[80]|field|null|
06:23:06.0 (52209676)|STATEMENT_EXECUTE|[84]
06:23:06.0 (52214859)|VARIABLE_SCOPE_BEGIN|[84]|allfields|String|false|false
06:23:06.0 (52228474)|VARIABLE_ASSIGNMENT|[84]|allfields|""
06:23:06.0 (52271702)|HEAP_ALLOCATE|[85]|Bytes:5
06:23:06.0 (52279755)|HEAP_ALLOCATE|[85]|Bytes:2
06:23:06.0 (52285989)|VARIABLE_SCOPE_BEGIN|[85]|fieldname|String|false|false
06:23:06.0 (52297302)|VARIABLE_ASSIGNMENT|[85]|fieldname|"Id"
06:23:06.0 (52301319)|STATEMENT_EXECUTE|[86]
06:23:06.0 (52303523)|HEAP_ALLOCATE|[86]|Bytes:1
06:23:06.0 (52321417)|HEAP_ALLOCATE|[86]|Bytes:3
06:23:06.0 (52326065)|HEAP_ALLOCATE|[86]|Bytes:3
06:23:06.0 (52330473)|VARIABLE_ASSIGNMENT|[86]|allfields|"Id,"
06:23:06.0 (52339231)|HEAP_ALLOCATE|[85]|Bytes:5
06:23:06.0 (52345489)|HEAP_ALLOCATE|[85]|Bytes:7
06:23:06.0 (52349534)|VARIABLE_SCOPE_BEGIN|[85]|fieldname|String|false|false
06:23:06.0 (52355921)|VARIABLE_ASSIGNMENT|[85]|fieldname|"OwnerId"
06:23:06.0 (52359185)|STATEMENT_EXECUTE|[86]
06:23:06.0 (52362206)|HEAP_ALLOCATE|[86]|Bytes:8
06:23:06.0 (52365860)|HEAP_ALLOCATE|[86]|Bytes:11
06:23:06.0 (52370132)|VARIABLE_ASSIGNMENT|[86]|allfields|"Id,OwnerId,"
06:23:06.0 (52376769)|HEAP_ALLOCATE|[85]|Bytes:5
06:23:06.0 (52382290)|HEAP_ALLOCATE|[85]|Bytes:9
06:23:06.0 (52385917)|VARIABLE_SCOPE_BEGIN|[85]|fieldname|String|false|false
06:23:06.0 (52392206)|VARIABLE_ASSIGNMENT|[85]|fieldname|"IsDeleted"
06:23:06.0 (52395403)|STATEMENT_EXECUTE|[86]
06:23:06.0 (52397738)|HEAP_ALLOCATE|[86]|Bytes:10
06:23:06.0 (52401135)|HEAP_ALLOCATE|[86]|Bytes:21
06:23:06.0 (52407387)|VARIABLE_ASSIGNMENT|[86]|allfields|"Id,OwnerId,IsDeleted (1 more) ..."
06:23:06.0 (52414049)|HEAP_ALLOCATE|[85]|Bytes:5
06:23:06.0 (52419458)|HEAP_ALLOCATE|[85]|Bytes:4
06:23:06.0 (52422885)|VARIABLE_SCOPE_BEGIN|[85]|fieldname|String|false|false
06:23:06.0 (52428796)|VARIABLE_ASSIGNMENT|[85]|fieldname|"Name"
06:23:06.0 (52431952)|STATEMENT_EXECUTE|[86]
06:23:06.0 (52434296)|HEAP_ALLOCATE|[86]|Bytes:5
06:23:06.0 (52437605)|HEAP_ALLOCATE|[86]|Bytes:26
06:23:06.0 (52442370)|VARIABLE_ASSIGNMENT|[86]|allfields|"Id,OwnerId,IsDeleted (6 more) ..."
06:23:06.0 (52448775)|HEAP_ALLOCATE|[85]|Bytes:5
06:23:06.0 (52454072)|HEAP_ALLOCATE|[85]|Bytes:11
06:23:06.0 (52457636)|VARIABLE_SCOPE_BEGIN|[85]|fieldname|String|false|false
06:23:06.0 (52463608)|VARIABLE_ASSIGNMENT|[85]|fieldname|"CreatedDate"
06:23:06.0 (52466928)|STATEMENT_EXECUTE|[86]
06:23:06.0 (52469177)|HEAP_ALLOCATE|[86]|Bytes:12
06:23:06.0 (52472337)|HEAP_ALLOCATE|[86]|Bytes:38
06:23:06.0 (52477292)|VARIABLE_ASSIGNMENT|[86]|allfields|"Id,OwnerId,IsDeleted (18 more) ..."
06:23:06.0 (52483939)|HEAP_ALLOCATE|[85]|Bytes:5
06:23:06.0 (52489016)|HEAP_ALLOCATE|[85]|Bytes:11
06:23:06.0 (52492667)|VARIABLE_SCOPE_BEGIN|[85]|fieldname|String|false|false
06:23:06.0 (52498424)|VARIABLE_ASSIGNMENT|[85]|fieldname|"CreatedById"
06:23:06.0 (52501274)|STATEMENT_EXECUTE|[86]
06:23:06.0 (52503497)|HEAP_ALLOCATE|[86]|Bytes:12
06:23:06.0 (52506711)|HEAP_ALLOCATE|[86]|Bytes:50
06:23:06.0 (52510959)|VARIABLE_ASSIGNMENT|[86]|allfields|"Id,OwnerId,IsDeleted (30 more) ..."
06:23:06.0 (52517372)|HEAP_ALLOCATE|[85]|Bytes:5
06:23:06.0 (52522464)|HEAP_ALLOCATE|[85]|Bytes:16
06:23:06.0 (52525976)|VARIABLE_SCOPE_BEGIN|[85]|fieldname|String|false|false
06:23:06.0 (52531981)|VARIABLE_ASSIGNMENT|[85]|fieldname|"LastModifiedDate"
06:23:06.0 (52534992)|STATEMENT_EXECUTE|[86]
06:23:06.0 (52537215)|HEAP_ALLOCATE|[86]|Bytes:17
06:23:06.0 (52540457)|HEAP_ALLOCATE|[86]|Bytes:67
06:23:06.0 (52544678)|VARIABLE_ASSIGNMENT|[86]|allfields|"Id,OwnerId,IsDeleted (47 more) ..."
06:23:06.0 (52550785)|HEAP_ALLOCATE|[85]|Bytes:5
06:23:06.0 (52556062)|HEAP_ALLOCATE|[85]|Bytes:16
06:23:06.0 (52559622)|VARIABLE_SCOPE_BEGIN|[85]|fieldname|String|false|false
06:23:06.0 (52565832)|VARIABLE_ASSIGNMENT|[85]|fieldname|"LastModifiedById"
06:23:06.0 (52568889)|STATEMENT_EXECUTE|[86]
06:23:06.0 (52571035)|HEAP_ALLOCATE|[86]|Bytes:17
06:23:06.0 (52574524)|HEAP_ALLOCATE|[86]|Bytes:84
06:23:06.0 (52578849)|VARIABLE_ASSIGNMENT|[86]|allfields|"Id,OwnerId,IsDeleted (64 more) ..."
06:23:06.0 (52584795)|HEAP_ALLOCATE|[85]|Bytes:5
06:23:06.0 (52590008)|HEAP_ALLOCATE|[85]|Bytes:14
06:23:06.0 (52593598)|VARIABLE_SCOPE_BEGIN|[85]|fieldname|String|false|false
06:23:06.0 (52599922)|VARIABLE_ASSIGNMENT|[85]|fieldname|"SystemModstamp"
06:23:06.0 (52603129)|STATEMENT_EXECUTE|[86]
06:23:06.0 (52605352)|HEAP_ALLOCATE|[86]|Bytes:15
06:23:06.0 (52608675)|HEAP_ALLOCATE|[86]|Bytes:99
06:23:06.0 (52613000)|VARIABLE_ASSIGNMENT|[86]|allfields|"Id,OwnerId,IsDeleted (79 more) ..."
06:23:06.0 (52619185)|HEAP_ALLOCATE|[85]|Bytes:5
06:23:06.0 (52624680)|HEAP_ALLOCATE|[85]|Bytes:16
06:23:06.0 (52628292)|VARIABLE_SCOPE_BEGIN|[85]|fieldname|String|false|false
06:23:06.0 (52634172)|VARIABLE_ASSIGNMENT|[85]|fieldname|"LastActivityDate"
06:23:06.0 (52637294)|STATEMENT_EXECUTE|[86]
06:23:06.0 (52639519)|HEAP_ALLOCATE|[86]|Bytes:17
06:23:06.0 (52642778)|HEAP_ALLOCATE|[86]|Bytes:116
06:23:06.0 (52647367)|VARIABLE_ASSIGNMENT|[86]|allfields|"Id,OwnerId,IsDeleted (96 more) ..."
06:23:06.0 (52653483)|HEAP_ALLOCATE|[85]|Bytes:5
06:23:06.0 (52658882)|HEAP_ALLOCATE|[85]|Bytes:14
06:23:06.0 (52662494)|VARIABLE_SCOPE_BEGIN|[85]|fieldname|String|false|false
06:23:06.0 (52668739)|VARIABLE_ASSIGNMENT|[85]|fieldname|"LastViewedDate"
06:23:06.0 (52671622)|STATEMENT_EXECUTE|[86]
06:23:06.0 (52674015)|HEAP_ALLOCATE|[86]|Bytes:15
06:23:06.0 (52677162)|HEAP_ALLOCATE|[86]|Bytes:131
06:23:06.0 (52681957)|VARIABLE_ASSIGNMENT|[86]|allfields|"Id,OwnerId,IsDeleted (111 more) ..."
06:23:06.0 (52688452)|HEAP_ALLOCATE|[85]|Bytes:5
06:23:06.0 (52693569)|HEAP_ALLOCATE|[85]|Bytes:18
06:23:06.0 (52697312)|VARIABLE_SCOPE_BEGIN|[85]|fieldname|String|false|false
06:23:06.0 (52703630)|VARIABLE_ASSIGNMENT|[85]|fieldname|"LastReferencedDate"
06:23:06.0 (52706743)|STATEMENT_EXECUTE|[86]
06:23:06.0 (52708911)|HEAP_ALLOCATE|[86]|Bytes:19
06:23:06.0 (52712312)|HEAP_ALLOCATE|[86]|Bytes:150
06:23:06.0 (52716607)|VARIABLE_ASSIGNMENT|[86]|allfields|"Id,OwnerId,IsDeleted (130 more) ..."
06:23:06.0 (52722621)|HEAP_ALLOCATE|[85]|Bytes:5
06:23:06.0 (52727610)|HEAP_ALLOCATE|[85]|Bytes:9
06:23:06.0 (52731023)|VARIABLE_SCOPE_BEGIN|[85]|fieldname|String|false|false
06:23:06.0 (52737031)|VARIABLE_ASSIGNMENT|[85]|fieldname|"Client__c"
06:23:06.0 (52740116)|STATEMENT_EXECUTE|[86]
06:23:06.0 (52742336)|HEAP_ALLOCATE|[86]|Bytes:10
06:23:06.0 (52745674)|HEAP_ALLOCATE|[86]|Bytes:160
06:23:06.0 (52749974)|VARIABLE_ASSIGNMENT|[86]|allfields|"Id,OwnerId,IsDeleted (140 more) ..."
06:23:06.0 (52756121)|HEAP_ALLOCATE|[85]|Bytes:5
06:23:06.0 (52761159)|HEAP_ALLOCATE|[85]|Bytes:15
06:23:06.0 (52764619)|VARIABLE_SCOPE_BEGIN|[85]|fieldname|String|false|false
06:23:06.0 (52771056)|VARIABLE_ASSIGNMENT|[85]|fieldname|"End_Customer__c"
06:23:06.0 (52774271)|STATEMENT_EXECUTE|[86]
06:23:06.0 (52776562)|HEAP_ALLOCATE|[86]|Bytes:16
06:23:06.0 (52779816)|HEAP_ALLOCATE|[86]|Bytes:176
06:23:06.0 (52784304)|VARIABLE_ASSIGNMENT|[86]|allfields|"Id,OwnerId,IsDeleted (156 more) ..."
06:23:06.0 (52790793)|HEAP_ALLOCATE|[85]|Bytes:5
06:23:06.0 (52795967)|HEAP_ALLOCATE|[85]|Bytes:19
06:23:06.0 (52799433)|VARIABLE_SCOPE_BEGIN|[85]|fieldname|String|false|false
06:23:06.0 (52805709)|VARIABLE_ASSIGNMENT|[85]|fieldname|"Operation_Region__c"
06:23:06.0 (52808742)|STATEMENT_EXECUTE|[86]
06:23:06.0 (52811018)|HEAP_ALLOCATE|[86]|Bytes:20
06:23:06.0 (52814214)|HEAP_ALLOCATE|[86]|Bytes:196
06:23:06.0 (52818473)|VARIABLE_ASSIGNMENT|[86]|allfields|"Id,OwnerId,IsDeleted (176 more) ..."
06:23:06.0 (52824768)|HEAP_ALLOCATE|[85]|Bytes:5
06:23:06.0 (52829790)|HEAP_ALLOCATE|[85]|Bytes:14
06:23:06.0 (52833368)|VARIABLE_SCOPE_BEGIN|[85]|fieldname|String|false|false
06:23:06.0 (52839523)|VARIABLE_ASSIGNMENT|[85]|fieldname|"Work_Region__c"
06:23:06.0 (52842570)|STATEMENT_EXECUTE|[86]
06:23:06.0 (52844869)|HEAP_ALLOCATE|[86]|Bytes:15
06:23:06.0 (52848196)|HEAP_ALLOCATE|[86]|Bytes:211
06:23:06.0 (52852721)|VARIABLE_ASSIGNMENT|[86]|allfields|"Id,OwnerId,IsDeleted (191 more) ..."
06:23:06.0 (52858899)|HEAP_ALLOCATE|[85]|Bytes:5
06:23:06.0 (52863974)|HEAP_ALLOCATE|[85]|Bytes:25
06:23:06.0 (52867322)|VARIABLE_SCOPE_BEGIN|[85]|fieldname|String|false|false
06:23:06.0 (52874063)|VARIABLE_ASSIGNMENT|[85]|fieldname|"Client_Project_Manag (5 more) ..."
06:23:06.0 (52877221)|STATEMENT_EXECUTE|[86]
06:23:06.0 (52879544)|HEAP_ALLOCATE|[86]|Bytes:26
06:23:06.0 (52882854)|HEAP_ALLOCATE|[86]|Bytes:237
06:23:06.0 (52887195)|VARIABLE_ASSIGNMENT|[86]|allfields|"Id,OwnerId,IsDeleted (217 more) ..."
06:23:06.0 (52893440)|HEAP_ALLOCATE|[85]|Bytes:5
06:23:06.0 (52898766)|HEAP_ALLOCATE|[85]|Bytes:15
06:23:06.0 (52902312)|VARIABLE_SCOPE_BEGIN|[85]|fieldname|String|false|false
06:23:06.0 (52908390)|VARIABLE_ASSIGNMENT|[85]|fieldname|"Project_code__c"
06:23:06.0 (52911485)|STATEMENT_EXECUTE|[86]
06:23:06.0 (52913835)|HEAP_ALLOCATE|[86]|Bytes:16
06:23:06.0 (52917098)|HEAP_ALLOCATE|[86]|Bytes:253
06:23:06.0 (52921314)|VARIABLE_ASSIGNMENT|[86]|allfields|"Id,OwnerId,IsDeleted (233 more) ..."
06:23:06.0 (52927562)|HEAP_ALLOCATE|[85]|Bytes:5
06:23:06.0 (52932644)|HEAP_ALLOCATE|[85]|Bytes:23
06:23:06.0 (52936129)|VARIABLE_SCOPE_BEGIN|[85]|fieldname|String|false|false
06:23:06.0 (52942744)|VARIABLE_ASSIGNMENT|[85]|fieldname|"Company_project_code (3 more) ..."
06:23:06.0 (52945603)|STATEMENT_EXECUTE|[86]
06:23:06.0 (52947772)|HEAP_ALLOCATE|[86]|Bytes:24
06:23:06.0 (52951093)|HEAP_ALLOCATE|[86]|Bytes:277
06:23:06.0 (52955333)|VARIABLE_ASSIGNMENT|[86]|allfields|"Id,OwnerId,IsDeleted (257 more) ..."
06:23:06.0 (52961440)|HEAP_ALLOCATE|[85]|Bytes:5
06:23:06.0 (52966448)|HEAP_ALLOCATE|[85]|Bytes:16
06:23:06.0 (52969821)|VARIABLE_SCOPE_BEGIN|[85]|fieldname|String|false|false
06:23:06.0 (52976409)|VARIABLE_ASSIGNMENT|[85]|fieldname|"Project_Scope__c"
06:23:06.0 (52979686)|STATEMENT_EXECUTE|[86]
06:23:06.0 (52982065)|HEAP_ALLOCATE|[86]|Bytes:17
06:23:06.0 (52985399)|HEAP_ALLOCATE|[86]|Bytes:294
06:23:06.0 (52989629)|VARIABLE_ASSIGNMENT|[86]|allfields|"Id,OwnerId,IsDeleted (274 more) ..."
06:23:06.0 (52995721)|HEAP_ALLOCATE|[85]|Bytes:5
06:23:06.0 (53000641)|HEAP_ALLOCATE|[85]|Bytes:14
06:23:06.0 (53004882)|VARIABLE_SCOPE_BEGIN|[85]|fieldname|String|false|false
06:23:06.0 (53013237)|VARIABLE_ASSIGNMENT|[85]|fieldname|"Cost_Centre__c"
06:23:06.0 (53016588)|STATEMENT_EXECUTE|[86]
06:23:06.0 (53019117)|HEAP_ALLOCATE|[86]|Bytes:15
06:23:06.0 (53022621)|HEAP_ALLOCATE|[86]|Bytes:309
06:23:06.0 (53026998)|VARIABLE_ASSIGNMENT|[86]|allfields|"Id,OwnerId,IsDeleted (289 more) ..."
06:23:06.0 (53033543)|HEAP_ALLOCATE|[85]|Bytes:5
06:23:06.0 (53038669)|HEAP_ALLOCATE|[85]|Bytes:13
06:23:06.0 (53042117)|VARIABLE_SCOPE_BEGIN|[85]|fieldname|String|false|false
06:23:06.0 (53048206)|VARIABLE_ASSIGNMENT|[85]|fieldname|"Production__c"
06:23:06.0 (53051463)|STATEMENT_EXECUTE|[86]
06:23:06.0 (53053906)|HEAP_ALLOCATE|[86]|Bytes:14
06:23:06.0 (53057161)|HEAP_ALLOCATE|[86]|Bytes:323
06:23:06.0 (53061682)|VARIABLE_ASSIGNMENT|[86]|allfields|"Id,OwnerId,IsDeleted (303 more) ..."
06:23:06.0 (53067990)|HEAP_ALLOCATE|[85]|Bytes:5
06:23:06.0 (53073215)|HEAP_ALLOCATE|[85]|Bytes:5
06:23:06.0 (53076577)|VARIABLE_SCOPE_BEGIN|[85]|fieldname|String|false|false
06:23:06.0 (53082428)|VARIABLE_ASSIGNMENT|[85]|fieldname|"QC__c"
06:23:06.0 (53085361)|STATEMENT_EXECUTE|[86]
06:23:06.0 (53087717)|HEAP_ALLOCATE|[86]|Bytes:6
06:23:06.0 (53090975)|HEAP_ALLOCATE|[86]|Bytes:329
06:23:06.0 (53095275)|VARIABLE_ASSIGNMENT|[86]|allfields|"Id,OwnerId,IsDeleted (309 more) ..."
06:23:06.0 (53101304)|HEAP_ALLOCATE|[85]|Bytes:5
06:23:06.0 (53106325)|HEAP_ALLOCATE|[85]|Bytes:11
06:23:06.0 (53109861)|VARIABLE_SCOPE_BEGIN|[85]|fieldname|String|false|false
06:23:06.0 (53115817)|VARIABLE_ASSIGNMENT|[85]|fieldname|"Delivery__c"
06:23:06.0 (53118711)|STATEMENT_EXECUTE|[86]
06:23:06.0 (53120942)|HEAP_ALLOCATE|[86]|Bytes:12
06:23:06.0 (53124792)|HEAP_ALLOCATE|[86]|Bytes:341
06:23:06.0 (53129064)|VARIABLE_ASSIGNMENT|[86]|allfields|"Id,OwnerId,IsDeleted (321 more) ..."
06:23:06.0 (53135221)|HEAP_ALLOCATE|[85]|Bytes:5
06:23:06.0 (53140403)|HEAP_ALLOCATE|[85]|Bytes:5
06:23:06.0 (53143728)|VARIABLE_SCOPE_BEGIN|[85]|fieldname|String|false|false
06:23:06.0 (53149663)|VARIABLE_ASSIGNMENT|[85]|fieldname|"QA__c"
06:23:06.0 (53152460)|STATEMENT_EXECUTE|[86]
06:23:06.0 (53154701)|HEAP_ALLOCATE|[86]|Bytes:6
06:23:06.0 (53158075)|HEAP_ALLOCATE|[86]|Bytes:347
06:23:06.0 (53162562)|VARIABLE_ASSIGNMENT|[86]|allfields|"Id,OwnerId,IsDeleted (327 more) ..."
06:23:06.0 (53168596)|HEAP_ALLOCATE|[85]|Bytes:5
06:23:06.0 (53173631)|HEAP_ALLOCATE|[85]|Bytes:25
06:23:06.0 (53176932)|VARIABLE_SCOPE_BEGIN|[85]|fieldname|String|false|false
06:23:06.0 (53183373)|VARIABLE_ASSIGNMENT|[85]|fieldname|"OffshoreProjectManag (5 more) ..."
06:23:06.0 (53186291)|STATEMENT_EXECUTE|[86]
06:23:06.0 (53188588)|HEAP_ALLOCATE|[86]|Bytes:26
06:23:06.0 (53192204)|HEAP_ALLOCATE|[86]|Bytes:373
06:23:06.0 (53196464)|VARIABLE_ASSIGNMENT|[86]|allfields|"Id,OwnerId,IsDeleted (353 more) ..."
06:23:06.0 (53202890)|HEAP_ALLOCATE|[85]|Bytes:5
06:23:06.0 (53207929)|HEAP_ALLOCATE|[85]|Bytes:12
06:23:06.0 (53211252)|VARIABLE_SCOPE_BEGIN|[85]|fieldname|String|false|false
06:23:06.0 (53217659)|VARIABLE_ASSIGNMENT|[85]|fieldname|"Team_Lead__c"
06:23:06.0 (53220669)|STATEMENT_EXECUTE|[86]
06:23:06.0 (53222865)|HEAP_ALLOCATE|[86]|Bytes:13
06:23:06.0 (53230989)|HEAP_ALLOCATE|[86]|Bytes:386
06:23:06.0 (53235440)|VARIABLE_ASSIGNMENT|[86]|allfields|"Id,OwnerId,IsDeleted (366 more) ..."
06:23:06.0 (53242385)|HEAP_ALLOCATE|[85]|Bytes:5
06:23:06.0 (53247516)|HEAP_ALLOCATE|[85]|Bytes:21
06:23:06.0 (53250942)|VARIABLE_SCOPE_BEGIN|[85]|fieldname|String|false|false
06:23:06.0 (53261734)|VARIABLE_ASSIGNMENT|[85]|fieldname|"Project_Start_Date__ (1 more) ..."
06:23:06.0 (53264981)|STATEMENT_EXECUTE|[86]
06:23:06.0 (53267521)|HEAP_ALLOCATE|[86]|Bytes:22
06:23:06.0 (53270870)|HEAP_ALLOCATE|[86]|Bytes:408
06:23:06.0 (53275370)|VARIABLE_ASSIGNMENT|[86]|allfields|"Id,OwnerId,IsDeleted (388 more) ..."
06:23:06.0 (53282258)|HEAP_ALLOCATE|[85]|Bytes:5
06:23:06.0 (53288468)|HEAP_ALLOCATE|[85]|Bytes:19
06:23:06.0 (53294312)|VARIABLE_SCOPE_BEGIN|[85]|fieldname|String|false|false
06:23:06.0 (53300920)|VARIABLE_ASSIGNMENT|[85]|fieldname|"Project_End_Date__c"
06:23:06.0 (53304256)|STATEMENT_EXECUTE|[86]
06:23:06.0 (53306738)|HEAP_ALLOCATE|[86]|Bytes:20
06:23:06.0 (53310005)|HEAP_ALLOCATE|[86]|Bytes:428
06:23:06.0 (53314399)|VARIABLE_ASSIGNMENT|[86]|allfields|"Id,OwnerId,IsDeleted (408 more) ..."
06:23:06.0 (53321401)|HEAP_ALLOCATE|[85]|Bytes:5
06:23:06.0 (53326860)|HEAP_ALLOCATE|[85]|Bytes:8
06:23:06.0 (53330366)|VARIABLE_SCOPE_BEGIN|[85]|fieldname|String|false|false
06:23:06.0 (53336319)|VARIABLE_ASSIGNMENT|[85]|fieldname|"Units__c"
06:23:06.0 (53339265)|STATEMENT_EXECUTE|[86]
06:23:06.0 (53341463)|HEAP_ALLOCATE|[86]|Bytes:9
06:23:06.0 (53344810)|HEAP_ALLOCATE|[86]|Bytes:437
06:23:06.0 (53349121)|VARIABLE_ASSIGNMENT|[86]|allfields|"Id,OwnerId,IsDeleted (417 more) ..."
06:23:06.0 (53355372)|HEAP_ALLOCATE|[85]|Bytes:5
06:23:06.0 (53360447)|HEAP_ALLOCATE|[85]|Bytes:8
06:23:06.0 (53363946)|VARIABLE_SCOPE_BEGIN|[85]|fieldname|String|false|false
06:23:06.0 (53370085)|VARIABLE_ASSIGNMENT|[85]|fieldname|"Nodes__c"
06:23:06.0 (53372918)|STATEMENT_EXECUTE|[86]
06:23:06.0 (53375123)|HEAP_ALLOCATE|[86]|Bytes:9
06:23:06.0 (53378631)|HEAP_ALLOCATE|[86]|Bytes:446
06:23:06.0 (53382945)|VARIABLE_ASSIGNMENT|[86]|allfields|"Id,OwnerId,IsDeleted (426 more) ..."
06:23:06.0 (53389171)|HEAP_ALLOCATE|[85]|Bytes:5
06:23:06.0 (53394365)|HEAP_ALLOCATE|[85]|Bytes:10
06:23:06.0 (53397726)|VARIABLE_SCOPE_BEGIN|[85]|fieldname|String|false|false
06:23:06.0 (53403760)|VARIABLE_ASSIGNMENT|[85]|fieldname|"Footage__c"
06:23:06.0 (53406914)|STATEMENT_EXECUTE|[86]
06:23:06.0 (53409156)|HEAP_ALLOCATE|[86]|Bytes:11
06:23:06.0 (53412445)|HEAP_ALLOCATE|[86]|Bytes:457
06:23:06.0 (53416759)|VARIABLE_ASSIGNMENT|[86]|allfields|"Id,OwnerId,IsDeleted (437 more) ..."
06:23:06.0 (53423333)|HEAP_ALLOCATE|[85]|Bytes:5
06:23:06.0 (53428511)|HEAP_ALLOCATE|[85]|Bytes:8
06:23:06.0 (53432005)|VARIABLE_SCOPE_BEGIN|[85]|fieldname|String|false|false
06:23:06.0 (53438101)|VARIABLE_ASSIGNMENT|[85]|fieldname|"Miles__c"
06:23:06.0 (53441046)|STATEMENT_EXECUTE|[86]
06:23:06.0 (53443262)|HEAP_ALLOCATE|[86]|Bytes:9
06:23:06.0 (53446572)|HEAP_ALLOCATE|[86]|Bytes:466
06:23:06.0 (53450810)|VARIABLE_ASSIGNMENT|[86]|allfields|"Id,OwnerId,IsDeleted (446 more) ..."
06:23:06.0 (53456941)|HEAP_ALLOCATE|[85]|Bytes:5
06:23:06.0 (53461782)|HEAP_ALLOCATE|[85]|Bytes:7
06:23:06.0 (53465150)|VARIABLE_SCOPE_BEGIN|[85]|fieldname|String|false|false
06:23:06.0 (53471322)|VARIABLE_ASSIGNMENT|[85]|fieldname|"Jobs__c"
06:23:06.0 (53474530)|STATEMENT_EXECUTE|[86]
06:23:06.0 (53476779)|HEAP_ALLOCATE|[86]|Bytes:8
06:23:06.0 (53480237)|HEAP_ALLOCATE|[86]|Bytes:474
06:23:06.0 (53484663)|VARIABLE_ASSIGNMENT|[86]|allfields|"Id,OwnerId,IsDeleted (454 more) ..."
06:23:06.0 (53490718)|HEAP_ALLOCATE|[85]|Bytes:5
06:23:06.0 (53495980)|HEAP_ALLOCATE|[85]|Bytes:8
06:23:06.0 (53499390)|VARIABLE_SCOPE_BEGIN|[85]|fieldname|String|false|false
06:23:06.0 (53505248)|VARIABLE_ASSIGNMENT|[85]|fieldname|"Hours__c"
06:23:06.0 (53508201)|STATEMENT_EXECUTE|[86]
06:23:06.0 (53510437)|HEAP_ALLOCATE|[86]|Bytes:9
06:23:06.0 (53513821)|HEAP_ALLOCATE|[86]|Bytes:483
06:23:06.0 (53517983)|VARIABLE_ASSIGNMENT|[86]|allfields|"Id,OwnerId,IsDeleted (463 more) ..."
06:23:06.0 (53524094)|HEAP_ALLOCATE|[85]|Bytes:5
06:23:06.0 (53529016)|HEAP_ALLOCATE|[85]|Bytes:7
06:23:06.0 (53532507)|VARIABLE_SCOPE_BEGIN|[85]|fieldname|String|false|false
06:23:06.0 (53538319)|VARIABLE_ASSIGNMENT|[85]|fieldname|"Team__c"
06:23:06.0 (53541354)|STATEMENT_EXECUTE|[86]
06:23:06.0 (53543642)|HEAP_ALLOCATE|[86]|Bytes:8
06:23:06.0 (53547090)|HEAP_ALLOCATE|[86]|Bytes:491
06:23:06.0 (53551435)|VARIABLE_ASSIGNMENT|[86]|allfields|"Id,OwnerId,IsDeleted (471 more) ..."
06:23:06.0 (53557912)|HEAP_ALLOCATE|[85]|Bytes:5
06:23:06.0 (53564095)|VARIABLE_ASSIGNMENT|[85]|fieldname|null
06:23:06.0 (53568265)|STATEMENT_EXECUTE|[88]
06:23:06.0 (53629850)|HEAP_ALLOCATE|[88]|Bytes:490
06:23:06.0 (53641399)|VARIABLE_ASSIGNMENT|[88]|allfields|"Id,OwnerId,IsDeleted (470 more) ..."
06:23:06.0 (53645123)|STATEMENT_EXECUTE|[90]
06:23:06.0 (53657592)|METHOD_EXIT|[16]|01p7F00000Ehro9|PM_Project_Edit_Controller.getAllFields(String)
06:23:06.0 (53663778)|HEAP_ALLOCATE|[16]|Bytes:32
06:23:06.0 (53671822)|HEAP_ALLOCATE|[16]|Bytes:529
06:23:06.0 (54208403)|SOQL_EXECUTE_BEGIN|[16]|Aggregations:0|select Id,OwnerId,IsDeleted,Name,CreatedDate,CreatedById,LastModifiedDate,LastModifiedById,SystemModstamp,LastActivityDate,LastViewedDate,LastReferencedDate,Client__c,End_Customer__c,Operation_Region__c,Work_Region__c,Client_Project_Manager__c,Project_code__c,Company_project_code__c,Project_Scope__c,Cost_Centre__c,Production__c,QC__c,Delivery__c,QA__c,OffshoreProjectManager__c,Team_Lead__c,Project_Start_Date__c,Project_End_Date__c,Units__c,Nodes__c,Footage__c,Miles__c,Jobs__c,Hours__c,Team__c from Project__c where Id = :pid
06:23:06.0 (58934079)|SOQL_EXECUTE_END|[16]|Rows:1
06:23:06.0 (58956217)|HEAP_ALLOCATE|[16]|Bytes:8
06:23:06.0 (58989713)|HEAP_ALLOCATE|[16]|Bytes:934
06:23:06.0 (59054995)|HEAP_ALLOCATE|[16]|Bytes:8
06:23:06.0 (59073273)|HEAP_ALLOCATE|[16]|Bytes:36
06:23:06.0 (59116321)|HEAP_ALLOCATE|[16]|Bytes:140
06:23:06.0 (59171403)|VARIABLE_ASSIGNMENT|[EXTERNAL]|this|{"nonSelectedUserId":"(","project":"0x70ab22e2","usersList":"0xc879d9"}|0x34c7859e
06:23:06.0 (59231259)|VARIABLE_ASSIGNMENT|[EXTERNAL]|value|{"Id":"a057F0000039WImQAM","OwnerId":"0057F000000Tiz6QAC","IsDeleted":false,"Name":"13","CreatedDate":"2018-01-22T13:31:57.000Z","CreatedById":"0057F000000Tiz6QAC","LastModifiedDate":"2018-01-22T14:21:33.000Z","LastModifiedById":"0057F000000Tiz6QAC","SystemModstamp":"2018-01-22T14:21:33.000Z","LastViewedDate":"2018-01-22T14:22:43.000Z","LastReferencedDate":"2018-01-22T14:22:43.000Z","Client__c":"a047F000002zkUUQAY","End_Customer__c":"35","Operation_Region__c":"432","Work_Region__c":"132","Client_Project_Manag (5 more) ...":"135","Project_code__c":"43","Company_project_code (3 more) ...":"135","Project_Scope__c":"ASBUILT","Cost_Centre__c":"3","Production__c":20,"QC__c":30,"Delivery__c":50,"OffshoreProjectManag (5 more) ...":"0057F000000TpcqQAC","Team_Lead__c":"0057F000000TyzGQAS","Project_Start_Date__ (1 more) ...":"2018-01-22T00:00:00.000Z","Project_End_Date__c":"2018-01-22T00:00:00.000Z","Units__c":true,"Nodes__c":true,"Footage__c":false,"Miles__c":false,"Jobs__c":true,"Hours__c":true,"Team__c":"Yashwanth, Mani Sasa (23 more) ..."}|0x28af724d
06:23:06.0 (59291209)|VARIABLE_ASSIGNMENT|[3]|this.project|{"Id":"a057F0000039WImQAM","OwnerId":"0057F000000Tiz6QAC","IsDeleted":false,"Name":"13","CreatedDate":"2018-01-22T13:31:57.000Z","CreatedById":"0057F000000Tiz6QAC","LastModifiedDate":"2018-01-22T14:21:33.000Z","LastModifiedById":"0057F000000Tiz6QAC","SystemModstamp":"2018-01-22T14:21:33.000Z","LastViewedDate":"2018-01-22T14:22:43.000Z","LastReferencedDate":"2018-01-22T14:22:43.000Z","Client__c":"a047F000002zkUUQAY","End_Customer__c":"35","Operation_Region__c":"432","Work_Region__c":"132","Client_Project_Manag (5 more) ...":"135","Project_code__c":"43","Company_project_code (3 more) ...":"135","Project_Scope__c":"ASBUILT","Cost_Centre__c":"3","Production__c":20,"QC__c":30,"Delivery__c":50,"OffshoreProjectManag (5 more) ...":"0057F000000TpcqQAC","Team_Lead__c":"0057F000000TyzGQAS","Project_Start_Date__ (1 more) ...":"2018-01-22T00:00:00.000Z","Project_End_Date__c":"2018-01-22T00:00:00.000Z","Units__c":true,"Nodes__c":true,"Footage__c":false,"Miles__c":false,"Jobs__c":true,"Hours__c":true,"Team__c":"Yashwanth, Mani Sasa (23 more) ..."}|0x34c7859e
06:23:06.0 (59312894)|STATEMENT_EXECUTE|[17]
06:23:06.0 (59359047)|VARIABLE_ASSIGNMENT|[EXTERNAL]|this|{"nonSelectedUserId":"(","project":"0x28af724d","usersList":"0xc879d9"}|0x34c7859e
06:23:06.0 (59429779)|VARIABLE_ASSIGNMENT|[EXTERNAL]|this|{"nonSelectedUserId":"(","project":"0x28af724d","usersList":"0xc879d9"}|0x34c7859e
06:23:06.0 (59439039)|VARIABLE_ASSIGNMENT|[EXTERNAL]|value|"13"
06:23:06.0 (59447274)|VARIABLE_ASSIGNMENT|[4]|this.pName|"13"|0x34c7859e
06:23:06.0 (59455463)|STATEMENT_EXECUTE|[19]
06:23:06.0 (59458989)|HEAP_ALLOCATE|[19]|Bytes:86
06:23:06.0 (59478912)|HEAP_ALLOCATE|[19]|Bytes:4
06:23:06.0 (59490054)|HEAP_ALLOCATE|[19]|Bytes:7
06:23:06.0 (60571899)|SOQL_EXECUTE_BEGIN|[19]|Aggregations:0|SELECT Name, UserLink__c FROM ProjectJobAssociation__c WHERE ProjectLink__c = :tmpVar1
06:23:06.0 (63127080)|SOQL_EXECUTE_END|[19]|Rows:4
06:23:06.0 (63146237)|HEAP_ALLOCATE|[19]|Bytes:20
06:23:06.0 (63168851)|HEAP_ALLOCATE|[19]|Bytes:288
06:23:06.0 (63226058)|HEAP_ALLOCATE|[19]|Bytes:20
06:23:06.0 (63239797)|VARIABLE_SCOPE_BEGIN|[19]|pja|List<ProjectJobAssociation__c>|true|false
06:23:06.0 (63266159)|VARIABLE_ASSIGNMENT|[19]|pja|[{"Name":"68","UserLink__c":"0057F000000TrBVQA0","Id":"a087F000009JytzQAC"},{"Name":"69","UserLink__c":"0057F000000TpdFQAS","Id":"a087F000009Jyu0QAC"},{"Name":"70","UserLink__c":"0057F000000TrBBQA0","Id":"a087F000009Jyu1QAC"},{"Name":"71","UserLink__c":"0057F000000TrBGQA0","Id":"a087F000009Jyu2QAC"}]|0x786c274
06:23:06.0 (63275048)|STATEMENT_EXECUTE|[20]
06:23:06.0 (63286957)|HEAP_ALLOCATE|[20]|Bytes:4
06:23:06.0 (63354218)|VARIABLE_ASSIGNMENT|[EXTERNAL]|this|{"nonSelectedUserId":"(","pName":"13","project":"0x28af724d","usersList":"0xc879d9"}|0x34c7859e
06:23:06.0 (63382554)|HEAP_ALLOCATE|[EXTERNAL]|Bytes:4
06:23:06.0 (63389608)|VARIABLE_ASSIGNMENT|[EXTERNAL]|value|[]|0x3fa548d5
06:23:06.0 (63400719)|VARIABLE_ASSIGNMENT|[6]|this.selectedUsers|[]|0x34c7859e
06:23:06.0 (63535940)|HEAP_ALLOCATE|[21]|Bytes:5
06:23:06.0 (63553417)|HEAP_ALLOCATE|[21]|Bytes:16
06:23:06.0 (63561515)|VARIABLE_SCOPE_BEGIN|[21]|spja|ProjectJobAssociation__c|true|false
06:23:06.0 (63575093)|VARIABLE_ASSIGNMENT|[21]|spja|{"Name":"68","UserLink__c":"0057F000000TrBVQA0","Id":"a087F000009JytzQAC"}|0x4fa358ab
06:23:06.0 (63580772)|STATEMENT_EXECUTE|[21]
06:23:06.0 (63582090)|STATEMENT_EXECUTE|[22]
06:23:06.0 (63584736)|HEAP_ALLOCATE|[22]|Bytes:45
06:23:06.0 (63596486)|HEAP_ALLOCATE|[22]|Bytes:4
06:23:06.0 (64318960)|SOQL_EXECUTE_BEGIN|[22]|Aggregations:0|SELECT Id, Name FROM User WHERE Id = :tmpVar1
06:23:06.0 (67492009)|SOQL_EXECUTE_END|[22]|Rows:1
06:23:06.0 (67509750)|HEAP_ALLOCATE|[22]|Bytes:8
06:23:06.0 (67521927)|HEAP_ALLOCATE|[22]|Bytes:46
06:23:06.0 (67573725)|HEAP_ALLOCATE|[22]|Bytes:8
06:23:06.0 (67585595)|HEAP_ALLOCATE|[22]|Bytes:30
06:23:06.0 (67611929)|HEAP_ALLOCATE|[22]|Bytes:12
06:23:06.0 (67617989)|VARIABLE_SCOPE_BEGIN|[22]|user1|User|true|false
06:23:06.0 (67634490)|VARIABLE_ASSIGNMENT|[22]|user1|{"Id":"0057F000000TrBVQA0","Name":"Yashwanth"}|0x3eab635d
06:23:06.0 (67639736)|STATEMENT_EXECUTE|[23]
06:23:06.0 (67644861)|HEAP_ALLOCATE|[23]|Bytes:1
06:23:06.0 (67716178)|HEAP_ALLOCATE|[23]|Bytes:18
06:23:06.0 (67728761)|HEAP_ALLOCATE|[23]|Bytes:2
06:23:06.0 (67736025)|HEAP_ALLOCATE|[23]|Bytes:21
06:23:06.0 (67741297)|HEAP_ALLOCATE|[23]|Bytes:22
06:23:06.0 (67752587)|VARIABLE_ASSIGNMENT|[23]|this.nonSelectedUserId|"('0057F000000TrBVQA0 (2 more) ..."|0x34c7859e
06:23:06.0 (67757892)|STATEMENT_EXECUTE|[24]
06:23:06.0 (67849603)|VARIABLE_ASSIGNMENT|[EXTERNAL]|this|{"nonSelectedUserId":"('0057F000000TrBVQA0 (2 more) ...","pName":"13","project":"0x28af724d","selectedUsers":"0x3fa548d5","usersList":"0xc879d9"}|0x34c7859e
06:23:06.0 (67884582)|HEAP_ALLOCATE|[24]|Bytes:18
06:23:06.0 (67943652)|HEAP_ALLOCATE|[EXTERNAL]|Bytes:4
06:23:06.0 (67961378)|HEAP_ALLOCATE|[21]|Bytes:5
06:23:06.0 (67973100)|HEAP_ALLOCATE|[21]|Bytes:16
06:23:06.0 (67979798)|VARIABLE_SCOPE_BEGIN|[21]|spja|ProjectJobAssociation__c|true|false
06:23:06.0 (68006890)|VARIABLE_ASSIGNMENT|[21]|spja|{"Name":"69","UserLink__c":"0057F000000TpdFQAS","Id":"a087F000009Jyu0QAC"}|0x2c9dfb75
06:23:06.0 (68017326)|STATEMENT_EXECUTE|[21]
06:23:06.0 (68019161)|STATEMENT_EXECUTE|[22]
06:23:06.0 (68033216)|HEAP_ALLOCATE|[22]|Bytes:4
06:23:06.0 (68198607)|SOQL_EXECUTE_BEGIN|[22]|Aggregations:0|SELECT Id, Name FROM User WHERE Id = :tmpVar1
06:23:06.0 (72052373)|SOQL_EXECUTE_END|[22]|Rows:1
06:23:06.0 (72069790)|HEAP_ALLOCATE|[22]|Bytes:8
06:23:06.0 (72082347)|HEAP_ALLOCATE|[22]|Bytes:48
06:23:06.0 (72125937)|HEAP_ALLOCATE|[22]|Bytes:8
06:23:06.0 (72149257)|HEAP_ALLOCATE|[22]|Bytes:12
06:23:06.0 (72157811)|VARIABLE_SCOPE_BEGIN|[22]|user1|User|true|false
06:23:06.0 (72174878)|VARIABLE_ASSIGNMENT|[22]|user1|{"Id":"0057F000000TpdFQAS","Name":"Mani Sasank"}|0x5373e8fe
06:23:06.0 (72180414)|STATEMENT_EXECUTE|[23]
06:23:06.0 (72208264)|HEAP_ALLOCATE|[23]|Bytes:18
06:23:06.0 (72235627)|HEAP_ALLOCATE|[23]|Bytes:21
06:23:06.0 (72244374)|HEAP_ALLOCATE|[23]|Bytes:43
06:23:06.0 (72260032)|VARIABLE_ASSIGNMENT|[23]|this.nonSelectedUserId|"('0057F000000TrBVQA0 (23 more) ..."|0x34c7859e
06:23:06.0 (72268137)|STATEMENT_EXECUTE|[24]
06:23:06.0 (72297494)|VARIABLE_ASSIGNMENT|[EXTERNAL]|this|{"nonSelectedUserId":"('0057F000000TrBVQA0 (23 more) ...","pName":"13","project":"0x28af724d","selectedUsers":"0x3fa548d5","usersList":"0xc879d9"}|0x34c7859e
06:23:06.0 (72317243)|HEAP_ALLOCATE|[24]|Bytes:18
06:23:06.0 (72339300)|HEAP_ALLOCATE|[EXTERNAL]|Bytes:4
06:23:06.0 (72357294)|HEAP_ALLOCATE|[21]|Bytes:5
06:23:06.0 (72369261)|HEAP_ALLOCATE|[21]|Bytes:16
06:23:06.0 (72376030)|VARIABLE_SCOPE_BEGIN|[21]|spja|ProjectJobAssociation__c|true|false
06:23:06.0 (72389136)|VARIABLE_ASSIGNMENT|[21]|spja|{"Name":"70","UserLink__c":"0057F000000TrBBQA0","Id":"a087F000009Jyu1QAC"}|0x6030206
06:23:06.0 (72397130)|STATEMENT_EXECUTE|[21]
06:23:06.0 (72398434)|STATEMENT_EXECUTE|[22]
06:23:06.0 (72408764)|HEAP_ALLOCATE|[22]|Bytes:4
06:23:06.0 (72541499)|SOQL_EXECUTE_BEGIN|[22]|Aggregations:0|SELECT Id, Name FROM User WHERE Id = :tmpVar1
06:23:06.0 (75058965)|SOQL_EXECUTE_END|[22]|Rows:1
06:23:06.0 (75076019)|HEAP_ALLOCATE|[22]|Bytes:8
06:23:06.0 (75088192)|HEAP_ALLOCATE|[22]|Bytes:45
06:23:06.0 (75115636)|HEAP_ALLOCATE|[22]|Bytes:8
06:23:06.0 (75132323)|HEAP_ALLOCATE|[22]|Bytes:12
06:23:06.0 (75138170)|VARIABLE_SCOPE_BEGIN|[22]|user1|User|true|false
06:23:06.0 (75154136)|VARIABLE_ASSIGNMENT|[22]|user1|{"Id":"0057F000000TrBBQA0","Name":"Santhosh"}|0x5ae144e3
06:23:06.0 (75159943)|STATEMENT_EXECUTE|[23]
06:23:06.0 (75182689)|HEAP_ALLOCATE|[23]|Bytes:18
06:23:06.0 (75194742)|HEAP_ALLOCATE|[23]|Bytes:21
06:23:06.0 (75199212)|HEAP_ALLOCATE|[23]|Bytes:64
06:23:06.0 (75208963)|VARIABLE_ASSIGNMENT|[23]|this.nonSelectedUserId|"('0057F000000TrBVQA0 (44 more) ..."|0x34c7859e
06:23:06.0 (75213692)|STATEMENT_EXECUTE|[24]
06:23:06.0 (75240563)|VARIABLE_ASSIGNMENT|[EXTERNAL]|this|{"nonSelectedUserId":"('0057F000000TrBVQA0 (44 more) ...","pName":"13","project":"0x28af724d","selectedUsers":"0x3fa548d5","usersList":"0xc879d9"}|0x34c7859e
06:23:06.0 (75257453)|HEAP_ALLOCATE|[24]|Bytes:18
06:23:06.0 (75273453)|HEAP_ALLOCATE|[EXTERNAL]|Bytes:4
06:23:06.0 (75288096)|HEAP_ALLOCATE|[21]|Bytes:5
06:23:06.0 (75298787)|HEAP_ALLOCATE|[21]|Bytes:16
06:23:06.0 (75304851)|VARIABLE_SCOPE_BEGIN|[21]|spja|ProjectJobAssociation__c|true|false
06:23:06.0 (75317749)|VARIABLE_ASSIGNMENT|[21]|spja|{"Name":"71","UserLink__c":"0057F000000TrBGQA0","Id":"a087F000009Jyu2QAC"}|0x170580e4
06:23:06.0 (75326696)|STATEMENT_EXECUTE|[21]
06:23:06.0 (75327977)|STATEMENT_EXECUTE|[22]
06:23:06.0 (75337682)|HEAP_ALLOCATE|[22]|Bytes:4
06:23:06.0 (75465873)|SOQL_EXECUTE_BEGIN|[22]|Aggregations:0|SELECT Id, Name FROM User WHERE Id = :tmpVar1
06:23:06.0 (77918862)|SOQL_EXECUTE_END|[22]|Rows:1
06:23:06.0 (77935368)|HEAP_ALLOCATE|[22]|Bytes:8
06:23:06.0 (77946926)|HEAP_ALLOCATE|[22]|Bytes:46
06:23:06.0 (77974037)|HEAP_ALLOCATE|[22]|Bytes:8
06:23:06.0 (77990587)|HEAP_ALLOCATE|[22]|Bytes:12
06:23:06.0 (77997084)|VARIABLE_SCOPE_BEGIN|[22]|user1|User|true|false
06:23:06.0 (78013158)|VARIABLE_ASSIGNMENT|[22]|user1|{"Id":"0057F000000TrBGQA0","Name":"Ravi teja"}|0x32b02b68
06:23:06.0 (78019132)|STATEMENT_EXECUTE|[23]
06:23:06.0 (78042671)|HEAP_ALLOCATE|[23]|Bytes:18
06:23:06.0 (78054614)|HEAP_ALLOCATE|[23]|Bytes:21
06:23:06.0 (78058698)|HEAP_ALLOCATE|[23]|Bytes:85
06:23:06.0 (78068474)|VARIABLE_ASSIGNMENT|[23]|this.nonSelectedUserId|"('0057F000000TrBVQA0 (65 more) ..."|0x34c7859e
06:23:06.0 (78073147)|STATEMENT_EXECUTE|[24]
06:23:06.0 (78100589)|VARIABLE_ASSIGNMENT|[EXTERNAL]|this|{"nonSelectedUserId":"('0057F000000TrBVQA0 (65 more) ...","pName":"13","project":"0x28af724d","selectedUsers":"0x3fa548d5","usersList":"0xc879d9"}|0x34c7859e
06:23:06.0 (78117514)|HEAP_ALLOCATE|[24]|Bytes:18
06:23:06.0 (78131355)|HEAP_ALLOCATE|[EXTERNAL]|Bytes:4
06:23:06.0 (78145566)|HEAP_ALLOCATE|[21]|Bytes:5
06:23:06.0 (78156994)|VARIABLE_ASSIGNMENT|[21]|spja|null|
06:23:06.0 (78161717)|STATEMENT_EXECUTE|[26]
06:23:06.0 (78209496)|HEAP_ALLOCATE|[26]|Bytes:84
06:23:06.0 (78223809)|VARIABLE_ASSIGNMENT|[26]|this.nonSelectedUserId|"('0057F000000TrBVQA0 (64 more) ..."|0x34c7859e
06:23:06.0 (78228781)|STATEMENT_EXECUTE|[27]
06:23:06.0 (78231703)|HEAP_ALLOCATE|[27]|Bytes:1
06:23:06.0 (78237419)|HEAP_ALLOCATE|[27]|Bytes:85
06:23:06.0 (78243279)|VARIABLE_ASSIGNMENT|[27]|this.nonSelectedUserId|"('0057F000000TrBVQA0 (65 more) ..."|0x34c7859e
06:23:06.0 (78253787)|SYSTEM_MODE_EXIT|false
06:23:06.0 (78389013)|SYSTEM_MODE_ENTER|true
06:23:06.0 (87848826)|SYSTEM_MODE_ENTER|true
06:23:06.0 (87905500)|HEAP_ALLOCATE|[EXTERNAL]|Bytes:164
06:23:06.0 (87915176)|HEAP_ALLOCATE|[EXTERNAL]|Bytes:12
06:23:06.0 (87926455)|METHOD_ENTRY|[5]|01p7F00000Ehg8E|MultiselectController.MultiselectController()
06:23:06.0 (87930870)|STATEMENT_EXECUTE|[5]
06:23:06.0 (87935079)|STATEMENT_EXECUTE|[5]
06:23:06.0 (87945361)|SYSTEM_MODE_ENTER|false
06:23:06.0 (87953075)|HEAP_ALLOCATE|[EXTERNAL]|Bytes:5
06:23:06.0 (87960677)|SYSTEM_MODE_EXIT|false
06:23:06.0 (87968411)|METHOD_EXIT|[5]|MultiselectController
06:23:06.0 (87985990)|HEAP_ALLOCATE|[EXTERNAL]|Bytes:20
06:23:06.0 (87991833)|VARIABLE_SCOPE_BEGIN|[5]|this|MultiselectController|true|false
06:23:06.0 (88027155)|VARIABLE_ASSIGNMENT|[5]|this|{}|0x59d8a97f
06:23:06.0 (88040583)|SYSTEM_MODE_ENTER|false
06:23:06.0 (88046217)|HEAP_ALLOCATE|[EXTERNAL]|Bytes:5
06:23:06.0 (88067362)|SYSTEM_MODE_EXIT|false
06:23:06.0 (88071328)|STATEMENT_EXECUTE|[5]
06:23:06.0 (88076328)|SYSTEM_MODE_ENTER|false
06:23:06.0 (88079803)|HEAP_ALLOCATE|[EXTERNAL]|Bytes:5
06:23:06.0 (88082866)|STATEMENT_EXECUTE|[7]
06:23:06.0 (88083983)|STATEMENT_EXECUTE|[8]
06:23:06.0 (88084885)|STATEMENT_EXECUTE|[23]
06:23:06.0 (88085974)|STATEMENT_EXECUTE|[31]
06:23:06.0 (88087641)|SYSTEM_MODE_EXIT|false
06:23:06.0 (88241398)|SYSTEM_MODE_ENTER|true
06:23:06.0 (88284694)|HEAP_ALLOCATE|[EXTERNAL]|Bytes:24
06:23:06.0 (88292543)|VARIABLE_SCOPE_BEGIN|[30]|this|PM_Project_Edit_Controller|true|false
06:23:06.0 (88324498)|VARIABLE_ASSIGNMENT|[30]|this|{"nonSelectedUserId":"('0057F000000TrBVQA0 (65 more) ...","pName":"13","project":"0x28af724d","selectedUsers":"0x3fa548d5","usersList":"0xc879d9"}|0x34c7859e
06:23:06.0 (88343879)|SYSTEM_MODE_ENTER|false
06:23:06.0 (88349431)|HEAP_ALLOCATE|[31]|Bytes:5
06:23:06.0 (88353580)|STATEMENT_EXECUTE|[30]
06:23:06.0 (88355040)|STATEMENT_EXECUTE|[31]
06:23:06.0 (88357797)|HEAP_ALLOCATE|[31]|Bytes:62
06:23:06.0 (88373470)|HEAP_ALLOCATE|[31]|Bytes:4
06:23:06.0 (88611785)|SOQL_EXECUTE_BEGIN|[31]|Aggregations:0|SELECT Id, Name FROM UserRole WHERE Name = 'Software Engineer'
06:23:06.0 (92215785)|SOQL_EXECUTE_END|[31]|Rows:1
06:23:06.0 (92235138)|HEAP_ALLOCATE|[31]|Bytes:8
06:23:06.0 (92249795)|HEAP_ALLOCATE|[31]|Bytes:54
06:23:06.0 (92327571)|HEAP_ALLOCATE|[31]|Bytes:8
06:23:06.0 (92341047)|HEAP_ALLOCATE|[31]|Bytes:34
06:23:06.0 (92383022)|HEAP_ALLOCATE|[31]|Bytes:12
06:23:06.0 (92390017)|VARIABLE_SCOPE_BEGIN|[31]|userRole|UserRole|true|false
06:23:06.0 (92407696)|VARIABLE_ASSIGNMENT|[31]|userRole|{"Id":"00E7F000000MdriUAC","Name":"Software Engineer"}|0x5efb1be7
06:23:06.0 (92413093)|STATEMENT_EXECUTE|[32]
06:23:06.0 (92438766)|VARIABLE_SCOPE_BEGIN|[32]|userRoleId|Id|false|false
06:23:06.0 (92626872)|VARIABLE_ASSIGNMENT|[32]|userRoleId|"00E7F000000MdriUAC"
06:23:06.0 (92633381)|STATEMENT_EXECUTE|[33]
06:23:06.0 (92636922)|HEAP_ALLOCATE|[33]|Bytes:70
06:23:06.0 (92653469)|HEAP_ALLOCATE|[33]|Bytes:155
06:23:06.0 (92879050)|SOQL_EXECUTE_BEGIN|[33]|Aggregations:0|select Id,Name from User where UserRoleId =: userRoleId and Id not in ('0057F000000TrBVQA0','0057F000000TpdFQAS','0057F000000TrBBQA0','0057F000000TrBGQA0')
06:23:06.0 (96859632)|SOQL_EXECUTE_END|[33]|Rows:2
06:23:06.0 (96878975)|HEAP_ALLOCATE|[33]|Bytes:12
06:23:06.0 (96894002)|HEAP_ALLOCATE|[33]|Bytes:86
06:23:06.0 (96934046)|HEAP_ALLOCATE|[33]|Bytes:12
06:23:06.0 (96953610)|VARIABLE_SCOPE_BEGIN|[33]|users|List<User>|true|false
06:23:06.0 (96977671)|VARIABLE_ASSIGNMENT|[33]|users|[{"Id":"0057F000000Tz0iQAC","Name":"Richa"},{"Id":"0057F000000Tz0sQAC","Name":"Veeresh"}]|0x688e3cc1
06:23:06.0 (97122336)|HEAP_ALLOCATE|[34]|Bytes:5
06:23:06.0 (97141339)|HEAP_ALLOCATE|[34]|Bytes:12
06:23:06.0 (97150595)|VARIABLE_SCOPE_BEGIN|[34]|usr|User|true|false
06:23:06.0 (97164629)|VARIABLE_ASSIGNMENT|[34]|usr|{"Id":"0057F000000Tz0iQAC","Name":"Richa"}|0x20244205
06:23:06.0 (97170267)|STATEMENT_EXECUTE|[34]
06:23:06.0 (97171860)|STATEMENT_EXECUTE|[35]
06:23:06.0 (97197458)|HEAP_ALLOCATE|[35]|Bytes:18
06:23:06.0 (97263279)|HEAP_ALLOCATE|[EXTERNAL]|Bytes:4
06:23:06.0 (97282243)|HEAP_ALLOCATE|[34]|Bytes:5
06:23:06.0 (97291715)|HEAP_ALLOCATE|[34]|Bytes:12
06:23:06.0 (97297602)|VARIABLE_SCOPE_BEGIN|[34]|usr|User|true|false
06:23:06.0 (97310004)|VARIABLE_ASSIGNMENT|[34]|usr|{"Id":"0057F000000Tz0sQAC","Name":"Veeresh"}|0x39550af4
06:23:06.0 (97314843)|STATEMENT_EXECUTE|[34]
06:23:06.0 (97316191)|STATEMENT_EXECUTE|[35]
06:23:06.0 (97329812)|HEAP_ALLOCATE|[35]|Bytes:18
06:23:06.0 (97342846)|HEAP_ALLOCATE|[EXTERNAL]|Bytes:4
06:23:06.0 (97353226)|HEAP_ALLOCATE|[34]|Bytes:5
06:23:06.0 (97362214)|VARIABLE_ASSIGNMENT|[34]|usr|null|
06:23:06.0 (97367357)|STATEMENT_EXECUTE|[37]
06:23:06.0 (97375893)|SYSTEM_MODE_EXIT|false
06:23:06.0 (97512612)|SYSTEM_MODE_ENTER|true
06:23:06.0 (97768602)|HEAP_ALLOCATE|[EXTERNAL]|Bytes:12
06:23:06.0 (97775860)|HEAP_ALLOCATE|[EXTERNAL]|Bytes:20
06:23:06.0 (97978457)|VARIABLE_ASSIGNMENT|[EXTERNAL]|this.leftOptions|"common.apex.runtime.impl.ScalarList@56b0c9fe"|0x59d8a97f
06:23:06.0 (98113673)|SYSTEM_MODE_ENTER|true
06:23:06.0 (98187810)|SYSTEM_MODE_ENTER|true
06:23:06.0 (98229075)|HEAP_ALLOCATE|[EXTERNAL]|Bytes:20
06:23:06.0 (98234404)|HEAP_ALLOCATE|[EXTERNAL]|Bytes:20
06:23:06.0 (98313017)|VARIABLE_ASSIGNMENT|[EXTERNAL]|this.rightOptions|"common.apex.runtime.impl.ScalarList@e9db8f6e"|0x59d8a97f
06:23:06.0 (98455217)|SYSTEM_MODE_ENTER|true
06:23:06.0 (98664303)|SYSTEM_MODE_ENTER|true
06:23:06.0 (119909831)|SYSTEM_MODE_ENTER|true
06:23:06.0 (119976454)|HEAP_ALLOCATE|[EXTERNAL]|Bytes:12
06:23:06.0 (119985340)|HEAP_ALLOCATE|[EXTERNAL]|Bytes:20
06:23:06.0 (120137139)|VARIABLE_ASSIGNMENT|[EXTERNAL]|this.leftOptions|"common.apex.runtime.impl.ScalarList@56b0c9fe"|0x59d8a97f
06:23:06.0 (120229042)|SYSTEM_MODE_ENTER|true
06:23:06.0 (120264311)|HEAP_ALLOCATE|[EXTERNAL]|Bytes:20
06:23:06.0 (120269222)|HEAP_ALLOCATE|[EXTERNAL]|Bytes:20
06:23:06.0 (120342424)|VARIABLE_ASSIGNMENT|[EXTERNAL]|this.rightOptions|"common.apex.runtime.impl.ScalarList@e9db8f6e"|0x59d8a97f
06:23:06.0 (120879764)|SYSTEM_MODE_ENTER|true
06:23:06.0 (123071210)|SYSTEM_MODE_ENTER|true
06:23:06.0 (123852238)|SYSTEM_MODE_ENTER|true
06:23:06.0 (123936923)|SYSTEM_MODE_ENTER|true
06:23:06.0 (128875972)|VF_SERIALIZE_VIEWSTATE_BEGIN|0667F000004uRC1
06:23:06.0 (131907690)|VF_SERIALIZE_VIEWSTATE_END
06:23:06.134 (134276232)|CUMULATIVE_LIMIT_USAGE
06:23:06.134 (134276232)|LIMIT_USAGE_FOR_NS|(default)|
  Number of SOQL queries: 8 out of 100
  Number of query rows: 12 out of 50000
  Number of SOSL queries: 0 out of 20
  Number of DML statements: 0 out of 150
  Number of DML rows: 0 out of 10000
  Maximum CPU time: 0 out of 10000
  Maximum heap size: 0 out of 6000000
  Number of callouts: 0 out of 100
  Number of Email Invocations: 0 out of 10
  Number of future calls: 0 out of 50
  Number of queueable jobs added to the queue: 0 out of 50
  Number of Mobile Apex push calls: 0 out of 10

06:23:06.134 (134276232)|CUMULATIVE_LIMIT_USAGE_END

06:23:06.0 (134311414)|CODE_UNIT_FINISHED|VF: /apex/PM_Project_Edit
06:23:06.0 (135069371)|EXECUTION_FINISHED
