36.0 APEX_CODE,FINEST;APEX_PROFILING,INFO;CALLOUT,INFO;DB,INFO;SYSTEM,DEBUG;VALIDATION,INFO;VISUALFORCE,INFO;WAVE,INFO;WORKFLOW,INFO
00:53:36.0 (374350)|USER_INFO|[EXTERNAL]|0057F000000Tiz6|ksb994@salesforce.com|Pacific Standard Time|GMT-08:00
00:53:36.0 (405960)|EXECUTION_STARTED
00:53:36.0 (409642)|CODE_UNIT_STARTED|[EXTERNAL]|0667F000005aHSA|VF: /apex/PM_Job_New
00:53:36.6 (6647856)|SYSTEM_MODE_ENTER|true
00:53:36.6 (6768065)|HEAP_ALLOCATE|[72]|Bytes:3
00:53:36.6 (6807278)|HEAP_ALLOCATE|[77]|Bytes:152
00:53:36.6 (6822490)|HEAP_ALLOCATE|[342]|Bytes:408
00:53:36.6 (6838036)|HEAP_ALLOCATE|[355]|Bytes:408
00:53:36.6 (6851622)|HEAP_ALLOCATE|[467]|Bytes:48
00:53:36.7 (7130950)|SYSTEM_MODE_ENTER|true
00:53:36.7 (7187871)|HEAP_ALLOCATE|[EXTERNAL]|Bytes:8
00:53:36.7 (7196361)|VARIABLE_SCOPE_BEGIN|[88]|this|ApexPage.PageMessagesComponentController|true|false
00:53:36.7 (7229519)|VARIABLE_ASSIGNMENT|[88]|this|{}|0x2fe4bf82
00:53:36.7 (7236215)|VARIABLE_SCOPE_BEGIN|[88]|escape|Boolean|false|false
00:53:36.7 (7243909)|VARIABLE_ASSIGNMENT|[88]|escape|null
00:53:36.7 (7414330)|SYSTEM_MODE_ENTER|true
00:53:36.7 (7446934)|HEAP_ALLOCATE|[EXTERNAL]|Bytes:8
00:53:36.7 (7453330)|VARIABLE_SCOPE_BEGIN|[2]|this|ApexPage.PageMessagesComponentController|true|false
00:53:36.7 (7470584)|VARIABLE_ASSIGNMENT|[2]|this|{}|0x2fe4bf82
00:53:36.0 (245552812)|SYSTEM_MODE_ENTER|true
00:53:36.0 (245939135)|HEAP_ALLOCATE|[EXTERNAL]|Bytes:260
00:53:36.0 (245957361)|HEAP_ALLOCATE|[EXTERNAL]|Bytes:38
00:53:36.0 (245963847)|HEAP_ALLOCATE|[EXTERNAL]|Bytes:5
00:53:36.0 (245995286)|METHOD_ENTRY|[1]|01p7F00000HhQR4|PM_Job_New_Controller.PM_Job_New_Controller()
00:53:36.0 (246005897)|STATEMENT_EXECUTE|[1]
00:53:36.0 (246013022)|STATEMENT_EXECUTE|[1]
00:53:36.0 (246035727)|SYSTEM_MODE_ENTER|false
00:53:36.0 (246047802)|HEAP_ALLOCATE|[EXTERNAL]|Bytes:5
00:53:36.0 (246059200)|SYSTEM_MODE_EXIT|false
00:53:36.0 (246071510)|METHOD_EXIT|[1]|PM_Job_New_Controller
00:53:36.0 (246189422)|HEAP_ALLOCATE|[EXTERNAL]|Bytes:40
00:53:36.0 (246298841)|VARIABLE_SCOPE_BEGIN|[16]|this|PM_Job_New_Controller|true|false
00:53:36.0 (246402294)|VARIABLE_ASSIGNMENT|[16]|this|{}|0x40b11e92
00:53:36.0 (246418236)|VARIABLE_SCOPE_BEGIN|[16]|stdController|ApexPages.StandardController|true|false
00:53:36.0 (246638159)|VARIABLE_ASSIGNMENT|[16]|stdController|"StandardController [null]"|0x6fdd64bb
00:53:36.0 (246675002)|SYSTEM_MODE_ENTER|false
00:53:36.0 (246686824)|HEAP_ALLOCATE|[17]|Bytes:5
00:53:36.0 (246694654)|STATEMENT_EXECUTE|[1]
00:53:36.0 (246707263)|HEAP_ALLOCATE|[17]|Bytes:5
00:53:36.0 (246713796)|STATEMENT_EXECUTE|[3]
00:53:36.0 (246716022)|STATEMENT_EXECUTE|[4]
00:53:36.0 (246717600)|STATEMENT_EXECUTE|[5]
00:53:36.0 (246718952)|STATEMENT_EXECUTE|[6]
00:53:36.0 (246720339)|STATEMENT_EXECUTE|[7]
00:53:36.0 (246721654)|STATEMENT_EXECUTE|[8]
00:53:36.0 (246723008)|STATEMENT_EXECUTE|[9]
00:53:36.0 (246724623)|STATEMENT_EXECUTE|[10]
00:53:36.0 (246726247)|STATEMENT_EXECUTE|[11]
00:53:36.0 (246788816)|STATEMENT_EXECUTE|[16]
00:53:36.0 (246791814)|STATEMENT_EXECUTE|[17]
00:53:36.0 (247008658)|HEAP_ALLOCATE|[17]|Bytes:4
00:53:36.0 (247052680)|VARIABLE_ASSIGNMENT|[17]|this.job|{}|0x40b11e92
00:53:36.0 (247064137)|STATEMENT_EXECUTE|[18]
00:53:36.0 (247069746)|HEAP_ALLOCATE|[18]|Bytes:46
00:53:36.0 (247094746)|HEAP_ALLOCATE|[18]|Bytes:4
00:53:36.0 (247318323)|SOQL_EXECUTE_BEGIN|[18]|Aggregations:0|SELECT Company_project_code__c FROM Project__c
00:53:36.0 (250004094)|SOQL_EXECUTE_END|[18]|Rows:24
00:53:36.0 (250026487)|HEAP_ALLOCATE|[18]|Bytes:100
00:53:36.0 (250066204)|HEAP_ALLOCATE|[18]|Bytes:1692
00:53:36.0 (250099910)|HEAP_ALLOCATE|[18]|Bytes:100
00:53:36.0 (250188174)|VARIABLE_ASSIGNMENT|[EXTERNAL]|this|{"job":"0x104e3ed8"}|0x40b11e92
00:53:36.0 (250216252)|VARIABLE_ASSIGNMENT|[EXTERNAL]|value|"List of size 24 too large to display"|0x45920505
00:53:36.0 (250240405)|VARIABLE_ASSIGNMENT|[4]|this.projectList|"List of size 24 too large to display"|0x40b11e92
00:53:36.0 (250258453)|STATEMENT_EXECUTE|[19]
00:53:36.0 (250263969)|HEAP_ALLOCATE|[19]|Bytes:7
00:53:36.0 (250271895)|HEAP_ALLOCATE|[19]|Bytes:4
00:53:36.0 (250294558)|METHOD_ENTRY|[19]|01p7F00000HhQR4|PM_Job_New_Controller.getAllFields(String)
00:53:36.0 (250473295)|VARIABLE_SCOPE_BEGIN|[70]|sobjectname|String|false|false
00:53:36.0 (250493529)|VARIABLE_ASSIGNMENT|[70]|sobjectname|"Task"
00:53:36.0 (250524691)|HEAP_ALLOCATE|[71]|Bytes:5
00:53:36.0 (250533955)|STATEMENT_EXECUTE|[70]
00:53:36.0 (272244809)|HEAP_ALLOCATE|[71]|Bytes:1468
00:53:36.0 (272300812)|STATEMENT_EXECUTE|[71]
00:53:36.0 (272303846)|STATEMENT_EXECUTE|[74]
00:53:36.0 (276857407)|HEAP_ALLOCATE|[74]|Bytes:1468
00:53:36.0 (277462948)|HEAP_ALLOCATE|[74]|Bytes:4
00:53:36.0 (277546120)|HEAP_ALLOCATE|[74]|Bytes:4
00:53:36.0 (278978067)|HEAP_ALLOCATE|[74]|Bytes:160
00:53:36.0 (279003922)|VARIABLE_SCOPE_BEGIN|[74]|fields|Map<String,Schema.SObjectField>|true|false
00:53:36.0 (279246962)|VARIABLE_ASSIGNMENT|[74]|fields|"{accountid=AccountId, activitydate=ActivityDate, calldisposition=CallDisposition, calldurationinseconds=CallDurationInSeconds, callobject=CallObject, calltype=CallType, createdbyid=CreatedById, createddate=CreatedDate, description=Description, id=Id, ...}"|0x39774e1c
00:53:36.0 (279260935)|STATEMENT_EXECUTE|[75]
00:53:36.0 (279280380)|HEAP_ALLOCATE|[75]|Bytes:4
00:53:36.0 (279324248)|VARIABLE_SCOPE_BEGIN|[75]|accessiblefields|List<String>|true|false
00:53:36.0 (279355254)|HEAP_ALLOCATE|[EXTERNAL]|Bytes:4
00:53:36.0 (279367543)|VARIABLE_ASSIGNMENT|[75]|accessiblefields|[]|0x1a0fc799
00:53:36.0 (279421490)|HEAP_ALLOCATE|[EXTERNAL]|Bytes:160
00:53:36.0 (279441556)|HEAP_ALLOCATE|[76]|Bytes:160
00:53:36.0 (279481581)|HEAP_ALLOCATE|[76]|Bytes:5
00:53:36.0 (279503700)|VARIABLE_SCOPE_BEGIN|[76]|field|Schema.SObjectField|true|false
00:53:36.0 (279574967)|VARIABLE_ASSIGNMENT|[76]|field|"common.apex.runtime.impl.ApexFieldToken@7414cf7b"|0x7414cf7b
00:53:36.0 (279584136)|STATEMENT_EXECUTE|[76]
00:53:36.0 (280070622)|HEAP_ALLOCATE|[77]|Bytes:8
00:53:36.0 (280097545)|STATEMENT_EXECUTE|[78]
00:53:36.0 (280136819)|HEAP_ALLOCATE|[78]|Bytes:8
00:53:36.0 (280153563)|HEAP_ALLOCATE|[78]|Bytes:2
00:53:36.0 (280171375)|HEAP_ALLOCATE|[EXTERNAL]|Bytes:4
00:53:36.0 (280186473)|HEAP_ALLOCATE|[76]|Bytes:5
00:53:36.0 (280204185)|VARIABLE_SCOPE_BEGIN|[76]|field|Schema.SObjectField|true|false
00:53:36.0 (280278173)|VARIABLE_ASSIGNMENT|[76]|field|"common.apex.runtime.impl.ApexFieldToken@7790684b"|0x7790684b
00:53:36.0 (280287056)|STATEMENT_EXECUTE|[76]
00:53:36.0 (280763105)|HEAP_ALLOCATE|[77]|Bytes:8
00:53:36.0 (280780698)|STATEMENT_EXECUTE|[78]
00:53:36.0 (280801085)|HEAP_ALLOCATE|[78]|Bytes:8
00:53:36.0 (280811007)|HEAP_ALLOCATE|[78]|Bytes:5
00:53:36.0 (280821533)|HEAP_ALLOCATE|[EXTERNAL]|Bytes:4
00:53:36.0 (280834730)|HEAP_ALLOCATE|[76]|Bytes:5
00:53:36.0 (280851508)|VARIABLE_SCOPE_BEGIN|[76]|field|Schema.SObjectField|true|false
00:53:36.0 (280924966)|VARIABLE_ASSIGNMENT|[76]|field|"common.apex.runtime.impl.ApexFieldToken@13474a2f"|0x13474a2f
00:53:36.0 (280934583)|STATEMENT_EXECUTE|[76]
00:53:36.0 (281275392)|HEAP_ALLOCATE|[77]|Bytes:8
00:53:36.0 (281300619)|STATEMENT_EXECUTE|[78]
00:53:36.0 (281332904)|HEAP_ALLOCATE|[78]|Bytes:8
00:53:36.0 (281347533)|HEAP_ALLOCATE|[78]|Bytes:6
00:53:36.0 (281360067)|HEAP_ALLOCATE|[EXTERNAL]|Bytes:4
00:53:36.0 (281377683)|HEAP_ALLOCATE|[76]|Bytes:5
00:53:36.0 (281400543)|VARIABLE_SCOPE_BEGIN|[76]|field|Schema.SObjectField|true|false
00:53:36.0 (281509394)|VARIABLE_ASSIGNMENT|[76]|field|"common.apex.runtime.impl.ApexFieldToken@3daf4ce"|0x3daf4ce
00:53:36.0 (281523835)|STATEMENT_EXECUTE|[76]
00:53:36.0 (281693809)|HEAP_ALLOCATE|[77]|Bytes:8
00:53:36.0 (281717500)|STATEMENT_EXECUTE|[78]
00:53:36.0 (281752127)|HEAP_ALLOCATE|[78]|Bytes:8
00:53:36.0 (281767535)|HEAP_ALLOCATE|[78]|Bytes:7
00:53:36.0 (281781747)|HEAP_ALLOCATE|[EXTERNAL]|Bytes:4
00:53:36.0 (281799222)|HEAP_ALLOCATE|[76]|Bytes:5
00:53:36.0 (281825936)|VARIABLE_SCOPE_BEGIN|[76]|field|Schema.SObjectField|true|false
00:53:36.0 (281937692)|VARIABLE_ASSIGNMENT|[76]|field|"common.apex.runtime.impl.ApexFieldToken@51678cd9"|0x51678cd9
00:53:36.0 (281952658)|STATEMENT_EXECUTE|[76]
00:53:36.0 (282146880)|HEAP_ALLOCATE|[77]|Bytes:8
00:53:36.0 (282170438)|STATEMENT_EXECUTE|[78]
00:53:36.0 (282200327)|HEAP_ALLOCATE|[78]|Bytes:8
00:53:36.0 (282211091)|HEAP_ALLOCATE|[78]|Bytes:12
00:53:36.0 (282222368)|HEAP_ALLOCATE|[EXTERNAL]|Bytes:4
00:53:36.0 (282237506)|HEAP_ALLOCATE|[76]|Bytes:5
00:53:36.0 (282255711)|VARIABLE_SCOPE_BEGIN|[76]|field|Schema.SObjectField|true|false
00:53:36.0 (282342465)|VARIABLE_ASSIGNMENT|[76]|field|"common.apex.runtime.impl.ApexFieldToken@25c1748e"|0x25c1748e
00:53:36.0 (282351329)|STATEMENT_EXECUTE|[76]
00:53:36.0 (282479702)|HEAP_ALLOCATE|[77]|Bytes:8
00:53:36.0 (282494401)|STATEMENT_EXECUTE|[78]
00:53:36.0 (282511162)|HEAP_ALLOCATE|[78]|Bytes:8
00:53:36.0 (282519221)|HEAP_ALLOCATE|[78]|Bytes:6
00:53:36.0 (282527513)|HEAP_ALLOCATE|[EXTERNAL]|Bytes:4
00:53:36.0 (282538925)|HEAP_ALLOCATE|[76]|Bytes:5
00:53:36.0 (282553669)|VARIABLE_SCOPE_BEGIN|[76]|field|Schema.SObjectField|true|false
00:53:36.0 (282622479)|VARIABLE_ASSIGNMENT|[76]|field|"common.apex.runtime.impl.ApexFieldToken@cfe442b"|0xcfe442b
00:53:36.0 (282630729)|STATEMENT_EXECUTE|[76]
00:53:36.0 (282738561)|HEAP_ALLOCATE|[77]|Bytes:8
00:53:36.0 (282752180)|STATEMENT_EXECUTE|[78]
00:53:36.0 (282767734)|HEAP_ALLOCATE|[78]|Bytes:8
00:53:36.0 (282775680)|HEAP_ALLOCATE|[78]|Bytes:8
00:53:36.0 (282783533)|HEAP_ALLOCATE|[EXTERNAL]|Bytes:4
00:53:36.0 (282794882)|HEAP_ALLOCATE|[76]|Bytes:5
00:53:36.0 (282807993)|VARIABLE_SCOPE_BEGIN|[76]|field|Schema.SObjectField|true|false
00:53:36.0 (282873029)|VARIABLE_ASSIGNMENT|[76]|field|"common.apex.runtime.impl.ApexFieldToken@5856adfe"|0x5856adfe
00:53:36.0 (282881224)|STATEMENT_EXECUTE|[76]
00:53:36.0 (282967842)|HEAP_ALLOCATE|[77]|Bytes:8
00:53:36.0 (282981144)|STATEMENT_EXECUTE|[78]
00:53:36.0 (282996513)|HEAP_ALLOCATE|[78]|Bytes:8
00:53:36.0 (283004023)|HEAP_ALLOCATE|[78]|Bytes:14
00:53:36.0 (283012789)|HEAP_ALLOCATE|[EXTERNAL]|Bytes:4
00:53:36.0 (283024125)|HEAP_ALLOCATE|[76]|Bytes:5
00:53:36.0 (283036963)|VARIABLE_SCOPE_BEGIN|[76]|field|Schema.SObjectField|true|false
00:53:36.0 (283106602)|VARIABLE_ASSIGNMENT|[76]|field|"common.apex.runtime.impl.ApexFieldToken@35bae369"|0x35bae369
00:53:36.0 (283114415)|STATEMENT_EXECUTE|[76]
00:53:36.0 (283232849)|HEAP_ALLOCATE|[77]|Bytes:8
00:53:36.0 (283246641)|STATEMENT_EXECUTE|[78]
00:53:36.0 (283261566)|HEAP_ALLOCATE|[78]|Bytes:8
00:53:36.0 (283269321)|HEAP_ALLOCATE|[78]|Bytes:7
00:53:36.0 (283277274)|HEAP_ALLOCATE|[EXTERNAL]|Bytes:4
00:53:36.0 (283288033)|HEAP_ALLOCATE|[76]|Bytes:5
00:53:36.0 (283300936)|VARIABLE_SCOPE_BEGIN|[76]|field|Schema.SObjectField|true|false
00:53:36.0 (283365783)|VARIABLE_ASSIGNMENT|[76]|field|"common.apex.runtime.impl.ApexFieldToken@1b719454"|0x1b719454
00:53:36.0 (283373509)|STATEMENT_EXECUTE|[76]
00:53:36.0 (283477561)|HEAP_ALLOCATE|[77]|Bytes:8
00:53:36.0 (283490908)|STATEMENT_EXECUTE|[78]
00:53:36.0 (283506403)|HEAP_ALLOCATE|[78]|Bytes:8
00:53:36.0 (283514076)|HEAP_ALLOCATE|[78]|Bytes:11
00:53:36.0 (283522186)|HEAP_ALLOCATE|[EXTERNAL]|Bytes:4
00:53:36.0 (283532953)|HEAP_ALLOCATE|[76]|Bytes:5
00:53:36.0 (283545466)|VARIABLE_SCOPE_BEGIN|[76]|field|Schema.SObjectField|true|false
00:53:36.0 (283609199)|VARIABLE_ASSIGNMENT|[76]|field|"common.apex.runtime.impl.ApexFieldToken@65d0540d"|0x65d0540d
00:53:36.0 (283617289)|STATEMENT_EXECUTE|[76]
00:53:36.0 (283702720)|HEAP_ALLOCATE|[77]|Bytes:8
00:53:36.0 (283715944)|STATEMENT_EXECUTE|[77]
00:53:36.0 (283725583)|HEAP_ALLOCATE|[76]|Bytes:5
00:53:36.0 (283737798)|VARIABLE_SCOPE_BEGIN|[76]|field|Schema.SObjectField|true|false
00:53:36.0 (283800768)|VARIABLE_ASSIGNMENT|[76]|field|"common.apex.runtime.impl.ApexFieldToken@8043c14"|0x8043c14
00:53:36.0 (283809131)|STATEMENT_EXECUTE|[76]
00:53:36.0 (283888103)|HEAP_ALLOCATE|[77]|Bytes:8
00:53:36.0 (283900909)|STATEMENT_EXECUTE|[78]
00:53:36.0 (283916421)|HEAP_ALLOCATE|[78]|Bytes:8
00:53:36.0 (283924015)|HEAP_ALLOCATE|[78]|Bytes:9
00:53:36.0 (283931773)|HEAP_ALLOCATE|[EXTERNAL]|Bytes:4
00:53:36.0 (283942982)|HEAP_ALLOCATE|[76]|Bytes:5
00:53:36.0 (283956037)|VARIABLE_SCOPE_BEGIN|[76]|field|Schema.SObjectField|true|false
00:53:36.0 (284019184)|VARIABLE_ASSIGNMENT|[76]|field|"common.apex.runtime.impl.ApexFieldToken@6ac727d6"|0x6ac727d6
00:53:36.0 (284027702)|STATEMENT_EXECUTE|[76]
00:53:36.0 (284167815)|HEAP_ALLOCATE|[77]|Bytes:8
00:53:36.0 (284182185)|STATEMENT_EXECUTE|[78]
00:53:36.0 (284198688)|HEAP_ALLOCATE|[78]|Bytes:8
00:53:36.0 (284206715)|HEAP_ALLOCATE|[78]|Bytes:9
00:53:36.0 (284214743)|HEAP_ALLOCATE|[EXTERNAL]|Bytes:4
00:53:36.0 (284225500)|HEAP_ALLOCATE|[76]|Bytes:5
00:53:36.0 (284238613)|VARIABLE_SCOPE_BEGIN|[76]|field|Schema.SObjectField|true|false
00:53:36.0 (284303588)|VARIABLE_ASSIGNMENT|[76]|field|"common.apex.runtime.impl.ApexFieldToken@7d83ddee"|0x7d83ddee
00:53:36.0 (284311422)|STATEMENT_EXECUTE|[76]
00:53:36.0 (284392572)|HEAP_ALLOCATE|[77]|Bytes:8
00:53:36.0 (284405839)|STATEMENT_EXECUTE|[78]
00:53:36.0 (284421113)|HEAP_ALLOCATE|[78]|Bytes:8
00:53:36.0 (284429247)|HEAP_ALLOCATE|[78]|Bytes:8
00:53:36.0 (284437363)|HEAP_ALLOCATE|[EXTERNAL]|Bytes:4
00:53:36.0 (284447559)|HEAP_ALLOCATE|[76]|Bytes:5
00:53:36.0 (284460027)|VARIABLE_SCOPE_BEGIN|[76]|field|Schema.SObjectField|true|false
00:53:36.0 (284523281)|VARIABLE_ASSIGNMENT|[76]|field|"common.apex.runtime.impl.ApexFieldToken@1a149e6f"|0x1a149e6f
00:53:36.0 (284531250)|STATEMENT_EXECUTE|[76]
00:53:36.0 (284624091)|HEAP_ALLOCATE|[77]|Bytes:8
00:53:36.0 (284637218)|STATEMENT_EXECUTE|[78]
00:53:36.0 (284652693)|HEAP_ALLOCATE|[78]|Bytes:8
00:53:36.0 (284660861)|HEAP_ALLOCATE|[78]|Bytes:11
00:53:36.0 (284669383)|HEAP_ALLOCATE|[EXTERNAL]|Bytes:4
00:53:36.0 (284680366)|HEAP_ALLOCATE|[76]|Bytes:5
00:53:36.0 (284692734)|VARIABLE_SCOPE_BEGIN|[76]|field|Schema.SObjectField|true|false
00:53:36.0 (284756507)|VARIABLE_ASSIGNMENT|[76]|field|"common.apex.runtime.impl.ApexFieldToken@3359f5a5"|0x3359f5a5
00:53:36.0 (284764653)|STATEMENT_EXECUTE|[76]
00:53:36.0 (284864580)|HEAP_ALLOCATE|[77]|Bytes:8
00:53:36.0 (284878050)|STATEMENT_EXECUTE|[78]
00:53:36.0 (284893573)|HEAP_ALLOCATE|[78]|Bytes:8
00:53:36.0 (284900896)|HEAP_ALLOCATE|[78]|Bytes:11
00:53:36.0 (284908284)|HEAP_ALLOCATE|[EXTERNAL]|Bytes:4
00:53:36.0 (284919121)|HEAP_ALLOCATE|[76]|Bytes:5
00:53:36.0 (284931513)|VARIABLE_SCOPE_BEGIN|[76]|field|Schema.SObjectField|true|false
00:53:36.0 (284993616)|VARIABLE_ASSIGNMENT|[76]|field|"common.apex.runtime.impl.ApexFieldToken@60739d8f"|0x60739d8f
00:53:36.0 (285001189)|STATEMENT_EXECUTE|[76]
00:53:36.0 (285090057)|HEAP_ALLOCATE|[77]|Bytes:8
00:53:36.0 (285107058)|STATEMENT_EXECUTE|[78]
00:53:36.0 (285122395)|HEAP_ALLOCATE|[78]|Bytes:8
00:53:36.0 (285130464)|HEAP_ALLOCATE|[78]|Bytes:16
00:53:36.0 (285137795)|HEAP_ALLOCATE|[EXTERNAL]|Bytes:4
00:53:36.0 (285148975)|HEAP_ALLOCATE|[76]|Bytes:5
00:53:36.0 (285161406)|VARIABLE_SCOPE_BEGIN|[76]|field|Schema.SObjectField|true|false
00:53:36.0 (285223798)|VARIABLE_ASSIGNMENT|[76]|field|"common.apex.runtime.impl.ApexFieldToken@37c40c2"|0x37c40c2
00:53:36.0 (285231808)|STATEMENT_EXECUTE|[76]
00:53:36.0 (285329863)|HEAP_ALLOCATE|[77]|Bytes:8
00:53:36.0 (285342761)|STATEMENT_EXECUTE|[78]
00:53:36.0 (285358098)|HEAP_ALLOCATE|[78]|Bytes:8
00:53:36.0 (285365853)|HEAP_ALLOCATE|[78]|Bytes:16
00:53:36.0 (285373272)|HEAP_ALLOCATE|[EXTERNAL]|Bytes:4
00:53:36.0 (285383869)|HEAP_ALLOCATE|[76]|Bytes:5
00:53:36.0 (285396105)|VARIABLE_SCOPE_BEGIN|[76]|field|Schema.SObjectField|true|false
00:53:36.0 (285460203)|VARIABLE_ASSIGNMENT|[76]|field|"common.apex.runtime.impl.ApexFieldToken@3da55124"|0x3da55124
00:53:36.0 (285468063)|STATEMENT_EXECUTE|[76]
00:53:36.0 (285545436)|HEAP_ALLOCATE|[77]|Bytes:8
00:53:36.0 (285558086)|STATEMENT_EXECUTE|[78]
00:53:36.0 (285572931)|HEAP_ALLOCATE|[78]|Bytes:8
00:53:36.0 (285580300)|HEAP_ALLOCATE|[78]|Bytes:14
00:53:36.0 (285587507)|HEAP_ALLOCATE|[EXTERNAL]|Bytes:4
00:53:36.0 (285597901)|HEAP_ALLOCATE|[76]|Bytes:5
00:53:36.0 (285610586)|VARIABLE_SCOPE_BEGIN|[76]|field|Schema.SObjectField|true|false
00:53:36.0 (285674067)|VARIABLE_ASSIGNMENT|[76]|field|"common.apex.runtime.impl.ApexFieldToken@41ad6fe8"|0x41ad6fe8
00:53:36.0 (285681918)|STATEMENT_EXECUTE|[76]
00:53:36.0 (285763941)|HEAP_ALLOCATE|[77]|Bytes:8
00:53:36.0 (285776668)|STATEMENT_EXECUTE|[78]
00:53:36.0 (285791099)|HEAP_ALLOCATE|[78]|Bytes:8
00:53:36.0 (285798571)|HEAP_ALLOCATE|[78]|Bytes:10
00:53:36.0 (285806123)|HEAP_ALLOCATE|[EXTERNAL]|Bytes:4
00:53:36.0 (285817145)|HEAP_ALLOCATE|[76]|Bytes:5
00:53:36.0 (285829697)|VARIABLE_SCOPE_BEGIN|[76]|field|Schema.SObjectField|true|false
00:53:36.0 (285892823)|VARIABLE_ASSIGNMENT|[76]|field|"common.apex.runtime.impl.ApexFieldToken@3d4e1db7"|0x3d4e1db7
00:53:36.0 (285900705)|STATEMENT_EXECUTE|[76]
00:53:36.0 (285993649)|HEAP_ALLOCATE|[77]|Bytes:8
00:53:36.0 (286006865)|STATEMENT_EXECUTE|[78]
00:53:36.0 (286022426)|HEAP_ALLOCATE|[78]|Bytes:8
00:53:36.0 (286030236)|HEAP_ALLOCATE|[78]|Bytes:21
00:53:36.0 (286037818)|HEAP_ALLOCATE|[EXTERNAL]|Bytes:4
00:53:36.0 (286048661)|HEAP_ALLOCATE|[76]|Bytes:5
00:53:36.0 (286060914)|VARIABLE_SCOPE_BEGIN|[76]|field|Schema.SObjectField|true|false
00:53:36.0 (286129725)|VARIABLE_ASSIGNMENT|[76]|field|"common.apex.runtime.impl.ApexFieldToken@5c55308c"|0x5c55308c
00:53:36.0 (286137696)|STATEMENT_EXECUTE|[76]
00:53:36.0 (286225368)|HEAP_ALLOCATE|[77]|Bytes:8
00:53:36.0 (286238217)|STATEMENT_EXECUTE|[78]
00:53:36.0 (286252779)|HEAP_ALLOCATE|[78]|Bytes:8
00:53:36.0 (286260663)|HEAP_ALLOCATE|[78]|Bytes:8
00:53:36.0 (286268368)|HEAP_ALLOCATE|[EXTERNAL]|Bytes:4
00:53:36.0 (286278709)|HEAP_ALLOCATE|[76]|Bytes:5
00:53:36.0 (286291290)|VARIABLE_SCOPE_BEGIN|[76]|field|Schema.SObjectField|true|false
00:53:36.0 (286355357)|VARIABLE_ASSIGNMENT|[76]|field|"common.apex.runtime.impl.ApexFieldToken@4bee6653"|0x4bee6653
00:53:36.0 (286363379)|STATEMENT_EXECUTE|[76]
00:53:36.0 (286449391)|HEAP_ALLOCATE|[77]|Bytes:8
00:53:36.0 (286461934)|STATEMENT_EXECUTE|[78]
00:53:36.0 (286475874)|HEAP_ALLOCATE|[78]|Bytes:8
00:53:36.0 (286483639)|HEAP_ALLOCATE|[78]|Bytes:15
00:53:36.0 (286491193)|HEAP_ALLOCATE|[EXTERNAL]|Bytes:4
00:53:36.0 (286501387)|HEAP_ALLOCATE|[76]|Bytes:5
00:53:36.0 (286513912)|VARIABLE_SCOPE_BEGIN|[76]|field|Schema.SObjectField|true|false
00:53:36.0 (286576798)|VARIABLE_ASSIGNMENT|[76]|field|"common.apex.runtime.impl.ApexFieldToken@611682e9"|0x611682e9
00:53:36.0 (286584813)|STATEMENT_EXECUTE|[76]
00:53:36.0 (286668836)|HEAP_ALLOCATE|[77]|Bytes:8
00:53:36.0 (286681562)|STATEMENT_EXECUTE|[78]
00:53:36.0 (286695687)|HEAP_ALLOCATE|[78]|Bytes:8
00:53:36.0 (286703156)|HEAP_ALLOCATE|[78]|Bytes:10
00:53:36.0 (286710560)|HEAP_ALLOCATE|[EXTERNAL]|Bytes:4
00:53:36.0 (286721146)|HEAP_ALLOCATE|[76]|Bytes:5
00:53:36.0 (286733273)|VARIABLE_SCOPE_BEGIN|[76]|field|Schema.SObjectField|true|false
00:53:36.0 (286795825)|VARIABLE_ASSIGNMENT|[76]|field|"common.apex.runtime.impl.ApexFieldToken@2cf898d9"|0x2cf898d9
00:53:36.0 (286803721)|STATEMENT_EXECUTE|[76]
00:53:36.0 (286887782)|HEAP_ALLOCATE|[77]|Bytes:8
00:53:36.0 (286900705)|STATEMENT_EXECUTE|[78]
00:53:36.0 (286915190)|HEAP_ALLOCATE|[78]|Bytes:8
00:53:36.0 (286922741)|HEAP_ALLOCATE|[78]|Bytes:16
00:53:36.0 (286930318)|HEAP_ALLOCATE|[EXTERNAL]|Bytes:4
00:53:36.0 (286940934)|HEAP_ALLOCATE|[76]|Bytes:5
00:53:36.0 (286952828)|VARIABLE_SCOPE_BEGIN|[76]|field|Schema.SObjectField|true|false
00:53:36.0 (287014715)|VARIABLE_ASSIGNMENT|[76]|field|"common.apex.runtime.impl.ApexFieldToken@59dc0c9a"|0x59dc0c9a
00:53:36.0 (287022906)|STATEMENT_EXECUTE|[76]
00:53:36.0 (287111788)|HEAP_ALLOCATE|[77]|Bytes:8
00:53:36.0 (287125094)|STATEMENT_EXECUTE|[78]
00:53:36.0 (287140001)|HEAP_ALLOCATE|[78]|Bytes:8
00:53:36.0 (287147706)|HEAP_ALLOCATE|[78]|Bytes:13
00:53:36.0 (287155033)|HEAP_ALLOCATE|[EXTERNAL]|Bytes:4
00:53:36.0 (287165465)|HEAP_ALLOCATE|[76]|Bytes:5
00:53:36.0 (287177591)|VARIABLE_SCOPE_BEGIN|[76]|field|Schema.SObjectField|true|false
00:53:36.0 (287238591)|VARIABLE_ASSIGNMENT|[76]|field|"common.apex.runtime.impl.ApexFieldToken@61b8250c"|0x61b8250c
00:53:36.0 (287246210)|STATEMENT_EXECUTE|[76]
00:53:36.0 (287358391)|HEAP_ALLOCATE|[77]|Bytes:8
00:53:36.0 (287371860)|STATEMENT_EXECUTE|[78]
00:53:36.0 (287386684)|HEAP_ALLOCATE|[78]|Bytes:8
00:53:36.0 (287394146)|HEAP_ALLOCATE|[78]|Bytes:20
00:53:36.0 (287402100)|HEAP_ALLOCATE|[EXTERNAL]|Bytes:4
00:53:36.0 (287412522)|HEAP_ALLOCATE|[76]|Bytes:5
00:53:36.0 (287425002)|VARIABLE_SCOPE_BEGIN|[76]|field|Schema.SObjectField|true|false
00:53:36.0 (287488674)|VARIABLE_ASSIGNMENT|[76]|field|"common.apex.runtime.impl.ApexFieldToken@34ecf218"|0x34ecf218
00:53:36.0 (287495911)|STATEMENT_EXECUTE|[76]
00:53:36.0 (287585410)|HEAP_ALLOCATE|[77]|Bytes:8
00:53:36.0 (287598584)|STATEMENT_EXECUTE|[78]
00:53:36.0 (287613062)|HEAP_ALLOCATE|[78]|Bytes:8
00:53:36.0 (287620377)|HEAP_ALLOCATE|[78]|Bytes:12
00:53:36.0 (287628098)|HEAP_ALLOCATE|[EXTERNAL]|Bytes:4
00:53:36.0 (287638566)|HEAP_ALLOCATE|[76]|Bytes:5
00:53:36.0 (287650405)|VARIABLE_SCOPE_BEGIN|[76]|field|Schema.SObjectField|true|false
00:53:36.0 (287713102)|VARIABLE_ASSIGNMENT|[76]|field|"common.apex.runtime.impl.ApexFieldToken@5cba8a0c"|0x5cba8a0c
00:53:36.0 (287720466)|STATEMENT_EXECUTE|[76]
00:53:36.0 (287805117)|HEAP_ALLOCATE|[77]|Bytes:8
00:53:36.0 (287817796)|STATEMENT_EXECUTE|[78]
00:53:36.0 (287832517)|HEAP_ALLOCATE|[78]|Bytes:8
00:53:36.0 (287840179)|HEAP_ALLOCATE|[78]|Bytes:23
00:53:36.0 (287847598)|HEAP_ALLOCATE|[EXTERNAL]|Bytes:4
00:53:36.0 (287857925)|HEAP_ALLOCATE|[76]|Bytes:5
00:53:36.0 (287869856)|VARIABLE_SCOPE_BEGIN|[76]|field|Schema.SObjectField|true|false
00:53:36.0 (287931531)|VARIABLE_ASSIGNMENT|[76]|field|"common.apex.runtime.impl.ApexFieldToken@65bbf5dd"|0x65bbf5dd
00:53:36.0 (287939352)|STATEMENT_EXECUTE|[76]
00:53:36.0 (288020198)|HEAP_ALLOCATE|[77]|Bytes:8
00:53:36.0 (288033203)|STATEMENT_EXECUTE|[78]
00:53:36.0 (288047174)|HEAP_ALLOCATE|[78]|Bytes:8
00:53:36.0 (288054817)|HEAP_ALLOCATE|[78]|Bytes:21
00:53:36.0 (288062245)|HEAP_ALLOCATE|[EXTERNAL]|Bytes:4
00:53:36.0 (288073171)|HEAP_ALLOCATE|[76]|Bytes:5
00:53:36.0 (288087493)|VARIABLE_SCOPE_BEGIN|[76]|field|Schema.SObjectField|true|false
00:53:36.0 (288157846)|VARIABLE_ASSIGNMENT|[76]|field|"common.apex.runtime.impl.ApexFieldToken@450b2c23"|0x450b2c23
00:53:36.0 (288165959)|STATEMENT_EXECUTE|[76]
00:53:36.0 (288251244)|HEAP_ALLOCATE|[77]|Bytes:8
00:53:36.0 (288264389)|STATEMENT_EXECUTE|[78]
00:53:36.0 (288278816)|HEAP_ALLOCATE|[78]|Bytes:8
00:53:36.0 (288286426)|HEAP_ALLOCATE|[78]|Bytes:24
00:53:36.0 (288293882)|HEAP_ALLOCATE|[EXTERNAL]|Bytes:4
00:53:36.0 (288304460)|HEAP_ALLOCATE|[76]|Bytes:5
00:53:36.0 (288316986)|VARIABLE_SCOPE_BEGIN|[76]|field|Schema.SObjectField|true|false
00:53:36.0 (288379419)|VARIABLE_ASSIGNMENT|[76]|field|"common.apex.runtime.impl.ApexFieldToken@16a46aa8"|0x16a46aa8
00:53:36.0 (288387280)|STATEMENT_EXECUTE|[76]
00:53:36.0 (288469624)|HEAP_ALLOCATE|[77]|Bytes:8
00:53:36.0 (288482346)|STATEMENT_EXECUTE|[78]
00:53:36.0 (288496641)|HEAP_ALLOCATE|[78]|Bytes:8
00:53:36.0 (288504362)|HEAP_ALLOCATE|[78]|Bytes:14
00:53:36.0 (288511752)|HEAP_ALLOCATE|[EXTERNAL]|Bytes:4
00:53:36.0 (288522245)|HEAP_ALLOCATE|[76]|Bytes:5
00:53:36.0 (288534823)|VARIABLE_SCOPE_BEGIN|[76]|field|Schema.SObjectField|true|false
00:53:36.0 (288596876)|VARIABLE_ASSIGNMENT|[76]|field|"common.apex.runtime.impl.ApexFieldToken@1e46789a"|0x1e46789a
00:53:36.0 (288604899)|STATEMENT_EXECUTE|[76]
00:53:36.0 (288687953)|HEAP_ALLOCATE|[77]|Bytes:8
00:53:36.0 (288700811)|STATEMENT_EXECUTE|[78]
00:53:36.0 (288715392)|HEAP_ALLOCATE|[78]|Bytes:8
00:53:36.0 (288722983)|HEAP_ALLOCATE|[78]|Bytes:18
00:53:36.0 (288731199)|HEAP_ALLOCATE|[EXTERNAL]|Bytes:4
00:53:36.0 (288741503)|HEAP_ALLOCATE|[76]|Bytes:5
00:53:36.0 (288753832)|VARIABLE_SCOPE_BEGIN|[76]|field|Schema.SObjectField|true|false
00:53:36.0 (288816511)|VARIABLE_ASSIGNMENT|[76]|field|"common.apex.runtime.impl.ApexFieldToken@24e96392"|0x24e96392
00:53:36.0 (288824515)|STATEMENT_EXECUTE|[76]
00:53:36.0 (288905874)|HEAP_ALLOCATE|[77]|Bytes:8
00:53:36.0 (288918845)|STATEMENT_EXECUTE|[78]
00:53:36.0 (288932930)|HEAP_ALLOCATE|[78]|Bytes:8
00:53:36.0 (288940813)|HEAP_ALLOCATE|[78]|Bytes:23
00:53:36.0 (288948829)|HEAP_ALLOCATE|[EXTERNAL]|Bytes:4
00:53:36.0 (288959034)|HEAP_ALLOCATE|[76]|Bytes:5
00:53:36.0 (288971076)|VARIABLE_SCOPE_BEGIN|[76]|field|Schema.SObjectField|true|false
00:53:36.0 (289033301)|VARIABLE_ASSIGNMENT|[76]|field|"common.apex.runtime.impl.ApexFieldToken@389f3918"|0x389f3918
00:53:36.0 (289042123)|STATEMENT_EXECUTE|[76]
00:53:36.0 (289126847)|HEAP_ALLOCATE|[77]|Bytes:8
00:53:36.0 (289140245)|STATEMENT_EXECUTE|[78]
00:53:36.0 (289155021)|HEAP_ALLOCATE|[78]|Bytes:8
00:53:36.0 (289162651)|HEAP_ALLOCATE|[78]|Bytes:20
00:53:36.0 (289170330)|HEAP_ALLOCATE|[EXTERNAL]|Bytes:4
00:53:36.0 (289181398)|HEAP_ALLOCATE|[76]|Bytes:5
00:53:36.0 (289193529)|VARIABLE_SCOPE_BEGIN|[76]|field|Schema.SObjectField|true|false
00:53:36.0 (289255101)|VARIABLE_ASSIGNMENT|[76]|field|"common.apex.runtime.impl.ApexFieldToken@ddbe589"|0xddbe589
00:53:36.0 (289262622)|STATEMENT_EXECUTE|[76]
00:53:36.0 (289346058)|HEAP_ALLOCATE|[77]|Bytes:8
00:53:36.0 (289359220)|STATEMENT_EXECUTE|[78]
00:53:36.0 (289373758)|HEAP_ALLOCATE|[78]|Bytes:8
00:53:36.0 (289381435)|HEAP_ALLOCATE|[78]|Bytes:18
00:53:36.0 (289388870)|HEAP_ALLOCATE|[EXTERNAL]|Bytes:4
00:53:36.0 (289399539)|HEAP_ALLOCATE|[76]|Bytes:5
00:53:36.0 (289411184)|VARIABLE_SCOPE_BEGIN|[76]|field|Schema.SObjectField|true|false
00:53:36.0 (289474275)|VARIABLE_ASSIGNMENT|[76]|field|"common.apex.runtime.impl.ApexFieldToken@20f4de00"|0x20f4de00
00:53:36.0 (289481552)|STATEMENT_EXECUTE|[76]
00:53:36.0 (289563957)|HEAP_ALLOCATE|[77]|Bytes:8
00:53:36.0 (289576727)|STATEMENT_EXECUTE|[78]
00:53:36.0 (289591430)|HEAP_ALLOCATE|[78]|Bytes:8
00:53:36.0 (289599066)|HEAP_ALLOCATE|[78]|Bytes:21
00:53:36.0 (289606394)|HEAP_ALLOCATE|[EXTERNAL]|Bytes:4
00:53:36.0 (289616581)|HEAP_ALLOCATE|[76]|Bytes:5
00:53:36.0 (289628749)|VARIABLE_SCOPE_BEGIN|[76]|field|Schema.SObjectField|true|false
00:53:36.0 (289691263)|VARIABLE_ASSIGNMENT|[76]|field|"common.apex.runtime.impl.ApexFieldToken@4f6edc7f"|0x4f6edc7f
00:53:36.0 (289698769)|STATEMENT_EXECUTE|[76]
00:53:36.0 (289794370)|HEAP_ALLOCATE|[77]|Bytes:8
00:53:36.0 (289807320)|STATEMENT_EXECUTE|[78]
00:53:36.0 (289822114)|HEAP_ALLOCATE|[78]|Bytes:8
00:53:36.0 (289829597)|HEAP_ALLOCATE|[78]|Bytes:25
00:53:36.0 (289837326)|HEAP_ALLOCATE|[EXTERNAL]|Bytes:4
00:53:36.0 (289847901)|HEAP_ALLOCATE|[76]|Bytes:5
00:53:36.0 (289860155)|VARIABLE_SCOPE_BEGIN|[76]|field|Schema.SObjectField|true|false
00:53:36.0 (289922343)|VARIABLE_ASSIGNMENT|[76]|field|"common.apex.runtime.impl.ApexFieldToken@ef87b73"|0xef87b73
00:53:36.0 (289930408)|STATEMENT_EXECUTE|[76]
00:53:36.0 (290019939)|HEAP_ALLOCATE|[77]|Bytes:8
00:53:36.0 (290033281)|STATEMENT_EXECUTE|[78]
00:53:36.0 (290048344)|HEAP_ALLOCATE|[78]|Bytes:8
00:53:36.0 (290059355)|HEAP_ALLOCATE|[78]|Bytes:11
00:53:36.0 (290067419)|HEAP_ALLOCATE|[EXTERNAL]|Bytes:4
00:53:36.0 (290078422)|HEAP_ALLOCATE|[76]|Bytes:5
00:53:36.0 (290088997)|VARIABLE_ASSIGNMENT|[76]|field|null|
00:53:36.0 (290094241)|STATEMENT_EXECUTE|[80]
00:53:36.0 (290103507)|VARIABLE_SCOPE_BEGIN|[80]|allfields|String|false|false
00:53:36.0 (290112901)|VARIABLE_ASSIGNMENT|[80]|allfields|""
00:53:36.0 (290165614)|HEAP_ALLOCATE|[81]|Bytes:5
00:53:36.0 (290175153)|HEAP_ALLOCATE|[81]|Bytes:2
00:53:36.0 (290182302)|VARIABLE_SCOPE_BEGIN|[81]|fieldname|String|false|false
00:53:36.0 (290192170)|VARIABLE_ASSIGNMENT|[81]|fieldname|"Id"
00:53:36.0 (290196443)|STATEMENT_EXECUTE|[82]
00:53:36.0 (290198809)|HEAP_ALLOCATE|[82]|Bytes:1
00:53:36.0 (290214290)|HEAP_ALLOCATE|[82]|Bytes:3
00:53:36.0 (290219160)|HEAP_ALLOCATE|[82]|Bytes:3
00:53:36.0 (290223813)|VARIABLE_ASSIGNMENT|[82]|allfields|"Id,"
00:53:36.0 (290232583)|HEAP_ALLOCATE|[81]|Bytes:5
00:53:36.0 (290238851)|HEAP_ALLOCATE|[81]|Bytes:5
00:53:36.0 (290243676)|VARIABLE_SCOPE_BEGIN|[81]|fieldname|String|false|false
00:53:36.0 (290250765)|VARIABLE_ASSIGNMENT|[81]|fieldname|"WhoId"
00:53:36.0 (290254376)|STATEMENT_EXECUTE|[82]
00:53:36.0 (290257346)|HEAP_ALLOCATE|[82]|Bytes:6
00:53:36.0 (290260781)|HEAP_ALLOCATE|[82]|Bytes:9
00:53:36.0 (290264927)|VARIABLE_ASSIGNMENT|[82]|allfields|"Id,WhoId,"
00:53:36.0 (290271971)|HEAP_ALLOCATE|[81]|Bytes:5
00:53:36.0 (290277447)|HEAP_ALLOCATE|[81]|Bytes:6
00:53:36.0 (290281467)|VARIABLE_SCOPE_BEGIN|[81]|fieldname|String|false|false
00:53:36.0 (290288312)|VARIABLE_ASSIGNMENT|[81]|fieldname|"WhatId"
00:53:36.0 (290291929)|STATEMENT_EXECUTE|[82]
00:53:36.0 (290294701)|HEAP_ALLOCATE|[82]|Bytes:7
00:53:36.0 (290298336)|HEAP_ALLOCATE|[82]|Bytes:16
00:53:36.0 (290302646)|VARIABLE_ASSIGNMENT|[82]|allfields|"Id,WhoId,WhatId,"
00:53:36.0 (290309353)|HEAP_ALLOCATE|[81]|Bytes:5
00:53:36.0 (290315123)|HEAP_ALLOCATE|[81]|Bytes:7
00:53:36.0 (290319861)|VARIABLE_SCOPE_BEGIN|[81]|fieldname|String|false|false
00:53:36.0 (290326328)|VARIABLE_ASSIGNMENT|[81]|fieldname|"Subject"
00:53:36.0 (290329559)|STATEMENT_EXECUTE|[82]
00:53:36.0 (290331933)|HEAP_ALLOCATE|[82]|Bytes:8
00:53:36.0 (290335539)|HEAP_ALLOCATE|[82]|Bytes:24
00:53:36.0 (290342571)|VARIABLE_ASSIGNMENT|[82]|allfields|"Id,WhoId,WhatId,Subj (4 more) ..."
00:53:36.0 (290349901)|HEAP_ALLOCATE|[81]|Bytes:5
00:53:36.0 (290355669)|HEAP_ALLOCATE|[81]|Bytes:12
00:53:36.0 (290359749)|VARIABLE_SCOPE_BEGIN|[81]|fieldname|String|false|false
00:53:36.0 (290366113)|VARIABLE_ASSIGNMENT|[81]|fieldname|"ActivityDate"
00:53:36.0 (290369378)|STATEMENT_EXECUTE|[82]
00:53:36.0 (290371811)|HEAP_ALLOCATE|[82]|Bytes:13
00:53:36.0 (290375834)|HEAP_ALLOCATE|[82]|Bytes:37
00:53:36.0 (290381255)|VARIABLE_ASSIGNMENT|[82]|allfields|"Id,WhoId,WhatId,Subj (17 more) ..."
00:53:36.0 (290388022)|HEAP_ALLOCATE|[81]|Bytes:5
00:53:36.0 (290393925)|HEAP_ALLOCATE|[81]|Bytes:6
00:53:36.0 (290397891)|VARIABLE_SCOPE_BEGIN|[81]|fieldname|String|false|false
00:53:36.0 (290404655)|VARIABLE_ASSIGNMENT|[81]|fieldname|"Status"
00:53:36.0 (290407986)|STATEMENT_EXECUTE|[82]
00:53:36.0 (290410453)|HEAP_ALLOCATE|[82]|Bytes:7
00:53:36.0 (290414224)|HEAP_ALLOCATE|[82]|Bytes:44
00:53:36.0 (290418920)|VARIABLE_ASSIGNMENT|[82]|allfields|"Id,WhoId,WhatId,Subj (24 more) ..."
00:53:36.0 (290425525)|HEAP_ALLOCATE|[81]|Bytes:5
00:53:36.0 (290430939)|HEAP_ALLOCATE|[81]|Bytes:8
00:53:36.0 (290434600)|VARIABLE_SCOPE_BEGIN|[81]|fieldname|String|false|false
00:53:36.0 (290440997)|VARIABLE_ASSIGNMENT|[81]|fieldname|"Priority"
00:53:36.0 (290444386)|STATEMENT_EXECUTE|[82]
00:53:36.0 (290446776)|HEAP_ALLOCATE|[82]|Bytes:9
00:53:36.0 (290450531)|HEAP_ALLOCATE|[82]|Bytes:53
00:53:36.0 (290455376)|VARIABLE_ASSIGNMENT|[82]|allfields|"Id,WhoId,WhatId,Subj (33 more) ..."
00:53:36.0 (290462389)|HEAP_ALLOCATE|[81]|Bytes:5
00:53:36.0 (290468057)|HEAP_ALLOCATE|[81]|Bytes:14
00:53:36.0 (290471704)|VARIABLE_SCOPE_BEGIN|[81]|fieldname|String|false|false
00:53:36.0 (290478363)|VARIABLE_ASSIGNMENT|[81]|fieldname|"IsHighPriority"
00:53:36.0 (290481595)|STATEMENT_EXECUTE|[82]
00:53:36.0 (290484027)|HEAP_ALLOCATE|[82]|Bytes:15
00:53:36.0 (290487420)|HEAP_ALLOCATE|[82]|Bytes:68
00:53:36.0 (290492677)|VARIABLE_ASSIGNMENT|[82]|allfields|"Id,WhoId,WhatId,Subj (48 more) ..."
00:53:36.0 (290498971)|HEAP_ALLOCATE|[81]|Bytes:5
00:53:36.0 (290504729)|HEAP_ALLOCATE|[81]|Bytes:7
00:53:36.0 (290508328)|VARIABLE_SCOPE_BEGIN|[81]|fieldname|String|false|false
00:53:36.0 (290514822)|VARIABLE_ASSIGNMENT|[81]|fieldname|"OwnerId"
00:53:36.0 (290518156)|STATEMENT_EXECUTE|[82]
00:53:36.0 (290520496)|HEAP_ALLOCATE|[82]|Bytes:8
00:53:36.0 (290523804)|HEAP_ALLOCATE|[82]|Bytes:76
00:53:36.0 (290528858)|VARIABLE_ASSIGNMENT|[82]|allfields|"Id,WhoId,WhatId,Subj (56 more) ..."
00:53:36.0 (290535524)|HEAP_ALLOCATE|[81]|Bytes:5
00:53:36.0 (290540779)|HEAP_ALLOCATE|[81]|Bytes:11
00:53:36.0 (290544460)|VARIABLE_SCOPE_BEGIN|[81]|fieldname|String|false|false
00:53:36.0 (290550887)|VARIABLE_ASSIGNMENT|[81]|fieldname|"Description"
00:53:36.0 (290554111)|STATEMENT_EXECUTE|[82]
00:53:36.0 (290556539)|HEAP_ALLOCATE|[82]|Bytes:12
00:53:36.0 (290559865)|HEAP_ALLOCATE|[82]|Bytes:88
00:53:36.0 (290564533)|VARIABLE_ASSIGNMENT|[82]|allfields|"Id,WhoId,WhatId,Subj (68 more) ..."
00:53:36.0 (290571096)|HEAP_ALLOCATE|[81]|Bytes:5
00:53:36.0 (290576443)|HEAP_ALLOCATE|[81]|Bytes:9
00:53:36.0 (290580304)|VARIABLE_SCOPE_BEGIN|[81]|fieldname|String|false|false
00:53:36.0 (290586717)|VARIABLE_ASSIGNMENT|[81]|fieldname|"IsDeleted"
00:53:36.0 (290589702)|STATEMENT_EXECUTE|[82]
00:53:36.0 (290592120)|HEAP_ALLOCATE|[82]|Bytes:10
00:53:36.0 (290595482)|HEAP_ALLOCATE|[82]|Bytes:98
00:53:36.0 (290599921)|VARIABLE_ASSIGNMENT|[82]|allfields|"Id,WhoId,WhatId,Subj (78 more) ..."
00:53:36.0 (290606789)|HEAP_ALLOCATE|[81]|Bytes:5
00:53:36.0 (290612297)|HEAP_ALLOCATE|[81]|Bytes:9
00:53:36.0 (290616040)|VARIABLE_SCOPE_BEGIN|[81]|fieldname|String|false|false
00:53:36.0 (290622307)|VARIABLE_ASSIGNMENT|[81]|fieldname|"AccountId"
00:53:36.0 (290625853)|STATEMENT_EXECUTE|[82]
00:53:36.0 (290628256)|HEAP_ALLOCATE|[82]|Bytes:10
00:53:36.0 (290632037)|HEAP_ALLOCATE|[82]|Bytes:108
00:53:36.0 (290636861)|VARIABLE_ASSIGNMENT|[82]|allfields|"Id,WhoId,WhatId,Subj (88 more) ..."
00:53:36.0 (290643211)|HEAP_ALLOCATE|[81]|Bytes:5
00:53:36.0 (290648502)|HEAP_ALLOCATE|[81]|Bytes:8
00:53:36.0 (290652329)|VARIABLE_SCOPE_BEGIN|[81]|fieldname|String|false|false
00:53:36.0 (290659269)|VARIABLE_ASSIGNMENT|[81]|fieldname|"IsClosed"
00:53:36.0 (290662514)|STATEMENT_EXECUTE|[82]
00:53:36.0 (290664909)|HEAP_ALLOCATE|[82]|Bytes:9
00:53:36.0 (290669190)|HEAP_ALLOCATE|[82]|Bytes:117
00:53:36.0 (290673938)|VARIABLE_ASSIGNMENT|[82]|allfields|"Id,WhoId,WhatId,Subj (97 more) ..."
00:53:36.0 (290680857)|HEAP_ALLOCATE|[81]|Bytes:5
00:53:36.0 (290686458)|HEAP_ALLOCATE|[81]|Bytes:11
00:53:36.0 (290690153)|VARIABLE_SCOPE_BEGIN|[81]|fieldname|String|false|false
00:53:36.0 (290698298)|VARIABLE_ASSIGNMENT|[81]|fieldname|"CreatedDate"
00:53:36.0 (290701920)|STATEMENT_EXECUTE|[82]
00:53:36.0 (290704222)|HEAP_ALLOCATE|[82]|Bytes:12
00:53:36.0 (290708392)|HEAP_ALLOCATE|[82]|Bytes:129
00:53:36.0 (290714712)|VARIABLE_ASSIGNMENT|[82]|allfields|"Id,WhoId,WhatId,Subj (109 more) ..."
00:53:36.0 (290722110)|HEAP_ALLOCATE|[81]|Bytes:5
00:53:36.0 (290728228)|HEAP_ALLOCATE|[81]|Bytes:11
00:53:36.0 (290731837)|VARIABLE_SCOPE_BEGIN|[81]|fieldname|String|false|false
00:53:36.0 (290739060)|VARIABLE_ASSIGNMENT|[81]|fieldname|"CreatedById"
00:53:36.0 (290743413)|STATEMENT_EXECUTE|[82]
00:53:36.0 (290746069)|HEAP_ALLOCATE|[82]|Bytes:12
00:53:36.0 (290749342)|HEAP_ALLOCATE|[82]|Bytes:141
00:53:36.0 (290754124)|VARIABLE_ASSIGNMENT|[82]|allfields|"Id,WhoId,WhatId,Subj (121 more) ..."
00:53:36.0 (290760844)|HEAP_ALLOCATE|[81]|Bytes:5
00:53:36.0 (290766637)|HEAP_ALLOCATE|[81]|Bytes:16
00:53:36.0 (290771157)|VARIABLE_SCOPE_BEGIN|[81]|fieldname|String|false|false
00:53:36.0 (290777775)|VARIABLE_ASSIGNMENT|[81]|fieldname|"LastModifiedDate"
00:53:36.0 (290781192)|STATEMENT_EXECUTE|[82]
00:53:36.0 (290783495)|HEAP_ALLOCATE|[82]|Bytes:17
00:53:36.0 (290787135)|HEAP_ALLOCATE|[82]|Bytes:158
00:53:36.0 (290791783)|VARIABLE_ASSIGNMENT|[82]|allfields|"Id,WhoId,WhatId,Subj (138 more) ..."
00:53:36.0 (290798193)|HEAP_ALLOCATE|[81]|Bytes:5
00:53:36.0 (290803459)|HEAP_ALLOCATE|[81]|Bytes:16
00:53:36.0 (290807487)|VARIABLE_SCOPE_BEGIN|[81]|fieldname|String|false|false
00:53:36.0 (290815061)|VARIABLE_ASSIGNMENT|[81]|fieldname|"LastModifiedById"
00:53:36.0 (290818179)|STATEMENT_EXECUTE|[82]
00:53:36.0 (290820534)|HEAP_ALLOCATE|[82]|Bytes:17
00:53:36.0 (290824347)|HEAP_ALLOCATE|[82]|Bytes:175
00:53:36.0 (290829028)|VARIABLE_ASSIGNMENT|[82]|allfields|"Id,WhoId,WhatId,Subj (155 more) ..."
00:53:36.0 (290835963)|HEAP_ALLOCATE|[81]|Bytes:5
00:53:36.0 (290841651)|HEAP_ALLOCATE|[81]|Bytes:14
00:53:36.0 (290845248)|VARIABLE_SCOPE_BEGIN|[81]|fieldname|String|false|false
00:53:36.0 (290851769)|VARIABLE_ASSIGNMENT|[81]|fieldname|"SystemModstamp"
00:53:36.0 (290854897)|STATEMENT_EXECUTE|[82]
00:53:36.0 (290857301)|HEAP_ALLOCATE|[82]|Bytes:15
00:53:36.0 (290860668)|HEAP_ALLOCATE|[82]|Bytes:190
00:53:36.0 (290865173)|VARIABLE_ASSIGNMENT|[82]|allfields|"Id,WhoId,WhatId,Subj (170 more) ..."
00:53:36.0 (290871665)|HEAP_ALLOCATE|[81]|Bytes:5
00:53:36.0 (290877208)|HEAP_ALLOCATE|[81]|Bytes:10
00:53:36.0 (290881396)|VARIABLE_SCOPE_BEGIN|[81]|fieldname|String|false|false
00:53:36.0 (290887642)|VARIABLE_ASSIGNMENT|[81]|fieldname|"IsArchived"
00:53:36.0 (290890621)|STATEMENT_EXECUTE|[82]
00:53:36.0 (290892945)|HEAP_ALLOCATE|[82]|Bytes:11
00:53:36.0 (290896454)|HEAP_ALLOCATE|[82]|Bytes:201
00:53:36.0 (290901028)|VARIABLE_ASSIGNMENT|[82]|allfields|"Id,WhoId,WhatId,Subj (181 more) ..."
00:53:36.0 (290907282)|HEAP_ALLOCATE|[81]|Bytes:5
00:53:36.0 (290912460)|HEAP_ALLOCATE|[81]|Bytes:21
00:53:36.0 (290916507)|VARIABLE_SCOPE_BEGIN|[81]|fieldname|String|false|false
00:53:36.0 (290924440)|VARIABLE_ASSIGNMENT|[81]|fieldname|"CallDurationInSecond (1 more) ..."
00:53:36.0 (290928072)|STATEMENT_EXECUTE|[82]
00:53:36.0 (290930514)|HEAP_ALLOCATE|[82]|Bytes:22
00:53:36.0 (290934083)|HEAP_ALLOCATE|[82]|Bytes:223
00:53:36.0 (290939091)|VARIABLE_ASSIGNMENT|[82]|allfields|"Id,WhoId,WhatId,Subj (203 more) ..."
00:53:36.0 (290946077)|HEAP_ALLOCATE|[81]|Bytes:5
00:53:36.0 (290951437)|HEAP_ALLOCATE|[81]|Bytes:8
00:53:36.0 (290955121)|VARIABLE_SCOPE_BEGIN|[81]|fieldname|String|false|false
00:53:36.0 (290961777)|VARIABLE_ASSIGNMENT|[81]|fieldname|"CallType"
00:53:36.0 (290964689)|STATEMENT_EXECUTE|[82]
00:53:36.0 (290967023)|HEAP_ALLOCATE|[82]|Bytes:9
00:53:36.0 (290970408)|HEAP_ALLOCATE|[82]|Bytes:232
00:53:36.0 (290974937)|VARIABLE_ASSIGNMENT|[82]|allfields|"Id,WhoId,WhatId,Subj (212 more) ..."
00:53:36.0 (290981338)|HEAP_ALLOCATE|[81]|Bytes:5
00:53:36.0 (290986518)|HEAP_ALLOCATE|[81]|Bytes:15
00:53:36.0 (290990450)|VARIABLE_SCOPE_BEGIN|[81]|fieldname|String|false|false
00:53:36.0 (290996908)|VARIABLE_ASSIGNMENT|[81]|fieldname|"CallDisposition"
00:53:36.0 (291000436)|STATEMENT_EXECUTE|[82]
00:53:36.0 (291003291)|HEAP_ALLOCATE|[82]|Bytes:16
00:53:36.0 (291007041)|HEAP_ALLOCATE|[82]|Bytes:248
00:53:36.0 (291011614)|VARIABLE_ASSIGNMENT|[82]|allfields|"Id,WhoId,WhatId,Subj (228 more) ..."
00:53:36.0 (291018155)|HEAP_ALLOCATE|[81]|Bytes:5
00:53:36.0 (291023409)|HEAP_ALLOCATE|[81]|Bytes:10
00:53:36.0 (291027022)|VARIABLE_SCOPE_BEGIN|[81]|fieldname|String|false|false
00:53:36.0 (291033940)|VARIABLE_ASSIGNMENT|[81]|fieldname|"CallObject"
00:53:36.0 (291037549)|STATEMENT_EXECUTE|[82]
00:53:36.0 (291039896)|HEAP_ALLOCATE|[82]|Bytes:11
00:53:36.0 (291043465)|HEAP_ALLOCATE|[82]|Bytes:259
00:53:36.0 (291048096)|VARIABLE_ASSIGNMENT|[82]|allfields|"Id,WhoId,WhatId,Subj (239 more) ..."
00:53:36.0 (291054437)|HEAP_ALLOCATE|[81]|Bytes:5
00:53:36.0 (291059864)|HEAP_ALLOCATE|[81]|Bytes:16
00:53:36.0 (291063803)|VARIABLE_SCOPE_BEGIN|[81]|fieldname|String|false|false
00:53:36.0 (291070310)|VARIABLE_ASSIGNMENT|[81]|fieldname|"ReminderDateTime"
00:53:36.0 (291073320)|STATEMENT_EXECUTE|[82]
00:53:36.0 (291075861)|HEAP_ALLOCATE|[82]|Bytes:17
00:53:36.0 (291079439)|HEAP_ALLOCATE|[82]|Bytes:276
00:53:36.0 (291083998)|VARIABLE_ASSIGNMENT|[82]|allfields|"Id,WhoId,WhatId,Subj (256 more) ..."
00:53:36.0 (291090395)|HEAP_ALLOCATE|[81]|Bytes:5
00:53:36.0 (291095621)|HEAP_ALLOCATE|[81]|Bytes:13
00:53:36.0 (291103682)|VARIABLE_SCOPE_BEGIN|[81]|fieldname|String|false|false
00:53:36.0 (291110757)|VARIABLE_ASSIGNMENT|[81]|fieldname|"IsReminderSet"
00:53:36.0 (291114242)|STATEMENT_EXECUTE|[82]
00:53:36.0 (291116796)|HEAP_ALLOCATE|[82]|Bytes:14
00:53:36.0 (291120501)|HEAP_ALLOCATE|[82]|Bytes:290
00:53:36.0 (291125193)|VARIABLE_ASSIGNMENT|[82]|allfields|"Id,WhoId,WhatId,Subj (270 more) ..."
00:53:36.0 (291131747)|HEAP_ALLOCATE|[81]|Bytes:5
00:53:36.0 (291137227)|HEAP_ALLOCATE|[81]|Bytes:20
00:53:36.0 (291140914)|VARIABLE_SCOPE_BEGIN|[81]|fieldname|String|false|false
00:53:36.0 (291147903)|VARIABLE_ASSIGNMENT|[81]|fieldname|"RecurrenceActivityId"
00:53:36.0 (291151522)|STATEMENT_EXECUTE|[82]
00:53:36.0 (291153850)|HEAP_ALLOCATE|[82]|Bytes:21
00:53:36.0 (291157228)|HEAP_ALLOCATE|[82]|Bytes:311
00:53:36.0 (291162213)|VARIABLE_ASSIGNMENT|[82]|allfields|"Id,WhoId,WhatId,Subj (291 more) ..."
00:53:36.0 (291168690)|HEAP_ALLOCATE|[81]|Bytes:5
00:53:36.0 (291174052)|HEAP_ALLOCATE|[81]|Bytes:12
00:53:36.0 (291177770)|VARIABLE_SCOPE_BEGIN|[81]|fieldname|String|false|false
00:53:36.0 (291183936)|VARIABLE_ASSIGNMENT|[81]|fieldname|"IsRecurrence"
00:53:36.0 (291186911)|STATEMENT_EXECUTE|[82]
00:53:36.0 (291189269)|HEAP_ALLOCATE|[82]|Bytes:13
00:53:36.0 (291192844)|HEAP_ALLOCATE|[82]|Bytes:324
00:53:36.0 (291197501)|VARIABLE_ASSIGNMENT|[82]|allfields|"Id,WhoId,WhatId,Subj (304 more) ..."
00:53:36.0 (291203857)|HEAP_ALLOCATE|[81]|Bytes:5
00:53:36.0 (291208982)|HEAP_ALLOCATE|[81]|Bytes:23
00:53:36.0 (291213237)|VARIABLE_SCOPE_BEGIN|[81]|fieldname|String|false|false
00:53:36.0 (291220557)|VARIABLE_ASSIGNMENT|[81]|fieldname|"RecurrenceStartDateO (3 more) ..."
00:53:36.0 (291224094)|STATEMENT_EXECUTE|[82]
00:53:36.0 (291226464)|HEAP_ALLOCATE|[82]|Bytes:24
00:53:36.0 (291229819)|HEAP_ALLOCATE|[82]|Bytes:348
00:53:36.0 (291234825)|VARIABLE_ASSIGNMENT|[82]|allfields|"Id,WhoId,WhatId,Subj (328 more) ..."
00:53:36.0 (291241527)|HEAP_ALLOCATE|[81]|Bytes:5
00:53:36.0 (291246810)|HEAP_ALLOCATE|[81]|Bytes:21
00:53:36.0 (291250579)|VARIABLE_SCOPE_BEGIN|[81]|fieldname|String|false|false
00:53:36.0 (291257284)|VARIABLE_ASSIGNMENT|[81]|fieldname|"RecurrenceEndDateOnl (1 more) ..."
00:53:36.0 (291260471)|STATEMENT_EXECUTE|[82]
00:53:36.0 (291262859)|HEAP_ALLOCATE|[82]|Bytes:22
00:53:36.0 (291266419)|HEAP_ALLOCATE|[82]|Bytes:370
00:53:36.0 (291270984)|VARIABLE_ASSIGNMENT|[82]|allfields|"Id,WhoId,WhatId,Subj (350 more) ..."
00:53:36.0 (291277473)|HEAP_ALLOCATE|[81]|Bytes:5
00:53:36.0 (291283062)|HEAP_ALLOCATE|[81]|Bytes:24
00:53:36.0 (291286824)|VARIABLE_SCOPE_BEGIN|[81]|fieldname|String|false|false
00:53:36.0 (291293923)|VARIABLE_ASSIGNMENT|[81]|fieldname|"RecurrenceTimeZoneSi (4 more) ..."
00:53:36.0 (291297024)|STATEMENT_EXECUTE|[82]
00:53:36.0 (291299413)|HEAP_ALLOCATE|[82]|Bytes:25
00:53:36.0 (291303005)|HEAP_ALLOCATE|[82]|Bytes:395
00:53:36.0 (291307465)|VARIABLE_ASSIGNMENT|[82]|allfields|"Id,WhoId,WhatId,Subj (375 more) ..."
00:53:36.0 (291314903)|HEAP_ALLOCATE|[81]|Bytes:5
00:53:36.0 (291324069)|HEAP_ALLOCATE|[81]|Bytes:14
00:53:36.0 (291330773)|VARIABLE_SCOPE_BEGIN|[81]|fieldname|String|false|false
00:53:36.0 (291341598)|VARIABLE_ASSIGNMENT|[81]|fieldname|"RecurrenceType"
00:53:36.0 (291346559)|STATEMENT_EXECUTE|[82]
00:53:36.0 (291350890)|HEAP_ALLOCATE|[82]|Bytes:15
00:53:36.0 (291356840)|HEAP_ALLOCATE|[82]|Bytes:410
00:53:36.0 (291363946)|VARIABLE_ASSIGNMENT|[82]|allfields|"Id,WhoId,WhatId,Subj (390 more) ..."
00:53:36.0 (291372343)|HEAP_ALLOCATE|[81]|Bytes:5
00:53:36.0 (291378229)|HEAP_ALLOCATE|[81]|Bytes:18
00:53:36.0 (291382186)|VARIABLE_SCOPE_BEGIN|[81]|fieldname|String|false|false
00:53:36.0 (291389175)|VARIABLE_ASSIGNMENT|[81]|fieldname|"RecurrenceInterval"
00:53:36.0 (291392943)|STATEMENT_EXECUTE|[82]
00:53:36.0 (291395551)|HEAP_ALLOCATE|[82]|Bytes:19
00:53:36.0 (291399065)|HEAP_ALLOCATE|[82]|Bytes:429
00:53:36.0 (291403778)|VARIABLE_ASSIGNMENT|[82]|allfields|"Id,WhoId,WhatId,Subj (409 more) ..."
00:53:36.0 (291410279)|HEAP_ALLOCATE|[81]|Bytes:5
00:53:36.0 (291415589)|HEAP_ALLOCATE|[81]|Bytes:23
00:53:36.0 (291419570)|VARIABLE_SCOPE_BEGIN|[81]|fieldname|String|false|false
00:53:36.0 (291426260)|VARIABLE_ASSIGNMENT|[81]|fieldname|"RecurrenceDayOfWeekM (3 more) ..."
00:53:36.0 (291429270)|STATEMENT_EXECUTE|[82]
00:53:36.0 (291431669)|HEAP_ALLOCATE|[82]|Bytes:24
00:53:36.0 (291435248)|HEAP_ALLOCATE|[82]|Bytes:453
00:53:36.0 (291439756)|VARIABLE_ASSIGNMENT|[82]|allfields|"Id,WhoId,WhatId,Subj (433 more) ..."
00:53:36.0 (291446599)|HEAP_ALLOCATE|[81]|Bytes:5
00:53:36.0 (291452233)|HEAP_ALLOCATE|[81]|Bytes:20
00:53:36.0 (291455992)|VARIABLE_SCOPE_BEGIN|[81]|fieldname|String|false|false
00:53:36.0 (291463426)|VARIABLE_ASSIGNMENT|[81]|fieldname|"RecurrenceDayOfMonth"
00:53:36.0 (291466744)|STATEMENT_EXECUTE|[82]
00:53:36.0 (291469154)|HEAP_ALLOCATE|[82]|Bytes:21
00:53:36.0 (291472618)|HEAP_ALLOCATE|[82]|Bytes:474
00:53:36.0 (291477122)|VARIABLE_ASSIGNMENT|[82]|allfields|"Id,WhoId,WhatId,Subj (454 more) ..."
00:53:36.0 (291483585)|HEAP_ALLOCATE|[81]|Bytes:5
00:53:36.0 (291488808)|HEAP_ALLOCATE|[81]|Bytes:18
00:53:36.0 (291492924)|VARIABLE_SCOPE_BEGIN|[81]|fieldname|String|false|false
00:53:36.0 (291499617)|VARIABLE_ASSIGNMENT|[81]|fieldname|"RecurrenceInstance"
00:53:36.0 (291502701)|STATEMENT_EXECUTE|[82]
00:53:36.0 (291505191)|HEAP_ALLOCATE|[82]|Bytes:19
00:53:36.0 (291508810)|HEAP_ALLOCATE|[82]|Bytes:493
00:53:36.0 (291513291)|VARIABLE_ASSIGNMENT|[82]|allfields|"Id,WhoId,WhatId,Subj (473 more) ..."
00:53:36.0 (291519711)|HEAP_ALLOCATE|[81]|Bytes:5
00:53:36.0 (291525094)|HEAP_ALLOCATE|[81]|Bytes:21
00:53:36.0 (291528945)|VARIABLE_SCOPE_BEGIN|[81]|fieldname|String|false|false
00:53:36.0 (291536729)|VARIABLE_ASSIGNMENT|[81]|fieldname|"RecurrenceMonthOfYea (1 more) ..."
00:53:36.0 (291539923)|STATEMENT_EXECUTE|[82]
00:53:36.0 (291542365)|HEAP_ALLOCATE|[82]|Bytes:22
00:53:36.0 (291545942)|HEAP_ALLOCATE|[82]|Bytes:515
00:53:36.0 (291550458)|VARIABLE_ASSIGNMENT|[82]|allfields|"Id,WhoId,WhatId,Subj (495 more) ..."
00:53:36.0 (291556908)|HEAP_ALLOCATE|[81]|Bytes:5
00:53:36.0 (291562432)|HEAP_ALLOCATE|[81]|Bytes:25
00:53:36.0 (291566155)|VARIABLE_SCOPE_BEGIN|[81]|fieldname|String|false|false
00:53:36.0 (291572901)|VARIABLE_ASSIGNMENT|[81]|fieldname|"RecurrenceRegenerate (5 more) ..."
00:53:36.0 (291575974)|STATEMENT_EXECUTE|[82]
00:53:36.0 (291578481)|HEAP_ALLOCATE|[82]|Bytes:26
00:53:36.0 (291581981)|HEAP_ALLOCATE|[82]|Bytes:541
00:53:36.0 (291586748)|VARIABLE_ASSIGNMENT|[82]|allfields|"Id,WhoId,WhatId,Subj (521 more) ..."
00:53:36.0 (291593419)|HEAP_ALLOCATE|[81]|Bytes:5
00:53:36.0 (291598897)|HEAP_ALLOCATE|[81]|Bytes:11
00:53:36.0 (291602549)|VARIABLE_SCOPE_BEGIN|[81]|fieldname|String|false|false
00:53:36.0 (291609710)|VARIABLE_ASSIGNMENT|[81]|fieldname|"TaskSubtype"
00:53:36.0 (291612760)|STATEMENT_EXECUTE|[82]
00:53:36.0 (291615121)|HEAP_ALLOCATE|[82]|Bytes:12
00:53:36.0 (291618707)|HEAP_ALLOCATE|[82]|Bytes:553
00:53:36.0 (291623163)|VARIABLE_ASSIGNMENT|[82]|allfields|"Id,WhoId,WhatId,Subj (533 more) ..."
00:53:36.0 (291629552)|HEAP_ALLOCATE|[81]|Bytes:5
00:53:36.0 (291636109)|VARIABLE_ASSIGNMENT|[81]|fieldname|null
00:53:36.0 (291639939)|STATEMENT_EXECUTE|[84]
00:53:36.0 (291700690)|HEAP_ALLOCATE|[84]|Bytes:552
00:53:36.0 (291713997)|VARIABLE_ASSIGNMENT|[84]|allfields|"Id,WhoId,WhatId,Subj (532 more) ..."
00:53:36.0 (291718301)|STATEMENT_EXECUTE|[86]
00:53:36.0 (291731879)|METHOD_EXIT|[19]|01p7F00000HhQR4|PM_Job_New_Controller.getAllFields(String)
00:53:36.0 (291738794)|HEAP_ALLOCATE|[19]|Bytes:10
00:53:36.0 (291748390)|HEAP_ALLOCATE|[19]|Bytes:569
00:53:36.0 (292310351)|SOQL_EXECUTE_BEGIN|[19]|Aggregations:0|select Id,WhoId,WhatId,Subject,ActivityDate,Status,Priority,IsHighPriority,OwnerId,Description,IsDeleted,AccountId,IsClosed,CreatedDate,CreatedById,LastModifiedDate,LastModifiedById,SystemModstamp,IsArchived,CallDurationInSeconds,CallType,CallDisposition,CallObject,ReminderDateTime,IsReminderSet,RecurrenceActivityId,IsRecurrence,RecurrenceStartDateOnly,RecurrenceEndDateOnly,RecurrenceTimeZoneSidKey,RecurrenceType,RecurrenceInterval,RecurrenceDayOfWeekMask,RecurrenceDayOfMonth,RecurrenceInstance,RecurrenceMonthOfYear,RecurrenceRegeneratedType,TaskSubtype from Task
00:53:36.0 (308373216)|SOQL_EXECUTE_END|[19]|Rows:3
00:53:36.0 (308407387)|HEAP_ALLOCATE|[19]|Bytes:16
00:53:36.0 (308434704)|HEAP_ALLOCATE|[19]|Bytes:1427
00:53:36.0 (308524566)|HEAP_ALLOCATE|[19]|Bytes:16
00:53:36.0 (308556256)|VARIABLE_SCOPE_BEGIN|[19]|task|List<Task>|true|false
00:53:36.0 (308666125)|VARIABLE_ASSIGNMENT|[19]|task|[{"Id":"00T7F000009TyUbUAK","WhoId":"00Q7F0000030w5tUAA","Subject":"Other","Status":"Completed","Priority":"Normal","IsHighPriority":false,"OwnerId":"0057F000000T34oQAC","IsDeleted":false,"IsClosed":true,"CreatedDate":"2017-10-10T16:56:11.000Z","CreatedById":"0057F000000T34oQAC","LastModifiedDate":"2017-10-25T03:00:11.000Z","LastModifiedById":"0057F000000T34oQAC","SystemModstamp":"2017-10-25T03:00:11.000Z","IsArchived":false,"IsReminderSet":false,"IsRecurrence":false,"TaskSubtype":"Task"},{"Id":"00T7F000009TyexUAC","WhoId":"0037F00000BmYSmQAN","WhatId":"0067F0000051AquQAE","Subject":"Call","ActivityDate":"2017-10-11T00:00:00.000Z","Status":"Completed","Priority":"Normal","IsHighPriority":false,"OwnerId":"0057F000000T34oQAC","IsDeleted":false,"AccountId":"0017F00000HVkX6QAL","IsClosed":true,"CreatedDate":"2017-10-10T18:44:53.000Z","CreatedById":"0057F000000T34oQAC","LastModifiedDate":"2017-10-25T03:00:39.000Z","LastModifiedById":"0057F000000T34oQAC","SystemModstamp":"2017-10-25T03:00:39.000Z","IsArchived":false,"ReminderDateTime":"2017-10-10T15:00:00.000Z","IsReminderSet":false,"IsRecurrence":false,"TaskSubtype":"Task"},{"Id":"00T7F00000DvfQzUAJ","WhoId":"0037F00000INcziQAD","WhatId":"0067F000006ogtuQAA","Subject":"test","ActivityDate":"2017-11-29T00:00:00.000Z","Status":"In Progress","Priority":"Normal","IsHighPriority":false,"OwnerId":"0057F000000T34oQAC","IsDeleted":false,"AccountId":"0017F00000HVkX6QAL","IsClosed":false,"CreatedDate":"2017-11-29T14:43:25.000Z","CreatedById":"0057F000000T34oQAC","LastModifiedDate":"2017-12-11T13:25:59.000Z","LastModifiedById":"0057F000000T34oQAC","SystemModstamp":"2017-12-11T13:25:59.000Z","IsArchived":false,"ReminderDateTime":"2017-11-29T16:00:00.000Z","IsReminderSet":false,"IsRecurrence":false,"TaskSubtype":"Task"}]|0x60910ffd
00:53:36.0 (308700821)|STATEMENT_EXECUTE|[20]
00:53:36.0 (308706906)|HEAP_ALLOCATE|[20]|Bytes:36
00:53:36.0 (308986589)|HEAP_ALLOCATE|[20]|Bytes:1582
00:53:36.0 (309008220)|HEAP_ALLOCATE|[20]|Bytes:1618
00:53:36.0 (309032946)|USER_DEBUG|[20]|DEBUG|------------------------------------(Task:{Id=00T7F000009TyUbUAK, WhoId=00Q7F0000030w5tUAA, Subject=Other, Status=Completed, Priority=Normal, IsHighPriority=false, OwnerId=0057F000000T34oQAC, IsDeleted=false, IsClosed=true, CreatedDate=2017-10-10 16:56:11, CreatedById=0057F000000T34oQAC, LastModifiedDate=2017-10-25 03:00:11, LastModifiedById=0057F000000T34oQAC, SystemModstamp=2017-10-25 03:00:11, IsArchived=false, IsReminderSet=false, IsRecurrence=false, TaskSubtype=Task}, Task:{Id=00T7F000009TyexUAC, WhoId=0037F00000BmYSmQAN, WhatId=0067F0000051AquQAE, Subject=Call, ActivityDate=2017-10-11 00:00:00, Status=Completed, Priority=Normal, IsHighPriority=false, OwnerId=0057F000000T34oQAC, IsDeleted=false, AccountId=0017F00000HVkX6QAL, IsClosed=true, CreatedDate=2017-10-10 18:44:53, CreatedById=0057F000000T34oQAC, LastModifiedDate=2017-10-25 03:00:39, LastModifiedById=0057F000000T34oQAC, SystemModstamp=2017-10-25 03:00:39, IsArchived=false, ReminderDateTime=2017-10-10 15:00:00, IsReminderSet=false, IsRecurrence=false, TaskSubtype=Task}, Task:{Id=00T7F00000DvfQzUAJ, WhoId=0037F00000INcziQAD, WhatId=0067F000006ogtuQAA, Subject=test, ActivityDate=2017-11-29 00:00:00, Status=In Progress, Priority=Normal, IsHighPriority=false, OwnerId=0057F000000T34oQAC, IsDeleted=false, AccountId=0017F00000HVkX6QAL, IsClosed=false, CreatedDate=2017-11-29 14:43:25, CreatedById=0057F000000T34oQAC, LastModifiedDate=2017-12-11 13:25:59, LastModifiedById=0057F000000T34oQAC, SystemModstamp=2017-12-11 13:25:59, IsArchived=false, ReminderDateTime=2017-11-29 16:00:00, IsReminderSet=false, IsRecurrence=false, TaskSubtype=Task})
00:53:36.0 (309061094)|STATEMENT_EXECUTE|[21]
00:53:36.0 (309122110)|HEAP_ALLOCATE|[21]|Bytes:85
00:53:36.0 (309138957)|SYSTEM_METHOD_ENTRY|[1]|UserInfo.UserInfo()
00:53:36.0 (309142306)|STATEMENT_EXECUTE|[1]
00:53:36.0 (309151937)|SYSTEM_METHOD_EXIT|[1]|UserInfo
00:53:36.0 (309164937)|METHOD_ENTRY|[21]||System.UserInfo.getUserId()
00:53:36.0 (309206627)|METHOD_EXIT|[21]||System.UserInfo.getUserId()
00:53:36.0 (309215552)|HEAP_ALLOCATE|[21]|Bytes:5
00:53:36.0 (309232879)|METHOD_ENTRY|[21]||System.UserInfo.getUserName()
00:53:36.0 (309257105)|METHOD_EXIT|[21]||System.UserInfo.getUserName()
00:53:36.0 (309269478)|HEAP_ALLOCATE|[21]|Bytes:80
00:53:36.0 (309278321)|USER_DEBUG|[21]|DEBUG|------------------------------------0057F000000Tiz6QAC-----ksb994@salesforce.com
00:53:36.0 (309290286)|SYSTEM_MODE_EXIT|false
00:53:36.0 (309696461)|SYSTEM_MODE_ENTER|true
00:53:36.326 (326077423)|SYSTEM_MODE_ENTER|true
00:53:36.326 (326179116)|HEAP_ALLOCATE|[EXTERNAL]|Bytes:8
00:53:36.326 (326213261)|VARIABLE_SCOPE_BEGIN|[88]|this|ApexPage.PageMessagesComponentController|true|false
00:53:36.326 (326248762)|VARIABLE_ASSIGNMENT|[88]|this|{}|0x2fe4bf82
00:53:36.326 (326255668)|VARIABLE_SCOPE_BEGIN|[88]|escape|Boolean|false|false
00:53:36.326 (326262973)|VARIABLE_ASSIGNMENT|[88]|escape|null
00:53:36.326 (326405369)|SYSTEM_MODE_ENTER|true
00:53:36.326 (326440249)|HEAP_ALLOCATE|[EXTERNAL]|Bytes:8
00:53:36.326 (326446774)|VARIABLE_SCOPE_BEGIN|[2]|this|ApexPage.PageMessagesComponentController|true|false
00:53:36.326 (326465195)|VARIABLE_ASSIGNMENT|[2]|this|{}|0x2fe4bf82
00:53:36.0 (327063486)|SYSTEM_MODE_ENTER|true
00:53:36.0 (327104232)|HEAP_ALLOCATE|[EXTERNAL]|Bytes:40
00:53:36.0 (327213892)|VARIABLE_SCOPE_BEGIN|[24]|this|PM_Job_New_Controller|true|false
00:53:36.0 (327259061)|VARIABLE_ASSIGNMENT|[24]|this|{"job":"0x104e3ed8","projectList":"0x45920505"}|0x40b11e92
00:53:36.0 (327281838)|SYSTEM_MODE_ENTER|false
00:53:36.0 (327289061)|HEAP_ALLOCATE|[25]|Bytes:5
00:53:36.0 (327294490)|STATEMENT_EXECUTE|[24]
00:53:36.0 (327296048)|STATEMENT_EXECUTE|[25]
00:53:36.0 (327307705)|HEAP_ALLOCATE|[25]|Bytes:4
00:53:36.0 (327337622)|VARIABLE_SCOPE_BEGIN|[25]|cpcso|List<System.SelectOption>|true|false
00:53:36.0 (327360359)|HEAP_ALLOCATE|[EXTERNAL]|Bytes:4
00:53:36.0 (327370139)|VARIABLE_ASSIGNMENT|[25]|cpcso|[]|0x3d1a7030
00:53:36.0 (327423277)|VARIABLE_ASSIGNMENT|[EXTERNAL]|this|{"job":"0x104e3ed8","projectList":"0x45920505"}|0x40b11e92
00:53:36.0 (327583515)|HEAP_ALLOCATE|[26]|Bytes:5
00:53:36.0 (327603320)|HEAP_ALLOCATE|[26]|Bytes:12
00:53:36.0 (327612466)|VARIABLE_SCOPE_BEGIN|[26]|pro|Project__c|true|false
00:53:36.0 (327631601)|VARIABLE_ASSIGNMENT|[26]|pro|{"Company_project_code (3 more) ...":"101-TRN-COM-042","Id":"a057F0000039u2LQAQ"}|0x7f8db74
00:53:36.0 (327638088)|STATEMENT_EXECUTE|[26]
00:53:36.0 (327639381)|STATEMENT_EXECUTE|[27]
00:53:36.0 (327679208)|HEAP_ALLOCATE|[27]|Bytes:18
00:53:36.0 (327749606)|HEAP_ALLOCATE|[EXTERNAL]|Bytes:4
00:53:36.0 (327766250)|HEAP_ALLOCATE|[26]|Bytes:5
00:53:36.0 (327777537)|HEAP_ALLOCATE|[26]|Bytes:12
00:53:36.0 (327783925)|VARIABLE_SCOPE_BEGIN|[26]|pro|Project__c|true|false
00:53:36.0 (327802493)|VARIABLE_ASSIGNMENT|[26]|pro|{"Company_project_code (3 more) ...":"101-TRN-COM-036","Id":"a057F0000039u2MQAQ"}|0x1a86eb9d
00:53:36.0 (327808343)|STATEMENT_EXECUTE|[26]
00:53:36.0 (327809524)|STATEMENT_EXECUTE|[27]
00:53:36.0 (327819370)|HEAP_ALLOCATE|[27]|Bytes:18
00:53:36.0 (327833342)|HEAP_ALLOCATE|[EXTERNAL]|Bytes:4
00:53:36.0 (327843854)|HEAP_ALLOCATE|[26]|Bytes:5
00:53:36.0 (327852728)|HEAP_ALLOCATE|[26]|Bytes:12
00:53:36.0 (327857753)|VARIABLE_SCOPE_BEGIN|[26]|pro|Project__c|true|false
00:53:36.0 (327869416)|VARIABLE_ASSIGNMENT|[26]|pro|{"Company_project_code (3 more) ...":"101-TRN-COM-034","Id":"a057F0000039u2NQAQ"}|0x302517c1
00:53:36.0 (327874496)|STATEMENT_EXECUTE|[26]
00:53:36.0 (327875742)|STATEMENT_EXECUTE|[27]
00:53:36.0 (327881600)|HEAP_ALLOCATE|[27]|Bytes:18
00:53:36.0 (327892056)|HEAP_ALLOCATE|[EXTERNAL]|Bytes:4
00:53:36.0 (327900803)|HEAP_ALLOCATE|[26]|Bytes:5
00:53:36.0 (327908335)|HEAP_ALLOCATE|[26]|Bytes:12
00:53:36.0 (327912800)|VARIABLE_SCOPE_BEGIN|[26]|pro|Project__c|true|false
00:53:36.0 (327923390)|VARIABLE_ASSIGNMENT|[26]|pro|{"Company_project_code (3 more) ...":"101-TRN-COM-051","Id":"a057F0000039u2OQAQ"}|0x6079520c
00:53:36.0 (327928262)|STATEMENT_EXECUTE|[26]
00:53:36.0 (327929381)|STATEMENT_EXECUTE|[27]
00:53:36.0 (327934817)|HEAP_ALLOCATE|[27]|Bytes:18
00:53:36.0 (327944151)|HEAP_ALLOCATE|[EXTERNAL]|Bytes:4
00:53:36.0 (327952785)|HEAP_ALLOCATE|[26]|Bytes:5
00:53:36.0 (327960459)|HEAP_ALLOCATE|[26]|Bytes:12
00:53:36.0 (327964786)|VARIABLE_SCOPE_BEGIN|[26]|pro|Project__c|true|false
00:53:36.0 (327974827)|VARIABLE_ASSIGNMENT|[26]|pro|{"Company_project_code (3 more) ...":"300-0001-00","Id":"a057F0000039u22QAA"}|0x219b060c
00:53:36.0 (327979755)|STATEMENT_EXECUTE|[26]
00:53:36.0 (327980932)|STATEMENT_EXECUTE|[27]
00:53:36.0 (327986007)|HEAP_ALLOCATE|[27]|Bytes:18
00:53:36.0 (327995119)|HEAP_ALLOCATE|[EXTERNAL]|Bytes:4
00:53:36.0 (328003464)|HEAP_ALLOCATE|[26]|Bytes:5
00:53:36.0 (328011229)|HEAP_ALLOCATE|[26]|Bytes:12
00:53:36.0 (328015958)|VARIABLE_SCOPE_BEGIN|[26]|pro|Project__c|true|false
00:53:36.0 (328026394)|VARIABLE_ASSIGNMENT|[26]|pro|{"Company_project_code (3 more) ...":"300-0002-01","Id":"a057F0000039u23QAA"}|0xceccba1
00:53:36.0 (328031183)|STATEMENT_EXECUTE|[26]
00:53:36.0 (328032225)|STATEMENT_EXECUTE|[27]
00:53:36.0 (328037415)|HEAP_ALLOCATE|[27]|Bytes:18
00:53:36.0 (328046301)|HEAP_ALLOCATE|[EXTERNAL]|Bytes:4
00:53:36.0 (328054670)|HEAP_ALLOCATE|[26]|Bytes:5
00:53:36.0 (328061659)|HEAP_ALLOCATE|[26]|Bytes:12
00:53:36.0 (328066068)|VARIABLE_SCOPE_BEGIN|[26]|pro|Project__c|true|false
00:53:36.0 (328076611)|VARIABLE_ASSIGNMENT|[26]|pro|{"Company_project_code (3 more) ...":"101-TRN-COM-008","Id":"a057F0000039u24QAA"}|0x146f4ee2
00:53:36.0 (328081373)|STATEMENT_EXECUTE|[26]
00:53:36.0 (328082451)|STATEMENT_EXECUTE|[27]
00:53:36.0 (328087475)|HEAP_ALLOCATE|[27]|Bytes:18
00:53:36.0 (328096144)|HEAP_ALLOCATE|[EXTERNAL]|Bytes:4
00:53:36.0 (328104456)|HEAP_ALLOCATE|[26]|Bytes:5
00:53:36.0 (328111250)|HEAP_ALLOCATE|[26]|Bytes:12
00:53:36.0 (328116031)|VARIABLE_SCOPE_BEGIN|[26]|pro|Project__c|true|false
00:53:36.0 (328126317)|VARIABLE_ASSIGNMENT|[26]|pro|{"Company_project_code (3 more) ...":"101-TRN-COM-047","Id":"a057F0000039u25QAA"}|0x3e2c9751
00:53:36.0 (328131351)|STATEMENT_EXECUTE|[26]
00:53:36.0 (328132394)|STATEMENT_EXECUTE|[27]
00:53:36.0 (328137313)|HEAP_ALLOCATE|[27]|Bytes:18
00:53:36.0 (328146230)|HEAP_ALLOCATE|[EXTERNAL]|Bytes:4
00:53:36.0 (328154344)|HEAP_ALLOCATE|[26]|Bytes:5
00:53:36.0 (328161354)|HEAP_ALLOCATE|[26]|Bytes:12
00:53:36.0 (328165699)|VARIABLE_SCOPE_BEGIN|[26]|pro|Project__c|true|false
00:53:36.0 (328175815)|VARIABLE_ASSIGNMENT|[26]|pro|{"Company_project_code (3 more) ...":"101-TRN-COM-046","Id":"a057F0000039u26QAA"}|0x47fe4dfe
00:53:36.0 (328180813)|STATEMENT_EXECUTE|[26]
00:53:36.0 (328181866)|STATEMENT_EXECUTE|[27]
00:53:36.0 (328192369)|HEAP_ALLOCATE|[27]|Bytes:18
00:53:36.0 (328201812)|HEAP_ALLOCATE|[EXTERNAL]|Bytes:4
00:53:36.0 (328210705)|HEAP_ALLOCATE|[26]|Bytes:5
00:53:36.0 (328217945)|HEAP_ALLOCATE|[26]|Bytes:12
00:53:36.0 (328222150)|VARIABLE_SCOPE_BEGIN|[26]|pro|Project__c|true|false
00:53:36.0 (328232412)|VARIABLE_ASSIGNMENT|[26]|pro|{"Company_project_code (3 more) ...":"101-TRN-COM-050","Id":"a057F0000039u27QAA"}|0x2d252763
00:53:36.0 (328236989)|STATEMENT_EXECUTE|[26]
00:53:36.0 (328238020)|STATEMENT_EXECUTE|[27]
00:53:36.0 (328243207)|HEAP_ALLOCATE|[27]|Bytes:18
00:53:36.0 (328251711)|HEAP_ALLOCATE|[EXTERNAL]|Bytes:4
00:53:36.0 (328260203)|HEAP_ALLOCATE|[26]|Bytes:5
00:53:36.0 (328267216)|HEAP_ALLOCATE|[26]|Bytes:12
00:53:36.0 (328271336)|VARIABLE_SCOPE_BEGIN|[26]|pro|Project__c|true|false
00:53:36.0 (328284755)|VARIABLE_ASSIGNMENT|[26]|pro|{"Company_project_code (3 more) ...":"101-TRN-COM-033","Id":"a057F0000039u28QAA"}|0x4353747b
00:53:36.0 (328289681)|STATEMENT_EXECUTE|[26]
00:53:36.0 (328290758)|STATEMENT_EXECUTE|[27]
00:53:36.0 (328296081)|HEAP_ALLOCATE|[27]|Bytes:18
00:53:36.0 (328305338)|HEAP_ALLOCATE|[EXTERNAL]|Bytes:4
00:53:36.0 (328314159)|HEAP_ALLOCATE|[26]|Bytes:5
00:53:36.0 (328321705)|HEAP_ALLOCATE|[26]|Bytes:12
00:53:36.0 (328326362)|VARIABLE_SCOPE_BEGIN|[26]|pro|Project__c|true|false
00:53:36.0 (328336713)|VARIABLE_ASSIGNMENT|[26]|pro|{"Company_project_code (3 more) ...":"101-TRN-COX-007","Id":"a057F0000039u29QAA"}|0x191fe55f
00:53:36.0 (328341027)|STATEMENT_EXECUTE|[26]
00:53:36.0 (328342083)|STATEMENT_EXECUTE|[27]
00:53:36.0 (328347082)|HEAP_ALLOCATE|[27]|Bytes:18
00:53:36.0 (328355788)|HEAP_ALLOCATE|[EXTERNAL]|Bytes:4
00:53:36.0 (328363785)|HEAP_ALLOCATE|[26]|Bytes:5
00:53:36.0 (328371494)|HEAP_ALLOCATE|[26]|Bytes:12
00:53:36.0 (328375702)|VARIABLE_SCOPE_BEGIN|[26]|pro|Project__c|true|false
00:53:36.0 (328386626)|VARIABLE_ASSIGNMENT|[26]|pro|{"Company_project_code (3 more) ...":"101-TRN-COX-006","Id":"a057F0000039u2AQAQ"}|0x2cbbca3f
00:53:36.0 (328391128)|STATEMENT_EXECUTE|[26]
00:53:36.0 (328392131)|STATEMENT_EXECUTE|[27]
00:53:36.0 (328396874)|HEAP_ALLOCATE|[27]|Bytes:18
00:53:36.0 (328405484)|HEAP_ALLOCATE|[EXTERNAL]|Bytes:4
00:53:36.0 (328413785)|HEAP_ALLOCATE|[26]|Bytes:5
00:53:36.0 (328420724)|HEAP_ALLOCATE|[26]|Bytes:12
00:53:36.0 (328425233)|VARIABLE_SCOPE_BEGIN|[26]|pro|Project__c|true|false
00:53:36.0 (328435087)|VARIABLE_ASSIGNMENT|[26]|pro|{"Company_project_code (3 more) ...":"101-TRN-COX-008","Id":"a057F0000039u2BQAQ"}|0x2821eef4
00:53:36.0 (328439609)|STATEMENT_EXECUTE|[26]
00:53:36.0 (328440623)|STATEMENT_EXECUTE|[27]
00:53:36.0 (328445707)|HEAP_ALLOCATE|[27]|Bytes:18
00:53:36.0 (328454107)|HEAP_ALLOCATE|[EXTERNAL]|Bytes:4
00:53:36.0 (328462257)|HEAP_ALLOCATE|[26]|Bytes:5
00:53:36.0 (328469258)|HEAP_ALLOCATE|[26]|Bytes:12
00:53:36.0 (328473802)|VARIABLE_SCOPE_BEGIN|[26]|pro|Project__c|true|false
00:53:36.0 (328484192)|VARIABLE_ASSIGNMENT|[26]|pro|{"Company_project_code (3 more) ...":"101-TRN-COM-027","Id":"a057F0000039u2CQAQ"}|0x7089a727
00:53:36.0 (328489187)|STATEMENT_EXECUTE|[26]
00:53:36.0 (328490206)|STATEMENT_EXECUTE|[27]
00:53:36.0 (328495449)|HEAP_ALLOCATE|[27]|Bytes:18
00:53:36.0 (328504134)|HEAP_ALLOCATE|[EXTERNAL]|Bytes:4
00:53:36.0 (328512454)|HEAP_ALLOCATE|[26]|Bytes:5
00:53:36.0 (328519311)|HEAP_ALLOCATE|[26]|Bytes:12
00:53:36.0 (328523381)|VARIABLE_SCOPE_BEGIN|[26]|pro|Project__c|true|false
00:53:36.0 (328533135)|VARIABLE_ASSIGNMENT|[26]|pro|{"Company_project_code (3 more) ...":"101-TRN-COM-029","Id":"a057F0000039u2DQAQ"}|0x165a9174
00:53:36.0 (328538065)|STATEMENT_EXECUTE|[26]
00:53:36.0 (328539082)|STATEMENT_EXECUTE|[27]
00:53:36.0 (328543929)|HEAP_ALLOCATE|[27]|Bytes:18
00:53:36.0 (328552554)|HEAP_ALLOCATE|[EXTERNAL]|Bytes:4
00:53:36.0 (328560850)|HEAP_ALLOCATE|[26]|Bytes:5
00:53:36.0 (328567627)|HEAP_ALLOCATE|[26]|Bytes:12
00:53:36.0 (328571863)|VARIABLE_SCOPE_BEGIN|[26]|pro|Project__c|true|false
00:53:36.0 (328581797)|VARIABLE_ASSIGNMENT|[26]|pro|{"Company_project_code (3 more) ...":"101-TRN-COM-014","Id":"a057F0000039u2EQAQ"}|0x64424bb2
00:53:36.0 (328586470)|STATEMENT_EXECUTE|[26]
00:53:36.0 (328587530)|STATEMENT_EXECUTE|[27]
00:53:36.0 (328592416)|HEAP_ALLOCATE|[27]|Bytes:18
00:53:36.0 (328600976)|HEAP_ALLOCATE|[EXTERNAL]|Bytes:4
00:53:36.0 (328609505)|HEAP_ALLOCATE|[26]|Bytes:5
00:53:36.0 (328616310)|HEAP_ALLOCATE|[26]|Bytes:12
00:53:36.0 (328620408)|VARIABLE_SCOPE_BEGIN|[26]|pro|Project__c|true|false
00:53:36.0 (328630580)|VARIABLE_ASSIGNMENT|[26]|pro|{"Company_project_code (3 more) ...":"301-0001-00","Id":"a057F0000039u21QAA"}|0x43b34f80
00:53:36.0 (328635250)|STATEMENT_EXECUTE|[26]
00:53:36.0 (328636314)|STATEMENT_EXECUTE|[27]
00:53:36.0 (328641260)|HEAP_ALLOCATE|[27]|Bytes:18
00:53:36.0 (328649333)|HEAP_ALLOCATE|[EXTERNAL]|Bytes:4
00:53:36.0 (328658333)|HEAP_ALLOCATE|[26]|Bytes:5
00:53:36.0 (328665150)|HEAP_ALLOCATE|[26]|Bytes:12
00:53:36.0 (328669254)|VARIABLE_SCOPE_BEGIN|[26]|pro|Project__c|true|false
00:53:36.0 (328679917)|VARIABLE_ASSIGNMENT|[26]|pro|{"Company_project_code (3 more) ...":"101-TRN-COM-017","Id":"a057F0000039u2FQAQ"}|0x7ebe684e
00:53:36.0 (328684216)|STATEMENT_EXECUTE|[26]
00:53:36.0 (328685326)|STATEMENT_EXECUTE|[27]
00:53:36.0 (328690264)|HEAP_ALLOCATE|[27]|Bytes:18
00:53:36.0 (328698582)|HEAP_ALLOCATE|[EXTERNAL]|Bytes:4
00:53:36.0 (328706710)|HEAP_ALLOCATE|[26]|Bytes:5
00:53:36.0 (328713920)|HEAP_ALLOCATE|[26]|Bytes:12
00:53:36.0 (328717992)|VARIABLE_SCOPE_BEGIN|[26]|pro|Project__c|true|false
00:53:36.0 (328728374)|VARIABLE_ASSIGNMENT|[26]|pro|{"Company_project_code (3 more) ...":"101-TRN-COM-038","Id":"a057F0000039u2GQAQ"}|0x3cad97dc
00:53:36.0 (328732799)|STATEMENT_EXECUTE|[26]
00:53:36.0 (328733820)|STATEMENT_EXECUTE|[27]
00:53:36.0 (328738751)|HEAP_ALLOCATE|[27]|Bytes:18
00:53:36.0 (328747068)|HEAP_ALLOCATE|[EXTERNAL]|Bytes:4
00:53:36.0 (328755344)|HEAP_ALLOCATE|[26]|Bytes:5
00:53:36.0 (328762186)|HEAP_ALLOCATE|[26]|Bytes:12
00:53:36.0 (328766279)|VARIABLE_SCOPE_BEGIN|[26]|pro|Project__c|true|false
00:53:36.0 (328777161)|VARIABLE_ASSIGNMENT|[26]|pro|{"Company_project_code (3 more) ...":"101-TRN-COM-037","Id":"a057F0000039u2HQAQ"}|0x4a445420
00:53:36.0 (328781834)|STATEMENT_EXECUTE|[26]
00:53:36.0 (328782870)|STATEMENT_EXECUTE|[27]
00:53:36.0 (328787737)|HEAP_ALLOCATE|[27]|Bytes:18
00:53:36.0 (328796071)|HEAP_ALLOCATE|[EXTERNAL]|Bytes:4
00:53:36.0 (328804234)|HEAP_ALLOCATE|[26]|Bytes:5
00:53:36.0 (328811215)|HEAP_ALLOCATE|[26]|Bytes:12
00:53:36.0 (328815342)|VARIABLE_SCOPE_BEGIN|[26]|pro|Project__c|true|false
00:53:36.0 (328825045)|VARIABLE_ASSIGNMENT|[26]|pro|{"Company_project_code (3 more) ...":"101-TRN-COM-039","Id":"a057F0000039u2IQAQ"}|0x1352cda7
00:53:36.0 (328829978)|STATEMENT_EXECUTE|[26]
00:53:36.0 (328831017)|STATEMENT_EXECUTE|[27]
00:53:36.0 (328836041)|HEAP_ALLOCATE|[27]|Bytes:18
00:53:36.0 (328844482)|HEAP_ALLOCATE|[EXTERNAL]|Bytes:4
00:53:36.0 (328852784)|HEAP_ALLOCATE|[26]|Bytes:5
00:53:36.0 (328859888)|HEAP_ALLOCATE|[26]|Bytes:12
00:53:36.0 (328864616)|VARIABLE_SCOPE_BEGIN|[26]|pro|Project__c|true|false
00:53:36.0 (328874928)|VARIABLE_ASSIGNMENT|[26]|pro|{"Company_project_code (3 more) ...":"101-TRN-COM-040","Id":"a057F0000039u2JQAQ"}|0x1ea32b9b
00:53:36.0 (328879832)|STATEMENT_EXECUTE|[26]
00:53:36.0 (328880863)|STATEMENT_EXECUTE|[27]
00:53:36.0 (328885825)|HEAP_ALLOCATE|[27]|Bytes:18
00:53:36.0 (328894507)|HEAP_ALLOCATE|[EXTERNAL]|Bytes:4
00:53:36.0 (328903038)|HEAP_ALLOCATE|[26]|Bytes:5
00:53:36.0 (328909870)|HEAP_ALLOCATE|[26]|Bytes:12
00:53:36.0 (328913974)|VARIABLE_SCOPE_BEGIN|[26]|pro|Project__c|true|false
00:53:36.0 (328924470)|VARIABLE_ASSIGNMENT|[26]|pro|{"Company_project_code (3 more) ...":"101-TRN-COM-041","Id":"a057F0000039u2KQAQ"}|0x4ee04ce4
00:53:36.0 (328929480)|STATEMENT_EXECUTE|[26]
00:53:36.0 (328930495)|STATEMENT_EXECUTE|[27]
00:53:36.0 (328935275)|HEAP_ALLOCATE|[27]|Bytes:18
00:53:36.0 (328943786)|HEAP_ALLOCATE|[EXTERNAL]|Bytes:4
00:53:36.0 (328952018)|HEAP_ALLOCATE|[26]|Bytes:5
00:53:36.0 (328959311)|VARIABLE_ASSIGNMENT|[26]|pro|null|
00:53:36.0 (328963793)|STATEMENT_EXECUTE|[29]
00:53:36.0 (328969699)|SYSTEM_MODE_EXIT|false
00:53:36.0 (329343238)|SYSTEM_MODE_ENTER|true
00:53:36.0 (333943013)|SYSTEM_MODE_ENTER|true
00:53:36.0 (333979462)|HEAP_ALLOCATE|[EXTERNAL]|Bytes:40
00:53:36.0 (334098490)|VARIABLE_SCOPE_BEGIN|[36]|this|PM_Job_New_Controller|true|false
00:53:36.0 (334154763)|VARIABLE_ASSIGNMENT|[36]|this|{"job":"0x104e3ed8","projectList":"0x45920505"}|0x40b11e92
00:53:36.0 (334177559)|SYSTEM_MODE_ENTER|false
00:53:36.0 (334189383)|HEAP_ALLOCATE|[37]|Bytes:5
00:53:36.0 (334194370)|STATEMENT_EXECUTE|[36]
00:53:36.0 (334195840)|STATEMENT_EXECUTE|[37]
00:53:36.0 (334207155)|HEAP_ALLOCATE|[37]|Bytes:4
00:53:36.0 (334230911)|VARIABLE_SCOPE_BEGIN|[37]|ufp|List<System.SelectOption>|true|false
00:53:36.0 (334254135)|HEAP_ALLOCATE|[EXTERNAL]|Bytes:4
00:53:36.0 (334263381)|VARIABLE_ASSIGNMENT|[37]|ufp|[]|0x674b6d5
00:53:36.0 (334268954)|STATEMENT_EXECUTE|[38]
00:53:36.0 (334272126)|HEAP_ALLOCATE|[38]|Bytes:96
00:53:36.0 (334286196)|HEAP_ALLOCATE|[38]|Bytes:4
00:53:36.0 (334293604)|HEAP_ALLOCATE|[38]|Bytes:7
00:53:36.0 (334344196)|VARIABLE_ASSIGNMENT|[EXTERNAL]|this|{"job":"0x104e3ed8","projectList":"0x45920505"}|0x40b11e92
00:53:36.0 (334677567)|SOQL_EXECUTE_BEGIN|[38]|Aggregations:0|SELECT ProjectLink__c, UserLink__c FROM ProjectJobAssociation__c WHERE ProjectLink__c = :tmpVar1
00:53:36.0 (337888248)|SOQL_EXECUTE_END|[38]|Rows:0
00:53:36.0 (337913891)|HEAP_ALLOCATE|[38]|Bytes:4
00:53:36.0 (337926089)|HEAP_ALLOCATE|[38]|Bytes:0
00:53:36.0 (337994198)|HEAP_ALLOCATE|[38]|Bytes:4
00:53:36.0 (338008817)|VARIABLE_SCOPE_BEGIN|[38]|userInProject|List<ProjectJobAssociation__c>|true|false
00:53:36.0 (338024774)|VARIABLE_ASSIGNMENT|[38]|userInProject|[]|0x55e91659
00:53:36.0 (338160501)|HEAP_ALLOCATE|[39]|Bytes:5
00:53:36.0 (338177199)|VARIABLE_ASSIGNMENT|[39]|pja|null|
00:53:36.0 (338187243)|STATEMENT_EXECUTE|[39]
00:53:36.0 (338188904)|STATEMENT_EXECUTE|[43]
00:53:36.0 (338194650)|SYSTEM_MODE_EXIT|false
00:53:36.0 (341347750)|SYSTEM_MODE_ENTER|true
00:53:36.0 (343707234)|VF_SERIALIZE_VIEWSTATE_BEGIN|0667F000005aHSA
00:53:36.0 (352027876)|VF_SERIALIZE_VIEWSTATE_END
00:53:36.354 (354633296)|CUMULATIVE_LIMIT_USAGE
00:53:36.354 (354633296)|LIMIT_USAGE_FOR_NS|(default)|
  Number of SOQL queries: 3 out of 100
  Number of query rows: 27 out of 50000
  Number of SOSL queries: 0 out of 20
  Number of DML statements: 0 out of 150
  Number of DML rows: 0 out of 10000
  Maximum CPU time: 0 out of 10000
  Maximum heap size: 0 out of 6000000
  Number of callouts: 0 out of 100
  Number of Email Invocations: 0 out of 10
  Number of future calls: 0 out of 50
  Number of queueable jobs added to the queue: 0 out of 50
  Number of Mobile Apex push calls: 0 out of 10

00:53:36.354 (354633296)|CUMULATIVE_LIMIT_USAGE_END

00:53:36.0 (354681744)|CODE_UNIT_FINISHED|VF: /apex/PM_Job_New
00:53:36.0 (557030866)|EXECUTION_FINISHED
