36.0 APEX_CODE,FINEST;APEX_PROFILING,INFO;CALLOUT,INFO;DB,INFO;SYSTEM,DEBUG;VALIDATION,INFO;VISUALFORCE,INFO;WAVE,INFO;WORKFLOW,INFO
02:46:35.0 (362354)|USER_INFO|[EXTERNAL]|0057F000000Tiz6|ksb994@salesforce.com|Pacific Standard Time|GMT-08:00
02:46:35.0 (405380)|EXECUTION_STARTED
02:46:35.0 (411293)|CODE_UNIT_STARTED|[EXTERNAL]|0667F000004uJm5|VF: /apex/PM_Project_New
02:46:35.0 (613561)|VF_DESERIALIZE_VIEWSTATE_BEGIN|0667F000004uJm5
02:46:35.0 (8462524)|HEAP_ALLOCATE|[72]|Bytes:3
02:46:35.0 (8510717)|HEAP_ALLOCATE|[77]|Bytes:152
02:46:35.0 (8523973)|HEAP_ALLOCATE|[342]|Bytes:408
02:46:35.0 (8535743)|HEAP_ALLOCATE|[355]|Bytes:408
02:46:35.0 (8547442)|HEAP_ALLOCATE|[467]|Bytes:48
02:46:35.0 (8575279)|HEAP_ALLOCATE|[139]|Bytes:6
02:46:35.0 (10490353)|HEAP_ALLOCATE|[50]|Bytes:5
02:46:35.0 (10524949)|HEAP_ALLOCATE|[56]|Bytes:5
02:46:35.0 (10535186)|HEAP_ALLOCATE|[64]|Bytes:7
02:46:35.0 (14734282)|VF_DESERIALIZE_VIEWSTATE_END
02:46:35.20 (20053911)|SYSTEM_MODE_ENTER|true
02:46:35.20 (20137527)|HEAP_ALLOCATE|[EXTERNAL]|Bytes:38
02:46:35.20 (20153257)|HEAP_ALLOCATE|[EXTERNAL]|Bytes:7
02:46:35.20 (20166353)|SYSTEM_METHOD_ENTRY|[1]|PageMessagesComponentController.PageMessagesComponentController()
02:46:35.20 (20171191)|STATEMENT_EXECUTE|[1]
02:46:35.21 (21070386)|SYSTEM_MODE_ENTER|true
02:46:35.21 (21121583)|HEAP_ALLOCATE|[EXTERNAL]|Bytes:8
02:46:35.21 (21130407)|VARIABLE_SCOPE_BEGIN|[88]|this|ApexPage.PageMessagesComponentController|true|false
02:46:35.21 (21167296)|VARIABLE_ASSIGNMENT|[88]|this|{}|0x6e35c766
02:46:35.21 (21173520)|VARIABLE_SCOPE_BEGIN|[88]|escape|Boolean|false|false
02:46:35.21 (21181000)|VARIABLE_ASSIGNMENT|[88]|escape|null
02:46:35.0 (32026061)|SYSTEM_MODE_ENTER|true
02:46:35.0 (32078120)|HEAP_ALLOCATE|[EXTERNAL]|Bytes:164
02:46:35.0 (32092878)|HEAP_ALLOCATE|[EXTERNAL]|Bytes:12
02:46:35.0 (32106407)|METHOD_ENTRY|[5]|01p7F00000Ehg8E|MultiselectController.MultiselectController()
02:46:35.0 (32112101)|STATEMENT_EXECUTE|[5]
02:46:35.0 (32117444)|STATEMENT_EXECUTE|[5]
02:46:35.0 (32130064)|SYSTEM_MODE_ENTER|false
02:46:35.0 (32138593)|HEAP_ALLOCATE|[EXTERNAL]|Bytes:5
02:46:35.0 (32145986)|SYSTEM_MODE_EXIT|false
02:46:35.0 (32154532)|METHOD_EXIT|[5]|MultiselectController
02:46:35.0 (32329845)|SYSTEM_MODE_ENTER|true
02:46:35.0 (32617245)|SYSTEM_MODE_ENTER|true
02:46:35.0 (32907620)|HEAP_ALLOCATE|[EXTERNAL]|Bytes:92
02:46:35.0 (32917473)|HEAP_ALLOCATE|[EXTERNAL]|Bytes:13
02:46:35.0 (32925117)|METHOD_ENTRY|[1]|01p7F00000EhPEd|Project_PM_Controller.Project_PM_Controller()
02:46:35.0 (32929433)|STATEMENT_EXECUTE|[1]
02:46:35.0 (32947120)|STATEMENT_EXECUTE|[1]
02:46:35.0 (32960701)|SYSTEM_MODE_ENTER|false
02:46:35.0 (32973358)|HEAP_ALLOCATE|[EXTERNAL]|Bytes:5
02:46:35.0 (32984026)|SYSTEM_MODE_EXIT|false
02:46:35.0 (32994608)|METHOD_EXIT|[1]|Project_PM_Controller
02:46:35.0 (33011379)|HEAP_ALLOCATE|[EXTERNAL]|Bytes:24
02:46:35.0 (33023808)|VARIABLE_SCOPE_BEGIN|[16]|this|Project_PM_Controller|true|false
02:46:35.0 (33327473)|VARIABLE_ASSIGNMENT|[16]|this|{"controller":"StandardController [[Project__c (Client__c:a047F000002zkUjQAI, Company_project_code__c:321, Name:321, Units__c:false, Nodes__c:false, Footage__c:false, Miles__c:false, Jobs__c:false, Hours__c:false, Delivery__c:100)]]","project":"0x78a0d297","saveAndNew":2,"selectedUsers":"0x17bca002","usersList":"0x75a52ecc"}|0x1d9a7a7b
02:46:35.0 (33357896)|SYSTEM_MODE_ENTER|false
02:46:35.0 (33364847)|HEAP_ALLOCATE|[17]|Bytes:5
02:46:35.0 (33370119)|STATEMENT_EXECUTE|[16]
02:46:35.0 (33371660)|STATEMENT_EXECUTE|[17]
02:46:35.0 (33375239)|HEAP_ALLOCATE|[17]|Bytes:62
02:46:35.0 (33395099)|HEAP_ALLOCATE|[17]|Bytes:4
02:46:35.0 (34867252)|SOQL_EXECUTE_BEGIN|[17]|Aggregations:0|SELECT Id, Name FROM User WHERE UserRoleId = '00E7F000000Mdri'
02:46:35.0 (39533791)|SOQL_EXECUTE_END|[17]|Rows:6
02:46:35.0 (39561558)|HEAP_ALLOCATE|[17]|Bytes:28
02:46:35.0 (39586574)|HEAP_ALLOCATE|[17]|Bytes:271
02:46:35.0 (39761494)|HEAP_ALLOCATE|[17]|Bytes:28
02:46:35.0 (39794010)|VARIABLE_SCOPE_BEGIN|[17]|users|List<User>|true|false
02:46:35.0 (39829885)|VARIABLE_ASSIGNMENT|[17]|users|"List of size 6 too large to display"|0x3db92827
02:46:35.0 (40123971)|HEAP_ALLOCATE|[18]|Bytes:5
02:46:35.0 (40151359)|HEAP_ALLOCATE|[18]|Bytes:12
02:46:35.0 (40161935)|VARIABLE_SCOPE_BEGIN|[18]|usr|User|true|false
02:46:35.0 (40181096)|VARIABLE_ASSIGNMENT|[18]|usr|{"Id":"0057F000000TpdFQAS","Name":"Mani Sasank"}|0x23a076dd
02:46:35.0 (40187489)|STATEMENT_EXECUTE|[18]
02:46:35.0 (40189260)|STATEMENT_EXECUTE|[19]
02:46:35.0 (40264503)|HEAP_ALLOCATE|[19]|Bytes:18
02:46:35.0 (40348014)|HEAP_ALLOCATE|[EXTERNAL]|Bytes:4
02:46:35.0 (40366917)|HEAP_ALLOCATE|[18]|Bytes:5
02:46:35.0 (40377588)|HEAP_ALLOCATE|[18]|Bytes:12
02:46:35.0 (40384050)|VARIABLE_SCOPE_BEGIN|[18]|usr|User|true|false
02:46:35.0 (40401414)|VARIABLE_ASSIGNMENT|[18]|usr|{"Id":"0057F000000TrBBQA0","Name":"Santhosh"}|0x4637cab0
02:46:35.0 (40407322)|STATEMENT_EXECUTE|[18]
02:46:35.0 (40408525)|STATEMENT_EXECUTE|[19]
02:46:35.0 (40419282)|HEAP_ALLOCATE|[19]|Bytes:18
02:46:35.0 (40432940)|HEAP_ALLOCATE|[EXTERNAL]|Bytes:4
02:46:35.0 (40443895)|HEAP_ALLOCATE|[18]|Bytes:5
02:46:35.0 (40452188)|HEAP_ALLOCATE|[18]|Bytes:12
02:46:35.0 (40456937)|VARIABLE_SCOPE_BEGIN|[18]|usr|User|true|false
02:46:35.0 (40468290)|VARIABLE_ASSIGNMENT|[18]|usr|{"Id":"0057F000000TrBGQA0","Name":"Ravi teja"}|0x4c0cc439
02:46:35.0 (40472985)|STATEMENT_EXECUTE|[18]
02:46:35.0 (40474236)|STATEMENT_EXECUTE|[19]
02:46:35.0 (40480708)|HEAP_ALLOCATE|[19]|Bytes:18
02:46:35.0 (40490792)|HEAP_ALLOCATE|[EXTERNAL]|Bytes:4
02:46:35.0 (40499828)|HEAP_ALLOCATE|[18]|Bytes:5
02:46:35.0 (40506725)|HEAP_ALLOCATE|[18]|Bytes:12
02:46:35.0 (40511061)|VARIABLE_SCOPE_BEGIN|[18]|usr|User|true|false
02:46:35.0 (40520827)|VARIABLE_ASSIGNMENT|[18]|usr|{"Id":"0057F000000TrBVQA0","Name":"Yashwanth"}|0x5c903510
02:46:35.0 (40525168)|STATEMENT_EXECUTE|[18]
02:46:35.0 (40526238)|STATEMENT_EXECUTE|[19]
02:46:35.0 (40531758)|HEAP_ALLOCATE|[19]|Bytes:18
02:46:35.0 (40540647)|HEAP_ALLOCATE|[EXTERNAL]|Bytes:4
02:46:35.0 (40549567)|HEAP_ALLOCATE|[18]|Bytes:5
02:46:35.0 (40555795)|HEAP_ALLOCATE|[18]|Bytes:12
02:46:35.0 (40559851)|VARIABLE_SCOPE_BEGIN|[18]|usr|User|true|false
02:46:35.0 (40569041)|VARIABLE_ASSIGNMENT|[18]|usr|{"Id":"0057F000000Tz0iQAC","Name":"Richa"}|0x7c26a6c1
02:46:35.0 (40573189)|STATEMENT_EXECUTE|[18]
02:46:35.0 (40574227)|STATEMENT_EXECUTE|[19]
02:46:35.0 (40579316)|HEAP_ALLOCATE|[19]|Bytes:18
02:46:35.0 (40587838)|HEAP_ALLOCATE|[EXTERNAL]|Bytes:4
02:46:35.0 (40595970)|HEAP_ALLOCATE|[18]|Bytes:5
02:46:35.0 (40602528)|HEAP_ALLOCATE|[18]|Bytes:12
02:46:35.0 (40606523)|VARIABLE_SCOPE_BEGIN|[18]|usr|User|true|false
02:46:35.0 (40615710)|VARIABLE_ASSIGNMENT|[18]|usr|{"Id":"0057F000000Tz0sQAC","Name":"Veeresh"}|0x43c81bf
02:46:35.0 (40620067)|STATEMENT_EXECUTE|[18]
02:46:35.0 (40621156)|STATEMENT_EXECUTE|[19]
02:46:35.0 (40626155)|HEAP_ALLOCATE|[19]|Bytes:18
02:46:35.0 (40634378)|HEAP_ALLOCATE|[EXTERNAL]|Bytes:4
02:46:35.0 (40642355)|HEAP_ALLOCATE|[18]|Bytes:5
02:46:35.0 (40667228)|VARIABLE_ASSIGNMENT|[18]|usr|null|
02:46:35.0 (40676611)|STATEMENT_EXECUTE|[21]
02:46:35.0 (40687107)|SYSTEM_MODE_EXIT|false
02:46:35.0 (40861658)|SYSTEM_MODE_ENTER|true
02:46:35.0 (40923997)|HEAP_ALLOCATE|[EXTERNAL]|Bytes:76
02:46:35.0 (40935308)|HEAP_ALLOCATE|[EXTERNAL]|Bytes:20
02:46:35.0 (40949671)|VARIABLE_ASSIGNMENT|[EXTERNAL]|this.leftOptions|"List of size 18 too large to display"|0x79637301
02:46:35.0 (41085654)|SYSTEM_MODE_ENTER|true
02:46:35.0 (41152615)|SYSTEM_MODE_ENTER|true
02:46:35.0 (41181287)|HEAP_ALLOCATE|[EXTERNAL]|Bytes:4
02:46:35.0 (41185799)|HEAP_ALLOCATE|[EXTERNAL]|Bytes:20
02:46:35.0 (41195524)|VARIABLE_ASSIGNMENT|[EXTERNAL]|this.rightOptions|[]|0x79637301
02:46:35.0 (49127359)|SYSTEM_MODE_ENTER|true
02:46:35.0 (49224820)|SYSTEM_MODE_ENTER|true
02:46:35.51 (51151616)|SYSTEM_MODE_ENTER|true
02:46:35.51 (51219582)|HEAP_ALLOCATE|[EXTERNAL]|Bytes:8
02:46:35.51 (51233561)|VARIABLE_SCOPE_BEGIN|[88]|this|ApexPage.PageMessagesComponentController|true|false
02:46:35.51 (51269253)|VARIABLE_ASSIGNMENT|[88]|this|{}|0x6e35c766
02:46:35.51 (51276042)|VARIABLE_SCOPE_BEGIN|[88]|escape|Boolean|false|false
02:46:35.51 (51283220)|VARIABLE_ASSIGNMENT|[88]|escape|null
02:46:35.0 (52884067)|SYSTEM_MODE_ENTER|true
02:46:35.0 (52970961)|HEAP_ALLOCATE|[EXTERNAL]|Bytes:20
02:46:35.0 (52982461)|HEAP_ALLOCATE|[EXTERNAL]|Bytes:345
02:46:35.0 (53041410)|VARIABLE_ASSIGNMENT|[EXTERNAL]|this|{"leftOptions":"0x75a52ecc","leftOptionsHidden":"0057F000000TpdFQAS&M (152 more) ...","rightOptions":"0x17bca002","rightOptionsHidden":""}|0x79637301
02:46:35.0 (53060750)|VARIABLE_ASSIGNMENT|[EXTERNAL]|value|"0057F000000TpdFQAS&M (325 more) ..."
02:46:35.0 (53086162)|SYSTEM_MODE_ENTER|false
02:46:35.0 (53097266)|HEAP_ALLOCATE|[24]|Bytes:5
02:46:35.0 (53106096)|STATEMENT_EXECUTE|[23]
02:46:35.0 (53108790)|STATEMENT_EXECUTE|[24]
02:46:35.0 (53123711)|VARIABLE_ASSIGNMENT|[24]|this.leftOptionsHidden|"0057F000000TpdFQAS&M (325 more) ..."|0x79637301
02:46:35.0 (53132297)|STATEMENT_EXECUTE|[25]
02:46:35.0 (53239300)|VARIABLE_ASSIGNMENT|[EXTERNAL]|this|{"leftOptions":"0x75a52ecc","leftOptionsHidden":"0057F000000TpdFQAS&M (325 more) ...","rightOptions":"0x17bca002","rightOptionsHidden":""}|0x79637301
02:46:35.0 (53288315)|METHOD_ENTRY|[25]|01p7F00000Ehg8E|MultiselectController.setOptions(List<System.SelectOption>, String)
02:46:35.0 (53300182)|VARIABLE_SCOPE_BEGIN|[12]|this|MultiselectController|true|false
02:46:35.0 (53328736)|VARIABLE_ASSIGNMENT|[12]|this|{"leftOptions":"0x75a52ecc","leftOptionsHidden":"0057F000000TpdFQAS&M (325 more) ...","rightOptions":"0x17bca002","rightOptionsHidden":""}|0x79637301
02:46:35.0 (53340080)|VARIABLE_SCOPE_BEGIN|[12]|options|List<System.SelectOption>|true|false
02:46:35.0 (53355857)|VARIABLE_ASSIGNMENT|[12]|options|"List of size 18 too large to display"|0x75a52ecc
02:46:35.0 (53363498)|VARIABLE_SCOPE_BEGIN|[12]|value|String|false|false
02:46:35.0 (53373955)|VARIABLE_ASSIGNMENT|[12]|value|"0057F000000TpdFQAS&M (325 more) ..."
02:46:35.0 (53397636)|HEAP_ALLOCATE|[13]|Bytes:5
02:46:35.0 (53405143)|STATEMENT_EXECUTE|[12]
02:46:35.0 (53407308)|STATEMENT_EXECUTE|[13]
02:46:35.0 (53454804)|STATEMENT_EXECUTE|[14]
02:46:35.0 (53459793)|HEAP_ALLOCATE|[14]|Bytes:1
02:46:35.0 (53552107)|HEAP_ALLOCATE|[14]|Bytes:18
02:46:35.0 (53559994)|HEAP_ALLOCATE|[14]|Bytes:13
02:46:35.0 (53564013)|HEAP_ALLOCATE|[14]|Bytes:18
02:46:35.0 (53568111)|HEAP_ALLOCATE|[14]|Bytes:8
02:46:35.0 (53571930)|HEAP_ALLOCATE|[14]|Bytes:18
02:46:35.0 (53575760)|HEAP_ALLOCATE|[14]|Bytes:11
02:46:35.0 (53579631)|HEAP_ALLOCATE|[14]|Bytes:18
02:46:35.0 (53583400)|HEAP_ALLOCATE|[14]|Bytes:9
02:46:35.0 (53587223)|HEAP_ALLOCATE|[14]|Bytes:18
02:46:35.0 (53591382)|HEAP_ALLOCATE|[14]|Bytes:5
02:46:35.0 (53595177)|HEAP_ALLOCATE|[14]|Bytes:18
02:46:35.0 (53599019)|HEAP_ALLOCATE|[14]|Bytes:7
02:46:35.0 (53602795)|HEAP_ALLOCATE|[14]|Bytes:18
02:46:35.0 (53606508)|HEAP_ALLOCATE|[14]|Bytes:13
02:46:35.0 (53610430)|HEAP_ALLOCATE|[14]|Bytes:18
02:46:35.0 (53614457)|HEAP_ALLOCATE|[14]|Bytes:8
02:46:35.0 (53618233)|HEAP_ALLOCATE|[14]|Bytes:18
02:46:35.0 (53622259)|HEAP_ALLOCATE|[14]|Bytes:11
02:46:35.0 (53625946)|HEAP_ALLOCATE|[14]|Bytes:18
02:46:35.0 (53629733)|HEAP_ALLOCATE|[14]|Bytes:9
02:46:35.0 (53633773)|HEAP_ALLOCATE|[14]|Bytes:18
02:46:35.0 (53637665)|HEAP_ALLOCATE|[14]|Bytes:5
02:46:35.0 (53641507)|HEAP_ALLOCATE|[14]|Bytes:18
02:46:35.0 (53645524)|HEAP_ALLOCATE|[14]|Bytes:7
02:46:35.0 (53651790)|HEAP_ALLOCATE|[14]|Bytes:100
02:46:35.0 (53673334)|VARIABLE_SCOPE_BEGIN|[14]|parts|List<String>|true|false
02:46:35.0 (53721888)|HEAP_ALLOCATE|[EXTERNAL]|Bytes:100
02:46:35.0 (53734795)|VARIABLE_ASSIGNMENT|[14]|parts|"List of size 24 too large to display"|0x29921dc
02:46:35.0 (53743483)|STATEMENT_EXECUTE|[15]
02:46:35.0 (53750777)|VARIABLE_SCOPE_BEGIN|[15]|i|Integer|false|false
02:46:35.0 (53761682)|HEAP_ALLOCATE|[15]|Bytes:4
02:46:35.0 (53769686)|VARIABLE_ASSIGNMENT|[15]|i|0
02:46:35.0 (53810638)|STATEMENT_EXECUTE|[15]
02:46:35.0 (53812713)|STATEMENT_EXECUTE|[16]
02:46:35.0 (53825829)|HEAP_ALLOCATE|[16]|Bytes:18
02:46:35.0 (53833968)|HEAP_ALLOCATE|[16]|Bytes:5
02:46:35.0 (53915676)|HEAP_ALLOCATE|[16]|Bytes:15
02:46:35.0 (53933342)|SYSTEM_METHOD_ENTRY|[1]|EncodingUtil.EncodingUtil()
02:46:35.0 (53939664)|STATEMENT_EXECUTE|[1]
02:46:35.0 (53950548)|SYSTEM_METHOD_EXIT|[1]|EncodingUtil
02:46:35.0 (53967594)|METHOD_ENTRY|[16]||System.EncodingUtil.urlDecode(String, String)
02:46:35.0 (54044154)|METHOD_EXIT|[16]||System.EncodingUtil.urlDecode(String, String)
02:46:35.0 (54059968)|HEAP_ALLOCATE|[17]|Bytes:13
02:46:35.0 (54071239)|METHOD_ENTRY|[17]||System.EncodingUtil.urlDecode(String, String)
02:46:35.0 (54122559)|METHOD_EXIT|[17]||System.EncodingUtil.urlDecode(String, String)
02:46:35.0 (54167007)|HEAP_ALLOCATE|[EXTERNAL]|Bytes:4
02:46:35.0 (54179189)|HEAP_ALLOCATE|[15]|Bytes:4
02:46:35.0 (54190083)|VARIABLE_ASSIGNMENT|[15]|i|1
02:46:35.0 (54207551)|STATEMENT_EXECUTE|[15]
02:46:35.0 (54209803)|STATEMENT_EXECUTE|[16]
02:46:35.0 (54216483)|HEAP_ALLOCATE|[16]|Bytes:18
02:46:35.0 (54226976)|METHOD_ENTRY|[16]||System.EncodingUtil.urlDecode(String, String)
02:46:35.0 (54254586)|METHOD_EXIT|[16]||System.EncodingUtil.urlDecode(String, String)
02:46:35.0 (54264208)|HEAP_ALLOCATE|[17]|Bytes:8
02:46:35.0 (54274236)|METHOD_ENTRY|[17]||System.EncodingUtil.urlDecode(String, String)
02:46:35.0 (54299711)|METHOD_EXIT|[17]||System.EncodingUtil.urlDecode(String, String)
02:46:35.0 (54316281)|HEAP_ALLOCATE|[EXTERNAL]|Bytes:4
02:46:35.0 (54324887)|HEAP_ALLOCATE|[15]|Bytes:4
02:46:35.0 (54335478)|VARIABLE_ASSIGNMENT|[15]|i|2
02:46:35.0 (54352605)|STATEMENT_EXECUTE|[15]
02:46:35.0 (54354580)|STATEMENT_EXECUTE|[16]
02:46:35.0 (54361199)|HEAP_ALLOCATE|[16]|Bytes:18
02:46:35.0 (54376759)|METHOD_ENTRY|[16]||System.EncodingUtil.urlDecode(String, String)
02:46:35.0 (54477910)|METHOD_EXIT|[16]||System.EncodingUtil.urlDecode(String, String)
02:46:35.0 (54492840)|HEAP_ALLOCATE|[17]|Bytes:11
02:46:35.0 (54505955)|METHOD_ENTRY|[17]||System.EncodingUtil.urlDecode(String, String)
02:46:35.0 (54536995)|METHOD_EXIT|[17]||System.EncodingUtil.urlDecode(String, String)
02:46:35.0 (54553901)|HEAP_ALLOCATE|[EXTERNAL]|Bytes:4
02:46:35.0 (54563703)|HEAP_ALLOCATE|[15]|Bytes:4
02:46:35.0 (54574397)|VARIABLE_ASSIGNMENT|[15]|i|3
02:46:35.0 (54591640)|STATEMENT_EXECUTE|[15]
02:46:35.0 (54594169)|STATEMENT_EXECUTE|[16]
02:46:35.0 (54600731)|HEAP_ALLOCATE|[16]|Bytes:18
02:46:35.0 (54611003)|METHOD_ENTRY|[16]||System.EncodingUtil.urlDecode(String, String)
02:46:35.0 (54639155)|METHOD_EXIT|[16]||System.EncodingUtil.urlDecode(String, String)
02:46:35.0 (54649913)|HEAP_ALLOCATE|[17]|Bytes:9
02:46:35.0 (54659620)|METHOD_ENTRY|[17]||System.EncodingUtil.urlDecode(String, String)
02:46:35.0 (54686195)|METHOD_EXIT|[17]||System.EncodingUtil.urlDecode(String, String)
02:46:35.0 (54700763)|HEAP_ALLOCATE|[EXTERNAL]|Bytes:4
02:46:35.0 (54709179)|HEAP_ALLOCATE|[15]|Bytes:4
02:46:35.0 (54719486)|VARIABLE_ASSIGNMENT|[15]|i|4
02:46:35.0 (54736114)|STATEMENT_EXECUTE|[15]
02:46:35.0 (54738269)|STATEMENT_EXECUTE|[16]
02:46:35.0 (54744290)|HEAP_ALLOCATE|[16]|Bytes:18
02:46:35.0 (54753963)|METHOD_ENTRY|[16]||System.EncodingUtil.urlDecode(String, String)
02:46:35.0 (54780248)|METHOD_EXIT|[16]||System.EncodingUtil.urlDecode(String, String)
02:46:35.0 (54789436)|HEAP_ALLOCATE|[17]|Bytes:5
02:46:35.0 (54798801)|METHOD_ENTRY|[17]||System.EncodingUtil.urlDecode(String, String)
02:46:35.0 (54821513)|METHOD_EXIT|[17]||System.EncodingUtil.urlDecode(String, String)
02:46:35.0 (54831140)|HEAP_ALLOCATE|[EXTERNAL]|Bytes:4
02:46:35.0 (54836252)|HEAP_ALLOCATE|[15]|Bytes:4
02:46:35.0 (54842235)|VARIABLE_ASSIGNMENT|[15]|i|5
02:46:35.0 (54852000)|STATEMENT_EXECUTE|[15]
02:46:35.0 (54853204)|STATEMENT_EXECUTE|[16]
02:46:35.0 (54856633)|HEAP_ALLOCATE|[16]|Bytes:18
02:46:35.0 (54879094)|METHOD_ENTRY|[16]||System.EncodingUtil.urlDecode(String, String)
02:46:35.0 (54896891)|METHOD_EXIT|[16]||System.EncodingUtil.urlDecode(String, String)
02:46:35.0 (54901623)|HEAP_ALLOCATE|[17]|Bytes:7
02:46:35.0 (54918642)|METHOD_ENTRY|[17]||System.EncodingUtil.urlDecode(String, String)
02:46:35.0 (54960203)|METHOD_EXIT|[17]||System.EncodingUtil.urlDecode(String, String)
02:46:35.0 (54973697)|HEAP_ALLOCATE|[EXTERNAL]|Bytes:4
02:46:35.0 (54978837)|HEAP_ALLOCATE|[15]|Bytes:4
02:46:35.0 (54985085)|VARIABLE_ASSIGNMENT|[15]|i|6
02:46:35.0 (54994663)|STATEMENT_EXECUTE|[15]
02:46:35.0 (54996228)|STATEMENT_EXECUTE|[16]
02:46:35.0 (55000496)|HEAP_ALLOCATE|[16]|Bytes:18
02:46:35.0 (55006763)|METHOD_ENTRY|[16]||System.EncodingUtil.urlDecode(String, String)
02:46:35.0 (55022181)|METHOD_EXIT|[16]||System.EncodingUtil.urlDecode(String, String)
02:46:35.0 (55026060)|HEAP_ALLOCATE|[17]|Bytes:13
02:46:35.0 (55034746)|METHOD_ENTRY|[17]||System.EncodingUtil.urlDecode(String, String)
02:46:35.0 (55048959)|METHOD_EXIT|[17]||System.EncodingUtil.urlDecode(String, String)
02:46:35.0 (55056573)|HEAP_ALLOCATE|[EXTERNAL]|Bytes:4
02:46:35.0 (55061045)|HEAP_ALLOCATE|[15]|Bytes:4
02:46:35.0 (55065502)|VARIABLE_ASSIGNMENT|[15]|i|7
02:46:35.0 (55073846)|STATEMENT_EXECUTE|[15]
02:46:35.0 (55074899)|STATEMENT_EXECUTE|[16]
02:46:35.0 (55077768)|HEAP_ALLOCATE|[16]|Bytes:18
02:46:35.0 (55082324)|METHOD_ENTRY|[16]||System.EncodingUtil.urlDecode(String, String)
02:46:35.0 (55095940)|METHOD_EXIT|[16]||System.EncodingUtil.urlDecode(String, String)
02:46:35.0 (55099707)|HEAP_ALLOCATE|[17]|Bytes:8
02:46:35.0 (55104049)|METHOD_ENTRY|[17]||System.EncodingUtil.urlDecode(String, String)
02:46:35.0 (55115563)|METHOD_EXIT|[17]||System.EncodingUtil.urlDecode(String, String)
02:46:35.0 (55121922)|HEAP_ALLOCATE|[EXTERNAL]|Bytes:4
02:46:35.0 (55125873)|HEAP_ALLOCATE|[15]|Bytes:4
02:46:35.0 (55129772)|VARIABLE_ASSIGNMENT|[15]|i|8
02:46:35.0 (55137695)|STATEMENT_EXECUTE|[15]
02:46:35.0 (55138801)|STATEMENT_EXECUTE|[16]
02:46:35.0 (55141550)|HEAP_ALLOCATE|[16]|Bytes:18
02:46:35.0 (55146023)|METHOD_ENTRY|[16]||System.EncodingUtil.urlDecode(String, String)
02:46:35.0 (55159516)|METHOD_EXIT|[16]||System.EncodingUtil.urlDecode(String, String)
02:46:35.0 (55163243)|HEAP_ALLOCATE|[17]|Bytes:11
02:46:35.0 (55167222)|METHOD_ENTRY|[17]||System.EncodingUtil.urlDecode(String, String)
02:46:35.0 (55179119)|METHOD_EXIT|[17]||System.EncodingUtil.urlDecode(String, String)
02:46:35.0 (55186192)|HEAP_ALLOCATE|[EXTERNAL]|Bytes:4
02:46:35.0 (55190448)|HEAP_ALLOCATE|[15]|Bytes:4
02:46:35.0 (55194287)|VARIABLE_ASSIGNMENT|[15]|i|9
02:46:35.0 (55201733)|STATEMENT_EXECUTE|[15]
02:46:35.0 (55203045)|STATEMENT_EXECUTE|[16]
02:46:35.0 (55205904)|HEAP_ALLOCATE|[16]|Bytes:18
02:46:35.0 (55210229)|METHOD_ENTRY|[16]||System.EncodingUtil.urlDecode(String, String)
02:46:35.0 (55223335)|METHOD_EXIT|[16]||System.EncodingUtil.urlDecode(String, String)
02:46:35.0 (55226955)|HEAP_ALLOCATE|[17]|Bytes:9
02:46:35.0 (55230997)|METHOD_ENTRY|[17]||System.EncodingUtil.urlDecode(String, String)
02:46:35.0 (55242881)|METHOD_EXIT|[17]||System.EncodingUtil.urlDecode(String, String)
02:46:35.0 (55249483)|HEAP_ALLOCATE|[EXTERNAL]|Bytes:4
02:46:35.0 (55253711)|HEAP_ALLOCATE|[15]|Bytes:4
02:46:35.0 (55257847)|VARIABLE_ASSIGNMENT|[15]|i|10
02:46:35.0 (55265617)|STATEMENT_EXECUTE|[15]
02:46:35.0 (55266664)|STATEMENT_EXECUTE|[16]
02:46:35.0 (55269283)|HEAP_ALLOCATE|[16]|Bytes:18
02:46:35.0 (55273673)|METHOD_ENTRY|[16]||System.EncodingUtil.urlDecode(String, String)
02:46:35.0 (55286768)|METHOD_EXIT|[16]||System.EncodingUtil.urlDecode(String, String)
02:46:35.0 (55290446)|HEAP_ALLOCATE|[17]|Bytes:5
02:46:35.0 (55294461)|METHOD_ENTRY|[17]||System.EncodingUtil.urlDecode(String, String)
02:46:35.0 (55306069)|METHOD_EXIT|[17]||System.EncodingUtil.urlDecode(String, String)
02:46:35.0 (55312523)|HEAP_ALLOCATE|[EXTERNAL]|Bytes:4
02:46:35.0 (55316559)|HEAP_ALLOCATE|[15]|Bytes:4
02:46:35.0 (55320753)|VARIABLE_ASSIGNMENT|[15]|i|11
02:46:35.0 (55328355)|STATEMENT_EXECUTE|[15]
02:46:35.0 (55329370)|STATEMENT_EXECUTE|[16]
02:46:35.0 (55332030)|HEAP_ALLOCATE|[16]|Bytes:18
02:46:35.0 (55336391)|METHOD_ENTRY|[16]||System.EncodingUtil.urlDecode(String, String)
02:46:35.0 (55350116)|METHOD_EXIT|[16]||System.EncodingUtil.urlDecode(String, String)
02:46:35.0 (55354065)|HEAP_ALLOCATE|[17]|Bytes:7
02:46:35.0 (55357948)|METHOD_ENTRY|[17]||System.EncodingUtil.urlDecode(String, String)
02:46:35.0 (55369174)|METHOD_EXIT|[17]||System.EncodingUtil.urlDecode(String, String)
02:46:35.0 (55375926)|HEAP_ALLOCATE|[EXTERNAL]|Bytes:4
02:46:35.0 (55380070)|HEAP_ALLOCATE|[15]|Bytes:4
02:46:35.0 (55384074)|VARIABLE_ASSIGNMENT|[15]|i|12
02:46:35.0 (55399412)|METHOD_EXIT|[25]|01p7F00000Ehg8E|MultiselectController.setOptions(List<System.SelectOption>, String)
02:46:35.0 (55405428)|SYSTEM_MODE_EXIT|false
02:46:35.0 (55468259)|SYSTEM_MODE_ENTER|true
02:46:35.0 (55514047)|HEAP_ALLOCATE|[EXTERNAL]|Bytes:20
02:46:35.0 (55544649)|VARIABLE_ASSIGNMENT|[EXTERNAL]|this|{"leftOptions":"0x75a52ecc","leftOptionsHidden":"0057F000000TpdFQAS&M (325 more) ...","rightOptions":"0x17bca002","rightOptionsHidden":""}|0x79637301
02:46:35.0 (55553936)|VARIABLE_ASSIGNMENT|[EXTERNAL]|value|""
02:46:35.0 (55568975)|SYSTEM_MODE_ENTER|false
02:46:35.0 (55575482)|HEAP_ALLOCATE|[32]|Bytes:5
02:46:35.0 (55579443)|STATEMENT_EXECUTE|[31]
02:46:35.0 (55580740)|STATEMENT_EXECUTE|[32]
02:46:35.0 (55588511)|VARIABLE_ASSIGNMENT|[32]|this.rightOptionsHidden|""|0x79637301
02:46:35.0 (55592956)|STATEMENT_EXECUTE|[33]
02:46:35.0 (55629650)|VARIABLE_ASSIGNMENT|[EXTERNAL]|this|{"leftOptions":"0x75a52ecc","leftOptionsHidden":"0057F000000TpdFQAS&M (325 more) ...","rightOptions":"0x17bca002","rightOptionsHidden":""}|0x79637301
02:46:35.0 (55647608)|METHOD_ENTRY|[33]|01p7F00000Ehg8E|MultiselectController.setOptions(List<System.SelectOption>, String)
02:46:35.0 (55652957)|VARIABLE_SCOPE_BEGIN|[12]|this|MultiselectController|true|false
02:46:35.0 (55670014)|VARIABLE_ASSIGNMENT|[12]|this|{"leftOptions":"0x75a52ecc","leftOptionsHidden":"0057F000000TpdFQAS&M (325 more) ...","rightOptions":"0x17bca002","rightOptionsHidden":""}|0x79637301
02:46:35.0 (55676004)|VARIABLE_SCOPE_BEGIN|[12]|options|List<System.SelectOption>|true|false
02:46:35.0 (55683979)|VARIABLE_ASSIGNMENT|[12]|options|[]|0x17bca002
02:46:35.0 (55687712)|VARIABLE_SCOPE_BEGIN|[12]|value|String|false|false
02:46:35.0 (55693574)|VARIABLE_ASSIGNMENT|[12]|value|""
02:46:35.0 (55707692)|HEAP_ALLOCATE|[13]|Bytes:5
02:46:35.0 (55711889)|STATEMENT_EXECUTE|[12]
02:46:35.0 (55713040)|STATEMENT_EXECUTE|[13]
02:46:35.0 (55721949)|STATEMENT_EXECUTE|[14]
02:46:35.0 (55744730)|HEAP_ALLOCATE|[14]|Bytes:8
02:46:35.0 (55756044)|VARIABLE_SCOPE_BEGIN|[14]|parts|List<String>|true|false
02:46:35.0 (55779573)|HEAP_ALLOCATE|[EXTERNAL]|Bytes:8
02:46:35.0 (55788510)|VARIABLE_ASSIGNMENT|[14]|parts|[""]|0x14a15c84
02:46:35.0 (55793900)|STATEMENT_EXECUTE|[15]
02:46:35.0 (55797221)|VARIABLE_SCOPE_BEGIN|[15]|i|Integer|false|false
02:46:35.0 (55803375)|HEAP_ALLOCATE|[15]|Bytes:4
02:46:35.0 (55808449)|VARIABLE_ASSIGNMENT|[15]|i|0
02:46:35.0 (55820877)|STATEMENT_EXECUTE|[15]
02:46:35.0 (55831432)|METHOD_EXIT|[33]|01p7F00000Ehg8E|MultiselectController.setOptions(List<System.SelectOption>, String)
02:46:35.0 (55837715)|SYSTEM_MODE_EXIT|false
02:46:35.0 (55984878)|SYSTEM_MODE_ENTER|true
02:46:35.0 (56044219)|HEAP_ALLOCATE|[EXTERNAL]|Bytes:52
02:46:35.0 (56050424)|HEAP_ALLOCATE|[EXTERNAL]|Bytes:20
02:46:35.0 (56060561)|VARIABLE_ASSIGNMENT|[EXTERNAL]|this.leftOptions|"List of size 12 too large to display"|0x79637301
02:46:35.0 (56135406)|SYSTEM_MODE_ENTER|true
02:46:35.0 (56167721)|HEAP_ALLOCATE|[EXTERNAL]|Bytes:4
02:46:35.0 (56172534)|HEAP_ALLOCATE|[EXTERNAL]|Bytes:20
02:46:35.0 (56180525)|VARIABLE_ASSIGNMENT|[EXTERNAL]|this.rightOptions|[]|0x79637301
02:46:35.0 (57279976)|HEAP_ALLOCATE|[EXTERNAL]|Bytes:24
02:46:35.0 (57322378)|VARIABLE_SCOPE_BEGIN|[79]|this|Project_PM_Controller|true|false
02:46:35.0 (57502062)|VARIABLE_ASSIGNMENT|[79]|this|{"controller":"StandardController [[Project__c (Client__c:a047F000002zkUjQAI, Company_project_code__c:32165, Name:8354, Units__c:false, Nodes__c:false, Footage__c:false, Miles__c:false, Jobs__c:false, Hours__c:false, Delivery__c:100)]]","project":"0x78a0d297","saveAndNew":2,"selectedUsers":"0x17bca002","usersList":"0x75a52ecc"}|0x1d9a7a7b
02:46:35.0 (57527961)|SYSTEM_MODE_ENTER|false
02:46:35.0 (57535291)|HEAP_ALLOCATE|[80]|Bytes:5
02:46:35.0 (57540127)|STATEMENT_EXECUTE|[79]
02:46:35.0 (57541621)|STATEMENT_EXECUTE|[80]
02:46:35.0 (57544922)|HEAP_ALLOCATE|[80]|Bytes:4
02:46:35.0 (57554703)|VARIABLE_ASSIGNMENT|[80]|this.saveAndNew|2|0x1d9a7a7b
02:46:35.0 (57559375)|STATEMENT_EXECUTE|[81]
02:46:35.0 (57573609)|METHOD_ENTRY|[81]|01p7F00000EhPEd|Project_PM_Controller.customSave()
02:46:35.0 (57596422)|VARIABLE_SCOPE_BEGIN|[24]|this|Project_PM_Controller|true|false
02:46:35.0 (57711969)|VARIABLE_ASSIGNMENT|[24]|this|{"controller":"StandardController [[Project__c (Client__c:a047F000002zkUjQAI, Company_project_code__c:32165, Name:8354, Units__c:false, Nodes__c:false, Footage__c:false, Miles__c:false, Jobs__c:false, Hours__c:false, Delivery__c:100)]]","project":"0x78a0d297","saveAndNew":2,"selectedUsers":"0x17bca002","usersList":"0x75a52ecc"}|0x1d9a7a7b
02:46:35.0 (57736797)|HEAP_ALLOCATE|[25]|Bytes:5
02:46:35.0 (57742001)|STATEMENT_EXECUTE|[24]
02:46:35.0 (57743241)|STATEMENT_EXECUTE|[25]
02:46:35.0 (57776580)|HEAP_ALLOCATE|[25]|Bytes:4
02:46:35.0 (57875543)|VARIABLE_SCOPE_BEGIN|[25]|newProject|Project__c|true|false
02:46:35.0 (57890852)|VARIABLE_ASSIGNMENT|[25]|newProject|{}|0x20334ba
02:46:35.0 (57895629)|STATEMENT_EXECUTE|[26]
02:46:35.0 (57985556)|VARIABLE_ASSIGNMENT|[26]|this.Client__c|"a047F000002zkUjQAI"|0x20334ba
02:46:35.0 (57992197)|STATEMENT_EXECUTE|[27]
02:46:35.0 (58017453)|VARIABLE_ASSIGNMENT|[27]|this.End_Customer__c|null|0x20334ba
02:46:35.0 (58023306)|STATEMENT_EXECUTE|[28]
02:46:35.0 (58047694)|VARIABLE_ASSIGNMENT|[28]|this.Operation_Region__c|null|0x20334ba
02:46:35.0 (58053173)|STATEMENT_EXECUTE|[29]
02:46:35.0 (58070520)|VARIABLE_ASSIGNMENT|[29]|this.Work_Region__c|null|0x20334ba
02:46:35.0 (58075216)|STATEMENT_EXECUTE|[30]
02:46:35.0 (58090882)|VARIABLE_ASSIGNMENT|[30]|this.Client_Project_Manager__c|null|0x20334ba
02:46:35.0 (58095848)|STATEMENT_EXECUTE|[31]
02:46:35.0 (58110570)|VARIABLE_ASSIGNMENT|[31]|this.Project_code__c|null|0x20334ba
02:46:35.0 (58115184)|STATEMENT_EXECUTE|[32]
02:46:35.0 (58137502)|VARIABLE_ASSIGNMENT|[32]|this.Company_project_code__c|"32165"|0x20334ba
02:46:35.0 (58142148)|STATEMENT_EXECUTE|[33]
02:46:35.0 (58172727)|VARIABLE_ASSIGNMENT|[33]|this.Name|"8354"|0x20334ba
02:46:35.0 (58177772)|STATEMENT_EXECUTE|[34]
02:46:35.0 (58196112)|VARIABLE_ASSIGNMENT|[34]|this.Project_Scope__c|null|0x20334ba
02:46:35.0 (58200835)|STATEMENT_EXECUTE|[35]
02:46:35.0 (58216347)|VARIABLE_ASSIGNMENT|[35]|this.Cost_Centre__c|null|0x20334ba
02:46:35.0 (58220887)|STATEMENT_EXECUTE|[36]
02:46:35.0 (58248312)|VARIABLE_ASSIGNMENT|[36]|this.OffshoreProjectManager__c|null|0x20334ba
02:46:35.0 (58253124)|STATEMENT_EXECUTE|[37]
02:46:35.0 (58293286)|VARIABLE_ASSIGNMENT|[37]|this.Team_Lead__c|null|0x20334ba
02:46:35.0 (58299564)|STATEMENT_EXECUTE|[38]
02:46:35.0 (58319336)|VARIABLE_ASSIGNMENT|[38]|this.Project_Start_Date__c|null|0x20334ba
02:46:35.0 (58324123)|STATEMENT_EXECUTE|[39]
02:46:35.0 (58340376)|VARIABLE_ASSIGNMENT|[39]|this.Project_End_Date__c|null|0x20334ba
02:46:35.0 (58345007)|STATEMENT_EXECUTE|[40]
02:46:35.0 (58369447)|VARIABLE_ASSIGNMENT|[40]|this.Units__c|false|0x20334ba
02:46:35.0 (58374791)|STATEMENT_EXECUTE|[41]
02:46:35.0 (58395639)|VARIABLE_ASSIGNMENT|[41]|this.Nodes__c|false|0x20334ba
02:46:35.0 (58400190)|STATEMENT_EXECUTE|[42]
02:46:35.0 (58420403)|VARIABLE_ASSIGNMENT|[42]|this.Footage__c|false|0x20334ba
02:46:35.0 (58425122)|STATEMENT_EXECUTE|[43]
02:46:35.0 (58445315)|VARIABLE_ASSIGNMENT|[43]|this.Miles__c|false|0x20334ba
02:46:35.0 (58449918)|STATEMENT_EXECUTE|[44]
02:46:35.0 (58470297)|VARIABLE_ASSIGNMENT|[44]|this.Jobs__c|false|0x20334ba
02:46:35.0 (58474970)|STATEMENT_EXECUTE|[45]
02:46:35.0 (58495457)|VARIABLE_ASSIGNMENT|[45]|this.Hours__c|false|0x20334ba
02:46:35.0 (58500069)|STATEMENT_EXECUTE|[46]
02:46:35.0 (58517100)|VARIABLE_ASSIGNMENT|[46]|this.Production__c|null|0x20334ba
02:46:35.0 (58522134)|STATEMENT_EXECUTE|[47]
02:46:35.0 (58539324)|VARIABLE_ASSIGNMENT|[47]|this.QC__c|null|0x20334ba
02:46:35.0 (58543968)|STATEMENT_EXECUTE|[48]
02:46:35.0 (58561079)|VARIABLE_ASSIGNMENT|[48]|this.QA__c|null|0x20334ba
02:46:35.0 (58565619)|STATEMENT_EXECUTE|[49]
02:46:35.0 (58596738)|HEAP_ALLOCATE|[49]|Bytes:28
02:46:35.0 (58626110)|VARIABLE_ASSIGNMENT|[49]|this.Delivery__c|100|0x20334ba
02:46:35.0 (58631339)|STATEMENT_EXECUTE|[51]
02:46:35.0 (58634271)|HEAP_ALLOCATE|[51]|Bytes:2
02:46:35.0 (58662916)|VARIABLE_ASSIGNMENT|[51]|this.Team__c|"  "|0x20334ba
02:46:35.0 (58821148)|VARIABLE_ASSIGNMENT|[EXTERNAL]|this|{"controller":"StandardController [[Project__c (Client__c:a047F000002zkUjQAI, Company_project_code__c:32165, Name:8354, Units__c:false, Nodes__c:false, Footage__c:false, Miles__c:false, Jobs__c:false, Hours__c:false, Delivery__c:100)]]","project":"0x78a0d297","saveAndNew":2,"selectedUsers":"0x17bca002","usersList":"0x75a52ecc"}|0x1d9a7a7b
02:46:35.0 (58874228)|HEAP_ALLOCATE|[52]|Bytes:5
02:46:35.0 (58889297)|VARIABLE_ASSIGNMENT|[52]|sc|null|
02:46:35.0 (58894118)|STATEMENT_EXECUTE|[52]
02:46:35.0 (58895484)|STATEMENT_EXECUTE|[55]
02:46:35.0 (59012942)|VARIABLE_ASSIGNMENT|[55]|this.Team__c|""|0x20334ba
02:46:35.0 (59021072)|STATEMENT_EXECUTE|[57]
02:46:35.0 (59022281)|STATEMENT_EXECUTE|[57]
02:46:35.0 (59023316)|STATEMENT_EXECUTE|[58]
02:46:35.0 (59054003)|HEAP_ALLOCATE|[58]|Bytes:8
02:46:35.0 (59063122)|DML_BEGIN|[58]|Op:Insert|Type:Project__c|Rows:1
02:46:35.0 (59097020)|HEAP_ALLOCATE|[EXTERNAL]|Bytes:8
02:46:35.0 (64833567)|CODE_UNIT_STARTED|[EXTERNAL]|Validation:Project:new
02:46:35.0 (64848138)|VALIDATION_RULE|03d7F0000009D2R|totalpercentage
02:46:35.0 (65248172)|VALIDATION_FORMULA|( IF( ISBLANK(Delivery__c) , 0, Delivery__c)
  +  
IF( ISBLANK(Production__c) , 0, Production__c)
  +
IF( ISBLANK(QC__c) , 0, QC__c)  
 +
IF( ISBLANK(QA__c) , 0, QA__c)
 ) != 100|Delivery__c=100 , QC__c=null , QA__c=null , Production__c=null
02:46:35.0 (65264289)|VALIDATION_PASS
02:46:35.0 (65308611)|CODE_UNIT_FINISHED|Validation:Project:new
02:46:35.0 (290264081)|DML_END|[58]
02:46:35.0 (290295268)|STATEMENT_EXECUTE|[64]
02:46:35.0 (290400134)|HEAP_ALLOCATE|[64]|Bytes:4
02:46:35.0 (290488021)|VARIABLE_SCOPE_BEGIN|[64]|pjaList|List<ProjectJobAssociation__c>|true|false
02:46:35.0 (290502352)|HEAP_ALLOCATE|[EXTERNAL]|Bytes:4
02:46:35.0 (290518514)|VARIABLE_ASSIGNMENT|[64]|pjaList|[]|0xbb4eeb2
02:46:35.0 (290729871)|VARIABLE_ASSIGNMENT|[EXTERNAL]|this|{"controller":"StandardController [[Project__c (Client__c:a047F000002zkUjQAI, Company_project_code__c:32165, Name:8354, Units__c:false, Nodes__c:false, Footage__c:false, Miles__c:false, Jobs__c:false, Hours__c:false, Delivery__c:100)]]","project":"0x78a0d297","saveAndNew":2,"selectedUsers":"0x17bca002","usersList":"0x75a52ecc"}|0x1d9a7a7b
02:46:35.0 (290777358)|HEAP_ALLOCATE|[65]|Bytes:5
02:46:35.0 (290792266)|VARIABLE_ASSIGNMENT|[65]|sc|null|
02:46:35.0 (290796998)|STATEMENT_EXECUTE|[65]
02:46:35.0 (290798631)|STATEMENT_EXECUTE|[71]
02:46:35.0 (290878135)|HEAP_ALLOCATE|[EXTERNAL]|Bytes:4
02:46:35.0 (290909624)|STATEMENT_EXECUTE|[73]
02:46:35.0 (290911148)|STATEMENT_EXECUTE|[74]
02:46:35.0 (290918711)|HEAP_ALLOCATE|[74]|Bytes:20
02:46:35.0 (290962449)|METHOD_EXIT|[81]|01p7F00000EhPEd|Project_PM_Controller.customSave()
02:46:35.0 (290986236)|SYSTEM_MODE_EXIT|false
02:46:35.308 (308296437)|SYSTEM_MODE_ENTER|true
02:46:35.308 (308377930)|HEAP_ALLOCATE|[EXTERNAL]|Bytes:8
02:46:35.308 (308391394)|VARIABLE_SCOPE_BEGIN|[88]|this|ApexPage.PageMessagesComponentController|true|false
02:46:35.308 (308426321)|VARIABLE_ASSIGNMENT|[88]|this|{}|0x6e35c766
02:46:35.308 (308432600)|VARIABLE_SCOPE_BEGIN|[88]|escape|Boolean|false|false
02:46:35.308 (308439768)|VARIABLE_ASSIGNMENT|[88]|escape|null
02:46:35.308 (308548306)|SYSTEM_MODE_ENTER|true
02:46:35.308 (308582799)|HEAP_ALLOCATE|[EXTERNAL]|Bytes:8
02:46:35.308 (308589540)|VARIABLE_SCOPE_BEGIN|[2]|this|ApexPage.PageMessagesComponentController|true|false
02:46:35.308 (308606477)|VARIABLE_ASSIGNMENT|[2]|this|{}|0x6e35c766
02:46:35.0 (312848380)|SYSTEM_MODE_ENTER|true
02:46:35.0 (312886430)|HEAP_ALLOCATE|[EXTERNAL]|Bytes:24
02:46:35.0 (312895157)|VARIABLE_SCOPE_BEGIN|[16]|this|Project_PM_Controller|true|false
02:46:35.0 (313142841)|VARIABLE_ASSIGNMENT|[16]|this|{"controller":"StandardController [[Project__c (Client__c:a047F000002zkUjQAI, Company_project_code__c:32165, Name:8354, Units__c:false, Nodes__c:false, Footage__c:false, Miles__c:false, Jobs__c:false, Hours__c:false, Delivery__c:100)]]","project":"0x78a0d297","saveAndNew":2,"selectedUsers":"0x17bca002","usersList":"0x75a52ecc"}|0x1d9a7a7b
02:46:35.0 (313168829)|SYSTEM_MODE_ENTER|false
02:46:35.0 (313176463)|HEAP_ALLOCATE|[17]|Bytes:5
02:46:35.0 (313183451)|STATEMENT_EXECUTE|[16]
02:46:35.0 (313185293)|STATEMENT_EXECUTE|[17]
02:46:35.0 (313197439)|HEAP_ALLOCATE|[17]|Bytes:4
02:46:35.0 (313401697)|SOQL_EXECUTE_BEGIN|[17]|Aggregations:0|SELECT Id, Name FROM User WHERE UserRoleId = '00E7F000000Mdri'
02:46:35.0 (317766425)|SOQL_EXECUTE_END|[17]|Rows:6
02:46:35.0 (317787826)|HEAP_ALLOCATE|[17]|Bytes:28
02:46:35.0 (317809779)|HEAP_ALLOCATE|[17]|Bytes:271
02:46:35.0 (317845319)|HEAP_ALLOCATE|[17]|Bytes:28
02:46:35.0 (317858422)|VARIABLE_SCOPE_BEGIN|[17]|users|List<User>|true|false
02:46:35.0 (317876133)|VARIABLE_ASSIGNMENT|[17]|users|"List of size 6 too large to display"|0x4a110c83
02:46:35.0 (317906463)|HEAP_ALLOCATE|[18]|Bytes:5
02:46:35.0 (317921322)|HEAP_ALLOCATE|[18]|Bytes:12
02:46:35.0 (317929500)|VARIABLE_SCOPE_BEGIN|[18]|usr|User|true|false
02:46:35.0 (317945958)|VARIABLE_ASSIGNMENT|[18]|usr|{"Id":"0057F000000TpdFQAS","Name":"Mani Sasank"}|0x563c7433
02:46:35.0 (317956354)|STATEMENT_EXECUTE|[18]
02:46:35.0 (317958252)|STATEMENT_EXECUTE|[19]
02:46:35.0 (317978210)|HEAP_ALLOCATE|[19]|Bytes:18
02:46:35.0 (318002296)|HEAP_ALLOCATE|[EXTERNAL]|Bytes:4
02:46:35.0 (318015526)|HEAP_ALLOCATE|[18]|Bytes:5
02:46:35.0 (318024781)|HEAP_ALLOCATE|[18]|Bytes:12
02:46:35.0 (318034256)|VARIABLE_SCOPE_BEGIN|[18]|usr|User|true|false
02:46:35.0 (318046547)|VARIABLE_ASSIGNMENT|[18]|usr|{"Id":"0057F000000TrBBQA0","Name":"Santhosh"}|0x3f3ea1fa
02:46:35.0 (318051540)|STATEMENT_EXECUTE|[18]
02:46:35.0 (318052900)|STATEMENT_EXECUTE|[19]
02:46:35.0 (318060989)|HEAP_ALLOCATE|[19]|Bytes:18
02:46:35.0 (318072576)|HEAP_ALLOCATE|[EXTERNAL]|Bytes:4
02:46:35.0 (318081801)|HEAP_ALLOCATE|[18]|Bytes:5
02:46:35.0 (318088967)|HEAP_ALLOCATE|[18]|Bytes:12
02:46:35.0 (318093313)|VARIABLE_SCOPE_BEGIN|[18]|usr|User|true|false
02:46:35.0 (318103326)|VARIABLE_ASSIGNMENT|[18]|usr|{"Id":"0057F000000TrBGQA0","Name":"Ravi teja"}|0x789a5310
02:46:35.0 (318107890)|STATEMENT_EXECUTE|[18]
02:46:35.0 (318109044)|STATEMENT_EXECUTE|[19]
02:46:35.0 (318114828)|HEAP_ALLOCATE|[19]|Bytes:18
02:46:35.0 (318124910)|HEAP_ALLOCATE|[EXTERNAL]|Bytes:4
02:46:35.0 (318133055)|HEAP_ALLOCATE|[18]|Bytes:5
02:46:35.0 (318139495)|HEAP_ALLOCATE|[18]|Bytes:12
02:46:35.0 (318143733)|VARIABLE_SCOPE_BEGIN|[18]|usr|User|true|false
02:46:35.0 (318153715)|VARIABLE_ASSIGNMENT|[18]|usr|{"Id":"0057F000000TrBVQA0","Name":"Yashwanth"}|0x3b5c485b
02:46:35.0 (318157918)|STATEMENT_EXECUTE|[18]
02:46:35.0 (318158943)|STATEMENT_EXECUTE|[19]
02:46:35.0 (318164042)|HEAP_ALLOCATE|[19]|Bytes:18
02:46:35.0 (318173299)|HEAP_ALLOCATE|[EXTERNAL]|Bytes:4
02:46:35.0 (318181407)|HEAP_ALLOCATE|[18]|Bytes:5
02:46:35.0 (318187940)|HEAP_ALLOCATE|[18]|Bytes:12
02:46:35.0 (318192195)|VARIABLE_SCOPE_BEGIN|[18]|usr|User|true|false
02:46:35.0 (318201299)|VARIABLE_ASSIGNMENT|[18]|usr|{"Id":"0057F000000Tz0iQAC","Name":"Richa"}|0xef42eef
02:46:35.0 (318205478)|STATEMENT_EXECUTE|[18]
02:46:35.0 (318206505)|STATEMENT_EXECUTE|[19]
02:46:35.0 (318211500)|HEAP_ALLOCATE|[19]|Bytes:18
02:46:35.0 (318220188)|HEAP_ALLOCATE|[EXTERNAL]|Bytes:4
02:46:35.0 (318227960)|HEAP_ALLOCATE|[18]|Bytes:5
02:46:35.0 (318234043)|HEAP_ALLOCATE|[18]|Bytes:12
02:46:35.0 (318238451)|VARIABLE_SCOPE_BEGIN|[18]|usr|User|true|false
02:46:35.0 (318247307)|VARIABLE_ASSIGNMENT|[18]|usr|{"Id":"0057F000000Tz0sQAC","Name":"Veeresh"}|0x448f7fba
02:46:35.0 (318251479)|STATEMENT_EXECUTE|[18]
02:46:35.0 (318252506)|STATEMENT_EXECUTE|[19]
02:46:35.0 (318257351)|HEAP_ALLOCATE|[19]|Bytes:18
02:46:35.0 (318265782)|HEAP_ALLOCATE|[EXTERNAL]|Bytes:4
02:46:35.0 (318273921)|HEAP_ALLOCATE|[18]|Bytes:5
02:46:35.0 (318285512)|VARIABLE_ASSIGNMENT|[18]|usr|null|
02:46:35.0 (318289535)|STATEMENT_EXECUTE|[21]
02:46:35.0 (318294083)|SYSTEM_MODE_EXIT|false
02:46:35.0 (318405765)|SYSTEM_MODE_ENTER|true
02:46:35.0 (318459075)|HEAP_ALLOCATE|[EXTERNAL]|Bytes:76
02:46:35.0 (318464413)|HEAP_ALLOCATE|[EXTERNAL]|Bytes:20
02:46:35.0 (318476495)|VARIABLE_ASSIGNMENT|[EXTERNAL]|this.leftOptions|"List of size 18 too large to display"|0x79637301
02:46:35.0 (318546674)|SYSTEM_MODE_ENTER|true
02:46:35.0 (318600613)|SYSTEM_MODE_ENTER|true
02:46:35.0 (318628212)|HEAP_ALLOCATE|[EXTERNAL]|Bytes:4
02:46:35.0 (318633084)|HEAP_ALLOCATE|[EXTERNAL]|Bytes:20
02:46:35.0 (318641970)|VARIABLE_ASSIGNMENT|[EXTERNAL]|this.rightOptions|[]|0x79637301
02:46:35.0 (318735274)|SYSTEM_MODE_ENTER|true
02:46:35.0 (319047878)|SYSTEM_MODE_ENTER|true
02:46:35.329 (329956464)|SYSTEM_MODE_ENTER|true
02:46:35.329 (330040673)|HEAP_ALLOCATE|[EXTERNAL]|Bytes:8
02:46:35.329 (330055221)|VARIABLE_SCOPE_BEGIN|[88]|this|ApexPage.PageMessagesComponentController|true|false
02:46:35.329 (330087385)|VARIABLE_ASSIGNMENT|[88]|this|{}|0x6e35c766
02:46:35.329 (330093994)|VARIABLE_SCOPE_BEGIN|[88]|escape|Boolean|false|false
02:46:35.329 (330101039)|VARIABLE_ASSIGNMENT|[88]|escape|null
02:46:35.330 (330238874)|SYSTEM_MODE_ENTER|true
02:46:35.330 (330272613)|HEAP_ALLOCATE|[EXTERNAL]|Bytes:8
02:46:35.330 (330279419)|VARIABLE_SCOPE_BEGIN|[2]|this|ApexPage.PageMessagesComponentController|true|false
02:46:35.330 (330297858)|VARIABLE_ASSIGNMENT|[2]|this|{}|0x6e35c766
02:46:35.0 (336727053)|SYSTEM_MODE_ENTER|true
02:46:35.0 (336786167)|HEAP_ALLOCATE|[EXTERNAL]|Bytes:76
02:46:35.0 (336792762)|HEAP_ALLOCATE|[EXTERNAL]|Bytes:20
02:46:35.0 (336806935)|VARIABLE_ASSIGNMENT|[EXTERNAL]|this.leftOptions|"List of size 18 too large to display"|0x79637301
02:46:35.0 (336881760)|SYSTEM_MODE_ENTER|true
02:46:35.0 (336910671)|HEAP_ALLOCATE|[EXTERNAL]|Bytes:4
02:46:35.0 (336915654)|HEAP_ALLOCATE|[EXTERNAL]|Bytes:20
02:46:35.0 (336923826)|VARIABLE_ASSIGNMENT|[EXTERNAL]|this.rightOptions|[]|0x79637301
02:46:35.0 (337567571)|SYSTEM_MODE_ENTER|true
02:46:35.0 (340052890)|SYSTEM_MODE_ENTER|true
02:46:35.0 (340815309)|SYSTEM_MODE_ENTER|true
02:46:35.0 (340901697)|SYSTEM_MODE_ENTER|true
02:46:35.0 (346481798)|VF_SERIALIZE_VIEWSTATE_BEGIN|0667F000004uJm5
02:46:35.0 (350345817)|VF_SERIALIZE_VIEWSTATE_END
02:46:35.352 (352731545)|CUMULATIVE_LIMIT_USAGE
02:46:35.352 (352731545)|LIMIT_USAGE_FOR_NS|(default)|
  Number of SOQL queries: 2 out of 100
  Number of query rows: 12 out of 50000
  Number of SOSL queries: 0 out of 20
  Number of DML statements: 1 out of 150
  Number of DML rows: 1 out of 10000
  Maximum CPU time: 64 out of 10000
  Maximum heap size: 0 out of 6000000
  Number of callouts: 0 out of 100
  Number of Email Invocations: 0 out of 10
  Number of future calls: 0 out of 50
  Number of queueable jobs added to the queue: 0 out of 50
  Number of Mobile Apex push calls: 0 out of 10

02:46:35.352 (352731545)|CUMULATIVE_LIMIT_USAGE_END

02:46:35.0 (352769985)|CODE_UNIT_FINISHED|VF: /apex/PM_Project_New
02:46:35.0 (353498558)|EXECUTION_FINISHED
