36.0 APEX_CODE,FINEST;APEX_PROFILING,INFO;CALLOUT,INFO;DB,INFO;SYSTEM,DEBUG;VALIDATION,INFO;VISUALFORCE,INFO;WAVE,INFO;WORKFLOW,INFO
23:46:31.0 (291462)|USER_INFO|[EXTERNAL]|0057F000000Tiz6|ksb994@salesforce.com|Pacific Standard Time|GMT-08:00
23:46:31.0 (324827)|EXECUTION_STARTED
23:46:31.0 (329057)|CODE_UNIT_STARTED|[EXTERNAL]|0667F000004uRC1|VF: /apex/PM_Project_Edit
23:46:31.0 (40816784)|SYSTEM_MODE_ENTER|true
23:46:31.0 (41128059)|HEAP_ALLOCATE|[72]|Bytes:3
23:46:31.0 (41158329)|HEAP_ALLOCATE|[77]|Bytes:152
23:46:31.0 (41172132)|HEAP_ALLOCATE|[342]|Bytes:408
23:46:31.0 (41185487)|HEAP_ALLOCATE|[355]|Bytes:408
23:46:31.0 (41198095)|HEAP_ALLOCATE|[467]|Bytes:48
23:46:31.0 (41224615)|HEAP_ALLOCATE|[139]|Bytes:6
23:46:31.0 (41237999)|HEAP_ALLOCATE|[EXTERNAL]|Bytes:144
23:46:31.0 (41242876)|HEAP_ALLOCATE|[EXTERNAL]|Bytes:20
23:46:31.0 (41245943)|HEAP_ALLOCATE|[EXTERNAL]|Bytes:11
23:46:31.0 (41263391)|METHOD_ENTRY|[1]|01p7F00000Ehro9|PM_Project_Edit_Controller.PM_Project_Edit_Controller()
23:46:31.0 (41269059)|STATEMENT_EXECUTE|[1]
23:46:31.0 (41273142)|STATEMENT_EXECUTE|[1]
23:46:31.0 (41298837)|HEAP_ALLOCATE|[50]|Bytes:5
23:46:31.0 (41314970)|HEAP_ALLOCATE|[56]|Bytes:5
23:46:31.0 (41321643)|HEAP_ALLOCATE|[64]|Bytes:7
23:46:31.0 (41339773)|SYSTEM_MODE_ENTER|false
23:46:31.0 (41348673)|HEAP_ALLOCATE|[EXTERNAL]|Bytes:5
23:46:31.0 (41354559)|SYSTEM_MODE_EXIT|false
23:46:31.0 (41360236)|METHOD_EXIT|[1]|PM_Project_Edit_Controller
23:46:31.0 (41396288)|HEAP_ALLOCATE|[EXTERNAL]|Bytes:24
23:46:31.0 (41515239)|VARIABLE_SCOPE_BEGIN|[10]|this|PM_Project_Edit_Controller|true|false
23:46:31.0 (41572024)|VARIABLE_ASSIGNMENT|[10]|this|{}|0xfef8ad5
23:46:31.0 (41579662)|VARIABLE_SCOPE_BEGIN|[10]|stdController|ApexPages.StandardController|true|false
23:46:31.0 (41730826)|VARIABLE_ASSIGNMENT|[10]|stdController|"StandardController [null]"|0x338b5ad7
23:46:31.0 (41750571)|SYSTEM_MODE_ENTER|false
23:46:31.0 (41756975)|HEAP_ALLOCATE|[7]|Bytes:5
23:46:31.0 (41761671)|STATEMENT_EXECUTE|[1]
23:46:31.0 (41766260)|HEAP_ALLOCATE|[7]|Bytes:5
23:46:31.0 (41768813)|STATEMENT_EXECUTE|[3]
23:46:31.0 (41770311)|STATEMENT_EXECUTE|[4]
23:46:31.0 (41771185)|STATEMENT_EXECUTE|[6]
23:46:31.0 (41772041)|STATEMENT_EXECUTE|[7]
23:46:31.0 (41784341)|HEAP_ALLOCATE|[7]|Bytes:4
23:46:31.0 (41856395)|HEAP_ALLOCATE|[EXTERNAL]|Bytes:4
23:46:31.0 (41869348)|VARIABLE_ASSIGNMENT|[7]|this.usersList|[]|0xfef8ad5
23:46:31.0 (41874732)|STATEMENT_EXECUTE|[8]
23:46:31.0 (41877615)|HEAP_ALLOCATE|[8]|Bytes:1
23:46:31.0 (41886161)|VARIABLE_ASSIGNMENT|[8]|this.nonSelectedUserId|"("|0xfef8ad5
23:46:31.0 (41897573)|HEAP_ALLOCATE|[8]|Bytes:6
23:46:31.0 (41925952)|STATEMENT_EXECUTE|[10]
23:46:31.0 (41927417)|STATEMENT_EXECUTE|[11]
23:46:31.0 (42027219)|HEAP_ALLOCATE|[11]|Bytes:4
23:46:31.0 (42076197)|VARIABLE_ASSIGNMENT|[EXTERNAL]|this|{"nonSelectedUserId":"(","usersList":"0x7ff7706f"}|0xfef8ad5
23:46:31.0 (42088386)|VARIABLE_ASSIGNMENT|[EXTERNAL]|value|{}|0xab63eca
23:46:31.0 (42097876)|VARIABLE_ASSIGNMENT|[3]|this.mysObject|{}|0xfef8ad5
23:46:31.0 (42105565)|STATEMENT_EXECUTE|[12]
23:46:31.0 (42135066)|HEAP_ALLOCATE|[12]|Bytes:43
23:46:31.0 (42164947)|HEAP_ALLOCATE|[12]|Bytes:18
23:46:31.0 (42182741)|HEAP_ALLOCATE|[12]|Bytes:3
23:46:31.0 (42205488)|HEAP_ALLOCATE|[12]|Bytes:4
23:46:31.0 (42210814)|VARIABLE_SCOPE_BEGIN|[12]|pid|Id|false|false
23:46:31.0 (42281789)|VARIABLE_ASSIGNMENT|[12]|pid|"a057F000002dVv5QAE"
23:46:31.0 (42287883)|STATEMENT_EXECUTE|[16]
23:46:31.0 (42290184)|HEAP_ALLOCATE|[16]|Bytes:7
23:46:31.0 (42294509)|HEAP_ALLOCATE|[16]|Bytes:10
23:46:31.0 (42306475)|METHOD_ENTRY|[16]|01p7F00000Ehro9|PM_Project_Edit_Controller.getAllFields(String)
23:46:31.0 (42391281)|VARIABLE_SCOPE_BEGIN|[50]|sobjectname|String|false|false
23:46:31.0 (42400706)|VARIABLE_ASSIGNMENT|[50]|sobjectname|"Project__c"
23:46:31.0 (42417272)|HEAP_ALLOCATE|[51]|Bytes:5
23:46:31.0 (42421118)|STATEMENT_EXECUTE|[50]
23:46:31.0 (59036071)|HEAP_ALLOCATE|[51]|Bytes:1468
23:46:31.0 (59078221)|STATEMENT_EXECUTE|[51]
23:46:31.0 (59080521)|STATEMENT_EXECUTE|[54]
23:46:31.0 (62229319)|HEAP_ALLOCATE|[54]|Bytes:1468
23:46:31.0 (62400562)|HEAP_ALLOCATE|[54]|Bytes:4
23:46:31.0 (62442710)|HEAP_ALLOCATE|[54]|Bytes:4
23:46:31.0 (62690042)|HEAP_ALLOCATE|[54]|Bytes:148
23:46:31.0 (62702165)|VARIABLE_SCOPE_BEGIN|[54]|fields|Map<String,Schema.SObjectField>|true|false
23:46:31.0 (62909866)|VARIABLE_ASSIGNMENT|[54]|fields|"{client__c=Client__c, client_project_manager__c=Client_Project_Manager__c, company_project_code__c=Company_project_code__c, cost_centre__c=Cost_Centre__c, createdbyid=CreatedById, createddate=CreatedDate, delivery__c=Delivery__c, end_customer__c=End_Customer__c, footage__c=Footage__c, hours__c=Hours__c, ...}"|0xa067353
23:46:31.0 (62921078)|STATEMENT_EXECUTE|[55]
23:46:31.0 (62933155)|HEAP_ALLOCATE|[55]|Bytes:4
23:46:31.0 (62961599)|VARIABLE_SCOPE_BEGIN|[55]|accessiblefields|List<String>|true|false
23:46:31.0 (62986695)|HEAP_ALLOCATE|[EXTERNAL]|Bytes:4
23:46:31.0 (62997471)|VARIABLE_ASSIGNMENT|[55]|accessiblefields|[]|0x2c84457
23:46:31.0 (63041334)|HEAP_ALLOCATE|[EXTERNAL]|Bytes:148
23:46:31.0 (63058617)|HEAP_ALLOCATE|[56]|Bytes:148
23:46:31.0 (63121309)|HEAP_ALLOCATE|[56]|Bytes:5
23:46:31.0 (63142521)|VARIABLE_SCOPE_BEGIN|[56]|field|Schema.SObjectField|true|false
23:46:31.0 (63207977)|VARIABLE_ASSIGNMENT|[56]|field|"common.apex.runtime.impl.ApexFieldToken@16833c11"|0x16833c11
23:46:31.0 (63215008)|STATEMENT_EXECUTE|[56]
23:46:31.0 (63562700)|HEAP_ALLOCATE|[57]|Bytes:8
23:46:31.0 (63584323)|STATEMENT_EXECUTE|[58]
23:46:31.0 (63611687)|HEAP_ALLOCATE|[58]|Bytes:8
23:46:31.0 (63623535)|HEAP_ALLOCATE|[58]|Bytes:2
23:46:31.0 (63636030)|HEAP_ALLOCATE|[EXTERNAL]|Bytes:4
23:46:31.0 (63647956)|HEAP_ALLOCATE|[56]|Bytes:5
23:46:31.0 (63661040)|VARIABLE_SCOPE_BEGIN|[56]|field|Schema.SObjectField|true|false
23:46:31.0 (63725568)|VARIABLE_ASSIGNMENT|[56]|field|"common.apex.runtime.impl.ApexFieldToken@2fa65979"|0x2fa65979
23:46:31.0 (63736616)|STATEMENT_EXECUTE|[56]
23:46:31.0 (63877903)|HEAP_ALLOCATE|[57]|Bytes:8
23:46:31.0 (63891441)|STATEMENT_EXECUTE|[58]
23:46:31.0 (63906436)|HEAP_ALLOCATE|[58]|Bytes:8
23:46:31.0 (63914473)|HEAP_ALLOCATE|[58]|Bytes:7
23:46:31.0 (63923101)|HEAP_ALLOCATE|[EXTERNAL]|Bytes:4
23:46:31.0 (63933971)|HEAP_ALLOCATE|[56]|Bytes:5
23:46:31.0 (63945982)|VARIABLE_SCOPE_BEGIN|[56]|field|Schema.SObjectField|true|false
23:46:31.0 (64008246)|VARIABLE_ASSIGNMENT|[56]|field|"common.apex.runtime.impl.ApexFieldToken@6f8c4a26"|0x6f8c4a26
23:46:31.0 (64016302)|STATEMENT_EXECUTE|[56]
23:46:31.0 (64100340)|HEAP_ALLOCATE|[57]|Bytes:8
23:46:31.0 (64111846)|STATEMENT_EXECUTE|[58]
23:46:31.0 (64129626)|HEAP_ALLOCATE|[58]|Bytes:8
23:46:31.0 (64136846)|HEAP_ALLOCATE|[58]|Bytes:9
23:46:31.0 (64144397)|HEAP_ALLOCATE|[EXTERNAL]|Bytes:4
23:46:31.0 (64154411)|HEAP_ALLOCATE|[56]|Bytes:5
23:46:31.0 (64165620)|VARIABLE_SCOPE_BEGIN|[56]|field|Schema.SObjectField|true|false
23:46:31.0 (64225886)|VARIABLE_ASSIGNMENT|[56]|field|"common.apex.runtime.impl.ApexFieldToken@62caea5b"|0x62caea5b
23:46:31.0 (64232654)|STATEMENT_EXECUTE|[56]
23:46:31.0 (64321608)|HEAP_ALLOCATE|[57]|Bytes:8
23:46:31.0 (64333170)|STATEMENT_EXECUTE|[58]
23:46:31.0 (64347069)|HEAP_ALLOCATE|[58]|Bytes:8
23:46:31.0 (64353871)|HEAP_ALLOCATE|[58]|Bytes:4
23:46:31.0 (64361249)|HEAP_ALLOCATE|[EXTERNAL]|Bytes:4
23:46:31.0 (64371149)|HEAP_ALLOCATE|[56]|Bytes:5
23:46:31.0 (64381747)|VARIABLE_SCOPE_BEGIN|[56]|field|Schema.SObjectField|true|false
23:46:31.0 (64440802)|VARIABLE_ASSIGNMENT|[56]|field|"common.apex.runtime.impl.ApexFieldToken@6d2631a7"|0x6d2631a7
23:46:31.0 (64447672)|STATEMENT_EXECUTE|[56]
23:46:31.0 (64540149)|HEAP_ALLOCATE|[57]|Bytes:8
23:46:31.0 (64550858)|STATEMENT_EXECUTE|[58]
23:46:31.0 (64563703)|HEAP_ALLOCATE|[58]|Bytes:8
23:46:31.0 (64570442)|HEAP_ALLOCATE|[58]|Bytes:11
23:46:31.0 (64577888)|HEAP_ALLOCATE|[EXTERNAL]|Bytes:4
23:46:31.0 (64588711)|HEAP_ALLOCATE|[56]|Bytes:5
23:46:31.0 (64599426)|VARIABLE_SCOPE_BEGIN|[56]|field|Schema.SObjectField|true|false
23:46:31.0 (64657746)|VARIABLE_ASSIGNMENT|[56]|field|"common.apex.runtime.impl.ApexFieldToken@7056d0eb"|0x7056d0eb
23:46:31.0 (64664331)|STATEMENT_EXECUTE|[56]
23:46:31.0 (64760392)|HEAP_ALLOCATE|[57]|Bytes:8
23:46:31.0 (64771683)|STATEMENT_EXECUTE|[58]
23:46:31.0 (64784271)|HEAP_ALLOCATE|[58]|Bytes:8
23:46:31.0 (64790310)|HEAP_ALLOCATE|[58]|Bytes:11
23:46:31.0 (64797150)|HEAP_ALLOCATE|[EXTERNAL]|Bytes:4
23:46:31.0 (64807089)|HEAP_ALLOCATE|[56]|Bytes:5
23:46:31.0 (64817576)|VARIABLE_SCOPE_BEGIN|[56]|field|Schema.SObjectField|true|false
23:46:31.0 (64876743)|VARIABLE_ASSIGNMENT|[56]|field|"common.apex.runtime.impl.ApexFieldToken@7d0669bd"|0x7d0669bd
23:46:31.0 (64883345)|STATEMENT_EXECUTE|[56]
23:46:31.0 (64970549)|HEAP_ALLOCATE|[57]|Bytes:8
23:46:31.0 (64981243)|STATEMENT_EXECUTE|[58]
23:46:31.0 (64994115)|HEAP_ALLOCATE|[58]|Bytes:8
23:46:31.0 (65000930)|HEAP_ALLOCATE|[58]|Bytes:16
23:46:31.0 (65008540)|HEAP_ALLOCATE|[EXTERNAL]|Bytes:4
23:46:31.0 (65017928)|HEAP_ALLOCATE|[56]|Bytes:5
23:46:31.0 (65027860)|VARIABLE_SCOPE_BEGIN|[56]|field|Schema.SObjectField|true|false
23:46:31.0 (65089093)|VARIABLE_ASSIGNMENT|[56]|field|"common.apex.runtime.impl.ApexFieldToken@48abcc74"|0x48abcc74
23:46:31.0 (65095856)|STATEMENT_EXECUTE|[56]
23:46:31.0 (65194845)|HEAP_ALLOCATE|[57]|Bytes:8
23:46:31.0 (65205816)|STATEMENT_EXECUTE|[58]
23:46:31.0 (65218219)|HEAP_ALLOCATE|[58]|Bytes:8
23:46:31.0 (65224929)|HEAP_ALLOCATE|[58]|Bytes:16
23:46:31.0 (65231311)|HEAP_ALLOCATE|[EXTERNAL]|Bytes:4
23:46:31.0 (65240623)|HEAP_ALLOCATE|[56]|Bytes:5
23:46:31.0 (65251198)|VARIABLE_SCOPE_BEGIN|[56]|field|Schema.SObjectField|true|false
23:46:31.0 (65309709)|VARIABLE_ASSIGNMENT|[56]|field|"common.apex.runtime.impl.ApexFieldToken@14dc67cf"|0x14dc67cf
23:46:31.0 (65316304)|STATEMENT_EXECUTE|[56]
23:46:31.0 (65385800)|HEAP_ALLOCATE|[57]|Bytes:8
23:46:31.0 (65396257)|STATEMENT_EXECUTE|[58]
23:46:31.0 (65408481)|HEAP_ALLOCATE|[58]|Bytes:8
23:46:31.0 (65415230)|HEAP_ALLOCATE|[58]|Bytes:14
23:46:31.0 (65421776)|HEAP_ALLOCATE|[EXTERNAL]|Bytes:4
23:46:31.0 (65431360)|HEAP_ALLOCATE|[56]|Bytes:5
23:46:31.0 (65441717)|VARIABLE_SCOPE_BEGIN|[56]|field|Schema.SObjectField|true|false
23:46:31.0 (65499624)|VARIABLE_ASSIGNMENT|[56]|field|"common.apex.runtime.impl.ApexFieldToken@524b2c37"|0x524b2c37
23:46:31.0 (65505816)|STATEMENT_EXECUTE|[56]
23:46:31.0 (65575927)|HEAP_ALLOCATE|[57]|Bytes:8
23:46:31.0 (65586350)|STATEMENT_EXECUTE|[58]
23:46:31.0 (65598806)|HEAP_ALLOCATE|[58]|Bytes:8
23:46:31.0 (65605134)|HEAP_ALLOCATE|[58]|Bytes:16
23:46:31.0 (65611628)|HEAP_ALLOCATE|[EXTERNAL]|Bytes:4
23:46:31.0 (65621006)|HEAP_ALLOCATE|[56]|Bytes:5
23:46:31.0 (65630809)|VARIABLE_SCOPE_BEGIN|[56]|field|Schema.SObjectField|true|false
23:46:31.0 (65688211)|VARIABLE_ASSIGNMENT|[56]|field|"common.apex.runtime.impl.ApexFieldToken@1c4efc42"|0x1c4efc42
23:46:31.0 (65694402)|STATEMENT_EXECUTE|[56]
23:46:31.0 (65762957)|HEAP_ALLOCATE|[57]|Bytes:8
23:46:31.0 (65773763)|STATEMENT_EXECUTE|[58]
23:46:31.0 (65786394)|HEAP_ALLOCATE|[58]|Bytes:8
23:46:31.0 (65792743)|HEAP_ALLOCATE|[58]|Bytes:14
23:46:31.0 (65798807)|HEAP_ALLOCATE|[EXTERNAL]|Bytes:4
23:46:31.0 (65808393)|HEAP_ALLOCATE|[56]|Bytes:5
23:46:31.0 (65817948)|VARIABLE_SCOPE_BEGIN|[56]|field|Schema.SObjectField|true|false
23:46:31.0 (65875235)|VARIABLE_ASSIGNMENT|[56]|field|"common.apex.runtime.impl.ApexFieldToken@a904bd3"|0xa904bd3
23:46:31.0 (65882142)|STATEMENT_EXECUTE|[56]
23:46:31.0 (65949332)|HEAP_ALLOCATE|[57]|Bytes:8
23:46:31.0 (65959308)|STATEMENT_EXECUTE|[58]
23:46:31.0 (65971099)|HEAP_ALLOCATE|[58]|Bytes:8
23:46:31.0 (65977900)|HEAP_ALLOCATE|[58]|Bytes:18
23:46:31.0 (65984370)|HEAP_ALLOCATE|[EXTERNAL]|Bytes:4
23:46:31.0 (65993619)|HEAP_ALLOCATE|[56]|Bytes:5
23:46:31.0 (66003069)|VARIABLE_SCOPE_BEGIN|[56]|field|Schema.SObjectField|true|false
23:46:31.0 (66060314)|VARIABLE_ASSIGNMENT|[56]|field|"common.apex.runtime.impl.ApexFieldToken@7d05a751"|0x7d05a751
23:46:31.0 (66067134)|STATEMENT_EXECUTE|[56]
23:46:31.0 (66510983)|HEAP_ALLOCATE|[57]|Bytes:8
23:46:31.0 (66525155)|STATEMENT_EXECUTE|[58]
23:46:31.0 (66540806)|HEAP_ALLOCATE|[58]|Bytes:8
23:46:31.0 (66548530)|HEAP_ALLOCATE|[58]|Bytes:9
23:46:31.0 (66555834)|HEAP_ALLOCATE|[EXTERNAL]|Bytes:4
23:46:31.0 (66566509)|HEAP_ALLOCATE|[56]|Bytes:5
23:46:31.0 (66578833)|VARIABLE_SCOPE_BEGIN|[56]|field|Schema.SObjectField|true|false
23:46:31.0 (66641334)|VARIABLE_ASSIGNMENT|[56]|field|"common.apex.runtime.impl.ApexFieldToken@76a40652"|0x76a40652
23:46:31.0 (66648652)|STATEMENT_EXECUTE|[56]
23:46:31.0 (66731748)|HEAP_ALLOCATE|[57]|Bytes:8
23:46:31.0 (66743255)|STATEMENT_EXECUTE|[58]
23:46:31.0 (66756499)|HEAP_ALLOCATE|[58]|Bytes:8
23:46:31.0 (66763988)|HEAP_ALLOCATE|[58]|Bytes:15
23:46:31.0 (66770867)|HEAP_ALLOCATE|[EXTERNAL]|Bytes:4
23:46:31.0 (66780478)|HEAP_ALLOCATE|[56]|Bytes:5
23:46:31.0 (66791412)|VARIABLE_SCOPE_BEGIN|[56]|field|Schema.SObjectField|true|false
23:46:31.0 (66850488)|VARIABLE_ASSIGNMENT|[56]|field|"common.apex.runtime.impl.ApexFieldToken@1de34828"|0x1de34828
23:46:31.0 (66858382)|STATEMENT_EXECUTE|[56]
23:46:31.0 (66935537)|HEAP_ALLOCATE|[57]|Bytes:8
23:46:31.0 (66946476)|STATEMENT_EXECUTE|[58]
23:46:31.0 (66959451)|HEAP_ALLOCATE|[58]|Bytes:8
23:46:31.0 (66967083)|HEAP_ALLOCATE|[58]|Bytes:19
23:46:31.0 (66974196)|HEAP_ALLOCATE|[EXTERNAL]|Bytes:4
23:46:31.0 (66983677)|HEAP_ALLOCATE|[56]|Bytes:5
23:46:31.0 (66994746)|VARIABLE_SCOPE_BEGIN|[56]|field|Schema.SObjectField|true|false
23:46:31.0 (67053631)|VARIABLE_ASSIGNMENT|[56]|field|"common.apex.runtime.impl.ApexFieldToken@15254694"|0x15254694
23:46:31.0 (67061100)|STATEMENT_EXECUTE|[56]
23:46:31.0 (67138327)|HEAP_ALLOCATE|[57]|Bytes:8
23:46:31.0 (67149749)|STATEMENT_EXECUTE|[58]
23:46:31.0 (67163024)|HEAP_ALLOCATE|[58]|Bytes:8
23:46:31.0 (67169953)|HEAP_ALLOCATE|[58]|Bytes:14
23:46:31.0 (67176512)|HEAP_ALLOCATE|[EXTERNAL]|Bytes:4
23:46:31.0 (67185829)|HEAP_ALLOCATE|[56]|Bytes:5
23:46:31.0 (67196775)|VARIABLE_SCOPE_BEGIN|[56]|field|Schema.SObjectField|true|false
23:46:31.0 (67253608)|VARIABLE_ASSIGNMENT|[56]|field|"common.apex.runtime.impl.ApexFieldToken@45ca444e"|0x45ca444e
23:46:31.0 (67260815)|STATEMENT_EXECUTE|[56]
23:46:31.0 (67331396)|HEAP_ALLOCATE|[57]|Bytes:8
23:46:31.0 (67341764)|STATEMENT_EXECUTE|[58]
23:46:31.0 (67354141)|HEAP_ALLOCATE|[58]|Bytes:8
23:46:31.0 (67360653)|HEAP_ALLOCATE|[58]|Bytes:25
23:46:31.0 (67367212)|HEAP_ALLOCATE|[EXTERNAL]|Bytes:4
23:46:31.0 (67376564)|HEAP_ALLOCATE|[56]|Bytes:5
23:46:31.0 (67387045)|VARIABLE_SCOPE_BEGIN|[56]|field|Schema.SObjectField|true|false
23:46:31.0 (67444600)|VARIABLE_ASSIGNMENT|[56]|field|"common.apex.runtime.impl.ApexFieldToken@130a4c33"|0x130a4c33
23:46:31.0 (67451333)|STATEMENT_EXECUTE|[56]
23:46:31.0 (67520988)|HEAP_ALLOCATE|[57]|Bytes:8
23:46:31.0 (67531803)|STATEMENT_EXECUTE|[58]
23:46:31.0 (67543611)|HEAP_ALLOCATE|[58]|Bytes:8
23:46:31.0 (67550522)|HEAP_ALLOCATE|[58]|Bytes:15
23:46:31.0 (67557065)|HEAP_ALLOCATE|[EXTERNAL]|Bytes:4
23:46:31.0 (67566440)|HEAP_ALLOCATE|[56]|Bytes:5
23:46:31.0 (67576794)|VARIABLE_SCOPE_BEGIN|[56]|field|Schema.SObjectField|true|false
23:46:31.0 (67633904)|VARIABLE_ASSIGNMENT|[56]|field|"common.apex.runtime.impl.ApexFieldToken@142fe472"|0x142fe472
23:46:31.0 (67640395)|STATEMENT_EXECUTE|[56]
23:46:31.0 (67710320)|HEAP_ALLOCATE|[57]|Bytes:8
23:46:31.0 (67720753)|STATEMENT_EXECUTE|[58]
23:46:31.0 (67734474)|HEAP_ALLOCATE|[58]|Bytes:8
23:46:31.0 (67741503)|HEAP_ALLOCATE|[58]|Bytes:23
23:46:31.0 (67747730)|HEAP_ALLOCATE|[EXTERNAL]|Bytes:4
23:46:31.0 (67757032)|HEAP_ALLOCATE|[56]|Bytes:5
23:46:31.0 (67767362)|VARIABLE_SCOPE_BEGIN|[56]|field|Schema.SObjectField|true|false
23:46:31.0 (67824399)|VARIABLE_ASSIGNMENT|[56]|field|"common.apex.runtime.impl.ApexFieldToken@2b810185"|0x2b810185
23:46:31.0 (67830834)|STATEMENT_EXECUTE|[56]
23:46:31.0 (67903991)|HEAP_ALLOCATE|[57]|Bytes:8
23:46:31.0 (67914395)|STATEMENT_EXECUTE|[58]
23:46:31.0 (67926937)|HEAP_ALLOCATE|[58]|Bytes:8
23:46:31.0 (67934028)|HEAP_ALLOCATE|[58]|Bytes:16
23:46:31.0 (67940299)|HEAP_ALLOCATE|[EXTERNAL]|Bytes:4
23:46:31.0 (67949177)|HEAP_ALLOCATE|[56]|Bytes:5
23:46:31.0 (67959382)|VARIABLE_SCOPE_BEGIN|[56]|field|Schema.SObjectField|true|false
23:46:31.0 (68015970)|VARIABLE_ASSIGNMENT|[56]|field|"common.apex.runtime.impl.ApexFieldToken@3c7ed88f"|0x3c7ed88f
23:46:31.0 (68023498)|STATEMENT_EXECUTE|[56]
23:46:31.0 (68092574)|HEAP_ALLOCATE|[57]|Bytes:8
23:46:31.0 (68102863)|STATEMENT_EXECUTE|[58]
23:46:31.0 (68115325)|HEAP_ALLOCATE|[58]|Bytes:8
23:46:31.0 (68122183)|HEAP_ALLOCATE|[58]|Bytes:14
23:46:31.0 (68133408)|HEAP_ALLOCATE|[EXTERNAL]|Bytes:4
23:46:31.0 (68142492)|HEAP_ALLOCATE|[56]|Bytes:5
23:46:31.0 (68152900)|VARIABLE_SCOPE_BEGIN|[56]|field|Schema.SObjectField|true|false
23:46:31.0 (68210070)|VARIABLE_ASSIGNMENT|[56]|field|"common.apex.runtime.impl.ApexFieldToken@7d5460e7"|0x7d5460e7
23:46:31.0 (68216554)|STATEMENT_EXECUTE|[56]
23:46:31.0 (68289521)|HEAP_ALLOCATE|[57]|Bytes:8
23:46:31.0 (68299978)|STATEMENT_EXECUTE|[58]
23:46:31.0 (68312631)|HEAP_ALLOCATE|[58]|Bytes:8
23:46:31.0 (68319676)|HEAP_ALLOCATE|[58]|Bytes:13
23:46:31.0 (68326766)|HEAP_ALLOCATE|[EXTERNAL]|Bytes:4
23:46:31.0 (68336544)|HEAP_ALLOCATE|[56]|Bytes:5
23:46:31.0 (68347012)|VARIABLE_SCOPE_BEGIN|[56]|field|Schema.SObjectField|true|false
23:46:31.0 (68404596)|VARIABLE_ASSIGNMENT|[56]|field|"common.apex.runtime.impl.ApexFieldToken@16b3174b"|0x16b3174b
23:46:31.0 (68411349)|STATEMENT_EXECUTE|[56]
23:46:31.0 (68481190)|HEAP_ALLOCATE|[57]|Bytes:8
23:46:31.0 (68491614)|STATEMENT_EXECUTE|[58]
23:46:31.0 (68504450)|HEAP_ALLOCATE|[58]|Bytes:8
23:46:31.0 (68511083)|HEAP_ALLOCATE|[58]|Bytes:5
23:46:31.0 (68517555)|HEAP_ALLOCATE|[EXTERNAL]|Bytes:4
23:46:31.0 (68527140)|HEAP_ALLOCATE|[56]|Bytes:5
23:46:31.0 (68537575)|VARIABLE_SCOPE_BEGIN|[56]|field|Schema.SObjectField|true|false
23:46:31.0 (68594577)|VARIABLE_ASSIGNMENT|[56]|field|"common.apex.runtime.impl.ApexFieldToken@351da131"|0x351da131
23:46:31.0 (68604020)|STATEMENT_EXECUTE|[56]
23:46:31.0 (68674052)|HEAP_ALLOCATE|[57]|Bytes:8
23:46:31.0 (68684547)|STATEMENT_EXECUTE|[58]
23:46:31.0 (68697259)|HEAP_ALLOCATE|[58]|Bytes:8
23:46:31.0 (68703657)|HEAP_ALLOCATE|[58]|Bytes:11
23:46:31.0 (68710537)|HEAP_ALLOCATE|[EXTERNAL]|Bytes:4
23:46:31.0 (68720007)|HEAP_ALLOCATE|[56]|Bytes:5
23:46:31.0 (68730356)|VARIABLE_SCOPE_BEGIN|[56]|field|Schema.SObjectField|true|false
23:46:31.0 (68787525)|VARIABLE_ASSIGNMENT|[56]|field|"common.apex.runtime.impl.ApexFieldToken@7f6dadbd"|0x7f6dadbd
23:46:31.0 (68794384)|STATEMENT_EXECUTE|[56]
23:46:31.0 (68865273)|HEAP_ALLOCATE|[57]|Bytes:8
23:46:31.0 (68875740)|STATEMENT_EXECUTE|[58]
23:46:31.0 (68888329)|HEAP_ALLOCATE|[58]|Bytes:8
23:46:31.0 (68895630)|HEAP_ALLOCATE|[58]|Bytes:5
23:46:31.0 (68901978)|HEAP_ALLOCATE|[EXTERNAL]|Bytes:4
23:46:31.0 (68910807)|HEAP_ALLOCATE|[56]|Bytes:5
23:46:31.0 (68920895)|VARIABLE_SCOPE_BEGIN|[56]|field|Schema.SObjectField|true|false
23:46:31.0 (68978558)|VARIABLE_ASSIGNMENT|[56]|field|"common.apex.runtime.impl.ApexFieldToken@21e0a9ef"|0x21e0a9ef
23:46:31.0 (68984801)|STATEMENT_EXECUTE|[56]
23:46:31.0 (69108113)|HEAP_ALLOCATE|[57]|Bytes:8
23:46:31.0 (69120731)|STATEMENT_EXECUTE|[58]
23:46:31.0 (69148359)|HEAP_ALLOCATE|[58]|Bytes:8
23:46:31.0 (69156214)|HEAP_ALLOCATE|[58]|Bytes:25
23:46:31.0 (69162478)|HEAP_ALLOCATE|[EXTERNAL]|Bytes:4
23:46:31.0 (69171967)|HEAP_ALLOCATE|[56]|Bytes:5
23:46:31.0 (69182906)|VARIABLE_SCOPE_BEGIN|[56]|field|Schema.SObjectField|true|false
23:46:31.0 (69240976)|VARIABLE_ASSIGNMENT|[56]|field|"common.apex.runtime.impl.ApexFieldToken@2fe7fbd7"|0x2fe7fbd7
23:46:31.0 (69247660)|STATEMENT_EXECUTE|[56]
23:46:31.0 (69351284)|HEAP_ALLOCATE|[57]|Bytes:8
23:46:31.0 (69363189)|STATEMENT_EXECUTE|[58]
23:46:31.0 (69376829)|HEAP_ALLOCATE|[58]|Bytes:8
23:46:31.0 (69383887)|HEAP_ALLOCATE|[58]|Bytes:12
23:46:31.0 (69390502)|HEAP_ALLOCATE|[EXTERNAL]|Bytes:4
23:46:31.0 (69399807)|HEAP_ALLOCATE|[56]|Bytes:5
23:46:31.0 (69410497)|VARIABLE_SCOPE_BEGIN|[56]|field|Schema.SObjectField|true|false
23:46:31.0 (69469103)|VARIABLE_ASSIGNMENT|[56]|field|"common.apex.runtime.impl.ApexFieldToken@77abd333"|0x77abd333
23:46:31.0 (69475360)|STATEMENT_EXECUTE|[56]
23:46:31.0 (69550175)|HEAP_ALLOCATE|[57]|Bytes:8
23:46:31.0 (69561352)|STATEMENT_EXECUTE|[58]
23:46:31.0 (69573993)|HEAP_ALLOCATE|[58]|Bytes:8
23:46:31.0 (69580996)|HEAP_ALLOCATE|[58]|Bytes:21
23:46:31.0 (69587497)|HEAP_ALLOCATE|[EXTERNAL]|Bytes:4
23:46:31.0 (69596589)|HEAP_ALLOCATE|[56]|Bytes:5
23:46:31.0 (69607300)|VARIABLE_SCOPE_BEGIN|[56]|field|Schema.SObjectField|true|false
23:46:31.0 (69663824)|VARIABLE_ASSIGNMENT|[56]|field|"common.apex.runtime.impl.ApexFieldToken@65b9883e"|0x65b9883e
23:46:31.0 (69670105)|STATEMENT_EXECUTE|[56]
23:46:31.0 (69741509)|HEAP_ALLOCATE|[57]|Bytes:8
23:46:31.0 (69751701)|STATEMENT_EXECUTE|[58]
23:46:31.0 (69764146)|HEAP_ALLOCATE|[58]|Bytes:8
23:46:31.0 (69770908)|HEAP_ALLOCATE|[58]|Bytes:19
23:46:31.0 (69777438)|HEAP_ALLOCATE|[EXTERNAL]|Bytes:4
23:46:31.0 (69786775)|HEAP_ALLOCATE|[56]|Bytes:5
23:46:31.0 (69797378)|VARIABLE_SCOPE_BEGIN|[56]|field|Schema.SObjectField|true|false
23:46:31.0 (69854270)|VARIABLE_ASSIGNMENT|[56]|field|"common.apex.runtime.impl.ApexFieldToken@41b2eab7"|0x41b2eab7
23:46:31.0 (69860667)|STATEMENT_EXECUTE|[56]
23:46:31.0 (69931180)|HEAP_ALLOCATE|[57]|Bytes:8
23:46:31.0 (69941874)|STATEMENT_EXECUTE|[58]
23:46:31.0 (69954088)|HEAP_ALLOCATE|[58]|Bytes:8
23:46:31.0 (69960788)|HEAP_ALLOCATE|[58]|Bytes:8
23:46:31.0 (69967181)|HEAP_ALLOCATE|[EXTERNAL]|Bytes:4
23:46:31.0 (69976509)|HEAP_ALLOCATE|[56]|Bytes:5
23:46:31.0 (69986651)|VARIABLE_SCOPE_BEGIN|[56]|field|Schema.SObjectField|true|false
23:46:31.0 (70043783)|VARIABLE_ASSIGNMENT|[56]|field|"common.apex.runtime.impl.ApexFieldToken@511b9815"|0x511b9815
23:46:31.0 (70051389)|STATEMENT_EXECUTE|[56]
23:46:31.0 (70119413)|HEAP_ALLOCATE|[57]|Bytes:8
23:46:31.0 (70133896)|STATEMENT_EXECUTE|[58]
23:46:31.0 (70146527)|HEAP_ALLOCATE|[58]|Bytes:8
23:46:31.0 (70153239)|HEAP_ALLOCATE|[58]|Bytes:8
23:46:31.0 (70159905)|HEAP_ALLOCATE|[EXTERNAL]|Bytes:4
23:46:31.0 (70169001)|HEAP_ALLOCATE|[56]|Bytes:5
23:46:31.0 (70179373)|VARIABLE_SCOPE_BEGIN|[56]|field|Schema.SObjectField|true|false
23:46:31.0 (70236399)|VARIABLE_ASSIGNMENT|[56]|field|"common.apex.runtime.impl.ApexFieldToken@7880fb4e"|0x7880fb4e
23:46:31.0 (70243350)|STATEMENT_EXECUTE|[56]
23:46:31.0 (70310701)|HEAP_ALLOCATE|[57]|Bytes:8
23:46:31.0 (70320964)|STATEMENT_EXECUTE|[58]
23:46:31.0 (70332981)|HEAP_ALLOCATE|[58]|Bytes:8
23:46:31.0 (70339959)|HEAP_ALLOCATE|[58]|Bytes:10
23:46:31.0 (70346455)|HEAP_ALLOCATE|[EXTERNAL]|Bytes:4
23:46:31.0 (70355213)|HEAP_ALLOCATE|[56]|Bytes:5
23:46:31.0 (70365331)|VARIABLE_SCOPE_BEGIN|[56]|field|Schema.SObjectField|true|false
23:46:31.0 (70421791)|VARIABLE_ASSIGNMENT|[56]|field|"common.apex.runtime.impl.ApexFieldToken@51517418"|0x51517418
23:46:31.0 (70427852)|STATEMENT_EXECUTE|[56]
23:46:31.0 (70495536)|HEAP_ALLOCATE|[57]|Bytes:8
23:46:31.0 (70505906)|STATEMENT_EXECUTE|[58]
23:46:31.0 (70518289)|HEAP_ALLOCATE|[58]|Bytes:8
23:46:31.0 (70524741)|HEAP_ALLOCATE|[58]|Bytes:8
23:46:31.0 (70531051)|HEAP_ALLOCATE|[EXTERNAL]|Bytes:4
23:46:31.0 (70539876)|HEAP_ALLOCATE|[56]|Bytes:5
23:46:31.0 (70549631)|VARIABLE_SCOPE_BEGIN|[56]|field|Schema.SObjectField|true|false
23:46:31.0 (70606477)|VARIABLE_ASSIGNMENT|[56]|field|"common.apex.runtime.impl.ApexFieldToken@760cbd7"|0x760cbd7
23:46:31.0 (70613594)|STATEMENT_EXECUTE|[56]
23:46:31.0 (70680372)|HEAP_ALLOCATE|[57]|Bytes:8
23:46:31.0 (70690678)|STATEMENT_EXECUTE|[58]
23:46:31.0 (70703096)|HEAP_ALLOCATE|[58]|Bytes:8
23:46:31.0 (70709677)|HEAP_ALLOCATE|[58]|Bytes:7
23:46:31.0 (70715927)|HEAP_ALLOCATE|[EXTERNAL]|Bytes:4
23:46:31.0 (70725313)|HEAP_ALLOCATE|[56]|Bytes:5
23:46:31.0 (70735397)|VARIABLE_SCOPE_BEGIN|[56]|field|Schema.SObjectField|true|false
23:46:31.0 (70792240)|VARIABLE_ASSIGNMENT|[56]|field|"common.apex.runtime.impl.ApexFieldToken@ab6301e"|0xab6301e
23:46:31.0 (70799139)|STATEMENT_EXECUTE|[56]
23:46:31.0 (70865040)|HEAP_ALLOCATE|[57]|Bytes:8
23:46:31.0 (70875370)|STATEMENT_EXECUTE|[58]
23:46:31.0 (70887800)|HEAP_ALLOCATE|[58]|Bytes:8
23:46:31.0 (70894417)|HEAP_ALLOCATE|[58]|Bytes:8
23:46:31.0 (70900729)|HEAP_ALLOCATE|[EXTERNAL]|Bytes:4
23:46:31.0 (70909733)|HEAP_ALLOCATE|[56]|Bytes:5
23:46:31.0 (70919791)|VARIABLE_SCOPE_BEGIN|[56]|field|Schema.SObjectField|true|false
23:46:31.0 (70975422)|VARIABLE_ASSIGNMENT|[56]|field|"common.apex.runtime.impl.ApexFieldToken@7593f08d"|0x7593f08d
23:46:31.0 (70981540)|STATEMENT_EXECUTE|[56]
23:46:31.0 (71049660)|HEAP_ALLOCATE|[57]|Bytes:8
23:46:31.0 (71060665)|STATEMENT_EXECUTE|[58]
23:46:31.0 (71073302)|HEAP_ALLOCATE|[58]|Bytes:8
23:46:31.0 (71079828)|HEAP_ALLOCATE|[58]|Bytes:7
23:46:31.0 (71086222)|HEAP_ALLOCATE|[EXTERNAL]|Bytes:4
23:46:31.0 (71095360)|HEAP_ALLOCATE|[56]|Bytes:5
23:46:31.0 (71104901)|VARIABLE_ASSIGNMENT|[56]|field|null|
23:46:31.0 (71109779)|STATEMENT_EXECUTE|[60]
23:46:31.0 (71113929)|VARIABLE_SCOPE_BEGIN|[60]|allfields|String|false|false
23:46:31.0 (71123466)|VARIABLE_ASSIGNMENT|[60]|allfields|""
23:46:31.0 (71162202)|HEAP_ALLOCATE|[61]|Bytes:5
23:46:31.0 (71169757)|HEAP_ALLOCATE|[61]|Bytes:2
23:46:31.0 (71175181)|VARIABLE_SCOPE_BEGIN|[61]|fieldname|String|false|false
23:46:31.0 (71183388)|VARIABLE_ASSIGNMENT|[61]|fieldname|"Id"
23:46:31.0 (71187338)|STATEMENT_EXECUTE|[62]
23:46:31.0 (71189334)|HEAP_ALLOCATE|[62]|Bytes:1
23:46:31.0 (71201782)|HEAP_ALLOCATE|[62]|Bytes:3
23:46:31.0 (71205959)|HEAP_ALLOCATE|[62]|Bytes:3
23:46:31.0 (71210662)|VARIABLE_ASSIGNMENT|[62]|allfields|"Id,"
23:46:31.0 (71218031)|HEAP_ALLOCATE|[61]|Bytes:5
23:46:31.0 (71223301)|HEAP_ALLOCATE|[61]|Bytes:7
23:46:31.0 (71227092)|VARIABLE_SCOPE_BEGIN|[61]|fieldname|String|false|false
23:46:31.0 (71233305)|VARIABLE_ASSIGNMENT|[61]|fieldname|"OwnerId"
23:46:31.0 (71236678)|STATEMENT_EXECUTE|[62]
23:46:31.0 (71239290)|HEAP_ALLOCATE|[62]|Bytes:8
23:46:31.0 (71243016)|HEAP_ALLOCATE|[62]|Bytes:11
23:46:31.0 (71246684)|VARIABLE_ASSIGNMENT|[62]|allfields|"Id,OwnerId,"
23:46:31.0 (71252916)|HEAP_ALLOCATE|[61]|Bytes:5
23:46:31.0 (71257719)|HEAP_ALLOCATE|[61]|Bytes:9
23:46:31.0 (71260910)|VARIABLE_SCOPE_BEGIN|[61]|fieldname|String|false|false
23:46:31.0 (71267308)|VARIABLE_ASSIGNMENT|[61]|fieldname|"IsDeleted"
23:46:31.0 (71270490)|STATEMENT_EXECUTE|[62]
23:46:31.0 (71272776)|HEAP_ALLOCATE|[62]|Bytes:10
23:46:31.0 (71276055)|HEAP_ALLOCATE|[62]|Bytes:21
23:46:31.0 (71281966)|VARIABLE_ASSIGNMENT|[62]|allfields|"Id,OwnerId,IsDeleted (1 more) ..."
23:46:31.0 (71288506)|HEAP_ALLOCATE|[61]|Bytes:5
23:46:31.0 (71293187)|HEAP_ALLOCATE|[61]|Bytes:4
23:46:31.0 (71296857)|VARIABLE_SCOPE_BEGIN|[61]|fieldname|String|false|false
23:46:31.0 (71302682)|VARIABLE_ASSIGNMENT|[61]|fieldname|"Name"
23:46:31.0 (71305984)|STATEMENT_EXECUTE|[62]
23:46:31.0 (71308131)|HEAP_ALLOCATE|[62]|Bytes:5
23:46:31.0 (71311310)|HEAP_ALLOCATE|[62]|Bytes:26
23:46:31.0 (71315447)|VARIABLE_ASSIGNMENT|[62]|allfields|"Id,OwnerId,IsDeleted (6 more) ..."
23:46:31.0 (71321205)|HEAP_ALLOCATE|[61]|Bytes:5
23:46:31.0 (71325753)|HEAP_ALLOCATE|[61]|Bytes:11
23:46:31.0 (71328953)|VARIABLE_SCOPE_BEGIN|[61]|fieldname|String|false|false
23:46:31.0 (71335121)|VARIABLE_ASSIGNMENT|[61]|fieldname|"CreatedDate"
23:46:31.0 (71337872)|STATEMENT_EXECUTE|[62]
23:46:31.0 (71339943)|HEAP_ALLOCATE|[62]|Bytes:12
23:46:31.0 (71343292)|HEAP_ALLOCATE|[62]|Bytes:38
23:46:31.0 (71347406)|VARIABLE_ASSIGNMENT|[62]|allfields|"Id,OwnerId,IsDeleted (18 more) ..."
23:46:31.0 (71353970)|HEAP_ALLOCATE|[61]|Bytes:5
23:46:31.0 (71358579)|HEAP_ALLOCATE|[61]|Bytes:11
23:46:31.0 (71361943)|VARIABLE_SCOPE_BEGIN|[61]|fieldname|String|false|false
23:46:31.0 (71368379)|VARIABLE_ASSIGNMENT|[61]|fieldname|"CreatedById"
23:46:31.0 (71371402)|STATEMENT_EXECUTE|[62]
23:46:31.0 (71373431)|HEAP_ALLOCATE|[62]|Bytes:12
23:46:31.0 (71376519)|HEAP_ALLOCATE|[62]|Bytes:50
23:46:31.0 (71383812)|VARIABLE_ASSIGNMENT|[62]|allfields|"Id,OwnerId,IsDeleted (30 more) ..."
23:46:31.0 (71390126)|HEAP_ALLOCATE|[61]|Bytes:5
23:46:31.0 (71394862)|HEAP_ALLOCATE|[61]|Bytes:16
23:46:31.0 (71398503)|VARIABLE_SCOPE_BEGIN|[61]|fieldname|String|false|false
23:46:31.0 (71404403)|VARIABLE_ASSIGNMENT|[61]|fieldname|"LastModifiedDate"
23:46:31.0 (71407557)|STATEMENT_EXECUTE|[62]
23:46:31.0 (71409826)|HEAP_ALLOCATE|[62]|Bytes:17
23:46:31.0 (71413351)|HEAP_ALLOCATE|[62]|Bytes:67
23:46:31.0 (71417718)|VARIABLE_ASSIGNMENT|[62]|allfields|"Id,OwnerId,IsDeleted (47 more) ..."
23:46:31.0 (71423362)|HEAP_ALLOCATE|[61]|Bytes:5
23:46:31.0 (71427998)|HEAP_ALLOCATE|[61]|Bytes:16
23:46:31.0 (71431465)|VARIABLE_SCOPE_BEGIN|[61]|fieldname|String|false|false
23:46:31.0 (71437855)|VARIABLE_ASSIGNMENT|[61]|fieldname|"LastModifiedById"
23:46:31.0 (71440715)|STATEMENT_EXECUTE|[62]
23:46:31.0 (71442749)|HEAP_ALLOCATE|[62]|Bytes:17
23:46:31.0 (71446052)|HEAP_ALLOCATE|[62]|Bytes:84
23:46:31.0 (71450077)|VARIABLE_ASSIGNMENT|[62]|allfields|"Id,OwnerId,IsDeleted (64 more) ..."
23:46:31.0 (71455822)|HEAP_ALLOCATE|[61]|Bytes:5
23:46:31.0 (71460496)|HEAP_ALLOCATE|[61]|Bytes:14
23:46:31.0 (71463608)|VARIABLE_SCOPE_BEGIN|[61]|fieldname|String|false|false
23:46:31.0 (71469832)|VARIABLE_ASSIGNMENT|[61]|fieldname|"SystemModstamp"
23:46:31.0 (71473063)|STATEMENT_EXECUTE|[62]
23:46:31.0 (71475103)|HEAP_ALLOCATE|[62]|Bytes:15
23:46:31.0 (71478224)|HEAP_ALLOCATE|[62]|Bytes:99
23:46:31.0 (71482004)|VARIABLE_ASSIGNMENT|[62]|allfields|"Id,OwnerId,IsDeleted (79 more) ..."
23:46:31.0 (71487652)|HEAP_ALLOCATE|[61]|Bytes:5
23:46:31.0 (71492553)|HEAP_ALLOCATE|[61]|Bytes:16
23:46:31.0 (71495645)|VARIABLE_SCOPE_BEGIN|[61]|fieldname|String|false|false
23:46:31.0 (71501901)|VARIABLE_ASSIGNMENT|[61]|fieldname|"LastActivityDate"
23:46:31.0 (71504884)|STATEMENT_EXECUTE|[62]
23:46:31.0 (71507068)|HEAP_ALLOCATE|[62]|Bytes:17
23:46:31.0 (71510058)|HEAP_ALLOCATE|[62]|Bytes:116
23:46:31.0 (71514150)|VARIABLE_ASSIGNMENT|[62]|allfields|"Id,OwnerId,IsDeleted (96 more) ..."
23:46:31.0 (71519901)|HEAP_ALLOCATE|[61]|Bytes:5
23:46:31.0 (71524885)|HEAP_ALLOCATE|[61]|Bytes:14
23:46:31.0 (71527982)|VARIABLE_SCOPE_BEGIN|[61]|fieldname|String|false|false
23:46:31.0 (71533790)|VARIABLE_ASSIGNMENT|[61]|fieldname|"LastViewedDate"
23:46:31.0 (71536830)|STATEMENT_EXECUTE|[62]
23:46:31.0 (71539220)|HEAP_ALLOCATE|[62]|Bytes:15
23:46:31.0 (71542178)|HEAP_ALLOCATE|[62]|Bytes:131
23:46:31.0 (71546475)|VARIABLE_ASSIGNMENT|[62]|allfields|"Id,OwnerId,IsDeleted (111 more) ..."
23:46:31.0 (71552099)|HEAP_ALLOCATE|[61]|Bytes:5
23:46:31.0 (71556980)|HEAP_ALLOCATE|[61]|Bytes:18
23:46:31.0 (71560340)|VARIABLE_SCOPE_BEGIN|[61]|fieldname|String|false|false
23:46:31.0 (71566403)|VARIABLE_ASSIGNMENT|[61]|fieldname|"LastReferencedDate"
23:46:31.0 (71569341)|STATEMENT_EXECUTE|[62]
23:46:31.0 (71571371)|HEAP_ALLOCATE|[62]|Bytes:19
23:46:31.0 (71574457)|HEAP_ALLOCATE|[62]|Bytes:150
23:46:31.0 (71578363)|VARIABLE_ASSIGNMENT|[62]|allfields|"Id,OwnerId,IsDeleted (130 more) ..."
23:46:31.0 (71583926)|HEAP_ALLOCATE|[61]|Bytes:5
23:46:31.0 (71588570)|HEAP_ALLOCATE|[61]|Bytes:9
23:46:31.0 (71591859)|VARIABLE_SCOPE_BEGIN|[61]|fieldname|String|false|false
23:46:31.0 (71598002)|VARIABLE_ASSIGNMENT|[61]|fieldname|"Client__c"
23:46:31.0 (71601407)|STATEMENT_EXECUTE|[62]
23:46:31.0 (71603461)|HEAP_ALLOCATE|[62]|Bytes:10
23:46:31.0 (71606532)|HEAP_ALLOCATE|[62]|Bytes:160
23:46:31.0 (71610304)|VARIABLE_ASSIGNMENT|[62]|allfields|"Id,OwnerId,IsDeleted (140 more) ..."
23:46:31.0 (71615758)|HEAP_ALLOCATE|[61]|Bytes:5
23:46:31.0 (71620327)|HEAP_ALLOCATE|[61]|Bytes:15
23:46:31.0 (71623454)|VARIABLE_SCOPE_BEGIN|[61]|fieldname|String|false|false
23:46:31.0 (71630094)|VARIABLE_ASSIGNMENT|[61]|fieldname|"End_Customer__c"
23:46:31.0 (71633685)|STATEMENT_EXECUTE|[62]
23:46:31.0 (71635873)|HEAP_ALLOCATE|[62]|Bytes:16
23:46:31.0 (71638818)|HEAP_ALLOCATE|[62]|Bytes:176
23:46:31.0 (71643042)|VARIABLE_ASSIGNMENT|[62]|allfields|"Id,OwnerId,IsDeleted (156 more) ..."
23:46:31.0 (71648875)|HEAP_ALLOCATE|[61]|Bytes:5
23:46:31.0 (71653525)|HEAP_ALLOCATE|[61]|Bytes:19
23:46:31.0 (71656436)|VARIABLE_SCOPE_BEGIN|[61]|fieldname|String|false|false
23:46:31.0 (71662409)|VARIABLE_ASSIGNMENT|[61]|fieldname|"Operation_Region__c"
23:46:31.0 (71665624)|STATEMENT_EXECUTE|[62]
23:46:31.0 (71667736)|HEAP_ALLOCATE|[62]|Bytes:20
23:46:31.0 (71671100)|HEAP_ALLOCATE|[62]|Bytes:196
23:46:31.0 (71675309)|VARIABLE_ASSIGNMENT|[62]|allfields|"Id,OwnerId,IsDeleted (176 more) ..."
23:46:31.0 (71680920)|HEAP_ALLOCATE|[61]|Bytes:5
23:46:31.0 (71685544)|HEAP_ALLOCATE|[61]|Bytes:14
23:46:31.0 (71688692)|VARIABLE_SCOPE_BEGIN|[61]|fieldname|String|false|false
23:46:31.0 (71694889)|VARIABLE_ASSIGNMENT|[61]|fieldname|"Work_Region__c"
23:46:31.0 (71698209)|STATEMENT_EXECUTE|[62]
23:46:31.0 (71700255)|HEAP_ALLOCATE|[62]|Bytes:15
23:46:31.0 (71703252)|HEAP_ALLOCATE|[62]|Bytes:211
23:46:31.0 (71707342)|VARIABLE_ASSIGNMENT|[62]|allfields|"Id,OwnerId,IsDeleted (191 more) ..."
23:46:31.0 (71712882)|HEAP_ALLOCATE|[61]|Bytes:5
23:46:31.0 (71717876)|HEAP_ALLOCATE|[61]|Bytes:25
23:46:31.0 (71720915)|VARIABLE_SCOPE_BEGIN|[61]|fieldname|String|false|false
23:46:31.0 (71727724)|VARIABLE_ASSIGNMENT|[61]|fieldname|"Client_Project_Manag (5 more) ..."
23:46:31.0 (71730738)|STATEMENT_EXECUTE|[62]
23:46:31.0 (71732795)|HEAP_ALLOCATE|[62]|Bytes:26
23:46:31.0 (71735973)|HEAP_ALLOCATE|[62]|Bytes:237
23:46:31.0 (71740097)|VARIABLE_ASSIGNMENT|[62]|allfields|"Id,OwnerId,IsDeleted (217 more) ..."
23:46:31.0 (71745918)|HEAP_ALLOCATE|[61]|Bytes:5
23:46:31.0 (71750577)|HEAP_ALLOCATE|[61]|Bytes:15
23:46:31.0 (71753845)|VARIABLE_SCOPE_BEGIN|[61]|fieldname|String|false|false
23:46:31.0 (71759979)|VARIABLE_ASSIGNMENT|[61]|fieldname|"Project_code__c"
23:46:31.0 (71763294)|STATEMENT_EXECUTE|[62]
23:46:31.0 (71765503)|HEAP_ALLOCATE|[62]|Bytes:16
23:46:31.0 (71768773)|HEAP_ALLOCATE|[62]|Bytes:253
23:46:31.0 (71772590)|VARIABLE_ASSIGNMENT|[62]|allfields|"Id,OwnerId,IsDeleted (233 more) ..."
23:46:31.0 (71778051)|HEAP_ALLOCATE|[61]|Bytes:5
23:46:31.0 (71783395)|HEAP_ALLOCATE|[61]|Bytes:23
23:46:31.0 (71786800)|VARIABLE_SCOPE_BEGIN|[61]|fieldname|String|false|false
23:46:31.0 (71793198)|VARIABLE_ASSIGNMENT|[61]|fieldname|"Company_project_code (3 more) ..."
23:46:31.0 (71796575)|STATEMENT_EXECUTE|[62]
23:46:31.0 (71798673)|HEAP_ALLOCATE|[62]|Bytes:24
23:46:31.0 (71801981)|HEAP_ALLOCATE|[62]|Bytes:277
23:46:31.0 (71806147)|VARIABLE_ASSIGNMENT|[62]|allfields|"Id,OwnerId,IsDeleted (257 more) ..."
23:46:31.0 (71811655)|HEAP_ALLOCATE|[61]|Bytes:5
23:46:31.0 (71816247)|HEAP_ALLOCATE|[61]|Bytes:16
23:46:31.0 (71819155)|VARIABLE_SCOPE_BEGIN|[61]|fieldname|String|false|false
23:46:31.0 (71825146)|VARIABLE_ASSIGNMENT|[61]|fieldname|"Project_Scope__c"
23:46:31.0 (71828954)|STATEMENT_EXECUTE|[62]
23:46:31.0 (71831119)|HEAP_ALLOCATE|[62]|Bytes:17
23:46:31.0 (71834634)|HEAP_ALLOCATE|[62]|Bytes:294
23:46:31.0 (71838500)|VARIABLE_ASSIGNMENT|[62]|allfields|"Id,OwnerId,IsDeleted (274 more) ..."
23:46:31.0 (71844057)|HEAP_ALLOCATE|[61]|Bytes:5
23:46:31.0 (71848627)|HEAP_ALLOCATE|[61]|Bytes:14
23:46:31.0 (71852333)|VARIABLE_SCOPE_BEGIN|[61]|fieldname|String|false|false
23:46:31.0 (71858129)|VARIABLE_ASSIGNMENT|[61]|fieldname|"Cost_Centre__c"
23:46:31.0 (71860927)|STATEMENT_EXECUTE|[62]
23:46:31.0 (71862914)|HEAP_ALLOCATE|[62]|Bytes:15
23:46:31.0 (71866139)|HEAP_ALLOCATE|[62]|Bytes:309
23:46:31.0 (71869971)|VARIABLE_ASSIGNMENT|[62]|allfields|"Id,OwnerId,IsDeleted (289 more) ..."
23:46:31.0 (71875521)|HEAP_ALLOCATE|[61]|Bytes:5
23:46:31.0 (71880129)|HEAP_ALLOCATE|[61]|Bytes:13
23:46:31.0 (71883573)|VARIABLE_SCOPE_BEGIN|[61]|fieldname|String|false|false
23:46:31.0 (71889763)|VARIABLE_ASSIGNMENT|[61]|fieldname|"Production__c"
23:46:31.0 (71892890)|STATEMENT_EXECUTE|[62]
23:46:31.0 (71895051)|HEAP_ALLOCATE|[62]|Bytes:14
23:46:31.0 (71898627)|HEAP_ALLOCATE|[62]|Bytes:323
23:46:31.0 (71902807)|VARIABLE_ASSIGNMENT|[62]|allfields|"Id,OwnerId,IsDeleted (303 more) ..."
23:46:31.0 (71909088)|HEAP_ALLOCATE|[61]|Bytes:5
23:46:31.0 (71913888)|HEAP_ALLOCATE|[61]|Bytes:5
23:46:31.0 (71916875)|VARIABLE_SCOPE_BEGIN|[61]|fieldname|String|false|false
23:46:31.0 (71923149)|VARIABLE_ASSIGNMENT|[61]|fieldname|"QC__c"
23:46:31.0 (71926186)|STATEMENT_EXECUTE|[62]
23:46:31.0 (71928322)|HEAP_ALLOCATE|[62]|Bytes:6
23:46:31.0 (71931338)|HEAP_ALLOCATE|[62]|Bytes:329
23:46:31.0 (71935573)|VARIABLE_ASSIGNMENT|[62]|allfields|"Id,OwnerId,IsDeleted (309 more) ..."
23:46:31.0 (71941228)|HEAP_ALLOCATE|[61]|Bytes:5
23:46:31.0 (71945935)|HEAP_ALLOCATE|[61]|Bytes:11
23:46:31.0 (71949305)|VARIABLE_SCOPE_BEGIN|[61]|fieldname|String|false|false
23:46:31.0 (71955578)|VARIABLE_ASSIGNMENT|[61]|fieldname|"Delivery__c"
23:46:31.0 (71958766)|STATEMENT_EXECUTE|[62]
23:46:31.0 (71960807)|HEAP_ALLOCATE|[62]|Bytes:12
23:46:31.0 (71964344)|HEAP_ALLOCATE|[62]|Bytes:341
23:46:31.0 (71968411)|VARIABLE_ASSIGNMENT|[62]|allfields|"Id,OwnerId,IsDeleted (321 more) ..."
23:46:31.0 (71973877)|HEAP_ALLOCATE|[61]|Bytes:5
23:46:31.0 (71978385)|HEAP_ALLOCATE|[61]|Bytes:5
23:46:31.0 (71981301)|VARIABLE_SCOPE_BEGIN|[61]|fieldname|String|false|false
23:46:31.0 (71987797)|VARIABLE_ASSIGNMENT|[61]|fieldname|"QA__c"
23:46:31.0 (71990833)|STATEMENT_EXECUTE|[62]
23:46:31.0 (71992914)|HEAP_ALLOCATE|[62]|Bytes:6
23:46:31.0 (71996172)|HEAP_ALLOCATE|[62]|Bytes:347
23:46:31.0 (72000397)|VARIABLE_ASSIGNMENT|[62]|allfields|"Id,OwnerId,IsDeleted (327 more) ..."
23:46:31.0 (72006778)|HEAP_ALLOCATE|[61]|Bytes:5
23:46:31.0 (72011458)|HEAP_ALLOCATE|[61]|Bytes:25
23:46:31.0 (72014489)|VARIABLE_SCOPE_BEGIN|[61]|fieldname|String|false|false
23:46:31.0 (72021227)|VARIABLE_ASSIGNMENT|[61]|fieldname|"OffshoreProjectManag (5 more) ..."
23:46:31.0 (72024304)|STATEMENT_EXECUTE|[62]
23:46:31.0 (72026336)|HEAP_ALLOCATE|[62]|Bytes:26
23:46:31.0 (72029773)|HEAP_ALLOCATE|[62]|Bytes:373
23:46:31.0 (72033958)|VARIABLE_ASSIGNMENT|[62]|allfields|"Id,OwnerId,IsDeleted (353 more) ..."
23:46:31.0 (72039417)|HEAP_ALLOCATE|[61]|Bytes:5
23:46:31.0 (72044210)|HEAP_ALLOCATE|[61]|Bytes:12
23:46:31.0 (72047867)|VARIABLE_SCOPE_BEGIN|[61]|fieldname|String|false|false
23:46:31.0 (72054642)|VARIABLE_ASSIGNMENT|[61]|fieldname|"Team_Lead__c"
23:46:31.0 (72057724)|STATEMENT_EXECUTE|[62]
23:46:31.0 (72059868)|HEAP_ALLOCATE|[62]|Bytes:13
23:46:31.0 (72063102)|HEAP_ALLOCATE|[62]|Bytes:386
23:46:31.0 (72066955)|VARIABLE_ASSIGNMENT|[62]|allfields|"Id,OwnerId,IsDeleted (366 more) ..."
23:46:31.0 (72072668)|HEAP_ALLOCATE|[61]|Bytes:5
23:46:31.0 (72077274)|HEAP_ALLOCATE|[61]|Bytes:21
23:46:31.0 (72080588)|VARIABLE_SCOPE_BEGIN|[61]|fieldname|String|false|false
23:46:31.0 (72087823)|VARIABLE_ASSIGNMENT|[61]|fieldname|"Project_Start_Date__ (1 more) ..."
23:46:31.0 (72090898)|STATEMENT_EXECUTE|[62]
23:46:31.0 (72092905)|HEAP_ALLOCATE|[62]|Bytes:22
23:46:31.0 (72096024)|HEAP_ALLOCATE|[62]|Bytes:408
23:46:31.0 (72100127)|VARIABLE_ASSIGNMENT|[62]|allfields|"Id,OwnerId,IsDeleted (388 more) ..."
23:46:31.0 (72105628)|HEAP_ALLOCATE|[61]|Bytes:5
23:46:31.0 (72110881)|HEAP_ALLOCATE|[61]|Bytes:19
23:46:31.0 (72114083)|VARIABLE_SCOPE_BEGIN|[61]|fieldname|String|false|false
23:46:31.0 (72120633)|VARIABLE_ASSIGNMENT|[61]|fieldname|"Project_End_Date__c"
23:46:31.0 (72127711)|STATEMENT_EXECUTE|[62]
23:46:31.0 (72129939)|HEAP_ALLOCATE|[62]|Bytes:20
23:46:31.0 (72133835)|HEAP_ALLOCATE|[62]|Bytes:428
23:46:31.0 (72137892)|VARIABLE_ASSIGNMENT|[62]|allfields|"Id,OwnerId,IsDeleted (408 more) ..."
23:46:31.0 (72144645)|HEAP_ALLOCATE|[61]|Bytes:5
23:46:31.0 (72149662)|HEAP_ALLOCATE|[61]|Bytes:8
23:46:31.0 (72152968)|VARIABLE_SCOPE_BEGIN|[61]|fieldname|String|false|false
23:46:31.0 (72159039)|VARIABLE_ASSIGNMENT|[61]|fieldname|"Units__c"
23:46:31.0 (72162201)|STATEMENT_EXECUTE|[62]
23:46:31.0 (72164307)|HEAP_ALLOCATE|[62]|Bytes:9
23:46:31.0 (72167740)|HEAP_ALLOCATE|[62]|Bytes:437
23:46:31.0 (72171965)|VARIABLE_ASSIGNMENT|[62]|allfields|"Id,OwnerId,IsDeleted (417 more) ..."
23:46:31.0 (72178205)|HEAP_ALLOCATE|[61]|Bytes:5
23:46:31.0 (72182878)|HEAP_ALLOCATE|[61]|Bytes:8
23:46:31.0 (72186583)|VARIABLE_SCOPE_BEGIN|[61]|fieldname|String|false|false
23:46:31.0 (72192681)|VARIABLE_ASSIGNMENT|[61]|fieldname|"Nodes__c"
23:46:31.0 (72195504)|STATEMENT_EXECUTE|[62]
23:46:31.0 (72197699)|HEAP_ALLOCATE|[62]|Bytes:9
23:46:31.0 (72201251)|HEAP_ALLOCATE|[62]|Bytes:446
23:46:31.0 (72205013)|VARIABLE_ASSIGNMENT|[62]|allfields|"Id,OwnerId,IsDeleted (426 more) ..."
23:46:31.0 (72210760)|HEAP_ALLOCATE|[61]|Bytes:5
23:46:31.0 (72215525)|HEAP_ALLOCATE|[61]|Bytes:10
23:46:31.0 (72218703)|VARIABLE_SCOPE_BEGIN|[61]|fieldname|String|false|false
23:46:31.0 (72225159)|VARIABLE_ASSIGNMENT|[61]|fieldname|"Footage__c"
23:46:31.0 (72228340)|STATEMENT_EXECUTE|[62]
23:46:31.0 (72230485)|HEAP_ALLOCATE|[62]|Bytes:11
23:46:31.0 (72233985)|HEAP_ALLOCATE|[62]|Bytes:457
23:46:31.0 (72237920)|VARIABLE_ASSIGNMENT|[62]|allfields|"Id,OwnerId,IsDeleted (437 more) ..."
23:46:31.0 (72244107)|HEAP_ALLOCATE|[61]|Bytes:5
23:46:31.0 (72248853)|HEAP_ALLOCATE|[61]|Bytes:8
23:46:31.0 (72251981)|VARIABLE_SCOPE_BEGIN|[61]|fieldname|String|false|false
23:46:31.0 (72259893)|VARIABLE_ASSIGNMENT|[61]|fieldname|"Miles__c"
23:46:31.0 (72262970)|STATEMENT_EXECUTE|[62]
23:46:31.0 (72265270)|HEAP_ALLOCATE|[62]|Bytes:9
23:46:31.0 (72268875)|HEAP_ALLOCATE|[62]|Bytes:466
23:46:31.0 (72273062)|VARIABLE_ASSIGNMENT|[62]|allfields|"Id,OwnerId,IsDeleted (446 more) ..."
23:46:31.0 (72279350)|HEAP_ALLOCATE|[61]|Bytes:5
23:46:31.0 (72283852)|HEAP_ALLOCATE|[61]|Bytes:7
23:46:31.0 (72287122)|VARIABLE_SCOPE_BEGIN|[61]|fieldname|String|false|false
23:46:31.0 (72292877)|VARIABLE_ASSIGNMENT|[61]|fieldname|"Jobs__c"
23:46:31.0 (72295891)|STATEMENT_EXECUTE|[62]
23:46:31.0 (72298038)|HEAP_ALLOCATE|[62]|Bytes:8
23:46:31.0 (72301319)|HEAP_ALLOCATE|[62]|Bytes:474
23:46:31.0 (72305170)|VARIABLE_ASSIGNMENT|[62]|allfields|"Id,OwnerId,IsDeleted (454 more) ..."
23:46:31.0 (72310932)|HEAP_ALLOCATE|[61]|Bytes:5
23:46:31.0 (72316175)|HEAP_ALLOCATE|[61]|Bytes:8
23:46:31.0 (72319343)|VARIABLE_SCOPE_BEGIN|[61]|fieldname|String|false|false
23:46:31.0 (72325447)|VARIABLE_ASSIGNMENT|[61]|fieldname|"Hours__c"
23:46:31.0 (72328969)|STATEMENT_EXECUTE|[62]
23:46:31.0 (72330999)|HEAP_ALLOCATE|[62]|Bytes:9
23:46:31.0 (72334275)|HEAP_ALLOCATE|[62]|Bytes:483
23:46:31.0 (72338610)|VARIABLE_ASSIGNMENT|[62]|allfields|"Id,OwnerId,IsDeleted (463 more) ..."
23:46:31.0 (72344433)|HEAP_ALLOCATE|[61]|Bytes:5
23:46:31.0 (72349221)|HEAP_ALLOCATE|[61]|Bytes:7
23:46:31.0 (72352191)|VARIABLE_SCOPE_BEGIN|[61]|fieldname|String|false|false
23:46:31.0 (72357851)|VARIABLE_ASSIGNMENT|[61]|fieldname|"Team__c"
23:46:31.0 (72360756)|STATEMENT_EXECUTE|[62]
23:46:31.0 (72362858)|HEAP_ALLOCATE|[62]|Bytes:8
23:46:31.0 (72366014)|HEAP_ALLOCATE|[62]|Bytes:491
23:46:31.0 (72370159)|VARIABLE_ASSIGNMENT|[62]|allfields|"Id,OwnerId,IsDeleted (471 more) ..."
23:46:31.0 (72376414)|HEAP_ALLOCATE|[61]|Bytes:5
23:46:31.0 (72382225)|VARIABLE_ASSIGNMENT|[61]|fieldname|null
23:46:31.0 (72386036)|STATEMENT_EXECUTE|[64]
23:46:31.0 (72442757)|HEAP_ALLOCATE|[64]|Bytes:490
23:46:31.0 (72453231)|VARIABLE_ASSIGNMENT|[64]|allfields|"Id,OwnerId,IsDeleted (470 more) ..."
23:46:31.0 (72456722)|STATEMENT_EXECUTE|[66]
23:46:31.0 (72466381)|METHOD_EXIT|[16]|01p7F00000Ehro9|PM_Project_Edit_Controller.getAllFields(String)
23:46:31.0 (72472650)|HEAP_ALLOCATE|[16]|Bytes:32
23:46:31.0 (72479946)|HEAP_ALLOCATE|[16]|Bytes:529
23:46:31.0 (72983629)|SOQL_EXECUTE_BEGIN|[16]|Aggregations:0|select Id,OwnerId,IsDeleted,Name,CreatedDate,CreatedById,LastModifiedDate,LastModifiedById,SystemModstamp,LastActivityDate,LastViewedDate,LastReferencedDate,Client__c,End_Customer__c,Operation_Region__c,Work_Region__c,Client_Project_Manager__c,Project_code__c,Company_project_code__c,Project_Scope__c,Cost_Centre__c,Production__c,QC__c,Delivery__c,QA__c,OffshoreProjectManager__c,Team_Lead__c,Project_Start_Date__c,Project_End_Date__c,Units__c,Nodes__c,Footage__c,Miles__c,Jobs__c,Hours__c,Team__c from Project__c where Id = :pid
23:46:31.0 (77123736)|SOQL_EXECUTE_END|[16]|Rows:1
23:46:31.0 (77144988)|HEAP_ALLOCATE|[16]|Bytes:8
23:46:31.0 (77173326)|HEAP_ALLOCATE|[16]|Bytes:996
23:46:31.0 (77230239)|HEAP_ALLOCATE|[16]|Bytes:8
23:46:31.0 (77244472)|HEAP_ALLOCATE|[16]|Bytes:36
23:46:31.0 (77285413)|HEAP_ALLOCATE|[16]|Bytes:140
23:46:31.0 (77335336)|VARIABLE_ASSIGNMENT|[EXTERNAL]|this|{"mysObject":"0xab63eca","nonSelectedUserId":"(","usersList":"0x7ff7706f"}|0xfef8ad5
23:46:31.0 (77394246)|VARIABLE_ASSIGNMENT|[EXTERNAL]|value|{"Id":"a057F000002dVv5QAE","OwnerId":"0057F000000Tiz6QAC","IsDeleted":false,"Name":"tm Test","CreatedDate":"2017-12-19T10:53:33.000Z","CreatedById":"0057F000000Tiz6QAC","LastModifiedDate":"2017-12-19T11:16:32.000Z","LastModifiedById":"0057F000000Tiz6QAC","SystemModstamp":"2018-01-18T18:41:12.000Z","LastViewedDate":"2018-01-22T06:30:19.000Z","LastReferencedDate":"2018-01-22T06:30:19.000Z","Client__c":"a047F000002zkUjQAI","End_Customer__c":"tm Test","Operation_Region__c":"tm Test","Work_Region__c":"tm Test","Client_Project_Manag (5 more) ...":"tm Test","Project_code__c":"tm Test","Company_project_code (3 more) ...":"321","Project_Scope__c":"DESIGNING","Production__c":50,"QC__c":20,"Delivery__c":10,"QA__c":20,"OffshoreProjectManag (5 more) ...":"0057F000000TpcqQAC","Team_Lead__c":"0057F000000TyzfQAC","Project_Start_Date__ (1 more) ...":"2017-12-19T00:00:00.000Z","Project_End_Date__c":"2017-12-19T00:00:00.000Z","Units__c":true,"Nodes__c":true,"Footage__c":false,"Miles__c":false,"Jobs__c":false,"Hours__c":false,"Team__c":"Mani Sasank, Santhos (30 more) ..."}|0x2c2c16b6
23:46:31.0 (77462880)|VARIABLE_ASSIGNMENT|[3]|this.mysObject|{"Id":"a057F000002dVv5QAE","OwnerId":"0057F000000Tiz6QAC","IsDeleted":false,"Name":"tm Test","CreatedDate":"2017-12-19T10:53:33.000Z","CreatedById":"0057F000000Tiz6QAC","LastModifiedDate":"2017-12-19T11:16:32.000Z","LastModifiedById":"0057F000000Tiz6QAC","SystemModstamp":"2018-01-18T18:41:12.000Z","LastViewedDate":"2018-01-22T06:30:19.000Z","LastReferencedDate":"2018-01-22T06:30:19.000Z","Client__c":"a047F000002zkUjQAI","End_Customer__c":"tm Test","Operation_Region__c":"tm Test","Work_Region__c":"tm Test","Client_Project_Manag (5 more) ...":"tm Test","Project_code__c":"tm Test","Company_project_code (3 more) ...":"321","Project_Scope__c":"DESIGNING","Production__c":50,"QC__c":20,"Delivery__c":10,"QA__c":20,"OffshoreProjectManag (5 more) ...":"0057F000000TpcqQAC","Team_Lead__c":"0057F000000TyzfQAC","Project_Start_Date__ (1 more) ...":"2017-12-19T00:00:00.000Z","Project_End_Date__c":"2017-12-19T00:00:00.000Z","Units__c":true,"Nodes__c":true,"Footage__c":false,"Miles__c":false,"Jobs__c":false,"Hours__c":false,"Team__c":"Mani Sasank, Santhos (30 more) ..."}|0xfef8ad5
23:46:31.0 (77491107)|STATEMENT_EXECUTE|[17]
23:46:31.0 (77544856)|VARIABLE_ASSIGNMENT|[EXTERNAL]|this|{"mysObject":"0x2c2c16b6","nonSelectedUserId":"(","usersList":"0x7ff7706f"}|0xfef8ad5
23:46:31.0 (77612723)|VARIABLE_ASSIGNMENT|[EXTERNAL]|this|{"mysObject":"0x2c2c16b6","nonSelectedUserId":"(","usersList":"0x7ff7706f"}|0xfef8ad5
23:46:31.0 (77620825)|VARIABLE_ASSIGNMENT|[EXTERNAL]|value|"tm Test"
23:46:31.0 (77628512)|VARIABLE_ASSIGNMENT|[4]|this.pName|"tm Test"|0xfef8ad5
23:46:31.0 (77635097)|STATEMENT_EXECUTE|[19]
23:46:31.0 (77638247)|HEAP_ALLOCATE|[19]|Bytes:86
23:46:31.0 (77654935)|HEAP_ALLOCATE|[19]|Bytes:4
23:46:31.0 (77664761)|HEAP_ALLOCATE|[19]|Bytes:7
23:46:31.0 (77875021)|SOQL_EXECUTE_BEGIN|[19]|Aggregations:0|SELECT Name, UserLink__c FROM ProjectJobAssociation__c WHERE ProjectLink__c = :tmpVar1
23:46:31.0 (80185152)|SOQL_EXECUTE_END|[19]|Rows:5
23:46:31.0 (80202874)|HEAP_ALLOCATE|[19]|Bytes:24
23:46:31.0 (80225250)|HEAP_ALLOCATE|[19]|Bytes:380
23:46:31.0 (80279722)|HEAP_ALLOCATE|[19]|Bytes:24
23:46:31.0 (80291742)|VARIABLE_SCOPE_BEGIN|[19]|pja|List<ProjectJobAssociation__c>|true|false
23:46:31.0 (80318801)|VARIABLE_ASSIGNMENT|[19]|pja|[{"Name":"A-0002","UserLink__c":"0057F000000TpdFQAS","Id":"a087F000009HOLTQA4"},{"Name":"A-0003","UserLink__c":"0057F000000TrBBQA0","Id":"a087F000009HOLUQA4"},{"Name":"A-0004","UserLink__c":"0057F000000TrBGQA0","Id":"a087F000009HOLVQA4"},{"Name":"A-0005","UserLink__c":"0057F000000TrBVQA0","Id":"a087F000009HOLWQA4"},{"Name":"A-0006","UserLink__c":"0057F000000Tz0iQAC","Id":"a087F000009HOLXQA4"}]|0x6354d4bb
23:46:31.0 (80329139)|STATEMENT_EXECUTE|[20]
23:46:31.0 (80338994)|HEAP_ALLOCATE|[20]|Bytes:4
23:46:31.0 (80399001)|VARIABLE_ASSIGNMENT|[EXTERNAL]|this|{"mysObject":"0x2c2c16b6","nonSelectedUserId":"(","pName":"tm Test","usersList":"0x7ff7706f"}|0xfef8ad5
23:46:31.0 (80422888)|HEAP_ALLOCATE|[EXTERNAL]|Bytes:4
23:46:31.0 (80430327)|VARIABLE_ASSIGNMENT|[EXTERNAL]|value|[]|0x5b83e6bd
23:46:31.0 (80441979)|VARIABLE_ASSIGNMENT|[6]|this.selectedUsers|[]|0xfef8ad5
23:46:31.0 (80578831)|HEAP_ALLOCATE|[21]|Bytes:5
23:46:31.0 (80599591)|HEAP_ALLOCATE|[21]|Bytes:16
23:46:31.0 (80610326)|VARIABLE_SCOPE_BEGIN|[21]|spja|ProjectJobAssociation__c|true|false
23:46:31.0 (80629164)|VARIABLE_ASSIGNMENT|[21]|spja|{"Name":"A-0002","UserLink__c":"0057F000000TpdFQAS","Id":"a087F000009HOLTQA4"}|0x5b686843
23:46:31.0 (80643278)|STATEMENT_EXECUTE|[21]
23:46:31.0 (80645085)|STATEMENT_EXECUTE|[22]
23:46:31.0 (80648763)|HEAP_ALLOCATE|[22]|Bytes:45
23:46:31.0 (80665168)|HEAP_ALLOCATE|[22]|Bytes:4
23:46:31.0 (80889327)|SOQL_EXECUTE_BEGIN|[22]|Aggregations:0|SELECT Id, Name FROM User WHERE Id = :tmpVar1
23:46:31.0 (84636094)|SOQL_EXECUTE_END|[22]|Rows:1
23:46:31.0 (84655027)|HEAP_ALLOCATE|[22]|Bytes:8
23:46:31.0 (84668118)|HEAP_ALLOCATE|[22]|Bytes:48
23:46:31.0 (84725620)|HEAP_ALLOCATE|[22]|Bytes:8
23:46:31.0 (84738037)|HEAP_ALLOCATE|[22]|Bytes:30
23:46:31.0 (84771033)|HEAP_ALLOCATE|[22]|Bytes:12
23:46:31.0 (84778506)|VARIABLE_SCOPE_BEGIN|[22]|user1|User|true|false
23:46:31.0 (84796869)|VARIABLE_ASSIGNMENT|[22]|user1|{"Id":"0057F000000TpdFQAS","Name":"Mani Sasank"}|0x2595465e
23:46:31.0 (84803212)|STATEMENT_EXECUTE|[23]
23:46:31.0 (84809309)|HEAP_ALLOCATE|[23]|Bytes:1
23:46:31.0 (84880921)|HEAP_ALLOCATE|[23]|Bytes:18
23:46:31.0 (84892353)|HEAP_ALLOCATE|[23]|Bytes:2
23:46:31.0 (84898628)|HEAP_ALLOCATE|[23]|Bytes:21
23:46:31.0 (84902670)|HEAP_ALLOCATE|[23]|Bytes:22
23:46:31.0 (84916904)|VARIABLE_ASSIGNMENT|[23]|this.nonSelectedUserId|"(\"0057F000000TpdFQAS (2 more) ..."|0xfef8ad5
23:46:31.0 (84922256)|STATEMENT_EXECUTE|[24]
23:46:31.0 (84973737)|VARIABLE_ASSIGNMENT|[EXTERNAL]|this|{"mysObject":"0x2c2c16b6","nonSelectedUserId":"(\"0057F000000TpdFQAS (2 more) ...","pName":"tm Test","selectedUsers":"0x5b83e6bd","usersList":"0x7ff7706f"}|0xfef8ad5
23:46:31.0 (84998679)|HEAP_ALLOCATE|[24]|Bytes:18
23:46:31.0 (85041624)|HEAP_ALLOCATE|[EXTERNAL]|Bytes:4
23:46:31.0 (85058960)|HEAP_ALLOCATE|[21]|Bytes:5
23:46:31.0 (85070176)|HEAP_ALLOCATE|[21]|Bytes:16
23:46:31.0 (85076656)|VARIABLE_SCOPE_BEGIN|[21]|spja|ProjectJobAssociation__c|true|false
23:46:31.0 (85090743)|VARIABLE_ASSIGNMENT|[21]|spja|{"Name":"A-0003","UserLink__c":"0057F000000TrBBQA0","Id":"a087F000009HOLUQA4"}|0x720cf2a2
23:46:31.0 (85096312)|STATEMENT_EXECUTE|[21]
23:46:31.0 (85097425)|STATEMENT_EXECUTE|[22]
23:46:31.0 (85108076)|HEAP_ALLOCATE|[22]|Bytes:4
23:46:31.0 (85283873)|SOQL_EXECUTE_BEGIN|[22]|Aggregations:0|SELECT Id, Name FROM User WHERE Id = :tmpVar1
23:46:31.0 (87953828)|SOQL_EXECUTE_END|[22]|Rows:1
23:46:31.0 (87973771)|HEAP_ALLOCATE|[22]|Bytes:8
23:46:31.0 (87988013)|HEAP_ALLOCATE|[22]|Bytes:45
23:46:31.0 (88021877)|HEAP_ALLOCATE|[22]|Bytes:8
23:46:31.0 (88043505)|HEAP_ALLOCATE|[22]|Bytes:12
23:46:31.0 (88053282)|VARIABLE_SCOPE_BEGIN|[22]|user1|User|true|false
23:46:31.0 (88074143)|VARIABLE_ASSIGNMENT|[22]|user1|{"Id":"0057F000000TrBBQA0","Name":"Santhosh"}|0x1915657e
23:46:31.0 (88087367)|STATEMENT_EXECUTE|[23]
23:46:31.0 (88117961)|HEAP_ALLOCATE|[23]|Bytes:18
23:46:31.0 (88136279)|HEAP_ALLOCATE|[23]|Bytes:21
23:46:31.0 (88142903)|HEAP_ALLOCATE|[23]|Bytes:43
23:46:31.0 (88159368)|VARIABLE_ASSIGNMENT|[23]|this.nonSelectedUserId|"(\"0057F000000TpdFQAS (23 more) ..."|0xfef8ad5
23:46:31.0 (88167845)|STATEMENT_EXECUTE|[24]
23:46:31.0 (88206573)|VARIABLE_ASSIGNMENT|[EXTERNAL]|this|{"mysObject":"0x2c2c16b6","nonSelectedUserId":"(\"0057F000000TpdFQAS (23 more) ...","pName":"tm Test","selectedUsers":"0x5b83e6bd","usersList":"0x7ff7706f"}|0xfef8ad5
23:46:31.0 (88238213)|HEAP_ALLOCATE|[24]|Bytes:18
23:46:31.0 (88258590)|HEAP_ALLOCATE|[EXTERNAL]|Bytes:4
23:46:31.0 (88277604)|HEAP_ALLOCATE|[21]|Bytes:5
23:46:31.0 (88292944)|HEAP_ALLOCATE|[21]|Bytes:16
23:46:31.0 (88302296)|VARIABLE_SCOPE_BEGIN|[21]|spja|ProjectJobAssociation__c|true|false
23:46:31.0 (88322703)|VARIABLE_ASSIGNMENT|[21]|spja|{"Name":"A-0004","UserLink__c":"0057F000000TrBGQA0","Id":"a087F000009HOLVQA4"}|0x1c82652e
23:46:31.0 (88331680)|STATEMENT_EXECUTE|[21]
23:46:31.0 (88333388)|STATEMENT_EXECUTE|[22]
23:46:31.0 (88346118)|HEAP_ALLOCATE|[22]|Bytes:4
23:46:31.0 (88524430)|SOQL_EXECUTE_BEGIN|[22]|Aggregations:0|SELECT Id, Name FROM User WHERE Id = :tmpVar1
23:46:31.0 (90844300)|SOQL_EXECUTE_END|[22]|Rows:1
23:46:31.0 (90860181)|HEAP_ALLOCATE|[22]|Bytes:8
23:46:31.0 (90871321)|HEAP_ALLOCATE|[22]|Bytes:46
23:46:31.0 (90897790)|HEAP_ALLOCATE|[22]|Bytes:8
23:46:31.0 (90913771)|HEAP_ALLOCATE|[22]|Bytes:12
23:46:31.0 (90919629)|VARIABLE_SCOPE_BEGIN|[22]|user1|User|true|false
23:46:31.0 (90935085)|VARIABLE_ASSIGNMENT|[22]|user1|{"Id":"0057F000000TrBGQA0","Name":"Ravi teja"}|0x236c2e05
23:46:31.0 (90941078)|STATEMENT_EXECUTE|[23]
23:46:31.0 (90963691)|HEAP_ALLOCATE|[23]|Bytes:18
23:46:31.0 (90974864)|HEAP_ALLOCATE|[23]|Bytes:21
23:46:31.0 (90978675)|HEAP_ALLOCATE|[23]|Bytes:64
23:46:31.0 (90989018)|VARIABLE_ASSIGNMENT|[23]|this.nonSelectedUserId|"(\"0057F000000TpdFQAS (44 more) ..."|0xfef8ad5
23:46:31.0 (90993546)|STATEMENT_EXECUTE|[24]
23:46:31.0 (91020515)|VARIABLE_ASSIGNMENT|[EXTERNAL]|this|{"mysObject":"0x2c2c16b6","nonSelectedUserId":"(\"0057F000000TpdFQAS (44 more) ...","pName":"tm Test","selectedUsers":"0x5b83e6bd","usersList":"0x7ff7706f"}|0xfef8ad5
23:46:31.0 (91037361)|HEAP_ALLOCATE|[24]|Bytes:18
23:46:31.0 (91050736)|HEAP_ALLOCATE|[EXTERNAL]|Bytes:4
23:46:31.0 (91063269)|HEAP_ALLOCATE|[21]|Bytes:5
23:46:31.0 (91073785)|HEAP_ALLOCATE|[21]|Bytes:16
23:46:31.0 (91079785)|VARIABLE_SCOPE_BEGIN|[21]|spja|ProjectJobAssociation__c|true|false
23:46:31.0 (91093216)|VARIABLE_ASSIGNMENT|[21]|spja|{"Name":"A-0005","UserLink__c":"0057F000000TrBVQA0","Id":"a087F000009HOLWQA4"}|0xa0f97bc
23:46:31.0 (91098065)|STATEMENT_EXECUTE|[21]
23:46:31.0 (91099147)|STATEMENT_EXECUTE|[22]
23:46:31.0 (91108058)|HEAP_ALLOCATE|[22]|Bytes:4
23:46:31.0 (91232425)|SOQL_EXECUTE_BEGIN|[22]|Aggregations:0|SELECT Id, Name FROM User WHERE Id = :tmpVar1
23:46:31.0 (93776407)|SOQL_EXECUTE_END|[22]|Rows:1
23:46:31.0 (93792010)|HEAP_ALLOCATE|[22]|Bytes:8
23:46:31.0 (93803129)|HEAP_ALLOCATE|[22]|Bytes:46
23:46:31.0 (93832678)|HEAP_ALLOCATE|[22]|Bytes:8
23:46:31.0 (93848593)|HEAP_ALLOCATE|[22]|Bytes:12
23:46:31.0 (93855012)|VARIABLE_SCOPE_BEGIN|[22]|user1|User|true|false
23:46:31.0 (93870905)|VARIABLE_ASSIGNMENT|[22]|user1|{"Id":"0057F000000TrBVQA0","Name":"Yashwanth"}|0x721f115f
23:46:31.0 (93876335)|STATEMENT_EXECUTE|[23]
23:46:31.0 (93898940)|HEAP_ALLOCATE|[23]|Bytes:18
23:46:31.0 (93910184)|HEAP_ALLOCATE|[23]|Bytes:21
23:46:31.0 (93914039)|HEAP_ALLOCATE|[23]|Bytes:85
23:46:31.0 (93924501)|VARIABLE_ASSIGNMENT|[23]|this.nonSelectedUserId|"(\"0057F000000TpdFQAS (65 more) ..."|0xfef8ad5
23:46:31.0 (93929201)|STATEMENT_EXECUTE|[24]
23:46:31.0 (93955066)|VARIABLE_ASSIGNMENT|[EXTERNAL]|this|{"mysObject":"0x2c2c16b6","nonSelectedUserId":"(\"0057F000000TpdFQAS (65 more) ...","pName":"tm Test","selectedUsers":"0x5b83e6bd","usersList":"0x7ff7706f"}|0xfef8ad5
23:46:31.0 (93971222)|HEAP_ALLOCATE|[24]|Bytes:18
23:46:31.0 (93984176)|HEAP_ALLOCATE|[EXTERNAL]|Bytes:4
23:46:31.0 (93996753)|HEAP_ALLOCATE|[21]|Bytes:5
23:46:31.0 (94007114)|HEAP_ALLOCATE|[21]|Bytes:16
23:46:31.0 (94013915)|VARIABLE_SCOPE_BEGIN|[21]|spja|ProjectJobAssociation__c|true|false
23:46:31.0 (94027149)|VARIABLE_ASSIGNMENT|[21]|spja|{"Name":"A-0006","UserLink__c":"0057F000000Tz0iQAC","Id":"a087F000009HOLXQA4"}|0x123ddcce
23:46:31.0 (94032145)|STATEMENT_EXECUTE|[21]
23:46:31.0 (94033274)|STATEMENT_EXECUTE|[22]
23:46:31.0 (94041940)|HEAP_ALLOCATE|[22]|Bytes:4
23:46:31.0 (94164511)|SOQL_EXECUTE_BEGIN|[22]|Aggregations:0|SELECT Id, Name FROM User WHERE Id = :tmpVar1
23:46:31.0 (96365719)|SOQL_EXECUTE_END|[22]|Rows:1
23:46:31.0 (96381043)|HEAP_ALLOCATE|[22]|Bytes:8
23:46:31.0 (96391855)|HEAP_ALLOCATE|[22]|Bytes:42
23:46:31.0 (96418036)|HEAP_ALLOCATE|[22]|Bytes:8
23:46:31.0 (96433502)|HEAP_ALLOCATE|[22]|Bytes:12
23:46:31.0 (96439662)|VARIABLE_SCOPE_BEGIN|[22]|user1|User|true|false
23:46:31.0 (96455369)|VARIABLE_ASSIGNMENT|[22]|user1|{"Id":"0057F000000Tz0iQAC","Name":"Richa"}|0x34b09f1d
23:46:31.0 (96461139)|STATEMENT_EXECUTE|[23]
23:46:31.0 (96483385)|HEAP_ALLOCATE|[23]|Bytes:18
23:46:31.0 (96494613)|HEAP_ALLOCATE|[23]|Bytes:21
23:46:31.0 (96498640)|HEAP_ALLOCATE|[23]|Bytes:106
23:46:31.0 (96509680)|VARIABLE_ASSIGNMENT|[23]|this.nonSelectedUserId|"(\"0057F000000TpdFQAS (86 more) ..."|0xfef8ad5
23:46:31.0 (96514760)|STATEMENT_EXECUTE|[24]
23:46:31.0 (96540857)|VARIABLE_ASSIGNMENT|[EXTERNAL]|this|{"mysObject":"0x2c2c16b6","nonSelectedUserId":"(\"0057F000000TpdFQAS (86 more) ...","pName":"tm Test","selectedUsers":"0x5b83e6bd","usersList":"0x7ff7706f"}|0xfef8ad5
23:46:31.0 (96557514)|HEAP_ALLOCATE|[24]|Bytes:18
23:46:31.0 (96570778)|HEAP_ALLOCATE|[EXTERNAL]|Bytes:4
23:46:31.0 (96583356)|HEAP_ALLOCATE|[21]|Bytes:5
23:46:31.0 (96594426)|VARIABLE_ASSIGNMENT|[21]|spja|null|
23:46:31.0 (96598697)|STATEMENT_EXECUTE|[26]
23:46:31.0 (96644440)|STATEMENT_EXECUTE|[27]
23:46:31.0 (96648009)|HEAP_ALLOCATE|[27]|Bytes:1
23:46:31.0 (96653678)|HEAP_ALLOCATE|[27]|Bytes:107
23:46:31.0 (96663021)|VARIABLE_ASSIGNMENT|[27]|this.nonSelectedUserId|"(\"0057F000000TpdFQAS (87 more) ..."|0xfef8ad5
23:46:31.0 (96667683)|STATEMENT_EXECUTE|[28]
23:46:31.0 (96669596)|HEAP_ALLOCATE|[28]|Bytes:46
23:46:31.0 (96674388)|HEAP_ALLOCATE|[28]|Bytes:153
23:46:31.0 (96706536)|USER_DEBUG|[28]|DEBUG|----------------------------------------------("0057F000000TpdFQAS","0057F000000TrBBQA0","0057F000000TrBGQA0","0057F000000TrBVQA0","0057F000000Tz0iQAC",)
23:46:31.0 (96719446)|SYSTEM_MODE_EXIT|false
23:46:31.0 (96812446)|SYSTEM_MODE_ENTER|true
23:46:31.0 (109776960)|SYSTEM_MODE_ENTER|true
23:46:31.0 (109850446)|HEAP_ALLOCATE|[EXTERNAL]|Bytes:164
23:46:31.0 (109862197)|HEAP_ALLOCATE|[EXTERNAL]|Bytes:12
23:46:31.0 (109875175)|METHOD_ENTRY|[5]|01p7F00000Ehg8E|MultiselectController.MultiselectController()
23:46:31.0 (109880364)|STATEMENT_EXECUTE|[5]
23:46:31.0 (109884211)|STATEMENT_EXECUTE|[5]
23:46:31.0 (109893143)|SYSTEM_MODE_ENTER|false
23:46:31.0 (109899917)|HEAP_ALLOCATE|[EXTERNAL]|Bytes:5
23:46:31.0 (109906338)|SYSTEM_MODE_EXIT|false
23:46:31.0 (109914499)|METHOD_EXIT|[5]|MultiselectController
23:46:31.0 (109928232)|HEAP_ALLOCATE|[EXTERNAL]|Bytes:20
23:46:31.0 (109934477)|VARIABLE_SCOPE_BEGIN|[5]|this|MultiselectController|true|false
23:46:31.0 (109969998)|VARIABLE_ASSIGNMENT|[5]|this|{}|0x2713a18f
23:46:31.0 (109982047)|SYSTEM_MODE_ENTER|false
23:46:31.0 (109986589)|HEAP_ALLOCATE|[EXTERNAL]|Bytes:5
23:46:31.0 (110006225)|SYSTEM_MODE_EXIT|false
23:46:31.0 (110011098)|STATEMENT_EXECUTE|[5]
23:46:31.0 (110016135)|SYSTEM_MODE_ENTER|false
23:46:31.0 (110019241)|HEAP_ALLOCATE|[EXTERNAL]|Bytes:5
23:46:31.0 (110022501)|STATEMENT_EXECUTE|[7]
23:46:31.0 (110023770)|STATEMENT_EXECUTE|[8]
23:46:31.0 (110024656)|STATEMENT_EXECUTE|[23]
23:46:31.0 (110025730)|STATEMENT_EXECUTE|[31]
23:46:31.0 (110027256)|SYSTEM_MODE_EXIT|false
23:46:31.0 (110162106)|SYSTEM_MODE_ENTER|true
23:46:31.0 (110207387)|HEAP_ALLOCATE|[EXTERNAL]|Bytes:24
23:46:31.0 (110308219)|VARIABLE_SCOPE_BEGIN|[31]|this|PM_Project_Edit_Controller|true|false
23:46:31.0 (110341821)|VARIABLE_ASSIGNMENT|[31]|this|{"mysObject":"0x2c2c16b6","nonSelectedUserId":"(\"0057F000000TpdFQAS (87 more) ...","pName":"tm Test","selectedUsers":"0x5b83e6bd","usersList":"0x7ff7706f"}|0xfef8ad5
23:46:31.0 (110358679)|SYSTEM_MODE_ENTER|false
23:46:31.0 (110364389)|HEAP_ALLOCATE|[32]|Bytes:5
23:46:31.0 (110368617)|STATEMENT_EXECUTE|[31]
23:46:31.0 (110369749)|STATEMENT_EXECUTE|[32]
23:46:31.0 (110372096)|HEAP_ALLOCATE|[32]|Bytes:62
23:46:31.0 (110384795)|HEAP_ALLOCATE|[32]|Bytes:4
23:46:31.0 (110561612)|SOQL_EXECUTE_BEGIN|[32]|Aggregations:0|SELECT Id, Name FROM UserRole WHERE Name = 'Software Engineer'
23:46:31.0 (117715607)|SOQL_EXECUTE_END|[32]|Rows:1
23:46:31.0 (117734599)|HEAP_ALLOCATE|[32]|Bytes:8
23:46:31.0 (117749071)|HEAP_ALLOCATE|[32]|Bytes:54
23:46:31.0 (117816073)|HEAP_ALLOCATE|[32]|Bytes:8
23:46:31.0 (117827409)|HEAP_ALLOCATE|[32]|Bytes:34
23:46:31.0 (117871735)|HEAP_ALLOCATE|[32]|Bytes:12
23:46:31.0 (117878420)|VARIABLE_SCOPE_BEGIN|[32]|userRole|UserRole|true|false
23:46:31.0 (117899727)|VARIABLE_ASSIGNMENT|[32]|userRole|{"Id":"00E7F000000MdriUAC","Name":"Software Engineer"}|0x27d334ff
23:46:31.0 (117905983)|STATEMENT_EXECUTE|[33]
23:46:31.0 (117908524)|HEAP_ALLOCATE|[33]|Bytes:32
23:46:31.0 (117911795)|HEAP_ALLOCATE|[33]|Bytes:71
23:46:31.0 (117922586)|HEAP_ALLOCATE|[33]|Bytes:178
23:46:31.0 (118510957)|EXCEPTION_THROWN|[33]|System.QueryException: line 1:72 no viable alternative at character '"'
23:46:31.0 (118604187)|HEAP_ALLOCATE|[33]|Bytes:52
23:46:31.0 (118621677)|SYSTEM_MODE_EXIT|false
23:46:31.0 (118697407)|FATAL_ERROR|System.QueryException: line 1:72 no viable alternative at character '"'

Class.PM_Project_Edit_Controller.getUsersList: line 33, column 1
