36.0 APEX_CODE,FINEST;APEX_PROFILING,INFO;CALLOUT,INFO;DB,INFO;SYSTEM,DEBUG;VALIDATION,INFO;VISUALFORCE,INFO;WAVE,INFO;WORKFLOW,INFO
00:04:47.0 (290980)|USER_INFO|[EXTERNAL]|0057F000000Tiz6|ksb994@salesforce.com|Pacific Standard Time|GMT-08:00
00:04:47.0 (324081)|EXECUTION_STARTED
00:04:47.0 (327159)|CODE_UNIT_STARTED|[EXTERNAL]|0667F000004uRC1|VF: /apex/PM_Project_Edit
00:04:47.0 (44598661)|SYSTEM_MODE_ENTER|true
00:04:47.0 (44915962)|HEAP_ALLOCATE|[72]|Bytes:3
00:04:47.0 (44949240)|HEAP_ALLOCATE|[77]|Bytes:152
00:04:47.0 (44963546)|HEAP_ALLOCATE|[342]|Bytes:408
00:04:47.0 (44978001)|HEAP_ALLOCATE|[355]|Bytes:408
00:04:47.0 (44990658)|HEAP_ALLOCATE|[467]|Bytes:48
00:04:47.0 (45015778)|HEAP_ALLOCATE|[139]|Bytes:6
00:04:47.0 (45030547)|HEAP_ALLOCATE|[EXTERNAL]|Bytes:144
00:04:47.0 (45036088)|HEAP_ALLOCATE|[EXTERNAL]|Bytes:20
00:04:47.0 (45040180)|HEAP_ALLOCATE|[EXTERNAL]|Bytes:11
00:04:47.0 (45061782)|METHOD_ENTRY|[1]|01p7F00000Ehro9|PM_Project_Edit_Controller.PM_Project_Edit_Controller()
00:04:47.0 (45068799)|STATEMENT_EXECUTE|[1]
00:04:47.0 (45073564)|STATEMENT_EXECUTE|[1]
00:04:47.0 (45103802)|HEAP_ALLOCATE|[50]|Bytes:5
00:04:47.0 (45122099)|HEAP_ALLOCATE|[56]|Bytes:5
00:04:47.0 (45130260)|HEAP_ALLOCATE|[64]|Bytes:7
00:04:47.0 (45152527)|SYSTEM_MODE_ENTER|false
00:04:47.0 (45161544)|HEAP_ALLOCATE|[EXTERNAL]|Bytes:5
00:04:47.0 (45169015)|SYSTEM_MODE_EXIT|false
00:04:47.0 (45176391)|METHOD_EXIT|[1]|PM_Project_Edit_Controller
00:04:47.0 (45220062)|HEAP_ALLOCATE|[EXTERNAL]|Bytes:24
00:04:47.0 (45347247)|VARIABLE_SCOPE_BEGIN|[10]|this|PM_Project_Edit_Controller|true|false
00:04:47.0 (45409167)|VARIABLE_ASSIGNMENT|[10]|this|{}|0x54f3cfa6
00:04:47.0 (45417485)|VARIABLE_SCOPE_BEGIN|[10]|stdController|ApexPages.StandardController|true|false
00:04:47.0 (45664558)|VARIABLE_ASSIGNMENT|[10]|stdController|"StandardController [null]"|0x583f4bf5
00:04:47.0 (45684735)|SYSTEM_MODE_ENTER|false
00:04:47.0 (45691689)|HEAP_ALLOCATE|[7]|Bytes:5
00:04:47.0 (45696430)|STATEMENT_EXECUTE|[1]
00:04:47.0 (45700895)|HEAP_ALLOCATE|[7]|Bytes:5
00:04:47.0 (45704296)|STATEMENT_EXECUTE|[3]
00:04:47.0 (45705746)|STATEMENT_EXECUTE|[4]
00:04:47.0 (45706638)|STATEMENT_EXECUTE|[6]
00:04:47.0 (45707466)|STATEMENT_EXECUTE|[7]
00:04:47.0 (45719574)|HEAP_ALLOCATE|[7]|Bytes:4
00:04:47.0 (45804915)|HEAP_ALLOCATE|[EXTERNAL]|Bytes:4
00:04:47.0 (45819522)|VARIABLE_ASSIGNMENT|[7]|this.usersList|[]|0x54f3cfa6
00:04:47.0 (45825076)|STATEMENT_EXECUTE|[8]
00:04:47.0 (45827534)|HEAP_ALLOCATE|[8]|Bytes:1
00:04:47.0 (45839029)|VARIABLE_ASSIGNMENT|[8]|this.nonSelectedUserId|"("|0x54f3cfa6
00:04:47.0 (45850403)|HEAP_ALLOCATE|[8]|Bytes:6
00:04:47.0 (45885461)|STATEMENT_EXECUTE|[10]
00:04:47.0 (45887337)|STATEMENT_EXECUTE|[11]
00:04:47.0 (45995754)|HEAP_ALLOCATE|[11]|Bytes:4
00:04:47.0 (46046770)|VARIABLE_ASSIGNMENT|[EXTERNAL]|this|{"nonSelectedUserId":"(","usersList":"0x28f5bf47"}|0x54f3cfa6
00:04:47.0 (46061160)|VARIABLE_ASSIGNMENT|[EXTERNAL]|value|{}|0x32b88e33
00:04:47.0 (46071805)|VARIABLE_ASSIGNMENT|[3]|this.mysObject|{}|0x54f3cfa6
00:04:47.0 (46079902)|STATEMENT_EXECUTE|[12]
00:04:47.0 (46114087)|HEAP_ALLOCATE|[12]|Bytes:43
00:04:47.0 (46146165)|HEAP_ALLOCATE|[12]|Bytes:18
00:04:47.0 (46164189)|HEAP_ALLOCATE|[12]|Bytes:3
00:04:47.0 (46189690)|HEAP_ALLOCATE|[12]|Bytes:4
00:04:47.0 (46195536)|VARIABLE_SCOPE_BEGIN|[12]|pid|Id|false|false
00:04:47.0 (46268703)|VARIABLE_ASSIGNMENT|[12]|pid|"a057F000002dVv5QAE"
00:04:47.0 (46275204)|STATEMENT_EXECUTE|[16]
00:04:47.0 (46277571)|HEAP_ALLOCATE|[16]|Bytes:7
00:04:47.0 (46282215)|HEAP_ALLOCATE|[16]|Bytes:10
00:04:47.0 (46296163)|METHOD_ENTRY|[16]|01p7F00000Ehro9|PM_Project_Edit_Controller.getAllFields(String)
00:04:47.0 (46384052)|VARIABLE_SCOPE_BEGIN|[51]|sobjectname|String|false|false
00:04:47.0 (46398499)|VARIABLE_ASSIGNMENT|[51]|sobjectname|"Project__c"
00:04:47.0 (46414492)|HEAP_ALLOCATE|[52]|Bytes:5
00:04:47.0 (46419965)|STATEMENT_EXECUTE|[51]
00:04:47.0 (68252125)|HEAP_ALLOCATE|[52]|Bytes:1468
00:04:47.0 (68321738)|STATEMENT_EXECUTE|[52]
00:04:47.0 (68324500)|STATEMENT_EXECUTE|[55]
00:04:47.0 (72579758)|HEAP_ALLOCATE|[55]|Bytes:1468
00:04:47.0 (72816484)|HEAP_ALLOCATE|[55]|Bytes:4
00:04:47.0 (72870371)|HEAP_ALLOCATE|[55]|Bytes:4
00:04:47.0 (73153664)|HEAP_ALLOCATE|[55]|Bytes:148
00:04:47.0 (73167295)|VARIABLE_SCOPE_BEGIN|[55]|fields|Map<String,Schema.SObjectField>|true|false
00:04:47.0 (73426493)|VARIABLE_ASSIGNMENT|[55]|fields|"{client__c=Client__c, client_project_manager__c=Client_Project_Manager__c, company_project_code__c=Company_project_code__c, cost_centre__c=Cost_Centre__c, createdbyid=CreatedById, createddate=CreatedDate, delivery__c=Delivery__c, end_customer__c=End_Customer__c, footage__c=Footage__c, hours__c=Hours__c, ...}"|0x15cdd3af
00:04:47.0 (73440773)|STATEMENT_EXECUTE|[56]
00:04:47.0 (73460653)|HEAP_ALLOCATE|[56]|Bytes:4
00:04:47.0 (73501707)|VARIABLE_SCOPE_BEGIN|[56]|accessiblefields|List<String>|true|false
00:04:47.0 (73531935)|HEAP_ALLOCATE|[EXTERNAL]|Bytes:4
00:04:47.0 (73546123)|VARIABLE_ASSIGNMENT|[56]|accessiblefields|[]|0x2603fd18
00:04:47.0 (73598454)|HEAP_ALLOCATE|[EXTERNAL]|Bytes:148
00:04:47.0 (73617421)|HEAP_ALLOCATE|[57]|Bytes:148
00:04:47.0 (73709129)|HEAP_ALLOCATE|[57]|Bytes:5
00:04:47.0 (73733836)|VARIABLE_SCOPE_BEGIN|[57]|field|Schema.SObjectField|true|false
00:04:47.0 (73801939)|VARIABLE_ASSIGNMENT|[57]|field|"common.apex.runtime.impl.ApexFieldToken@37af2144"|0x37af2144
00:04:47.0 (73810477)|STATEMENT_EXECUTE|[57]
00:04:47.0 (74233672)|HEAP_ALLOCATE|[58]|Bytes:8
00:04:47.0 (74259134)|STATEMENT_EXECUTE|[59]
00:04:47.0 (74287356)|HEAP_ALLOCATE|[59]|Bytes:8
00:04:47.0 (74304732)|HEAP_ALLOCATE|[59]|Bytes:2
00:04:47.0 (74318694)|HEAP_ALLOCATE|[EXTERNAL]|Bytes:4
00:04:47.0 (74333072)|HEAP_ALLOCATE|[57]|Bytes:5
00:04:47.0 (74347128)|VARIABLE_SCOPE_BEGIN|[57]|field|Schema.SObjectField|true|false
00:04:47.0 (74418280)|VARIABLE_ASSIGNMENT|[57]|field|"common.apex.runtime.impl.ApexFieldToken@4c04dcb5"|0x4c04dcb5
00:04:47.0 (74425338)|STATEMENT_EXECUTE|[57]
00:04:47.0 (74554271)|HEAP_ALLOCATE|[58]|Bytes:8
00:04:47.0 (74567633)|STATEMENT_EXECUTE|[59]
00:04:47.0 (74585985)|HEAP_ALLOCATE|[59]|Bytes:8
00:04:47.0 (74593507)|HEAP_ALLOCATE|[59]|Bytes:7
00:04:47.0 (74601579)|HEAP_ALLOCATE|[EXTERNAL]|Bytes:4
00:04:47.0 (74614651)|HEAP_ALLOCATE|[57]|Bytes:5
00:04:47.0 (74631674)|VARIABLE_SCOPE_BEGIN|[57]|field|Schema.SObjectField|true|false
00:04:47.0 (74704590)|VARIABLE_ASSIGNMENT|[57]|field|"common.apex.runtime.impl.ApexFieldToken@75d61310"|0x75d61310
00:04:47.0 (74711668)|STATEMENT_EXECUTE|[57]
00:04:47.0 (74802320)|HEAP_ALLOCATE|[58]|Bytes:8
00:04:47.0 (74817783)|STATEMENT_EXECUTE|[59]
00:04:47.0 (74832166)|HEAP_ALLOCATE|[59]|Bytes:8
00:04:47.0 (74839338)|HEAP_ALLOCATE|[59]|Bytes:9
00:04:47.0 (74847871)|HEAP_ALLOCATE|[EXTERNAL]|Bytes:4
00:04:47.0 (74859007)|HEAP_ALLOCATE|[57]|Bytes:5
00:04:47.0 (74871236)|VARIABLE_SCOPE_BEGIN|[57]|field|Schema.SObjectField|true|false
00:04:47.0 (74937098)|VARIABLE_ASSIGNMENT|[57]|field|"common.apex.runtime.impl.ApexFieldToken@26f3ac9e"|0x26f3ac9e
00:04:47.0 (74944619)|STATEMENT_EXECUTE|[57]
00:04:47.0 (75043365)|HEAP_ALLOCATE|[58]|Bytes:8
00:04:47.0 (75057158)|STATEMENT_EXECUTE|[59]
00:04:47.0 (75072777)|HEAP_ALLOCATE|[59]|Bytes:8
00:04:47.0 (75081537)|HEAP_ALLOCATE|[59]|Bytes:4
00:04:47.0 (75088864)|HEAP_ALLOCATE|[EXTERNAL]|Bytes:4
00:04:47.0 (75100208)|HEAP_ALLOCATE|[57]|Bytes:5
00:04:47.0 (75111154)|VARIABLE_SCOPE_BEGIN|[57]|field|Schema.SObjectField|true|false
00:04:47.0 (75172178)|VARIABLE_ASSIGNMENT|[57]|field|"common.apex.runtime.impl.ApexFieldToken@68181c05"|0x68181c05
00:04:47.0 (75179182)|STATEMENT_EXECUTE|[57]
00:04:47.0 (75280808)|HEAP_ALLOCATE|[58]|Bytes:8
00:04:47.0 (75295833)|STATEMENT_EXECUTE|[59]
00:04:47.0 (75309977)|HEAP_ALLOCATE|[59]|Bytes:8
00:04:47.0 (75316873)|HEAP_ALLOCATE|[59]|Bytes:11
00:04:47.0 (75325533)|HEAP_ALLOCATE|[EXTERNAL]|Bytes:4
00:04:47.0 (75336474)|HEAP_ALLOCATE|[57]|Bytes:5
00:04:47.0 (75347600)|VARIABLE_SCOPE_BEGIN|[57]|field|Schema.SObjectField|true|false
00:04:47.0 (75414307)|VARIABLE_ASSIGNMENT|[57]|field|"common.apex.runtime.impl.ApexFieldToken@21394c7"|0x21394c7
00:04:47.0 (75421309)|STATEMENT_EXECUTE|[57]
00:04:47.0 (75522819)|HEAP_ALLOCATE|[58]|Bytes:8
00:04:47.0 (75537597)|STATEMENT_EXECUTE|[59]
00:04:47.0 (75552626)|HEAP_ALLOCATE|[59]|Bytes:8
00:04:47.0 (75561577)|HEAP_ALLOCATE|[59]|Bytes:11
00:04:47.0 (75569246)|HEAP_ALLOCATE|[EXTERNAL]|Bytes:4
00:04:47.0 (75580279)|HEAP_ALLOCATE|[57]|Bytes:5
00:04:47.0 (75591289)|VARIABLE_SCOPE_BEGIN|[57]|field|Schema.SObjectField|true|false
00:04:47.0 (75661027)|VARIABLE_ASSIGNMENT|[57]|field|"common.apex.runtime.impl.ApexFieldToken@47184906"|0x47184906
00:04:47.0 (75668610)|STATEMENT_EXECUTE|[57]
00:04:47.0 (75765745)|HEAP_ALLOCATE|[58]|Bytes:8
00:04:47.0 (75777328)|STATEMENT_EXECUTE|[59]
00:04:47.0 (75792142)|HEAP_ALLOCATE|[59]|Bytes:8
00:04:47.0 (75799694)|HEAP_ALLOCATE|[59]|Bytes:16
00:04:47.0 (75807080)|HEAP_ALLOCATE|[EXTERNAL]|Bytes:4
00:04:47.0 (75817623)|HEAP_ALLOCATE|[57]|Bytes:5
00:04:47.0 (75828823)|VARIABLE_SCOPE_BEGIN|[57]|field|Schema.SObjectField|true|false
00:04:47.0 (75892304)|VARIABLE_ASSIGNMENT|[57]|field|"common.apex.runtime.impl.ApexFieldToken@7cb48a27"|0x7cb48a27
00:04:47.0 (75899050)|STATEMENT_EXECUTE|[57]
00:04:47.0 (76003269)|HEAP_ALLOCATE|[58]|Bytes:8
00:04:47.0 (76015237)|STATEMENT_EXECUTE|[59]
00:04:47.0 (76029366)|HEAP_ALLOCATE|[59]|Bytes:8
00:04:47.0 (76039260)|HEAP_ALLOCATE|[59]|Bytes:16
00:04:47.0 (76047100)|HEAP_ALLOCATE|[EXTERNAL]|Bytes:4
00:04:47.0 (76057893)|HEAP_ALLOCATE|[57]|Bytes:5
00:04:47.0 (76070572)|VARIABLE_SCOPE_BEGIN|[57]|field|Schema.SObjectField|true|false
00:04:47.0 (76134372)|VARIABLE_ASSIGNMENT|[57]|field|"common.apex.runtime.impl.ApexFieldToken@54644980"|0x54644980
00:04:47.0 (76142535)|STATEMENT_EXECUTE|[57]
00:04:47.0 (76220534)|HEAP_ALLOCATE|[58]|Bytes:8
00:04:47.0 (76231416)|STATEMENT_EXECUTE|[59]
00:04:47.0 (76245797)|HEAP_ALLOCATE|[59]|Bytes:8
00:04:47.0 (76252087)|HEAP_ALLOCATE|[59]|Bytes:14
00:04:47.0 (76261970)|HEAP_ALLOCATE|[EXTERNAL]|Bytes:4
00:04:47.0 (76272313)|HEAP_ALLOCATE|[57]|Bytes:5
00:04:47.0 (76282719)|VARIABLE_SCOPE_BEGIN|[57]|field|Schema.SObjectField|true|false
00:04:47.0 (76346851)|VARIABLE_ASSIGNMENT|[57]|field|"common.apex.runtime.impl.ApexFieldToken@4a4f5a67"|0x4a4f5a67
00:04:47.0 (76353546)|STATEMENT_EXECUTE|[57]
00:04:47.0 (76428003)|HEAP_ALLOCATE|[58]|Bytes:8
00:04:47.0 (76439916)|STATEMENT_EXECUTE|[59]
00:04:47.0 (76454118)|HEAP_ALLOCATE|[59]|Bytes:8
00:04:47.0 (76460557)|HEAP_ALLOCATE|[59]|Bytes:16
00:04:47.0 (76467812)|HEAP_ALLOCATE|[EXTERNAL]|Bytes:4
00:04:47.0 (76478304)|HEAP_ALLOCATE|[57]|Bytes:5
00:04:47.0 (76488375)|VARIABLE_SCOPE_BEGIN|[57]|field|Schema.SObjectField|true|false
00:04:47.0 (76550179)|VARIABLE_ASSIGNMENT|[57]|field|"common.apex.runtime.impl.ApexFieldToken@4f9a6a51"|0x4f9a6a51
00:04:47.0 (76556399)|STATEMENT_EXECUTE|[57]
00:04:47.0 (76635135)|HEAP_ALLOCATE|[58]|Bytes:8
00:04:47.0 (76646815)|STATEMENT_EXECUTE|[59]
00:04:47.0 (76662750)|HEAP_ALLOCATE|[59]|Bytes:8
00:04:47.0 (76670546)|HEAP_ALLOCATE|[59]|Bytes:14
00:04:47.0 (76677481)|HEAP_ALLOCATE|[EXTERNAL]|Bytes:4
00:04:47.0 (76687838)|HEAP_ALLOCATE|[57]|Bytes:5
00:04:47.0 (76699047)|VARIABLE_SCOPE_BEGIN|[57]|field|Schema.SObjectField|true|false
00:04:47.0 (76765376)|VARIABLE_ASSIGNMENT|[57]|field|"common.apex.runtime.impl.ApexFieldToken@17a73437"|0x17a73437
00:04:47.0 (76771807)|STATEMENT_EXECUTE|[57]
00:04:47.0 (76847241)|HEAP_ALLOCATE|[58]|Bytes:8
00:04:47.0 (76857729)|STATEMENT_EXECUTE|[59]
00:04:47.0 (76873634)|HEAP_ALLOCATE|[59]|Bytes:8
00:04:47.0 (76881150)|HEAP_ALLOCATE|[59]|Bytes:18
00:04:47.0 (76888251)|HEAP_ALLOCATE|[EXTERNAL]|Bytes:4
00:04:47.0 (76898394)|HEAP_ALLOCATE|[57]|Bytes:5
00:04:47.0 (76910566)|VARIABLE_SCOPE_BEGIN|[57]|field|Schema.SObjectField|true|false
00:04:47.0 (76973319)|VARIABLE_ASSIGNMENT|[57]|field|"common.apex.runtime.impl.ApexFieldToken@61f9470a"|0x61f9470a
00:04:47.0 (76980468)|STATEMENT_EXECUTE|[57]
00:04:47.0 (77479826)|HEAP_ALLOCATE|[58]|Bytes:8
00:04:47.0 (77500081)|STATEMENT_EXECUTE|[59]
00:04:47.0 (77519133)|HEAP_ALLOCATE|[59]|Bytes:8
00:04:47.0 (77527588)|HEAP_ALLOCATE|[59]|Bytes:9
00:04:47.0 (77536026)|HEAP_ALLOCATE|[EXTERNAL]|Bytes:4
00:04:47.0 (77549664)|HEAP_ALLOCATE|[57]|Bytes:5
00:04:47.0 (77563992)|VARIABLE_SCOPE_BEGIN|[57]|field|Schema.SObjectField|true|false
00:04:47.0 (77637010)|VARIABLE_ASSIGNMENT|[57]|field|"common.apex.runtime.impl.ApexFieldToken@51d5a530"|0x51d5a530
00:04:47.0 (77644749)|STATEMENT_EXECUTE|[57]
00:04:47.0 (77749057)|HEAP_ALLOCATE|[58]|Bytes:8
00:04:47.0 (77761514)|STATEMENT_EXECUTE|[59]
00:04:47.0 (77777462)|HEAP_ALLOCATE|[59]|Bytes:8
00:04:47.0 (77785702)|HEAP_ALLOCATE|[59]|Bytes:15
00:04:47.0 (77793445)|HEAP_ALLOCATE|[EXTERNAL]|Bytes:4
00:04:47.0 (77807943)|HEAP_ALLOCATE|[57]|Bytes:5
00:04:47.0 (77820534)|VARIABLE_SCOPE_BEGIN|[57]|field|Schema.SObjectField|true|false
00:04:47.0 (77883750)|VARIABLE_ASSIGNMENT|[57]|field|"common.apex.runtime.impl.ApexFieldToken@4d8185b9"|0x4d8185b9
00:04:47.0 (77891223)|STATEMENT_EXECUTE|[57]
00:04:47.0 (77981246)|HEAP_ALLOCATE|[58]|Bytes:8
00:04:47.0 (77993356)|STATEMENT_EXECUTE|[59]
00:04:47.0 (78011630)|HEAP_ALLOCATE|[59]|Bytes:8
00:04:47.0 (78019460)|HEAP_ALLOCATE|[59]|Bytes:19
00:04:47.0 (78027339)|HEAP_ALLOCATE|[EXTERNAL]|Bytes:4
00:04:47.0 (78038090)|HEAP_ALLOCATE|[57]|Bytes:5
00:04:47.0 (78049837)|VARIABLE_SCOPE_BEGIN|[57]|field|Schema.SObjectField|true|false
00:04:47.0 (78115260)|VARIABLE_ASSIGNMENT|[57]|field|"common.apex.runtime.impl.ApexFieldToken@632916b2"|0x632916b2
00:04:47.0 (78122715)|STATEMENT_EXECUTE|[57]
00:04:47.0 (78205220)|HEAP_ALLOCATE|[58]|Bytes:8
00:04:47.0 (78217497)|STATEMENT_EXECUTE|[59]
00:04:47.0 (78231622)|HEAP_ALLOCATE|[59]|Bytes:8
00:04:47.0 (78242141)|HEAP_ALLOCATE|[59]|Bytes:14
00:04:47.0 (78249471)|HEAP_ALLOCATE|[EXTERNAL]|Bytes:4
00:04:47.0 (78259761)|HEAP_ALLOCATE|[57]|Bytes:5
00:04:47.0 (78270961)|VARIABLE_SCOPE_BEGIN|[57]|field|Schema.SObjectField|true|false
00:04:47.0 (78334041)|VARIABLE_ASSIGNMENT|[57]|field|"common.apex.runtime.impl.ApexFieldToken@48c3ccca"|0x48c3ccca
00:04:47.0 (78341505)|STATEMENT_EXECUTE|[57]
00:04:47.0 (78422292)|HEAP_ALLOCATE|[58]|Bytes:8
00:04:47.0 (78435216)|STATEMENT_EXECUTE|[59]
00:04:47.0 (78450036)|HEAP_ALLOCATE|[59]|Bytes:8
00:04:47.0 (78459832)|HEAP_ALLOCATE|[59]|Bytes:25
00:04:47.0 (78467347)|HEAP_ALLOCATE|[EXTERNAL]|Bytes:4
00:04:47.0 (78477688)|HEAP_ALLOCATE|[57]|Bytes:5
00:04:47.0 (78487992)|VARIABLE_SCOPE_BEGIN|[57]|field|Schema.SObjectField|true|false
00:04:47.0 (78548265)|VARIABLE_ASSIGNMENT|[57]|field|"common.apex.runtime.impl.ApexFieldToken@34c31cc7"|0x34c31cc7
00:04:47.0 (78557124)|STATEMENT_EXECUTE|[57]
00:04:47.0 (78639398)|HEAP_ALLOCATE|[58]|Bytes:8
00:04:47.0 (78650309)|STATEMENT_EXECUTE|[59]
00:04:47.0 (78664202)|HEAP_ALLOCATE|[59]|Bytes:8
00:04:47.0 (78675361)|HEAP_ALLOCATE|[59]|Bytes:15
00:04:47.0 (78682939)|HEAP_ALLOCATE|[EXTERNAL]|Bytes:4
00:04:47.0 (78693231)|HEAP_ALLOCATE|[57]|Bytes:5
00:04:47.0 (78708109)|VARIABLE_SCOPE_BEGIN|[57]|field|Schema.SObjectField|true|false
00:04:47.0 (78771851)|VARIABLE_ASSIGNMENT|[57]|field|"common.apex.runtime.impl.ApexFieldToken@75aeebab"|0x75aeebab
00:04:47.0 (78778775)|STATEMENT_EXECUTE|[57]
00:04:47.0 (78859475)|HEAP_ALLOCATE|[58]|Bytes:8
00:04:47.0 (78871598)|STATEMENT_EXECUTE|[59]
00:04:47.0 (78886027)|HEAP_ALLOCATE|[59]|Bytes:8
00:04:47.0 (78893252)|HEAP_ALLOCATE|[59]|Bytes:23
00:04:47.0 (78903422)|HEAP_ALLOCATE|[EXTERNAL]|Bytes:4
00:04:47.0 (78913795)|HEAP_ALLOCATE|[57]|Bytes:5
00:04:47.0 (78924092)|VARIABLE_SCOPE_BEGIN|[57]|field|Schema.SObjectField|true|false
00:04:47.0 (78988369)|VARIABLE_ASSIGNMENT|[57]|field|"common.apex.runtime.impl.ApexFieldToken@5e19ff2a"|0x5e19ff2a
00:04:47.0 (78994752)|STATEMENT_EXECUTE|[57]
00:04:47.0 (79077220)|HEAP_ALLOCATE|[58]|Bytes:8
00:04:47.0 (79089122)|STATEMENT_EXECUTE|[59]
00:04:47.0 (79104648)|HEAP_ALLOCATE|[59]|Bytes:8
00:04:47.0 (79111412)|HEAP_ALLOCATE|[59]|Bytes:16
00:04:47.0 (79118407)|HEAP_ALLOCATE|[EXTERNAL]|Bytes:4
00:04:47.0 (79131897)|HEAP_ALLOCATE|[57]|Bytes:5
00:04:47.0 (79143590)|VARIABLE_SCOPE_BEGIN|[57]|field|Schema.SObjectField|true|false
00:04:47.0 (79203470)|VARIABLE_ASSIGNMENT|[57]|field|"common.apex.runtime.impl.ApexFieldToken@8eacdbf"|0x8eacdbf
00:04:47.0 (79210412)|STATEMENT_EXECUTE|[57]
00:04:47.0 (79290301)|HEAP_ALLOCATE|[58]|Bytes:8
00:04:47.0 (79301794)|STATEMENT_EXECUTE|[59]
00:04:47.0 (79316250)|HEAP_ALLOCATE|[59]|Bytes:8
00:04:47.0 (79327423)|HEAP_ALLOCATE|[59]|Bytes:14
00:04:47.0 (79334900)|HEAP_ALLOCATE|[EXTERNAL]|Bytes:4
00:04:47.0 (79345842)|HEAP_ALLOCATE|[57]|Bytes:5
00:04:47.0 (79356807)|VARIABLE_SCOPE_BEGIN|[57]|field|Schema.SObjectField|true|false
00:04:47.0 (79421091)|VARIABLE_ASSIGNMENT|[57]|field|"common.apex.runtime.impl.ApexFieldToken@2463cd41"|0x2463cd41
00:04:47.0 (79427745)|STATEMENT_EXECUTE|[57]
00:04:47.0 (79508141)|HEAP_ALLOCATE|[58]|Bytes:8
00:04:47.0 (79519219)|STATEMENT_EXECUTE|[59]
00:04:47.0 (79535027)|HEAP_ALLOCATE|[59]|Bytes:8
00:04:47.0 (79543140)|HEAP_ALLOCATE|[59]|Bytes:13
00:04:47.0 (79549842)|HEAP_ALLOCATE|[EXTERNAL]|Bytes:4
00:04:47.0 (79563684)|HEAP_ALLOCATE|[57]|Bytes:5
00:04:47.0 (79574697)|VARIABLE_SCOPE_BEGIN|[57]|field|Schema.SObjectField|true|false
00:04:47.0 (79642263)|VARIABLE_ASSIGNMENT|[57]|field|"common.apex.runtime.impl.ApexFieldToken@269299d5"|0x269299d5
00:04:47.0 (79648788)|STATEMENT_EXECUTE|[57]
00:04:47.0 (79732112)|HEAP_ALLOCATE|[58]|Bytes:8
00:04:47.0 (79743365)|STATEMENT_EXECUTE|[59]
00:04:47.0 (79757407)|HEAP_ALLOCATE|[59]|Bytes:8
00:04:47.0 (79764280)|HEAP_ALLOCATE|[59]|Bytes:5
00:04:47.0 (79772820)|HEAP_ALLOCATE|[EXTERNAL]|Bytes:4
00:04:47.0 (79784053)|HEAP_ALLOCATE|[57]|Bytes:5
00:04:47.0 (79794492)|VARIABLE_SCOPE_BEGIN|[57]|field|Schema.SObjectField|true|false
00:04:47.0 (79858309)|VARIABLE_ASSIGNMENT|[57]|field|"common.apex.runtime.impl.ApexFieldToken@37e3c282"|0x37e3c282
00:04:47.0 (79864604)|STATEMENT_EXECUTE|[57]
00:04:47.0 (79941455)|HEAP_ALLOCATE|[58]|Bytes:8
00:04:47.0 (79953468)|STATEMENT_EXECUTE|[59]
00:04:47.0 (79967764)|HEAP_ALLOCATE|[59]|Bytes:8
00:04:47.0 (79975365)|HEAP_ALLOCATE|[59]|Bytes:11
00:04:47.0 (79983993)|HEAP_ALLOCATE|[EXTERNAL]|Bytes:4
00:04:47.0 (79994614)|HEAP_ALLOCATE|[57]|Bytes:5
00:04:47.0 (80004853)|VARIABLE_SCOPE_BEGIN|[57]|field|Schema.SObjectField|true|false
00:04:47.0 (80070426)|VARIABLE_ASSIGNMENT|[57]|field|"common.apex.runtime.impl.ApexFieldToken@693a76f4"|0x693a76f4
00:04:47.0 (80077162)|STATEMENT_EXECUTE|[57]
00:04:47.0 (80156053)|HEAP_ALLOCATE|[58]|Bytes:8
00:04:47.0 (80170338)|STATEMENT_EXECUTE|[59]
00:04:47.0 (80184884)|HEAP_ALLOCATE|[59]|Bytes:8
00:04:47.0 (80192551)|HEAP_ALLOCATE|[59]|Bytes:5
00:04:47.0 (80199576)|HEAP_ALLOCATE|[EXTERNAL]|Bytes:4
00:04:47.0 (80209529)|HEAP_ALLOCATE|[57]|Bytes:5
00:04:47.0 (80221976)|VARIABLE_SCOPE_BEGIN|[57]|field|Schema.SObjectField|true|false
00:04:47.0 (80284632)|VARIABLE_ASSIGNMENT|[57]|field|"common.apex.runtime.impl.ApexFieldToken@5389b757"|0x5389b757
00:04:47.0 (80291843)|STATEMENT_EXECUTE|[57]
00:04:47.0 (80428817)|HEAP_ALLOCATE|[58]|Bytes:8
00:04:47.0 (80442259)|STATEMENT_EXECUTE|[59]
00:04:47.0 (80457780)|HEAP_ALLOCATE|[59]|Bytes:8
00:04:47.0 (80469179)|HEAP_ALLOCATE|[59]|Bytes:25
00:04:47.0 (80477052)|HEAP_ALLOCATE|[EXTERNAL]|Bytes:4
00:04:47.0 (80487567)|HEAP_ALLOCATE|[57]|Bytes:5
00:04:47.0 (80498297)|VARIABLE_SCOPE_BEGIN|[57]|field|Schema.SObjectField|true|false
00:04:47.0 (80558696)|VARIABLE_ASSIGNMENT|[57]|field|"common.apex.runtime.impl.ApexFieldToken@61e7c0c2"|0x61e7c0c2
00:04:47.0 (80565692)|STATEMENT_EXECUTE|[57]
00:04:47.0 (80684253)|HEAP_ALLOCATE|[58]|Bytes:8
00:04:47.0 (80703776)|STATEMENT_EXECUTE|[59]
00:04:47.0 (80719175)|HEAP_ALLOCATE|[59]|Bytes:8
00:04:47.0 (80726639)|HEAP_ALLOCATE|[59]|Bytes:12
00:04:47.0 (80734249)|HEAP_ALLOCATE|[EXTERNAL]|Bytes:4
00:04:47.0 (80746541)|HEAP_ALLOCATE|[57]|Bytes:5
00:04:47.0 (80758112)|VARIABLE_SCOPE_BEGIN|[57]|field|Schema.SObjectField|true|false
00:04:47.0 (80823666)|VARIABLE_ASSIGNMENT|[57]|field|"common.apex.runtime.impl.ApexFieldToken@4839f9ae"|0x4839f9ae
00:04:47.0 (80830886)|STATEMENT_EXECUTE|[57]
00:04:47.0 (80912354)|HEAP_ALLOCATE|[58]|Bytes:8
00:04:47.0 (80927456)|STATEMENT_EXECUTE|[59]
00:04:47.0 (80941803)|HEAP_ALLOCATE|[59]|Bytes:8
00:04:47.0 (80948881)|HEAP_ALLOCATE|[59]|Bytes:21
00:04:47.0 (80956460)|HEAP_ALLOCATE|[EXTERNAL]|Bytes:4
00:04:47.0 (80968406)|HEAP_ALLOCATE|[57]|Bytes:5
00:04:47.0 (80979338)|VARIABLE_SCOPE_BEGIN|[57]|field|Schema.SObjectField|true|false
00:04:47.0 (81041759)|VARIABLE_ASSIGNMENT|[57]|field|"common.apex.runtime.impl.ApexFieldToken@720ebb8b"|0x720ebb8b
00:04:47.0 (81051129)|STATEMENT_EXECUTE|[57]
00:04:47.0 (81130238)|HEAP_ALLOCATE|[58]|Bytes:8
00:04:47.0 (81141815)|STATEMENT_EXECUTE|[59]
00:04:47.0 (81159921)|HEAP_ALLOCATE|[59]|Bytes:8
00:04:47.0 (81167338)|HEAP_ALLOCATE|[59]|Bytes:19
00:04:47.0 (81174318)|HEAP_ALLOCATE|[EXTERNAL]|Bytes:4
00:04:47.0 (81184595)|HEAP_ALLOCATE|[57]|Bytes:5
00:04:47.0 (81195301)|VARIABLE_SCOPE_BEGIN|[57]|field|Schema.SObjectField|true|false
00:04:47.0 (81256903)|VARIABLE_ASSIGNMENT|[57]|field|"common.apex.runtime.impl.ApexFieldToken@6ca38992"|0x6ca38992
00:04:47.0 (81263489)|STATEMENT_EXECUTE|[57]
00:04:47.0 (81343444)|HEAP_ALLOCATE|[58]|Bytes:8
00:04:47.0 (81358051)|STATEMENT_EXECUTE|[59]
00:04:47.0 (81372855)|HEAP_ALLOCATE|[59]|Bytes:8
00:04:47.0 (81380338)|HEAP_ALLOCATE|[59]|Bytes:8
00:04:47.0 (81387606)|HEAP_ALLOCATE|[EXTERNAL]|Bytes:4
00:04:47.0 (81399422)|HEAP_ALLOCATE|[57]|Bytes:5
00:04:47.0 (81410401)|VARIABLE_SCOPE_BEGIN|[57]|field|Schema.SObjectField|true|false
00:04:47.0 (81475711)|VARIABLE_ASSIGNMENT|[57]|field|"common.apex.runtime.impl.ApexFieldToken@339da514"|0x339da514
00:04:47.0 (81482465)|STATEMENT_EXECUTE|[57]
00:04:47.0 (81559674)|HEAP_ALLOCATE|[58]|Bytes:8
00:04:47.0 (81571688)|STATEMENT_EXECUTE|[59]
00:04:47.0 (81590255)|HEAP_ALLOCATE|[59]|Bytes:8
00:04:47.0 (81598130)|HEAP_ALLOCATE|[59]|Bytes:8
00:04:47.0 (81604879)|HEAP_ALLOCATE|[EXTERNAL]|Bytes:4
00:04:47.0 (81614946)|HEAP_ALLOCATE|[57]|Bytes:5
00:04:47.0 (81626096)|VARIABLE_SCOPE_BEGIN|[57]|field|Schema.SObjectField|true|false
00:04:47.0 (81690365)|VARIABLE_ASSIGNMENT|[57]|field|"common.apex.runtime.impl.ApexFieldToken@346ede40"|0x346ede40
00:04:47.0 (81700842)|STATEMENT_EXECUTE|[57]
00:04:47.0 (81778385)|HEAP_ALLOCATE|[58]|Bytes:8
00:04:47.0 (81790983)|STATEMENT_EXECUTE|[59]
00:04:47.0 (81805338)|HEAP_ALLOCATE|[59]|Bytes:8
00:04:47.0 (81815164)|HEAP_ALLOCATE|[59]|Bytes:10
00:04:47.0 (81822480)|HEAP_ALLOCATE|[EXTERNAL]|Bytes:4
00:04:47.0 (81833113)|HEAP_ALLOCATE|[57]|Bytes:5
00:04:47.0 (81844154)|VARIABLE_SCOPE_BEGIN|[57]|field|Schema.SObjectField|true|false
00:04:47.0 (81902329)|VARIABLE_ASSIGNMENT|[57]|field|"common.apex.runtime.impl.ApexFieldToken@33bbe9a5"|0x33bbe9a5
00:04:47.0 (81908695)|STATEMENT_EXECUTE|[57]
00:04:47.0 (81987465)|HEAP_ALLOCATE|[58]|Bytes:8
00:04:47.0 (81998746)|STATEMENT_EXECUTE|[59]
00:04:47.0 (82016219)|HEAP_ALLOCATE|[59]|Bytes:8
00:04:47.0 (82024547)|HEAP_ALLOCATE|[59]|Bytes:8
00:04:47.0 (82031597)|HEAP_ALLOCATE|[EXTERNAL]|Bytes:4
00:04:47.0 (82041972)|HEAP_ALLOCATE|[57]|Bytes:5
00:04:47.0 (82052049)|VARIABLE_SCOPE_BEGIN|[57]|field|Schema.SObjectField|true|false
00:04:47.0 (82119212)|VARIABLE_ASSIGNMENT|[57]|field|"common.apex.runtime.impl.ApexFieldToken@43a41959"|0x43a41959
00:04:47.0 (82126817)|STATEMENT_EXECUTE|[57]
00:04:47.0 (82206511)|HEAP_ALLOCATE|[58]|Bytes:8
00:04:47.0 (82219554)|STATEMENT_EXECUTE|[59]
00:04:47.0 (82233033)|HEAP_ALLOCATE|[59]|Bytes:8
00:04:47.0 (82243235)|HEAP_ALLOCATE|[59]|Bytes:7
00:04:47.0 (82250368)|HEAP_ALLOCATE|[EXTERNAL]|Bytes:4
00:04:47.0 (82260829)|HEAP_ALLOCATE|[57]|Bytes:5
00:04:47.0 (82271385)|VARIABLE_SCOPE_BEGIN|[57]|field|Schema.SObjectField|true|false
00:04:47.0 (82335944)|VARIABLE_ASSIGNMENT|[57]|field|"common.apex.runtime.impl.ApexFieldToken@1dcfb13c"|0x1dcfb13c
00:04:47.0 (82342602)|STATEMENT_EXECUTE|[57]
00:04:47.0 (82418030)|HEAP_ALLOCATE|[58]|Bytes:8
00:04:47.0 (82429474)|STATEMENT_EXECUTE|[59]
00:04:47.0 (82445547)|HEAP_ALLOCATE|[59]|Bytes:8
00:04:47.0 (82452436)|HEAP_ALLOCATE|[59]|Bytes:8
00:04:47.0 (82459885)|HEAP_ALLOCATE|[EXTERNAL]|Bytes:4
00:04:47.0 (82473525)|HEAP_ALLOCATE|[57]|Bytes:5
00:04:47.0 (82484481)|VARIABLE_SCOPE_BEGIN|[57]|field|Schema.SObjectField|true|false
00:04:47.0 (82544230)|VARIABLE_ASSIGNMENT|[57]|field|"common.apex.runtime.impl.ApexFieldToken@5f11f01b"|0x5f11f01b
00:04:47.0 (82550872)|STATEMENT_EXECUTE|[57]
00:04:47.0 (82631104)|HEAP_ALLOCATE|[58]|Bytes:8
00:04:47.0 (82642184)|STATEMENT_EXECUTE|[59]
00:04:47.0 (82657990)|HEAP_ALLOCATE|[59]|Bytes:8
00:04:47.0 (82664831)|HEAP_ALLOCATE|[59]|Bytes:7
00:04:47.0 (82671652)|HEAP_ALLOCATE|[EXTERNAL]|Bytes:4
00:04:47.0 (82686351)|HEAP_ALLOCATE|[57]|Bytes:5
00:04:47.0 (82700208)|VARIABLE_ASSIGNMENT|[57]|field|null|
00:04:47.0 (82705659)|STATEMENT_EXECUTE|[61]
00:04:47.0 (82710121)|VARIABLE_SCOPE_BEGIN|[61]|allfields|String|false|false
00:04:47.0 (82721010)|VARIABLE_ASSIGNMENT|[61]|allfields|""
00:04:47.0 (82769302)|HEAP_ALLOCATE|[62]|Bytes:5
00:04:47.0 (82778360)|HEAP_ALLOCATE|[62]|Bytes:2
00:04:47.0 (82784966)|VARIABLE_SCOPE_BEGIN|[62]|fieldname|String|false|false
00:04:47.0 (82794035)|VARIABLE_ASSIGNMENT|[62]|fieldname|"Id"
00:04:47.0 (82798288)|STATEMENT_EXECUTE|[63]
00:04:47.0 (82800555)|HEAP_ALLOCATE|[63]|Bytes:1
00:04:47.0 (82818146)|HEAP_ALLOCATE|[63]|Bytes:3
00:04:47.0 (82823469)|HEAP_ALLOCATE|[63]|Bytes:3
00:04:47.0 (82828261)|VARIABLE_ASSIGNMENT|[63]|allfields|"Id,"
00:04:47.0 (82838807)|HEAP_ALLOCATE|[62]|Bytes:5
00:04:47.0 (82844795)|HEAP_ALLOCATE|[62]|Bytes:7
00:04:47.0 (82849027)|VARIABLE_SCOPE_BEGIN|[62]|fieldname|String|false|false
00:04:47.0 (82855760)|VARIABLE_ASSIGNMENT|[62]|fieldname|"OwnerId"
00:04:47.0 (82860349)|STATEMENT_EXECUTE|[63]
00:04:47.0 (82863179)|HEAP_ALLOCATE|[63]|Bytes:8
00:04:47.0 (82867441)|HEAP_ALLOCATE|[63]|Bytes:11
00:04:47.0 (82871686)|VARIABLE_ASSIGNMENT|[63]|allfields|"Id,OwnerId,"
00:04:47.0 (82878871)|HEAP_ALLOCATE|[62]|Bytes:5
00:04:47.0 (82886386)|HEAP_ALLOCATE|[62]|Bytes:9
00:04:47.0 (82890076)|VARIABLE_SCOPE_BEGIN|[62]|fieldname|String|false|false
00:04:47.0 (82896912)|VARIABLE_ASSIGNMENT|[62]|fieldname|"IsDeleted"
00:04:47.0 (82900598)|STATEMENT_EXECUTE|[63]
00:04:47.0 (82903045)|HEAP_ALLOCATE|[63]|Bytes:10
00:04:47.0 (82907245)|HEAP_ALLOCATE|[63]|Bytes:21
00:04:47.0 (82917433)|VARIABLE_ASSIGNMENT|[63]|allfields|"Id,OwnerId,IsDeleted (1 more) ..."
00:04:47.0 (82924956)|HEAP_ALLOCATE|[62]|Bytes:5
00:04:47.0 (82930483)|HEAP_ALLOCATE|[62]|Bytes:4
00:04:47.0 (82934180)|VARIABLE_SCOPE_BEGIN|[62]|fieldname|String|false|false
00:04:47.0 (82940766)|VARIABLE_ASSIGNMENT|[62]|fieldname|"Name"
00:04:47.0 (82943850)|STATEMENT_EXECUTE|[63]
00:04:47.0 (82946317)|HEAP_ALLOCATE|[63]|Bytes:5
00:04:47.0 (82949880)|HEAP_ALLOCATE|[63]|Bytes:26
00:04:47.0 (82954823)|VARIABLE_ASSIGNMENT|[63]|allfields|"Id,OwnerId,IsDeleted (6 more) ..."
00:04:47.0 (82962559)|HEAP_ALLOCATE|[62]|Bytes:5
00:04:47.0 (82968293)|HEAP_ALLOCATE|[62]|Bytes:11
00:04:47.0 (82971699)|VARIABLE_SCOPE_BEGIN|[62]|fieldname|String|false|false
00:04:47.0 (82978548)|VARIABLE_ASSIGNMENT|[62]|fieldname|"CreatedDate"
00:04:47.0 (82982111)|STATEMENT_EXECUTE|[63]
00:04:47.0 (82984456)|HEAP_ALLOCATE|[63]|Bytes:12
00:04:47.0 (82991115)|HEAP_ALLOCATE|[63]|Bytes:38
00:04:47.0 (82995753)|VARIABLE_ASSIGNMENT|[63]|allfields|"Id,OwnerId,IsDeleted (18 more) ..."
00:04:47.0 (83003016)|HEAP_ALLOCATE|[62]|Bytes:5
00:04:47.0 (83009065)|HEAP_ALLOCATE|[62]|Bytes:11
00:04:47.0 (83012873)|VARIABLE_SCOPE_BEGIN|[62]|fieldname|String|false|false
00:04:47.0 (83020303)|VARIABLE_ASSIGNMENT|[62]|fieldname|"CreatedById"
00:04:47.0 (83024095)|STATEMENT_EXECUTE|[63]
00:04:47.0 (83026475)|HEAP_ALLOCATE|[63]|Bytes:12
00:04:47.0 (83029639)|HEAP_ALLOCATE|[63]|Bytes:50
00:04:47.0 (83033871)|VARIABLE_ASSIGNMENT|[63]|allfields|"Id,OwnerId,IsDeleted (30 more) ..."
00:04:47.0 (83042316)|HEAP_ALLOCATE|[62]|Bytes:5
00:04:47.0 (83048264)|HEAP_ALLOCATE|[62]|Bytes:16
00:04:47.0 (83051954)|VARIABLE_SCOPE_BEGIN|[62]|fieldname|String|false|false
00:04:47.0 (83058864)|VARIABLE_ASSIGNMENT|[62]|fieldname|"LastModifiedDate"
00:04:47.0 (83062833)|STATEMENT_EXECUTE|[63]
00:04:47.0 (83067852)|HEAP_ALLOCATE|[63]|Bytes:17
00:04:47.0 (83071273)|HEAP_ALLOCATE|[63]|Bytes:67
00:04:47.0 (83075314)|VARIABLE_ASSIGNMENT|[63]|allfields|"Id,OwnerId,IsDeleted (47 more) ..."
00:04:47.0 (83082678)|HEAP_ALLOCATE|[62]|Bytes:5
00:04:47.0 (83088349)|HEAP_ALLOCATE|[62]|Bytes:16
00:04:47.0 (83092081)|VARIABLE_SCOPE_BEGIN|[62]|fieldname|String|false|false
00:04:47.0 (83098771)|VARIABLE_ASSIGNMENT|[62]|fieldname|"LastModifiedById"
00:04:47.0 (83102607)|STATEMENT_EXECUTE|[63]
00:04:47.0 (83104982)|HEAP_ALLOCATE|[63]|Bytes:17
00:04:47.0 (83108703)|HEAP_ALLOCATE|[63]|Bytes:84
00:04:47.0 (83114162)|VARIABLE_ASSIGNMENT|[63]|allfields|"Id,OwnerId,IsDeleted (64 more) ..."
00:04:47.0 (83121305)|HEAP_ALLOCATE|[62]|Bytes:5
00:04:47.0 (83126786)|HEAP_ALLOCATE|[62]|Bytes:14
00:04:47.0 (83130228)|VARIABLE_SCOPE_BEGIN|[62]|fieldname|String|false|false
00:04:47.0 (83137096)|VARIABLE_ASSIGNMENT|[62]|fieldname|"SystemModstamp"
00:04:47.0 (83140733)|STATEMENT_EXECUTE|[63]
00:04:47.0 (83145745)|HEAP_ALLOCATE|[63]|Bytes:15
00:04:47.0 (83149931)|HEAP_ALLOCATE|[63]|Bytes:99
00:04:47.0 (83154359)|VARIABLE_ASSIGNMENT|[63]|allfields|"Id,OwnerId,IsDeleted (79 more) ..."
00:04:47.0 (83161310)|HEAP_ALLOCATE|[62]|Bytes:5
00:04:47.0 (83166836)|HEAP_ALLOCATE|[62]|Bytes:16
00:04:47.0 (83170674)|VARIABLE_SCOPE_BEGIN|[62]|fieldname|String|false|false
00:04:47.0 (83177706)|VARIABLE_ASSIGNMENT|[62]|fieldname|"LastActivityDate"
00:04:47.0 (83180829)|STATEMENT_EXECUTE|[63]
00:04:47.0 (83183087)|HEAP_ALLOCATE|[63]|Bytes:17
00:04:47.0 (83186783)|HEAP_ALLOCATE|[63]|Bytes:116
00:04:47.0 (83191015)|VARIABLE_ASSIGNMENT|[63]|allfields|"Id,OwnerId,IsDeleted (96 more) ..."
00:04:47.0 (83198164)|HEAP_ALLOCATE|[62]|Bytes:5
00:04:47.0 (83203046)|HEAP_ALLOCATE|[62]|Bytes:14
00:04:47.0 (83206682)|VARIABLE_SCOPE_BEGIN|[62]|fieldname|String|false|false
00:04:47.0 (83213447)|VARIABLE_ASSIGNMENT|[62]|fieldname|"LastViewedDate"
00:04:47.0 (83216471)|STATEMENT_EXECUTE|[63]
00:04:47.0 (83218655)|HEAP_ALLOCATE|[63]|Bytes:15
00:04:47.0 (83222221)|HEAP_ALLOCATE|[63]|Bytes:131
00:04:47.0 (83226531)|VARIABLE_ASSIGNMENT|[63]|allfields|"Id,OwnerId,IsDeleted (111 more) ..."
00:04:47.0 (83232870)|HEAP_ALLOCATE|[62]|Bytes:5
00:04:47.0 (83237881)|HEAP_ALLOCATE|[62]|Bytes:18
00:04:47.0 (83241819)|VARIABLE_SCOPE_BEGIN|[62]|fieldname|String|false|false
00:04:47.0 (83248443)|VARIABLE_ASSIGNMENT|[62]|fieldname|"LastReferencedDate"
00:04:47.0 (83251673)|STATEMENT_EXECUTE|[63]
00:04:47.0 (83254032)|HEAP_ALLOCATE|[63]|Bytes:19
00:04:47.0 (83258229)|HEAP_ALLOCATE|[63]|Bytes:150
00:04:47.0 (83264259)|VARIABLE_ASSIGNMENT|[63]|allfields|"Id,OwnerId,IsDeleted (130 more) ..."
00:04:47.0 (83270935)|HEAP_ALLOCATE|[62]|Bytes:5
00:04:47.0 (83276446)|HEAP_ALLOCATE|[62]|Bytes:9
00:04:47.0 (83280135)|VARIABLE_SCOPE_BEGIN|[62]|fieldname|String|false|false
00:04:47.0 (83287282)|VARIABLE_ASSIGNMENT|[62]|fieldname|"Client__c"
00:04:47.0 (83293288)|STATEMENT_EXECUTE|[63]
00:04:47.0 (83295732)|HEAP_ALLOCATE|[63]|Bytes:10
00:04:47.0 (83299397)|HEAP_ALLOCATE|[63]|Bytes:160
00:04:47.0 (83303702)|VARIABLE_ASSIGNMENT|[63]|allfields|"Id,OwnerId,IsDeleted (140 more) ..."
00:04:47.0 (83310581)|HEAP_ALLOCATE|[62]|Bytes:5
00:04:47.0 (83315846)|HEAP_ALLOCATE|[62]|Bytes:15
00:04:47.0 (83319503)|VARIABLE_SCOPE_BEGIN|[62]|fieldname|String|false|false
00:04:47.0 (83326451)|VARIABLE_ASSIGNMENT|[62]|fieldname|"End_Customer__c"
00:04:47.0 (83329611)|STATEMENT_EXECUTE|[63]
00:04:47.0 (83331827)|HEAP_ALLOCATE|[63]|Bytes:16
00:04:47.0 (83336369)|HEAP_ALLOCATE|[63]|Bytes:176
00:04:47.0 (83341998)|VARIABLE_ASSIGNMENT|[63]|allfields|"Id,OwnerId,IsDeleted (156 more) ..."
00:04:47.0 (83349188)|HEAP_ALLOCATE|[62]|Bytes:5
00:04:47.0 (83354639)|HEAP_ALLOCATE|[62]|Bytes:19
00:04:47.0 (83358370)|VARIABLE_SCOPE_BEGIN|[62]|fieldname|String|false|false
00:04:47.0 (83367783)|VARIABLE_ASSIGNMENT|[62]|fieldname|"Operation_Region__c"
00:04:47.0 (83371291)|STATEMENT_EXECUTE|[63]
00:04:47.0 (83373624)|HEAP_ALLOCATE|[63]|Bytes:20
00:04:47.0 (83377043)|HEAP_ALLOCATE|[63]|Bytes:196
00:04:47.0 (83381434)|VARIABLE_ASSIGNMENT|[63]|allfields|"Id,OwnerId,IsDeleted (176 more) ..."
00:04:47.0 (83387861)|HEAP_ALLOCATE|[62]|Bytes:5
00:04:47.0 (83393484)|HEAP_ALLOCATE|[62]|Bytes:14
00:04:47.0 (83396948)|VARIABLE_SCOPE_BEGIN|[62]|fieldname|String|false|false
00:04:47.0 (83403756)|VARIABLE_ASSIGNMENT|[62]|fieldname|"Work_Region__c"
00:04:47.0 (83407045)|STATEMENT_EXECUTE|[63]
00:04:47.0 (83409480)|HEAP_ALLOCATE|[63]|Bytes:15
00:04:47.0 (83413317)|HEAP_ALLOCATE|[63]|Bytes:211
00:04:47.0 (83418434)|VARIABLE_ASSIGNMENT|[63]|allfields|"Id,OwnerId,IsDeleted (191 more) ..."
00:04:47.0 (83426430)|HEAP_ALLOCATE|[62]|Bytes:5
00:04:47.0 (83432324)|HEAP_ALLOCATE|[62]|Bytes:25
00:04:47.0 (83436226)|VARIABLE_SCOPE_BEGIN|[62]|fieldname|String|false|false
00:04:47.0 (83444078)|VARIABLE_ASSIGNMENT|[62]|fieldname|"Client_Project_Manag (5 more) ..."
00:04:47.0 (83449757)|STATEMENT_EXECUTE|[63]
00:04:47.0 (83452122)|HEAP_ALLOCATE|[63]|Bytes:26
00:04:47.0 (83456303)|HEAP_ALLOCATE|[63]|Bytes:237
00:04:47.0 (83460458)|VARIABLE_ASSIGNMENT|[63]|allfields|"Id,OwnerId,IsDeleted (217 more) ..."
00:04:47.0 (83467056)|HEAP_ALLOCATE|[62]|Bytes:5
00:04:47.0 (83472268)|HEAP_ALLOCATE|[62]|Bytes:15
00:04:47.0 (83476313)|VARIABLE_SCOPE_BEGIN|[62]|fieldname|String|false|false
00:04:47.0 (83483478)|VARIABLE_ASSIGNMENT|[62]|fieldname|"Project_code__c"
00:04:47.0 (83486594)|STATEMENT_EXECUTE|[63]
00:04:47.0 (83488849)|HEAP_ALLOCATE|[63]|Bytes:16
00:04:47.0 (83494216)|HEAP_ALLOCATE|[63]|Bytes:253
00:04:47.0 (83498951)|VARIABLE_ASSIGNMENT|[63]|allfields|"Id,OwnerId,IsDeleted (233 more) ..."
00:04:47.0 (83506277)|HEAP_ALLOCATE|[62]|Bytes:5
00:04:47.0 (83511470)|HEAP_ALLOCATE|[62]|Bytes:23
00:04:47.0 (83515107)|VARIABLE_SCOPE_BEGIN|[62]|fieldname|String|false|false
00:04:47.0 (83525240)|VARIABLE_ASSIGNMENT|[62]|fieldname|"Company_project_code (3 more) ..."
00:04:47.0 (83528723)|STATEMENT_EXECUTE|[63]
00:04:47.0 (83531130)|HEAP_ALLOCATE|[63]|Bytes:24
00:04:47.0 (83534750)|HEAP_ALLOCATE|[63]|Bytes:277
00:04:47.0 (83539262)|VARIABLE_ASSIGNMENT|[63]|allfields|"Id,OwnerId,IsDeleted (257 more) ..."
00:04:47.0 (83545975)|HEAP_ALLOCATE|[62]|Bytes:5
00:04:47.0 (83551311)|HEAP_ALLOCATE|[62]|Bytes:16
00:04:47.0 (83555422)|VARIABLE_SCOPE_BEGIN|[62]|fieldname|String|false|false
00:04:47.0 (83562548)|VARIABLE_ASSIGNMENT|[62]|fieldname|"Project_Scope__c"
00:04:47.0 (83565928)|STATEMENT_EXECUTE|[63]
00:04:47.0 (83568232)|HEAP_ALLOCATE|[63]|Bytes:17
00:04:47.0 (83571720)|HEAP_ALLOCATE|[63]|Bytes:294
00:04:47.0 (83577362)|VARIABLE_ASSIGNMENT|[63]|allfields|"Id,OwnerId,IsDeleted (274 more) ..."
00:04:47.0 (83583834)|HEAP_ALLOCATE|[62]|Bytes:5
00:04:47.0 (83588999)|HEAP_ALLOCATE|[62]|Bytes:14
00:04:47.0 (83592747)|VARIABLE_SCOPE_BEGIN|[62]|fieldname|String|false|false
00:04:47.0 (83599651)|VARIABLE_ASSIGNMENT|[62]|fieldname|"Cost_Centre__c"
00:04:47.0 (83606267)|STATEMENT_EXECUTE|[63]
00:04:47.0 (83608716)|HEAP_ALLOCATE|[63]|Bytes:15
00:04:47.0 (83612381)|HEAP_ALLOCATE|[63]|Bytes:309
00:04:47.0 (83616925)|VARIABLE_ASSIGNMENT|[63]|allfields|"Id,OwnerId,IsDeleted (289 more) ..."
00:04:47.0 (83624681)|HEAP_ALLOCATE|[62]|Bytes:5
00:04:47.0 (83630870)|HEAP_ALLOCATE|[62]|Bytes:13
00:04:47.0 (83634636)|VARIABLE_SCOPE_BEGIN|[62]|fieldname|String|false|false
00:04:47.0 (83641750)|VARIABLE_ASSIGNMENT|[62]|fieldname|"Production__c"
00:04:47.0 (83645403)|STATEMENT_EXECUTE|[63]
00:04:47.0 (83648587)|HEAP_ALLOCATE|[63]|Bytes:14
00:04:47.0 (83652900)|HEAP_ALLOCATE|[63]|Bytes:323
00:04:47.0 (83659063)|VARIABLE_ASSIGNMENT|[63]|allfields|"Id,OwnerId,IsDeleted (303 more) ..."
00:04:47.0 (83666188)|HEAP_ALLOCATE|[62]|Bytes:5
00:04:47.0 (83671415)|HEAP_ALLOCATE|[62]|Bytes:5
00:04:47.0 (83675143)|VARIABLE_SCOPE_BEGIN|[62]|fieldname|String|false|false
00:04:47.0 (83683425)|VARIABLE_ASSIGNMENT|[62]|fieldname|"QC__c"
00:04:47.0 (83690961)|STATEMENT_EXECUTE|[63]
00:04:47.0 (83693483)|HEAP_ALLOCATE|[63]|Bytes:6
00:04:47.0 (83700626)|HEAP_ALLOCATE|[63]|Bytes:329
00:04:47.0 (83705159)|VARIABLE_ASSIGNMENT|[63]|allfields|"Id,OwnerId,IsDeleted (309 more) ..."
00:04:47.0 (83711633)|HEAP_ALLOCATE|[62]|Bytes:5
00:04:47.0 (83717655)|HEAP_ALLOCATE|[62]|Bytes:11
00:04:47.0 (83721612)|VARIABLE_SCOPE_BEGIN|[62]|fieldname|String|false|false
00:04:47.0 (83729196)|VARIABLE_ASSIGNMENT|[62]|fieldname|"Delivery__c"
00:04:47.0 (83732420)|STATEMENT_EXECUTE|[63]
00:04:47.0 (83734771)|HEAP_ALLOCATE|[63]|Bytes:12
00:04:47.0 (83739731)|HEAP_ALLOCATE|[63]|Bytes:341
00:04:47.0 (83745902)|VARIABLE_ASSIGNMENT|[63]|allfields|"Id,OwnerId,IsDeleted (321 more) ..."
00:04:47.0 (83753214)|HEAP_ALLOCATE|[62]|Bytes:5
00:04:47.0 (83758949)|HEAP_ALLOCATE|[62]|Bytes:5
00:04:47.0 (83762298)|VARIABLE_SCOPE_BEGIN|[62]|fieldname|String|false|false
00:04:47.0 (83771916)|VARIABLE_ASSIGNMENT|[62]|fieldname|"QA__c"
00:04:47.0 (83775461)|STATEMENT_EXECUTE|[63]
00:04:47.0 (83777920)|HEAP_ALLOCATE|[63]|Bytes:6
00:04:47.0 (83781716)|HEAP_ALLOCATE|[63]|Bytes:347
00:04:47.0 (83786277)|VARIABLE_ASSIGNMENT|[63]|allfields|"Id,OwnerId,IsDeleted (327 more) ..."
00:04:47.0 (83793514)|HEAP_ALLOCATE|[62]|Bytes:5
00:04:47.0 (83799658)|HEAP_ALLOCATE|[62]|Bytes:25
00:04:47.0 (83803312)|VARIABLE_SCOPE_BEGIN|[62]|fieldname|String|false|false
00:04:47.0 (83811122)|VARIABLE_ASSIGNMENT|[62]|fieldname|"OffshoreProjectManag (5 more) ..."
00:04:47.0 (83815630)|STATEMENT_EXECUTE|[63]
00:04:47.0 (83817954)|HEAP_ALLOCATE|[63]|Bytes:26
00:04:47.0 (83822447)|HEAP_ALLOCATE|[63]|Bytes:373
00:04:47.0 (83827086)|VARIABLE_ASSIGNMENT|[63]|allfields|"Id,OwnerId,IsDeleted (353 more) ..."
00:04:47.0 (83833979)|HEAP_ALLOCATE|[62]|Bytes:5
00:04:47.0 (83839265)|HEAP_ALLOCATE|[62]|Bytes:12
00:04:47.0 (83845840)|VARIABLE_SCOPE_BEGIN|[62]|fieldname|String|false|false
00:04:47.0 (83852802)|VARIABLE_ASSIGNMENT|[62]|fieldname|"Team_Lead__c"
00:04:47.0 (83856614)|STATEMENT_EXECUTE|[63]
00:04:47.0 (83859258)|HEAP_ALLOCATE|[63]|Bytes:13
00:04:47.0 (83862650)|HEAP_ALLOCATE|[63]|Bytes:386
00:04:47.0 (83867614)|VARIABLE_ASSIGNMENT|[63]|allfields|"Id,OwnerId,IsDeleted (366 more) ..."
00:04:47.0 (83874087)|HEAP_ALLOCATE|[62]|Bytes:5
00:04:47.0 (83879347)|HEAP_ALLOCATE|[62]|Bytes:21
00:04:47.0 (83882726)|VARIABLE_SCOPE_BEGIN|[62]|fieldname|String|false|false
00:04:47.0 (83889749)|VARIABLE_ASSIGNMENT|[62]|fieldname|"Project_Start_Date__ (1 more) ..."
00:04:47.0 (83893601)|STATEMENT_EXECUTE|[63]
00:04:47.0 (83895798)|HEAP_ALLOCATE|[63]|Bytes:22
00:04:47.0 (83899369)|HEAP_ALLOCATE|[63]|Bytes:408
00:04:47.0 (83903771)|VARIABLE_ASSIGNMENT|[63]|allfields|"Id,OwnerId,IsDeleted (388 more) ..."
00:04:47.0 (83910288)|HEAP_ALLOCATE|[62]|Bytes:5
00:04:47.0 (83915645)|HEAP_ALLOCATE|[62]|Bytes:19
00:04:47.0 (83918999)|VARIABLE_SCOPE_BEGIN|[62]|fieldname|String|false|false
00:04:47.0 (83925891)|VARIABLE_ASSIGNMENT|[62]|fieldname|"Project_End_Date__c"
00:04:47.0 (83929928)|STATEMENT_EXECUTE|[63]
00:04:47.0 (83932524)|HEAP_ALLOCATE|[63]|Bytes:20
00:04:47.0 (83935983)|HEAP_ALLOCATE|[63]|Bytes:428
00:04:47.0 (83940602)|VARIABLE_ASSIGNMENT|[63]|allfields|"Id,OwnerId,IsDeleted (408 more) ..."
00:04:47.0 (83948715)|HEAP_ALLOCATE|[62]|Bytes:5
00:04:47.0 (83954036)|HEAP_ALLOCATE|[62]|Bytes:8
00:04:47.0 (83957645)|VARIABLE_SCOPE_BEGIN|[62]|fieldname|String|false|false
00:04:47.0 (83965096)|VARIABLE_ASSIGNMENT|[62]|fieldname|"Units__c"
00:04:47.0 (83969101)|STATEMENT_EXECUTE|[63]
00:04:47.0 (83973550)|HEAP_ALLOCATE|[63]|Bytes:9
00:04:47.0 (83978044)|HEAP_ALLOCATE|[63]|Bytes:437
00:04:47.0 (83982340)|VARIABLE_ASSIGNMENT|[63]|allfields|"Id,OwnerId,IsDeleted (417 more) ..."
00:04:47.0 (83989092)|HEAP_ALLOCATE|[62]|Bytes:5
00:04:47.0 (83994268)|HEAP_ALLOCATE|[62]|Bytes:8
00:04:47.0 (83997855)|VARIABLE_SCOPE_BEGIN|[62]|fieldname|String|false|false
00:04:47.0 (84004333)|VARIABLE_ASSIGNMENT|[62]|fieldname|"Nodes__c"
00:04:47.0 (84008620)|STATEMENT_EXECUTE|[63]
00:04:47.0 (84010896)|HEAP_ALLOCATE|[63]|Bytes:9
00:04:47.0 (84014615)|HEAP_ALLOCATE|[63]|Bytes:446
00:04:47.0 (84020587)|VARIABLE_ASSIGNMENT|[63]|allfields|"Id,OwnerId,IsDeleted (426 more) ..."
00:04:47.0 (84028041)|HEAP_ALLOCATE|[62]|Bytes:5
00:04:47.0 (84033535)|HEAP_ALLOCATE|[62]|Bytes:10
00:04:47.0 (84037080)|VARIABLE_SCOPE_BEGIN|[62]|fieldname|String|false|false
00:04:47.0 (84047146)|VARIABLE_ASSIGNMENT|[62]|fieldname|"Footage__c"
00:04:47.0 (84050665)|STATEMENT_EXECUTE|[63]
00:04:47.0 (84053345)|HEAP_ALLOCATE|[63]|Bytes:11
00:04:47.0 (84056923)|HEAP_ALLOCATE|[63]|Bytes:457
00:04:47.0 (84061544)|VARIABLE_ASSIGNMENT|[63]|allfields|"Id,OwnerId,IsDeleted (437 more) ..."
00:04:47.0 (84068629)|HEAP_ALLOCATE|[62]|Bytes:5
00:04:47.0 (84074148)|HEAP_ALLOCATE|[62]|Bytes:8
00:04:47.0 (84078080)|VARIABLE_SCOPE_BEGIN|[62]|fieldname|String|false|false
00:04:47.0 (84084348)|VARIABLE_ASSIGNMENT|[62]|fieldname|"Miles__c"
00:04:47.0 (84087476)|STATEMENT_EXECUTE|[63]
00:04:47.0 (84089739)|HEAP_ALLOCATE|[63]|Bytes:9
00:04:47.0 (84094785)|HEAP_ALLOCATE|[63]|Bytes:466
00:04:47.0 (84099260)|VARIABLE_ASSIGNMENT|[63]|allfields|"Id,OwnerId,IsDeleted (446 more) ..."
00:04:47.0 (84106028)|HEAP_ALLOCATE|[62]|Bytes:5
00:04:47.0 (84111420)|HEAP_ALLOCATE|[62]|Bytes:7
00:04:47.0 (84115221)|VARIABLE_SCOPE_BEGIN|[62]|fieldname|String|false|false
00:04:47.0 (84124274)|VARIABLE_ASSIGNMENT|[62]|fieldname|"Jobs__c"
00:04:47.0 (84128083)|STATEMENT_EXECUTE|[63]
00:04:47.0 (84130364)|HEAP_ALLOCATE|[63]|Bytes:8
00:04:47.0 (84133866)|HEAP_ALLOCATE|[63]|Bytes:474
00:04:47.0 (84137959)|VARIABLE_ASSIGNMENT|[63]|allfields|"Id,OwnerId,IsDeleted (454 more) ..."
00:04:47.0 (84144488)|HEAP_ALLOCATE|[62]|Bytes:5
00:04:47.0 (84149928)|HEAP_ALLOCATE|[62]|Bytes:8
00:04:47.0 (84153651)|VARIABLE_SCOPE_BEGIN|[62]|fieldname|String|false|false
00:04:47.0 (84161024)|VARIABLE_ASSIGNMENT|[62]|fieldname|"Hours__c"
00:04:47.0 (84164690)|STATEMENT_EXECUTE|[63]
00:04:47.0 (84167995)|HEAP_ALLOCATE|[63]|Bytes:9
00:04:47.0 (84172380)|HEAP_ALLOCATE|[63]|Bytes:483
00:04:47.0 (84176660)|VARIABLE_ASSIGNMENT|[63]|allfields|"Id,OwnerId,IsDeleted (463 more) ..."
00:04:47.0 (84183633)|HEAP_ALLOCATE|[62]|Bytes:5
00:04:47.0 (84189445)|HEAP_ALLOCATE|[62]|Bytes:7
00:04:47.0 (84195636)|VARIABLE_SCOPE_BEGIN|[62]|fieldname|String|false|false
00:04:47.0 (84202257)|VARIABLE_ASSIGNMENT|[62]|fieldname|"Team__c"
00:04:47.0 (84205909)|STATEMENT_EXECUTE|[63]
00:04:47.0 (84208301)|HEAP_ALLOCATE|[63]|Bytes:8
00:04:47.0 (84212080)|HEAP_ALLOCATE|[63]|Bytes:491
00:04:47.0 (84216212)|VARIABLE_ASSIGNMENT|[63]|allfields|"Id,OwnerId,IsDeleted (471 more) ..."
00:04:47.0 (84224262)|HEAP_ALLOCATE|[62]|Bytes:5
00:04:47.0 (84234050)|VARIABLE_ASSIGNMENT|[62]|fieldname|null
00:04:47.0 (84238323)|STATEMENT_EXECUTE|[65]
00:04:47.0 (84329942)|HEAP_ALLOCATE|[65]|Bytes:490
00:04:47.0 (84342552)|VARIABLE_ASSIGNMENT|[65]|allfields|"Id,OwnerId,IsDeleted (470 more) ..."
00:04:47.0 (84350186)|STATEMENT_EXECUTE|[67]
00:04:47.0 (84364144)|METHOD_EXIT|[16]|01p7F00000Ehro9|PM_Project_Edit_Controller.getAllFields(String)
00:04:47.0 (84371846)|HEAP_ALLOCATE|[16]|Bytes:32
00:04:47.0 (84381856)|HEAP_ALLOCATE|[16]|Bytes:529
00:04:47.0 (84887072)|SOQL_EXECUTE_BEGIN|[16]|Aggregations:0|select Id,OwnerId,IsDeleted,Name,CreatedDate,CreatedById,LastModifiedDate,LastModifiedById,SystemModstamp,LastActivityDate,LastViewedDate,LastReferencedDate,Client__c,End_Customer__c,Operation_Region__c,Work_Region__c,Client_Project_Manager__c,Project_code__c,Company_project_code__c,Project_Scope__c,Cost_Centre__c,Production__c,QC__c,Delivery__c,QA__c,OffshoreProjectManager__c,Team_Lead__c,Project_Start_Date__c,Project_End_Date__c,Units__c,Nodes__c,Footage__c,Miles__c,Jobs__c,Hours__c,Team__c from Project__c where Id = :pid
00:04:47.0 (88838787)|SOQL_EXECUTE_END|[16]|Rows:1
00:04:47.0 (88858966)|HEAP_ALLOCATE|[16]|Bytes:8
00:04:47.0 (88884247)|HEAP_ALLOCATE|[16]|Bytes:996
00:04:47.0 (88929395)|HEAP_ALLOCATE|[16]|Bytes:8
00:04:47.0 (88944557)|HEAP_ALLOCATE|[16]|Bytes:36
00:04:47.0 (88973562)|HEAP_ALLOCATE|[16]|Bytes:140
00:04:47.0 (89029023)|VARIABLE_ASSIGNMENT|[EXTERNAL]|this|{"mysObject":"0x32b88e33","nonSelectedUserId":"(","usersList":"0x28f5bf47"}|0x54f3cfa6
00:04:47.0 (89093812)|VARIABLE_ASSIGNMENT|[EXTERNAL]|value|{"Id":"a057F000002dVv5QAE","OwnerId":"0057F000000Tiz6QAC","IsDeleted":false,"Name":"tm Test","CreatedDate":"2017-12-19T10:53:33.000Z","CreatedById":"0057F000000Tiz6QAC","LastModifiedDate":"2017-12-19T11:16:32.000Z","LastModifiedById":"0057F000000Tiz6QAC","SystemModstamp":"2018-01-18T18:41:12.000Z","LastViewedDate":"2018-01-22T07:56:51.000Z","LastReferencedDate":"2018-01-22T07:56:51.000Z","Client__c":"a047F000002zkUjQAI","End_Customer__c":"tm Test","Operation_Region__c":"tm Test","Work_Region__c":"tm Test","Client_Project_Manag (5 more) ...":"tm Test","Project_code__c":"tm Test","Company_project_code (3 more) ...":"321","Project_Scope__c":"DESIGNING","Production__c":50,"QC__c":20,"Delivery__c":10,"QA__c":20,"OffshoreProjectManag (5 more) ...":"0057F000000TpcqQAC","Team_Lead__c":"0057F000000TyzfQAC","Project_Start_Date__ (1 more) ...":"2017-12-19T00:00:00.000Z","Project_End_Date__c":"2017-12-19T00:00:00.000Z","Units__c":true,"Nodes__c":true,"Footage__c":false,"Miles__c":false,"Jobs__c":false,"Hours__c":false,"Team__c":"Mani Sasank, Santhos (30 more) ..."}|0x7c404dc4
00:04:47.0 (89149159)|VARIABLE_ASSIGNMENT|[3]|this.mysObject|{"Id":"a057F000002dVv5QAE","OwnerId":"0057F000000Tiz6QAC","IsDeleted":false,"Name":"tm Test","CreatedDate":"2017-12-19T10:53:33.000Z","CreatedById":"0057F000000Tiz6QAC","LastModifiedDate":"2017-12-19T11:16:32.000Z","LastModifiedById":"0057F000000Tiz6QAC","SystemModstamp":"2018-01-18T18:41:12.000Z","LastViewedDate":"2018-01-22T07:56:51.000Z","LastReferencedDate":"2018-01-22T07:56:51.000Z","Client__c":"a047F000002zkUjQAI","End_Customer__c":"tm Test","Operation_Region__c":"tm Test","Work_Region__c":"tm Test","Client_Project_Manag (5 more) ...":"tm Test","Project_code__c":"tm Test","Company_project_code (3 more) ...":"321","Project_Scope__c":"DESIGNING","Production__c":50,"QC__c":20,"Delivery__c":10,"QA__c":20,"OffshoreProjectManag (5 more) ...":"0057F000000TpcqQAC","Team_Lead__c":"0057F000000TyzfQAC","Project_Start_Date__ (1 more) ...":"2017-12-19T00:00:00.000Z","Project_End_Date__c":"2017-12-19T00:00:00.000Z","Units__c":true,"Nodes__c":true,"Footage__c":false,"Miles__c":false,"Jobs__c":false,"Hours__c":false,"Team__c":"Mani Sasank, Santhos (30 more) ..."}|0x54f3cfa6
00:04:47.0 (89171550)|STATEMENT_EXECUTE|[17]
00:04:47.0 (89224982)|VARIABLE_ASSIGNMENT|[EXTERNAL]|this|{"mysObject":"0x7c404dc4","nonSelectedUserId":"(","usersList":"0x28f5bf47"}|0x54f3cfa6
00:04:47.0 (89290005)|VARIABLE_ASSIGNMENT|[EXTERNAL]|this|{"mysObject":"0x7c404dc4","nonSelectedUserId":"(","usersList":"0x28f5bf47"}|0x54f3cfa6
00:04:47.0 (89298908)|VARIABLE_ASSIGNMENT|[EXTERNAL]|value|"tm Test"
00:04:47.0 (89308388)|VARIABLE_ASSIGNMENT|[4]|this.pName|"tm Test"|0x54f3cfa6
00:04:47.0 (89315028)|STATEMENT_EXECUTE|[19]
00:04:47.0 (89318227)|HEAP_ALLOCATE|[19]|Bytes:86
00:04:47.0 (89335991)|HEAP_ALLOCATE|[19]|Bytes:4
00:04:47.0 (89348205)|HEAP_ALLOCATE|[19]|Bytes:7
00:04:47.0 (89555240)|SOQL_EXECUTE_BEGIN|[19]|Aggregations:0|SELECT Name, UserLink__c FROM ProjectJobAssociation__c WHERE ProjectLink__c = :tmpVar1
00:04:47.0 (91729998)|SOQL_EXECUTE_END|[19]|Rows:5
00:04:47.0 (91747985)|HEAP_ALLOCATE|[19]|Bytes:24
00:04:47.0 (91766918)|HEAP_ALLOCATE|[19]|Bytes:380
00:04:47.0 (91821360)|HEAP_ALLOCATE|[19]|Bytes:24
00:04:47.0 (91833632)|VARIABLE_SCOPE_BEGIN|[19]|pja|List<ProjectJobAssociation__c>|true|false
00:04:47.0 (91862690)|VARIABLE_ASSIGNMENT|[19]|pja|[{"Name":"A-0002","UserLink__c":"0057F000000TpdFQAS","Id":"a087F000009HOLTQA4"},{"Name":"A-0003","UserLink__c":"0057F000000TrBBQA0","Id":"a087F000009HOLUQA4"},{"Name":"A-0004","UserLink__c":"0057F000000TrBGQA0","Id":"a087F000009HOLVQA4"},{"Name":"A-0005","UserLink__c":"0057F000000TrBVQA0","Id":"a087F000009HOLWQA4"},{"Name":"A-0006","UserLink__c":"0057F000000Tz0iQAC","Id":"a087F000009HOLXQA4"}]|0x389de892
00:04:47.0 (91873341)|STATEMENT_EXECUTE|[20]
00:04:47.0 (91885186)|HEAP_ALLOCATE|[20]|Bytes:4
00:04:47.0 (91950859)|VARIABLE_ASSIGNMENT|[EXTERNAL]|this|{"mysObject":"0x7c404dc4","nonSelectedUserId":"(","pName":"tm Test","usersList":"0x28f5bf47"}|0x54f3cfa6
00:04:47.0 (91980286)|HEAP_ALLOCATE|[EXTERNAL]|Bytes:4
00:04:47.0 (91989203)|VARIABLE_ASSIGNMENT|[EXTERNAL]|value|[]|0x596ce5c
00:04:47.0 (92001590)|VARIABLE_ASSIGNMENT|[6]|this.selectedUsers|[]|0x54f3cfa6
00:04:47.0 (92141390)|HEAP_ALLOCATE|[21]|Bytes:5
00:04:47.0 (92157655)|HEAP_ALLOCATE|[21]|Bytes:16
00:04:47.0 (92165149)|VARIABLE_SCOPE_BEGIN|[21]|spja|ProjectJobAssociation__c|true|false
00:04:47.0 (92178466)|VARIABLE_ASSIGNMENT|[21]|spja|{"Name":"A-0002","UserLink__c":"0057F000000TpdFQAS","Id":"a087F000009HOLTQA4"}|0x7e70dff
00:04:47.0 (92184327)|STATEMENT_EXECUTE|[21]
00:04:47.0 (92185735)|STATEMENT_EXECUTE|[22]
00:04:47.0 (92188849)|HEAP_ALLOCATE|[22]|Bytes:45
00:04:47.0 (92200653)|HEAP_ALLOCATE|[22]|Bytes:4
00:04:47.0 (92364690)|SOQL_EXECUTE_BEGIN|[22]|Aggregations:0|SELECT Id, Name FROM User WHERE Id = :tmpVar1
00:04:47.0 (95580656)|SOQL_EXECUTE_END|[22]|Rows:1
00:04:47.0 (95597546)|HEAP_ALLOCATE|[22]|Bytes:8
00:04:47.0 (95608945)|HEAP_ALLOCATE|[22]|Bytes:48
00:04:47.0 (95662101)|HEAP_ALLOCATE|[22]|Bytes:8
00:04:47.0 (95673895)|HEAP_ALLOCATE|[22]|Bytes:30
00:04:47.0 (95698330)|HEAP_ALLOCATE|[22]|Bytes:12
00:04:47.0 (95704738)|VARIABLE_SCOPE_BEGIN|[22]|user1|User|true|false
00:04:47.0 (95721510)|VARIABLE_ASSIGNMENT|[22]|user1|{"Id":"0057F000000TpdFQAS","Name":"Mani Sasank"}|0x28bfccbb
00:04:47.0 (95727341)|STATEMENT_EXECUTE|[23]
00:04:47.0 (95732070)|HEAP_ALLOCATE|[23]|Bytes:1
00:04:47.0 (95803784)|HEAP_ALLOCATE|[23]|Bytes:18
00:04:47.0 (95815685)|HEAP_ALLOCATE|[23]|Bytes:2
00:04:47.0 (95823150)|HEAP_ALLOCATE|[23]|Bytes:21
00:04:47.0 (95827671)|HEAP_ALLOCATE|[23]|Bytes:22
00:04:47.0 (95840436)|VARIABLE_ASSIGNMENT|[23]|this.nonSelectedUserId|"('0057F000000TpdFQAS (2 more) ..."|0x54f3cfa6
00:04:47.0 (95846658)|STATEMENT_EXECUTE|[24]
00:04:47.0 (95892295)|VARIABLE_ASSIGNMENT|[EXTERNAL]|this|{"mysObject":"0x7c404dc4","nonSelectedUserId":"('0057F000000TpdFQAS (2 more) ...","pName":"tm Test","selectedUsers":"0x596ce5c","usersList":"0x28f5bf47"}|0x54f3cfa6
00:04:47.0 (95918423)|HEAP_ALLOCATE|[24]|Bytes:18
00:04:47.0 (95965205)|HEAP_ALLOCATE|[EXTERNAL]|Bytes:4
00:04:47.0 (95979572)|HEAP_ALLOCATE|[21]|Bytes:5
00:04:47.0 (95990153)|HEAP_ALLOCATE|[21]|Bytes:16
00:04:47.0 (95997013)|VARIABLE_SCOPE_BEGIN|[21]|spja|ProjectJobAssociation__c|true|false
00:04:47.0 (96010819)|VARIABLE_ASSIGNMENT|[21]|spja|{"Name":"A-0003","UserLink__c":"0057F000000TrBBQA0","Id":"a087F000009HOLUQA4"}|0x4a1f695a
00:04:47.0 (96017938)|STATEMENT_EXECUTE|[21]
00:04:47.0 (96019069)|STATEMENT_EXECUTE|[22]
00:04:47.0 (96028746)|HEAP_ALLOCATE|[22]|Bytes:4
00:04:47.0 (96146133)|SOQL_EXECUTE_BEGIN|[22]|Aggregations:0|SELECT Id, Name FROM User WHERE Id = :tmpVar1
00:04:47.0 (98594852)|SOQL_EXECUTE_END|[22]|Rows:1
00:04:47.0 (98613411)|HEAP_ALLOCATE|[22]|Bytes:8
00:04:47.0 (98627225)|HEAP_ALLOCATE|[22]|Bytes:45
00:04:47.0 (98658437)|HEAP_ALLOCATE|[22]|Bytes:8
00:04:47.0 (98675965)|HEAP_ALLOCATE|[22]|Bytes:12
00:04:47.0 (98683143)|VARIABLE_SCOPE_BEGIN|[22]|user1|User|true|false
00:04:47.0 (98701947)|VARIABLE_ASSIGNMENT|[22]|user1|{"Id":"0057F000000TrBBQA0","Name":"Santhosh"}|0x7e3f3ce4
00:04:47.0 (98708516)|STATEMENT_EXECUTE|[23]
00:04:47.0 (98733690)|HEAP_ALLOCATE|[23]|Bytes:18
00:04:47.0 (98745588)|HEAP_ALLOCATE|[23]|Bytes:21
00:04:47.0 (98749702)|HEAP_ALLOCATE|[23]|Bytes:43
00:04:47.0 (98761674)|VARIABLE_ASSIGNMENT|[23]|this.nonSelectedUserId|"('0057F000000TpdFQAS (23 more) ..."|0x54f3cfa6
00:04:47.0 (98767642)|STATEMENT_EXECUTE|[24]
00:04:47.0 (98796288)|VARIABLE_ASSIGNMENT|[EXTERNAL]|this|{"mysObject":"0x7c404dc4","nonSelectedUserId":"('0057F000000TpdFQAS (23 more) ...","pName":"tm Test","selectedUsers":"0x596ce5c","usersList":"0x28f5bf47"}|0x54f3cfa6
00:04:47.0 (98814549)|HEAP_ALLOCATE|[24]|Bytes:18
00:04:47.0 (98829427)|HEAP_ALLOCATE|[EXTERNAL]|Bytes:4
00:04:47.0 (98844522)|HEAP_ALLOCATE|[21]|Bytes:5
00:04:47.0 (98855835)|HEAP_ALLOCATE|[21]|Bytes:16
00:04:47.0 (98861923)|VARIABLE_SCOPE_BEGIN|[21]|spja|ProjectJobAssociation__c|true|false
00:04:47.0 (98874615)|VARIABLE_ASSIGNMENT|[21]|spja|{"Name":"A-0004","UserLink__c":"0057F000000TrBGQA0","Id":"a087F000009HOLVQA4"}|0x32b3a6d0
00:04:47.0 (98880524)|STATEMENT_EXECUTE|[21]
00:04:47.0 (98881627)|STATEMENT_EXECUTE|[22]
00:04:47.0 (98891891)|HEAP_ALLOCATE|[22]|Bytes:4
00:04:47.0 (99015065)|SOQL_EXECUTE_BEGIN|[22]|Aggregations:0|SELECT Id, Name FROM User WHERE Id = :tmpVar1
00:04:47.0 (101332424)|SOQL_EXECUTE_END|[22]|Rows:1
00:04:47.0 (101349534)|HEAP_ALLOCATE|[22]|Bytes:8
00:04:47.0 (101361004)|HEAP_ALLOCATE|[22]|Bytes:46
00:04:47.0 (101388891)|HEAP_ALLOCATE|[22]|Bytes:8
00:04:47.0 (101404981)|HEAP_ALLOCATE|[22]|Bytes:12
00:04:47.0 (101411248)|VARIABLE_SCOPE_BEGIN|[22]|user1|User|true|false
00:04:47.0 (101427278)|VARIABLE_ASSIGNMENT|[22]|user1|{"Id":"0057F000000TrBGQA0","Name":"Ravi teja"}|0x1e10a72f
00:04:47.0 (101433321)|STATEMENT_EXECUTE|[23]
00:04:47.0 (101455646)|HEAP_ALLOCATE|[23]|Bytes:18
00:04:47.0 (101469897)|HEAP_ALLOCATE|[23]|Bytes:21
00:04:47.0 (101476231)|HEAP_ALLOCATE|[23]|Bytes:64
00:04:47.0 (101489480)|VARIABLE_ASSIGNMENT|[23]|this.nonSelectedUserId|"('0057F000000TpdFQAS (44 more) ..."|0x54f3cfa6
00:04:47.0 (101495684)|STATEMENT_EXECUTE|[24]
00:04:47.0 (101522885)|VARIABLE_ASSIGNMENT|[EXTERNAL]|this|{"mysObject":"0x7c404dc4","nonSelectedUserId":"('0057F000000TpdFQAS (44 more) ...","pName":"tm Test","selectedUsers":"0x596ce5c","usersList":"0x28f5bf47"}|0x54f3cfa6
00:04:47.0 (101541014)|HEAP_ALLOCATE|[24]|Bytes:18
00:04:47.0 (101554940)|HEAP_ALLOCATE|[EXTERNAL]|Bytes:4
00:04:47.0 (101567733)|HEAP_ALLOCATE|[21]|Bytes:5
00:04:47.0 (101578575)|HEAP_ALLOCATE|[21]|Bytes:16
00:04:47.0 (101584796)|VARIABLE_SCOPE_BEGIN|[21]|spja|ProjectJobAssociation__c|true|false
00:04:47.0 (101598526)|VARIABLE_ASSIGNMENT|[21]|spja|{"Name":"A-0005","UserLink__c":"0057F000000TrBVQA0","Id":"a087F000009HOLWQA4"}|0x4063a62c
00:04:47.0 (101603502)|STATEMENT_EXECUTE|[21]
00:04:47.0 (101604559)|STATEMENT_EXECUTE|[22]
00:04:47.0 (101613689)|HEAP_ALLOCATE|[22]|Bytes:4
00:04:47.0 (101738691)|SOQL_EXECUTE_BEGIN|[22]|Aggregations:0|SELECT Id, Name FROM User WHERE Id = :tmpVar1
00:04:47.0 (103951066)|SOQL_EXECUTE_END|[22]|Rows:1
00:04:47.0 (103967590)|HEAP_ALLOCATE|[22]|Bytes:8
00:04:47.0 (103978844)|HEAP_ALLOCATE|[22]|Bytes:46
00:04:47.0 (104006650)|HEAP_ALLOCATE|[22]|Bytes:8
00:04:47.0 (104022791)|HEAP_ALLOCATE|[22]|Bytes:12
00:04:47.0 (104029782)|VARIABLE_SCOPE_BEGIN|[22]|user1|User|true|false
00:04:47.0 (104045492)|VARIABLE_ASSIGNMENT|[22]|user1|{"Id":"0057F000000TrBVQA0","Name":"Yashwanth"}|0x1b15143e
00:04:47.0 (104051008)|STATEMENT_EXECUTE|[23]
00:04:47.0 (104073731)|HEAP_ALLOCATE|[23]|Bytes:18
00:04:47.0 (104085053)|HEAP_ALLOCATE|[23]|Bytes:21
00:04:47.0 (104088691)|HEAP_ALLOCATE|[23]|Bytes:85
00:04:47.0 (104100484)|VARIABLE_ASSIGNMENT|[23]|this.nonSelectedUserId|"('0057F000000TpdFQAS (65 more) ..."|0x54f3cfa6
00:04:47.0 (104105768)|STATEMENT_EXECUTE|[24]
00:04:47.0 (104131354)|VARIABLE_ASSIGNMENT|[EXTERNAL]|this|{"mysObject":"0x7c404dc4","nonSelectedUserId":"('0057F000000TpdFQAS (65 more) ...","pName":"tm Test","selectedUsers":"0x596ce5c","usersList":"0x28f5bf47"}|0x54f3cfa6
00:04:47.0 (104150237)|HEAP_ALLOCATE|[24]|Bytes:18
00:04:47.0 (104163745)|HEAP_ALLOCATE|[EXTERNAL]|Bytes:4
00:04:47.0 (104177236)|HEAP_ALLOCATE|[21]|Bytes:5
00:04:47.0 (104189115)|HEAP_ALLOCATE|[21]|Bytes:16
00:04:47.0 (104195258)|VARIABLE_SCOPE_BEGIN|[21]|spja|ProjectJobAssociation__c|true|false
00:04:47.0 (104209564)|VARIABLE_ASSIGNMENT|[21]|spja|{"Name":"A-0006","UserLink__c":"0057F000000Tz0iQAC","Id":"a087F000009HOLXQA4"}|0x7fd4d32a
00:04:47.0 (104215347)|STATEMENT_EXECUTE|[21]
00:04:47.0 (104216405)|STATEMENT_EXECUTE|[22]
00:04:47.0 (104252288)|HEAP_ALLOCATE|[22]|Bytes:4
00:04:47.0 (104380930)|SOQL_EXECUTE_BEGIN|[22]|Aggregations:0|SELECT Id, Name FROM User WHERE Id = :tmpVar1
00:04:47.0 (106639111)|SOQL_EXECUTE_END|[22]|Rows:1
00:04:47.0 (106655655)|HEAP_ALLOCATE|[22]|Bytes:8
00:04:47.0 (106667658)|HEAP_ALLOCATE|[22]|Bytes:42
00:04:47.0 (106695313)|HEAP_ALLOCATE|[22]|Bytes:8
00:04:47.0 (106713342)|HEAP_ALLOCATE|[22]|Bytes:12
00:04:47.0 (106720351)|VARIABLE_SCOPE_BEGIN|[22]|user1|User|true|false
00:04:47.0 (106736113)|VARIABLE_ASSIGNMENT|[22]|user1|{"Id":"0057F000000Tz0iQAC","Name":"Richa"}|0x6ae6f71
00:04:47.0 (106742019)|STATEMENT_EXECUTE|[23]
00:04:47.0 (106764639)|HEAP_ALLOCATE|[23]|Bytes:18
00:04:47.0 (106775423)|HEAP_ALLOCATE|[23]|Bytes:21
00:04:47.0 (106779322)|HEAP_ALLOCATE|[23]|Bytes:106
00:04:47.0 (106790844)|VARIABLE_ASSIGNMENT|[23]|this.nonSelectedUserId|"('0057F000000TpdFQAS (86 more) ..."|0x54f3cfa6
00:04:47.0 (106796132)|STATEMENT_EXECUTE|[24]
00:04:47.0 (106822263)|VARIABLE_ASSIGNMENT|[EXTERNAL]|this|{"mysObject":"0x7c404dc4","nonSelectedUserId":"('0057F000000TpdFQAS (86 more) ...","pName":"tm Test","selectedUsers":"0x596ce5c","usersList":"0x28f5bf47"}|0x54f3cfa6
00:04:47.0 (106839067)|HEAP_ALLOCATE|[24]|Bytes:18
00:04:47.0 (106852565)|HEAP_ALLOCATE|[EXTERNAL]|Bytes:4
00:04:47.0 (106866121)|HEAP_ALLOCATE|[21]|Bytes:5
00:04:47.0 (106876711)|VARIABLE_ASSIGNMENT|[21]|spja|null|
00:04:47.0 (106881187)|STATEMENT_EXECUTE|[26]
00:04:47.0 (106927722)|HEAP_ALLOCATE|[26]|Bytes:105
00:04:47.0 (106941966)|VARIABLE_ASSIGNMENT|[26]|this.nonSelectedUserId|"('0057F000000TpdFQAS (85 more) ..."|0x54f3cfa6
00:04:47.0 (106946947)|STATEMENT_EXECUTE|[27]
00:04:47.0 (106949991)|HEAP_ALLOCATE|[27]|Bytes:1
00:04:47.0 (106955362)|HEAP_ALLOCATE|[27]|Bytes:106
00:04:47.0 (106961585)|VARIABLE_ASSIGNMENT|[27]|this.nonSelectedUserId|"('0057F000000TpdFQAS (86 more) ..."|0x54f3cfa6
00:04:47.0 (106967148)|STATEMENT_EXECUTE|[28]
00:04:47.0 (106969483)|HEAP_ALLOCATE|[28]|Bytes:46
00:04:47.0 (106974019)|HEAP_ALLOCATE|[28]|Bytes:152
00:04:47.0 (107012114)|USER_DEBUG|[28]|DEBUG|----------------------------------------------('0057F000000TpdFQAS','0057F000000TrBBQA0','0057F000000TrBGQA0','0057F000000TrBVQA0','0057F000000Tz0iQAC')
00:04:47.0 (107026383)|SYSTEM_MODE_EXIT|false
00:04:47.0 (107129768)|SYSTEM_MODE_ENTER|true
00:04:47.0 (119786872)|SYSTEM_MODE_ENTER|true
00:04:47.0 (119854362)|HEAP_ALLOCATE|[EXTERNAL]|Bytes:164
00:04:47.0 (119865530)|HEAP_ALLOCATE|[EXTERNAL]|Bytes:12
00:04:47.0 (119877592)|METHOD_ENTRY|[5]|01p7F00000Ehg8E|MultiselectController.MultiselectController()
00:04:47.0 (119896235)|STATEMENT_EXECUTE|[5]
00:04:47.0 (119900936)|STATEMENT_EXECUTE|[5]
00:04:47.0 (119910183)|SYSTEM_MODE_ENTER|false
00:04:47.0 (119917822)|HEAP_ALLOCATE|[EXTERNAL]|Bytes:5
00:04:47.0 (119924792)|SYSTEM_MODE_EXIT|false
00:04:47.0 (119933967)|METHOD_EXIT|[5]|MultiselectController
00:04:47.0 (119952657)|HEAP_ALLOCATE|[EXTERNAL]|Bytes:20
00:04:47.0 (119960347)|VARIABLE_SCOPE_BEGIN|[5]|this|MultiselectController|true|false
00:04:47.0 (120009597)|VARIABLE_ASSIGNMENT|[5]|this|{}|0x36235704
00:04:47.0 (120022880)|SYSTEM_MODE_ENTER|false
00:04:47.0 (120027273)|HEAP_ALLOCATE|[EXTERNAL]|Bytes:5
00:04:47.0 (120055235)|SYSTEM_MODE_EXIT|false
00:04:47.0 (120059316)|STATEMENT_EXECUTE|[5]
00:04:47.0 (120064462)|SYSTEM_MODE_ENTER|false
00:04:47.0 (120068524)|HEAP_ALLOCATE|[EXTERNAL]|Bytes:5
00:04:47.0 (120071757)|STATEMENT_EXECUTE|[7]
00:04:47.0 (120072954)|STATEMENT_EXECUTE|[8]
00:04:47.0 (120073812)|STATEMENT_EXECUTE|[23]
00:04:47.0 (120074902)|STATEMENT_EXECUTE|[31]
00:04:47.0 (120076388)|SYSTEM_MODE_EXIT|false
00:04:47.0 (120229261)|SYSTEM_MODE_ENTER|true
00:04:47.0 (120268230)|HEAP_ALLOCATE|[EXTERNAL]|Bytes:24
00:04:47.0 (120364826)|VARIABLE_SCOPE_BEGIN|[31]|this|PM_Project_Edit_Controller|true|false
00:04:47.0 (120402700)|VARIABLE_ASSIGNMENT|[31]|this|{"mysObject":"0x7c404dc4","nonSelectedUserId":"('0057F000000TpdFQAS (86 more) ...","pName":"tm Test","selectedUsers":"0x596ce5c","usersList":"0x28f5bf47"}|0x54f3cfa6
00:04:47.0 (120419525)|SYSTEM_MODE_ENTER|false
00:04:47.0 (120425212)|HEAP_ALLOCATE|[32]|Bytes:5
00:04:47.0 (120429942)|STATEMENT_EXECUTE|[31]
00:04:47.0 (120431103)|STATEMENT_EXECUTE|[32]
00:04:47.0 (120433666)|HEAP_ALLOCATE|[32]|Bytes:62
00:04:47.0 (120451598)|HEAP_ALLOCATE|[32]|Bytes:4
00:04:47.0 (120602851)|SOQL_EXECUTE_BEGIN|[32]|Aggregations:0|SELECT Id, Name FROM UserRole WHERE Name = 'Software Engineer'
00:04:47.0 (124960894)|SOQL_EXECUTE_END|[32]|Rows:1
00:04:47.0 (124982639)|HEAP_ALLOCATE|[32]|Bytes:8
00:04:47.0 (124998693)|HEAP_ALLOCATE|[32]|Bytes:54
00:04:47.0 (125074622)|HEAP_ALLOCATE|[32]|Bytes:8
00:04:47.0 (125089898)|HEAP_ALLOCATE|[32]|Bytes:34
00:04:47.0 (125135008)|HEAP_ALLOCATE|[32]|Bytes:12
00:04:47.0 (125144332)|VARIABLE_SCOPE_BEGIN|[32]|userRole|UserRole|true|false
00:04:47.0 (125164337)|VARIABLE_ASSIGNMENT|[32]|userRole|{"Id":"00E7F000000MdriUAC","Name":"Software Engineer"}|0x970f949
00:04:47.0 (125170781)|STATEMENT_EXECUTE|[33]
00:04:47.0 (125194559)|VARIABLE_SCOPE_BEGIN|[33]|userRoleId|Id|false|false
00:04:47.0 (125350976)|VARIABLE_ASSIGNMENT|[33]|userRoleId|"00E7F000000MdriUAC"
00:04:47.0 (125357280)|STATEMENT_EXECUTE|[34]
00:04:47.0 (125360670)|HEAP_ALLOCATE|[34]|Bytes:32
00:04:47.0 (125366974)|HEAP_ALLOCATE|[34]|Bytes:70
00:04:47.0 (125386235)|HEAP_ALLOCATE|[34]|Bytes:176
00:04:47.0 (125586685)|SOQL_EXECUTE_BEGIN|[34]|Aggregations:0|select Id,Name from User where UserRoleId =: userRoleId and Id not in ('0057F000000TpdFQAS','0057F000000TrBBQA0','0057F000000TrBGQA0','0057F000000TrBVQA0','0057F000000Tz0iQAC')
00:04:47.0 (137441126)|SOQL_EXECUTE_END|[34]|Rows:1
00:04:47.0 (137465238)|HEAP_ALLOCATE|[34]|Bytes:8
00:04:47.0 (137483658)|HEAP_ALLOCATE|[34]|Bytes:44
00:04:47.0 (137516953)|HEAP_ALLOCATE|[34]|Bytes:8
00:04:47.0 (137612897)|HEAP_ALLOCATE|[34]|Bytes:44
00:04:47.0 (137637094)|HEAP_ALLOCATE|[34]|Bytes:76
00:04:47.0 (137652587)|USER_DEBUG|[34]|DEBUG|00000000000000000000000000000000(User:{Id=0057F000000Tz0sQAC, Name=Veeresh})
00:04:47.0 (137660615)|STATEMENT_EXECUTE|[35]
00:04:47.0 (137664625)|HEAP_ALLOCATE|[35]|Bytes:71
00:04:47.0 (137675691)|HEAP_ALLOCATE|[35]|Bytes:177
00:04:47.0 (138004230)|EXCEPTION_THROWN|[35]|System.QueryException: Variable does not exist: userRole.Id
00:04:47.0 (138095656)|HEAP_ALLOCATE|[35]|Bytes:40
00:04:47.0 (138114385)|SYSTEM_MODE_EXIT|false
00:04:47.0 (138201620)|FATAL_ERROR|System.QueryException: Variable does not exist: userRole.Id

Class.PM_Project_Edit_Controller.getUsersList: line 35, column 1
