36.0 APEX_CODE,FINEST;APEX_PROFILING,INFO;CALLOUT,INFO;DB,INFO;SYSTEM,DEBUG;VALIDATION,INFO;VISUALFORCE,INFO;WAVE,INFO;WORKFLOW,INFO
06:14:06.0 (304202)|USER_INFO|[EXTERNAL]|0057F000000Tiz6|ksb994@salesforce.com|Pacific Standard Time|GMT-08:00
06:14:06.0 (335559)|EXECUTION_STARTED
06:14:06.0 (338519)|CODE_UNIT_STARTED|[EXTERNAL]|0667F000004uRC1|VF: /apex/PM_Project_Edit
06:14:06.0 (47181717)|SYSTEM_MODE_ENTER|true
06:14:06.0 (47472711)|HEAP_ALLOCATE|[72]|Bytes:3
06:14:06.0 (47505056)|HEAP_ALLOCATE|[77]|Bytes:152
06:14:06.0 (47517623)|HEAP_ALLOCATE|[342]|Bytes:408
06:14:06.0 (47531930)|HEAP_ALLOCATE|[355]|Bytes:408
06:14:06.0 (47545411)|HEAP_ALLOCATE|[467]|Bytes:48
06:14:06.0 (47580603)|HEAP_ALLOCATE|[139]|Bytes:6
06:14:06.0 (47597672)|HEAP_ALLOCATE|[EXTERNAL]|Bytes:140
06:14:06.0 (47603084)|HEAP_ALLOCATE|[EXTERNAL]|Bytes:20
06:14:06.0 (47606308)|HEAP_ALLOCATE|[EXTERNAL]|Bytes:2
06:14:06.0 (47623601)|METHOD_ENTRY|[1]|01p7F00000Ehro9|PM_Project_Edit_Controller.PM_Project_Edit_Controller()
06:14:06.0 (47632803)|STATEMENT_EXECUTE|[1]
06:14:06.0 (47637170)|STATEMENT_EXECUTE|[1]
06:14:06.0 (47665908)|HEAP_ALLOCATE|[50]|Bytes:5
06:14:06.0 (47684366)|HEAP_ALLOCATE|[56]|Bytes:5
06:14:06.0 (47691313)|HEAP_ALLOCATE|[64]|Bytes:7
06:14:06.0 (47711198)|SYSTEM_MODE_ENTER|false
06:14:06.0 (47723531)|HEAP_ALLOCATE|[EXTERNAL]|Bytes:5
06:14:06.0 (47730867)|SYSTEM_MODE_EXIT|false
06:14:06.0 (47738028)|METHOD_EXIT|[1]|PM_Project_Edit_Controller
06:14:06.0 (47774297)|HEAP_ALLOCATE|[EXTERNAL]|Bytes:24
06:14:06.0 (47891278)|VARIABLE_SCOPE_BEGIN|[10]|this|PM_Project_Edit_Controller|true|false
06:14:06.0 (47948819)|VARIABLE_ASSIGNMENT|[10]|this|{}|0x1c7cc735
06:14:06.0 (47955994)|VARIABLE_SCOPE_BEGIN|[10]|stdController|ApexPages.StandardController|true|false
06:14:06.0 (48110260)|VARIABLE_ASSIGNMENT|[10]|stdController|"StandardController [null]"|0x23a8ff4e
06:14:06.0 (48130965)|SYSTEM_MODE_ENTER|false
06:14:06.0 (48137701)|HEAP_ALLOCATE|[7]|Bytes:5
06:14:06.0 (48142387)|STATEMENT_EXECUTE|[1]
06:14:06.0 (48146782)|HEAP_ALLOCATE|[7]|Bytes:5
06:14:06.0 (48149717)|STATEMENT_EXECUTE|[3]
06:14:06.0 (48150858)|STATEMENT_EXECUTE|[4]
06:14:06.0 (48151695)|STATEMENT_EXECUTE|[6]
06:14:06.0 (48152510)|STATEMENT_EXECUTE|[7]
06:14:06.0 (48164847)|HEAP_ALLOCATE|[7]|Bytes:4
06:14:06.0 (48236121)|HEAP_ALLOCATE|[EXTERNAL]|Bytes:4
06:14:06.0 (48249672)|VARIABLE_ASSIGNMENT|[7]|this.usersList|[]|0x1c7cc735
06:14:06.0 (48255071)|STATEMENT_EXECUTE|[8]
06:14:06.0 (48257756)|HEAP_ALLOCATE|[8]|Bytes:1
06:14:06.0 (48265788)|VARIABLE_ASSIGNMENT|[8]|this.nonSelectedUserId|"("|0x1c7cc735
06:14:06.0 (48277519)|HEAP_ALLOCATE|[8]|Bytes:6
06:14:06.0 (48310224)|STATEMENT_EXECUTE|[10]
06:14:06.0 (48311742)|STATEMENT_EXECUTE|[11]
06:14:06.0 (48404832)|HEAP_ALLOCATE|[11]|Bytes:4
06:14:06.0 (48450358)|VARIABLE_ASSIGNMENT|[EXTERNAL]|this|{"nonSelectedUserId":"(","usersList":"0x2dfea6e5"}|0x1c7cc735
06:14:06.0 (48462253)|VARIABLE_ASSIGNMENT|[EXTERNAL]|value|{}|0x2054743f
06:14:06.0 (48471421)|VARIABLE_ASSIGNMENT|[3]|this.project|{}|0x1c7cc735
06:14:06.0 (48478886)|STATEMENT_EXECUTE|[12]
06:14:06.0 (48506762)|HEAP_ALLOCATE|[12]|Bytes:43
06:14:06.0 (48534785)|HEAP_ALLOCATE|[12]|Bytes:18
06:14:06.0 (48552571)|HEAP_ALLOCATE|[12]|Bytes:3
06:14:06.0 (48577832)|HEAP_ALLOCATE|[12]|Bytes:4
06:14:06.0 (48583933)|VARIABLE_SCOPE_BEGIN|[12]|pid|Id|false|false
06:14:06.0 (48652831)|VARIABLE_ASSIGNMENT|[12]|pid|"a057F0000039WImQAM"
06:14:06.0 (48658519)|STATEMENT_EXECUTE|[16]
06:14:06.0 (48660903)|HEAP_ALLOCATE|[16]|Bytes:7
06:14:06.0 (48665355)|HEAP_ALLOCATE|[16]|Bytes:10
06:14:06.0 (48677582)|METHOD_ENTRY|[16]|01p7F00000Ehro9|PM_Project_Edit_Controller.getAllFields(String)
06:14:06.0 (48763162)|VARIABLE_SCOPE_BEGIN|[74]|sobjectname|String|false|false
06:14:06.0 (48773998)|VARIABLE_ASSIGNMENT|[74]|sobjectname|"Project__c"
06:14:06.0 (48790532)|HEAP_ALLOCATE|[75]|Bytes:5
06:14:06.0 (48794689)|STATEMENT_EXECUTE|[74]
06:14:06.0 (66307957)|HEAP_ALLOCATE|[75]|Bytes:1468
06:14:06.0 (66358826)|STATEMENT_EXECUTE|[75]
06:14:06.0 (66362068)|STATEMENT_EXECUTE|[78]
06:14:06.0 (69475872)|HEAP_ALLOCATE|[78]|Bytes:1468
06:14:06.0 (69681909)|HEAP_ALLOCATE|[78]|Bytes:4
06:14:06.0 (69727604)|HEAP_ALLOCATE|[78]|Bytes:4
06:14:06.0 (69998271)|HEAP_ALLOCATE|[78]|Bytes:148
06:14:06.0 (70010994)|VARIABLE_SCOPE_BEGIN|[78]|fields|Map<String,Schema.SObjectField>|true|false
06:14:06.0 (70267775)|VARIABLE_ASSIGNMENT|[78]|fields|"{client__c=Client__c, client_project_manager__c=Client_Project_Manager__c, company_project_code__c=Company_project_code__c, cost_centre__c=Cost_Centre__c, createdbyid=CreatedById, createddate=CreatedDate, delivery__c=Delivery__c, end_customer__c=End_Customer__c, footage__c=Footage__c, hours__c=Hours__c, ...}"|0x49879ff6
06:14:06.0 (70278820)|STATEMENT_EXECUTE|[79]
06:14:06.0 (70296232)|HEAP_ALLOCATE|[79]|Bytes:4
06:14:06.0 (70329337)|VARIABLE_SCOPE_BEGIN|[79]|accessiblefields|List<String>|true|false
06:14:06.0 (70358269)|HEAP_ALLOCATE|[EXTERNAL]|Bytes:4
06:14:06.0 (70370337)|VARIABLE_ASSIGNMENT|[79]|accessiblefields|[]|0x43b10ceb
06:14:06.0 (70418039)|HEAP_ALLOCATE|[EXTERNAL]|Bytes:148
06:14:06.0 (70436057)|HEAP_ALLOCATE|[80]|Bytes:148
06:14:06.0 (70510034)|HEAP_ALLOCATE|[80]|Bytes:5
06:14:06.0 (70527038)|VARIABLE_SCOPE_BEGIN|[80]|field|Schema.SObjectField|true|false
06:14:06.0 (70597881)|VARIABLE_ASSIGNMENT|[80]|field|"common.apex.runtime.impl.ApexFieldToken@5e21322f"|0x5e21322f
06:14:06.0 (70605645)|STATEMENT_EXECUTE|[80]
06:14:06.0 (70995823)|HEAP_ALLOCATE|[81]|Bytes:8
06:14:06.0 (71020151)|STATEMENT_EXECUTE|[82]
06:14:06.0 (71050404)|HEAP_ALLOCATE|[82]|Bytes:8
06:14:06.0 (71063619)|HEAP_ALLOCATE|[82]|Bytes:2
06:14:06.0 (71078090)|HEAP_ALLOCATE|[EXTERNAL]|Bytes:4
06:14:06.0 (71091622)|HEAP_ALLOCATE|[80]|Bytes:5
06:14:06.0 (71104660)|VARIABLE_SCOPE_BEGIN|[80]|field|Schema.SObjectField|true|false
06:14:06.0 (71170697)|VARIABLE_ASSIGNMENT|[80]|field|"common.apex.runtime.impl.ApexFieldToken@2bac6e32"|0x2bac6e32
06:14:06.0 (71177704)|STATEMENT_EXECUTE|[80]
06:14:06.0 (71303236)|HEAP_ALLOCATE|[81]|Bytes:8
06:14:06.0 (71316994)|STATEMENT_EXECUTE|[82]
06:14:06.0 (71330962)|HEAP_ALLOCATE|[82]|Bytes:8
06:14:06.0 (71337761)|HEAP_ALLOCATE|[82]|Bytes:7
06:14:06.0 (71345366)|HEAP_ALLOCATE|[EXTERNAL]|Bytes:4
06:14:06.0 (71356885)|HEAP_ALLOCATE|[80]|Bytes:5
06:14:06.0 (71370057)|VARIABLE_SCOPE_BEGIN|[80]|field|Schema.SObjectField|true|false
06:14:06.0 (71433263)|VARIABLE_ASSIGNMENT|[80]|field|"common.apex.runtime.impl.ApexFieldToken@6031f9f8"|0x6031f9f8
06:14:06.0 (71440609)|STATEMENT_EXECUTE|[80]
06:14:06.0 (71524443)|HEAP_ALLOCATE|[81]|Bytes:8
06:14:06.0 (71536281)|STATEMENT_EXECUTE|[82]
06:14:06.0 (71564972)|HEAP_ALLOCATE|[82]|Bytes:8
06:14:06.0 (71573166)|HEAP_ALLOCATE|[82]|Bytes:9
06:14:06.0 (71581136)|HEAP_ALLOCATE|[EXTERNAL]|Bytes:4
06:14:06.0 (71592175)|HEAP_ALLOCATE|[80]|Bytes:5
06:14:06.0 (71604688)|VARIABLE_SCOPE_BEGIN|[80]|field|Schema.SObjectField|true|false
06:14:06.0 (71669459)|VARIABLE_ASSIGNMENT|[80]|field|"common.apex.runtime.impl.ApexFieldToken@3343d868"|0x3343d868
06:14:06.0 (71676239)|STATEMENT_EXECUTE|[80]
06:14:06.0 (71770644)|HEAP_ALLOCATE|[81]|Bytes:8
06:14:06.0 (71783792)|STATEMENT_EXECUTE|[82]
06:14:06.0 (71797382)|HEAP_ALLOCATE|[82]|Bytes:8
06:14:06.0 (71804353)|HEAP_ALLOCATE|[82]|Bytes:4
06:14:06.0 (71811436)|HEAP_ALLOCATE|[EXTERNAL]|Bytes:4
06:14:06.0 (71822235)|HEAP_ALLOCATE|[80]|Bytes:5
06:14:06.0 (71834031)|VARIABLE_SCOPE_BEGIN|[80]|field|Schema.SObjectField|true|false
06:14:06.0 (71895405)|VARIABLE_ASSIGNMENT|[80]|field|"common.apex.runtime.impl.ApexFieldToken@64a43465"|0x64a43465
06:14:06.0 (71901851)|STATEMENT_EXECUTE|[80]
06:14:06.0 (71997418)|HEAP_ALLOCATE|[81]|Bytes:8
06:14:06.0 (72009647)|STATEMENT_EXECUTE|[82]
06:14:06.0 (72023684)|HEAP_ALLOCATE|[82]|Bytes:8
06:14:06.0 (72031014)|HEAP_ALLOCATE|[82]|Bytes:11
06:14:06.0 (72037947)|HEAP_ALLOCATE|[EXTERNAL]|Bytes:4
06:14:06.0 (72048679)|HEAP_ALLOCATE|[80]|Bytes:5
06:14:06.0 (72060493)|VARIABLE_SCOPE_BEGIN|[80]|field|Schema.SObjectField|true|false
06:14:06.0 (72121896)|VARIABLE_ASSIGNMENT|[80]|field|"common.apex.runtime.impl.ApexFieldToken@2cb10b3d"|0x2cb10b3d
06:14:06.0 (72128506)|STATEMENT_EXECUTE|[80]
06:14:06.0 (72225230)|HEAP_ALLOCATE|[81]|Bytes:8
06:14:06.0 (72237477)|STATEMENT_EXECUTE|[82]
06:14:06.0 (72251010)|HEAP_ALLOCATE|[82]|Bytes:8
06:14:06.0 (72257928)|HEAP_ALLOCATE|[82]|Bytes:11
06:14:06.0 (72265100)|HEAP_ALLOCATE|[EXTERNAL]|Bytes:4
06:14:06.0 (72275518)|HEAP_ALLOCATE|[80]|Bytes:5
06:14:06.0 (72287688)|VARIABLE_SCOPE_BEGIN|[80]|field|Schema.SObjectField|true|false
06:14:06.0 (72348299)|VARIABLE_ASSIGNMENT|[80]|field|"common.apex.runtime.impl.ApexFieldToken@4320c96a"|0x4320c96a
06:14:06.0 (72354728)|STATEMENT_EXECUTE|[80]
06:14:06.0 (72445307)|HEAP_ALLOCATE|[81]|Bytes:8
06:14:06.0 (72458331)|STATEMENT_EXECUTE|[82]
06:14:06.0 (72471934)|HEAP_ALLOCATE|[82]|Bytes:8
06:14:06.0 (72478992)|HEAP_ALLOCATE|[82]|Bytes:16
06:14:06.0 (72486402)|HEAP_ALLOCATE|[EXTERNAL]|Bytes:4
06:14:06.0 (72496351)|HEAP_ALLOCATE|[80]|Bytes:5
06:14:06.0 (72508207)|VARIABLE_SCOPE_BEGIN|[80]|field|Schema.SObjectField|true|false
06:14:06.0 (72572742)|VARIABLE_ASSIGNMENT|[80]|field|"common.apex.runtime.impl.ApexFieldToken@6e0dd9fe"|0x6e0dd9fe
06:14:06.0 (72578926)|STATEMENT_EXECUTE|[80]
06:14:06.0 (72673834)|HEAP_ALLOCATE|[81]|Bytes:8
06:14:06.0 (72686476)|STATEMENT_EXECUTE|[82]
06:14:06.0 (72699162)|HEAP_ALLOCATE|[82]|Bytes:8
06:14:06.0 (72705886)|HEAP_ALLOCATE|[82]|Bytes:16
06:14:06.0 (72713118)|HEAP_ALLOCATE|[EXTERNAL]|Bytes:4
06:14:06.0 (72723264)|HEAP_ALLOCATE|[80]|Bytes:5
06:14:06.0 (72735443)|VARIABLE_SCOPE_BEGIN|[80]|field|Schema.SObjectField|true|false
06:14:06.0 (72796294)|VARIABLE_ASSIGNMENT|[80]|field|"common.apex.runtime.impl.ApexFieldToken@2bcfdf46"|0x2bcfdf46
06:14:06.0 (72802870)|STATEMENT_EXECUTE|[80]
06:14:06.0 (72875681)|HEAP_ALLOCATE|[81]|Bytes:8
06:14:06.0 (72886915)|STATEMENT_EXECUTE|[82]
06:14:06.0 (72899743)|HEAP_ALLOCATE|[82]|Bytes:8
06:14:06.0 (72906702)|HEAP_ALLOCATE|[82]|Bytes:14
06:14:06.0 (72913866)|HEAP_ALLOCATE|[EXTERNAL]|Bytes:4
06:14:06.0 (72924202)|HEAP_ALLOCATE|[80]|Bytes:5
06:14:06.0 (72935589)|VARIABLE_SCOPE_BEGIN|[80]|field|Schema.SObjectField|true|false
06:14:06.0 (72995168)|VARIABLE_ASSIGNMENT|[80]|field|"common.apex.runtime.impl.ApexFieldToken@f83d1e1"|0xf83d1e1
06:14:06.0 (73002146)|STATEMENT_EXECUTE|[80]
06:14:06.0 (73073808)|HEAP_ALLOCATE|[81]|Bytes:8
06:14:06.0 (73084866)|STATEMENT_EXECUTE|[82]
06:14:06.0 (73097131)|HEAP_ALLOCATE|[82]|Bytes:8
06:14:06.0 (73103963)|HEAP_ALLOCATE|[82]|Bytes:16
06:14:06.0 (73111554)|HEAP_ALLOCATE|[EXTERNAL]|Bytes:4
06:14:06.0 (73121844)|HEAP_ALLOCATE|[80]|Bytes:5
06:14:06.0 (73132868)|VARIABLE_SCOPE_BEGIN|[80]|field|Schema.SObjectField|true|false
06:14:06.0 (73191698)|VARIABLE_ASSIGNMENT|[80]|field|"common.apex.runtime.impl.ApexFieldToken@4aad32e2"|0x4aad32e2
06:14:06.0 (73197759)|STATEMENT_EXECUTE|[80]
06:14:06.0 (73269023)|HEAP_ALLOCATE|[81]|Bytes:8
06:14:06.0 (73280807)|STATEMENT_EXECUTE|[82]
06:14:06.0 (73292981)|HEAP_ALLOCATE|[82]|Bytes:8
06:14:06.0 (73299784)|HEAP_ALLOCATE|[82]|Bytes:14
06:14:06.0 (73307141)|HEAP_ALLOCATE|[EXTERNAL]|Bytes:4
06:14:06.0 (73317281)|HEAP_ALLOCATE|[80]|Bytes:5
06:14:06.0 (73328444)|VARIABLE_SCOPE_BEGIN|[80]|field|Schema.SObjectField|true|false
06:14:06.0 (73387163)|VARIABLE_ASSIGNMENT|[80]|field|"common.apex.runtime.impl.ApexFieldToken@4aefc060"|0x4aefc060
06:14:06.0 (73393346)|STATEMENT_EXECUTE|[80]
06:14:06.0 (73463411)|HEAP_ALLOCATE|[81]|Bytes:8
06:14:06.0 (73475411)|STATEMENT_EXECUTE|[82]
06:14:06.0 (73487850)|HEAP_ALLOCATE|[82]|Bytes:8
06:14:06.0 (73494738)|HEAP_ALLOCATE|[82]|Bytes:18
06:14:06.0 (73502334)|HEAP_ALLOCATE|[EXTERNAL]|Bytes:4
06:14:06.0 (73512217)|HEAP_ALLOCATE|[80]|Bytes:5
06:14:06.0 (73523520)|VARIABLE_SCOPE_BEGIN|[80]|field|Schema.SObjectField|true|false
06:14:06.0 (73586248)|VARIABLE_ASSIGNMENT|[80]|field|"common.apex.runtime.impl.ApexFieldToken@1f8f1394"|0x1f8f1394
06:14:06.0 (73592416)|STATEMENT_EXECUTE|[80]
06:14:06.0 (74010593)|HEAP_ALLOCATE|[81]|Bytes:8
06:14:06.0 (74027844)|STATEMENT_EXECUTE|[82]
06:14:06.0 (74043951)|HEAP_ALLOCATE|[82]|Bytes:8
06:14:06.0 (74051824)|HEAP_ALLOCATE|[82]|Bytes:9
06:14:06.0 (74059975)|HEAP_ALLOCATE|[EXTERNAL]|Bytes:4
06:14:06.0 (74071639)|HEAP_ALLOCATE|[80]|Bytes:5
06:14:06.0 (74084528)|VARIABLE_SCOPE_BEGIN|[80]|field|Schema.SObjectField|true|false
06:14:06.0 (74149490)|VARIABLE_ASSIGNMENT|[80]|field|"common.apex.runtime.impl.ApexFieldToken@e12c55d"|0xe12c55d
06:14:06.0 (74156690)|STATEMENT_EXECUTE|[80]
06:14:06.0 (74244390)|HEAP_ALLOCATE|[81]|Bytes:8
06:14:06.0 (74257296)|STATEMENT_EXECUTE|[82]
06:14:06.0 (74270676)|HEAP_ALLOCATE|[82]|Bytes:8
06:14:06.0 (74278404)|HEAP_ALLOCATE|[82]|Bytes:15
06:14:06.0 (74285572)|HEAP_ALLOCATE|[EXTERNAL]|Bytes:4
06:14:06.0 (74296289)|HEAP_ALLOCATE|[80]|Bytes:5
06:14:06.0 (74308479)|VARIABLE_SCOPE_BEGIN|[80]|field|Schema.SObjectField|true|false
06:14:06.0 (74369006)|VARIABLE_ASSIGNMENT|[80]|field|"common.apex.runtime.impl.ApexFieldToken@2d8bcc5f"|0x2d8bcc5f
06:14:06.0 (74375850)|STATEMENT_EXECUTE|[80]
06:14:06.0 (74456494)|HEAP_ALLOCATE|[81]|Bytes:8
06:14:06.0 (74468856)|STATEMENT_EXECUTE|[82]
06:14:06.0 (74482386)|HEAP_ALLOCATE|[82]|Bytes:8
06:14:06.0 (74489608)|HEAP_ALLOCATE|[82]|Bytes:19
06:14:06.0 (74496899)|HEAP_ALLOCATE|[EXTERNAL]|Bytes:4
06:14:06.0 (74507353)|HEAP_ALLOCATE|[80]|Bytes:5
06:14:06.0 (74518648)|VARIABLE_SCOPE_BEGIN|[80]|field|Schema.SObjectField|true|false
06:14:06.0 (74583473)|VARIABLE_ASSIGNMENT|[80]|field|"common.apex.runtime.impl.ApexFieldToken@1953e54e"|0x1953e54e
06:14:06.0 (74590136)|STATEMENT_EXECUTE|[80]
06:14:06.0 (74669922)|HEAP_ALLOCATE|[81]|Bytes:8
06:14:06.0 (74682343)|STATEMENT_EXECUTE|[82]
06:14:06.0 (74695480)|HEAP_ALLOCATE|[82]|Bytes:8
06:14:06.0 (74702505)|HEAP_ALLOCATE|[82]|Bytes:14
06:14:06.0 (74709527)|HEAP_ALLOCATE|[EXTERNAL]|Bytes:4
06:14:06.0 (74720211)|HEAP_ALLOCATE|[80]|Bytes:5
06:14:06.0 (74732080)|VARIABLE_SCOPE_BEGIN|[80]|field|Schema.SObjectField|true|false
06:14:06.0 (74791892)|VARIABLE_ASSIGNMENT|[80]|field|"common.apex.runtime.impl.ApexFieldToken@7e274643"|0x7e274643
06:14:06.0 (74798303)|STATEMENT_EXECUTE|[80]
06:14:06.0 (74871902)|HEAP_ALLOCATE|[81]|Bytes:8
06:14:06.0 (74883713)|STATEMENT_EXECUTE|[82]
06:14:06.0 (74896561)|HEAP_ALLOCATE|[82]|Bytes:8
06:14:06.0 (74903377)|HEAP_ALLOCATE|[82]|Bytes:25
06:14:06.0 (74910118)|HEAP_ALLOCATE|[EXTERNAL]|Bytes:4
06:14:06.0 (74920080)|HEAP_ALLOCATE|[80]|Bytes:5
06:14:06.0 (74931723)|VARIABLE_SCOPE_BEGIN|[80]|field|Schema.SObjectField|true|false
06:14:06.0 (74991263)|VARIABLE_ASSIGNMENT|[80]|field|"common.apex.runtime.impl.ApexFieldToken@66075cf7"|0x66075cf7
06:14:06.0 (74997408)|STATEMENT_EXECUTE|[80]
06:14:06.0 (75070287)|HEAP_ALLOCATE|[81]|Bytes:8
06:14:06.0 (75083478)|STATEMENT_EXECUTE|[82]
06:14:06.0 (75095841)|HEAP_ALLOCATE|[82]|Bytes:8
06:14:06.0 (75103157)|HEAP_ALLOCATE|[82]|Bytes:15
06:14:06.0 (75109556)|HEAP_ALLOCATE|[EXTERNAL]|Bytes:4
06:14:06.0 (75119372)|HEAP_ALLOCATE|[80]|Bytes:5
06:14:06.0 (75131422)|VARIABLE_SCOPE_BEGIN|[80]|field|Schema.SObjectField|true|false
06:14:06.0 (75190959)|VARIABLE_ASSIGNMENT|[80]|field|"common.apex.runtime.impl.ApexFieldToken@159d8d5c"|0x159d8d5c
06:14:06.0 (75196862)|STATEMENT_EXECUTE|[80]
06:14:06.0 (75270035)|HEAP_ALLOCATE|[81]|Bytes:8
06:14:06.0 (75281706)|STATEMENT_EXECUTE|[82]
06:14:06.0 (75293969)|HEAP_ALLOCATE|[82]|Bytes:8
06:14:06.0 (75300671)|HEAP_ALLOCATE|[82]|Bytes:23
06:14:06.0 (75307197)|HEAP_ALLOCATE|[EXTERNAL]|Bytes:4
06:14:06.0 (75317292)|HEAP_ALLOCATE|[80]|Bytes:5
06:14:06.0 (75328762)|VARIABLE_SCOPE_BEGIN|[80]|field|Schema.SObjectField|true|false
06:14:06.0 (75387477)|VARIABLE_ASSIGNMENT|[80]|field|"common.apex.runtime.impl.ApexFieldToken@13626334"|0x13626334
06:14:06.0 (75393414)|STATEMENT_EXECUTE|[80]
06:14:06.0 (75467777)|HEAP_ALLOCATE|[81]|Bytes:8
06:14:06.0 (75479448)|STATEMENT_EXECUTE|[82]
06:14:06.0 (75491878)|HEAP_ALLOCATE|[82]|Bytes:8
06:14:06.0 (75498699)|HEAP_ALLOCATE|[82]|Bytes:16
06:14:06.0 (75505072)|HEAP_ALLOCATE|[EXTERNAL]|Bytes:4
06:14:06.0 (75518611)|HEAP_ALLOCATE|[80]|Bytes:5
06:14:06.0 (75530840)|VARIABLE_SCOPE_BEGIN|[80]|field|Schema.SObjectField|true|false
06:14:06.0 (75594649)|VARIABLE_ASSIGNMENT|[80]|field|"common.apex.runtime.impl.ApexFieldToken@57333a45"|0x57333a45
06:14:06.0 (75600830)|STATEMENT_EXECUTE|[80]
06:14:06.0 (75678493)|HEAP_ALLOCATE|[81]|Bytes:8
06:14:06.0 (75690326)|STATEMENT_EXECUTE|[82]
06:14:06.0 (75703351)|HEAP_ALLOCATE|[82]|Bytes:8
06:14:06.0 (75710342)|HEAP_ALLOCATE|[82]|Bytes:14
06:14:06.0 (75716817)|HEAP_ALLOCATE|[EXTERNAL]|Bytes:4
06:14:06.0 (75727095)|HEAP_ALLOCATE|[80]|Bytes:5
06:14:06.0 (75738292)|VARIABLE_SCOPE_BEGIN|[80]|field|Schema.SObjectField|true|false
06:14:06.0 (75797789)|VARIABLE_ASSIGNMENT|[80]|field|"common.apex.runtime.impl.ApexFieldToken@b8f24b0"|0xb8f24b0
06:14:06.0 (75804067)|STATEMENT_EXECUTE|[80]
06:14:06.0 (75878436)|HEAP_ALLOCATE|[81]|Bytes:8
06:14:06.0 (75890223)|STATEMENT_EXECUTE|[82]
06:14:06.0 (75903138)|HEAP_ALLOCATE|[82]|Bytes:8
06:14:06.0 (75909984)|HEAP_ALLOCATE|[82]|Bytes:13
06:14:06.0 (75916358)|HEAP_ALLOCATE|[EXTERNAL]|Bytes:4
06:14:06.0 (75926992)|HEAP_ALLOCATE|[80]|Bytes:5
06:14:06.0 (75938456)|VARIABLE_SCOPE_BEGIN|[80]|field|Schema.SObjectField|true|false
06:14:06.0 (75996960)|VARIABLE_ASSIGNMENT|[80]|field|"common.apex.runtime.impl.ApexFieldToken@7281aff0"|0x7281aff0
06:14:06.0 (76002960)|STATEMENT_EXECUTE|[80]
06:14:06.0 (76076711)|HEAP_ALLOCATE|[81]|Bytes:8
06:14:06.0 (76088187)|STATEMENT_EXECUTE|[82]
06:14:06.0 (76100931)|HEAP_ALLOCATE|[82]|Bytes:8
06:14:06.0 (76107532)|HEAP_ALLOCATE|[82]|Bytes:5
06:14:06.0 (76114123)|HEAP_ALLOCATE|[EXTERNAL]|Bytes:4
06:14:06.0 (76124396)|HEAP_ALLOCATE|[80]|Bytes:5
06:14:06.0 (76135599)|VARIABLE_SCOPE_BEGIN|[80]|field|Schema.SObjectField|true|false
06:14:06.0 (76193509)|VARIABLE_ASSIGNMENT|[80]|field|"common.apex.runtime.impl.ApexFieldToken@727a1957"|0x727a1957
06:14:06.0 (76200035)|STATEMENT_EXECUTE|[80]
06:14:06.0 (76270338)|HEAP_ALLOCATE|[81]|Bytes:8
06:14:06.0 (76281604)|STATEMENT_EXECUTE|[82]
06:14:06.0 (76294366)|HEAP_ALLOCATE|[82]|Bytes:8
06:14:06.0 (76300990)|HEAP_ALLOCATE|[82]|Bytes:11
06:14:06.0 (76307591)|HEAP_ALLOCATE|[EXTERNAL]|Bytes:4
06:14:06.0 (76317981)|HEAP_ALLOCATE|[80]|Bytes:5
06:14:06.0 (76329011)|VARIABLE_SCOPE_BEGIN|[80]|field|Schema.SObjectField|true|false
06:14:06.0 (76386760)|VARIABLE_ASSIGNMENT|[80]|field|"common.apex.runtime.impl.ApexFieldToken@3cd5f44f"|0x3cd5f44f
06:14:06.0 (76392719)|STATEMENT_EXECUTE|[80]
06:14:06.0 (76463299)|HEAP_ALLOCATE|[81]|Bytes:8
06:14:06.0 (76474824)|STATEMENT_EXECUTE|[82]
06:14:06.0 (76487553)|HEAP_ALLOCATE|[82]|Bytes:8
06:14:06.0 (76494194)|HEAP_ALLOCATE|[82]|Bytes:5
06:14:06.0 (76500924)|HEAP_ALLOCATE|[EXTERNAL]|Bytes:4
06:14:06.0 (76510550)|HEAP_ALLOCATE|[80]|Bytes:5
06:14:06.0 (76521520)|VARIABLE_SCOPE_BEGIN|[80]|field|Schema.SObjectField|true|false
06:14:06.0 (76585267)|VARIABLE_ASSIGNMENT|[80]|field|"common.apex.runtime.impl.ApexFieldToken@4e8dedc1"|0x4e8dedc1
06:14:06.0 (76591698)|STATEMENT_EXECUTE|[80]
06:14:06.0 (76729792)|HEAP_ALLOCATE|[81]|Bytes:8
06:14:06.0 (76742992)|STATEMENT_EXECUTE|[82]
06:14:06.0 (76756516)|HEAP_ALLOCATE|[82]|Bytes:8
06:14:06.0 (76763837)|HEAP_ALLOCATE|[82]|Bytes:25
06:14:06.0 (76771004)|HEAP_ALLOCATE|[EXTERNAL]|Bytes:4
06:14:06.0 (76781861)|HEAP_ALLOCATE|[80]|Bytes:5
06:14:06.0 (76793761)|VARIABLE_SCOPE_BEGIN|[80]|field|Schema.SObjectField|true|false
06:14:06.0 (76853671)|VARIABLE_ASSIGNMENT|[80]|field|"common.apex.runtime.impl.ApexFieldToken@310c35cf"|0x310c35cf
06:14:06.0 (76859976)|STATEMENT_EXECUTE|[80]
06:14:06.0 (76964055)|HEAP_ALLOCATE|[81]|Bytes:8
06:14:06.0 (76976472)|STATEMENT_EXECUTE|[82]
06:14:06.0 (76990346)|HEAP_ALLOCATE|[82]|Bytes:8
06:14:06.0 (76997506)|HEAP_ALLOCATE|[82]|Bytes:12
06:14:06.0 (77004050)|HEAP_ALLOCATE|[EXTERNAL]|Bytes:4
06:14:06.0 (77014887)|HEAP_ALLOCATE|[80]|Bytes:5
06:14:06.0 (77026301)|VARIABLE_SCOPE_BEGIN|[80]|field|Schema.SObjectField|true|false
06:14:06.0 (77086331)|VARIABLE_ASSIGNMENT|[80]|field|"common.apex.runtime.impl.ApexFieldToken@139e2218"|0x139e2218
06:14:06.0 (77092375)|STATEMENT_EXECUTE|[80]
06:14:06.0 (77168607)|HEAP_ALLOCATE|[81]|Bytes:8
06:14:06.0 (77180803)|STATEMENT_EXECUTE|[82]
06:14:06.0 (77194532)|HEAP_ALLOCATE|[82]|Bytes:8
06:14:06.0 (77201579)|HEAP_ALLOCATE|[82]|Bytes:21
06:14:06.0 (77208442)|HEAP_ALLOCATE|[EXTERNAL]|Bytes:4
06:14:06.0 (77218839)|HEAP_ALLOCATE|[80]|Bytes:5
06:14:06.0 (77229830)|VARIABLE_SCOPE_BEGIN|[80]|field|Schema.SObjectField|true|false
06:14:06.0 (77289194)|VARIABLE_ASSIGNMENT|[80]|field|"common.apex.runtime.impl.ApexFieldToken@fadba8"|0xfadba8
06:14:06.0 (77295878)|STATEMENT_EXECUTE|[80]
06:14:06.0 (77369899)|HEAP_ALLOCATE|[81]|Bytes:8
06:14:06.0 (77381467)|STATEMENT_EXECUTE|[82]
06:14:06.0 (77394217)|HEAP_ALLOCATE|[82]|Bytes:8
06:14:06.0 (77400926)|HEAP_ALLOCATE|[82]|Bytes:19
06:14:06.0 (77407543)|HEAP_ALLOCATE|[EXTERNAL]|Bytes:4
06:14:06.0 (77417819)|HEAP_ALLOCATE|[80]|Bytes:5
06:14:06.0 (77428761)|VARIABLE_SCOPE_BEGIN|[80]|field|Schema.SObjectField|true|false
06:14:06.0 (77487936)|VARIABLE_ASSIGNMENT|[80]|field|"common.apex.runtime.impl.ApexFieldToken@2138dd93"|0x2138dd93
06:14:06.0 (77493913)|STATEMENT_EXECUTE|[80]
06:14:06.0 (77572264)|HEAP_ALLOCATE|[81]|Bytes:8
06:14:06.0 (77583988)|STATEMENT_EXECUTE|[82]
06:14:06.0 (77597083)|HEAP_ALLOCATE|[82]|Bytes:8
06:14:06.0 (77603873)|HEAP_ALLOCATE|[82]|Bytes:8
06:14:06.0 (77610282)|HEAP_ALLOCATE|[EXTERNAL]|Bytes:4
06:14:06.0 (77620619)|HEAP_ALLOCATE|[80]|Bytes:5
06:14:06.0 (77632064)|VARIABLE_SCOPE_BEGIN|[80]|field|Schema.SObjectField|true|false
06:14:06.0 (77691504)|VARIABLE_ASSIGNMENT|[80]|field|"common.apex.runtime.impl.ApexFieldToken@71ca3636"|0x71ca3636
06:14:06.0 (77697486)|STATEMENT_EXECUTE|[80]
06:14:06.0 (77770193)|HEAP_ALLOCATE|[81]|Bytes:8
06:14:06.0 (77782317)|STATEMENT_EXECUTE|[82]
06:14:06.0 (77796281)|HEAP_ALLOCATE|[82]|Bytes:8
06:14:06.0 (77802854)|HEAP_ALLOCATE|[82]|Bytes:8
06:14:06.0 (77809295)|HEAP_ALLOCATE|[EXTERNAL]|Bytes:4
06:14:06.0 (77819428)|HEAP_ALLOCATE|[80]|Bytes:5
06:14:06.0 (77830798)|VARIABLE_SCOPE_BEGIN|[80]|field|Schema.SObjectField|true|false
06:14:06.0 (77889507)|VARIABLE_ASSIGNMENT|[80]|field|"common.apex.runtime.impl.ApexFieldToken@13a654f5"|0x13a654f5
06:14:06.0 (77895983)|STATEMENT_EXECUTE|[80]
06:14:06.0 (77967115)|HEAP_ALLOCATE|[81]|Bytes:8
06:14:06.0 (77978666)|STATEMENT_EXECUTE|[82]
06:14:06.0 (77991565)|HEAP_ALLOCATE|[82]|Bytes:8
06:14:06.0 (77998391)|HEAP_ALLOCATE|[82]|Bytes:10
06:14:06.0 (78004949)|HEAP_ALLOCATE|[EXTERNAL]|Bytes:4
06:14:06.0 (78016034)|HEAP_ALLOCATE|[80]|Bytes:5
06:14:06.0 (78027611)|VARIABLE_SCOPE_BEGIN|[80]|field|Schema.SObjectField|true|false
06:14:06.0 (78085976)|VARIABLE_ASSIGNMENT|[80]|field|"common.apex.runtime.impl.ApexFieldToken@4557fab2"|0x4557fab2
06:14:06.0 (78092582)|STATEMENT_EXECUTE|[80]
06:14:06.0 (78163797)|HEAP_ALLOCATE|[81]|Bytes:8
06:14:06.0 (78175574)|STATEMENT_EXECUTE|[82]
06:14:06.0 (78188251)|HEAP_ALLOCATE|[82]|Bytes:8
06:14:06.0 (78195040)|HEAP_ALLOCATE|[82]|Bytes:8
06:14:06.0 (78201685)|HEAP_ALLOCATE|[EXTERNAL]|Bytes:4
06:14:06.0 (78211800)|HEAP_ALLOCATE|[80]|Bytes:5
06:14:06.0 (78223598)|VARIABLE_SCOPE_BEGIN|[80]|field|Schema.SObjectField|true|false
06:14:06.0 (78281853)|VARIABLE_ASSIGNMENT|[80]|field|"common.apex.runtime.impl.ApexFieldToken@226463ce"|0x226463ce
06:14:06.0 (78288719)|STATEMENT_EXECUTE|[80]
06:14:06.0 (78359412)|HEAP_ALLOCATE|[81]|Bytes:8
06:14:06.0 (78370814)|STATEMENT_EXECUTE|[82]
06:14:06.0 (78383814)|HEAP_ALLOCATE|[82]|Bytes:8
06:14:06.0 (78390787)|HEAP_ALLOCATE|[82]|Bytes:7
06:14:06.0 (78397441)|HEAP_ALLOCATE|[EXTERNAL]|Bytes:4
06:14:06.0 (78408133)|HEAP_ALLOCATE|[80]|Bytes:5
06:14:06.0 (78419404)|VARIABLE_SCOPE_BEGIN|[80]|field|Schema.SObjectField|true|false
06:14:06.0 (78486501)|VARIABLE_ASSIGNMENT|[80]|field|"common.apex.runtime.impl.ApexFieldToken@23f8a32"|0x23f8a32
06:14:06.0 (78496464)|STATEMENT_EXECUTE|[80]
06:14:06.0 (78584268)|HEAP_ALLOCATE|[81]|Bytes:8
06:14:06.0 (78597688)|STATEMENT_EXECUTE|[82]
06:14:06.0 (78617421)|HEAP_ALLOCATE|[82]|Bytes:8
06:14:06.0 (78629593)|HEAP_ALLOCATE|[82]|Bytes:8
06:14:06.0 (78640323)|HEAP_ALLOCATE|[EXTERNAL]|Bytes:4
06:14:06.0 (78656415)|HEAP_ALLOCATE|[80]|Bytes:5
06:14:06.0 (78674678)|VARIABLE_SCOPE_BEGIN|[80]|field|Schema.SObjectField|true|false
06:14:06.0 (78736900)|VARIABLE_ASSIGNMENT|[80]|field|"common.apex.runtime.impl.ApexFieldToken@239f677c"|0x239f677c
06:14:06.0 (78743590)|STATEMENT_EXECUTE|[80]
06:14:06.0 (78825863)|HEAP_ALLOCATE|[81]|Bytes:8
06:14:06.0 (78838124)|STATEMENT_EXECUTE|[82]
06:14:06.0 (78851680)|HEAP_ALLOCATE|[82]|Bytes:8
06:14:06.0 (78858815)|HEAP_ALLOCATE|[82]|Bytes:7
06:14:06.0 (78865911)|HEAP_ALLOCATE|[EXTERNAL]|Bytes:4
06:14:06.0 (78876408)|HEAP_ALLOCATE|[80]|Bytes:5
06:14:06.0 (78886884)|VARIABLE_ASSIGNMENT|[80]|field|null|
06:14:06.0 (78891645)|STATEMENT_EXECUTE|[84]
06:14:06.0 (78896392)|VARIABLE_SCOPE_BEGIN|[84]|allfields|String|false|false
06:14:06.0 (78905943)|VARIABLE_ASSIGNMENT|[84]|allfields|""
06:14:06.0 (78945707)|HEAP_ALLOCATE|[85]|Bytes:5
06:14:06.0 (78953945)|HEAP_ALLOCATE|[85]|Bytes:2
06:14:06.0 (78960508)|VARIABLE_SCOPE_BEGIN|[85]|fieldname|String|false|false
06:14:06.0 (78969020)|VARIABLE_ASSIGNMENT|[85]|fieldname|"Id"
06:14:06.0 (78973584)|STATEMENT_EXECUTE|[86]
06:14:06.0 (78975836)|HEAP_ALLOCATE|[86]|Bytes:1
06:14:06.0 (78990542)|HEAP_ALLOCATE|[86]|Bytes:3
06:14:06.0 (78995376)|HEAP_ALLOCATE|[86]|Bytes:3
06:14:06.0 (78999570)|VARIABLE_ASSIGNMENT|[86]|allfields|"Id,"
06:14:06.0 (79007489)|HEAP_ALLOCATE|[85]|Bytes:5
06:14:06.0 (79014915)|HEAP_ALLOCATE|[85]|Bytes:7
06:14:06.0 (79019632)|VARIABLE_SCOPE_BEGIN|[85]|fieldname|String|false|false
06:14:06.0 (79026685)|VARIABLE_ASSIGNMENT|[85]|fieldname|"OwnerId"
06:14:06.0 (79030456)|STATEMENT_EXECUTE|[86]
06:14:06.0 (79033244)|HEAP_ALLOCATE|[86]|Bytes:8
06:14:06.0 (79037049)|HEAP_ALLOCATE|[86]|Bytes:11
06:14:06.0 (79041117)|VARIABLE_ASSIGNMENT|[86]|allfields|"Id,OwnerId,"
06:14:06.0 (79047663)|HEAP_ALLOCATE|[85]|Bytes:5
06:14:06.0 (79053843)|HEAP_ALLOCATE|[85]|Bytes:9
06:14:06.0 (79057931)|VARIABLE_SCOPE_BEGIN|[85]|fieldname|String|false|false
06:14:06.0 (79064935)|VARIABLE_ASSIGNMENT|[85]|fieldname|"IsDeleted"
06:14:06.0 (79068096)|STATEMENT_EXECUTE|[86]
06:14:06.0 (79070683)|HEAP_ALLOCATE|[86]|Bytes:10
06:14:06.0 (79074792)|HEAP_ALLOCATE|[86]|Bytes:21
06:14:06.0 (79080765)|VARIABLE_ASSIGNMENT|[86]|allfields|"Id,OwnerId,IsDeleted (1 more) ..."
06:14:06.0 (79087650)|HEAP_ALLOCATE|[85]|Bytes:5
06:14:06.0 (79092786)|HEAP_ALLOCATE|[85]|Bytes:4
06:14:06.0 (79097034)|VARIABLE_SCOPE_BEGIN|[85]|fieldname|String|false|false
06:14:06.0 (79103845)|VARIABLE_ASSIGNMENT|[85]|fieldname|"Name"
06:14:06.0 (79107113)|STATEMENT_EXECUTE|[86]
06:14:06.0 (79109513)|HEAP_ALLOCATE|[86]|Bytes:5
06:14:06.0 (79113251)|HEAP_ALLOCATE|[86]|Bytes:26
06:14:06.0 (79117507)|VARIABLE_ASSIGNMENT|[86]|allfields|"Id,OwnerId,IsDeleted (6 more) ..."
06:14:06.0 (79123882)|HEAP_ALLOCATE|[85]|Bytes:5
06:14:06.0 (79129107)|HEAP_ALLOCATE|[85]|Bytes:11
06:14:06.0 (79133279)|VARIABLE_SCOPE_BEGIN|[85]|fieldname|String|false|false
06:14:06.0 (79139519)|VARIABLE_ASSIGNMENT|[85]|fieldname|"CreatedDate"
06:14:06.0 (79142470)|STATEMENT_EXECUTE|[86]
06:14:06.0 (79144617)|HEAP_ALLOCATE|[86]|Bytes:12
06:14:06.0 (79148036)|HEAP_ALLOCATE|[86]|Bytes:38
06:14:06.0 (79152230)|VARIABLE_ASSIGNMENT|[86]|allfields|"Id,OwnerId,IsDeleted (18 more) ..."
06:14:06.0 (79159029)|HEAP_ALLOCATE|[85]|Bytes:5
06:14:06.0 (79164036)|HEAP_ALLOCATE|[85]|Bytes:11
06:14:06.0 (79167961)|VARIABLE_SCOPE_BEGIN|[85]|fieldname|String|false|false
06:14:06.0 (79174588)|VARIABLE_ASSIGNMENT|[85]|fieldname|"CreatedById"
06:14:06.0 (79177984)|STATEMENT_EXECUTE|[86]
06:14:06.0 (79180263)|HEAP_ALLOCATE|[86]|Bytes:12
06:14:06.0 (79184063)|HEAP_ALLOCATE|[86]|Bytes:50
06:14:06.0 (79188113)|VARIABLE_ASSIGNMENT|[86]|allfields|"Id,OwnerId,IsDeleted (30 more) ..."
06:14:06.0 (79194199)|HEAP_ALLOCATE|[85]|Bytes:5
06:14:06.0 (79199478)|HEAP_ALLOCATE|[85]|Bytes:16
06:14:06.0 (79203467)|VARIABLE_SCOPE_BEGIN|[85]|fieldname|String|false|false
06:14:06.0 (79210979)|VARIABLE_ASSIGNMENT|[85]|fieldname|"LastModifiedDate"
06:14:06.0 (79214697)|STATEMENT_EXECUTE|[86]
06:14:06.0 (79216934)|HEAP_ALLOCATE|[86]|Bytes:17
06:14:06.0 (79220399)|HEAP_ALLOCATE|[86]|Bytes:67
06:14:06.0 (79224599)|VARIABLE_ASSIGNMENT|[86]|allfields|"Id,OwnerId,IsDeleted (47 more) ..."
06:14:06.0 (79230570)|HEAP_ALLOCATE|[85]|Bytes:5
06:14:06.0 (79236499)|HEAP_ALLOCATE|[85]|Bytes:16
06:14:06.0 (79240536)|VARIABLE_SCOPE_BEGIN|[85]|fieldname|String|false|false
06:14:06.0 (79247467)|VARIABLE_ASSIGNMENT|[85]|fieldname|"LastModifiedById"
06:14:06.0 (79250677)|STATEMENT_EXECUTE|[86]
06:14:06.0 (79252949)|HEAP_ALLOCATE|[86]|Bytes:17
06:14:06.0 (79256393)|HEAP_ALLOCATE|[86]|Bytes:84
06:14:06.0 (79260721)|VARIABLE_ASSIGNMENT|[86]|allfields|"Id,OwnerId,IsDeleted (64 more) ..."
06:14:06.0 (79266971)|HEAP_ALLOCATE|[85]|Bytes:5
06:14:06.0 (79272562)|HEAP_ALLOCATE|[85]|Bytes:14
06:14:06.0 (79276500)|VARIABLE_SCOPE_BEGIN|[85]|fieldname|String|false|false
06:14:06.0 (79282968)|VARIABLE_ASSIGNMENT|[85]|fieldname|"SystemModstamp"
06:14:06.0 (79286226)|STATEMENT_EXECUTE|[86]
06:14:06.0 (79288482)|HEAP_ALLOCATE|[86]|Bytes:15
06:14:06.0 (79291849)|HEAP_ALLOCATE|[86]|Bytes:99
06:14:06.0 (79296339)|VARIABLE_ASSIGNMENT|[86]|allfields|"Id,OwnerId,IsDeleted (79 more) ..."
06:14:06.0 (79302872)|HEAP_ALLOCATE|[85]|Bytes:5
06:14:06.0 (79308278)|HEAP_ALLOCATE|[85]|Bytes:16
06:14:06.0 (79312347)|VARIABLE_SCOPE_BEGIN|[85]|fieldname|String|false|false
06:14:06.0 (79319066)|VARIABLE_ASSIGNMENT|[85]|fieldname|"LastActivityDate"
06:14:06.0 (79321976)|STATEMENT_EXECUTE|[86]
06:14:06.0 (79324149)|HEAP_ALLOCATE|[86]|Bytes:17
06:14:06.0 (79327806)|HEAP_ALLOCATE|[86]|Bytes:116
06:14:06.0 (79331994)|VARIABLE_ASSIGNMENT|[86]|allfields|"Id,OwnerId,IsDeleted (96 more) ..."
06:14:06.0 (79338353)|HEAP_ALLOCATE|[85]|Bytes:5
06:14:06.0 (79343545)|HEAP_ALLOCATE|[85]|Bytes:14
06:14:06.0 (79347706)|VARIABLE_SCOPE_BEGIN|[85]|fieldname|String|false|false
06:14:06.0 (79354103)|VARIABLE_ASSIGNMENT|[85]|fieldname|"LastViewedDate"
06:14:06.0 (79357010)|STATEMENT_EXECUTE|[86]
06:14:06.0 (79359234)|HEAP_ALLOCATE|[86]|Bytes:15
06:14:06.0 (79362817)|HEAP_ALLOCATE|[86]|Bytes:131
06:14:06.0 (79367141)|VARIABLE_ASSIGNMENT|[86]|allfields|"Id,OwnerId,IsDeleted (111 more) ..."
06:14:06.0 (79373533)|HEAP_ALLOCATE|[85]|Bytes:5
06:14:06.0 (79378978)|HEAP_ALLOCATE|[85]|Bytes:18
06:14:06.0 (79383143)|VARIABLE_SCOPE_BEGIN|[85]|fieldname|String|false|false
06:14:06.0 (79390278)|VARIABLE_ASSIGNMENT|[85]|fieldname|"LastReferencedDate"
06:14:06.0 (79393668)|STATEMENT_EXECUTE|[86]
06:14:06.0 (79395924)|HEAP_ALLOCATE|[86]|Bytes:19
06:14:06.0 (79399487)|HEAP_ALLOCATE|[86]|Bytes:150
06:14:06.0 (79403625)|VARIABLE_ASSIGNMENT|[86]|allfields|"Id,OwnerId,IsDeleted (130 more) ..."
06:14:06.0 (79409790)|HEAP_ALLOCATE|[85]|Bytes:5
06:14:06.0 (79415285)|HEAP_ALLOCATE|[85]|Bytes:9
06:14:06.0 (79419352)|VARIABLE_SCOPE_BEGIN|[85]|fieldname|String|false|false
06:14:06.0 (79425854)|VARIABLE_ASSIGNMENT|[85]|fieldname|"Client__c"
06:14:06.0 (79429041)|STATEMENT_EXECUTE|[86]
06:14:06.0 (79431503)|HEAP_ALLOCATE|[86]|Bytes:10
06:14:06.0 (79434992)|HEAP_ALLOCATE|[86]|Bytes:160
06:14:06.0 (79439638)|VARIABLE_ASSIGNMENT|[86]|allfields|"Id,OwnerId,IsDeleted (140 more) ..."
06:14:06.0 (79445815)|HEAP_ALLOCATE|[85]|Bytes:5
06:14:06.0 (79451380)|HEAP_ALLOCATE|[85]|Bytes:15
06:14:06.0 (79455297)|VARIABLE_SCOPE_BEGIN|[85]|fieldname|String|false|false
06:14:06.0 (79462108)|VARIABLE_ASSIGNMENT|[85]|fieldname|"End_Customer__c"
06:14:06.0 (79465326)|STATEMENT_EXECUTE|[86]
06:14:06.0 (79467746)|HEAP_ALLOCATE|[86]|Bytes:16
06:14:06.0 (79471397)|HEAP_ALLOCATE|[86]|Bytes:176
06:14:06.0 (79475417)|VARIABLE_ASSIGNMENT|[86]|allfields|"Id,OwnerId,IsDeleted (156 more) ..."
06:14:06.0 (79481803)|HEAP_ALLOCATE|[85]|Bytes:5
06:14:06.0 (79487190)|HEAP_ALLOCATE|[85]|Bytes:19
06:14:06.0 (79491140)|VARIABLE_SCOPE_BEGIN|[85]|fieldname|String|false|false
06:14:06.0 (79498174)|VARIABLE_ASSIGNMENT|[85]|fieldname|"Operation_Region__c"
06:14:06.0 (79501516)|STATEMENT_EXECUTE|[86]
06:14:06.0 (79503752)|HEAP_ALLOCATE|[86]|Bytes:20
06:14:06.0 (79507113)|HEAP_ALLOCATE|[86]|Bytes:196
06:14:06.0 (79511137)|VARIABLE_ASSIGNMENT|[86]|allfields|"Id,OwnerId,IsDeleted (176 more) ..."
06:14:06.0 (79517090)|HEAP_ALLOCATE|[85]|Bytes:5
06:14:06.0 (79522245)|HEAP_ALLOCATE|[85]|Bytes:14
06:14:06.0 (79526076)|VARIABLE_SCOPE_BEGIN|[85]|fieldname|String|false|false
06:14:06.0 (79532800)|VARIABLE_ASSIGNMENT|[85]|fieldname|"Work_Region__c"
06:14:06.0 (79536047)|STATEMENT_EXECUTE|[86]
06:14:06.0 (79538173)|HEAP_ALLOCATE|[86]|Bytes:15
06:14:06.0 (79541792)|HEAP_ALLOCATE|[86]|Bytes:211
06:14:06.0 (79551237)|VARIABLE_ASSIGNMENT|[86]|allfields|"Id,OwnerId,IsDeleted (191 more) ..."
06:14:06.0 (79558025)|HEAP_ALLOCATE|[85]|Bytes:5
06:14:06.0 (79563834)|HEAP_ALLOCATE|[85]|Bytes:25
06:14:06.0 (79567693)|VARIABLE_SCOPE_BEGIN|[85]|fieldname|String|false|false
06:14:06.0 (79575045)|VARIABLE_ASSIGNMENT|[85]|fieldname|"Client_Project_Manag (5 more) ..."
06:14:06.0 (79578349)|STATEMENT_EXECUTE|[86]
06:14:06.0 (79580795)|HEAP_ALLOCATE|[86]|Bytes:26
06:14:06.0 (79584602)|HEAP_ALLOCATE|[86]|Bytes:237
06:14:06.0 (79588731)|VARIABLE_ASSIGNMENT|[86]|allfields|"Id,OwnerId,IsDeleted (217 more) ..."
06:14:06.0 (79594999)|HEAP_ALLOCATE|[85]|Bytes:5
06:14:06.0 (79600821)|HEAP_ALLOCATE|[85]|Bytes:15
06:14:06.0 (79604839)|VARIABLE_SCOPE_BEGIN|[85]|fieldname|String|false|false
06:14:06.0 (79611466)|VARIABLE_ASSIGNMENT|[85]|fieldname|"Project_code__c"
06:14:06.0 (79614920)|STATEMENT_EXECUTE|[86]
06:14:06.0 (79617822)|HEAP_ALLOCATE|[86]|Bytes:16
06:14:06.0 (79623824)|HEAP_ALLOCATE|[86]|Bytes:253
06:14:06.0 (79628708)|VARIABLE_ASSIGNMENT|[86]|allfields|"Id,OwnerId,IsDeleted (233 more) ..."
06:14:06.0 (79635697)|HEAP_ALLOCATE|[85]|Bytes:5
06:14:06.0 (79641164)|HEAP_ALLOCATE|[85]|Bytes:23
06:14:06.0 (79645656)|VARIABLE_SCOPE_BEGIN|[85]|fieldname|String|false|false
06:14:06.0 (79653052)|VARIABLE_ASSIGNMENT|[85]|fieldname|"Company_project_code (3 more) ..."
06:14:06.0 (79656211)|STATEMENT_EXECUTE|[86]
06:14:06.0 (79658630)|HEAP_ALLOCATE|[86]|Bytes:24
06:14:06.0 (79662339)|HEAP_ALLOCATE|[86]|Bytes:277
06:14:06.0 (79666476)|VARIABLE_ASSIGNMENT|[86]|allfields|"Id,OwnerId,IsDeleted (257 more) ..."
06:14:06.0 (79672621)|HEAP_ALLOCATE|[85]|Bytes:5
06:14:06.0 (79678027)|HEAP_ALLOCATE|[85]|Bytes:16
06:14:06.0 (79681963)|VARIABLE_SCOPE_BEGIN|[85]|fieldname|String|false|false
06:14:06.0 (79688822)|VARIABLE_ASSIGNMENT|[85]|fieldname|"Project_Scope__c"
06:14:06.0 (79691958)|STATEMENT_EXECUTE|[86]
06:14:06.0 (79694278)|HEAP_ALLOCATE|[86]|Bytes:17
06:14:06.0 (79697928)|HEAP_ALLOCATE|[86]|Bytes:294
06:14:06.0 (79701977)|VARIABLE_ASSIGNMENT|[86]|allfields|"Id,OwnerId,IsDeleted (274 more) ..."
06:14:06.0 (79708402)|HEAP_ALLOCATE|[85]|Bytes:5
06:14:06.0 (79713552)|HEAP_ALLOCATE|[85]|Bytes:14
06:14:06.0 (79717531)|VARIABLE_SCOPE_BEGIN|[85]|fieldname|String|false|false
06:14:06.0 (79724442)|VARIABLE_ASSIGNMENT|[85]|fieldname|"Cost_Centre__c"
06:14:06.0 (79727581)|STATEMENT_EXECUTE|[86]
06:14:06.0 (79729852)|HEAP_ALLOCATE|[86]|Bytes:15
06:14:06.0 (79733421)|HEAP_ALLOCATE|[86]|Bytes:309
06:14:06.0 (79737916)|VARIABLE_ASSIGNMENT|[86]|allfields|"Id,OwnerId,IsDeleted (289 more) ..."
06:14:06.0 (79743936)|HEAP_ALLOCATE|[85]|Bytes:5
06:14:06.0 (79749170)|HEAP_ALLOCATE|[85]|Bytes:13
06:14:06.0 (79753026)|VARIABLE_SCOPE_BEGIN|[85]|fieldname|String|false|false
06:14:06.0 (79759534)|VARIABLE_ASSIGNMENT|[85]|fieldname|"Production__c"
06:14:06.0 (79762899)|STATEMENT_EXECUTE|[86]
06:14:06.0 (79765363)|HEAP_ALLOCATE|[86]|Bytes:14
06:14:06.0 (79768735)|HEAP_ALLOCATE|[86]|Bytes:323
06:14:06.0 (79772730)|VARIABLE_ASSIGNMENT|[86]|allfields|"Id,OwnerId,IsDeleted (303 more) ..."
06:14:06.0 (79778878)|HEAP_ALLOCATE|[85]|Bytes:5
06:14:06.0 (79784188)|HEAP_ALLOCATE|[85]|Bytes:5
06:14:06.0 (79788071)|VARIABLE_SCOPE_BEGIN|[85]|fieldname|String|false|false
06:14:06.0 (79794428)|VARIABLE_ASSIGNMENT|[85]|fieldname|"QC__c"
06:14:06.0 (79797640)|STATEMENT_EXECUTE|[86]
06:14:06.0 (79799864)|HEAP_ALLOCATE|[86]|Bytes:6
06:14:06.0 (79803235)|HEAP_ALLOCATE|[86]|Bytes:329
06:14:06.0 (79807396)|VARIABLE_ASSIGNMENT|[86]|allfields|"Id,OwnerId,IsDeleted (309 more) ..."
06:14:06.0 (79813109)|HEAP_ALLOCATE|[85]|Bytes:5
06:14:06.0 (79818963)|HEAP_ALLOCATE|[85]|Bytes:11
06:14:06.0 (79822789)|VARIABLE_SCOPE_BEGIN|[85]|fieldname|String|false|false
06:14:06.0 (79829422)|VARIABLE_ASSIGNMENT|[85]|fieldname|"Delivery__c"
06:14:06.0 (79832753)|STATEMENT_EXECUTE|[86]
06:14:06.0 (79835029)|HEAP_ALLOCATE|[86]|Bytes:12
06:14:06.0 (79838795)|HEAP_ALLOCATE|[86]|Bytes:341
06:14:06.0 (79843265)|VARIABLE_ASSIGNMENT|[86]|allfields|"Id,OwnerId,IsDeleted (321 more) ..."
06:14:06.0 (79849426)|HEAP_ALLOCATE|[85]|Bytes:5
06:14:06.0 (79854648)|HEAP_ALLOCATE|[85]|Bytes:5
06:14:06.0 (79858460)|VARIABLE_SCOPE_BEGIN|[85]|fieldname|String|false|false
06:14:06.0 (79865049)|VARIABLE_ASSIGNMENT|[85]|fieldname|"QA__c"
06:14:06.0 (79868020)|STATEMENT_EXECUTE|[86]
06:14:06.0 (79870361)|HEAP_ALLOCATE|[86]|Bytes:6
06:14:06.0 (79876258)|HEAP_ALLOCATE|[86]|Bytes:347
06:14:06.0 (79881100)|VARIABLE_ASSIGNMENT|[86]|allfields|"Id,OwnerId,IsDeleted (327 more) ..."
06:14:06.0 (79888478)|HEAP_ALLOCATE|[85]|Bytes:5
06:14:06.0 (79893681)|HEAP_ALLOCATE|[85]|Bytes:25
06:14:06.0 (79897777)|VARIABLE_SCOPE_BEGIN|[85]|fieldname|String|false|false
06:14:06.0 (79905683)|VARIABLE_ASSIGNMENT|[85]|fieldname|"OffshoreProjectManag (5 more) ..."
06:14:06.0 (79909096)|STATEMENT_EXECUTE|[86]
06:14:06.0 (79911537)|HEAP_ALLOCATE|[86]|Bytes:26
06:14:06.0 (79915214)|HEAP_ALLOCATE|[86]|Bytes:373
06:14:06.0 (79920400)|VARIABLE_ASSIGNMENT|[86]|allfields|"Id,OwnerId,IsDeleted (353 more) ..."
06:14:06.0 (79926652)|HEAP_ALLOCATE|[85]|Bytes:5
06:14:06.0 (79931861)|HEAP_ALLOCATE|[85]|Bytes:12
06:14:06.0 (79936210)|VARIABLE_SCOPE_BEGIN|[85]|fieldname|String|false|false
06:14:06.0 (79943470)|VARIABLE_ASSIGNMENT|[85]|fieldname|"Team_Lead__c"
06:14:06.0 (79947730)|STATEMENT_EXECUTE|[86]
06:14:06.0 (79950061)|HEAP_ALLOCATE|[86]|Bytes:13
06:14:06.0 (79953802)|HEAP_ALLOCATE|[86]|Bytes:386
06:14:06.0 (79958007)|VARIABLE_ASSIGNMENT|[86]|allfields|"Id,OwnerId,IsDeleted (366 more) ..."
06:14:06.0 (79964120)|HEAP_ALLOCATE|[85]|Bytes:5
06:14:06.0 (79969221)|HEAP_ALLOCATE|[85]|Bytes:21
06:14:06.0 (79974022)|VARIABLE_SCOPE_BEGIN|[85]|fieldname|String|false|false
06:14:06.0 (79981737)|VARIABLE_ASSIGNMENT|[85]|fieldname|"Project_Start_Date__ (1 more) ..."
06:14:06.0 (79985073)|STATEMENT_EXECUTE|[86]
06:14:06.0 (79987361)|HEAP_ALLOCATE|[86]|Bytes:22
06:14:06.0 (79991077)|HEAP_ALLOCATE|[86]|Bytes:408
06:14:06.0 (79996197)|VARIABLE_ASSIGNMENT|[86]|allfields|"Id,OwnerId,IsDeleted (388 more) ..."
06:14:06.0 (80002700)|HEAP_ALLOCATE|[85]|Bytes:5
06:14:06.0 (80008210)|HEAP_ALLOCATE|[85]|Bytes:19
06:14:06.0 (80012994)|VARIABLE_SCOPE_BEGIN|[85]|fieldname|String|false|false
06:14:06.0 (80020195)|VARIABLE_ASSIGNMENT|[85]|fieldname|"Project_End_Date__c"
06:14:06.0 (80023359)|STATEMENT_EXECUTE|[86]
06:14:06.0 (80025634)|HEAP_ALLOCATE|[86]|Bytes:20
06:14:06.0 (80029538)|HEAP_ALLOCATE|[86]|Bytes:428
06:14:06.0 (80033736)|VARIABLE_ASSIGNMENT|[86]|allfields|"Id,OwnerId,IsDeleted (408 more) ..."
06:14:06.0 (80039899)|HEAP_ALLOCATE|[85]|Bytes:5
06:14:06.0 (80045153)|HEAP_ALLOCATE|[85]|Bytes:8
06:14:06.0 (80049091)|VARIABLE_SCOPE_BEGIN|[85]|fieldname|String|false|false
06:14:06.0 (80055986)|VARIABLE_ASSIGNMENT|[85]|fieldname|"Units__c"
06:14:06.0 (80059634)|STATEMENT_EXECUTE|[86]
06:14:06.0 (80061904)|HEAP_ALLOCATE|[86]|Bytes:9
06:14:06.0 (80065691)|HEAP_ALLOCATE|[86]|Bytes:437
06:14:06.0 (80069772)|VARIABLE_ASSIGNMENT|[86]|allfields|"Id,OwnerId,IsDeleted (417 more) ..."
06:14:06.0 (80076927)|HEAP_ALLOCATE|[85]|Bytes:5
06:14:06.0 (80082518)|HEAP_ALLOCATE|[85]|Bytes:8
06:14:06.0 (80086593)|VARIABLE_SCOPE_BEGIN|[85]|fieldname|String|false|false
06:14:06.0 (80093836)|VARIABLE_ASSIGNMENT|[85]|fieldname|"Nodes__c"
06:14:06.0 (80097467)|STATEMENT_EXECUTE|[86]
06:14:06.0 (80099763)|HEAP_ALLOCATE|[86]|Bytes:9
06:14:06.0 (80104211)|HEAP_ALLOCATE|[86]|Bytes:446
06:14:06.0 (80108469)|VARIABLE_ASSIGNMENT|[86]|allfields|"Id,OwnerId,IsDeleted (426 more) ..."
06:14:06.0 (80115211)|HEAP_ALLOCATE|[85]|Bytes:5
06:14:06.0 (80120304)|HEAP_ALLOCATE|[85]|Bytes:10
06:14:06.0 (80124607)|VARIABLE_SCOPE_BEGIN|[85]|fieldname|String|false|false
06:14:06.0 (80132193)|VARIABLE_ASSIGNMENT|[85]|fieldname|"Footage__c"
06:14:06.0 (80136038)|STATEMENT_EXECUTE|[86]
06:14:06.0 (80138206)|HEAP_ALLOCATE|[86]|Bytes:11
06:14:06.0 (80141856)|HEAP_ALLOCATE|[86]|Bytes:457
06:14:06.0 (80145980)|VARIABLE_ASSIGNMENT|[86]|allfields|"Id,OwnerId,IsDeleted (437 more) ..."
06:14:06.0 (80152054)|HEAP_ALLOCATE|[85]|Bytes:5
06:14:06.0 (80157477)|HEAP_ALLOCATE|[85]|Bytes:8
06:14:06.0 (80161563)|VARIABLE_SCOPE_BEGIN|[85]|fieldname|String|false|false
06:14:06.0 (80168973)|VARIABLE_ASSIGNMENT|[85]|fieldname|"Miles__c"
06:14:06.0 (80172259)|STATEMENT_EXECUTE|[86]
06:14:06.0 (80174624)|HEAP_ALLOCATE|[86]|Bytes:9
06:14:06.0 (80178222)|HEAP_ALLOCATE|[86]|Bytes:466
06:14:06.0 (80182993)|VARIABLE_ASSIGNMENT|[86]|allfields|"Id,OwnerId,IsDeleted (446 more) ..."
06:14:06.0 (80190379)|HEAP_ALLOCATE|[85]|Bytes:5
06:14:06.0 (80197531)|HEAP_ALLOCATE|[85]|Bytes:7
06:14:06.0 (80201583)|VARIABLE_SCOPE_BEGIN|[85]|fieldname|String|false|false
06:14:06.0 (80209222)|VARIABLE_ASSIGNMENT|[85]|fieldname|"Jobs__c"
06:14:06.0 (80212851)|STATEMENT_EXECUTE|[86]
06:14:06.0 (80215546)|HEAP_ALLOCATE|[86]|Bytes:8
06:14:06.0 (80219588)|HEAP_ALLOCATE|[86]|Bytes:474
06:14:06.0 (80223837)|VARIABLE_ASSIGNMENT|[86]|allfields|"Id,OwnerId,IsDeleted (454 more) ..."
06:14:06.0 (80230208)|HEAP_ALLOCATE|[85]|Bytes:5
06:14:06.0 (80235867)|HEAP_ALLOCATE|[85]|Bytes:8
06:14:06.0 (80239977)|VARIABLE_SCOPE_BEGIN|[85]|fieldname|String|false|false
06:14:06.0 (80247224)|VARIABLE_ASSIGNMENT|[85]|fieldname|"Hours__c"
06:14:06.0 (80250752)|STATEMENT_EXECUTE|[86]
06:14:06.0 (80252963)|HEAP_ALLOCATE|[86]|Bytes:9
06:14:06.0 (80256579)|HEAP_ALLOCATE|[86]|Bytes:483
06:14:06.0 (80260800)|VARIABLE_ASSIGNMENT|[86]|allfields|"Id,OwnerId,IsDeleted (463 more) ..."
06:14:06.0 (80267761)|HEAP_ALLOCATE|[85]|Bytes:5
06:14:06.0 (80274499)|HEAP_ALLOCATE|[85]|Bytes:7
06:14:06.0 (80279001)|VARIABLE_SCOPE_BEGIN|[85]|fieldname|String|false|false
06:14:06.0 (80286019)|VARIABLE_ASSIGNMENT|[85]|fieldname|"Team__c"
06:14:06.0 (80289318)|STATEMENT_EXECUTE|[86]
06:14:06.0 (80291790)|HEAP_ALLOCATE|[86]|Bytes:8
06:14:06.0 (80295342)|HEAP_ALLOCATE|[86]|Bytes:491
06:14:06.0 (80300042)|VARIABLE_ASSIGNMENT|[86]|allfields|"Id,OwnerId,IsDeleted (471 more) ..."
06:14:06.0 (80306841)|HEAP_ALLOCATE|[85]|Bytes:5
06:14:06.0 (80313345)|VARIABLE_ASSIGNMENT|[85]|fieldname|null
06:14:06.0 (80318078)|STATEMENT_EXECUTE|[88]
06:14:06.0 (80380230)|HEAP_ALLOCATE|[88]|Bytes:490
06:14:06.0 (80390973)|VARIABLE_ASSIGNMENT|[88]|allfields|"Id,OwnerId,IsDeleted (470 more) ..."
06:14:06.0 (80395622)|STATEMENT_EXECUTE|[90]
06:14:06.0 (80406382)|METHOD_EXIT|[16]|01p7F00000Ehro9|PM_Project_Edit_Controller.getAllFields(String)
06:14:06.0 (80413538)|HEAP_ALLOCATE|[16]|Bytes:32
06:14:06.0 (80422069)|HEAP_ALLOCATE|[16]|Bytes:529
06:14:06.0 (80911874)|SOQL_EXECUTE_BEGIN|[16]|Aggregations:0|select Id,OwnerId,IsDeleted,Name,CreatedDate,CreatedById,LastModifiedDate,LastModifiedById,SystemModstamp,LastActivityDate,LastViewedDate,LastReferencedDate,Client__c,End_Customer__c,Operation_Region__c,Work_Region__c,Client_Project_Manager__c,Project_code__c,Company_project_code__c,Project_Scope__c,Cost_Centre__c,Production__c,QC__c,Delivery__c,QA__c,OffshoreProjectManager__c,Team_Lead__c,Project_Start_Date__c,Project_End_Date__c,Units__c,Nodes__c,Footage__c,Miles__c,Jobs__c,Hours__c,Team__c from Project__c where Id = :pid
06:14:06.0 (84556322)|SOQL_EXECUTE_END|[16]|Rows:1
06:14:06.0 (84581649)|HEAP_ALLOCATE|[16]|Bytes:8
06:14:06.0 (84608714)|HEAP_ALLOCATE|[16]|Bytes:580
06:14:06.0 (84664131)|HEAP_ALLOCATE|[16]|Bytes:8
06:14:06.0 (84679946)|HEAP_ALLOCATE|[16]|Bytes:36
06:14:06.0 (84726825)|HEAP_ALLOCATE|[16]|Bytes:88
06:14:06.0 (84782247)|VARIABLE_ASSIGNMENT|[EXTERNAL]|this|{"nonSelectedUserId":"(","project":"0x2054743f","usersList":"0x2dfea6e5"}|0x1c7cc735
06:14:06.0 (84835086)|VARIABLE_ASSIGNMENT|[EXTERNAL]|value|{"Id":"a057F0000039WImQAM","OwnerId":"0057F000000Tiz6QAC","IsDeleted":false,"Name":"3432","CreatedDate":"2018-01-22T13:31:57.000Z","CreatedById":"0057F000000Tiz6QAC","LastModifiedDate":"2018-01-22T13:40:46.000Z","LastModifiedById":"0057F000000Tiz6QAC","SystemModstamp":"2018-01-22T13:40:46.000Z","LastViewedDate":"2018-01-22T14:14:01.000Z","LastReferencedDate":"2018-01-22T14:14:01.000Z","Client__c":"a047F000002zkUjQAI","Company_project_code (3 more) ...":"iiiiiiiiiiiiiiiiiiii (11 more) ...","Production__c":100,"Units__c":true,"Nodes__c":false,"Footage__c":false,"Miles__c":false,"Jobs__c":false,"Hours__c":true,"Team__c":"Mani Sasank, Santhos (39 more) ..."}|0x7dda2858
06:14:06.0 (84873010)|VARIABLE_ASSIGNMENT|[3]|this.project|{"Id":"a057F0000039WImQAM","OwnerId":"0057F000000Tiz6QAC","IsDeleted":false,"Name":"3432","CreatedDate":"2018-01-22T13:31:57.000Z","CreatedById":"0057F000000Tiz6QAC","LastModifiedDate":"2018-01-22T13:40:46.000Z","LastModifiedById":"0057F000000Tiz6QAC","SystemModstamp":"2018-01-22T13:40:46.000Z","LastViewedDate":"2018-01-22T14:14:01.000Z","LastReferencedDate":"2018-01-22T14:14:01.000Z","Client__c":"a047F000002zkUjQAI","Company_project_code (3 more) ...":"iiiiiiiiiiiiiiiiiiii (11 more) ...","Production__c":100,"Units__c":true,"Nodes__c":false,"Footage__c":false,"Miles__c":false,"Jobs__c":false,"Hours__c":true,"Team__c":"Mani Sasank, Santhos (39 more) ..."}|0x1c7cc735
06:14:06.0 (84889402)|STATEMENT_EXECUTE|[17]
06:14:06.0 (84936710)|VARIABLE_ASSIGNMENT|[EXTERNAL]|this|{"nonSelectedUserId":"(","project":"0x7dda2858","usersList":"0x2dfea6e5"}|0x1c7cc735
06:14:06.0 (84998889)|VARIABLE_ASSIGNMENT|[EXTERNAL]|this|{"nonSelectedUserId":"(","project":"0x7dda2858","usersList":"0x2dfea6e5"}|0x1c7cc735
06:14:06.0 (85007379)|VARIABLE_ASSIGNMENT|[EXTERNAL]|value|"3432"
06:14:06.0 (85016695)|VARIABLE_ASSIGNMENT|[4]|this.pName|"3432"|0x1c7cc735
06:14:06.0 (85024028)|STATEMENT_EXECUTE|[19]
06:14:06.0 (85026864)|HEAP_ALLOCATE|[19]|Bytes:86
06:14:06.0 (85044445)|HEAP_ALLOCATE|[19]|Bytes:4
06:14:06.0 (85055927)|HEAP_ALLOCATE|[19]|Bytes:7
06:14:06.0 (85289352)|SOQL_EXECUTE_BEGIN|[19]|Aggregations:0|SELECT Name, UserLink__c FROM ProjectJobAssociation__c WHERE ProjectLink__c = :tmpVar1
06:14:06.0 (87393001)|SOQL_EXECUTE_END|[19]|Rows:6
06:14:06.0 (87410454)|HEAP_ALLOCATE|[19]|Bytes:28
06:14:06.0 (87432588)|HEAP_ALLOCATE|[19]|Bytes:432
06:14:06.0 (87485945)|HEAP_ALLOCATE|[19]|Bytes:28
06:14:06.0 (87498792)|VARIABLE_SCOPE_BEGIN|[19]|pja|List<ProjectJobAssociation__c>|true|false
06:14:06.0 (87515577)|VARIABLE_ASSIGNMENT|[19]|pja|"List of size 6 too large to display"|0x7873a4a3
06:14:06.0 (87521951)|STATEMENT_EXECUTE|[20]
06:14:06.0 (87533875)|HEAP_ALLOCATE|[20]|Bytes:4
06:14:06.0 (87601692)|VARIABLE_ASSIGNMENT|[EXTERNAL]|this|{"nonSelectedUserId":"(","pName":"3432","project":"0x7dda2858","usersList":"0x2dfea6e5"}|0x1c7cc735
06:14:06.0 (87628571)|HEAP_ALLOCATE|[EXTERNAL]|Bytes:4
06:14:06.0 (87636676)|VARIABLE_ASSIGNMENT|[EXTERNAL]|value|[]|0x13391eac
06:14:06.0 (87651020)|VARIABLE_ASSIGNMENT|[6]|this.selectedUsers|[]|0x1c7cc735
06:14:06.0 (87784305)|HEAP_ALLOCATE|[21]|Bytes:5
06:14:06.0 (87800493)|HEAP_ALLOCATE|[21]|Bytes:16
06:14:06.0 (87807601)|VARIABLE_SCOPE_BEGIN|[21]|spja|ProjectJobAssociation__c|true|false
06:14:06.0 (87821517)|VARIABLE_ASSIGNMENT|[21]|spja|{"Name":"62","UserLink__c":"0057F000000Tz0iQAC","Id":"a087F000009JygkQAC"}|0x2fcd52ae
06:14:06.0 (87828062)|STATEMENT_EXECUTE|[21]
06:14:06.0 (87829281)|STATEMENT_EXECUTE|[22]
06:14:06.0 (87832085)|HEAP_ALLOCATE|[22]|Bytes:45
06:14:06.0 (87845009)|HEAP_ALLOCATE|[22]|Bytes:4
06:14:06.0 (88005063)|SOQL_EXECUTE_BEGIN|[22]|Aggregations:0|SELECT Id, Name FROM User WHERE Id = :tmpVar1
06:14:06.0 (92319039)|SOQL_EXECUTE_END|[22]|Rows:1
06:14:06.0 (92335898)|HEAP_ALLOCATE|[22]|Bytes:8
06:14:06.0 (92346758)|HEAP_ALLOCATE|[22]|Bytes:42
06:14:06.0 (92393706)|HEAP_ALLOCATE|[22]|Bytes:8
06:14:06.0 (92417172)|HEAP_ALLOCATE|[22]|Bytes:30
06:14:06.0 (92443230)|HEAP_ALLOCATE|[22]|Bytes:12
06:14:06.0 (92449496)|VARIABLE_SCOPE_BEGIN|[22]|user1|User|true|false
06:14:06.0 (92466052)|VARIABLE_ASSIGNMENT|[22]|user1|{"Id":"0057F000000Tz0iQAC","Name":"Richa"}|0x114f601f
06:14:06.0 (92472626)|STATEMENT_EXECUTE|[23]
06:14:06.0 (92477563)|HEAP_ALLOCATE|[23]|Bytes:1
06:14:06.0 (92546941)|HEAP_ALLOCATE|[23]|Bytes:18
06:14:06.0 (92558871)|HEAP_ALLOCATE|[23]|Bytes:2
06:14:06.0 (92571310)|HEAP_ALLOCATE|[23]|Bytes:21
06:14:06.0 (92577696)|HEAP_ALLOCATE|[23]|Bytes:22
06:14:06.0 (92589366)|VARIABLE_ASSIGNMENT|[23]|this.nonSelectedUserId|"('0057F000000Tz0iQAC (2 more) ..."|0x1c7cc735
06:14:06.0 (92595638)|STATEMENT_EXECUTE|[24]
06:14:06.0 (92643722)|VARIABLE_ASSIGNMENT|[EXTERNAL]|this|{"nonSelectedUserId":"('0057F000000Tz0iQAC (2 more) ...","pName":"3432","project":"0x7dda2858","selectedUsers":"0x13391eac","usersList":"0x2dfea6e5"}|0x1c7cc735
06:14:06.0 (92670364)|HEAP_ALLOCATE|[24]|Bytes:18
06:14:06.0 (92726726)|HEAP_ALLOCATE|[EXTERNAL]|Bytes:4
06:14:06.0 (92741356)|HEAP_ALLOCATE|[21]|Bytes:5
06:14:06.0 (92752440)|HEAP_ALLOCATE|[21]|Bytes:16
06:14:06.0 (92758816)|VARIABLE_SCOPE_BEGIN|[21]|spja|ProjectJobAssociation__c|true|false
06:14:06.0 (92776639)|VARIABLE_ASSIGNMENT|[21]|spja|{"Name":"63","UserLink__c":"0057F000000Tz0sQAC","Id":"a087F000009JyglQAC"}|0x30ff2e74
06:14:06.0 (92783001)|STATEMENT_EXECUTE|[21]
06:14:06.0 (92784030)|STATEMENT_EXECUTE|[22]
06:14:06.0 (92794064)|HEAP_ALLOCATE|[22]|Bytes:4
06:14:06.0 (92913982)|SOQL_EXECUTE_BEGIN|[22]|Aggregations:0|SELECT Id, Name FROM User WHERE Id = :tmpVar1
06:14:06.0 (95733060)|SOQL_EXECUTE_END|[22]|Rows:1
06:14:06.0 (95749081)|HEAP_ALLOCATE|[22]|Bytes:8
06:14:06.0 (95760091)|HEAP_ALLOCATE|[22]|Bytes:44
06:14:06.0 (95786906)|HEAP_ALLOCATE|[22]|Bytes:8
06:14:06.0 (95802016)|HEAP_ALLOCATE|[22]|Bytes:12
06:14:06.0 (95807681)|VARIABLE_SCOPE_BEGIN|[22]|user1|User|true|false
06:14:06.0 (95823834)|VARIABLE_ASSIGNMENT|[22]|user1|{"Id":"0057F000000Tz0sQAC","Name":"Veeresh"}|0x26842a38
06:14:06.0 (95830218)|STATEMENT_EXECUTE|[23]
06:14:06.0 (95851951)|HEAP_ALLOCATE|[23]|Bytes:18
06:14:06.0 (95863818)|HEAP_ALLOCATE|[23]|Bytes:21
06:14:06.0 (95868181)|HEAP_ALLOCATE|[23]|Bytes:43
06:14:06.0 (95878769)|VARIABLE_ASSIGNMENT|[23]|this.nonSelectedUserId|"('0057F000000Tz0iQAC (23 more) ..."|0x1c7cc735
06:14:06.0 (95884003)|STATEMENT_EXECUTE|[24]
06:14:06.0 (95908029)|VARIABLE_ASSIGNMENT|[EXTERNAL]|this|{"nonSelectedUserId":"('0057F000000Tz0iQAC (23 more) ...","pName":"3432","project":"0x7dda2858","selectedUsers":"0x13391eac","usersList":"0x2dfea6e5"}|0x1c7cc735
06:14:06.0 (95925011)|HEAP_ALLOCATE|[24]|Bytes:18
06:14:06.0 (95939184)|HEAP_ALLOCATE|[EXTERNAL]|Bytes:4
06:14:06.0 (95951323)|HEAP_ALLOCATE|[21]|Bytes:5
06:14:06.0 (95961695)|HEAP_ALLOCATE|[21]|Bytes:16
06:14:06.0 (95968221)|VARIABLE_SCOPE_BEGIN|[21]|spja|ProjectJobAssociation__c|true|false
06:14:06.0 (95980755)|VARIABLE_ASSIGNMENT|[21]|spja|{"Name":"61","UserLink__c":"0057F000000TrBVQA0","Id":"a087F000009JyesQAC"}|0x780d7e8d
06:14:06.0 (95986786)|STATEMENT_EXECUTE|[21]
06:14:06.0 (95987867)|STATEMENT_EXECUTE|[22]
06:14:06.0 (95997139)|HEAP_ALLOCATE|[22]|Bytes:4
06:14:06.0 (96111448)|SOQL_EXECUTE_BEGIN|[22]|Aggregations:0|SELECT Id, Name FROM User WHERE Id = :tmpVar1
06:14:06.0 (98750406)|SOQL_EXECUTE_END|[22]|Rows:1
06:14:06.0 (98766626)|HEAP_ALLOCATE|[22]|Bytes:8
06:14:06.0 (98778078)|HEAP_ALLOCATE|[22]|Bytes:46
06:14:06.0 (98803884)|HEAP_ALLOCATE|[22]|Bytes:8
06:14:06.0 (98819939)|HEAP_ALLOCATE|[22]|Bytes:12
06:14:06.0 (98826498)|VARIABLE_SCOPE_BEGIN|[22]|user1|User|true|false
06:14:06.0 (98842510)|VARIABLE_ASSIGNMENT|[22]|user1|{"Id":"0057F000000TrBVQA0","Name":"Yashwanth"}|0x5f1d27fe
06:14:06.0 (98848415)|STATEMENT_EXECUTE|[23]
06:14:06.0 (98870280)|HEAP_ALLOCATE|[23]|Bytes:18
06:14:06.0 (98881312)|HEAP_ALLOCATE|[23]|Bytes:21
06:14:06.0 (98886289)|HEAP_ALLOCATE|[23]|Bytes:64
06:14:06.0 (98896078)|VARIABLE_ASSIGNMENT|[23]|this.nonSelectedUserId|"('0057F000000Tz0iQAC (44 more) ..."|0x1c7cc735
06:14:06.0 (98901842)|STATEMENT_EXECUTE|[24]
06:14:06.0 (98926053)|VARIABLE_ASSIGNMENT|[EXTERNAL]|this|{"nonSelectedUserId":"('0057F000000Tz0iQAC (44 more) ...","pName":"3432","project":"0x7dda2858","selectedUsers":"0x13391eac","usersList":"0x2dfea6e5"}|0x1c7cc735
06:14:06.0 (98942863)|HEAP_ALLOCATE|[24]|Bytes:18
06:14:06.0 (98955940)|HEAP_ALLOCATE|[EXTERNAL]|Bytes:4
06:14:06.0 (98968224)|HEAP_ALLOCATE|[21]|Bytes:5
06:14:06.0 (98978762)|HEAP_ALLOCATE|[21]|Bytes:16
06:14:06.0 (98984524)|VARIABLE_SCOPE_BEGIN|[21]|spja|ProjectJobAssociation__c|true|false
06:14:06.0 (98997884)|VARIABLE_ASSIGNMENT|[21]|spja|{"Name":"58","UserLink__c":"0057F000000TpdFQAS","Id":"a087F000009JyepQAC"}|0x2960387b
06:14:06.0 (99003584)|STATEMENT_EXECUTE|[21]
06:14:06.0 (99005212)|STATEMENT_EXECUTE|[22]
06:14:06.0 (99014264)|HEAP_ALLOCATE|[22]|Bytes:4
06:14:06.0 (99144022)|SOQL_EXECUTE_BEGIN|[22]|Aggregations:0|SELECT Id, Name FROM User WHERE Id = :tmpVar1
06:14:06.0 (101549200)|SOQL_EXECUTE_END|[22]|Rows:1
06:14:06.0 (101571454)|HEAP_ALLOCATE|[22]|Bytes:8
06:14:06.0 (101597000)|HEAP_ALLOCATE|[22]|Bytes:48
06:14:06.0 (101630944)|HEAP_ALLOCATE|[22]|Bytes:8
06:14:06.0 (101650504)|HEAP_ALLOCATE|[22]|Bytes:12
06:14:06.0 (101659124)|VARIABLE_SCOPE_BEGIN|[22]|user1|User|true|false
06:14:06.0 (101680063)|VARIABLE_ASSIGNMENT|[22]|user1|{"Id":"0057F000000TpdFQAS","Name":"Mani Sasank"}|0x6f23428
06:14:06.0 (101689692)|STATEMENT_EXECUTE|[23]
06:14:06.0 (101721246)|HEAP_ALLOCATE|[23]|Bytes:18
06:14:06.0 (101738607)|HEAP_ALLOCATE|[23]|Bytes:21
06:14:06.0 (101745240)|HEAP_ALLOCATE|[23]|Bytes:85
06:14:06.0 (101760069)|VARIABLE_ASSIGNMENT|[23]|this.nonSelectedUserId|"('0057F000000Tz0iQAC (65 more) ..."|0x1c7cc735
06:14:06.0 (101768894)|STATEMENT_EXECUTE|[24]
06:14:06.0 (101801758)|VARIABLE_ASSIGNMENT|[EXTERNAL]|this|{"nonSelectedUserId":"('0057F000000Tz0iQAC (65 more) ...","pName":"3432","project":"0x7dda2858","selectedUsers":"0x13391eac","usersList":"0x2dfea6e5"}|0x1c7cc735
06:14:06.0 (101820981)|HEAP_ALLOCATE|[24]|Bytes:18
06:14:06.0 (101834703)|HEAP_ALLOCATE|[EXTERNAL]|Bytes:4
06:14:06.0 (101847912)|HEAP_ALLOCATE|[21]|Bytes:5
06:14:06.0 (101859230)|HEAP_ALLOCATE|[21]|Bytes:16
06:14:06.0 (101865542)|VARIABLE_SCOPE_BEGIN|[21]|spja|ProjectJobAssociation__c|true|false
06:14:06.0 (101879485)|VARIABLE_ASSIGNMENT|[21]|spja|{"Name":"59","UserLink__c":"0057F000000TrBBQA0","Id":"a087F000009JyeqQAC"}|0x6cfd57db
06:14:06.0 (101885698)|STATEMENT_EXECUTE|[21]
06:14:06.0 (101886764)|STATEMENT_EXECUTE|[22]
06:14:06.0 (101896382)|HEAP_ALLOCATE|[22]|Bytes:4
06:14:06.0 (102017752)|SOQL_EXECUTE_BEGIN|[22]|Aggregations:0|SELECT Id, Name FROM User WHERE Id = :tmpVar1
06:14:06.0 (104396517)|SOQL_EXECUTE_END|[22]|Rows:1
06:14:06.0 (104413118)|HEAP_ALLOCATE|[22]|Bytes:8
06:14:06.0 (104424512)|HEAP_ALLOCATE|[22]|Bytes:45
06:14:06.0 (104450590)|HEAP_ALLOCATE|[22]|Bytes:8
06:14:06.0 (104465971)|HEAP_ALLOCATE|[22]|Bytes:12
06:14:06.0 (104472305)|VARIABLE_SCOPE_BEGIN|[22]|user1|User|true|false
06:14:06.0 (104488314)|VARIABLE_ASSIGNMENT|[22]|user1|{"Id":"0057F000000TrBBQA0","Name":"Santhosh"}|0x7daf0aec
06:14:06.0 (104494670)|STATEMENT_EXECUTE|[23]
06:14:06.0 (104515050)|HEAP_ALLOCATE|[23]|Bytes:18
06:14:06.0 (104526407)|HEAP_ALLOCATE|[23]|Bytes:21
06:14:06.0 (104531278)|HEAP_ALLOCATE|[23]|Bytes:106
06:14:06.0 (104542358)|VARIABLE_ASSIGNMENT|[23]|this.nonSelectedUserId|"('0057F000000Tz0iQAC (86 more) ..."|0x1c7cc735
06:14:06.0 (104548193)|STATEMENT_EXECUTE|[24]
06:14:06.0 (104577541)|VARIABLE_ASSIGNMENT|[EXTERNAL]|this|{"nonSelectedUserId":"('0057F000000Tz0iQAC (86 more) ...","pName":"3432","project":"0x7dda2858","selectedUsers":"0x13391eac","usersList":"0x2dfea6e5"}|0x1c7cc735
06:14:06.0 (104594818)|HEAP_ALLOCATE|[24]|Bytes:18
06:14:06.0 (104608463)|HEAP_ALLOCATE|[EXTERNAL]|Bytes:4
06:14:06.0 (104621837)|HEAP_ALLOCATE|[21]|Bytes:5
06:14:06.0 (104632531)|HEAP_ALLOCATE|[21]|Bytes:16
06:14:06.0 (104638911)|VARIABLE_SCOPE_BEGIN|[21]|spja|ProjectJobAssociation__c|true|false
06:14:06.0 (104654515)|VARIABLE_ASSIGNMENT|[21]|spja|{"Name":"60","UserLink__c":"0057F000000TrBGQA0","Id":"a087F000009JyerQAC"}|0x253858be
06:14:06.0 (104660144)|STATEMENT_EXECUTE|[21]
06:14:06.0 (104661182)|STATEMENT_EXECUTE|[22]
06:14:06.0 (104671023)|HEAP_ALLOCATE|[22]|Bytes:4
06:14:06.0 (104798229)|SOQL_EXECUTE_BEGIN|[22]|Aggregations:0|SELECT Id, Name FROM User WHERE Id = :tmpVar1
06:14:06.0 (107005193)|SOQL_EXECUTE_END|[22]|Rows:1
06:14:06.0 (107021115)|HEAP_ALLOCATE|[22]|Bytes:8
06:14:06.0 (107036795)|HEAP_ALLOCATE|[22]|Bytes:46
06:14:06.0 (107063887)|HEAP_ALLOCATE|[22]|Bytes:8
06:14:06.0 (107081667)|HEAP_ALLOCATE|[22]|Bytes:12
06:14:06.0 (107088150)|VARIABLE_SCOPE_BEGIN|[22]|user1|User|true|false
06:14:06.0 (107104229)|VARIABLE_ASSIGNMENT|[22]|user1|{"Id":"0057F000000TrBGQA0","Name":"Ravi teja"}|0x7106396c
06:14:06.0 (107110522)|STATEMENT_EXECUTE|[23]
06:14:06.0 (107131570)|HEAP_ALLOCATE|[23]|Bytes:18
06:14:06.0 (107150494)|HEAP_ALLOCATE|[23]|Bytes:21
06:14:06.0 (107155058)|HEAP_ALLOCATE|[23]|Bytes:127
06:14:06.0 (107166353)|VARIABLE_ASSIGNMENT|[23]|this.nonSelectedUserId|"('0057F000000Tz0iQAC (107 more) ..."|0x1c7cc735
06:14:06.0 (107173687)|STATEMENT_EXECUTE|[24]
06:14:06.0 (107198933)|VARIABLE_ASSIGNMENT|[EXTERNAL]|this|{"nonSelectedUserId":"('0057F000000Tz0iQAC (107 more) ...","pName":"3432","project":"0x7dda2858","selectedUsers":"0x13391eac","usersList":"0x2dfea6e5"}|0x1c7cc735
06:14:06.0 (107216746)|HEAP_ALLOCATE|[24]|Bytes:18
06:14:06.0 (107229873)|HEAP_ALLOCATE|[EXTERNAL]|Bytes:4
06:14:06.0 (107242874)|HEAP_ALLOCATE|[21]|Bytes:5
06:14:06.0 (107253560)|VARIABLE_ASSIGNMENT|[21]|spja|null|
06:14:06.0 (107259707)|STATEMENT_EXECUTE|[26]
06:14:06.0 (107303391)|HEAP_ALLOCATE|[26]|Bytes:126
06:14:06.0 (107316834)|VARIABLE_ASSIGNMENT|[26]|this.nonSelectedUserId|"('0057F000000Tz0iQAC (106 more) ..."|0x1c7cc735
06:14:06.0 (107322671)|STATEMENT_EXECUTE|[27]
06:14:06.0 (107325820)|HEAP_ALLOCATE|[27]|Bytes:1
06:14:06.0 (107331086)|HEAP_ALLOCATE|[27]|Bytes:127
06:14:06.0 (107337712)|VARIABLE_ASSIGNMENT|[27]|this.nonSelectedUserId|"('0057F000000Tz0iQAC (107 more) ..."|0x1c7cc735
06:14:06.0 (107347732)|SYSTEM_MODE_EXIT|false
06:14:06.0 (107444514)|SYSTEM_MODE_ENTER|true
06:14:06.0 (118812693)|SYSTEM_MODE_ENTER|true
06:14:06.0 (118865834)|HEAP_ALLOCATE|[EXTERNAL]|Bytes:164
06:14:06.0 (118875298)|HEAP_ALLOCATE|[EXTERNAL]|Bytes:12
06:14:06.0 (118884773)|METHOD_ENTRY|[5]|01p7F00000Ehg8E|MultiselectController.MultiselectController()
06:14:06.0 (118889538)|STATEMENT_EXECUTE|[5]
06:14:06.0 (118892880)|STATEMENT_EXECUTE|[5]
06:14:06.0 (118901470)|SYSTEM_MODE_ENTER|false
06:14:06.0 (118908650)|HEAP_ALLOCATE|[EXTERNAL]|Bytes:5
06:14:06.0 (118915879)|SYSTEM_MODE_EXIT|false
06:14:06.0 (118924040)|METHOD_EXIT|[5]|MultiselectController
06:14:06.0 (118940385)|HEAP_ALLOCATE|[EXTERNAL]|Bytes:20
06:14:06.0 (118947597)|VARIABLE_SCOPE_BEGIN|[5]|this|MultiselectController|true|false
06:14:06.0 (118979621)|VARIABLE_ASSIGNMENT|[5]|this|{}|0x4727f17b
06:14:06.0 (118995899)|SYSTEM_MODE_ENTER|false
06:14:06.0 (119001551)|HEAP_ALLOCATE|[EXTERNAL]|Bytes:5
06:14:06.0 (119025905)|SYSTEM_MODE_EXIT|false
06:14:06.0 (119030110)|STATEMENT_EXECUTE|[5]
06:14:06.0 (119034856)|SYSTEM_MODE_ENTER|false
06:14:06.0 (119038757)|HEAP_ALLOCATE|[EXTERNAL]|Bytes:5
06:14:06.0 (119042048)|STATEMENT_EXECUTE|[7]
06:14:06.0 (119043125)|STATEMENT_EXECUTE|[8]
06:14:06.0 (119043949)|STATEMENT_EXECUTE|[23]
06:14:06.0 (119044914)|STATEMENT_EXECUTE|[31]
06:14:06.0 (119046510)|SYSTEM_MODE_EXIT|false
06:14:06.0 (119169936)|SYSTEM_MODE_ENTER|true
06:14:06.0 (119209986)|HEAP_ALLOCATE|[EXTERNAL]|Bytes:24
06:14:06.0 (119288938)|VARIABLE_SCOPE_BEGIN|[30]|this|PM_Project_Edit_Controller|true|false
06:14:06.0 (119318890)|VARIABLE_ASSIGNMENT|[30]|this|{"nonSelectedUserId":"('0057F000000Tz0iQAC (107 more) ...","pName":"3432","project":"0x7dda2858","selectedUsers":"0x13391eac","usersList":"0x2dfea6e5"}|0x1c7cc735
06:14:06.0 (119338097)|SYSTEM_MODE_ENTER|false
06:14:06.0 (119346285)|HEAP_ALLOCATE|[31]|Bytes:5
06:14:06.0 (119351885)|STATEMENT_EXECUTE|[30]
06:14:06.0 (119353009)|STATEMENT_EXECUTE|[31]
06:14:06.0 (119355960)|HEAP_ALLOCATE|[31]|Bytes:62
06:14:06.0 (119369924)|HEAP_ALLOCATE|[31]|Bytes:4
06:14:06.0 (119513414)|SOQL_EXECUTE_BEGIN|[31]|Aggregations:0|SELECT Id, Name FROM UserRole WHERE Name = 'Software Engineer'
06:14:06.0 (122451551)|SOQL_EXECUTE_END|[31]|Rows:1
06:14:06.0 (122468507)|HEAP_ALLOCATE|[31]|Bytes:8
06:14:06.0 (122479569)|HEAP_ALLOCATE|[31]|Bytes:54
06:14:06.0 (122537077)|HEAP_ALLOCATE|[31]|Bytes:8
06:14:06.0 (122548604)|HEAP_ALLOCATE|[31]|Bytes:34
06:14:06.0 (122593949)|HEAP_ALLOCATE|[31]|Bytes:12
06:14:06.0 (122600951)|VARIABLE_SCOPE_BEGIN|[31]|userRole|UserRole|true|false
06:14:06.0 (122617743)|VARIABLE_ASSIGNMENT|[31]|userRole|{"Id":"00E7F000000MdriUAC","Name":"Software Engineer"}|0x77369598
06:14:06.0 (122623807)|STATEMENT_EXECUTE|[32]
06:14:06.0 (122643310)|VARIABLE_SCOPE_BEGIN|[32]|userRoleId|Id|false|false
06:14:06.0 (122790652)|VARIABLE_ASSIGNMENT|[32]|userRoleId|"00E7F000000MdriUAC"
06:14:06.0 (122796455)|STATEMENT_EXECUTE|[33]
06:14:06.0 (122799618)|HEAP_ALLOCATE|[33]|Bytes:70
06:14:06.0 (122811943)|HEAP_ALLOCATE|[33]|Bytes:197
06:14:06.0 (122999408)|SOQL_EXECUTE_BEGIN|[33]|Aggregations:0|select Id,Name from User where UserRoleId =: userRoleId and Id not in ('0057F000000Tz0iQAC','0057F000000Tz0sQAC','0057F000000TrBVQA0','0057F000000TpdFQAS','0057F000000TrBBQA0','0057F000000TrBGQA0')
06:14:06.0 (126147881)|SOQL_EXECUTE_END|[33]|Rows:0
06:14:06.0 (126166363)|HEAP_ALLOCATE|[33]|Bytes:4
06:14:06.0 (126174482)|HEAP_ALLOCATE|[33]|Bytes:0
06:14:06.0 (126201583)|HEAP_ALLOCATE|[33]|Bytes:4
06:14:06.0 (126218753)|VARIABLE_SCOPE_BEGIN|[33]|users|List<User>|true|false
06:14:06.0 (126233830)|VARIABLE_ASSIGNMENT|[33]|users|[]|0x632a8559
06:14:06.0 (126364934)|HEAP_ALLOCATE|[34]|Bytes:5
06:14:06.0 (126379069)|VARIABLE_ASSIGNMENT|[34]|usr|null|
06:14:06.0 (126384419)|STATEMENT_EXECUTE|[34]
06:14:06.0 (126385676)|STATEMENT_EXECUTE|[37]
06:14:06.0 (126392453)|SYSTEM_MODE_EXIT|false
06:14:06.0 (126490033)|SYSTEM_MODE_ENTER|true
06:14:06.0 (126543279)|HEAP_ALLOCATE|[EXTERNAL]|Bytes:4
06:14:06.0 (126548733)|HEAP_ALLOCATE|[EXTERNAL]|Bytes:20
06:14:06.0 (126559829)|VARIABLE_ASSIGNMENT|[EXTERNAL]|this.leftOptions|[]|0x4727f17b
06:14:06.0 (126646598)|SYSTEM_MODE_ENTER|true
06:14:06.0 (126712783)|SYSTEM_MODE_ENTER|true
06:14:06.0 (126751043)|HEAP_ALLOCATE|[EXTERNAL]|Bytes:28
06:14:06.0 (126755551)|HEAP_ALLOCATE|[EXTERNAL]|Bytes:20
06:14:06.0 (126765619)|VARIABLE_ASSIGNMENT|[EXTERNAL]|this.rightOptions|"List of size 6 too large to display"|0x4727f17b
06:14:06.0 (126887988)|SYSTEM_MODE_ENTER|true
06:14:06.0 (127055407)|SYSTEM_MODE_ENTER|true
06:14:06.0 (145384638)|SYSTEM_MODE_ENTER|true
06:14:06.0 (145438451)|HEAP_ALLOCATE|[EXTERNAL]|Bytes:4
06:14:06.0 (145447924)|HEAP_ALLOCATE|[EXTERNAL]|Bytes:20
06:14:06.0 (145462615)|VARIABLE_ASSIGNMENT|[EXTERNAL]|this.leftOptions|[]|0x4727f17b
06:14:06.0 (145540908)|SYSTEM_MODE_ENTER|true
06:14:06.0 (145579775)|HEAP_ALLOCATE|[EXTERNAL]|Bytes:28
06:14:06.0 (145584948)|HEAP_ALLOCATE|[EXTERNAL]|Bytes:20
06:14:06.0 (145594312)|VARIABLE_ASSIGNMENT|[EXTERNAL]|this.rightOptions|"List of size 6 too large to display"|0x4727f17b
06:14:06.0 (146108704)|SYSTEM_MODE_ENTER|true
06:14:06.0 (148076021)|SYSTEM_MODE_ENTER|true
06:14:06.0 (148819955)|SYSTEM_MODE_ENTER|true
06:14:06.0 (148893825)|SYSTEM_MODE_ENTER|true
06:14:06.0 (153299348)|VF_SERIALIZE_VIEWSTATE_BEGIN|0667F000004uRC1
06:14:06.0 (156212501)|VF_SERIALIZE_VIEWSTATE_END
06:14:06.158 (158084054)|CUMULATIVE_LIMIT_USAGE
06:14:06.158 (158084054)|LIMIT_USAGE_FOR_NS|(default)|
  Number of SOQL queries: 10 out of 100
  Number of query rows: 14 out of 50000
  Number of SOSL queries: 0 out of 20
  Number of DML statements: 0 out of 150
  Number of DML rows: 0 out of 10000
  Maximum CPU time: 0 out of 10000
  Maximum heap size: 0 out of 6000000
  Number of callouts: 0 out of 100
  Number of Email Invocations: 0 out of 10
  Number of future calls: 0 out of 50
  Number of queueable jobs added to the queue: 0 out of 50
  Number of Mobile Apex push calls: 0 out of 10

06:14:06.158 (158084054)|CUMULATIVE_LIMIT_USAGE_END

06:14:06.0 (158119854)|CODE_UNIT_FINISHED|VF: /apex/PM_Project_Edit
06:14:06.0 (159035832)|EXECUTION_FINISHED
