41.0 APEX_CODE,FINEST;APEX_PROFILING,INFO;CALLOUT,INFO;DB,INFO;SYSTEM,DEBUG;VALIDATION,INFO;VISUALFORCE,INFO;WAVE,INFO;WORKFLOW,INFO
07:47:22.0 (325937)|USER_INFO|[EXTERNAL]|0057F000000Tiz6|ksb994@salesforce.com|Pacific Standard Time|GMT-08:00
07:47:22.0 (358889)|EXECUTION_STARTED
07:47:22.0 (362225)|CODE_UNIT_STARTED|[EXTERNAL]|0667F000004uMWq|VF: /apex/PM_Project_View
07:47:22.0 (5993968)|SYSTEM_MODE_ENTER|true
07:47:22.0 (6296749)|HEAP_ALLOCATE|[72]|Bytes:3
07:47:22.0 (6330408)|HEAP_ALLOCATE|[77]|Bytes:152
07:47:22.0 (6342969)|HEAP_ALLOCATE|[342]|Bytes:408
07:47:22.0 (6354164)|HEAP_ALLOCATE|[355]|Bytes:408
07:47:22.0 (6365011)|HEAP_ALLOCATE|[467]|Bytes:48
07:47:22.0 (6389499)|HEAP_ALLOCATE|[139]|Bytes:6
07:47:22.0 (6403780)|HEAP_ALLOCATE|[EXTERNAL]|Bytes:88
07:47:22.0 (6408074)|HEAP_ALLOCATE|[EXTERNAL]|Bytes:9
07:47:22.0 (6416823)|METHOD_ENTRY|[1]|01p7F00000EhrfL|PM_Project_EditRedirect_Controller.PM_Project_EditRedirect_Controller()
07:47:22.0 (6422149)|STATEMENT_EXECUTE|[1]
07:47:22.0 (6425999)|STATEMENT_EXECUTE|[1]
07:47:22.0 (6452464)|HEAP_ALLOCATE|[50]|Bytes:5
07:47:22.0 (6470933)|HEAP_ALLOCATE|[56]|Bytes:5
07:47:22.0 (6478470)|HEAP_ALLOCATE|[64]|Bytes:7
07:47:22.0 (6502452)|SYSTEM_MODE_ENTER|false
07:47:22.0 (6513216)|HEAP_ALLOCATE|[EXTERNAL]|Bytes:5
07:47:22.0 (6521669)|SYSTEM_MODE_EXIT|false
07:47:22.0 (6527834)|METHOD_EXIT|[1]|PM_Project_EditRedirect_Controller
07:47:22.0 (6539800)|HEAP_ALLOCATE|[EXTERNAL]|Bytes:8
07:47:22.0 (6552702)|VARIABLE_SCOPE_BEGIN|[8]|this|PM_Project_EditRedirect_Controller|true|false
07:47:22.0 (6587890)|VARIABLE_ASSIGNMENT|[8]|this|{}|0x326bbf6e
07:47:22.0 (6598776)|VARIABLE_SCOPE_BEGIN|[8]|stdController|ApexPages.StandardController|true|false
07:47:22.0 (6735724)|VARIABLE_ASSIGNMENT|[8]|stdController|"StandardController [null]"|0xb00d4f4
07:47:22.0 (6759079)|SYSTEM_MODE_ENTER|false
07:47:22.0 (6765911)|HEAP_ALLOCATE|[9]|Bytes:5
07:47:22.0 (6770456)|STATEMENT_EXECUTE|[1]
07:47:22.0 (6774920)|HEAP_ALLOCATE|[9]|Bytes:5
07:47:22.0 (6777345)|STATEMENT_EXECUTE|[3]
07:47:22.0 (6785528)|HEAP_ALLOCATE|[9]|Bytes:6
07:47:22.0 (6815827)|STATEMENT_EXECUTE|[8]
07:47:22.0 (6817204)|STATEMENT_EXECUTE|[9]
07:47:22.0 (12686622)|HEAP_ALLOCATE|[9]|Bytes:8
07:47:22.0 (12765536)|VARIABLE_ASSIGNMENT|[EXTERNAL]|this|{}|0x326bbf6e
07:47:22.0 (12794586)|VARIABLE_ASSIGNMENT|[EXTERNAL]|value|{"Id":"a057F0000039WIhQAM"}|0x4b2ea5c5
07:47:22.0 (12820237)|VARIABLE_ASSIGNMENT|[3]|this.mysObject|{"Id":"a057F0000039WIhQAM"}|0x326bbf6e
07:47:22.0 (12840747)|SYSTEM_MODE_EXIT|false
07:47:22.0 (12960368)|SYSTEM_MODE_ENTER|true
07:47:22.0 (67557583)|VF_SERIALIZE_VIEWSTATE_BEGIN|0667F000004uMWq
07:47:22.0 (68982174)|VF_SERIALIZE_VIEWSTATE_END
07:47:22.71 (71348653)|CUMULATIVE_LIMIT_USAGE
07:47:22.71 (71348653)|LIMIT_USAGE_FOR_NS|(default)|
  Number of SOQL queries: 0 out of 100
  Number of query rows: 0 out of 50000
  Number of SOSL queries: 0 out of 20
  Number of DML statements: 0 out of 150
  Number of DML rows: 0 out of 10000
  Maximum CPU time: 0 out of 10000
  Maximum heap size: 0 out of 6000000
  Number of callouts: 0 out of 100
  Number of Email Invocations: 0 out of 10
  Number of future calls: 0 out of 50
  Number of queueable jobs added to the queue: 0 out of 50
  Number of Mobile Apex push calls: 0 out of 10

07:47:22.71 (71348653)|CUMULATIVE_LIMIT_USAGE_END

07:47:22.0 (71379420)|CODE_UNIT_FINISHED|VF: /apex/PM_Project_View
07:47:22.0 (72241110)|EXECUTION_FINISHED
