36.0 APEX_CODE,FINEST;APEX_PROFILING,INFO;CALLOUT,INFO;DB,INFO;SYSTEM,DEBUG;VALIDATION,INFO;VISUALFORCE,INFO;WAVE,INFO;WORKFLOW,INFO
23:32:18.0 (332264)|USER_INFO|[EXTERNAL]|0057F000000Tiz6|ksb994@salesforce.com|Pacific Standard Time|GMT-08:00
23:32:18.0 (367082)|EXECUTION_STARTED
23:32:18.0 (370907)|CODE_UNIT_STARTED|[EXTERNAL]|0667F000004uRC1|VF: /apex/PM_Project_Edit
23:32:18.0 (3233532)|SYSTEM_MODE_ENTER|true
23:32:18.0 (3572040)|HEAP_ALLOCATE|[72]|Bytes:3
23:32:18.0 (3610117)|HEAP_ALLOCATE|[77]|Bytes:152
23:32:18.0 (3629095)|HEAP_ALLOCATE|[342]|Bytes:408
23:32:18.0 (3644138)|HEAP_ALLOCATE|[355]|Bytes:408
23:32:18.0 (3657541)|HEAP_ALLOCATE|[467]|Bytes:48
23:32:18.0 (3682853)|HEAP_ALLOCATE|[139]|Bytes:6
23:32:18.0 (3699283)|HEAP_ALLOCATE|[EXTERNAL]|Bytes:144
23:32:18.0 (3704504)|HEAP_ALLOCATE|[EXTERNAL]|Bytes:20
23:32:18.0 (3708413)|HEAP_ALLOCATE|[EXTERNAL]|Bytes:2
23:32:18.0 (3750027)|METHOD_ENTRY|[1]|01p7F00000Ehro9|PM_Project_Edit_Controller.PM_Project_Edit_Controller()
23:32:18.0 (3757788)|STATEMENT_EXECUTE|[1]
23:32:18.0 (3761379)|STATEMENT_EXECUTE|[1]
23:32:18.0 (3792485)|HEAP_ALLOCATE|[50]|Bytes:5
23:32:18.0 (3813404)|HEAP_ALLOCATE|[56]|Bytes:5
23:32:18.0 (3821031)|HEAP_ALLOCATE|[64]|Bytes:7
23:32:18.0 (3844909)|SYSTEM_MODE_ENTER|false
23:32:18.0 (3857552)|HEAP_ALLOCATE|[EXTERNAL]|Bytes:5
23:32:18.0 (3864813)|SYSTEM_MODE_EXIT|false
23:32:18.0 (3872389)|METHOD_EXIT|[1]|PM_Project_Edit_Controller
23:32:18.0 (3889025)|HEAP_ALLOCATE|[EXTERNAL]|Bytes:24
23:32:18.0 (4046961)|VARIABLE_SCOPE_BEGIN|[10]|this|PM_Project_Edit_Controller|true|false
23:32:18.0 (4106436)|VARIABLE_ASSIGNMENT|[10]|this|{}|0x7890021b
23:32:18.0 (4114189)|VARIABLE_SCOPE_BEGIN|[10]|stdController|ApexPages.StandardController|true|false
23:32:18.0 (4307360)|VARIABLE_ASSIGNMENT|[10]|stdController|"StandardController [null]"|0x19dc4c9d
23:32:18.0 (4333712)|SYSTEM_MODE_ENTER|false
23:32:18.0 (4341966)|HEAP_ALLOCATE|[7]|Bytes:5
23:32:18.0 (4347074)|STATEMENT_EXECUTE|[1]
23:32:18.0 (4352675)|HEAP_ALLOCATE|[7]|Bytes:5
23:32:18.0 (4355589)|STATEMENT_EXECUTE|[3]
23:32:18.0 (4357299)|STATEMENT_EXECUTE|[4]
23:32:18.0 (4358292)|STATEMENT_EXECUTE|[6]
23:32:18.0 (4359219)|STATEMENT_EXECUTE|[7]
23:32:18.0 (4377040)|HEAP_ALLOCATE|[7]|Bytes:4
23:32:18.0 (4441236)|HEAP_ALLOCATE|[EXTERNAL]|Bytes:4
23:32:18.0 (4455461)|VARIABLE_ASSIGNMENT|[7]|this.usersList|[]|0x7890021b
23:32:18.0 (4460700)|STATEMENT_EXECUTE|[8]
23:32:18.0 (4463916)|HEAP_ALLOCATE|[8]|Bytes:1
23:32:18.0 (4473092)|VARIABLE_ASSIGNMENT|[8]|this.nonSelectedUserId|"("|0x7890021b
23:32:18.0 (4485566)|HEAP_ALLOCATE|[8]|Bytes:6
23:32:18.0 (4521874)|STATEMENT_EXECUTE|[10]
23:32:18.0 (4524033)|STATEMENT_EXECUTE|[11]
23:32:18.0 (4642949)|HEAP_ALLOCATE|[11]|Bytes:4
23:32:18.0 (4702304)|VARIABLE_ASSIGNMENT|[EXTERNAL]|this|{"nonSelectedUserId":"(","usersList":"0x616a618"}|0x7890021b
23:32:18.0 (4716045)|VARIABLE_ASSIGNMENT|[EXTERNAL]|value|{}|0x44774899
23:32:18.0 (4725951)|VARIABLE_ASSIGNMENT|[3]|this.mysObject|{}|0x7890021b
23:32:18.0 (4734854)|STATEMENT_EXECUTE|[12]
23:32:18.0 (4770409)|HEAP_ALLOCATE|[12]|Bytes:43
23:32:18.0 (4806287)|HEAP_ALLOCATE|[12]|Bytes:18
23:32:18.0 (4827422)|HEAP_ALLOCATE|[12]|Bytes:3
23:32:18.0 (4859004)|HEAP_ALLOCATE|[12]|Bytes:4
23:32:18.0 (4864604)|VARIABLE_SCOPE_BEGIN|[12]|pid|Id|false|false
23:32:18.0 (4939905)|VARIABLE_ASSIGNMENT|[12]|pid|"a057F000002dVv5QAE"
23:32:18.0 (4947565)|STATEMENT_EXECUTE|[16]
23:32:18.0 (4950619)|HEAP_ALLOCATE|[16]|Bytes:7
23:32:18.0 (4955183)|HEAP_ALLOCATE|[16]|Bytes:10
23:32:18.0 (4971347)|METHOD_ENTRY|[16]|01p7F00000Ehro9|PM_Project_Edit_Controller.getAllFields(String)
23:32:18.0 (5085400)|VARIABLE_SCOPE_BEGIN|[44]|sobjectname|String|false|false
23:32:18.0 (5097183)|VARIABLE_ASSIGNMENT|[44]|sobjectname|"Project__c"
23:32:18.0 (5116887)|HEAP_ALLOCATE|[45]|Bytes:5
23:32:18.0 (5121651)|STATEMENT_EXECUTE|[44]
23:32:18.0 (60556269)|HEAP_ALLOCATE|[45]|Bytes:1468
23:32:18.0 (60624929)|STATEMENT_EXECUTE|[45]
23:32:18.0 (60627949)|STATEMENT_EXECUTE|[48]
23:32:18.0 (65083049)|HEAP_ALLOCATE|[48]|Bytes:1468
23:32:18.0 (65330407)|HEAP_ALLOCATE|[48]|Bytes:4
23:32:18.0 (65383976)|HEAP_ALLOCATE|[48]|Bytes:4
23:32:18.0 (65683258)|HEAP_ALLOCATE|[48]|Bytes:148
23:32:18.0 (65696951)|VARIABLE_SCOPE_BEGIN|[48]|fields|Map<String,Schema.SObjectField>|true|false
23:32:18.0 (65919339)|VARIABLE_ASSIGNMENT|[48]|fields|"{client__c=Client__c, client_project_manager__c=Client_Project_Manager__c, company_project_code__c=Company_project_code__c, cost_centre__c=Cost_Centre__c, createdbyid=CreatedById, createddate=CreatedDate, delivery__c=Delivery__c, end_customer__c=End_Customer__c, footage__c=Footage__c, hours__c=Hours__c, ...}"|0x2a4964db
23:32:18.0 (65932585)|STATEMENT_EXECUTE|[49]
23:32:18.0 (65953287)|HEAP_ALLOCATE|[49]|Bytes:4
23:32:18.0 (65994932)|VARIABLE_SCOPE_BEGIN|[49]|accessiblefields|List<String>|true|false
23:32:18.0 (66026828)|HEAP_ALLOCATE|[EXTERNAL]|Bytes:4
23:32:18.0 (66039482)|VARIABLE_ASSIGNMENT|[49]|accessiblefields|[]|0x19061ee5
23:32:18.0 (66093659)|HEAP_ALLOCATE|[EXTERNAL]|Bytes:148
23:32:18.0 (66113274)|HEAP_ALLOCATE|[50]|Bytes:148
23:32:18.0 (66191038)|HEAP_ALLOCATE|[50]|Bytes:5
23:32:18.0 (66215017)|VARIABLE_SCOPE_BEGIN|[50]|field|Schema.SObjectField|true|false
23:32:18.0 (66290892)|VARIABLE_ASSIGNMENT|[50]|field|"common.apex.runtime.impl.ApexFieldToken@58ae3d9c"|0x58ae3d9c
23:32:18.0 (66300268)|STATEMENT_EXECUTE|[50]
23:32:18.0 (66741670)|HEAP_ALLOCATE|[51]|Bytes:8
23:32:18.0 (66766577)|STATEMENT_EXECUTE|[52]
23:32:18.0 (66798104)|HEAP_ALLOCATE|[52]|Bytes:8
23:32:18.0 (66812358)|HEAP_ALLOCATE|[52]|Bytes:2
23:32:18.0 (66825935)|HEAP_ALLOCATE|[EXTERNAL]|Bytes:4
23:32:18.0 (66840615)|HEAP_ALLOCATE|[50]|Bytes:5
23:32:18.0 (66855206)|VARIABLE_SCOPE_BEGIN|[50]|field|Schema.SObjectField|true|false
23:32:18.0 (66926489)|VARIABLE_ASSIGNMENT|[50]|field|"common.apex.runtime.impl.ApexFieldToken@3920e5ee"|0x3920e5ee
23:32:18.0 (66935020)|STATEMENT_EXECUTE|[50]
23:32:18.0 (67077694)|HEAP_ALLOCATE|[51]|Bytes:8
23:32:18.0 (67092641)|STATEMENT_EXECUTE|[52]
23:32:18.0 (67110583)|HEAP_ALLOCATE|[52]|Bytes:8
23:32:18.0 (67118872)|HEAP_ALLOCATE|[52]|Bytes:7
23:32:18.0 (67127894)|HEAP_ALLOCATE|[EXTERNAL]|Bytes:4
23:32:18.0 (67140088)|HEAP_ALLOCATE|[50]|Bytes:5
23:32:18.0 (67153293)|VARIABLE_SCOPE_BEGIN|[50]|field|Schema.SObjectField|true|false
23:32:18.0 (67222017)|VARIABLE_ASSIGNMENT|[50]|field|"common.apex.runtime.impl.ApexFieldToken@10783519"|0x10783519
23:32:18.0 (67230100)|STATEMENT_EXECUTE|[50]
23:32:18.0 (67327158)|HEAP_ALLOCATE|[51]|Bytes:8
23:32:18.0 (67340212)|STATEMENT_EXECUTE|[52]
23:32:18.0 (67355246)|HEAP_ALLOCATE|[52]|Bytes:8
23:32:18.0 (67363324)|HEAP_ALLOCATE|[52]|Bytes:9
23:32:18.0 (67372295)|HEAP_ALLOCATE|[EXTERNAL]|Bytes:4
23:32:18.0 (67383777)|HEAP_ALLOCATE|[50]|Bytes:5
23:32:18.0 (67396412)|VARIABLE_SCOPE_BEGIN|[50]|field|Schema.SObjectField|true|false
23:32:18.0 (67463281)|VARIABLE_ASSIGNMENT|[50]|field|"common.apex.runtime.impl.ApexFieldToken@461c2270"|0x461c2270
23:32:18.0 (67471098)|STATEMENT_EXECUTE|[50]
23:32:18.0 (67572068)|HEAP_ALLOCATE|[51]|Bytes:8
23:32:18.0 (67585555)|STATEMENT_EXECUTE|[52]
23:32:18.0 (67598968)|HEAP_ALLOCATE|[52]|Bytes:8
23:32:18.0 (67606498)|HEAP_ALLOCATE|[52]|Bytes:4
23:32:18.0 (67614443)|HEAP_ALLOCATE|[EXTERNAL]|Bytes:4
23:32:18.0 (67626214)|HEAP_ALLOCATE|[50]|Bytes:5
23:32:18.0 (67639077)|VARIABLE_SCOPE_BEGIN|[50]|field|Schema.SObjectField|true|false
23:32:18.0 (67706711)|VARIABLE_ASSIGNMENT|[50]|field|"common.apex.runtime.impl.ApexFieldToken@6f77a5f2"|0x6f77a5f2
23:32:18.0 (67714819)|STATEMENT_EXECUTE|[50]
23:32:18.0 (67825543)|HEAP_ALLOCATE|[51]|Bytes:8
23:32:18.0 (67839435)|STATEMENT_EXECUTE|[52]
23:32:18.0 (67854822)|HEAP_ALLOCATE|[52]|Bytes:8
23:32:18.0 (67862642)|HEAP_ALLOCATE|[52]|Bytes:11
23:32:18.0 (67870514)|HEAP_ALLOCATE|[EXTERNAL]|Bytes:4
23:32:18.0 (67881799)|HEAP_ALLOCATE|[50]|Bytes:5
23:32:18.0 (67894588)|VARIABLE_SCOPE_BEGIN|[50]|field|Schema.SObjectField|true|false
23:32:18.0 (67961403)|VARIABLE_ASSIGNMENT|[50]|field|"common.apex.runtime.impl.ApexFieldToken@51c62267"|0x51c62267
23:32:18.0 (67969822)|STATEMENT_EXECUTE|[50]
23:32:18.0 (68081431)|HEAP_ALLOCATE|[51]|Bytes:8
23:32:18.0 (68095776)|STATEMENT_EXECUTE|[52]
23:32:18.0 (68110759)|HEAP_ALLOCATE|[52]|Bytes:8
23:32:18.0 (68118679)|HEAP_ALLOCATE|[52]|Bytes:11
23:32:18.0 (68126267)|HEAP_ALLOCATE|[EXTERNAL]|Bytes:4
23:32:18.0 (68137912)|HEAP_ALLOCATE|[50]|Bytes:5
23:32:18.0 (68150262)|VARIABLE_SCOPE_BEGIN|[50]|field|Schema.SObjectField|true|false
23:32:18.0 (68216583)|VARIABLE_ASSIGNMENT|[50]|field|"common.apex.runtime.impl.ApexFieldToken@c705bb"|0xc705bb
23:32:18.0 (68224651)|STATEMENT_EXECUTE|[50]
23:32:18.0 (68328312)|HEAP_ALLOCATE|[51]|Bytes:8
23:32:18.0 (68341476)|STATEMENT_EXECUTE|[52]
23:32:18.0 (68356580)|HEAP_ALLOCATE|[52]|Bytes:8
23:32:18.0 (68364372)|HEAP_ALLOCATE|[52]|Bytes:16
23:32:18.0 (68372523)|HEAP_ALLOCATE|[EXTERNAL]|Bytes:4
23:32:18.0 (68383731)|HEAP_ALLOCATE|[50]|Bytes:5
23:32:18.0 (68395503)|VARIABLE_SCOPE_BEGIN|[50]|field|Schema.SObjectField|true|false
23:32:18.0 (68461143)|VARIABLE_ASSIGNMENT|[50]|field|"common.apex.runtime.impl.ApexFieldToken@27efb871"|0x27efb871
23:32:18.0 (68468969)|STATEMENT_EXECUTE|[50]
23:32:18.0 (68585222)|HEAP_ALLOCATE|[51]|Bytes:8
23:32:18.0 (68598709)|STATEMENT_EXECUTE|[52]
23:32:18.0 (68613492)|HEAP_ALLOCATE|[52]|Bytes:8
23:32:18.0 (68621290)|HEAP_ALLOCATE|[52]|Bytes:16
23:32:18.0 (68629043)|HEAP_ALLOCATE|[EXTERNAL]|Bytes:4
23:32:18.0 (68640447)|HEAP_ALLOCATE|[50]|Bytes:5
23:32:18.0 (68653227)|VARIABLE_SCOPE_BEGIN|[50]|field|Schema.SObjectField|true|false
23:32:18.0 (68719277)|VARIABLE_ASSIGNMENT|[50]|field|"common.apex.runtime.impl.ApexFieldToken@75e5c14b"|0x75e5c14b
23:32:18.0 (68726911)|STATEMENT_EXECUTE|[50]
23:32:18.0 (68814146)|HEAP_ALLOCATE|[51]|Bytes:8
23:32:18.0 (68827003)|STATEMENT_EXECUTE|[52]
23:32:18.0 (68841167)|HEAP_ALLOCATE|[52]|Bytes:8
23:32:18.0 (68848393)|HEAP_ALLOCATE|[52]|Bytes:14
23:32:18.0 (68856562)|HEAP_ALLOCATE|[EXTERNAL]|Bytes:4
23:32:18.0 (68867432)|HEAP_ALLOCATE|[50]|Bytes:5
23:32:18.0 (68879343)|VARIABLE_SCOPE_BEGIN|[50]|field|Schema.SObjectField|true|false
23:32:18.0 (68945589)|VARIABLE_ASSIGNMENT|[50]|field|"common.apex.runtime.impl.ApexFieldToken@1550108a"|0x1550108a
23:32:18.0 (68953626)|STATEMENT_EXECUTE|[50]
23:32:18.0 (69037866)|HEAP_ALLOCATE|[51]|Bytes:8
23:32:18.0 (69051277)|STATEMENT_EXECUTE|[52]
23:32:18.0 (69065724)|HEAP_ALLOCATE|[52]|Bytes:8
23:32:18.0 (69074176)|HEAP_ALLOCATE|[52]|Bytes:16
23:32:18.0 (69082225)|HEAP_ALLOCATE|[EXTERNAL]|Bytes:4
23:32:18.0 (69092825)|HEAP_ALLOCATE|[50]|Bytes:5
23:32:18.0 (69104640)|VARIABLE_SCOPE_BEGIN|[50]|field|Schema.SObjectField|true|false
23:32:18.0 (69169964)|VARIABLE_ASSIGNMENT|[50]|field|"common.apex.runtime.impl.ApexFieldToken@2d023546"|0x2d023546
23:32:18.0 (69178031)|STATEMENT_EXECUTE|[50]
23:32:18.0 (69261865)|HEAP_ALLOCATE|[51]|Bytes:8
23:32:18.0 (69274182)|STATEMENT_EXECUTE|[52]
23:32:18.0 (69288591)|HEAP_ALLOCATE|[52]|Bytes:8
23:32:18.0 (69296354)|HEAP_ALLOCATE|[52]|Bytes:14
23:32:18.0 (69304489)|HEAP_ALLOCATE|[EXTERNAL]|Bytes:4
23:32:18.0 (69315430)|HEAP_ALLOCATE|[50]|Bytes:5
23:32:18.0 (69327769)|VARIABLE_SCOPE_BEGIN|[50]|field|Schema.SObjectField|true|false
23:32:18.0 (69392702)|VARIABLE_ASSIGNMENT|[50]|field|"common.apex.runtime.impl.ApexFieldToken@77f42ca7"|0x77f42ca7
23:32:18.0 (69400891)|STATEMENT_EXECUTE|[50]
23:32:18.0 (69482967)|HEAP_ALLOCATE|[51]|Bytes:8
23:32:18.0 (69495622)|STATEMENT_EXECUTE|[52]
23:32:18.0 (69509618)|HEAP_ALLOCATE|[52]|Bytes:8
23:32:18.0 (69517141)|HEAP_ALLOCATE|[52]|Bytes:18
23:32:18.0 (69525405)|HEAP_ALLOCATE|[EXTERNAL]|Bytes:4
23:32:18.0 (69535850)|HEAP_ALLOCATE|[50]|Bytes:5
23:32:18.0 (69552132)|VARIABLE_SCOPE_BEGIN|[50]|field|Schema.SObjectField|true|false
23:32:18.0 (69615931)|VARIABLE_ASSIGNMENT|[50]|field|"common.apex.runtime.impl.ApexFieldToken@2cc0448b"|0x2cc0448b
23:32:18.0 (69623930)|STATEMENT_EXECUTE|[50]
23:32:18.0 (69823021)|HEAP_ALLOCATE|[51]|Bytes:8
23:32:18.0 (69838181)|STATEMENT_EXECUTE|[52]
23:32:18.0 (69853973)|HEAP_ALLOCATE|[52]|Bytes:8
23:32:18.0 (69862142)|HEAP_ALLOCATE|[52]|Bytes:9
23:32:18.0 (69870353)|HEAP_ALLOCATE|[EXTERNAL]|Bytes:4
23:32:18.0 (69881618)|HEAP_ALLOCATE|[50]|Bytes:5
23:32:18.0 (69894239)|VARIABLE_SCOPE_BEGIN|[50]|field|Schema.SObjectField|true|false
23:32:18.0 (69960394)|VARIABLE_ASSIGNMENT|[50]|field|"common.apex.runtime.impl.ApexFieldToken@3901d5d9"|0x3901d5d9
23:32:18.0 (69968368)|STATEMENT_EXECUTE|[50]
23:32:18.0 (70054817)|HEAP_ALLOCATE|[51]|Bytes:8
23:32:18.0 (70068713)|STATEMENT_EXECUTE|[52]
23:32:18.0 (70082882)|HEAP_ALLOCATE|[52]|Bytes:8
23:32:18.0 (70090602)|HEAP_ALLOCATE|[52]|Bytes:15
23:32:18.0 (70098473)|HEAP_ALLOCATE|[EXTERNAL]|Bytes:4
23:32:18.0 (70109934)|HEAP_ALLOCATE|[50]|Bytes:5
23:32:18.0 (70121968)|VARIABLE_SCOPE_BEGIN|[50]|field|Schema.SObjectField|true|false
23:32:18.0 (70187640)|VARIABLE_ASSIGNMENT|[50]|field|"common.apex.runtime.impl.ApexFieldToken@5957fba"|0x5957fba
23:32:18.0 (70195921)|STATEMENT_EXECUTE|[50]
23:32:18.0 (70281879)|HEAP_ALLOCATE|[51]|Bytes:8
23:32:18.0 (70294619)|STATEMENT_EXECUTE|[52]
23:32:18.0 (70308559)|HEAP_ALLOCATE|[52]|Bytes:8
23:32:18.0 (70316351)|HEAP_ALLOCATE|[52]|Bytes:19
23:32:18.0 (70324343)|HEAP_ALLOCATE|[EXTERNAL]|Bytes:4
23:32:18.0 (70335956)|HEAP_ALLOCATE|[50]|Bytes:5
23:32:18.0 (70348148)|VARIABLE_SCOPE_BEGIN|[50]|field|Schema.SObjectField|true|false
23:32:18.0 (70412906)|VARIABLE_ASSIGNMENT|[50]|field|"common.apex.runtime.impl.ApexFieldToken@5352fabb"|0x5352fabb
23:32:18.0 (70420908)|STATEMENT_EXECUTE|[50]
23:32:18.0 (70501995)|HEAP_ALLOCATE|[51]|Bytes:8
23:32:18.0 (70514552)|STATEMENT_EXECUTE|[52]
23:32:18.0 (70528235)|HEAP_ALLOCATE|[52]|Bytes:8
23:32:18.0 (70535762)|HEAP_ALLOCATE|[52]|Bytes:14
23:32:18.0 (70548213)|HEAP_ALLOCATE|[EXTERNAL]|Bytes:4
23:32:18.0 (70559868)|HEAP_ALLOCATE|[50]|Bytes:5
23:32:18.0 (70571819)|VARIABLE_SCOPE_BEGIN|[50]|field|Schema.SObjectField|true|false
23:32:18.0 (70636320)|VARIABLE_ASSIGNMENT|[50]|field|"common.apex.runtime.impl.ApexFieldToken@7d980846"|0x7d980846
23:32:18.0 (70644814)|STATEMENT_EXECUTE|[50]
23:32:18.0 (70724422)|HEAP_ALLOCATE|[51]|Bytes:8
23:32:18.0 (70737347)|STATEMENT_EXECUTE|[52]
23:32:18.0 (70751465)|HEAP_ALLOCATE|[52]|Bytes:8
23:32:18.0 (70759344)|HEAP_ALLOCATE|[52]|Bytes:25
23:32:18.0 (70767209)|HEAP_ALLOCATE|[EXTERNAL]|Bytes:4
23:32:18.0 (70778085)|HEAP_ALLOCATE|[50]|Bytes:5
23:32:18.0 (70789730)|VARIABLE_SCOPE_BEGIN|[50]|field|Schema.SObjectField|true|false
23:32:18.0 (70854990)|VARIABLE_ASSIGNMENT|[50]|field|"common.apex.runtime.impl.ApexFieldToken@4a00b531"|0x4a00b531
23:32:18.0 (70862802)|STATEMENT_EXECUTE|[50]
23:32:18.0 (70941233)|HEAP_ALLOCATE|[51]|Bytes:8
23:32:18.0 (70953839)|STATEMENT_EXECUTE|[52]
23:32:18.0 (70967235)|HEAP_ALLOCATE|[52]|Bytes:8
23:32:18.0 (70975005)|HEAP_ALLOCATE|[52]|Bytes:15
23:32:18.0 (70982479)|HEAP_ALLOCATE|[EXTERNAL]|Bytes:4
23:32:18.0 (70993247)|HEAP_ALLOCATE|[50]|Bytes:5
23:32:18.0 (71005136)|VARIABLE_SCOPE_BEGIN|[50]|field|Schema.SObjectField|true|false
23:32:18.0 (71069399)|VARIABLE_ASSIGNMENT|[50]|field|"common.apex.runtime.impl.ApexFieldToken@64c67b64"|0x64c67b64
23:32:18.0 (71077123)|STATEMENT_EXECUTE|[50]
23:32:18.0 (71153290)|HEAP_ALLOCATE|[51]|Bytes:8
23:32:18.0 (71165576)|STATEMENT_EXECUTE|[52]
23:32:18.0 (71179473)|HEAP_ALLOCATE|[52]|Bytes:8
23:32:18.0 (71187174)|HEAP_ALLOCATE|[52]|Bytes:23
23:32:18.0 (71195010)|HEAP_ALLOCATE|[EXTERNAL]|Bytes:4
23:32:18.0 (71205622)|HEAP_ALLOCATE|[50]|Bytes:5
23:32:18.0 (71216981)|VARIABLE_SCOPE_BEGIN|[50]|field|Schema.SObjectField|true|false
23:32:18.0 (71281628)|VARIABLE_ASSIGNMENT|[50]|field|"common.apex.runtime.impl.ApexFieldToken@2085c265"|0x2085c265
23:32:18.0 (71289678)|STATEMENT_EXECUTE|[50]
23:32:18.0 (71369069)|HEAP_ALLOCATE|[51]|Bytes:8
23:32:18.0 (71382078)|STATEMENT_EXECUTE|[52]
23:32:18.0 (71395943)|HEAP_ALLOCATE|[52]|Bytes:8
23:32:18.0 (71403730)|HEAP_ALLOCATE|[52]|Bytes:16
23:32:18.0 (71411258)|HEAP_ALLOCATE|[EXTERNAL]|Bytes:4
23:32:18.0 (71421746)|HEAP_ALLOCATE|[50]|Bytes:5
23:32:18.0 (71433198)|VARIABLE_SCOPE_BEGIN|[50]|field|Schema.SObjectField|true|false
23:32:18.0 (71497296)|VARIABLE_ASSIGNMENT|[50]|field|"common.apex.runtime.impl.ApexFieldToken@1de2240b"|0x1de2240b
23:32:18.0 (71505069)|STATEMENT_EXECUTE|[50]
23:32:18.0 (71587789)|HEAP_ALLOCATE|[51]|Bytes:8
23:32:18.0 (71600698)|STATEMENT_EXECUTE|[52]
23:32:18.0 (71615089)|HEAP_ALLOCATE|[52]|Bytes:8
23:32:18.0 (71622692)|HEAP_ALLOCATE|[52]|Bytes:14
23:32:18.0 (71630345)|HEAP_ALLOCATE|[EXTERNAL]|Bytes:4
23:32:18.0 (71641343)|HEAP_ALLOCATE|[50]|Bytes:5
23:32:18.0 (71652986)|VARIABLE_SCOPE_BEGIN|[50]|field|Schema.SObjectField|true|false
23:32:18.0 (71716946)|VARIABLE_ASSIGNMENT|[50]|field|"common.apex.runtime.impl.ApexFieldToken@5204a3bb"|0x5204a3bb
23:32:18.0 (71724575)|STATEMENT_EXECUTE|[50]
23:32:18.0 (71805913)|HEAP_ALLOCATE|[51]|Bytes:8
23:32:18.0 (71818222)|STATEMENT_EXECUTE|[52]
23:32:18.0 (71831520)|HEAP_ALLOCATE|[52]|Bytes:8
23:32:18.0 (71838895)|HEAP_ALLOCATE|[52]|Bytes:13
23:32:18.0 (71846188)|HEAP_ALLOCATE|[EXTERNAL]|Bytes:4
23:32:18.0 (71856715)|HEAP_ALLOCATE|[50]|Bytes:5
23:32:18.0 (71868768)|VARIABLE_SCOPE_BEGIN|[50]|field|Schema.SObjectField|true|false
23:32:18.0 (71932900)|VARIABLE_ASSIGNMENT|[50]|field|"common.apex.runtime.impl.ApexFieldToken@5ceffc4"|0x5ceffc4
23:32:18.0 (71944115)|STATEMENT_EXECUTE|[50]
23:32:18.0 (72027592)|HEAP_ALLOCATE|[51]|Bytes:8
23:32:18.0 (72040826)|STATEMENT_EXECUTE|[52]
23:32:18.0 (72054450)|HEAP_ALLOCATE|[52]|Bytes:8
23:32:18.0 (72062297)|HEAP_ALLOCATE|[52]|Bytes:5
23:32:18.0 (72069950)|HEAP_ALLOCATE|[EXTERNAL]|Bytes:4
23:32:18.0 (72081072)|HEAP_ALLOCATE|[50]|Bytes:5
23:32:18.0 (72092194)|VARIABLE_SCOPE_BEGIN|[50]|field|Schema.SObjectField|true|false
23:32:18.0 (72157414)|VARIABLE_ASSIGNMENT|[50]|field|"common.apex.runtime.impl.ApexFieldToken@b5683f2"|0xb5683f2
23:32:18.0 (72165329)|STATEMENT_EXECUTE|[50]
23:32:18.0 (72242401)|HEAP_ALLOCATE|[51]|Bytes:8
23:32:18.0 (72255006)|STATEMENT_EXECUTE|[52]
23:32:18.0 (72268888)|HEAP_ALLOCATE|[52]|Bytes:8
23:32:18.0 (72276259)|HEAP_ALLOCATE|[52]|Bytes:11
23:32:18.0 (72283979)|HEAP_ALLOCATE|[EXTERNAL]|Bytes:4
23:32:18.0 (72294990)|HEAP_ALLOCATE|[50]|Bytes:5
23:32:18.0 (72306405)|VARIABLE_SCOPE_BEGIN|[50]|field|Schema.SObjectField|true|false
23:32:18.0 (72370105)|VARIABLE_ASSIGNMENT|[50]|field|"common.apex.runtime.impl.ApexFieldToken@7183cef"|0x7183cef
23:32:18.0 (72377972)|STATEMENT_EXECUTE|[50]
23:32:18.0 (72456505)|HEAP_ALLOCATE|[51]|Bytes:8
23:32:18.0 (72469114)|STATEMENT_EXECUTE|[52]
23:32:18.0 (72483063)|HEAP_ALLOCATE|[52]|Bytes:8
23:32:18.0 (72490720)|HEAP_ALLOCATE|[52]|Bytes:5
23:32:18.0 (72498417)|HEAP_ALLOCATE|[EXTERNAL]|Bytes:4
23:32:18.0 (72509754)|HEAP_ALLOCATE|[50]|Bytes:5
23:32:18.0 (72521356)|VARIABLE_SCOPE_BEGIN|[50]|field|Schema.SObjectField|true|false
23:32:18.0 (72589511)|VARIABLE_ASSIGNMENT|[50]|field|"common.apex.runtime.impl.ApexFieldToken@70f64ecc"|0x70f64ecc
23:32:18.0 (72597896)|STATEMENT_EXECUTE|[50]
23:32:18.0 (72735115)|HEAP_ALLOCATE|[51]|Bytes:8
23:32:18.0 (72749403)|STATEMENT_EXECUTE|[52]
23:32:18.0 (72763775)|HEAP_ALLOCATE|[52]|Bytes:8
23:32:18.0 (72771500)|HEAP_ALLOCATE|[52]|Bytes:25
23:32:18.0 (72780187)|HEAP_ALLOCATE|[EXTERNAL]|Bytes:4
23:32:18.0 (72791627)|HEAP_ALLOCATE|[50]|Bytes:5
23:32:18.0 (72803763)|VARIABLE_SCOPE_BEGIN|[50]|field|Schema.SObjectField|true|false
23:32:18.0 (72868483)|VARIABLE_ASSIGNMENT|[50]|field|"common.apex.runtime.impl.ApexFieldToken@2b4afc9"|0x2b4afc9
23:32:18.0 (72876450)|STATEMENT_EXECUTE|[50]
23:32:18.0 (72989356)|HEAP_ALLOCATE|[51]|Bytes:8
23:32:18.0 (73003296)|STATEMENT_EXECUTE|[52]
23:32:18.0 (73019486)|HEAP_ALLOCATE|[52]|Bytes:8
23:32:18.0 (73027517)|HEAP_ALLOCATE|[52]|Bytes:12
23:32:18.0 (73035645)|HEAP_ALLOCATE|[EXTERNAL]|Bytes:4
23:32:18.0 (73046900)|HEAP_ALLOCATE|[50]|Bytes:5
23:32:18.0 (73059432)|VARIABLE_SCOPE_BEGIN|[50]|field|Schema.SObjectField|true|false
23:32:18.0 (73123430)|VARIABLE_ASSIGNMENT|[50]|field|"common.apex.runtime.impl.ApexFieldToken@3d42f57e"|0x3d42f57e
23:32:18.0 (73131248)|STATEMENT_EXECUTE|[50]
23:32:18.0 (73213732)|HEAP_ALLOCATE|[51]|Bytes:8
23:32:18.0 (73226444)|STATEMENT_EXECUTE|[52]
23:32:18.0 (73239847)|HEAP_ALLOCATE|[52]|Bytes:8
23:32:18.0 (73247521)|HEAP_ALLOCATE|[52]|Bytes:21
23:32:18.0 (73255588)|HEAP_ALLOCATE|[EXTERNAL]|Bytes:4
23:32:18.0 (73266515)|HEAP_ALLOCATE|[50]|Bytes:5
23:32:18.0 (73278551)|VARIABLE_SCOPE_BEGIN|[50]|field|Schema.SObjectField|true|false
23:32:18.0 (73343333)|VARIABLE_ASSIGNMENT|[50]|field|"common.apex.runtime.impl.ApexFieldToken@7bfb597d"|0x7bfb597d
23:32:18.0 (73351437)|STATEMENT_EXECUTE|[50]
23:32:18.0 (73432089)|HEAP_ALLOCATE|[51]|Bytes:8
23:32:18.0 (73444926)|STATEMENT_EXECUTE|[52]
23:32:18.0 (73458656)|HEAP_ALLOCATE|[52]|Bytes:8
23:32:18.0 (73466205)|HEAP_ALLOCATE|[52]|Bytes:19
23:32:18.0 (73473870)|HEAP_ALLOCATE|[EXTERNAL]|Bytes:4
23:32:18.0 (73485304)|HEAP_ALLOCATE|[50]|Bytes:5
23:32:18.0 (73496546)|VARIABLE_SCOPE_BEGIN|[50]|field|Schema.SObjectField|true|false
23:32:18.0 (73566767)|VARIABLE_ASSIGNMENT|[50]|field|"common.apex.runtime.impl.ApexFieldToken@39b9e8e0"|0x39b9e8e0
23:32:18.0 (73574675)|STATEMENT_EXECUTE|[50]
23:32:18.0 (73655760)|HEAP_ALLOCATE|[51]|Bytes:8
23:32:18.0 (73668979)|STATEMENT_EXECUTE|[52]
23:32:18.0 (73683235)|HEAP_ALLOCATE|[52]|Bytes:8
23:32:18.0 (73690814)|HEAP_ALLOCATE|[52]|Bytes:8
23:32:18.0 (73698497)|HEAP_ALLOCATE|[EXTERNAL]|Bytes:4
23:32:18.0 (73709436)|HEAP_ALLOCATE|[50]|Bytes:5
23:32:18.0 (73721200)|VARIABLE_SCOPE_BEGIN|[50]|field|Schema.SObjectField|true|false
23:32:18.0 (73786734)|VARIABLE_ASSIGNMENT|[50]|field|"common.apex.runtime.impl.ApexFieldToken@1ed4c2f9"|0x1ed4c2f9
23:32:18.0 (73794705)|STATEMENT_EXECUTE|[50]
23:32:18.0 (73871404)|HEAP_ALLOCATE|[51]|Bytes:8
23:32:18.0 (73884011)|STATEMENT_EXECUTE|[52]
23:32:18.0 (73897610)|HEAP_ALLOCATE|[52]|Bytes:8
23:32:18.0 (73905015)|HEAP_ALLOCATE|[52]|Bytes:8
23:32:18.0 (73912139)|HEAP_ALLOCATE|[EXTERNAL]|Bytes:4
23:32:18.0 (73923010)|HEAP_ALLOCATE|[50]|Bytes:5
23:32:18.0 (73934288)|VARIABLE_SCOPE_BEGIN|[50]|field|Schema.SObjectField|true|false
23:32:18.0 (73998387)|VARIABLE_ASSIGNMENT|[50]|field|"common.apex.runtime.impl.ApexFieldToken@34973d58"|0x34973d58
23:32:18.0 (74006289)|STATEMENT_EXECUTE|[50]
23:32:18.0 (74083134)|HEAP_ALLOCATE|[51]|Bytes:8
23:32:18.0 (74095788)|STATEMENT_EXECUTE|[52]
23:32:18.0 (74109308)|HEAP_ALLOCATE|[52]|Bytes:8
23:32:18.0 (74116736)|HEAP_ALLOCATE|[52]|Bytes:10
23:32:18.0 (74124121)|HEAP_ALLOCATE|[EXTERNAL]|Bytes:4
23:32:18.0 (74134842)|HEAP_ALLOCATE|[50]|Bytes:5
23:32:18.0 (74146341)|VARIABLE_SCOPE_BEGIN|[50]|field|Schema.SObjectField|true|false
23:32:18.0 (74210842)|VARIABLE_ASSIGNMENT|[50]|field|"common.apex.runtime.impl.ApexFieldToken@1586ba06"|0x1586ba06
23:32:18.0 (74218798)|STATEMENT_EXECUTE|[50]
23:32:18.0 (74295283)|HEAP_ALLOCATE|[51]|Bytes:8
23:32:18.0 (74307780)|STATEMENT_EXECUTE|[52]
23:32:18.0 (74321189)|HEAP_ALLOCATE|[52]|Bytes:8
23:32:18.0 (74328390)|HEAP_ALLOCATE|[52]|Bytes:8
23:32:18.0 (74335915)|HEAP_ALLOCATE|[EXTERNAL]|Bytes:4
23:32:18.0 (74346705)|HEAP_ALLOCATE|[50]|Bytes:5
23:32:18.0 (74357936)|VARIABLE_SCOPE_BEGIN|[50]|field|Schema.SObjectField|true|false
23:32:18.0 (74421532)|VARIABLE_ASSIGNMENT|[50]|field|"common.apex.runtime.impl.ApexFieldToken@638eaebe"|0x638eaebe
23:32:18.0 (74430038)|STATEMENT_EXECUTE|[50]
23:32:18.0 (74505995)|HEAP_ALLOCATE|[51]|Bytes:8
23:32:18.0 (74518718)|STATEMENT_EXECUTE|[52]
23:32:18.0 (74532404)|HEAP_ALLOCATE|[52]|Bytes:8
23:32:18.0 (74544415)|HEAP_ALLOCATE|[52]|Bytes:7
23:32:18.0 (74552587)|HEAP_ALLOCATE|[EXTERNAL]|Bytes:4
23:32:18.0 (74563799)|HEAP_ALLOCATE|[50]|Bytes:5
23:32:18.0 (74576194)|VARIABLE_SCOPE_BEGIN|[50]|field|Schema.SObjectField|true|false
23:32:18.0 (74640010)|VARIABLE_ASSIGNMENT|[50]|field|"common.apex.runtime.impl.ApexFieldToken@5b757b3c"|0x5b757b3c
23:32:18.0 (74648256)|STATEMENT_EXECUTE|[50]
23:32:18.0 (74723407)|HEAP_ALLOCATE|[51]|Bytes:8
23:32:18.0 (74736181)|STATEMENT_EXECUTE|[52]
23:32:18.0 (74750106)|HEAP_ALLOCATE|[52]|Bytes:8
23:32:18.0 (74758002)|HEAP_ALLOCATE|[52]|Bytes:8
23:32:18.0 (74765763)|HEAP_ALLOCATE|[EXTERNAL]|Bytes:4
23:32:18.0 (74776846)|HEAP_ALLOCATE|[50]|Bytes:5
23:32:18.0 (74788281)|VARIABLE_SCOPE_BEGIN|[50]|field|Schema.SObjectField|true|false
23:32:18.0 (74852768)|VARIABLE_ASSIGNMENT|[50]|field|"common.apex.runtime.impl.ApexFieldToken@5685e0f7"|0x5685e0f7
23:32:18.0 (74861108)|STATEMENT_EXECUTE|[50]
23:32:18.0 (74949123)|HEAP_ALLOCATE|[51]|Bytes:8
23:32:18.0 (74961704)|STATEMENT_EXECUTE|[52]
23:32:18.0 (74976501)|HEAP_ALLOCATE|[52]|Bytes:8
23:32:18.0 (74984187)|HEAP_ALLOCATE|[52]|Bytes:7
23:32:18.0 (74991898)|HEAP_ALLOCATE|[EXTERNAL]|Bytes:4
23:32:18.0 (75003178)|HEAP_ALLOCATE|[50]|Bytes:5
23:32:18.0 (75015856)|VARIABLE_ASSIGNMENT|[50]|field|null|
23:32:18.0 (75020943)|STATEMENT_EXECUTE|[54]
23:32:18.0 (75025813)|VARIABLE_SCOPE_BEGIN|[54]|allfields|String|false|false
23:32:18.0 (75035742)|VARIABLE_ASSIGNMENT|[54]|allfields|""
23:32:18.0 (75081289)|HEAP_ALLOCATE|[55]|Bytes:5
23:32:18.0 (75090728)|HEAP_ALLOCATE|[55]|Bytes:2
23:32:18.0 (75097211)|VARIABLE_SCOPE_BEGIN|[55]|fieldname|String|false|false
23:32:18.0 (75105143)|VARIABLE_ASSIGNMENT|[55]|fieldname|"Id"
23:32:18.0 (75109316)|STATEMENT_EXECUTE|[56]
23:32:18.0 (75111768)|HEAP_ALLOCATE|[56]|Bytes:1
23:32:18.0 (75127006)|HEAP_ALLOCATE|[56]|Bytes:3
23:32:18.0 (75131953)|HEAP_ALLOCATE|[56]|Bytes:3
23:32:18.0 (75136537)|VARIABLE_ASSIGNMENT|[56]|allfields|"Id,"
23:32:18.0 (75145874)|HEAP_ALLOCATE|[55]|Bytes:5
23:32:18.0 (75152422)|HEAP_ALLOCATE|[55]|Bytes:7
23:32:18.0 (75156328)|VARIABLE_SCOPE_BEGIN|[55]|fieldname|String|false|false
23:32:18.0 (75162875)|VARIABLE_ASSIGNMENT|[55]|fieldname|"OwnerId"
23:32:18.0 (75166426)|STATEMENT_EXECUTE|[56]
23:32:18.0 (75169592)|HEAP_ALLOCATE|[56]|Bytes:8
23:32:18.0 (75173108)|HEAP_ALLOCATE|[56]|Bytes:11
23:32:18.0 (75177367)|VARIABLE_ASSIGNMENT|[56]|allfields|"Id,OwnerId,"
23:32:18.0 (75184288)|HEAP_ALLOCATE|[55]|Bytes:5
23:32:18.0 (75189976)|HEAP_ALLOCATE|[55]|Bytes:9
23:32:18.0 (75193499)|VARIABLE_SCOPE_BEGIN|[55]|fieldname|String|false|false
23:32:18.0 (75199990)|VARIABLE_ASSIGNMENT|[55]|fieldname|"IsDeleted"
23:32:18.0 (75203359)|STATEMENT_EXECUTE|[56]
23:32:18.0 (75205960)|HEAP_ALLOCATE|[56]|Bytes:10
23:32:18.0 (75209364)|HEAP_ALLOCATE|[56]|Bytes:21
23:32:18.0 (75215504)|VARIABLE_ASSIGNMENT|[56]|allfields|"Id,OwnerId,IsDeleted (1 more) ..."
23:32:18.0 (75222654)|HEAP_ALLOCATE|[55]|Bytes:5
23:32:18.0 (75228383)|HEAP_ALLOCATE|[55]|Bytes:4
23:32:18.0 (75232023)|VARIABLE_SCOPE_BEGIN|[55]|fieldname|String|false|false
23:32:18.0 (75238050)|VARIABLE_ASSIGNMENT|[55]|fieldname|"Name"
23:32:18.0 (75241213)|STATEMENT_EXECUTE|[56]
23:32:18.0 (75243756)|HEAP_ALLOCATE|[56]|Bytes:5
23:32:18.0 (75247072)|HEAP_ALLOCATE|[56]|Bytes:26
23:32:18.0 (75251886)|VARIABLE_ASSIGNMENT|[56]|allfields|"Id,OwnerId,IsDeleted (6 more) ..."
23:32:18.0 (75259006)|HEAP_ALLOCATE|[55]|Bytes:5
23:32:18.0 (75264480)|HEAP_ALLOCATE|[55]|Bytes:11
23:32:18.0 (75267854)|VARIABLE_SCOPE_BEGIN|[55]|fieldname|String|false|false
23:32:18.0 (75274071)|VARIABLE_ASSIGNMENT|[55]|fieldname|"CreatedDate"
23:32:18.0 (75277137)|STATEMENT_EXECUTE|[56]
23:32:18.0 (75279658)|HEAP_ALLOCATE|[56]|Bytes:12
23:32:18.0 (75283002)|HEAP_ALLOCATE|[56]|Bytes:38
23:32:18.0 (75288000)|VARIABLE_ASSIGNMENT|[56]|allfields|"Id,OwnerId,IsDeleted (18 more) ..."
23:32:18.0 (75295098)|HEAP_ALLOCATE|[55]|Bytes:5
23:32:18.0 (75301066)|HEAP_ALLOCATE|[55]|Bytes:11
23:32:18.0 (75304740)|VARIABLE_SCOPE_BEGIN|[55]|fieldname|String|false|false
23:32:18.0 (75310813)|VARIABLE_ASSIGNMENT|[55]|fieldname|"CreatedById"
23:32:18.0 (75314197)|STATEMENT_EXECUTE|[56]
23:32:18.0 (75316648)|HEAP_ALLOCATE|[56]|Bytes:12
23:32:18.0 (75319913)|HEAP_ALLOCATE|[56]|Bytes:50
23:32:18.0 (75324669)|VARIABLE_ASSIGNMENT|[56]|allfields|"Id,OwnerId,IsDeleted (30 more) ..."
23:32:18.0 (75331490)|HEAP_ALLOCATE|[55]|Bytes:5
23:32:18.0 (75336856)|HEAP_ALLOCATE|[55]|Bytes:16
23:32:18.0 (75340750)|VARIABLE_SCOPE_BEGIN|[55]|fieldname|String|false|false
23:32:18.0 (75347129)|VARIABLE_ASSIGNMENT|[55]|fieldname|"LastModifiedDate"
23:32:18.0 (75350606)|STATEMENT_EXECUTE|[56]
23:32:18.0 (75353096)|HEAP_ALLOCATE|[56]|Bytes:17
23:32:18.0 (75356506)|HEAP_ALLOCATE|[56]|Bytes:67
23:32:18.0 (75360921)|VARIABLE_ASSIGNMENT|[56]|allfields|"Id,OwnerId,IsDeleted (47 more) ..."
23:32:18.0 (75367569)|HEAP_ALLOCATE|[55]|Bytes:5
23:32:18.0 (75372869)|HEAP_ALLOCATE|[55]|Bytes:16
23:32:18.0 (75376496)|VARIABLE_SCOPE_BEGIN|[55]|fieldname|String|false|false
23:32:18.0 (75383079)|VARIABLE_ASSIGNMENT|[55]|fieldname|"LastModifiedById"
23:32:18.0 (75386300)|STATEMENT_EXECUTE|[56]
23:32:18.0 (75388703)|HEAP_ALLOCATE|[56]|Bytes:17
23:32:18.0 (75391895)|HEAP_ALLOCATE|[56]|Bytes:84
23:32:18.0 (75396802)|VARIABLE_ASSIGNMENT|[56]|allfields|"Id,OwnerId,IsDeleted (64 more) ..."
23:32:18.0 (75403488)|HEAP_ALLOCATE|[55]|Bytes:5
23:32:18.0 (75409002)|HEAP_ALLOCATE|[55]|Bytes:14
23:32:18.0 (75412377)|VARIABLE_SCOPE_BEGIN|[55]|fieldname|String|false|false
23:32:18.0 (75418843)|VARIABLE_ASSIGNMENT|[55]|fieldname|"SystemModstamp"
23:32:18.0 (75422196)|STATEMENT_EXECUTE|[56]
23:32:18.0 (75424652)|HEAP_ALLOCATE|[56]|Bytes:15
23:32:18.0 (75427921)|HEAP_ALLOCATE|[56]|Bytes:99
23:32:18.0 (75432427)|VARIABLE_ASSIGNMENT|[56]|allfields|"Id,OwnerId,IsDeleted (79 more) ..."
23:32:18.0 (75439342)|HEAP_ALLOCATE|[55]|Bytes:5
23:32:18.0 (75444736)|HEAP_ALLOCATE|[55]|Bytes:16
23:32:18.0 (75448228)|VARIABLE_SCOPE_BEGIN|[55]|fieldname|String|false|false
23:32:18.0 (75454790)|VARIABLE_ASSIGNMENT|[55]|fieldname|"LastActivityDate"
23:32:18.0 (75457816)|STATEMENT_EXECUTE|[56]
23:32:18.0 (75460236)|HEAP_ALLOCATE|[56]|Bytes:17
23:32:18.0 (75463580)|HEAP_ALLOCATE|[56]|Bytes:116
23:32:18.0 (75468111)|VARIABLE_ASSIGNMENT|[56]|allfields|"Id,OwnerId,IsDeleted (96 more) ..."
23:32:18.0 (75475086)|HEAP_ALLOCATE|[55]|Bytes:5
23:32:18.0 (75480521)|HEAP_ALLOCATE|[55]|Bytes:14
23:32:18.0 (75484139)|VARIABLE_SCOPE_BEGIN|[55]|fieldname|String|false|false
23:32:18.0 (75490321)|VARIABLE_ASSIGNMENT|[55]|fieldname|"LastViewedDate"
23:32:18.0 (75493338)|STATEMENT_EXECUTE|[56]
23:32:18.0 (75495803)|HEAP_ALLOCATE|[56]|Bytes:15
23:32:18.0 (75499111)|HEAP_ALLOCATE|[56]|Bytes:131
23:32:18.0 (75503983)|VARIABLE_ASSIGNMENT|[56]|allfields|"Id,OwnerId,IsDeleted (111 more) ..."
23:32:18.0 (75510888)|HEAP_ALLOCATE|[55]|Bytes:5
23:32:18.0 (75516323)|HEAP_ALLOCATE|[55]|Bytes:18
23:32:18.0 (75520260)|VARIABLE_SCOPE_BEGIN|[55]|fieldname|String|false|false
23:32:18.0 (75527194)|VARIABLE_ASSIGNMENT|[55]|fieldname|"LastReferencedDate"
23:32:18.0 (75530390)|STATEMENT_EXECUTE|[56]
23:32:18.0 (75532900)|HEAP_ALLOCATE|[56]|Bytes:19
23:32:18.0 (75536824)|HEAP_ALLOCATE|[56]|Bytes:150
23:32:18.0 (75546097)|VARIABLE_ASSIGNMENT|[56]|allfields|"Id,OwnerId,IsDeleted (130 more) ..."
23:32:18.0 (75553789)|HEAP_ALLOCATE|[55]|Bytes:5
23:32:18.0 (75559425)|HEAP_ALLOCATE|[55]|Bytes:9
23:32:18.0 (75563101)|VARIABLE_SCOPE_BEGIN|[55]|fieldname|String|false|false
23:32:18.0 (75569721)|VARIABLE_ASSIGNMENT|[55]|fieldname|"Client__c"
23:32:18.0 (75572906)|STATEMENT_EXECUTE|[56]
23:32:18.0 (75575625)|HEAP_ALLOCATE|[56]|Bytes:10
23:32:18.0 (75579028)|HEAP_ALLOCATE|[56]|Bytes:160
23:32:18.0 (75583812)|VARIABLE_ASSIGNMENT|[56]|allfields|"Id,OwnerId,IsDeleted (140 more) ..."
23:32:18.0 (75590753)|HEAP_ALLOCATE|[55]|Bytes:5
23:32:18.0 (75596424)|HEAP_ALLOCATE|[55]|Bytes:15
23:32:18.0 (75599808)|VARIABLE_SCOPE_BEGIN|[55]|fieldname|String|false|false
23:32:18.0 (75606151)|VARIABLE_ASSIGNMENT|[55]|fieldname|"End_Customer__c"
23:32:18.0 (75609722)|STATEMENT_EXECUTE|[56]
23:32:18.0 (75612365)|HEAP_ALLOCATE|[56]|Bytes:16
23:32:18.0 (75615797)|HEAP_ALLOCATE|[56]|Bytes:176
23:32:18.0 (75624197)|VARIABLE_ASSIGNMENT|[56]|allfields|"Id,OwnerId,IsDeleted (156 more) ..."
23:32:18.0 (75631929)|HEAP_ALLOCATE|[55]|Bytes:5
23:32:18.0 (75637946)|HEAP_ALLOCATE|[55]|Bytes:19
23:32:18.0 (75641670)|VARIABLE_SCOPE_BEGIN|[55]|fieldname|String|false|false
23:32:18.0 (75648437)|VARIABLE_ASSIGNMENT|[55]|fieldname|"Operation_Region__c"
23:32:18.0 (75651569)|STATEMENT_EXECUTE|[56]
23:32:18.0 (75654276)|HEAP_ALLOCATE|[56]|Bytes:20
23:32:18.0 (75657558)|HEAP_ALLOCATE|[56]|Bytes:196
23:32:18.0 (75661967)|VARIABLE_ASSIGNMENT|[56]|allfields|"Id,OwnerId,IsDeleted (176 more) ..."
23:32:18.0 (75668831)|HEAP_ALLOCATE|[55]|Bytes:5
23:32:18.0 (75674387)|HEAP_ALLOCATE|[55]|Bytes:14
23:32:18.0 (75678034)|VARIABLE_SCOPE_BEGIN|[55]|fieldname|String|false|false
23:32:18.0 (75684257)|VARIABLE_ASSIGNMENT|[55]|fieldname|"Work_Region__c"
23:32:18.0 (75687461)|STATEMENT_EXECUTE|[56]
23:32:18.0 (75690165)|HEAP_ALLOCATE|[56]|Bytes:15
23:32:18.0 (75693892)|HEAP_ALLOCATE|[56]|Bytes:211
23:32:18.0 (75698718)|VARIABLE_ASSIGNMENT|[56]|allfields|"Id,OwnerId,IsDeleted (191 more) ..."
23:32:18.0 (75705442)|HEAP_ALLOCATE|[55]|Bytes:5
23:32:18.0 (75710803)|HEAP_ALLOCATE|[55]|Bytes:25
23:32:18.0 (75714433)|VARIABLE_SCOPE_BEGIN|[55]|fieldname|String|false|false
23:32:18.0 (75722122)|VARIABLE_ASSIGNMENT|[55]|fieldname|"Client_Project_Manag (5 more) ..."
23:32:18.0 (75725449)|STATEMENT_EXECUTE|[56]
23:32:18.0 (75728081)|HEAP_ALLOCATE|[56]|Bytes:26
23:32:18.0 (75731408)|HEAP_ALLOCATE|[56]|Bytes:237
23:32:18.0 (75736092)|VARIABLE_ASSIGNMENT|[56]|allfields|"Id,OwnerId,IsDeleted (217 more) ..."
23:32:18.0 (75742838)|HEAP_ALLOCATE|[55]|Bytes:5
23:32:18.0 (75748351)|HEAP_ALLOCATE|[55]|Bytes:15
23:32:18.0 (75751889)|VARIABLE_SCOPE_BEGIN|[55]|fieldname|String|false|false
23:32:18.0 (75758051)|VARIABLE_ASSIGNMENT|[55]|fieldname|"Project_code__c"
23:32:18.0 (75761094)|STATEMENT_EXECUTE|[56]
23:32:18.0 (75763724)|HEAP_ALLOCATE|[56]|Bytes:16
23:32:18.0 (75767130)|HEAP_ALLOCATE|[56]|Bytes:253
23:32:18.0 (75771555)|VARIABLE_ASSIGNMENT|[56]|allfields|"Id,OwnerId,IsDeleted (233 more) ..."
23:32:18.0 (75778075)|HEAP_ALLOCATE|[55]|Bytes:5
23:32:18.0 (75783314)|HEAP_ALLOCATE|[55]|Bytes:23
23:32:18.0 (75786914)|VARIABLE_SCOPE_BEGIN|[55]|fieldname|String|false|false
23:32:18.0 (75794462)|VARIABLE_ASSIGNMENT|[55]|fieldname|"Company_project_code (3 more) ..."
23:32:18.0 (75797549)|STATEMENT_EXECUTE|[56]
23:32:18.0 (75800064)|HEAP_ALLOCATE|[56]|Bytes:24
23:32:18.0 (75803428)|HEAP_ALLOCATE|[56]|Bytes:277
23:32:18.0 (75808278)|VARIABLE_ASSIGNMENT|[56]|allfields|"Id,OwnerId,IsDeleted (257 more) ..."
23:32:18.0 (75814776)|HEAP_ALLOCATE|[55]|Bytes:5
23:32:18.0 (75820230)|HEAP_ALLOCATE|[55]|Bytes:16
23:32:18.0 (75823808)|VARIABLE_SCOPE_BEGIN|[55]|fieldname|String|false|false
23:32:18.0 (75830086)|VARIABLE_ASSIGNMENT|[55]|fieldname|"Project_Scope__c"
23:32:18.0 (75833466)|STATEMENT_EXECUTE|[56]
23:32:18.0 (75836257)|HEAP_ALLOCATE|[56]|Bytes:17
23:32:18.0 (75839726)|HEAP_ALLOCATE|[56]|Bytes:294
23:32:18.0 (75844154)|VARIABLE_ASSIGNMENT|[56]|allfields|"Id,OwnerId,IsDeleted (274 more) ..."
23:32:18.0 (75850669)|HEAP_ALLOCATE|[55]|Bytes:5
23:32:18.0 (75856005)|HEAP_ALLOCATE|[55]|Bytes:14
23:32:18.0 (75859781)|VARIABLE_SCOPE_BEGIN|[55]|fieldname|String|false|false
23:32:18.0 (75866067)|VARIABLE_ASSIGNMENT|[55]|fieldname|"Cost_Centre__c"
23:32:18.0 (75869505)|STATEMENT_EXECUTE|[56]
23:32:18.0 (75871975)|HEAP_ALLOCATE|[56]|Bytes:15
23:32:18.0 (75875274)|HEAP_ALLOCATE|[56]|Bytes:309
23:32:18.0 (75879754)|VARIABLE_ASSIGNMENT|[56]|allfields|"Id,OwnerId,IsDeleted (289 more) ..."
23:32:18.0 (75886413)|HEAP_ALLOCATE|[55]|Bytes:5
23:32:18.0 (75891770)|HEAP_ALLOCATE|[55]|Bytes:13
23:32:18.0 (75895137)|VARIABLE_SCOPE_BEGIN|[55]|fieldname|String|false|false
23:32:18.0 (75901529)|VARIABLE_ASSIGNMENT|[55]|fieldname|"Production__c"
23:32:18.0 (75904815)|STATEMENT_EXECUTE|[56]
23:32:18.0 (75907330)|HEAP_ALLOCATE|[56]|Bytes:14
23:32:18.0 (75911188)|HEAP_ALLOCATE|[56]|Bytes:323
23:32:18.0 (75915980)|VARIABLE_ASSIGNMENT|[56]|allfields|"Id,OwnerId,IsDeleted (303 more) ..."
23:32:18.0 (75922926)|HEAP_ALLOCATE|[55]|Bytes:5
23:32:18.0 (75928461)|HEAP_ALLOCATE|[55]|Bytes:5
23:32:18.0 (75932081)|VARIABLE_SCOPE_BEGIN|[55]|fieldname|String|false|false
23:32:18.0 (75938010)|VARIABLE_ASSIGNMENT|[55]|fieldname|"QC__c"
23:32:18.0 (75941066)|STATEMENT_EXECUTE|[56]
23:32:18.0 (75943477)|HEAP_ALLOCATE|[56]|Bytes:6
23:32:18.0 (75946809)|HEAP_ALLOCATE|[56]|Bytes:329
23:32:18.0 (75951334)|VARIABLE_ASSIGNMENT|[56]|allfields|"Id,OwnerId,IsDeleted (309 more) ..."
23:32:18.0 (75957946)|HEAP_ALLOCATE|[55]|Bytes:5
23:32:18.0 (75963190)|HEAP_ALLOCATE|[55]|Bytes:11
23:32:18.0 (75966946)|VARIABLE_SCOPE_BEGIN|[55]|fieldname|String|false|false
23:32:18.0 (75973553)|VARIABLE_ASSIGNMENT|[55]|fieldname|"Delivery__c"
23:32:18.0 (75976547)|STATEMENT_EXECUTE|[56]
23:32:18.0 (75978976)|HEAP_ALLOCATE|[56]|Bytes:12
23:32:18.0 (75982506)|HEAP_ALLOCATE|[56]|Bytes:341
23:32:18.0 (75987648)|VARIABLE_ASSIGNMENT|[56]|allfields|"Id,OwnerId,IsDeleted (321 more) ..."
23:32:18.0 (75994564)|HEAP_ALLOCATE|[55]|Bytes:5
23:32:18.0 (75999775)|HEAP_ALLOCATE|[55]|Bytes:5
23:32:18.0 (76003119)|VARIABLE_SCOPE_BEGIN|[55]|fieldname|String|false|false
23:32:18.0 (76010346)|VARIABLE_ASSIGNMENT|[55]|fieldname|"QA__c"
23:32:18.0 (76013335)|STATEMENT_EXECUTE|[56]
23:32:18.0 (76015790)|HEAP_ALLOCATE|[56]|Bytes:6
23:32:18.0 (76019239)|HEAP_ALLOCATE|[56]|Bytes:347
23:32:18.0 (76023882)|VARIABLE_ASSIGNMENT|[56]|allfields|"Id,OwnerId,IsDeleted (327 more) ..."
23:32:18.0 (76030499)|HEAP_ALLOCATE|[55]|Bytes:5
23:32:18.0 (76035961)|HEAP_ALLOCATE|[55]|Bytes:25
23:32:18.0 (76039337)|VARIABLE_SCOPE_BEGIN|[55]|fieldname|String|false|false
23:32:18.0 (76046289)|VARIABLE_ASSIGNMENT|[55]|fieldname|"OffshoreProjectManag (5 more) ..."
23:32:18.0 (76049514)|STATEMENT_EXECUTE|[56]
23:32:18.0 (76052057)|HEAP_ALLOCATE|[56]|Bytes:26
23:32:18.0 (76055446)|HEAP_ALLOCATE|[56]|Bytes:373
23:32:18.0 (76059826)|VARIABLE_ASSIGNMENT|[56]|allfields|"Id,OwnerId,IsDeleted (353 more) ..."
23:32:18.0 (76066539)|HEAP_ALLOCATE|[55]|Bytes:5
23:32:18.0 (76072220)|HEAP_ALLOCATE|[55]|Bytes:12
23:32:18.0 (76075751)|VARIABLE_SCOPE_BEGIN|[55]|fieldname|String|false|false
23:32:18.0 (76082267)|VARIABLE_ASSIGNMENT|[55]|fieldname|"Team_Lead__c"
23:32:18.0 (76085454)|STATEMENT_EXECUTE|[56]
23:32:18.0 (76087912)|HEAP_ALLOCATE|[56]|Bytes:13
23:32:18.0 (76091586)|HEAP_ALLOCATE|[56]|Bytes:386
23:32:18.0 (76096132)|VARIABLE_ASSIGNMENT|[56]|allfields|"Id,OwnerId,IsDeleted (366 more) ..."
23:32:18.0 (76102793)|HEAP_ALLOCATE|[55]|Bytes:5
23:32:18.0 (76108180)|HEAP_ALLOCATE|[55]|Bytes:21
23:32:18.0 (76111551)|VARIABLE_SCOPE_BEGIN|[55]|fieldname|String|false|false
23:32:18.0 (76118448)|VARIABLE_ASSIGNMENT|[55]|fieldname|"Project_Start_Date__ (1 more) ..."
23:32:18.0 (76121713)|STATEMENT_EXECUTE|[56]
23:32:18.0 (76124175)|HEAP_ALLOCATE|[56]|Bytes:22
23:32:18.0 (76127679)|HEAP_ALLOCATE|[56]|Bytes:408
23:32:18.0 (76131978)|VARIABLE_ASSIGNMENT|[56]|allfields|"Id,OwnerId,IsDeleted (388 more) ..."
23:32:18.0 (76138900)|HEAP_ALLOCATE|[55]|Bytes:5
23:32:18.0 (76144309)|HEAP_ALLOCATE|[55]|Bytes:19
23:32:18.0 (76147706)|VARIABLE_SCOPE_BEGIN|[55]|fieldname|String|false|false
23:32:18.0 (76154289)|VARIABLE_ASSIGNMENT|[55]|fieldname|"Project_End_Date__c"
23:32:18.0 (76157503)|STATEMENT_EXECUTE|[56]
23:32:18.0 (76159956)|HEAP_ALLOCATE|[56]|Bytes:20
23:32:18.0 (76163705)|HEAP_ALLOCATE|[56]|Bytes:428
23:32:18.0 (76168096)|VARIABLE_ASSIGNMENT|[56]|allfields|"Id,OwnerId,IsDeleted (408 more) ..."
23:32:18.0 (76174652)|HEAP_ALLOCATE|[55]|Bytes:5
23:32:18.0 (76180044)|HEAP_ALLOCATE|[55]|Bytes:8
23:32:18.0 (76183374)|VARIABLE_SCOPE_BEGIN|[55]|fieldname|String|false|false
23:32:18.0 (76189617)|VARIABLE_ASSIGNMENT|[55]|fieldname|"Units__c"
23:32:18.0 (76192995)|STATEMENT_EXECUTE|[56]
23:32:18.0 (76195467)|HEAP_ALLOCATE|[56]|Bytes:9
23:32:18.0 (76198806)|HEAP_ALLOCATE|[56]|Bytes:437
23:32:18.0 (76203487)|VARIABLE_ASSIGNMENT|[56]|allfields|"Id,OwnerId,IsDeleted (417 more) ..."
23:32:18.0 (76210603)|HEAP_ALLOCATE|[55]|Bytes:5
23:32:18.0 (76215902)|HEAP_ALLOCATE|[55]|Bytes:8
23:32:18.0 (76219549)|VARIABLE_SCOPE_BEGIN|[55]|fieldname|String|false|false
23:32:18.0 (76225878)|VARIABLE_ASSIGNMENT|[55]|fieldname|"Nodes__c"
23:32:18.0 (76234504)|STATEMENT_EXECUTE|[56]
23:32:18.0 (76240616)|HEAP_ALLOCATE|[56]|Bytes:9
23:32:18.0 (76246316)|HEAP_ALLOCATE|[56]|Bytes:446
23:32:18.0 (76252685)|VARIABLE_ASSIGNMENT|[56]|allfields|"Id,OwnerId,IsDeleted (426 more) ..."
23:32:18.0 (76262699)|HEAP_ALLOCATE|[55]|Bytes:5
23:32:18.0 (76268756)|HEAP_ALLOCATE|[55]|Bytes:10
23:32:18.0 (76272627)|VARIABLE_SCOPE_BEGIN|[55]|fieldname|String|false|false
23:32:18.0 (76279376)|VARIABLE_ASSIGNMENT|[55]|fieldname|"Footage__c"
23:32:18.0 (76282730)|STATEMENT_EXECUTE|[56]
23:32:18.0 (76285380)|HEAP_ALLOCATE|[56]|Bytes:11
23:32:18.0 (76289047)|HEAP_ALLOCATE|[56]|Bytes:457
23:32:18.0 (76293919)|VARIABLE_ASSIGNMENT|[56]|allfields|"Id,OwnerId,IsDeleted (437 more) ..."
23:32:18.0 (76300520)|HEAP_ALLOCATE|[55]|Bytes:5
23:32:18.0 (76306173)|HEAP_ALLOCATE|[55]|Bytes:8
23:32:18.0 (76309558)|VARIABLE_SCOPE_BEGIN|[55]|fieldname|String|false|false
23:32:18.0 (76315375)|VARIABLE_ASSIGNMENT|[55]|fieldname|"Miles__c"
23:32:18.0 (76318406)|STATEMENT_EXECUTE|[56]
23:32:18.0 (76320809)|HEAP_ALLOCATE|[56]|Bytes:9
23:32:18.0 (76324233)|HEAP_ALLOCATE|[56]|Bytes:466
23:32:18.0 (76328638)|VARIABLE_ASSIGNMENT|[56]|allfields|"Id,OwnerId,IsDeleted (446 more) ..."
23:32:18.0 (76335143)|HEAP_ALLOCATE|[55]|Bytes:5
23:32:18.0 (76340354)|HEAP_ALLOCATE|[55]|Bytes:7
23:32:18.0 (76343918)|VARIABLE_SCOPE_BEGIN|[55]|fieldname|String|false|false
23:32:18.0 (76350258)|VARIABLE_ASSIGNMENT|[55]|fieldname|"Jobs__c"
23:32:18.0 (76353470)|STATEMENT_EXECUTE|[56]
23:32:18.0 (76355944)|HEAP_ALLOCATE|[56]|Bytes:8
23:32:18.0 (76359307)|HEAP_ALLOCATE|[56]|Bytes:474
23:32:18.0 (76363736)|VARIABLE_ASSIGNMENT|[56]|allfields|"Id,OwnerId,IsDeleted (454 more) ..."
23:32:18.0 (76370282)|HEAP_ALLOCATE|[55]|Bytes:5
23:32:18.0 (76375320)|HEAP_ALLOCATE|[55]|Bytes:8
23:32:18.0 (76378932)|VARIABLE_SCOPE_BEGIN|[55]|fieldname|String|false|false
23:32:18.0 (76384909)|VARIABLE_ASSIGNMENT|[55]|fieldname|"Hours__c"
23:32:18.0 (76388149)|STATEMENT_EXECUTE|[56]
23:32:18.0 (76390507)|HEAP_ALLOCATE|[56]|Bytes:9
23:32:18.0 (76393813)|HEAP_ALLOCATE|[56]|Bytes:483
23:32:18.0 (76398234)|VARIABLE_ASSIGNMENT|[56]|allfields|"Id,OwnerId,IsDeleted (463 more) ..."
23:32:18.0 (76404965)|HEAP_ALLOCATE|[55]|Bytes:5
23:32:18.0 (76410111)|HEAP_ALLOCATE|[55]|Bytes:7
23:32:18.0 (76413517)|VARIABLE_SCOPE_BEGIN|[55]|fieldname|String|false|false
23:32:18.0 (76419496)|VARIABLE_ASSIGNMENT|[55]|fieldname|"Team__c"
23:32:18.0 (76422404)|STATEMENT_EXECUTE|[56]
23:32:18.0 (76424788)|HEAP_ALLOCATE|[56]|Bytes:8
23:32:18.0 (76428193)|HEAP_ALLOCATE|[56]|Bytes:491
23:32:18.0 (76432706)|VARIABLE_ASSIGNMENT|[56]|allfields|"Id,OwnerId,IsDeleted (471 more) ..."
23:32:18.0 (76439607)|HEAP_ALLOCATE|[55]|Bytes:5
23:32:18.0 (76446047)|VARIABLE_ASSIGNMENT|[55]|fieldname|null
23:32:18.0 (76449877)|STATEMENT_EXECUTE|[58]
23:32:18.0 (76515141)|HEAP_ALLOCATE|[58]|Bytes:490
23:32:18.0 (76528045)|VARIABLE_ASSIGNMENT|[58]|allfields|"Id,OwnerId,IsDeleted (470 more) ..."
23:32:18.0 (76532072)|STATEMENT_EXECUTE|[60]
23:32:18.0 (76548737)|METHOD_EXIT|[16]|01p7F00000Ehro9|PM_Project_Edit_Controller.getAllFields(String)
23:32:18.0 (76555714)|HEAP_ALLOCATE|[16]|Bytes:32
23:32:18.0 (76564364)|HEAP_ALLOCATE|[16]|Bytes:529
23:32:18.0 (77065550)|SOQL_EXECUTE_BEGIN|[16]|Aggregations:0|select Id,OwnerId,IsDeleted,Name,CreatedDate,CreatedById,LastModifiedDate,LastModifiedById,SystemModstamp,LastActivityDate,LastViewedDate,LastReferencedDate,Client__c,End_Customer__c,Operation_Region__c,Work_Region__c,Client_Project_Manager__c,Project_code__c,Company_project_code__c,Project_Scope__c,Cost_Centre__c,Production__c,QC__c,Delivery__c,QA__c,OffshoreProjectManager__c,Team_Lead__c,Project_Start_Date__c,Project_End_Date__c,Units__c,Nodes__c,Footage__c,Miles__c,Jobs__c,Hours__c,Team__c from Project__c where Id = :pid
23:32:18.0 (94242274)|SOQL_EXECUTE_END|[16]|Rows:1
23:32:18.0 (94275285)|HEAP_ALLOCATE|[16]|Bytes:8
23:32:18.0 (94308821)|HEAP_ALLOCATE|[16]|Bytes:996
23:32:18.0 (94386333)|HEAP_ALLOCATE|[16]|Bytes:8
23:32:18.0 (94413875)|HEAP_ALLOCATE|[16]|Bytes:36
23:32:18.0 (94459788)|HEAP_ALLOCATE|[16]|Bytes:140
23:32:18.0 (94539686)|VARIABLE_ASSIGNMENT|[EXTERNAL]|this|{"mysObject":"0x44774899","nonSelectedUserId":"(","usersList":"0x616a618"}|0x7890021b
23:32:18.0 (94616976)|VARIABLE_ASSIGNMENT|[EXTERNAL]|value|{"Id":"a057F000002dVv5QAE","OwnerId":"0057F000000Tiz6QAC","IsDeleted":false,"Name":"tm Test","CreatedDate":"2017-12-19T10:53:33.000Z","CreatedById":"0057F000000Tiz6QAC","LastModifiedDate":"2017-12-19T11:16:32.000Z","LastModifiedById":"0057F000000Tiz6QAC","SystemModstamp":"2018-01-18T18:41:12.000Z","LastViewedDate":"2018-01-22T06:30:19.000Z","LastReferencedDate":"2018-01-22T06:30:19.000Z","Client__c":"a047F000002zkUjQAI","End_Customer__c":"tm Test","Operation_Region__c":"tm Test","Work_Region__c":"tm Test","Client_Project_Manag (5 more) ...":"tm Test","Project_code__c":"tm Test","Company_project_code (3 more) ...":"321","Project_Scope__c":"DESIGNING","Production__c":50,"QC__c":20,"Delivery__c":10,"QA__c":20,"OffshoreProjectManag (5 more) ...":"0057F000000TpcqQAC","Team_Lead__c":"0057F000000TyzfQAC","Project_Start_Date__ (1 more) ...":"2017-12-19T00:00:00.000Z","Project_End_Date__c":"2017-12-19T00:00:00.000Z","Units__c":true,"Nodes__c":true,"Footage__c":false,"Miles__c":false,"Jobs__c":false,"Hours__c":false,"Team__c":"Mani Sasank, Santhos (30 more) ..."}|0x79f6c55
23:32:18.0 (94685576)|VARIABLE_ASSIGNMENT|[3]|this.mysObject|{"Id":"a057F000002dVv5QAE","OwnerId":"0057F000000Tiz6QAC","IsDeleted":false,"Name":"tm Test","CreatedDate":"2017-12-19T10:53:33.000Z","CreatedById":"0057F000000Tiz6QAC","LastModifiedDate":"2017-12-19T11:16:32.000Z","LastModifiedById":"0057F000000Tiz6QAC","SystemModstamp":"2018-01-18T18:41:12.000Z","LastViewedDate":"2018-01-22T06:30:19.000Z","LastReferencedDate":"2018-01-22T06:30:19.000Z","Client__c":"a047F000002zkUjQAI","End_Customer__c":"tm Test","Operation_Region__c":"tm Test","Work_Region__c":"tm Test","Client_Project_Manag (5 more) ...":"tm Test","Project_code__c":"tm Test","Company_project_code (3 more) ...":"321","Project_Scope__c":"DESIGNING","Production__c":50,"QC__c":20,"Delivery__c":10,"QA__c":20,"OffshoreProjectManag (5 more) ...":"0057F000000TpcqQAC","Team_Lead__c":"0057F000000TyzfQAC","Project_Start_Date__ (1 more) ...":"2017-12-19T00:00:00.000Z","Project_End_Date__c":"2017-12-19T00:00:00.000Z","Units__c":true,"Nodes__c":true,"Footage__c":false,"Miles__c":false,"Jobs__c":false,"Hours__c":false,"Team__c":"Mani Sasank, Santhos (30 more) ..."}|0x7890021b
23:32:18.0 (94710297)|STATEMENT_EXECUTE|[17]
23:32:18.0 (94774385)|VARIABLE_ASSIGNMENT|[EXTERNAL]|this|{"mysObject":"0x79f6c55","nonSelectedUserId":"(","usersList":"0x616a618"}|0x7890021b
23:32:18.0 (94857562)|VARIABLE_ASSIGNMENT|[EXTERNAL]|this|{"mysObject":"0x79f6c55","nonSelectedUserId":"(","usersList":"0x616a618"}|0x7890021b
23:32:18.0 (94867474)|VARIABLE_ASSIGNMENT|[EXTERNAL]|value|"tm Test"
23:32:18.0 (94875989)|VARIABLE_ASSIGNMENT|[4]|this.pName|"tm Test"|0x7890021b
23:32:18.0 (94883729)|STATEMENT_EXECUTE|[19]
23:32:18.0 (94887795)|HEAP_ALLOCATE|[19]|Bytes:86
23:32:18.0 (94909608)|HEAP_ALLOCATE|[19]|Bytes:4
23:32:18.0 (94921758)|HEAP_ALLOCATE|[19]|Bytes:7
23:32:18.0 (95173332)|SOQL_EXECUTE_BEGIN|[19]|Aggregations:0|SELECT Name, UserLink__c FROM ProjectJobAssociation__c WHERE ProjectLink__c = :tmpVar1
23:32:18.0 (107448859)|SOQL_EXECUTE_END|[19]|Rows:5
23:32:18.0 (107492397)|HEAP_ALLOCATE|[19]|Bytes:24
23:32:18.0 (107523799)|HEAP_ALLOCATE|[19]|Bytes:380
23:32:18.0 (107644561)|HEAP_ALLOCATE|[19]|Bytes:24
23:32:18.0 (107672143)|VARIABLE_SCOPE_BEGIN|[19]|pja|List<ProjectJobAssociation__c>|true|false
23:32:18.0 (107726314)|VARIABLE_ASSIGNMENT|[19]|pja|[{"Name":"A-0002","UserLink__c":"0057F000000TpdFQAS","Id":"a087F000009HOLTQA4"},{"Name":"A-0003","UserLink__c":"0057F000000TrBBQA0","Id":"a087F000009HOLUQA4"},{"Name":"A-0004","UserLink__c":"0057F000000TrBGQA0","Id":"a087F000009HOLVQA4"},{"Name":"A-0005","UserLink__c":"0057F000000TrBVQA0","Id":"a087F000009HOLWQA4"},{"Name":"A-0006","UserLink__c":"0057F000000Tz0iQAC","Id":"a087F000009HOLXQA4"}]|0x4fd0198e
23:32:18.0 (107741862)|STATEMENT_EXECUTE|[20]
23:32:18.0 (107758172)|HEAP_ALLOCATE|[20]|Bytes:4
23:32:18.0 (107850121)|VARIABLE_ASSIGNMENT|[EXTERNAL]|this|{"mysObject":"0x79f6c55","nonSelectedUserId":"(","pName":"tm Test","usersList":"0x616a618"}|0x7890021b
23:32:18.0 (107882258)|HEAP_ALLOCATE|[EXTERNAL]|Bytes:4
23:32:18.0 (107890903)|VARIABLE_ASSIGNMENT|[EXTERNAL]|value|[]|0x5d4462a8
23:32:18.0 (107904852)|VARIABLE_ASSIGNMENT|[6]|this.selectedUsers|[]|0x7890021b
23:32:18.0 (108074822)|HEAP_ALLOCATE|[21]|Bytes:5
23:32:18.0 (108097387)|HEAP_ALLOCATE|[21]|Bytes:16
23:32:18.0 (108106720)|VARIABLE_SCOPE_BEGIN|[21]|spja|ProjectJobAssociation__c|true|false
23:32:18.0 (108121517)|VARIABLE_ASSIGNMENT|[21]|spja|{"Name":"A-0002","UserLink__c":"0057F000000TpdFQAS","Id":"a087F000009HOLTQA4"}|0x52135474
23:32:18.0 (108128002)|STATEMENT_EXECUTE|[21]
23:32:18.0 (108129461)|STATEMENT_EXECUTE|[22]
23:32:18.0 (108133289)|HEAP_ALLOCATE|[22]|Bytes:45
23:32:18.0 (108148970)|HEAP_ALLOCATE|[22]|Bytes:4
23:32:18.0 (108372741)|SOQL_EXECUTE_BEGIN|[22]|Aggregations:0|SELECT Id, Name FROM User WHERE Id = :tmpVar1
23:32:18.0 (112488684)|SOQL_EXECUTE_END|[22]|Rows:1
23:32:18.0 (112512940)|HEAP_ALLOCATE|[22]|Bytes:8
23:32:18.0 (112527852)|HEAP_ALLOCATE|[22]|Bytes:48
23:32:18.0 (112601692)|HEAP_ALLOCATE|[22]|Bytes:8
23:32:18.0 (112623525)|HEAP_ALLOCATE|[22]|Bytes:30
23:32:18.0 (112663609)|HEAP_ALLOCATE|[22]|Bytes:12
23:32:18.0 (112673902)|VARIABLE_SCOPE_BEGIN|[22]|user1|User|true|false
23:32:18.0 (112698030)|VARIABLE_ASSIGNMENT|[22]|user1|{"Id":"0057F000000TpdFQAS","Name":"Mani Sasank"}|0xff8b834
23:32:18.0 (112707427)|STATEMENT_EXECUTE|[23]
23:32:18.0 (112785863)|VARIABLE_ASSIGNMENT|[EXTERNAL]|this|{"mysObject":"0x79f6c55","nonSelectedUserId":"(","pName":"tm Test","selectedUsers":"0x5d4462a8","usersList":"0x616a618"}|0x7890021b
23:32:18.0 (112833077)|HEAP_ALLOCATE|[23]|Bytes:18
23:32:18.0 (112906333)|HEAP_ALLOCATE|[EXTERNAL]|Bytes:4
23:32:18.0 (112931214)|HEAP_ALLOCATE|[21]|Bytes:5
23:32:18.0 (112948870)|HEAP_ALLOCATE|[21]|Bytes:16
23:32:18.0 (112959783)|VARIABLE_SCOPE_BEGIN|[21]|spja|ProjectJobAssociation__c|true|false
23:32:18.0 (112981242)|VARIABLE_ASSIGNMENT|[21]|spja|{"Name":"A-0003","UserLink__c":"0057F000000TrBBQA0","Id":"a087F000009HOLUQA4"}|0x12268ccf
23:32:18.0 (112990621)|STATEMENT_EXECUTE|[21]
23:32:18.0 (112992823)|STATEMENT_EXECUTE|[22]
23:32:18.0 (113006911)|HEAP_ALLOCATE|[22]|Bytes:4
23:32:18.0 (113188510)|SOQL_EXECUTE_BEGIN|[22]|Aggregations:0|SELECT Id, Name FROM User WHERE Id = :tmpVar1
23:32:18.0 (116796961)|SOQL_EXECUTE_END|[22]|Rows:1
23:32:18.0 (116822571)|HEAP_ALLOCATE|[22]|Bytes:8
23:32:18.0 (116839437)|HEAP_ALLOCATE|[22]|Bytes:45
23:32:18.0 (116881585)|HEAP_ALLOCATE|[22]|Bytes:8
23:32:18.0 (116908562)|HEAP_ALLOCATE|[22]|Bytes:12
23:32:18.0 (116919250)|VARIABLE_SCOPE_BEGIN|[22]|user1|User|true|false
23:32:18.0 (116937450)|VARIABLE_ASSIGNMENT|[22]|user1|{"Id":"0057F000000TrBBQA0","Name":"Santhosh"}|0x52eed38f
23:32:18.0 (116943614)|STATEMENT_EXECUTE|[23]
23:32:18.0 (116981226)|VARIABLE_ASSIGNMENT|[EXTERNAL]|this|{"mysObject":"0x79f6c55","nonSelectedUserId":"(","pName":"tm Test","selectedUsers":"0x5d4462a8","usersList":"0x616a618"}|0x7890021b
23:32:18.0 (117006410)|HEAP_ALLOCATE|[23]|Bytes:18
23:32:18.0 (117028419)|HEAP_ALLOCATE|[EXTERNAL]|Bytes:4
23:32:18.0 (117046744)|HEAP_ALLOCATE|[21]|Bytes:5
23:32:18.0 (117059528)|HEAP_ALLOCATE|[21]|Bytes:16
23:32:18.0 (117066277)|VARIABLE_SCOPE_BEGIN|[21]|spja|ProjectJobAssociation__c|true|false
23:32:18.0 (117080272)|VARIABLE_ASSIGNMENT|[21]|spja|{"Name":"A-0004","UserLink__c":"0057F000000TrBGQA0","Id":"a087F000009HOLVQA4"}|0xf306d5c
23:32:18.0 (117086086)|STATEMENT_EXECUTE|[21]
23:32:18.0 (117087463)|STATEMENT_EXECUTE|[22]
23:32:18.0 (117099010)|HEAP_ALLOCATE|[22]|Bytes:4
23:32:18.0 (117257963)|SOQL_EXECUTE_BEGIN|[22]|Aggregations:0|SELECT Id, Name FROM User WHERE Id = :tmpVar1
23:32:18.0 (120220311)|SOQL_EXECUTE_END|[22]|Rows:1
23:32:18.0 (120238947)|HEAP_ALLOCATE|[22]|Bytes:8
23:32:18.0 (120250459)|HEAP_ALLOCATE|[22]|Bytes:46
23:32:18.0 (120280048)|HEAP_ALLOCATE|[22]|Bytes:8
23:32:18.0 (120298204)|HEAP_ALLOCATE|[22]|Bytes:12
23:32:18.0 (120305349)|VARIABLE_SCOPE_BEGIN|[22]|user1|User|true|false
23:32:18.0 (120322539)|VARIABLE_ASSIGNMENT|[22]|user1|{"Id":"0057F000000TrBGQA0","Name":"Ravi teja"}|0x4b8b47ae
23:32:18.0 (120328873)|STATEMENT_EXECUTE|[23]
23:32:18.0 (120364375)|VARIABLE_ASSIGNMENT|[EXTERNAL]|this|{"mysObject":"0x79f6c55","nonSelectedUserId":"(","pName":"tm Test","selectedUsers":"0x5d4462a8","usersList":"0x616a618"}|0x7890021b
23:32:18.0 (120386330)|HEAP_ALLOCATE|[23]|Bytes:18
23:32:18.0 (120407521)|HEAP_ALLOCATE|[EXTERNAL]|Bytes:4
23:32:18.0 (120423380)|HEAP_ALLOCATE|[21]|Bytes:5
23:32:18.0 (120436067)|HEAP_ALLOCATE|[21]|Bytes:16
23:32:18.0 (120442466)|VARIABLE_SCOPE_BEGIN|[21]|spja|ProjectJobAssociation__c|true|false
23:32:18.0 (120461091)|VARIABLE_ASSIGNMENT|[21]|spja|{"Name":"A-0005","UserLink__c":"0057F000000TrBVQA0","Id":"a087F000009HOLWQA4"}|0x415240ab
23:32:18.0 (120467095)|STATEMENT_EXECUTE|[21]
23:32:18.0 (120468440)|STATEMENT_EXECUTE|[22]
23:32:18.0 (120479225)|HEAP_ALLOCATE|[22]|Bytes:4
23:32:18.0 (120617743)|SOQL_EXECUTE_BEGIN|[22]|Aggregations:0|SELECT Id, Name FROM User WHERE Id = :tmpVar1
23:32:18.0 (123183167)|SOQL_EXECUTE_END|[22]|Rows:1
23:32:18.0 (123201147)|HEAP_ALLOCATE|[22]|Bytes:8
23:32:18.0 (123212588)|HEAP_ALLOCATE|[22]|Bytes:46
23:32:18.0 (123241976)|HEAP_ALLOCATE|[22]|Bytes:8
23:32:18.0 (123259098)|HEAP_ALLOCATE|[22]|Bytes:12
23:32:18.0 (123266012)|VARIABLE_SCOPE_BEGIN|[22]|user1|User|true|false
23:32:18.0 (123283444)|VARIABLE_ASSIGNMENT|[22]|user1|{"Id":"0057F000000TrBVQA0","Name":"Yashwanth"}|0xd95fda0
23:32:18.0 (123289150)|STATEMENT_EXECUTE|[23]
23:32:18.0 (123323628)|VARIABLE_ASSIGNMENT|[EXTERNAL]|this|{"mysObject":"0x79f6c55","nonSelectedUserId":"(","pName":"tm Test","selectedUsers":"0x5d4462a8","usersList":"0x616a618"}|0x7890021b
23:32:18.0 (123346165)|HEAP_ALLOCATE|[23]|Bytes:18
23:32:18.0 (123363184)|HEAP_ALLOCATE|[EXTERNAL]|Bytes:4
23:32:18.0 (123378180)|HEAP_ALLOCATE|[21]|Bytes:5
23:32:18.0 (123390118)|HEAP_ALLOCATE|[21]|Bytes:16
23:32:18.0 (123395930)|VARIABLE_SCOPE_BEGIN|[21]|spja|ProjectJobAssociation__c|true|false
23:32:18.0 (123410038)|VARIABLE_ASSIGNMENT|[21]|spja|{"Name":"A-0006","UserLink__c":"0057F000000Tz0iQAC","Id":"a087F000009HOLXQA4"}|0x92a1c01
23:32:18.0 (123415514)|STATEMENT_EXECUTE|[21]
23:32:18.0 (123416899)|STATEMENT_EXECUTE|[22]
23:32:18.0 (123426760)|HEAP_ALLOCATE|[22]|Bytes:4
23:32:18.0 (123556904)|SOQL_EXECUTE_BEGIN|[22]|Aggregations:0|SELECT Id, Name FROM User WHERE Id = :tmpVar1
23:32:18.0 (126079051)|SOQL_EXECUTE_END|[22]|Rows:1
23:32:18.0 (126097219)|HEAP_ALLOCATE|[22]|Bytes:8
23:32:18.0 (126109058)|HEAP_ALLOCATE|[22]|Bytes:42
23:32:18.0 (126138231)|HEAP_ALLOCATE|[22]|Bytes:8
23:32:18.0 (126155680)|HEAP_ALLOCATE|[22]|Bytes:12
23:32:18.0 (126162734)|VARIABLE_SCOPE_BEGIN|[22]|user1|User|true|false
23:32:18.0 (126179779)|VARIABLE_ASSIGNMENT|[22]|user1|{"Id":"0057F000000Tz0iQAC","Name":"Richa"}|0x50e3c3a9
23:32:18.0 (126185866)|STATEMENT_EXECUTE|[23]
23:32:18.0 (126220590)|VARIABLE_ASSIGNMENT|[EXTERNAL]|this|{"mysObject":"0x79f6c55","nonSelectedUserId":"(","pName":"tm Test","selectedUsers":"0x5d4462a8","usersList":"0x616a618"}|0x7890021b
23:32:18.0 (126242030)|HEAP_ALLOCATE|[23]|Bytes:18
23:32:18.0 (126259041)|HEAP_ALLOCATE|[EXTERNAL]|Bytes:4
23:32:18.0 (126274103)|HEAP_ALLOCATE|[21]|Bytes:5
23:32:18.0 (126286680)|VARIABLE_ASSIGNMENT|[21]|spja|null|
23:32:18.0 (126298314)|SYSTEM_MODE_EXIT|false
23:32:18.0 (126407340)|SYSTEM_MODE_ENTER|true
23:32:18.0 (133540704)|SYSTEM_MODE_ENTER|true
23:32:18.0 (133592484)|HEAP_ALLOCATE|[EXTERNAL]|Bytes:164
23:32:18.0 (133602184)|HEAP_ALLOCATE|[EXTERNAL]|Bytes:12
23:32:18.0 (133622683)|METHOD_ENTRY|[5]|01p7F00000Ehg8E|MultiselectController.MultiselectController()
23:32:18.0 (133629056)|STATEMENT_EXECUTE|[5]
23:32:18.0 (133632829)|STATEMENT_EXECUTE|[5]
23:32:18.0 (133644188)|SYSTEM_MODE_ENTER|false
23:32:18.0 (133652333)|HEAP_ALLOCATE|[EXTERNAL]|Bytes:5
23:32:18.0 (133659646)|SYSTEM_MODE_EXIT|false
23:32:18.0 (133668710)|METHOD_EXIT|[5]|MultiselectController
23:32:18.0 (133684935)|HEAP_ALLOCATE|[EXTERNAL]|Bytes:20
23:32:18.0 (133690981)|VARIABLE_SCOPE_BEGIN|[5]|this|MultiselectController|true|false
23:32:18.0 (133716669)|VARIABLE_ASSIGNMENT|[5]|this|{}|0xc65b768
23:32:18.0 (133731412)|SYSTEM_MODE_ENTER|false
23:32:18.0 (133737150)|HEAP_ALLOCATE|[EXTERNAL]|Bytes:5
23:32:18.0 (133760708)|SYSTEM_MODE_EXIT|false
23:32:18.0 (133764739)|STATEMENT_EXECUTE|[5]
23:32:18.0 (133771109)|SYSTEM_MODE_ENTER|false
23:32:18.0 (133775497)|HEAP_ALLOCATE|[EXTERNAL]|Bytes:5
23:32:18.0 (133778398)|STATEMENT_EXECUTE|[7]
23:32:18.0 (133779771)|STATEMENT_EXECUTE|[8]
23:32:18.0 (133780744)|STATEMENT_EXECUTE|[23]
23:32:18.0 (133781924)|STATEMENT_EXECUTE|[31]
23:32:18.0 (133783991)|SYSTEM_MODE_EXIT|false
23:32:18.0 (133935325)|SYSTEM_MODE_ENTER|true
23:32:18.0 (133973906)|HEAP_ALLOCATE|[EXTERNAL]|Bytes:24
23:32:18.0 (134092229)|VARIABLE_SCOPE_BEGIN|[27]|this|PM_Project_Edit_Controller|true|false
23:32:18.0 (134128200)|VARIABLE_ASSIGNMENT|[27]|this|{"mysObject":"0x79f6c55","nonSelectedUserId":"(","pName":"tm Test","selectedUsers":"0x5d4462a8","usersList":"0x616a618"}|0x7890021b
23:32:18.0 (134148445)|SYSTEM_MODE_ENTER|false
23:32:18.0 (134155316)|HEAP_ALLOCATE|[28]|Bytes:5
23:32:18.0 (134159909)|STATEMENT_EXECUTE|[27]
23:32:18.0 (134161201)|STATEMENT_EXECUTE|[28]
23:32:18.0 (134164534)|HEAP_ALLOCATE|[28]|Bytes:62
23:32:18.0 (134178763)|HEAP_ALLOCATE|[28]|Bytes:4
23:32:18.0 (134330118)|SOQL_EXECUTE_BEGIN|[28]|Aggregations:0|SELECT Id, Name FROM UserRole WHERE Name = 'Software Engineer'
23:32:18.0 (142025838)|SOQL_EXECUTE_END|[28]|Rows:1
23:32:18.0 (142045163)|HEAP_ALLOCATE|[28]|Bytes:8
23:32:18.0 (142056967)|HEAP_ALLOCATE|[28]|Bytes:54
23:32:18.0 (142121586)|HEAP_ALLOCATE|[28]|Bytes:8
23:32:18.0 (142133390)|HEAP_ALLOCATE|[28]|Bytes:34
23:32:18.0 (142173825)|HEAP_ALLOCATE|[28]|Bytes:12
23:32:18.0 (142181343)|VARIABLE_SCOPE_BEGIN|[28]|userRole|UserRole|true|false
23:32:18.0 (142199457)|VARIABLE_ASSIGNMENT|[28]|userRole|{"Id":"00E7F000000MdriUAC","Name":"Software Engineer"}|0x2df27aa3
23:32:18.0 (142205499)|STATEMENT_EXECUTE|[29]
23:32:18.0 (142208744)|HEAP_ALLOCATE|[29]|Bytes:53
23:32:18.0 (142220227)|HEAP_ALLOCATE|[29]|Bytes:4
23:32:18.0 (142395069)|SOQL_EXECUTE_BEGIN|[29]|Aggregations:0|SELECT Id, Name FROM User WHERE UserRoleId = :tmpVar1
23:32:18.0 (150398881)|SOQL_EXECUTE_END|[29]|Rows:6
23:32:18.0 (150418084)|HEAP_ALLOCATE|[29]|Bytes:28
23:32:18.0 (150435966)|HEAP_ALLOCATE|[29]|Bytes:271
23:32:18.0 (150466341)|HEAP_ALLOCATE|[29]|Bytes:28
23:32:18.0 (150480007)|VARIABLE_SCOPE_BEGIN|[29]|users|List<User>|true|false
23:32:18.0 (150500608)|VARIABLE_ASSIGNMENT|[29]|users|"List of size 6 too large to display"|0x6ee7fbf9
23:32:18.0 (150646465)|HEAP_ALLOCATE|[30]|Bytes:5
23:32:18.0 (150664591)|HEAP_ALLOCATE|[30]|Bytes:12
23:32:18.0 (150673053)|VARIABLE_SCOPE_BEGIN|[30]|usr|User|true|false
23:32:18.0 (150688557)|VARIABLE_ASSIGNMENT|[30]|usr|{"Id":"0057F000000TpdFQAS","Name":"Mani Sasank"}|0x3f121488
23:32:18.0 (150694894)|STATEMENT_EXECUTE|[30]
23:32:18.0 (150696396)|STATEMENT_EXECUTE|[31]
23:32:18.0 (150731617)|HEAP_ALLOCATE|[31]|Bytes:18
23:32:18.0 (150794659)|HEAP_ALLOCATE|[EXTERNAL]|Bytes:4
23:32:18.0 (150812681)|HEAP_ALLOCATE|[30]|Bytes:5
23:32:18.0 (150822924)|HEAP_ALLOCATE|[30]|Bytes:12
23:32:18.0 (150828974)|VARIABLE_SCOPE_BEGIN|[30]|usr|User|true|false
23:32:18.0 (150845819)|VARIABLE_ASSIGNMENT|[30]|usr|{"Id":"0057F000000TrBBQA0","Name":"Santhosh"}|0x5f95ad67
23:32:18.0 (150851679)|STATEMENT_EXECUTE|[30]
23:32:18.0 (150853000)|STATEMENT_EXECUTE|[31]
23:32:18.0 (150864095)|HEAP_ALLOCATE|[31]|Bytes:18
23:32:18.0 (150877826)|HEAP_ALLOCATE|[EXTERNAL]|Bytes:4
23:32:18.0 (150889213)|HEAP_ALLOCATE|[30]|Bytes:5
23:32:18.0 (150897360)|HEAP_ALLOCATE|[30]|Bytes:12
23:32:18.0 (150901948)|VARIABLE_SCOPE_BEGIN|[30]|usr|User|true|false
23:32:18.0 (150913795)|VARIABLE_ASSIGNMENT|[30]|usr|{"Id":"0057F000000TrBGQA0","Name":"Ravi teja"}|0x182ca5c
23:32:18.0 (150918780)|STATEMENT_EXECUTE|[30]
23:32:18.0 (150919944)|STATEMENT_EXECUTE|[31]
23:32:18.0 (150926824)|HEAP_ALLOCATE|[31]|Bytes:18
23:32:18.0 (150937083)|HEAP_ALLOCATE|[EXTERNAL]|Bytes:4
23:32:18.0 (150946415)|HEAP_ALLOCATE|[30]|Bytes:5
23:32:18.0 (150953940)|HEAP_ALLOCATE|[30]|Bytes:12
23:32:18.0 (150958241)|VARIABLE_SCOPE_BEGIN|[30]|usr|User|true|false
23:32:18.0 (150968896)|VARIABLE_ASSIGNMENT|[30]|usr|{"Id":"0057F000000TrBVQA0","Name":"Yashwanth"}|0x23ee614e
23:32:18.0 (150973479)|STATEMENT_EXECUTE|[30]
23:32:18.0 (150974636)|STATEMENT_EXECUTE|[31]
23:32:18.0 (150980845)|HEAP_ALLOCATE|[31]|Bytes:18
23:32:18.0 (150990245)|HEAP_ALLOCATE|[EXTERNAL]|Bytes:4
23:32:18.0 (150999080)|HEAP_ALLOCATE|[30]|Bytes:5
23:32:18.0 (151005916)|HEAP_ALLOCATE|[30]|Bytes:12
23:32:18.0 (151011607)|VARIABLE_SCOPE_BEGIN|[30]|usr|User|true|false
23:32:18.0 (151021745)|VARIABLE_ASSIGNMENT|[30]|usr|{"Id":"0057F000000Tz0iQAC","Name":"Richa"}|0xc7787ef
23:32:18.0 (151026302)|STATEMENT_EXECUTE|[30]
23:32:18.0 (151027366)|STATEMENT_EXECUTE|[31]
23:32:18.0 (151033528)|HEAP_ALLOCATE|[31]|Bytes:18
23:32:18.0 (151042481)|HEAP_ALLOCATE|[EXTERNAL]|Bytes:4
23:32:18.0 (151051275)|HEAP_ALLOCATE|[30]|Bytes:5
23:32:18.0 (151057954)|HEAP_ALLOCATE|[30]|Bytes:12
23:32:18.0 (151061989)|VARIABLE_SCOPE_BEGIN|[30]|usr|User|true|false
23:32:18.0 (151071859)|VARIABLE_ASSIGNMENT|[30]|usr|{"Id":"0057F000000Tz0sQAC","Name":"Veeresh"}|0x7e7bed93
23:32:18.0 (151076382)|STATEMENT_EXECUTE|[30]
23:32:18.0 (151077431)|STATEMENT_EXECUTE|[31]
23:32:18.0 (151083669)|HEAP_ALLOCATE|[31]|Bytes:18
23:32:18.0 (151092044)|HEAP_ALLOCATE|[EXTERNAL]|Bytes:4
23:32:18.0 (151100816)|HEAP_ALLOCATE|[30]|Bytes:5
23:32:18.0 (151110197)|VARIABLE_ASSIGNMENT|[30]|usr|null|
23:32:18.0 (151115459)|STATEMENT_EXECUTE|[33]
23:32:18.0 (151121798)|SYSTEM_MODE_EXIT|false
23:32:18.0 (151247354)|SYSTEM_MODE_ENTER|true
23:32:18.0 (151312820)|HEAP_ALLOCATE|[EXTERNAL]|Bytes:28
23:32:18.0 (151318545)|HEAP_ALLOCATE|[EXTERNAL]|Bytes:20
23:32:18.0 (151331762)|VARIABLE_ASSIGNMENT|[EXTERNAL]|this.leftOptions|"List of size 6 too large to display"|0xc65b768
23:32:18.0 (151440865)|SYSTEM_MODE_ENTER|true
23:32:18.0 (151545546)|SYSTEM_MODE_ENTER|true
23:32:18.0 (151621727)|HEAP_ALLOCATE|[EXTERNAL]|Bytes:24
23:32:18.0 (151627952)|HEAP_ALLOCATE|[EXTERNAL]|Bytes:20
23:32:18.0 (151761334)|VARIABLE_ASSIGNMENT|[EXTERNAL]|this.rightOptions|"common.apex.runtime.impl.ScalarList@1977c2b2"|0xc65b768
23:32:18.0 (151920526)|SYSTEM_MODE_ENTER|true
23:32:18.0 (152172247)|SYSTEM_MODE_ENTER|true
23:32:18.0 (175804648)|SYSTEM_MODE_ENTER|true
23:32:18.0 (175885474)|HEAP_ALLOCATE|[EXTERNAL]|Bytes:28
23:32:18.0 (175896071)|HEAP_ALLOCATE|[EXTERNAL]|Bytes:20
23:32:18.0 (175922551)|VARIABLE_ASSIGNMENT|[EXTERNAL]|this.leftOptions|"List of size 6 too large to display"|0xc65b768
23:32:18.0 (176018282)|SYSTEM_MODE_ENTER|true
23:32:18.0 (176055540)|HEAP_ALLOCATE|[EXTERNAL]|Bytes:24
23:32:18.0 (176060349)|HEAP_ALLOCATE|[EXTERNAL]|Bytes:20
23:32:18.0 (176197905)|VARIABLE_ASSIGNMENT|[EXTERNAL]|this.rightOptions|"common.apex.runtime.impl.ScalarList@1977c2b2"|0xc65b768
23:32:18.0 (176761621)|SYSTEM_MODE_ENTER|true
23:32:18.0 (179235424)|SYSTEM_MODE_ENTER|true
23:32:18.0 (180196818)|SYSTEM_MODE_ENTER|true
23:32:18.0 (180293462)|SYSTEM_MODE_ENTER|true
23:32:18.0 (187206289)|VF_SERIALIZE_VIEWSTATE_BEGIN|0667F000004uRC1
23:32:18.0 (198459730)|VF_SERIALIZE_VIEWSTATE_END
23:32:18.200 (200888071)|CUMULATIVE_LIMIT_USAGE
23:32:18.200 (200888071)|LIMIT_USAGE_FOR_NS|(default)|
  Number of SOQL queries: 9 out of 100
  Number of query rows: 18 out of 50000
  Number of SOSL queries: 0 out of 20
  Number of DML statements: 0 out of 150
  Number of DML rows: 0 out of 10000
  Maximum CPU time: 0 out of 10000
  Maximum heap size: 0 out of 6000000
  Number of callouts: 0 out of 100
  Number of Email Invocations: 0 out of 10
  Number of future calls: 0 out of 50
  Number of queueable jobs added to the queue: 0 out of 50
  Number of Mobile Apex push calls: 0 out of 10

23:32:18.200 (200888071)|CUMULATIVE_LIMIT_USAGE_END

23:32:18.0 (200931983)|CODE_UNIT_FINISHED|VF: /apex/PM_Project_Edit
23:32:18.0 (201843691)|EXECUTION_FINISHED
