36.0 APEX_CODE,FINEST;APEX_PROFILING,INFO;CALLOUT,INFO;DB,INFO;SYSTEM,DEBUG;VALIDATION,INFO;VISUALFORCE,INFO;WAVE,INFO;WORKFLOW,INFO
02:45:55.0 (370768)|USER_INFO|[EXTERNAL]|0057F000000Tiz6|ksb994@salesforce.com|Pacific Standard Time|GMT-08:00
02:45:55.0 (409765)|EXECUTION_STARTED
02:45:55.0 (426729)|CODE_UNIT_STARTED|[EXTERNAL]|0667F000004uJm5|VF: /apex/PM_Project_New
02:45:55.0 (1192370)|VF_DESERIALIZE_VIEWSTATE_BEGIN|0667F000004uJm5
02:45:55.0 (55759715)|HEAP_ALLOCATE|[72]|Bytes:3
02:45:55.0 (55825846)|HEAP_ALLOCATE|[77]|Bytes:152
02:45:55.0 (55851885)|HEAP_ALLOCATE|[342]|Bytes:408
02:45:55.0 (55880109)|HEAP_ALLOCATE|[355]|Bytes:408
02:45:55.0 (55914329)|HEAP_ALLOCATE|[467]|Bytes:48
02:45:55.0 (55962193)|HEAP_ALLOCATE|[139]|Bytes:6
02:45:55.0 (66178246)|VF_DESERIALIZE_VIEWSTATE_END
02:45:55.72 (72175859)|SYSTEM_MODE_ENTER|true
02:45:55.72 (72290049)|HEAP_ALLOCATE|[EXTERNAL]|Bytes:38
02:45:55.72 (72307509)|HEAP_ALLOCATE|[EXTERNAL]|Bytes:7
02:45:55.72 (72325183)|SYSTEM_METHOD_ENTRY|[1]|PageMessagesComponentController.PageMessagesComponentController()
02:45:55.72 (72333217)|STATEMENT_EXECUTE|[1]
02:45:55.73 (73311581)|SYSTEM_MODE_ENTER|true
02:45:55.73 (73364570)|HEAP_ALLOCATE|[EXTERNAL]|Bytes:8
02:45:55.73 (73373028)|VARIABLE_SCOPE_BEGIN|[88]|this|ApexPage.PageMessagesComponentController|true|false
02:45:55.73 (73406804)|VARIABLE_ASSIGNMENT|[88]|this|{}|0x15358106
02:45:55.73 (73412860)|VARIABLE_SCOPE_BEGIN|[88]|escape|Boolean|false|false
02:45:55.73 (73420031)|VARIABLE_ASSIGNMENT|[88]|escape|null
02:45:55.0 (84797298)|SYSTEM_MODE_ENTER|true
02:45:55.0 (84844695)|HEAP_ALLOCATE|[EXTERNAL]|Bytes:164
02:45:55.0 (84857603)|HEAP_ALLOCATE|[EXTERNAL]|Bytes:12
02:45:55.0 (84869528)|METHOD_ENTRY|[5]|01p7F00000Ehg8E|MultiselectController.MultiselectController()
02:45:55.0 (84875326)|STATEMENT_EXECUTE|[5]
02:45:55.0 (84881153)|STATEMENT_EXECUTE|[5]
02:45:55.0 (84906568)|SYSTEM_MODE_ENTER|false
02:45:55.0 (84925066)|HEAP_ALLOCATE|[EXTERNAL]|Bytes:5
02:45:55.0 (84937557)|SYSTEM_MODE_EXIT|false
02:45:55.0 (84948593)|METHOD_EXIT|[5]|MultiselectController
02:45:55.0 (85138467)|SYSTEM_MODE_ENTER|true
02:45:55.0 (85558935)|SYSTEM_MODE_ENTER|true
02:45:55.0 (85832514)|HEAP_ALLOCATE|[EXTERNAL]|Bytes:92
02:45:55.0 (85850004)|HEAP_ALLOCATE|[EXTERNAL]|Bytes:13
02:45:55.0 (85883221)|METHOD_ENTRY|[1]|01p7F00000EhPEd|Project_PM_Controller.Project_PM_Controller()
02:45:55.0 (85888224)|STATEMENT_EXECUTE|[1]
02:45:55.0 (85891554)|STATEMENT_EXECUTE|[1]
02:45:55.0 (85907801)|SYSTEM_MODE_ENTER|false
02:45:55.0 (85916359)|HEAP_ALLOCATE|[EXTERNAL]|Bytes:5
02:45:55.0 (85922874)|SYSTEM_MODE_EXIT|false
02:45:55.0 (85929491)|METHOD_EXIT|[1]|Project_PM_Controller
02:45:55.0 (85942275)|HEAP_ALLOCATE|[EXTERNAL]|Bytes:24
02:45:55.0 (86039544)|VARIABLE_SCOPE_BEGIN|[16]|this|Project_PM_Controller|true|false
02:45:55.0 (86293064)|VARIABLE_ASSIGNMENT|[16]|this|{"controller":"StandardController [[Project__c (Client__c:a047F000002zkUjQAI, Company_project_code__c:68465, Name:6845, Units__c:false, Nodes__c:false, Footage__c:false, Miles__c:false, Jobs__c:false, Hours__c:false, QC__c:100)]]","project":"0x41dc343f","saveAndNew":2,"selectedUsers":"0x614f5dcc","usersList":"0x6af9c29f"}|0x51b24f6
02:45:55.0 (86324804)|SYSTEM_MODE_ENTER|false
02:45:55.0 (86332353)|HEAP_ALLOCATE|[17]|Bytes:5
02:45:55.0 (86336479)|STATEMENT_EXECUTE|[16]
02:45:55.0 (86337884)|STATEMENT_EXECUTE|[17]
02:45:55.0 (86341811)|HEAP_ALLOCATE|[17]|Bytes:62
02:45:55.0 (86367554)|HEAP_ALLOCATE|[17]|Bytes:4
02:45:55.0 (86576298)|SOQL_EXECUTE_BEGIN|[17]|Aggregations:0|SELECT Id, Name FROM User WHERE UserRoleId = '00E7F000000Mdri'
02:45:55.0 (91732083)|SOQL_EXECUTE_END|[17]|Rows:6
02:45:55.0 (91754645)|HEAP_ALLOCATE|[17]|Bytes:28
02:45:55.0 (91778503)|HEAP_ALLOCATE|[17]|Bytes:271
02:45:55.0 (91881188)|HEAP_ALLOCATE|[17]|Bytes:28
02:45:55.0 (91904235)|VARIABLE_SCOPE_BEGIN|[17]|users|List<User>|true|false
02:45:55.0 (91965394)|VARIABLE_ASSIGNMENT|[17]|users|"List of size 6 too large to display"|0x749e448d
02:45:55.0 (92138779)|HEAP_ALLOCATE|[18]|Bytes:5
02:45:55.0 (92160171)|HEAP_ALLOCATE|[18]|Bytes:12
02:45:55.0 (92170099)|VARIABLE_SCOPE_BEGIN|[18]|usr|User|true|false
02:45:55.0 (92188014)|VARIABLE_ASSIGNMENT|[18]|usr|{"Id":"0057F000000TpdFQAS","Name":"Mani Sasank"}|0x2c21f7d5
02:45:55.0 (92194115)|STATEMENT_EXECUTE|[18]
02:45:55.0 (92195643)|STATEMENT_EXECUTE|[19]
02:45:55.0 (92246429)|HEAP_ALLOCATE|[19]|Bytes:18
02:45:55.0 (92316861)|HEAP_ALLOCATE|[EXTERNAL]|Bytes:4
02:45:55.0 (92334360)|HEAP_ALLOCATE|[18]|Bytes:5
02:45:55.0 (92344590)|HEAP_ALLOCATE|[18]|Bytes:12
02:45:55.0 (92351021)|VARIABLE_SCOPE_BEGIN|[18]|usr|User|true|false
02:45:55.0 (92364220)|VARIABLE_ASSIGNMENT|[18]|usr|{"Id":"0057F000000TrBBQA0","Name":"Santhosh"}|0x22a060d5
02:45:55.0 (92369540)|STATEMENT_EXECUTE|[18]
02:45:55.0 (92370760)|STATEMENT_EXECUTE|[19]
02:45:55.0 (92381494)|HEAP_ALLOCATE|[19]|Bytes:18
02:45:55.0 (92393645)|HEAP_ALLOCATE|[EXTERNAL]|Bytes:4
02:45:55.0 (92403657)|HEAP_ALLOCATE|[18]|Bytes:5
02:45:55.0 (92411750)|HEAP_ALLOCATE|[18]|Bytes:12
02:45:55.0 (92417221)|VARIABLE_SCOPE_BEGIN|[18]|usr|User|true|false
02:45:55.0 (92427850)|VARIABLE_ASSIGNMENT|[18]|usr|{"Id":"0057F000000TrBGQA0","Name":"Ravi teja"}|0x57b8f51e
02:45:55.0 (92432296)|STATEMENT_EXECUTE|[18]
02:45:55.0 (92433525)|STATEMENT_EXECUTE|[19]
02:45:55.0 (92441602)|HEAP_ALLOCATE|[19]|Bytes:18
02:45:55.0 (92456883)|HEAP_ALLOCATE|[EXTERNAL]|Bytes:4
02:45:55.0 (92467252)|HEAP_ALLOCATE|[18]|Bytes:5
02:45:55.0 (92474780)|HEAP_ALLOCATE|[18]|Bytes:12
02:45:55.0 (92479838)|VARIABLE_SCOPE_BEGIN|[18]|usr|User|true|false
02:45:55.0 (92490737)|VARIABLE_ASSIGNMENT|[18]|usr|{"Id":"0057F000000TrBVQA0","Name":"Yashwanth"}|0x51fb33c6
02:45:55.0 (92494931)|STATEMENT_EXECUTE|[18]
02:45:55.0 (92495937)|STATEMENT_EXECUTE|[19]
02:45:55.0 (92503151)|HEAP_ALLOCATE|[19]|Bytes:18
02:45:55.0 (92516969)|HEAP_ALLOCATE|[EXTERNAL]|Bytes:4
02:45:55.0 (92526810)|HEAP_ALLOCATE|[18]|Bytes:5
02:45:55.0 (92534014)|HEAP_ALLOCATE|[18]|Bytes:12
02:45:55.0 (92538650)|VARIABLE_SCOPE_BEGIN|[18]|usr|User|true|false
02:45:55.0 (92549086)|VARIABLE_ASSIGNMENT|[18]|usr|{"Id":"0057F000000Tz0iQAC","Name":"Richa"}|0x72c7e973
02:45:55.0 (92553427)|STATEMENT_EXECUTE|[18]
02:45:55.0 (92554490)|STATEMENT_EXECUTE|[19]
02:45:55.0 (92560297)|HEAP_ALLOCATE|[19]|Bytes:18
02:45:55.0 (92569395)|HEAP_ALLOCATE|[EXTERNAL]|Bytes:4
02:45:55.0 (92578162)|HEAP_ALLOCATE|[18]|Bytes:5
02:45:55.0 (92584490)|HEAP_ALLOCATE|[18]|Bytes:12
02:45:55.0 (92588988)|VARIABLE_SCOPE_BEGIN|[18]|usr|User|true|false
02:45:55.0 (92598782)|VARIABLE_ASSIGNMENT|[18]|usr|{"Id":"0057F000000Tz0sQAC","Name":"Veeresh"}|0x53408936
02:45:55.0 (92603100)|STATEMENT_EXECUTE|[18]
02:45:55.0 (92604128)|STATEMENT_EXECUTE|[19]
02:45:55.0 (92609253)|HEAP_ALLOCATE|[19]|Bytes:18
02:45:55.0 (92617913)|HEAP_ALLOCATE|[EXTERNAL]|Bytes:4
02:45:55.0 (92626847)|HEAP_ALLOCATE|[18]|Bytes:5
02:45:55.0 (92635682)|VARIABLE_ASSIGNMENT|[18]|usr|null|
02:45:55.0 (92640235)|STATEMENT_EXECUTE|[21]
02:45:55.0 (92647120)|SYSTEM_MODE_EXIT|false
02:45:55.0 (92768314)|SYSTEM_MODE_ENTER|true
02:45:55.0 (92822260)|HEAP_ALLOCATE|[EXTERNAL]|Bytes:68
02:45:55.0 (92833715)|HEAP_ALLOCATE|[EXTERNAL]|Bytes:20
02:45:55.0 (92847198)|VARIABLE_ASSIGNMENT|[EXTERNAL]|this.leftOptions|"List of size 16 too large to display"|0xe80b7a3
02:45:55.0 (92947087)|SYSTEM_MODE_ENTER|true
02:45:55.0 (93015329)|SYSTEM_MODE_ENTER|true
02:45:55.0 (93046888)|HEAP_ALLOCATE|[EXTERNAL]|Bytes:12
02:45:55.0 (93051901)|HEAP_ALLOCATE|[EXTERNAL]|Bytes:20
02:45:55.0 (93186443)|VARIABLE_ASSIGNMENT|[EXTERNAL]|this.rightOptions|"common.apex.runtime.impl.ScalarList@4dfe323d"|0xe80b7a3
02:45:55.0 (100803882)|SYSTEM_MODE_ENTER|true
02:45:55.0 (100902057)|SYSTEM_MODE_ENTER|true
02:45:55.102 (102712478)|SYSTEM_MODE_ENTER|true
02:45:55.102 (102775562)|HEAP_ALLOCATE|[EXTERNAL]|Bytes:8
02:45:55.102 (102786736)|VARIABLE_SCOPE_BEGIN|[88]|this|ApexPage.PageMessagesComponentController|true|false
02:45:55.102 (102816624)|VARIABLE_ASSIGNMENT|[88]|this|{}|0x15358106
02:45:55.102 (102822733)|VARIABLE_SCOPE_BEGIN|[88]|escape|Boolean|false|false
02:45:55.102 (102832809)|VARIABLE_ASSIGNMENT|[88]|escape|null
02:45:55.0 (104220188)|SYSTEM_MODE_ENTER|true
02:45:55.0 (104289480)|HEAP_ALLOCATE|[EXTERNAL]|Bytes:20
02:45:55.0 (104297464)|HEAP_ALLOCATE|[EXTERNAL]|Bytes:285
02:45:55.0 (104333110)|VARIABLE_ASSIGNMENT|[EXTERNAL]|this|{"leftOptions":"0x6af9c29f","leftOptionsHidden":"0057F000000TpdFQAS&M (92 more) ...","rightOptions":"0x614f5dcc","rightOptionsHidden":"0057F000000TrBGQA0&R (39 more) ..."}|0xe80b7a3
02:45:55.0 (104345129)|VARIABLE_ASSIGNMENT|[EXTERNAL]|value|"0057F000000TpdFQAS&M (265 more) ..."
02:45:55.0 (104362904)|SYSTEM_MODE_ENTER|false
02:45:55.0 (104372059)|HEAP_ALLOCATE|[24]|Bytes:5
02:45:55.0 (104377062)|STATEMENT_EXECUTE|[23]
02:45:55.0 (104378584)|STATEMENT_EXECUTE|[24]
02:45:55.0 (104388383)|VARIABLE_ASSIGNMENT|[24]|this.leftOptionsHidden|"0057F000000TpdFQAS&M (265 more) ..."|0xe80b7a3
02:45:55.0 (104393436)|STATEMENT_EXECUTE|[25]
02:45:55.0 (104463102)|VARIABLE_ASSIGNMENT|[EXTERNAL]|this|{"leftOptions":"0x6af9c29f","leftOptionsHidden":"0057F000000TpdFQAS&M (265 more) ...","rightOptions":"0x614f5dcc","rightOptionsHidden":"0057F000000TrBGQA0&R (39 more) ..."}|0xe80b7a3
02:45:55.0 (104497160)|METHOD_ENTRY|[25]|01p7F00000Ehg8E|MultiselectController.setOptions(List<System.SelectOption>, String)
02:45:55.0 (104504587)|VARIABLE_SCOPE_BEGIN|[12]|this|MultiselectController|true|false
02:45:55.0 (104522486)|VARIABLE_ASSIGNMENT|[12]|this|{"leftOptions":"0x6af9c29f","leftOptionsHidden":"0057F000000TpdFQAS&M (265 more) ...","rightOptions":"0x614f5dcc","rightOptionsHidden":"0057F000000TrBGQA0&R (39 more) ..."}|0xe80b7a3
02:45:55.0 (104529337)|VARIABLE_SCOPE_BEGIN|[12]|options|List<System.SelectOption>|true|false
02:45:55.0 (104538382)|VARIABLE_ASSIGNMENT|[12]|options|"List of size 16 too large to display"|0x6af9c29f
02:45:55.0 (104543094)|VARIABLE_SCOPE_BEGIN|[12]|value|String|false|false
02:45:55.0 (104549794)|VARIABLE_ASSIGNMENT|[12]|value|"0057F000000TpdFQAS&M (265 more) ..."
02:45:55.0 (104564440)|HEAP_ALLOCATE|[13]|Bytes:5
02:45:55.0 (104569391)|STATEMENT_EXECUTE|[12]
02:45:55.0 (104570807)|STATEMENT_EXECUTE|[13]
02:45:55.0 (104600896)|STATEMENT_EXECUTE|[14]
02:45:55.0 (104604869)|HEAP_ALLOCATE|[14]|Bytes:1
02:45:55.0 (104667709)|HEAP_ALLOCATE|[14]|Bytes:18
02:45:55.0 (104672822)|HEAP_ALLOCATE|[14]|Bytes:13
02:45:55.0 (104675182)|HEAP_ALLOCATE|[14]|Bytes:18
02:45:55.0 (104677408)|HEAP_ALLOCATE|[14]|Bytes:8
02:45:55.0 (104679575)|HEAP_ALLOCATE|[14]|Bytes:18
02:45:55.0 (104681951)|HEAP_ALLOCATE|[14]|Bytes:5
02:45:55.0 (104684082)|HEAP_ALLOCATE|[14]|Bytes:18
02:45:55.0 (104686176)|HEAP_ALLOCATE|[14]|Bytes:7
02:45:55.0 (104688365)|HEAP_ALLOCATE|[14]|Bytes:18
02:45:55.0 (104690490)|HEAP_ALLOCATE|[14]|Bytes:13
02:45:55.0 (104692681)|HEAP_ALLOCATE|[14]|Bytes:18
02:45:55.0 (104694856)|HEAP_ALLOCATE|[14]|Bytes:8
02:45:55.0 (104696975)|HEAP_ALLOCATE|[14]|Bytes:18
02:45:55.0 (104699267)|HEAP_ALLOCATE|[14]|Bytes:11
02:45:55.0 (104701489)|HEAP_ALLOCATE|[14]|Bytes:18
02:45:55.0 (104703560)|HEAP_ALLOCATE|[14]|Bytes:9
02:45:55.0 (104705862)|HEAP_ALLOCATE|[14]|Bytes:18
02:45:55.0 (104707958)|HEAP_ALLOCATE|[14]|Bytes:5
02:45:55.0 (104710147)|HEAP_ALLOCATE|[14]|Bytes:18
02:45:55.0 (104712645)|HEAP_ALLOCATE|[14]|Bytes:7
02:45:55.0 (104716257)|HEAP_ALLOCATE|[14]|Bytes:84
02:45:55.0 (104727758)|VARIABLE_SCOPE_BEGIN|[14]|parts|List<String>|true|false
02:45:55.0 (104758514)|HEAP_ALLOCATE|[EXTERNAL]|Bytes:84
02:45:55.0 (104767577)|VARIABLE_ASSIGNMENT|[14]|parts|"List of size 20 too large to display"|0x6c491b90
02:45:55.0 (104773647)|STATEMENT_EXECUTE|[15]
02:45:55.0 (104779408)|VARIABLE_SCOPE_BEGIN|[15]|i|Integer|false|false
02:45:55.0 (104786479)|HEAP_ALLOCATE|[15]|Bytes:4
02:45:55.0 (104792062)|VARIABLE_ASSIGNMENT|[15]|i|0
02:45:55.0 (104823062)|STATEMENT_EXECUTE|[15]
02:45:55.0 (104825003)|STATEMENT_EXECUTE|[16]
02:45:55.0 (104837566)|HEAP_ALLOCATE|[16]|Bytes:18
02:45:55.0 (104843827)|HEAP_ALLOCATE|[16]|Bytes:5
02:45:55.0 (104890175)|HEAP_ALLOCATE|[16]|Bytes:15
02:45:55.0 (104901560)|SYSTEM_METHOD_ENTRY|[1]|EncodingUtil.EncodingUtil()
02:45:55.0 (104905114)|STATEMENT_EXECUTE|[1]
02:45:55.0 (104912847)|SYSTEM_METHOD_EXIT|[1]|EncodingUtil
02:45:55.0 (104924936)|METHOD_ENTRY|[16]||System.EncodingUtil.urlDecode(String, String)
02:45:55.0 (104977959)|METHOD_EXIT|[16]||System.EncodingUtil.urlDecode(String, String)
02:45:55.0 (104988643)|HEAP_ALLOCATE|[17]|Bytes:13
02:45:55.0 (104996270)|METHOD_ENTRY|[17]||System.EncodingUtil.urlDecode(String, String)
02:45:55.0 (105019569)|METHOD_EXIT|[17]||System.EncodingUtil.urlDecode(String, String)
02:45:55.0 (105046573)|HEAP_ALLOCATE|[EXTERNAL]|Bytes:4
02:45:55.0 (105053325)|HEAP_ALLOCATE|[15]|Bytes:4
02:45:55.0 (105060181)|VARIABLE_ASSIGNMENT|[15]|i|1
02:45:55.0 (105071020)|STATEMENT_EXECUTE|[15]
02:45:55.0 (105072248)|STATEMENT_EXECUTE|[16]
02:45:55.0 (105076774)|HEAP_ALLOCATE|[16]|Bytes:18
02:45:55.0 (105082817)|METHOD_ENTRY|[16]||System.EncodingUtil.urlDecode(String, String)
02:45:55.0 (105100850)|METHOD_EXIT|[16]||System.EncodingUtil.urlDecode(String, String)
02:45:55.0 (105105917)|HEAP_ALLOCATE|[17]|Bytes:8
02:45:55.0 (105110880)|METHOD_ENTRY|[17]||System.EncodingUtil.urlDecode(String, String)
02:45:55.0 (105123857)|METHOD_EXIT|[17]||System.EncodingUtil.urlDecode(String, String)
02:45:55.0 (105132026)|HEAP_ALLOCATE|[EXTERNAL]|Bytes:4
02:45:55.0 (105136459)|HEAP_ALLOCATE|[15]|Bytes:4
02:45:55.0 (105141108)|VARIABLE_ASSIGNMENT|[15]|i|2
02:45:55.0 (105149267)|STATEMENT_EXECUTE|[15]
02:45:55.0 (105150411)|STATEMENT_EXECUTE|[16]
02:45:55.0 (105153622)|HEAP_ALLOCATE|[16]|Bytes:18
02:45:55.0 (105158423)|METHOD_ENTRY|[16]||System.EncodingUtil.urlDecode(String, String)
02:45:55.0 (105173132)|METHOD_EXIT|[16]||System.EncodingUtil.urlDecode(String, String)
02:45:55.0 (105177531)|HEAP_ALLOCATE|[17]|Bytes:5
02:45:55.0 (105181843)|METHOD_ENTRY|[17]||System.EncodingUtil.urlDecode(String, String)
02:45:55.0 (105194281)|METHOD_EXIT|[17]||System.EncodingUtil.urlDecode(String, String)
02:45:55.0 (105201124)|HEAP_ALLOCATE|[EXTERNAL]|Bytes:4
02:45:55.0 (105205563)|HEAP_ALLOCATE|[15]|Bytes:4
02:45:55.0 (105209999)|VARIABLE_ASSIGNMENT|[15]|i|3
02:45:55.0 (105218110)|STATEMENT_EXECUTE|[15]
02:45:55.0 (105219270)|STATEMENT_EXECUTE|[16]
02:45:55.0 (105222396)|HEAP_ALLOCATE|[16]|Bytes:18
02:45:55.0 (105226992)|METHOD_ENTRY|[16]||System.EncodingUtil.urlDecode(String, String)
02:45:55.0 (105241470)|METHOD_EXIT|[16]||System.EncodingUtil.urlDecode(String, String)
02:45:55.0 (105245841)|HEAP_ALLOCATE|[17]|Bytes:7
02:45:55.0 (105250355)|METHOD_ENTRY|[17]||System.EncodingUtil.urlDecode(String, String)
02:45:55.0 (105262995)|METHOD_EXIT|[17]||System.EncodingUtil.urlDecode(String, String)
02:45:55.0 (105269573)|HEAP_ALLOCATE|[EXTERNAL]|Bytes:4
02:45:55.0 (105273773)|HEAP_ALLOCATE|[15]|Bytes:4
02:45:55.0 (105277959)|VARIABLE_ASSIGNMENT|[15]|i|4
02:45:55.0 (105286105)|STATEMENT_EXECUTE|[15]
02:45:55.0 (105287217)|STATEMENT_EXECUTE|[16]
02:45:55.0 (105290138)|HEAP_ALLOCATE|[16]|Bytes:18
02:45:55.0 (105294639)|METHOD_ENTRY|[16]||System.EncodingUtil.urlDecode(String, String)
02:45:55.0 (105309068)|METHOD_EXIT|[16]||System.EncodingUtil.urlDecode(String, String)
02:45:55.0 (105313363)|HEAP_ALLOCATE|[17]|Bytes:13
02:45:55.0 (105317584)|METHOD_ENTRY|[17]||System.EncodingUtil.urlDecode(String, String)
02:45:55.0 (105331285)|METHOD_EXIT|[17]||System.EncodingUtil.urlDecode(String, String)
02:45:55.0 (105338076)|HEAP_ALLOCATE|[EXTERNAL]|Bytes:4
02:45:55.0 (105342274)|HEAP_ALLOCATE|[15]|Bytes:4
02:45:55.0 (105346476)|VARIABLE_ASSIGNMENT|[15]|i|5
02:45:55.0 (105354487)|STATEMENT_EXECUTE|[15]
02:45:55.0 (105355660)|STATEMENT_EXECUTE|[16]
02:45:55.0 (105358545)|HEAP_ALLOCATE|[16]|Bytes:18
02:45:55.0 (105363174)|METHOD_ENTRY|[16]||System.EncodingUtil.urlDecode(String, String)
02:45:55.0 (105377230)|METHOD_EXIT|[16]||System.EncodingUtil.urlDecode(String, String)
02:45:55.0 (105381586)|HEAP_ALLOCATE|[17]|Bytes:8
02:45:55.0 (105385839)|METHOD_ENTRY|[17]||System.EncodingUtil.urlDecode(String, String)
02:45:55.0 (105400166)|METHOD_EXIT|[17]||System.EncodingUtil.urlDecode(String, String)
02:45:55.0 (105407221)|HEAP_ALLOCATE|[EXTERNAL]|Bytes:4
02:45:55.0 (105411515)|HEAP_ALLOCATE|[15]|Bytes:4
02:45:55.0 (105415700)|VARIABLE_ASSIGNMENT|[15]|i|6
02:45:55.0 (105423913)|STATEMENT_EXECUTE|[15]
02:45:55.0 (105425094)|STATEMENT_EXECUTE|[16]
02:45:55.0 (105427991)|HEAP_ALLOCATE|[16]|Bytes:18
02:45:55.0 (105432615)|METHOD_ENTRY|[16]||System.EncodingUtil.urlDecode(String, String)
02:45:55.0 (105446988)|METHOD_EXIT|[16]||System.EncodingUtil.urlDecode(String, String)
02:45:55.0 (105454128)|HEAP_ALLOCATE|[17]|Bytes:11
02:45:55.0 (105461929)|METHOD_ENTRY|[17]||System.EncodingUtil.urlDecode(String, String)
02:45:55.0 (105488013)|METHOD_EXIT|[17]||System.EncodingUtil.urlDecode(String, String)
02:45:55.0 (105501713)|HEAP_ALLOCATE|[EXTERNAL]|Bytes:4
02:45:55.0 (105509122)|HEAP_ALLOCATE|[15]|Bytes:4
02:45:55.0 (105516710)|VARIABLE_ASSIGNMENT|[15]|i|7
02:45:55.0 (105531167)|STATEMENT_EXECUTE|[15]
02:45:55.0 (105532926)|STATEMENT_EXECUTE|[16]
02:45:55.0 (105538515)|HEAP_ALLOCATE|[16]|Bytes:18
02:45:55.0 (105548152)|METHOD_ENTRY|[16]||System.EncodingUtil.urlDecode(String, String)
02:45:55.0 (105573190)|METHOD_EXIT|[16]||System.EncodingUtil.urlDecode(String, String)
02:45:55.0 (105579297)|HEAP_ALLOCATE|[17]|Bytes:9
02:45:55.0 (105584464)|METHOD_ENTRY|[17]||System.EncodingUtil.urlDecode(String, String)
02:45:55.0 (105597686)|METHOD_EXIT|[17]||System.EncodingUtil.urlDecode(String, String)
02:45:55.0 (105605696)|HEAP_ALLOCATE|[EXTERNAL]|Bytes:4
02:45:55.0 (105610306)|HEAP_ALLOCATE|[15]|Bytes:4
02:45:55.0 (105615720)|VARIABLE_ASSIGNMENT|[15]|i|8
02:45:55.0 (105624390)|STATEMENT_EXECUTE|[15]
02:45:55.0 (105625579)|STATEMENT_EXECUTE|[16]
02:45:55.0 (105628767)|HEAP_ALLOCATE|[16]|Bytes:18
02:45:55.0 (105633412)|METHOD_ENTRY|[16]||System.EncodingUtil.urlDecode(String, String)
02:45:55.0 (105648130)|METHOD_EXIT|[16]||System.EncodingUtil.urlDecode(String, String)
02:45:55.0 (105652457)|HEAP_ALLOCATE|[17]|Bytes:5
02:45:55.0 (105656742)|METHOD_ENTRY|[17]||System.EncodingUtil.urlDecode(String, String)
02:45:55.0 (105668904)|METHOD_EXIT|[17]||System.EncodingUtil.urlDecode(String, String)
02:45:55.0 (105675554)|HEAP_ALLOCATE|[EXTERNAL]|Bytes:4
02:45:55.0 (105680123)|HEAP_ALLOCATE|[15]|Bytes:4
02:45:55.0 (105684463)|VARIABLE_ASSIGNMENT|[15]|i|9
02:45:55.0 (105692088)|STATEMENT_EXECUTE|[15]
02:45:55.0 (105693277)|STATEMENT_EXECUTE|[16]
02:45:55.0 (105696405)|HEAP_ALLOCATE|[16]|Bytes:18
02:45:55.0 (105700946)|METHOD_ENTRY|[16]||System.EncodingUtil.urlDecode(String, String)
02:45:55.0 (105714678)|METHOD_EXIT|[16]||System.EncodingUtil.urlDecode(String, String)
02:45:55.0 (105718813)|HEAP_ALLOCATE|[17]|Bytes:7
02:45:55.0 (105723069)|METHOD_ENTRY|[17]||System.EncodingUtil.urlDecode(String, String)
02:45:55.0 (105743387)|METHOD_EXIT|[17]||System.EncodingUtil.urlDecode(String, String)
02:45:55.0 (105771832)|HEAP_ALLOCATE|[EXTERNAL]|Bytes:4
02:45:55.0 (105780852)|HEAP_ALLOCATE|[15]|Bytes:4
02:45:55.0 (105789983)|VARIABLE_ASSIGNMENT|[15]|i|10
02:45:55.0 (105817097)|METHOD_EXIT|[25]|01p7F00000Ehg8E|MultiselectController.setOptions(List<System.SelectOption>, String)
02:45:55.0 (105826296)|SYSTEM_MODE_EXIT|false
02:45:55.0 (105907421)|SYSTEM_MODE_ENTER|true
02:45:55.0 (105965966)|HEAP_ALLOCATE|[EXTERNAL]|Bytes:20
02:45:55.0 (105974199)|HEAP_ALLOCATE|[EXTERNAL]|Bytes:59
02:45:55.0 (106013207)|VARIABLE_ASSIGNMENT|[EXTERNAL]|this|{"leftOptions":"0x6af9c29f","leftOptionsHidden":"0057F000000TpdFQAS&M (265 more) ...","rightOptions":"0x614f5dcc","rightOptionsHidden":"0057F000000TrBGQA0&R (39 more) ..."}|0xe80b7a3
02:45:55.0 (106030712)|VARIABLE_ASSIGNMENT|[EXTERNAL]|value|"0057F000000TrBGQA0&R (39 more) ..."
02:45:55.0 (106055841)|SYSTEM_MODE_ENTER|false
02:45:55.0 (106066788)|HEAP_ALLOCATE|[32]|Bytes:5
02:45:55.0 (106073205)|STATEMENT_EXECUTE|[31]
02:45:55.0 (106075082)|STATEMENT_EXECUTE|[32]
02:45:55.0 (106089405)|VARIABLE_ASSIGNMENT|[32]|this.rightOptionsHidden|"0057F000000TrBGQA0&R (39 more) ..."|0xe80b7a3
02:45:55.0 (106098875)|STATEMENT_EXECUTE|[33]
02:45:55.0 (106157523)|VARIABLE_ASSIGNMENT|[EXTERNAL]|this|{"leftOptions":"0x6af9c29f","leftOptionsHidden":"0057F000000TpdFQAS&M (265 more) ...","rightOptions":"0x614f5dcc","rightOptionsHidden":"0057F000000TrBGQA0&R (39 more) ..."}|0xe80b7a3
02:45:55.0 (106188740)|METHOD_ENTRY|[33]|01p7F00000Ehg8E|MultiselectController.setOptions(List<System.SelectOption>, String)
02:45:55.0 (106198445)|VARIABLE_SCOPE_BEGIN|[12]|this|MultiselectController|true|false
02:45:55.0 (106231641)|VARIABLE_ASSIGNMENT|[12]|this|{"leftOptions":"0x6af9c29f","leftOptionsHidden":"0057F000000TpdFQAS&M (265 more) ...","rightOptions":"0x614f5dcc","rightOptionsHidden":"0057F000000TrBGQA0&R (39 more) ..."}|0xe80b7a3
02:45:55.0 (106244535)|VARIABLE_SCOPE_BEGIN|[12]|options|List<System.SelectOption>|true|false
02:45:55.0 (106401246)|VARIABLE_ASSIGNMENT|[12]|options|"common.apex.runtime.impl.ScalarList@4dfe323d"|0x614f5dcc
02:45:55.0 (106414131)|VARIABLE_SCOPE_BEGIN|[12]|value|String|false|false
02:45:55.0 (106428402)|VARIABLE_ASSIGNMENT|[12]|value|"0057F000000TrBGQA0&R (39 more) ..."
02:45:55.0 (106455168)|HEAP_ALLOCATE|[13]|Bytes:5
02:45:55.0 (106463647)|STATEMENT_EXECUTE|[12]
02:45:55.0 (106465571)|STATEMENT_EXECUTE|[13]
02:45:55.0 (106480226)|STATEMENT_EXECUTE|[14]
02:45:55.0 (106515099)|HEAP_ALLOCATE|[14]|Bytes:18
02:45:55.0 (106522891)|HEAP_ALLOCATE|[14]|Bytes:11
02:45:55.0 (106527178)|HEAP_ALLOCATE|[14]|Bytes:18
02:45:55.0 (106531426)|HEAP_ALLOCATE|[14]|Bytes:9
02:45:55.0 (106536297)|HEAP_ALLOCATE|[14]|Bytes:20
02:45:55.0 (106576847)|VARIABLE_SCOPE_BEGIN|[14]|parts|List<String>|true|false
02:45:55.0 (106605986)|HEAP_ALLOCATE|[EXTERNAL]|Bytes:20
02:45:55.0 (106630361)|VARIABLE_ASSIGNMENT|[14]|parts|["0057F000000TrBGQA0","Ravi%20teja","0057F000000TrBVQA0","Yashwanth"]|0x2fab67b1
02:45:55.0 (106637549)|STATEMENT_EXECUTE|[15]
02:45:55.0 (106641851)|VARIABLE_SCOPE_BEGIN|[15]|i|Integer|false|false
02:45:55.0 (106647973)|HEAP_ALLOCATE|[15]|Bytes:4
02:45:55.0 (106653478)|VARIABLE_ASSIGNMENT|[15]|i|0
02:45:55.0 (106667411)|STATEMENT_EXECUTE|[15]
02:45:55.0 (106668796)|STATEMENT_EXECUTE|[16]
02:45:55.0 (106674717)|HEAP_ALLOCATE|[16]|Bytes:18
02:45:55.0 (106684252)|METHOD_ENTRY|[16]||System.EncodingUtil.urlDecode(String, String)
02:45:55.0 (106720317)|METHOD_EXIT|[16]||System.EncodingUtil.urlDecode(String, String)
02:45:55.0 (106732202)|HEAP_ALLOCATE|[17]|Bytes:11
02:45:55.0 (106742389)|METHOD_ENTRY|[17]||System.EncodingUtil.urlDecode(String, String)
02:45:55.0 (106772108)|METHOD_EXIT|[17]||System.EncodingUtil.urlDecode(String, String)
02:45:55.0 (106791304)|HEAP_ALLOCATE|[EXTERNAL]|Bytes:4
02:45:55.0 (106800766)|HEAP_ALLOCATE|[15]|Bytes:4
02:45:55.0 (106810516)|VARIABLE_ASSIGNMENT|[15]|i|1
02:45:55.0 (106827052)|STATEMENT_EXECUTE|[15]
02:45:55.0 (106828926)|STATEMENT_EXECUTE|[16]
02:45:55.0 (106835857)|HEAP_ALLOCATE|[16]|Bytes:18
02:45:55.0 (106846960)|METHOD_ENTRY|[16]||System.EncodingUtil.urlDecode(String, String)
02:45:55.0 (106868340)|METHOD_EXIT|[16]||System.EncodingUtil.urlDecode(String, String)
02:45:55.0 (106874176)|HEAP_ALLOCATE|[17]|Bytes:9
02:45:55.0 (106879075)|METHOD_ENTRY|[17]||System.EncodingUtil.urlDecode(String, String)
02:45:55.0 (106897172)|METHOD_EXIT|[17]||System.EncodingUtil.urlDecode(String, String)
02:45:55.0 (106906847)|HEAP_ALLOCATE|[EXTERNAL]|Bytes:4
02:45:55.0 (106911949)|HEAP_ALLOCATE|[15]|Bytes:4
02:45:55.0 (106917719)|VARIABLE_ASSIGNMENT|[15]|i|2
02:45:55.0 (106932893)|METHOD_EXIT|[33]|01p7F00000Ehg8E|MultiselectController.setOptions(List<System.SelectOption>, String)
02:45:55.0 (106938800)|SYSTEM_MODE_EXIT|false
02:45:55.0 (107059085)|SYSTEM_MODE_ENTER|true
02:45:55.0 (107112235)|HEAP_ALLOCATE|[EXTERNAL]|Bytes:44
02:45:55.0 (107117712)|HEAP_ALLOCATE|[EXTERNAL]|Bytes:20
02:45:55.0 (107128112)|VARIABLE_ASSIGNMENT|[EXTERNAL]|this.leftOptions|"List of size 10 too large to display"|0xe80b7a3
02:45:55.0 (107204681)|SYSTEM_MODE_ENTER|true
02:45:55.0 (107235265)|HEAP_ALLOCATE|[EXTERNAL]|Bytes:12
02:45:55.0 (107239818)|HEAP_ALLOCATE|[EXTERNAL]|Bytes:20
02:45:55.0 (107315377)|VARIABLE_ASSIGNMENT|[EXTERNAL]|this.rightOptions|"common.apex.runtime.impl.ScalarList@4dfe323d"|0xe80b7a3
02:45:55.0 (108562192)|HEAP_ALLOCATE|[EXTERNAL]|Bytes:24
02:45:55.0 (108637623)|VARIABLE_SCOPE_BEGIN|[79]|this|Project_PM_Controller|true|false
02:45:55.0 (108773921)|VARIABLE_ASSIGNMENT|[79]|this|{"controller":"StandardController [[Project__c (Client__c:a047F000002zkUjQAI, Company_project_code__c:68465, Name:6845, Units__c:false, Nodes__c:false, Footage__c:false, Miles__c:false, Jobs__c:false, Hours__c:false, QC__c:100)]]","project":"0x41dc343f","saveAndNew":2,"selectedUsers":"0x614f5dcc","usersList":"0x6af9c29f"}|0x51b24f6
02:45:55.0 (108800701)|SYSTEM_MODE_ENTER|false
02:45:55.0 (108808614)|HEAP_ALLOCATE|[80]|Bytes:5
02:45:55.0 (108813425)|STATEMENT_EXECUTE|[79]
02:45:55.0 (108814817)|STATEMENT_EXECUTE|[80]
02:45:55.0 (108818194)|HEAP_ALLOCATE|[80]|Bytes:4
02:45:55.0 (108828956)|VARIABLE_ASSIGNMENT|[80]|this.saveAndNew|2|0x51b24f6
02:45:55.0 (108834637)|STATEMENT_EXECUTE|[81]
02:45:55.0 (108851938)|METHOD_ENTRY|[81]|01p7F00000EhPEd|Project_PM_Controller.customSave()
02:45:55.0 (109228997)|VARIABLE_SCOPE_BEGIN|[24]|this|Project_PM_Controller|true|false
02:45:55.0 (109409391)|VARIABLE_ASSIGNMENT|[24]|this|{"controller":"StandardController [[Project__c (Client__c:a047F000002zkUjQAI, Company_project_code__c:68465, Name:6845, Units__c:false, Nodes__c:false, Footage__c:false, Miles__c:false, Jobs__c:false, Hours__c:false, QC__c:100)]]","project":"0x41dc343f","saveAndNew":2,"selectedUsers":"0x614f5dcc","usersList":"0x6af9c29f"}|0x51b24f6
02:45:55.0 (109446007)|HEAP_ALLOCATE|[25]|Bytes:5
02:45:55.0 (109454064)|STATEMENT_EXECUTE|[24]
02:45:55.0 (109456158)|STATEMENT_EXECUTE|[25]
02:45:55.0 (109496982)|HEAP_ALLOCATE|[25]|Bytes:4
02:45:55.0 (109635453)|VARIABLE_SCOPE_BEGIN|[25]|newProject|Project__c|true|false
02:45:55.0 (109654512)|VARIABLE_ASSIGNMENT|[25]|newProject|{}|0x1dccdb96
02:45:55.0 (109659686)|STATEMENT_EXECUTE|[26]
02:45:55.0 (109743501)|VARIABLE_ASSIGNMENT|[26]|this.Client__c|"a047F000002zkUjQAI"|0x1dccdb96
02:45:55.0 (109750855)|STATEMENT_EXECUTE|[27]
02:45:55.0 (109777812)|VARIABLE_ASSIGNMENT|[27]|this.End_Customer__c|null|0x1dccdb96
02:45:55.0 (109783598)|STATEMENT_EXECUTE|[28]
02:45:55.0 (109816175)|VARIABLE_ASSIGNMENT|[28]|this.Operation_Region__c|null|0x1dccdb96
02:45:55.0 (109822956)|STATEMENT_EXECUTE|[29]
02:45:55.0 (109850715)|VARIABLE_ASSIGNMENT|[29]|this.Work_Region__c|null|0x1dccdb96
02:45:55.0 (109856587)|STATEMENT_EXECUTE|[30]
02:45:55.0 (109875004)|VARIABLE_ASSIGNMENT|[30]|this.Client_Project_Manager__c|null|0x1dccdb96
02:45:55.0 (109880040)|STATEMENT_EXECUTE|[31]
02:45:55.0 (109901816)|VARIABLE_ASSIGNMENT|[31]|this.Project_code__c|null|0x1dccdb96
02:45:55.0 (109907316)|STATEMENT_EXECUTE|[32]
02:45:55.0 (109931610)|VARIABLE_ASSIGNMENT|[32]|this.Company_project_code__c|"68465"|0x1dccdb96
02:45:55.0 (109937014)|STATEMENT_EXECUTE|[33]
02:45:55.0 (109977100)|VARIABLE_ASSIGNMENT|[33]|this.Name|"6845"|0x1dccdb96
02:45:55.0 (109983638)|STATEMENT_EXECUTE|[34]
02:45:55.0 (110005447)|VARIABLE_ASSIGNMENT|[34]|this.Project_Scope__c|null|0x1dccdb96
02:45:55.0 (110011598)|STATEMENT_EXECUTE|[35]
02:45:55.0 (110029310)|VARIABLE_ASSIGNMENT|[35]|this.Cost_Centre__c|null|0x1dccdb96
02:45:55.0 (110034323)|STATEMENT_EXECUTE|[36]
02:45:55.0 (110061217)|VARIABLE_ASSIGNMENT|[36]|this.OffshoreProjectManager__c|null|0x1dccdb96
02:45:55.0 (110068043)|STATEMENT_EXECUTE|[37]
02:45:55.0 (110112837)|VARIABLE_ASSIGNMENT|[37]|this.Team_Lead__c|null|0x1dccdb96
02:45:55.0 (110123333)|STATEMENT_EXECUTE|[38]
02:45:55.0 (110157024)|VARIABLE_ASSIGNMENT|[38]|this.Project_Start_Date__c|null|0x1dccdb96
02:45:55.0 (110163371)|STATEMENT_EXECUTE|[39]
02:45:55.0 (110182115)|VARIABLE_ASSIGNMENT|[39]|this.Project_End_Date__c|null|0x1dccdb96
02:45:55.0 (110187042)|STATEMENT_EXECUTE|[40]
02:45:55.0 (110213795)|VARIABLE_ASSIGNMENT|[40]|this.Units__c|false|0x1dccdb96
02:45:55.0 (110219090)|STATEMENT_EXECUTE|[41]
02:45:55.0 (110241357)|VARIABLE_ASSIGNMENT|[41]|this.Nodes__c|false|0x1dccdb96
02:45:55.0 (110246432)|STATEMENT_EXECUTE|[42]
02:45:55.0 (110269626)|VARIABLE_ASSIGNMENT|[42]|this.Footage__c|false|0x1dccdb96
02:45:55.0 (110277952)|STATEMENT_EXECUTE|[43]
02:45:55.0 (110322160)|VARIABLE_ASSIGNMENT|[43]|this.Miles__c|false|0x1dccdb96
02:45:55.0 (110333406)|STATEMENT_EXECUTE|[44]
02:45:55.0 (110383565)|VARIABLE_ASSIGNMENT|[44]|this.Jobs__c|false|0x1dccdb96
02:45:55.0 (110392693)|STATEMENT_EXECUTE|[45]
02:45:55.0 (110431479)|VARIABLE_ASSIGNMENT|[45]|this.Hours__c|false|0x1dccdb96
02:45:55.0 (110439553)|STATEMENT_EXECUTE|[46]
02:45:55.0 (110468747)|VARIABLE_ASSIGNMENT|[46]|this.Production__c|null|0x1dccdb96
02:45:55.0 (110476504)|STATEMENT_EXECUTE|[47]
02:45:55.0 (110512317)|HEAP_ALLOCATE|[47]|Bytes:28
02:45:55.0 (110554942)|VARIABLE_ASSIGNMENT|[47]|this.QC__c|100|0x1dccdb96
02:45:55.0 (110562870)|STATEMENT_EXECUTE|[48]
02:45:55.0 (110594155)|VARIABLE_ASSIGNMENT|[48]|this.QA__c|null|0x1dccdb96
02:45:55.0 (110602137)|STATEMENT_EXECUTE|[49]
02:45:55.0 (110633446)|VARIABLE_ASSIGNMENT|[49]|this.Delivery__c|null|0x1dccdb96
02:45:55.0 (110641545)|STATEMENT_EXECUTE|[51]
02:45:55.0 (110645786)|HEAP_ALLOCATE|[51]|Bytes:2
02:45:55.0 (110682881)|VARIABLE_ASSIGNMENT|[51]|this.Team__c|"  "|0x1dccdb96
02:45:55.0 (110861139)|VARIABLE_ASSIGNMENT|[EXTERNAL]|this|{"controller":"StandardController [[Project__c (Client__c:a047F000002zkUjQAI, Company_project_code__c:68465, Name:6845, Units__c:false, Nodes__c:false, Footage__c:false, Miles__c:false, Jobs__c:false, Hours__c:false, QC__c:100)]]","project":"0x41dc343f","saveAndNew":2,"selectedUsers":"0x614f5dcc","usersList":"0x6af9c29f"}|0x51b24f6
02:45:55.0 (110929489)|HEAP_ALLOCATE|[52]|Bytes:5
02:45:55.0 (110956950)|HEAP_ALLOCATE|[52]|Bytes:27
02:45:55.0 (110968613)|VARIABLE_SCOPE_BEGIN|[52]|sc|System.SelectOption|true|false
02:45:55.0 (111053877)|VARIABLE_ASSIGNMENT|[52]|sc|"common.apex.runtime.impl.ApexSelectOptionValue@4bc8874e"|0x39716913
02:45:55.0 (111065989)|STATEMENT_EXECUTE|[52]
02:45:55.0 (111067708)|STATEMENT_EXECUTE|[53]
02:45:55.0 (111128906)|HEAP_ALLOCATE|[53]|Bytes:9
02:45:55.0 (111141290)|HEAP_ALLOCATE|[53]|Bytes:2
02:45:55.0 (111158644)|HEAP_ALLOCATE|[53]|Bytes:11
02:45:55.0 (111165865)|HEAP_ALLOCATE|[53]|Bytes:13
02:45:55.0 (111216882)|VARIABLE_ASSIGNMENT|[53]|this.Team__c|"  Ravi teja, "|0x1dccdb96
02:45:55.0 (111239812)|HEAP_ALLOCATE|[52]|Bytes:5
02:45:55.0 (111255333)|HEAP_ALLOCATE|[52]|Bytes:27
02:45:55.0 (111263825)|VARIABLE_SCOPE_BEGIN|[52]|sc|System.SelectOption|true|false
02:45:55.0 (111344446)|VARIABLE_ASSIGNMENT|[52]|sc|"common.apex.runtime.impl.ApexSelectOptionValue@20b5cc0a"|0x68e50795
02:45:55.0 (111355242)|STATEMENT_EXECUTE|[52]
02:45:55.0 (111356861)|STATEMENT_EXECUTE|[53]
02:45:55.0 (111373971)|HEAP_ALLOCATE|[53]|Bytes:9
02:45:55.0 (111385516)|HEAP_ALLOCATE|[53]|Bytes:11
02:45:55.0 (111391136)|HEAP_ALLOCATE|[53]|Bytes:24
02:45:55.0 (111438121)|VARIABLE_ASSIGNMENT|[53]|this.Team__c|"  Ravi teja, Yashwan (4 more) ..."|0x1dccdb96
02:45:55.0 (111460231)|HEAP_ALLOCATE|[52]|Bytes:5
02:45:55.0 (111474167)|VARIABLE_ASSIGNMENT|[52]|sc|null|
02:45:55.0 (111480343)|STATEMENT_EXECUTE|[55]
02:45:55.0 (111545517)|HEAP_ALLOCATE|[55]|Bytes:22
02:45:55.0 (111600844)|VARIABLE_ASSIGNMENT|[55]|this.Team__c|"  Ravi teja, Yashwan (2 more) ..."|0x1dccdb96
02:45:55.0 (111609807)|STATEMENT_EXECUTE|[57]
02:45:55.0 (111611338)|STATEMENT_EXECUTE|[57]
02:45:55.0 (111612737)|STATEMENT_EXECUTE|[58]
02:45:55.0 (111640522)|HEAP_ALLOCATE|[58]|Bytes:8
02:45:55.0 (111652064)|DML_BEGIN|[58]|Op:Insert|Type:Project__c|Rows:1
02:45:55.0 (111691502)|HEAP_ALLOCATE|[EXTERNAL]|Bytes:8
02:45:55.0 (119860800)|CODE_UNIT_STARTED|[EXTERNAL]|Validation:Project:new
02:45:55.0 (119876422)|VALIDATION_RULE|03d7F0000009D2R|totalpercentage
02:45:55.0 (120206225)|VALIDATION_FORMULA|( IF( ISBLANK(Delivery__c) , 0, Delivery__c)
  +  
IF( ISBLANK(Production__c) , 0, Production__c)
  +
IF( ISBLANK(QC__c) , 0, QC__c)  
 +
IF( ISBLANK(QA__c) , 0, QA__c)
 ) != 100|Delivery__c=null , QC__c=100 , QA__c=null , Production__c=null
02:45:55.0 (120217395)|VALIDATION_PASS
02:45:55.0 (120261910)|CODE_UNIT_FINISHED|Validation:Project:new
02:45:55.0 (145998028)|DML_END|[58]
02:45:55.0 (146142974)|EXCEPTION_THROWN|[58]|System.DmlException: Insert failed. First exception on row 0; first error: DUPLICATE_VALUE, duplicate value found: Company_project_code__c duplicates value on record with id: a057F0000039VoM: []
02:45:55.0 (146486520)|HEAP_ALLOCATE|[58]|Bytes:177
02:45:55.0 (146565670)|VARIABLE_SCOPE_BEGIN|[60]|e|Exception|true|false
02:45:55.0 (146699378)|VARIABLE_ASSIGNMENT|[60]|e|"common.apex.runtime.impl.DmlExecutionException: Insert failed. First exception on row 0; first error: DUPLICATE_VALUE, duplicate value found: Company_project_code__c duplicates value on record with id: a057F0000039VoM: []"|0x43ca96ab
02:45:55.0 (146716643)|STATEMENT_EXECUTE|[60]
02:45:55.0 (146719201)|STATEMENT_EXECUTE|[61]
02:45:55.0 (146980857)|VF_PAGE_MESSAGE|duplicate value found: Company_project_code__c duplicates value on record with id: a057F0000039VoM
02:45:55.0 (146998923)|STATEMENT_EXECUTE|[64]
02:45:55.0 (147084233)|HEAP_ALLOCATE|[64]|Bytes:4
02:45:55.0 (147170666)|VARIABLE_SCOPE_BEGIN|[64]|pjaList|List<ProjectJobAssociation__c>|true|false
02:45:55.0 (147183416)|HEAP_ALLOCATE|[EXTERNAL]|Bytes:4
02:45:55.0 (147195832)|VARIABLE_ASSIGNMENT|[64]|pjaList|[]|0x3e912dd
02:45:55.0 (147354824)|VARIABLE_ASSIGNMENT|[EXTERNAL]|this|{"controller":"StandardController [[Project__c (Client__c:a047F000002zkUjQAI, Company_project_code__c:68465, Name:6845, Units__c:false, Nodes__c:false, Footage__c:false, Miles__c:false, Jobs__c:false, Hours__c:false, QC__c:100)]]","project":"0x41dc343f","saveAndNew":2,"selectedUsers":"0x614f5dcc","usersList":"0x6af9c29f"}|0x51b24f6
02:45:55.0 (147407989)|HEAP_ALLOCATE|[65]|Bytes:5
02:45:55.0 (147428719)|HEAP_ALLOCATE|[65]|Bytes:27
02:45:55.0 (147438483)|VARIABLE_SCOPE_BEGIN|[65]|sc|System.SelectOption|true|false
02:45:55.0 (147498756)|VARIABLE_ASSIGNMENT|[65]|sc|"common.apex.runtime.impl.ApexSelectOptionValue@4bc8874e"|0x39716913
02:45:55.0 (147507569)|STATEMENT_EXECUTE|[65]
02:45:55.0 (147509108)|STATEMENT_EXECUTE|[66]
02:45:55.0 (147537742)|HEAP_ALLOCATE|[66]|Bytes:4
02:45:55.0 (147672585)|VARIABLE_SCOPE_BEGIN|[66]|pja|ProjectJobAssociation__c|true|false
02:45:55.0 (147697502)|VARIABLE_ASSIGNMENT|[66]|pja|{}|0x793e1ef5
02:45:55.0 (147705895)|STATEMENT_EXECUTE|[67]
02:45:55.0 (147811912)|VARIABLE_ASSIGNMENT|[67]|this.ProjectLink__c|null|0x793e1ef5
02:45:55.0 (147819727)|STATEMENT_EXECUTE|[68]
02:45:55.0 (147860370)|HEAP_ALLOCATE|[68]|Bytes:18
02:45:55.0 (147889050)|HEAP_ALLOCATE|[68]|Bytes:4
02:45:55.0 (147935333)|VARIABLE_ASSIGNMENT|[68]|this.UserLink__c|"0057F000000TrBGQA0"|0x793e1ef5
02:45:55.0 (147941423)|STATEMENT_EXECUTE|[69]
02:45:55.0 (147978755)|HEAP_ALLOCATE|[EXTERNAL]|Bytes:4
02:45:55.0 (147996993)|HEAP_ALLOCATE|[65]|Bytes:5
02:45:55.0 (148009389)|HEAP_ALLOCATE|[65]|Bytes:27
02:45:55.0 (148017654)|VARIABLE_SCOPE_BEGIN|[65]|sc|System.SelectOption|true|false
02:45:55.0 (148082148)|VARIABLE_ASSIGNMENT|[65]|sc|"common.apex.runtime.impl.ApexSelectOptionValue@20b5cc0a"|0x68e50795
02:45:55.0 (148089973)|STATEMENT_EXECUTE|[65]
02:45:55.0 (148091247)|STATEMENT_EXECUTE|[66]
02:45:55.0 (148112910)|HEAP_ALLOCATE|[66]|Bytes:4
02:45:55.0 (148127388)|VARIABLE_SCOPE_BEGIN|[66]|pja|ProjectJobAssociation__c|true|false
02:45:55.0 (148148179)|VARIABLE_ASSIGNMENT|[66]|pja|{}|0xe0146f
02:45:55.0 (148155219)|STATEMENT_EXECUTE|[67]
02:45:55.0 (148218813)|VARIABLE_ASSIGNMENT|[67]|this.ProjectLink__c|null|0xe0146f
02:45:55.0 (148228271)|STATEMENT_EXECUTE|[68]
02:45:55.0 (148244561)|HEAP_ALLOCATE|[68]|Bytes:18
02:45:55.0 (148257177)|HEAP_ALLOCATE|[68]|Bytes:4
02:45:55.0 (148306682)|VARIABLE_ASSIGNMENT|[68]|this.UserLink__c|"0057F000000TrBVQA0"|0xe0146f
02:45:55.0 (148317495)|STATEMENT_EXECUTE|[69]
02:45:55.0 (148331059)|HEAP_ALLOCATE|[EXTERNAL]|Bytes:4
02:45:55.0 (148352261)|HEAP_ALLOCATE|[65]|Bytes:5
02:45:55.0 (148370773)|VARIABLE_ASSIGNMENT|[65]|sc|null|
02:45:55.0 (148378503)|STATEMENT_EXECUTE|[71]
02:45:55.0 (148446372)|DML_BEGIN|[71]|Op:Insert|Type:ProjectJobAssociation__c|Rows:2
02:45:55.0 (148496052)|HEAP_ALLOCATE|[EXTERNAL]|Bytes:12
02:45:55.0 (156217493)|DML_END|[71]
02:45:55.0 (156359272)|VF_PAGE_MESSAGE|Required fields are missing: [Project]
02:45:55.0 (156547612)|EXCEPTION_THROWN|[71]|System.DmlException: Insert failed. First exception on row 0; first error: REQUIRED_FIELD_MISSING, Required fields are missing: [Project]: [Project]
02:45:55.0 (156836203)|HEAP_ALLOCATE|[71]|Bytes:131
02:45:55.0 (156878333)|METHOD_EXIT|[81]|01p7F00000EhPEd|Project_PM_Controller.customSave()
02:45:55.0 (156897346)|SYSTEM_MODE_EXIT|false
02:45:55.0 (157036365)|FATAL_ERROR|System.DmlException: Insert failed. First exception on row 0; first error: REQUIRED_FIELD_MISSING, Required fields are missing: [Project]: [Project]

Class.Project_PM_Controller.customSave: line 71, column 1
Class.Project_PM_Controller.customSaveAndNew: line 81, column 1
