36.0 APEX_CODE,FINEST;APEX_PROFILING,INFO;CALLOUT,INFO;DB,INFO;SYSTEM,DEBUG;VALIDATION,INFO;VISUALFORCE,INFO;WAVE,INFO;WORKFLOW,INFO
06:21:33.0 (321818)|USER_INFO|[EXTERNAL]|0057F000000Tiz6|ksb994@salesforce.com|Pacific Standard Time|GMT-08:00
06:21:33.0 (356590)|EXECUTION_STARTED
06:21:33.0 (362110)|CODE_UNIT_STARTED|[EXTERNAL]|0667F000004uRC1|VF: /apex/PM_Project_Edit
06:21:33.0 (518378)|VF_DESERIALIZE_VIEWSTATE_BEGIN|0667F000004uRC1
06:21:33.0 (8201995)|HEAP_ALLOCATE|[72]|Bytes:3
06:21:33.0 (8249064)|HEAP_ALLOCATE|[77]|Bytes:152
06:21:33.0 (8263949)|HEAP_ALLOCATE|[342]|Bytes:408
06:21:33.0 (8278116)|HEAP_ALLOCATE|[355]|Bytes:408
06:21:33.0 (8291722)|HEAP_ALLOCATE|[467]|Bytes:48
06:21:33.0 (8318533)|HEAP_ALLOCATE|[139]|Bytes:6
06:21:33.0 (12494545)|VF_DESERIALIZE_VIEWSTATE_END
06:21:33.0 (50183981)|SYSTEM_MODE_ENTER|true
06:21:33.0 (50258595)|HEAP_ALLOCATE|[EXTERNAL]|Bytes:140
06:21:33.0 (50275574)|HEAP_ALLOCATE|[EXTERNAL]|Bytes:20
06:21:33.0 (50280628)|HEAP_ALLOCATE|[EXTERNAL]|Bytes:2
06:21:33.0 (50294567)|METHOD_ENTRY|[1]|01p7F00000Ehro9|PM_Project_Edit_Controller.PM_Project_Edit_Controller()
06:21:33.0 (50301399)|STATEMENT_EXECUTE|[1]
06:21:33.0 (50309731)|STATEMENT_EXECUTE|[1]
06:21:33.0 (50359161)|HEAP_ALLOCATE|[50]|Bytes:5
06:21:33.0 (50399842)|HEAP_ALLOCATE|[56]|Bytes:5
06:21:33.0 (50409345)|HEAP_ALLOCATE|[64]|Bytes:7
06:21:33.0 (50442493)|SYSTEM_MODE_ENTER|false
06:21:33.0 (50456211)|HEAP_ALLOCATE|[EXTERNAL]|Bytes:5
06:21:33.0 (50466002)|SYSTEM_MODE_EXIT|false
06:21:33.0 (50474854)|METHOD_EXIT|[1]|PM_Project_Edit_Controller
06:21:33.0 (60232863)|SYSTEM_MODE_ENTER|true
06:21:33.0 (60287343)|HEAP_ALLOCATE|[EXTERNAL]|Bytes:164
06:21:33.0 (60301993)|HEAP_ALLOCATE|[EXTERNAL]|Bytes:12
06:21:33.0 (60314661)|METHOD_ENTRY|[5]|01p7F00000Ehg8E|MultiselectController.MultiselectController()
06:21:33.0 (60320403)|STATEMENT_EXECUTE|[5]
06:21:33.0 (60327328)|STATEMENT_EXECUTE|[5]
06:21:33.0 (60340025)|SYSTEM_MODE_ENTER|false
06:21:33.0 (60352381)|HEAP_ALLOCATE|[EXTERNAL]|Bytes:5
06:21:33.0 (60363511)|SYSTEM_MODE_EXIT|false
06:21:33.0 (60375068)|METHOD_EXIT|[5]|MultiselectController
06:21:33.0 (60510677)|SYSTEM_MODE_ENTER|true
06:21:33.0 (60802933)|SYSTEM_MODE_ENTER|true
06:21:33.0 (61057729)|HEAP_ALLOCATE|[EXTERNAL]|Bytes:24
06:21:33.0 (61074090)|VARIABLE_SCOPE_BEGIN|[30]|this|PM_Project_Edit_Controller|true|false
06:21:33.0 (61150621)|VARIABLE_ASSIGNMENT|[30]|this|{"nonSelectedUserId":"('0057F000000TrBVQA0 (65 more) ...","pName":"3432","project":"0x77587585","selectedUsers":"0x3e9c9741","usersList":"0x2a2c5747"}|0x68af7ea1
06:21:33.0 (61181003)|SYSTEM_MODE_ENTER|false
06:21:33.0 (61190045)|HEAP_ALLOCATE|[31]|Bytes:5
06:21:33.0 (61195032)|STATEMENT_EXECUTE|[30]
06:21:33.0 (61196466)|STATEMENT_EXECUTE|[31]
06:21:33.0 (61200906)|HEAP_ALLOCATE|[31]|Bytes:62
06:21:33.0 (61232132)|HEAP_ALLOCATE|[31]|Bytes:4
06:21:33.0 (61541871)|SOQL_EXECUTE_BEGIN|[31]|Aggregations:0|SELECT Id, Name FROM UserRole WHERE Name = 'Software Engineer'
06:21:33.0 (64970477)|SOQL_EXECUTE_END|[31]|Rows:1
06:21:33.0 (64995670)|HEAP_ALLOCATE|[31]|Bytes:8
06:21:33.0 (65012961)|HEAP_ALLOCATE|[31]|Bytes:54
06:21:33.0 (65104165)|HEAP_ALLOCATE|[31]|Bytes:8
06:21:33.0 (65122934)|HEAP_ALLOCATE|[31]|Bytes:34
06:21:33.0 (65178202)|HEAP_ALLOCATE|[31]|Bytes:12
06:21:33.0 (65185217)|VARIABLE_SCOPE_BEGIN|[31]|userRole|UserRole|true|false
06:21:33.0 (65211232)|VARIABLE_ASSIGNMENT|[31]|userRole|{"Id":"00E7F000000MdriUAC","Name":"Software Engineer"}|0x5ba07784
06:21:33.0 (65218143)|STATEMENT_EXECUTE|[32]
06:21:33.0 (65245036)|VARIABLE_SCOPE_BEGIN|[32]|userRoleId|Id|false|false
06:21:33.0 (65385353)|VARIABLE_ASSIGNMENT|[32]|userRoleId|"00E7F000000MdriUAC"
06:21:33.0 (65391085)|STATEMENT_EXECUTE|[33]
06:21:33.0 (65394647)|HEAP_ALLOCATE|[33]|Bytes:70
06:21:33.0 (65421495)|HEAP_ALLOCATE|[33]|Bytes:155
06:21:33.0 (66920822)|SOQL_EXECUTE_BEGIN|[33]|Aggregations:0|select Id,Name from User where UserRoleId =: userRoleId and Id not in ('0057F000000TrBVQA0','0057F000000TpdFQAS','0057F000000TrBBQA0','0057F000000TrBGQA0')
06:21:33.0 (70998969)|SOQL_EXECUTE_END|[33]|Rows:2
06:21:33.0 (71021679)|HEAP_ALLOCATE|[33]|Bytes:12
06:21:33.0 (71038748)|HEAP_ALLOCATE|[33]|Bytes:86
06:21:33.0 (71123168)|HEAP_ALLOCATE|[33]|Bytes:12
06:21:33.0 (71153358)|VARIABLE_SCOPE_BEGIN|[33]|users|List<User>|true|false
06:21:33.0 (71182422)|VARIABLE_ASSIGNMENT|[33]|users|[{"Id":"0057F000000Tz0iQAC","Name":"Richa"},{"Id":"0057F000000Tz0sQAC","Name":"Veeresh"}]|0x77cf67bb
06:21:33.0 (71421357)|HEAP_ALLOCATE|[34]|Bytes:5
06:21:33.0 (71446580)|HEAP_ALLOCATE|[34]|Bytes:12
06:21:33.0 (71456995)|VARIABLE_SCOPE_BEGIN|[34]|usr|User|true|false
06:21:33.0 (71471675)|VARIABLE_ASSIGNMENT|[34]|usr|{"Id":"0057F000000Tz0iQAC","Name":"Richa"}|0x3d245661
06:21:33.0 (71479193)|STATEMENT_EXECUTE|[34]
06:21:33.0 (71480696)|STATEMENT_EXECUTE|[35]
06:21:33.0 (71530359)|HEAP_ALLOCATE|[35]|Bytes:18
06:21:33.0 (71627044)|HEAP_ALLOCATE|[EXTERNAL]|Bytes:4
06:21:33.0 (71646506)|HEAP_ALLOCATE|[34]|Bytes:5
06:21:33.0 (71658092)|HEAP_ALLOCATE|[34]|Bytes:12
06:21:33.0 (71665275)|VARIABLE_SCOPE_BEGIN|[34]|usr|User|true|false
06:21:33.0 (71678256)|VARIABLE_ASSIGNMENT|[34]|usr|{"Id":"0057F000000Tz0sQAC","Name":"Veeresh"}|0x31da1cc1
06:21:33.0 (71683409)|STATEMENT_EXECUTE|[34]
06:21:33.0 (71684570)|STATEMENT_EXECUTE|[35]
06:21:33.0 (71694191)|HEAP_ALLOCATE|[35]|Bytes:18
06:21:33.0 (71707573)|HEAP_ALLOCATE|[EXTERNAL]|Bytes:4
06:21:33.0 (71717032)|HEAP_ALLOCATE|[34]|Bytes:5
06:21:33.0 (71726359)|VARIABLE_ASSIGNMENT|[34]|usr|null|
06:21:33.0 (71731394)|STATEMENT_EXECUTE|[37]
06:21:33.0 (71740083)|SYSTEM_MODE_EXIT|false
06:21:33.0 (71917648)|SYSTEM_MODE_ENTER|true
06:21:33.0 (71989453)|HEAP_ALLOCATE|[EXTERNAL]|Bytes:36
06:21:33.0 (71995538)|HEAP_ALLOCATE|[EXTERNAL]|Bytes:20
06:21:33.0 (72011510)|VARIABLE_ASSIGNMENT|[EXTERNAL]|this.leftOptions|"List of size 8 too large to display"|0x206df7c5
06:21:33.0 (72169714)|SYSTEM_MODE_ENTER|true
06:21:33.0 (72281207)|SYSTEM_MODE_ENTER|true
06:21:33.0 (72320135)|HEAP_ALLOCATE|[EXTERNAL]|Bytes:20
06:21:33.0 (72324997)|HEAP_ALLOCATE|[EXTERNAL]|Bytes:20
06:21:33.0 (72453569)|VARIABLE_ASSIGNMENT|[EXTERNAL]|this.rightOptions|"common.apex.runtime.impl.ScalarList@e9db8f6e"|0x206df7c5
06:21:33.79 (79286814)|HEAP_ALLOCATE|[EXTERNAL]|Bytes:-4
06:21:33.79 (79364045)|HEAP_ALLOCATE|[EXTERNAL]|Bytes:-4
06:21:33.79 (79428103)|HEAP_ALLOCATE|[EXTERNAL]|Bytes:-4
06:21:33.79 (79491423)|HEAP_ALLOCATE|[EXTERNAL]|Bytes:-4
06:21:33.79 (79552177)|HEAP_ALLOCATE|[EXTERNAL]|Bytes:-4
06:21:33.79 (79736708)|HEAP_ALLOCATE|[EXTERNAL]|Bytes:-4
06:21:33.79 (79796469)|HEAP_ALLOCATE|[EXTERNAL]|Bytes:-4
06:21:33.79 (79860681)|HEAP_ALLOCATE|[EXTERNAL]|Bytes:-4
06:21:33.79 (79923346)|HEAP_ALLOCATE|[EXTERNAL]|Bytes:-4
06:21:33.79 (79990123)|HEAP_ALLOCATE|[EXTERNAL]|Bytes:-4
06:21:33.80 (80055706)|HEAP_ALLOCATE|[EXTERNAL]|Bytes:-4
06:21:33.0 (80186795)|SYSTEM_MODE_ENTER|true
06:21:33.0 (80291239)|HEAP_ALLOCATE|[EXTERNAL]|Bytes:20
06:21:33.0 (80302151)|HEAP_ALLOCATE|[EXTERNAL]|Bytes:155
06:21:33.0 (80351230)|VARIABLE_ASSIGNMENT|[EXTERNAL]|this|{"leftOptions":"0x2a2c5747","rightOptions":"0x3e9c9741"}|0x206df7c5
06:21:33.0 (80365118)|VARIABLE_ASSIGNMENT|[EXTERNAL]|value|"0057F000000Tz0iQAC&R (135 more) ..."
06:21:33.0 (80389137)|SYSTEM_MODE_ENTER|false
06:21:33.0 (80399926)|HEAP_ALLOCATE|[24]|Bytes:5
06:21:33.0 (80405409)|STATEMENT_EXECUTE|[23]
06:21:33.0 (80407012)|STATEMENT_EXECUTE|[24]
06:21:33.0 (80420564)|VARIABLE_ASSIGNMENT|[24]|this.leftOptionsHidden|"0057F000000Tz0iQAC&R (135 more) ..."|0x206df7c5
06:21:33.0 (80425784)|STATEMENT_EXECUTE|[25]
06:21:33.0 (80471307)|VARIABLE_ASSIGNMENT|[EXTERNAL]|this|{"leftOptions":"0x2a2c5747","leftOptionsHidden":"0057F000000Tz0iQAC&R (135 more) ...","rightOptions":"0x3e9c9741"}|0x206df7c5
06:21:33.0 (80507568)|METHOD_ENTRY|[25]|01p7F00000Ehg8E|MultiselectController.setOptions(List<System.SelectOption>, String)
06:21:33.0 (80516139)|VARIABLE_SCOPE_BEGIN|[12]|this|MultiselectController|true|false
06:21:33.0 (80532798)|VARIABLE_ASSIGNMENT|[12]|this|{"leftOptions":"0x2a2c5747","leftOptionsHidden":"0057F000000Tz0iQAC&R (135 more) ...","rightOptions":"0x3e9c9741"}|0x206df7c5
06:21:33.0 (80539134)|VARIABLE_SCOPE_BEGIN|[12]|options|List<System.SelectOption>|true|false
06:21:33.0 (80549984)|VARIABLE_ASSIGNMENT|[12]|options|"List of size 8 too large to display"|0x2a2c5747
06:21:33.0 (80554522)|VARIABLE_SCOPE_BEGIN|[12]|value|String|false|false
06:21:33.0 (80561058)|VARIABLE_ASSIGNMENT|[12]|value|"0057F000000Tz0iQAC&R (135 more) ..."
06:21:33.0 (80574421)|HEAP_ALLOCATE|[13]|Bytes:5
06:21:33.0 (80579596)|STATEMENT_EXECUTE|[12]
06:21:33.0 (80580731)|STATEMENT_EXECUTE|[13]
06:21:33.0 (80612258)|STATEMENT_EXECUTE|[14]
06:21:33.0 (80616192)|HEAP_ALLOCATE|[14]|Bytes:1
06:21:33.0 (80686603)|HEAP_ALLOCATE|[14]|Bytes:18
06:21:33.0 (80691032)|HEAP_ALLOCATE|[14]|Bytes:5
06:21:33.0 (80693596)|HEAP_ALLOCATE|[14]|Bytes:18
06:21:33.0 (80695603)|HEAP_ALLOCATE|[14]|Bytes:7
06:21:33.0 (80701123)|HEAP_ALLOCATE|[14]|Bytes:18
06:21:33.0 (80703296)|HEAP_ALLOCATE|[14]|Bytes:5
06:21:33.0 (80706050)|HEAP_ALLOCATE|[14]|Bytes:18
06:21:33.0 (80707949)|HEAP_ALLOCATE|[14]|Bytes:7
06:21:33.0 (80710082)|HEAP_ALLOCATE|[14]|Bytes:18
06:21:33.0 (80712091)|HEAP_ALLOCATE|[14]|Bytes:5
06:21:33.0 (80714054)|HEAP_ALLOCATE|[14]|Bytes:18
06:21:33.0 (80716520)|HEAP_ALLOCATE|[14]|Bytes:7
06:21:33.0 (80720004)|HEAP_ALLOCATE|[14]|Bytes:52
06:21:33.0 (80731516)|VARIABLE_SCOPE_BEGIN|[14]|parts|List<String>|true|false
06:21:33.0 (80766116)|HEAP_ALLOCATE|[EXTERNAL]|Bytes:52
06:21:33.0 (80774487)|VARIABLE_ASSIGNMENT|[14]|parts|"List of size 12 too large to display"|0x279d2fc3
06:21:33.0 (80781425)|STATEMENT_EXECUTE|[15]
06:21:33.0 (80787672)|VARIABLE_SCOPE_BEGIN|[15]|i|Integer|false|false
06:21:33.0 (80794720)|HEAP_ALLOCATE|[15]|Bytes:4
06:21:33.0 (80800548)|VARIABLE_ASSIGNMENT|[15]|i|0
06:21:33.0 (80829758)|STATEMENT_EXECUTE|[15]
06:21:33.0 (80831058)|STATEMENT_EXECUTE|[16]
06:21:33.0 (80842690)|HEAP_ALLOCATE|[16]|Bytes:18
06:21:33.0 (80848920)|HEAP_ALLOCATE|[16]|Bytes:5
06:21:33.0 (80912311)|HEAP_ALLOCATE|[16]|Bytes:15
06:21:33.0 (80923708)|SYSTEM_METHOD_ENTRY|[1]|EncodingUtil.EncodingUtil()
06:21:33.0 (80927088)|STATEMENT_EXECUTE|[1]
06:21:33.0 (80936698)|SYSTEM_METHOD_EXIT|[1]|EncodingUtil
06:21:33.0 (80948711)|METHOD_ENTRY|[16]||System.EncodingUtil.urlDecode(String, String)
06:21:33.0 (80994658)|METHOD_EXIT|[16]||System.EncodingUtil.urlDecode(String, String)
06:21:33.0 (81003680)|HEAP_ALLOCATE|[17]|Bytes:5
06:21:33.0 (81010747)|METHOD_ENTRY|[17]||System.EncodingUtil.urlDecode(String, String)
06:21:33.0 (81030316)|METHOD_EXIT|[17]||System.EncodingUtil.urlDecode(String, String)
06:21:33.0 (81058684)|HEAP_ALLOCATE|[EXTERNAL]|Bytes:4
06:21:33.0 (81064836)|HEAP_ALLOCATE|[15]|Bytes:4
06:21:33.0 (81070323)|VARIABLE_ASSIGNMENT|[15]|i|1
06:21:33.0 (81081364)|STATEMENT_EXECUTE|[15]
06:21:33.0 (81082385)|STATEMENT_EXECUTE|[16]
06:21:33.0 (81086464)|HEAP_ALLOCATE|[16]|Bytes:18
06:21:33.0 (81092237)|METHOD_ENTRY|[16]||System.EncodingUtil.urlDecode(String, String)
06:21:33.0 (81106327)|METHOD_EXIT|[16]||System.EncodingUtil.urlDecode(String, String)
06:21:33.0 (81110681)|HEAP_ALLOCATE|[17]|Bytes:7
06:21:33.0 (81114846)|METHOD_ENTRY|[17]||System.EncodingUtil.urlDecode(String, String)
06:21:33.0 (81126113)|METHOD_EXIT|[17]||System.EncodingUtil.urlDecode(String, String)
06:21:33.0 (81133471)|HEAP_ALLOCATE|[EXTERNAL]|Bytes:4
06:21:33.0 (81138173)|HEAP_ALLOCATE|[15]|Bytes:4
06:21:33.0 (81142366)|VARIABLE_ASSIGNMENT|[15]|i|2
06:21:33.0 (81150381)|STATEMENT_EXECUTE|[15]
06:21:33.0 (81151360)|STATEMENT_EXECUTE|[16]
06:21:33.0 (81154263)|HEAP_ALLOCATE|[16]|Bytes:18
06:21:33.0 (81158693)|METHOD_ENTRY|[16]||System.EncodingUtil.urlDecode(String, String)
06:21:33.0 (81170894)|METHOD_EXIT|[16]||System.EncodingUtil.urlDecode(String, String)
06:21:33.0 (81175080)|HEAP_ALLOCATE|[17]|Bytes:5
06:21:33.0 (81179315)|METHOD_ENTRY|[17]||System.EncodingUtil.urlDecode(String, String)
06:21:33.0 (81189444)|METHOD_EXIT|[17]||System.EncodingUtil.urlDecode(String, String)
06:21:33.0 (81195623)|HEAP_ALLOCATE|[EXTERNAL]|Bytes:4
06:21:33.0 (81203791)|HEAP_ALLOCATE|[15]|Bytes:4
06:21:33.0 (81208246)|VARIABLE_ASSIGNMENT|[15]|i|3
06:21:33.0 (81218474)|STATEMENT_EXECUTE|[15]
06:21:33.0 (81220087)|STATEMENT_EXECUTE|[16]
06:21:33.0 (81223141)|HEAP_ALLOCATE|[16]|Bytes:18
06:21:33.0 (81229703)|METHOD_ENTRY|[16]||System.EncodingUtil.urlDecode(String, String)
06:21:33.0 (81242229)|METHOD_EXIT|[16]||System.EncodingUtil.urlDecode(String, String)
06:21:33.0 (81246643)|HEAP_ALLOCATE|[17]|Bytes:7
06:21:33.0 (81250516)|METHOD_ENTRY|[17]||System.EncodingUtil.urlDecode(String, String)
06:21:33.0 (81260846)|METHOD_EXIT|[17]||System.EncodingUtil.urlDecode(String, String)
06:21:33.0 (81267050)|HEAP_ALLOCATE|[EXTERNAL]|Bytes:4
06:21:33.0 (81272620)|HEAP_ALLOCATE|[15]|Bytes:4
06:21:33.0 (81276623)|VARIABLE_ASSIGNMENT|[15]|i|4
06:21:33.0 (81284585)|STATEMENT_EXECUTE|[15]
06:21:33.0 (81285625)|STATEMENT_EXECUTE|[16]
06:21:33.0 (81290133)|HEAP_ALLOCATE|[16]|Bytes:18
06:21:33.0 (81294882)|METHOD_ENTRY|[16]||System.EncodingUtil.urlDecode(String, String)
06:21:33.0 (81308884)|METHOD_EXIT|[16]||System.EncodingUtil.urlDecode(String, String)
06:21:33.0 (81313105)|HEAP_ALLOCATE|[17]|Bytes:5
06:21:33.0 (81317044)|METHOD_ENTRY|[17]||System.EncodingUtil.urlDecode(String, String)
06:21:33.0 (81329736)|METHOD_EXIT|[17]||System.EncodingUtil.urlDecode(String, String)
06:21:33.0 (81335902)|HEAP_ALLOCATE|[EXTERNAL]|Bytes:4
06:21:33.0 (81340222)|HEAP_ALLOCATE|[15]|Bytes:4
06:21:33.0 (81343845)|VARIABLE_ASSIGNMENT|[15]|i|5
06:21:33.0 (81354121)|STATEMENT_EXECUTE|[15]
06:21:33.0 (81355111)|STATEMENT_EXECUTE|[16]
06:21:33.0 (81357749)|HEAP_ALLOCATE|[16]|Bytes:18
06:21:33.0 (81362420)|METHOD_ENTRY|[16]||System.EncodingUtil.urlDecode(String, String)
06:21:33.0 (81376471)|METHOD_EXIT|[16]||System.EncodingUtil.urlDecode(String, String)
06:21:33.0 (81380591)|HEAP_ALLOCATE|[17]|Bytes:7
06:21:33.0 (81384277)|METHOD_ENTRY|[17]||System.EncodingUtil.urlDecode(String, String)
06:21:33.0 (81394527)|METHOD_EXIT|[17]||System.EncodingUtil.urlDecode(String, String)
06:21:33.0 (81400431)|HEAP_ALLOCATE|[EXTERNAL]|Bytes:4
06:21:33.0 (81404235)|HEAP_ALLOCATE|[15]|Bytes:4
06:21:33.0 (81407898)|VARIABLE_ASSIGNMENT|[15]|i|6
06:21:33.0 (81424265)|METHOD_EXIT|[25]|01p7F00000Ehg8E|MultiselectController.setOptions(List<System.SelectOption>, String)
06:21:33.0 (81430304)|SYSTEM_MODE_EXIT|false
06:21:33.0 (81488510)|SYSTEM_MODE_ENTER|true
06:21:33.0 (81529403)|HEAP_ALLOCATE|[EXTERNAL]|Bytes:20
06:21:33.0 (81534618)|HEAP_ALLOCATE|[EXTERNAL]|Bytes:120
06:21:33.0 (81559277)|VARIABLE_ASSIGNMENT|[EXTERNAL]|this|{"leftOptions":"0x2a2c5747","leftOptionsHidden":"0057F000000Tz0iQAC&R (135 more) ...","rightOptions":"0x3e9c9741"}|0x206df7c5
06:21:33.0 (81569007)|VARIABLE_ASSIGNMENT|[EXTERNAL]|value|"0057F000000TrBVQA0&Y (100 more) ..."
06:21:33.0 (81582433)|SYSTEM_MODE_ENTER|false
06:21:33.0 (81588478)|HEAP_ALLOCATE|[32]|Bytes:5
06:21:33.0 (81592277)|STATEMENT_EXECUTE|[31]
06:21:33.0 (81593427)|STATEMENT_EXECUTE|[32]
06:21:33.0 (81601328)|VARIABLE_ASSIGNMENT|[32]|this.rightOptionsHidden|"0057F000000TrBVQA0&Y (100 more) ..."|0x206df7c5
06:21:33.0 (81606194)|STATEMENT_EXECUTE|[33]
06:21:33.0 (81638713)|VARIABLE_ASSIGNMENT|[EXTERNAL]|this|{"leftOptions":"0x2a2c5747","leftOptionsHidden":"0057F000000Tz0iQAC&R (135 more) ...","rightOptions":"0x3e9c9741","rightOptionsHidden":"0057F000000TrBVQA0&Y (100 more) ..."}|0x206df7c5
06:21:33.0 (81687324)|METHOD_ENTRY|[33]|01p7F00000Ehg8E|MultiselectController.setOptions(List<System.SelectOption>, String)
06:21:33.0 (81696203)|VARIABLE_SCOPE_BEGIN|[12]|this|MultiselectController|true|false
06:21:33.0 (81716149)|VARIABLE_ASSIGNMENT|[12]|this|{"leftOptions":"0x2a2c5747","leftOptionsHidden":"0057F000000Tz0iQAC&R (135 more) ...","rightOptions":"0x3e9c9741","rightOptionsHidden":"0057F000000TrBVQA0&Y (100 more) ..."}|0x206df7c5
06:21:33.0 (81722129)|VARIABLE_SCOPE_BEGIN|[12]|options|List<System.SelectOption>|true|false
06:21:33.0 (81863068)|VARIABLE_ASSIGNMENT|[12]|options|"common.apex.runtime.impl.ScalarList@e9db8f6e"|0x3e9c9741
06:21:33.0 (81872669)|VARIABLE_SCOPE_BEGIN|[12]|value|String|false|false
06:21:33.0 (81885092)|VARIABLE_ASSIGNMENT|[12]|value|"0057F000000TrBVQA0&Y (100 more) ..."
06:21:33.0 (81906659)|HEAP_ALLOCATE|[13]|Bytes:5
06:21:33.0 (81913963)|STATEMENT_EXECUTE|[12]
06:21:33.0 (81915800)|STATEMENT_EXECUTE|[13]
06:21:33.0 (81928070)|STATEMENT_EXECUTE|[14]
06:21:33.0 (81970610)|HEAP_ALLOCATE|[14]|Bytes:18
06:21:33.0 (81975437)|HEAP_ALLOCATE|[14]|Bytes:9
06:21:33.0 (81977889)|HEAP_ALLOCATE|[14]|Bytes:18
06:21:33.0 (81979967)|HEAP_ALLOCATE|[14]|Bytes:13
06:21:33.0 (81981916)|HEAP_ALLOCATE|[14]|Bytes:18
06:21:33.0 (81984181)|HEAP_ALLOCATE|[14]|Bytes:8
06:21:33.0 (81986257)|HEAP_ALLOCATE|[14]|Bytes:18
06:21:33.0 (81988338)|HEAP_ALLOCATE|[14]|Bytes:11
06:21:33.0 (82001432)|HEAP_ALLOCATE|[14]|Bytes:36
06:21:33.0 (82012993)|VARIABLE_SCOPE_BEGIN|[14]|parts|List<String>|true|false
06:21:33.0 (82042566)|HEAP_ALLOCATE|[EXTERNAL]|Bytes:36
06:21:33.0 (82050900)|VARIABLE_ASSIGNMENT|[14]|parts|"List of size 8 too large to display"|0x7f196287
06:21:33.0 (82056911)|STATEMENT_EXECUTE|[15]
06:21:33.0 (82059684)|VARIABLE_SCOPE_BEGIN|[15]|i|Integer|false|false
06:21:33.0 (82065461)|HEAP_ALLOCATE|[15]|Bytes:4
06:21:33.0 (82070096)|VARIABLE_ASSIGNMENT|[15]|i|0
06:21:33.0 (82081767)|STATEMENT_EXECUTE|[15]
06:21:33.0 (82082783)|STATEMENT_EXECUTE|[16]
06:21:33.0 (82087849)|HEAP_ALLOCATE|[16]|Bytes:18
06:21:33.0 (82095648)|METHOD_ENTRY|[16]||System.EncodingUtil.urlDecode(String, String)
06:21:33.0 (82114796)|METHOD_EXIT|[16]||System.EncodingUtil.urlDecode(String, String)
06:21:33.0 (82119875)|HEAP_ALLOCATE|[17]|Bytes:9
06:21:33.0 (82124740)|METHOD_ENTRY|[17]||System.EncodingUtil.urlDecode(String, String)
06:21:33.0 (82138102)|METHOD_EXIT|[17]||System.EncodingUtil.urlDecode(String, String)
06:21:33.0 (82147925)|HEAP_ALLOCATE|[EXTERNAL]|Bytes:4
06:21:33.0 (82153082)|HEAP_ALLOCATE|[15]|Bytes:4
06:21:33.0 (82157728)|VARIABLE_ASSIGNMENT|[15]|i|1
06:21:33.0 (82166689)|STATEMENT_EXECUTE|[15]
06:21:33.0 (82167706)|STATEMENT_EXECUTE|[16]
06:21:33.0 (82170706)|HEAP_ALLOCATE|[16]|Bytes:18
06:21:33.0 (82175779)|METHOD_ENTRY|[16]||System.EncodingUtil.urlDecode(String, String)
06:21:33.0 (82188195)|METHOD_EXIT|[16]||System.EncodingUtil.urlDecode(String, String)
06:21:33.0 (82192388)|HEAP_ALLOCATE|[17]|Bytes:13
06:21:33.0 (82196578)|METHOD_ENTRY|[17]||System.EncodingUtil.urlDecode(String, String)
06:21:33.0 (82209583)|METHOD_EXIT|[17]||System.EncodingUtil.urlDecode(String, String)
06:21:33.0 (82217028)|HEAP_ALLOCATE|[EXTERNAL]|Bytes:4
06:21:33.0 (82221104)|HEAP_ALLOCATE|[15]|Bytes:4
06:21:33.0 (82225292)|VARIABLE_ASSIGNMENT|[15]|i|2
06:21:33.0 (82233168)|STATEMENT_EXECUTE|[15]
06:21:33.0 (82234154)|STATEMENT_EXECUTE|[16]
06:21:33.0 (82237169)|HEAP_ALLOCATE|[16]|Bytes:18
06:21:33.0 (82241555)|METHOD_ENTRY|[16]||System.EncodingUtil.urlDecode(String, String)
06:21:33.0 (82253380)|METHOD_EXIT|[16]||System.EncodingUtil.urlDecode(String, String)
06:21:33.0 (82257021)|HEAP_ALLOCATE|[17]|Bytes:8
06:21:33.0 (82261578)|METHOD_ENTRY|[17]||System.EncodingUtil.urlDecode(String, String)
06:21:33.0 (82271984)|METHOD_EXIT|[17]||System.EncodingUtil.urlDecode(String, String)
06:21:33.0 (82277877)|HEAP_ALLOCATE|[EXTERNAL]|Bytes:4
06:21:33.0 (82281849)|HEAP_ALLOCATE|[15]|Bytes:4
06:21:33.0 (82285763)|VARIABLE_ASSIGNMENT|[15]|i|3
06:21:33.0 (82293294)|STATEMENT_EXECUTE|[15]
06:21:33.0 (82294257)|STATEMENT_EXECUTE|[16]
06:21:33.0 (82296944)|HEAP_ALLOCATE|[16]|Bytes:18
06:21:33.0 (82301566)|METHOD_ENTRY|[16]||System.EncodingUtil.urlDecode(String, String)
06:21:33.0 (82313202)|METHOD_EXIT|[16]||System.EncodingUtil.urlDecode(String, String)
06:21:33.0 (82317516)|HEAP_ALLOCATE|[17]|Bytes:11
06:21:33.0 (82321284)|METHOD_ENTRY|[17]||System.EncodingUtil.urlDecode(String, String)
06:21:33.0 (82332055)|METHOD_EXIT|[17]||System.EncodingUtil.urlDecode(String, String)
06:21:33.0 (82338095)|HEAP_ALLOCATE|[EXTERNAL]|Bytes:4
06:21:33.0 (82341900)|HEAP_ALLOCATE|[15]|Bytes:4
06:21:33.0 (82345761)|VARIABLE_ASSIGNMENT|[15]|i|4
06:21:33.0 (82357715)|METHOD_EXIT|[33]|01p7F00000Ehg8E|MultiselectController.setOptions(List<System.SelectOption>, String)
06:21:33.0 (82363639)|SYSTEM_MODE_EXIT|false
06:21:33.0 (82480608)|SYSTEM_MODE_ENTER|true
06:21:33.0 (82525702)|HEAP_ALLOCATE|[EXTERNAL]|Bytes:28
06:21:33.0 (82530404)|HEAP_ALLOCATE|[EXTERNAL]|Bytes:20
06:21:33.0 (82539413)|VARIABLE_ASSIGNMENT|[EXTERNAL]|this.leftOptions|"List of size 6 too large to display"|0x206df7c5
06:21:33.0 (82604840)|SYSTEM_MODE_ENTER|true
06:21:33.0 (82633202)|HEAP_ALLOCATE|[EXTERNAL]|Bytes:20
06:21:33.0 (82636960)|HEAP_ALLOCATE|[EXTERNAL]|Bytes:20
06:21:33.0 (82710215)|VARIABLE_ASSIGNMENT|[EXTERNAL]|this.rightOptions|"common.apex.runtime.impl.ScalarList@e9db8f6e"|0x206df7c5
06:21:33.83 (83219632)|HEAP_ALLOCATE|[EXTERNAL]|Bytes:-4
06:21:33.83 (83352515)|HEAP_ALLOCATE|[EXTERNAL]|Bytes:-4
06:21:33.0 (83529967)|HEAP_ALLOCATE|[EXTERNAL]|Bytes:24
06:21:33.0 (83540742)|VARIABLE_SCOPE_BEGIN|[40]|this|PM_Project_Edit_Controller|true|false
06:21:33.0 (83574153)|VARIABLE_ASSIGNMENT|[40]|this|{"nonSelectedUserId":"('0057F000000TrBVQA0 (65 more) ...","pName":"3432","project":"0x77587585","selectedUsers":"0x3e9c9741","usersList":"0x2a2c5747"}|0x68af7ea1
06:21:33.0 (83590998)|SYSTEM_MODE_ENTER|false
06:21:33.0 (83597100)|HEAP_ALLOCATE|[41]|Bytes:5
06:21:33.0 (83601309)|STATEMENT_EXECUTE|[40]
06:21:33.0 (83602796)|STATEMENT_EXECUTE|[41]
06:21:33.0 (83605689)|HEAP_ALLOCATE|[41]|Bytes:14
06:21:33.0 (83655822)|VARIABLE_ASSIGNMENT|[EXTERNAL]|this|{"nonSelectedUserId":"('0057F000000TrBVQA0 (65 more) ...","pName":"3432","project":"0x77587585","selectedUsers":"0x3e9c9741","usersList":"0x2a2c5747"}|0x68af7ea1
06:21:33.0 (83858508)|HEAP_ALLOCATE|[41]|Bytes:928
06:21:33.0 (83877650)|HEAP_ALLOCATE|[41]|Bytes:942
06:21:33.0 (83902538)|USER_DEBUG|[41]|DEBUG|--------------Project__c:{Id=a057F0000039WImQAM, OwnerId=0057F000000Tiz6QAC, IsDeleted=false, Name=13, CreatedDate=2018-01-22 13:31:57, CreatedById=0057F000000Tiz6QAC, LastModifiedDate=2018-01-22 13:40:46, LastModifiedById=0057F000000Tiz6QAC, SystemModstamp=2018-01-22 13:40:46, LastViewedDate=2018-01-22 14:19:50, LastReferencedDate=2018-01-22 14:19:50, Client__c=a047F000002zkUUQAY, Company_project_code__c=135, Production__c=20, Units__c=true, Nodes__c=true, Footage__c=false, Miles__c=false, Jobs__c=true, Hours__c=true, Team__c=Mani Sasank, Santhosh, Ravi teja, Yashwanth, Richa, Veeresh, End_Customer__c=35, Operation_Region__c=432, Work_Region__c=132, Client_Project_Manager__c=135, Project_code__c=43, Project_Scope__c=ASBUILT, Cost_Centre__c=3, OffshoreProjectManager__c=0057F000000TpcqQAC, Team_Lead__c=0057F000000TyzGQAS, Project_Start_Date__c=2018-01-22 00:00:00, Project_End_Date__c=2018-01-22 00:00:00, QC__c=30, Delivery__c=50}
06:21:33.0 (83920670)|STATEMENT_EXECUTE|[42]
06:21:33.0 (83923479)|HEAP_ALLOCATE|[42]|Bytes:2
06:21:33.0 (83955720)|VARIABLE_ASSIGNMENT|[EXTERNAL]|this|{"nonSelectedUserId":"('0057F000000TrBVQA0 (65 more) ...","pName":"3432","project":"0x77587585","selectedUsers":"0x3e9c9741","usersList":"0x2a2c5747"}|0x68af7ea1
06:21:33.0 (84016278)|VARIABLE_ASSIGNMENT|[42]|this.Team__c|"  "|0x77587585
06:21:33.0 (84055148)|VARIABLE_ASSIGNMENT|[EXTERNAL]|this|{"nonSelectedUserId":"('0057F000000TrBVQA0 (65 more) ...","pName":"3432","project":"0x77587585","selectedUsers":"0x3e9c9741","usersList":"0x2a2c5747"}|0x68af7ea1
06:21:33.0 (84095797)|HEAP_ALLOCATE|[43]|Bytes:5
06:21:33.0 (84113036)|HEAP_ALLOCATE|[43]|Bytes:27
06:21:33.0 (84122432)|VARIABLE_SCOPE_BEGIN|[43]|sc|System.SelectOption|true|false
06:21:33.0 (84196511)|VARIABLE_ASSIGNMENT|[43]|sc|"common.apex.runtime.impl.ApexSelectOptionValue@20b5cc0a"|0x5cc35a3e
06:21:33.0 (84203610)|STATEMENT_EXECUTE|[43]
06:21:33.0 (84204803)|STATEMENT_EXECUTE|[44]
06:21:33.0 (84233530)|VARIABLE_ASSIGNMENT|[EXTERNAL]|this|{"nonSelectedUserId":"('0057F000000TrBVQA0 (65 more) ...","pName":"3432","project":"0x77587585","selectedUsers":"0x3e9c9741","usersList":"0x2a2c5747"}|0x68af7ea1
06:21:33.0 (84282024)|HEAP_ALLOCATE|[44]|Bytes:9
06:21:33.0 (84290111)|HEAP_ALLOCATE|[44]|Bytes:2
06:21:33.0 (84296491)|HEAP_ALLOCATE|[44]|Bytes:11
06:21:33.0 (84300812)|HEAP_ALLOCATE|[44]|Bytes:13
06:21:33.0 (84319796)|VARIABLE_ASSIGNMENT|[EXTERNAL]|this|{"nonSelectedUserId":"('0057F000000TrBVQA0 (65 more) ...","pName":"3432","project":"0x77587585","selectedUsers":"0x3e9c9741","usersList":"0x2a2c5747"}|0x68af7ea1
06:21:33.0 (84353809)|VARIABLE_ASSIGNMENT|[44]|this.Team__c|"  Yashwanth, "|0x77587585
06:21:33.0 (84367574)|HEAP_ALLOCATE|[43]|Bytes:5
06:21:33.0 (84378318)|HEAP_ALLOCATE|[43]|Bytes:29
06:21:33.0 (84383970)|VARIABLE_SCOPE_BEGIN|[43]|sc|System.SelectOption|true|false
06:21:33.0 (84437153)|VARIABLE_ASSIGNMENT|[43]|sc|"common.apex.runtime.impl.ApexSelectOptionValue@5cecce32"|0x5dde12f8
06:21:33.0 (84443237)|STATEMENT_EXECUTE|[43]
06:21:33.0 (84444215)|STATEMENT_EXECUTE|[44]
06:21:33.0 (84464805)|VARIABLE_ASSIGNMENT|[EXTERNAL]|this|{"nonSelectedUserId":"('0057F000000TrBVQA0 (65 more) ...","pName":"3432","project":"0x77587585","selectedUsers":"0x3e9c9741","usersList":"0x2a2c5747"}|0x68af7ea1
06:21:33.0 (84483245)|HEAP_ALLOCATE|[44]|Bytes:11
06:21:33.0 (84490940)|HEAP_ALLOCATE|[44]|Bytes:13
06:21:33.0 (84495095)|HEAP_ALLOCATE|[44]|Bytes:26
06:21:33.0 (84510950)|VARIABLE_ASSIGNMENT|[EXTERNAL]|this|{"nonSelectedUserId":"('0057F000000TrBVQA0 (65 more) ...","pName":"3432","project":"0x77587585","selectedUsers":"0x3e9c9741","usersList":"0x2a2c5747"}|0x68af7ea1
06:21:33.0 (84544231)|VARIABLE_ASSIGNMENT|[44]|this.Team__c|"  Yashwanth, Mani Sa (6 more) ..."|0x77587585
06:21:33.0 (84557887)|HEAP_ALLOCATE|[43]|Bytes:5
06:21:33.0 (84567517)|HEAP_ALLOCATE|[43]|Bytes:26
06:21:33.0 (84573054)|VARIABLE_SCOPE_BEGIN|[43]|sc|System.SelectOption|true|false
06:21:33.0 (84624499)|VARIABLE_ASSIGNMENT|[43]|sc|"common.apex.runtime.impl.ApexSelectOptionValue@23b15e9"|0x340d6e3d
06:21:33.0 (84630818)|STATEMENT_EXECUTE|[43]
06:21:33.0 (84631859)|STATEMENT_EXECUTE|[44]
06:21:33.0 (84655575)|VARIABLE_ASSIGNMENT|[EXTERNAL]|this|{"nonSelectedUserId":"('0057F000000TrBVQA0 (65 more) ...","pName":"3432","project":"0x77587585","selectedUsers":"0x3e9c9741","usersList":"0x2a2c5747"}|0x68af7ea1
06:21:33.0 (84672804)|HEAP_ALLOCATE|[44]|Bytes:8
06:21:33.0 (84679884)|HEAP_ALLOCATE|[44]|Bytes:10
06:21:33.0 (84683418)|HEAP_ALLOCATE|[44]|Bytes:36
06:21:33.0 (84699315)|VARIABLE_ASSIGNMENT|[EXTERNAL]|this|{"nonSelectedUserId":"('0057F000000TrBVQA0 (65 more) ...","pName":"3432","project":"0x77587585","selectedUsers":"0x3e9c9741","usersList":"0x2a2c5747"}|0x68af7ea1
06:21:33.0 (84732038)|VARIABLE_ASSIGNMENT|[44]|this.Team__c|"  Yashwanth, Mani Sa (16 more) ..."|0x77587585
06:21:33.0 (84744788)|HEAP_ALLOCATE|[43]|Bytes:5
06:21:33.0 (84754174)|HEAP_ALLOCATE|[43]|Bytes:27
06:21:33.0 (84759485)|VARIABLE_SCOPE_BEGIN|[43]|sc|System.SelectOption|true|false
06:21:33.0 (84809099)|VARIABLE_ASSIGNMENT|[43]|sc|"common.apex.runtime.impl.ApexSelectOptionValue@4bc8874e"|0x5aff0c29
06:21:33.0 (84815437)|STATEMENT_EXECUTE|[43]
06:21:33.0 (84816388)|STATEMENT_EXECUTE|[44]
06:21:33.0 (84835221)|VARIABLE_ASSIGNMENT|[EXTERNAL]|this|{"nonSelectedUserId":"('0057F000000TrBVQA0 (65 more) ...","pName":"3432","project":"0x77587585","selectedUsers":"0x3e9c9741","usersList":"0x2a2c5747"}|0x68af7ea1
06:21:33.0 (84851468)|HEAP_ALLOCATE|[44]|Bytes:9
06:21:33.0 (84858190)|HEAP_ALLOCATE|[44]|Bytes:11
06:21:33.0 (84862168)|HEAP_ALLOCATE|[44]|Bytes:47
06:21:33.0 (84877474)|VARIABLE_ASSIGNMENT|[EXTERNAL]|this|{"nonSelectedUserId":"('0057F000000TrBVQA0 (65 more) ...","pName":"3432","project":"0x77587585","selectedUsers":"0x3e9c9741","usersList":"0x2a2c5747"}|0x68af7ea1
06:21:33.0 (84907921)|VARIABLE_ASSIGNMENT|[44]|this.Team__c|"  Yashwanth, Mani Sa (27 more) ..."|0x77587585
06:21:33.0 (84920660)|HEAP_ALLOCATE|[43]|Bytes:5
06:21:33.0 (84930692)|VARIABLE_ASSIGNMENT|[43]|sc|null|
06:21:33.0 (84935122)|STATEMENT_EXECUTE|[46]
06:21:33.0 (84959352)|VARIABLE_ASSIGNMENT|[EXTERNAL]|this|{"nonSelectedUserId":"('0057F000000TrBVQA0 (65 more) ...","pName":"3432","project":"0x77587585","selectedUsers":"0x3e9c9741","usersList":"0x2a2c5747"}|0x68af7ea1
06:21:33.0 (84983179)|VARIABLE_ASSIGNMENT|[EXTERNAL]|this|{"nonSelectedUserId":"('0057F000000TrBVQA0 (65 more) ...","pName":"3432","project":"0x77587585","selectedUsers":"0x3e9c9741","usersList":"0x2a2c5747"}|0x68af7ea1
06:21:33.0 (85020154)|HEAP_ALLOCATE|[46]|Bytes:45
06:21:33.0 (85041712)|VARIABLE_ASSIGNMENT|[EXTERNAL]|this|{"nonSelectedUserId":"('0057F000000TrBVQA0 (65 more) ...","pName":"3432","project":"0x77587585","selectedUsers":"0x3e9c9741","usersList":"0x2a2c5747"}|0x68af7ea1
06:21:33.0 (85072104)|VARIABLE_ASSIGNMENT|[46]|this.Team__c|"  Yashwanth, Mani Sa (25 more) ..."|0x77587585
06:21:33.0 (85077821)|STATEMENT_EXECUTE|[48]
06:21:33.0 (85078716)|STATEMENT_EXECUTE|[48]
06:21:33.0 (85079709)|STATEMENT_EXECUTE|[49]
06:21:33.0 (85102271)|VARIABLE_ASSIGNMENT|[EXTERNAL]|this|{"nonSelectedUserId":"('0057F000000TrBVQA0 (65 more) ...","pName":"3432","project":"0x77587585","selectedUsers":"0x3e9c9741","usersList":"0x2a2c5747"}|0x68af7ea1
06:21:33.0 (85140650)|HEAP_ALLOCATE|[49]|Bytes:8
06:21:33.0 (85150329)|DML_BEGIN|[49]|Op:Upsert|Type:Project__c|Rows:1
06:21:33.0 (85181971)|HEAP_ALLOCATE|[EXTERNAL]|Bytes:8
06:21:33.0 (101806740)|CODE_UNIT_STARTED|[EXTERNAL]|Validation:Project:a057F0000039WIm
06:21:33.0 (101825570)|VALIDATION_RULE|03d7F0000009D2R|totalpercentage
06:21:33.0 (102344251)|VALIDATION_FORMULA|( IF( ISBLANK(Delivery__c) , 0, Delivery__c)
  +  
IF( ISBLANK(Production__c) , 0, Production__c)
  +
IF( ISBLANK(QC__c) , 0, QC__c)  
 +
IF( ISBLANK(QA__c) , 0, QA__c)
 ) != 100|Delivery__c=50 , QC__c=30 , QA__c=null , Production__c=20
06:21:33.0 (102354350)|VALIDATION_PASS
06:21:33.0 (102406723)|CODE_UNIT_FINISHED|Validation:Project:a057F0000039WIm
06:21:33.0 (119951989)|DML_END|[49]
06:21:33.0 (119986351)|STATEMENT_EXECUTE|[55]
06:21:33.0 (119997987)|HEAP_ALLOCATE|[55]|Bytes:71
06:21:33.0 (120037280)|HEAP_ALLOCATE|[55]|Bytes:4
06:21:33.0 (120052175)|HEAP_ALLOCATE|[55]|Bytes:7
06:21:33.0 (120151957)|VARIABLE_ASSIGNMENT|[EXTERNAL]|this|{"nonSelectedUserId":"('0057F000000TrBVQA0 (65 more) ...","pName":"3432","project":"0x77587585","selectedUsers":"0x3e9c9741","usersList":"0x2a2c5747"}|0x68af7ea1
06:21:33.0 (121191696)|SOQL_EXECUTE_BEGIN|[55]|Aggregations:0|SELECT Id FROM ProjectJobAssociation__c WHERE ProjectLink__c = :tmpVar1
06:21:33.0 (124247545)|SOQL_EXECUTE_END|[55]|Rows:4
06:21:33.0 (124276801)|HEAP_ALLOCATE|[55]|Bytes:20
06:21:33.0 (124305970)|HEAP_ALLOCATE|[55]|Bytes:116
06:21:33.0 (124437376)|HEAP_ALLOCATE|[55]|Bytes:20
06:21:33.0 (124458945)|VARIABLE_SCOPE_BEGIN|[55]|pjaList|List<ProjectJobAssociation__c>|true|false
06:21:33.0 (124498621)|VARIABLE_ASSIGNMENT|[55]|pjaList|[{"Id":"a087F000009JysSQAS"},{"Id":"a087F000009JysTQAS"},{"Id":"a087F000009JysUQAS"},{"Id":"a087F000009JysVQAS"}]|0x56070ca6
06:21:33.0 (124514486)|STATEMENT_EXECUTE|[56]
06:21:33.0 (124588387)|DML_BEGIN|[56]|Op:Delete|Type:ProjectJobAssociation__c|Rows:4
06:21:33.0 (124624863)|HEAP_ALLOCATE|[EXTERNAL]|Bytes:20
06:21:33.0 (202645735)|DML_END|[56]
06:21:33.0 (202735195)|HEAP_ALLOCATE|[EXTERNAL]|Bytes:20
06:21:33.0 (202764828)|STATEMENT_EXECUTE|[58]
06:21:33.0 (202809529)|HEAP_ALLOCATE|[58]|Bytes:4
06:21:33.0 (202900186)|HEAP_ALLOCATE|[EXTERNAL]|Bytes:4
06:21:33.0 (202917109)|VARIABLE_ASSIGNMENT|[58]|pjaList|[]|0x70b3787b
06:21:33.0 (203003703)|VARIABLE_ASSIGNMENT|[EXTERNAL]|this|{"nonSelectedUserId":"('0057F000000TrBVQA0 (65 more) ...","pName":"3432","project":"0x77587585","selectedUsers":"0x3e9c9741","usersList":"0x2a2c5747"}|0x68af7ea1
06:21:33.0 (203053268)|HEAP_ALLOCATE|[59]|Bytes:5
06:21:33.0 (203078295)|HEAP_ALLOCATE|[59]|Bytes:27
06:21:33.0 (203089714)|VARIABLE_SCOPE_BEGIN|[59]|sc|System.SelectOption|true|false
06:21:33.0 (203246365)|VARIABLE_ASSIGNMENT|[59]|sc|"common.apex.runtime.impl.ApexSelectOptionValue@20b5cc0a"|0x5cc35a3e
06:21:33.0 (203254380)|STATEMENT_EXECUTE|[59]
06:21:33.0 (203255860)|STATEMENT_EXECUTE|[60]
06:21:33.0 (203287107)|HEAP_ALLOCATE|[60]|Bytes:4
06:21:33.0 (203391293)|VARIABLE_SCOPE_BEGIN|[60]|pja|ProjectJobAssociation__c|true|false
06:21:33.0 (203407482)|VARIABLE_ASSIGNMENT|[60]|pja|{}|0xd48fa4a
06:21:33.0 (203412497)|STATEMENT_EXECUTE|[61]
06:21:33.0 (203455009)|VARIABLE_ASSIGNMENT|[EXTERNAL]|this|{"nonSelectedUserId":"('0057F000000TrBVQA0 (65 more) ...","pName":"3432","project":"0x77587585","selectedUsers":"0x3e9c9741","usersList":"0x2a2c5747"}|0x68af7ea1
06:21:33.0 (203628866)|VARIABLE_ASSIGNMENT|[61]|this.ProjectLink__c|"a057F0000039WImQAM"|0xd48fa4a
06:21:33.0 (203640100)|STATEMENT_EXECUTE|[62]
06:21:33.0 (203689575)|HEAP_ALLOCATE|[62]|Bytes:18
06:21:33.0 (203725238)|HEAP_ALLOCATE|[62]|Bytes:4
06:21:33.0 (203800857)|VARIABLE_ASSIGNMENT|[62]|this.UserLink__c|"0057F000000TrBVQA0"|0xd48fa4a
06:21:33.0 (203826414)|STATEMENT_EXECUTE|[63]
06:21:33.0 (203909031)|HEAP_ALLOCATE|[EXTERNAL]|Bytes:4
06:21:33.0 (203939777)|HEAP_ALLOCATE|[59]|Bytes:5
06:21:33.0 (203959431)|HEAP_ALLOCATE|[59]|Bytes:29
06:21:33.0 (203970333)|VARIABLE_SCOPE_BEGIN|[59]|sc|System.SelectOption|true|false
06:21:33.0 (204080234)|VARIABLE_ASSIGNMENT|[59]|sc|"common.apex.runtime.impl.ApexSelectOptionValue@5cecce32"|0x5dde12f8
06:21:33.0 (204088109)|STATEMENT_EXECUTE|[59]
06:21:33.0 (204089529)|STATEMENT_EXECUTE|[60]
06:21:33.0 (204117082)|HEAP_ALLOCATE|[60]|Bytes:4
06:21:33.0 (204132899)|VARIABLE_SCOPE_BEGIN|[60]|pja|ProjectJobAssociation__c|true|false
06:21:33.0 (204144339)|VARIABLE_ASSIGNMENT|[60]|pja|{}|0x12c854e3
06:21:33.0 (204149075)|STATEMENT_EXECUTE|[61]
06:21:33.0 (204177510)|VARIABLE_ASSIGNMENT|[EXTERNAL]|this|{"nonSelectedUserId":"('0057F000000TrBVQA0 (65 more) ...","pName":"3432","project":"0x77587585","selectedUsers":"0x3e9c9741","usersList":"0x2a2c5747"}|0x68af7ea1
06:21:33.0 (204231012)|VARIABLE_ASSIGNMENT|[61]|this.ProjectLink__c|"a057F0000039WImQAM"|0x12c854e3
06:21:33.0 (204237565)|STATEMENT_EXECUTE|[62]
06:21:33.0 (204248951)|HEAP_ALLOCATE|[62]|Bytes:18
06:21:33.0 (204259253)|HEAP_ALLOCATE|[62]|Bytes:4
06:21:33.0 (204283059)|VARIABLE_ASSIGNMENT|[62]|this.UserLink__c|"0057F000000TpdFQAS"|0x12c854e3
06:21:33.0 (204288389)|STATEMENT_EXECUTE|[63]
06:21:33.0 (204295434)|HEAP_ALLOCATE|[EXTERNAL]|Bytes:4
06:21:33.0 (204308685)|HEAP_ALLOCATE|[59]|Bytes:5
06:21:33.0 (204319785)|HEAP_ALLOCATE|[59]|Bytes:26
06:21:33.0 (204325863)|VARIABLE_SCOPE_BEGIN|[59]|sc|System.SelectOption|true|false
06:21:33.0 (204383800)|VARIABLE_ASSIGNMENT|[59]|sc|"common.apex.runtime.impl.ApexSelectOptionValue@23b15e9"|0x340d6e3d
06:21:33.0 (204390272)|STATEMENT_EXECUTE|[59]
06:21:33.0 (204391548)|STATEMENT_EXECUTE|[60]
06:21:33.0 (204408304)|HEAP_ALLOCATE|[60]|Bytes:4
06:21:33.0 (204419351)|VARIABLE_SCOPE_BEGIN|[60]|pja|ProjectJobAssociation__c|true|false
06:21:33.0 (204428863)|VARIABLE_ASSIGNMENT|[60]|pja|{}|0x79d39661
06:21:33.0 (204433565)|STATEMENT_EXECUTE|[61]
06:21:33.0 (204455703)|VARIABLE_ASSIGNMENT|[EXTERNAL]|this|{"nonSelectedUserId":"('0057F000000TrBVQA0 (65 more) ...","pName":"3432","project":"0x77587585","selectedUsers":"0x3e9c9741","usersList":"0x2a2c5747"}|0x68af7ea1
06:21:33.0 (204495346)|VARIABLE_ASSIGNMENT|[61]|this.ProjectLink__c|"a057F0000039WImQAM"|0x79d39661
06:21:33.0 (204501141)|STATEMENT_EXECUTE|[62]
06:21:33.0 (204510030)|HEAP_ALLOCATE|[62]|Bytes:18
06:21:33.0 (204518182)|HEAP_ALLOCATE|[62]|Bytes:4
06:21:33.0 (204539395)|VARIABLE_ASSIGNMENT|[62]|this.UserLink__c|"0057F000000TrBBQA0"|0x79d39661
06:21:33.0 (204544808)|STATEMENT_EXECUTE|[63]
06:21:33.0 (204551038)|HEAP_ALLOCATE|[EXTERNAL]|Bytes:4
06:21:33.0 (204562673)|HEAP_ALLOCATE|[59]|Bytes:5
06:21:33.0 (204576364)|HEAP_ALLOCATE|[59]|Bytes:27
06:21:33.0 (204582133)|VARIABLE_SCOPE_BEGIN|[59]|sc|System.SelectOption|true|false
06:21:33.0 (204637962)|VARIABLE_ASSIGNMENT|[59]|sc|"common.apex.runtime.impl.ApexSelectOptionValue@4bc8874e"|0x5aff0c29
06:21:33.0 (204646331)|STATEMENT_EXECUTE|[59]
06:21:33.0 (204647862)|STATEMENT_EXECUTE|[60]
06:21:33.0 (204664087)|HEAP_ALLOCATE|[60]|Bytes:4
06:21:33.0 (204674907)|VARIABLE_SCOPE_BEGIN|[60]|pja|ProjectJobAssociation__c|true|false
06:21:33.0 (204685034)|VARIABLE_ASSIGNMENT|[60]|pja|{}|0x3383b9bb
06:21:33.0 (204690197)|STATEMENT_EXECUTE|[61]
06:21:33.0 (204710951)|VARIABLE_ASSIGNMENT|[EXTERNAL]|this|{"nonSelectedUserId":"('0057F000000TrBVQA0 (65 more) ...","pName":"3432","project":"0x77587585","selectedUsers":"0x3e9c9741","usersList":"0x2a2c5747"}|0x68af7ea1
06:21:33.0 (204749876)|VARIABLE_ASSIGNMENT|[61]|this.ProjectLink__c|"a057F0000039WImQAM"|0x3383b9bb
06:21:33.0 (204755759)|STATEMENT_EXECUTE|[62]
06:21:33.0 (204764429)|HEAP_ALLOCATE|[62]|Bytes:18
06:21:33.0 (204772331)|HEAP_ALLOCATE|[62]|Bytes:4
06:21:33.0 (204792968)|VARIABLE_ASSIGNMENT|[62]|this.UserLink__c|"0057F000000TrBGQA0"|0x3383b9bb
06:21:33.0 (204798667)|STATEMENT_EXECUTE|[63]
06:21:33.0 (204804393)|HEAP_ALLOCATE|[EXTERNAL]|Bytes:4
06:21:33.0 (204816294)|HEAP_ALLOCATE|[59]|Bytes:5
06:21:33.0 (204826364)|VARIABLE_ASSIGNMENT|[59]|sc|null|
06:21:33.0 (204831484)|STATEMENT_EXECUTE|[65]
06:21:33.0 (204883586)|DML_BEGIN|[65]|Op:Insert|Type:ProjectJobAssociation__c|Rows:4
06:21:33.0 (204920699)|HEAP_ALLOCATE|[EXTERNAL]|Bytes:20
06:21:33.0 (233445136)|DML_END|[65]
06:21:33.0 (233531200)|HEAP_ALLOCATE|[EXTERNAL]|Bytes:20
06:21:33.0 (233555700)|STATEMENT_EXECUTE|[67]
06:21:33.0 (233575419)|HEAP_ALLOCATE|[67]|Bytes:1
06:21:33.0 (233677641)|VARIABLE_ASSIGNMENT|[EXTERNAL]|this|{"nonSelectedUserId":"('0057F000000TrBVQA0 (65 more) ...","pName":"3432","project":"0x77587585","selectedUsers":"0x3e9c9741","usersList":"0x2a2c5747"}|0x68af7ea1
06:21:33.0 (233729999)|HEAP_ALLOCATE|[67]|Bytes:18
06:21:33.0 (233743136)|HEAP_ALLOCATE|[67]|Bytes:19
06:21:33.0 (233782146)|SYSTEM_MODE_EXIT|false
06:21:33.254 (254592725)|CUMULATIVE_LIMIT_USAGE
06:21:33.254 (254592725)|LIMIT_USAGE_FOR_NS|(default)|
  Number of SOQL queries: 3 out of 100
  Number of query rows: 7 out of 50000
  Number of SOSL queries: 0 out of 20
  Number of DML statements: 3 out of 150
  Number of DML rows: 9 out of 10000
  Maximum CPU time: 0 out of 10000
  Maximum heap size: 0 out of 6000000
  Number of callouts: 0 out of 100
  Number of Email Invocations: 0 out of 10
  Number of future calls: 0 out of 50
  Number of queueable jobs added to the queue: 0 out of 50
  Number of Mobile Apex push calls: 0 out of 10

06:21:33.254 (254592725)|CUMULATIVE_LIMIT_USAGE_END

06:21:33.0 (254633397)|CODE_UNIT_FINISHED|VF: /apex/PM_Project_Edit
06:21:33.0 (255378852)|EXECUTION_FINISHED
