36.0 APEX_CODE,FINEST;APEX_PROFILING,INFO;CALLOUT,INFO;DB,INFO;SYSTEM,DEBUG;VALIDATION,INFO;VISUALFORCE,INFO;WAVE,INFO;WORKFLOW,INFO
02:51:34.0 (313023)|USER_INFO|[EXTERNAL]|0057F000000Tiz6|ksb994@salesforce.com|Pacific Standard Time|GMT-08:00
02:51:34.0 (341337)|EXECUTION_STARTED
02:51:34.0 (344595)|CODE_UNIT_STARTED|[EXTERNAL]|0667F000005aHSA|VF: /apex/PM_Job_New
02:51:34.6 (6296626)|SYSTEM_MODE_ENTER|true
02:51:34.6 (6415282)|HEAP_ALLOCATE|[72]|Bytes:3
02:51:34.6 (6453388)|HEAP_ALLOCATE|[77]|Bytes:152
02:51:34.6 (6469751)|HEAP_ALLOCATE|[342]|Bytes:408
02:51:34.6 (6485297)|HEAP_ALLOCATE|[355]|Bytes:408
02:51:34.6 (6498587)|HEAP_ALLOCATE|[467]|Bytes:48
02:51:34.6 (6745561)|SYSTEM_MODE_ENTER|true
02:51:34.6 (6795650)|HEAP_ALLOCATE|[EXTERNAL]|Bytes:8
02:51:34.6 (6803396)|VARIABLE_SCOPE_BEGIN|[88]|this|ApexPage.PageMessagesComponentController|true|false
02:51:34.6 (6856126)|VARIABLE_ASSIGNMENT|[88]|this|{}|0x1e07d90b
02:51:34.6 (6863254)|VARIABLE_SCOPE_BEGIN|[88]|escape|Boolean|false|false
02:51:34.6 (6870700)|VARIABLE_ASSIGNMENT|[88]|escape|null
02:51:34.7 (7025584)|SYSTEM_MODE_ENTER|true
02:51:34.7 (7054685)|HEAP_ALLOCATE|[EXTERNAL]|Bytes:8
02:51:34.7 (7061839)|VARIABLE_SCOPE_BEGIN|[2]|this|ApexPage.PageMessagesComponentController|true|false
02:51:34.7 (7077810)|VARIABLE_ASSIGNMENT|[2]|this|{}|0x1e07d90b
02:51:34.0 (10580065)|SYSTEM_MODE_ENTER|true
02:51:34.0 (10820105)|HEAP_ALLOCATE|[EXTERNAL]|Bytes:260
02:51:34.0 (10828530)|HEAP_ALLOCATE|[EXTERNAL]|Bytes:41
02:51:34.0 (10832641)|HEAP_ALLOCATE|[EXTERNAL]|Bytes:8
02:51:34.0 (10840991)|METHOD_ENTRY|[1]|01p7F00000HhQR4|PM_Job_New_Controller.PM_Job_New_Controller()
02:51:34.0 (10846680)|STATEMENT_EXECUTE|[1]
02:51:34.0 (10850279)|STATEMENT_EXECUTE|[1]
02:51:34.0 (10860259)|SYSTEM_MODE_ENTER|false
02:51:34.0 (10866499)|HEAP_ALLOCATE|[EXTERNAL]|Bytes:5
02:51:34.0 (10873318)|SYSTEM_MODE_EXIT|false
02:51:34.0 (10880360)|METHOD_EXIT|[1]|PM_Job_New_Controller
02:51:34.0 (10939242)|HEAP_ALLOCATE|[EXTERNAL]|Bytes:40
02:51:34.0 (10951760)|VARIABLE_SCOPE_BEGIN|[16]|this|PM_Job_New_Controller|true|false
02:51:34.0 (10998207)|VARIABLE_ASSIGNMENT|[16]|this|{}|0x6ef556f8
02:51:34.0 (11005460)|VARIABLE_SCOPE_BEGIN|[16]|stdController|ApexPages.StandardController|true|false
02:51:34.0 (11138700)|VARIABLE_ASSIGNMENT|[16]|stdController|"StandardController [null]"|0x3078061c
02:51:34.0 (11158040)|SYSTEM_MODE_ENTER|false
02:51:34.0 (11163855)|HEAP_ALLOCATE|[17]|Bytes:5
02:51:34.0 (11168532)|STATEMENT_EXECUTE|[1]
02:51:34.0 (11173062)|HEAP_ALLOCATE|[17]|Bytes:5
02:51:34.0 (11175491)|STATEMENT_EXECUTE|[3]
02:51:34.0 (11176522)|STATEMENT_EXECUTE|[4]
02:51:34.0 (11177653)|STATEMENT_EXECUTE|[5]
02:51:34.0 (11178630)|STATEMENT_EXECUTE|[6]
02:51:34.0 (11179421)|STATEMENT_EXECUTE|[7]
02:51:34.0 (11180224)|STATEMENT_EXECUTE|[8]
02:51:34.0 (11181008)|STATEMENT_EXECUTE|[9]
02:51:34.0 (11181806)|STATEMENT_EXECUTE|[10]
02:51:34.0 (11182765)|STATEMENT_EXECUTE|[11]
02:51:34.0 (11198708)|STATEMENT_EXECUTE|[16]
02:51:34.0 (11200053)|STATEMENT_EXECUTE|[17]
02:51:34.0 (11322612)|HEAP_ALLOCATE|[17]|Bytes:4
02:51:34.0 (11344607)|VARIABLE_ASSIGNMENT|[17]|this.job|{}|0x6ef556f8
02:51:34.0 (11350180)|STATEMENT_EXECUTE|[18]
02:51:34.0 (11352986)|HEAP_ALLOCATE|[18]|Bytes:46
02:51:34.0 (11366359)|HEAP_ALLOCATE|[18]|Bytes:4
02:51:34.0 (12281036)|SOQL_EXECUTE_BEGIN|[18]|Aggregations:0|SELECT Company_project_code__c FROM Project__c
02:51:34.0 (15388001)|SOQL_EXECUTE_END|[18]|Rows:24
02:51:34.0 (15408403)|HEAP_ALLOCATE|[18]|Bytes:100
02:51:34.0 (15443978)|HEAP_ALLOCATE|[18]|Bytes:1692
02:51:34.0 (15478095)|HEAP_ALLOCATE|[18]|Bytes:100
02:51:34.0 (15526107)|VARIABLE_ASSIGNMENT|[EXTERNAL]|this|{"job":"0x5c644b4e"}|0x6ef556f8
02:51:34.0 (15541601)|VARIABLE_ASSIGNMENT|[EXTERNAL]|value|"List of size 24 too large to display"|0x4b57614c
02:51:34.0 (15553125)|VARIABLE_ASSIGNMENT|[4]|this.projectList|"List of size 24 too large to display"|0x6ef556f8
02:51:34.0 (15561979)|STATEMENT_EXECUTE|[19]
02:51:34.0 (15565271)|HEAP_ALLOCATE|[19]|Bytes:7
02:51:34.0 (15569060)|HEAP_ALLOCATE|[19]|Bytes:4
02:51:34.0 (15579723)|METHOD_ENTRY|[19]|01p7F00000HhQR4|PM_Job_New_Controller.getAllFields(String)
02:51:34.0 (15595771)|VARIABLE_SCOPE_BEGIN|[83]|sobjectname|String|false|false
02:51:34.0 (15604600)|VARIABLE_ASSIGNMENT|[83]|sobjectname|"Task"
02:51:34.0 (15620879)|HEAP_ALLOCATE|[84]|Bytes:5
02:51:34.0 (15625239)|STATEMENT_EXECUTE|[83]
02:51:34.0 (32087531)|HEAP_ALLOCATE|[84]|Bytes:1468
02:51:34.0 (32142044)|STATEMENT_EXECUTE|[84]
02:51:34.0 (32144353)|STATEMENT_EXECUTE|[87]
02:51:34.0 (35274274)|HEAP_ALLOCATE|[87]|Bytes:1468
02:51:34.0 (35673620)|HEAP_ALLOCATE|[87]|Bytes:4
02:51:34.0 (35724699)|HEAP_ALLOCATE|[87]|Bytes:4
02:51:34.0 (36526218)|HEAP_ALLOCATE|[87]|Bytes:160
02:51:34.0 (36541739)|VARIABLE_SCOPE_BEGIN|[87]|fields|Map<String,Schema.SObjectField>|true|false
02:51:34.0 (36740053)|VARIABLE_ASSIGNMENT|[87]|fields|"{accountid=AccountId, activitydate=ActivityDate, calldisposition=CallDisposition, calldurationinseconds=CallDurationInSeconds, callobject=CallObject, calltype=CallType, createdbyid=CreatedById, createddate=CreatedDate, description=Description, id=Id, ...}"|0x6d5f5f92
02:51:34.0 (36751397)|STATEMENT_EXECUTE|[88]
02:51:34.0 (36771097)|HEAP_ALLOCATE|[88]|Bytes:4
02:51:34.0 (36804677)|VARIABLE_SCOPE_BEGIN|[88]|accessiblefields|List<String>|true|false
02:51:34.0 (36834671)|HEAP_ALLOCATE|[EXTERNAL]|Bytes:4
02:51:34.0 (36845747)|VARIABLE_ASSIGNMENT|[88]|accessiblefields|[]|0x705f1a70
02:51:34.0 (36891146)|HEAP_ALLOCATE|[EXTERNAL]|Bytes:160
02:51:34.0 (36910122)|HEAP_ALLOCATE|[89]|Bytes:160
02:51:34.0 (36944394)|HEAP_ALLOCATE|[89]|Bytes:5
02:51:34.0 (36963862)|VARIABLE_SCOPE_BEGIN|[89]|field|Schema.SObjectField|true|false
02:51:34.0 (37028773)|VARIABLE_ASSIGNMENT|[89]|field|"common.apex.runtime.impl.ApexFieldToken@2ac7804b"|0x2ac7804b
02:51:34.0 (37037284)|STATEMENT_EXECUTE|[89]
02:51:34.0 (37449310)|HEAP_ALLOCATE|[90]|Bytes:8
02:51:34.0 (37471357)|STATEMENT_EXECUTE|[91]
02:51:34.0 (37498247)|HEAP_ALLOCATE|[91]|Bytes:8
02:51:34.0 (37511123)|HEAP_ALLOCATE|[91]|Bytes:2
02:51:34.0 (37525103)|HEAP_ALLOCATE|[EXTERNAL]|Bytes:4
02:51:34.0 (37537696)|HEAP_ALLOCATE|[89]|Bytes:5
02:51:34.0 (37551445)|VARIABLE_SCOPE_BEGIN|[89]|field|Schema.SObjectField|true|false
02:51:34.0 (37613626)|VARIABLE_ASSIGNMENT|[89]|field|"common.apex.runtime.impl.ApexFieldToken@3d73e94e"|0x3d73e94e
02:51:34.0 (37620592)|STATEMENT_EXECUTE|[89]
02:51:34.0 (38030347)|HEAP_ALLOCATE|[90]|Bytes:8
02:51:34.0 (38046187)|STATEMENT_EXECUTE|[91]
02:51:34.0 (38062732)|HEAP_ALLOCATE|[91]|Bytes:8
02:51:34.0 (38070710)|HEAP_ALLOCATE|[91]|Bytes:5
02:51:34.0 (38078573)|HEAP_ALLOCATE|[EXTERNAL]|Bytes:4
02:51:34.0 (38090043)|HEAP_ALLOCATE|[89]|Bytes:5
02:51:34.0 (38103412)|VARIABLE_SCOPE_BEGIN|[89]|field|Schema.SObjectField|true|false
02:51:34.0 (38165652)|VARIABLE_ASSIGNMENT|[89]|field|"common.apex.runtime.impl.ApexFieldToken@3577f80a"|0x3577f80a
02:51:34.0 (38173511)|STATEMENT_EXECUTE|[89]
02:51:34.0 (38410683)|HEAP_ALLOCATE|[90]|Bytes:8
02:51:34.0 (38424339)|STATEMENT_EXECUTE|[91]
02:51:34.0 (38438520)|HEAP_ALLOCATE|[91]|Bytes:8
02:51:34.0 (38446557)|HEAP_ALLOCATE|[91]|Bytes:6
02:51:34.0 (38454396)|HEAP_ALLOCATE|[EXTERNAL]|Bytes:4
02:51:34.0 (38465708)|HEAP_ALLOCATE|[89]|Bytes:5
02:51:34.0 (38478007)|VARIABLE_SCOPE_BEGIN|[89]|field|Schema.SObjectField|true|false
02:51:34.0 (38539545)|VARIABLE_ASSIGNMENT|[89]|field|"common.apex.runtime.impl.ApexFieldToken@4efc4ff"|0x4efc4ff
02:51:34.0 (38546273)|STATEMENT_EXECUTE|[89]
02:51:34.0 (38641205)|HEAP_ALLOCATE|[90]|Bytes:8
02:51:34.0 (38652996)|STATEMENT_EXECUTE|[91]
02:51:34.0 (38666043)|HEAP_ALLOCATE|[91]|Bytes:8
02:51:34.0 (38674086)|HEAP_ALLOCATE|[91]|Bytes:7
02:51:34.0 (38681049)|HEAP_ALLOCATE|[EXTERNAL]|Bytes:4
02:51:34.0 (38691671)|HEAP_ALLOCATE|[89]|Bytes:5
02:51:34.0 (38703399)|VARIABLE_SCOPE_BEGIN|[89]|field|Schema.SObjectField|true|false
02:51:34.0 (38762092)|VARIABLE_ASSIGNMENT|[89]|field|"common.apex.runtime.impl.ApexFieldToken@123cc9f1"|0x123cc9f1
02:51:34.0 (38768772)|STATEMENT_EXECUTE|[89]
02:51:34.0 (38853067)|HEAP_ALLOCATE|[90]|Bytes:8
02:51:34.0 (38864806)|STATEMENT_EXECUTE|[91]
02:51:34.0 (38877877)|HEAP_ALLOCATE|[91]|Bytes:8
02:51:34.0 (38885291)|HEAP_ALLOCATE|[91]|Bytes:12
02:51:34.0 (38893295)|HEAP_ALLOCATE|[EXTERNAL]|Bytes:4
02:51:34.0 (38903109)|HEAP_ALLOCATE|[89]|Bytes:5
02:51:34.0 (38914050)|VARIABLE_SCOPE_BEGIN|[89]|field|Schema.SObjectField|true|false
02:51:34.0 (38971798)|VARIABLE_ASSIGNMENT|[89]|field|"common.apex.runtime.impl.ApexFieldToken@30a77b61"|0x30a77b61
02:51:34.0 (38978601)|STATEMENT_EXECUTE|[89]
02:51:34.0 (39065403)|HEAP_ALLOCATE|[90]|Bytes:8
02:51:34.0 (39077150)|STATEMENT_EXECUTE|[91]
02:51:34.0 (39091205)|HEAP_ALLOCATE|[91]|Bytes:8
02:51:34.0 (39098476)|HEAP_ALLOCATE|[91]|Bytes:6
02:51:34.0 (39105628)|HEAP_ALLOCATE|[EXTERNAL]|Bytes:4
02:51:34.0 (39115381)|HEAP_ALLOCATE|[89]|Bytes:5
02:51:34.0 (39126399)|VARIABLE_SCOPE_BEGIN|[89]|field|Schema.SObjectField|true|false
02:51:34.0 (39183299)|VARIABLE_ASSIGNMENT|[89]|field|"common.apex.runtime.impl.ApexFieldToken@3a1a62d7"|0x3a1a62d7
02:51:34.0 (39189959)|STATEMENT_EXECUTE|[89]
02:51:34.0 (39269171)|HEAP_ALLOCATE|[90]|Bytes:8
02:51:34.0 (39279982)|STATEMENT_EXECUTE|[91]
02:51:34.0 (39292066)|HEAP_ALLOCATE|[91]|Bytes:8
02:51:34.0 (39299315)|HEAP_ALLOCATE|[91]|Bytes:8
02:51:34.0 (39306993)|HEAP_ALLOCATE|[EXTERNAL]|Bytes:4
02:51:34.0 (39316517)|HEAP_ALLOCATE|[89]|Bytes:5
02:51:34.0 (39327057)|VARIABLE_SCOPE_BEGIN|[89]|field|Schema.SObjectField|true|false
02:51:34.0 (39383993)|VARIABLE_ASSIGNMENT|[89]|field|"common.apex.runtime.impl.ApexFieldToken@40289157"|0x40289157
02:51:34.0 (39390674)|STATEMENT_EXECUTE|[89]
02:51:34.0 (39457620)|HEAP_ALLOCATE|[90]|Bytes:8
02:51:34.0 (39468538)|STATEMENT_EXECUTE|[91]
02:51:34.0 (39480621)|HEAP_ALLOCATE|[91]|Bytes:8
02:51:34.0 (39487655)|HEAP_ALLOCATE|[91]|Bytes:14
02:51:34.0 (39494802)|HEAP_ALLOCATE|[EXTERNAL]|Bytes:4
02:51:34.0 (39504432)|HEAP_ALLOCATE|[89]|Bytes:5
02:51:34.0 (39514670)|VARIABLE_SCOPE_BEGIN|[89]|field|Schema.SObjectField|true|false
02:51:34.0 (39570421)|VARIABLE_ASSIGNMENT|[89]|field|"common.apex.runtime.impl.ApexFieldToken@342fbbe2"|0x342fbbe2
02:51:34.0 (39577144)|STATEMENT_EXECUTE|[89]
02:51:34.0 (39669651)|HEAP_ALLOCATE|[90]|Bytes:8
02:51:34.0 (39680870)|STATEMENT_EXECUTE|[91]
02:51:34.0 (39693136)|HEAP_ALLOCATE|[91]|Bytes:8
02:51:34.0 (39700277)|HEAP_ALLOCATE|[91]|Bytes:7
02:51:34.0 (39707420)|HEAP_ALLOCATE|[EXTERNAL]|Bytes:4
02:51:34.0 (39716907)|HEAP_ALLOCATE|[89]|Bytes:5
02:51:34.0 (39727351)|VARIABLE_SCOPE_BEGIN|[89]|field|Schema.SObjectField|true|false
02:51:34.0 (39783857)|VARIABLE_ASSIGNMENT|[89]|field|"common.apex.runtime.impl.ApexFieldToken@3f58a275"|0x3f58a275
02:51:34.0 (39790734)|STATEMENT_EXECUTE|[89]
02:51:34.0 (39872292)|HEAP_ALLOCATE|[90]|Bytes:8
02:51:34.0 (39883454)|STATEMENT_EXECUTE|[91]
02:51:34.0 (39895664)|HEAP_ALLOCATE|[91]|Bytes:8
02:51:34.0 (39902838)|HEAP_ALLOCATE|[91]|Bytes:11
02:51:34.0 (39909536)|HEAP_ALLOCATE|[EXTERNAL]|Bytes:4
02:51:34.0 (39918717)|HEAP_ALLOCATE|[89]|Bytes:5
02:51:34.0 (39929420)|VARIABLE_SCOPE_BEGIN|[89]|field|Schema.SObjectField|true|false
02:51:34.0 (39985147)|VARIABLE_ASSIGNMENT|[89]|field|"common.apex.runtime.impl.ApexFieldToken@56bd6393"|0x56bd6393
02:51:34.0 (39991385)|STATEMENT_EXECUTE|[89]
02:51:34.0 (40066874)|HEAP_ALLOCATE|[90]|Bytes:8
02:51:34.0 (40078312)|STATEMENT_EXECUTE|[90]
02:51:34.0 (40086239)|HEAP_ALLOCATE|[89]|Bytes:5
02:51:34.0 (40096708)|VARIABLE_SCOPE_BEGIN|[89]|field|Schema.SObjectField|true|false
02:51:34.0 (40152611)|VARIABLE_ASSIGNMENT|[89]|field|"common.apex.runtime.impl.ApexFieldToken@529be23a"|0x529be23a
02:51:34.0 (40159014)|STATEMENT_EXECUTE|[89]
02:51:34.0 (40223349)|HEAP_ALLOCATE|[90]|Bytes:8
02:51:34.0 (40234062)|STATEMENT_EXECUTE|[91]
02:51:34.0 (40246444)|HEAP_ALLOCATE|[91]|Bytes:8
02:51:34.0 (40253695)|HEAP_ALLOCATE|[91]|Bytes:9
02:51:34.0 (40261092)|HEAP_ALLOCATE|[EXTERNAL]|Bytes:4
02:51:34.0 (40270058)|HEAP_ALLOCATE|[89]|Bytes:5
02:51:34.0 (40280034)|VARIABLE_SCOPE_BEGIN|[89]|field|Schema.SObjectField|true|false
02:51:34.0 (40334486)|VARIABLE_ASSIGNMENT|[89]|field|"common.apex.runtime.impl.ApexFieldToken@1ba2a320"|0x1ba2a320
02:51:34.0 (40341115)|STATEMENT_EXECUTE|[89]
02:51:34.0 (40431377)|HEAP_ALLOCATE|[90]|Bytes:8
02:51:34.0 (40442523)|STATEMENT_EXECUTE|[91]
02:51:34.0 (40454864)|HEAP_ALLOCATE|[91]|Bytes:8
02:51:34.0 (40462125)|HEAP_ALLOCATE|[91]|Bytes:9
02:51:34.0 (40469164)|HEAP_ALLOCATE|[EXTERNAL]|Bytes:4
02:51:34.0 (40478306)|HEAP_ALLOCATE|[89]|Bytes:5
02:51:34.0 (40488656)|VARIABLE_SCOPE_BEGIN|[89]|field|Schema.SObjectField|true|false
02:51:34.0 (40543791)|VARIABLE_ASSIGNMENT|[89]|field|"common.apex.runtime.impl.ApexFieldToken@6193e12b"|0x6193e12b
02:51:34.0 (40550400)|STATEMENT_EXECUTE|[89]
02:51:34.0 (40616644)|HEAP_ALLOCATE|[90]|Bytes:8
02:51:34.0 (40627164)|STATEMENT_EXECUTE|[91]
02:51:34.0 (40639703)|HEAP_ALLOCATE|[91]|Bytes:8
02:51:34.0 (40646509)|HEAP_ALLOCATE|[91]|Bytes:8
02:51:34.0 (40653021)|HEAP_ALLOCATE|[EXTERNAL]|Bytes:4
02:51:34.0 (40662348)|HEAP_ALLOCATE|[89]|Bytes:5
02:51:34.0 (40672828)|VARIABLE_SCOPE_BEGIN|[89]|field|Schema.SObjectField|true|false
02:51:34.0 (40727695)|VARIABLE_ASSIGNMENT|[89]|field|"common.apex.runtime.impl.ApexFieldToken@5c8fb771"|0x5c8fb771
02:51:34.0 (40734189)|STATEMENT_EXECUTE|[89]
02:51:34.0 (40809505)|HEAP_ALLOCATE|[90]|Bytes:8
02:51:34.0 (40820539)|STATEMENT_EXECUTE|[91]
02:51:34.0 (40832677)|HEAP_ALLOCATE|[91]|Bytes:8
02:51:34.0 (40839884)|HEAP_ALLOCATE|[91]|Bytes:11
02:51:34.0 (40846573)|HEAP_ALLOCATE|[EXTERNAL]|Bytes:4
02:51:34.0 (40855443)|HEAP_ALLOCATE|[89]|Bytes:5
02:51:34.0 (40865206)|VARIABLE_SCOPE_BEGIN|[89]|field|Schema.SObjectField|true|false
02:51:34.0 (40919991)|VARIABLE_ASSIGNMENT|[89]|field|"common.apex.runtime.impl.ApexFieldToken@510814e8"|0x510814e8
02:51:34.0 (40926110)|STATEMENT_EXECUTE|[89]
02:51:34.0 (41004158)|HEAP_ALLOCATE|[90]|Bytes:8
02:51:34.0 (41015657)|STATEMENT_EXECUTE|[91]
02:51:34.0 (41032472)|HEAP_ALLOCATE|[91]|Bytes:8
02:51:34.0 (41040675)|HEAP_ALLOCATE|[91]|Bytes:11
02:51:34.0 (41047702)|HEAP_ALLOCATE|[EXTERNAL]|Bytes:4
02:51:34.0 (41057072)|HEAP_ALLOCATE|[89]|Bytes:5
02:51:34.0 (41067802)|VARIABLE_SCOPE_BEGIN|[89]|field|Schema.SObjectField|true|false
02:51:34.0 (41124774)|VARIABLE_ASSIGNMENT|[89]|field|"common.apex.runtime.impl.ApexFieldToken@5fbd164a"|0x5fbd164a
02:51:34.0 (41131348)|STATEMENT_EXECUTE|[89]
02:51:34.0 (41205137)|HEAP_ALLOCATE|[90]|Bytes:8
02:51:34.0 (41216060)|STATEMENT_EXECUTE|[91]
02:51:34.0 (41228522)|HEAP_ALLOCATE|[91]|Bytes:8
02:51:34.0 (41235915)|HEAP_ALLOCATE|[91]|Bytes:16
02:51:34.0 (41242241)|HEAP_ALLOCATE|[EXTERNAL]|Bytes:4
02:51:34.0 (41251722)|HEAP_ALLOCATE|[89]|Bytes:5
02:51:34.0 (41262776)|VARIABLE_SCOPE_BEGIN|[89]|field|Schema.SObjectField|true|false
02:51:34.0 (41317923)|VARIABLE_ASSIGNMENT|[89]|field|"common.apex.runtime.impl.ApexFieldToken@21d92e2f"|0x21d92e2f
02:51:34.0 (41324478)|STATEMENT_EXECUTE|[89]
02:51:34.0 (41402939)|HEAP_ALLOCATE|[90]|Bytes:8
02:51:34.0 (41413600)|STATEMENT_EXECUTE|[91]
02:51:34.0 (41426141)|HEAP_ALLOCATE|[91]|Bytes:8
02:51:34.0 (41433561)|HEAP_ALLOCATE|[91]|Bytes:16
02:51:34.0 (41440171)|HEAP_ALLOCATE|[EXTERNAL]|Bytes:4
02:51:34.0 (41449779)|HEAP_ALLOCATE|[89]|Bytes:5
02:51:34.0 (41459916)|VARIABLE_SCOPE_BEGIN|[89]|field|Schema.SObjectField|true|false
02:51:34.0 (41516586)|VARIABLE_ASSIGNMENT|[89]|field|"common.apex.runtime.impl.ApexFieldToken@4c215a"|0x4c215a
02:51:34.0 (41523586)|STATEMENT_EXECUTE|[89]
02:51:34.0 (41586713)|HEAP_ALLOCATE|[90]|Bytes:8
02:51:34.0 (41597417)|STATEMENT_EXECUTE|[91]
02:51:34.0 (41609669)|HEAP_ALLOCATE|[91]|Bytes:8
02:51:34.0 (41616319)|HEAP_ALLOCATE|[91]|Bytes:14
02:51:34.0 (41622522)|HEAP_ALLOCATE|[EXTERNAL]|Bytes:4
02:51:34.0 (41631614)|HEAP_ALLOCATE|[89]|Bytes:5
02:51:34.0 (41641387)|VARIABLE_SCOPE_BEGIN|[89]|field|Schema.SObjectField|true|false
02:51:34.0 (41696219)|VARIABLE_ASSIGNMENT|[89]|field|"common.apex.runtime.impl.ApexFieldToken@1172caef"|0x1172caef
02:51:34.0 (41702696)|STATEMENT_EXECUTE|[89]
02:51:34.0 (41768394)|HEAP_ALLOCATE|[90]|Bytes:8
02:51:34.0 (41778910)|STATEMENT_EXECUTE|[91]
02:51:34.0 (41790265)|HEAP_ALLOCATE|[91]|Bytes:8
02:51:34.0 (41797309)|HEAP_ALLOCATE|[91]|Bytes:10
02:51:34.0 (41803791)|HEAP_ALLOCATE|[EXTERNAL]|Bytes:4
02:51:34.0 (41812898)|HEAP_ALLOCATE|[89]|Bytes:5
02:51:34.0 (41822678)|VARIABLE_SCOPE_BEGIN|[89]|field|Schema.SObjectField|true|false
02:51:34.0 (41878091)|VARIABLE_ASSIGNMENT|[89]|field|"common.apex.runtime.impl.ApexFieldToken@264a81cd"|0x264a81cd
02:51:34.0 (41884616)|STATEMENT_EXECUTE|[89]
02:51:34.0 (41959152)|HEAP_ALLOCATE|[90]|Bytes:8
02:51:34.0 (41969880)|STATEMENT_EXECUTE|[91]
02:51:34.0 (41981680)|HEAP_ALLOCATE|[91]|Bytes:8
02:51:34.0 (41988677)|HEAP_ALLOCATE|[91]|Bytes:21
02:51:34.0 (41994724)|HEAP_ALLOCATE|[EXTERNAL]|Bytes:4
02:51:34.0 (42004475)|HEAP_ALLOCATE|[89]|Bytes:5
02:51:34.0 (42015366)|VARIABLE_SCOPE_BEGIN|[89]|field|Schema.SObjectField|true|false
02:51:34.0 (42074457)|VARIABLE_ASSIGNMENT|[89]|field|"common.apex.runtime.impl.ApexFieldToken@4e0a7b7d"|0x4e0a7b7d
02:51:34.0 (42080406)|STATEMENT_EXECUTE|[89]
02:51:34.0 (42152003)|HEAP_ALLOCATE|[90]|Bytes:8
02:51:34.0 (42162530)|STATEMENT_EXECUTE|[91]
02:51:34.0 (42175340)|HEAP_ALLOCATE|[91]|Bytes:8
02:51:34.0 (42182236)|HEAP_ALLOCATE|[91]|Bytes:8
02:51:34.0 (42188691)|HEAP_ALLOCATE|[EXTERNAL]|Bytes:4
02:51:34.0 (42197988)|HEAP_ALLOCATE|[89]|Bytes:5
02:51:34.0 (42208330)|VARIABLE_SCOPE_BEGIN|[89]|field|Schema.SObjectField|true|false
02:51:34.0 (42263371)|VARIABLE_ASSIGNMENT|[89]|field|"common.apex.runtime.impl.ApexFieldToken@2fadd517"|0x2fadd517
02:51:34.0 (42269940)|STATEMENT_EXECUTE|[89]
02:51:34.0 (42339517)|HEAP_ALLOCATE|[90]|Bytes:8
02:51:34.0 (42349897)|STATEMENT_EXECUTE|[91]
02:51:34.0 (42362107)|HEAP_ALLOCATE|[91]|Bytes:8
02:51:34.0 (42368995)|HEAP_ALLOCATE|[91]|Bytes:15
02:51:34.0 (42375372)|HEAP_ALLOCATE|[EXTERNAL]|Bytes:4
02:51:34.0 (42384844)|HEAP_ALLOCATE|[89]|Bytes:5
02:51:34.0 (42394995)|VARIABLE_SCOPE_BEGIN|[89]|field|Schema.SObjectField|true|false
02:51:34.0 (42449706)|VARIABLE_ASSIGNMENT|[89]|field|"common.apex.runtime.impl.ApexFieldToken@280f47bf"|0x280f47bf
02:51:34.0 (42456244)|STATEMENT_EXECUTE|[89]
02:51:34.0 (42524082)|HEAP_ALLOCATE|[90]|Bytes:8
02:51:34.0 (42535615)|STATEMENT_EXECUTE|[91]
02:51:34.0 (42547740)|HEAP_ALLOCATE|[91]|Bytes:8
02:51:34.0 (42554881)|HEAP_ALLOCATE|[91]|Bytes:10
02:51:34.0 (42561080)|HEAP_ALLOCATE|[EXTERNAL]|Bytes:4
02:51:34.0 (42570427)|HEAP_ALLOCATE|[89]|Bytes:5
02:51:34.0 (42580343)|VARIABLE_SCOPE_BEGIN|[89]|field|Schema.SObjectField|true|false
02:51:34.0 (42635207)|VARIABLE_ASSIGNMENT|[89]|field|"common.apex.runtime.impl.ApexFieldToken@5a39ff9a"|0x5a39ff9a
02:51:34.0 (42641502)|STATEMENT_EXECUTE|[89]
02:51:34.0 (42710472)|HEAP_ALLOCATE|[90]|Bytes:8
02:51:34.0 (42721198)|STATEMENT_EXECUTE|[91]
02:51:34.0 (42733774)|HEAP_ALLOCATE|[91]|Bytes:8
02:51:34.0 (42740525)|HEAP_ALLOCATE|[91]|Bytes:16
02:51:34.0 (42746516)|HEAP_ALLOCATE|[EXTERNAL]|Bytes:4
02:51:34.0 (42755883)|HEAP_ALLOCATE|[89]|Bytes:5
02:51:34.0 (42765843)|VARIABLE_SCOPE_BEGIN|[89]|field|Schema.SObjectField|true|false
02:51:34.0 (42821016)|VARIABLE_ASSIGNMENT|[89]|field|"common.apex.runtime.impl.ApexFieldToken@4775a633"|0x4775a633
02:51:34.0 (42827543)|STATEMENT_EXECUTE|[89]
02:51:34.0 (42895103)|HEAP_ALLOCATE|[90]|Bytes:8
02:51:34.0 (42906009)|STATEMENT_EXECUTE|[91]
02:51:34.0 (42917962)|HEAP_ALLOCATE|[91]|Bytes:8
02:51:34.0 (42925070)|HEAP_ALLOCATE|[91]|Bytes:13
02:51:34.0 (42930948)|HEAP_ALLOCATE|[EXTERNAL]|Bytes:4
02:51:34.0 (42940268)|HEAP_ALLOCATE|[89]|Bytes:5
02:51:34.0 (42950176)|VARIABLE_SCOPE_BEGIN|[89]|field|Schema.SObjectField|true|false
02:51:34.0 (43004844)|VARIABLE_ASSIGNMENT|[89]|field|"common.apex.runtime.impl.ApexFieldToken@631c6a7"|0x631c6a7
02:51:34.0 (43012207)|STATEMENT_EXECUTE|[89]
02:51:34.0 (43106680)|HEAP_ALLOCATE|[90]|Bytes:8
02:51:34.0 (43117779)|STATEMENT_EXECUTE|[91]
02:51:34.0 (43130402)|HEAP_ALLOCATE|[91]|Bytes:8
02:51:34.0 (43137419)|HEAP_ALLOCATE|[91]|Bytes:20
02:51:34.0 (43143736)|HEAP_ALLOCATE|[EXTERNAL]|Bytes:4
02:51:34.0 (43153304)|HEAP_ALLOCATE|[89]|Bytes:5
02:51:34.0 (43163462)|VARIABLE_SCOPE_BEGIN|[89]|field|Schema.SObjectField|true|false
02:51:34.0 (43218926)|VARIABLE_ASSIGNMENT|[89]|field|"common.apex.runtime.impl.ApexFieldToken@54d14b61"|0x54d14b61
02:51:34.0 (43225898)|STATEMENT_EXECUTE|[89]
02:51:34.0 (43299275)|HEAP_ALLOCATE|[90]|Bytes:8
02:51:34.0 (43310015)|STATEMENT_EXECUTE|[91]
02:51:34.0 (43322458)|HEAP_ALLOCATE|[91]|Bytes:8
02:51:34.0 (43329169)|HEAP_ALLOCATE|[91]|Bytes:12
02:51:34.0 (43335320)|HEAP_ALLOCATE|[EXTERNAL]|Bytes:4
02:51:34.0 (43344536)|HEAP_ALLOCATE|[89]|Bytes:5
02:51:34.0 (43355354)|VARIABLE_SCOPE_BEGIN|[89]|field|Schema.SObjectField|true|false
02:51:34.0 (43409745)|VARIABLE_ASSIGNMENT|[89]|field|"common.apex.runtime.impl.ApexFieldToken@4101bb4e"|0x4101bb4e
02:51:34.0 (43416373)|STATEMENT_EXECUTE|[89]
02:51:34.0 (43484783)|HEAP_ALLOCATE|[90]|Bytes:8
02:51:34.0 (43495244)|STATEMENT_EXECUTE|[91]
02:51:34.0 (43507418)|HEAP_ALLOCATE|[91]|Bytes:8
02:51:34.0 (43514737)|HEAP_ALLOCATE|[91]|Bytes:23
02:51:34.0 (43520828)|HEAP_ALLOCATE|[EXTERNAL]|Bytes:4
02:51:34.0 (43530164)|HEAP_ALLOCATE|[89]|Bytes:5
02:51:34.0 (43540357)|VARIABLE_SCOPE_BEGIN|[89]|field|Schema.SObjectField|true|false
02:51:34.0 (43595267)|VARIABLE_ASSIGNMENT|[89]|field|"common.apex.runtime.impl.ApexFieldToken@2bafd963"|0x2bafd963
02:51:34.0 (43601890)|STATEMENT_EXECUTE|[89]
02:51:34.0 (43668834)|HEAP_ALLOCATE|[90]|Bytes:8
02:51:34.0 (43679461)|STATEMENT_EXECUTE|[91]
02:51:34.0 (43691038)|HEAP_ALLOCATE|[91]|Bytes:8
02:51:34.0 (43698047)|HEAP_ALLOCATE|[91]|Bytes:21
02:51:34.0 (43704328)|HEAP_ALLOCATE|[EXTERNAL]|Bytes:4
02:51:34.0 (43713603)|HEAP_ALLOCATE|[89]|Bytes:5
02:51:34.0 (43723591)|VARIABLE_SCOPE_BEGIN|[89]|field|Schema.SObjectField|true|false
02:51:34.0 (43779002)|VARIABLE_ASSIGNMENT|[89]|field|"common.apex.runtime.impl.ApexFieldToken@2323264f"|0x2323264f
02:51:34.0 (43785580)|STATEMENT_EXECUTE|[89]
02:51:34.0 (43852151)|HEAP_ALLOCATE|[90]|Bytes:8
02:51:34.0 (43862737)|STATEMENT_EXECUTE|[91]
02:51:34.0 (43874780)|HEAP_ALLOCATE|[91]|Bytes:8
02:51:34.0 (43881854)|HEAP_ALLOCATE|[91]|Bytes:24
02:51:34.0 (43887971)|HEAP_ALLOCATE|[EXTERNAL]|Bytes:4
02:51:34.0 (43896959)|HEAP_ALLOCATE|[89]|Bytes:5
02:51:34.0 (43906958)|VARIABLE_SCOPE_BEGIN|[89]|field|Schema.SObjectField|true|false
02:51:34.0 (43962376)|VARIABLE_ASSIGNMENT|[89]|field|"common.apex.runtime.impl.ApexFieldToken@7df7fb09"|0x7df7fb09
02:51:34.0 (43968388)|STATEMENT_EXECUTE|[89]
02:51:34.0 (44038888)|HEAP_ALLOCATE|[90]|Bytes:8
02:51:34.0 (44050313)|STATEMENT_EXECUTE|[91]
02:51:34.0 (44062477)|HEAP_ALLOCATE|[91]|Bytes:8
02:51:34.0 (44069801)|HEAP_ALLOCATE|[91]|Bytes:14
02:51:34.0 (44075883)|HEAP_ALLOCATE|[EXTERNAL]|Bytes:4
02:51:34.0 (44084977)|HEAP_ALLOCATE|[89]|Bytes:5
02:51:34.0 (44094815)|VARIABLE_SCOPE_BEGIN|[89]|field|Schema.SObjectField|true|false
02:51:34.0 (44149438)|VARIABLE_ASSIGNMENT|[89]|field|"common.apex.runtime.impl.ApexFieldToken@31e0f432"|0x31e0f432
02:51:34.0 (44155818)|STATEMENT_EXECUTE|[89]
02:51:34.0 (44222022)|HEAP_ALLOCATE|[90]|Bytes:8
02:51:34.0 (44232376)|STATEMENT_EXECUTE|[91]
02:51:34.0 (44244058)|HEAP_ALLOCATE|[91]|Bytes:8
02:51:34.0 (44250789)|HEAP_ALLOCATE|[91]|Bytes:18
02:51:34.0 (44257049)|HEAP_ALLOCATE|[EXTERNAL]|Bytes:4
02:51:34.0 (44266292)|HEAP_ALLOCATE|[89]|Bytes:5
02:51:34.0 (44277261)|VARIABLE_SCOPE_BEGIN|[89]|field|Schema.SObjectField|true|false
02:51:34.0 (44335849)|VARIABLE_ASSIGNMENT|[89]|field|"common.apex.runtime.impl.ApexFieldToken@64d157ac"|0x64d157ac
02:51:34.0 (44342636)|STATEMENT_EXECUTE|[89]
02:51:34.0 (44409080)|HEAP_ALLOCATE|[90]|Bytes:8
02:51:34.0 (44419384)|STATEMENT_EXECUTE|[91]
02:51:34.0 (44431257)|HEAP_ALLOCATE|[91]|Bytes:8
02:51:34.0 (44437682)|HEAP_ALLOCATE|[91]|Bytes:23
02:51:34.0 (44443783)|HEAP_ALLOCATE|[EXTERNAL]|Bytes:4
02:51:34.0 (44452884)|HEAP_ALLOCATE|[89]|Bytes:5
02:51:34.0 (44463617)|VARIABLE_SCOPE_BEGIN|[89]|field|Schema.SObjectField|true|false
02:51:34.0 (44518880)|VARIABLE_ASSIGNMENT|[89]|field|"common.apex.runtime.impl.ApexFieldToken@5e7a1427"|0x5e7a1427
02:51:34.0 (44525518)|STATEMENT_EXECUTE|[89]
02:51:34.0 (44590269)|HEAP_ALLOCATE|[90]|Bytes:8
02:51:34.0 (44600645)|STATEMENT_EXECUTE|[91]
02:51:34.0 (44614860)|HEAP_ALLOCATE|[91]|Bytes:8
02:51:34.0 (44622025)|HEAP_ALLOCATE|[91]|Bytes:20
02:51:34.0 (44628201)|HEAP_ALLOCATE|[EXTERNAL]|Bytes:4
02:51:34.0 (44637768)|HEAP_ALLOCATE|[89]|Bytes:5
02:51:34.0 (44647711)|VARIABLE_SCOPE_BEGIN|[89]|field|Schema.SObjectField|true|false
02:51:34.0 (44701806)|VARIABLE_ASSIGNMENT|[89]|field|"common.apex.runtime.impl.ApexFieldToken@1c179352"|0x1c179352
02:51:34.0 (44708240)|STATEMENT_EXECUTE|[89]
02:51:34.0 (44774937)|HEAP_ALLOCATE|[90]|Bytes:8
02:51:34.0 (44785768)|STATEMENT_EXECUTE|[91]
02:51:34.0 (44797626)|HEAP_ALLOCATE|[91]|Bytes:8
02:51:34.0 (44804400)|HEAP_ALLOCATE|[91]|Bytes:18
02:51:34.0 (44810850)|HEAP_ALLOCATE|[EXTERNAL]|Bytes:4
02:51:34.0 (44819729)|HEAP_ALLOCATE|[89]|Bytes:5
02:51:34.0 (44829386)|VARIABLE_SCOPE_BEGIN|[89]|field|Schema.SObjectField|true|false
02:51:34.0 (44883166)|VARIABLE_ASSIGNMENT|[89]|field|"common.apex.runtime.impl.ApexFieldToken@2a60a586"|0x2a60a586
02:51:34.0 (44889825)|STATEMENT_EXECUTE|[89]
02:51:34.0 (44955523)|HEAP_ALLOCATE|[90]|Bytes:8
02:51:34.0 (44966055)|STATEMENT_EXECUTE|[91]
02:51:34.0 (44978253)|HEAP_ALLOCATE|[91]|Bytes:8
02:51:34.0 (44984838)|HEAP_ALLOCATE|[91]|Bytes:21
02:51:34.0 (44991706)|HEAP_ALLOCATE|[EXTERNAL]|Bytes:4
02:51:34.0 (45001442)|HEAP_ALLOCATE|[89]|Bytes:5
02:51:34.0 (45011649)|VARIABLE_SCOPE_BEGIN|[89]|field|Schema.SObjectField|true|false
02:51:34.0 (45069628)|VARIABLE_ASSIGNMENT|[89]|field|"common.apex.runtime.impl.ApexFieldToken@44e2eb51"|0x44e2eb51
02:51:34.0 (45075847)|STATEMENT_EXECUTE|[89]
02:51:34.0 (45155806)|HEAP_ALLOCATE|[90]|Bytes:8
02:51:34.0 (45166583)|STATEMENT_EXECUTE|[91]
02:51:34.0 (45178852)|HEAP_ALLOCATE|[91]|Bytes:8
02:51:34.0 (45186071)|HEAP_ALLOCATE|[91]|Bytes:25
02:51:34.0 (45192220)|HEAP_ALLOCATE|[EXTERNAL]|Bytes:4
02:51:34.0 (45201437)|HEAP_ALLOCATE|[89]|Bytes:5
02:51:34.0 (45211742)|VARIABLE_SCOPE_BEGIN|[89]|field|Schema.SObjectField|true|false
02:51:34.0 (45266130)|VARIABLE_ASSIGNMENT|[89]|field|"common.apex.runtime.impl.ApexFieldToken@4a3714c6"|0x4a3714c6
02:51:34.0 (45272572)|STATEMENT_EXECUTE|[89]
02:51:34.0 (45343261)|HEAP_ALLOCATE|[90]|Bytes:8
02:51:34.0 (45354072)|STATEMENT_EXECUTE|[91]
02:51:34.0 (45366992)|HEAP_ALLOCATE|[91]|Bytes:8
02:51:34.0 (45374278)|HEAP_ALLOCATE|[91]|Bytes:11
02:51:34.0 (45380241)|HEAP_ALLOCATE|[EXTERNAL]|Bytes:4
02:51:34.0 (45389418)|HEAP_ALLOCATE|[89]|Bytes:5
02:51:34.0 (45398506)|VARIABLE_ASSIGNMENT|[89]|field|null|
02:51:34.0 (45404146)|STATEMENT_EXECUTE|[93]
02:51:34.0 (45409106)|VARIABLE_SCOPE_BEGIN|[93]|allfields|String|false|false
02:51:34.0 (45417808)|VARIABLE_ASSIGNMENT|[93]|allfields|""
02:51:34.0 (45449143)|HEAP_ALLOCATE|[94]|Bytes:5
02:51:34.0 (45456578)|HEAP_ALLOCATE|[94]|Bytes:2
02:51:34.0 (45462673)|VARIABLE_SCOPE_BEGIN|[94]|fieldname|String|false|false
02:51:34.0 (45470703)|VARIABLE_ASSIGNMENT|[94]|fieldname|"Id"
02:51:34.0 (45474341)|STATEMENT_EXECUTE|[95]
02:51:34.0 (45476394)|HEAP_ALLOCATE|[95]|Bytes:1
02:51:34.0 (45493756)|HEAP_ALLOCATE|[95]|Bytes:3
02:51:34.0 (45498209)|HEAP_ALLOCATE|[95]|Bytes:3
02:51:34.0 (45502456)|VARIABLE_ASSIGNMENT|[95]|allfields|"Id,"
02:51:34.0 (45510156)|HEAP_ALLOCATE|[94]|Bytes:5
02:51:34.0 (45515728)|HEAP_ALLOCATE|[94]|Bytes:5
02:51:34.0 (45520103)|VARIABLE_SCOPE_BEGIN|[94]|fieldname|String|false|false
02:51:34.0 (45526749)|VARIABLE_ASSIGNMENT|[94]|fieldname|"WhoId"
02:51:34.0 (45530235)|STATEMENT_EXECUTE|[95]
02:51:34.0 (45532973)|HEAP_ALLOCATE|[95]|Bytes:6
02:51:34.0 (45536424)|HEAP_ALLOCATE|[95]|Bytes:9
02:51:34.0 (45540213)|VARIABLE_ASSIGNMENT|[95]|allfields|"Id,WhoId,"
02:51:34.0 (45546904)|HEAP_ALLOCATE|[94]|Bytes:5
02:51:34.0 (45552176)|HEAP_ALLOCATE|[94]|Bytes:6
02:51:34.0 (45555584)|VARIABLE_SCOPE_BEGIN|[94]|fieldname|String|false|false
02:51:34.0 (45561962)|VARIABLE_ASSIGNMENT|[94]|fieldname|"WhatId"
02:51:34.0 (45565373)|STATEMENT_EXECUTE|[95]
02:51:34.0 (45567571)|HEAP_ALLOCATE|[95]|Bytes:7
02:51:34.0 (45570927)|HEAP_ALLOCATE|[95]|Bytes:16
02:51:34.0 (45575477)|VARIABLE_ASSIGNMENT|[95]|allfields|"Id,WhoId,WhatId,"
02:51:34.0 (45581911)|HEAP_ALLOCATE|[94]|Bytes:5
02:51:34.0 (45586805)|HEAP_ALLOCATE|[94]|Bytes:7
02:51:34.0 (45590690)|VARIABLE_SCOPE_BEGIN|[94]|fieldname|String|false|false
02:51:34.0 (45597251)|VARIABLE_ASSIGNMENT|[94]|fieldname|"Subject"
02:51:34.0 (45600757)|STATEMENT_EXECUTE|[95]
02:51:34.0 (45603128)|HEAP_ALLOCATE|[95]|Bytes:8
02:51:34.0 (45606720)|HEAP_ALLOCATE|[95]|Bytes:24
02:51:34.0 (45612839)|VARIABLE_ASSIGNMENT|[95]|allfields|"Id,WhoId,WhatId,Subj (4 more) ..."
02:51:34.0 (45619407)|HEAP_ALLOCATE|[94]|Bytes:5
02:51:34.0 (45624443)|HEAP_ALLOCATE|[94]|Bytes:12
02:51:34.0 (45627927)|VARIABLE_SCOPE_BEGIN|[94]|fieldname|String|false|false
02:51:34.0 (45634552)|VARIABLE_ASSIGNMENT|[94]|fieldname|"ActivityDate"
02:51:34.0 (45638141)|STATEMENT_EXECUTE|[95]
02:51:34.0 (45640342)|HEAP_ALLOCATE|[95]|Bytes:13
02:51:34.0 (45644020)|HEAP_ALLOCATE|[95]|Bytes:37
02:51:34.0 (45649031)|VARIABLE_ASSIGNMENT|[95]|allfields|"Id,WhoId,WhatId,Subj (17 more) ..."
02:51:34.0 (45655310)|HEAP_ALLOCATE|[94]|Bytes:5
02:51:34.0 (45660293)|HEAP_ALLOCATE|[94]|Bytes:6
02:51:34.0 (45663559)|VARIABLE_SCOPE_BEGIN|[94]|fieldname|String|false|false
02:51:34.0 (45669947)|VARIABLE_ASSIGNMENT|[94]|fieldname|"Status"
02:51:34.0 (45673087)|STATEMENT_EXECUTE|[95]
02:51:34.0 (45675860)|HEAP_ALLOCATE|[95]|Bytes:7
02:51:34.0 (45679242)|HEAP_ALLOCATE|[95]|Bytes:44
02:51:34.0 (45683487)|VARIABLE_ASSIGNMENT|[95]|allfields|"Id,WhoId,WhatId,Subj (24 more) ..."
02:51:34.0 (45689937)|HEAP_ALLOCATE|[94]|Bytes:5
02:51:34.0 (45697704)|HEAP_ALLOCATE|[94]|Bytes:8
02:51:34.0 (45701632)|VARIABLE_SCOPE_BEGIN|[94]|fieldname|String|false|false
02:51:34.0 (45708750)|VARIABLE_ASSIGNMENT|[94]|fieldname|"Priority"
02:51:34.0 (45712002)|STATEMENT_EXECUTE|[95]
02:51:34.0 (45714398)|HEAP_ALLOCATE|[95]|Bytes:9
02:51:34.0 (45717767)|HEAP_ALLOCATE|[95]|Bytes:53
02:51:34.0 (45722031)|VARIABLE_ASSIGNMENT|[95]|allfields|"Id,WhoId,WhatId,Subj (33 more) ..."
02:51:34.0 (45728403)|HEAP_ALLOCATE|[94]|Bytes:5
02:51:34.0 (45733529)|HEAP_ALLOCATE|[94]|Bytes:14
02:51:34.0 (45737098)|VARIABLE_SCOPE_BEGIN|[94]|fieldname|String|false|false
02:51:34.0 (45743696)|VARIABLE_ASSIGNMENT|[94]|fieldname|"IsHighPriority"
02:51:34.0 (45746970)|STATEMENT_EXECUTE|[95]
02:51:34.0 (45749086)|HEAP_ALLOCATE|[95]|Bytes:15
02:51:34.0 (45752999)|HEAP_ALLOCATE|[95]|Bytes:68
02:51:34.0 (45757284)|VARIABLE_ASSIGNMENT|[95]|allfields|"Id,WhoId,WhatId,Subj (48 more) ..."
02:51:34.0 (45763463)|HEAP_ALLOCATE|[94]|Bytes:5
02:51:34.0 (45768229)|HEAP_ALLOCATE|[94]|Bytes:7
02:51:34.0 (45771703)|VARIABLE_SCOPE_BEGIN|[94]|fieldname|String|false|false
02:51:34.0 (45778684)|VARIABLE_ASSIGNMENT|[94]|fieldname|"OwnerId"
02:51:34.0 (45782133)|STATEMENT_EXECUTE|[95]
02:51:34.0 (45784215)|HEAP_ALLOCATE|[95]|Bytes:8
02:51:34.0 (45787915)|HEAP_ALLOCATE|[95]|Bytes:76
02:51:34.0 (45792222)|VARIABLE_ASSIGNMENT|[95]|allfields|"Id,WhoId,WhatId,Subj (56 more) ..."
02:51:34.0 (45798313)|HEAP_ALLOCATE|[94]|Bytes:5
02:51:34.0 (45803368)|HEAP_ALLOCATE|[94]|Bytes:11
02:51:34.0 (45806805)|VARIABLE_SCOPE_BEGIN|[94]|fieldname|String|false|false
02:51:34.0 (45813671)|VARIABLE_ASSIGNMENT|[94]|fieldname|"Description"
02:51:34.0 (45816956)|STATEMENT_EXECUTE|[95]
02:51:34.0 (45819214)|HEAP_ALLOCATE|[95]|Bytes:12
02:51:34.0 (45823430)|HEAP_ALLOCATE|[95]|Bytes:88
02:51:34.0 (45827870)|VARIABLE_ASSIGNMENT|[95]|allfields|"Id,WhoId,WhatId,Subj (68 more) ..."
02:51:34.0 (45834392)|HEAP_ALLOCATE|[94]|Bytes:5
02:51:34.0 (45839218)|HEAP_ALLOCATE|[94]|Bytes:9
02:51:34.0 (45842377)|VARIABLE_SCOPE_BEGIN|[94]|fieldname|String|false|false
02:51:34.0 (45848907)|VARIABLE_ASSIGNMENT|[94]|fieldname|"IsDeleted"
02:51:34.0 (45852236)|STATEMENT_EXECUTE|[95]
02:51:34.0 (45854547)|HEAP_ALLOCATE|[95]|Bytes:10
02:51:34.0 (45857773)|HEAP_ALLOCATE|[95]|Bytes:98
02:51:34.0 (45862295)|VARIABLE_ASSIGNMENT|[95]|allfields|"Id,WhoId,WhatId,Subj (78 more) ..."
02:51:34.0 (45868149)|HEAP_ALLOCATE|[94]|Bytes:5
02:51:34.0 (45873205)|HEAP_ALLOCATE|[94]|Bytes:9
02:51:34.0 (45876340)|VARIABLE_SCOPE_BEGIN|[94]|fieldname|String|false|false
02:51:34.0 (45882760)|VARIABLE_ASSIGNMENT|[94]|fieldname|"AccountId"
02:51:34.0 (45886310)|STATEMENT_EXECUTE|[95]
02:51:34.0 (45888465)|HEAP_ALLOCATE|[95]|Bytes:10
02:51:34.0 (45892039)|HEAP_ALLOCATE|[95]|Bytes:108
02:51:34.0 (45896598)|VARIABLE_ASSIGNMENT|[95]|allfields|"Id,WhoId,WhatId,Subj (88 more) ..."
02:51:34.0 (45902827)|HEAP_ALLOCATE|[94]|Bytes:5
02:51:34.0 (45907679)|HEAP_ALLOCATE|[94]|Bytes:8
02:51:34.0 (45910966)|VARIABLE_SCOPE_BEGIN|[94]|fieldname|String|false|false
02:51:34.0 (45917312)|VARIABLE_ASSIGNMENT|[94]|fieldname|"IsClosed"
02:51:34.0 (45920289)|STATEMENT_EXECUTE|[95]
02:51:34.0 (45922431)|HEAP_ALLOCATE|[95]|Bytes:9
02:51:34.0 (45925826)|HEAP_ALLOCATE|[95]|Bytes:117
02:51:34.0 (45930436)|VARIABLE_ASSIGNMENT|[95]|allfields|"Id,WhoId,WhatId,Subj (97 more) ..."
02:51:34.0 (45937046)|HEAP_ALLOCATE|[94]|Bytes:5
02:51:34.0 (45941932)|HEAP_ALLOCATE|[94]|Bytes:11
02:51:34.0 (45945376)|VARIABLE_SCOPE_BEGIN|[94]|fieldname|String|false|false
02:51:34.0 (45951989)|VARIABLE_ASSIGNMENT|[94]|fieldname|"CreatedDate"
02:51:34.0 (45955002)|STATEMENT_EXECUTE|[95]
02:51:34.0 (45957107)|HEAP_ALLOCATE|[95]|Bytes:12
02:51:34.0 (45960428)|HEAP_ALLOCATE|[95]|Bytes:129
02:51:34.0 (45964809)|VARIABLE_ASSIGNMENT|[95]|allfields|"Id,WhoId,WhatId,Subj (109 more) ..."
02:51:34.0 (45970929)|HEAP_ALLOCATE|[94]|Bytes:5
02:51:34.0 (45976195)|HEAP_ALLOCATE|[94]|Bytes:11
02:51:34.0 (45979613)|VARIABLE_SCOPE_BEGIN|[94]|fieldname|String|false|false
02:51:34.0 (45986061)|VARIABLE_ASSIGNMENT|[94]|fieldname|"CreatedById"
02:51:34.0 (45989117)|STATEMENT_EXECUTE|[95]
02:51:34.0 (45991298)|HEAP_ALLOCATE|[95]|Bytes:12
02:51:34.0 (45995385)|HEAP_ALLOCATE|[95]|Bytes:141
02:51:34.0 (45999545)|VARIABLE_ASSIGNMENT|[95]|allfields|"Id,WhoId,WhatId,Subj (121 more) ..."
02:51:34.0 (46005553)|HEAP_ALLOCATE|[94]|Bytes:5
02:51:34.0 (46013591)|HEAP_ALLOCATE|[94]|Bytes:16
02:51:34.0 (46022017)|VARIABLE_SCOPE_BEGIN|[94]|fieldname|String|false|false
02:51:34.0 (46029001)|VARIABLE_ASSIGNMENT|[94]|fieldname|"LastModifiedDate"
02:51:34.0 (46032398)|STATEMENT_EXECUTE|[95]
02:51:34.0 (46034942)|HEAP_ALLOCATE|[95]|Bytes:17
02:51:34.0 (46038363)|HEAP_ALLOCATE|[95]|Bytes:158
02:51:34.0 (46043208)|VARIABLE_ASSIGNMENT|[95]|allfields|"Id,WhoId,WhatId,Subj (138 more) ..."
02:51:34.0 (46049881)|HEAP_ALLOCATE|[94]|Bytes:5
02:51:34.0 (46055065)|HEAP_ALLOCATE|[94]|Bytes:16
02:51:34.0 (46058611)|VARIABLE_SCOPE_BEGIN|[94]|fieldname|String|false|false
02:51:34.0 (46065331)|VARIABLE_ASSIGNMENT|[94]|fieldname|"LastModifiedById"
02:51:34.0 (46068357)|STATEMENT_EXECUTE|[95]
02:51:34.0 (46070499)|HEAP_ALLOCATE|[95]|Bytes:17
02:51:34.0 (46074144)|HEAP_ALLOCATE|[95]|Bytes:175
02:51:34.0 (46078255)|VARIABLE_ASSIGNMENT|[95]|allfields|"Id,WhoId,WhatId,Subj (155 more) ..."
02:51:34.0 (46084164)|HEAP_ALLOCATE|[94]|Bytes:5
02:51:34.0 (46089087)|HEAP_ALLOCATE|[94]|Bytes:14
02:51:34.0 (46092544)|VARIABLE_SCOPE_BEGIN|[94]|fieldname|String|false|false
02:51:34.0 (46099050)|VARIABLE_ASSIGNMENT|[94]|fieldname|"SystemModstamp"
02:51:34.0 (46102135)|STATEMENT_EXECUTE|[95]
02:51:34.0 (46104341)|HEAP_ALLOCATE|[95]|Bytes:15
02:51:34.0 (46107660)|HEAP_ALLOCATE|[95]|Bytes:190
02:51:34.0 (46111716)|VARIABLE_ASSIGNMENT|[95]|allfields|"Id,WhoId,WhatId,Subj (170 more) ..."
02:51:34.0 (46117525)|HEAP_ALLOCATE|[94]|Bytes:5
02:51:34.0 (46122347)|HEAP_ALLOCATE|[94]|Bytes:10
02:51:34.0 (46125850)|VARIABLE_SCOPE_BEGIN|[94]|fieldname|String|false|false
02:51:34.0 (46132531)|VARIABLE_ASSIGNMENT|[94]|fieldname|"IsArchived"
02:51:34.0 (46136515)|STATEMENT_EXECUTE|[95]
02:51:34.0 (46138633)|HEAP_ALLOCATE|[95]|Bytes:11
02:51:34.0 (46142482)|HEAP_ALLOCATE|[95]|Bytes:201
02:51:34.0 (46146759)|VARIABLE_ASSIGNMENT|[95]|allfields|"Id,WhoId,WhatId,Subj (181 more) ..."
02:51:34.0 (46153049)|HEAP_ALLOCATE|[94]|Bytes:5
02:51:34.0 (46157924)|HEAP_ALLOCATE|[94]|Bytes:21
02:51:34.0 (46161122)|VARIABLE_SCOPE_BEGIN|[94]|fieldname|String|false|false
02:51:34.0 (46168178)|VARIABLE_ASSIGNMENT|[94]|fieldname|"CallDurationInSecond (1 more) ..."
02:51:34.0 (46171562)|STATEMENT_EXECUTE|[95]
02:51:34.0 (46173827)|HEAP_ALLOCATE|[95]|Bytes:22
02:51:34.0 (46177347)|HEAP_ALLOCATE|[95]|Bytes:223
02:51:34.0 (46181668)|VARIABLE_ASSIGNMENT|[95]|allfields|"Id,WhoId,WhatId,Subj (203 more) ..."
02:51:34.0 (46187734)|HEAP_ALLOCATE|[94]|Bytes:5
02:51:34.0 (46192862)|HEAP_ALLOCATE|[94]|Bytes:8
02:51:34.0 (46196289)|VARIABLE_SCOPE_BEGIN|[94]|fieldname|String|false|false
02:51:34.0 (46203132)|VARIABLE_ASSIGNMENT|[94]|fieldname|"CallType"
02:51:34.0 (46206548)|STATEMENT_EXECUTE|[95]
02:51:34.0 (46208795)|HEAP_ALLOCATE|[95]|Bytes:9
02:51:34.0 (46212374)|HEAP_ALLOCATE|[95]|Bytes:232
02:51:34.0 (46216605)|VARIABLE_ASSIGNMENT|[95]|allfields|"Id,WhoId,WhatId,Subj (212 more) ..."
02:51:34.0 (46222492)|HEAP_ALLOCATE|[94]|Bytes:5
02:51:34.0 (46227240)|HEAP_ALLOCATE|[94]|Bytes:15
02:51:34.0 (46230730)|VARIABLE_SCOPE_BEGIN|[94]|fieldname|String|false|false
02:51:34.0 (46237805)|VARIABLE_ASSIGNMENT|[94]|fieldname|"CallDisposition"
02:51:34.0 (46240993)|STATEMENT_EXECUTE|[95]
02:51:34.0 (46243207)|HEAP_ALLOCATE|[95]|Bytes:16
02:51:34.0 (46246799)|HEAP_ALLOCATE|[95]|Bytes:248
02:51:34.0 (46250972)|VARIABLE_ASSIGNMENT|[95]|allfields|"Id,WhoId,WhatId,Subj (228 more) ..."
02:51:34.0 (46256840)|HEAP_ALLOCATE|[94]|Bytes:5
02:51:34.0 (46262180)|HEAP_ALLOCATE|[94]|Bytes:10
02:51:34.0 (46265286)|VARIABLE_SCOPE_BEGIN|[94]|fieldname|String|false|false
02:51:34.0 (46271945)|VARIABLE_ASSIGNMENT|[94]|fieldname|"CallObject"
02:51:34.0 (46275384)|STATEMENT_EXECUTE|[95]
02:51:34.0 (46277504)|HEAP_ALLOCATE|[95]|Bytes:11
02:51:34.0 (46280996)|HEAP_ALLOCATE|[95]|Bytes:259
02:51:34.0 (46285381)|VARIABLE_ASSIGNMENT|[95]|allfields|"Id,WhoId,WhatId,Subj (239 more) ..."
02:51:34.0 (46291486)|HEAP_ALLOCATE|[94]|Bytes:5
02:51:34.0 (46296172)|HEAP_ALLOCATE|[94]|Bytes:16
02:51:34.0 (46299917)|VARIABLE_SCOPE_BEGIN|[94]|fieldname|String|false|false
02:51:34.0 (46306574)|VARIABLE_ASSIGNMENT|[94]|fieldname|"ReminderDateTime"
02:51:34.0 (46309519)|STATEMENT_EXECUTE|[95]
02:51:34.0 (46311678)|HEAP_ALLOCATE|[95]|Bytes:17
02:51:34.0 (46315191)|HEAP_ALLOCATE|[95]|Bytes:276
02:51:34.0 (46319294)|VARIABLE_ASSIGNMENT|[95]|allfields|"Id,WhoId,WhatId,Subj (256 more) ..."
02:51:34.0 (46325335)|HEAP_ALLOCATE|[94]|Bytes:5
02:51:34.0 (46330079)|HEAP_ALLOCATE|[94]|Bytes:13
02:51:34.0 (46333434)|VARIABLE_SCOPE_BEGIN|[94]|fieldname|String|false|false
02:51:34.0 (46339908)|VARIABLE_ASSIGNMENT|[94]|fieldname|"IsReminderSet"
02:51:34.0 (46343379)|STATEMENT_EXECUTE|[95]
02:51:34.0 (46345686)|HEAP_ALLOCATE|[95]|Bytes:14
02:51:34.0 (46349284)|HEAP_ALLOCATE|[95]|Bytes:290
02:51:34.0 (46353690)|VARIABLE_ASSIGNMENT|[95]|allfields|"Id,WhoId,WhatId,Subj (270 more) ..."
02:51:34.0 (46359681)|HEAP_ALLOCATE|[94]|Bytes:5
02:51:34.0 (46365231)|HEAP_ALLOCATE|[94]|Bytes:20
02:51:34.0 (46368539)|VARIABLE_SCOPE_BEGIN|[94]|fieldname|String|false|false
02:51:34.0 (46374999)|VARIABLE_ASSIGNMENT|[94]|fieldname|"RecurrenceActivityId"
02:51:34.0 (46378784)|STATEMENT_EXECUTE|[95]
02:51:34.0 (46380959)|HEAP_ALLOCATE|[95]|Bytes:21
02:51:34.0 (46384717)|HEAP_ALLOCATE|[95]|Bytes:311
02:51:34.0 (46388962)|VARIABLE_ASSIGNMENT|[95]|allfields|"Id,WhoId,WhatId,Subj (291 more) ..."
02:51:34.0 (46394868)|HEAP_ALLOCATE|[94]|Bytes:5
02:51:34.0 (46399561)|HEAP_ALLOCATE|[94]|Bytes:12
02:51:34.0 (46402903)|VARIABLE_SCOPE_BEGIN|[94]|fieldname|String|false|false
02:51:34.0 (46409594)|VARIABLE_ASSIGNMENT|[94]|fieldname|"IsRecurrence"
02:51:34.0 (46412915)|STATEMENT_EXECUTE|[95]
02:51:34.0 (46415076)|HEAP_ALLOCATE|[95]|Bytes:13
02:51:34.0 (46418429)|HEAP_ALLOCATE|[95]|Bytes:324
02:51:34.0 (46422671)|VARIABLE_ASSIGNMENT|[95]|allfields|"Id,WhoId,WhatId,Subj (304 more) ..."
02:51:34.0 (46428418)|HEAP_ALLOCATE|[94]|Bytes:5
02:51:34.0 (46433048)|HEAP_ALLOCATE|[94]|Bytes:23
02:51:34.0 (46436545)|VARIABLE_SCOPE_BEGIN|[94]|fieldname|String|false|false
02:51:34.0 (46443876)|VARIABLE_ASSIGNMENT|[94]|fieldname|"RecurrenceStartDateO (3 more) ..."
02:51:34.0 (46447042)|STATEMENT_EXECUTE|[95]
02:51:34.0 (46449367)|HEAP_ALLOCATE|[95]|Bytes:24
02:51:34.0 (46452879)|HEAP_ALLOCATE|[95]|Bytes:348
02:51:34.0 (46457632)|VARIABLE_ASSIGNMENT|[95]|allfields|"Id,WhoId,WhatId,Subj (328 more) ..."
02:51:34.0 (46463305)|HEAP_ALLOCATE|[94]|Bytes:5
02:51:34.0 (46468158)|HEAP_ALLOCATE|[94]|Bytes:21
02:51:34.0 (46471364)|VARIABLE_SCOPE_BEGIN|[94]|fieldname|String|false|false
02:51:34.0 (46477900)|VARIABLE_ASSIGNMENT|[94]|fieldname|"RecurrenceEndDateOnl (1 more) ..."
02:51:34.0 (46481190)|STATEMENT_EXECUTE|[95]
02:51:34.0 (46483322)|HEAP_ALLOCATE|[95]|Bytes:22
02:51:34.0 (46487234)|HEAP_ALLOCATE|[95]|Bytes:370
02:51:34.0 (46491432)|VARIABLE_ASSIGNMENT|[95]|allfields|"Id,WhoId,WhatId,Subj (350 more) ..."
02:51:34.0 (46498115)|HEAP_ALLOCATE|[94]|Bytes:5
02:51:34.0 (46502932)|HEAP_ALLOCATE|[94]|Bytes:24
02:51:34.0 (46506253)|VARIABLE_SCOPE_BEGIN|[94]|fieldname|String|false|false
02:51:34.0 (46513175)|VARIABLE_ASSIGNMENT|[94]|fieldname|"RecurrenceTimeZoneSi (4 more) ..."
02:51:34.0 (46516588)|STATEMENT_EXECUTE|[95]
02:51:34.0 (46518778)|HEAP_ALLOCATE|[95]|Bytes:25
02:51:34.0 (46522762)|HEAP_ALLOCATE|[95]|Bytes:395
02:51:34.0 (46527017)|VARIABLE_ASSIGNMENT|[95]|allfields|"Id,WhoId,WhatId,Subj (375 more) ..."
02:51:34.0 (46533406)|HEAP_ALLOCATE|[94]|Bytes:5
02:51:34.0 (46538063)|HEAP_ALLOCATE|[94]|Bytes:14
02:51:34.0 (46541806)|VARIABLE_SCOPE_BEGIN|[94]|fieldname|String|false|false
02:51:34.0 (46547989)|VARIABLE_ASSIGNMENT|[94]|fieldname|"RecurrenceType"
02:51:34.0 (46551046)|STATEMENT_EXECUTE|[95]
02:51:34.0 (46553388)|HEAP_ALLOCATE|[95]|Bytes:15
02:51:34.0 (46556849)|HEAP_ALLOCATE|[95]|Bytes:410
02:51:34.0 (46561003)|VARIABLE_ASSIGNMENT|[95]|allfields|"Id,WhoId,WhatId,Subj (390 more) ..."
02:51:34.0 (46567377)|HEAP_ALLOCATE|[94]|Bytes:5
02:51:34.0 (46572121)|HEAP_ALLOCATE|[94]|Bytes:18
02:51:34.0 (46575386)|VARIABLE_SCOPE_BEGIN|[94]|fieldname|String|false|false
02:51:34.0 (46582462)|VARIABLE_ASSIGNMENT|[94]|fieldname|"RecurrenceInterval"
02:51:34.0 (46585922)|STATEMENT_EXECUTE|[95]
02:51:34.0 (46588290)|HEAP_ALLOCATE|[95]|Bytes:19
02:51:34.0 (46591576)|HEAP_ALLOCATE|[95]|Bytes:429
02:51:34.0 (46595993)|VARIABLE_ASSIGNMENT|[95]|allfields|"Id,WhoId,WhatId,Subj (409 more) ..."
02:51:34.0 (46601774)|HEAP_ALLOCATE|[94]|Bytes:5
02:51:34.0 (46606984)|HEAP_ALLOCATE|[94]|Bytes:23
02:51:34.0 (46610147)|VARIABLE_SCOPE_BEGIN|[94]|fieldname|String|false|false
02:51:34.0 (46616790)|VARIABLE_ASSIGNMENT|[94]|fieldname|"RecurrenceDayOfWeekM (3 more) ..."
02:51:34.0 (46620055)|STATEMENT_EXECUTE|[95]
02:51:34.0 (46622462)|HEAP_ALLOCATE|[95]|Bytes:24
02:51:34.0 (46626102)|HEAP_ALLOCATE|[95]|Bytes:453
02:51:34.0 (46630267)|VARIABLE_ASSIGNMENT|[95]|allfields|"Id,WhoId,WhatId,Subj (433 more) ..."
02:51:34.0 (46636215)|HEAP_ALLOCATE|[94]|Bytes:5
02:51:34.0 (46640918)|HEAP_ALLOCATE|[94]|Bytes:20
02:51:34.0 (46644092)|VARIABLE_SCOPE_BEGIN|[94]|fieldname|String|false|false
02:51:34.0 (46650413)|VARIABLE_ASSIGNMENT|[94]|fieldname|"RecurrenceDayOfMonth"
02:51:34.0 (46653693)|STATEMENT_EXECUTE|[95]
02:51:34.0 (46656023)|HEAP_ALLOCATE|[95]|Bytes:21
02:51:34.0 (46659322)|HEAP_ALLOCATE|[95]|Bytes:474
02:51:34.0 (46663488)|VARIABLE_ASSIGNMENT|[95]|allfields|"Id,WhoId,WhatId,Subj (454 more) ..."
02:51:34.0 (46669755)|HEAP_ALLOCATE|[94]|Bytes:5
02:51:34.0 (46674446)|HEAP_ALLOCATE|[94]|Bytes:18
02:51:34.0 (46677641)|VARIABLE_SCOPE_BEGIN|[94]|fieldname|String|false|false
02:51:34.0 (46683793)|VARIABLE_ASSIGNMENT|[94]|fieldname|"RecurrenceInstance"
02:51:34.0 (46686821)|STATEMENT_EXECUTE|[95]
02:51:34.0 (46688956)|HEAP_ALLOCATE|[95]|Bytes:19
02:51:34.0 (46692767)|HEAP_ALLOCATE|[95]|Bytes:493
02:51:34.0 (46696763)|VARIABLE_ASSIGNMENT|[95]|allfields|"Id,WhoId,WhatId,Subj (473 more) ..."
02:51:34.0 (46702795)|HEAP_ALLOCATE|[94]|Bytes:5
02:51:34.0 (46707786)|HEAP_ALLOCATE|[94]|Bytes:21
02:51:34.0 (46710832)|VARIABLE_SCOPE_BEGIN|[94]|fieldname|String|false|false
02:51:34.0 (46718203)|VARIABLE_ASSIGNMENT|[94]|fieldname|"RecurrenceMonthOfYea (1 more) ..."
02:51:34.0 (46721853)|STATEMENT_EXECUTE|[95]
02:51:34.0 (46723986)|HEAP_ALLOCATE|[95]|Bytes:22
02:51:34.0 (46727794)|HEAP_ALLOCATE|[95]|Bytes:515
02:51:34.0 (46732065)|VARIABLE_ASSIGNMENT|[95]|allfields|"Id,WhoId,WhatId,Subj (495 more) ..."
02:51:34.0 (46738078)|HEAP_ALLOCATE|[94]|Bytes:5
02:51:34.0 (46742851)|HEAP_ALLOCATE|[94]|Bytes:25
02:51:34.0 (46746255)|VARIABLE_SCOPE_BEGIN|[94]|fieldname|String|false|false
02:51:34.0 (46752915)|VARIABLE_ASSIGNMENT|[94]|fieldname|"RecurrenceRegenerate (5 more) ..."
02:51:34.0 (46756073)|STATEMENT_EXECUTE|[95]
02:51:34.0 (46758227)|HEAP_ALLOCATE|[95]|Bytes:26
02:51:34.0 (46761837)|HEAP_ALLOCATE|[95]|Bytes:541
02:51:34.0 (46766372)|VARIABLE_ASSIGNMENT|[95]|allfields|"Id,WhoId,WhatId,Subj (521 more) ..."
02:51:34.0 (46772292)|HEAP_ALLOCATE|[94]|Bytes:5
02:51:34.0 (46777170)|HEAP_ALLOCATE|[94]|Bytes:11
02:51:34.0 (46780486)|VARIABLE_SCOPE_BEGIN|[94]|fieldname|String|false|false
02:51:34.0 (46786757)|VARIABLE_ASSIGNMENT|[94]|fieldname|"TaskSubtype"
02:51:34.0 (46789978)|STATEMENT_EXECUTE|[95]
02:51:34.0 (46792163)|HEAP_ALLOCATE|[95]|Bytes:12
02:51:34.0 (46795704)|HEAP_ALLOCATE|[95]|Bytes:553
02:51:34.0 (46799882)|VARIABLE_ASSIGNMENT|[95]|allfields|"Id,WhoId,WhatId,Subj (533 more) ..."
02:51:34.0 (46805675)|HEAP_ALLOCATE|[94]|Bytes:5
02:51:34.0 (46811406)|VARIABLE_ASSIGNMENT|[94]|fieldname|null
02:51:34.0 (46815574)|STATEMENT_EXECUTE|[97]
02:51:34.0 (46871957)|HEAP_ALLOCATE|[97]|Bytes:552
02:51:34.0 (46882932)|VARIABLE_ASSIGNMENT|[97]|allfields|"Id,WhoId,WhatId,Subj (532 more) ..."
02:51:34.0 (46886863)|STATEMENT_EXECUTE|[99]
02:51:34.0 (46900633)|METHOD_EXIT|[19]|01p7F00000HhQR4|PM_Job_New_Controller.getAllFields(String)
02:51:34.0 (46907588)|HEAP_ALLOCATE|[19]|Bytes:10
02:51:34.0 (46915463)|HEAP_ALLOCATE|[19]|Bytes:569
02:51:34.0 (47362388)|SOQL_EXECUTE_BEGIN|[19]|Aggregations:0|select Id,WhoId,WhatId,Subject,ActivityDate,Status,Priority,IsHighPriority,OwnerId,Description,IsDeleted,AccountId,IsClosed,CreatedDate,CreatedById,LastModifiedDate,LastModifiedById,SystemModstamp,IsArchived,CallDurationInSeconds,CallType,CallDisposition,CallObject,ReminderDateTime,IsReminderSet,RecurrenceActivityId,IsRecurrence,RecurrenceStartDateOnly,RecurrenceEndDateOnly,RecurrenceTimeZoneSidKey,RecurrenceType,RecurrenceInterval,RecurrenceDayOfWeekMask,RecurrenceDayOfMonth,RecurrenceInstance,RecurrenceMonthOfYear,RecurrenceRegeneratedType,TaskSubtype from Task
02:51:34.0 (55316787)|SOQL_EXECUTE_END|[19]|Rows:4
02:51:34.0 (55338982)|HEAP_ALLOCATE|[19]|Bytes:20
02:51:34.0 (55365931)|HEAP_ALLOCATE|[19]|Bytes:1808
02:51:34.0 (55434414)|HEAP_ALLOCATE|[19]|Bytes:20
02:51:34.0 (55452967)|VARIABLE_SCOPE_BEGIN|[19]|task|List<Task>|true|false
02:51:34.0 (55546704)|VARIABLE_ASSIGNMENT|[19]|task|[{"Id":"00T7F000009TyUbUAK","WhoId":"00Q7F0000030w5tUAA","Subject":"Other","Status":"Completed","Priority":"Normal","IsHighPriority":false,"OwnerId":"0057F000000T34oQAC","IsDeleted":false,"IsClosed":true,"CreatedDate":"2017-10-10T16:56:11.000Z","CreatedById":"0057F000000T34oQAC","LastModifiedDate":"2017-10-25T03:00:11.000Z","LastModifiedById":"0057F000000T34oQAC","SystemModstamp":"2017-10-25T03:00:11.000Z","IsArchived":false,"IsReminderSet":false,"IsRecurrence":false,"TaskSubtype":"Task"},{"Id":"00T7F000009TyexUAC","WhoId":"0037F00000BmYSmQAN","WhatId":"0067F0000051AquQAE","Subject":"Call","ActivityDate":"2017-10-11T00:00:00.000Z","Status":"Completed","Priority":"Normal","IsHighPriority":false,"OwnerId":"0057F000000T34oQAC","IsDeleted":false,"AccountId":"0017F00000HVkX6QAL","IsClosed":true,"CreatedDate":"2017-10-10T18:44:53.000Z","CreatedById":"0057F000000T34oQAC","LastModifiedDate":"2017-10-25T03:00:39.000Z","LastModifiedById":"0057F000000T34oQAC","SystemModstamp":"2017-10-25T03:00:39.000Z","IsArchived":false,"ReminderDateTime":"2017-10-10T15:00:00.000Z","IsReminderSet":false,"IsRecurrence":false,"TaskSubtype":"Task"},{"Id":"00T7F00000DvfQzUAJ","WhoId":"0037F00000INcziQAD","WhatId":"0067F000006ogtuQAA","Subject":"test","ActivityDate":"2017-11-29T00:00:00.000Z","Status":"In Progress","Priority":"Normal","IsHighPriority":false,"OwnerId":"0057F000000T34oQAC","IsDeleted":false,"AccountId":"0017F00000HVkX6QAL","IsClosed":false,"CreatedDate":"2017-11-29T14:43:25.000Z","CreatedById":"0057F000000T34oQAC","LastModifiedDate":"2017-12-11T13:25:59.000Z","LastModifiedById":"0057F000000T34oQAC","SystemModstamp":"2017-12-11T13:25:59.000Z","IsArchived":false,"ReminderDateTime":"2017-11-29T16:00:00.000Z","IsReminderSet":false,"IsRecurrence":false,"TaskSubtype":"Task"},{"Id":"00T7F00000MIsEyUAL","Subject":"Hello World","Status":"Open","Priority":"Normal","IsHighPriority":false,"OwnerId":"0057F000000Tiz6QAC","IsDeleted":false,"IsClosed":false,"CreatedDate":"2018-01-29T10:50:31.000Z","CreatedById":"0057F000000Tiz6QAC","LastModifiedDate":"2018-01-29T10:50:31.000Z","LastModifiedById":"0057F000000Tiz6QAC","SystemModstamp":"2018-01-29T10:50:31.000Z","IsArchived":false,"IsReminderSet":false,"IsRecurrence":false,"TaskSubtype":"Task"}]|0xaf7b510
02:51:34.0 (55579659)|STATEMENT_EXECUTE|[20]
02:51:34.0 (55583840)|HEAP_ALLOCATE|[20]|Bytes:36
02:51:34.0 (55874121)|HEAP_ALLOCATE|[20]|Bytes:1999
02:51:34.0 (55893153)|HEAP_ALLOCATE|[20]|Bytes:2035
02:51:34.0 (55912781)|USER_DEBUG|[20]|DEBUG|------------------------------------(Task:{Id=00T7F000009TyUbUAK, WhoId=00Q7F0000030w5tUAA, Subject=Other, Status=Completed, Priority=Normal, IsHighPriority=false, OwnerId=0057F000000T34oQAC, IsDeleted=false, IsClosed=true, CreatedDate=2017-10-10 16:56:11, CreatedById=0057F000000T34oQAC, LastModifiedDate=2017-10-25 03:00:11, LastModifiedById=0057F000000T34oQAC, SystemModstamp=2017-10-25 03:00:11, IsArchived=false, IsReminderSet=false, IsRecurrence=false, TaskSubtype=Task}, Task:{Id=00T7F000009TyexUAC, WhoId=0037F00000BmYSmQAN, WhatId=0067F0000051AquQAE, Subject=Call, ActivityDate=2017-10-11 00:00:00, Status=Completed, Priority=Normal, IsHighPriority=false, OwnerId=0057F000000T34oQAC, IsDeleted=false, AccountId=0017F00000HVkX6QAL, IsClosed=true, CreatedDate=2017-10-10 18:44:53, CreatedById=0057F000000T34oQAC, LastModifiedDate=2017-10-25 03:00:39, LastModifiedById=0057F000000T34oQAC, SystemModstamp=2017-10-25 03:00:39, IsArchived=false, ReminderDateTime=2017-10-10 15:00:00, IsReminderSet=false, IsRecurrence=false, TaskSubtype=Task}, Task:{Id=00T7F00000DvfQzUAJ, WhoId=0037F00000INcziQAD, WhatId=0067F000006ogtuQAA, Subject=test, ActivityDate=2017-11-29 00:00:00, Status=In Progress, Priority=Normal, IsHighPriority=false, OwnerId=0057F000000T34oQAC, IsDeleted=false, AccountId=0017F00000HVkX6QAL, IsClosed=false, CreatedDate=2017-11-29 14:43:25, CreatedById=0057F000000T34oQAC, LastModifiedDate=2017-12-11 13:25:59, LastModifiedById=0057F000000T34oQAC, SystemModstamp=2017-12-11 13:25:59, IsArchived=false, ReminderDateTime=2017-11-29 16:00:00, IsReminderSet=false, IsRecurrence=false, TaskSubtype=Task}, Task:{Id=00T7F00000MIsEyUAL, Subject=Hello World, Status=Open, Priority=Normal, IsHighPriority=false, OwnerId=0057F000000Tiz6QAC, IsDeleted=false, IsClosed=false, CreatedDate=2018-01-29 10:50:31, CreatedById=0057F000000Tiz6QAC, LastModifiedDate=2018-01-29 10:50:31, LastModifiedById=0057F000000Tiz6QAC, SystemModstamp=2018-01-29 10:50:31, IsArchived=false, IsReminderSet=false, IsRecurrence=false, TaskSubtype=Task})
02:51:34.0 (55942734)|STATEMENT_EXECUTE|[21]
02:51:34.0 (55998177)|HEAP_ALLOCATE|[21]|Bytes:85
02:51:34.0 (56012627)|SYSTEM_METHOD_ENTRY|[1]|UserInfo.UserInfo()
02:51:34.0 (56016483)|STATEMENT_EXECUTE|[1]
02:51:34.0 (56027305)|SYSTEM_METHOD_EXIT|[1]|UserInfo
02:51:34.0 (56038656)|METHOD_ENTRY|[21]||System.UserInfo.getUserId()
02:51:34.0 (56071544)|METHOD_EXIT|[21]||System.UserInfo.getUserId()
02:51:34.0 (56076301)|HEAP_ALLOCATE|[21]|Bytes:5
02:51:34.0 (56086435)|METHOD_ENTRY|[21]||System.UserInfo.getUserName()
02:51:34.0 (56109523)|METHOD_EXIT|[21]||System.UserInfo.getUserName()
02:51:34.0 (56119526)|HEAP_ALLOCATE|[21]|Bytes:80
02:51:34.0 (56127456)|USER_DEBUG|[21]|DEBUG|------------------------------------0057F000000Tiz6QAC-----ksb994@salesforce.com
02:51:34.0 (56136100)|SYSTEM_MODE_EXIT|false
02:51:34.0 (56593065)|SYSTEM_MODE_ENTER|true
02:51:34.74 (74324322)|SYSTEM_MODE_ENTER|true
02:51:34.74 (74398919)|HEAP_ALLOCATE|[EXTERNAL]|Bytes:8
02:51:34.74 (74411819)|VARIABLE_SCOPE_BEGIN|[88]|this|ApexPage.PageMessagesComponentController|true|false
02:51:34.74 (74444403)|VARIABLE_ASSIGNMENT|[88]|this|{}|0x1e07d90b
02:51:34.74 (74451154)|VARIABLE_SCOPE_BEGIN|[88]|escape|Boolean|false|false
02:51:34.74 (74457949)|VARIABLE_ASSIGNMENT|[88]|escape|null
02:51:34.74 (74588114)|SYSTEM_MODE_ENTER|true
02:51:34.74 (74616664)|HEAP_ALLOCATE|[EXTERNAL]|Bytes:8
02:51:34.74 (74623583)|VARIABLE_SCOPE_BEGIN|[2]|this|ApexPage.PageMessagesComponentController|true|false
02:51:34.74 (74639197)|VARIABLE_ASSIGNMENT|[2]|this|{}|0x1e07d90b
02:51:34.0 (75174056)|SYSTEM_MODE_ENTER|true
02:51:34.0 (75206179)|HEAP_ALLOCATE|[EXTERNAL]|Bytes:40
02:51:34.0 (75216870)|VARIABLE_SCOPE_BEGIN|[24]|this|PM_Job_New_Controller|true|false
02:51:34.0 (75252865)|VARIABLE_ASSIGNMENT|[24]|this|{"job":"0x5c644b4e","projectList":"0x4b57614c"}|0x6ef556f8
02:51:34.0 (75269881)|SYSTEM_MODE_ENTER|false
02:51:34.0 (75276025)|HEAP_ALLOCATE|[25]|Bytes:5
02:51:34.0 (75281442)|STATEMENT_EXECUTE|[24]
02:51:34.0 (75283216)|STATEMENT_EXECUTE|[25]
02:51:34.0 (75296488)|HEAP_ALLOCATE|[25]|Bytes:4
02:51:34.0 (75325155)|VARIABLE_SCOPE_BEGIN|[25]|cpcso|List<System.SelectOption>|true|false
02:51:34.0 (75345983)|HEAP_ALLOCATE|[EXTERNAL]|Bytes:4
02:51:34.0 (75355592)|VARIABLE_ASSIGNMENT|[25]|cpcso|[]|0x21c7238a
02:51:34.0 (75396893)|VARIABLE_ASSIGNMENT|[EXTERNAL]|this|{"job":"0x5c644b4e","projectList":"0x4b57614c"}|0x6ef556f8
02:51:34.0 (75537437)|HEAP_ALLOCATE|[26]|Bytes:5
02:51:34.0 (75553711)|HEAP_ALLOCATE|[26]|Bytes:12
02:51:34.0 (75563117)|VARIABLE_SCOPE_BEGIN|[26]|pro|Project__c|true|false
02:51:34.0 (75579734)|VARIABLE_ASSIGNMENT|[26]|pro|{"Company_project_code (3 more) ...":"101-TRN-COM-042","Id":"a057F0000039u2LQAQ"}|0x38a9a921
02:51:34.0 (75586051)|STATEMENT_EXECUTE|[26]
02:51:34.0 (75587405)|STATEMENT_EXECUTE|[27]
02:51:34.0 (75626552)|HEAP_ALLOCATE|[27]|Bytes:18
02:51:34.0 (75695721)|HEAP_ALLOCATE|[EXTERNAL]|Bytes:4
02:51:34.0 (75710448)|HEAP_ALLOCATE|[26]|Bytes:5
02:51:34.0 (75719355)|HEAP_ALLOCATE|[26]|Bytes:12
02:51:34.0 (75724977)|VARIABLE_SCOPE_BEGIN|[26]|pro|Project__c|true|false
02:51:34.0 (75738785)|VARIABLE_ASSIGNMENT|[26]|pro|{"Company_project_code (3 more) ...":"101-TRN-COM-036","Id":"a057F0000039u2MQAQ"}|0x8045e86
02:51:34.0 (75743984)|STATEMENT_EXECUTE|[26]
02:51:34.0 (75745069)|STATEMENT_EXECUTE|[27]
02:51:34.0 (75753260)|HEAP_ALLOCATE|[27]|Bytes:18
02:51:34.0 (75765182)|HEAP_ALLOCATE|[EXTERNAL]|Bytes:4
02:51:34.0 (75773727)|HEAP_ALLOCATE|[26]|Bytes:5
02:51:34.0 (75780673)|HEAP_ALLOCATE|[26]|Bytes:12
02:51:34.0 (75785034)|VARIABLE_SCOPE_BEGIN|[26]|pro|Project__c|true|false
02:51:34.0 (75795736)|VARIABLE_ASSIGNMENT|[26]|pro|{"Company_project_code (3 more) ...":"101-TRN-COM-034","Id":"a057F0000039u2NQAQ"}|0x41810d5a
02:51:34.0 (75800482)|STATEMENT_EXECUTE|[26]
02:51:34.0 (75801479)|STATEMENT_EXECUTE|[27]
02:51:34.0 (75806911)|HEAP_ALLOCATE|[27]|Bytes:18
02:51:34.0 (75815735)|HEAP_ALLOCATE|[EXTERNAL]|Bytes:4
02:51:34.0 (75823143)|HEAP_ALLOCATE|[26]|Bytes:5
02:51:34.0 (75829945)|HEAP_ALLOCATE|[26]|Bytes:12
02:51:34.0 (75834016)|VARIABLE_SCOPE_BEGIN|[26]|pro|Project__c|true|false
02:51:34.0 (75843751)|VARIABLE_ASSIGNMENT|[26]|pro|{"Company_project_code (3 more) ...":"101-TRN-COM-051","Id":"a057F0000039u2OQAQ"}|0x5fa729be
02:51:34.0 (75848473)|STATEMENT_EXECUTE|[26]
02:51:34.0 (75849380)|STATEMENT_EXECUTE|[27]
02:51:34.0 (75853880)|HEAP_ALLOCATE|[27]|Bytes:18
02:51:34.0 (75862774)|HEAP_ALLOCATE|[EXTERNAL]|Bytes:4
02:51:34.0 (75870237)|HEAP_ALLOCATE|[26]|Bytes:5
02:51:34.0 (75876540)|HEAP_ALLOCATE|[26]|Bytes:12
02:51:34.0 (75880371)|VARIABLE_SCOPE_BEGIN|[26]|pro|Project__c|true|false
02:51:34.0 (75890143)|VARIABLE_ASSIGNMENT|[26]|pro|{"Company_project_code (3 more) ...":"300-0001-00","Id":"a057F0000039u22QAA"}|0x2a3263ca
02:51:34.0 (75894843)|STATEMENT_EXECUTE|[26]
02:51:34.0 (75895755)|STATEMENT_EXECUTE|[27]
02:51:34.0 (75900313)|HEAP_ALLOCATE|[27]|Bytes:18
02:51:34.0 (75908178)|HEAP_ALLOCATE|[EXTERNAL]|Bytes:4
02:51:34.0 (75915711)|HEAP_ALLOCATE|[26]|Bytes:5
02:51:34.0 (75922114)|HEAP_ALLOCATE|[26]|Bytes:12
02:51:34.0 (75925921)|VARIABLE_SCOPE_BEGIN|[26]|pro|Project__c|true|false
02:51:34.0 (75935689)|VARIABLE_ASSIGNMENT|[26]|pro|{"Company_project_code (3 more) ...":"300-0002-01","Id":"a057F0000039u23QAA"}|0x68f864
02:51:34.0 (75940863)|STATEMENT_EXECUTE|[26]
02:51:34.0 (75941766)|STATEMENT_EXECUTE|[27]
02:51:34.0 (75946191)|HEAP_ALLOCATE|[27]|Bytes:18
02:51:34.0 (75954078)|HEAP_ALLOCATE|[EXTERNAL]|Bytes:4
02:51:34.0 (75961266)|HEAP_ALLOCATE|[26]|Bytes:5
02:51:34.0 (75967290)|HEAP_ALLOCATE|[26]|Bytes:12
02:51:34.0 (75971212)|VARIABLE_SCOPE_BEGIN|[26]|pro|Project__c|true|false
02:51:34.0 (75981302)|VARIABLE_ASSIGNMENT|[26]|pro|{"Company_project_code (3 more) ...":"101-TRN-COM-008","Id":"a057F0000039u24QAA"}|0x49cadeee
02:51:34.0 (75985974)|STATEMENT_EXECUTE|[26]
02:51:34.0 (75986879)|STATEMENT_EXECUTE|[27]
02:51:34.0 (75991402)|HEAP_ALLOCATE|[27]|Bytes:18
02:51:34.0 (75999027)|HEAP_ALLOCATE|[EXTERNAL]|Bytes:4
02:51:34.0 (76006159)|HEAP_ALLOCATE|[26]|Bytes:5
02:51:34.0 (76013078)|HEAP_ALLOCATE|[26]|Bytes:12
02:51:34.0 (76017150)|VARIABLE_SCOPE_BEGIN|[26]|pro|Project__c|true|false
02:51:34.0 (76029861)|VARIABLE_ASSIGNMENT|[26]|pro|{"Company_project_code (3 more) ...":"101-TRN-COM-047","Id":"a057F0000039u25QAA"}|0x2f46f4b0
02:51:34.0 (76035232)|STATEMENT_EXECUTE|[26]
02:51:34.0 (76036137)|STATEMENT_EXECUTE|[27]
02:51:34.0 (76041082)|HEAP_ALLOCATE|[27]|Bytes:18
02:51:34.0 (76049692)|HEAP_ALLOCATE|[EXTERNAL]|Bytes:4
02:51:34.0 (76057473)|HEAP_ALLOCATE|[26]|Bytes:5
02:51:34.0 (76064008)|HEAP_ALLOCATE|[26]|Bytes:12
02:51:34.0 (76068151)|VARIABLE_SCOPE_BEGIN|[26]|pro|Project__c|true|false
02:51:34.0 (76077877)|VARIABLE_ASSIGNMENT|[26]|pro|{"Company_project_code (3 more) ...":"101-TRN-COM-046","Id":"a057F0000039u26QAA"}|0x16d3fea1
02:51:34.0 (76082361)|STATEMENT_EXECUTE|[26]
02:51:34.0 (76083274)|STATEMENT_EXECUTE|[27]
02:51:34.0 (76087952)|HEAP_ALLOCATE|[27]|Bytes:18
02:51:34.0 (76099727)|HEAP_ALLOCATE|[EXTERNAL]|Bytes:4
02:51:34.0 (76107400)|HEAP_ALLOCATE|[26]|Bytes:5
02:51:34.0 (76113992)|HEAP_ALLOCATE|[26]|Bytes:12
02:51:34.0 (76117926)|VARIABLE_SCOPE_BEGIN|[26]|pro|Project__c|true|false
02:51:34.0 (76128216)|VARIABLE_ASSIGNMENT|[26]|pro|{"Company_project_code (3 more) ...":"101-TRN-COM-050","Id":"a057F0000039u27QAA"}|0x51bf8fc7
02:51:34.0 (76132979)|STATEMENT_EXECUTE|[26]
02:51:34.0 (76133893)|STATEMENT_EXECUTE|[27]
02:51:34.0 (76138754)|HEAP_ALLOCATE|[27]|Bytes:18
02:51:34.0 (76147017)|HEAP_ALLOCATE|[EXTERNAL]|Bytes:4
02:51:34.0 (76153974)|HEAP_ALLOCATE|[26]|Bytes:5
02:51:34.0 (76159976)|HEAP_ALLOCATE|[26]|Bytes:12
02:51:34.0 (76163751)|VARIABLE_SCOPE_BEGIN|[26]|pro|Project__c|true|false
02:51:34.0 (76173433)|VARIABLE_ASSIGNMENT|[26]|pro|{"Company_project_code (3 more) ...":"101-TRN-COM-033","Id":"a057F0000039u28QAA"}|0x4e1d06b0
02:51:34.0 (76178516)|STATEMENT_EXECUTE|[26]
02:51:34.0 (76179426)|STATEMENT_EXECUTE|[27]
02:51:34.0 (76183831)|HEAP_ALLOCATE|[27]|Bytes:18
02:51:34.0 (76191600)|HEAP_ALLOCATE|[EXTERNAL]|Bytes:4
02:51:34.0 (76199052)|HEAP_ALLOCATE|[26]|Bytes:5
02:51:34.0 (76204974)|HEAP_ALLOCATE|[26]|Bytes:12
02:51:34.0 (76209125)|VARIABLE_SCOPE_BEGIN|[26]|pro|Project__c|true|false
02:51:34.0 (76218726)|VARIABLE_ASSIGNMENT|[26]|pro|{"Company_project_code (3 more) ...":"101-TRN-COX-007","Id":"a057F0000039u29QAA"}|0x566698b7
02:51:34.0 (76223971)|STATEMENT_EXECUTE|[26]
02:51:34.0 (76224884)|STATEMENT_EXECUTE|[27]
02:51:34.0 (76229141)|HEAP_ALLOCATE|[27]|Bytes:18
02:51:34.0 (76237292)|HEAP_ALLOCATE|[EXTERNAL]|Bytes:4
02:51:34.0 (76248376)|HEAP_ALLOCATE|[26]|Bytes:5
02:51:34.0 (76254767)|HEAP_ALLOCATE|[26]|Bytes:12
02:51:34.0 (76258874)|VARIABLE_SCOPE_BEGIN|[26]|pro|Project__c|true|false
02:51:34.0 (76271140)|VARIABLE_ASSIGNMENT|[26]|pro|{"Company_project_code (3 more) ...":"101-TRN-COX-006","Id":"a057F0000039u2AQAQ"}|0x5fc9522c
02:51:34.0 (76275883)|STATEMENT_EXECUTE|[26]
02:51:34.0 (76276785)|STATEMENT_EXECUTE|[27]
02:51:34.0 (76281489)|HEAP_ALLOCATE|[27]|Bytes:18
02:51:34.0 (76289267)|HEAP_ALLOCATE|[EXTERNAL]|Bytes:4
02:51:34.0 (76296476)|HEAP_ALLOCATE|[26]|Bytes:5
02:51:34.0 (76302493)|HEAP_ALLOCATE|[26]|Bytes:12
02:51:34.0 (76306509)|VARIABLE_SCOPE_BEGIN|[26]|pro|Project__c|true|false
02:51:34.0 (76317100)|VARIABLE_ASSIGNMENT|[26]|pro|{"Company_project_code (3 more) ...":"101-TRN-COX-008","Id":"a057F0000039u2BQAQ"}|0x72252fa5
02:51:34.0 (76321942)|STATEMENT_EXECUTE|[26]
02:51:34.0 (76322907)|STATEMENT_EXECUTE|[27]
02:51:34.0 (76327404)|HEAP_ALLOCATE|[27]|Bytes:18
02:51:34.0 (76335171)|HEAP_ALLOCATE|[EXTERNAL]|Bytes:4
02:51:34.0 (76342273)|HEAP_ALLOCATE|[26]|Bytes:5
02:51:34.0 (76348479)|HEAP_ALLOCATE|[26]|Bytes:12
02:51:34.0 (76352184)|VARIABLE_SCOPE_BEGIN|[26]|pro|Project__c|true|false
02:51:34.0 (76361621)|VARIABLE_ASSIGNMENT|[26]|pro|{"Company_project_code (3 more) ...":"101-TRN-COM-027","Id":"a057F0000039u2CQAQ"}|0x54ab8fd7
02:51:34.0 (76366695)|STATEMENT_EXECUTE|[26]
02:51:34.0 (76367604)|STATEMENT_EXECUTE|[27]
02:51:34.0 (76372182)|HEAP_ALLOCATE|[27]|Bytes:18
02:51:34.0 (76379951)|HEAP_ALLOCATE|[EXTERNAL]|Bytes:4
02:51:34.0 (76386660)|HEAP_ALLOCATE|[26]|Bytes:5
02:51:34.0 (76392767)|HEAP_ALLOCATE|[26]|Bytes:12
02:51:34.0 (76396598)|VARIABLE_SCOPE_BEGIN|[26]|pro|Project__c|true|false
02:51:34.0 (76406355)|VARIABLE_ASSIGNMENT|[26]|pro|{"Company_project_code (3 more) ...":"101-TRN-COM-029","Id":"a057F0000039u2DQAQ"}|0x36ea16d5
02:51:34.0 (76411022)|STATEMENT_EXECUTE|[26]
02:51:34.0 (76411925)|STATEMENT_EXECUTE|[27]
02:51:34.0 (76416309)|HEAP_ALLOCATE|[27]|Bytes:18
02:51:34.0 (76424759)|HEAP_ALLOCATE|[EXTERNAL]|Bytes:4
02:51:34.0 (76432434)|HEAP_ALLOCATE|[26]|Bytes:5
02:51:34.0 (76439000)|HEAP_ALLOCATE|[26]|Bytes:12
02:51:34.0 (76443188)|VARIABLE_SCOPE_BEGIN|[26]|pro|Project__c|true|false
02:51:34.0 (76452751)|VARIABLE_ASSIGNMENT|[26]|pro|{"Company_project_code (3 more) ...":"101-TRN-COM-014","Id":"a057F0000039u2EQAQ"}|0x23a77a16
02:51:34.0 (76457829)|STATEMENT_EXECUTE|[26]
02:51:34.0 (76458735)|STATEMENT_EXECUTE|[27]
02:51:34.0 (76463172)|HEAP_ALLOCATE|[27]|Bytes:18
02:51:34.0 (76470836)|HEAP_ALLOCATE|[EXTERNAL]|Bytes:4
02:51:34.0 (76478739)|HEAP_ALLOCATE|[26]|Bytes:5
02:51:34.0 (76485023)|HEAP_ALLOCATE|[26]|Bytes:12
02:51:34.0 (76488856)|VARIABLE_SCOPE_BEGIN|[26]|pro|Project__c|true|false
02:51:34.0 (76498826)|VARIABLE_ASSIGNMENT|[26]|pro|{"Company_project_code (3 more) ...":"301-0001-00","Id":"a057F0000039u21QAA"}|0x78a421c0
02:51:34.0 (76503265)|STATEMENT_EXECUTE|[26]
02:51:34.0 (76504163)|STATEMENT_EXECUTE|[27]
02:51:34.0 (76508647)|HEAP_ALLOCATE|[27]|Bytes:18
02:51:34.0 (76516463)|HEAP_ALLOCATE|[EXTERNAL]|Bytes:4
02:51:34.0 (76523338)|HEAP_ALLOCATE|[26]|Bytes:5
02:51:34.0 (76529140)|HEAP_ALLOCATE|[26]|Bytes:12
02:51:34.0 (76532999)|VARIABLE_SCOPE_BEGIN|[26]|pro|Project__c|true|false
02:51:34.0 (76542659)|VARIABLE_ASSIGNMENT|[26]|pro|{"Company_project_code (3 more) ...":"101-TRN-COM-017","Id":"a057F0000039u2FQAQ"}|0x70f9cc34
02:51:34.0 (76547534)|STATEMENT_EXECUTE|[26]
02:51:34.0 (76548445)|STATEMENT_EXECUTE|[27]
02:51:34.0 (76552819)|HEAP_ALLOCATE|[27]|Bytes:18
02:51:34.0 (76560395)|HEAP_ALLOCATE|[EXTERNAL]|Bytes:4
02:51:34.0 (76567398)|HEAP_ALLOCATE|[26]|Bytes:5
02:51:34.0 (76573640)|HEAP_ALLOCATE|[26]|Bytes:12
02:51:34.0 (76577518)|VARIABLE_SCOPE_BEGIN|[26]|pro|Project__c|true|false
02:51:34.0 (76587183)|VARIABLE_ASSIGNMENT|[26]|pro|{"Company_project_code (3 more) ...":"101-TRN-COM-038","Id":"a057F0000039u2GQAQ"}|0x16c33040
02:51:34.0 (76591899)|STATEMENT_EXECUTE|[26]
02:51:34.0 (76592804)|STATEMENT_EXECUTE|[27]
02:51:34.0 (76597141)|HEAP_ALLOCATE|[27]|Bytes:18
02:51:34.0 (76604881)|HEAP_ALLOCATE|[EXTERNAL]|Bytes:4
02:51:34.0 (76611906)|HEAP_ALLOCATE|[26]|Bytes:5
02:51:34.0 (76618308)|HEAP_ALLOCATE|[26]|Bytes:12
02:51:34.0 (76622531)|VARIABLE_SCOPE_BEGIN|[26]|pro|Project__c|true|false
02:51:34.0 (76632112)|VARIABLE_ASSIGNMENT|[26]|pro|{"Company_project_code (3 more) ...":"101-TRN-COM-037","Id":"a057F0000039u2HQAQ"}|0xeac9f44
02:51:34.0 (76636695)|STATEMENT_EXECUTE|[26]
02:51:34.0 (76637622)|STATEMENT_EXECUTE|[27]
02:51:34.0 (76641946)|HEAP_ALLOCATE|[27]|Bytes:18
02:51:34.0 (76650328)|HEAP_ALLOCATE|[EXTERNAL]|Bytes:4
02:51:34.0 (76657877)|HEAP_ALLOCATE|[26]|Bytes:5
02:51:34.0 (76664483)|HEAP_ALLOCATE|[26]|Bytes:12
02:51:34.0 (76668285)|VARIABLE_SCOPE_BEGIN|[26]|pro|Project__c|true|false
02:51:34.0 (76677831)|VARIABLE_ASSIGNMENT|[26]|pro|{"Company_project_code (3 more) ...":"101-TRN-COM-039","Id":"a057F0000039u2IQAQ"}|0x575f0570
02:51:34.0 (76682414)|STATEMENT_EXECUTE|[26]
02:51:34.0 (76683434)|STATEMENT_EXECUTE|[27]
02:51:34.0 (76687819)|HEAP_ALLOCATE|[27]|Bytes:18
02:51:34.0 (76695540)|HEAP_ALLOCATE|[EXTERNAL]|Bytes:4
02:51:34.0 (76702776)|HEAP_ALLOCATE|[26]|Bytes:5
02:51:34.0 (76708669)|HEAP_ALLOCATE|[26]|Bytes:12
02:51:34.0 (76712420)|VARIABLE_SCOPE_BEGIN|[26]|pro|Project__c|true|false
02:51:34.0 (76722613)|VARIABLE_ASSIGNMENT|[26]|pro|{"Company_project_code (3 more) ...":"101-TRN-COM-040","Id":"a057F0000039u2JQAQ"}|0x69f9ebc3
02:51:34.0 (76727306)|STATEMENT_EXECUTE|[26]
02:51:34.0 (76728253)|STATEMENT_EXECUTE|[27]
02:51:34.0 (76732521)|HEAP_ALLOCATE|[27]|Bytes:18
02:51:34.0 (76739997)|HEAP_ALLOCATE|[EXTERNAL]|Bytes:4
02:51:34.0 (76747060)|HEAP_ALLOCATE|[26]|Bytes:5
02:51:34.0 (76752973)|HEAP_ALLOCATE|[26]|Bytes:12
02:51:34.0 (76756870)|VARIABLE_SCOPE_BEGIN|[26]|pro|Project__c|true|false
02:51:34.0 (76766322)|VARIABLE_ASSIGNMENT|[26]|pro|{"Company_project_code (3 more) ...":"101-TRN-COM-041","Id":"a057F0000039u2KQAQ"}|0x6637878c
02:51:34.0 (76771263)|STATEMENT_EXECUTE|[26]
02:51:34.0 (76772159)|STATEMENT_EXECUTE|[27]
02:51:34.0 (76776293)|HEAP_ALLOCATE|[27]|Bytes:18
02:51:34.0 (76783556)|HEAP_ALLOCATE|[EXTERNAL]|Bytes:4
02:51:34.0 (76804430)|HEAP_ALLOCATE|[26]|Bytes:5
02:51:34.0 (76814148)|VARIABLE_ASSIGNMENT|[26]|pro|null|
02:51:34.0 (76818619)|STATEMENT_EXECUTE|[29]
02:51:34.0 (76823750)|SYSTEM_MODE_EXIT|false
02:51:34.0 (77170046)|SYSTEM_MODE_ENTER|true
02:51:34.0 (81253685)|SYSTEM_MODE_ENTER|true
02:51:34.0 (81287640)|HEAP_ALLOCATE|[EXTERNAL]|Bytes:40
02:51:34.0 (81297032)|VARIABLE_SCOPE_BEGIN|[49]|this|PM_Job_New_Controller|true|false
02:51:34.0 (81326688)|VARIABLE_ASSIGNMENT|[49]|this|{"job":"0x5c644b4e","projectList":"0x4b57614c"}|0x6ef556f8
02:51:34.0 (81343054)|SYSTEM_MODE_ENTER|false
02:51:34.0 (81348973)|HEAP_ALLOCATE|[50]|Bytes:5
02:51:34.0 (81353469)|STATEMENT_EXECUTE|[49]
02:51:34.0 (81355016)|STATEMENT_EXECUTE|[50]
02:51:34.0 (81365203)|HEAP_ALLOCATE|[50]|Bytes:4
02:51:34.0 (81387451)|VARIABLE_SCOPE_BEGIN|[50]|ufp|List<System.SelectOption>|true|false
02:51:34.0 (81408515)|HEAP_ALLOCATE|[EXTERNAL]|Bytes:4
02:51:34.0 (81417004)|VARIABLE_ASSIGNMENT|[50]|ufp|[]|0x67bd73b0
02:51:34.0 (81422409)|STATEMENT_EXECUTE|[51]
02:51:34.0 (81426305)|HEAP_ALLOCATE|[51]|Bytes:96
02:51:34.0 (81441545)|HEAP_ALLOCATE|[51]|Bytes:4
02:51:34.0 (81448508)|HEAP_ALLOCATE|[51]|Bytes:7
02:51:34.0 (81487900)|VARIABLE_ASSIGNMENT|[EXTERNAL]|this|{"job":"0x5c644b4e","projectList":"0x4b57614c"}|0x6ef556f8
02:51:34.0 (82538970)|SOQL_EXECUTE_BEGIN|[51]|Aggregations:0|SELECT ProjectLink__c, UserLink__c FROM ProjectJobAssociation__c WHERE ProjectLink__c = :tmpVar1
02:51:34.0 (84137050)|SOQL_EXECUTE_END|[51]|Rows:0
02:51:34.0 (84160443)|HEAP_ALLOCATE|[51]|Bytes:4
02:51:34.0 (84170879)|HEAP_ALLOCATE|[51]|Bytes:0
02:51:34.0 (84233534)|HEAP_ALLOCATE|[51]|Bytes:4
02:51:34.0 (84245189)|VARIABLE_SCOPE_BEGIN|[51]|userInProject|List<ProjectJobAssociation__c>|true|false
02:51:34.0 (84258997)|VARIABLE_ASSIGNMENT|[51]|userInProject|[]|0x319d5f17
02:51:34.0 (84385188)|HEAP_ALLOCATE|[52]|Bytes:5
02:51:34.0 (84399176)|VARIABLE_ASSIGNMENT|[52]|pja|null|
02:51:34.0 (84404108)|STATEMENT_EXECUTE|[52]
02:51:34.0 (84405454)|STATEMENT_EXECUTE|[56]
02:51:34.0 (84410505)|SYSTEM_MODE_EXIT|false
02:51:34.0 (86505035)|SYSTEM_MODE_ENTER|true
02:51:34.0 (88574881)|VF_SERIALIZE_VIEWSTATE_BEGIN|0667F000005aHSA
02:51:34.0 (91813282)|VF_SERIALIZE_VIEWSTATE_END
02:51:34.94 (94093862)|CUMULATIVE_LIMIT_USAGE
02:51:34.94 (94093862)|LIMIT_USAGE_FOR_NS|(default)|
  Number of SOQL queries: 3 out of 100
  Number of query rows: 28 out of 50000
  Number of SOSL queries: 0 out of 20
  Number of DML statements: 0 out of 150
  Number of DML rows: 0 out of 10000
  Maximum CPU time: 0 out of 10000
  Maximum heap size: 0 out of 6000000
  Number of callouts: 0 out of 100
  Number of Email Invocations: 0 out of 10
  Number of future calls: 0 out of 50
  Number of queueable jobs added to the queue: 0 out of 50
  Number of Mobile Apex push calls: 0 out of 10

02:51:34.94 (94093862)|CUMULATIVE_LIMIT_USAGE_END

02:51:34.0 (94129543)|CODE_UNIT_FINISHED|VF: /apex/PM_Job_New
02:51:34.0 (94845714)|EXECUTION_FINISHED
