36.0 APEX_CODE,FINEST;APEX_PROFILING,INFO;CALLOUT,INFO;DB,INFO;SYSTEM,DEBUG;VALIDATION,INFO;VISUALFORCE,INFO;WAVE,INFO;WORKFLOW,INFO
06:08:37.0 (304460)|USER_INFO|[EXTERNAL]|0057F000000Tiz6|ksb994@salesforce.com|Pacific Standard Time|GMT-08:00
06:08:37.0 (333360)|EXECUTION_STARTED
06:08:37.0 (336685)|CODE_UNIT_STARTED|[EXTERNAL]|0667F000004uRC1|VF: /apex/PM_Project_Edit
06:08:37.0 (37377651)|SYSTEM_MODE_ENTER|true
06:08:37.0 (37711146)|HEAP_ALLOCATE|[72]|Bytes:3
06:08:37.0 (37748394)|HEAP_ALLOCATE|[77]|Bytes:152
06:08:37.0 (37761568)|HEAP_ALLOCATE|[342]|Bytes:408
06:08:37.0 (37775236)|HEAP_ALLOCATE|[355]|Bytes:408
06:08:37.0 (37787361)|HEAP_ALLOCATE|[467]|Bytes:48
06:08:37.0 (37811423)|HEAP_ALLOCATE|[139]|Bytes:6
06:08:37.0 (37824700)|HEAP_ALLOCATE|[EXTERNAL]|Bytes:140
06:08:37.0 (37830460)|HEAP_ALLOCATE|[EXTERNAL]|Bytes:20
06:08:37.0 (37833872)|HEAP_ALLOCATE|[EXTERNAL]|Bytes:2
06:08:37.0 (37850887)|METHOD_ENTRY|[1]|01p7F00000Ehro9|PM_Project_Edit_Controller.PM_Project_Edit_Controller()
06:08:37.0 (37857132)|STATEMENT_EXECUTE|[1]
06:08:37.0 (37860972)|STATEMENT_EXECUTE|[1]
06:08:37.0 (37889895)|HEAP_ALLOCATE|[50]|Bytes:5
06:08:37.0 (37909881)|HEAP_ALLOCATE|[56]|Bytes:5
06:08:37.0 (37916934)|HEAP_ALLOCATE|[64]|Bytes:7
06:08:37.0 (37936006)|SYSTEM_MODE_ENTER|false
06:08:37.0 (37948209)|HEAP_ALLOCATE|[EXTERNAL]|Bytes:5
06:08:37.0 (37955302)|SYSTEM_MODE_EXIT|false
06:08:37.0 (37962355)|METHOD_EXIT|[1]|PM_Project_Edit_Controller
06:08:37.0 (37999501)|HEAP_ALLOCATE|[EXTERNAL]|Bytes:24
06:08:37.0 (38115737)|VARIABLE_SCOPE_BEGIN|[10]|this|PM_Project_Edit_Controller|true|false
06:08:37.0 (38170124)|VARIABLE_ASSIGNMENT|[10]|this|{}|0x25d0e1d6
06:08:37.0 (38178137)|VARIABLE_SCOPE_BEGIN|[10]|stdController|ApexPages.StandardController|true|false
06:08:37.0 (38337511)|VARIABLE_ASSIGNMENT|[10]|stdController|"StandardController [null]"|0x6caea75d
06:08:37.0 (38357700)|SYSTEM_MODE_ENTER|false
06:08:37.0 (38364844)|HEAP_ALLOCATE|[7]|Bytes:5
06:08:37.0 (38369748)|STATEMENT_EXECUTE|[1]
06:08:37.0 (38374137)|HEAP_ALLOCATE|[7]|Bytes:5
06:08:37.0 (38377331)|STATEMENT_EXECUTE|[3]
06:08:37.0 (38378672)|STATEMENT_EXECUTE|[4]
06:08:37.0 (38379532)|STATEMENT_EXECUTE|[6]
06:08:37.0 (38380434)|STATEMENT_EXECUTE|[7]
06:08:37.0 (38397165)|HEAP_ALLOCATE|[7]|Bytes:4
06:08:37.0 (38479834)|HEAP_ALLOCATE|[EXTERNAL]|Bytes:4
06:08:37.0 (38492551)|VARIABLE_ASSIGNMENT|[7]|this.usersList|[]|0x25d0e1d6
06:08:37.0 (38498124)|STATEMENT_EXECUTE|[8]
06:08:37.0 (38500829)|HEAP_ALLOCATE|[8]|Bytes:1
06:08:37.0 (38509304)|VARIABLE_ASSIGNMENT|[8]|this.nonSelectedUserId|"("|0x25d0e1d6
06:08:37.0 (38521048)|HEAP_ALLOCATE|[8]|Bytes:6
06:08:37.0 (38553510)|STATEMENT_EXECUTE|[10]
06:08:37.0 (38555067)|STATEMENT_EXECUTE|[11]
06:08:37.0 (38656561)|HEAP_ALLOCATE|[11]|Bytes:4
06:08:37.0 (38700851)|VARIABLE_ASSIGNMENT|[EXTERNAL]|this|{"nonSelectedUserId":"(","usersList":"0x38011342"}|0x25d0e1d6
06:08:37.0 (38713968)|VARIABLE_ASSIGNMENT|[EXTERNAL]|value|{}|0xbe6eebc
06:08:37.0 (38722864)|VARIABLE_ASSIGNMENT|[3]|this.project|{}|0x25d0e1d6
06:08:37.0 (38731058)|STATEMENT_EXECUTE|[12]
06:08:37.0 (38762288)|HEAP_ALLOCATE|[12]|Bytes:43
06:08:37.0 (38792806)|HEAP_ALLOCATE|[12]|Bytes:18
06:08:37.0 (38812950)|HEAP_ALLOCATE|[12]|Bytes:3
06:08:37.0 (38840658)|HEAP_ALLOCATE|[12]|Bytes:4
06:08:37.0 (38845747)|VARIABLE_SCOPE_BEGIN|[12]|pid|Id|false|false
06:08:37.0 (38912997)|VARIABLE_ASSIGNMENT|[12]|pid|"a057F0000039WImQAM"
06:08:37.0 (38919752)|STATEMENT_EXECUTE|[16]
06:08:37.0 (38922282)|HEAP_ALLOCATE|[16]|Bytes:7
06:08:37.0 (38926926)|HEAP_ALLOCATE|[16]|Bytes:10
06:08:37.0 (38938530)|METHOD_ENTRY|[16]|01p7F00000Ehro9|PM_Project_Edit_Controller.getAllFields(String)
06:08:37.0 (39022911)|VARIABLE_SCOPE_BEGIN|[72]|sobjectname|String|false|false
06:08:37.0 (39033856)|VARIABLE_ASSIGNMENT|[72]|sobjectname|"Project__c"
06:08:37.0 (39051010)|HEAP_ALLOCATE|[73]|Bytes:5
06:08:37.0 (39055158)|STATEMENT_EXECUTE|[72]
06:08:37.0 (56955963)|HEAP_ALLOCATE|[73]|Bytes:1468
06:08:37.0 (56996380)|STATEMENT_EXECUTE|[73]
06:08:37.0 (56998573)|STATEMENT_EXECUTE|[76]
06:08:37.0 (60187000)|HEAP_ALLOCATE|[76]|Bytes:1468
06:08:37.0 (60364885)|HEAP_ALLOCATE|[76]|Bytes:4
06:08:37.0 (60410578)|HEAP_ALLOCATE|[76]|Bytes:4
06:08:37.0 (60675903)|HEAP_ALLOCATE|[76]|Bytes:148
06:08:37.0 (60687520)|VARIABLE_SCOPE_BEGIN|[76]|fields|Map<String,Schema.SObjectField>|true|false
06:08:37.0 (60848610)|VARIABLE_ASSIGNMENT|[76]|fields|"{client__c=Client__c, client_project_manager__c=Client_Project_Manager__c, company_project_code__c=Company_project_code__c, cost_centre__c=Cost_Centre__c, createdbyid=CreatedById, createddate=CreatedDate, delivery__c=Delivery__c, end_customer__c=End_Customer__c, footage__c=Footage__c, hours__c=Hours__c, ...}"|0x1c4ebc69
06:08:37.0 (60861318)|STATEMENT_EXECUTE|[77]
06:08:37.0 (60876311)|HEAP_ALLOCATE|[77]|Bytes:4
06:08:37.0 (60903729)|VARIABLE_SCOPE_BEGIN|[77]|accessiblefields|List<String>|true|false
06:08:37.0 (60933601)|HEAP_ALLOCATE|[EXTERNAL]|Bytes:4
06:08:37.0 (60943739)|VARIABLE_ASSIGNMENT|[77]|accessiblefields|[]|0x1b5c74fd
06:08:37.0 (60986613)|HEAP_ALLOCATE|[EXTERNAL]|Bytes:148
06:08:37.0 (61005234)|HEAP_ALLOCATE|[78]|Bytes:148
06:08:37.0 (61066465)|HEAP_ALLOCATE|[78]|Bytes:5
06:08:37.0 (61085087)|VARIABLE_SCOPE_BEGIN|[78]|field|Schema.SObjectField|true|false
06:08:37.0 (61151276)|VARIABLE_ASSIGNMENT|[78]|field|"common.apex.runtime.impl.ApexFieldToken@77b222f3"|0x77b222f3
06:08:37.0 (61159344)|STATEMENT_EXECUTE|[78]
06:08:37.0 (61542374)|HEAP_ALLOCATE|[79]|Bytes:8
06:08:37.0 (61565353)|STATEMENT_EXECUTE|[80]
06:08:37.0 (61592272)|HEAP_ALLOCATE|[80]|Bytes:8
06:08:37.0 (61604780)|HEAP_ALLOCATE|[80]|Bytes:2
06:08:37.0 (61617578)|HEAP_ALLOCATE|[EXTERNAL]|Bytes:4
06:08:37.0 (61629815)|HEAP_ALLOCATE|[78]|Bytes:5
06:08:37.0 (61643351)|VARIABLE_SCOPE_BEGIN|[78]|field|Schema.SObjectField|true|false
06:08:37.0 (61710550)|VARIABLE_ASSIGNMENT|[78]|field|"common.apex.runtime.impl.ApexFieldToken@1ef67598"|0x1ef67598
06:08:37.0 (61720898)|STATEMENT_EXECUTE|[78]
06:08:37.0 (61841426)|HEAP_ALLOCATE|[79]|Bytes:8
06:08:37.0 (61854761)|STATEMENT_EXECUTE|[80]
06:08:37.0 (61869518)|HEAP_ALLOCATE|[80]|Bytes:8
06:08:37.0 (61877166)|HEAP_ALLOCATE|[80]|Bytes:7
06:08:37.0 (61884614)|HEAP_ALLOCATE|[EXTERNAL]|Bytes:4
06:08:37.0 (61895319)|HEAP_ALLOCATE|[78]|Bytes:5
06:08:37.0 (61907334)|VARIABLE_SCOPE_BEGIN|[78]|field|Schema.SObjectField|true|false
06:08:37.0 (61972237)|VARIABLE_ASSIGNMENT|[78]|field|"common.apex.runtime.impl.ApexFieldToken@66750127"|0x66750127
06:08:37.0 (61979685)|STATEMENT_EXECUTE|[78]
06:08:37.0 (62060432)|HEAP_ALLOCATE|[79]|Bytes:8
06:08:37.0 (62073232)|STATEMENT_EXECUTE|[80]
06:08:37.0 (62087769)|HEAP_ALLOCATE|[80]|Bytes:8
06:08:37.0 (62094809)|HEAP_ALLOCATE|[80]|Bytes:9
06:08:37.0 (62102217)|HEAP_ALLOCATE|[EXTERNAL]|Bytes:4
06:08:37.0 (62111907)|HEAP_ALLOCATE|[78]|Bytes:5
06:08:37.0 (62123084)|VARIABLE_SCOPE_BEGIN|[78]|field|Schema.SObjectField|true|false
06:08:37.0 (62186456)|VARIABLE_ASSIGNMENT|[78]|field|"common.apex.runtime.impl.ApexFieldToken@656193cf"|0x656193cf
06:08:37.0 (62193539)|STATEMENT_EXECUTE|[78]
06:08:37.0 (62281219)|HEAP_ALLOCATE|[79]|Bytes:8
06:08:37.0 (62293619)|STATEMENT_EXECUTE|[80]
06:08:37.0 (62307616)|HEAP_ALLOCATE|[80]|Bytes:8
06:08:37.0 (62314783)|HEAP_ALLOCATE|[80]|Bytes:4
06:08:37.0 (62322033)|HEAP_ALLOCATE|[EXTERNAL]|Bytes:4
06:08:37.0 (62331861)|HEAP_ALLOCATE|[78]|Bytes:5
06:08:37.0 (62342772)|VARIABLE_SCOPE_BEGIN|[78]|field|Schema.SObjectField|true|false
06:08:37.0 (62407551)|VARIABLE_ASSIGNMENT|[78]|field|"common.apex.runtime.impl.ApexFieldToken@322902a"|0x322902a
06:08:37.0 (62415257)|STATEMENT_EXECUTE|[78]
06:08:37.0 (62511546)|HEAP_ALLOCATE|[79]|Bytes:8
06:08:37.0 (62524056)|STATEMENT_EXECUTE|[80]
06:08:37.0 (62537888)|HEAP_ALLOCATE|[80]|Bytes:8
06:08:37.0 (62545438)|HEAP_ALLOCATE|[80]|Bytes:11
06:08:37.0 (62553260)|HEAP_ALLOCATE|[EXTERNAL]|Bytes:4
06:08:37.0 (62563693)|HEAP_ALLOCATE|[78]|Bytes:5
06:08:37.0 (62574853)|VARIABLE_SCOPE_BEGIN|[78]|field|Schema.SObjectField|true|false
06:08:37.0 (62637154)|VARIABLE_ASSIGNMENT|[78]|field|"common.apex.runtime.impl.ApexFieldToken@2e557f63"|0x2e557f63
06:08:37.0 (62644398)|STATEMENT_EXECUTE|[78]
06:08:37.0 (62739699)|HEAP_ALLOCATE|[79]|Bytes:8
06:08:37.0 (62751888)|STATEMENT_EXECUTE|[80]
06:08:37.0 (62765465)|HEAP_ALLOCATE|[80]|Bytes:8
06:08:37.0 (62772420)|HEAP_ALLOCATE|[80]|Bytes:11
06:08:37.0 (62779872)|HEAP_ALLOCATE|[EXTERNAL]|Bytes:4
06:08:37.0 (62789205)|HEAP_ALLOCATE|[78]|Bytes:5
06:08:37.0 (62799466)|VARIABLE_SCOPE_BEGIN|[78]|field|Schema.SObjectField|true|false
06:08:37.0 (62861328)|VARIABLE_ASSIGNMENT|[78]|field|"common.apex.runtime.impl.ApexFieldToken@60673fb7"|0x60673fb7
06:08:37.0 (62868591)|STATEMENT_EXECUTE|[78]
06:08:37.0 (62952961)|HEAP_ALLOCATE|[79]|Bytes:8
06:08:37.0 (62964454)|STATEMENT_EXECUTE|[80]
06:08:37.0 (62977955)|HEAP_ALLOCATE|[80]|Bytes:8
06:08:37.0 (62985513)|HEAP_ALLOCATE|[80]|Bytes:16
06:08:37.0 (62992617)|HEAP_ALLOCATE|[EXTERNAL]|Bytes:4
06:08:37.0 (63002109)|HEAP_ALLOCATE|[78]|Bytes:5
06:08:37.0 (63013743)|VARIABLE_SCOPE_BEGIN|[78]|field|Schema.SObjectField|true|false
06:08:37.0 (63075349)|VARIABLE_ASSIGNMENT|[78]|field|"common.apex.runtime.impl.ApexFieldToken@971279f"|0x971279f
06:08:37.0 (63082470)|STATEMENT_EXECUTE|[78]
06:08:37.0 (63174754)|HEAP_ALLOCATE|[79]|Bytes:8
06:08:37.0 (63186533)|STATEMENT_EXECUTE|[80]
06:08:37.0 (63200171)|HEAP_ALLOCATE|[80]|Bytes:8
06:08:37.0 (63207836)|HEAP_ALLOCATE|[80]|Bytes:16
06:08:37.0 (63214963)|HEAP_ALLOCATE|[EXTERNAL]|Bytes:4
06:08:37.0 (63223964)|HEAP_ALLOCATE|[78]|Bytes:5
06:08:37.0 (63234411)|VARIABLE_SCOPE_BEGIN|[78]|field|Schema.SObjectField|true|false
06:08:37.0 (63295324)|VARIABLE_ASSIGNMENT|[78]|field|"common.apex.runtime.impl.ApexFieldToken@1ec5555b"|0x1ec5555b
06:08:37.0 (63302830)|STATEMENT_EXECUTE|[78]
06:08:37.0 (63373832)|HEAP_ALLOCATE|[79]|Bytes:8
06:08:37.0 (63385319)|STATEMENT_EXECUTE|[80]
06:08:37.0 (63398187)|HEAP_ALLOCATE|[80]|Bytes:8
06:08:37.0 (63406371)|HEAP_ALLOCATE|[80]|Bytes:14
06:08:37.0 (63412993)|HEAP_ALLOCATE|[EXTERNAL]|Bytes:4
06:08:37.0 (63422152)|HEAP_ALLOCATE|[78]|Bytes:5
06:08:37.0 (63432199)|VARIABLE_SCOPE_BEGIN|[78]|field|Schema.SObjectField|true|false
06:08:37.0 (63497512)|VARIABLE_ASSIGNMENT|[78]|field|"common.apex.runtime.impl.ApexFieldToken@1bee8f87"|0x1bee8f87
06:08:37.0 (63504865)|STATEMENT_EXECUTE|[78]
06:08:37.0 (63574356)|HEAP_ALLOCATE|[79]|Bytes:8
06:08:37.0 (63585464)|STATEMENT_EXECUTE|[80]
06:08:37.0 (63598954)|HEAP_ALLOCATE|[80]|Bytes:8
06:08:37.0 (63606684)|HEAP_ALLOCATE|[80]|Bytes:16
06:08:37.0 (63613467)|HEAP_ALLOCATE|[EXTERNAL]|Bytes:4
06:08:37.0 (63622836)|HEAP_ALLOCATE|[78]|Bytes:5
06:08:37.0 (63633180)|VARIABLE_SCOPE_BEGIN|[78]|field|Schema.SObjectField|true|false
06:08:37.0 (63693764)|VARIABLE_ASSIGNMENT|[78]|field|"common.apex.runtime.impl.ApexFieldToken@422d91ca"|0x422d91ca
06:08:37.0 (63700637)|STATEMENT_EXECUTE|[78]
06:08:37.0 (63770663)|HEAP_ALLOCATE|[79]|Bytes:8
06:08:37.0 (63782023)|STATEMENT_EXECUTE|[80]
06:08:37.0 (63795083)|HEAP_ALLOCATE|[80]|Bytes:8
06:08:37.0 (63801760)|HEAP_ALLOCATE|[80]|Bytes:14
06:08:37.0 (63808378)|HEAP_ALLOCATE|[EXTERNAL]|Bytes:4
06:08:37.0 (63817740)|HEAP_ALLOCATE|[78]|Bytes:5
06:08:37.0 (63828284)|VARIABLE_SCOPE_BEGIN|[78]|field|Schema.SObjectField|true|false
06:08:37.0 (63888771)|VARIABLE_ASSIGNMENT|[78]|field|"common.apex.runtime.impl.ApexFieldToken@42600bcf"|0x42600bcf
06:08:37.0 (63896304)|STATEMENT_EXECUTE|[78]
06:08:37.0 (63964778)|HEAP_ALLOCATE|[79]|Bytes:8
06:08:37.0 (63975842)|STATEMENT_EXECUTE|[80]
06:08:37.0 (63988712)|HEAP_ALLOCATE|[80]|Bytes:8
06:08:37.0 (63996093)|HEAP_ALLOCATE|[80]|Bytes:18
06:08:37.0 (64002970)|HEAP_ALLOCATE|[EXTERNAL]|Bytes:4
06:08:37.0 (64013427)|HEAP_ALLOCATE|[78]|Bytes:5
06:08:37.0 (64023747)|VARIABLE_SCOPE_BEGIN|[78]|field|Schema.SObjectField|true|false
06:08:37.0 (64083951)|VARIABLE_ASSIGNMENT|[78]|field|"common.apex.runtime.impl.ApexFieldToken@76bbe155"|0x76bbe155
06:08:37.0 (64090639)|STATEMENT_EXECUTE|[78]
06:08:37.0 (64492389)|HEAP_ALLOCATE|[79]|Bytes:8
06:08:37.0 (64507235)|STATEMENT_EXECUTE|[80]
06:08:37.0 (64526500)|HEAP_ALLOCATE|[80]|Bytes:8
06:08:37.0 (64535533)|HEAP_ALLOCATE|[80]|Bytes:9
06:08:37.0 (64543259)|HEAP_ALLOCATE|[EXTERNAL]|Bytes:4
06:08:37.0 (64554562)|HEAP_ALLOCATE|[78]|Bytes:5
06:08:37.0 (64566751)|VARIABLE_SCOPE_BEGIN|[78]|field|Schema.SObjectField|true|false
06:08:37.0 (64629826)|VARIABLE_ASSIGNMENT|[78]|field|"common.apex.runtime.impl.ApexFieldToken@1946dab2"|0x1946dab2
06:08:37.0 (64637980)|STATEMENT_EXECUTE|[78]
06:08:37.0 (64723036)|HEAP_ALLOCATE|[79]|Bytes:8
06:08:37.0 (64735380)|STATEMENT_EXECUTE|[80]
06:08:37.0 (64749234)|HEAP_ALLOCATE|[80]|Bytes:8
06:08:37.0 (64756599)|HEAP_ALLOCATE|[80]|Bytes:15
06:08:37.0 (64763648)|HEAP_ALLOCATE|[EXTERNAL]|Bytes:4
06:08:37.0 (64772933)|HEAP_ALLOCATE|[78]|Bytes:5
06:08:37.0 (64783847)|VARIABLE_SCOPE_BEGIN|[78]|field|Schema.SObjectField|true|false
06:08:37.0 (64846445)|VARIABLE_ASSIGNMENT|[78]|field|"common.apex.runtime.impl.ApexFieldToken@37cbab91"|0x37cbab91
06:08:37.0 (64854725)|STATEMENT_EXECUTE|[78]
06:08:37.0 (64934814)|HEAP_ALLOCATE|[79]|Bytes:8
06:08:37.0 (64946317)|STATEMENT_EXECUTE|[80]
06:08:37.0 (64959708)|HEAP_ALLOCATE|[80]|Bytes:8
06:08:37.0 (64967032)|HEAP_ALLOCATE|[80]|Bytes:19
06:08:37.0 (64974008)|HEAP_ALLOCATE|[EXTERNAL]|Bytes:4
06:08:37.0 (64983459)|HEAP_ALLOCATE|[78]|Bytes:5
06:08:37.0 (64994279)|VARIABLE_SCOPE_BEGIN|[78]|field|Schema.SObjectField|true|false
06:08:37.0 (65055835)|VARIABLE_ASSIGNMENT|[78]|field|"common.apex.runtime.impl.ApexFieldToken@75b7f0d4"|0x75b7f0d4
06:08:37.0 (65064125)|STATEMENT_EXECUTE|[78]
06:08:37.0 (65139660)|HEAP_ALLOCATE|[79]|Bytes:8
06:08:37.0 (65150929)|STATEMENT_EXECUTE|[80]
06:08:37.0 (65164591)|HEAP_ALLOCATE|[80]|Bytes:8
06:08:37.0 (65171588)|HEAP_ALLOCATE|[80]|Bytes:14
06:08:37.0 (65178469)|HEAP_ALLOCATE|[EXTERNAL]|Bytes:4
06:08:37.0 (65188071)|HEAP_ALLOCATE|[78]|Bytes:5
06:08:37.0 (65198420)|VARIABLE_SCOPE_BEGIN|[78]|field|Schema.SObjectField|true|false
06:08:37.0 (65258914)|VARIABLE_ASSIGNMENT|[78]|field|"common.apex.runtime.impl.ApexFieldToken@5c2f167e"|0x5c2f167e
06:08:37.0 (65266989)|STATEMENT_EXECUTE|[78]
06:08:37.0 (65338976)|HEAP_ALLOCATE|[79]|Bytes:8
06:08:37.0 (65350761)|STATEMENT_EXECUTE|[80]
06:08:37.0 (65363789)|HEAP_ALLOCATE|[80]|Bytes:8
06:08:37.0 (65371403)|HEAP_ALLOCATE|[80]|Bytes:25
06:08:37.0 (65378057)|HEAP_ALLOCATE|[EXTERNAL]|Bytes:4
06:08:37.0 (65387616)|HEAP_ALLOCATE|[78]|Bytes:5
06:08:37.0 (65397860)|VARIABLE_SCOPE_BEGIN|[78]|field|Schema.SObjectField|true|false
06:08:37.0 (65459081)|VARIABLE_ASSIGNMENT|[78]|field|"common.apex.runtime.impl.ApexFieldToken@7313d403"|0x7313d403
06:08:37.0 (65465906)|STATEMENT_EXECUTE|[78]
06:08:37.0 (65542887)|HEAP_ALLOCATE|[79]|Bytes:8
06:08:37.0 (65554673)|STATEMENT_EXECUTE|[80]
06:08:37.0 (65567996)|HEAP_ALLOCATE|[80]|Bytes:8
06:08:37.0 (65575110)|HEAP_ALLOCATE|[80]|Bytes:15
06:08:37.0 (65582037)|HEAP_ALLOCATE|[EXTERNAL]|Bytes:4
06:08:37.0 (65591173)|HEAP_ALLOCATE|[78]|Bytes:5
06:08:37.0 (65601420)|VARIABLE_SCOPE_BEGIN|[78]|field|Schema.SObjectField|true|false
06:08:37.0 (65661229)|VARIABLE_ASSIGNMENT|[78]|field|"common.apex.runtime.impl.ApexFieldToken@196e6ed3"|0x196e6ed3
06:08:37.0 (65668709)|STATEMENT_EXECUTE|[78]
06:08:37.0 (65741224)|HEAP_ALLOCATE|[79]|Bytes:8
06:08:37.0 (65752407)|STATEMENT_EXECUTE|[80]
06:08:37.0 (65765846)|HEAP_ALLOCATE|[80]|Bytes:8
06:08:37.0 (65772955)|HEAP_ALLOCATE|[80]|Bytes:23
06:08:37.0 (65779304)|HEAP_ALLOCATE|[EXTERNAL]|Bytes:4
06:08:37.0 (65788430)|HEAP_ALLOCATE|[78]|Bytes:5
06:08:37.0 (65798732)|VARIABLE_SCOPE_BEGIN|[78]|field|Schema.SObjectField|true|false
06:08:37.0 (65858897)|VARIABLE_ASSIGNMENT|[78]|field|"common.apex.runtime.impl.ApexFieldToken@53151c7a"|0x53151c7a
06:08:37.0 (65865972)|STATEMENT_EXECUTE|[78]
06:08:37.0 (65940646)|HEAP_ALLOCATE|[79]|Bytes:8
06:08:37.0 (65952218)|STATEMENT_EXECUTE|[80]
06:08:37.0 (65965337)|HEAP_ALLOCATE|[80]|Bytes:8
06:08:37.0 (65972798)|HEAP_ALLOCATE|[80]|Bytes:16
06:08:37.0 (65979554)|HEAP_ALLOCATE|[EXTERNAL]|Bytes:4
06:08:37.0 (65989041)|HEAP_ALLOCATE|[78]|Bytes:5
06:08:37.0 (65999200)|VARIABLE_SCOPE_BEGIN|[78]|field|Schema.SObjectField|true|false
06:08:37.0 (66058901)|VARIABLE_ASSIGNMENT|[78]|field|"common.apex.runtime.impl.ApexFieldToken@772d7c80"|0x772d7c80
06:08:37.0 (66066586)|STATEMENT_EXECUTE|[78]
06:08:37.0 (66137868)|HEAP_ALLOCATE|[79]|Bytes:8
06:08:37.0 (66149707)|STATEMENT_EXECUTE|[80]
06:08:37.0 (66163392)|HEAP_ALLOCATE|[80]|Bytes:8
06:08:37.0 (66170317)|HEAP_ALLOCATE|[80]|Bytes:14
06:08:37.0 (66176609)|HEAP_ALLOCATE|[EXTERNAL]|Bytes:4
06:08:37.0 (66185524)|HEAP_ALLOCATE|[78]|Bytes:5
06:08:37.0 (66195416)|VARIABLE_SCOPE_BEGIN|[78]|field|Schema.SObjectField|true|false
06:08:37.0 (66255391)|VARIABLE_ASSIGNMENT|[78]|field|"common.apex.runtime.impl.ApexFieldToken@1a730daa"|0x1a730daa
06:08:37.0 (66262540)|STATEMENT_EXECUTE|[78]
06:08:37.0 (66335279)|HEAP_ALLOCATE|[79]|Bytes:8
06:08:37.0 (66346559)|STATEMENT_EXECUTE|[80]
06:08:37.0 (66359747)|HEAP_ALLOCATE|[80]|Bytes:8
06:08:37.0 (66366952)|HEAP_ALLOCATE|[80]|Bytes:13
06:08:37.0 (66373554)|HEAP_ALLOCATE|[EXTERNAL]|Bytes:4
06:08:37.0 (66383223)|HEAP_ALLOCATE|[78]|Bytes:5
06:08:37.0 (66393618)|VARIABLE_SCOPE_BEGIN|[78]|field|Schema.SObjectField|true|false
06:08:37.0 (66453896)|VARIABLE_ASSIGNMENT|[78]|field|"common.apex.runtime.impl.ApexFieldToken@7081f0c1"|0x7081f0c1
06:08:37.0 (66461320)|STATEMENT_EXECUTE|[78]
06:08:37.0 (66537109)|HEAP_ALLOCATE|[79]|Bytes:8
06:08:37.0 (66548931)|STATEMENT_EXECUTE|[80]
06:08:37.0 (66562559)|HEAP_ALLOCATE|[80]|Bytes:8
06:08:37.0 (66570015)|HEAP_ALLOCATE|[80]|Bytes:5
06:08:37.0 (66576285)|HEAP_ALLOCATE|[EXTERNAL]|Bytes:4
06:08:37.0 (66585557)|HEAP_ALLOCATE|[78]|Bytes:5
06:08:37.0 (66595407)|VARIABLE_SCOPE_BEGIN|[78]|field|Schema.SObjectField|true|false
06:08:37.0 (66655890)|VARIABLE_ASSIGNMENT|[78]|field|"common.apex.runtime.impl.ApexFieldToken@b0cc467"|0xb0cc467
06:08:37.0 (66663244)|STATEMENT_EXECUTE|[78]
06:08:37.0 (66734464)|HEAP_ALLOCATE|[79]|Bytes:8
06:08:37.0 (66745652)|STATEMENT_EXECUTE|[80]
06:08:37.0 (66759218)|HEAP_ALLOCATE|[80]|Bytes:8
06:08:37.0 (66766108)|HEAP_ALLOCATE|[80]|Bytes:11
06:08:37.0 (66772571)|HEAP_ALLOCATE|[EXTERNAL]|Bytes:4
06:08:37.0 (66782145)|HEAP_ALLOCATE|[78]|Bytes:5
06:08:37.0 (66792030)|VARIABLE_SCOPE_BEGIN|[78]|field|Schema.SObjectField|true|false
06:08:37.0 (66852318)|VARIABLE_ASSIGNMENT|[78]|field|"common.apex.runtime.impl.ApexFieldToken@17d970fa"|0x17d970fa
06:08:37.0 (66859478)|STATEMENT_EXECUTE|[78]
06:08:37.0 (66930958)|HEAP_ALLOCATE|[79]|Bytes:8
06:08:37.0 (66943279)|STATEMENT_EXECUTE|[80]
06:08:37.0 (66956563)|HEAP_ALLOCATE|[80]|Bytes:8
06:08:37.0 (66964429)|HEAP_ALLOCATE|[80]|Bytes:5
06:08:37.0 (66970674)|HEAP_ALLOCATE|[EXTERNAL]|Bytes:4
06:08:37.0 (66980093)|HEAP_ALLOCATE|[78]|Bytes:5
06:08:37.0 (66989841)|VARIABLE_SCOPE_BEGIN|[78]|field|Schema.SObjectField|true|false
06:08:37.0 (67048841)|VARIABLE_ASSIGNMENT|[78]|field|"common.apex.runtime.impl.ApexFieldToken@15c531f6"|0x15c531f6
06:08:37.0 (67056875)|STATEMENT_EXECUTE|[78]
06:08:37.0 (67181301)|HEAP_ALLOCATE|[79]|Bytes:8
06:08:37.0 (67192871)|STATEMENT_EXECUTE|[80]
06:08:37.0 (67206549)|HEAP_ALLOCATE|[80]|Bytes:8
06:08:37.0 (67214359)|HEAP_ALLOCATE|[80]|Bytes:25
06:08:37.0 (67221605)|HEAP_ALLOCATE|[EXTERNAL]|Bytes:4
06:08:37.0 (67231618)|HEAP_ALLOCATE|[78]|Bytes:5
06:08:37.0 (67242192)|VARIABLE_SCOPE_BEGIN|[78]|field|Schema.SObjectField|true|false
06:08:37.0 (67302911)|VARIABLE_ASSIGNMENT|[78]|field|"common.apex.runtime.impl.ApexFieldToken@6abdcc77"|0x6abdcc77
06:08:37.0 (67309966)|STATEMENT_EXECUTE|[78]
06:08:37.0 (67415417)|HEAP_ALLOCATE|[79]|Bytes:8
06:08:37.0 (67428342)|STATEMENT_EXECUTE|[80]
06:08:37.0 (67441869)|HEAP_ALLOCATE|[80]|Bytes:8
06:08:37.0 (67449165)|HEAP_ALLOCATE|[80]|Bytes:12
06:08:37.0 (67456572)|HEAP_ALLOCATE|[EXTERNAL]|Bytes:4
06:08:37.0 (67466222)|HEAP_ALLOCATE|[78]|Bytes:5
06:08:37.0 (67481735)|VARIABLE_SCOPE_BEGIN|[78]|field|Schema.SObjectField|true|false
06:08:37.0 (67542221)|VARIABLE_ASSIGNMENT|[78]|field|"common.apex.runtime.impl.ApexFieldToken@7ff12bb"|0x7ff12bb
06:08:37.0 (67549886)|STATEMENT_EXECUTE|[78]
06:08:37.0 (67626084)|HEAP_ALLOCATE|[79]|Bytes:8
06:08:37.0 (67638475)|STATEMENT_EXECUTE|[80]
06:08:37.0 (67652197)|HEAP_ALLOCATE|[80]|Bytes:8
06:08:37.0 (67659656)|HEAP_ALLOCATE|[80]|Bytes:21
06:08:37.0 (67666738)|HEAP_ALLOCATE|[EXTERNAL]|Bytes:4
06:08:37.0 (67676651)|HEAP_ALLOCATE|[78]|Bytes:5
06:08:37.0 (67687168)|VARIABLE_SCOPE_BEGIN|[78]|field|Schema.SObjectField|true|false
06:08:37.0 (67748315)|VARIABLE_ASSIGNMENT|[78]|field|"common.apex.runtime.impl.ApexFieldToken@5b7dec1e"|0x5b7dec1e
06:08:37.0 (67757410)|STATEMENT_EXECUTE|[78]
06:08:37.0 (67832352)|HEAP_ALLOCATE|[79]|Bytes:8
06:08:37.0 (67843814)|STATEMENT_EXECUTE|[80]
06:08:37.0 (67857162)|HEAP_ALLOCATE|[80]|Bytes:8
06:08:37.0 (67864491)|HEAP_ALLOCATE|[80]|Bytes:19
06:08:37.0 (67870817)|HEAP_ALLOCATE|[EXTERNAL]|Bytes:4
06:08:37.0 (67880405)|HEAP_ALLOCATE|[78]|Bytes:5
06:08:37.0 (67890741)|VARIABLE_SCOPE_BEGIN|[78]|field|Schema.SObjectField|true|false
06:08:37.0 (67952425)|VARIABLE_ASSIGNMENT|[78]|field|"common.apex.runtime.impl.ApexFieldToken@670b3c06"|0x670b3c06
06:08:37.0 (67960250)|STATEMENT_EXECUTE|[78]
06:08:37.0 (68033519)|HEAP_ALLOCATE|[79]|Bytes:8
06:08:37.0 (68046010)|STATEMENT_EXECUTE|[80]
06:08:37.0 (68058844)|HEAP_ALLOCATE|[80]|Bytes:8
06:08:37.0 (68066586)|HEAP_ALLOCATE|[80]|Bytes:8
06:08:37.0 (68072874)|HEAP_ALLOCATE|[EXTERNAL]|Bytes:4
06:08:37.0 (68081850)|HEAP_ALLOCATE|[78]|Bytes:5
06:08:37.0 (68091624)|VARIABLE_SCOPE_BEGIN|[78]|field|Schema.SObjectField|true|false
06:08:37.0 (68153095)|VARIABLE_ASSIGNMENT|[78]|field|"common.apex.runtime.impl.ApexFieldToken@63518ae4"|0x63518ae4
06:08:37.0 (68160435)|STATEMENT_EXECUTE|[78]
06:08:37.0 (68234661)|HEAP_ALLOCATE|[79]|Bytes:8
06:08:37.0 (68246652)|STATEMENT_EXECUTE|[80]
06:08:37.0 (68262154)|HEAP_ALLOCATE|[80]|Bytes:8
06:08:37.0 (68269246)|HEAP_ALLOCATE|[80]|Bytes:8
06:08:37.0 (68276131)|HEAP_ALLOCATE|[EXTERNAL]|Bytes:4
06:08:37.0 (68285096)|HEAP_ALLOCATE|[78]|Bytes:5
06:08:37.0 (68295490)|VARIABLE_SCOPE_BEGIN|[78]|field|Schema.SObjectField|true|false
06:08:37.0 (68355915)|VARIABLE_ASSIGNMENT|[78]|field|"common.apex.runtime.impl.ApexFieldToken@1cc426ff"|0x1cc426ff
06:08:37.0 (68363510)|STATEMENT_EXECUTE|[78]
06:08:37.0 (68433875)|HEAP_ALLOCATE|[79]|Bytes:8
06:08:37.0 (68445360)|STATEMENT_EXECUTE|[80]
06:08:37.0 (68458656)|HEAP_ALLOCATE|[80]|Bytes:8
06:08:37.0 (68466222)|HEAP_ALLOCATE|[80]|Bytes:10
06:08:37.0 (68476914)|HEAP_ALLOCATE|[EXTERNAL]|Bytes:4
06:08:37.0 (68486826)|HEAP_ALLOCATE|[78]|Bytes:5
06:08:37.0 (68497583)|VARIABLE_SCOPE_BEGIN|[78]|field|Schema.SObjectField|true|false
06:08:37.0 (68558500)|VARIABLE_ASSIGNMENT|[78]|field|"common.apex.runtime.impl.ApexFieldToken@28ed3465"|0x28ed3465
06:08:37.0 (68565426)|STATEMENT_EXECUTE|[78]
06:08:37.0 (68635034)|HEAP_ALLOCATE|[79]|Bytes:8
06:08:37.0 (68646027)|STATEMENT_EXECUTE|[80]
06:08:37.0 (68659286)|HEAP_ALLOCATE|[80]|Bytes:8
06:08:37.0 (68666517)|HEAP_ALLOCATE|[80]|Bytes:8
06:08:37.0 (68673134)|HEAP_ALLOCATE|[EXTERNAL]|Bytes:4
06:08:37.0 (68682404)|HEAP_ALLOCATE|[78]|Bytes:5
06:08:37.0 (68692986)|VARIABLE_SCOPE_BEGIN|[78]|field|Schema.SObjectField|true|false
06:08:37.0 (68753277)|VARIABLE_ASSIGNMENT|[78]|field|"common.apex.runtime.impl.ApexFieldToken@16b8c672"|0x16b8c672
06:08:37.0 (68760881)|STATEMENT_EXECUTE|[78]
06:08:37.0 (68831653)|HEAP_ALLOCATE|[79]|Bytes:8
06:08:37.0 (68843030)|STATEMENT_EXECUTE|[80]
06:08:37.0 (68855936)|HEAP_ALLOCATE|[80]|Bytes:8
06:08:37.0 (68863343)|HEAP_ALLOCATE|[80]|Bytes:7
06:08:37.0 (68869673)|HEAP_ALLOCATE|[EXTERNAL]|Bytes:4
06:08:37.0 (68879834)|HEAP_ALLOCATE|[78]|Bytes:5
06:08:37.0 (68890030)|VARIABLE_SCOPE_BEGIN|[78]|field|Schema.SObjectField|true|false
06:08:37.0 (68950537)|VARIABLE_ASSIGNMENT|[78]|field|"common.apex.runtime.impl.ApexFieldToken@795168eb"|0x795168eb
06:08:37.0 (68957399)|STATEMENT_EXECUTE|[78]
06:08:37.0 (69026141)|HEAP_ALLOCATE|[79]|Bytes:8
06:08:37.0 (69037294)|STATEMENT_EXECUTE|[80]
06:08:37.0 (69050225)|HEAP_ALLOCATE|[80]|Bytes:8
06:08:37.0 (69057300)|HEAP_ALLOCATE|[80]|Bytes:8
06:08:37.0 (69064072)|HEAP_ALLOCATE|[EXTERNAL]|Bytes:4
06:08:37.0 (69073201)|HEAP_ALLOCATE|[78]|Bytes:5
06:08:37.0 (69083392)|VARIABLE_SCOPE_BEGIN|[78]|field|Schema.SObjectField|true|false
06:08:37.0 (69144036)|VARIABLE_ASSIGNMENT|[78]|field|"common.apex.runtime.impl.ApexFieldToken@441f5ae0"|0x441f5ae0
06:08:37.0 (69151024)|STATEMENT_EXECUTE|[78]
06:08:37.0 (69223885)|HEAP_ALLOCATE|[79]|Bytes:8
06:08:37.0 (69234871)|STATEMENT_EXECUTE|[80]
06:08:37.0 (69247965)|HEAP_ALLOCATE|[80]|Bytes:8
06:08:37.0 (69254964)|HEAP_ALLOCATE|[80]|Bytes:7
06:08:37.0 (69261528)|HEAP_ALLOCATE|[EXTERNAL]|Bytes:4
06:08:37.0 (69271169)|HEAP_ALLOCATE|[78]|Bytes:5
06:08:37.0 (69280953)|VARIABLE_ASSIGNMENT|[78]|field|null|
06:08:37.0 (69285899)|STATEMENT_EXECUTE|[82]
06:08:37.0 (69290646)|VARIABLE_SCOPE_BEGIN|[82]|allfields|String|false|false
06:08:37.0 (69299858)|VARIABLE_ASSIGNMENT|[82]|allfields|""
06:08:37.0 (69335834)|HEAP_ALLOCATE|[83]|Bytes:5
06:08:37.0 (69343685)|HEAP_ALLOCATE|[83]|Bytes:2
06:08:37.0 (69349717)|VARIABLE_SCOPE_BEGIN|[83]|fieldname|String|false|false
06:08:37.0 (69358524)|VARIABLE_ASSIGNMENT|[83]|fieldname|"Id"
06:08:37.0 (69363113)|STATEMENT_EXECUTE|[84]
06:08:37.0 (69365334)|HEAP_ALLOCATE|[84]|Bytes:1
06:08:37.0 (69381617)|HEAP_ALLOCATE|[84]|Bytes:3
06:08:37.0 (69386351)|HEAP_ALLOCATE|[84]|Bytes:3
06:08:37.0 (69390866)|VARIABLE_ASSIGNMENT|[84]|allfields|"Id,"
06:08:37.0 (69398182)|HEAP_ALLOCATE|[83]|Bytes:5
06:08:37.0 (69404107)|HEAP_ALLOCATE|[83]|Bytes:7
06:08:37.0 (69408072)|VARIABLE_SCOPE_BEGIN|[83]|fieldname|String|false|false
06:08:37.0 (69416312)|VARIABLE_ASSIGNMENT|[83]|fieldname|"OwnerId"
06:08:37.0 (69420176)|STATEMENT_EXECUTE|[84]
06:08:37.0 (69422833)|HEAP_ALLOCATE|[84]|Bytes:8
06:08:37.0 (69426767)|HEAP_ALLOCATE|[84]|Bytes:11
06:08:37.0 (69431202)|VARIABLE_ASSIGNMENT|[84]|allfields|"Id,OwnerId,"
06:08:37.0 (69438471)|HEAP_ALLOCATE|[83]|Bytes:5
06:08:37.0 (69443958)|HEAP_ALLOCATE|[83]|Bytes:9
06:08:37.0 (69447616)|VARIABLE_SCOPE_BEGIN|[83]|fieldname|String|false|false
06:08:37.0 (69454476)|VARIABLE_ASSIGNMENT|[83]|fieldname|"IsDeleted"
06:08:37.0 (69458234)|STATEMENT_EXECUTE|[84]
06:08:37.0 (69460607)|HEAP_ALLOCATE|[84]|Bytes:10
06:08:37.0 (69464384)|HEAP_ALLOCATE|[84]|Bytes:21
06:08:37.0 (69474806)|VARIABLE_ASSIGNMENT|[84]|allfields|"Id,OwnerId,IsDeleted (1 more) ..."
06:08:37.0 (69482263)|HEAP_ALLOCATE|[83]|Bytes:5
06:08:37.0 (69488392)|HEAP_ALLOCATE|[83]|Bytes:4
06:08:37.0 (69492066)|VARIABLE_SCOPE_BEGIN|[83]|fieldname|String|false|false
06:08:37.0 (69498920)|VARIABLE_ASSIGNMENT|[83]|fieldname|"Name"
06:08:37.0 (69502429)|STATEMENT_EXECUTE|[84]
06:08:37.0 (69504767)|HEAP_ALLOCATE|[84]|Bytes:5
06:08:37.0 (69508509)|HEAP_ALLOCATE|[84]|Bytes:26
06:08:37.0 (69513432)|VARIABLE_ASSIGNMENT|[84]|allfields|"Id,OwnerId,IsDeleted (6 more) ..."
06:08:37.0 (69520077)|HEAP_ALLOCATE|[83]|Bytes:5
06:08:37.0 (69525655)|HEAP_ALLOCATE|[83]|Bytes:11
06:08:37.0 (69529482)|VARIABLE_SCOPE_BEGIN|[83]|fieldname|String|false|false
06:08:37.0 (69535404)|VARIABLE_ASSIGNMENT|[83]|fieldname|"CreatedDate"
06:08:37.0 (69538694)|STATEMENT_EXECUTE|[84]
06:08:37.0 (69540874)|HEAP_ALLOCATE|[84]|Bytes:12
06:08:37.0 (69543985)|HEAP_ALLOCATE|[84]|Bytes:38
06:08:37.0 (69548878)|VARIABLE_ASSIGNMENT|[84]|allfields|"Id,OwnerId,IsDeleted (18 more) ..."
06:08:37.0 (69555524)|HEAP_ALLOCATE|[83]|Bytes:5
06:08:37.0 (69560444)|HEAP_ALLOCATE|[83]|Bytes:11
06:08:37.0 (69563858)|VARIABLE_SCOPE_BEGIN|[83]|fieldname|String|false|false
06:08:37.0 (69570596)|VARIABLE_ASSIGNMENT|[83]|fieldname|"CreatedById"
06:08:37.0 (69573597)|STATEMENT_EXECUTE|[84]
06:08:37.0 (69575780)|HEAP_ALLOCATE|[84]|Bytes:12
06:08:37.0 (69579254)|HEAP_ALLOCATE|[84]|Bytes:50
06:08:37.0 (69583459)|VARIABLE_ASSIGNMENT|[84]|allfields|"Id,OwnerId,IsDeleted (30 more) ..."
06:08:37.0 (69589860)|HEAP_ALLOCATE|[83]|Bytes:5
06:08:37.0 (69594875)|HEAP_ALLOCATE|[83]|Bytes:16
06:08:37.0 (69598245)|VARIABLE_SCOPE_BEGIN|[83]|fieldname|String|false|false
06:08:37.0 (69604456)|VARIABLE_ASSIGNMENT|[83]|fieldname|"LastModifiedDate"
06:08:37.0 (69607577)|STATEMENT_EXECUTE|[84]
06:08:37.0 (69609770)|HEAP_ALLOCATE|[84]|Bytes:17
06:08:37.0 (69613100)|HEAP_ALLOCATE|[84]|Bytes:67
06:08:37.0 (69617248)|VARIABLE_ASSIGNMENT|[84]|allfields|"Id,OwnerId,IsDeleted (47 more) ..."
06:08:37.0 (69623486)|HEAP_ALLOCATE|[83]|Bytes:5
06:08:37.0 (69628944)|HEAP_ALLOCATE|[83]|Bytes:16
06:08:37.0 (69632316)|VARIABLE_SCOPE_BEGIN|[83]|fieldname|String|false|false
06:08:37.0 (69639251)|VARIABLE_ASSIGNMENT|[83]|fieldname|"LastModifiedById"
06:08:37.0 (69642220)|STATEMENT_EXECUTE|[84]
06:08:37.0 (69644501)|HEAP_ALLOCATE|[84]|Bytes:17
06:08:37.0 (69648301)|HEAP_ALLOCATE|[84]|Bytes:84
06:08:37.0 (69652480)|VARIABLE_ASSIGNMENT|[84]|allfields|"Id,OwnerId,IsDeleted (64 more) ..."
06:08:37.0 (69658750)|HEAP_ALLOCATE|[83]|Bytes:5
06:08:37.0 (69664046)|HEAP_ALLOCATE|[83]|Bytes:14
06:08:37.0 (69667328)|VARIABLE_SCOPE_BEGIN|[83]|fieldname|String|false|false
06:08:37.0 (69674384)|VARIABLE_ASSIGNMENT|[83]|fieldname|"SystemModstamp"
06:08:37.0 (69678059)|STATEMENT_EXECUTE|[84]
06:08:37.0 (69680214)|HEAP_ALLOCATE|[84]|Bytes:15
06:08:37.0 (69683981)|HEAP_ALLOCATE|[84]|Bytes:99
06:08:37.0 (69688115)|VARIABLE_ASSIGNMENT|[84]|allfields|"Id,OwnerId,IsDeleted (79 more) ..."
06:08:37.0 (69694519)|HEAP_ALLOCATE|[83]|Bytes:5
06:08:37.0 (69699776)|HEAP_ALLOCATE|[83]|Bytes:16
06:08:37.0 (69703289)|VARIABLE_SCOPE_BEGIN|[83]|fieldname|String|false|false
06:08:37.0 (69709816)|VARIABLE_ASSIGNMENT|[83]|fieldname|"LastActivityDate"
06:08:37.0 (69713067)|STATEMENT_EXECUTE|[84]
06:08:37.0 (69715251)|HEAP_ALLOCATE|[84]|Bytes:17
06:08:37.0 (69718951)|HEAP_ALLOCATE|[84]|Bytes:116
06:08:37.0 (69723907)|VARIABLE_ASSIGNMENT|[84]|allfields|"Id,OwnerId,IsDeleted (96 more) ..."
06:08:37.0 (69730112)|HEAP_ALLOCATE|[83]|Bytes:5
06:08:37.0 (69735504)|HEAP_ALLOCATE|[83]|Bytes:14
06:08:37.0 (69738952)|VARIABLE_SCOPE_BEGIN|[83]|fieldname|String|false|false
06:08:37.0 (69745110)|VARIABLE_ASSIGNMENT|[83]|fieldname|"LastViewedDate"
06:08:37.0 (69748400)|STATEMENT_EXECUTE|[84]
06:08:37.0 (69750579)|HEAP_ALLOCATE|[84]|Bytes:15
06:08:37.0 (69753868)|HEAP_ALLOCATE|[84]|Bytes:131
06:08:37.0 (69758608)|VARIABLE_ASSIGNMENT|[84]|allfields|"Id,OwnerId,IsDeleted (111 more) ..."
06:08:37.0 (69765354)|HEAP_ALLOCATE|[83]|Bytes:5
06:08:37.0 (69770447)|HEAP_ALLOCATE|[83]|Bytes:18
06:08:37.0 (69773790)|VARIABLE_SCOPE_BEGIN|[83]|fieldname|String|false|false
06:08:37.0 (69780178)|VARIABLE_ASSIGNMENT|[83]|fieldname|"LastReferencedDate"
06:08:37.0 (69783507)|STATEMENT_EXECUTE|[84]
06:08:37.0 (69785686)|HEAP_ALLOCATE|[84]|Bytes:19
06:08:37.0 (69789101)|HEAP_ALLOCATE|[84]|Bytes:150
06:08:37.0 (69793517)|VARIABLE_ASSIGNMENT|[84]|allfields|"Id,OwnerId,IsDeleted (130 more) ..."
06:08:37.0 (69799695)|HEAP_ALLOCATE|[83]|Bytes:5
06:08:37.0 (69805287)|HEAP_ALLOCATE|[83]|Bytes:9
06:08:37.0 (69808632)|VARIABLE_SCOPE_BEGIN|[83]|fieldname|String|false|false
06:08:37.0 (69815195)|VARIABLE_ASSIGNMENT|[83]|fieldname|"Client__c"
06:08:37.0 (69818598)|STATEMENT_EXECUTE|[84]
06:08:37.0 (69820745)|HEAP_ALLOCATE|[84]|Bytes:10
06:08:37.0 (69824341)|HEAP_ALLOCATE|[84]|Bytes:160
06:08:37.0 (69828478)|VARIABLE_ASSIGNMENT|[84]|allfields|"Id,OwnerId,IsDeleted (140 more) ..."
06:08:37.0 (69834609)|HEAP_ALLOCATE|[83]|Bytes:5
06:08:37.0 (69839494)|HEAP_ALLOCATE|[83]|Bytes:15
06:08:37.0 (69843121)|VARIABLE_SCOPE_BEGIN|[83]|fieldname|String|false|false
06:08:37.0 (69849895)|VARIABLE_ASSIGNMENT|[83]|fieldname|"End_Customer__c"
06:08:37.0 (69853324)|STATEMENT_EXECUTE|[84]
06:08:37.0 (69855519)|HEAP_ALLOCATE|[84]|Bytes:16
06:08:37.0 (69858985)|HEAP_ALLOCATE|[84]|Bytes:176
06:08:37.0 (69863561)|VARIABLE_ASSIGNMENT|[84]|allfields|"Id,OwnerId,IsDeleted (156 more) ..."
06:08:37.0 (69869910)|HEAP_ALLOCATE|[83]|Bytes:5
06:08:37.0 (69875368)|HEAP_ALLOCATE|[83]|Bytes:19
06:08:37.0 (69878791)|VARIABLE_SCOPE_BEGIN|[83]|fieldname|String|false|false
06:08:37.0 (69885287)|VARIABLE_ASSIGNMENT|[83]|fieldname|"Operation_Region__c"
06:08:37.0 (69888574)|STATEMENT_EXECUTE|[84]
06:08:37.0 (69890749)|HEAP_ALLOCATE|[84]|Bytes:20
06:08:37.0 (69894787)|HEAP_ALLOCATE|[84]|Bytes:196
06:08:37.0 (69899040)|VARIABLE_ASSIGNMENT|[84]|allfields|"Id,OwnerId,IsDeleted (176 more) ..."
06:08:37.0 (69905522)|HEAP_ALLOCATE|[83]|Bytes:5
06:08:37.0 (69910606)|HEAP_ALLOCATE|[83]|Bytes:14
06:08:37.0 (69914180)|VARIABLE_SCOPE_BEGIN|[83]|fieldname|String|false|false
06:08:37.0 (69920842)|VARIABLE_ASSIGNMENT|[83]|fieldname|"Work_Region__c"
06:08:37.0 (69927947)|STATEMENT_EXECUTE|[84]
06:08:37.0 (69930549)|HEAP_ALLOCATE|[84]|Bytes:15
06:08:37.0 (69934145)|HEAP_ALLOCATE|[84]|Bytes:211
06:08:37.0 (69939254)|VARIABLE_ASSIGNMENT|[84]|allfields|"Id,OwnerId,IsDeleted (191 more) ..."
06:08:37.0 (69946369)|HEAP_ALLOCATE|[83]|Bytes:5
06:08:37.0 (69951896)|HEAP_ALLOCATE|[83]|Bytes:25
06:08:37.0 (69955198)|VARIABLE_SCOPE_BEGIN|[83]|fieldname|String|false|false
06:08:37.0 (69962240)|VARIABLE_ASSIGNMENT|[83]|fieldname|"Client_Project_Manag (5 more) ..."
06:08:37.0 (69965502)|STATEMENT_EXECUTE|[84]
06:08:37.0 (69967750)|HEAP_ALLOCATE|[84]|Bytes:26
06:08:37.0 (69971331)|HEAP_ALLOCATE|[84]|Bytes:237
06:08:37.0 (69975432)|VARIABLE_ASSIGNMENT|[84]|allfields|"Id,OwnerId,IsDeleted (217 more) ..."
06:08:37.0 (69981584)|HEAP_ALLOCATE|[83]|Bytes:5
06:08:37.0 (69986910)|HEAP_ALLOCATE|[83]|Bytes:15
06:08:37.0 (69991069)|VARIABLE_SCOPE_BEGIN|[83]|fieldname|String|false|false
06:08:37.0 (69997356)|VARIABLE_ASSIGNMENT|[83]|fieldname|"Project_code__c"
06:08:37.0 (70000805)|STATEMENT_EXECUTE|[84]
06:08:37.0 (70003612)|HEAP_ALLOCATE|[84]|Bytes:16
06:08:37.0 (70007663)|HEAP_ALLOCATE|[84]|Bytes:253
06:08:37.0 (70012229)|VARIABLE_ASSIGNMENT|[84]|allfields|"Id,OwnerId,IsDeleted (233 more) ..."
06:08:37.0 (70018503)|HEAP_ALLOCATE|[83]|Bytes:5
06:08:37.0 (70023920)|HEAP_ALLOCATE|[83]|Bytes:23
06:08:37.0 (70027361)|VARIABLE_SCOPE_BEGIN|[83]|fieldname|String|false|false
06:08:37.0 (70033981)|VARIABLE_ASSIGNMENT|[83]|fieldname|"Company_project_code (3 more) ..."
06:08:37.0 (70037336)|STATEMENT_EXECUTE|[84]
06:08:37.0 (70039537)|HEAP_ALLOCATE|[84]|Bytes:24
06:08:37.0 (70043601)|HEAP_ALLOCATE|[84]|Bytes:277
06:08:37.0 (70047803)|VARIABLE_ASSIGNMENT|[84]|allfields|"Id,OwnerId,IsDeleted (257 more) ..."
06:08:37.0 (70054298)|HEAP_ALLOCATE|[83]|Bytes:5
06:08:37.0 (70059459)|HEAP_ALLOCATE|[83]|Bytes:16
06:08:37.0 (70063107)|VARIABLE_SCOPE_BEGIN|[83]|fieldname|String|false|false
06:08:37.0 (70069607)|VARIABLE_ASSIGNMENT|[83]|fieldname|"Project_Scope__c"
06:08:37.0 (70072837)|STATEMENT_EXECUTE|[84]
06:08:37.0 (70075011)|HEAP_ALLOCATE|[84]|Bytes:17
06:08:37.0 (70078714)|HEAP_ALLOCATE|[84]|Bytes:294
06:08:37.0 (70082841)|VARIABLE_ASSIGNMENT|[84]|allfields|"Id,OwnerId,IsDeleted (274 more) ..."
06:08:37.0 (70089103)|HEAP_ALLOCATE|[83]|Bytes:5
06:08:37.0 (70094279)|HEAP_ALLOCATE|[83]|Bytes:14
06:08:37.0 (70097660)|VARIABLE_SCOPE_BEGIN|[83]|fieldname|String|false|false
06:08:37.0 (70104237)|VARIABLE_ASSIGNMENT|[83]|fieldname|"Cost_Centre__c"
06:08:37.0 (70107615)|STATEMENT_EXECUTE|[84]
06:08:37.0 (70109978)|HEAP_ALLOCATE|[84]|Bytes:15
06:08:37.0 (70113200)|HEAP_ALLOCATE|[84]|Bytes:309
06:08:37.0 (70117867)|VARIABLE_ASSIGNMENT|[84]|allfields|"Id,OwnerId,IsDeleted (289 more) ..."
06:08:37.0 (70123867)|HEAP_ALLOCATE|[83]|Bytes:5
06:08:37.0 (70129120)|HEAP_ALLOCATE|[83]|Bytes:13
06:08:37.0 (70132245)|VARIABLE_SCOPE_BEGIN|[83]|fieldname|String|false|false
06:08:37.0 (70138463)|VARIABLE_ASSIGNMENT|[83]|fieldname|"Production__c"
06:08:37.0 (70141808)|STATEMENT_EXECUTE|[84]
06:08:37.0 (70144204)|HEAP_ALLOCATE|[84]|Bytes:14
06:08:37.0 (70147699)|HEAP_ALLOCATE|[84]|Bytes:323
06:08:37.0 (70151941)|VARIABLE_ASSIGNMENT|[84]|allfields|"Id,OwnerId,IsDeleted (303 more) ..."
06:08:37.0 (70157816)|HEAP_ALLOCATE|[83]|Bytes:5
06:08:37.0 (70163332)|HEAP_ALLOCATE|[83]|Bytes:5
06:08:37.0 (70166484)|VARIABLE_SCOPE_BEGIN|[83]|fieldname|String|false|false
06:08:37.0 (70173386)|VARIABLE_ASSIGNMENT|[83]|fieldname|"QC__c"
06:08:37.0 (70176910)|STATEMENT_EXECUTE|[84]
06:08:37.0 (70179113)|HEAP_ALLOCATE|[84]|Bytes:6
06:08:37.0 (70182422)|HEAP_ALLOCATE|[84]|Bytes:329
06:08:37.0 (70186757)|VARIABLE_ASSIGNMENT|[84]|allfields|"Id,OwnerId,IsDeleted (309 more) ..."
06:08:37.0 (70193110)|HEAP_ALLOCATE|[83]|Bytes:5
06:08:37.0 (70198262)|HEAP_ALLOCATE|[83]|Bytes:11
06:08:37.0 (70201699)|VARIABLE_SCOPE_BEGIN|[83]|fieldname|String|false|false
06:08:37.0 (70208628)|VARIABLE_ASSIGNMENT|[83]|fieldname|"Delivery__c"
06:08:37.0 (70211648)|STATEMENT_EXECUTE|[84]
06:08:37.0 (70213820)|HEAP_ALLOCATE|[84]|Bytes:12
06:08:37.0 (70218538)|HEAP_ALLOCATE|[84]|Bytes:341
06:08:37.0 (70223137)|VARIABLE_ASSIGNMENT|[84]|allfields|"Id,OwnerId,IsDeleted (321 more) ..."
06:08:37.0 (70229497)|HEAP_ALLOCATE|[83]|Bytes:5
06:08:37.0 (70234542)|HEAP_ALLOCATE|[83]|Bytes:5
06:08:37.0 (70237798)|VARIABLE_SCOPE_BEGIN|[83]|fieldname|String|false|false
06:08:37.0 (70243785)|VARIABLE_ASSIGNMENT|[83]|fieldname|"QA__c"
06:08:37.0 (70246827)|STATEMENT_EXECUTE|[84]
06:08:37.0 (70249030)|HEAP_ALLOCATE|[84]|Bytes:6
06:08:37.0 (70252849)|HEAP_ALLOCATE|[84]|Bytes:347
06:08:37.0 (70257345)|VARIABLE_ASSIGNMENT|[84]|allfields|"Id,OwnerId,IsDeleted (327 more) ..."
06:08:37.0 (70263373)|HEAP_ALLOCATE|[83]|Bytes:5
06:08:37.0 (70268385)|HEAP_ALLOCATE|[83]|Bytes:25
06:08:37.0 (70272135)|VARIABLE_SCOPE_BEGIN|[83]|fieldname|String|false|false
06:08:37.0 (70278945)|VARIABLE_ASSIGNMENT|[83]|fieldname|"OffshoreProjectManag (5 more) ..."
06:08:37.0 (70282158)|STATEMENT_EXECUTE|[84]
06:08:37.0 (70284343)|HEAP_ALLOCATE|[84]|Bytes:26
06:08:37.0 (70288413)|HEAP_ALLOCATE|[84]|Bytes:373
06:08:37.0 (70293066)|VARIABLE_ASSIGNMENT|[84]|allfields|"Id,OwnerId,IsDeleted (353 more) ..."
06:08:37.0 (70299222)|HEAP_ALLOCATE|[83]|Bytes:5
06:08:37.0 (70304906)|HEAP_ALLOCATE|[83]|Bytes:12
06:08:37.0 (70308554)|VARIABLE_SCOPE_BEGIN|[83]|fieldname|String|false|false
06:08:37.0 (70314712)|VARIABLE_ASSIGNMENT|[83]|fieldname|"Team_Lead__c"
06:08:37.0 (70318423)|STATEMENT_EXECUTE|[84]
06:08:37.0 (70320609)|HEAP_ALLOCATE|[84]|Bytes:13
06:08:37.0 (70324688)|HEAP_ALLOCATE|[84]|Bytes:386
06:08:37.0 (70329014)|VARIABLE_ASSIGNMENT|[84]|allfields|"Id,OwnerId,IsDeleted (366 more) ..."
06:08:37.0 (70335335)|HEAP_ALLOCATE|[83]|Bytes:5
06:08:37.0 (70340383)|HEAP_ALLOCATE|[83]|Bytes:21
06:08:37.0 (70343847)|VARIABLE_SCOPE_BEGIN|[83]|fieldname|String|false|false
06:08:37.0 (70350964)|VARIABLE_ASSIGNMENT|[83]|fieldname|"Project_Start_Date__ (1 more) ..."
06:08:37.0 (70354277)|STATEMENT_EXECUTE|[84]
06:08:37.0 (70356385)|HEAP_ALLOCATE|[84]|Bytes:22
06:08:37.0 (70360016)|HEAP_ALLOCATE|[84]|Bytes:408
06:08:37.0 (70365089)|VARIABLE_ASSIGNMENT|[84]|allfields|"Id,OwnerId,IsDeleted (388 more) ..."
06:08:37.0 (70371075)|HEAP_ALLOCATE|[83]|Bytes:5
06:08:37.0 (70376327)|HEAP_ALLOCATE|[83]|Bytes:19
06:08:37.0 (70379690)|VARIABLE_SCOPE_BEGIN|[83]|fieldname|String|false|false
06:08:37.0 (70386462)|VARIABLE_ASSIGNMENT|[83]|fieldname|"Project_End_Date__c"
06:08:37.0 (70389730)|STATEMENT_EXECUTE|[84]
06:08:37.0 (70391889)|HEAP_ALLOCATE|[84]|Bytes:20
06:08:37.0 (70396254)|HEAP_ALLOCATE|[84]|Bytes:428
06:08:37.0 (70400501)|VARIABLE_ASSIGNMENT|[84]|allfields|"Id,OwnerId,IsDeleted (408 more) ..."
06:08:37.0 (70407557)|HEAP_ALLOCATE|[83]|Bytes:5
06:08:37.0 (70412871)|HEAP_ALLOCATE|[83]|Bytes:8
06:08:37.0 (70416719)|VARIABLE_SCOPE_BEGIN|[83]|fieldname|String|false|false
06:08:37.0 (70422971)|VARIABLE_ASSIGNMENT|[83]|fieldname|"Units__c"
06:08:37.0 (70425897)|STATEMENT_EXECUTE|[84]
06:08:37.0 (70428131)|HEAP_ALLOCATE|[84]|Bytes:9
06:08:37.0 (70431895)|HEAP_ALLOCATE|[84]|Bytes:437
06:08:37.0 (70436129)|VARIABLE_ASSIGNMENT|[84]|allfields|"Id,OwnerId,IsDeleted (417 more) ..."
06:08:37.0 (70442607)|HEAP_ALLOCATE|[83]|Bytes:5
06:08:37.0 (70448128)|HEAP_ALLOCATE|[83]|Bytes:8
06:08:37.0 (70451557)|VARIABLE_SCOPE_BEGIN|[83]|fieldname|String|false|false
06:08:37.0 (70458689)|VARIABLE_ASSIGNMENT|[83]|fieldname|"Nodes__c"
06:08:37.0 (70461946)|STATEMENT_EXECUTE|[84]
06:08:37.0 (70464483)|HEAP_ALLOCATE|[84]|Bytes:9
06:08:37.0 (70467927)|HEAP_ALLOCATE|[84]|Bytes:446
06:08:37.0 (70475397)|VARIABLE_ASSIGNMENT|[84]|allfields|"Id,OwnerId,IsDeleted (426 more) ..."
06:08:37.0 (70482467)|HEAP_ALLOCATE|[83]|Bytes:5
06:08:37.0 (70488494)|HEAP_ALLOCATE|[83]|Bytes:10
06:08:37.0 (70491819)|VARIABLE_SCOPE_BEGIN|[83]|fieldname|String|false|false
06:08:37.0 (70499005)|VARIABLE_ASSIGNMENT|[83]|fieldname|"Footage__c"
06:08:37.0 (70502310)|STATEMENT_EXECUTE|[84]
06:08:37.0 (70504587)|HEAP_ALLOCATE|[84]|Bytes:11
06:08:37.0 (70508621)|HEAP_ALLOCATE|[84]|Bytes:457
06:08:37.0 (70512744)|VARIABLE_ASSIGNMENT|[84]|allfields|"Id,OwnerId,IsDeleted (437 more) ..."
06:08:37.0 (70519510)|HEAP_ALLOCATE|[83]|Bytes:5
06:08:37.0 (70525039)|HEAP_ALLOCATE|[83]|Bytes:8
06:08:37.0 (70528722)|VARIABLE_SCOPE_BEGIN|[83]|fieldname|String|false|false
06:08:37.0 (70535245)|VARIABLE_ASSIGNMENT|[83]|fieldname|"Miles__c"
06:08:37.0 (70538567)|STATEMENT_EXECUTE|[84]
06:08:37.0 (70540709)|HEAP_ALLOCATE|[84]|Bytes:9
06:08:37.0 (70544364)|HEAP_ALLOCATE|[84]|Bytes:466
06:08:37.0 (70548395)|VARIABLE_ASSIGNMENT|[84]|allfields|"Id,OwnerId,IsDeleted (446 more) ..."
06:08:37.0 (70555258)|HEAP_ALLOCATE|[83]|Bytes:5
06:08:37.0 (70560087)|HEAP_ALLOCATE|[83]|Bytes:7
06:08:37.0 (70563502)|VARIABLE_SCOPE_BEGIN|[83]|fieldname|String|false|false
06:08:37.0 (70570663)|VARIABLE_ASSIGNMENT|[83]|fieldname|"Jobs__c"
06:08:37.0 (70573852)|STATEMENT_EXECUTE|[84]
06:08:37.0 (70576122)|HEAP_ALLOCATE|[84]|Bytes:8
06:08:37.0 (70579696)|HEAP_ALLOCATE|[84]|Bytes:474
06:08:37.0 (70584514)|VARIABLE_ASSIGNMENT|[84]|allfields|"Id,OwnerId,IsDeleted (454 more) ..."
06:08:37.0 (70590613)|HEAP_ALLOCATE|[83]|Bytes:5
06:08:37.0 (70596135)|HEAP_ALLOCATE|[83]|Bytes:8
06:08:37.0 (70599965)|VARIABLE_SCOPE_BEGIN|[83]|fieldname|String|false|false
06:08:37.0 (70606526)|VARIABLE_ASSIGNMENT|[83]|fieldname|"Hours__c"
06:08:37.0 (70609438)|STATEMENT_EXECUTE|[84]
06:08:37.0 (70611658)|HEAP_ALLOCATE|[84]|Bytes:9
06:08:37.0 (70615220)|HEAP_ALLOCATE|[84]|Bytes:483
06:08:37.0 (70619378)|VARIABLE_ASSIGNMENT|[84]|allfields|"Id,OwnerId,IsDeleted (463 more) ..."
06:08:37.0 (70625747)|HEAP_ALLOCATE|[83]|Bytes:5
06:08:37.0 (70631147)|HEAP_ALLOCATE|[83]|Bytes:7
06:08:37.0 (70634476)|VARIABLE_SCOPE_BEGIN|[83]|fieldname|String|false|false
06:08:37.0 (70641136)|VARIABLE_ASSIGNMENT|[83]|fieldname|"Team__c"
06:08:37.0 (70644544)|STATEMENT_EXECUTE|[84]
06:08:37.0 (70646717)|HEAP_ALLOCATE|[84]|Bytes:8
06:08:37.0 (70650259)|HEAP_ALLOCATE|[84]|Bytes:491
06:08:37.0 (70655166)|VARIABLE_ASSIGNMENT|[84]|allfields|"Id,OwnerId,IsDeleted (471 more) ..."
06:08:37.0 (70661755)|HEAP_ALLOCATE|[83]|Bytes:5
06:08:37.0 (70668001)|VARIABLE_ASSIGNMENT|[83]|fieldname|null
06:08:37.0 (70672235)|STATEMENT_EXECUTE|[86]
06:08:37.0 (70726775)|HEAP_ALLOCATE|[86]|Bytes:490
06:08:37.0 (70737911)|VARIABLE_ASSIGNMENT|[86]|allfields|"Id,OwnerId,IsDeleted (470 more) ..."
06:08:37.0 (70742030)|STATEMENT_EXECUTE|[88]
06:08:37.0 (70753256)|METHOD_EXIT|[16]|01p7F00000Ehro9|PM_Project_Edit_Controller.getAllFields(String)
06:08:37.0 (70760039)|HEAP_ALLOCATE|[16]|Bytes:32
06:08:37.0 (70768224)|HEAP_ALLOCATE|[16]|Bytes:529
06:08:37.0 (71242492)|SOQL_EXECUTE_BEGIN|[16]|Aggregations:0|select Id,OwnerId,IsDeleted,Name,CreatedDate,CreatedById,LastModifiedDate,LastModifiedById,SystemModstamp,LastActivityDate,LastViewedDate,LastReferencedDate,Client__c,End_Customer__c,Operation_Region__c,Work_Region__c,Client_Project_Manager__c,Project_code__c,Company_project_code__c,Project_Scope__c,Cost_Centre__c,Production__c,QC__c,Delivery__c,QA__c,OffshoreProjectManager__c,Team_Lead__c,Project_Start_Date__c,Project_End_Date__c,Units__c,Nodes__c,Footage__c,Miles__c,Jobs__c,Hours__c,Team__c from Project__c where Id = :pid
06:08:37.0 (74780548)|SOQL_EXECUTE_END|[16]|Rows:1
06:08:37.0 (74802285)|HEAP_ALLOCATE|[16]|Bytes:8
06:08:37.0 (74825679)|HEAP_ALLOCATE|[16]|Bytes:580
06:08:37.0 (74877659)|HEAP_ALLOCATE|[16]|Bytes:8
06:08:37.0 (74892105)|HEAP_ALLOCATE|[16]|Bytes:36
06:08:37.0 (74932990)|HEAP_ALLOCATE|[16]|Bytes:88
06:08:37.0 (74985278)|VARIABLE_ASSIGNMENT|[EXTERNAL]|this|{"nonSelectedUserId":"(","project":"0xbe6eebc","usersList":"0x38011342"}|0x25d0e1d6
06:08:37.0 (75034884)|VARIABLE_ASSIGNMENT|[EXTERNAL]|value|{"Id":"a057F0000039WImQAM","OwnerId":"0057F000000Tiz6QAC","IsDeleted":false,"Name":"3432","CreatedDate":"2018-01-22T13:31:57.000Z","CreatedById":"0057F000000Tiz6QAC","LastModifiedDate":"2018-01-22T13:40:46.000Z","LastModifiedById":"0057F000000Tiz6QAC","SystemModstamp":"2018-01-22T13:40:46.000Z","LastViewedDate":"2018-01-22T13:41:35.000Z","LastReferencedDate":"2018-01-22T13:41:35.000Z","Client__c":"a047F000002zkUjQAI","Company_project_code (3 more) ...":"iiiiiiiiiiiiiiiiiiii (11 more) ...","Production__c":100,"Units__c":true,"Nodes__c":false,"Footage__c":false,"Miles__c":false,"Jobs__c":false,"Hours__c":true,"Team__c":"Mani Sasank, Santhos (39 more) ..."}|0x68b351f7
06:08:37.0 (75075730)|VARIABLE_ASSIGNMENT|[3]|this.project|{"Id":"a057F0000039WImQAM","OwnerId":"0057F000000Tiz6QAC","IsDeleted":false,"Name":"3432","CreatedDate":"2018-01-22T13:31:57.000Z","CreatedById":"0057F000000Tiz6QAC","LastModifiedDate":"2018-01-22T13:40:46.000Z","LastModifiedById":"0057F000000Tiz6QAC","SystemModstamp":"2018-01-22T13:40:46.000Z","LastViewedDate":"2018-01-22T13:41:35.000Z","LastReferencedDate":"2018-01-22T13:41:35.000Z","Client__c":"a047F000002zkUjQAI","Company_project_code (3 more) ...":"iiiiiiiiiiiiiiiiiiii (11 more) ...","Production__c":100,"Units__c":true,"Nodes__c":false,"Footage__c":false,"Miles__c":false,"Jobs__c":false,"Hours__c":true,"Team__c":"Mani Sasank, Santhos (39 more) ..."}|0x25d0e1d6
06:08:37.0 (75092135)|STATEMENT_EXECUTE|[17]
06:08:37.0 (75135833)|VARIABLE_ASSIGNMENT|[EXTERNAL]|this|{"nonSelectedUserId":"(","project":"0x68b351f7","usersList":"0x38011342"}|0x25d0e1d6
06:08:37.0 (75198274)|VARIABLE_ASSIGNMENT|[EXTERNAL]|this|{"nonSelectedUserId":"(","project":"0x68b351f7","usersList":"0x38011342"}|0x25d0e1d6
06:08:37.0 (75207034)|VARIABLE_ASSIGNMENT|[EXTERNAL]|value|"3432"
06:08:37.0 (75214445)|VARIABLE_ASSIGNMENT|[4]|this.pName|"3432"|0x25d0e1d6
06:08:37.0 (75221222)|STATEMENT_EXECUTE|[19]
06:08:37.0 (75224703)|HEAP_ALLOCATE|[19]|Bytes:86
06:08:37.0 (75241060)|HEAP_ALLOCATE|[19]|Bytes:4
06:08:37.0 (75252592)|HEAP_ALLOCATE|[19]|Bytes:7
06:08:37.0 (75447040)|SOQL_EXECUTE_BEGIN|[19]|Aggregations:0|SELECT Name, UserLink__c FROM ProjectJobAssociation__c WHERE ProjectLink__c = :tmpVar1
06:08:37.0 (77439501)|SOQL_EXECUTE_END|[19]|Rows:6
06:08:37.0 (77457245)|HEAP_ALLOCATE|[19]|Bytes:28
06:08:37.0 (77480429)|HEAP_ALLOCATE|[19]|Bytes:432
06:08:37.0 (77533522)|HEAP_ALLOCATE|[19]|Bytes:28
06:08:37.0 (77546584)|VARIABLE_SCOPE_BEGIN|[19]|pja|List<ProjectJobAssociation__c>|true|false
06:08:37.0 (77563126)|VARIABLE_ASSIGNMENT|[19]|pja|"List of size 6 too large to display"|0x47927ef7
06:08:37.0 (77569519)|STATEMENT_EXECUTE|[20]
06:08:37.0 (77580528)|HEAP_ALLOCATE|[20]|Bytes:4
06:08:37.0 (77639984)|VARIABLE_ASSIGNMENT|[EXTERNAL]|this|{"nonSelectedUserId":"(","pName":"3432","project":"0x68b351f7","usersList":"0x38011342"}|0x25d0e1d6
06:08:37.0 (77664197)|HEAP_ALLOCATE|[EXTERNAL]|Bytes:4
06:08:37.0 (77671248)|VARIABLE_ASSIGNMENT|[EXTERNAL]|value|[]|0x2c9d0475
06:08:37.0 (77682973)|VARIABLE_ASSIGNMENT|[6]|this.selectedUsers|[]|0x25d0e1d6
06:08:37.0 (77805115)|HEAP_ALLOCATE|[21]|Bytes:5
06:08:37.0 (77819992)|HEAP_ALLOCATE|[21]|Bytes:16
06:08:37.0 (77826806)|VARIABLE_SCOPE_BEGIN|[21]|spja|ProjectJobAssociation__c|true|false
06:08:37.0 (77841250)|VARIABLE_ASSIGNMENT|[21]|spja|{"Name":"62","UserLink__c":"0057F000000Tz0iQAC","Id":"a087F000009JygkQAC"}|0x3583c89e
06:08:37.0 (77846792)|STATEMENT_EXECUTE|[21]
06:08:37.0 (77848212)|STATEMENT_EXECUTE|[22]
06:08:37.0 (77850928)|HEAP_ALLOCATE|[22]|Bytes:45
06:08:37.0 (77863233)|HEAP_ALLOCATE|[22]|Bytes:4
06:08:37.0 (78014999)|SOQL_EXECUTE_BEGIN|[22]|Aggregations:0|SELECT Id, Name FROM User WHERE Id = :tmpVar1
06:08:37.0 (81045342)|SOQL_EXECUTE_END|[22]|Rows:1
06:08:37.0 (81061931)|HEAP_ALLOCATE|[22]|Bytes:8
06:08:37.0 (81072851)|HEAP_ALLOCATE|[22]|Bytes:42
06:08:37.0 (81120214)|HEAP_ALLOCATE|[22]|Bytes:8
06:08:37.0 (81131722)|HEAP_ALLOCATE|[22]|Bytes:30
06:08:37.0 (81156928)|HEAP_ALLOCATE|[22]|Bytes:12
06:08:37.0 (81163365)|VARIABLE_SCOPE_BEGIN|[22]|user1|User|true|false
06:08:37.0 (81180570)|VARIABLE_ASSIGNMENT|[22]|user1|{"Id":"0057F000000Tz0iQAC","Name":"Richa"}|0x3781c986
06:08:37.0 (81186835)|STATEMENT_EXECUTE|[23]
06:08:37.0 (81191850)|HEAP_ALLOCATE|[23]|Bytes:1
06:08:37.0 (81255459)|HEAP_ALLOCATE|[23]|Bytes:18
06:08:37.0 (81267078)|HEAP_ALLOCATE|[23]|Bytes:2
06:08:37.0 (81273844)|HEAP_ALLOCATE|[23]|Bytes:21
06:08:37.0 (81278530)|HEAP_ALLOCATE|[23]|Bytes:22
06:08:37.0 (81290687)|VARIABLE_ASSIGNMENT|[23]|this.nonSelectedUserId|"('0057F000000Tz0iQAC (2 more) ..."|0x25d0e1d6
06:08:37.0 (81296711)|STATEMENT_EXECUTE|[24]
06:08:37.0 (81338772)|VARIABLE_ASSIGNMENT|[EXTERNAL]|this|{"nonSelectedUserId":"('0057F000000Tz0iQAC (2 more) ...","pName":"3432","project":"0x68b351f7","selectedUsers":"0x2c9d0475","usersList":"0x38011342"}|0x25d0e1d6
06:08:37.0 (81363755)|HEAP_ALLOCATE|[24]|Bytes:18
06:08:37.0 (81407521)|HEAP_ALLOCATE|[EXTERNAL]|Bytes:4
06:08:37.0 (81421773)|HEAP_ALLOCATE|[21]|Bytes:5
06:08:37.0 (81432636)|HEAP_ALLOCATE|[21]|Bytes:16
06:08:37.0 (81438689)|VARIABLE_SCOPE_BEGIN|[21]|spja|ProjectJobAssociation__c|true|false
06:08:37.0 (81452559)|VARIABLE_ASSIGNMENT|[21]|spja|{"Name":"63","UserLink__c":"0057F000000Tz0sQAC","Id":"a087F000009JyglQAC"}|0x1ddf706a
06:08:37.0 (81457973)|STATEMENT_EXECUTE|[21]
06:08:37.0 (81458990)|STATEMENT_EXECUTE|[22]
06:08:37.0 (81468466)|HEAP_ALLOCATE|[22]|Bytes:4
06:08:37.0 (81588669)|SOQL_EXECUTE_BEGIN|[22]|Aggregations:0|SELECT Id, Name FROM User WHERE Id = :tmpVar1
06:08:37.0 (83839168)|SOQL_EXECUTE_END|[22]|Rows:1
06:08:37.0 (83855140)|HEAP_ALLOCATE|[22]|Bytes:8
06:08:37.0 (83865752)|HEAP_ALLOCATE|[22]|Bytes:44
06:08:37.0 (83892765)|HEAP_ALLOCATE|[22]|Bytes:8
06:08:37.0 (83909034)|HEAP_ALLOCATE|[22]|Bytes:12
06:08:37.0 (83915139)|VARIABLE_SCOPE_BEGIN|[22]|user1|User|true|false
06:08:37.0 (83931212)|VARIABLE_ASSIGNMENT|[22]|user1|{"Id":"0057F000000Tz0sQAC","Name":"Veeresh"}|0x18782e74
06:08:37.0 (83937618)|STATEMENT_EXECUTE|[23]
06:08:37.0 (83959628)|HEAP_ALLOCATE|[23]|Bytes:18
06:08:37.0 (83971109)|HEAP_ALLOCATE|[23]|Bytes:21
06:08:37.0 (83975347)|HEAP_ALLOCATE|[23]|Bytes:43
06:08:37.0 (83985870)|VARIABLE_ASSIGNMENT|[23]|this.nonSelectedUserId|"('0057F000000Tz0iQAC (23 more) ..."|0x25d0e1d6
06:08:37.0 (83991549)|STATEMENT_EXECUTE|[24]
06:08:37.0 (84017348)|VARIABLE_ASSIGNMENT|[EXTERNAL]|this|{"nonSelectedUserId":"('0057F000000Tz0iQAC (23 more) ...","pName":"3432","project":"0x68b351f7","selectedUsers":"0x2c9d0475","usersList":"0x38011342"}|0x25d0e1d6
06:08:37.0 (84034836)|HEAP_ALLOCATE|[24]|Bytes:18
06:08:37.0 (84049187)|HEAP_ALLOCATE|[EXTERNAL]|Bytes:4
06:08:37.0 (84061604)|HEAP_ALLOCATE|[21]|Bytes:5
06:08:37.0 (84072017)|HEAP_ALLOCATE|[21]|Bytes:16
06:08:37.0 (84077789)|VARIABLE_SCOPE_BEGIN|[21]|spja|ProjectJobAssociation__c|true|false
06:08:37.0 (84090153)|VARIABLE_ASSIGNMENT|[21]|spja|{"Name":"61","UserLink__c":"0057F000000TrBVQA0","Id":"a087F000009JyesQAC"}|0x2e91509c
06:08:37.0 (84096120)|STATEMENT_EXECUTE|[21]
06:08:37.0 (84097204)|STATEMENT_EXECUTE|[22]
06:08:37.0 (84106307)|HEAP_ALLOCATE|[22]|Bytes:4
06:08:37.0 (84221255)|SOQL_EXECUTE_BEGIN|[22]|Aggregations:0|SELECT Id, Name FROM User WHERE Id = :tmpVar1
06:08:37.0 (86416240)|SOQL_EXECUTE_END|[22]|Rows:1
06:08:37.0 (86432847)|HEAP_ALLOCATE|[22]|Bytes:8
06:08:37.0 (86443922)|HEAP_ALLOCATE|[22]|Bytes:46
06:08:37.0 (86474505)|HEAP_ALLOCATE|[22]|Bytes:8
06:08:37.0 (86494309)|HEAP_ALLOCATE|[22]|Bytes:12
06:08:37.0 (86500634)|VARIABLE_SCOPE_BEGIN|[22]|user1|User|true|false
06:08:37.0 (86518610)|VARIABLE_ASSIGNMENT|[22]|user1|{"Id":"0057F000000TrBVQA0","Name":"Yashwanth"}|0x217e1a67
06:08:37.0 (86524388)|STATEMENT_EXECUTE|[23]
06:08:37.0 (86546025)|HEAP_ALLOCATE|[23]|Bytes:18
06:08:37.0 (86557721)|HEAP_ALLOCATE|[23]|Bytes:21
06:08:37.0 (86562504)|HEAP_ALLOCATE|[23]|Bytes:64
06:08:37.0 (86573182)|VARIABLE_ASSIGNMENT|[23]|this.nonSelectedUserId|"('0057F000000Tz0iQAC (44 more) ..."|0x25d0e1d6
06:08:37.0 (86578368)|STATEMENT_EXECUTE|[24]
06:08:37.0 (86603581)|VARIABLE_ASSIGNMENT|[EXTERNAL]|this|{"nonSelectedUserId":"('0057F000000Tz0iQAC (44 more) ...","pName":"3432","project":"0x68b351f7","selectedUsers":"0x2c9d0475","usersList":"0x38011342"}|0x25d0e1d6
06:08:37.0 (86621846)|HEAP_ALLOCATE|[24]|Bytes:18
06:08:37.0 (86635590)|HEAP_ALLOCATE|[EXTERNAL]|Bytes:4
06:08:37.0 (86648958)|HEAP_ALLOCATE|[21]|Bytes:5
06:08:37.0 (86659366)|HEAP_ALLOCATE|[21]|Bytes:16
06:08:37.0 (86665825)|VARIABLE_SCOPE_BEGIN|[21]|spja|ProjectJobAssociation__c|true|false
06:08:37.0 (86678476)|VARIABLE_ASSIGNMENT|[21]|spja|{"Name":"58","UserLink__c":"0057F000000TpdFQAS","Id":"a087F000009JyepQAC"}|0x7d42c2c
06:08:37.0 (86683314)|STATEMENT_EXECUTE|[21]
06:08:37.0 (86684374)|STATEMENT_EXECUTE|[22]
06:08:37.0 (86693403)|HEAP_ALLOCATE|[22]|Bytes:4
06:08:37.0 (86810523)|SOQL_EXECUTE_BEGIN|[22]|Aggregations:0|SELECT Id, Name FROM User WHERE Id = :tmpVar1
06:08:37.0 (88964836)|SOQL_EXECUTE_END|[22]|Rows:1
06:08:37.0 (88980890)|HEAP_ALLOCATE|[22]|Bytes:8
06:08:37.0 (88991569)|HEAP_ALLOCATE|[22]|Bytes:48
06:08:37.0 (89017938)|HEAP_ALLOCATE|[22]|Bytes:8
06:08:37.0 (89034837)|HEAP_ALLOCATE|[22]|Bytes:12
06:08:37.0 (89041077)|VARIABLE_SCOPE_BEGIN|[22]|user1|User|true|false
06:08:37.0 (89057201)|VARIABLE_ASSIGNMENT|[22]|user1|{"Id":"0057F000000TpdFQAS","Name":"Mani Sasank"}|0x39af54db
06:08:37.0 (89063111)|STATEMENT_EXECUTE|[23]
06:08:37.0 (89084650)|HEAP_ALLOCATE|[23]|Bytes:18
06:08:37.0 (89096142)|HEAP_ALLOCATE|[23]|Bytes:21
06:08:37.0 (89100247)|HEAP_ALLOCATE|[23]|Bytes:85
06:08:37.0 (89111440)|VARIABLE_ASSIGNMENT|[23]|this.nonSelectedUserId|"('0057F000000Tz0iQAC (65 more) ..."|0x25d0e1d6
06:08:37.0 (89116993)|STATEMENT_EXECUTE|[24]
06:08:37.0 (89142776)|VARIABLE_ASSIGNMENT|[EXTERNAL]|this|{"nonSelectedUserId":"('0057F000000Tz0iQAC (65 more) ...","pName":"3432","project":"0x68b351f7","selectedUsers":"0x2c9d0475","usersList":"0x38011342"}|0x25d0e1d6
06:08:37.0 (89159781)|HEAP_ALLOCATE|[24]|Bytes:18
06:08:37.0 (89173672)|HEAP_ALLOCATE|[EXTERNAL]|Bytes:4
06:08:37.0 (89187304)|HEAP_ALLOCATE|[21]|Bytes:5
06:08:37.0 (89198283)|HEAP_ALLOCATE|[21]|Bytes:16
06:08:37.0 (89204494)|VARIABLE_SCOPE_BEGIN|[21]|spja|ProjectJobAssociation__c|true|false
06:08:37.0 (89217264)|VARIABLE_ASSIGNMENT|[21]|spja|{"Name":"59","UserLink__c":"0057F000000TrBBQA0","Id":"a087F000009JyeqQAC"}|0x2c38c370
06:08:37.0 (89222620)|STATEMENT_EXECUTE|[21]
06:08:37.0 (89223572)|STATEMENT_EXECUTE|[22]
06:08:37.0 (89232769)|HEAP_ALLOCATE|[22]|Bytes:4
06:08:37.0 (89346693)|SOQL_EXECUTE_BEGIN|[22]|Aggregations:0|SELECT Id, Name FROM User WHERE Id = :tmpVar1
06:08:37.0 (91526728)|SOQL_EXECUTE_END|[22]|Rows:1
06:08:37.0 (91542826)|HEAP_ALLOCATE|[22]|Bytes:8
06:08:37.0 (91553414)|HEAP_ALLOCATE|[22]|Bytes:45
06:08:37.0 (91579819)|HEAP_ALLOCATE|[22]|Bytes:8
06:08:37.0 (91595812)|HEAP_ALLOCATE|[22]|Bytes:12
06:08:37.0 (91601780)|VARIABLE_SCOPE_BEGIN|[22]|user1|User|true|false
06:08:37.0 (91618343)|VARIABLE_ASSIGNMENT|[22]|user1|{"Id":"0057F000000TrBBQA0","Name":"Santhosh"}|0x1a33c013
06:08:37.0 (91624672)|STATEMENT_EXECUTE|[23]
06:08:37.0 (91645953)|HEAP_ALLOCATE|[23]|Bytes:18
06:08:37.0 (91657527)|HEAP_ALLOCATE|[23]|Bytes:21
06:08:37.0 (91662086)|HEAP_ALLOCATE|[23]|Bytes:106
06:08:37.0 (91673104)|VARIABLE_ASSIGNMENT|[23]|this.nonSelectedUserId|"('0057F000000Tz0iQAC (86 more) ..."|0x25d0e1d6
06:08:37.0 (91678628)|STATEMENT_EXECUTE|[24]
06:08:37.0 (91704364)|VARIABLE_ASSIGNMENT|[EXTERNAL]|this|{"nonSelectedUserId":"('0057F000000Tz0iQAC (86 more) ...","pName":"3432","project":"0x68b351f7","selectedUsers":"0x2c9d0475","usersList":"0x38011342"}|0x25d0e1d6
06:08:37.0 (91721229)|HEAP_ALLOCATE|[24]|Bytes:18
06:08:37.0 (91735154)|HEAP_ALLOCATE|[EXTERNAL]|Bytes:4
06:08:37.0 (91747537)|HEAP_ALLOCATE|[21]|Bytes:5
06:08:37.0 (91757961)|HEAP_ALLOCATE|[21]|Bytes:16
06:08:37.0 (91764056)|VARIABLE_SCOPE_BEGIN|[21]|spja|ProjectJobAssociation__c|true|false
06:08:37.0 (91777231)|VARIABLE_ASSIGNMENT|[21]|spja|{"Name":"60","UserLink__c":"0057F000000TrBGQA0","Id":"a087F000009JyerQAC"}|0x4a02aabd
06:08:37.0 (91781799)|STATEMENT_EXECUTE|[21]
06:08:37.0 (91782874)|STATEMENT_EXECUTE|[22]
06:08:37.0 (91791864)|HEAP_ALLOCATE|[22]|Bytes:4
06:08:37.0 (91907136)|SOQL_EXECUTE_BEGIN|[22]|Aggregations:0|SELECT Id, Name FROM User WHERE Id = :tmpVar1
06:08:37.0 (94023484)|SOQL_EXECUTE_END|[22]|Rows:1
06:08:37.0 (94039766)|HEAP_ALLOCATE|[22]|Bytes:8
06:08:37.0 (94050500)|HEAP_ALLOCATE|[22]|Bytes:46
06:08:37.0 (94077357)|HEAP_ALLOCATE|[22]|Bytes:8
06:08:37.0 (94093500)|HEAP_ALLOCATE|[22]|Bytes:12
06:08:37.0 (94099878)|VARIABLE_SCOPE_BEGIN|[22]|user1|User|true|false
06:08:37.0 (94116046)|VARIABLE_ASSIGNMENT|[22]|user1|{"Id":"0057F000000TrBGQA0","Name":"Ravi teja"}|0x42af9532
06:08:37.0 (94122666)|STATEMENT_EXECUTE|[23]
06:08:37.0 (94143893)|HEAP_ALLOCATE|[23]|Bytes:18
06:08:37.0 (94155349)|HEAP_ALLOCATE|[23]|Bytes:21
06:08:37.0 (94160492)|HEAP_ALLOCATE|[23]|Bytes:127
06:08:37.0 (94170785)|VARIABLE_ASSIGNMENT|[23]|this.nonSelectedUserId|"('0057F000000Tz0iQAC (107 more) ..."|0x25d0e1d6
06:08:37.0 (94177034)|STATEMENT_EXECUTE|[24]
06:08:37.0 (94202560)|VARIABLE_ASSIGNMENT|[EXTERNAL]|this|{"nonSelectedUserId":"('0057F000000Tz0iQAC (107 more) ...","pName":"3432","project":"0x68b351f7","selectedUsers":"0x2c9d0475","usersList":"0x38011342"}|0x25d0e1d6
06:08:37.0 (94219967)|HEAP_ALLOCATE|[24]|Bytes:18
06:08:37.0 (94233752)|HEAP_ALLOCATE|[EXTERNAL]|Bytes:4
06:08:37.0 (94246767)|HEAP_ALLOCATE|[21]|Bytes:5
06:08:37.0 (94258219)|VARIABLE_ASSIGNMENT|[21]|spja|null|
06:08:37.0 (94263215)|STATEMENT_EXECUTE|[26]
06:08:37.0 (94302918)|HEAP_ALLOCATE|[26]|Bytes:126
06:08:37.0 (94316853)|VARIABLE_ASSIGNMENT|[26]|this.nonSelectedUserId|"('0057F000000Tz0iQAC (106 more) ..."|0x25d0e1d6
06:08:37.0 (94322790)|STATEMENT_EXECUTE|[27]
06:08:37.0 (94325890)|HEAP_ALLOCATE|[27]|Bytes:1
06:08:37.0 (94331469)|HEAP_ALLOCATE|[27]|Bytes:127
06:08:37.0 (94337983)|VARIABLE_ASSIGNMENT|[27]|this.nonSelectedUserId|"('0057F000000Tz0iQAC (107 more) ..."|0x25d0e1d6
06:08:37.0 (94346633)|SYSTEM_MODE_EXIT|false
06:08:37.0 (94440537)|SYSTEM_MODE_ENTER|true
06:08:37.0 (105867097)|SYSTEM_MODE_ENTER|true
06:08:37.0 (105921920)|HEAP_ALLOCATE|[EXTERNAL]|Bytes:164
06:08:37.0 (105932174)|HEAP_ALLOCATE|[EXTERNAL]|Bytes:12
06:08:37.0 (105942709)|METHOD_ENTRY|[5]|01p7F00000Ehg8E|MultiselectController.MultiselectController()
06:08:37.0 (105947656)|STATEMENT_EXECUTE|[5]
06:08:37.0 (105951412)|STATEMENT_EXECUTE|[5]
06:08:37.0 (105960388)|SYSTEM_MODE_ENTER|false
06:08:37.0 (105968729)|HEAP_ALLOCATE|[EXTERNAL]|Bytes:5
06:08:37.0 (105976664)|SYSTEM_MODE_EXIT|false
06:08:37.0 (105983903)|METHOD_EXIT|[5]|MultiselectController
06:08:37.0 (105998621)|HEAP_ALLOCATE|[EXTERNAL]|Bytes:20
06:08:37.0 (106004988)|VARIABLE_SCOPE_BEGIN|[5]|this|MultiselectController|true|false
06:08:37.0 (106039376)|VARIABLE_ASSIGNMENT|[5]|this|{}|0x36f99154
06:08:37.0 (106052180)|SYSTEM_MODE_ENTER|false
06:08:37.0 (106056648)|HEAP_ALLOCATE|[EXTERNAL]|Bytes:5
06:08:37.0 (106079417)|SYSTEM_MODE_EXIT|false
06:08:37.0 (106083628)|STATEMENT_EXECUTE|[5]
06:08:37.0 (106088806)|SYSTEM_MODE_ENTER|false
06:08:37.0 (106092988)|HEAP_ALLOCATE|[EXTERNAL]|Bytes:5
06:08:37.0 (106095848)|STATEMENT_EXECUTE|[7]
06:08:37.0 (106097056)|STATEMENT_EXECUTE|[8]
06:08:37.0 (106097871)|STATEMENT_EXECUTE|[23]
06:08:37.0 (106098834)|STATEMENT_EXECUTE|[31]
06:08:37.0 (106100395)|SYSTEM_MODE_EXIT|false
06:08:37.0 (106225616)|SYSTEM_MODE_ENTER|true
06:08:37.0 (106260708)|HEAP_ALLOCATE|[EXTERNAL]|Bytes:24
06:08:37.0 (106334848)|VARIABLE_SCOPE_BEGIN|[30]|this|PM_Project_Edit_Controller|true|false
06:08:37.0 (106366179)|VARIABLE_ASSIGNMENT|[30]|this|{"nonSelectedUserId":"('0057F000000Tz0iQAC (107 more) ...","pName":"3432","project":"0x68b351f7","selectedUsers":"0x2c9d0475","usersList":"0x38011342"}|0x25d0e1d6
06:08:37.0 (106384000)|SYSTEM_MODE_ENTER|false
06:08:37.0 (106389961)|HEAP_ALLOCATE|[31]|Bytes:5
06:08:37.0 (106394463)|STATEMENT_EXECUTE|[30]
06:08:37.0 (106395913)|STATEMENT_EXECUTE|[31]
06:08:37.0 (106398822)|HEAP_ALLOCATE|[31]|Bytes:62
06:08:37.0 (106413235)|HEAP_ALLOCATE|[31]|Bytes:4
06:08:37.0 (106565118)|SOQL_EXECUTE_BEGIN|[31]|Aggregations:0|SELECT Id, Name FROM UserRole WHERE Name = 'Software Engineer'
06:08:37.0 (109426908)|SOQL_EXECUTE_END|[31]|Rows:1
06:08:37.0 (109445643)|HEAP_ALLOCATE|[31]|Bytes:8
06:08:37.0 (109456725)|HEAP_ALLOCATE|[31]|Bytes:54
06:08:37.0 (109518724)|HEAP_ALLOCATE|[31]|Bytes:8
06:08:37.0 (109530116)|HEAP_ALLOCATE|[31]|Bytes:34
06:08:37.0 (109565703)|HEAP_ALLOCATE|[31]|Bytes:12
06:08:37.0 (109572215)|VARIABLE_SCOPE_BEGIN|[31]|userRole|UserRole|true|false
06:08:37.0 (109589496)|VARIABLE_ASSIGNMENT|[31]|userRole|{"Id":"00E7F000000MdriUAC","Name":"Software Engineer"}|0x2c636ea5
06:08:37.0 (109595564)|STATEMENT_EXECUTE|[32]
06:08:37.0 (109615655)|VARIABLE_SCOPE_BEGIN|[32]|userRoleId|Id|false|false
06:08:37.0 (109755966)|VARIABLE_ASSIGNMENT|[32]|userRoleId|"00E7F000000MdriUAC"
06:08:37.0 (109761772)|STATEMENT_EXECUTE|[33]
06:08:37.0 (109764808)|HEAP_ALLOCATE|[33]|Bytes:70
06:08:37.0 (109777194)|HEAP_ALLOCATE|[33]|Bytes:197
06:08:37.0 (109961192)|SOQL_EXECUTE_BEGIN|[33]|Aggregations:0|select Id,Name from User where UserRoleId =: userRoleId and Id not in ('0057F000000Tz0iQAC','0057F000000Tz0sQAC','0057F000000TrBVQA0','0057F000000TpdFQAS','0057F000000TrBBQA0','0057F000000TrBGQA0')
06:08:37.0 (113173894)|SOQL_EXECUTE_END|[33]|Rows:0
06:08:37.0 (113192846)|HEAP_ALLOCATE|[33]|Bytes:4
06:08:37.0 (113202268)|HEAP_ALLOCATE|[33]|Bytes:0
06:08:37.0 (113232935)|HEAP_ALLOCATE|[33]|Bytes:4
06:08:37.0 (113251559)|VARIABLE_SCOPE_BEGIN|[33]|users|List<User>|true|false
06:08:37.0 (113266391)|VARIABLE_ASSIGNMENT|[33]|users|[]|0x489b9a8e
06:08:37.0 (113385209)|HEAP_ALLOCATE|[34]|Bytes:5
06:08:37.0 (113400508)|VARIABLE_ASSIGNMENT|[34]|usr|null|
06:08:37.0 (113405753)|STATEMENT_EXECUTE|[34]
06:08:37.0 (113407237)|STATEMENT_EXECUTE|[37]
06:08:37.0 (113413511)|SYSTEM_MODE_EXIT|false
06:08:37.0 (113514836)|SYSTEM_MODE_ENTER|true
06:08:37.0 (113563966)|HEAP_ALLOCATE|[EXTERNAL]|Bytes:4
06:08:37.0 (113569149)|HEAP_ALLOCATE|[EXTERNAL]|Bytes:20
06:08:37.0 (113579899)|VARIABLE_ASSIGNMENT|[EXTERNAL]|this.leftOptions|[]|0x36f99154
06:08:37.0 (113665480)|SYSTEM_MODE_ENTER|true
06:08:37.0 (113731702)|SYSTEM_MODE_ENTER|true
06:08:37.0 (113768036)|HEAP_ALLOCATE|[EXTERNAL]|Bytes:28
06:08:37.0 (113772736)|HEAP_ALLOCATE|[EXTERNAL]|Bytes:20
06:08:37.0 (113782295)|VARIABLE_ASSIGNMENT|[EXTERNAL]|this.rightOptions|"List of size 6 too large to display"|0x36f99154
06:08:37.0 (113894619)|SYSTEM_MODE_ENTER|true
06:08:37.0 (114060849)|SYSTEM_MODE_ENTER|true
06:08:37.0 (132155872)|SYSTEM_MODE_ENTER|true
06:08:37.0 (132208030)|HEAP_ALLOCATE|[EXTERNAL]|Bytes:4
06:08:37.0 (132216799)|HEAP_ALLOCATE|[EXTERNAL]|Bytes:20
06:08:37.0 (132232071)|VARIABLE_ASSIGNMENT|[EXTERNAL]|this.leftOptions|[]|0x36f99154
06:08:37.0 (132311020)|SYSTEM_MODE_ENTER|true
06:08:37.0 (132343685)|HEAP_ALLOCATE|[EXTERNAL]|Bytes:28
06:08:37.0 (132347849)|HEAP_ALLOCATE|[EXTERNAL]|Bytes:20
06:08:37.0 (132357544)|VARIABLE_ASSIGNMENT|[EXTERNAL]|this.rightOptions|"List of size 6 too large to display"|0x36f99154
06:08:37.0 (132944644)|SYSTEM_MODE_ENTER|true
06:08:37.0 (134813160)|SYSTEM_MODE_ENTER|true
06:08:37.0 (135554527)|SYSTEM_MODE_ENTER|true
06:08:37.0 (135627028)|SYSTEM_MODE_ENTER|true
06:08:37.0 (139916488)|VF_SERIALIZE_VIEWSTATE_BEGIN|0667F000004uRC1
06:08:37.0 (142923060)|VF_SERIALIZE_VIEWSTATE_END
06:08:37.145 (145109691)|CUMULATIVE_LIMIT_USAGE
06:08:37.145 (145109691)|LIMIT_USAGE_FOR_NS|(default)|
  Number of SOQL queries: 10 out of 100
  Number of query rows: 14 out of 50000
  Number of SOSL queries: 0 out of 20
  Number of DML statements: 0 out of 150
  Number of DML rows: 0 out of 10000
  Maximum CPU time: 0 out of 10000
  Maximum heap size: 0 out of 6000000
  Number of callouts: 0 out of 100
  Number of Email Invocations: 0 out of 10
  Number of future calls: 0 out of 50
  Number of queueable jobs added to the queue: 0 out of 50
  Number of Mobile Apex push calls: 0 out of 10

06:08:37.145 (145109691)|CUMULATIVE_LIMIT_USAGE_END

06:08:37.0 (145147325)|CODE_UNIT_FINISHED|VF: /apex/PM_Project_Edit
06:08:37.0 (145864896)|EXECUTION_FINISHED
