41.0 APEX_CODE,FINEST;APEX_PROFILING,INFO;CALLOUT,INFO;DB,INFO;SYSTEM,DEBUG;VALIDATION,INFO;VISUALFORCE,INFO;WAVE,INFO;WORKFLOW,INFO
07:45:47.0 (296587)|USER_INFO|[EXTERNAL]|0057F000000Tiz6|ksb994@salesforce.com|Pacific Standard Time|GMT-08:00
07:45:47.0 (327949)|EXECUTION_STARTED
07:45:47.0 (331974)|CODE_UNIT_STARTED|[EXTERNAL]|0667F000004uMWq|VF: /apex/PM_Project_View
07:45:47.0 (1762268)|SYSTEM_MODE_ENTER|true
07:45:47.0 (2092741)|HEAP_ALLOCATE|[72]|Bytes:3
07:45:47.0 (2148667)|HEAP_ALLOCATE|[77]|Bytes:152
07:45:47.0 (2165426)|HEAP_ALLOCATE|[342]|Bytes:408
07:45:47.0 (2180538)|HEAP_ALLOCATE|[355]|Bytes:408
07:45:47.0 (2192729)|HEAP_ALLOCATE|[467]|Bytes:48
07:45:47.0 (2219517)|HEAP_ALLOCATE|[139]|Bytes:6
07:45:47.0 (2233603)|HEAP_ALLOCATE|[EXTERNAL]|Bytes:88
07:45:47.0 (2256276)|HEAP_ALLOCATE|[EXTERNAL]|Bytes:9
07:45:47.0 (2277239)|METHOD_ENTRY|[1]|01p7F00000EhrfL|PM_Project_EditRedirect_Controller.PM_Project_EditRedirect_Controller()
07:45:47.0 (2283639)|STATEMENT_EXECUTE|[1]
07:45:47.0 (2287829)|STATEMENT_EXECUTE|[1]
07:45:47.0 (2316293)|HEAP_ALLOCATE|[50]|Bytes:5
07:45:47.0 (2337769)|HEAP_ALLOCATE|[56]|Bytes:5
07:45:47.0 (2344345)|HEAP_ALLOCATE|[64]|Bytes:7
07:45:47.0 (2365767)|SYSTEM_MODE_ENTER|false
07:45:47.0 (2378398)|HEAP_ALLOCATE|[EXTERNAL]|Bytes:5
07:45:47.0 (2385359)|SYSTEM_MODE_EXIT|false
07:45:47.0 (2403632)|METHOD_EXIT|[1]|PM_Project_EditRedirect_Controller
07:45:47.0 (2417635)|HEAP_ALLOCATE|[EXTERNAL]|Bytes:8
07:45:47.0 (2431539)|VARIABLE_SCOPE_BEGIN|[8]|this|PM_Project_EditRedirect_Controller|true|false
07:45:47.0 (2470287)|VARIABLE_ASSIGNMENT|[8]|this|{}|0x6c9d7ff2
07:45:47.0 (2477774)|VARIABLE_SCOPE_BEGIN|[8]|stdController|ApexPages.StandardController|true|false
07:45:47.0 (2651404)|VARIABLE_ASSIGNMENT|[8]|stdController|"StandardController [null]"|0x1d7ed5b1
07:45:47.0 (2671046)|SYSTEM_MODE_ENTER|false
07:45:47.0 (2676700)|HEAP_ALLOCATE|[9]|Bytes:5
07:45:47.0 (2680939)|STATEMENT_EXECUTE|[1]
07:45:47.0 (2685055)|HEAP_ALLOCATE|[9]|Bytes:5
07:45:47.0 (2687629)|STATEMENT_EXECUTE|[3]
07:45:47.0 (2695827)|HEAP_ALLOCATE|[9]|Bytes:6
07:45:47.0 (2722866)|STATEMENT_EXECUTE|[8]
07:45:47.0 (2724182)|STATEMENT_EXECUTE|[9]
07:45:47.0 (2826745)|HEAP_ALLOCATE|[9]|Bytes:4
07:45:47.0 (2863829)|VARIABLE_ASSIGNMENT|[EXTERNAL]|this|{}|0x6c9d7ff2
07:45:47.0 (2875754)|VARIABLE_ASSIGNMENT|[EXTERNAL]|value|{}|0x4f19d6ac
07:45:47.0 (2895981)|VARIABLE_ASSIGNMENT|[3]|this.mysObject|{}|0x6c9d7ff2
07:45:47.0 (2906905)|SYSTEM_MODE_EXIT|false
07:45:47.0 (2962429)|SYSTEM_MODE_ENTER|true
07:45:47.0 (27123926)|VF_SERIALIZE_VIEWSTATE_BEGIN|0667F000004uMWq
07:45:47.0 (28560521)|VF_SERIALIZE_VIEWSTATE_END
07:45:47.30 (30318505)|CUMULATIVE_LIMIT_USAGE
07:45:47.30 (30318505)|LIMIT_USAGE_FOR_NS|(default)|
  Number of SOQL queries: 0 out of 100
  Number of query rows: 0 out of 50000
  Number of SOSL queries: 0 out of 20
  Number of DML statements: 0 out of 150
  Number of DML rows: 0 out of 10000
  Maximum CPU time: 0 out of 10000
  Maximum heap size: 0 out of 6000000
  Number of callouts: 0 out of 100
  Number of Email Invocations: 0 out of 10
  Number of future calls: 0 out of 50
  Number of queueable jobs added to the queue: 0 out of 50
  Number of Mobile Apex push calls: 0 out of 10

07:45:47.30 (30318505)|CUMULATIVE_LIMIT_USAGE_END

07:45:47.0 (30350130)|CODE_UNIT_FINISHED|VF: /apex/PM_Project_View
07:45:47.0 (31073455)|EXECUTION_FINISHED
