36.0 APEX_CODE,FINEST;APEX_PROFILING,INFO;CALLOUT,INFO;DB,INFO;SYSTEM,DEBUG;VALIDATION,INFO;VISUALFORCE,INFO;WAVE,INFO;WORKFLOW,INFO
00:12:52.0 (285568)|USER_INFO|[EXTERNAL]|0057F000000Tiz6|ksb994@salesforce.com|Pacific Standard Time|GMT-08:00
00:12:52.0 (320806)|EXECUTION_STARTED
00:12:52.0 (325067)|CODE_UNIT_STARTED|[EXTERNAL]|0667F000004uRC1|VF: /apex/PM_Project_Edit
00:12:52.0 (45013796)|SYSTEM_MODE_ENTER|true
00:12:52.0 (45339489)|HEAP_ALLOCATE|[72]|Bytes:3
00:12:52.0 (45379107)|HEAP_ALLOCATE|[77]|Bytes:152
00:12:52.0 (45392702)|HEAP_ALLOCATE|[342]|Bytes:408
00:12:52.0 (45404842)|HEAP_ALLOCATE|[355]|Bytes:408
00:12:52.0 (45417305)|HEAP_ALLOCATE|[467]|Bytes:48
00:12:52.0 (45442113)|HEAP_ALLOCATE|[139]|Bytes:6
00:12:52.0 (45460364)|HEAP_ALLOCATE|[EXTERNAL]|Bytes:144
00:12:52.0 (45465500)|HEAP_ALLOCATE|[EXTERNAL]|Bytes:20
00:12:52.0 (45468397)|HEAP_ALLOCATE|[EXTERNAL]|Bytes:2
00:12:52.0 (45486407)|METHOD_ENTRY|[1]|01p7F00000Ehro9|PM_Project_Edit_Controller.PM_Project_Edit_Controller()
00:12:52.0 (45491985)|STATEMENT_EXECUTE|[1]
00:12:52.0 (45496506)|STATEMENT_EXECUTE|[1]
00:12:52.0 (45524616)|HEAP_ALLOCATE|[50]|Bytes:5
00:12:52.0 (45547268)|HEAP_ALLOCATE|[56]|Bytes:5
00:12:52.0 (45553711)|HEAP_ALLOCATE|[64]|Bytes:7
00:12:52.0 (45575995)|SYSTEM_MODE_ENTER|false
00:12:52.0 (45588663)|HEAP_ALLOCATE|[EXTERNAL]|Bytes:5
00:12:52.0 (45595943)|SYSTEM_MODE_EXIT|false
00:12:52.0 (45602758)|METHOD_EXIT|[1]|PM_Project_Edit_Controller
00:12:52.0 (45640234)|HEAP_ALLOCATE|[EXTERNAL]|Bytes:24
00:12:52.0 (45756039)|VARIABLE_SCOPE_BEGIN|[10]|this|PM_Project_Edit_Controller|true|false
00:12:52.0 (45809049)|VARIABLE_ASSIGNMENT|[10]|this|{}|0x14daf756
00:12:52.0 (45816016)|VARIABLE_SCOPE_BEGIN|[10]|stdController|ApexPages.StandardController|true|false
00:12:52.0 (45956379)|VARIABLE_ASSIGNMENT|[10]|stdController|"StandardController [null]"|0x50de080
00:12:52.0 (45977515)|SYSTEM_MODE_ENTER|false
00:12:52.0 (45984573)|HEAP_ALLOCATE|[7]|Bytes:5
00:12:52.0 (45989242)|STATEMENT_EXECUTE|[1]
00:12:52.0 (45993436)|HEAP_ALLOCATE|[7]|Bytes:5
00:12:52.0 (45996174)|STATEMENT_EXECUTE|[3]
00:12:52.0 (45997602)|STATEMENT_EXECUTE|[4]
00:12:52.0 (45998406)|STATEMENT_EXECUTE|[6]
00:12:52.0 (45999205)|STATEMENT_EXECUTE|[7]
00:12:52.0 (46017922)|HEAP_ALLOCATE|[7]|Bytes:4
00:12:52.0 (46100912)|HEAP_ALLOCATE|[EXTERNAL]|Bytes:4
00:12:52.0 (46114368)|VARIABLE_ASSIGNMENT|[7]|this.usersList|[]|0x14daf756
00:12:52.0 (46119382)|STATEMENT_EXECUTE|[8]
00:12:52.0 (46122382)|HEAP_ALLOCATE|[8]|Bytes:1
00:12:52.0 (46131767)|VARIABLE_ASSIGNMENT|[8]|this.nonSelectedUserId|"("|0x14daf756
00:12:52.0 (46142606)|HEAP_ALLOCATE|[8]|Bytes:6
00:12:52.0 (46174500)|STATEMENT_EXECUTE|[10]
00:12:52.0 (46176062)|STATEMENT_EXECUTE|[11]
00:12:52.0 (46279843)|HEAP_ALLOCATE|[11]|Bytes:4
00:12:52.0 (46325499)|VARIABLE_ASSIGNMENT|[EXTERNAL]|this|{"nonSelectedUserId":"(","usersList":"0x712032a6"}|0x14daf756
00:12:52.0 (46337210)|VARIABLE_ASSIGNMENT|[EXTERNAL]|value|{}|0x2a1ac47
00:12:52.0 (46346245)|VARIABLE_ASSIGNMENT|[3]|this.mysObject|{}|0x14daf756
00:12:52.0 (46354159)|STATEMENT_EXECUTE|[12]
00:12:52.0 (46385454)|HEAP_ALLOCATE|[12]|Bytes:43
00:12:52.0 (46416000)|HEAP_ALLOCATE|[12]|Bytes:18
00:12:52.0 (46436519)|HEAP_ALLOCATE|[12]|Bytes:3
00:12:52.0 (46470074)|HEAP_ALLOCATE|[12]|Bytes:4
00:12:52.0 (46475965)|VARIABLE_SCOPE_BEGIN|[12]|pid|Id|false|false
00:12:52.0 (46553052)|VARIABLE_ASSIGNMENT|[12]|pid|"a057F000002dVv5QAE"
00:12:52.0 (46558951)|STATEMENT_EXECUTE|[16]
00:12:52.0 (46561536)|HEAP_ALLOCATE|[16]|Bytes:7
00:12:52.0 (46565285)|HEAP_ALLOCATE|[16]|Bytes:10
00:12:52.0 (46577770)|METHOD_ENTRY|[16]|01p7F00000Ehro9|PM_Project_Edit_Controller.getAllFields(String)
00:12:52.0 (46663888)|VARIABLE_SCOPE_BEGIN|[48]|sobjectname|String|false|false
00:12:52.0 (46673537)|VARIABLE_ASSIGNMENT|[48]|sobjectname|"Project__c"
00:12:52.0 (46690653)|HEAP_ALLOCATE|[49]|Bytes:5
00:12:52.0 (46694465)|STATEMENT_EXECUTE|[48]
00:12:52.0 (63174865)|HEAP_ALLOCATE|[49]|Bytes:1468
00:12:52.0 (63234548)|STATEMENT_EXECUTE|[49]
00:12:52.0 (63236827)|STATEMENT_EXECUTE|[52]
00:12:52.0 (66709454)|HEAP_ALLOCATE|[52]|Bytes:1468
00:12:52.0 (66933236)|HEAP_ALLOCATE|[52]|Bytes:4
00:12:52.0 (66980779)|HEAP_ALLOCATE|[52]|Bytes:4
00:12:52.0 (67255882)|HEAP_ALLOCATE|[52]|Bytes:148
00:12:52.0 (67269305)|VARIABLE_SCOPE_BEGIN|[52]|fields|Map<String,Schema.SObjectField>|true|false
00:12:52.0 (67561418)|VARIABLE_ASSIGNMENT|[52]|fields|"{client__c=Client__c, client_project_manager__c=Client_Project_Manager__c, company_project_code__c=Company_project_code__c, cost_centre__c=Cost_Centre__c, createdbyid=CreatedById, createddate=CreatedDate, delivery__c=Delivery__c, end_customer__c=End_Customer__c, footage__c=Footage__c, hours__c=Hours__c, ...}"|0x4b15240f
00:12:52.0 (67573377)|STATEMENT_EXECUTE|[53]
00:12:52.0 (67594352)|HEAP_ALLOCATE|[53]|Bytes:4
00:12:52.0 (67628752)|VARIABLE_SCOPE_BEGIN|[53]|accessiblefields|List<String>|true|false
00:12:52.0 (67659346)|HEAP_ALLOCATE|[EXTERNAL]|Bytes:4
00:12:52.0 (67671431)|VARIABLE_ASSIGNMENT|[53]|accessiblefields|[]|0x23f8e17d
00:12:52.0 (67715483)|HEAP_ALLOCATE|[EXTERNAL]|Bytes:148
00:12:52.0 (67732916)|HEAP_ALLOCATE|[54]|Bytes:148
00:12:52.0 (67810440)|HEAP_ALLOCATE|[54]|Bytes:5
00:12:52.0 (67831798)|VARIABLE_SCOPE_BEGIN|[54]|field|Schema.SObjectField|true|false
00:12:52.0 (67907326)|VARIABLE_ASSIGNMENT|[54]|field|"common.apex.runtime.impl.ApexFieldToken@7ee311db"|0x7ee311db
00:12:52.0 (67915354)|STATEMENT_EXECUTE|[54]
00:12:52.0 (68342342)|HEAP_ALLOCATE|[55]|Bytes:8
00:12:52.0 (68369650)|STATEMENT_EXECUTE|[56]
00:12:52.0 (68398150)|HEAP_ALLOCATE|[56]|Bytes:8
00:12:52.0 (68413278)|HEAP_ALLOCATE|[56]|Bytes:2
00:12:52.0 (68426831)|HEAP_ALLOCATE|[EXTERNAL]|Bytes:4
00:12:52.0 (68455964)|HEAP_ALLOCATE|[54]|Bytes:5
00:12:52.0 (68471963)|VARIABLE_SCOPE_BEGIN|[54]|field|Schema.SObjectField|true|false
00:12:52.0 (68548692)|VARIABLE_ASSIGNMENT|[54]|field|"common.apex.runtime.impl.ApexFieldToken@1c347754"|0x1c347754
00:12:52.0 (68555608)|STATEMENT_EXECUTE|[54]
00:12:52.0 (68693311)|HEAP_ALLOCATE|[55]|Bytes:8
00:12:52.0 (68706336)|STATEMENT_EXECUTE|[56]
00:12:52.0 (68720881)|HEAP_ALLOCATE|[56]|Bytes:8
00:12:52.0 (68727772)|HEAP_ALLOCATE|[56]|Bytes:7
00:12:52.0 (68734969)|HEAP_ALLOCATE|[EXTERNAL]|Bytes:4
00:12:52.0 (68745874)|HEAP_ALLOCATE|[54]|Bytes:5
00:12:52.0 (68758391)|VARIABLE_SCOPE_BEGIN|[54]|field|Schema.SObjectField|true|false
00:12:52.0 (68832356)|VARIABLE_ASSIGNMENT|[54]|field|"common.apex.runtime.impl.ApexFieldToken@78239ea6"|0x78239ea6
00:12:52.0 (68838926)|STATEMENT_EXECUTE|[54]
00:12:52.0 (68921325)|HEAP_ALLOCATE|[55]|Bytes:8
00:12:52.0 (68932839)|STATEMENT_EXECUTE|[56]
00:12:52.0 (68945667)|HEAP_ALLOCATE|[56]|Bytes:8
00:12:52.0 (68952510)|HEAP_ALLOCATE|[56]|Bytes:9
00:12:52.0 (68959765)|HEAP_ALLOCATE|[EXTERNAL]|Bytes:4
00:12:52.0 (68970304)|HEAP_ALLOCATE|[54]|Bytes:5
00:12:52.0 (68981468)|VARIABLE_SCOPE_BEGIN|[54]|field|Schema.SObjectField|true|false
00:12:52.0 (69052767)|VARIABLE_ASSIGNMENT|[54]|field|"common.apex.runtime.impl.ApexFieldToken@1bb21f5c"|0x1bb21f5c
00:12:52.0 (69059879)|STATEMENT_EXECUTE|[54]
00:12:52.0 (69149633)|HEAP_ALLOCATE|[55]|Bytes:8
00:12:52.0 (69160414)|STATEMENT_EXECUTE|[56]
00:12:52.0 (69173008)|HEAP_ALLOCATE|[56]|Bytes:8
00:12:52.0 (69179832)|HEAP_ALLOCATE|[56]|Bytes:4
00:12:52.0 (69186371)|HEAP_ALLOCATE|[EXTERNAL]|Bytes:4
00:12:52.0 (69196662)|HEAP_ALLOCATE|[54]|Bytes:5
00:12:52.0 (69207479)|VARIABLE_SCOPE_BEGIN|[54]|field|Schema.SObjectField|true|false
00:12:52.0 (69278520)|VARIABLE_ASSIGNMENT|[54]|field|"common.apex.runtime.impl.ApexFieldToken@7db9b838"|0x7db9b838
00:12:52.0 (69284416)|STATEMENT_EXECUTE|[54]
00:12:52.0 (69382813)|HEAP_ALLOCATE|[55]|Bytes:8
00:12:52.0 (69394149)|STATEMENT_EXECUTE|[56]
00:12:52.0 (69407388)|HEAP_ALLOCATE|[56]|Bytes:8
00:12:52.0 (69414253)|HEAP_ALLOCATE|[56]|Bytes:11
00:12:52.0 (69421359)|HEAP_ALLOCATE|[EXTERNAL]|Bytes:4
00:12:52.0 (69431716)|HEAP_ALLOCATE|[54]|Bytes:5
00:12:52.0 (69442170)|VARIABLE_SCOPE_BEGIN|[54]|field|Schema.SObjectField|true|false
00:12:52.0 (69512773)|VARIABLE_ASSIGNMENT|[54]|field|"common.apex.runtime.impl.ApexFieldToken@4208ee0c"|0x4208ee0c
00:12:52.0 (69519038)|STATEMENT_EXECUTE|[54]
00:12:52.0 (69612798)|HEAP_ALLOCATE|[55]|Bytes:8
00:12:52.0 (69624134)|STATEMENT_EXECUTE|[56]
00:12:52.0 (69636438)|HEAP_ALLOCATE|[56]|Bytes:8
00:12:52.0 (69643061)|HEAP_ALLOCATE|[56]|Bytes:11
00:12:52.0 (69649462)|HEAP_ALLOCATE|[EXTERNAL]|Bytes:4
00:12:52.0 (69659002)|HEAP_ALLOCATE|[54]|Bytes:5
00:12:52.0 (69669688)|VARIABLE_SCOPE_BEGIN|[54]|field|Schema.SObjectField|true|false
00:12:52.0 (69740243)|VARIABLE_ASSIGNMENT|[54]|field|"common.apex.runtime.impl.ApexFieldToken@26ba9e45"|0x26ba9e45
00:12:52.0 (69746884)|STATEMENT_EXECUTE|[54]
00:12:52.0 (69831937)|HEAP_ALLOCATE|[55]|Bytes:8
00:12:52.0 (69842886)|STATEMENT_EXECUTE|[56]
00:12:52.0 (69855141)|HEAP_ALLOCATE|[56]|Bytes:8
00:12:52.0 (69861700)|HEAP_ALLOCATE|[56]|Bytes:16
00:12:52.0 (69868316)|HEAP_ALLOCATE|[EXTERNAL]|Bytes:4
00:12:52.0 (69877699)|HEAP_ALLOCATE|[54]|Bytes:5
00:12:52.0 (69887876)|VARIABLE_SCOPE_BEGIN|[54]|field|Schema.SObjectField|true|false
00:12:52.0 (69956330)|VARIABLE_ASSIGNMENT|[54]|field|"common.apex.runtime.impl.ApexFieldToken@2d792d31"|0x2d792d31
00:12:52.0 (69962059)|STATEMENT_EXECUTE|[54]
00:12:52.0 (70051098)|HEAP_ALLOCATE|[55]|Bytes:8
00:12:52.0 (70062573)|STATEMENT_EXECUTE|[56]
00:12:52.0 (70075617)|HEAP_ALLOCATE|[56]|Bytes:8
00:12:52.0 (70081972)|HEAP_ALLOCATE|[56]|Bytes:16
00:12:52.0 (70088382)|HEAP_ALLOCATE|[EXTERNAL]|Bytes:4
00:12:52.0 (70097696)|HEAP_ALLOCATE|[54]|Bytes:5
00:12:52.0 (70108998)|VARIABLE_SCOPE_BEGIN|[54]|field|Schema.SObjectField|true|false
00:12:52.0 (70195326)|VARIABLE_ASSIGNMENT|[54]|field|"common.apex.runtime.impl.ApexFieldToken@1db138de"|0x1db138de
00:12:52.0 (70202154)|STATEMENT_EXECUTE|[54]
00:12:52.0 (70274226)|HEAP_ALLOCATE|[55]|Bytes:8
00:12:52.0 (70284968)|STATEMENT_EXECUTE|[56]
00:12:52.0 (70297042)|HEAP_ALLOCATE|[56]|Bytes:8
00:12:52.0 (70303951)|HEAP_ALLOCATE|[56]|Bytes:14
00:12:52.0 (70310738)|HEAP_ALLOCATE|[EXTERNAL]|Bytes:4
00:12:52.0 (70320068)|HEAP_ALLOCATE|[54]|Bytes:5
00:12:52.0 (70330579)|VARIABLE_SCOPE_BEGIN|[54]|field|Schema.SObjectField|true|false
00:12:52.0 (70404204)|VARIABLE_ASSIGNMENT|[54]|field|"common.apex.runtime.impl.ApexFieldToken@18cccdea"|0x18cccdea
00:12:52.0 (70411365)|STATEMENT_EXECUTE|[54]
00:12:52.0 (70482706)|HEAP_ALLOCATE|[55]|Bytes:8
00:12:52.0 (70493230)|STATEMENT_EXECUTE|[56]
00:12:52.0 (70505736)|HEAP_ALLOCATE|[56]|Bytes:8
00:12:52.0 (70512218)|HEAP_ALLOCATE|[56]|Bytes:16
00:12:52.0 (70518709)|HEAP_ALLOCATE|[EXTERNAL]|Bytes:4
00:12:52.0 (70528277)|HEAP_ALLOCATE|[54]|Bytes:5
00:12:52.0 (70538541)|VARIABLE_SCOPE_BEGIN|[54]|field|Schema.SObjectField|true|false
00:12:52.0 (70607360)|VARIABLE_ASSIGNMENT|[54]|field|"common.apex.runtime.impl.ApexFieldToken@6a763000"|0x6a763000
00:12:52.0 (70613600)|STATEMENT_EXECUTE|[54]
00:12:52.0 (70693543)|HEAP_ALLOCATE|[55]|Bytes:8
00:12:52.0 (70704717)|STATEMENT_EXECUTE|[56]
00:12:52.0 (70716947)|HEAP_ALLOCATE|[56]|Bytes:8
00:12:52.0 (70723275)|HEAP_ALLOCATE|[56]|Bytes:14
00:12:52.0 (70730086)|HEAP_ALLOCATE|[EXTERNAL]|Bytes:4
00:12:52.0 (70740003)|HEAP_ALLOCATE|[54]|Bytes:5
00:12:52.0 (70750506)|VARIABLE_SCOPE_BEGIN|[54]|field|Schema.SObjectField|true|false
00:12:52.0 (70819458)|VARIABLE_ASSIGNMENT|[54]|field|"common.apex.runtime.impl.ApexFieldToken@e0298da"|0xe0298da
00:12:52.0 (70825836)|STATEMENT_EXECUTE|[54]
00:12:52.0 (70894332)|HEAP_ALLOCATE|[55]|Bytes:8
00:12:52.0 (70904707)|STATEMENT_EXECUTE|[56]
00:12:52.0 (70917076)|HEAP_ALLOCATE|[56]|Bytes:8
00:12:52.0 (70923333)|HEAP_ALLOCATE|[56]|Bytes:18
00:12:52.0 (70929776)|HEAP_ALLOCATE|[EXTERNAL]|Bytes:4
00:12:52.0 (70938959)|HEAP_ALLOCATE|[54]|Bytes:5
00:12:52.0 (70949036)|VARIABLE_SCOPE_BEGIN|[54]|field|Schema.SObjectField|true|false
00:12:52.0 (71017622)|VARIABLE_ASSIGNMENT|[54]|field|"common.apex.runtime.impl.ApexFieldToken@1ae1360c"|0x1ae1360c
00:12:52.0 (71036372)|STATEMENT_EXECUTE|[54]
00:12:52.0 (71460237)|HEAP_ALLOCATE|[55]|Bytes:8
00:12:52.0 (71474714)|STATEMENT_EXECUTE|[56]
00:12:52.0 (71489307)|HEAP_ALLOCATE|[56]|Bytes:8
00:12:52.0 (71496647)|HEAP_ALLOCATE|[56]|Bytes:9
00:12:52.0 (71504684)|HEAP_ALLOCATE|[EXTERNAL]|Bytes:4
00:12:52.0 (71515570)|HEAP_ALLOCATE|[54]|Bytes:5
00:12:52.0 (71528749)|VARIABLE_SCOPE_BEGIN|[54]|field|Schema.SObjectField|true|false
00:12:52.0 (71603585)|VARIABLE_ASSIGNMENT|[54]|field|"common.apex.runtime.impl.ApexFieldToken@643c0b27"|0x643c0b27
00:12:52.0 (71610502)|STATEMENT_EXECUTE|[54]
00:12:52.0 (71694225)|HEAP_ALLOCATE|[55]|Bytes:8
00:12:52.0 (71705602)|STATEMENT_EXECUTE|[56]
00:12:52.0 (71718660)|HEAP_ALLOCATE|[56]|Bytes:8
00:12:52.0 (71725619)|HEAP_ALLOCATE|[56]|Bytes:15
00:12:52.0 (71732836)|HEAP_ALLOCATE|[EXTERNAL]|Bytes:4
00:12:52.0 (71743142)|HEAP_ALLOCATE|[54]|Bytes:5
00:12:52.0 (71753948)|VARIABLE_SCOPE_BEGIN|[54]|field|Schema.SObjectField|true|false
00:12:52.0 (71825798)|VARIABLE_ASSIGNMENT|[54]|field|"common.apex.runtime.impl.ApexFieldToken@3f91c190"|0x3f91c190
00:12:52.0 (71832518)|STATEMENT_EXECUTE|[54]
00:12:52.0 (71910156)|HEAP_ALLOCATE|[55]|Bytes:8
00:12:52.0 (71921487)|STATEMENT_EXECUTE|[56]
00:12:52.0 (71934036)|HEAP_ALLOCATE|[56]|Bytes:8
00:12:52.0 (71940725)|HEAP_ALLOCATE|[56]|Bytes:19
00:12:52.0 (71947123)|HEAP_ALLOCATE|[EXTERNAL]|Bytes:4
00:12:52.0 (71956181)|HEAP_ALLOCATE|[54]|Bytes:5
00:12:52.0 (71967017)|VARIABLE_SCOPE_BEGIN|[54]|field|Schema.SObjectField|true|false
00:12:52.0 (72037316)|VARIABLE_ASSIGNMENT|[54]|field|"common.apex.runtime.impl.ApexFieldToken@25cf4af0"|0x25cf4af0
00:12:52.0 (72044052)|STATEMENT_EXECUTE|[54]
00:12:52.0 (72122801)|HEAP_ALLOCATE|[55]|Bytes:8
00:12:52.0 (72134014)|STATEMENT_EXECUTE|[56]
00:12:52.0 (72147289)|HEAP_ALLOCATE|[56]|Bytes:8
00:12:52.0 (72154128)|HEAP_ALLOCATE|[56]|Bytes:14
00:12:52.0 (72161528)|HEAP_ALLOCATE|[EXTERNAL]|Bytes:4
00:12:52.0 (72171616)|HEAP_ALLOCATE|[54]|Bytes:5
00:12:52.0 (72182028)|VARIABLE_SCOPE_BEGIN|[54]|field|Schema.SObjectField|true|false
00:12:52.0 (72252393)|VARIABLE_ASSIGNMENT|[54]|field|"common.apex.runtime.impl.ApexFieldToken@368d5913"|0x368d5913
00:12:52.0 (72258826)|STATEMENT_EXECUTE|[54]
00:12:52.0 (72330839)|HEAP_ALLOCATE|[55]|Bytes:8
00:12:52.0 (72341440)|STATEMENT_EXECUTE|[56]
00:12:52.0 (72353843)|HEAP_ALLOCATE|[56]|Bytes:8
00:12:52.0 (72360291)|HEAP_ALLOCATE|[56]|Bytes:25
00:12:52.0 (72371408)|HEAP_ALLOCATE|[EXTERNAL]|Bytes:4
00:12:52.0 (72381326)|HEAP_ALLOCATE|[54]|Bytes:5
00:12:52.0 (72392127)|VARIABLE_SCOPE_BEGIN|[54]|field|Schema.SObjectField|true|false
00:12:52.0 (72461216)|VARIABLE_ASSIGNMENT|[54]|field|"common.apex.runtime.impl.ApexFieldToken@326c19d6"|0x326c19d6
00:12:52.0 (72467368)|STATEMENT_EXECUTE|[54]
00:12:52.0 (72537821)|HEAP_ALLOCATE|[55]|Bytes:8
00:12:52.0 (72549256)|STATEMENT_EXECUTE|[56]
00:12:52.0 (72560885)|HEAP_ALLOCATE|[56]|Bytes:8
00:12:52.0 (72568014)|HEAP_ALLOCATE|[56]|Bytes:15
00:12:52.0 (72574497)|HEAP_ALLOCATE|[EXTERNAL]|Bytes:4
00:12:52.0 (72583880)|HEAP_ALLOCATE|[54]|Bytes:5
00:12:52.0 (72594962)|VARIABLE_SCOPE_BEGIN|[54]|field|Schema.SObjectField|true|false
00:12:52.0 (72664148)|VARIABLE_ASSIGNMENT|[54]|field|"common.apex.runtime.impl.ApexFieldToken@340c34a"|0x340c34a
00:12:52.0 (72670293)|STATEMENT_EXECUTE|[54]
00:12:52.0 (72742324)|HEAP_ALLOCATE|[55]|Bytes:8
00:12:52.0 (72753346)|STATEMENT_EXECUTE|[56]
00:12:52.0 (72766186)|HEAP_ALLOCATE|[56]|Bytes:8
00:12:52.0 (72773064)|HEAP_ALLOCATE|[56]|Bytes:23
00:12:52.0 (72779386)|HEAP_ALLOCATE|[EXTERNAL]|Bytes:4
00:12:52.0 (72788894)|HEAP_ALLOCATE|[54]|Bytes:5
00:12:52.0 (72799691)|VARIABLE_SCOPE_BEGIN|[54]|field|Schema.SObjectField|true|false
00:12:52.0 (72868787)|VARIABLE_ASSIGNMENT|[54]|field|"common.apex.runtime.impl.ApexFieldToken@5c078118"|0x5c078118
00:12:52.0 (72875321)|STATEMENT_EXECUTE|[54]
00:12:52.0 (72950612)|HEAP_ALLOCATE|[55]|Bytes:8
00:12:52.0 (72961142)|STATEMENT_EXECUTE|[56]
00:12:52.0 (72972991)|HEAP_ALLOCATE|[56]|Bytes:8
00:12:52.0 (72979705)|HEAP_ALLOCATE|[56]|Bytes:16
00:12:52.0 (72986234)|HEAP_ALLOCATE|[EXTERNAL]|Bytes:4
00:12:52.0 (72995868)|HEAP_ALLOCATE|[54]|Bytes:5
00:12:52.0 (73006994)|VARIABLE_SCOPE_BEGIN|[54]|field|Schema.SObjectField|true|false
00:12:52.0 (73076678)|VARIABLE_ASSIGNMENT|[54]|field|"common.apex.runtime.impl.ApexFieldToken@9e0e4a"|0x9e0e4a
00:12:52.0 (73082791)|STATEMENT_EXECUTE|[54]
00:12:52.0 (73152542)|HEAP_ALLOCATE|[55]|Bytes:8
00:12:52.0 (73163865)|STATEMENT_EXECUTE|[56]
00:12:52.0 (73176132)|HEAP_ALLOCATE|[56]|Bytes:8
00:12:52.0 (73183054)|HEAP_ALLOCATE|[56]|Bytes:14
00:12:52.0 (73189264)|HEAP_ALLOCATE|[EXTERNAL]|Bytes:4
00:12:52.0 (73199096)|HEAP_ALLOCATE|[54]|Bytes:5
00:12:52.0 (73209324)|VARIABLE_SCOPE_BEGIN|[54]|field|Schema.SObjectField|true|false
00:12:52.0 (73278386)|VARIABLE_ASSIGNMENT|[54]|field|"common.apex.runtime.impl.ApexFieldToken@526e1526"|0x526e1526
00:12:52.0 (73284510)|STATEMENT_EXECUTE|[54]
00:12:52.0 (73355552)|HEAP_ALLOCATE|[55]|Bytes:8
00:12:52.0 (73369908)|STATEMENT_EXECUTE|[56]
00:12:52.0 (73383486)|HEAP_ALLOCATE|[56]|Bytes:8
00:12:52.0 (73390123)|HEAP_ALLOCATE|[56]|Bytes:13
00:12:52.0 (73396627)|HEAP_ALLOCATE|[EXTERNAL]|Bytes:4
00:12:52.0 (73407318)|HEAP_ALLOCATE|[54]|Bytes:5
00:12:52.0 (73417785)|VARIABLE_SCOPE_BEGIN|[54]|field|Schema.SObjectField|true|false
00:12:52.0 (73486454)|VARIABLE_ASSIGNMENT|[54]|field|"common.apex.runtime.impl.ApexFieldToken@57b1c6b2"|0x57b1c6b2
00:12:52.0 (73492862)|STATEMENT_EXECUTE|[54]
00:12:52.0 (73562523)|HEAP_ALLOCATE|[55]|Bytes:8
00:12:52.0 (73572781)|STATEMENT_EXECUTE|[56]
00:12:52.0 (73584314)|HEAP_ALLOCATE|[56]|Bytes:8
00:12:52.0 (73590777)|HEAP_ALLOCATE|[56]|Bytes:5
00:12:52.0 (73597177)|HEAP_ALLOCATE|[EXTERNAL]|Bytes:4
00:12:52.0 (73606914)|HEAP_ALLOCATE|[54]|Bytes:5
00:12:52.0 (73617729)|VARIABLE_SCOPE_BEGIN|[54]|field|Schema.SObjectField|true|false
00:12:52.0 (73685866)|VARIABLE_ASSIGNMENT|[54]|field|"common.apex.runtime.impl.ApexFieldToken@37de821d"|0x37de821d
00:12:52.0 (73691919)|STATEMENT_EXECUTE|[54]
00:12:52.0 (73759351)|HEAP_ALLOCATE|[55]|Bytes:8
00:12:52.0 (73770126)|STATEMENT_EXECUTE|[56]
00:12:52.0 (73782634)|HEAP_ALLOCATE|[56]|Bytes:8
00:12:52.0 (73788954)|HEAP_ALLOCATE|[56]|Bytes:11
00:12:52.0 (73795267)|HEAP_ALLOCATE|[EXTERNAL]|Bytes:4
00:12:52.0 (73804544)|HEAP_ALLOCATE|[54]|Bytes:5
00:12:52.0 (73814854)|VARIABLE_SCOPE_BEGIN|[54]|field|Schema.SObjectField|true|false
00:12:52.0 (73883377)|VARIABLE_ASSIGNMENT|[54]|field|"common.apex.runtime.impl.ApexFieldToken@474236f2"|0x474236f2
00:12:52.0 (73889273)|STATEMENT_EXECUTE|[54]
00:12:52.0 (73957092)|HEAP_ALLOCATE|[55]|Bytes:8
00:12:52.0 (73968032)|STATEMENT_EXECUTE|[56]
00:12:52.0 (73980690)|HEAP_ALLOCATE|[56]|Bytes:8
00:12:52.0 (73987467)|HEAP_ALLOCATE|[56]|Bytes:5
00:12:52.0 (73993660)|HEAP_ALLOCATE|[EXTERNAL]|Bytes:4
00:12:52.0 (74002852)|HEAP_ALLOCATE|[54]|Bytes:5
00:12:52.0 (74013971)|VARIABLE_SCOPE_BEGIN|[54]|field|Schema.SObjectField|true|false
00:12:52.0 (74083095)|VARIABLE_ASSIGNMENT|[54]|field|"common.apex.runtime.impl.ApexFieldToken@6527dc19"|0x6527dc19
00:12:52.0 (74089653)|STATEMENT_EXECUTE|[54]
00:12:52.0 (74212750)|HEAP_ALLOCATE|[55]|Bytes:8
00:12:52.0 (74224487)|STATEMENT_EXECUTE|[56]
00:12:52.0 (74241556)|HEAP_ALLOCATE|[56]|Bytes:8
00:12:52.0 (74248450)|HEAP_ALLOCATE|[56]|Bytes:25
00:12:52.0 (74255104)|HEAP_ALLOCATE|[EXTERNAL]|Bytes:4
00:12:52.0 (74265526)|HEAP_ALLOCATE|[54]|Bytes:5
00:12:52.0 (74276844)|VARIABLE_SCOPE_BEGIN|[54]|field|Schema.SObjectField|true|false
00:12:52.0 (74346104)|VARIABLE_ASSIGNMENT|[54]|field|"common.apex.runtime.impl.ApexFieldToken@3c7a1259"|0x3c7a1259
00:12:52.0 (74352308)|STATEMENT_EXECUTE|[54]
00:12:52.0 (74457492)|HEAP_ALLOCATE|[55]|Bytes:8
00:12:52.0 (74469411)|STATEMENT_EXECUTE|[56]
00:12:52.0 (74481671)|HEAP_ALLOCATE|[56]|Bytes:8
00:12:52.0 (74488487)|HEAP_ALLOCATE|[56]|Bytes:12
00:12:52.0 (74494998)|HEAP_ALLOCATE|[EXTERNAL]|Bytes:4
00:12:52.0 (74504817)|HEAP_ALLOCATE|[54]|Bytes:5
00:12:52.0 (74515962)|VARIABLE_SCOPE_BEGIN|[54]|field|Schema.SObjectField|true|false
00:12:52.0 (74585640)|VARIABLE_ASSIGNMENT|[54]|field|"common.apex.runtime.impl.ApexFieldToken@7f77b1a1"|0x7f77b1a1
00:12:52.0 (74592376)|STATEMENT_EXECUTE|[54]
00:12:52.0 (74664390)|HEAP_ALLOCATE|[55]|Bytes:8
00:12:52.0 (74688668)|STATEMENT_EXECUTE|[56]
00:12:52.0 (74703597)|HEAP_ALLOCATE|[56]|Bytes:8
00:12:52.0 (74711014)|HEAP_ALLOCATE|[56]|Bytes:21
00:12:52.0 (74717734)|HEAP_ALLOCATE|[EXTERNAL]|Bytes:4
00:12:52.0 (74727611)|HEAP_ALLOCATE|[54]|Bytes:5
00:12:52.0 (74738098)|VARIABLE_SCOPE_BEGIN|[54]|field|Schema.SObjectField|true|false
00:12:52.0 (74808288)|VARIABLE_ASSIGNMENT|[54]|field|"common.apex.runtime.impl.ApexFieldToken@29d4fd1b"|0x29d4fd1b
00:12:52.0 (74815130)|STATEMENT_EXECUTE|[54]
00:12:52.0 (74888220)|HEAP_ALLOCATE|[55]|Bytes:8
00:12:52.0 (74898935)|STATEMENT_EXECUTE|[56]
00:12:52.0 (74910861)|HEAP_ALLOCATE|[56]|Bytes:8
00:12:52.0 (74917697)|HEAP_ALLOCATE|[56]|Bytes:19
00:12:52.0 (74923551)|HEAP_ALLOCATE|[EXTERNAL]|Bytes:4
00:12:52.0 (74932967)|HEAP_ALLOCATE|[54]|Bytes:5
00:12:52.0 (74943726)|VARIABLE_SCOPE_BEGIN|[54]|field|Schema.SObjectField|true|false
00:12:52.0 (75012024)|VARIABLE_ASSIGNMENT|[54]|field|"common.apex.runtime.impl.ApexFieldToken@72c83b2c"|0x72c83b2c
00:12:52.0 (75018568)|STATEMENT_EXECUTE|[54]
00:12:52.0 (75103850)|HEAP_ALLOCATE|[55]|Bytes:8
00:12:52.0 (75115339)|STATEMENT_EXECUTE|[56]
00:12:52.0 (75128435)|HEAP_ALLOCATE|[56]|Bytes:8
00:12:52.0 (75135322)|HEAP_ALLOCATE|[56]|Bytes:8
00:12:52.0 (75141668)|HEAP_ALLOCATE|[EXTERNAL]|Bytes:4
00:12:52.0 (75151214)|HEAP_ALLOCATE|[54]|Bytes:5
00:12:52.0 (75161904)|VARIABLE_SCOPE_BEGIN|[54]|field|Schema.SObjectField|true|false
00:12:52.0 (75241500)|VARIABLE_ASSIGNMENT|[54]|field|"common.apex.runtime.impl.ApexFieldToken@1ecc07f6"|0x1ecc07f6
00:12:52.0 (75248246)|STATEMENT_EXECUTE|[54]
00:12:52.0 (75321183)|HEAP_ALLOCATE|[55]|Bytes:8
00:12:52.0 (75331938)|STATEMENT_EXECUTE|[56]
00:12:52.0 (75344134)|HEAP_ALLOCATE|[56]|Bytes:8
00:12:52.0 (75350622)|HEAP_ALLOCATE|[56]|Bytes:8
00:12:52.0 (75356838)|HEAP_ALLOCATE|[EXTERNAL]|Bytes:4
00:12:52.0 (75382551)|HEAP_ALLOCATE|[54]|Bytes:5
00:12:52.0 (75396385)|VARIABLE_SCOPE_BEGIN|[54]|field|Schema.SObjectField|true|false
00:12:52.0 (75466087)|VARIABLE_ASSIGNMENT|[54]|field|"common.apex.runtime.impl.ApexFieldToken@5c745737"|0x5c745737
00:12:52.0 (75472387)|STATEMENT_EXECUTE|[54]
00:12:52.0 (75544320)|HEAP_ALLOCATE|[55]|Bytes:8
00:12:52.0 (75555283)|STATEMENT_EXECUTE|[56]
00:12:52.0 (75567482)|HEAP_ALLOCATE|[56]|Bytes:8
00:12:52.0 (75574682)|HEAP_ALLOCATE|[56]|Bytes:10
00:12:52.0 (75581328)|HEAP_ALLOCATE|[EXTERNAL]|Bytes:4
00:12:52.0 (75590381)|HEAP_ALLOCATE|[54]|Bytes:5
00:12:52.0 (75601205)|VARIABLE_SCOPE_BEGIN|[54]|field|Schema.SObjectField|true|false
00:12:52.0 (75669322)|VARIABLE_ASSIGNMENT|[54]|field|"common.apex.runtime.impl.ApexFieldToken@52465587"|0x52465587
00:12:52.0 (75675550)|STATEMENT_EXECUTE|[54]
00:12:52.0 (75743970)|HEAP_ALLOCATE|[55]|Bytes:8
00:12:52.0 (75754486)|STATEMENT_EXECUTE|[56]
00:12:52.0 (75766582)|HEAP_ALLOCATE|[56]|Bytes:8
00:12:52.0 (75773217)|HEAP_ALLOCATE|[56]|Bytes:8
00:12:52.0 (75779612)|HEAP_ALLOCATE|[EXTERNAL]|Bytes:4
00:12:52.0 (75788471)|HEAP_ALLOCATE|[54]|Bytes:5
00:12:52.0 (75798608)|VARIABLE_SCOPE_BEGIN|[54]|field|Schema.SObjectField|true|false
00:12:52.0 (75878446)|VARIABLE_ASSIGNMENT|[54]|field|"common.apex.runtime.impl.ApexFieldToken@616405b8"|0x616405b8
00:12:52.0 (75885016)|STATEMENT_EXECUTE|[54]
00:12:52.0 (75956733)|HEAP_ALLOCATE|[55]|Bytes:8
00:12:52.0 (75967696)|STATEMENT_EXECUTE|[56]
00:12:52.0 (75980133)|HEAP_ALLOCATE|[56]|Bytes:8
00:12:52.0 (75987342)|HEAP_ALLOCATE|[56]|Bytes:7
00:12:52.0 (75993481)|HEAP_ALLOCATE|[EXTERNAL]|Bytes:4
00:12:52.0 (76002842)|HEAP_ALLOCATE|[54]|Bytes:5
00:12:52.0 (76014202)|VARIABLE_SCOPE_BEGIN|[54]|field|Schema.SObjectField|true|false
00:12:52.0 (76082564)|VARIABLE_ASSIGNMENT|[54]|field|"common.apex.runtime.impl.ApexFieldToken@1f695dd5"|0x1f695dd5
00:12:52.0 (76088570)|STATEMENT_EXECUTE|[54]
00:12:52.0 (76155743)|HEAP_ALLOCATE|[55]|Bytes:8
00:12:52.0 (76166388)|STATEMENT_EXECUTE|[56]
00:12:52.0 (76178896)|HEAP_ALLOCATE|[56]|Bytes:8
00:12:52.0 (76185473)|HEAP_ALLOCATE|[56]|Bytes:8
00:12:52.0 (76191502)|HEAP_ALLOCATE|[EXTERNAL]|Bytes:4
00:12:52.0 (76200759)|HEAP_ALLOCATE|[54]|Bytes:5
00:12:52.0 (76210791)|VARIABLE_SCOPE_BEGIN|[54]|field|Schema.SObjectField|true|false
00:12:52.0 (76279741)|VARIABLE_ASSIGNMENT|[54]|field|"common.apex.runtime.impl.ApexFieldToken@61da7ce0"|0x61da7ce0
00:12:52.0 (76285813)|STATEMENT_EXECUTE|[54]
00:12:52.0 (76354252)|HEAP_ALLOCATE|[55]|Bytes:8
00:12:52.0 (76371111)|STATEMENT_EXECUTE|[56]
00:12:52.0 (76384929)|HEAP_ALLOCATE|[56]|Bytes:8
00:12:52.0 (76391902)|HEAP_ALLOCATE|[56]|Bytes:7
00:12:52.0 (76398143)|HEAP_ALLOCATE|[EXTERNAL]|Bytes:4
00:12:52.0 (76407520)|HEAP_ALLOCATE|[54]|Bytes:5
00:12:52.0 (76418574)|VARIABLE_ASSIGNMENT|[54]|field|null|
00:12:52.0 (76423347)|STATEMENT_EXECUTE|[58]
00:12:52.0 (76429583)|VARIABLE_SCOPE_BEGIN|[58]|allfields|String|false|false
00:12:52.0 (76439036)|VARIABLE_ASSIGNMENT|[58]|allfields|""
00:12:52.0 (76478745)|HEAP_ALLOCATE|[59]|Bytes:5
00:12:52.0 (76486323)|HEAP_ALLOCATE|[59]|Bytes:2
00:12:52.0 (76492263)|VARIABLE_SCOPE_BEGIN|[59]|fieldname|String|false|false
00:12:52.0 (76500366)|VARIABLE_ASSIGNMENT|[59]|fieldname|"Id"
00:12:52.0 (76504137)|STATEMENT_EXECUTE|[60]
00:12:52.0 (76506246)|HEAP_ALLOCATE|[60]|Bytes:1
00:12:52.0 (76524651)|HEAP_ALLOCATE|[60]|Bytes:3
00:12:52.0 (76529481)|HEAP_ALLOCATE|[60]|Bytes:3
00:12:52.0 (76534048)|VARIABLE_ASSIGNMENT|[60]|allfields|"Id,"
00:12:52.0 (76542149)|HEAP_ALLOCATE|[59]|Bytes:5
00:12:52.0 (76549286)|HEAP_ALLOCATE|[59]|Bytes:7
00:12:52.0 (76554921)|VARIABLE_SCOPE_BEGIN|[59]|fieldname|String|false|false
00:12:52.0 (76562697)|VARIABLE_ASSIGNMENT|[59]|fieldname|"OwnerId"
00:12:52.0 (76566193)|STATEMENT_EXECUTE|[60]
00:12:52.0 (76568916)|HEAP_ALLOCATE|[60]|Bytes:8
00:12:52.0 (76572178)|HEAP_ALLOCATE|[60]|Bytes:11
00:12:52.0 (76575985)|VARIABLE_ASSIGNMENT|[60]|allfields|"Id,OwnerId,"
00:12:52.0 (76582320)|HEAP_ALLOCATE|[59]|Bytes:5
00:12:52.0 (76587963)|HEAP_ALLOCATE|[59]|Bytes:9
00:12:52.0 (76605664)|VARIABLE_SCOPE_BEGIN|[59]|fieldname|String|false|false
00:12:52.0 (76613206)|VARIABLE_ASSIGNMENT|[59]|fieldname|"IsDeleted"
00:12:52.0 (76617318)|STATEMENT_EXECUTE|[60]
00:12:52.0 (76619974)|HEAP_ALLOCATE|[60]|Bytes:10
00:12:52.0 (76623472)|HEAP_ALLOCATE|[60]|Bytes:21
00:12:52.0 (76629650)|VARIABLE_ASSIGNMENT|[60]|allfields|"Id,OwnerId,IsDeleted (1 more) ..."
00:12:52.0 (76637591)|HEAP_ALLOCATE|[59]|Bytes:5
00:12:52.0 (76642856)|HEAP_ALLOCATE|[59]|Bytes:4
00:12:52.0 (76646338)|VARIABLE_SCOPE_BEGIN|[59]|fieldname|String|false|false
00:12:52.0 (76652272)|VARIABLE_ASSIGNMENT|[59]|fieldname|"Name"
00:12:52.0 (76655753)|STATEMENT_EXECUTE|[60]
00:12:52.0 (76657942)|HEAP_ALLOCATE|[60]|Bytes:5
00:12:52.0 (76660850)|HEAP_ALLOCATE|[60]|Bytes:26
00:12:52.0 (76665145)|VARIABLE_ASSIGNMENT|[60]|allfields|"Id,OwnerId,IsDeleted (6 more) ..."
00:12:52.0 (76671107)|HEAP_ALLOCATE|[59]|Bytes:5
00:12:52.0 (76675878)|HEAP_ALLOCATE|[59]|Bytes:11
00:12:52.0 (76679772)|VARIABLE_SCOPE_BEGIN|[59]|fieldname|String|false|false
00:12:52.0 (76685992)|VARIABLE_ASSIGNMENT|[59]|fieldname|"CreatedDate"
00:12:52.0 (76689133)|STATEMENT_EXECUTE|[60]
00:12:52.0 (76691236)|HEAP_ALLOCATE|[60]|Bytes:12
00:12:52.0 (76694409)|HEAP_ALLOCATE|[60]|Bytes:38
00:12:52.0 (76698722)|VARIABLE_ASSIGNMENT|[60]|allfields|"Id,OwnerId,IsDeleted (18 more) ..."
00:12:52.0 (76705311)|HEAP_ALLOCATE|[59]|Bytes:5
00:12:52.0 (76710180)|HEAP_ALLOCATE|[59]|Bytes:11
00:12:52.0 (76713385)|VARIABLE_SCOPE_BEGIN|[59]|fieldname|String|false|false
00:12:52.0 (76719386)|VARIABLE_ASSIGNMENT|[59]|fieldname|"CreatedById"
00:12:52.0 (76722170)|STATEMENT_EXECUTE|[60]
00:12:52.0 (76724151)|HEAP_ALLOCATE|[60]|Bytes:12
00:12:52.0 (76727230)|HEAP_ALLOCATE|[60]|Bytes:50
00:12:52.0 (76731479)|VARIABLE_ASSIGNMENT|[60]|allfields|"Id,OwnerId,IsDeleted (30 more) ..."
00:12:52.0 (76737512)|HEAP_ALLOCATE|[59]|Bytes:5
00:12:52.0 (76742260)|HEAP_ALLOCATE|[59]|Bytes:16
00:12:52.0 (76745502)|VARIABLE_SCOPE_BEGIN|[59]|fieldname|String|false|false
00:12:52.0 (76751549)|VARIABLE_ASSIGNMENT|[59]|fieldname|"LastModifiedDate"
00:12:52.0 (76754642)|STATEMENT_EXECUTE|[60]
00:12:52.0 (76756553)|HEAP_ALLOCATE|[60]|Bytes:17
00:12:52.0 (76759615)|HEAP_ALLOCATE|[60]|Bytes:67
00:12:52.0 (76763759)|VARIABLE_ASSIGNMENT|[60]|allfields|"Id,OwnerId,IsDeleted (47 more) ..."
00:12:52.0 (76769345)|HEAP_ALLOCATE|[59]|Bytes:5
00:12:52.0 (76774486)|HEAP_ALLOCATE|[59]|Bytes:16
00:12:52.0 (76777920)|VARIABLE_SCOPE_BEGIN|[59]|fieldname|String|false|false
00:12:52.0 (76784070)|VARIABLE_ASSIGNMENT|[59]|fieldname|"LastModifiedById"
00:12:52.0 (76787248)|STATEMENT_EXECUTE|[60]
00:12:52.0 (76789324)|HEAP_ALLOCATE|[60]|Bytes:17
00:12:52.0 (76792345)|HEAP_ALLOCATE|[60]|Bytes:84
00:12:52.0 (76796196)|VARIABLE_ASSIGNMENT|[60]|allfields|"Id,OwnerId,IsDeleted (64 more) ..."
00:12:52.0 (76801610)|HEAP_ALLOCATE|[59]|Bytes:5
00:12:52.0 (76806413)|HEAP_ALLOCATE|[59]|Bytes:14
00:12:52.0 (76809803)|VARIABLE_SCOPE_BEGIN|[59]|fieldname|String|false|false
00:12:52.0 (76816057)|VARIABLE_ASSIGNMENT|[59]|fieldname|"SystemModstamp"
00:12:52.0 (76819631)|STATEMENT_EXECUTE|[60]
00:12:52.0 (76821700)|HEAP_ALLOCATE|[60]|Bytes:15
00:12:52.0 (76824728)|HEAP_ALLOCATE|[60]|Bytes:99
00:12:52.0 (76828644)|VARIABLE_ASSIGNMENT|[60]|allfields|"Id,OwnerId,IsDeleted (79 more) ..."
00:12:52.0 (76834034)|HEAP_ALLOCATE|[59]|Bytes:5
00:12:52.0 (76839170)|HEAP_ALLOCATE|[59]|Bytes:16
00:12:52.0 (76842972)|VARIABLE_SCOPE_BEGIN|[59]|fieldname|String|false|false
00:12:52.0 (76851668)|VARIABLE_ASSIGNMENT|[59]|fieldname|"LastActivityDate"
00:12:52.0 (76854737)|STATEMENT_EXECUTE|[60]
00:12:52.0 (76857753)|HEAP_ALLOCATE|[60]|Bytes:17
00:12:52.0 (76861428)|HEAP_ALLOCATE|[60]|Bytes:116
00:12:52.0 (76865938)|VARIABLE_ASSIGNMENT|[60]|allfields|"Id,OwnerId,IsDeleted (96 more) ..."
00:12:52.0 (76872462)|HEAP_ALLOCATE|[59]|Bytes:5
00:12:52.0 (76877631)|HEAP_ALLOCATE|[59]|Bytes:14
00:12:52.0 (76880940)|VARIABLE_SCOPE_BEGIN|[59]|fieldname|String|false|false
00:12:52.0 (76886913)|VARIABLE_ASSIGNMENT|[59]|fieldname|"LastViewedDate"
00:12:52.0 (76890648)|STATEMENT_EXECUTE|[60]
00:12:52.0 (76892796)|HEAP_ALLOCATE|[60]|Bytes:15
00:12:52.0 (76895683)|HEAP_ALLOCATE|[60]|Bytes:131
00:12:52.0 (76900133)|VARIABLE_ASSIGNMENT|[60]|allfields|"Id,OwnerId,IsDeleted (111 more) ..."
00:12:52.0 (76905947)|HEAP_ALLOCATE|[59]|Bytes:5
00:12:52.0 (76910978)|HEAP_ALLOCATE|[59]|Bytes:18
00:12:52.0 (76914492)|VARIABLE_SCOPE_BEGIN|[59]|fieldname|String|false|false
00:12:52.0 (76926309)|VARIABLE_ASSIGNMENT|[59]|fieldname|"LastReferencedDate"
00:12:52.0 (76930682)|STATEMENT_EXECUTE|[60]
00:12:52.0 (76932999)|HEAP_ALLOCATE|[60]|Bytes:19
00:12:52.0 (76936961)|HEAP_ALLOCATE|[60]|Bytes:150
00:12:52.0 (76941265)|VARIABLE_ASSIGNMENT|[60]|allfields|"Id,OwnerId,IsDeleted (130 more) ..."
00:12:52.0 (76948788)|HEAP_ALLOCATE|[59]|Bytes:5
00:12:52.0 (76954140)|HEAP_ALLOCATE|[59]|Bytes:9
00:12:52.0 (76957709)|VARIABLE_SCOPE_BEGIN|[59]|fieldname|String|false|false
00:12:52.0 (76963937)|VARIABLE_ASSIGNMENT|[59]|fieldname|"Client__c"
00:12:52.0 (76967127)|STATEMENT_EXECUTE|[60]
00:12:52.0 (76969152)|HEAP_ALLOCATE|[60]|Bytes:10
00:12:52.0 (76972266)|HEAP_ALLOCATE|[60]|Bytes:160
00:12:52.0 (76985322)|VARIABLE_ASSIGNMENT|[60]|allfields|"Id,OwnerId,IsDeleted (140 more) ..."
00:12:52.0 (76992994)|HEAP_ALLOCATE|[59]|Bytes:5
00:12:52.0 (76998278)|HEAP_ALLOCATE|[59]|Bytes:15
00:12:52.0 (77001928)|VARIABLE_SCOPE_BEGIN|[59]|fieldname|String|false|false
00:12:52.0 (77009187)|VARIABLE_ASSIGNMENT|[59]|fieldname|"End_Customer__c"
00:12:52.0 (77013164)|STATEMENT_EXECUTE|[60]
00:12:52.0 (77015528)|HEAP_ALLOCATE|[60]|Bytes:16
00:12:52.0 (77018947)|HEAP_ALLOCATE|[60]|Bytes:176
00:12:52.0 (77023309)|VARIABLE_ASSIGNMENT|[60]|allfields|"Id,OwnerId,IsDeleted (156 more) ..."
00:12:52.0 (77029267)|HEAP_ALLOCATE|[59]|Bytes:5
00:12:52.0 (77034168)|HEAP_ALLOCATE|[59]|Bytes:19
00:12:52.0 (77038342)|VARIABLE_SCOPE_BEGIN|[59]|fieldname|String|false|false
00:12:52.0 (77044831)|VARIABLE_ASSIGNMENT|[59]|fieldname|"Operation_Region__c"
00:12:52.0 (77047907)|STATEMENT_EXECUTE|[60]
00:12:52.0 (77049895)|HEAP_ALLOCATE|[60]|Bytes:20
00:12:52.0 (77053167)|HEAP_ALLOCATE|[60]|Bytes:196
00:12:52.0 (77057014)|VARIABLE_ASSIGNMENT|[60]|allfields|"Id,OwnerId,IsDeleted (176 more) ..."
00:12:52.0 (77062763)|HEAP_ALLOCATE|[59]|Bytes:5
00:12:52.0 (77067717)|HEAP_ALLOCATE|[59]|Bytes:14
00:12:52.0 (77071174)|VARIABLE_SCOPE_BEGIN|[59]|fieldname|String|false|false
00:12:52.0 (77077676)|VARIABLE_ASSIGNMENT|[59]|fieldname|"Work_Region__c"
00:12:52.0 (77080464)|STATEMENT_EXECUTE|[60]
00:12:52.0 (77082456)|HEAP_ALLOCATE|[60]|Bytes:15
00:12:52.0 (77085950)|HEAP_ALLOCATE|[60]|Bytes:211
00:12:52.0 (77090522)|VARIABLE_ASSIGNMENT|[60]|allfields|"Id,OwnerId,IsDeleted (191 more) ..."
00:12:52.0 (77096218)|HEAP_ALLOCATE|[59]|Bytes:5
00:12:52.0 (77100909)|HEAP_ALLOCATE|[59]|Bytes:25
00:12:52.0 (77104123)|VARIABLE_SCOPE_BEGIN|[59]|fieldname|String|false|false
00:12:52.0 (77111703)|VARIABLE_ASSIGNMENT|[59]|fieldname|"Client_Project_Manag (5 more) ..."
00:12:52.0 (77116452)|STATEMENT_EXECUTE|[60]
00:12:52.0 (77118643)|HEAP_ALLOCATE|[60]|Bytes:26
00:12:52.0 (77122007)|HEAP_ALLOCATE|[60]|Bytes:237
00:12:52.0 (77126051)|VARIABLE_ASSIGNMENT|[60]|allfields|"Id,OwnerId,IsDeleted (217 more) ..."
00:12:52.0 (77132178)|HEAP_ALLOCATE|[59]|Bytes:5
00:12:52.0 (77136913)|HEAP_ALLOCATE|[59]|Bytes:15
00:12:52.0 (77140638)|VARIABLE_SCOPE_BEGIN|[59]|fieldname|String|false|false
00:12:52.0 (77147005)|VARIABLE_ASSIGNMENT|[59]|fieldname|"Project_code__c"
00:12:52.0 (77149788)|STATEMENT_EXECUTE|[60]
00:12:52.0 (77151851)|HEAP_ALLOCATE|[60]|Bytes:16
00:12:52.0 (77155370)|HEAP_ALLOCATE|[60]|Bytes:253
00:12:52.0 (77159116)|VARIABLE_ASSIGNMENT|[60]|allfields|"Id,OwnerId,IsDeleted (233 more) ..."
00:12:52.0 (77165025)|HEAP_ALLOCATE|[59]|Bytes:5
00:12:52.0 (77169723)|HEAP_ALLOCATE|[59]|Bytes:23
00:12:52.0 (77173113)|VARIABLE_SCOPE_BEGIN|[59]|fieldname|String|false|false
00:12:52.0 (77180142)|VARIABLE_ASSIGNMENT|[59]|fieldname|"Company_project_code (3 more) ..."
00:12:52.0 (77183143)|STATEMENT_EXECUTE|[60]
00:12:52.0 (77185339)|HEAP_ALLOCATE|[60]|Bytes:24
00:12:52.0 (77188619)|HEAP_ALLOCATE|[60]|Bytes:277
00:12:52.0 (77192763)|VARIABLE_ASSIGNMENT|[60]|allfields|"Id,OwnerId,IsDeleted (257 more) ..."
00:12:52.0 (77198388)|HEAP_ALLOCATE|[59]|Bytes:5
00:12:52.0 (77203522)|HEAP_ALLOCATE|[59]|Bytes:16
00:12:52.0 (77213859)|VARIABLE_SCOPE_BEGIN|[59]|fieldname|String|false|false
00:12:52.0 (77220955)|VARIABLE_ASSIGNMENT|[59]|fieldname|"Project_Scope__c"
00:12:52.0 (77224685)|STATEMENT_EXECUTE|[60]
00:12:52.0 (77227199)|HEAP_ALLOCATE|[60]|Bytes:17
00:12:52.0 (77230347)|HEAP_ALLOCATE|[60]|Bytes:294
00:12:52.0 (77234346)|VARIABLE_ASSIGNMENT|[60]|allfields|"Id,OwnerId,IsDeleted (274 more) ..."
00:12:52.0 (77240554)|HEAP_ALLOCATE|[59]|Bytes:5
00:12:52.0 (77245430)|HEAP_ALLOCATE|[59]|Bytes:14
00:12:52.0 (77248766)|VARIABLE_SCOPE_BEGIN|[59]|fieldname|String|false|false
00:12:52.0 (77254820)|VARIABLE_ASSIGNMENT|[59]|fieldname|"Cost_Centre__c"
00:12:52.0 (77257804)|STATEMENT_EXECUTE|[60]
00:12:52.0 (77259772)|HEAP_ALLOCATE|[60]|Bytes:15
00:12:52.0 (77262961)|HEAP_ALLOCATE|[60]|Bytes:309
00:12:52.0 (77267295)|VARIABLE_ASSIGNMENT|[60]|allfields|"Id,OwnerId,IsDeleted (289 more) ..."
00:12:52.0 (77272916)|HEAP_ALLOCATE|[59]|Bytes:5
00:12:52.0 (77277537)|HEAP_ALLOCATE|[59]|Bytes:13
00:12:52.0 (77280979)|VARIABLE_SCOPE_BEGIN|[59]|fieldname|String|false|false
00:12:52.0 (77287079)|VARIABLE_ASSIGNMENT|[59]|fieldname|"Production__c"
00:12:52.0 (77290215)|STATEMENT_EXECUTE|[60]
00:12:52.0 (77292618)|HEAP_ALLOCATE|[60]|Bytes:14
00:12:52.0 (77296278)|HEAP_ALLOCATE|[60]|Bytes:323
00:12:52.0 (77300309)|VARIABLE_ASSIGNMENT|[60]|allfields|"Id,OwnerId,IsDeleted (303 more) ..."
00:12:52.0 (77306286)|HEAP_ALLOCATE|[59]|Bytes:5
00:12:52.0 (77311197)|HEAP_ALLOCATE|[59]|Bytes:5
00:12:52.0 (77314769)|VARIABLE_SCOPE_BEGIN|[59]|fieldname|String|false|false
00:12:52.0 (77320504)|VARIABLE_ASSIGNMENT|[59]|fieldname|"QC__c"
00:12:52.0 (77323371)|STATEMENT_EXECUTE|[60]
00:12:52.0 (77325372)|HEAP_ALLOCATE|[60]|Bytes:6
00:12:52.0 (77328543)|HEAP_ALLOCATE|[60]|Bytes:329
00:12:52.0 (77332525)|VARIABLE_ASSIGNMENT|[60]|allfields|"Id,OwnerId,IsDeleted (309 more) ..."
00:12:52.0 (77338178)|HEAP_ALLOCATE|[59]|Bytes:5
00:12:52.0 (77343149)|HEAP_ALLOCATE|[59]|Bytes:11
00:12:52.0 (77346525)|VARIABLE_SCOPE_BEGIN|[59]|fieldname|String|false|false
00:12:52.0 (77352918)|VARIABLE_ASSIGNMENT|[59]|fieldname|"Delivery__c"
00:12:52.0 (77355993)|STATEMENT_EXECUTE|[60]
00:12:52.0 (77358012)|HEAP_ALLOCATE|[60]|Bytes:12
00:12:52.0 (77365645)|HEAP_ALLOCATE|[60]|Bytes:341
00:12:52.0 (77373161)|VARIABLE_ASSIGNMENT|[60]|allfields|"Id,OwnerId,IsDeleted (321 more) ..."
00:12:52.0 (77380196)|HEAP_ALLOCATE|[59]|Bytes:5
00:12:52.0 (77385380)|HEAP_ALLOCATE|[59]|Bytes:5
00:12:52.0 (77389277)|VARIABLE_SCOPE_BEGIN|[59]|fieldname|String|false|false
00:12:52.0 (77395036)|VARIABLE_ASSIGNMENT|[59]|fieldname|"QA__c"
00:12:52.0 (77398391)|STATEMENT_EXECUTE|[60]
00:12:52.0 (77400702)|HEAP_ALLOCATE|[60]|Bytes:6
00:12:52.0 (77403814)|HEAP_ALLOCATE|[60]|Bytes:347
00:12:52.0 (77408160)|VARIABLE_ASSIGNMENT|[60]|allfields|"Id,OwnerId,IsDeleted (327 more) ..."
00:12:52.0 (77413909)|HEAP_ALLOCATE|[59]|Bytes:5
00:12:52.0 (77418731)|HEAP_ALLOCATE|[59]|Bytes:25
00:12:52.0 (77421988)|VARIABLE_SCOPE_BEGIN|[59]|fieldname|String|false|false
00:12:52.0 (77428665)|VARIABLE_ASSIGNMENT|[59]|fieldname|"OffshoreProjectManag (5 more) ..."
00:12:52.0 (77431469)|STATEMENT_EXECUTE|[60]
00:12:52.0 (77433483)|HEAP_ALLOCATE|[60]|Bytes:26
00:12:52.0 (77437273)|HEAP_ALLOCATE|[60]|Bytes:373
00:12:52.0 (77441129)|VARIABLE_ASSIGNMENT|[60]|allfields|"Id,OwnerId,IsDeleted (353 more) ..."
00:12:52.0 (77447395)|HEAP_ALLOCATE|[59]|Bytes:5
00:12:52.0 (77452178)|HEAP_ALLOCATE|[59]|Bytes:12
00:12:52.0 (77455360)|VARIABLE_SCOPE_BEGIN|[59]|fieldname|String|false|false
00:12:52.0 (77461652)|VARIABLE_ASSIGNMENT|[59]|fieldname|"Team_Lead__c"
00:12:52.0 (77464756)|STATEMENT_EXECUTE|[60]
00:12:52.0 (77467101)|HEAP_ALLOCATE|[60]|Bytes:13
00:12:52.0 (77470176)|HEAP_ALLOCATE|[60]|Bytes:386
00:12:52.0 (77474437)|VARIABLE_ASSIGNMENT|[60]|allfields|"Id,OwnerId,IsDeleted (366 more) ..."
00:12:52.0 (77480149)|HEAP_ALLOCATE|[59]|Bytes:5
00:12:52.0 (77485677)|HEAP_ALLOCATE|[59]|Bytes:21
00:12:52.0 (77488888)|VARIABLE_SCOPE_BEGIN|[59]|fieldname|String|false|false
00:12:52.0 (77495273)|VARIABLE_ASSIGNMENT|[59]|fieldname|"Project_Start_Date__ (1 more) ..."
00:12:52.0 (77498733)|STATEMENT_EXECUTE|[60]
00:12:52.0 (77500690)|HEAP_ALLOCATE|[60]|Bytes:22
00:12:52.0 (77503910)|HEAP_ALLOCATE|[60]|Bytes:408
00:12:52.0 (77508269)|VARIABLE_ASSIGNMENT|[60]|allfields|"Id,OwnerId,IsDeleted (388 more) ..."
00:12:52.0 (77514049)|HEAP_ALLOCATE|[59]|Bytes:5
00:12:52.0 (77518848)|HEAP_ALLOCATE|[59]|Bytes:19
00:12:52.0 (77522115)|VARIABLE_SCOPE_BEGIN|[59]|fieldname|String|false|false
00:12:52.0 (77528364)|VARIABLE_ASSIGNMENT|[59]|fieldname|"Project_End_Date__c"
00:12:52.0 (77531402)|STATEMENT_EXECUTE|[60]
00:12:52.0 (77533422)|HEAP_ALLOCATE|[60]|Bytes:20
00:12:52.0 (77536921)|HEAP_ALLOCATE|[60]|Bytes:428
00:12:52.0 (77542354)|VARIABLE_ASSIGNMENT|[60]|allfields|"Id,OwnerId,IsDeleted (408 more) ..."
00:12:52.0 (77549403)|HEAP_ALLOCATE|[59]|Bytes:5
00:12:52.0 (77554394)|HEAP_ALLOCATE|[59]|Bytes:8
00:12:52.0 (77557862)|VARIABLE_SCOPE_BEGIN|[59]|fieldname|String|false|false
00:12:52.0 (77563982)|VARIABLE_ASSIGNMENT|[59]|fieldname|"Units__c"
00:12:52.0 (77566931)|STATEMENT_EXECUTE|[60]
00:12:52.0 (77568981)|HEAP_ALLOCATE|[60]|Bytes:9
00:12:52.0 (77572584)|HEAP_ALLOCATE|[60]|Bytes:437
00:12:52.0 (77576525)|VARIABLE_ASSIGNMENT|[60]|allfields|"Id,OwnerId,IsDeleted (417 more) ..."
00:12:52.0 (77582692)|HEAP_ALLOCATE|[59]|Bytes:5
00:12:52.0 (77587731)|HEAP_ALLOCATE|[59]|Bytes:8
00:12:52.0 (77591182)|VARIABLE_SCOPE_BEGIN|[59]|fieldname|String|false|false
00:12:52.0 (77597177)|VARIABLE_ASSIGNMENT|[59]|fieldname|"Nodes__c"
00:12:52.0 (77600634)|STATEMENT_EXECUTE|[60]
00:12:52.0 (77602552)|HEAP_ALLOCATE|[60]|Bytes:9
00:12:52.0 (77605810)|HEAP_ALLOCATE|[60]|Bytes:446
00:12:52.0 (77609908)|VARIABLE_ASSIGNMENT|[60]|allfields|"Id,OwnerId,IsDeleted (426 more) ..."
00:12:52.0 (77615680)|HEAP_ALLOCATE|[59]|Bytes:5
00:12:52.0 (77620498)|HEAP_ALLOCATE|[59]|Bytes:10
00:12:52.0 (77624481)|VARIABLE_SCOPE_BEGIN|[59]|fieldname|String|false|false
00:12:52.0 (77630535)|VARIABLE_ASSIGNMENT|[59]|fieldname|"Footage__c"
00:12:52.0 (77633610)|STATEMENT_EXECUTE|[60]
00:12:52.0 (77635606)|HEAP_ALLOCATE|[60]|Bytes:11
00:12:52.0 (77638713)|HEAP_ALLOCATE|[60]|Bytes:457
00:12:52.0 (77642880)|VARIABLE_ASSIGNMENT|[60]|allfields|"Id,OwnerId,IsDeleted (437 more) ..."
00:12:52.0 (77649084)|HEAP_ALLOCATE|[59]|Bytes:5
00:12:52.0 (77654015)|HEAP_ALLOCATE|[59]|Bytes:8
00:12:52.0 (77657713)|VARIABLE_SCOPE_BEGIN|[59]|fieldname|String|false|false
00:12:52.0 (77663464)|VARIABLE_ASSIGNMENT|[59]|fieldname|"Miles__c"
00:12:52.0 (77666283)|STATEMENT_EXECUTE|[60]
00:12:52.0 (77668219)|HEAP_ALLOCATE|[60]|Bytes:9
00:12:52.0 (77671261)|HEAP_ALLOCATE|[60]|Bytes:466
00:12:52.0 (77675102)|VARIABLE_ASSIGNMENT|[60]|allfields|"Id,OwnerId,IsDeleted (446 more) ..."
00:12:52.0 (77680937)|HEAP_ALLOCATE|[59]|Bytes:5
00:12:52.0 (77685912)|HEAP_ALLOCATE|[59]|Bytes:7
00:12:52.0 (77689155)|VARIABLE_SCOPE_BEGIN|[59]|fieldname|String|false|false
00:12:52.0 (77695205)|VARIABLE_ASSIGNMENT|[59]|fieldname|"Jobs__c"
00:12:52.0 (77698309)|STATEMENT_EXECUTE|[60]
00:12:52.0 (77700283)|HEAP_ALLOCATE|[60]|Bytes:8
00:12:52.0 (77703689)|HEAP_ALLOCATE|[60]|Bytes:474
00:12:52.0 (77707567)|VARIABLE_ASSIGNMENT|[60]|allfields|"Id,OwnerId,IsDeleted (454 more) ..."
00:12:52.0 (77715231)|HEAP_ALLOCATE|[59]|Bytes:5
00:12:52.0 (77724106)|HEAP_ALLOCATE|[59]|Bytes:8
00:12:52.0 (77730367)|VARIABLE_SCOPE_BEGIN|[59]|fieldname|String|false|false
00:12:52.0 (77741102)|VARIABLE_ASSIGNMENT|[59]|fieldname|"Hours__c"
00:12:52.0 (77746148)|STATEMENT_EXECUTE|[60]
00:12:52.0 (77750264)|HEAP_ALLOCATE|[60]|Bytes:9
00:12:52.0 (77755833)|HEAP_ALLOCATE|[60]|Bytes:483
00:12:52.0 (77762922)|VARIABLE_ASSIGNMENT|[60]|allfields|"Id,OwnerId,IsDeleted (463 more) ..."
00:12:52.0 (77773735)|HEAP_ALLOCATE|[59]|Bytes:5
00:12:52.0 (77782802)|HEAP_ALLOCATE|[59]|Bytes:7
00:12:52.0 (77789247)|VARIABLE_SCOPE_BEGIN|[59]|fieldname|String|false|false
00:12:52.0 (77799845)|VARIABLE_ASSIGNMENT|[59]|fieldname|"Team__c"
00:12:52.0 (77805512)|STATEMENT_EXECUTE|[60]
00:12:52.0 (77809449)|HEAP_ALLOCATE|[60]|Bytes:8
00:12:52.0 (77815356)|HEAP_ALLOCATE|[60]|Bytes:491
00:12:52.0 (77823132)|VARIABLE_ASSIGNMENT|[60]|allfields|"Id,OwnerId,IsDeleted (471 more) ..."
00:12:52.0 (77835495)|HEAP_ALLOCATE|[59]|Bytes:5
00:12:52.0 (77846830)|VARIABLE_ASSIGNMENT|[59]|fieldname|null
00:12:52.0 (77853185)|STATEMENT_EXECUTE|[62]
00:12:52.0 (77924513)|HEAP_ALLOCATE|[62]|Bytes:490
00:12:52.0 (77936256)|VARIABLE_ASSIGNMENT|[62]|allfields|"Id,OwnerId,IsDeleted (470 more) ..."
00:12:52.0 (77940037)|STATEMENT_EXECUTE|[64]
00:12:52.0 (77953800)|METHOD_EXIT|[16]|01p7F00000Ehro9|PM_Project_Edit_Controller.getAllFields(String)
00:12:52.0 (77961374)|HEAP_ALLOCATE|[16]|Bytes:32
00:12:52.0 (77968482)|HEAP_ALLOCATE|[16]|Bytes:529
00:12:52.0 (78506602)|SOQL_EXECUTE_BEGIN|[16]|Aggregations:0|select Id,OwnerId,IsDeleted,Name,CreatedDate,CreatedById,LastModifiedDate,LastModifiedById,SystemModstamp,LastActivityDate,LastViewedDate,LastReferencedDate,Client__c,End_Customer__c,Operation_Region__c,Work_Region__c,Client_Project_Manager__c,Project_code__c,Company_project_code__c,Project_Scope__c,Cost_Centre__c,Production__c,QC__c,Delivery__c,QA__c,OffshoreProjectManager__c,Team_Lead__c,Project_Start_Date__c,Project_End_Date__c,Units__c,Nodes__c,Footage__c,Miles__c,Jobs__c,Hours__c,Team__c from Project__c where Id = :pid
00:12:52.0 (82891103)|SOQL_EXECUTE_END|[16]|Rows:1
00:12:52.0 (82912464)|HEAP_ALLOCATE|[16]|Bytes:8
00:12:52.0 (82949284)|HEAP_ALLOCATE|[16]|Bytes:996
00:12:52.0 (83024594)|HEAP_ALLOCATE|[16]|Bytes:8
00:12:52.0 (83045384)|HEAP_ALLOCATE|[16]|Bytes:36
00:12:52.0 (83088945)|HEAP_ALLOCATE|[16]|Bytes:140
00:12:52.0 (83144669)|VARIABLE_ASSIGNMENT|[EXTERNAL]|this|{"mysObject":"0x2a1ac47","nonSelectedUserId":"(","usersList":"0x712032a6"}|0x14daf756
00:12:52.0 (83205014)|VARIABLE_ASSIGNMENT|[EXTERNAL]|value|{"Id":"a057F000002dVv5QAE","OwnerId":"0057F000000Tiz6QAC","IsDeleted":false,"Name":"tm Test","CreatedDate":"2017-12-19T10:53:33.000Z","CreatedById":"0057F000000Tiz6QAC","LastModifiedDate":"2017-12-19T11:16:32.000Z","LastModifiedById":"0057F000000Tiz6QAC","SystemModstamp":"2018-01-18T18:41:12.000Z","LastViewedDate":"2018-01-22T07:56:51.000Z","LastReferencedDate":"2018-01-22T07:56:51.000Z","Client__c":"a047F000002zkUjQAI","End_Customer__c":"tm Test","Operation_Region__c":"tm Test","Work_Region__c":"tm Test","Client_Project_Manag (5 more) ...":"tm Test","Project_code__c":"tm Test","Company_project_code (3 more) ...":"321","Project_Scope__c":"DESIGNING","Production__c":50,"QC__c":20,"Delivery__c":10,"QA__c":20,"OffshoreProjectManag (5 more) ...":"0057F000000TpcqQAC","Team_Lead__c":"0057F000000TyzfQAC","Project_Start_Date__ (1 more) ...":"2017-12-19T00:00:00.000Z","Project_End_Date__c":"2017-12-19T00:00:00.000Z","Units__c":true,"Nodes__c":true,"Footage__c":false,"Miles__c":false,"Jobs__c":false,"Hours__c":false,"Team__c":"Mani Sasank, Santhos (30 more) ..."}|0x35adea2e
00:12:52.0 (83261443)|VARIABLE_ASSIGNMENT|[3]|this.mysObject|{"Id":"a057F000002dVv5QAE","OwnerId":"0057F000000Tiz6QAC","IsDeleted":false,"Name":"tm Test","CreatedDate":"2017-12-19T10:53:33.000Z","CreatedById":"0057F000000Tiz6QAC","LastModifiedDate":"2017-12-19T11:16:32.000Z","LastModifiedById":"0057F000000Tiz6QAC","SystemModstamp":"2018-01-18T18:41:12.000Z","LastViewedDate":"2018-01-22T07:56:51.000Z","LastReferencedDate":"2018-01-22T07:56:51.000Z","Client__c":"a047F000002zkUjQAI","End_Customer__c":"tm Test","Operation_Region__c":"tm Test","Work_Region__c":"tm Test","Client_Project_Manag (5 more) ...":"tm Test","Project_code__c":"tm Test","Company_project_code (3 more) ...":"321","Project_Scope__c":"DESIGNING","Production__c":50,"QC__c":20,"Delivery__c":10,"QA__c":20,"OffshoreProjectManag (5 more) ...":"0057F000000TpcqQAC","Team_Lead__c":"0057F000000TyzfQAC","Project_Start_Date__ (1 more) ...":"2017-12-19T00:00:00.000Z","Project_End_Date__c":"2017-12-19T00:00:00.000Z","Units__c":true,"Nodes__c":true,"Footage__c":false,"Miles__c":false,"Jobs__c":false,"Hours__c":false,"Team__c":"Mani Sasank, Santhos (30 more) ..."}|0x14daf756
00:12:52.0 (83282930)|STATEMENT_EXECUTE|[17]
00:12:52.0 (83332071)|VARIABLE_ASSIGNMENT|[EXTERNAL]|this|{"mysObject":"0x35adea2e","nonSelectedUserId":"(","usersList":"0x712032a6"}|0x14daf756
00:12:52.0 (83401598)|VARIABLE_ASSIGNMENT|[EXTERNAL]|this|{"mysObject":"0x35adea2e","nonSelectedUserId":"(","usersList":"0x712032a6"}|0x14daf756
00:12:52.0 (83410008)|VARIABLE_ASSIGNMENT|[EXTERNAL]|value|"tm Test"
00:12:52.0 (83418174)|VARIABLE_ASSIGNMENT|[4]|this.pName|"tm Test"|0x14daf756
00:12:52.0 (83425479)|STATEMENT_EXECUTE|[19]
00:12:52.0 (83428944)|HEAP_ALLOCATE|[19]|Bytes:86
00:12:52.0 (83448522)|HEAP_ALLOCATE|[19]|Bytes:4
00:12:52.0 (83465130)|HEAP_ALLOCATE|[19]|Bytes:7
00:12:52.0 (83681508)|SOQL_EXECUTE_BEGIN|[19]|Aggregations:0|SELECT Name, UserLink__c FROM ProjectJobAssociation__c WHERE ProjectLink__c = :tmpVar1
00:12:52.0 (86018409)|SOQL_EXECUTE_END|[19]|Rows:5
00:12:52.0 (86036490)|HEAP_ALLOCATE|[19]|Bytes:24
00:12:52.0 (86057765)|HEAP_ALLOCATE|[19]|Bytes:380
00:12:52.0 (86114281)|HEAP_ALLOCATE|[19]|Bytes:24
00:12:52.0 (86128037)|VARIABLE_SCOPE_BEGIN|[19]|pja|List<ProjectJobAssociation__c>|true|false
00:12:52.0 (86155912)|VARIABLE_ASSIGNMENT|[19]|pja|[{"Name":"A-0002","UserLink__c":"0057F000000TpdFQAS","Id":"a087F000009HOLTQA4"},{"Name":"A-0003","UserLink__c":"0057F000000TrBBQA0","Id":"a087F000009HOLUQA4"},{"Name":"A-0004","UserLink__c":"0057F000000TrBGQA0","Id":"a087F000009HOLVQA4"},{"Name":"A-0005","UserLink__c":"0057F000000TrBVQA0","Id":"a087F000009HOLWQA4"},{"Name":"A-0006","UserLink__c":"0057F000000Tz0iQAC","Id":"a087F000009HOLXQA4"}]|0xedc618d
00:12:52.0 (86166182)|STATEMENT_EXECUTE|[20]
00:12:52.0 (86179009)|HEAP_ALLOCATE|[20]|Bytes:4
00:12:52.0 (86243762)|VARIABLE_ASSIGNMENT|[EXTERNAL]|this|{"mysObject":"0x35adea2e","nonSelectedUserId":"(","pName":"tm Test","usersList":"0x712032a6"}|0x14daf756
00:12:52.0 (86268912)|HEAP_ALLOCATE|[EXTERNAL]|Bytes:4
00:12:52.0 (86276250)|VARIABLE_ASSIGNMENT|[EXTERNAL]|value|[]|0x69b92724
00:12:52.0 (86287421)|VARIABLE_ASSIGNMENT|[6]|this.selectedUsers|[]|0x14daf756
00:12:52.0 (86427418)|HEAP_ALLOCATE|[21]|Bytes:5
00:12:52.0 (86442701)|HEAP_ALLOCATE|[21]|Bytes:16
00:12:52.0 (86454047)|VARIABLE_SCOPE_BEGIN|[21]|spja|ProjectJobAssociation__c|true|false
00:12:52.0 (86467679)|VARIABLE_ASSIGNMENT|[21]|spja|{"Name":"A-0002","UserLink__c":"0057F000000TpdFQAS","Id":"a087F000009HOLTQA4"}|0x2f25848c
00:12:52.0 (86473877)|STATEMENT_EXECUTE|[21]
00:12:52.0 (86475332)|STATEMENT_EXECUTE|[22]
00:12:52.0 (86478355)|HEAP_ALLOCATE|[22]|Bytes:45
00:12:52.0 (86489277)|HEAP_ALLOCATE|[22]|Bytes:4
00:12:52.0 (86651674)|SOQL_EXECUTE_BEGIN|[22]|Aggregations:0|SELECT Id, Name FROM User WHERE Id = :tmpVar1
00:12:52.0 (89792725)|SOQL_EXECUTE_END|[22]|Rows:1
00:12:52.0 (89809538)|HEAP_ALLOCATE|[22]|Bytes:8
00:12:52.0 (89821152)|HEAP_ALLOCATE|[22]|Bytes:48
00:12:52.0 (89868991)|HEAP_ALLOCATE|[22]|Bytes:8
00:12:52.0 (89880113)|HEAP_ALLOCATE|[22]|Bytes:30
00:12:52.0 (89906672)|HEAP_ALLOCATE|[22]|Bytes:12
00:12:52.0 (89912806)|VARIABLE_SCOPE_BEGIN|[22]|user1|User|true|false
00:12:52.0 (89928902)|VARIABLE_ASSIGNMENT|[22]|user1|{"Id":"0057F000000TpdFQAS","Name":"Mani Sasank"}|0x3aeed2bc
00:12:52.0 (89934465)|STATEMENT_EXECUTE|[23]
00:12:52.0 (90003559)|HEAP_ALLOCATE|[23]|Bytes:18
00:12:52.0 (90019510)|HEAP_ALLOCATE|[23]|Bytes:19
00:12:52.0 (90023235)|HEAP_ALLOCATE|[23]|Bytes:20
00:12:52.0 (90033249)|VARIABLE_ASSIGNMENT|[23]|this.nonSelectedUserId|"(0057F000000TpdFQAS,"|0x14daf756
00:12:52.0 (90038175)|STATEMENT_EXECUTE|[24]
00:12:52.0 (90081797)|VARIABLE_ASSIGNMENT|[EXTERNAL]|this|{"mysObject":"0x35adea2e","nonSelectedUserId":"(0057F000000TpdFQAS,","pName":"tm Test","selectedUsers":"0x69b92724","usersList":"0x712032a6"}|0x14daf756
00:12:52.0 (90106519)|HEAP_ALLOCATE|[24]|Bytes:18
00:12:52.0 (90155146)|HEAP_ALLOCATE|[EXTERNAL]|Bytes:4
00:12:52.0 (90171763)|HEAP_ALLOCATE|[21]|Bytes:5
00:12:52.0 (90182743)|HEAP_ALLOCATE|[21]|Bytes:16
00:12:52.0 (90189177)|VARIABLE_SCOPE_BEGIN|[21]|spja|ProjectJobAssociation__c|true|false
00:12:52.0 (90202060)|VARIABLE_ASSIGNMENT|[21]|spja|{"Name":"A-0003","UserLink__c":"0057F000000TrBBQA0","Id":"a087F000009HOLUQA4"}|0x25b360f3
00:12:52.0 (90207689)|STATEMENT_EXECUTE|[21]
00:12:52.0 (90208952)|STATEMENT_EXECUTE|[22]
00:12:52.0 (90218249)|HEAP_ALLOCATE|[22]|Bytes:4
00:12:52.0 (90335882)|SOQL_EXECUTE_BEGIN|[22]|Aggregations:0|SELECT Id, Name FROM User WHERE Id = :tmpVar1
00:12:52.0 (92874900)|SOQL_EXECUTE_END|[22]|Rows:1
00:12:52.0 (92891162)|HEAP_ALLOCATE|[22]|Bytes:8
00:12:52.0 (92902333)|HEAP_ALLOCATE|[22]|Bytes:45
00:12:52.0 (92928530)|HEAP_ALLOCATE|[22]|Bytes:8
00:12:52.0 (92943947)|HEAP_ALLOCATE|[22]|Bytes:12
00:12:52.0 (92950166)|VARIABLE_SCOPE_BEGIN|[22]|user1|User|true|false
00:12:52.0 (92965682)|VARIABLE_ASSIGNMENT|[22]|user1|{"Id":"0057F000000TrBBQA0","Name":"Santhosh"}|0x5874a910
00:12:52.0 (92971626)|STATEMENT_EXECUTE|[23]
00:12:52.0 (92994699)|HEAP_ALLOCATE|[23]|Bytes:18
00:12:52.0 (93005642)|HEAP_ALLOCATE|[23]|Bytes:19
00:12:52.0 (93009731)|HEAP_ALLOCATE|[23]|Bytes:39
00:12:52.0 (93019930)|VARIABLE_ASSIGNMENT|[23]|this.nonSelectedUserId|"(0057F000000TpdFQAS, (19 more) ..."|0x14daf756
00:12:52.0 (93025266)|STATEMENT_EXECUTE|[24]
00:12:52.0 (93051463)|VARIABLE_ASSIGNMENT|[EXTERNAL]|this|{"mysObject":"0x35adea2e","nonSelectedUserId":"(0057F000000TpdFQAS, (19 more) ...","pName":"tm Test","selectedUsers":"0x69b92724","usersList":"0x712032a6"}|0x14daf756
00:12:52.0 (93069310)|HEAP_ALLOCATE|[24]|Bytes:18
00:12:52.0 (93083494)|HEAP_ALLOCATE|[EXTERNAL]|Bytes:4
00:12:52.0 (93096707)|HEAP_ALLOCATE|[21]|Bytes:5
00:12:52.0 (93107340)|HEAP_ALLOCATE|[21]|Bytes:16
00:12:52.0 (93113363)|VARIABLE_SCOPE_BEGIN|[21]|spja|ProjectJobAssociation__c|true|false
00:12:52.0 (93125792)|VARIABLE_ASSIGNMENT|[21]|spja|{"Name":"A-0004","UserLink__c":"0057F000000TrBGQA0","Id":"a087F000009HOLVQA4"}|0x3ad69bd0
00:12:52.0 (93130624)|STATEMENT_EXECUTE|[21]
00:12:52.0 (93131596)|STATEMENT_EXECUTE|[22]
00:12:52.0 (93140588)|HEAP_ALLOCATE|[22]|Bytes:4
00:12:52.0 (93257566)|SOQL_EXECUTE_BEGIN|[22]|Aggregations:0|SELECT Id, Name FROM User WHERE Id = :tmpVar1
00:12:52.0 (95793725)|SOQL_EXECUTE_END|[22]|Rows:1
00:12:52.0 (95810000)|HEAP_ALLOCATE|[22]|Bytes:8
00:12:52.0 (95821239)|HEAP_ALLOCATE|[22]|Bytes:46
00:12:52.0 (95847232)|HEAP_ALLOCATE|[22]|Bytes:8
00:12:52.0 (95862144)|HEAP_ALLOCATE|[22]|Bytes:12
00:12:52.0 (95868485)|VARIABLE_SCOPE_BEGIN|[22]|user1|User|true|false
00:12:52.0 (95888409)|VARIABLE_ASSIGNMENT|[22]|user1|{"Id":"0057F000000TrBGQA0","Name":"Ravi teja"}|0x6e32058e
00:12:52.0 (95893640)|STATEMENT_EXECUTE|[23]
00:12:52.0 (95916200)|HEAP_ALLOCATE|[23]|Bytes:18
00:12:52.0 (95927314)|HEAP_ALLOCATE|[23]|Bytes:19
00:12:52.0 (95931072)|HEAP_ALLOCATE|[23]|Bytes:58
00:12:52.0 (95940996)|VARIABLE_ASSIGNMENT|[23]|this.nonSelectedUserId|"(0057F000000TpdFQAS, (38 more) ..."|0x14daf756
00:12:52.0 (95946153)|STATEMENT_EXECUTE|[24]
00:12:52.0 (95972057)|VARIABLE_ASSIGNMENT|[EXTERNAL]|this|{"mysObject":"0x35adea2e","nonSelectedUserId":"(0057F000000TpdFQAS, (38 more) ...","pName":"tm Test","selectedUsers":"0x69b92724","usersList":"0x712032a6"}|0x14daf756
00:12:52.0 (95989317)|HEAP_ALLOCATE|[24]|Bytes:18
00:12:52.0 (96002920)|HEAP_ALLOCATE|[EXTERNAL]|Bytes:4
00:12:52.0 (96017123)|HEAP_ALLOCATE|[21]|Bytes:5
00:12:52.0 (96028292)|HEAP_ALLOCATE|[21]|Bytes:16
00:12:52.0 (96034443)|VARIABLE_SCOPE_BEGIN|[21]|spja|ProjectJobAssociation__c|true|false
00:12:52.0 (96047157)|VARIABLE_ASSIGNMENT|[21]|spja|{"Name":"A-0005","UserLink__c":"0057F000000TrBVQA0","Id":"a087F000009HOLWQA4"}|0x2a848a38
00:12:52.0 (96052104)|STATEMENT_EXECUTE|[21]
00:12:52.0 (96053158)|STATEMENT_EXECUTE|[22]
00:12:52.0 (96062736)|HEAP_ALLOCATE|[22]|Bytes:4
00:12:52.0 (96179890)|SOQL_EXECUTE_BEGIN|[22]|Aggregations:0|SELECT Id, Name FROM User WHERE Id = :tmpVar1
00:12:52.0 (98525347)|SOQL_EXECUTE_END|[22]|Rows:1
00:12:52.0 (98541358)|HEAP_ALLOCATE|[22]|Bytes:8
00:12:52.0 (98552657)|HEAP_ALLOCATE|[22]|Bytes:46
00:12:52.0 (98579018)|HEAP_ALLOCATE|[22]|Bytes:8
00:12:52.0 (98594855)|HEAP_ALLOCATE|[22]|Bytes:12
00:12:52.0 (98601300)|VARIABLE_SCOPE_BEGIN|[22]|user1|User|true|false
00:12:52.0 (98616967)|VARIABLE_ASSIGNMENT|[22]|user1|{"Id":"0057F000000TrBVQA0","Name":"Yashwanth"}|0x6018d069
00:12:52.0 (98622641)|STATEMENT_EXECUTE|[23]
00:12:52.0 (98645176)|HEAP_ALLOCATE|[23]|Bytes:18
00:12:52.0 (98655954)|HEAP_ALLOCATE|[23]|Bytes:19
00:12:52.0 (98659251)|HEAP_ALLOCATE|[23]|Bytes:77
00:12:52.0 (98669021)|VARIABLE_ASSIGNMENT|[23]|this.nonSelectedUserId|"(0057F000000TpdFQAS, (57 more) ..."|0x14daf756
00:12:52.0 (98673882)|STATEMENT_EXECUTE|[24]
00:12:52.0 (98699653)|VARIABLE_ASSIGNMENT|[EXTERNAL]|this|{"mysObject":"0x35adea2e","nonSelectedUserId":"(0057F000000TpdFQAS, (57 more) ...","pName":"tm Test","selectedUsers":"0x69b92724","usersList":"0x712032a6"}|0x14daf756
00:12:52.0 (98716172)|HEAP_ALLOCATE|[24]|Bytes:18
00:12:52.0 (98729772)|HEAP_ALLOCATE|[EXTERNAL]|Bytes:4
00:12:52.0 (98742687)|HEAP_ALLOCATE|[21]|Bytes:5
00:12:52.0 (98753875)|HEAP_ALLOCATE|[21]|Bytes:16
00:12:52.0 (98759750)|VARIABLE_SCOPE_BEGIN|[21]|spja|ProjectJobAssociation__c|true|false
00:12:52.0 (98772838)|VARIABLE_ASSIGNMENT|[21]|spja|{"Name":"A-0006","UserLink__c":"0057F000000Tz0iQAC","Id":"a087F000009HOLXQA4"}|0x29066a00
00:12:52.0 (98777793)|STATEMENT_EXECUTE|[21]
00:12:52.0 (98778839)|STATEMENT_EXECUTE|[22]
00:12:52.0 (98787848)|HEAP_ALLOCATE|[22]|Bytes:4
00:12:52.0 (98903370)|SOQL_EXECUTE_BEGIN|[22]|Aggregations:0|SELECT Id, Name FROM User WHERE Id = :tmpVar1
00:12:52.0 (101304599)|SOQL_EXECUTE_END|[22]|Rows:1
00:12:52.0 (101320697)|HEAP_ALLOCATE|[22]|Bytes:8
00:12:52.0 (101331936)|HEAP_ALLOCATE|[22]|Bytes:42
00:12:52.0 (101357548)|HEAP_ALLOCATE|[22]|Bytes:8
00:12:52.0 (101372494)|HEAP_ALLOCATE|[22]|Bytes:12
00:12:52.0 (101378995)|VARIABLE_SCOPE_BEGIN|[22]|user1|User|true|false
00:12:52.0 (101396353)|VARIABLE_ASSIGNMENT|[22]|user1|{"Id":"0057F000000Tz0iQAC","Name":"Richa"}|0xa9826be
00:12:52.0 (101401678)|STATEMENT_EXECUTE|[23]
00:12:52.0 (101424168)|HEAP_ALLOCATE|[23]|Bytes:18
00:12:52.0 (101456508)|HEAP_ALLOCATE|[23]|Bytes:19
00:12:52.0 (101460629)|HEAP_ALLOCATE|[23]|Bytes:96
00:12:52.0 (101471774)|VARIABLE_ASSIGNMENT|[23]|this.nonSelectedUserId|"(0057F000000TpdFQAS, (76 more) ..."|0x14daf756
00:12:52.0 (101477126)|STATEMENT_EXECUTE|[24]
00:12:52.0 (101503619)|VARIABLE_ASSIGNMENT|[EXTERNAL]|this|{"mysObject":"0x35adea2e","nonSelectedUserId":"(0057F000000TpdFQAS, (76 more) ...","pName":"tm Test","selectedUsers":"0x69b92724","usersList":"0x712032a6"}|0x14daf756
00:12:52.0 (101521025)|HEAP_ALLOCATE|[24]|Bytes:18
00:12:52.0 (101534296)|HEAP_ALLOCATE|[EXTERNAL]|Bytes:4
00:12:52.0 (101547136)|HEAP_ALLOCATE|[21]|Bytes:5
00:12:52.0 (101559255)|VARIABLE_ASSIGNMENT|[21]|spja|null|
00:12:52.0 (101564356)|STATEMENT_EXECUTE|[26]
00:12:52.0 (101612276)|HEAP_ALLOCATE|[26]|Bytes:95
00:12:52.0 (101625398)|VARIABLE_ASSIGNMENT|[26]|this.nonSelectedUserId|"(0057F000000TpdFQAS, (75 more) ..."|0x14daf756
00:12:52.0 (101630355)|STATEMENT_EXECUTE|[27]
00:12:52.0 (101633804)|HEAP_ALLOCATE|[27]|Bytes:1
00:12:52.0 (101640957)|HEAP_ALLOCATE|[27]|Bytes:96
00:12:52.0 (101647091)|VARIABLE_ASSIGNMENT|[27]|this.nonSelectedUserId|"(0057F000000TpdFQAS, (76 more) ..."|0x14daf756
00:12:52.0 (101656101)|SYSTEM_MODE_EXIT|false
00:12:52.0 (101755221)|SYSTEM_MODE_ENTER|true
00:12:52.0 (113855344)|SYSTEM_MODE_ENTER|true
00:12:52.0 (113928789)|HEAP_ALLOCATE|[EXTERNAL]|Bytes:164
00:12:52.0 (113939466)|HEAP_ALLOCATE|[EXTERNAL]|Bytes:12
00:12:52.0 (113955939)|METHOD_ENTRY|[5]|01p7F00000Ehg8E|MultiselectController.MultiselectController()
00:12:52.0 (113965079)|STATEMENT_EXECUTE|[5]
00:12:52.0 (113971012)|STATEMENT_EXECUTE|[5]
00:12:52.0 (113985729)|SYSTEM_MODE_ENTER|false
00:12:52.0 (113995271)|HEAP_ALLOCATE|[EXTERNAL]|Bytes:5
00:12:52.0 (114003898)|SYSTEM_MODE_EXIT|false
00:12:52.0 (114013873)|METHOD_EXIT|[5]|MultiselectController
00:12:52.0 (114031883)|HEAP_ALLOCATE|[EXTERNAL]|Bytes:20
00:12:52.0 (114038471)|VARIABLE_SCOPE_BEGIN|[5]|this|MultiselectController|true|false
00:12:52.0 (114078664)|VARIABLE_ASSIGNMENT|[5]|this|{}|0x1afce80d
00:12:52.0 (114093255)|SYSTEM_MODE_ENTER|false
00:12:52.0 (114097993)|HEAP_ALLOCATE|[EXTERNAL]|Bytes:5
00:12:52.0 (114123517)|SYSTEM_MODE_EXIT|false
00:12:52.0 (114127361)|STATEMENT_EXECUTE|[5]
00:12:52.0 (114132780)|SYSTEM_MODE_ENTER|false
00:12:52.0 (114136374)|HEAP_ALLOCATE|[EXTERNAL]|Bytes:5
00:12:52.0 (114139486)|STATEMENT_EXECUTE|[7]
00:12:52.0 (114140698)|STATEMENT_EXECUTE|[8]
00:12:52.0 (114141724)|STATEMENT_EXECUTE|[23]
00:12:52.0 (114143188)|STATEMENT_EXECUTE|[31]
00:12:52.0 (114144770)|SYSTEM_MODE_EXIT|false
00:12:52.0 (114276593)|SYSTEM_MODE_ENTER|true
00:12:52.0 (114314068)|HEAP_ALLOCATE|[EXTERNAL]|Bytes:24
00:12:52.0 (114402610)|VARIABLE_SCOPE_BEGIN|[30]|this|PM_Project_Edit_Controller|true|false
00:12:52.0 (114436169)|VARIABLE_ASSIGNMENT|[30]|this|{"mysObject":"0x35adea2e","nonSelectedUserId":"(0057F000000TpdFQAS, (76 more) ...","pName":"tm Test","selectedUsers":"0x69b92724","usersList":"0x712032a6"}|0x14daf756
00:12:52.0 (114455274)|SYSTEM_MODE_ENTER|false
00:12:52.0 (114461580)|HEAP_ALLOCATE|[31]|Bytes:5
00:12:52.0 (114465742)|STATEMENT_EXECUTE|[30]
00:12:52.0 (114466877)|STATEMENT_EXECUTE|[31]
00:12:52.0 (114469966)|HEAP_ALLOCATE|[31]|Bytes:62
00:12:52.0 (114485972)|HEAP_ALLOCATE|[31]|Bytes:4
00:12:52.0 (114637794)|SOQL_EXECUTE_BEGIN|[31]|Aggregations:0|SELECT Id, Name FROM UserRole WHERE Name = 'Software Engineer'
00:12:52.0 (125522357)|SOQL_EXECUTE_END|[31]|Rows:1
00:12:52.0 (125543288)|HEAP_ALLOCATE|[31]|Bytes:8
00:12:52.0 (125559484)|HEAP_ALLOCATE|[31]|Bytes:54
00:12:52.0 (125637948)|HEAP_ALLOCATE|[31]|Bytes:8
00:12:52.0 (125651248)|HEAP_ALLOCATE|[31]|Bytes:34
00:12:52.0 (125696346)|HEAP_ALLOCATE|[31]|Bytes:12
00:12:52.0 (125704515)|VARIABLE_SCOPE_BEGIN|[31]|userRole|UserRole|true|false
00:12:52.0 (125723691)|VARIABLE_ASSIGNMENT|[31]|userRole|{"Id":"00E7F000000MdriUAC","Name":"Software Engineer"}|0x375083f3
00:12:52.0 (125729776)|STATEMENT_EXECUTE|[32]
00:12:52.0 (125754188)|VARIABLE_SCOPE_BEGIN|[32]|userRoleId|Id|false|false
00:12:52.0 (125895741)|VARIABLE_ASSIGNMENT|[32]|userRoleId|"00E7F000000MdriUAC"
00:12:52.0 (125901308)|STATEMENT_EXECUTE|[33]
00:12:52.0 (125904489)|HEAP_ALLOCATE|[33]|Bytes:70
00:12:52.0 (125922626)|HEAP_ALLOCATE|[33]|Bytes:166
00:12:52.0 (126241288)|EXCEPTION_THROWN|[33]|System.QueryException: expecting a right parentheses, found 'F000000TpdFQAS'
00:12:52.0 (126341625)|HEAP_ALLOCATE|[33]|Bytes:57
00:12:52.0 (126359580)|SYSTEM_MODE_EXIT|false
00:12:52.0 (126446937)|FATAL_ERROR|System.QueryException: expecting a right parentheses, found 'F000000TpdFQAS'

Class.PM_Project_Edit_Controller.getUsersList: line 33, column 1
