41.0 APEX_CODE,FINEST;APEX_PROFILING,INFO;CALLOUT,INFO;DB,INFO;SYSTEM,DEBUG;VALIDATION,INFO;VISUALFORCE,INFO;WAVE,INFO;WORKFLOW,INFO
Execute Anonymous: List<Project__c> p = [select Id from Project__c];
Execute Anonymous: Delete p;
04:28:18.1 (1149334)|USER_INFO|[EXTERNAL]|0057F000000Tiz6|ksb994@salesforce.com|Pacific Standard Time|GMT-08:00
04:28:18.1 (1177563)|EXECUTION_STARTED
04:28:18.1 (1181196)|CODE_UNIT_STARTED|[EXTERNAL]|execute_anonymous_apex
04:28:18.1 (1335349)|VARIABLE_SCOPE_BEGIN|[1]|p|List<Project__c>|true|false
04:28:18.1 (1451610)|HEAP_ALLOCATE|[72]|Bytes:3
04:28:18.1 (1484184)|HEAP_ALLOCATE|[77]|Bytes:152
04:28:18.1 (1504576)|HEAP_ALLOCATE|[342]|Bytes:408
04:28:18.1 (1527354)|HEAP_ALLOCATE|[355]|Bytes:408
04:28:18.1 (1549659)|HEAP_ALLOCATE|[467]|Bytes:48
04:28:18.1 (1591089)|HEAP_ALLOCATE|[139]|Bytes:6
04:28:18.1 (1615107)|HEAP_ALLOCATE|[EXTERNAL]|Bytes:3
04:28:18.1 (1722040)|STATEMENT_EXECUTE|[1]
04:28:18.1 (1725001)|STATEMENT_EXECUTE|[1]
04:28:18.1 (1728741)|HEAP_ALLOCATE|[1]|Bytes:25
04:28:18.1 (1746600)|HEAP_ALLOCATE|[1]|Bytes:4
04:28:18.1 (1790224)|HEAP_ALLOCATE|[50]|Bytes:5
04:28:18.1 (1816239)|HEAP_ALLOCATE|[56]|Bytes:5
04:28:18.1 (1826509)|HEAP_ALLOCATE|[64]|Bytes:7
04:28:18.1 (1964324)|SOQL_EXECUTE_BEGIN|[1]|Aggregations:0|SELECT Id FROM Project__c
04:28:18.1 (21039005)|SOQL_EXECUTE_END|[1]|Rows:4
04:28:18.1 (21068265)|HEAP_ALLOCATE|[1]|Bytes:20
04:28:18.1 (21090550)|HEAP_ALLOCATE|[1]|Bytes:116
04:28:18.1 (21137172)|HEAP_ALLOCATE|[1]|Bytes:20
04:28:18.1 (21196029)|VARIABLE_ASSIGNMENT|[1]|p|[{"Id":"a057F0000039VqhQAE"},{"Id":"a057F0000039VqrQAE"},{"Id":"a057F0000039VuUQAU"},{"Id":"a057F0000039Vv8QAE"}]|0x5f3a80ec
04:28:18.1 (21210624)|STATEMENT_EXECUTE|[2]
04:28:18.1 (21279230)|DML_BEGIN|[2]|Op:Delete|Type:Project__c|Rows:4
04:28:18.1 (21313078)|HEAP_ALLOCATE|[EXTERNAL]|Bytes:20
04:28:18.1 (158712265)|DML_END|[2]
04:28:18.1 (158770025)|HEAP_ALLOCATE|[EXTERNAL]|Bytes:20
04:28:18.163 (163746049)|CUMULATIVE_LIMIT_USAGE
04:28:18.163 (163746049)|LIMIT_USAGE_FOR_NS|(default)|
  Number of SOQL queries: 1 out of 100
  Number of query rows: 4 out of 50000
  Number of SOSL queries: 0 out of 20
  Number of DML statements: 1 out of 150
  Number of DML rows: 4 out of 10000
  Maximum CPU time: 0 out of 10000
  Maximum heap size: 0 out of 6000000
  Number of callouts: 0 out of 100
  Number of Email Invocations: 0 out of 10
  Number of future calls: 0 out of 50
  Number of queueable jobs added to the queue: 0 out of 50
  Number of Mobile Apex push calls: 0 out of 10

04:28:18.163 (163746049)|CUMULATIVE_LIMIT_USAGE_END

04:28:18.1 (163781640)|CODE_UNIT_FINISHED|execute_anonymous_apex
04:28:18.1 (164553399)|EXECUTION_FINISHED
