36.0 APEX_CODE,FINEST;APEX_PROFILING,INFO;CALLOUT,INFO;DB,INFO;SYSTEM,DEBUG;VALIDATION,INFO;VISUALFORCE,INFO;WAVE,INFO;WORKFLOW,INFO
02:36:15.0 (330560)|USER_INFO|[EXTERNAL]|0057F000000Tiz6|ksb994@salesforce.com|Pacific Standard Time|GMT-08:00
02:36:15.0 (365456)|EXECUTION_STARTED
02:36:15.0 (369060)|CODE_UNIT_STARTED|[EXTERNAL]|0667F000004uJm5|VF: /apex/PM_Project_New
02:36:15.0 (1001550)|VF_DESERIALIZE_VIEWSTATE_BEGIN|0667F000004uJm5
02:36:15.0 (8579442)|HEAP_ALLOCATE|[72]|Bytes:3
02:36:15.0 (8623135)|HEAP_ALLOCATE|[77]|Bytes:152
02:36:15.0 (8636698)|HEAP_ALLOCATE|[342]|Bytes:408
02:36:15.0 (8651209)|HEAP_ALLOCATE|[355]|Bytes:408
02:36:15.0 (8665313)|HEAP_ALLOCATE|[467]|Bytes:48
02:36:15.0 (8690715)|HEAP_ALLOCATE|[139]|Bytes:6
02:36:15.0 (14303779)|VF_DESERIALIZE_VIEWSTATE_END
02:36:15.20 (20605529)|SYSTEM_MODE_ENTER|true
02:36:15.20 (20707148)|HEAP_ALLOCATE|[EXTERNAL]|Bytes:38
02:36:15.20 (20727000)|HEAP_ALLOCATE|[EXTERNAL]|Bytes:7
02:36:15.20 (20746039)|SYSTEM_METHOD_ENTRY|[1]|PageMessagesComponentController.PageMessagesComponentController()
02:36:15.20 (20754006)|STATEMENT_EXECUTE|[1]
02:36:15.22 (22065260)|SYSTEM_MODE_ENTER|true
02:36:15.22 (22151923)|HEAP_ALLOCATE|[EXTERNAL]|Bytes:8
02:36:15.22 (22166654)|VARIABLE_SCOPE_BEGIN|[88]|this|ApexPage.PageMessagesComponentController|true|false
02:36:15.22 (22218147)|VARIABLE_ASSIGNMENT|[88]|this|{}|0x6f921ee6
02:36:15.22 (22230285)|VARIABLE_SCOPE_BEGIN|[88]|escape|Boolean|false|false
02:36:15.22 (22242489)|VARIABLE_ASSIGNMENT|[88]|escape|null
02:36:15.0 (43691293)|SYSTEM_MODE_ENTER|true
02:36:15.0 (43737411)|HEAP_ALLOCATE|[EXTERNAL]|Bytes:164
02:36:15.0 (43750002)|HEAP_ALLOCATE|[EXTERNAL]|Bytes:12
02:36:15.0 (43761666)|METHOD_ENTRY|[5]|01p7F00000Ehg8E|MultiselectController.MultiselectController()
02:36:15.0 (43766993)|STATEMENT_EXECUTE|[5]
02:36:15.0 (43772648)|STATEMENT_EXECUTE|[5]
02:36:15.0 (43786280)|SYSTEM_MODE_ENTER|false
02:36:15.0 (43796347)|HEAP_ALLOCATE|[EXTERNAL]|Bytes:5
02:36:15.0 (43806279)|SYSTEM_MODE_EXIT|false
02:36:15.0 (43815086)|METHOD_EXIT|[5]|MultiselectController
02:36:15.0 (43974512)|SYSTEM_MODE_ENTER|true
02:36:15.0 (44256072)|SYSTEM_MODE_ENTER|true
02:36:15.0 (44488122)|HEAP_ALLOCATE|[EXTERNAL]|Bytes:92
02:36:15.0 (44497659)|HEAP_ALLOCATE|[EXTERNAL]|Bytes:13
02:36:15.0 (44505558)|METHOD_ENTRY|[1]|01p7F00000EhPEd|Project_PM_Controller.Project_PM_Controller()
02:36:15.0 (44509841)|STATEMENT_EXECUTE|[1]
02:36:15.0 (44513110)|STATEMENT_EXECUTE|[1]
02:36:15.0 (44525509)|SYSTEM_MODE_ENTER|false
02:36:15.0 (44532446)|HEAP_ALLOCATE|[EXTERNAL]|Bytes:5
02:36:15.0 (44538842)|SYSTEM_MODE_EXIT|false
02:36:15.0 (44544832)|METHOD_EXIT|[1]|Project_PM_Controller
02:36:15.0 (44557864)|HEAP_ALLOCATE|[EXTERNAL]|Bytes:24
02:36:15.0 (44566536)|VARIABLE_SCOPE_BEGIN|[16]|this|Project_PM_Controller|true|false
02:36:15.0 (44776159)|VARIABLE_ASSIGNMENT|[16]|this|{"controller":"StandardController [[Project__c (]]","project":"0x7e9e8dff","saveAndNew":1,"selectedUsers":"0x1ec8460e","usersList":"0x3880d5b4"}|0x1f146326
02:36:15.0 (44804014)|SYSTEM_MODE_ENTER|false
02:36:15.0 (44810958)|HEAP_ALLOCATE|[17]|Bytes:5
02:36:15.0 (44815899)|STATEMENT_EXECUTE|[16]
02:36:15.0 (44817320)|STATEMENT_EXECUTE|[17]
02:36:15.0 (44821916)|HEAP_ALLOCATE|[17]|Bytes:62
02:36:15.0 (44846796)|HEAP_ALLOCATE|[17]|Bytes:4
02:36:15.0 (46037661)|SOQL_EXECUTE_BEGIN|[17]|Aggregations:0|SELECT Id, Name FROM User WHERE UserRoleId = '00E7F000000Mdri'
02:36:15.0 (50469516)|SOQL_EXECUTE_END|[17]|Rows:6
02:36:15.0 (50495016)|HEAP_ALLOCATE|[17]|Bytes:28
02:36:15.0 (50517154)|HEAP_ALLOCATE|[17]|Bytes:271
02:36:15.0 (50600757)|HEAP_ALLOCATE|[17]|Bytes:28
02:36:15.0 (50618686)|VARIABLE_SCOPE_BEGIN|[17]|users|List<User>|true|false
02:36:15.0 (50639130)|VARIABLE_ASSIGNMENT|[17]|users|"List of size 6 too large to display"|0x3ec6ebec
02:36:15.0 (50805148)|HEAP_ALLOCATE|[18]|Bytes:5
02:36:15.0 (50824624)|HEAP_ALLOCATE|[18]|Bytes:12
02:36:15.0 (50834430)|VARIABLE_SCOPE_BEGIN|[18]|usr|User|true|false
02:36:15.0 (50852912)|VARIABLE_ASSIGNMENT|[18]|usr|{"Id":"0057F000000TpdFQAS","Name":"Mani Sasank"}|0x10b799a5
02:36:15.0 (50859946)|STATEMENT_EXECUTE|[18]
02:36:15.0 (50861431)|STATEMENT_EXECUTE|[19]
02:36:15.0 (50909540)|HEAP_ALLOCATE|[19]|Bytes:18
02:36:15.0 (50983694)|HEAP_ALLOCATE|[EXTERNAL]|Bytes:4
02:36:15.0 (51001962)|HEAP_ALLOCATE|[18]|Bytes:5
02:36:15.0 (51013219)|HEAP_ALLOCATE|[18]|Bytes:12
02:36:15.0 (51019133)|VARIABLE_SCOPE_BEGIN|[18]|usr|User|true|false
02:36:15.0 (51033080)|VARIABLE_ASSIGNMENT|[18]|usr|{"Id":"0057F000000TrBBQA0","Name":"Santhosh"}|0x2f7bc2e2
02:36:15.0 (51038919)|STATEMENT_EXECUTE|[18]
02:36:15.0 (51040187)|STATEMENT_EXECUTE|[19]
02:36:15.0 (51050418)|HEAP_ALLOCATE|[19]|Bytes:18
02:36:15.0 (51063868)|HEAP_ALLOCATE|[EXTERNAL]|Bytes:4
02:36:15.0 (51074839)|HEAP_ALLOCATE|[18]|Bytes:5
02:36:15.0 (51082768)|HEAP_ALLOCATE|[18]|Bytes:12
02:36:15.0 (51087390)|VARIABLE_SCOPE_BEGIN|[18]|usr|User|true|false
02:36:15.0 (51098525)|VARIABLE_ASSIGNMENT|[18]|usr|{"Id":"0057F000000TrBGQA0","Name":"Ravi teja"}|0x6c202fff
02:36:15.0 (51103900)|STATEMENT_EXECUTE|[18]
02:36:15.0 (51105074)|STATEMENT_EXECUTE|[19]
02:36:15.0 (51111296)|HEAP_ALLOCATE|[19]|Bytes:18
02:36:15.0 (51121281)|HEAP_ALLOCATE|[EXTERNAL]|Bytes:4
02:36:15.0 (51130737)|HEAP_ALLOCATE|[18]|Bytes:5
02:36:15.0 (51137802)|HEAP_ALLOCATE|[18]|Bytes:12
02:36:15.0 (51142033)|VARIABLE_SCOPE_BEGIN|[18]|usr|User|true|false
02:36:15.0 (51152056)|VARIABLE_ASSIGNMENT|[18]|usr|{"Id":"0057F000000TrBVQA0","Name":"Yashwanth"}|0x5ff8c22a
02:36:15.0 (51156657)|STATEMENT_EXECUTE|[18]
02:36:15.0 (51157696)|STATEMENT_EXECUTE|[19]
02:36:15.0 (51163111)|HEAP_ALLOCATE|[19]|Bytes:18
02:36:15.0 (51171470)|HEAP_ALLOCATE|[EXTERNAL]|Bytes:4
02:36:15.0 (51179590)|HEAP_ALLOCATE|[18]|Bytes:5
02:36:15.0 (51186444)|HEAP_ALLOCATE|[18]|Bytes:12
02:36:15.0 (51190655)|VARIABLE_SCOPE_BEGIN|[18]|usr|User|true|false
02:36:15.0 (51199871)|VARIABLE_ASSIGNMENT|[18]|usr|{"Id":"0057F000000Tz0iQAC","Name":"Richa"}|0x73ae02c1
02:36:15.0 (51204196)|STATEMENT_EXECUTE|[18]
02:36:15.0 (51205543)|STATEMENT_EXECUTE|[19]
02:36:15.0 (51210839)|HEAP_ALLOCATE|[19]|Bytes:18
02:36:15.0 (51219142)|HEAP_ALLOCATE|[EXTERNAL]|Bytes:4
02:36:15.0 (51227153)|HEAP_ALLOCATE|[18]|Bytes:5
02:36:15.0 (51234081)|HEAP_ALLOCATE|[18]|Bytes:12
02:36:15.0 (51237891)|VARIABLE_SCOPE_BEGIN|[18]|usr|User|true|false
02:36:15.0 (51247079)|VARIABLE_ASSIGNMENT|[18]|usr|{"Id":"0057F000000Tz0sQAC","Name":"Veeresh"}|0x2b3b284
02:36:15.0 (51251535)|STATEMENT_EXECUTE|[18]
02:36:15.0 (51252554)|STATEMENT_EXECUTE|[19]
02:36:15.0 (51257894)|HEAP_ALLOCATE|[19]|Bytes:18
02:36:15.0 (51266408)|HEAP_ALLOCATE|[EXTERNAL]|Bytes:4
02:36:15.0 (51274892)|HEAP_ALLOCATE|[18]|Bytes:5
02:36:15.0 (51282601)|VARIABLE_ASSIGNMENT|[18]|usr|null|
02:36:15.0 (51291032)|STATEMENT_EXECUTE|[21]
02:36:15.0 (51298912)|SYSTEM_MODE_EXIT|false
02:36:15.0 (51445606)|SYSTEM_MODE_ENTER|true
02:36:15.0 (51501642)|HEAP_ALLOCATE|[EXTERNAL]|Bytes:52
02:36:15.0 (51512873)|HEAP_ALLOCATE|[EXTERNAL]|Bytes:20
02:36:15.0 (51527530)|VARIABLE_ASSIGNMENT|[EXTERNAL]|this.leftOptions|"List of size 12 too large to display"|0x413cea40
02:36:15.0 (51643246)|SYSTEM_MODE_ENTER|true
02:36:15.0 (51704428)|SYSTEM_MODE_ENTER|true
02:36:15.0 (51732801)|HEAP_ALLOCATE|[EXTERNAL]|Bytes:4
02:36:15.0 (51737515)|HEAP_ALLOCATE|[EXTERNAL]|Bytes:20
02:36:15.0 (51746513)|VARIABLE_ASSIGNMENT|[EXTERNAL]|this.rightOptions|[]|0x413cea40
02:36:15.0 (66492939)|SYSTEM_MODE_ENTER|true
02:36:15.0 (66650397)|SYSTEM_MODE_ENTER|true
02:36:15.69 (69957681)|SYSTEM_MODE_ENTER|true
02:36:15.69 (70025736)|HEAP_ALLOCATE|[EXTERNAL]|Bytes:8
02:36:15.69 (70040061)|VARIABLE_SCOPE_BEGIN|[88]|this|ApexPage.PageMessagesComponentController|true|false
02:36:15.69 (70095885)|VARIABLE_ASSIGNMENT|[88]|this|{}|0x6f921ee6
02:36:15.69 (70108628)|VARIABLE_SCOPE_BEGIN|[88]|escape|Boolean|false|false
02:36:15.69 (70120489)|VARIABLE_ASSIGNMENT|[88]|escape|null
02:36:15.70 (70434400)|HEAP_ALLOCATE|[EXTERNAL]|Bytes:-4
02:36:15.71 (71560742)|HEAP_ALLOCATE|[EXTERNAL]|Bytes:-4
02:36:15.71 (71757204)|HEAP_ALLOCATE|[EXTERNAL]|Bytes:-4
02:36:15.0 (72872055)|SYSTEM_MODE_ENTER|true
02:36:15.0 (72938992)|HEAP_ALLOCATE|[EXTERNAL]|Bytes:20
02:36:15.0 (72948182)|HEAP_ALLOCATE|[EXTERNAL]|Bytes:113
02:36:15.0 (73007684)|VARIABLE_ASSIGNMENT|[EXTERNAL]|this|{"leftOptions":"0x3880d5b4","rightOptions":"0x1ec8460e"}|0x413cea40
02:36:15.0 (73024431)|VARIABLE_ASSIGNMENT|[EXTERNAL]|value|"0057F000000TpdFQAS&M (93 more) ..."
02:36:15.0 (73058763)|SYSTEM_MODE_ENTER|false
02:36:15.0 (73069630)|HEAP_ALLOCATE|[24]|Bytes:5
02:36:15.0 (73076369)|STATEMENT_EXECUTE|[23]
02:36:15.0 (73078179)|STATEMENT_EXECUTE|[24]
02:36:15.0 (73089545)|VARIABLE_ASSIGNMENT|[24]|this.leftOptionsHidden|"0057F000000TpdFQAS&M (93 more) ..."|0x413cea40
02:36:15.0 (73095098)|STATEMENT_EXECUTE|[25]
02:36:15.0 (73195990)|VARIABLE_ASSIGNMENT|[EXTERNAL]|this|{"leftOptions":"0x3880d5b4","leftOptionsHidden":"0057F000000TpdFQAS&M (93 more) ...","rightOptions":"0x1ec8460e"}|0x413cea40
02:36:15.0 (73246372)|METHOD_ENTRY|[25]|01p7F00000Ehg8E|MultiselectController.setOptions(List<System.SelectOption>, String)
02:36:15.0 (73256318)|VARIABLE_SCOPE_BEGIN|[12]|this|MultiselectController|true|false
02:36:15.0 (73287078)|VARIABLE_ASSIGNMENT|[12]|this|{"leftOptions":"0x3880d5b4","leftOptionsHidden":"0057F000000TpdFQAS&M (93 more) ...","rightOptions":"0x1ec8460e"}|0x413cea40
02:36:15.0 (73295528)|VARIABLE_SCOPE_BEGIN|[12]|options|List<System.SelectOption>|true|false
02:36:15.0 (73307876)|VARIABLE_ASSIGNMENT|[12]|options|"List of size 12 too large to display"|0x3880d5b4
02:36:15.0 (73312964)|VARIABLE_SCOPE_BEGIN|[12]|value|String|false|false
02:36:15.0 (73319980)|VARIABLE_ASSIGNMENT|[12]|value|"0057F000000TpdFQAS&M (93 more) ..."
02:36:15.0 (73340563)|HEAP_ALLOCATE|[13]|Bytes:5
02:36:15.0 (73345831)|STATEMENT_EXECUTE|[12]
02:36:15.0 (73347102)|STATEMENT_EXECUTE|[13]
02:36:15.0 (73393318)|STATEMENT_EXECUTE|[14]
02:36:15.0 (73397212)|HEAP_ALLOCATE|[14]|Bytes:1
02:36:15.0 (73463757)|HEAP_ALLOCATE|[14]|Bytes:18
02:36:15.0 (73468899)|HEAP_ALLOCATE|[14]|Bytes:13
02:36:15.0 (73471100)|HEAP_ALLOCATE|[14]|Bytes:18
02:36:15.0 (73473237)|HEAP_ALLOCATE|[14]|Bytes:9
02:36:15.0 (73475645)|HEAP_ALLOCATE|[14]|Bytes:18
02:36:15.0 (73477754)|HEAP_ALLOCATE|[14]|Bytes:5
02:36:15.0 (73480142)|HEAP_ALLOCATE|[14]|Bytes:18
02:36:15.0 (73482613)|HEAP_ALLOCATE|[14]|Bytes:7
02:36:15.0 (73485832)|HEAP_ALLOCATE|[14]|Bytes:36
02:36:15.0 (73497829)|VARIABLE_SCOPE_BEGIN|[14]|parts|List<String>|true|false
02:36:15.0 (73527353)|HEAP_ALLOCATE|[EXTERNAL]|Bytes:36
02:36:15.0 (73536435)|VARIABLE_ASSIGNMENT|[14]|parts|"List of size 8 too large to display"|0x6bd1bb0c
02:36:15.0 (73543522)|STATEMENT_EXECUTE|[15]
02:36:15.0 (73549064)|VARIABLE_SCOPE_BEGIN|[15]|i|Integer|false|false
02:36:15.0 (73555930)|HEAP_ALLOCATE|[15]|Bytes:4
02:36:15.0 (73572999)|VARIABLE_ASSIGNMENT|[15]|i|0
02:36:15.0 (73608848)|STATEMENT_EXECUTE|[15]
02:36:15.0 (73610294)|STATEMENT_EXECUTE|[16]
02:36:15.0 (73620912)|HEAP_ALLOCATE|[16]|Bytes:18
02:36:15.0 (73626816)|HEAP_ALLOCATE|[16]|Bytes:5
02:36:15.0 (73684568)|HEAP_ALLOCATE|[16]|Bytes:15
02:36:15.0 (73696990)|SYSTEM_METHOD_ENTRY|[1]|EncodingUtil.EncodingUtil()
02:36:15.0 (73700307)|STATEMENT_EXECUTE|[1]
02:36:15.0 (73707746)|SYSTEM_METHOD_EXIT|[1]|EncodingUtil
02:36:15.0 (73719828)|METHOD_ENTRY|[16]||System.EncodingUtil.urlDecode(String, String)
02:36:15.0 (73771636)|METHOD_EXIT|[16]||System.EncodingUtil.urlDecode(String, String)
02:36:15.0 (73782152)|HEAP_ALLOCATE|[17]|Bytes:13
02:36:15.0 (73794362)|METHOD_ENTRY|[17]||System.EncodingUtil.urlDecode(String, String)
02:36:15.0 (73821278)|METHOD_EXIT|[17]||System.EncodingUtil.urlDecode(String, String)
02:36:15.0 (73851411)|HEAP_ALLOCATE|[EXTERNAL]|Bytes:4
02:36:15.0 (73858028)|HEAP_ALLOCATE|[15]|Bytes:4
02:36:15.0 (73864537)|VARIABLE_ASSIGNMENT|[15]|i|1
02:36:15.0 (73876583)|STATEMENT_EXECUTE|[15]
02:36:15.0 (73877828)|STATEMENT_EXECUTE|[16]
02:36:15.0 (73881981)|HEAP_ALLOCATE|[16]|Bytes:18
02:36:15.0 (73888789)|METHOD_ENTRY|[16]||System.EncodingUtil.urlDecode(String, String)
02:36:15.0 (73906352)|METHOD_EXIT|[16]||System.EncodingUtil.urlDecode(String, String)
02:36:15.0 (73911791)|HEAP_ALLOCATE|[17]|Bytes:9
02:36:15.0 (73916807)|METHOD_ENTRY|[17]||System.EncodingUtil.urlDecode(String, String)
02:36:15.0 (73929750)|METHOD_EXIT|[17]||System.EncodingUtil.urlDecode(String, String)
02:36:15.0 (73937951)|HEAP_ALLOCATE|[EXTERNAL]|Bytes:4
02:36:15.0 (73942617)|HEAP_ALLOCATE|[15]|Bytes:4
02:36:15.0 (73947262)|VARIABLE_ASSIGNMENT|[15]|i|2
02:36:15.0 (73956672)|STATEMENT_EXECUTE|[15]
02:36:15.0 (73957816)|STATEMENT_EXECUTE|[16]
02:36:15.0 (73960802)|HEAP_ALLOCATE|[16]|Bytes:18
02:36:15.0 (73966128)|METHOD_ENTRY|[16]||System.EncodingUtil.urlDecode(String, String)
02:36:15.0 (73980777)|METHOD_EXIT|[16]||System.EncodingUtil.urlDecode(String, String)
02:36:15.0 (73985174)|HEAP_ALLOCATE|[17]|Bytes:5
02:36:15.0 (73989552)|METHOD_ENTRY|[17]||System.EncodingUtil.urlDecode(String, String)
02:36:15.0 (74002301)|METHOD_EXIT|[17]||System.EncodingUtil.urlDecode(String, String)
02:36:15.0 (74009731)|HEAP_ALLOCATE|[EXTERNAL]|Bytes:4
02:36:15.0 (74014325)|HEAP_ALLOCATE|[15]|Bytes:4
02:36:15.0 (74018406)|VARIABLE_ASSIGNMENT|[15]|i|3
02:36:15.0 (74026985)|STATEMENT_EXECUTE|[15]
02:36:15.0 (74028140)|STATEMENT_EXECUTE|[16]
02:36:15.0 (74030896)|HEAP_ALLOCATE|[16]|Bytes:18
02:36:15.0 (74036029)|METHOD_ENTRY|[16]||System.EncodingUtil.urlDecode(String, String)
02:36:15.0 (74050365)|METHOD_EXIT|[16]||System.EncodingUtil.urlDecode(String, String)
02:36:15.0 (74055008)|HEAP_ALLOCATE|[17]|Bytes:7
02:36:15.0 (74071653)|METHOD_ENTRY|[17]||System.EncodingUtil.urlDecode(String, String)
02:36:15.0 (74087914)|METHOD_EXIT|[17]||System.EncodingUtil.urlDecode(String, String)
02:36:15.0 (74095430)|HEAP_ALLOCATE|[EXTERNAL]|Bytes:4
02:36:15.0 (74100090)|HEAP_ALLOCATE|[15]|Bytes:4
02:36:15.0 (74105154)|VARIABLE_ASSIGNMENT|[15]|i|4
02:36:15.0 (74122391)|METHOD_EXIT|[25]|01p7F00000Ehg8E|MultiselectController.setOptions(List<System.SelectOption>, String)
02:36:15.0 (74128783)|SYSTEM_MODE_EXIT|false
02:36:15.0 (74191427)|SYSTEM_MODE_ENTER|true
02:36:15.0 (74236233)|HEAP_ALLOCATE|[EXTERNAL]|Bytes:20
02:36:15.0 (74242107)|HEAP_ALLOCATE|[EXTERNAL]|Bytes:58
02:36:15.0 (74267082)|VARIABLE_ASSIGNMENT|[EXTERNAL]|this|{"leftOptions":"0x3880d5b4","leftOptionsHidden":"0057F000000TpdFQAS&M (93 more) ...","rightOptions":"0x1ec8460e"}|0x413cea40
02:36:15.0 (74277851)|VARIABLE_ASSIGNMENT|[EXTERNAL]|value|"0057F000000TrBBQA0&S (38 more) ..."
02:36:15.0 (74295256)|SYSTEM_MODE_ENTER|false
02:36:15.0 (74302143)|HEAP_ALLOCATE|[32]|Bytes:5
02:36:15.0 (74306346)|STATEMENT_EXECUTE|[31]
02:36:15.0 (74307687)|STATEMENT_EXECUTE|[32]
02:36:15.0 (74316100)|VARIABLE_ASSIGNMENT|[32]|this.rightOptionsHidden|"0057F000000TrBBQA0&S (38 more) ..."|0x413cea40
02:36:15.0 (74321443)|STATEMENT_EXECUTE|[33]
02:36:15.0 (74357133)|VARIABLE_ASSIGNMENT|[EXTERNAL]|this|{"leftOptions":"0x3880d5b4","leftOptionsHidden":"0057F000000TpdFQAS&M (93 more) ...","rightOptions":"0x1ec8460e","rightOptionsHidden":"0057F000000TrBBQA0&S (38 more) ..."}|0x413cea40
02:36:15.0 (74382353)|METHOD_ENTRY|[33]|01p7F00000Ehg8E|MultiselectController.setOptions(List<System.SelectOption>, String)
02:36:15.0 (74388130)|VARIABLE_SCOPE_BEGIN|[12]|this|MultiselectController|true|false
02:36:15.0 (74410767)|VARIABLE_ASSIGNMENT|[12]|this|{"leftOptions":"0x3880d5b4","leftOptionsHidden":"0057F000000TpdFQAS&M (93 more) ...","rightOptions":"0x1ec8460e","rightOptionsHidden":"0057F000000TrBBQA0&S (38 more) ..."}|0x413cea40
02:36:15.0 (74417154)|VARIABLE_SCOPE_BEGIN|[12]|options|List<System.SelectOption>|true|false
02:36:15.0 (74424979)|VARIABLE_ASSIGNMENT|[12]|options|[]|0x1ec8460e
02:36:15.0 (74429551)|VARIABLE_SCOPE_BEGIN|[12]|value|String|false|false
02:36:15.0 (74436169)|VARIABLE_ASSIGNMENT|[12]|value|"0057F000000TrBBQA0&S (38 more) ..."
02:36:15.0 (74451951)|HEAP_ALLOCATE|[13]|Bytes:5
02:36:15.0 (74456708)|STATEMENT_EXECUTE|[12]
02:36:15.0 (74458216)|STATEMENT_EXECUTE|[13]
02:36:15.0 (74466779)|STATEMENT_EXECUTE|[14]
02:36:15.0 (74491082)|HEAP_ALLOCATE|[14]|Bytes:18
02:36:15.0 (74495264)|HEAP_ALLOCATE|[14]|Bytes:8
02:36:15.0 (74497390)|HEAP_ALLOCATE|[14]|Bytes:18
02:36:15.0 (74499492)|HEAP_ALLOCATE|[14]|Bytes:11
02:36:15.0 (74502136)|HEAP_ALLOCATE|[14]|Bytes:20
02:36:15.0 (74511640)|VARIABLE_SCOPE_BEGIN|[14]|parts|List<String>|true|false
02:36:15.0 (74550006)|HEAP_ALLOCATE|[EXTERNAL]|Bytes:20
02:36:15.0 (74566114)|VARIABLE_ASSIGNMENT|[14]|parts|["0057F000000TrBBQA0","Santhosh","0057F000000TrBGQA0","Ravi%20teja"]|0x240b979b
02:36:15.0 (74576721)|STATEMENT_EXECUTE|[15]
02:36:15.0 (74581958)|VARIABLE_SCOPE_BEGIN|[15]|i|Integer|false|false
02:36:15.0 (74592151)|HEAP_ALLOCATE|[15]|Bytes:4
02:36:15.0 (74600145)|VARIABLE_ASSIGNMENT|[15]|i|0
02:36:15.0 (74633038)|STATEMENT_EXECUTE|[15]
02:36:15.0 (74635062)|STATEMENT_EXECUTE|[16]
02:36:15.0 (74641811)|HEAP_ALLOCATE|[16]|Bytes:18
02:36:15.0 (74653398)|METHOD_ENTRY|[16]||System.EncodingUtil.urlDecode(String, String)
02:36:15.0 (74684017)|METHOD_EXIT|[16]||System.EncodingUtil.urlDecode(String, String)
02:36:15.0 (74693061)|HEAP_ALLOCATE|[17]|Bytes:8
02:36:15.0 (74700817)|METHOD_ENTRY|[17]||System.EncodingUtil.urlDecode(String, String)
02:36:15.0 (74725954)|METHOD_EXIT|[17]||System.EncodingUtil.urlDecode(String, String)
02:36:15.0 (74742851)|HEAP_ALLOCATE|[EXTERNAL]|Bytes:4
02:36:15.0 (74753363)|HEAP_ALLOCATE|[15]|Bytes:4
02:36:15.0 (74763057)|VARIABLE_ASSIGNMENT|[15]|i|1
02:36:15.0 (74779615)|STATEMENT_EXECUTE|[15]
02:36:15.0 (74781107)|STATEMENT_EXECUTE|[16]
02:36:15.0 (74785152)|HEAP_ALLOCATE|[16]|Bytes:18
02:36:15.0 (74791956)|METHOD_ENTRY|[16]||System.EncodingUtil.urlDecode(String, String)
02:36:15.0 (74811114)|METHOD_EXIT|[16]||System.EncodingUtil.urlDecode(String, String)
02:36:15.0 (74816258)|HEAP_ALLOCATE|[17]|Bytes:11
02:36:15.0 (74820861)|METHOD_ENTRY|[17]||System.EncodingUtil.urlDecode(String, String)
02:36:15.0 (74861890)|METHOD_EXIT|[17]||System.EncodingUtil.urlDecode(String, String)
02:36:15.0 (74877204)|HEAP_ALLOCATE|[EXTERNAL]|Bytes:4
02:36:15.0 (74883083)|HEAP_ALLOCATE|[15]|Bytes:4
02:36:15.0 (74889195)|VARIABLE_ASSIGNMENT|[15]|i|2
02:36:15.0 (74904369)|METHOD_EXIT|[33]|01p7F00000Ehg8E|MultiselectController.setOptions(List<System.SelectOption>, String)
02:36:15.0 (74910113)|SYSTEM_MODE_EXIT|false
02:36:15.0 (75096978)|SYSTEM_MODE_ENTER|true
02:36:15.0 (75163897)|HEAP_ALLOCATE|[EXTERNAL]|Bytes:20
02:36:15.0 (75172857)|HEAP_ALLOCATE|[EXTERNAL]|Bytes:20
02:36:15.0 (75327484)|VARIABLE_ASSIGNMENT|[EXTERNAL]|this.leftOptions|"common.apex.runtime.impl.ScalarList@ea80fbd6"|0x413cea40
02:36:15.0 (75463903)|SYSTEM_MODE_ENTER|true
02:36:15.0 (75517161)|HEAP_ALLOCATE|[EXTERNAL]|Bytes:12
02:36:15.0 (75525725)|HEAP_ALLOCATE|[EXTERNAL]|Bytes:20
02:36:15.0 (75628941)|VARIABLE_ASSIGNMENT|[EXTERNAL]|this.rightOptions|"common.apex.runtime.impl.ScalarList@90f03246"|0x413cea40
02:36:15.75 (75821821)|HEAP_ALLOCATE|[EXTERNAL]|Bytes:-4
02:36:15.75 (75935647)|HEAP_ALLOCATE|[EXTERNAL]|Bytes:-4
02:36:15.76 (76049635)|HEAP_ALLOCATE|[EXTERNAL]|Bytes:-4
02:36:15.76 (76229206)|HEAP_ALLOCATE|[EXTERNAL]|Bytes:-4
02:36:15.76 (76397219)|HEAP_ALLOCATE|[EXTERNAL]|Bytes:-4
02:36:15.76 (76575756)|HEAP_ALLOCATE|[EXTERNAL]|Bytes:-4
02:36:15.77 (77127173)|HEAP_ALLOCATE|[EXTERNAL]|Bytes:-4
02:36:15.87 (87832092)|SYSTEM_MODE_ENTER|true
02:36:15.87 (87912146)|HEAP_ALLOCATE|[EXTERNAL]|Bytes:8
02:36:15.87 (87937768)|VARIABLE_SCOPE_BEGIN|[88]|this|ApexPage.PageMessagesComponentController|true|false
02:36:15.87 (87983505)|VARIABLE_ASSIGNMENT|[88]|this|{}|0x6f921ee6
02:36:15.87 (87991934)|VARIABLE_SCOPE_BEGIN|[88]|escape|Boolean|false|false
02:36:15.87 (87999371)|VARIABLE_ASSIGNMENT|[88]|escape|null
02:36:15.88 (88115096)|SYSTEM_MODE_ENTER|true
02:36:15.88 (88145996)|HEAP_ALLOCATE|[EXTERNAL]|Bytes:8
02:36:15.88 (88153232)|VARIABLE_SCOPE_BEGIN|[2]|this|ApexPage.PageMessagesComponentController|true|false
02:36:15.88 (88171893)|VARIABLE_ASSIGNMENT|[2]|this|{}|0x6f921ee6
02:36:15.0 (99027745)|SYSTEM_MODE_ENTER|true
02:36:15.0 (99084255)|HEAP_ALLOCATE|[EXTERNAL]|Bytes:24
02:36:15.0 (99098570)|VARIABLE_SCOPE_BEGIN|[16]|this|Project_PM_Controller|true|false
02:36:15.0 (99356013)|VARIABLE_ASSIGNMENT|[16]|this|{"controller":"StandardController [[Project__c (Client__c:a047F000002zkUjQAI, Company_project_code__c:543, Name:654623, Units__c:false, Nodes__c:false, Footage__c:false, Miles__c:false, Jobs__c:false, Hours__c:false, QA__c:100)]]","project":"0x7e9e8dff","saveAndNew":1,"selectedUsers":"0x1ec8460e","usersList":"0x3880d5b4"}|0x1f146326
02:36:15.0 (99394696)|SYSTEM_MODE_ENTER|false
02:36:15.0 (99404336)|HEAP_ALLOCATE|[17]|Bytes:5
02:36:15.0 (99411505)|STATEMENT_EXECUTE|[16]
02:36:15.0 (99413307)|STATEMENT_EXECUTE|[17]
02:36:15.0 (99432281)|HEAP_ALLOCATE|[17]|Bytes:4
02:36:15.0 (99610445)|SOQL_EXECUTE_BEGIN|[17]|Aggregations:0|SELECT Id, Name FROM User WHERE UserRoleId = '00E7F000000Mdri'
02:36:15.0 (105088017)|SOQL_EXECUTE_END|[17]|Rows:6
02:36:15.0 (105125833)|HEAP_ALLOCATE|[17]|Bytes:28
02:36:15.0 (105158166)|HEAP_ALLOCATE|[17]|Bytes:271
02:36:15.0 (105220526)|HEAP_ALLOCATE|[17]|Bytes:28
02:36:15.0 (105248136)|VARIABLE_SCOPE_BEGIN|[17]|users|List<User>|true|false
02:36:15.0 (105279449)|VARIABLE_ASSIGNMENT|[17]|users|"List of size 6 too large to display"|0x282ce46c
02:36:15.0 (105342116)|HEAP_ALLOCATE|[18]|Bytes:5
02:36:15.0 (105372095)|HEAP_ALLOCATE|[18]|Bytes:12
02:36:15.0 (105388836)|VARIABLE_SCOPE_BEGIN|[18]|usr|User|true|false
02:36:15.0 (105415389)|VARIABLE_ASSIGNMENT|[18]|usr|{"Id":"0057F000000TpdFQAS","Name":"Mani Sasank"}|0x7cc223b4
02:36:15.0 (105434720)|STATEMENT_EXECUTE|[18]
02:36:15.0 (105437286)|STATEMENT_EXECUTE|[19]
02:36:15.0 (105468722)|HEAP_ALLOCATE|[19]|Bytes:18
02:36:15.0 (105508709)|HEAP_ALLOCATE|[EXTERNAL]|Bytes:4
02:36:15.0 (105534655)|HEAP_ALLOCATE|[18]|Bytes:5
02:36:15.0 (105554527)|HEAP_ALLOCATE|[18]|Bytes:12
02:36:15.0 (105566860)|VARIABLE_SCOPE_BEGIN|[18]|usr|User|true|false
02:36:15.0 (105588399)|VARIABLE_ASSIGNMENT|[18]|usr|{"Id":"0057F000000TrBBQA0","Name":"Santhosh"}|0x714686a5
02:36:15.0 (105598274)|STATEMENT_EXECUTE|[18]
02:36:15.0 (105600935)|STATEMENT_EXECUTE|[19]
02:36:15.0 (105616493)|HEAP_ALLOCATE|[19]|Bytes:18
02:36:15.0 (105642307)|HEAP_ALLOCATE|[EXTERNAL]|Bytes:4
02:36:15.0 (105663853)|HEAP_ALLOCATE|[18]|Bytes:5
02:36:15.0 (105681636)|HEAP_ALLOCATE|[18]|Bytes:12
02:36:15.0 (105693072)|VARIABLE_SCOPE_BEGIN|[18]|usr|User|true|false
02:36:15.0 (105713366)|VARIABLE_ASSIGNMENT|[18]|usr|{"Id":"0057F000000TrBGQA0","Name":"Ravi teja"}|0x39ff2c17
02:36:15.0 (105722981)|STATEMENT_EXECUTE|[18]
02:36:15.0 (105724858)|STATEMENT_EXECUTE|[19]
02:36:15.0 (105739011)|HEAP_ALLOCATE|[19]|Bytes:18
02:36:15.0 (105763592)|HEAP_ALLOCATE|[EXTERNAL]|Bytes:4
02:36:15.0 (105783837)|HEAP_ALLOCATE|[18]|Bytes:5
02:36:15.0 (105802528)|HEAP_ALLOCATE|[18]|Bytes:12
02:36:15.0 (105812947)|VARIABLE_SCOPE_BEGIN|[18]|usr|User|true|false
02:36:15.0 (105832555)|VARIABLE_ASSIGNMENT|[18]|usr|{"Id":"0057F000000TrBVQA0","Name":"Yashwanth"}|0x606eedbe
02:36:15.0 (105842572)|STATEMENT_EXECUTE|[18]
02:36:15.0 (105844516)|STATEMENT_EXECUTE|[19]
02:36:15.0 (105860280)|HEAP_ALLOCATE|[19]|Bytes:18
02:36:15.0 (105884484)|HEAP_ALLOCATE|[EXTERNAL]|Bytes:4
02:36:15.0 (105905179)|HEAP_ALLOCATE|[18]|Bytes:5
02:36:15.0 (105923231)|HEAP_ALLOCATE|[18]|Bytes:12
02:36:15.0 (105933441)|VARIABLE_SCOPE_BEGIN|[18]|usr|User|true|false
02:36:15.0 (105953311)|VARIABLE_ASSIGNMENT|[18]|usr|{"Id":"0057F000000Tz0iQAC","Name":"Richa"}|0xddcad84
02:36:15.0 (105963385)|STATEMENT_EXECUTE|[18]
02:36:15.0 (105965233)|STATEMENT_EXECUTE|[19]
02:36:15.0 (105978499)|HEAP_ALLOCATE|[19]|Bytes:18
02:36:15.0 (106000447)|HEAP_ALLOCATE|[EXTERNAL]|Bytes:4
02:36:15.0 (106022130)|HEAP_ALLOCATE|[18]|Bytes:5
02:36:15.0 (106039682)|HEAP_ALLOCATE|[18]|Bytes:12
02:36:15.0 (106049110)|VARIABLE_SCOPE_BEGIN|[18]|usr|User|true|false
02:36:15.0 (106068377)|VARIABLE_ASSIGNMENT|[18]|usr|{"Id":"0057F000000Tz0sQAC","Name":"Veeresh"}|0x48ea6134
02:36:15.0 (106078329)|STATEMENT_EXECUTE|[18]
02:36:15.0 (106080140)|STATEMENT_EXECUTE|[19]
02:36:15.0 (106095223)|HEAP_ALLOCATE|[19]|Bytes:18
02:36:15.0 (106119154)|HEAP_ALLOCATE|[EXTERNAL]|Bytes:4
02:36:15.0 (106140317)|HEAP_ALLOCATE|[18]|Bytes:5
02:36:15.0 (106157481)|VARIABLE_ASSIGNMENT|[18]|usr|null|
02:36:15.0 (106166037)|STATEMENT_EXECUTE|[21]
02:36:15.0 (106173920)|SYSTEM_MODE_EXIT|false
02:36:15.0 (106347861)|SYSTEM_MODE_ENTER|true
02:36:15.0 (106433620)|HEAP_ALLOCATE|[EXTERNAL]|Bytes:44
02:36:15.0 (106440912)|HEAP_ALLOCATE|[EXTERNAL]|Bytes:20
02:36:15.0 (106456376)|VARIABLE_ASSIGNMENT|[EXTERNAL]|this.leftOptions|"List of size 10 too large to display"|0x413cea40
02:36:15.0 (106554217)|SYSTEM_MODE_ENTER|true
02:36:15.0 (106614149)|SYSTEM_MODE_ENTER|true
02:36:15.0 (106645446)|HEAP_ALLOCATE|[EXTERNAL]|Bytes:12
02:36:15.0 (106650541)|HEAP_ALLOCATE|[EXTERNAL]|Bytes:20
02:36:15.0 (106772897)|VARIABLE_ASSIGNMENT|[EXTERNAL]|this.rightOptions|"common.apex.runtime.impl.ScalarList@90f03246"|0x413cea40
02:36:15.0 (106891562)|SYSTEM_MODE_ENTER|true
02:36:15.0 (107111706)|SYSTEM_MODE_ENTER|true
02:36:15.123 (123832604)|SYSTEM_MODE_ENTER|true
02:36:15.123 (123948186)|HEAP_ALLOCATE|[EXTERNAL]|Bytes:8
02:36:15.123 (123969683)|VARIABLE_SCOPE_BEGIN|[88]|this|ApexPage.PageMessagesComponentController|true|false
02:36:15.123 (124026545)|VARIABLE_ASSIGNMENT|[88]|this|{}|0x6f921ee6
02:36:15.123 (124040197)|VARIABLE_SCOPE_BEGIN|[88]|escape|Boolean|false|false
02:36:15.123 (124053204)|VARIABLE_ASSIGNMENT|[88]|escape|null
02:36:15.124 (124294224)|SYSTEM_MODE_ENTER|true
02:36:15.124 (124347358)|HEAP_ALLOCATE|[EXTERNAL]|Bytes:8
02:36:15.124 (124359821)|VARIABLE_SCOPE_BEGIN|[2]|this|ApexPage.PageMessagesComponentController|true|false
02:36:15.124 (124391199)|VARIABLE_ASSIGNMENT|[2]|this|{}|0x6f921ee6
02:36:15.0 (136012158)|SYSTEM_MODE_ENTER|true
02:36:15.0 (136096636)|HEAP_ALLOCATE|[EXTERNAL]|Bytes:44
02:36:15.0 (136110784)|HEAP_ALLOCATE|[EXTERNAL]|Bytes:20
02:36:15.0 (136140885)|VARIABLE_ASSIGNMENT|[EXTERNAL]|this.leftOptions|"List of size 10 too large to display"|0x413cea40
02:36:15.0 (136245921)|SYSTEM_MODE_ENTER|true
02:36:15.0 (136299112)|HEAP_ALLOCATE|[EXTERNAL]|Bytes:12
02:36:15.0 (136308383)|HEAP_ALLOCATE|[EXTERNAL]|Bytes:20
02:36:15.0 (136496926)|VARIABLE_ASSIGNMENT|[EXTERNAL]|this.rightOptions|"common.apex.runtime.impl.ScalarList@90f03246"|0x413cea40
02:36:15.0 (137350363)|SYSTEM_MODE_ENTER|true
02:36:15.0 (140181208)|SYSTEM_MODE_ENTER|true
02:36:15.0 (141846593)|SYSTEM_MODE_ENTER|true
02:36:15.0 (142001901)|SYSTEM_MODE_ENTER|true
02:36:15.0 (148840416)|VF_SERIALIZE_VIEWSTATE_BEGIN|0667F000004uJm5
02:36:15.0 (152458409)|VF_SERIALIZE_VIEWSTATE_END
02:36:15.154 (154778189)|CUMULATIVE_LIMIT_USAGE
02:36:15.154 (154778189)|LIMIT_USAGE_FOR_NS|(default)|
  Number of SOQL queries: 2 out of 100
  Number of query rows: 12 out of 50000
  Number of SOSL queries: 0 out of 20
  Number of DML statements: 0 out of 150
  Number of DML rows: 0 out of 10000
  Maximum CPU time: 0 out of 10000
  Maximum heap size: 0 out of 6000000
  Number of callouts: 0 out of 100
  Number of Email Invocations: 0 out of 10
  Number of future calls: 0 out of 50
  Number of queueable jobs added to the queue: 0 out of 50
  Number of Mobile Apex push calls: 0 out of 10

02:36:15.154 (154778189)|CUMULATIVE_LIMIT_USAGE_END

02:36:15.0 (154820226)|CODE_UNIT_FINISHED|VF: /apex/PM_Project_New
02:36:15.0 (155757215)|EXECUTION_FINISHED
