36.0 APEX_CODE,FINEST;APEX_PROFILING,INFO;CALLOUT,INFO;DB,INFO;SYSTEM,DEBUG;VALIDATION,INFO;VISUALFORCE,INFO;WAVE,INFO;WORKFLOW,INFO
03:20:10.0 (309588)|USER_INFO|[EXTERNAL]|0057F000000Tiz6|ksb994@salesforce.com|Pacific Standard Time|GMT-08:00
03:20:10.0 (336571)|EXECUTION_STARTED
03:20:10.0 (339520)|CODE_UNIT_STARTED|[EXTERNAL]|0667F000004uJm5|VF: /apex/PM_Project_New
03:20:10.0 (768540)|VF_DESERIALIZE_VIEWSTATE_BEGIN|0667F000004uJm5
03:20:10.0 (6785607)|HEAP_ALLOCATE|[72]|Bytes:3
03:20:10.0 (6822402)|HEAP_ALLOCATE|[77]|Bytes:152
03:20:10.0 (6836699)|HEAP_ALLOCATE|[342]|Bytes:408
03:20:10.0 (6850968)|HEAP_ALLOCATE|[355]|Bytes:408
03:20:10.0 (6863572)|HEAP_ALLOCATE|[467]|Bytes:48
03:20:10.0 (6888728)|HEAP_ALLOCATE|[139]|Bytes:6
03:20:10.0 (11191026)|VF_DESERIALIZE_VIEWSTATE_END
03:20:10.14 (14931036)|SYSTEM_MODE_ENTER|true
03:20:10.14 (14992368)|HEAP_ALLOCATE|[EXTERNAL]|Bytes:38
03:20:10.14 (15000982)|HEAP_ALLOCATE|[EXTERNAL]|Bytes:7
03:20:10.14 (15010878)|SYSTEM_METHOD_ENTRY|[1]|PageMessagesComponentController.PageMessagesComponentController()
03:20:10.14 (15016344)|STATEMENT_EXECUTE|[1]
03:20:10.15 (15808227)|SYSTEM_MODE_ENTER|true
03:20:10.15 (15853394)|HEAP_ALLOCATE|[EXTERNAL]|Bytes:8
03:20:10.15 (15861358)|VARIABLE_SCOPE_BEGIN|[88]|this|ApexPage.PageMessagesComponentController|true|false
03:20:10.15 (15894176)|VARIABLE_ASSIGNMENT|[88]|this|{}|0x44eb667b
03:20:10.15 (15900824)|VARIABLE_SCOPE_BEGIN|[88]|escape|Boolean|false|false
03:20:10.15 (15908162)|VARIABLE_ASSIGNMENT|[88]|escape|null
03:20:10.0 (26644929)|SYSTEM_MODE_ENTER|true
03:20:10.0 (26676227)|HEAP_ALLOCATE|[EXTERNAL]|Bytes:164
03:20:10.0 (26684556)|HEAP_ALLOCATE|[EXTERNAL]|Bytes:12
03:20:10.0 (26694252)|METHOD_ENTRY|[5]|01p7F00000Ehg8E|MultiselectController.MultiselectController()
03:20:10.0 (26699490)|STATEMENT_EXECUTE|[5]
03:20:10.0 (26703379)|STATEMENT_EXECUTE|[5]
03:20:10.0 (26713858)|SYSTEM_MODE_ENTER|false
03:20:10.0 (26721538)|HEAP_ALLOCATE|[EXTERNAL]|Bytes:5
03:20:10.0 (26729541)|SYSTEM_MODE_EXIT|false
03:20:10.0 (26737087)|METHOD_EXIT|[5]|MultiselectController
03:20:10.0 (26885427)|SYSTEM_MODE_ENTER|true
03:20:10.0 (27140775)|SYSTEM_MODE_ENTER|true
03:20:10.0 (27360008)|HEAP_ALLOCATE|[EXTERNAL]|Bytes:92
03:20:10.0 (27374848)|HEAP_ALLOCATE|[EXTERNAL]|Bytes:13
03:20:10.0 (27385854)|METHOD_ENTRY|[1]|01p7F00000EhPEd|Project_PM_Controller.Project_PM_Controller()
03:20:10.0 (27393049)|STATEMENT_EXECUTE|[1]
03:20:10.0 (27396853)|STATEMENT_EXECUTE|[1]
03:20:10.0 (27412275)|SYSTEM_MODE_ENTER|false
03:20:10.0 (27421024)|HEAP_ALLOCATE|[EXTERNAL]|Bytes:5
03:20:10.0 (27429405)|SYSTEM_MODE_EXIT|false
03:20:10.0 (27437505)|METHOD_EXIT|[1]|Project_PM_Controller
03:20:10.0 (27449510)|HEAP_ALLOCATE|[EXTERNAL]|Bytes:24
03:20:10.0 (27458578)|VARIABLE_SCOPE_BEGIN|[16]|this|Project_PM_Controller|true|false
03:20:10.0 (27743560)|VARIABLE_ASSIGNMENT|[16]|this|{"controller":"StandardController [[Project__c (Client__c:a047F000002zkUjQAI, Company_project_code__c:945612, Name:8945213, Units__c:false, Nodes__c:false, Footage__c:false, Miles__c:false, Jobs__c:false, Hours__c:false, QA__c:100)]]","project":"0x100d6011","saveAndNew":2,"selectedUsers":"0x686e6ba1","usersList":"0x43eaa186"}|0x598edbb4
03:20:10.0 (27775776)|SYSTEM_MODE_ENTER|false
03:20:10.0 (27784505)|HEAP_ALLOCATE|[17]|Bytes:5
03:20:10.0 (27790976)|STATEMENT_EXECUTE|[16]
03:20:10.0 (27792781)|STATEMENT_EXECUTE|[17]
03:20:10.0 (27796913)|HEAP_ALLOCATE|[17]|Bytes:62
03:20:10.0 (27814625)|HEAP_ALLOCATE|[17]|Bytes:4
03:20:10.0 (29134960)|SOQL_EXECUTE_BEGIN|[17]|Aggregations:0|SELECT Id, Name FROM User WHERE UserRoleId = '00E7F000000Mdri'
03:20:10.0 (32976592)|SOQL_EXECUTE_END|[17]|Rows:6
03:20:10.0 (32995081)|HEAP_ALLOCATE|[17]|Bytes:28
03:20:10.0 (33013363)|HEAP_ALLOCATE|[17]|Bytes:271
03:20:10.0 (33070958)|HEAP_ALLOCATE|[17]|Bytes:28
03:20:10.0 (33084695)|VARIABLE_SCOPE_BEGIN|[17]|users|List<User>|true|false
03:20:10.0 (33102902)|VARIABLE_ASSIGNMENT|[17]|users|"List of size 6 too large to display"|0xbba1d18
03:20:10.0 (33238148)|HEAP_ALLOCATE|[18]|Bytes:5
03:20:10.0 (33256365)|HEAP_ALLOCATE|[18]|Bytes:12
03:20:10.0 (33264974)|VARIABLE_SCOPE_BEGIN|[18]|usr|User|true|false
03:20:10.0 (33281143)|VARIABLE_ASSIGNMENT|[18]|usr|{"Id":"0057F000000TpdFQAS","Name":"Mani Sasank"}|0x18827faf
03:20:10.0 (33288093)|STATEMENT_EXECUTE|[18]
03:20:10.0 (33289441)|STATEMENT_EXECUTE|[19]
03:20:10.0 (33329689)|HEAP_ALLOCATE|[19]|Bytes:18
03:20:10.0 (33388995)|HEAP_ALLOCATE|[EXTERNAL]|Bytes:4
03:20:10.0 (33404151)|HEAP_ALLOCATE|[18]|Bytes:5
03:20:10.0 (33413913)|HEAP_ALLOCATE|[18]|Bytes:12
03:20:10.0 (33420446)|VARIABLE_SCOPE_BEGIN|[18]|usr|User|true|false
03:20:10.0 (33432845)|VARIABLE_ASSIGNMENT|[18]|usr|{"Id":"0057F000000TrBBQA0","Name":"Santhosh"}|0x55f7c875
03:20:10.0 (33438207)|STATEMENT_EXECUTE|[18]
03:20:10.0 (33439293)|STATEMENT_EXECUTE|[19]
03:20:10.0 (33447861)|HEAP_ALLOCATE|[19]|Bytes:18
03:20:10.0 (33459188)|HEAP_ALLOCATE|[EXTERNAL]|Bytes:4
03:20:10.0 (33468586)|HEAP_ALLOCATE|[18]|Bytes:5
03:20:10.0 (33476667)|HEAP_ALLOCATE|[18]|Bytes:12
03:20:10.0 (33482421)|VARIABLE_SCOPE_BEGIN|[18]|usr|User|true|false
03:20:10.0 (33492556)|VARIABLE_ASSIGNMENT|[18]|usr|{"Id":"0057F000000TrBGQA0","Name":"Ravi teja"}|0x1f8e9e0f
03:20:10.0 (33497964)|STATEMENT_EXECUTE|[18]
03:20:10.0 (33498972)|STATEMENT_EXECUTE|[19]
03:20:10.0 (33504667)|HEAP_ALLOCATE|[19]|Bytes:18
03:20:10.0 (33513554)|HEAP_ALLOCATE|[EXTERNAL]|Bytes:4
03:20:10.0 (33521934)|HEAP_ALLOCATE|[18]|Bytes:5
03:20:10.0 (33528998)|HEAP_ALLOCATE|[18]|Bytes:12
03:20:10.0 (33533470)|VARIABLE_SCOPE_BEGIN|[18]|usr|User|true|false
03:20:10.0 (33542295)|VARIABLE_ASSIGNMENT|[18]|usr|{"Id":"0057F000000TrBVQA0","Name":"Yashwanth"}|0x31b515f3
03:20:10.0 (33546986)|STATEMENT_EXECUTE|[18]
03:20:10.0 (33547938)|STATEMENT_EXECUTE|[19]
03:20:10.0 (33552799)|HEAP_ALLOCATE|[19]|Bytes:18
03:20:10.0 (33561165)|HEAP_ALLOCATE|[EXTERNAL]|Bytes:4
03:20:10.0 (33569011)|HEAP_ALLOCATE|[18]|Bytes:5
03:20:10.0 (33576202)|HEAP_ALLOCATE|[18]|Bytes:12
03:20:10.0 (33580528)|VARIABLE_SCOPE_BEGIN|[18]|usr|User|true|false
03:20:10.0 (33589671)|VARIABLE_ASSIGNMENT|[18]|usr|{"Id":"0057F000000Tz0iQAC","Name":"Richa"}|0x3a416b6d
03:20:10.0 (33594328)|STATEMENT_EXECUTE|[18]
03:20:10.0 (33595313)|STATEMENT_EXECUTE|[19]
03:20:10.0 (33599839)|HEAP_ALLOCATE|[19]|Bytes:18
03:20:10.0 (33607929)|HEAP_ALLOCATE|[EXTERNAL]|Bytes:4
03:20:10.0 (33615465)|HEAP_ALLOCATE|[18]|Bytes:5
03:20:10.0 (33622506)|HEAP_ALLOCATE|[18]|Bytes:12
03:20:10.0 (33627055)|VARIABLE_SCOPE_BEGIN|[18]|usr|User|true|false
03:20:10.0 (33635695)|VARIABLE_ASSIGNMENT|[18]|usr|{"Id":"0057F000000Tz0sQAC","Name":"Veeresh"}|0x519ea830
03:20:10.0 (33640814)|STATEMENT_EXECUTE|[18]
03:20:10.0 (33641792)|STATEMENT_EXECUTE|[19]
03:20:10.0 (33646218)|HEAP_ALLOCATE|[19]|Bytes:18
03:20:10.0 (33654383)|HEAP_ALLOCATE|[EXTERNAL]|Bytes:4
03:20:10.0 (33662257)|HEAP_ALLOCATE|[18]|Bytes:5
03:20:10.0 (33671064)|VARIABLE_ASSIGNMENT|[18]|usr|null|
03:20:10.0 (33675948)|STATEMENT_EXECUTE|[21]
03:20:10.0 (33681628)|SYSTEM_MODE_EXIT|false
03:20:10.0 (33783411)|SYSTEM_MODE_ENTER|true
03:20:10.0 (33833458)|HEAP_ALLOCATE|[EXTERNAL]|Bytes:64
03:20:10.0 (33841975)|HEAP_ALLOCATE|[EXTERNAL]|Bytes:20
03:20:10.0 (33853725)|VARIABLE_ASSIGNMENT|[EXTERNAL]|this.leftOptions|"List of size 15 too large to display"|0x398255b7
03:20:10.0 (33933855)|SYSTEM_MODE_ENTER|true
03:20:10.0 (33992547)|SYSTEM_MODE_ENTER|true
03:20:10.0 (34023620)|HEAP_ALLOCATE|[EXTERNAL]|Bytes:16
03:20:10.0 (34029079)|HEAP_ALLOCATE|[EXTERNAL]|Bytes:20
03:20:10.0 (34116628)|VARIABLE_ASSIGNMENT|[EXTERNAL]|this.rightOptions|"common.apex.runtime.impl.ScalarList@1d5243c9"|0x398255b7
03:20:10.0 (41268264)|SYSTEM_MODE_ENTER|true
03:20:10.0 (41339278)|SYSTEM_MODE_ENTER|true
03:20:10.42 (42792701)|SYSTEM_MODE_ENTER|true
03:20:10.42 (42853173)|HEAP_ALLOCATE|[EXTERNAL]|Bytes:8
03:20:10.42 (42865625)|VARIABLE_SCOPE_BEGIN|[88]|this|ApexPage.PageMessagesComponentController|true|false
03:20:10.42 (42896831)|VARIABLE_ASSIGNMENT|[88]|this|{}|0x44eb667b
03:20:10.42 (42903518)|VARIABLE_SCOPE_BEGIN|[88]|escape|Boolean|false|false
03:20:10.42 (42910931)|VARIABLE_ASSIGNMENT|[88]|escape|null
03:20:10.0 (43985948)|SYSTEM_MODE_ENTER|true
03:20:10.0 (44049723)|HEAP_ALLOCATE|[EXTERNAL]|Bytes:20
03:20:10.0 (44058290)|HEAP_ALLOCATE|[EXTERNAL]|Bytes:87
03:20:10.0 (44096643)|VARIABLE_ASSIGNMENT|[EXTERNAL]|this|{"leftOptions":"0x43eaa186","leftOptionsHidden":"0057F000000TpdFQAS&M (67 more) ...","rightOptions":"0x686e6ba1","rightOptionsHidden":"0057F000000TrBGQA0&R (64 more) ..."}|0x398255b7
03:20:10.0 (44108649)|VARIABLE_ASSIGNMENT|[EXTERNAL]|value|"0057F000000TpdFQAS&M (67 more) ..."
03:20:10.0 (44126966)|SYSTEM_MODE_ENTER|false
03:20:10.0 (44139635)|HEAP_ALLOCATE|[24]|Bytes:5
03:20:10.0 (44145871)|STATEMENT_EXECUTE|[23]
03:20:10.0 (44148149)|STATEMENT_EXECUTE|[24]
03:20:10.0 (44162496)|VARIABLE_ASSIGNMENT|[24]|this.leftOptionsHidden|"0057F000000TpdFQAS&M (67 more) ..."|0x398255b7
03:20:10.0 (44168007)|STATEMENT_EXECUTE|[25]
03:20:10.0 (44232984)|VARIABLE_ASSIGNMENT|[EXTERNAL]|this|{"leftOptions":"0x43eaa186","leftOptionsHidden":"0057F000000TpdFQAS&M (67 more) ...","rightOptions":"0x686e6ba1","rightOptionsHidden":"0057F000000TrBGQA0&R (64 more) ..."}|0x398255b7
03:20:10.0 (44267836)|METHOD_ENTRY|[25]|01p7F00000Ehg8E|MultiselectController.setOptions(List<System.SelectOption>, String)
03:20:10.0 (44276597)|VARIABLE_SCOPE_BEGIN|[12]|this|MultiselectController|true|false
03:20:10.0 (44293681)|VARIABLE_ASSIGNMENT|[12]|this|{"leftOptions":"0x43eaa186","leftOptionsHidden":"0057F000000TpdFQAS&M (67 more) ...","rightOptions":"0x686e6ba1","rightOptionsHidden":"0057F000000TrBGQA0&R (64 more) ..."}|0x398255b7
03:20:10.0 (44300812)|VARIABLE_SCOPE_BEGIN|[12]|options|List<System.SelectOption>|true|false
03:20:10.0 (44312100)|VARIABLE_ASSIGNMENT|[12]|options|"List of size 15 too large to display"|0x43eaa186
03:20:10.0 (44317034)|VARIABLE_SCOPE_BEGIN|[12]|value|String|false|false
03:20:10.0 (44323888)|VARIABLE_ASSIGNMENT|[12]|value|"0057F000000TpdFQAS&M (67 more) ..."
03:20:10.0 (44337278)|HEAP_ALLOCATE|[13]|Bytes:5
03:20:10.0 (44341641)|STATEMENT_EXECUTE|[12]
03:20:10.0 (44343138)|STATEMENT_EXECUTE|[13]
03:20:10.0 (44374964)|STATEMENT_EXECUTE|[14]
03:20:10.0 (44379042)|HEAP_ALLOCATE|[14]|Bytes:1
03:20:10.0 (44454161)|HEAP_ALLOCATE|[14]|Bytes:18
03:20:10.0 (44460472)|HEAP_ALLOCATE|[14]|Bytes:13
03:20:10.0 (44462622)|HEAP_ALLOCATE|[14]|Bytes:18
03:20:10.0 (44465064)|HEAP_ALLOCATE|[14]|Bytes:8
03:20:10.0 (44467306)|HEAP_ALLOCATE|[14]|Bytes:18
03:20:10.0 (44469430)|HEAP_ALLOCATE|[14]|Bytes:7
03:20:10.0 (44473235)|HEAP_ALLOCATE|[14]|Bytes:28
03:20:10.0 (44485335)|VARIABLE_SCOPE_BEGIN|[14]|parts|List<String>|true|false
03:20:10.0 (44516592)|HEAP_ALLOCATE|[EXTERNAL]|Bytes:28
03:20:10.0 (44526409)|VARIABLE_ASSIGNMENT|[14]|parts|"List of size 6 too large to display"|0x2f691eea
03:20:10.0 (44533257)|STATEMENT_EXECUTE|[15]
03:20:10.0 (44538708)|VARIABLE_SCOPE_BEGIN|[15]|i|Integer|false|false
03:20:10.0 (44546797)|HEAP_ALLOCATE|[15]|Bytes:4
03:20:10.0 (44552707)|VARIABLE_ASSIGNMENT|[15]|i|0
03:20:10.0 (44583303)|STATEMENT_EXECUTE|[15]
03:20:10.0 (44584581)|STATEMENT_EXECUTE|[16]
03:20:10.0 (44597899)|HEAP_ALLOCATE|[16]|Bytes:18
03:20:10.0 (44603797)|HEAP_ALLOCATE|[16]|Bytes:5
03:20:10.0 (44666376)|HEAP_ALLOCATE|[16]|Bytes:15
03:20:10.0 (44679785)|SYSTEM_METHOD_ENTRY|[1]|EncodingUtil.EncodingUtil()
03:20:10.0 (44683242)|STATEMENT_EXECUTE|[1]
03:20:10.0 (44691627)|SYSTEM_METHOD_EXIT|[1]|EncodingUtil
03:20:10.0 (44703714)|METHOD_ENTRY|[16]||System.EncodingUtil.urlDecode(String, String)
03:20:10.0 (44752543)|METHOD_EXIT|[16]||System.EncodingUtil.urlDecode(String, String)
03:20:10.0 (44762774)|HEAP_ALLOCATE|[17]|Bytes:13
03:20:10.0 (44770191)|METHOD_ENTRY|[17]||System.EncodingUtil.urlDecode(String, String)
03:20:10.0 (44815269)|METHOD_EXIT|[17]||System.EncodingUtil.urlDecode(String, String)
03:20:10.0 (44845748)|HEAP_ALLOCATE|[EXTERNAL]|Bytes:4
03:20:10.0 (44852952)|HEAP_ALLOCATE|[15]|Bytes:4
03:20:10.0 (44859307)|VARIABLE_ASSIGNMENT|[15]|i|1
03:20:10.0 (44869698)|STATEMENT_EXECUTE|[15]
03:20:10.0 (44870871)|STATEMENT_EXECUTE|[16]
03:20:10.0 (44874987)|HEAP_ALLOCATE|[16]|Bytes:18
03:20:10.0 (44881201)|METHOD_ENTRY|[16]||System.EncodingUtil.urlDecode(String, String)
03:20:10.0 (44896304)|METHOD_EXIT|[16]||System.EncodingUtil.urlDecode(String, String)
03:20:10.0 (44901158)|HEAP_ALLOCATE|[17]|Bytes:8
03:20:10.0 (44906638)|METHOD_ENTRY|[17]||System.EncodingUtil.urlDecode(String, String)
03:20:10.0 (44918392)|METHOD_EXIT|[17]||System.EncodingUtil.urlDecode(String, String)
03:20:10.0 (44925632)|HEAP_ALLOCATE|[EXTERNAL]|Bytes:4
03:20:10.0 (44929753)|HEAP_ALLOCATE|[15]|Bytes:4
03:20:10.0 (44933775)|VARIABLE_ASSIGNMENT|[15]|i|2
03:20:10.0 (44942602)|STATEMENT_EXECUTE|[15]
03:20:10.0 (44943686)|STATEMENT_EXECUTE|[16]
03:20:10.0 (44946647)|HEAP_ALLOCATE|[16]|Bytes:18
03:20:10.0 (44951206)|METHOD_ENTRY|[16]||System.EncodingUtil.urlDecode(String, String)
03:20:10.0 (44966680)|METHOD_EXIT|[16]||System.EncodingUtil.urlDecode(String, String)
03:20:10.0 (44974531)|HEAP_ALLOCATE|[17]|Bytes:7
03:20:10.0 (44979196)|METHOD_ENTRY|[17]||System.EncodingUtil.urlDecode(String, String)
03:20:10.0 (44991221)|METHOD_EXIT|[17]||System.EncodingUtil.urlDecode(String, String)
03:20:10.0 (44998024)|HEAP_ALLOCATE|[EXTERNAL]|Bytes:4
03:20:10.0 (45002563)|HEAP_ALLOCATE|[15]|Bytes:4
03:20:10.0 (45007919)|VARIABLE_ASSIGNMENT|[15]|i|3
03:20:10.0 (45024919)|METHOD_EXIT|[25]|01p7F00000Ehg8E|MultiselectController.setOptions(List<System.SelectOption>, String)
03:20:10.0 (45031114)|SYSTEM_MODE_EXIT|false
03:20:10.0 (45087204)|SYSTEM_MODE_ENTER|true
03:20:10.0 (45126465)|HEAP_ALLOCATE|[EXTERNAL]|Bytes:20
03:20:10.0 (45131834)|HEAP_ALLOCATE|[EXTERNAL]|Bytes:84
03:20:10.0 (45160117)|VARIABLE_ASSIGNMENT|[EXTERNAL]|this|{"leftOptions":"0x43eaa186","leftOptionsHidden":"0057F000000TpdFQAS&M (67 more) ...","rightOptions":"0x686e6ba1","rightOptionsHidden":"0057F000000TrBGQA0&R (64 more) ..."}|0x398255b7
03:20:10.0 (45170805)|VARIABLE_ASSIGNMENT|[EXTERNAL]|value|"0057F000000TrBGQA0&R (64 more) ..."
03:20:10.0 (45184208)|SYSTEM_MODE_ENTER|false
03:20:10.0 (45190607)|HEAP_ALLOCATE|[32]|Bytes:5
03:20:10.0 (45194797)|STATEMENT_EXECUTE|[31]
03:20:10.0 (45195972)|STATEMENT_EXECUTE|[32]
03:20:10.0 (45203340)|VARIABLE_ASSIGNMENT|[32]|this.rightOptionsHidden|"0057F000000TrBGQA0&R (64 more) ..."|0x398255b7
03:20:10.0 (45207888)|STATEMENT_EXECUTE|[33]
03:20:10.0 (45237581)|VARIABLE_ASSIGNMENT|[EXTERNAL]|this|{"leftOptions":"0x43eaa186","leftOptionsHidden":"0057F000000TpdFQAS&M (67 more) ...","rightOptions":"0x686e6ba1","rightOptionsHidden":"0057F000000TrBGQA0&R (64 more) ..."}|0x398255b7
03:20:10.0 (45254844)|METHOD_ENTRY|[33]|01p7F00000Ehg8E|MultiselectController.setOptions(List<System.SelectOption>, String)
03:20:10.0 (45260007)|VARIABLE_SCOPE_BEGIN|[12]|this|MultiselectController|true|false
03:20:10.0 (45274719)|VARIABLE_ASSIGNMENT|[12]|this|{"leftOptions":"0x43eaa186","leftOptionsHidden":"0057F000000TpdFQAS&M (67 more) ...","rightOptions":"0x686e6ba1","rightOptionsHidden":"0057F000000TrBGQA0&R (64 more) ..."}|0x398255b7
03:20:10.0 (45280838)|VARIABLE_SCOPE_BEGIN|[12]|options|List<System.SelectOption>|true|false
03:20:10.0 (45407185)|VARIABLE_ASSIGNMENT|[12]|options|"common.apex.runtime.impl.ScalarList@1d5243c9"|0x686e6ba1
03:20:10.0 (45414370)|VARIABLE_SCOPE_BEGIN|[12]|value|String|false|false
03:20:10.0 (45422302)|VARIABLE_ASSIGNMENT|[12]|value|"0057F000000TrBGQA0&R (64 more) ..."
03:20:10.0 (45437159)|HEAP_ALLOCATE|[13]|Bytes:5
03:20:10.0 (45441171)|STATEMENT_EXECUTE|[12]
03:20:10.0 (45442227)|STATEMENT_EXECUTE|[13]
03:20:10.0 (45450981)|STATEMENT_EXECUTE|[14]
03:20:10.0 (45473972)|HEAP_ALLOCATE|[14]|Bytes:18
03:20:10.0 (45478253)|HEAP_ALLOCATE|[14]|Bytes:11
03:20:10.0 (45481047)|HEAP_ALLOCATE|[14]|Bytes:18
03:20:10.0 (45483158)|HEAP_ALLOCATE|[14]|Bytes:9
03:20:10.0 (45485155)|HEAP_ALLOCATE|[14]|Bytes:18
03:20:10.0 (45487506)|HEAP_ALLOCATE|[14]|Bytes:5
03:20:10.0 (45490030)|HEAP_ALLOCATE|[14]|Bytes:28
03:20:10.0 (45498822)|VARIABLE_SCOPE_BEGIN|[14]|parts|List<String>|true|false
03:20:10.0 (45519130)|HEAP_ALLOCATE|[EXTERNAL]|Bytes:28
03:20:10.0 (45527112)|VARIABLE_ASSIGNMENT|[14]|parts|"List of size 6 too large to display"|0x627f1cf5
03:20:10.0 (45533184)|STATEMENT_EXECUTE|[15]
03:20:10.0 (45535960)|VARIABLE_SCOPE_BEGIN|[15]|i|Integer|false|false
03:20:10.0 (45542038)|HEAP_ALLOCATE|[15]|Bytes:4
03:20:10.0 (45546496)|VARIABLE_ASSIGNMENT|[15]|i|0
03:20:10.0 (45557577)|STATEMENT_EXECUTE|[15]
03:20:10.0 (45558658)|STATEMENT_EXECUTE|[16]
03:20:10.0 (45563565)|HEAP_ALLOCATE|[16]|Bytes:18
03:20:10.0 (45571008)|METHOD_ENTRY|[16]||System.EncodingUtil.urlDecode(String, String)
03:20:10.0 (45591030)|METHOD_EXIT|[16]||System.EncodingUtil.urlDecode(String, String)
03:20:10.0 (45596282)|HEAP_ALLOCATE|[17]|Bytes:11
03:20:10.0 (45601514)|METHOD_ENTRY|[17]||System.EncodingUtil.urlDecode(String, String)
03:20:10.0 (45615014)|METHOD_EXIT|[17]||System.EncodingUtil.urlDecode(String, String)
03:20:10.0 (45623927)|HEAP_ALLOCATE|[EXTERNAL]|Bytes:4
03:20:10.0 (45629196)|HEAP_ALLOCATE|[15]|Bytes:4
03:20:10.0 (45633649)|VARIABLE_ASSIGNMENT|[15]|i|1
03:20:10.0 (45642636)|STATEMENT_EXECUTE|[15]
03:20:10.0 (45643727)|STATEMENT_EXECUTE|[16]
03:20:10.0 (45647135)|HEAP_ALLOCATE|[16]|Bytes:18
03:20:10.0 (45652074)|METHOD_ENTRY|[16]||System.EncodingUtil.urlDecode(String, String)
03:20:10.0 (45666199)|METHOD_EXIT|[16]||System.EncodingUtil.urlDecode(String, String)
03:20:10.0 (45670546)|HEAP_ALLOCATE|[17]|Bytes:9
03:20:10.0 (45674886)|METHOD_ENTRY|[17]||System.EncodingUtil.urlDecode(String, String)
03:20:10.0 (45686220)|METHOD_EXIT|[17]||System.EncodingUtil.urlDecode(String, String)
03:20:10.0 (45693385)|HEAP_ALLOCATE|[EXTERNAL]|Bytes:4
03:20:10.0 (45697518)|HEAP_ALLOCATE|[15]|Bytes:4
03:20:10.0 (45701099)|VARIABLE_ASSIGNMENT|[15]|i|2
03:20:10.0 (45708746)|STATEMENT_EXECUTE|[15]
03:20:10.0 (45709852)|STATEMENT_EXECUTE|[16]
03:20:10.0 (45712684)|HEAP_ALLOCATE|[16]|Bytes:18
03:20:10.0 (45717793)|METHOD_ENTRY|[16]||System.EncodingUtil.urlDecode(String, String)
03:20:10.0 (45731245)|METHOD_EXIT|[16]||System.EncodingUtil.urlDecode(String, String)
03:20:10.0 (45736730)|HEAP_ALLOCATE|[17]|Bytes:5
03:20:10.0 (45740903)|METHOD_ENTRY|[17]||System.EncodingUtil.urlDecode(String, String)
03:20:10.0 (45754438)|METHOD_EXIT|[17]||System.EncodingUtil.urlDecode(String, String)
03:20:10.0 (45760670)|HEAP_ALLOCATE|[EXTERNAL]|Bytes:4
03:20:10.0 (45765265)|HEAP_ALLOCATE|[15]|Bytes:4
03:20:10.0 (45769379)|VARIABLE_ASSIGNMENT|[15]|i|3
03:20:10.0 (45782072)|METHOD_EXIT|[33]|01p7F00000Ehg8E|MultiselectController.setOptions(List<System.SelectOption>, String)
03:20:10.0 (45787336)|SYSTEM_MODE_EXIT|false
03:20:10.0 (45894146)|SYSTEM_MODE_ENTER|true
03:20:10.0 (45937068)|HEAP_ALLOCATE|[EXTERNAL]|Bytes:16
03:20:10.0 (45942074)|HEAP_ALLOCATE|[EXTERNAL]|Bytes:20
03:20:10.0 (46013338)|VARIABLE_ASSIGNMENT|[EXTERNAL]|this.leftOptions|"common.apex.runtime.impl.ScalarList@ab0f4d2b"|0x398255b7
03:20:10.0 (46093067)|SYSTEM_MODE_ENTER|true
03:20:10.0 (46123392)|HEAP_ALLOCATE|[EXTERNAL]|Bytes:16
03:20:10.0 (46128415)|HEAP_ALLOCATE|[EXTERNAL]|Bytes:20
03:20:10.0 (46191789)|VARIABLE_ASSIGNMENT|[EXTERNAL]|this.rightOptions|"common.apex.runtime.impl.ScalarList@1d5243c9"|0x398255b7
03:20:10.0 (47067613)|HEAP_ALLOCATE|[EXTERNAL]|Bytes:24
03:20:10.0 (47080469)|VARIABLE_SCOPE_BEGIN|[79]|this|Project_PM_Controller|true|false
03:20:10.0 (47212314)|VARIABLE_ASSIGNMENT|[79]|this|{"controller":"StandardController [[Project__c (Client__c:a047F000002zkUjQAI, Company_project_code__c:945612, Name:8945213, Units__c:false, Nodes__c:false, Footage__c:false, Miles__c:false, Jobs__c:false, Hours__c:false, QA__c:100)]]","project":"0x100d6011","saveAndNew":2,"selectedUsers":"0x686e6ba1","usersList":"0x43eaa186"}|0x598edbb4
03:20:10.0 (47233781)|SYSTEM_MODE_ENTER|false
03:20:10.0 (47240838)|HEAP_ALLOCATE|[80]|Bytes:5
03:20:10.0 (47246193)|STATEMENT_EXECUTE|[79]
03:20:10.0 (47247353)|STATEMENT_EXECUTE|[80]
03:20:10.0 (47250444)|HEAP_ALLOCATE|[80]|Bytes:4
03:20:10.0 (47259610)|VARIABLE_ASSIGNMENT|[80]|this.saveAndNew|2|0x598edbb4
03:20:10.0 (47265456)|STATEMENT_EXECUTE|[81]
03:20:10.0 (47279068)|METHOD_ENTRY|[81]|01p7F00000EhPEd|Project_PM_Controller.customSave()
03:20:10.0 (47301049)|VARIABLE_SCOPE_BEGIN|[24]|this|Project_PM_Controller|true|false
03:20:10.0 (47387080)|VARIABLE_ASSIGNMENT|[24]|this|{"controller":"StandardController [[Project__c (Client__c:a047F000002zkUjQAI, Company_project_code__c:945612, Name:8945213, Units__c:false, Nodes__c:false, Footage__c:false, Miles__c:false, Jobs__c:false, Hours__c:false, QA__c:100)]]","project":"0x100d6011","saveAndNew":2,"selectedUsers":"0x686e6ba1","usersList":"0x43eaa186"}|0x598edbb4
03:20:10.0 (47407127)|HEAP_ALLOCATE|[25]|Bytes:5
03:20:10.0 (47412458)|STATEMENT_EXECUTE|[24]
03:20:10.0 (47413595)|STATEMENT_EXECUTE|[25]
03:20:10.0 (47448362)|HEAP_ALLOCATE|[25]|Bytes:4
03:20:10.0 (47546028)|VARIABLE_SCOPE_BEGIN|[25]|newProject|Project__c|true|false
03:20:10.0 (47562699)|VARIABLE_ASSIGNMENT|[25]|newProject|{}|0x21e7a8fa
03:20:10.0 (47569015)|STATEMENT_EXECUTE|[26]
03:20:10.0 (47662708)|VARIABLE_ASSIGNMENT|[26]|this.Client__c|"a047F000002zkUjQAI"|0x21e7a8fa
03:20:10.0 (47670032)|STATEMENT_EXECUTE|[27]
03:20:10.0 (47693194)|VARIABLE_ASSIGNMENT|[27]|this.End_Customer__c|null|0x21e7a8fa
03:20:10.0 (47699192)|STATEMENT_EXECUTE|[28]
03:20:10.0 (47714187)|VARIABLE_ASSIGNMENT|[28]|this.Operation_Region__c|null|0x21e7a8fa
03:20:10.0 (47719659)|STATEMENT_EXECUTE|[29]
03:20:10.0 (47733378)|VARIABLE_ASSIGNMENT|[29]|this.Work_Region__c|null|0x21e7a8fa
03:20:10.0 (47739041)|STATEMENT_EXECUTE|[30]
03:20:10.0 (47752499)|VARIABLE_ASSIGNMENT|[30]|this.Client_Project_Manager__c|null|0x21e7a8fa
03:20:10.0 (47757357)|STATEMENT_EXECUTE|[31]
03:20:10.0 (47770691)|VARIABLE_ASSIGNMENT|[31]|this.Project_code__c|null|0x21e7a8fa
03:20:10.0 (47775130)|STATEMENT_EXECUTE|[32]
03:20:10.0 (47794097)|VARIABLE_ASSIGNMENT|[32]|this.Company_project_code__c|"945612"|0x21e7a8fa
03:20:10.0 (47800175)|STATEMENT_EXECUTE|[33]
03:20:10.0 (47831199)|VARIABLE_ASSIGNMENT|[33]|this.Name|"8945213"|0x21e7a8fa
03:20:10.0 (47836360)|STATEMENT_EXECUTE|[34]
03:20:10.0 (47852261)|VARIABLE_ASSIGNMENT|[34]|this.Project_Scope__c|null|0x21e7a8fa
03:20:10.0 (47857718)|STATEMENT_EXECUTE|[35]
03:20:10.0 (47872200)|VARIABLE_ASSIGNMENT|[35]|this.Cost_Centre__c|null|0x21e7a8fa
03:20:10.0 (47877343)|STATEMENT_EXECUTE|[36]
03:20:10.0 (47902041)|VARIABLE_ASSIGNMENT|[36]|this.OffshoreProjectManager__c|null|0x21e7a8fa
03:20:10.0 (47907757)|STATEMENT_EXECUTE|[37]
03:20:10.0 (47927868)|VARIABLE_ASSIGNMENT|[37]|this.Team_Lead__c|null|0x21e7a8fa
03:20:10.0 (47933263)|STATEMENT_EXECUTE|[38]
03:20:10.0 (47948218)|VARIABLE_ASSIGNMENT|[38]|this.Project_Start_Date__c|null|0x21e7a8fa
03:20:10.0 (47952816)|STATEMENT_EXECUTE|[39]
03:20:10.0 (47966689)|VARIABLE_ASSIGNMENT|[39]|this.Project_End_Date__c|null|0x21e7a8fa
03:20:10.0 (47972583)|STATEMENT_EXECUTE|[40]
03:20:10.0 (47993716)|VARIABLE_ASSIGNMENT|[40]|this.Units__c|false|0x21e7a8fa
03:20:10.0 (48000200)|STATEMENT_EXECUTE|[41]
03:20:10.0 (48019178)|VARIABLE_ASSIGNMENT|[41]|this.Nodes__c|false|0x21e7a8fa
03:20:10.0 (48024515)|STATEMENT_EXECUTE|[42]
03:20:10.0 (48041990)|VARIABLE_ASSIGNMENT|[42]|this.Footage__c|false|0x21e7a8fa
03:20:10.0 (48047581)|STATEMENT_EXECUTE|[43]
03:20:10.0 (48065260)|VARIABLE_ASSIGNMENT|[43]|this.Miles__c|false|0x21e7a8fa
03:20:10.0 (48071038)|STATEMENT_EXECUTE|[44]
03:20:10.0 (48088695)|VARIABLE_ASSIGNMENT|[44]|this.Jobs__c|false|0x21e7a8fa
03:20:10.0 (48094797)|STATEMENT_EXECUTE|[45]
03:20:10.0 (48112435)|VARIABLE_ASSIGNMENT|[45]|this.Hours__c|false|0x21e7a8fa
03:20:10.0 (48117561)|STATEMENT_EXECUTE|[46]
03:20:10.0 (48131852)|VARIABLE_ASSIGNMENT|[46]|this.Production__c|null|0x21e7a8fa
03:20:10.0 (48137309)|STATEMENT_EXECUTE|[47]
03:20:10.0 (48151543)|VARIABLE_ASSIGNMENT|[47]|this.QC__c|null|0x21e7a8fa
03:20:10.0 (48161423)|STATEMENT_EXECUTE|[48]
03:20:10.0 (48190640)|HEAP_ALLOCATE|[48]|Bytes:28
03:20:10.0 (48213880)|VARIABLE_ASSIGNMENT|[48]|this.QA__c|100|0x21e7a8fa
03:20:10.0 (48219650)|STATEMENT_EXECUTE|[49]
03:20:10.0 (48236863)|VARIABLE_ASSIGNMENT|[49]|this.Delivery__c|null|0x21e7a8fa
03:20:10.0 (48242141)|STATEMENT_EXECUTE|[51]
03:20:10.0 (48245441)|HEAP_ALLOCATE|[51]|Bytes:2
03:20:10.0 (48267064)|VARIABLE_ASSIGNMENT|[51]|this.Team__c|"  "|0x21e7a8fa
03:20:10.0 (48382273)|VARIABLE_ASSIGNMENT|[EXTERNAL]|this|{"controller":"StandardController [[Project__c (Client__c:a047F000002zkUjQAI, Company_project_code__c:945612, Name:8945213, Units__c:false, Nodes__c:false, Footage__c:false, Miles__c:false, Jobs__c:false, Hours__c:false, QA__c:100)]]","project":"0x100d6011","saveAndNew":2,"selectedUsers":"0x686e6ba1","usersList":"0x43eaa186"}|0x598edbb4
03:20:10.0 (48427318)|HEAP_ALLOCATE|[52]|Bytes:5
03:20:10.0 (48444677)|HEAP_ALLOCATE|[52]|Bytes:27
03:20:10.0 (48453784)|VARIABLE_SCOPE_BEGIN|[52]|sc|System.SelectOption|true|false
03:20:10.0 (48511641)|VARIABLE_ASSIGNMENT|[52]|sc|"common.apex.runtime.impl.ApexSelectOptionValue@4bc8874e"|0x29727224
03:20:10.0 (48519719)|STATEMENT_EXECUTE|[52]
03:20:10.0 (48521211)|STATEMENT_EXECUTE|[53]
03:20:10.0 (48565783)|HEAP_ALLOCATE|[53]|Bytes:9
03:20:10.0 (48574752)|HEAP_ALLOCATE|[53]|Bytes:2
03:20:10.0 (48586862)|HEAP_ALLOCATE|[53]|Bytes:11
03:20:10.0 (48591111)|HEAP_ALLOCATE|[53]|Bytes:13
03:20:10.0 (48621744)|VARIABLE_ASSIGNMENT|[53]|this.Team__c|"  Ravi teja, "|0x21e7a8fa
03:20:10.0 (48636242)|HEAP_ALLOCATE|[52]|Bytes:5
03:20:10.0 (48646849)|HEAP_ALLOCATE|[52]|Bytes:27
03:20:10.0 (48653039)|VARIABLE_SCOPE_BEGIN|[52]|sc|System.SelectOption|true|false
03:20:10.0 (48706675)|VARIABLE_ASSIGNMENT|[52]|sc|"common.apex.runtime.impl.ApexSelectOptionValue@20b5cc0a"|0x22b23211
03:20:10.0 (48713619)|STATEMENT_EXECUTE|[52]
03:20:10.0 (48715014)|STATEMENT_EXECUTE|[53]
03:20:10.0 (48725398)|HEAP_ALLOCATE|[53]|Bytes:9
03:20:10.0 (48733625)|HEAP_ALLOCATE|[53]|Bytes:11
03:20:10.0 (48737224)|HEAP_ALLOCATE|[53]|Bytes:24
03:20:10.0 (48765643)|VARIABLE_ASSIGNMENT|[53]|this.Team__c|"  Ravi teja, Yashwan (4 more) ..."|0x21e7a8fa
03:20:10.0 (48778912)|HEAP_ALLOCATE|[52]|Bytes:5
03:20:10.0 (48788530)|HEAP_ALLOCATE|[52]|Bytes:23
03:20:10.0 (48793953)|VARIABLE_SCOPE_BEGIN|[52]|sc|System.SelectOption|true|false
03:20:10.0 (48845050)|VARIABLE_ASSIGNMENT|[52]|sc|"common.apex.runtime.impl.ApexSelectOptionValue@ab8a2e66"|0x2ed5a53e
03:20:10.0 (48851898)|STATEMENT_EXECUTE|[52]
03:20:10.0 (48852996)|STATEMENT_EXECUTE|[53]
03:20:10.0 (48862401)|HEAP_ALLOCATE|[53]|Bytes:5
03:20:10.0 (48870281)|HEAP_ALLOCATE|[53]|Bytes:7
03:20:10.0 (48873881)|HEAP_ALLOCATE|[53]|Bytes:31
03:20:10.0 (48900678)|VARIABLE_ASSIGNMENT|[53]|this.Team__c|"  Ravi teja, Yashwan (11 more) ..."|0x21e7a8fa
03:20:10.0 (48913138)|HEAP_ALLOCATE|[52]|Bytes:5
03:20:10.0 (48922852)|VARIABLE_ASSIGNMENT|[52]|sc|null|
03:20:10.0 (48928253)|STATEMENT_EXECUTE|[55]
03:20:10.0 (48974217)|HEAP_ALLOCATE|[55]|Bytes:29
03:20:10.0 (49005801)|VARIABLE_ASSIGNMENT|[55]|this.Team__c|"  Ravi teja, Yashwan (9 more) ..."|0x21e7a8fa
03:20:10.0 (49013049)|STATEMENT_EXECUTE|[57]
03:20:10.0 (49014100)|STATEMENT_EXECUTE|[57]
03:20:10.0 (49015294)|STATEMENT_EXECUTE|[58]
03:20:10.0 (49038347)|HEAP_ALLOCATE|[58]|Bytes:8
03:20:10.0 (49047566)|DML_BEGIN|[58]|Op:Insert|Type:Project__c|Rows:1
03:20:10.0 (49080054)|HEAP_ALLOCATE|[EXTERNAL]|Bytes:8
03:20:10.0 (55406426)|CODE_UNIT_STARTED|[EXTERNAL]|Validation:Project:new
03:20:10.0 (55417899)|VALIDATION_RULE|03d7F0000009D2R|totalpercentage
03:20:10.0 (55665464)|VALIDATION_FORMULA|( IF( ISBLANK(Delivery__c) , 0, Delivery__c)
  +  
IF( ISBLANK(Production__c) , 0, Production__c)
  +
IF( ISBLANK(QC__c) , 0, QC__c)  
 +
IF( ISBLANK(QA__c) , 0, QA__c)
 ) != 100|Delivery__c=null , QC__c=null , QA__c=100 , Production__c=null
03:20:10.0 (55675763)|VALIDATION_PASS
03:20:10.0 (55739692)|CODE_UNIT_FINISHED|Validation:Project:new
03:20:10.0 (75947699)|DML_END|[58]
03:20:10.0 (76038978)|EXCEPTION_THROWN|[58]|System.DmlException: Insert failed. First exception on row 0; first error: DUPLICATE_VALUE, duplicate value found: Company_project_code__c duplicates value on record with id: a057F0000039Vv8: []
03:20:10.0 (76326040)|HEAP_ALLOCATE|[58]|Bytes:177
03:20:10.0 (76378148)|VARIABLE_SCOPE_BEGIN|[60]|e|Exception|true|false
03:20:10.0 (76487778)|VARIABLE_ASSIGNMENT|[60]|e|"common.apex.runtime.impl.DmlExecutionException: Insert failed. First exception on row 0; first error: DUPLICATE_VALUE, duplicate value found: Company_project_code__c duplicates value on record with id: a057F0000039Vv8: []"|0x27f12d18
03:20:10.0 (76503871)|STATEMENT_EXECUTE|[60]
03:20:10.0 (76506352)|STATEMENT_EXECUTE|[61]
03:20:10.0 (76779284)|VF_PAGE_MESSAGE|duplicate value found: Company_project_code__c duplicates value on record with id: a057F0000039Vv8
03:20:10.0 (76795151)|STATEMENT_EXECUTE|[64]
03:20:10.0 (76875405)|HEAP_ALLOCATE|[64]|Bytes:4
03:20:10.0 (76994060)|VARIABLE_SCOPE_BEGIN|[64]|pjaList|List<ProjectJobAssociation__c>|true|false
03:20:10.0 (77026767)|HEAP_ALLOCATE|[EXTERNAL]|Bytes:4
03:20:10.0 (77040468)|VARIABLE_ASSIGNMENT|[64]|pjaList|[]|0x35d67a46
03:20:10.0 (77230616)|VARIABLE_ASSIGNMENT|[EXTERNAL]|this|{"controller":"StandardController [[Project__c (Client__c:a047F000002zkUjQAI, Company_project_code__c:945612, Name:8945213, Units__c:false, Nodes__c:false, Footage__c:false, Miles__c:false, Jobs__c:false, Hours__c:false, QA__c:100)]]","project":"0x100d6011","saveAndNew":2,"selectedUsers":"0x686e6ba1","usersList":"0x43eaa186"}|0x598edbb4
03:20:10.0 (77279514)|HEAP_ALLOCATE|[65]|Bytes:5
03:20:10.0 (77301518)|HEAP_ALLOCATE|[65]|Bytes:27
03:20:10.0 (77313084)|VARIABLE_SCOPE_BEGIN|[65]|sc|System.SelectOption|true|false
03:20:10.0 (77421615)|VARIABLE_ASSIGNMENT|[65]|sc|"common.apex.runtime.impl.ApexSelectOptionValue@4bc8874e"|0x29727224
03:20:10.0 (77432340)|STATEMENT_EXECUTE|[65]
03:20:10.0 (77434183)|STATEMENT_EXECUTE|[66]
03:20:10.0 (77470563)|HEAP_ALLOCATE|[66]|Bytes:4
03:20:10.0 (77621398)|VARIABLE_SCOPE_BEGIN|[66]|pja|ProjectJobAssociation__c|true|false
03:20:10.0 (77641780)|VARIABLE_ASSIGNMENT|[66]|pja|{}|0x37d7a853
03:20:10.0 (77649101)|STATEMENT_EXECUTE|[67]
03:20:10.0 (78363812)|VARIABLE_ASSIGNMENT|[67]|this.ProjectLink__c|null|0x37d7a853
03:20:10.0 (78376332)|STATEMENT_EXECUTE|[68]
03:20:10.0 (78415251)|HEAP_ALLOCATE|[68]|Bytes:18
03:20:10.0 (78437836)|HEAP_ALLOCATE|[68]|Bytes:4
03:20:10.0 (78487855)|VARIABLE_ASSIGNMENT|[68]|this.UserLink__c|"0057F000000TrBGQA0"|0x37d7a853
03:20:10.0 (78496783)|STATEMENT_EXECUTE|[69]
03:20:10.0 (78541030)|HEAP_ALLOCATE|[EXTERNAL]|Bytes:4
03:20:10.0 (78561168)|HEAP_ALLOCATE|[65]|Bytes:5
03:20:10.0 (78576492)|HEAP_ALLOCATE|[65]|Bytes:27
03:20:10.0 (78585277)|VARIABLE_SCOPE_BEGIN|[65]|sc|System.SelectOption|true|false
03:20:10.0 (78665115)|VARIABLE_ASSIGNMENT|[65]|sc|"common.apex.runtime.impl.ApexSelectOptionValue@20b5cc0a"|0x22b23211
03:20:10.0 (78674914)|STATEMENT_EXECUTE|[65]
03:20:10.0 (78676565)|STATEMENT_EXECUTE|[66]
03:20:10.0 (78700332)|HEAP_ALLOCATE|[66]|Bytes:4
03:20:10.0 (78715385)|VARIABLE_SCOPE_BEGIN|[66]|pja|ProjectJobAssociation__c|true|false
03:20:10.0 (78729847)|VARIABLE_ASSIGNMENT|[66]|pja|{}|0x46fbf162
03:20:10.0 (78736748)|STATEMENT_EXECUTE|[67]
03:20:10.0 (78774100)|VARIABLE_ASSIGNMENT|[67]|this.ProjectLink__c|null|0x46fbf162
03:20:10.0 (78781842)|STATEMENT_EXECUTE|[68]
03:20:10.0 (78792495)|HEAP_ALLOCATE|[68]|Bytes:18
03:20:10.0 (78803053)|HEAP_ALLOCATE|[68]|Bytes:4
03:20:10.0 (78831767)|VARIABLE_ASSIGNMENT|[68]|this.UserLink__c|"0057F000000TrBVQA0"|0x46fbf162
03:20:10.0 (78839731)|STATEMENT_EXECUTE|[69]
03:20:10.0 (78847825)|HEAP_ALLOCATE|[EXTERNAL]|Bytes:4
03:20:10.0 (78863157)|HEAP_ALLOCATE|[65]|Bytes:5
03:20:10.0 (78876271)|HEAP_ALLOCATE|[65]|Bytes:23
03:20:10.0 (78884254)|VARIABLE_SCOPE_BEGIN|[65]|sc|System.SelectOption|true|false
03:20:10.0 (78960686)|VARIABLE_ASSIGNMENT|[65]|sc|"common.apex.runtime.impl.ApexSelectOptionValue@ab8a2e66"|0x2ed5a53e
03:20:10.0 (78970321)|STATEMENT_EXECUTE|[65]
03:20:10.0 (78971826)|STATEMENT_EXECUTE|[66]
03:20:10.0 (78990370)|HEAP_ALLOCATE|[66]|Bytes:4
03:20:10.0 (79003084)|VARIABLE_SCOPE_BEGIN|[66]|pja|ProjectJobAssociation__c|true|false
03:20:10.0 (79017441)|VARIABLE_ASSIGNMENT|[66]|pja|{}|0x4079a7b1
03:20:10.0 (79024673)|STATEMENT_EXECUTE|[67]
03:20:10.0 (79056386)|VARIABLE_ASSIGNMENT|[67]|this.ProjectLink__c|null|0x4079a7b1
03:20:10.0 (79066619)|STATEMENT_EXECUTE|[68]
03:20:10.0 (79085241)|HEAP_ALLOCATE|[68]|Bytes:18
03:20:10.0 (79108604)|HEAP_ALLOCATE|[68]|Bytes:4
03:20:10.0 (79169027)|VARIABLE_ASSIGNMENT|[68]|this.UserLink__c|"0057F000000Tz0iQAC"|0x4079a7b1
03:20:10.0 (79177527)|STATEMENT_EXECUTE|[69]
03:20:10.0 (79186199)|HEAP_ALLOCATE|[EXTERNAL]|Bytes:4
03:20:10.0 (79200940)|HEAP_ALLOCATE|[65]|Bytes:5
03:20:10.0 (79213612)|VARIABLE_ASSIGNMENT|[65]|sc|null|
03:20:10.0 (79219628)|STATEMENT_EXECUTE|[71]
03:20:10.0 (79260718)|DML_BEGIN|[71]|Op:Insert|Type:ProjectJobAssociation__c|Rows:3
03:20:10.0 (79293115)|HEAP_ALLOCATE|[EXTERNAL]|Bytes:16
03:20:10.0 (86257096)|DML_END|[71]
03:20:10.0 (86335472)|VF_PAGE_MESSAGE|Required fields are missing: [Project]
03:20:10.0 (86443426)|EXCEPTION_THROWN|[71]|System.DmlException: Insert failed. First exception on row 0; first error: REQUIRED_FIELD_MISSING, Required fields are missing: [Project]: [Project]
03:20:10.0 (86659740)|HEAP_ALLOCATE|[71]|Bytes:131
03:20:10.0 (86684114)|METHOD_EXIT|[81]|01p7F00000EhPEd|Project_PM_Controller.customSave()
03:20:10.0 (86693887)|SYSTEM_MODE_EXIT|false
03:20:10.0 (86784064)|FATAL_ERROR|System.DmlException: Insert failed. First exception on row 0; first error: REQUIRED_FIELD_MISSING, Required fields are missing: [Project]: [Project]

Class.Project_PM_Controller.customSave: line 71, column 1
Class.Project_PM_Controller.customSaveAndNew: line 81, column 1
