36.0 APEX_CODE,FINEST;APEX_PROFILING,INFO;CALLOUT,INFO;DB,INFO;SYSTEM,DEBUG;VALIDATION,INFO;VISUALFORCE,INFO;WAVE,INFO;WORKFLOW,INFO
07:46:46.0 (320879)|USER_INFO|[EXTERNAL]|0057F000000Tiz6|ksb994@salesforce.com|Pacific Standard Time|GMT-08:00
07:46:46.0 (355496)|EXECUTION_STARTED
07:46:46.0 (359702)|CODE_UNIT_STARTED|[EXTERNAL]|0667F000004uRAy|VF: /apex/PM_Project_EditRedirect
07:46:46.0 (2202215)|SYSTEM_MODE_ENTER|true
07:46:46.0 (2575546)|HEAP_ALLOCATE|[72]|Bytes:3
07:46:46.0 (2613177)|HEAP_ALLOCATE|[77]|Bytes:152
07:46:46.0 (2627183)|HEAP_ALLOCATE|[342]|Bytes:408
07:46:46.0 (2642214)|HEAP_ALLOCATE|[355]|Bytes:408
07:46:46.0 (2655757)|HEAP_ALLOCATE|[467]|Bytes:48
07:46:46.0 (2682222)|HEAP_ALLOCATE|[139]|Bytes:6
07:46:46.0 (2696523)|HEAP_ALLOCATE|[EXTERNAL]|Bytes:88
07:46:46.0 (2700527)|HEAP_ALLOCATE|[EXTERNAL]|Bytes:9
07:46:46.0 (2709343)|METHOD_ENTRY|[1]|01p7F00000EhrfL|PM_Project_EditRedirect_Controller.PM_Project_EditRedirect_Controller()
07:46:46.0 (2714561)|STATEMENT_EXECUTE|[1]
07:46:46.0 (2719387)|STATEMENT_EXECUTE|[1]
07:46:46.0 (2748136)|HEAP_ALLOCATE|[50]|Bytes:5
07:46:46.0 (2767626)|HEAP_ALLOCATE|[56]|Bytes:5
07:46:46.0 (2774189)|HEAP_ALLOCATE|[64]|Bytes:7
07:46:46.0 (2796803)|SYSTEM_MODE_ENTER|false
07:46:46.0 (2809670)|HEAP_ALLOCATE|[EXTERNAL]|Bytes:5
07:46:46.0 (2817619)|SYSTEM_MODE_EXIT|false
07:46:46.0 (2837503)|METHOD_EXIT|[1]|PM_Project_EditRedirect_Controller
07:46:46.0 (2885586)|HEAP_ALLOCATE|[EXTERNAL]|Bytes:8
07:46:46.0 (2907792)|VARIABLE_SCOPE_BEGIN|[8]|this|PM_Project_EditRedirect_Controller|true|false
07:46:46.0 (2964452)|VARIABLE_ASSIGNMENT|[8]|this|{}|0x261ab3c1
07:46:46.0 (2973558)|VARIABLE_SCOPE_BEGIN|[8]|stdController|ApexPages.StandardController|true|false
07:46:46.0 (3168605)|VARIABLE_ASSIGNMENT|[8]|stdController|"StandardController [null]"|0x5f2878d5
07:46:46.0 (3195134)|SYSTEM_MODE_ENTER|false
07:46:46.0 (3202689)|HEAP_ALLOCATE|[9]|Bytes:5
07:46:46.0 (3207493)|STATEMENT_EXECUTE|[1]
07:46:46.0 (3212260)|HEAP_ALLOCATE|[9]|Bytes:5
07:46:46.0 (3215206)|STATEMENT_EXECUTE|[3]
07:46:46.0 (3224984)|HEAP_ALLOCATE|[9]|Bytes:6
07:46:46.0 (3258347)|STATEMENT_EXECUTE|[8]
07:46:46.0 (3260018)|STATEMENT_EXECUTE|[9]
07:46:46.0 (7486493)|HEAP_ALLOCATE|[9]|Bytes:8
07:46:46.0 (7565624)|VARIABLE_ASSIGNMENT|[EXTERNAL]|this|{}|0x261ab3c1
07:46:46.0 (7596581)|VARIABLE_ASSIGNMENT|[EXTERNAL]|value|{"Id":"a057F0000039WImQAM"}|0x60e8393d
07:46:46.0 (7620449)|VARIABLE_ASSIGNMENT|[3]|this.mysObject|{"Id":"a057F0000039WImQAM"}|0x261ab3c1
07:46:46.0 (7641636)|SYSTEM_MODE_EXIT|false
07:46:46.0 (7813332)|HEAP_ALLOCATE|[EXTERNAL]|Bytes:8
07:46:46.0 (7829815)|VARIABLE_SCOPE_BEGIN|[16]|this|PM_Project_EditRedirect_Controller|true|false
07:46:46.0 (7860441)|VARIABLE_ASSIGNMENT|[16]|this|{"mysObject":"0x60e8393d"}|0x261ab3c1
07:46:46.0 (7890019)|SYSTEM_MODE_ENTER|false
07:46:46.0 (7900878)|HEAP_ALLOCATE|[17]|Bytes:5
07:46:46.0 (7908364)|STATEMENT_EXECUTE|[16]
07:46:46.0 (7910746)|STATEMENT_EXECUTE|[17]
07:46:46.0 (7919393)|HEAP_ALLOCATE|[17]|Bytes:21
07:46:46.0 (7972422)|VARIABLE_SCOPE_BEGIN|[17]|newpage|System.PageReference|true|false
07:46:46.0 (12910841)|VARIABLE_ASSIGNMENT|[17]|newpage|"/apex/PM_Project_Edit"|0x6d1df977
07:46:46.0 (12925594)|STATEMENT_EXECUTE|[18]
07:46:46.0 (12989130)|HEAP_ALLOCATE|[18]|Bytes:0
07:46:46.0 (13019331)|HEAP_ALLOCATE|[18]|Bytes:3
07:46:46.0 (13060200)|VARIABLE_ASSIGNMENT|[EXTERNAL]|this|{"mysObject":"0x60e8393d"}|0x261ab3c1
07:46:46.0 (13130300)|HEAP_ALLOCATE|[EXTERNAL]|Bytes:-4
07:46:46.0 (13140356)|STATEMENT_EXECUTE|[19]
07:46:46.0 (13176670)|STATEMENT_EXECUTE|[20]
07:46:46.0 (13181603)|SYSTEM_MODE_EXIT|false
07:46:46.16 (16168816)|CUMULATIVE_LIMIT_USAGE
07:46:46.16 (16168816)|LIMIT_USAGE_FOR_NS|(default)|
  Number of SOQL queries: 0 out of 100
  Number of query rows: 0 out of 50000
  Number of SOSL queries: 0 out of 20
  Number of DML statements: 0 out of 150
  Number of DML rows: 0 out of 10000
  Maximum CPU time: 0 out of 10000
  Maximum heap size: 0 out of 6000000
  Number of callouts: 0 out of 100
  Number of Email Invocations: 0 out of 10
  Number of future calls: 0 out of 50
  Number of queueable jobs added to the queue: 0 out of 50
  Number of Mobile Apex push calls: 0 out of 10

07:46:46.16 (16168816)|CUMULATIVE_LIMIT_USAGE_END

07:46:46.0 (16217699)|CODE_UNIT_FINISHED|VF: /apex/PM_Project_EditRedirect
07:46:46.0 (16996919)|EXECUTION_FINISHED
