36.0 APEX_CODE,FINEST;APEX_PROFILING,INFO;CALLOUT,INFO;DB,INFO;SYSTEM,DEBUG;VALIDATION,INFO;VISUALFORCE,INFO;WAVE,INFO;WORKFLOW,INFO
04:25:55.0 (320847)|USER_INFO|[EXTERNAL]|0057F000000Tiz6|ksb994@salesforce.com|Pacific Standard Time|GMT-08:00
04:25:55.0 (350606)|EXECUTION_STARTED
04:25:55.0 (354236)|CODE_UNIT_STARTED|[EXTERNAL]|0667F000005aHSA|VF: /apex/PM_Job_New
04:25:55.0 (845515)|VF_DESERIALIZE_VIEWSTATE_BEGIN|0667F000005aHSA
04:25:55.0 (8160836)|HEAP_ALLOCATE|[72]|Bytes:3
04:25:55.0 (8205916)|HEAP_ALLOCATE|[77]|Bytes:152
04:25:55.0 (8220240)|HEAP_ALLOCATE|[342]|Bytes:408
04:25:55.0 (8234429)|HEAP_ALLOCATE|[355]|Bytes:408
04:25:55.0 (8247783)|HEAP_ALLOCATE|[467]|Bytes:48
04:25:55.0 (8275339)|HEAP_ALLOCATE|[139]|Bytes:6
04:25:55.0 (12592729)|VF_DESERIALIZE_VIEWSTATE_END
04:25:55.14 (14203396)|SYSTEM_MODE_ENTER|true
04:25:55.14 (14273844)|HEAP_ALLOCATE|[EXTERNAL]|Bytes:38
04:25:55.14 (14284013)|HEAP_ALLOCATE|[EXTERNAL]|Bytes:7
04:25:55.14 (14293892)|SYSTEM_METHOD_ENTRY|[1]|PageMessagesComponentController.PageMessagesComponentController()
04:25:55.14 (14299675)|STATEMENT_EXECUTE|[1]
04:25:55.15 (15239087)|SYSTEM_MODE_ENTER|true
04:25:55.15 (15291766)|HEAP_ALLOCATE|[EXTERNAL]|Bytes:8
04:25:55.15 (15299885)|VARIABLE_SCOPE_BEGIN|[88]|this|ApexPage.PageMessagesComponentController|true|false
04:25:55.15 (15339839)|VARIABLE_ASSIGNMENT|[88]|this|{}|0x6e4913de
04:25:55.15 (15346651)|VARIABLE_SCOPE_BEGIN|[88]|escape|Boolean|false|false
04:25:55.15 (15354773)|VARIABLE_ASSIGNMENT|[88]|escape|null
04:25:55.0 (16775730)|SYSTEM_MODE_ENTER|true
04:25:55.0 (16808178)|HEAP_ALLOCATE|[EXTERNAL]|Bytes:260
04:25:55.0 (16817153)|HEAP_ALLOCATE|[EXTERNAL]|Bytes:42
04:25:55.0 (16821155)|HEAP_ALLOCATE|[EXTERNAL]|Bytes:8
04:25:55.0 (16828530)|METHOD_ENTRY|[1]|01p7F00000HhQR4|PM_Job_New_Controller.PM_Job_New_Controller()
04:25:55.0 (16833543)|STATEMENT_EXECUTE|[1]
04:25:55.0 (16837047)|STATEMENT_EXECUTE|[1]
04:25:55.0 (16849437)|SYSTEM_MODE_ENTER|false
04:25:55.0 (16856854)|HEAP_ALLOCATE|[EXTERNAL]|Bytes:5
04:25:55.0 (16864123)|SYSTEM_MODE_EXIT|false
04:25:55.0 (16871502)|METHOD_EXIT|[1]|PM_Job_New_Controller
04:25:55.0 (28217112)|SYSTEM_MODE_ENTER|true
04:25:55.0 (28491960)|HEAP_ALLOCATE|[EXTERNAL]|Bytes:40
04:25:55.0 (28506952)|VARIABLE_SCOPE_BEGIN|[24]|this|PM_Job_New_Controller|true|false
04:25:55.0 (28784698)|VARIABLE_ASSIGNMENT|[24]|this|{"cpCode":"a057F0000039u2AQAQ","job":"0x696b95f4","project":"0x2915050a","projectList":"0x56ec3806"}|0xbb6eacc
04:25:55.0 (28813864)|SYSTEM_MODE_ENTER|false
04:25:55.0 (28824840)|HEAP_ALLOCATE|[25]|Bytes:5
04:25:55.0 (28831445)|STATEMENT_EXECUTE|[24]
04:25:55.0 (28833460)|STATEMENT_EXECUTE|[25]
04:25:55.0 (28854499)|HEAP_ALLOCATE|[25]|Bytes:4
04:25:55.0 (28896228)|VARIABLE_SCOPE_BEGIN|[25]|cpcso|List<System.SelectOption>|true|false
04:25:55.0 (28927720)|HEAP_ALLOCATE|[EXTERNAL]|Bytes:4
04:25:55.0 (28939734)|VARIABLE_ASSIGNMENT|[25]|cpcso|[]|0x6184790c
04:25:55.0 (29121828)|VARIABLE_ASSIGNMENT|[EXTERNAL]|this|{"cpCode":"a057F0000039u2AQAQ","job":"0x696b95f4","project":"0x2915050a","projectList":"0x56ec3806"}|0xbb6eacc
04:25:55.0 (29351038)|HEAP_ALLOCATE|[26]|Bytes:5
04:25:55.0 (29404132)|HEAP_ALLOCATE|[26]|Bytes:12
04:25:55.0 (29420173)|VARIABLE_SCOPE_BEGIN|[26]|pro|Project__c|true|false
04:25:55.0 (29447504)|VARIABLE_ASSIGNMENT|[26]|pro|{"Company_project_code (3 more) ...":"101-TRN-COM-042","Id":"a057F0000039u2LQAQ"}|0x34cce690
04:25:55.0 (29458327)|STATEMENT_EXECUTE|[26]
04:25:55.0 (29460342)|STATEMENT_EXECUTE|[27]
04:25:55.0 (29560143)|HEAP_ALLOCATE|[27]|Bytes:18
04:25:55.0 (29666556)|HEAP_ALLOCATE|[EXTERNAL]|Bytes:4
04:25:55.0 (29691792)|HEAP_ALLOCATE|[26]|Bytes:5
04:25:55.0 (29724502)|HEAP_ALLOCATE|[26]|Bytes:12
04:25:55.0 (29737469)|VARIABLE_SCOPE_BEGIN|[26]|pro|Project__c|true|false
04:25:55.0 (29762206)|VARIABLE_ASSIGNMENT|[26]|pro|{"Company_project_code (3 more) ...":"101-TRN-COM-036","Id":"a057F0000039u2MQAQ"}|0x71799b4
04:25:55.0 (29772801)|STATEMENT_EXECUTE|[26]
04:25:55.0 (29774899)|STATEMENT_EXECUTE|[27]
04:25:55.0 (29787750)|HEAP_ALLOCATE|[27]|Bytes:18
04:25:55.0 (29809379)|HEAP_ALLOCATE|[EXTERNAL]|Bytes:4
04:25:55.0 (29826626)|HEAP_ALLOCATE|[26]|Bytes:5
04:25:55.0 (29852652)|HEAP_ALLOCATE|[26]|Bytes:12
04:25:55.0 (29863685)|VARIABLE_SCOPE_BEGIN|[26]|pro|Project__c|true|false
04:25:55.0 (29885391)|VARIABLE_ASSIGNMENT|[26]|pro|{"Company_project_code (3 more) ...":"101-TRN-COM-034","Id":"a057F0000039u2NQAQ"}|0x52d758e1
04:25:55.0 (29894748)|STATEMENT_EXECUTE|[26]
04:25:55.0 (29896592)|STATEMENT_EXECUTE|[27]
04:25:55.0 (29907658)|HEAP_ALLOCATE|[27]|Bytes:18
04:25:55.0 (29926316)|HEAP_ALLOCATE|[EXTERNAL]|Bytes:4
04:25:55.0 (29942140)|HEAP_ALLOCATE|[26]|Bytes:5
04:25:55.0 (29965664)|HEAP_ALLOCATE|[26]|Bytes:12
04:25:55.0 (29981944)|VARIABLE_SCOPE_BEGIN|[26]|pro|Project__c|true|false
04:25:55.0 (30004190)|VARIABLE_ASSIGNMENT|[26]|pro|{"Company_project_code (3 more) ...":"101-TRN-COM-051","Id":"a057F0000039u2OQAQ"}|0x30f819e8
04:25:55.0 (30014332)|STATEMENT_EXECUTE|[26]
04:25:55.0 (30016206)|STATEMENT_EXECUTE|[27]
04:25:55.0 (30025874)|HEAP_ALLOCATE|[27]|Bytes:18
04:25:55.0 (30043324)|HEAP_ALLOCATE|[EXTERNAL]|Bytes:4
04:25:55.0 (30059566)|HEAP_ALLOCATE|[26]|Bytes:5
04:25:55.0 (30083128)|HEAP_ALLOCATE|[26]|Bytes:12
04:25:55.0 (30092642)|VARIABLE_SCOPE_BEGIN|[26]|pro|Project__c|true|false
04:25:55.0 (30112537)|VARIABLE_ASSIGNMENT|[26]|pro|{"Company_project_code (3 more) ...":"300-0001-00","Id":"a057F0000039u22QAA"}|0x1386111f
04:25:55.0 (30121378)|STATEMENT_EXECUTE|[26]
04:25:55.0 (30123267)|STATEMENT_EXECUTE|[27]
04:25:55.0 (30131620)|HEAP_ALLOCATE|[27]|Bytes:18
04:25:55.0 (30147714)|HEAP_ALLOCATE|[EXTERNAL]|Bytes:4
04:25:55.0 (30162583)|HEAP_ALLOCATE|[26]|Bytes:5
04:25:55.0 (30185283)|HEAP_ALLOCATE|[26]|Bytes:12
04:25:55.0 (30196255)|VARIABLE_SCOPE_BEGIN|[26]|pro|Project__c|true|false
04:25:55.0 (30216417)|VARIABLE_ASSIGNMENT|[26]|pro|{"Company_project_code (3 more) ...":"300-0002-01","Id":"a057F0000039u23QAA"}|0x2867f0e2
04:25:55.0 (30225926)|STATEMENT_EXECUTE|[26]
04:25:55.0 (30227737)|STATEMENT_EXECUTE|[27]
04:25:55.0 (30236478)|HEAP_ALLOCATE|[27]|Bytes:18
04:25:55.0 (30252881)|HEAP_ALLOCATE|[EXTERNAL]|Bytes:4
04:25:55.0 (30268856)|HEAP_ALLOCATE|[26]|Bytes:5
04:25:55.0 (30294509)|HEAP_ALLOCATE|[26]|Bytes:12
04:25:55.0 (30304545)|VARIABLE_SCOPE_BEGIN|[26]|pro|Project__c|true|false
04:25:55.0 (30324766)|VARIABLE_ASSIGNMENT|[26]|pro|{"Company_project_code (3 more) ...":"101-TRN-COM-008","Id":"a057F0000039u24QAA"}|0x409fb55f
04:25:55.0 (30333882)|STATEMENT_EXECUTE|[26]
04:25:55.0 (30335815)|STATEMENT_EXECUTE|[27]
04:25:55.0 (30344462)|HEAP_ALLOCATE|[27]|Bytes:18
04:25:55.0 (30361340)|HEAP_ALLOCATE|[EXTERNAL]|Bytes:4
04:25:55.0 (30376402)|HEAP_ALLOCATE|[26]|Bytes:5
04:25:55.0 (30398531)|HEAP_ALLOCATE|[26]|Bytes:12
04:25:55.0 (30407398)|VARIABLE_SCOPE_BEGIN|[26]|pro|Project__c|true|false
04:25:55.0 (30426616)|VARIABLE_ASSIGNMENT|[26]|pro|{"Company_project_code (3 more) ...":"101-TRN-COM-047","Id":"a057F0000039u25QAA"}|0x30d8c3fd
04:25:55.0 (30435329)|STATEMENT_EXECUTE|[26]
04:25:55.0 (30437120)|STATEMENT_EXECUTE|[27]
04:25:55.0 (30445279)|HEAP_ALLOCATE|[27]|Bytes:18
04:25:55.0 (30461200)|HEAP_ALLOCATE|[EXTERNAL]|Bytes:4
04:25:55.0 (30475936)|HEAP_ALLOCATE|[26]|Bytes:5
04:25:55.0 (30497124)|HEAP_ALLOCATE|[26]|Bytes:12
04:25:55.0 (30505920)|VARIABLE_SCOPE_BEGIN|[26]|pro|Project__c|true|false
04:25:55.0 (30524817)|VARIABLE_ASSIGNMENT|[26]|pro|{"Company_project_code (3 more) ...":"101-TRN-COM-046","Id":"a057F0000039u26QAA"}|0x13f53210
04:25:55.0 (30533392)|STATEMENT_EXECUTE|[26]
04:25:55.0 (30535143)|STATEMENT_EXECUTE|[27]
04:25:55.0 (30543801)|HEAP_ALLOCATE|[27]|Bytes:18
04:25:55.0 (30559622)|HEAP_ALLOCATE|[EXTERNAL]|Bytes:4
04:25:55.0 (30574829)|HEAP_ALLOCATE|[26]|Bytes:5
04:25:55.0 (30598171)|HEAP_ALLOCATE|[26]|Bytes:12
04:25:55.0 (30608332)|VARIABLE_SCOPE_BEGIN|[26]|pro|Project__c|true|false
04:25:55.0 (30629060)|VARIABLE_ASSIGNMENT|[26]|pro|{"Company_project_code (3 more) ...":"101-TRN-COM-050","Id":"a057F0000039u27QAA"}|0x402206c
04:25:55.0 (30638869)|STATEMENT_EXECUTE|[26]
04:25:55.0 (30640465)|STATEMENT_EXECUTE|[27]
04:25:55.0 (30651278)|HEAP_ALLOCATE|[27]|Bytes:18
04:25:55.0 (30672649)|HEAP_ALLOCATE|[EXTERNAL]|Bytes:4
04:25:55.0 (30695402)|HEAP_ALLOCATE|[26]|Bytes:5
04:25:55.0 (30719823)|HEAP_ALLOCATE|[26]|Bytes:12
04:25:55.0 (30726998)|VARIABLE_SCOPE_BEGIN|[26]|pro|Project__c|true|false
04:25:55.0 (30741397)|VARIABLE_ASSIGNMENT|[26]|pro|{"Company_project_code (3 more) ...":"101-TRN-COM-033","Id":"a057F0000039u28QAA"}|0x390a48fe
04:25:55.0 (30746761)|STATEMENT_EXECUTE|[26]
04:25:55.0 (30747855)|STATEMENT_EXECUTE|[27]
04:25:55.0 (30755100)|HEAP_ALLOCATE|[27]|Bytes:18
04:25:55.0 (30766625)|HEAP_ALLOCATE|[EXTERNAL]|Bytes:4
04:25:55.0 (30777944)|HEAP_ALLOCATE|[26]|Bytes:5
04:25:55.0 (30792845)|HEAP_ALLOCATE|[26]|Bytes:12
04:25:55.0 (30798848)|VARIABLE_SCOPE_BEGIN|[26]|pro|Project__c|true|false
04:25:55.0 (30810762)|VARIABLE_ASSIGNMENT|[26]|pro|{"Company_project_code (3 more) ...":"101-TRN-COX-007","Id":"a057F0000039u29QAA"}|0x4fbbb309
04:25:55.0 (30815893)|STATEMENT_EXECUTE|[26]
04:25:55.0 (30816897)|STATEMENT_EXECUTE|[27]
04:25:55.0 (30822563)|HEAP_ALLOCATE|[27]|Bytes:18
04:25:55.0 (30832910)|HEAP_ALLOCATE|[EXTERNAL]|Bytes:4
04:25:55.0 (30842748)|HEAP_ALLOCATE|[26]|Bytes:5
04:25:55.0 (30856527)|HEAP_ALLOCATE|[26]|Bytes:12
04:25:55.0 (30862422)|VARIABLE_SCOPE_BEGIN|[26]|pro|Project__c|true|false
04:25:55.0 (30874281)|VARIABLE_ASSIGNMENT|[26]|pro|{"Company_project_code (3 more) ...":"101-TRN-COX-006","Id":"a057F0000039u2AQAQ"}|0x75e47d5c
04:25:55.0 (30879536)|STATEMENT_EXECUTE|[26]
04:25:55.0 (30880492)|STATEMENT_EXECUTE|[27]
04:25:55.0 (30887153)|HEAP_ALLOCATE|[27]|Bytes:18
04:25:55.0 (30898847)|HEAP_ALLOCATE|[EXTERNAL]|Bytes:4
04:25:55.0 (30908798)|HEAP_ALLOCATE|[26]|Bytes:5
04:25:55.0 (30922816)|HEAP_ALLOCATE|[26]|Bytes:12
04:25:55.0 (30928443)|VARIABLE_SCOPE_BEGIN|[26]|pro|Project__c|true|false
04:25:55.0 (30940281)|VARIABLE_ASSIGNMENT|[26]|pro|{"Company_project_code (3 more) ...":"101-TRN-COX-008","Id":"a057F0000039u2BQAQ"}|0x607022cc
04:25:55.0 (30945292)|STATEMENT_EXECUTE|[26]
04:25:55.0 (30946333)|STATEMENT_EXECUTE|[27]
04:25:55.0 (30952093)|HEAP_ALLOCATE|[27]|Bytes:18
04:25:55.0 (30961900)|HEAP_ALLOCATE|[EXTERNAL]|Bytes:4
04:25:55.0 (30976065)|HEAP_ALLOCATE|[26]|Bytes:5
04:25:55.0 (30990813)|HEAP_ALLOCATE|[26]|Bytes:12
04:25:55.0 (30996894)|VARIABLE_SCOPE_BEGIN|[26]|pro|Project__c|true|false
04:25:55.0 (31008843)|VARIABLE_ASSIGNMENT|[26]|pro|{"Company_project_code (3 more) ...":"101-TRN-COM-027","Id":"a057F0000039u2CQAQ"}|0xbd6db84
04:25:55.0 (31014715)|STATEMENT_EXECUTE|[26]
04:25:55.0 (31015703)|STATEMENT_EXECUTE|[27]
04:25:55.0 (31021598)|HEAP_ALLOCATE|[27]|Bytes:18
04:25:55.0 (31032191)|HEAP_ALLOCATE|[EXTERNAL]|Bytes:4
04:25:55.0 (31044036)|HEAP_ALLOCATE|[26]|Bytes:5
04:25:55.0 (31058456)|HEAP_ALLOCATE|[26]|Bytes:12
04:25:55.0 (31064219)|VARIABLE_SCOPE_BEGIN|[26]|pro|Project__c|true|false
04:25:55.0 (31076156)|VARIABLE_ASSIGNMENT|[26]|pro|{"Company_project_code (3 more) ...":"101-TRN-COM-029","Id":"a057F0000039u2DQAQ"}|0x19e7120c
04:25:55.0 (31084033)|STATEMENT_EXECUTE|[26]
04:25:55.0 (31085644)|STATEMENT_EXECUTE|[27]
04:25:55.0 (31094596)|HEAP_ALLOCATE|[27]|Bytes:18
04:25:55.0 (31114588)|HEAP_ALLOCATE|[EXTERNAL]|Bytes:4
04:25:55.0 (31139629)|HEAP_ALLOCATE|[26]|Bytes:5
04:25:55.0 (31169966)|HEAP_ALLOCATE|[26]|Bytes:12
04:25:55.0 (31182703)|VARIABLE_SCOPE_BEGIN|[26]|pro|Project__c|true|false
04:25:55.0 (31205101)|VARIABLE_ASSIGNMENT|[26]|pro|{"Company_project_code (3 more) ...":"101-TRN-COM-014","Id":"a057F0000039u2EQAQ"}|0x4f3f92f1
04:25:55.0 (31214886)|STATEMENT_EXECUTE|[26]
04:25:55.0 (31216595)|STATEMENT_EXECUTE|[27]
04:25:55.0 (31227959)|HEAP_ALLOCATE|[27]|Bytes:18
04:25:55.0 (31248458)|HEAP_ALLOCATE|[EXTERNAL]|Bytes:4
04:25:55.0 (31265444)|HEAP_ALLOCATE|[26]|Bytes:5
04:25:55.0 (31293605)|HEAP_ALLOCATE|[26]|Bytes:12
04:25:55.0 (31305909)|VARIABLE_SCOPE_BEGIN|[26]|pro|Project__c|true|false
04:25:55.0 (31327556)|VARIABLE_ASSIGNMENT|[26]|pro|{"Company_project_code (3 more) ...":"301-0001-00","Id":"a057F0000039u21QAA"}|0x2eb8bf98
04:25:55.0 (31334965)|STATEMENT_EXECUTE|[26]
04:25:55.0 (31336057)|STATEMENT_EXECUTE|[27]
04:25:55.0 (31344473)|HEAP_ALLOCATE|[27]|Bytes:18
04:25:55.0 (31357681)|HEAP_ALLOCATE|[EXTERNAL]|Bytes:4
04:25:55.0 (31369190)|HEAP_ALLOCATE|[26]|Bytes:5
04:25:55.0 (31388132)|HEAP_ALLOCATE|[26]|Bytes:12
04:25:55.0 (31398532)|VARIABLE_SCOPE_BEGIN|[26]|pro|Project__c|true|false
04:25:55.0 (31419384)|VARIABLE_ASSIGNMENT|[26]|pro|{"Company_project_code (3 more) ...":"101-TRN-COM-017","Id":"a057F0000039u2FQAQ"}|0x138f5b30
04:25:55.0 (31429400)|STATEMENT_EXECUTE|[26]
04:25:55.0 (31431218)|STATEMENT_EXECUTE|[27]
04:25:55.0 (31440857)|HEAP_ALLOCATE|[27]|Bytes:18
04:25:55.0 (31454430)|HEAP_ALLOCATE|[EXTERNAL]|Bytes:4
04:25:55.0 (31468555)|HEAP_ALLOCATE|[26]|Bytes:5
04:25:55.0 (31564156)|HEAP_ALLOCATE|[26]|Bytes:12
04:25:55.0 (31587533)|VARIABLE_SCOPE_BEGIN|[26]|pro|Project__c|true|false
04:25:55.0 (31610940)|VARIABLE_ASSIGNMENT|[26]|pro|{"Company_project_code (3 more) ...":"101-TRN-COM-038","Id":"a057F0000039u2GQAQ"}|0x32594c3f
04:25:55.0 (31621209)|STATEMENT_EXECUTE|[26]
04:25:55.0 (31622952)|STATEMENT_EXECUTE|[27]
04:25:55.0 (31636961)|HEAP_ALLOCATE|[27]|Bytes:18
04:25:55.0 (31660958)|HEAP_ALLOCATE|[EXTERNAL]|Bytes:4
04:25:55.0 (31680917)|HEAP_ALLOCATE|[26]|Bytes:5
04:25:55.0 (31710207)|HEAP_ALLOCATE|[26]|Bytes:12
04:25:55.0 (31721710)|VARIABLE_SCOPE_BEGIN|[26]|pro|Project__c|true|false
04:25:55.0 (31743357)|VARIABLE_ASSIGNMENT|[26]|pro|{"Company_project_code (3 more) ...":"101-TRN-COM-037","Id":"a057F0000039u2HQAQ"}|0x142f89f
04:25:55.0 (31753479)|STATEMENT_EXECUTE|[26]
04:25:55.0 (31755227)|STATEMENT_EXECUTE|[27]
04:25:55.0 (31766956)|HEAP_ALLOCATE|[27]|Bytes:18
04:25:55.0 (31784237)|HEAP_ALLOCATE|[EXTERNAL]|Bytes:4
04:25:55.0 (31802207)|HEAP_ALLOCATE|[26]|Bytes:5
04:25:55.0 (31833362)|HEAP_ALLOCATE|[26]|Bytes:12
04:25:55.0 (31843203)|VARIABLE_SCOPE_BEGIN|[26]|pro|Project__c|true|false
04:25:55.0 (31857627)|VARIABLE_ASSIGNMENT|[26]|pro|{"Company_project_code (3 more) ...":"101-TRN-COM-039","Id":"a057F0000039u2IQAQ"}|0x6a6dd350
04:25:55.0 (31863103)|STATEMENT_EXECUTE|[26]
04:25:55.0 (31864173)|STATEMENT_EXECUTE|[27]
04:25:55.0 (31871856)|HEAP_ALLOCATE|[27]|Bytes:18
04:25:55.0 (31884639)|HEAP_ALLOCATE|[EXTERNAL]|Bytes:4
04:25:55.0 (31895817)|HEAP_ALLOCATE|[26]|Bytes:5
04:25:55.0 (31911771)|HEAP_ALLOCATE|[26]|Bytes:12
04:25:55.0 (31919674)|VARIABLE_SCOPE_BEGIN|[26]|pro|Project__c|true|false
04:25:55.0 (31940275)|VARIABLE_ASSIGNMENT|[26]|pro|{"Company_project_code (3 more) ...":"101-TRN-COM-040","Id":"a057F0000039u2JQAQ"}|0x3d243f6
04:25:55.0 (31950108)|STATEMENT_EXECUTE|[26]
04:25:55.0 (31951700)|STATEMENT_EXECUTE|[27]
04:25:55.0 (31963231)|HEAP_ALLOCATE|[27]|Bytes:18
04:25:55.0 (31988793)|HEAP_ALLOCATE|[EXTERNAL]|Bytes:4
04:25:55.0 (32001966)|HEAP_ALLOCATE|[26]|Bytes:5
04:25:55.0 (32021307)|HEAP_ALLOCATE|[26]|Bytes:12
04:25:55.0 (32028219)|VARIABLE_SCOPE_BEGIN|[26]|pro|Project__c|true|false
04:25:55.0 (32043779)|VARIABLE_ASSIGNMENT|[26]|pro|{"Company_project_code (3 more) ...":"101-TRN-COM-041","Id":"a057F0000039u2KQAQ"}|0x7b12cf07
04:25:55.0 (32049175)|STATEMENT_EXECUTE|[26]
04:25:55.0 (32050286)|STATEMENT_EXECUTE|[27]
04:25:55.0 (32056964)|HEAP_ALLOCATE|[27]|Bytes:18
04:25:55.0 (32067487)|HEAP_ALLOCATE|[EXTERNAL]|Bytes:4
04:25:55.0 (32077706)|HEAP_ALLOCATE|[26]|Bytes:5
04:25:55.0 (32087677)|VARIABLE_ASSIGNMENT|[26]|pro|null|
04:25:55.0 (32092914)|STATEMENT_EXECUTE|[29]
04:25:55.0 (32097846)|SYSTEM_MODE_EXIT|false
04:25:55.0 (32235456)|SYSTEM_MODE_ENTER|true
04:25:55.0 (33878609)|SYSTEM_MODE_ENTER|true
04:25:55.0 (33921702)|HEAP_ALLOCATE|[EXTERNAL]|Bytes:40
04:25:55.0 (33931926)|VARIABLE_SCOPE_BEGIN|[49]|this|PM_Job_New_Controller|true|false
04:25:55.0 (34120447)|VARIABLE_ASSIGNMENT|[49]|this|{"cpCode":"a057F0000039u2AQAQ","job":"0x696b95f4","project":"0x2915050a","projectList":"0x56ec3806"}|0xbb6eacc
04:25:55.0 (34148537)|SYSTEM_MODE_ENTER|false
04:25:55.0 (34156295)|HEAP_ALLOCATE|[50]|Bytes:5
04:25:55.0 (34161724)|STATEMENT_EXECUTE|[49]
04:25:55.0 (34163264)|STATEMENT_EXECUTE|[50]
04:25:55.0 (34178291)|HEAP_ALLOCATE|[50]|Bytes:4
04:25:55.0 (34207609)|VARIABLE_SCOPE_BEGIN|[50]|ufp|List<System.SelectOption>|true|false
04:25:55.0 (34237261)|HEAP_ALLOCATE|[EXTERNAL]|Bytes:4
04:25:55.0 (34248001)|VARIABLE_ASSIGNMENT|[50]|ufp|[]|0x6971ff59
04:25:55.0 (34253736)|STATEMENT_EXECUTE|[51]
04:25:55.0 (34258089)|HEAP_ALLOCATE|[51]|Bytes:96
04:25:55.0 (34277756)|HEAP_ALLOCATE|[51]|Bytes:4
04:25:55.0 (34289392)|HEAP_ALLOCATE|[51]|Bytes:7
04:25:55.0 (34417442)|VARIABLE_ASSIGNMENT|[EXTERNAL]|this|{"cpCode":"a057F0000039u2AQAQ","job":"0x696b95f4","project":"0x2915050a","projectList":"0x56ec3806"}|0xbb6eacc
04:25:55.0 (35769109)|SOQL_EXECUTE_BEGIN|[51]|Aggregations:0|SELECT ProjectLink__c, UserLink__c FROM ProjectJobAssociation__c WHERE ProjectLink__c = :tmpVar1
04:25:55.0 (50329971)|SOQL_EXECUTE_END|[51]|Rows:5
04:25:55.0 (50365955)|HEAP_ALLOCATE|[51]|Bytes:24
04:25:55.0 (50398160)|HEAP_ALLOCATE|[51]|Bytes:490
04:25:55.0 (50506602)|HEAP_ALLOCATE|[51]|Bytes:24
04:25:55.0 (50535884)|VARIABLE_SCOPE_BEGIN|[51]|userInProject|List<ProjectJobAssociation__c>|true|false
04:25:55.0 (50582824)|VARIABLE_ASSIGNMENT|[51]|userInProject|[{"ProjectLink__c":"a057F0000039u2AQAQ","UserLink__c":"0057F000000TpdFQAS","Id":"a087F000009K8HWQA0"},{"ProjectLink__c":"a057F0000039u2AQAQ","UserLink__c":"0057F000000TrBGQA0","Id":"a087F000009K8HXQA0"},{"ProjectLink__c":"a057F0000039u2AQAQ","UserLink__c":"0057F000000TrBVQA0","Id":"a087F000009K8HYQA0"},{"ProjectLink__c":"a057F0000039u2AQAQ","UserLink__c":"0057F000000Tz0iQAC","Id":"a087F000009K8HZQA0"},{"ProjectLink__c":"a057F0000039u2AQAQ","UserLink__c":"0057F000000Tz0sQAC","Id":"a087F000009K8HaQAK"}]|0xa345114
04:25:55.0 (50796907)|HEAP_ALLOCATE|[52]|Bytes:5
04:25:55.0 (50824078)|HEAP_ALLOCATE|[52]|Bytes:16
04:25:55.0 (50835228)|VARIABLE_SCOPE_BEGIN|[52]|pja|ProjectJobAssociation__c|true|false
04:25:55.0 (50851872)|VARIABLE_ASSIGNMENT|[52]|pja|{"ProjectLink__c":"a057F0000039u2AQAQ","UserLink__c":"0057F000000TpdFQAS","Id":"a087F000009K8HWQA0"}|0x62c18904
04:25:55.0 (50859821)|STATEMENT_EXECUTE|[52]
04:25:55.0 (50861843)|STATEMENT_EXECUTE|[53]
04:25:55.0 (50867928)|HEAP_ALLOCATE|[53]|Bytes:45
04:25:55.0 (50887545)|HEAP_ALLOCATE|[53]|Bytes:4
04:25:55.0 (52545462)|SOQL_EXECUTE_BEGIN|[53]|Aggregations:0|SELECT LastName FROM User WHERE Id = :tmpVar1
04:25:55.0 (56632754)|SOQL_EXECUTE_END|[53]|Rows:1
04:25:55.0 (56662961)|HEAP_ALLOCATE|[53]|Bytes:8
04:25:55.0 (56684178)|HEAP_ALLOCATE|[53]|Bytes:52
04:25:55.0 (56783835)|HEAP_ALLOCATE|[53]|Bytes:8
04:25:55.0 (56804467)|HEAP_ALLOCATE|[53]|Bytes:30
04:25:55.0 (56861140)|HEAP_ALLOCATE|[53]|Bytes:12
04:25:55.0 (56877298)|VARIABLE_SCOPE_BEGIN|[53]|user|User|true|false
04:25:55.0 (56899341)|VARIABLE_ASSIGNMENT|[53]|user|{"LastName":"Mani Sasank","Id":"0057F000000TpdFQAS"}|0x44e03caa
04:25:55.0 (56910060)|STATEMENT_EXECUTE|[54]
04:25:55.0 (56940271)|HEAP_ALLOCATE|[54]|Bytes:18
04:25:55.0 (57064213)|HEAP_ALLOCATE|[EXTERNAL]|Bytes:4
04:25:55.0 (57105162)|HEAP_ALLOCATE|[52]|Bytes:5
04:25:55.0 (57131705)|HEAP_ALLOCATE|[52]|Bytes:16
04:25:55.0 (57146922)|VARIABLE_SCOPE_BEGIN|[52]|pja|ProjectJobAssociation__c|true|false
04:25:55.0 (57171972)|VARIABLE_ASSIGNMENT|[52]|pja|{"ProjectLink__c":"a057F0000039u2AQAQ","UserLink__c":"0057F000000TrBGQA0","Id":"a087F000009K8HXQA0"}|0x66bf9a6f
04:25:55.0 (57183463)|STATEMENT_EXECUTE|[52]
04:25:55.0 (57185458)|STATEMENT_EXECUTE|[53]
04:25:55.0 (57203208)|HEAP_ALLOCATE|[53]|Bytes:4
04:25:55.0 (57413918)|SOQL_EXECUTE_BEGIN|[53]|Aggregations:0|SELECT LastName FROM User WHERE Id = :tmpVar1
04:25:55.0 (62826366)|SOQL_EXECUTE_END|[53]|Rows:1
04:25:55.0 (62845955)|HEAP_ALLOCATE|[53]|Bytes:8
04:25:55.0 (62860420)|HEAP_ALLOCATE|[53]|Bytes:50
04:25:55.0 (62897582)|HEAP_ALLOCATE|[53]|Bytes:8
04:25:55.0 (62919323)|HEAP_ALLOCATE|[53]|Bytes:12
04:25:55.0 (62927024)|VARIABLE_SCOPE_BEGIN|[53]|user|User|true|false
04:25:55.0 (62945018)|VARIABLE_ASSIGNMENT|[53]|user|{"LastName":"Ravi teja","Id":"0057F000000TrBGQA0"}|0x3899585b
04:25:55.0 (62951887)|STATEMENT_EXECUTE|[54]
04:25:55.0 (62966540)|HEAP_ALLOCATE|[54]|Bytes:18
04:25:55.0 (62996905)|HEAP_ALLOCATE|[EXTERNAL]|Bytes:4
04:25:55.0 (63016735)|HEAP_ALLOCATE|[52]|Bytes:5
04:25:55.0 (63032324)|HEAP_ALLOCATE|[52]|Bytes:16
04:25:55.0 (63041817)|VARIABLE_SCOPE_BEGIN|[52]|pja|ProjectJobAssociation__c|true|false
04:25:55.0 (63057128)|VARIABLE_ASSIGNMENT|[52]|pja|{"ProjectLink__c":"a057F0000039u2AQAQ","UserLink__c":"0057F000000TrBVQA0","Id":"a087F000009K8HYQA0"}|0x5255020f
04:25:55.0 (63063566)|STATEMENT_EXECUTE|[52]
04:25:55.0 (63064781)|STATEMENT_EXECUTE|[53]
04:25:55.0 (63077648)|HEAP_ALLOCATE|[53]|Bytes:4
04:25:55.0 (63224018)|SOQL_EXECUTE_BEGIN|[53]|Aggregations:0|SELECT LastName FROM User WHERE Id = :tmpVar1
04:25:55.0 (66074605)|SOQL_EXECUTE_END|[53]|Rows:1
04:25:55.0 (66093191)|HEAP_ALLOCATE|[53]|Bytes:8
04:25:55.0 (66106366)|HEAP_ALLOCATE|[53]|Bytes:50
04:25:55.0 (66140096)|HEAP_ALLOCATE|[53]|Bytes:8
04:25:55.0 (66159003)|HEAP_ALLOCATE|[53]|Bytes:12
04:25:55.0 (66166437)|VARIABLE_SCOPE_BEGIN|[53]|user|User|true|false
04:25:55.0 (66184196)|VARIABLE_ASSIGNMENT|[53]|user|{"LastName":"Yashwanth","Id":"0057F000000TrBVQA0"}|0x3a2b29f5
04:25:55.0 (66190119)|STATEMENT_EXECUTE|[54]
04:25:55.0 (66202496)|HEAP_ALLOCATE|[54]|Bytes:18
04:25:55.0 (66223989)|HEAP_ALLOCATE|[EXTERNAL]|Bytes:4
04:25:55.0 (66242486)|HEAP_ALLOCATE|[52]|Bytes:5
04:25:55.0 (66255636)|HEAP_ALLOCATE|[52]|Bytes:16
04:25:55.0 (66262424)|VARIABLE_SCOPE_BEGIN|[52]|pja|ProjectJobAssociation__c|true|false
04:25:55.0 (66277251)|VARIABLE_ASSIGNMENT|[52]|pja|{"ProjectLink__c":"a057F0000039u2AQAQ","UserLink__c":"0057F000000Tz0iQAC","Id":"a087F000009K8HZQA0"}|0x7793de7d
04:25:55.0 (66283712)|STATEMENT_EXECUTE|[52]
04:25:55.0 (66284985)|STATEMENT_EXECUTE|[53]
04:25:55.0 (66296241)|HEAP_ALLOCATE|[53]|Bytes:4
04:25:55.0 (66428720)|SOQL_EXECUTE_BEGIN|[53]|Aggregations:0|SELECT LastName FROM User WHERE Id = :tmpVar1
04:25:55.0 (69105359)|SOQL_EXECUTE_END|[53]|Rows:1
04:25:55.0 (69123582)|HEAP_ALLOCATE|[53]|Bytes:8
04:25:55.0 (69136523)|HEAP_ALLOCATE|[53]|Bytes:46
04:25:55.0 (69178870)|HEAP_ALLOCATE|[53]|Bytes:8
04:25:55.0 (69207966)|HEAP_ALLOCATE|[53]|Bytes:12
04:25:55.0 (69221220)|VARIABLE_SCOPE_BEGIN|[53]|user|User|true|false
04:25:55.0 (69245862)|VARIABLE_ASSIGNMENT|[53]|user|{"LastName":"Richa","Id":"0057F000000Tz0iQAC"}|0x19e857e8
04:25:55.0 (69256572)|STATEMENT_EXECUTE|[54]
04:25:55.0 (69273083)|HEAP_ALLOCATE|[54]|Bytes:18
04:25:55.0 (69304186)|HEAP_ALLOCATE|[EXTERNAL]|Bytes:4
04:25:55.0 (69328877)|HEAP_ALLOCATE|[52]|Bytes:5
04:25:55.0 (69348132)|HEAP_ALLOCATE|[52]|Bytes:16
04:25:55.0 (69359514)|VARIABLE_SCOPE_BEGIN|[52]|pja|ProjectJobAssociation__c|true|false
04:25:55.0 (69383960)|VARIABLE_ASSIGNMENT|[52]|pja|{"ProjectLink__c":"a057F0000039u2AQAQ","UserLink__c":"0057F000000Tz0sQAC","Id":"a087F000009K8HaQAK"}|0x1974e022
04:25:55.0 (69395046)|STATEMENT_EXECUTE|[52]
04:25:55.0 (69397064)|STATEMENT_EXECUTE|[53]
04:25:55.0 (69411701)|HEAP_ALLOCATE|[53]|Bytes:4
04:25:55.0 (69579639)|SOQL_EXECUTE_BEGIN|[53]|Aggregations:0|SELECT LastName FROM User WHERE Id = :tmpVar1
04:25:55.0 (72453096)|SOQL_EXECUTE_END|[53]|Rows:1
04:25:55.0 (72471333)|HEAP_ALLOCATE|[53]|Bytes:8
04:25:55.0 (72483720)|HEAP_ALLOCATE|[53]|Bytes:48
04:25:55.0 (72513423)|HEAP_ALLOCATE|[53]|Bytes:8
04:25:55.0 (72531602)|HEAP_ALLOCATE|[53]|Bytes:12
04:25:55.0 (72538597)|VARIABLE_SCOPE_BEGIN|[53]|user|User|true|false
04:25:55.0 (72555765)|VARIABLE_ASSIGNMENT|[53]|user|{"LastName":"Veeresh","Id":"0057F000000Tz0sQAC"}|0x1b720321
04:25:55.0 (72561882)|STATEMENT_EXECUTE|[54]
04:25:55.0 (72572750)|HEAP_ALLOCATE|[54]|Bytes:18
04:25:55.0 (72591985)|HEAP_ALLOCATE|[EXTERNAL]|Bytes:4
04:25:55.0 (72608450)|HEAP_ALLOCATE|[52]|Bytes:5
04:25:55.0 (72621398)|VARIABLE_ASSIGNMENT|[52]|pja|null|
04:25:55.0 (72626870)|STATEMENT_EXECUTE|[56]
04:25:55.0 (72632337)|SYSTEM_MODE_EXIT|false
04:25:55.0 (72801609)|SYSTEM_MODE_ENTER|true
04:25:55.0 (72937292)|SYSTEM_MODE_ENTER|true
04:25:55.0 (73088560)|SYSTEM_MODE_ENTER|true
04:25:55.0 (73249354)|SYSTEM_MODE_ENTER|true
04:25:55.0 (74136076)|SYSTEM_MODE_ENTER|true
04:25:55.74 (74632280)|SYSTEM_MODE_ENTER|true
04:25:55.74 (74702093)|HEAP_ALLOCATE|[EXTERNAL]|Bytes:8
04:25:55.74 (74712629)|VARIABLE_SCOPE_BEGIN|[88]|this|ApexPage.PageMessagesComponentController|true|false
04:25:55.74 (74744850)|VARIABLE_ASSIGNMENT|[88]|this|{}|0x6e4913de
04:25:55.74 (74751222)|VARIABLE_SCOPE_BEGIN|[88]|escape|Boolean|false|false
04:25:55.74 (74758030)|VARIABLE_ASSIGNMENT|[88]|escape|null
04:25:55.0 (74830123)|SYSTEM_MODE_ENTER|true
04:25:55.0 (74855292)|HEAP_ALLOCATE|[EXTERNAL]|Bytes:4
04:25:55.0 (74860114)|HEAP_ALLOCATE|[EXTERNAL]|Bytes:40
04:25:55.0 (74947479)|VARIABLE_ASSIGNMENT|[EXTERNAL]|this.cpCode|"a057F0000039u2AQAQ"|0xbb6eacc
04:25:55.0 (75031666)|SYSTEM_MODE_ENTER|true
04:25:55.75 (75591310)|HEAP_ALLOCATE|[EXTERNAL]|Bytes:-4
04:25:55.75 (75702883)|HEAP_ALLOCATE|[EXTERNAL]|Bytes:-4
04:25:55.75 (75809677)|HEAP_ALLOCATE|[EXTERNAL]|Bytes:-4
04:25:55.0 (76038157)|SYSTEM_MODE_ENTER|true
04:25:55.0 (76062271)|HEAP_ALLOCATE|[EXTERNAL]|Bytes:4
04:25:55.0 (76067535)|HEAP_ALLOCATE|[EXTERNAL]|Bytes:40
04:25:55.0 (76133241)|VARIABLE_ASSIGNMENT|[EXTERNAL]|this.production_resource|"0057F000000TpdFQAS"|0xbb6eacc
04:25:55.0 (76186398)|SYSTEM_MODE_ENTER|true
04:25:55.0 (76204804)|HEAP_ALLOCATE|[EXTERNAL]|Bytes:4
04:25:55.0 (76209234)|HEAP_ALLOCATE|[EXTERNAL]|Bytes:40
04:25:55.0 (76267930)|VARIABLE_ASSIGNMENT|[EXTERNAL]|this.qc_resource|"0057F000000TpdFQAS"|0xbb6eacc
04:25:55.0 (76328785)|SYSTEM_MODE_ENTER|true
04:25:55.0 (76355556)|HEAP_ALLOCATE|[EXTERNAL]|Bytes:4
04:25:55.0 (76360327)|HEAP_ALLOCATE|[EXTERNAL]|Bytes:40
04:25:55.0 (76419150)|VARIABLE_ASSIGNMENT|[EXTERNAL]|this.qa_resource|"0057F000000TpdFQAS"|0xbb6eacc
04:25:55.0 (76469747)|SYSTEM_MODE_ENTER|true
04:25:55.0 (76485635)|HEAP_ALLOCATE|[EXTERNAL]|Bytes:4
04:25:55.0 (76489838)|HEAP_ALLOCATE|[EXTERNAL]|Bytes:40
04:25:55.0 (76545216)|VARIABLE_ASSIGNMENT|[EXTERNAL]|this.delivery_resource|"0057F000000TpdFQAS"|0xbb6eacc
04:25:55.0 (76884152)|SYSTEM_MODE_ENTER|true
04:25:55.0 (76907401)|HEAP_ALLOCATE|[EXTERNAL]|Bytes:40
04:25:55.0 (76916947)|VARIABLE_ASSIGNMENT|[EXTERNAL]|this.jobCriticality|null|0xbb6eacc
04:25:55.0 (77234462)|HEAP_ALLOCATE|[EXTERNAL]|Bytes:40
04:25:55.0 (77251238)|VARIABLE_SCOPE_BEGIN|[59]|this|PM_Job_New_Controller|true|false
04:25:55.0 (77446389)|VARIABLE_ASSIGNMENT|[59]|this|{"cpCode":"a057F0000039u2AQAQ","delivery_resource":"0057F000000TpdFQAS","job":"0x696b95f4","production_resource":"0057F000000TpdFQAS","project":"0x2915050a","projectList":"0x56ec3806","qa_resource":"0057F000000TpdFQAS","qc_resource":"0057F000000TpdFQAS"}|0xbb6eacc
04:25:55.0 (77489891)|SYSTEM_MODE_ENTER|false
04:25:55.0 (77503047)|HEAP_ALLOCATE|[60]|Bytes:5
04:25:55.0 (77511627)|STATEMENT_EXECUTE|[59]
04:25:55.0 (77513795)|STATEMENT_EXECUTE|[60]
04:25:55.0 (77565122)|HEAP_ALLOCATE|[60]|Bytes:12
04:25:55.0 (77576870)|VARIABLE_SCOPE_BEGIN|[60]|estim_total_time|Double|false|false
04:25:55.0 (77594383)|VARIABLE_ASSIGNMENT|[60]|estim_total_time|1.0
04:25:55.0 (77601235)|STATEMENT_EXECUTE|[61]
04:25:55.0 (77612603)|HEAP_ALLOCATE|[61]|Bytes:28
04:25:55.0 (77790480)|VARIABLE_ASSIGNMENT|[EXTERNAL]|this|{"cpCode":"a057F0000039u2AQAQ","delivery_resource":"0057F000000TpdFQAS","job":"0x696b95f4","production_resource":"0057F000000TpdFQAS","project":"0x2915050a","projectList":"0x56ec3806","qa_resource":"0057F000000TpdFQAS","qc_resource":"0057F000000TpdFQAS"}|0xbb6eacc
04:25:55.0 (77869876)|HEAP_ALLOCATE|[61]|Bytes:28
04:25:55.0 (77944680)|HEAP_ALLOCATE|[61]|Bytes:28
04:25:55.0 (77999909)|HEAP_ALLOCATE|[61]|Bytes:28
04:25:55.0 (78081788)|HEAP_ALLOCATE|[61]|Bytes:28
04:25:55.0 (78090956)|HEAP_ALLOCATE|[61]|Bytes:28
04:25:55.0 (78172814)|HEAP_ALLOCATE|[61]|Bytes:-4
04:25:55.0 (78188799)|VARIABLE_ASSIGNMENT|[61]|this.Production_Hours_Estimated__c|0.5|0x696b95f4
04:25:55.0 (78195013)|STATEMENT_EXECUTE|[62]
04:25:55.0 (78201798)|HEAP_ALLOCATE|[62]|Bytes:28
04:25:55.0 (78350850)|VARIABLE_ASSIGNMENT|[EXTERNAL]|this|{"cpCode":"a057F0000039u2AQAQ","delivery_resource":"0057F000000TpdFQAS","job":"0x696b95f4","production_resource":"0057F000000TpdFQAS","project":"0x2915050a","projectList":"0x56ec3806","qa_resource":"0057F000000TpdFQAS","qc_resource":"0057F000000TpdFQAS"}|0xbb6eacc
04:25:55.0 (78394466)|HEAP_ALLOCATE|[62]|Bytes:28
04:25:55.0 (78419517)|HEAP_ALLOCATE|[62]|Bytes:28
04:25:55.0 (78432546)|HEAP_ALLOCATE|[62]|Bytes:28
04:25:55.0 (78467194)|HEAP_ALLOCATE|[62]|Bytes:28
04:25:55.0 (78471097)|HEAP_ALLOCATE|[62]|Bytes:28
04:25:55.0 (78513119)|HEAP_ALLOCATE|[62]|Bytes:-4
04:25:55.0 (78524708)|VARIABLE_ASSIGNMENT|[62]|this.QC_Hours_Estimated__c|0.25|0x696b95f4
04:25:55.0 (78530283)|STATEMENT_EXECUTE|[63]
04:25:55.0 (78535812)|HEAP_ALLOCATE|[63]|Bytes:28
04:25:55.0 (78651904)|VARIABLE_ASSIGNMENT|[EXTERNAL]|this|{"cpCode":"a057F0000039u2AQAQ","delivery_resource":"0057F000000TpdFQAS","job":"0x696b95f4","production_resource":"0057F000000TpdFQAS","project":"0x2915050a","projectList":"0x56ec3806","qa_resource":"0057F000000TpdFQAS","qc_resource":"0057F000000TpdFQAS"}|0xbb6eacc
04:25:55.0 (78689880)|HEAP_ALLOCATE|[63]|Bytes:28
04:25:55.0 (78711986)|HEAP_ALLOCATE|[63]|Bytes:28
04:25:55.0 (78723809)|HEAP_ALLOCATE|[63]|Bytes:28
04:25:55.0 (78756205)|HEAP_ALLOCATE|[63]|Bytes:28
04:25:55.0 (78759959)|HEAP_ALLOCATE|[63]|Bytes:28
04:25:55.0 (78798410)|HEAP_ALLOCATE|[63]|Bytes:-4
04:25:55.0 (78809869)|VARIABLE_ASSIGNMENT|[63]|this.QA_Hours_Estimated__c|0.15|0x696b95f4
04:25:55.0 (78815335)|STATEMENT_EXECUTE|[64]
04:25:55.0 (78820321)|HEAP_ALLOCATE|[64]|Bytes:28
04:25:55.0 (78933941)|VARIABLE_ASSIGNMENT|[EXTERNAL]|this|{"cpCode":"a057F0000039u2AQAQ","delivery_resource":"0057F000000TpdFQAS","job":"0x696b95f4","production_resource":"0057F000000TpdFQAS","project":"0x2915050a","projectList":"0x56ec3806","qa_resource":"0057F000000TpdFQAS","qc_resource":"0057F000000TpdFQAS"}|0xbb6eacc
04:25:55.0 (78975522)|HEAP_ALLOCATE|[64]|Bytes:28
04:25:55.0 (79000749)|HEAP_ALLOCATE|[64]|Bytes:28
04:25:55.0 (79019836)|HEAP_ALLOCATE|[64]|Bytes:28
04:25:55.0 (79064528)|HEAP_ALLOCATE|[64]|Bytes:28
04:25:55.0 (79068926)|HEAP_ALLOCATE|[64]|Bytes:28
04:25:55.0 (79109449)|HEAP_ALLOCATE|[64]|Bytes:-4
04:25:55.0 (79120800)|VARIABLE_ASSIGNMENT|[64]|this.Delivery_Hours_Estimated__c|0.1|0x696b95f4
04:25:55.0 (79129549)|SYSTEM_MODE_EXIT|false
04:25:55.84 (84048622)|SYSTEM_MODE_ENTER|true
04:25:55.84 (84105888)|HEAP_ALLOCATE|[EXTERNAL]|Bytes:8
04:25:55.84 (84114275)|VARIABLE_SCOPE_BEGIN|[88]|this|ApexPage.PageMessagesComponentController|true|false
04:25:55.84 (84140295)|VARIABLE_ASSIGNMENT|[88]|this|{}|0x6e4913de
04:25:55.84 (84146010)|VARIABLE_SCOPE_BEGIN|[88]|escape|Boolean|false|false
04:25:55.84 (84152878)|VARIABLE_ASSIGNMENT|[88]|escape|null
04:25:55.84 (84256090)|SYSTEM_MODE_ENTER|true
04:25:55.84 (84286306)|HEAP_ALLOCATE|[EXTERNAL]|Bytes:8
04:25:55.84 (84292433)|VARIABLE_SCOPE_BEGIN|[2]|this|ApexPage.PageMessagesComponentController|true|false
04:25:55.84 (84310390)|VARIABLE_ASSIGNMENT|[2]|this|{}|0x6e4913de
04:25:55.0 (84728078)|SYSTEM_MODE_ENTER|true
04:25:55.0 (90553045)|VF_SERIALIZE_VIEWSTATE_BEGIN|0667F000005aHSA
04:25:55.0 (94722469)|VF_SERIALIZE_VIEWSTATE_END
04:25:55.97 (97694433)|CUMULATIVE_LIMIT_USAGE
04:25:55.97 (97694433)|LIMIT_USAGE_FOR_NS|(default)|
  Number of SOQL queries: 6 out of 100
  Number of query rows: 10 out of 50000
  Number of SOSL queries: 0 out of 20
  Number of DML statements: 0 out of 150
  Number of DML rows: 0 out of 10000
  Maximum CPU time: 0 out of 10000
  Maximum heap size: 0 out of 6000000
  Number of callouts: 0 out of 100
  Number of Email Invocations: 0 out of 10
  Number of future calls: 0 out of 50
  Number of queueable jobs added to the queue: 0 out of 50
  Number of Mobile Apex push calls: 0 out of 10

04:25:55.97 (97694433)|CUMULATIVE_LIMIT_USAGE_END

04:25:55.0 (97726059)|CODE_UNIT_FINISHED|VF: /apex/PM_Job_New
04:25:55.0 (98536153)|EXECUTION_FINISHED
