41.0 APEX_CODE,FINEST;APEX_PROFILING,INFO;CALLOUT,INFO;DB,INFO;SYSTEM,DEBUG;VALIDATION,INFO;VISUALFORCE,INFO;WAVE,INFO;WORKFLOW,INFO
07:49:20.0 (285597)|USER_INFO|[EXTERNAL]|0057F000000Tiz6|ksb994@salesforce.com|Pacific Standard Time|GMT-08:00
07:49:20.0 (310994)|EXECUTION_STARTED
07:49:20.0 (313833)|CODE_UNIT_STARTED|[EXTERNAL]|0667F000004uMWq|VF: /apex/PM_Project_View
07:49:20.0 (5467200)|SYSTEM_MODE_ENTER|true
07:49:20.0 (5780976)|HEAP_ALLOCATE|[72]|Bytes:3
07:49:20.0 (5807870)|HEAP_ALLOCATE|[77]|Bytes:152
07:49:20.0 (5820768)|HEAP_ALLOCATE|[342]|Bytes:408
07:49:20.0 (5834613)|HEAP_ALLOCATE|[355]|Bytes:408
07:49:20.0 (5847091)|HEAP_ALLOCATE|[467]|Bytes:48
07:49:20.0 (5869659)|HEAP_ALLOCATE|[139]|Bytes:6
07:49:20.0 (5882333)|HEAP_ALLOCATE|[EXTERNAL]|Bytes:88
07:49:20.0 (5887170)|HEAP_ALLOCATE|[EXTERNAL]|Bytes:9
07:49:20.0 (5894535)|METHOD_ENTRY|[1]|01p7F00000EhrfL|PM_Project_EditRedirect_Controller.PM_Project_EditRedirect_Controller()
07:49:20.0 (5900862)|STATEMENT_EXECUTE|[1]
07:49:20.0 (5904138)|STATEMENT_EXECUTE|[1]
07:49:20.0 (5929787)|HEAP_ALLOCATE|[50]|Bytes:5
07:49:20.0 (5948411)|HEAP_ALLOCATE|[56]|Bytes:5
07:49:20.0 (5955843)|HEAP_ALLOCATE|[64]|Bytes:7
07:49:20.0 (5974911)|SYSTEM_MODE_ENTER|false
07:49:20.0 (5984027)|HEAP_ALLOCATE|[EXTERNAL]|Bytes:5
07:49:20.0 (5990854)|SYSTEM_MODE_EXIT|false
07:49:20.0 (5996620)|METHOD_EXIT|[1]|PM_Project_EditRedirect_Controller
07:49:20.0 (6007411)|HEAP_ALLOCATE|[EXTERNAL]|Bytes:8
07:49:20.0 (6020952)|VARIABLE_SCOPE_BEGIN|[8]|this|PM_Project_EditRedirect_Controller|true|false
07:49:20.0 (6054228)|VARIABLE_ASSIGNMENT|[8]|this|{}|0x66e43817
07:49:20.0 (6061721)|VARIABLE_SCOPE_BEGIN|[8]|stdController|ApexPages.StandardController|true|false
07:49:20.0 (6189196)|VARIABLE_ASSIGNMENT|[8]|stdController|"StandardController [null]"|0x22c16784
07:49:20.0 (6210154)|SYSTEM_MODE_ENTER|false
07:49:20.0 (6216174)|HEAP_ALLOCATE|[9]|Bytes:5
07:49:20.0 (6220771)|STATEMENT_EXECUTE|[1]
07:49:20.0 (6225152)|HEAP_ALLOCATE|[9]|Bytes:5
07:49:20.0 (6228590)|STATEMENT_EXECUTE|[3]
07:49:20.0 (6235826)|HEAP_ALLOCATE|[9]|Bytes:6
07:49:20.0 (6261503)|STATEMENT_EXECUTE|[8]
07:49:20.0 (6262738)|STATEMENT_EXECUTE|[9]
07:49:20.0 (11631637)|HEAP_ALLOCATE|[9]|Bytes:8
07:49:20.0 (11674754)|VARIABLE_ASSIGNMENT|[EXTERNAL]|this|{}|0x66e43817
07:49:20.0 (11691654)|VARIABLE_ASSIGNMENT|[EXTERNAL]|value|{"Id":"a057F0000039WIhQAM"}|0x55ea33e8
07:49:20.0 (11703927)|VARIABLE_ASSIGNMENT|[3]|this.mysObject|{"Id":"a057F0000039WIhQAM"}|0x66e43817
07:49:20.0 (11714969)|SYSTEM_MODE_EXIT|false
07:49:20.0 (11771778)|SYSTEM_MODE_ENTER|true
07:49:20.0 (57592756)|VF_SERIALIZE_VIEWSTATE_BEGIN|0667F000004uMWq
07:49:20.0 (59021414)|VF_SERIALIZE_VIEWSTATE_END
07:49:20.61 (61212992)|CUMULATIVE_LIMIT_USAGE
07:49:20.61 (61212992)|LIMIT_USAGE_FOR_NS|(default)|
  Number of SOQL queries: 0 out of 100
  Number of query rows: 0 out of 50000
  Number of SOSL queries: 0 out of 20
  Number of DML statements: 0 out of 150
  Number of DML rows: 0 out of 10000
  Maximum CPU time: 0 out of 10000
  Maximum heap size: 0 out of 6000000
  Number of callouts: 0 out of 100
  Number of Email Invocations: 0 out of 10
  Number of future calls: 0 out of 50
  Number of queueable jobs added to the queue: 0 out of 50
  Number of Mobile Apex push calls: 0 out of 10

07:49:20.61 (61212992)|CUMULATIVE_LIMIT_USAGE_END

07:49:20.0 (61243340)|CODE_UNIT_FINISHED|VF: /apex/PM_Project_View
07:49:20.0 (61923272)|EXECUTION_FINISHED
