36.0 APEX_CODE,FINEST;APEX_PROFILING,INFO;CALLOUT,INFO;DB,INFO;SYSTEM,DEBUG;VALIDATION,INFO;VISUALFORCE,INFO;WAVE,INFO;WORKFLOW,INFO
00:22:52.0 (309879)|USER_INFO|[EXTERNAL]|0057F000000Tiz6|ksb994@salesforce.com|Pacific Standard Time|GMT-08:00
00:22:52.0 (346108)|EXECUTION_STARTED
00:22:52.0 (349994)|CODE_UNIT_STARTED|[EXTERNAL]|0667F000004uJm5|VF: /apex/PM_Project_New
00:22:52.0 (486183)|VF_DESERIALIZE_VIEWSTATE_BEGIN|0667F000004uJm5
00:22:52.0 (9620865)|HEAP_ALLOCATE|[72]|Bytes:3
00:22:52.0 (9655855)|HEAP_ALLOCATE|[77]|Bytes:152
00:22:52.0 (9671757)|HEAP_ALLOCATE|[342]|Bytes:408
00:22:52.0 (9687304)|HEAP_ALLOCATE|[355]|Bytes:408
00:22:52.0 (9701054)|HEAP_ALLOCATE|[467]|Bytes:48
00:22:52.0 (9726066)|HEAP_ALLOCATE|[139]|Bytes:6
00:22:52.0 (46116682)|VF_DESERIALIZE_VIEWSTATE_END
00:22:52.51 (51291191)|SYSTEM_MODE_ENTER|true
00:22:52.51 (51380993)|HEAP_ALLOCATE|[EXTERNAL]|Bytes:38
00:22:52.51 (51393928)|HEAP_ALLOCATE|[EXTERNAL]|Bytes:7
00:22:52.51 (51408939)|SYSTEM_METHOD_ENTRY|[1]|PageMessagesComponentController.PageMessagesComponentController()
00:22:52.51 (51415323)|STATEMENT_EXECUTE|[1]
00:22:52.52 (52337649)|SYSTEM_MODE_ENTER|true
00:22:52.52 (52393022)|HEAP_ALLOCATE|[EXTERNAL]|Bytes:8
00:22:52.52 (52401114)|VARIABLE_SCOPE_BEGIN|[88]|this|ApexPage.PageMessagesComponentController|true|false
00:22:52.52 (52438601)|VARIABLE_ASSIGNMENT|[88]|this|{}|0xe9efa2d
00:22:52.52 (52444881)|VARIABLE_SCOPE_BEGIN|[88]|escape|Boolean|false|false
00:22:52.52 (52452504)|VARIABLE_ASSIGNMENT|[88]|escape|null
00:22:52.0 (63156345)|SYSTEM_MODE_ENTER|true
00:22:52.0 (63194061)|HEAP_ALLOCATE|[EXTERNAL]|Bytes:164
00:22:52.0 (63206056)|HEAP_ALLOCATE|[EXTERNAL]|Bytes:12
00:22:52.0 (63216193)|METHOD_ENTRY|[5]|01p7F00000Ehg8E|MultiselectController.MultiselectController()
00:22:52.0 (63222673)|STATEMENT_EXECUTE|[5]
00:22:52.0 (63226666)|STATEMENT_EXECUTE|[5]
00:22:52.0 (63239505)|SYSTEM_MODE_ENTER|false
00:22:52.0 (63247554)|HEAP_ALLOCATE|[EXTERNAL]|Bytes:5
00:22:52.0 (63254922)|SYSTEM_MODE_EXIT|false
00:22:52.0 (63262425)|METHOD_EXIT|[5]|MultiselectController
00:22:52.0 (63418048)|SYSTEM_MODE_ENTER|true
00:22:52.0 (63712088)|SYSTEM_MODE_ENTER|true
00:22:52.0 (63925930)|HEAP_ALLOCATE|[EXTERNAL]|Bytes:92
00:22:52.0 (63934979)|HEAP_ALLOCATE|[EXTERNAL]|Bytes:9
00:22:52.0 (63942991)|METHOD_ENTRY|[1]|01p7F00000EhPEd|Project_PM_Controller.Project_PM_Controller()
00:22:52.0 (63948317)|STATEMENT_EXECUTE|[1]
00:22:52.0 (63951291)|STATEMENT_EXECUTE|[1]
00:22:52.0 (63963251)|SYSTEM_MODE_ENTER|false
00:22:52.0 (63970201)|HEAP_ALLOCATE|[EXTERNAL]|Bytes:5
00:22:52.0 (63975728)|SYSTEM_MODE_EXIT|false
00:22:52.0 (63982484)|METHOD_EXIT|[1]|Project_PM_Controller
00:22:52.0 (63992735)|HEAP_ALLOCATE|[EXTERNAL]|Bytes:20
00:22:52.0 (64000018)|VARIABLE_SCOPE_BEGIN|[14]|this|Project_PM_Controller|true|false
00:22:52.0 (64225487)|VARIABLE_ASSIGNMENT|[14]|this|{"controller":"StandardController [[Project__c (]]","project":"0x37fc13b3","selectedUsers":"0x1331763f","usersList":"0x5abecab"}|0x76fb581
00:22:52.0 (64251466)|SYSTEM_MODE_ENTER|false
00:22:52.0 (64258661)|HEAP_ALLOCATE|[15]|Bytes:5
00:22:52.0 (64264018)|STATEMENT_EXECUTE|[14]
00:22:52.0 (64265488)|STATEMENT_EXECUTE|[15]
00:22:52.0 (64269026)|HEAP_ALLOCATE|[15]|Bytes:62
00:22:52.0 (64287508)|HEAP_ALLOCATE|[15]|Bytes:4
00:22:52.0 (65442471)|SOQL_EXECUTE_BEGIN|[15]|Aggregations:0|SELECT Id, Name FROM User WHERE UserRoleId = '00E7F000000Mdri'
00:22:52.0 (70140575)|SOQL_EXECUTE_END|[15]|Rows:6
00:22:52.0 (70163554)|HEAP_ALLOCATE|[15]|Bytes:28
00:22:52.0 (70183996)|HEAP_ALLOCATE|[15]|Bytes:271
00:22:52.0 (70250179)|HEAP_ALLOCATE|[15]|Bytes:28
00:22:52.0 (70265836)|VARIABLE_SCOPE_BEGIN|[15]|users|List<User>|true|false
00:22:52.0 (70286537)|VARIABLE_ASSIGNMENT|[15]|users|"List of size 6 too large to display"|0x2cd179a0
00:22:52.0 (70469934)|HEAP_ALLOCATE|[16]|Bytes:5
00:22:52.0 (70493373)|HEAP_ALLOCATE|[16]|Bytes:12
00:22:52.0 (70502290)|VARIABLE_SCOPE_BEGIN|[16]|usr|User|true|false
00:22:52.0 (70521049)|VARIABLE_ASSIGNMENT|[16]|usr|{"Id":"0057F000000TpdFQAS","Name":"Mani Sasank"}|0x26c52578
00:22:52.0 (70527208)|STATEMENT_EXECUTE|[16]
00:22:52.0 (70528793)|STATEMENT_EXECUTE|[17]
00:22:52.0 (70580089)|HEAP_ALLOCATE|[17]|Bytes:18
00:22:52.0 (70652297)|HEAP_ALLOCATE|[EXTERNAL]|Bytes:4
00:22:52.0 (70671595)|HEAP_ALLOCATE|[16]|Bytes:5
00:22:52.0 (70683398)|HEAP_ALLOCATE|[16]|Bytes:12
00:22:52.0 (70690442)|VARIABLE_SCOPE_BEGIN|[16]|usr|User|true|false
00:22:52.0 (70704426)|VARIABLE_ASSIGNMENT|[16]|usr|{"Id":"0057F000000TrBBQA0","Name":"Santhosh"}|0x65ad5485
00:22:52.0 (70710095)|STATEMENT_EXECUTE|[16]
00:22:52.0 (70711441)|STATEMENT_EXECUTE|[17]
00:22:52.0 (70722767)|HEAP_ALLOCATE|[17]|Bytes:18
00:22:52.0 (70737260)|HEAP_ALLOCATE|[EXTERNAL]|Bytes:4
00:22:52.0 (70748816)|HEAP_ALLOCATE|[16]|Bytes:5
00:22:52.0 (70757680)|HEAP_ALLOCATE|[16]|Bytes:12
00:22:52.0 (70763066)|VARIABLE_SCOPE_BEGIN|[16]|usr|User|true|false
00:22:52.0 (70774474)|VARIABLE_ASSIGNMENT|[16]|usr|{"Id":"0057F000000TrBGQA0","Name":"Ravi teja"}|0x70ddd8e7
00:22:52.0 (70779369)|STATEMENT_EXECUTE|[16]
00:22:52.0 (70780563)|STATEMENT_EXECUTE|[17]
00:22:52.0 (70788009)|HEAP_ALLOCATE|[17]|Bytes:18
00:22:52.0 (70798930)|HEAP_ALLOCATE|[EXTERNAL]|Bytes:4
00:22:52.0 (70809029)|HEAP_ALLOCATE|[16]|Bytes:5
00:22:52.0 (70816959)|HEAP_ALLOCATE|[16]|Bytes:12
00:22:52.0 (70821842)|VARIABLE_SCOPE_BEGIN|[16]|usr|User|true|false
00:22:52.0 (70831646)|VARIABLE_ASSIGNMENT|[16]|usr|{"Id":"0057F000000TrBVQA0","Name":"Yashwanth"}|0x1bd3413
00:22:52.0 (70836145)|STATEMENT_EXECUTE|[16]
00:22:52.0 (70837369)|STATEMENT_EXECUTE|[17]
00:22:52.0 (70844078)|HEAP_ALLOCATE|[17]|Bytes:18
00:22:52.0 (70854160)|HEAP_ALLOCATE|[EXTERNAL]|Bytes:4
00:22:52.0 (70863727)|HEAP_ALLOCATE|[16]|Bytes:5
00:22:52.0 (70871462)|HEAP_ALLOCATE|[16]|Bytes:12
00:22:52.0 (70876297)|VARIABLE_SCOPE_BEGIN|[16]|usr|User|true|false
00:22:52.0 (70886129)|VARIABLE_ASSIGNMENT|[16]|usr|{"Id":"0057F000000Tz0iQAC","Name":"Richa"}|0xe5c3fb9
00:22:52.0 (70890664)|STATEMENT_EXECUTE|[16]
00:22:52.0 (70891792)|STATEMENT_EXECUTE|[17]
00:22:52.0 (70898420)|HEAP_ALLOCATE|[17]|Bytes:18
00:22:52.0 (70907824)|HEAP_ALLOCATE|[EXTERNAL]|Bytes:4
00:22:52.0 (70917029)|HEAP_ALLOCATE|[16]|Bytes:5
00:22:52.0 (70924474)|HEAP_ALLOCATE|[16]|Bytes:12
00:22:52.0 (70929059)|VARIABLE_SCOPE_BEGIN|[16]|usr|User|true|false
00:22:52.0 (70938530)|VARIABLE_ASSIGNMENT|[16]|usr|{"Id":"0057F000000Tz0sQAC","Name":"Veeresh"}|0x1da4b8b
00:22:52.0 (70943003)|STATEMENT_EXECUTE|[16]
00:22:52.0 (70944063)|STATEMENT_EXECUTE|[17]
00:22:52.0 (70949892)|HEAP_ALLOCATE|[17]|Bytes:18
00:22:52.0 (70959478)|HEAP_ALLOCATE|[EXTERNAL]|Bytes:4
00:22:52.0 (70968423)|HEAP_ALLOCATE|[16]|Bytes:5
00:22:52.0 (70977192)|VARIABLE_ASSIGNMENT|[16]|usr|null|
00:22:52.0 (70981099)|STATEMENT_EXECUTE|[19]
00:22:52.0 (70987868)|SYSTEM_MODE_EXIT|false
00:22:52.0 (71111878)|SYSTEM_MODE_ENTER|true
00:22:52.0 (71169991)|HEAP_ALLOCATE|[EXTERNAL]|Bytes:52
00:22:52.0 (71179645)|HEAP_ALLOCATE|[EXTERNAL]|Bytes:20
00:22:52.0 (71192532)|VARIABLE_ASSIGNMENT|[EXTERNAL]|this.leftOptions|"List of size 12 too large to display"|0x5f792eb7
00:22:52.0 (71290890)|SYSTEM_MODE_ENTER|true
00:22:52.0 (71358132)|SYSTEM_MODE_ENTER|true
00:22:52.0 (71388717)|HEAP_ALLOCATE|[EXTERNAL]|Bytes:4
00:22:52.0 (71398122)|HEAP_ALLOCATE|[EXTERNAL]|Bytes:20
00:22:52.0 (71408422)|VARIABLE_ASSIGNMENT|[EXTERNAL]|this.rightOptions|[]|0x5f792eb7
00:22:52.0 (80240488)|SYSTEM_MODE_ENTER|true
00:22:52.0 (80349767)|SYSTEM_MODE_ENTER|true
00:22:52.82 (82452214)|SYSTEM_MODE_ENTER|true
00:22:52.82 (82545025)|HEAP_ALLOCATE|[EXTERNAL]|Bytes:8
00:22:52.82 (82562922)|VARIABLE_SCOPE_BEGIN|[88]|this|ApexPage.PageMessagesComponentController|true|false
00:22:52.82 (82613271)|VARIABLE_ASSIGNMENT|[88]|this|{}|0xe9efa2d
00:22:52.82 (82620910)|VARIABLE_SCOPE_BEGIN|[88]|escape|Boolean|false|false
00:22:52.82 (82628639)|VARIABLE_ASSIGNMENT|[88]|escape|null
00:22:52.82 (82834325)|HEAP_ALLOCATE|[EXTERNAL]|Bytes:-4
00:22:52.83 (83449251)|HEAP_ALLOCATE|[EXTERNAL]|Bytes:-4
00:22:52.83 (83584351)|HEAP_ALLOCATE|[EXTERNAL]|Bytes:-4
00:22:52.0 (84249072)|SYSTEM_MODE_ENTER|true
00:22:52.0 (84315167)|HEAP_ALLOCATE|[EXTERNAL]|Bytes:20
00:22:52.0 (84323848)|HEAP_ALLOCATE|[EXTERNAL]|Bytes:84
00:22:52.0 (84364410)|VARIABLE_ASSIGNMENT|[EXTERNAL]|this|{"leftOptions":"0x5abecab","rightOptions":"0x1331763f"}|0x5f792eb7
00:22:52.0 (84378382)|VARIABLE_ASSIGNMENT|[EXTERNAL]|value|"0057F000000TpdFQAS&M (64 more) ..."
00:22:52.0 (84403371)|SYSTEM_MODE_ENTER|false
00:22:52.0 (84414547)|HEAP_ALLOCATE|[24]|Bytes:5
00:22:52.0 (84420624)|STATEMENT_EXECUTE|[23]
00:22:52.0 (84422344)|STATEMENT_EXECUTE|[24]
00:22:52.0 (84435228)|VARIABLE_ASSIGNMENT|[24]|this.leftOptionsHidden|"0057F000000TpdFQAS&M (64 more) ..."|0x5f792eb7
00:22:52.0 (84440855)|STATEMENT_EXECUTE|[25]
00:22:52.0 (84519647)|VARIABLE_ASSIGNMENT|[EXTERNAL]|this|{"leftOptions":"0x5abecab","leftOptionsHidden":"0057F000000TpdFQAS&M (64 more) ...","rightOptions":"0x1331763f"}|0x5f792eb7
00:22:52.0 (84558888)|METHOD_ENTRY|[25]|01p7F00000Ehg8E|MultiselectController.setOptions(List<System.SelectOption>, String)
00:22:52.0 (84566979)|VARIABLE_SCOPE_BEGIN|[12]|this|MultiselectController|true|false
00:22:52.0 (84609162)|VARIABLE_ASSIGNMENT|[12]|this|{"leftOptions":"0x5abecab","leftOptionsHidden":"0057F000000TpdFQAS&M (64 more) ...","rightOptions":"0x1331763f"}|0x5f792eb7
00:22:52.0 (84621945)|VARIABLE_SCOPE_BEGIN|[12]|options|List<System.SelectOption>|true|false
00:22:52.0 (84638072)|VARIABLE_ASSIGNMENT|[12]|options|"List of size 12 too large to display"|0x5abecab
00:22:52.0 (84643810)|VARIABLE_SCOPE_BEGIN|[12]|value|String|false|false
00:22:52.0 (84651375)|VARIABLE_ASSIGNMENT|[12]|value|"0057F000000TpdFQAS&M (64 more) ..."
00:22:52.0 (84670767)|HEAP_ALLOCATE|[13]|Bytes:5
00:22:52.0 (84676198)|STATEMENT_EXECUTE|[12]
00:22:52.0 (84677592)|STATEMENT_EXECUTE|[13]
00:22:52.0 (84717877)|STATEMENT_EXECUTE|[14]
00:22:52.0 (84722191)|HEAP_ALLOCATE|[14]|Bytes:1
00:22:52.0 (84787454)|HEAP_ALLOCATE|[14]|Bytes:18
00:22:52.0 (84792366)|HEAP_ALLOCATE|[14]|Bytes:13
00:22:52.0 (84794543)|HEAP_ALLOCATE|[14]|Bytes:18
00:22:52.0 (84796654)|HEAP_ALLOCATE|[14]|Bytes:5
00:22:52.0 (84799211)|HEAP_ALLOCATE|[14]|Bytes:18
00:22:52.0 (84801339)|HEAP_ALLOCATE|[14]|Bytes:7
00:22:52.0 (84805199)|HEAP_ALLOCATE|[14]|Bytes:28
00:22:52.0 (84818253)|VARIABLE_SCOPE_BEGIN|[14]|parts|List<String>|true|false
00:22:52.0 (84851755)|HEAP_ALLOCATE|[EXTERNAL]|Bytes:28
00:22:52.0 (84860324)|VARIABLE_ASSIGNMENT|[14]|parts|"List of size 6 too large to display"|0xd827c8
00:22:52.0 (84867433)|STATEMENT_EXECUTE|[15]
00:22:52.0 (84873512)|VARIABLE_SCOPE_BEGIN|[15]|i|Integer|false|false
00:22:52.0 (84880992)|HEAP_ALLOCATE|[15]|Bytes:4
00:22:52.0 (84886591)|VARIABLE_ASSIGNMENT|[15]|i|0
00:22:52.0 (84921320)|STATEMENT_EXECUTE|[15]
00:22:52.0 (84922813)|STATEMENT_EXECUTE|[16]
00:22:52.0 (84934486)|HEAP_ALLOCATE|[16]|Bytes:18
00:22:52.0 (84941002)|HEAP_ALLOCATE|[16]|Bytes:5
00:22:52.0 (85000892)|HEAP_ALLOCATE|[16]|Bytes:15
00:22:52.0 (85013365)|SYSTEM_METHOD_ENTRY|[1]|EncodingUtil.EncodingUtil()
00:22:52.0 (85016963)|STATEMENT_EXECUTE|[1]
00:22:52.0 (85025676)|SYSTEM_METHOD_EXIT|[1]|EncodingUtil
00:22:52.0 (85041752)|METHOD_ENTRY|[16]||System.EncodingUtil.urlDecode(String, String)
00:22:52.0 (85096321)|METHOD_EXIT|[16]||System.EncodingUtil.urlDecode(String, String)
00:22:52.0 (85107858)|HEAP_ALLOCATE|[17]|Bytes:13
00:22:52.0 (85116984)|METHOD_ENTRY|[17]||System.EncodingUtil.urlDecode(String, String)
00:22:52.0 (85142687)|METHOD_EXIT|[17]||System.EncodingUtil.urlDecode(String, String)
00:22:52.0 (85174621)|HEAP_ALLOCATE|[EXTERNAL]|Bytes:4
00:22:52.0 (85181815)|HEAP_ALLOCATE|[15]|Bytes:4
00:22:52.0 (85189305)|VARIABLE_ASSIGNMENT|[15]|i|1
00:22:52.0 (85202187)|STATEMENT_EXECUTE|[15]
00:22:52.0 (85203516)|STATEMENT_EXECUTE|[16]
00:22:52.0 (85208488)|HEAP_ALLOCATE|[16]|Bytes:18
00:22:52.0 (85216402)|METHOD_ENTRY|[16]||System.EncodingUtil.urlDecode(String, String)
00:22:52.0 (85239379)|METHOD_EXIT|[16]||System.EncodingUtil.urlDecode(String, String)
00:22:52.0 (85245185)|HEAP_ALLOCATE|[17]|Bytes:5
00:22:52.0 (85251211)|METHOD_ENTRY|[17]||System.EncodingUtil.urlDecode(String, String)
00:22:52.0 (85266755)|METHOD_EXIT|[17]||System.EncodingUtil.urlDecode(String, String)
00:22:52.0 (85275779)|HEAP_ALLOCATE|[EXTERNAL]|Bytes:4
00:22:52.0 (85280969)|HEAP_ALLOCATE|[15]|Bytes:4
00:22:52.0 (85289207)|VARIABLE_ASSIGNMENT|[15]|i|2
00:22:52.0 (85299357)|STATEMENT_EXECUTE|[15]
00:22:52.0 (85300585)|STATEMENT_EXECUTE|[16]
00:22:52.0 (85304573)|HEAP_ALLOCATE|[16]|Bytes:18
00:22:52.0 (85310633)|METHOD_ENTRY|[16]||System.EncodingUtil.urlDecode(String, String)
00:22:52.0 (85326605)|METHOD_EXIT|[16]||System.EncodingUtil.urlDecode(String, String)
00:22:52.0 (85332167)|HEAP_ALLOCATE|[17]|Bytes:7
00:22:52.0 (85340098)|METHOD_ENTRY|[17]||System.EncodingUtil.urlDecode(String, String)
00:22:52.0 (85356183)|METHOD_EXIT|[17]||System.EncodingUtil.urlDecode(String, String)
00:22:52.0 (85365163)|HEAP_ALLOCATE|[EXTERNAL]|Bytes:4
00:22:52.0 (85370257)|HEAP_ALLOCATE|[15]|Bytes:4
00:22:52.0 (85375276)|VARIABLE_ASSIGNMENT|[15]|i|3
00:22:52.0 (85401583)|METHOD_EXIT|[25]|01p7F00000Ehg8E|MultiselectController.setOptions(List<System.SelectOption>, String)
00:22:52.0 (85412780)|SYSTEM_MODE_EXIT|false
00:22:52.0 (85477123)|SYSTEM_MODE_ENTER|true
00:22:52.0 (85530601)|HEAP_ALLOCATE|[EXTERNAL]|Bytes:20
00:22:52.0 (85539316)|HEAP_ALLOCATE|[EXTERNAL]|Bytes:87
00:22:52.0 (85573512)|VARIABLE_ASSIGNMENT|[EXTERNAL]|this|{"leftOptions":"0x5abecab","leftOptionsHidden":"0057F000000TpdFQAS&M (64 more) ...","rightOptions":"0x1331763f"}|0x5f792eb7
00:22:52.0 (85585080)|VARIABLE_ASSIGNMENT|[EXTERNAL]|value|"0057F000000TrBBQA0&S (67 more) ..."
00:22:52.0 (85628598)|SYSTEM_MODE_ENTER|false
00:22:52.0 (85640684)|HEAP_ALLOCATE|[32]|Bytes:5
00:22:52.0 (85647861)|STATEMENT_EXECUTE|[31]
00:22:52.0 (85649814)|STATEMENT_EXECUTE|[32]
00:22:52.0 (85664712)|VARIABLE_ASSIGNMENT|[32]|this.rightOptionsHidden|"0057F000000TrBBQA0&S (67 more) ..."|0x5f792eb7
00:22:52.0 (85670335)|STATEMENT_EXECUTE|[33]
00:22:52.0 (85716537)|VARIABLE_ASSIGNMENT|[EXTERNAL]|this|{"leftOptions":"0x5abecab","leftOptionsHidden":"0057F000000TpdFQAS&M (64 more) ...","rightOptions":"0x1331763f","rightOptionsHidden":"0057F000000TrBBQA0&S (67 more) ..."}|0x5f792eb7
00:22:52.0 (85738693)|METHOD_ENTRY|[33]|01p7F00000Ehg8E|MultiselectController.setOptions(List<System.SelectOption>, String)
00:22:52.0 (85747831)|VARIABLE_SCOPE_BEGIN|[12]|this|MultiselectController|true|false
00:22:52.0 (85768890)|VARIABLE_ASSIGNMENT|[12]|this|{"leftOptions":"0x5abecab","leftOptionsHidden":"0057F000000TpdFQAS&M (64 more) ...","rightOptions":"0x1331763f","rightOptionsHidden":"0057F000000TrBBQA0&S (67 more) ..."}|0x5f792eb7
00:22:52.0 (85774907)|VARIABLE_SCOPE_BEGIN|[12]|options|List<System.SelectOption>|true|false
00:22:52.0 (85783260)|VARIABLE_ASSIGNMENT|[12]|options|[]|0x1331763f
00:22:52.0 (85787403)|VARIABLE_SCOPE_BEGIN|[12]|value|String|false|false
00:22:52.0 (85794423)|VARIABLE_ASSIGNMENT|[12]|value|"0057F000000TrBBQA0&S (67 more) ..."
00:22:52.0 (85811663)|HEAP_ALLOCATE|[13]|Bytes:5
00:22:52.0 (85815963)|STATEMENT_EXECUTE|[12]
00:22:52.0 (85817265)|STATEMENT_EXECUTE|[13]
00:22:52.0 (85831023)|STATEMENT_EXECUTE|[14]
00:22:52.0 (85858425)|HEAP_ALLOCATE|[14]|Bytes:18
00:22:52.0 (85862977)|HEAP_ALLOCATE|[14]|Bytes:8
00:22:52.0 (85865314)|HEAP_ALLOCATE|[14]|Bytes:18
00:22:52.0 (85868085)|HEAP_ALLOCATE|[14]|Bytes:9
00:22:52.0 (85870194)|HEAP_ALLOCATE|[14]|Bytes:18
00:22:52.0 (85872401)|HEAP_ALLOCATE|[14]|Bytes:11
00:22:52.0 (85875273)|HEAP_ALLOCATE|[14]|Bytes:28
00:22:52.0 (85888078)|VARIABLE_SCOPE_BEGIN|[14]|parts|List<String>|true|false
00:22:52.0 (85911658)|HEAP_ALLOCATE|[EXTERNAL]|Bytes:28
00:22:52.0 (85920170)|VARIABLE_ASSIGNMENT|[14]|parts|"List of size 6 too large to display"|0x68adfa1d
00:22:52.0 (85926038)|STATEMENT_EXECUTE|[15]
00:22:52.0 (85929274)|VARIABLE_SCOPE_BEGIN|[15]|i|Integer|false|false
00:22:52.0 (85935149)|HEAP_ALLOCATE|[15]|Bytes:4
00:22:52.0 (85940348)|VARIABLE_ASSIGNMENT|[15]|i|0
00:22:52.0 (85953387)|STATEMENT_EXECUTE|[15]
00:22:52.0 (85954572)|STATEMENT_EXECUTE|[16]
00:22:52.0 (85959708)|HEAP_ALLOCATE|[16]|Bytes:18
00:22:52.0 (85969232)|METHOD_ENTRY|[16]||System.EncodingUtil.urlDecode(String, String)
00:22:52.0 (85992598)|METHOD_EXIT|[16]||System.EncodingUtil.urlDecode(String, String)
00:22:52.0 (85999036)|HEAP_ALLOCATE|[17]|Bytes:8
00:22:52.0 (86004925)|METHOD_ENTRY|[17]||System.EncodingUtil.urlDecode(String, String)
00:22:52.0 (86021204)|METHOD_EXIT|[17]||System.EncodingUtil.urlDecode(String, String)
00:22:52.0 (86032101)|HEAP_ALLOCATE|[EXTERNAL]|Bytes:4
00:22:52.0 (86038064)|HEAP_ALLOCATE|[15]|Bytes:4
00:22:52.0 (86043204)|VARIABLE_ASSIGNMENT|[15]|i|1
00:22:52.0 (86054130)|STATEMENT_EXECUTE|[15]
00:22:52.0 (86055402)|STATEMENT_EXECUTE|[16]
00:22:52.0 (86059018)|HEAP_ALLOCATE|[16]|Bytes:18
00:22:52.0 (86065514)|METHOD_ENTRY|[16]||System.EncodingUtil.urlDecode(String, String)
00:22:52.0 (86081674)|METHOD_EXIT|[16]||System.EncodingUtil.urlDecode(String, String)
00:22:52.0 (86086398)|HEAP_ALLOCATE|[17]|Bytes:9
00:22:52.0 (86091336)|METHOD_ENTRY|[17]||System.EncodingUtil.urlDecode(String, String)
00:22:52.0 (86104906)|METHOD_EXIT|[17]||System.EncodingUtil.urlDecode(String, String)
00:22:52.0 (86112825)|HEAP_ALLOCATE|[EXTERNAL]|Bytes:4
00:22:52.0 (86117916)|HEAP_ALLOCATE|[15]|Bytes:4
00:22:52.0 (86122947)|VARIABLE_ASSIGNMENT|[15]|i|2
00:22:52.0 (86132797)|STATEMENT_EXECUTE|[15]
00:22:52.0 (86134012)|STATEMENT_EXECUTE|[16]
00:22:52.0 (86137404)|HEAP_ALLOCATE|[16]|Bytes:18
00:22:52.0 (86143652)|METHOD_ENTRY|[16]||System.EncodingUtil.urlDecode(String, String)
00:22:52.0 (86159245)|METHOD_EXIT|[16]||System.EncodingUtil.urlDecode(String, String)
00:22:52.0 (86164169)|HEAP_ALLOCATE|[17]|Bytes:11
00:22:52.0 (86169045)|METHOD_ENTRY|[17]||System.EncodingUtil.urlDecode(String, String)
00:22:52.0 (86186174)|METHOD_EXIT|[17]||System.EncodingUtil.urlDecode(String, String)
00:22:52.0 (86194388)|HEAP_ALLOCATE|[EXTERNAL]|Bytes:4
00:22:52.0 (86199066)|HEAP_ALLOCATE|[15]|Bytes:4
00:22:52.0 (86203817)|VARIABLE_ASSIGNMENT|[15]|i|3
00:22:52.0 (86218481)|METHOD_EXIT|[33]|01p7F00000Ehg8E|MultiselectController.setOptions(List<System.SelectOption>, String)
00:22:52.0 (86224474)|SYSTEM_MODE_EXIT|false
00:22:52.0 (86350228)|SYSTEM_MODE_ENTER|true
00:22:52.0 (86402986)|HEAP_ALLOCATE|[EXTERNAL]|Bytes:16
00:22:52.0 (86409763)|HEAP_ALLOCATE|[EXTERNAL]|Bytes:20
00:22:52.0 (86531639)|VARIABLE_ASSIGNMENT|[EXTERNAL]|this.leftOptions|"common.apex.runtime.impl.ScalarList@2ba3444e"|0x5f792eb7
00:22:52.0 (86654505)|SYSTEM_MODE_ENTER|true
00:22:52.0 (86693370)|HEAP_ALLOCATE|[EXTERNAL]|Bytes:16
00:22:52.0 (86698229)|HEAP_ALLOCATE|[EXTERNAL]|Bytes:20
00:22:52.0 (86766302)|VARIABLE_ASSIGNMENT|[EXTERNAL]|this.rightOptions|"common.apex.runtime.impl.ScalarList@a199f08c"|0x5f792eb7
00:22:52.86 (86919989)|HEAP_ALLOCATE|[EXTERNAL]|Bytes:-4
00:22:52.87 (87040032)|HEAP_ALLOCATE|[EXTERNAL]|Bytes:-4
00:22:52.87 (87174666)|HEAP_ALLOCATE|[EXTERNAL]|Bytes:-4
00:22:52.87 (87274509)|HEAP_ALLOCATE|[EXTERNAL]|Bytes:-4
00:22:52.87 (87407908)|HEAP_ALLOCATE|[EXTERNAL]|Bytes:-4
00:22:52.87 (87540784)|HEAP_ALLOCATE|[EXTERNAL]|Bytes:-4
00:22:52.87 (87714632)|HEAP_ALLOCATE|[EXTERNAL]|Bytes:-4
00:22:52.0 (88442233)|HEAP_ALLOCATE|[EXTERNAL]|Bytes:20
00:22:52.0 (88461687)|VARIABLE_SCOPE_BEGIN|[22]|this|Project_PM_Controller|true|false
00:22:52.0 (88718023)|VARIABLE_ASSIGNMENT|[22]|this|{"controller":"StandardController [[Project__c (Client__c:a047F000002zkUUQAY, Company_project_code__c:sdfe, Name:wef, Units__c:false, Nodes__c:false, Footage__c:false, Miles__c:false, Jobs__c:false, Hours__c:false, Production__c:100)]]","project":"0x37fc13b3","selectedUsers":"0x1331763f","usersList":"0x5abecab"}|0x76fb581
00:22:52.0 (88759453)|SYSTEM_MODE_ENTER|false
00:22:52.0 (88770982)|HEAP_ALLOCATE|[23]|Bytes:5
00:22:52.0 (88779674)|STATEMENT_EXECUTE|[22]
00:22:52.0 (88782034)|STATEMENT_EXECUTE|[23]
00:22:52.0 (88825284)|HEAP_ALLOCATE|[23]|Bytes:4
00:22:52.0 (88971512)|VARIABLE_SCOPE_BEGIN|[23]|newProject|Project__c|true|false
00:22:52.0 (88997635)|VARIABLE_ASSIGNMENT|[23]|newProject|{}|0x5ef12e04
00:22:52.0 (89006941)|STATEMENT_EXECUTE|[24]
00:22:52.0 (89178261)|VARIABLE_ASSIGNMENT|[24]|this.Client__c|"a047F000002zkUUQAY"|0x5ef12e04
00:22:52.0 (89190828)|STATEMENT_EXECUTE|[25]
00:22:52.0 (89243908)|VARIABLE_ASSIGNMENT|[25]|this.End_Customer__c|null|0x5ef12e04
00:22:52.0 (89253983)|STATEMENT_EXECUTE|[26]
00:22:52.0 (89316852)|VARIABLE_ASSIGNMENT|[26]|this.Operation_Region__c|null|0x5ef12e04
00:22:52.0 (89327731)|STATEMENT_EXECUTE|[27]
00:22:52.0 (89370982)|VARIABLE_ASSIGNMENT|[27]|this.Work_Region__c|null|0x5ef12e04
00:22:52.0 (89381549)|STATEMENT_EXECUTE|[28]
00:22:52.0 (89422192)|VARIABLE_ASSIGNMENT|[28]|this.Client_Project_Manager__c|null|0x5ef12e04
00:22:52.0 (89432333)|STATEMENT_EXECUTE|[29]
00:22:52.0 (89463775)|VARIABLE_ASSIGNMENT|[29]|this.Project_code__c|null|0x5ef12e04
00:22:52.0 (89476826)|STATEMENT_EXECUTE|[30]
00:22:52.0 (89526555)|VARIABLE_ASSIGNMENT|[30]|this.Company_project_code__c|"sdfe"|0x5ef12e04
00:22:52.0 (89537761)|STATEMENT_EXECUTE|[31]
00:22:52.0 (89582945)|VARIABLE_ASSIGNMENT|[31]|this.Name|"wef"|0x5ef12e04
00:22:52.0 (89589380)|STATEMENT_EXECUTE|[32]
00:22:52.0 (89611779)|VARIABLE_ASSIGNMENT|[32]|this.Project_Scope__c|null|0x5ef12e04
00:22:52.0 (89617842)|STATEMENT_EXECUTE|[33]
00:22:52.0 (89640372)|VARIABLE_ASSIGNMENT|[33]|this.Cost_Centre__c|null|0x5ef12e04
00:22:52.0 (89645879)|STATEMENT_EXECUTE|[34]
00:22:52.0 (89677394)|VARIABLE_ASSIGNMENT|[34]|this.OffshoreProjectManager__c|null|0x5ef12e04
00:22:52.0 (89682987)|STATEMENT_EXECUTE|[35]
00:22:52.0 (89708093)|VARIABLE_ASSIGNMENT|[35]|this.Team_Lead__c|null|0x5ef12e04
00:22:52.0 (89713214)|STATEMENT_EXECUTE|[36]
00:22:52.0 (89731599)|VARIABLE_ASSIGNMENT|[36]|this.Project_Start_Date__c|null|0x5ef12e04
00:22:52.0 (89736771)|STATEMENT_EXECUTE|[37]
00:22:52.0 (89753911)|VARIABLE_ASSIGNMENT|[37]|this.Project_End_Date__c|null|0x5ef12e04
00:22:52.0 (89758702)|STATEMENT_EXECUTE|[38]
00:22:52.0 (89785900)|VARIABLE_ASSIGNMENT|[38]|this.Units__c|false|0x5ef12e04
00:22:52.0 (89791004)|STATEMENT_EXECUTE|[39]
00:22:52.0 (89813830)|VARIABLE_ASSIGNMENT|[39]|this.Nodes__c|false|0x5ef12e04
00:22:52.0 (89818921)|STATEMENT_EXECUTE|[40]
00:22:52.0 (89841009)|VARIABLE_ASSIGNMENT|[40]|this.Footage__c|false|0x5ef12e04
00:22:52.0 (89845662)|STATEMENT_EXECUTE|[41]
00:22:52.0 (89868312)|VARIABLE_ASSIGNMENT|[41]|this.Miles__c|false|0x5ef12e04
00:22:52.0 (89872934)|STATEMENT_EXECUTE|[42]
00:22:52.0 (89895540)|VARIABLE_ASSIGNMENT|[42]|this.Jobs__c|false|0x5ef12e04
00:22:52.0 (89900433)|STATEMENT_EXECUTE|[43]
00:22:52.0 (89922877)|VARIABLE_ASSIGNMENT|[43]|this.Hours__c|false|0x5ef12e04
00:22:52.0 (89928078)|STATEMENT_EXECUTE|[44]
00:22:52.0 (89957196)|HEAP_ALLOCATE|[44]|Bytes:28
00:22:52.0 (89986117)|VARIABLE_ASSIGNMENT|[44]|this.Production__c|100|0x5ef12e04
00:22:52.0 (89991678)|STATEMENT_EXECUTE|[45]
00:22:52.0 (90012830)|VARIABLE_ASSIGNMENT|[45]|this.QC__c|null|0x5ef12e04
00:22:52.0 (90018736)|STATEMENT_EXECUTE|[46]
00:22:52.0 (90037104)|VARIABLE_ASSIGNMENT|[46]|this.QA__c|null|0x5ef12e04
00:22:52.0 (90041837)|STATEMENT_EXECUTE|[47]
00:22:52.0 (90060885)|VARIABLE_ASSIGNMENT|[47]|this.Delivery__c|null|0x5ef12e04
00:22:52.0 (90065475)|STATEMENT_EXECUTE|[49]
00:22:52.0 (90069235)|HEAP_ALLOCATE|[49]|Bytes:2
00:22:52.0 (90095116)|VARIABLE_ASSIGNMENT|[49]|this.Team__c|"  "|0x5ef12e04
00:22:52.0 (90236184)|VARIABLE_ASSIGNMENT|[EXTERNAL]|this|{"controller":"StandardController [[Project__c (Client__c:a047F000002zkUUQAY, Company_project_code__c:sdfe, Name:wef, Units__c:false, Nodes__c:false, Footage__c:false, Miles__c:false, Jobs__c:false, Hours__c:false, Production__c:100)]]","project":"0x37fc13b3","selectedUsers":"0x1331763f","usersList":"0x5abecab"}|0x76fb581
00:22:52.0 (90288183)|HEAP_ALLOCATE|[50]|Bytes:5
00:22:52.0 (90307375)|HEAP_ALLOCATE|[50]|Bytes:26
00:22:52.0 (90315997)|VARIABLE_SCOPE_BEGIN|[50]|sc|System.SelectOption|true|false
00:22:52.0 (90381128)|VARIABLE_ASSIGNMENT|[50]|sc|"common.apex.runtime.impl.ApexSelectOptionValue@23b15e9"|0x16da53ea
00:22:52.0 (90389998)|STATEMENT_EXECUTE|[50]
00:22:52.0 (90391244)|STATEMENT_EXECUTE|[51]
00:22:52.0 (90451397)|HEAP_ALLOCATE|[51]|Bytes:8
00:22:52.0 (90460186)|HEAP_ALLOCATE|[51]|Bytes:2
00:22:52.0 (90473476)|HEAP_ALLOCATE|[51]|Bytes:10
00:22:52.0 (90478027)|HEAP_ALLOCATE|[51]|Bytes:12
00:22:52.0 (90520795)|VARIABLE_ASSIGNMENT|[51]|this.Team__c|"  Santhosh, "|0x5ef12e04
00:22:52.0 (90541305)|HEAP_ALLOCATE|[50]|Bytes:5
00:22:52.0 (90553822)|HEAP_ALLOCATE|[50]|Bytes:27
00:22:52.0 (90559801)|VARIABLE_SCOPE_BEGIN|[50]|sc|System.SelectOption|true|false
00:22:52.0 (90620229)|VARIABLE_ASSIGNMENT|[50]|sc|"common.apex.runtime.impl.ApexSelectOptionValue@20b5cc0a"|0x25e938b9
00:22:52.0 (90628352)|STATEMENT_EXECUTE|[50]
00:22:52.0 (90629607)|STATEMENT_EXECUTE|[51]
00:22:52.0 (90646021)|HEAP_ALLOCATE|[51]|Bytes:9
00:22:52.0 (90655092)|HEAP_ALLOCATE|[51]|Bytes:11
00:22:52.0 (90659133)|HEAP_ALLOCATE|[51]|Bytes:23
00:22:52.0 (90697755)|VARIABLE_ASSIGNMENT|[51]|this.Team__c|"  Santhosh, Yashwant (3 more) ..."|0x5ef12e04
00:22:52.0 (90715823)|HEAP_ALLOCATE|[50]|Bytes:5
00:22:52.0 (90726980)|HEAP_ALLOCATE|[50]|Bytes:27
00:22:52.0 (90732870)|VARIABLE_SCOPE_BEGIN|[50]|sc|System.SelectOption|true|false
00:22:52.0 (90790142)|VARIABLE_ASSIGNMENT|[50]|sc|"common.apex.runtime.impl.ApexSelectOptionValue@4bc8874e"|0x532b0f75
00:22:52.0 (90797721)|STATEMENT_EXECUTE|[50]
00:22:52.0 (90798898)|STATEMENT_EXECUTE|[51]
00:22:52.0 (90813564)|HEAP_ALLOCATE|[51]|Bytes:9
00:22:52.0 (90822055)|HEAP_ALLOCATE|[51]|Bytes:11
00:22:52.0 (90825747)|HEAP_ALLOCATE|[51]|Bytes:34
00:22:52.0 (90862345)|VARIABLE_ASSIGNMENT|[51]|this.Team__c|"  Santhosh, Yashwant (14 more) ..."|0x5ef12e04
00:22:52.0 (90878828)|HEAP_ALLOCATE|[50]|Bytes:5
00:22:52.0 (90889710)|VARIABLE_ASSIGNMENT|[50]|sc|null|
00:22:52.0 (90894209)|STATEMENT_EXECUTE|[53]
00:22:52.0 (90949771)|HEAP_ALLOCATE|[53]|Bytes:32
00:22:52.0 (90993574)|VARIABLE_ASSIGNMENT|[53]|this.Team__c|"  Santhosh, Yashwant (12 more) ..."|0x5ef12e04
00:22:52.0 (91000111)|STATEMENT_EXECUTE|[55]
00:22:52.0 (91002067)|STATEMENT_EXECUTE|[55]
00:22:52.0 (91003179)|STATEMENT_EXECUTE|[56]
00:22:52.0 (91029113)|HEAP_ALLOCATE|[56]|Bytes:8
00:22:52.0 (91036785)|DML_BEGIN|[56]|Op:Insert|Type:Project__c|Rows:1
00:22:52.0 (91070506)|HEAP_ALLOCATE|[EXTERNAL]|Bytes:8
00:22:52.0 (98709675)|CODE_UNIT_STARTED|[EXTERNAL]|Validation:Project:new
00:22:52.0 (98721658)|VALIDATION_RULE|03d7F0000009D2R|totalpercentage
00:22:52.0 (99073925)|VALIDATION_FORMULA|( IF( ISBLANK(Delivery__c) , 0, Delivery__c)
  +  
IF( ISBLANK(Production__c) , 0, Production__c)
  +
IF( ISBLANK(QC__c) , 0, QC__c)  
 +
IF( ISBLANK(QA__c) , 0, QA__c)
 ) != 100|Delivery__c=null , QC__c=null , QA__c=null , Production__c=100
00:22:52.0 (99088811)|VALIDATION_PASS
00:22:52.0 (99138455)|CODE_UNIT_FINISHED|Validation:Project:new
00:22:52.0 (138676962)|DML_END|[56]
00:22:52.0 (138700895)|STATEMENT_EXECUTE|[62]
00:22:52.0 (138789107)|HEAP_ALLOCATE|[62]|Bytes:4
00:22:52.0 (138869590)|VARIABLE_SCOPE_BEGIN|[62]|pjaList|List<ProjectJobAssociation__c>|true|false
00:22:52.0 (138884169)|HEAP_ALLOCATE|[EXTERNAL]|Bytes:4
00:22:52.0 (138901325)|VARIABLE_ASSIGNMENT|[62]|pjaList|[]|0x69677fd2
00:22:52.0 (139111540)|VARIABLE_ASSIGNMENT|[EXTERNAL]|this|{"controller":"StandardController [[Project__c (Client__c:a047F000002zkUUQAY, Company_project_code__c:sdfe, Name:wef, Units__c:false, Nodes__c:false, Footage__c:false, Miles__c:false, Jobs__c:false, Hours__c:false, Production__c:100)]]","project":"0x37fc13b3","selectedUsers":"0x1331763f","usersList":"0x5abecab"}|0x76fb581
00:22:52.0 (139165214)|HEAP_ALLOCATE|[63]|Bytes:5
00:22:52.0 (139185126)|HEAP_ALLOCATE|[63]|Bytes:26
00:22:52.0 (139194492)|VARIABLE_SCOPE_BEGIN|[63]|sc|System.SelectOption|true|false
00:22:52.0 (139258455)|VARIABLE_ASSIGNMENT|[63]|sc|"common.apex.runtime.impl.ApexSelectOptionValue@23b15e9"|0x16da53ea
00:22:52.0 (139267512)|STATEMENT_EXECUTE|[63]
00:22:52.0 (139269010)|STATEMENT_EXECUTE|[64]
00:22:52.0 (139293782)|HEAP_ALLOCATE|[64]|Bytes:4
00:22:52.0 (139370170)|VARIABLE_SCOPE_BEGIN|[64]|pja|ProjectJobAssociation__c|true|false
00:22:52.0 (139386486)|VARIABLE_ASSIGNMENT|[64]|pja|{}|0x6302ae84
00:22:52.0 (139391835)|STATEMENT_EXECUTE|[65]
00:22:52.0 (140194050)|VARIABLE_ASSIGNMENT|[65]|this.ProjectLink__c|"a057F0000039UetQAE"|0x6302ae84
00:22:52.0 (140205170)|STATEMENT_EXECUTE|[66]
00:22:52.0 (140246738)|HEAP_ALLOCATE|[66]|Bytes:18
00:22:52.0 (140269030)|HEAP_ALLOCATE|[66]|Bytes:4
00:22:52.0 (140320900)|VARIABLE_ASSIGNMENT|[66]|this.UserLink__c|"0057F000000TrBBQA0"|0x6302ae84
00:22:52.0 (140328185)|STATEMENT_EXECUTE|[67]
00:22:52.0 (140381531)|HEAP_ALLOCATE|[EXTERNAL]|Bytes:4
00:22:52.0 (140405449)|HEAP_ALLOCATE|[63]|Bytes:5
00:22:52.0 (140420593)|HEAP_ALLOCATE|[63]|Bytes:27
00:22:52.0 (140427684)|VARIABLE_SCOPE_BEGIN|[63]|sc|System.SelectOption|true|false
00:22:52.0 (140492970)|VARIABLE_ASSIGNMENT|[63]|sc|"common.apex.runtime.impl.ApexSelectOptionValue@20b5cc0a"|0x25e938b9
00:22:52.0 (140501558)|STATEMENT_EXECUTE|[63]
00:22:52.0 (140502825)|STATEMENT_EXECUTE|[64]
00:22:52.0 (140526502)|HEAP_ALLOCATE|[64]|Bytes:4
00:22:52.0 (140540673)|VARIABLE_SCOPE_BEGIN|[64]|pja|ProjectJobAssociation__c|true|false
00:22:52.0 (140552890)|VARIABLE_ASSIGNMENT|[64]|pja|{}|0x493d1846
00:22:52.0 (140558138)|STATEMENT_EXECUTE|[65]
00:22:52.0 (140603645)|VARIABLE_ASSIGNMENT|[65]|this.ProjectLink__c|"a057F0000039UetQAE"|0x493d1846
00:22:52.0 (140610260)|STATEMENT_EXECUTE|[66]
00:22:52.0 (140622984)|HEAP_ALLOCATE|[66]|Bytes:18
00:22:52.0 (140631962)|HEAP_ALLOCATE|[66]|Bytes:4
00:22:52.0 (140660176)|VARIABLE_ASSIGNMENT|[66]|this.UserLink__c|"0057F000000TrBVQA0"|0x493d1846
00:22:52.0 (140666095)|STATEMENT_EXECUTE|[67]
00:22:52.0 (140675877)|HEAP_ALLOCATE|[EXTERNAL]|Bytes:4
00:22:52.0 (140691071)|HEAP_ALLOCATE|[63]|Bytes:5
00:22:52.0 (140702256)|HEAP_ALLOCATE|[63]|Bytes:27
00:22:52.0 (140708243)|VARIABLE_SCOPE_BEGIN|[63]|sc|System.SelectOption|true|false
00:22:52.0 (140770119)|VARIABLE_ASSIGNMENT|[63]|sc|"common.apex.runtime.impl.ApexSelectOptionValue@4bc8874e"|0x532b0f75
00:22:52.0 (140778345)|STATEMENT_EXECUTE|[63]
00:22:52.0 (140779512)|STATEMENT_EXECUTE|[64]
00:22:52.0 (140804288)|HEAP_ALLOCATE|[64]|Bytes:4
00:22:52.0 (140823205)|VARIABLE_SCOPE_BEGIN|[64]|pja|ProjectJobAssociation__c|true|false
00:22:52.0 (140840571)|VARIABLE_ASSIGNMENT|[64]|pja|{}|0x1b76775c
00:22:52.0 (140848039)|STATEMENT_EXECUTE|[65]
00:22:52.0 (140904884)|VARIABLE_ASSIGNMENT|[65]|this.ProjectLink__c|"a057F0000039UetQAE"|0x1b76775c
00:22:52.0 (140916368)|STATEMENT_EXECUTE|[66]
00:22:52.0 (140933443)|HEAP_ALLOCATE|[66]|Bytes:18
00:22:52.0 (140946934)|HEAP_ALLOCATE|[66]|Bytes:4
00:22:52.0 (140998832)|VARIABLE_ASSIGNMENT|[66]|this.UserLink__c|"0057F000000TrBGQA0"|0x1b76775c
00:22:52.0 (141009692)|STATEMENT_EXECUTE|[67]
00:22:52.0 (141025850)|HEAP_ALLOCATE|[EXTERNAL]|Bytes:4
00:22:52.0 (141048912)|HEAP_ALLOCATE|[63]|Bytes:5
00:22:52.0 (141062141)|VARIABLE_ASSIGNMENT|[63]|sc|null|
00:22:52.0 (141067090)|STATEMENT_EXECUTE|[69]
00:22:52.0 (141113817)|DML_BEGIN|[69]|Op:Insert|Type:ProjectJobAssociation__c|Rows:3
00:22:52.0 (141140610)|HEAP_ALLOCATE|[EXTERNAL]|Bytes:16
00:22:52.0 (167792028)|DML_END|[69]
00:22:52.0 (167848926)|HEAP_ALLOCATE|[EXTERNAL]|Bytes:16
00:22:52.0 (167865862)|STATEMENT_EXECUTE|[71]
00:22:52.0 (167877345)|HEAP_ALLOCATE|[71]|Bytes:1
00:22:52.0 (167939329)|HEAP_ALLOCATE|[71]|Bytes:18
00:22:52.0 (167957491)|HEAP_ALLOCATE|[71]|Bytes:19
00:22:52.0 (167992377)|SYSTEM_MODE_EXIT|false
00:22:52.195 (195699248)|CUMULATIVE_LIMIT_USAGE
00:22:52.195 (195699248)|LIMIT_USAGE_FOR_NS|(default)|
  Number of SOQL queries: 1 out of 100
  Number of query rows: 6 out of 50000
  Number of SOSL queries: 0 out of 20
  Number of DML statements: 2 out of 150
  Number of DML rows: 4 out of 10000
  Maximum CPU time: 0 out of 10000
  Maximum heap size: 0 out of 6000000
  Number of callouts: 0 out of 100
  Number of Email Invocations: 0 out of 10
  Number of future calls: 0 out of 50
  Number of queueable jobs added to the queue: 0 out of 50
  Number of Mobile Apex push calls: 0 out of 10

00:22:52.195 (195699248)|CUMULATIVE_LIMIT_USAGE_END

00:22:52.0 (195761991)|CODE_UNIT_FINISHED|VF: /apex/PM_Project_New
00:22:52.0 (196499453)|EXECUTION_FINISHED
