36.0 APEX_CODE,FINEST;APEX_PROFILING,INFO;CALLOUT,INFO;DB,INFO;SYSTEM,DEBUG;VALIDATION,INFO;VISUALFORCE,INFO;WAVE,INFO;WORKFLOW,INFO
23:32:05.0 (348309)|USER_INFO|[EXTERNAL]|0057F000000Tiz6|ksb994@salesforce.com|Pacific Standard Time|GMT-08:00
23:32:05.0 (390109)|EXECUTION_STARTED
23:32:05.0 (393821)|CODE_UNIT_STARTED|[EXTERNAL]|0667F000004uRC1|VF: /apex/PM_Project_Edit
23:32:05.0 (28031456)|SYSTEM_MODE_ENTER|true
23:32:05.0 (28498189)|HEAP_ALLOCATE|[72]|Bytes:3
23:32:05.0 (28545271)|HEAP_ALLOCATE|[77]|Bytes:152
23:32:05.0 (28563073)|HEAP_ALLOCATE|[342]|Bytes:408
23:32:05.0 (28578727)|HEAP_ALLOCATE|[355]|Bytes:408
23:32:05.0 (28593280)|HEAP_ALLOCATE|[467]|Bytes:48
23:32:05.0 (28624413)|HEAP_ALLOCATE|[139]|Bytes:6
23:32:05.0 (28641195)|HEAP_ALLOCATE|[EXTERNAL]|Bytes:80
23:32:05.0 (28647954)|HEAP_ALLOCATE|[EXTERNAL]|Bytes:6
23:32:05.0 (28652888)|HEAP_ALLOCATE|[EXTERNAL]|Bytes:1
23:32:05.0 (28680530)|METHOD_ENTRY|[1]|01p7F00000Ehro9|PM_Project_Edit_Controller.PM_Project_Edit_Controller()
23:32:05.0 (28691066)|STATEMENT_EXECUTE|[1]
23:32:05.0 (28698831)|STATEMENT_EXECUTE|[1]
23:32:05.0 (28748811)|HEAP_ALLOCATE|[50]|Bytes:5
23:32:05.0 (28784973)|HEAP_ALLOCATE|[56]|Bytes:5
23:32:05.0 (28800685)|HEAP_ALLOCATE|[64]|Bytes:7
23:32:05.0 (28836958)|SYSTEM_MODE_ENTER|false
23:32:05.0 (28851427)|HEAP_ALLOCATE|[EXTERNAL]|Bytes:5
23:32:05.0 (28860252)|SYSTEM_MODE_EXIT|false
23:32:05.0 (28869925)|METHOD_EXIT|[1]|PM_Project_Edit_Controller
23:32:05.0 (28917822)|HEAP_ALLOCATE|[EXTERNAL]|Bytes:12
23:32:05.0 (29030432)|VARIABLE_SCOPE_BEGIN|[6]|this|PM_Project_Edit_Controller|true|false
23:32:05.0 (29106648)|VARIABLE_ASSIGNMENT|[6]|this|{}|0xa25d1cf
23:32:05.0 (29121579)|VARIABLE_SCOPE_BEGIN|[6]|stdController|ApexPages.StandardController|true|false
23:32:05.0 (29304476)|VARIABLE_ASSIGNMENT|[6]|stdController|"StandardController [null]"|0x2d05cb09
23:32:05.0 (29338187)|SYSTEM_MODE_ENTER|false
23:32:05.0 (29349248)|HEAP_ALLOCATE|[7]|Bytes:5
23:32:05.0 (29356273)|STATEMENT_EXECUTE|[1]
23:32:05.0 (29366917)|HEAP_ALLOCATE|[7]|Bytes:5
23:32:05.0 (29372671)|STATEMENT_EXECUTE|[3]
23:32:05.0 (29374572)|STATEMENT_EXECUTE|[4]
23:32:05.0 (29388433)|HEAP_ALLOCATE|[7]|Bytes:6
23:32:05.0 (29443773)|STATEMENT_EXECUTE|[6]
23:32:05.0 (29446918)|STATEMENT_EXECUTE|[7]
23:32:05.0 (29630402)|HEAP_ALLOCATE|[7]|Bytes:4
23:32:05.0 (29668736)|VARIABLE_ASSIGNMENT|[7]|this.mysObject|{}|0xa25d1cf
23:32:05.0 (29679850)|STATEMENT_EXECUTE|[8]
23:32:05.0 (29727589)|HEAP_ALLOCATE|[8]|Bytes:43
23:32:05.0 (29772991)|HEAP_ALLOCATE|[8]|Bytes:18
23:32:05.0 (29801424)|HEAP_ALLOCATE|[8]|Bytes:3
23:32:05.0 (29840598)|HEAP_ALLOCATE|[8]|Bytes:4
23:32:05.0 (29847753)|VARIABLE_SCOPE_BEGIN|[8]|pid|Id|false|false
23:32:05.0 (29935417)|VARIABLE_ASSIGNMENT|[8]|pid|"a057F000002dVv5QAE"
23:32:05.0 (29944466)|STATEMENT_EXECUTE|[9]
23:32:05.0 (29948309)|HEAP_ALLOCATE|[9]|Bytes:24
23:32:05.0 (30011722)|HEAP_ALLOCATE|[9]|Bytes:18
23:32:05.0 (30041181)|HEAP_ALLOCATE|[9]|Bytes:42
23:32:05.0 (30063172)|USER_DEBUG|[9]|DEBUG|------------------------a057F000002dVv5QAE
23:32:05.0 (30070750)|STATEMENT_EXECUTE|[12]
23:32:05.0 (30073632)|HEAP_ALLOCATE|[12]|Bytes:51
23:32:05.0 (30088156)|HEAP_ALLOCATE|[12]|Bytes:4
23:32:05.0 (30101366)|HEAP_ALLOCATE|[12]|Bytes:7
23:32:05.0 (30420224)|SOQL_EXECUTE_BEGIN|[12]|Aggregations:0|SELECT Id, name FROM Project__c WHERE Id = :tmpVar1
23:32:05.0 (35645480)|SOQL_EXECUTE_END|[12]|Rows:1
23:32:05.0 (35695293)|HEAP_ALLOCATE|[12]|Bytes:8
23:32:05.0 (35719595)|HEAP_ALLOCATE|[12]|Bytes:44
23:32:05.0 (35880730)|HEAP_ALLOCATE|[12]|Bytes:8
23:32:05.0 (35904037)|HEAP_ALLOCATE|[12]|Bytes:36
23:32:05.0 (35954646)|HEAP_ALLOCATE|[12]|Bytes:12
23:32:05.0 (36000742)|VARIABLE_ASSIGNMENT|[12]|this.mysObject|{"Id":"a057F000002dVv5QAE","Name":"tm Test"}|0xa25d1cf
23:32:05.0 (36012544)|STATEMENT_EXECUTE|[13]
23:32:05.0 (36171145)|VARIABLE_ASSIGNMENT|[EXTERNAL]|this|{"mysObject":"0x1972dc11"}|0xa25d1cf
23:32:05.0 (36184221)|VARIABLE_ASSIGNMENT|[EXTERNAL]|value|"tm Test"
23:32:05.0 (36195808)|VARIABLE_ASSIGNMENT|[4]|this.pName|"tm Test"|0xa25d1cf
23:32:05.0 (36210667)|SYSTEM_MODE_EXIT|false
23:32:05.0 (50681276)|SYSTEM_MODE_ENTER|true
23:32:05.0 (53388087)|VF_SERIALIZE_VIEWSTATE_BEGIN|0667F000004uRC1
23:32:05.0 (73187220)|VF_SERIALIZE_VIEWSTATE_END
23:32:05.75 (75112369)|CUMULATIVE_LIMIT_USAGE
23:32:05.75 (75112369)|LIMIT_USAGE_FOR_NS|(default)|
  Number of SOQL queries: 1 out of 100
  Number of query rows: 1 out of 50000
  Number of SOSL queries: 0 out of 20
  Number of DML statements: 0 out of 150
  Number of DML rows: 0 out of 10000
  Maximum CPU time: 0 out of 10000
  Maximum heap size: 0 out of 6000000
  Number of callouts: 0 out of 100
  Number of Email Invocations: 0 out of 10
  Number of future calls: 0 out of 50
  Number of queueable jobs added to the queue: 0 out of 50
  Number of Mobile Apex push calls: 0 out of 10

23:32:05.75 (75112369)|CUMULATIVE_LIMIT_USAGE_END

23:32:05.0 (75167083)|CODE_UNIT_FINISHED|VF: /apex/PM_Project_Edit
23:32:05.0 (76009337)|EXECUTION_FINISHED
