36.0 APEX_CODE,FINEST;APEX_PROFILING,INFO;CALLOUT,INFO;DB,INFO;SYSTEM,DEBUG;VALIDATION,INFO;VISUALFORCE,INFO;WAVE,INFO;WORKFLOW,INFO
03:22:02.0 (288537)|USER_INFO|[EXTERNAL]|0057F000000Tiz6|ksb994@salesforce.com|Pacific Standard Time|GMT-08:00
03:22:02.0 (317034)|EXECUTION_STARTED
03:22:02.0 (321136)|CODE_UNIT_STARTED|[EXTERNAL]|0667F000005aHSA|VF: /apex/PM_Job_New
03:22:02.7 (7436415)|SYSTEM_MODE_ENTER|true
03:22:02.7 (7567287)|HEAP_ALLOCATE|[72]|Bytes:3
03:22:02.7 (7613462)|HEAP_ALLOCATE|[77]|Bytes:152
03:22:02.7 (7636030)|HEAP_ALLOCATE|[342]|Bytes:408
03:22:02.7 (7660868)|HEAP_ALLOCATE|[355]|Bytes:408
03:22:02.7 (7683902)|HEAP_ALLOCATE|[467]|Bytes:48
03:22:02.7 (7997233)|SYSTEM_MODE_ENTER|true
03:22:02.7 (8061332)|HEAP_ALLOCATE|[EXTERNAL]|Bytes:8
03:22:02.7 (8070315)|VARIABLE_SCOPE_BEGIN|[88]|this|ApexPage.PageMessagesComponentController|true|false
03:22:02.7 (8108363)|VARIABLE_ASSIGNMENT|[88]|this|{}|0x6fa3e9b6
03:22:02.7 (8115284)|VARIABLE_SCOPE_BEGIN|[88]|escape|Boolean|false|false
03:22:02.7 (8122463)|VARIABLE_ASSIGNMENT|[88]|escape|null
03:22:02.8 (8297224)|SYSTEM_MODE_ENTER|true
03:22:02.8 (8328242)|HEAP_ALLOCATE|[EXTERNAL]|Bytes:8
03:22:02.8 (8334787)|VARIABLE_SCOPE_BEGIN|[2]|this|ApexPage.PageMessagesComponentController|true|false
03:22:02.8 (8351425)|VARIABLE_ASSIGNMENT|[2]|this|{}|0x6fa3e9b6
03:22:02.0 (11831065)|SYSTEM_MODE_ENTER|true
03:22:02.0 (12106963)|HEAP_ALLOCATE|[EXTERNAL]|Bytes:260
03:22:02.0 (12116635)|HEAP_ALLOCATE|[EXTERNAL]|Bytes:41
03:22:02.0 (12120468)|HEAP_ALLOCATE|[EXTERNAL]|Bytes:8
03:22:02.0 (12128012)|METHOD_ENTRY|[1]|01p7F00000HhQR4|PM_Job_New_Controller.PM_Job_New_Controller()
03:22:02.0 (12132357)|STATEMENT_EXECUTE|[1]
03:22:02.0 (12136418)|STATEMENT_EXECUTE|[1]
03:22:02.0 (12148021)|SYSTEM_MODE_ENTER|false
03:22:02.0 (12155132)|HEAP_ALLOCATE|[EXTERNAL]|Bytes:5
03:22:02.0 (12162224)|SYSTEM_MODE_EXIT|false
03:22:02.0 (12168885)|METHOD_EXIT|[1]|PM_Job_New_Controller
03:22:02.0 (12234151)|HEAP_ALLOCATE|[EXTERNAL]|Bytes:40
03:22:02.0 (12246989)|VARIABLE_SCOPE_BEGIN|[16]|this|PM_Job_New_Controller|true|false
03:22:02.0 (12292612)|VARIABLE_ASSIGNMENT|[16]|this|{}|0x43d4daa9
03:22:02.0 (12299740)|VARIABLE_SCOPE_BEGIN|[16]|stdController|ApexPages.StandardController|true|false
03:22:02.0 (12440400)|VARIABLE_ASSIGNMENT|[16]|stdController|"StandardController [null]"|0x3c08713
03:22:02.0 (12462261)|SYSTEM_MODE_ENTER|false
03:22:02.0 (12469032)|HEAP_ALLOCATE|[17]|Bytes:5
03:22:02.0 (12473318)|STATEMENT_EXECUTE|[1]
03:22:02.0 (12478466)|HEAP_ALLOCATE|[17]|Bytes:5
03:22:02.0 (12481218)|STATEMENT_EXECUTE|[3]
03:22:02.0 (12482153)|STATEMENT_EXECUTE|[4]
03:22:02.0 (12483262)|STATEMENT_EXECUTE|[5]
03:22:02.0 (12484100)|STATEMENT_EXECUTE|[6]
03:22:02.0 (12484924)|STATEMENT_EXECUTE|[7]
03:22:02.0 (12485687)|STATEMENT_EXECUTE|[8]
03:22:02.0 (12486466)|STATEMENT_EXECUTE|[9]
03:22:02.0 (12487247)|STATEMENT_EXECUTE|[10]
03:22:02.0 (12488158)|STATEMENT_EXECUTE|[11]
03:22:02.0 (12504482)|STATEMENT_EXECUTE|[16]
03:22:02.0 (12505605)|STATEMENT_EXECUTE|[17]
03:22:02.0 (12631098)|HEAP_ALLOCATE|[17]|Bytes:4
03:22:02.0 (12652909)|VARIABLE_ASSIGNMENT|[17]|this.job|{}|0x43d4daa9
03:22:02.0 (12661700)|STATEMENT_EXECUTE|[18]
03:22:02.0 (12664667)|HEAP_ALLOCATE|[18]|Bytes:46
03:22:02.0 (12678630)|HEAP_ALLOCATE|[18]|Bytes:4
03:22:02.0 (13924078)|SOQL_EXECUTE_BEGIN|[18]|Aggregations:0|SELECT Company_project_code__c FROM Project__c
03:22:02.0 (24066042)|SOQL_EXECUTE_END|[18]|Rows:24
03:22:02.0 (24087911)|HEAP_ALLOCATE|[18]|Bytes:100
03:22:02.0 (24129323)|HEAP_ALLOCATE|[18]|Bytes:1692
03:22:02.0 (24168488)|HEAP_ALLOCATE|[18]|Bytes:100
03:22:02.0 (24230318)|VARIABLE_ASSIGNMENT|[EXTERNAL]|this|{"job":"0x76d1b966"}|0x43d4daa9
03:22:02.0 (24246426)|VARIABLE_ASSIGNMENT|[EXTERNAL]|value|"List of size 24 too large to display"|0x6026b0df
03:22:02.0 (24258926)|VARIABLE_ASSIGNMENT|[4]|this.projectList|"List of size 24 too large to display"|0x43d4daa9
03:22:02.0 (24268766)|STATEMENT_EXECUTE|[19]
03:22:02.0 (24272688)|HEAP_ALLOCATE|[19]|Bytes:7
03:22:02.0 (24276649)|HEAP_ALLOCATE|[19]|Bytes:4
03:22:02.0 (24290539)|METHOD_ENTRY|[19]|01p7F00000HhQR4|PM_Job_New_Controller.getAllFields(String)
03:22:02.0 (24309716)|VARIABLE_SCOPE_BEGIN|[83]|sobjectname|String|false|false
03:22:02.0 (24318646)|VARIABLE_ASSIGNMENT|[83]|sobjectname|"Task"
03:22:02.0 (24337852)|HEAP_ALLOCATE|[84]|Bytes:5
03:22:02.0 (24342290)|STATEMENT_EXECUTE|[83]
03:22:02.0 (43322429)|HEAP_ALLOCATE|[84]|Bytes:1468
03:22:02.0 (43375508)|STATEMENT_EXECUTE|[84]
03:22:02.0 (43377916)|STATEMENT_EXECUTE|[87]
03:22:02.0 (47354659)|HEAP_ALLOCATE|[87]|Bytes:1468
03:22:02.0 (47876727)|HEAP_ALLOCATE|[87]|Bytes:4
03:22:02.0 (47939330)|HEAP_ALLOCATE|[87]|Bytes:4
03:22:02.0 (49146427)|HEAP_ALLOCATE|[87]|Bytes:160
03:22:02.0 (49166195)|VARIABLE_SCOPE_BEGIN|[87]|fields|Map<String,Schema.SObjectField>|true|false
03:22:02.0 (49402852)|VARIABLE_ASSIGNMENT|[87]|fields|"{accountid=AccountId, activitydate=ActivityDate, calldisposition=CallDisposition, calldurationinseconds=CallDurationInSeconds, callobject=CallObject, calltype=CallType, createdbyid=CreatedById, createddate=CreatedDate, description=Description, id=Id, ...}"|0x1888792
03:22:02.0 (49419334)|STATEMENT_EXECUTE|[88]
03:22:02.0 (49443536)|HEAP_ALLOCATE|[88]|Bytes:4
03:22:02.0 (49484582)|VARIABLE_SCOPE_BEGIN|[88]|accessiblefields|List<String>|true|false
03:22:02.0 (49522875)|HEAP_ALLOCATE|[EXTERNAL]|Bytes:4
03:22:02.0 (49538849)|VARIABLE_ASSIGNMENT|[88]|accessiblefields|[]|0x7a1f8ae5
03:22:02.0 (49605284)|HEAP_ALLOCATE|[EXTERNAL]|Bytes:160
03:22:02.0 (49634703)|HEAP_ALLOCATE|[89]|Bytes:160
03:22:02.0 (49684933)|HEAP_ALLOCATE|[89]|Bytes:5
03:22:02.0 (49710860)|VARIABLE_SCOPE_BEGIN|[89]|field|Schema.SObjectField|true|false
03:22:02.0 (49797971)|VARIABLE_ASSIGNMENT|[89]|field|"common.apex.runtime.impl.ApexFieldToken@295702f6"|0x295702f6
03:22:02.0 (49808701)|STATEMENT_EXECUTE|[89]
03:22:02.0 (50330106)|HEAP_ALLOCATE|[90]|Bytes:8
03:22:02.0 (50361721)|STATEMENT_EXECUTE|[91]
03:22:02.0 (50399678)|HEAP_ALLOCATE|[91]|Bytes:8
03:22:02.0 (50416402)|HEAP_ALLOCATE|[91]|Bytes:2
03:22:02.0 (50431989)|HEAP_ALLOCATE|[EXTERNAL]|Bytes:4
03:22:02.0 (50451939)|HEAP_ALLOCATE|[89]|Bytes:5
03:22:02.0 (50467607)|VARIABLE_SCOPE_BEGIN|[89]|field|Schema.SObjectField|true|false
03:22:02.0 (50534441)|VARIABLE_ASSIGNMENT|[89]|field|"common.apex.runtime.impl.ApexFieldToken@6c26a459"|0x6c26a459
03:22:02.0 (50542862)|STATEMENT_EXECUTE|[89]
03:22:02.0 (50956415)|HEAP_ALLOCATE|[90]|Bytes:8
03:22:02.0 (50971744)|STATEMENT_EXECUTE|[91]
03:22:02.0 (50988819)|HEAP_ALLOCATE|[91]|Bytes:8
03:22:02.0 (50996803)|HEAP_ALLOCATE|[91]|Bytes:5
03:22:02.0 (51005625)|HEAP_ALLOCATE|[EXTERNAL]|Bytes:4
03:22:02.0 (51018567)|HEAP_ALLOCATE|[89]|Bytes:5
03:22:02.0 (51032790)|VARIABLE_SCOPE_BEGIN|[89]|field|Schema.SObjectField|true|false
03:22:02.0 (51095701)|VARIABLE_ASSIGNMENT|[89]|field|"common.apex.runtime.impl.ApexFieldToken@6ae8539a"|0x6ae8539a
03:22:02.0 (51102933)|STATEMENT_EXECUTE|[89]
03:22:02.0 (51367436)|HEAP_ALLOCATE|[90]|Bytes:8
03:22:02.0 (51381014)|STATEMENT_EXECUTE|[91]
03:22:02.0 (51396556)|HEAP_ALLOCATE|[91]|Bytes:8
03:22:02.0 (51403925)|HEAP_ALLOCATE|[91]|Bytes:6
03:22:02.0 (51413298)|HEAP_ALLOCATE|[EXTERNAL]|Bytes:4
03:22:02.0 (51425452)|HEAP_ALLOCATE|[89]|Bytes:5
03:22:02.0 (51443449)|VARIABLE_SCOPE_BEGIN|[89]|field|Schema.SObjectField|true|false
03:22:02.0 (51505938)|VARIABLE_ASSIGNMENT|[89]|field|"common.apex.runtime.impl.ApexFieldToken@35aad819"|0x35aad819
03:22:02.0 (51514747)|STATEMENT_EXECUTE|[89]
03:22:02.0 (51614223)|HEAP_ALLOCATE|[90]|Bytes:8
03:22:02.0 (51626058)|STATEMENT_EXECUTE|[91]
03:22:02.0 (51639219)|HEAP_ALLOCATE|[91]|Bytes:8
03:22:02.0 (51646334)|HEAP_ALLOCATE|[91]|Bytes:7
03:22:02.0 (51654351)|HEAP_ALLOCATE|[EXTERNAL]|Bytes:4
03:22:02.0 (51665759)|HEAP_ALLOCATE|[89]|Bytes:5
03:22:02.0 (51677874)|VARIABLE_SCOPE_BEGIN|[89]|field|Schema.SObjectField|true|false
03:22:02.0 (51735680)|VARIABLE_ASSIGNMENT|[89]|field|"common.apex.runtime.impl.ApexFieldToken@247b2ce8"|0x247b2ce8
03:22:02.0 (51742729)|STATEMENT_EXECUTE|[89]
03:22:02.0 (51830464)|HEAP_ALLOCATE|[90]|Bytes:8
03:22:02.0 (51858940)|STATEMENT_EXECUTE|[91]
03:22:02.0 (51881239)|HEAP_ALLOCATE|[91]|Bytes:8
03:22:02.0 (51893415)|HEAP_ALLOCATE|[91]|Bytes:12
03:22:02.0 (51902313)|HEAP_ALLOCATE|[EXTERNAL]|Bytes:4
03:22:02.0 (51913171)|HEAP_ALLOCATE|[89]|Bytes:5
03:22:02.0 (51925921)|VARIABLE_SCOPE_BEGIN|[89]|field|Schema.SObjectField|true|false
03:22:02.0 (51985302)|VARIABLE_ASSIGNMENT|[89]|field|"common.apex.runtime.impl.ApexFieldToken@7da65052"|0x7da65052
03:22:02.0 (51992240)|STATEMENT_EXECUTE|[89]
03:22:02.0 (52082474)|HEAP_ALLOCATE|[90]|Bytes:8
03:22:02.0 (52094170)|STATEMENT_EXECUTE|[91]
03:22:02.0 (52108255)|HEAP_ALLOCATE|[91]|Bytes:8
03:22:02.0 (52115046)|HEAP_ALLOCATE|[91]|Bytes:6
03:22:02.0 (52122834)|HEAP_ALLOCATE|[EXTERNAL]|Bytes:4
03:22:02.0 (52133275)|HEAP_ALLOCATE|[89]|Bytes:5
03:22:02.0 (52145157)|VARIABLE_SCOPE_BEGIN|[89]|field|Schema.SObjectField|true|false
03:22:02.0 (52202580)|VARIABLE_ASSIGNMENT|[89]|field|"common.apex.runtime.impl.ApexFieldToken@55faa8ff"|0x55faa8ff
03:22:02.0 (52209289)|STATEMENT_EXECUTE|[89]
03:22:02.0 (52293554)|HEAP_ALLOCATE|[90]|Bytes:8
03:22:02.0 (52304737)|STATEMENT_EXECUTE|[91]
03:22:02.0 (52317856)|HEAP_ALLOCATE|[91]|Bytes:8
03:22:02.0 (52324789)|HEAP_ALLOCATE|[91]|Bytes:8
03:22:02.0 (52332210)|HEAP_ALLOCATE|[EXTERNAL]|Bytes:4
03:22:02.0 (52342244)|HEAP_ALLOCATE|[89]|Bytes:5
03:22:02.0 (52353346)|VARIABLE_SCOPE_BEGIN|[89]|field|Schema.SObjectField|true|false
03:22:02.0 (52410676)|VARIABLE_ASSIGNMENT|[89]|field|"common.apex.runtime.impl.ApexFieldToken@36f3d849"|0x36f3d849
03:22:02.0 (52417397)|STATEMENT_EXECUTE|[89]
03:22:02.0 (52492117)|HEAP_ALLOCATE|[90]|Bytes:8
03:22:02.0 (52502459)|STATEMENT_EXECUTE|[91]
03:22:02.0 (52517162)|HEAP_ALLOCATE|[91]|Bytes:8
03:22:02.0 (52527206)|HEAP_ALLOCATE|[91]|Bytes:14
03:22:02.0 (52535242)|HEAP_ALLOCATE|[EXTERNAL]|Bytes:4
03:22:02.0 (52545245)|HEAP_ALLOCATE|[89]|Bytes:5
03:22:02.0 (52556616)|VARIABLE_SCOPE_BEGIN|[89]|field|Schema.SObjectField|true|false
03:22:02.0 (52613417)|VARIABLE_ASSIGNMENT|[89]|field|"common.apex.runtime.impl.ApexFieldToken@4b92ae13"|0x4b92ae13
03:22:02.0 (52619601)|STATEMENT_EXECUTE|[89]
03:22:02.0 (52767952)|HEAP_ALLOCATE|[90]|Bytes:8
03:22:02.0 (52786308)|STATEMENT_EXECUTE|[91]
03:22:02.0 (52800636)|HEAP_ALLOCATE|[91]|Bytes:8
03:22:02.0 (52807260)|HEAP_ALLOCATE|[91]|Bytes:7
03:22:02.0 (52815019)|HEAP_ALLOCATE|[EXTERNAL]|Bytes:4
03:22:02.0 (52825159)|HEAP_ALLOCATE|[89]|Bytes:5
03:22:02.0 (52847004)|VARIABLE_SCOPE_BEGIN|[89]|field|Schema.SObjectField|true|false
03:22:02.0 (52918046)|VARIABLE_ASSIGNMENT|[89]|field|"common.apex.runtime.impl.ApexFieldToken@4f943f3"|0x4f943f3
03:22:02.0 (52925686)|STATEMENT_EXECUTE|[89]
03:22:02.0 (53034394)|HEAP_ALLOCATE|[90]|Bytes:8
03:22:02.0 (53046946)|STATEMENT_EXECUTE|[91]
03:22:02.0 (53072658)|HEAP_ALLOCATE|[91]|Bytes:8
03:22:02.0 (53081698)|HEAP_ALLOCATE|[91]|Bytes:11
03:22:02.0 (53089611)|HEAP_ALLOCATE|[EXTERNAL]|Bytes:4
03:22:02.0 (53099690)|HEAP_ALLOCATE|[89]|Bytes:5
03:22:02.0 (53119901)|VARIABLE_SCOPE_BEGIN|[89]|field|Schema.SObjectField|true|false
03:22:02.0 (53188576)|VARIABLE_ASSIGNMENT|[89]|field|"common.apex.runtime.impl.ApexFieldToken@4c4aec3"|0x4c4aec3
03:22:02.0 (53201972)|STATEMENT_EXECUTE|[89]
03:22:02.0 (53286535)|HEAP_ALLOCATE|[90]|Bytes:8
03:22:02.0 (53311317)|STATEMENT_EXECUTE|[90]
03:22:02.0 (53320089)|HEAP_ALLOCATE|[89]|Bytes:5
03:22:02.0 (53331958)|VARIABLE_SCOPE_BEGIN|[89]|field|Schema.SObjectField|true|false
03:22:02.0 (53408390)|VARIABLE_ASSIGNMENT|[89]|field|"common.apex.runtime.impl.ApexFieldToken@2c5d1f82"|0x2c5d1f82
03:22:02.0 (53415083)|STATEMENT_EXECUTE|[89]
03:22:02.0 (53497540)|HEAP_ALLOCATE|[90]|Bytes:8
03:22:02.0 (53522287)|STATEMENT_EXECUTE|[91]
03:22:02.0 (53537448)|HEAP_ALLOCATE|[91]|Bytes:8
03:22:02.0 (53545079)|HEAP_ALLOCATE|[91]|Bytes:9
03:22:02.0 (53552890)|HEAP_ALLOCATE|[EXTERNAL]|Bytes:4
03:22:02.0 (53563696)|HEAP_ALLOCATE|[89]|Bytes:5
03:22:02.0 (53584071)|VARIABLE_SCOPE_BEGIN|[89]|field|Schema.SObjectField|true|false
03:22:02.0 (53652975)|VARIABLE_ASSIGNMENT|[89]|field|"common.apex.runtime.impl.ApexFieldToken@7261ce2c"|0x7261ce2c
03:22:02.0 (53659703)|STATEMENT_EXECUTE|[89]
03:22:02.0 (53781834)|HEAP_ALLOCATE|[90]|Bytes:8
03:22:02.0 (53793263)|STATEMENT_EXECUTE|[91]
03:22:02.0 (53806889)|HEAP_ALLOCATE|[91]|Bytes:8
03:22:02.0 (53813652)|HEAP_ALLOCATE|[91]|Bytes:9
03:22:02.0 (53832500)|HEAP_ALLOCATE|[EXTERNAL]|Bytes:4
03:22:02.0 (53845265)|HEAP_ALLOCATE|[89]|Bytes:5
03:22:02.0 (53857422)|VARIABLE_SCOPE_BEGIN|[89]|field|Schema.SObjectField|true|false
03:22:02.0 (53924596)|VARIABLE_ASSIGNMENT|[89]|field|"common.apex.runtime.impl.ApexFieldToken@3c49ed48"|0x3c49ed48
03:22:02.0 (53931445)|STATEMENT_EXECUTE|[89]
03:22:02.0 (54012218)|HEAP_ALLOCATE|[90]|Bytes:8
03:22:02.0 (54033270)|STATEMENT_EXECUTE|[91]
03:22:02.0 (54053366)|HEAP_ALLOCATE|[91]|Bytes:8
03:22:02.0 (54061060)|HEAP_ALLOCATE|[91]|Bytes:8
03:22:02.0 (54068761)|HEAP_ALLOCATE|[EXTERNAL]|Bytes:4
03:22:02.0 (54078868)|HEAP_ALLOCATE|[89]|Bytes:5
03:22:02.0 (54090368)|VARIABLE_SCOPE_BEGIN|[89]|field|Schema.SObjectField|true|false
03:22:02.0 (54177403)|VARIABLE_ASSIGNMENT|[89]|field|"common.apex.runtime.impl.ApexFieldToken@1d5aeeb4"|0x1d5aeeb4
03:22:02.0 (54191882)|STATEMENT_EXECUTE|[89]
03:22:02.0 (54334826)|HEAP_ALLOCATE|[90]|Bytes:8
03:22:02.0 (54347173)|STATEMENT_EXECUTE|[91]
03:22:02.0 (54361946)|HEAP_ALLOCATE|[91]|Bytes:8
03:22:02.0 (54368955)|HEAP_ALLOCATE|[91]|Bytes:11
03:22:02.0 (54377597)|HEAP_ALLOCATE|[EXTERNAL]|Bytes:4
03:22:02.0 (54388529)|HEAP_ALLOCATE|[89]|Bytes:5
03:22:02.0 (54414113)|VARIABLE_SCOPE_BEGIN|[89]|field|Schema.SObjectField|true|false
03:22:02.0 (54477692)|VARIABLE_ASSIGNMENT|[89]|field|"common.apex.runtime.impl.ApexFieldToken@593f5392"|0x593f5392
03:22:02.0 (54484320)|STATEMENT_EXECUTE|[89]
03:22:02.0 (54581194)|HEAP_ALLOCATE|[90]|Bytes:8
03:22:02.0 (54592637)|STATEMENT_EXECUTE|[91]
03:22:02.0 (54605466)|HEAP_ALLOCATE|[91]|Bytes:8
03:22:02.0 (54612760)|HEAP_ALLOCATE|[91]|Bytes:11
03:22:02.0 (54620552)|HEAP_ALLOCATE|[EXTERNAL]|Bytes:4
03:22:02.0 (54630759)|HEAP_ALLOCATE|[89]|Bytes:5
03:22:02.0 (54642741)|VARIABLE_SCOPE_BEGIN|[89]|field|Schema.SObjectField|true|false
03:22:02.0 (54700534)|VARIABLE_ASSIGNMENT|[89]|field|"common.apex.runtime.impl.ApexFieldToken@25d3e637"|0x25d3e637
03:22:02.0 (54706870)|STATEMENT_EXECUTE|[89]
03:22:02.0 (54814780)|HEAP_ALLOCATE|[90]|Bytes:8
03:22:02.0 (54826951)|STATEMENT_EXECUTE|[91]
03:22:02.0 (54840903)|HEAP_ALLOCATE|[91]|Bytes:8
03:22:02.0 (54848061)|HEAP_ALLOCATE|[91]|Bytes:16
03:22:02.0 (54855661)|HEAP_ALLOCATE|[EXTERNAL]|Bytes:4
03:22:02.0 (54867031)|HEAP_ALLOCATE|[89]|Bytes:5
03:22:02.0 (54879019)|VARIABLE_SCOPE_BEGIN|[89]|field|Schema.SObjectField|true|false
03:22:02.0 (54937389)|VARIABLE_ASSIGNMENT|[89]|field|"common.apex.runtime.impl.ApexFieldToken@56837c68"|0x56837c68
03:22:02.0 (54943756)|STATEMENT_EXECUTE|[89]
03:22:02.0 (55031844)|HEAP_ALLOCATE|[90]|Bytes:8
03:22:02.0 (55043237)|STATEMENT_EXECUTE|[91]
03:22:02.0 (55055607)|HEAP_ALLOCATE|[91]|Bytes:8
03:22:02.0 (55062228)|HEAP_ALLOCATE|[91]|Bytes:16
03:22:02.0 (55069261)|HEAP_ALLOCATE|[EXTERNAL]|Bytes:4
03:22:02.0 (55079912)|HEAP_ALLOCATE|[89]|Bytes:5
03:22:02.0 (55091935)|VARIABLE_SCOPE_BEGIN|[89]|field|Schema.SObjectField|true|false
03:22:02.0 (55148283)|VARIABLE_ASSIGNMENT|[89]|field|"common.apex.runtime.impl.ApexFieldToken@1ce60742"|0x1ce60742
03:22:02.0 (55154784)|STATEMENT_EXECUTE|[89]
03:22:02.0 (55222907)|HEAP_ALLOCATE|[90]|Bytes:8
03:22:02.0 (55233274)|STATEMENT_EXECUTE|[91]
03:22:02.0 (55246018)|HEAP_ALLOCATE|[91]|Bytes:8
03:22:02.0 (55252753)|HEAP_ALLOCATE|[91]|Bytes:14
03:22:02.0 (55259803)|HEAP_ALLOCATE|[EXTERNAL]|Bytes:4
03:22:02.0 (55269473)|HEAP_ALLOCATE|[89]|Bytes:5
03:22:02.0 (55281035)|VARIABLE_SCOPE_BEGIN|[89]|field|Schema.SObjectField|true|false
03:22:02.0 (55336750)|VARIABLE_ASSIGNMENT|[89]|field|"common.apex.runtime.impl.ApexFieldToken@3fe6748f"|0x3fe6748f
03:22:02.0 (55343606)|STATEMENT_EXECUTE|[89]
03:22:02.0 (55414583)|HEAP_ALLOCATE|[90]|Bytes:8
03:22:02.0 (55442408)|STATEMENT_EXECUTE|[91]
03:22:02.0 (55464941)|HEAP_ALLOCATE|[91]|Bytes:8
03:22:02.0 (55477702)|HEAP_ALLOCATE|[91]|Bytes:10
03:22:02.0 (55489773)|HEAP_ALLOCATE|[EXTERNAL]|Bytes:4
03:22:02.0 (55502956)|HEAP_ALLOCATE|[89]|Bytes:5
03:22:02.0 (55517266)|VARIABLE_SCOPE_BEGIN|[89]|field|Schema.SObjectField|true|false
03:22:02.0 (55597318)|VARIABLE_ASSIGNMENT|[89]|field|"common.apex.runtime.impl.ApexFieldToken@53ecf1a"|0x53ecf1a
03:22:02.0 (55605264)|STATEMENT_EXECUTE|[89]
03:22:02.0 (55727613)|HEAP_ALLOCATE|[90]|Bytes:8
03:22:02.0 (55740506)|STATEMENT_EXECUTE|[91]
03:22:02.0 (55753997)|HEAP_ALLOCATE|[91]|Bytes:8
03:22:02.0 (55761229)|HEAP_ALLOCATE|[91]|Bytes:21
03:22:02.0 (55769175)|HEAP_ALLOCATE|[EXTERNAL]|Bytes:4
03:22:02.0 (55779697)|HEAP_ALLOCATE|[89]|Bytes:5
03:22:02.0 (55792118)|VARIABLE_SCOPE_BEGIN|[89]|field|Schema.SObjectField|true|false
03:22:02.0 (55850151)|VARIABLE_ASSIGNMENT|[89]|field|"common.apex.runtime.impl.ApexFieldToken@489393e9"|0x489393e9
03:22:02.0 (55857062)|STATEMENT_EXECUTE|[89]
03:22:02.0 (55939564)|HEAP_ALLOCATE|[90]|Bytes:8
03:22:02.0 (55950600)|STATEMENT_EXECUTE|[91]
03:22:02.0 (55964170)|HEAP_ALLOCATE|[91]|Bytes:8
03:22:02.0 (55971173)|HEAP_ALLOCATE|[91]|Bytes:8
03:22:02.0 (55978038)|HEAP_ALLOCATE|[EXTERNAL]|Bytes:4
03:22:02.0 (55987902)|HEAP_ALLOCATE|[89]|Bytes:5
03:22:02.0 (55999548)|VARIABLE_SCOPE_BEGIN|[89]|field|Schema.SObjectField|true|false
03:22:02.0 (56055559)|VARIABLE_ASSIGNMENT|[89]|field|"common.apex.runtime.impl.ApexFieldToken@64e341ae"|0x64e341ae
03:22:02.0 (56062756)|STATEMENT_EXECUTE|[89]
03:22:02.0 (56139849)|HEAP_ALLOCATE|[90]|Bytes:8
03:22:02.0 (56150640)|STATEMENT_EXECUTE|[91]
03:22:02.0 (56163723)|HEAP_ALLOCATE|[91]|Bytes:8
03:22:02.0 (56170813)|HEAP_ALLOCATE|[91]|Bytes:15
03:22:02.0 (56178072)|HEAP_ALLOCATE|[EXTERNAL]|Bytes:4
03:22:02.0 (56187809)|HEAP_ALLOCATE|[89]|Bytes:5
03:22:02.0 (56198688)|VARIABLE_SCOPE_BEGIN|[89]|field|Schema.SObjectField|true|false
03:22:02.0 (56255370)|VARIABLE_ASSIGNMENT|[89]|field|"common.apex.runtime.impl.ApexFieldToken@68ad03b1"|0x68ad03b1
03:22:02.0 (56262041)|STATEMENT_EXECUTE|[89]
03:22:02.0 (56335325)|HEAP_ALLOCATE|[90]|Bytes:8
03:22:02.0 (56346406)|STATEMENT_EXECUTE|[91]
03:22:02.0 (56358777)|HEAP_ALLOCATE|[91]|Bytes:8
03:22:02.0 (56365343)|HEAP_ALLOCATE|[91]|Bytes:10
03:22:02.0 (56372905)|HEAP_ALLOCATE|[EXTERNAL]|Bytes:4
03:22:02.0 (56382493)|HEAP_ALLOCATE|[89]|Bytes:5
03:22:02.0 (56393583)|VARIABLE_SCOPE_BEGIN|[89]|field|Schema.SObjectField|true|false
03:22:02.0 (56454804)|VARIABLE_ASSIGNMENT|[89]|field|"common.apex.runtime.impl.ApexFieldToken@1b1857a1"|0x1b1857a1
03:22:02.0 (56461388)|STATEMENT_EXECUTE|[89]
03:22:02.0 (56539500)|HEAP_ALLOCATE|[90]|Bytes:8
03:22:02.0 (56549829)|STATEMENT_EXECUTE|[91]
03:22:02.0 (56561936)|HEAP_ALLOCATE|[91]|Bytes:8
03:22:02.0 (56568462)|HEAP_ALLOCATE|[91]|Bytes:16
03:22:02.0 (56575368)|HEAP_ALLOCATE|[EXTERNAL]|Bytes:4
03:22:02.0 (56584897)|HEAP_ALLOCATE|[89]|Bytes:5
03:22:02.0 (56595538)|VARIABLE_SCOPE_BEGIN|[89]|field|Schema.SObjectField|true|false
03:22:02.0 (56650627)|VARIABLE_ASSIGNMENT|[89]|field|"common.apex.runtime.impl.ApexFieldToken@4f4093f0"|0x4f4093f0
03:22:02.0 (56656774)|STATEMENT_EXECUTE|[89]
03:22:02.0 (56731493)|HEAP_ALLOCATE|[90]|Bytes:8
03:22:02.0 (56741907)|STATEMENT_EXECUTE|[91]
03:22:02.0 (56754636)|HEAP_ALLOCATE|[91]|Bytes:8
03:22:02.0 (56761077)|HEAP_ALLOCATE|[91]|Bytes:13
03:22:02.0 (56768441)|HEAP_ALLOCATE|[EXTERNAL]|Bytes:4
03:22:02.0 (56778516)|HEAP_ALLOCATE|[89]|Bytes:5
03:22:02.0 (56788956)|VARIABLE_SCOPE_BEGIN|[89]|field|Schema.SObjectField|true|false
03:22:02.0 (56844457)|VARIABLE_ASSIGNMENT|[89]|field|"common.apex.runtime.impl.ApexFieldToken@31d05587"|0x31d05587
03:22:02.0 (56851201)|STATEMENT_EXECUTE|[89]
03:22:02.0 (56946498)|HEAP_ALLOCATE|[90]|Bytes:8
03:22:02.0 (56957349)|STATEMENT_EXECUTE|[91]
03:22:02.0 (56970331)|HEAP_ALLOCATE|[91]|Bytes:8
03:22:02.0 (56976836)|HEAP_ALLOCATE|[91]|Bytes:20
03:22:02.0 (56984240)|HEAP_ALLOCATE|[EXTERNAL]|Bytes:4
03:22:02.0 (56993673)|HEAP_ALLOCATE|[89]|Bytes:5
03:22:02.0 (57005287)|VARIABLE_SCOPE_BEGIN|[89]|field|Schema.SObjectField|true|false
03:22:02.0 (57064887)|VARIABLE_ASSIGNMENT|[89]|field|"common.apex.runtime.impl.ApexFieldToken@31607887"|0x31607887
03:22:02.0 (57071766)|STATEMENT_EXECUTE|[89]
03:22:02.0 (57150868)|HEAP_ALLOCATE|[90]|Bytes:8
03:22:02.0 (57161713)|STATEMENT_EXECUTE|[91]
03:22:02.0 (57174775)|HEAP_ALLOCATE|[91]|Bytes:8
03:22:02.0 (57181822)|HEAP_ALLOCATE|[91]|Bytes:12
03:22:02.0 (57188774)|HEAP_ALLOCATE|[EXTERNAL]|Bytes:4
03:22:02.0 (57198432)|HEAP_ALLOCATE|[89]|Bytes:5
03:22:02.0 (57210170)|VARIABLE_SCOPE_BEGIN|[89]|field|Schema.SObjectField|true|false
03:22:02.0 (57266365)|VARIABLE_ASSIGNMENT|[89]|field|"common.apex.runtime.impl.ApexFieldToken@689c9455"|0x689c9455
03:22:02.0 (57273256)|STATEMENT_EXECUTE|[89]
03:22:02.0 (57354801)|HEAP_ALLOCATE|[90]|Bytes:8
03:22:02.0 (57365507)|STATEMENT_EXECUTE|[91]
03:22:02.0 (57378895)|HEAP_ALLOCATE|[91]|Bytes:8
03:22:02.0 (57385308)|HEAP_ALLOCATE|[91]|Bytes:23
03:22:02.0 (57392985)|HEAP_ALLOCATE|[EXTERNAL]|Bytes:4
03:22:02.0 (57403102)|HEAP_ALLOCATE|[89]|Bytes:5
03:22:02.0 (57414479)|VARIABLE_SCOPE_BEGIN|[89]|field|Schema.SObjectField|true|false
03:22:02.0 (57474638)|VARIABLE_ASSIGNMENT|[89]|field|"common.apex.runtime.impl.ApexFieldToken@238845a5"|0x238845a5
03:22:02.0 (57481388)|STATEMENT_EXECUTE|[89]
03:22:02.0 (57558142)|HEAP_ALLOCATE|[90]|Bytes:8
03:22:02.0 (57568503)|STATEMENT_EXECUTE|[91]
03:22:02.0 (57580997)|HEAP_ALLOCATE|[91]|Bytes:8
03:22:02.0 (57588086)|HEAP_ALLOCATE|[91]|Bytes:21
03:22:02.0 (57595222)|HEAP_ALLOCATE|[EXTERNAL]|Bytes:4
03:22:02.0 (57604773)|HEAP_ALLOCATE|[89]|Bytes:5
03:22:02.0 (57615923)|VARIABLE_SCOPE_BEGIN|[89]|field|Schema.SObjectField|true|false
03:22:02.0 (57669739)|VARIABLE_ASSIGNMENT|[89]|field|"common.apex.runtime.impl.ApexFieldToken@10c7503e"|0x10c7503e
03:22:02.0 (57676035)|STATEMENT_EXECUTE|[89]
03:22:02.0 (57749042)|HEAP_ALLOCATE|[90]|Bytes:8
03:22:02.0 (57759180)|STATEMENT_EXECUTE|[91]
03:22:02.0 (57771946)|HEAP_ALLOCATE|[91]|Bytes:8
03:22:02.0 (57778527)|HEAP_ALLOCATE|[91]|Bytes:24
03:22:02.0 (57785575)|HEAP_ALLOCATE|[EXTERNAL]|Bytes:4
03:22:02.0 (57795042)|HEAP_ALLOCATE|[89]|Bytes:5
03:22:02.0 (57806047)|VARIABLE_SCOPE_BEGIN|[89]|field|Schema.SObjectField|true|false
03:22:02.0 (57860715)|VARIABLE_ASSIGNMENT|[89]|field|"common.apex.runtime.impl.ApexFieldToken@22d1b6e1"|0x22d1b6e1
03:22:02.0 (57867066)|STATEMENT_EXECUTE|[89]
03:22:02.0 (57938046)|HEAP_ALLOCATE|[90]|Bytes:8
03:22:02.0 (57948126)|STATEMENT_EXECUTE|[91]
03:22:02.0 (57960373)|HEAP_ALLOCATE|[91]|Bytes:8
03:22:02.0 (57967028)|HEAP_ALLOCATE|[91]|Bytes:14
03:22:02.0 (57973987)|HEAP_ALLOCATE|[EXTERNAL]|Bytes:4
03:22:02.0 (57983827)|HEAP_ALLOCATE|[89]|Bytes:5
03:22:02.0 (57994056)|VARIABLE_SCOPE_BEGIN|[89]|field|Schema.SObjectField|true|false
03:22:02.0 (58049404)|VARIABLE_ASSIGNMENT|[89]|field|"common.apex.runtime.impl.ApexFieldToken@2ee3a0d2"|0x2ee3a0d2
03:22:02.0 (58056184)|STATEMENT_EXECUTE|[89]
03:22:02.0 (58128225)|HEAP_ALLOCATE|[90]|Bytes:8
03:22:02.0 (58138408)|STATEMENT_EXECUTE|[91]
03:22:02.0 (58150536)|HEAP_ALLOCATE|[91]|Bytes:8
03:22:02.0 (58157868)|HEAP_ALLOCATE|[91]|Bytes:18
03:22:02.0 (58164767)|HEAP_ALLOCATE|[EXTERNAL]|Bytes:4
03:22:02.0 (58174309)|HEAP_ALLOCATE|[89]|Bytes:5
03:22:02.0 (58185187)|VARIABLE_SCOPE_BEGIN|[89]|field|Schema.SObjectField|true|false
03:22:02.0 (58239125)|VARIABLE_ASSIGNMENT|[89]|field|"common.apex.runtime.impl.ApexFieldToken@4f277dc6"|0x4f277dc6
03:22:02.0 (58245816)|STATEMENT_EXECUTE|[89]
03:22:02.0 (58316709)|HEAP_ALLOCATE|[90]|Bytes:8
03:22:02.0 (58326575)|STATEMENT_EXECUTE|[91]
03:22:02.0 (58339215)|HEAP_ALLOCATE|[91]|Bytes:8
03:22:02.0 (58346047)|HEAP_ALLOCATE|[91]|Bytes:23
03:22:02.0 (58353422)|HEAP_ALLOCATE|[EXTERNAL]|Bytes:4
03:22:02.0 (58363047)|HEAP_ALLOCATE|[89]|Bytes:5
03:22:02.0 (58373875)|VARIABLE_SCOPE_BEGIN|[89]|field|Schema.SObjectField|true|false
03:22:02.0 (58429287)|VARIABLE_ASSIGNMENT|[89]|field|"common.apex.runtime.impl.ApexFieldToken@654b82bc"|0x654b82bc
03:22:02.0 (58441171)|STATEMENT_EXECUTE|[89]
03:22:02.0 (58517414)|HEAP_ALLOCATE|[90]|Bytes:8
03:22:02.0 (58528154)|STATEMENT_EXECUTE|[91]
03:22:02.0 (58540943)|HEAP_ALLOCATE|[91]|Bytes:8
03:22:02.0 (58547716)|HEAP_ALLOCATE|[91]|Bytes:20
03:22:02.0 (58554923)|HEAP_ALLOCATE|[EXTERNAL]|Bytes:4
03:22:02.0 (58565045)|HEAP_ALLOCATE|[89]|Bytes:5
03:22:02.0 (58575682)|VARIABLE_SCOPE_BEGIN|[89]|field|Schema.SObjectField|true|false
03:22:02.0 (58630010)|VARIABLE_ASSIGNMENT|[89]|field|"common.apex.runtime.impl.ApexFieldToken@4a02464a"|0x4a02464a
03:22:02.0 (58636097)|STATEMENT_EXECUTE|[89]
03:22:02.0 (58708960)|HEAP_ALLOCATE|[90]|Bytes:8
03:22:02.0 (58719085)|STATEMENT_EXECUTE|[91]
03:22:02.0 (58732371)|HEAP_ALLOCATE|[91]|Bytes:8
03:22:02.0 (58738855)|HEAP_ALLOCATE|[91]|Bytes:18
03:22:02.0 (58745831)|HEAP_ALLOCATE|[EXTERNAL]|Bytes:4
03:22:02.0 (58754926)|HEAP_ALLOCATE|[89]|Bytes:5
03:22:02.0 (58765298)|VARIABLE_SCOPE_BEGIN|[89]|field|Schema.SObjectField|true|false
03:22:02.0 (58820202)|VARIABLE_ASSIGNMENT|[89]|field|"common.apex.runtime.impl.ApexFieldToken@79548ae8"|0x79548ae8
03:22:02.0 (58826614)|STATEMENT_EXECUTE|[89]
03:22:02.0 (58896439)|HEAP_ALLOCATE|[90]|Bytes:8
03:22:02.0 (58906629)|STATEMENT_EXECUTE|[91]
03:22:02.0 (58919601)|HEAP_ALLOCATE|[91]|Bytes:8
03:22:02.0 (58926599)|HEAP_ALLOCATE|[91]|Bytes:21
03:22:02.0 (58933701)|HEAP_ALLOCATE|[EXTERNAL]|Bytes:4
03:22:02.0 (58943215)|HEAP_ALLOCATE|[89]|Bytes:5
03:22:02.0 (58953326)|VARIABLE_SCOPE_BEGIN|[89]|field|Schema.SObjectField|true|false
03:22:02.0 (59008169)|VARIABLE_ASSIGNMENT|[89]|field|"common.apex.runtime.impl.ApexFieldToken@d690149"|0xd690149
03:22:02.0 (59014960)|STATEMENT_EXECUTE|[89]
03:22:02.0 (59095599)|HEAP_ALLOCATE|[90]|Bytes:8
03:22:02.0 (59106490)|STATEMENT_EXECUTE|[91]
03:22:02.0 (59119016)|HEAP_ALLOCATE|[91]|Bytes:8
03:22:02.0 (59126432)|HEAP_ALLOCATE|[91]|Bytes:25
03:22:02.0 (59133559)|HEAP_ALLOCATE|[EXTERNAL]|Bytes:4
03:22:02.0 (59142886)|HEAP_ALLOCATE|[89]|Bytes:5
03:22:02.0 (59153925)|VARIABLE_SCOPE_BEGIN|[89]|field|Schema.SObjectField|true|false
03:22:02.0 (59209285)|VARIABLE_ASSIGNMENT|[89]|field|"common.apex.runtime.impl.ApexFieldToken@348e2c3a"|0x348e2c3a
03:22:02.0 (59215536)|STATEMENT_EXECUTE|[89]
03:22:02.0 (59290721)|HEAP_ALLOCATE|[90]|Bytes:8
03:22:02.0 (59301084)|STATEMENT_EXECUTE|[91]
03:22:02.0 (59313821)|HEAP_ALLOCATE|[91]|Bytes:8
03:22:02.0 (59321188)|HEAP_ALLOCATE|[91]|Bytes:11
03:22:02.0 (59328444)|HEAP_ALLOCATE|[EXTERNAL]|Bytes:4
03:22:02.0 (59337723)|HEAP_ALLOCATE|[89]|Bytes:5
03:22:02.0 (59348388)|VARIABLE_ASSIGNMENT|[89]|field|null|
03:22:02.0 (59353489)|STATEMENT_EXECUTE|[93]
03:22:02.0 (59358983)|VARIABLE_SCOPE_BEGIN|[93]|allfields|String|false|false
03:22:02.0 (59369162)|VARIABLE_ASSIGNMENT|[93]|allfields|""
03:22:02.0 (59409326)|HEAP_ALLOCATE|[94]|Bytes:5
03:22:02.0 (59417767)|HEAP_ALLOCATE|[94]|Bytes:2
03:22:02.0 (59423710)|VARIABLE_SCOPE_BEGIN|[94]|fieldname|String|false|false
03:22:02.0 (59432332)|VARIABLE_ASSIGNMENT|[94]|fieldname|"Id"
03:22:02.0 (59440313)|STATEMENT_EXECUTE|[95]
03:22:02.0 (59442486)|HEAP_ALLOCATE|[95]|Bytes:1
03:22:02.0 (59459844)|HEAP_ALLOCATE|[95]|Bytes:3
03:22:02.0 (59464418)|HEAP_ALLOCATE|[95]|Bytes:3
03:22:02.0 (59469177)|VARIABLE_ASSIGNMENT|[95]|allfields|"Id,"
03:22:02.0 (59476887)|HEAP_ALLOCATE|[94]|Bytes:5
03:22:02.0 (59483014)|HEAP_ALLOCATE|[94]|Bytes:5
03:22:02.0 (59487140)|VARIABLE_SCOPE_BEGIN|[94]|fieldname|String|false|false
03:22:02.0 (59493549)|VARIABLE_ASSIGNMENT|[94]|fieldname|"WhoId"
03:22:02.0 (59497623)|STATEMENT_EXECUTE|[95]
03:22:02.0 (59500322)|HEAP_ALLOCATE|[95]|Bytes:6
03:22:02.0 (59503737)|HEAP_ALLOCATE|[95]|Bytes:9
03:22:02.0 (59507294)|VARIABLE_ASSIGNMENT|[95]|allfields|"Id,WhoId,"
03:22:02.0 (59516284)|HEAP_ALLOCATE|[94]|Bytes:5
03:22:02.0 (59522246)|HEAP_ALLOCATE|[94]|Bytes:6
03:22:02.0 (59525700)|VARIABLE_SCOPE_BEGIN|[94]|fieldname|String|false|false
03:22:02.0 (59532553)|VARIABLE_ASSIGNMENT|[94]|fieldname|"WhatId"
03:22:02.0 (59535832)|STATEMENT_EXECUTE|[95]
03:22:02.0 (59538137)|HEAP_ALLOCATE|[95]|Bytes:7
03:22:02.0 (59541410)|HEAP_ALLOCATE|[95]|Bytes:16
03:22:02.0 (59545770)|VARIABLE_ASSIGNMENT|[95]|allfields|"Id,WhoId,WhatId,"
03:22:02.0 (59552240)|HEAP_ALLOCATE|[94]|Bytes:5
03:22:02.0 (59557586)|HEAP_ALLOCATE|[94]|Bytes:7
03:22:02.0 (59560973)|VARIABLE_SCOPE_BEGIN|[94]|fieldname|String|false|false
03:22:02.0 (59566807)|VARIABLE_ASSIGNMENT|[94]|fieldname|"Subject"
03:22:02.0 (59570323)|STATEMENT_EXECUTE|[95]
03:22:02.0 (59572612)|HEAP_ALLOCATE|[95]|Bytes:8
03:22:02.0 (59576046)|HEAP_ALLOCATE|[95]|Bytes:24
03:22:02.0 (59581722)|VARIABLE_ASSIGNMENT|[95]|allfields|"Id,WhoId,WhatId,Subj (4 more) ..."
03:22:02.0 (59588410)|HEAP_ALLOCATE|[94]|Bytes:5
03:22:02.0 (59594022)|HEAP_ALLOCATE|[94]|Bytes:12
03:22:02.0 (59597564)|VARIABLE_SCOPE_BEGIN|[94]|fieldname|String|false|false
03:22:02.0 (59603762)|VARIABLE_ASSIGNMENT|[94]|fieldname|"ActivityDate"
03:22:02.0 (59606964)|STATEMENT_EXECUTE|[95]
03:22:02.0 (59609197)|HEAP_ALLOCATE|[95]|Bytes:13
03:22:02.0 (59612579)|HEAP_ALLOCATE|[95]|Bytes:37
03:22:02.0 (59617630)|VARIABLE_ASSIGNMENT|[95]|allfields|"Id,WhoId,WhatId,Subj (17 more) ..."
03:22:02.0 (59624097)|HEAP_ALLOCATE|[94]|Bytes:5
03:22:02.0 (59629350)|HEAP_ALLOCATE|[94]|Bytes:6
03:22:02.0 (59632561)|VARIABLE_SCOPE_BEGIN|[94]|fieldname|String|false|false
03:22:02.0 (59638381)|VARIABLE_ASSIGNMENT|[94]|fieldname|"Status"
03:22:02.0 (59641326)|STATEMENT_EXECUTE|[95]
03:22:02.0 (59643640)|HEAP_ALLOCATE|[95]|Bytes:7
03:22:02.0 (59647646)|HEAP_ALLOCATE|[95]|Bytes:44
03:22:02.0 (59651857)|VARIABLE_ASSIGNMENT|[95]|allfields|"Id,WhoId,WhatId,Subj (24 more) ..."
03:22:02.0 (59658223)|HEAP_ALLOCATE|[94]|Bytes:5
03:22:02.0 (59663816)|HEAP_ALLOCATE|[94]|Bytes:8
03:22:02.0 (59667274)|VARIABLE_SCOPE_BEGIN|[94]|fieldname|String|false|false
03:22:02.0 (59673227)|VARIABLE_ASSIGNMENT|[94]|fieldname|"Priority"
03:22:02.0 (59676339)|STATEMENT_EXECUTE|[95]
03:22:02.0 (59678532)|HEAP_ALLOCATE|[95]|Bytes:9
03:22:02.0 (59681598)|HEAP_ALLOCATE|[95]|Bytes:53
03:22:02.0 (59685531)|VARIABLE_ASSIGNMENT|[95]|allfields|"Id,WhoId,WhatId,Subj (33 more) ..."
03:22:02.0 (59691749)|HEAP_ALLOCATE|[94]|Bytes:5
03:22:02.0 (59697185)|HEAP_ALLOCATE|[94]|Bytes:14
03:22:02.0 (59701242)|VARIABLE_SCOPE_BEGIN|[94]|fieldname|String|false|false
03:22:02.0 (59707104)|VARIABLE_ASSIGNMENT|[94]|fieldname|"IsHighPriority"
03:22:02.0 (59710316)|STATEMENT_EXECUTE|[95]
03:22:02.0 (59712488)|HEAP_ALLOCATE|[95]|Bytes:15
03:22:02.0 (59716340)|HEAP_ALLOCATE|[95]|Bytes:68
03:22:02.0 (59720505)|VARIABLE_ASSIGNMENT|[95]|allfields|"Id,WhoId,WhatId,Subj (48 more) ..."
03:22:02.0 (59726846)|HEAP_ALLOCATE|[94]|Bytes:5
03:22:02.0 (59731890)|HEAP_ALLOCATE|[94]|Bytes:7
03:22:02.0 (59735429)|VARIABLE_SCOPE_BEGIN|[94]|fieldname|String|false|false
03:22:02.0 (59741783)|VARIABLE_ASSIGNMENT|[94]|fieldname|"OwnerId"
03:22:02.0 (59744829)|STATEMENT_EXECUTE|[95]
03:22:02.0 (59747033)|HEAP_ALLOCATE|[95]|Bytes:8
03:22:02.0 (59750451)|HEAP_ALLOCATE|[95]|Bytes:76
03:22:02.0 (59754482)|VARIABLE_ASSIGNMENT|[95]|allfields|"Id,WhoId,WhatId,Subj (56 more) ..."
03:22:02.0 (59760499)|HEAP_ALLOCATE|[94]|Bytes:5
03:22:02.0 (59766183)|HEAP_ALLOCATE|[94]|Bytes:11
03:22:02.0 (59769683)|VARIABLE_SCOPE_BEGIN|[94]|fieldname|String|false|false
03:22:02.0 (59775889)|VARIABLE_ASSIGNMENT|[94]|fieldname|"Description"
03:22:02.0 (59779274)|STATEMENT_EXECUTE|[95]
03:22:02.0 (59781414)|HEAP_ALLOCATE|[95]|Bytes:12
03:22:02.0 (59785048)|HEAP_ALLOCATE|[95]|Bytes:88
03:22:02.0 (59789288)|VARIABLE_ASSIGNMENT|[95]|allfields|"Id,WhoId,WhatId,Subj (68 more) ..."
03:22:02.0 (59795325)|HEAP_ALLOCATE|[94]|Bytes:5
03:22:02.0 (59800564)|HEAP_ALLOCATE|[94]|Bytes:9
03:22:02.0 (59803895)|VARIABLE_SCOPE_BEGIN|[94]|fieldname|String|false|false
03:22:02.0 (59809566)|VARIABLE_ASSIGNMENT|[94]|fieldname|"IsDeleted"
03:22:02.0 (59812858)|STATEMENT_EXECUTE|[95]
03:22:02.0 (59815091)|HEAP_ALLOCATE|[95]|Bytes:10
03:22:02.0 (59818608)|HEAP_ALLOCATE|[95]|Bytes:98
03:22:02.0 (59827112)|VARIABLE_ASSIGNMENT|[95]|allfields|"Id,WhoId,WhatId,Subj (78 more) ..."
03:22:02.0 (59834315)|HEAP_ALLOCATE|[94]|Bytes:5
03:22:02.0 (59839551)|HEAP_ALLOCATE|[94]|Bytes:9
03:22:02.0 (59843109)|VARIABLE_SCOPE_BEGIN|[94]|fieldname|String|false|false
03:22:02.0 (59848973)|VARIABLE_ASSIGNMENT|[94]|fieldname|"AccountId"
03:22:02.0 (59852680)|STATEMENT_EXECUTE|[95]
03:22:02.0 (59855054)|HEAP_ALLOCATE|[95]|Bytes:10
03:22:02.0 (59858663)|HEAP_ALLOCATE|[95]|Bytes:108
03:22:02.0 (59862864)|VARIABLE_ASSIGNMENT|[95]|allfields|"Id,WhoId,WhatId,Subj (88 more) ..."
03:22:02.0 (59869359)|HEAP_ALLOCATE|[94]|Bytes:5
03:22:02.0 (59874700)|HEAP_ALLOCATE|[94]|Bytes:8
03:22:02.0 (59878028)|VARIABLE_SCOPE_BEGIN|[94]|fieldname|String|false|false
03:22:02.0 (59884233)|VARIABLE_ASSIGNMENT|[94]|fieldname|"IsClosed"
03:22:02.0 (59887604)|STATEMENT_EXECUTE|[95]
03:22:02.0 (59889708)|HEAP_ALLOCATE|[95]|Bytes:9
03:22:02.0 (59893022)|HEAP_ALLOCATE|[95]|Bytes:117
03:22:02.0 (59897154)|VARIABLE_ASSIGNMENT|[95]|allfields|"Id,WhoId,WhatId,Subj (97 more) ..."
03:22:02.0 (59903250)|HEAP_ALLOCATE|[94]|Bytes:5
03:22:02.0 (59908622)|HEAP_ALLOCATE|[94]|Bytes:11
03:22:02.0 (59912313)|VARIABLE_SCOPE_BEGIN|[94]|fieldname|String|false|false
03:22:02.0 (59918286)|VARIABLE_ASSIGNMENT|[94]|fieldname|"CreatedDate"
03:22:02.0 (59921367)|STATEMENT_EXECUTE|[95]
03:22:02.0 (59923452)|HEAP_ALLOCATE|[95]|Bytes:12
03:22:02.0 (59927143)|HEAP_ALLOCATE|[95]|Bytes:129
03:22:02.0 (59931511)|VARIABLE_ASSIGNMENT|[95]|allfields|"Id,WhoId,WhatId,Subj (109 more) ..."
03:22:02.0 (59937997)|HEAP_ALLOCATE|[94]|Bytes:5
03:22:02.0 (59943886)|HEAP_ALLOCATE|[94]|Bytes:11
03:22:02.0 (59947335)|VARIABLE_SCOPE_BEGIN|[94]|fieldname|String|false|false
03:22:02.0 (59953485)|VARIABLE_ASSIGNMENT|[94]|fieldname|"CreatedById"
03:22:02.0 (59956573)|STATEMENT_EXECUTE|[95]
03:22:02.0 (59958779)|HEAP_ALLOCATE|[95]|Bytes:12
03:22:02.0 (59961814)|HEAP_ALLOCATE|[95]|Bytes:141
03:22:02.0 (59966585)|VARIABLE_ASSIGNMENT|[95]|allfields|"Id,WhoId,WhatId,Subj (121 more) ..."
03:22:02.0 (59972868)|HEAP_ALLOCATE|[94]|Bytes:5
03:22:02.0 (59978170)|HEAP_ALLOCATE|[94]|Bytes:16
03:22:02.0 (59981432)|VARIABLE_SCOPE_BEGIN|[94]|fieldname|String|false|false
03:22:02.0 (59987294)|VARIABLE_ASSIGNMENT|[94]|fieldname|"LastModifiedDate"
03:22:02.0 (59990684)|STATEMENT_EXECUTE|[95]
03:22:02.0 (59992875)|HEAP_ALLOCATE|[95]|Bytes:17
03:22:02.0 (59996318)|HEAP_ALLOCATE|[95]|Bytes:158
03:22:02.0 (60000556)|VARIABLE_ASSIGNMENT|[95]|allfields|"Id,WhoId,WhatId,Subj (138 more) ..."
03:22:02.0 (60007588)|HEAP_ALLOCATE|[94]|Bytes:5
03:22:02.0 (60013030)|HEAP_ALLOCATE|[94]|Bytes:16
03:22:02.0 (60016523)|VARIABLE_SCOPE_BEGIN|[94]|fieldname|String|false|false
03:22:02.0 (60022535)|VARIABLE_ASSIGNMENT|[94]|fieldname|"LastModifiedById"
03:22:02.0 (60025532)|STATEMENT_EXECUTE|[95]
03:22:02.0 (60027688)|HEAP_ALLOCATE|[95]|Bytes:17
03:22:02.0 (60030765)|HEAP_ALLOCATE|[95]|Bytes:175
03:22:02.0 (60034767)|VARIABLE_ASSIGNMENT|[95]|allfields|"Id,WhoId,WhatId,Subj (155 more) ..."
03:22:02.0 (60040601)|HEAP_ALLOCATE|[94]|Bytes:5
03:22:02.0 (60046225)|HEAP_ALLOCATE|[94]|Bytes:14
03:22:02.0 (60049543)|VARIABLE_SCOPE_BEGIN|[94]|fieldname|String|false|false
03:22:02.0 (60056041)|VARIABLE_ASSIGNMENT|[94]|fieldname|"SystemModstamp"
03:22:02.0 (60059687)|STATEMENT_EXECUTE|[95]
03:22:02.0 (60061836)|HEAP_ALLOCATE|[95]|Bytes:15
03:22:02.0 (60065231)|HEAP_ALLOCATE|[95]|Bytes:190
03:22:02.0 (60069182)|VARIABLE_ASSIGNMENT|[95]|allfields|"Id,WhoId,WhatId,Subj (170 more) ..."
03:22:02.0 (60075373)|HEAP_ALLOCATE|[94]|Bytes:5
03:22:02.0 (60080351)|HEAP_ALLOCATE|[94]|Bytes:10
03:22:02.0 (60084159)|VARIABLE_SCOPE_BEGIN|[94]|fieldname|String|false|false
03:22:02.0 (60090475)|VARIABLE_ASSIGNMENT|[94]|fieldname|"IsArchived"
03:22:02.0 (60093690)|STATEMENT_EXECUTE|[95]
03:22:02.0 (60095875)|HEAP_ALLOCATE|[95]|Bytes:11
03:22:02.0 (60099570)|HEAP_ALLOCATE|[95]|Bytes:201
03:22:02.0 (60103842)|VARIABLE_ASSIGNMENT|[95]|allfields|"Id,WhoId,WhatId,Subj (181 more) ..."
03:22:02.0 (60110404)|HEAP_ALLOCATE|[94]|Bytes:5
03:22:02.0 (60115829)|HEAP_ALLOCATE|[94]|Bytes:21
03:22:02.0 (60119316)|VARIABLE_SCOPE_BEGIN|[94]|fieldname|String|false|false
03:22:02.0 (60126103)|VARIABLE_ASSIGNMENT|[94]|fieldname|"CallDurationInSecond (1 more) ..."
03:22:02.0 (60129645)|STATEMENT_EXECUTE|[95]
03:22:02.0 (60131836)|HEAP_ALLOCATE|[95]|Bytes:22
03:22:02.0 (60135092)|HEAP_ALLOCATE|[95]|Bytes:223
03:22:02.0 (60139036)|VARIABLE_ASSIGNMENT|[95]|allfields|"Id,WhoId,WhatId,Subj (203 more) ..."
03:22:02.0 (60145265)|HEAP_ALLOCATE|[94]|Bytes:5
03:22:02.0 (60150529)|HEAP_ALLOCATE|[94]|Bytes:8
03:22:02.0 (60154444)|VARIABLE_SCOPE_BEGIN|[94]|fieldname|String|false|false
03:22:02.0 (60160915)|VARIABLE_ASSIGNMENT|[94]|fieldname|"CallType"
03:22:02.0 (60164247)|STATEMENT_EXECUTE|[95]
03:22:02.0 (60166389)|HEAP_ALLOCATE|[95]|Bytes:9
03:22:02.0 (60170166)|HEAP_ALLOCATE|[95]|Bytes:232
03:22:02.0 (60174290)|VARIABLE_ASSIGNMENT|[95]|allfields|"Id,WhoId,WhatId,Subj (212 more) ..."
03:22:02.0 (60180392)|HEAP_ALLOCATE|[94]|Bytes:5
03:22:02.0 (60185843)|HEAP_ALLOCATE|[94]|Bytes:15
03:22:02.0 (60189197)|VARIABLE_SCOPE_BEGIN|[94]|fieldname|String|false|false
03:22:02.0 (60195714)|VARIABLE_ASSIGNMENT|[94]|fieldname|"CallDisposition"
03:22:02.0 (60199143)|STATEMENT_EXECUTE|[95]
03:22:02.0 (60201396)|HEAP_ALLOCATE|[95]|Bytes:16
03:22:02.0 (60204737)|HEAP_ALLOCATE|[95]|Bytes:248
03:22:02.0 (60209239)|VARIABLE_ASSIGNMENT|[95]|allfields|"Id,WhoId,WhatId,Subj (228 more) ..."
03:22:02.0 (60215349)|HEAP_ALLOCATE|[94]|Bytes:5
03:22:02.0 (60220529)|HEAP_ALLOCATE|[94]|Bytes:10
03:22:02.0 (60223933)|VARIABLE_SCOPE_BEGIN|[94]|fieldname|String|false|false
03:22:02.0 (60229959)|VARIABLE_ASSIGNMENT|[94]|fieldname|"CallObject"
03:22:02.0 (60233133)|STATEMENT_EXECUTE|[95]
03:22:02.0 (60235288)|HEAP_ALLOCATE|[95]|Bytes:11
03:22:02.0 (60238728)|HEAP_ALLOCATE|[95]|Bytes:259
03:22:02.0 (60242662)|VARIABLE_ASSIGNMENT|[95]|allfields|"Id,WhoId,WhatId,Subj (239 more) ..."
03:22:02.0 (60248669)|HEAP_ALLOCATE|[94]|Bytes:5
03:22:02.0 (60253929)|HEAP_ALLOCATE|[94]|Bytes:16
03:22:02.0 (60257320)|VARIABLE_SCOPE_BEGIN|[94]|fieldname|String|false|false
03:22:02.0 (60263856)|VARIABLE_ASSIGNMENT|[94]|fieldname|"ReminderDateTime"
03:22:02.0 (60267052)|STATEMENT_EXECUTE|[95]
03:22:02.0 (60269195)|HEAP_ALLOCATE|[95]|Bytes:17
03:22:02.0 (60272660)|HEAP_ALLOCATE|[95]|Bytes:276
03:22:02.0 (60276622)|VARIABLE_ASSIGNMENT|[95]|allfields|"Id,WhoId,WhatId,Subj (256 more) ..."
03:22:02.0 (60282750)|HEAP_ALLOCATE|[94]|Bytes:5
03:22:02.0 (60287988)|HEAP_ALLOCATE|[94]|Bytes:13
03:22:02.0 (60291385)|VARIABLE_SCOPE_BEGIN|[94]|fieldname|String|false|false
03:22:02.0 (60297732)|VARIABLE_ASSIGNMENT|[94]|fieldname|"IsReminderSet"
03:22:02.0 (60301214)|STATEMENT_EXECUTE|[95]
03:22:02.0 (60303309)|HEAP_ALLOCATE|[95]|Bytes:14
03:22:02.0 (60306843)|HEAP_ALLOCATE|[95]|Bytes:290
03:22:02.0 (60311466)|VARIABLE_ASSIGNMENT|[95]|allfields|"Id,WhoId,WhatId,Subj (270 more) ..."
03:22:02.0 (60318011)|HEAP_ALLOCATE|[94]|Bytes:5
03:22:02.0 (60323151)|HEAP_ALLOCATE|[94]|Bytes:20
03:22:02.0 (60326650)|VARIABLE_SCOPE_BEGIN|[94]|fieldname|String|false|false
03:22:02.0 (60332687)|VARIABLE_ASSIGNMENT|[94]|fieldname|"RecurrenceActivityId"
03:22:02.0 (60335696)|STATEMENT_EXECUTE|[95]
03:22:02.0 (60337782)|HEAP_ALLOCATE|[95]|Bytes:21
03:22:02.0 (60341252)|HEAP_ALLOCATE|[95]|Bytes:311
03:22:02.0 (60345191)|VARIABLE_ASSIGNMENT|[95]|allfields|"Id,WhoId,WhatId,Subj (291 more) ..."
03:22:02.0 (60351216)|HEAP_ALLOCATE|[94]|Bytes:5
03:22:02.0 (60356429)|HEAP_ALLOCATE|[94]|Bytes:12
03:22:02.0 (60359876)|VARIABLE_SCOPE_BEGIN|[94]|fieldname|String|false|false
03:22:02.0 (60366200)|VARIABLE_ASSIGNMENT|[94]|fieldname|"IsRecurrence"
03:22:02.0 (60369478)|STATEMENT_EXECUTE|[95]
03:22:02.0 (60371543)|HEAP_ALLOCATE|[95]|Bytes:13
03:22:02.0 (60375213)|HEAP_ALLOCATE|[95]|Bytes:324
03:22:02.0 (60379553)|VARIABLE_ASSIGNMENT|[95]|allfields|"Id,WhoId,WhatId,Subj (304 more) ..."
03:22:02.0 (60385814)|HEAP_ALLOCATE|[94]|Bytes:5
03:22:02.0 (60391313)|HEAP_ALLOCATE|[94]|Bytes:23
03:22:02.0 (60394701)|VARIABLE_SCOPE_BEGIN|[94]|fieldname|String|false|false
03:22:02.0 (60401645)|VARIABLE_ASSIGNMENT|[94]|fieldname|"RecurrenceStartDateO (3 more) ..."
03:22:02.0 (60404996)|STATEMENT_EXECUTE|[95]
03:22:02.0 (60407101)|HEAP_ALLOCATE|[95]|Bytes:24
03:22:02.0 (60410789)|HEAP_ALLOCATE|[95]|Bytes:348
03:22:02.0 (60414852)|VARIABLE_ASSIGNMENT|[95]|allfields|"Id,WhoId,WhatId,Subj (328 more) ..."
03:22:02.0 (60421426)|HEAP_ALLOCATE|[94]|Bytes:5
03:22:02.0 (60426510)|HEAP_ALLOCATE|[94]|Bytes:21
03:22:02.0 (60430036)|VARIABLE_SCOPE_BEGIN|[94]|fieldname|String|false|false
03:22:02.0 (60442142)|VARIABLE_ASSIGNMENT|[94]|fieldname|"RecurrenceEndDateOnl (1 more) ..."
03:22:02.0 (60448592)|STATEMENT_EXECUTE|[95]
03:22:02.0 (60452335)|HEAP_ALLOCATE|[95]|Bytes:22
03:22:02.0 (60457824)|HEAP_ALLOCATE|[95]|Bytes:370
03:22:02.0 (60465456)|VARIABLE_ASSIGNMENT|[95]|allfields|"Id,WhoId,WhatId,Subj (350 more) ..."
03:22:02.0 (60476437)|HEAP_ALLOCATE|[94]|Bytes:5
03:22:02.0 (60486254)|HEAP_ALLOCATE|[94]|Bytes:24
03:22:02.0 (60493081)|VARIABLE_SCOPE_BEGIN|[94]|fieldname|String|false|false
03:22:02.0 (60503252)|VARIABLE_ASSIGNMENT|[94]|fieldname|"RecurrenceTimeZoneSi (4 more) ..."
03:22:02.0 (60506779)|STATEMENT_EXECUTE|[95]
03:22:02.0 (60510083)|HEAP_ALLOCATE|[95]|Bytes:25
03:22:02.0 (60514908)|HEAP_ALLOCATE|[95]|Bytes:395
03:22:02.0 (60519052)|VARIABLE_ASSIGNMENT|[95]|allfields|"Id,WhoId,WhatId,Subj (375 more) ..."
03:22:02.0 (60539339)|HEAP_ALLOCATE|[94]|Bytes:5
03:22:02.0 (60547581)|HEAP_ALLOCATE|[94]|Bytes:14
03:22:02.0 (60551618)|VARIABLE_SCOPE_BEGIN|[94]|fieldname|String|false|false
03:22:02.0 (60558278)|VARIABLE_ASSIGNMENT|[94]|fieldname|"RecurrenceType"
03:22:02.0 (60561722)|STATEMENT_EXECUTE|[95]
03:22:02.0 (60564555)|HEAP_ALLOCATE|[95]|Bytes:15
03:22:02.0 (60568153)|HEAP_ALLOCATE|[95]|Bytes:410
03:22:02.0 (60572776)|VARIABLE_ASSIGNMENT|[95]|allfields|"Id,WhoId,WhatId,Subj (390 more) ..."
03:22:02.0 (60580147)|HEAP_ALLOCATE|[94]|Bytes:5
03:22:02.0 (60586348)|HEAP_ALLOCATE|[94]|Bytes:18
03:22:02.0 (60589995)|VARIABLE_SCOPE_BEGIN|[94]|fieldname|String|false|false
03:22:02.0 (60596030)|VARIABLE_ASSIGNMENT|[94]|fieldname|"RecurrenceInterval"
03:22:02.0 (60599315)|STATEMENT_EXECUTE|[95]
03:22:02.0 (60601481)|HEAP_ALLOCATE|[95]|Bytes:19
03:22:02.0 (60605163)|HEAP_ALLOCATE|[95]|Bytes:429
03:22:02.0 (60609156)|VARIABLE_ASSIGNMENT|[95]|allfields|"Id,WhoId,WhatId,Subj (409 more) ..."
03:22:02.0 (60615388)|HEAP_ALLOCATE|[94]|Bytes:5
03:22:02.0 (60620305)|HEAP_ALLOCATE|[94]|Bytes:23
03:22:02.0 (60623761)|VARIABLE_SCOPE_BEGIN|[94]|fieldname|String|false|false
03:22:02.0 (60630317)|VARIABLE_ASSIGNMENT|[94]|fieldname|"RecurrenceDayOfWeekM (3 more) ..."
03:22:02.0 (60633512)|STATEMENT_EXECUTE|[95]
03:22:02.0 (60651022)|HEAP_ALLOCATE|[95]|Bytes:24
03:22:02.0 (60658107)|HEAP_ALLOCATE|[95]|Bytes:453
03:22:02.0 (60666568)|VARIABLE_ASSIGNMENT|[95]|allfields|"Id,WhoId,WhatId,Subj (433 more) ..."
03:22:02.0 (60675885)|HEAP_ALLOCATE|[94]|Bytes:5
03:22:02.0 (60682267)|HEAP_ALLOCATE|[94]|Bytes:20
03:22:02.0 (60685867)|VARIABLE_SCOPE_BEGIN|[94]|fieldname|String|false|false
03:22:02.0 (60692491)|VARIABLE_ASSIGNMENT|[94]|fieldname|"RecurrenceDayOfMonth"
03:22:02.0 (60695845)|STATEMENT_EXECUTE|[95]
03:22:02.0 (60698227)|HEAP_ALLOCATE|[95]|Bytes:21
03:22:02.0 (60702010)|HEAP_ALLOCATE|[95]|Bytes:474
03:22:02.0 (60706244)|VARIABLE_ASSIGNMENT|[95]|allfields|"Id,WhoId,WhatId,Subj (454 more) ..."
03:22:02.0 (60712663)|HEAP_ALLOCATE|[94]|Bytes:5
03:22:02.0 (60718133)|HEAP_ALLOCATE|[94]|Bytes:18
03:22:02.0 (60721670)|VARIABLE_SCOPE_BEGIN|[94]|fieldname|String|false|false
03:22:02.0 (60727610)|VARIABLE_ASSIGNMENT|[94]|fieldname|"RecurrenceInstance"
03:22:02.0 (60731660)|STATEMENT_EXECUTE|[95]
03:22:02.0 (60733807)|HEAP_ALLOCATE|[95]|Bytes:19
03:22:02.0 (60737503)|HEAP_ALLOCATE|[95]|Bytes:493
03:22:02.0 (60741791)|VARIABLE_ASSIGNMENT|[95]|allfields|"Id,WhoId,WhatId,Subj (473 more) ..."
03:22:02.0 (60747860)|HEAP_ALLOCATE|[94]|Bytes:5
03:22:02.0 (60753114)|HEAP_ALLOCATE|[94]|Bytes:21
03:22:02.0 (60756314)|VARIABLE_SCOPE_BEGIN|[94]|fieldname|String|false|false
03:22:02.0 (60762745)|VARIABLE_ASSIGNMENT|[94]|fieldname|"RecurrenceMonthOfYea (1 more) ..."
03:22:02.0 (60765606)|STATEMENT_EXECUTE|[95]
03:22:02.0 (60767726)|HEAP_ALLOCATE|[95]|Bytes:22
03:22:02.0 (60771518)|HEAP_ALLOCATE|[95]|Bytes:515
03:22:02.0 (60775436)|VARIABLE_ASSIGNMENT|[95]|allfields|"Id,WhoId,WhatId,Subj (495 more) ..."
03:22:02.0 (60781497)|HEAP_ALLOCATE|[94]|Bytes:5
03:22:02.0 (60786576)|HEAP_ALLOCATE|[94]|Bytes:25
03:22:02.0 (60789786)|VARIABLE_SCOPE_BEGIN|[94]|fieldname|String|false|false
03:22:02.0 (60796313)|VARIABLE_ASSIGNMENT|[94]|fieldname|"RecurrenceRegenerate (5 more) ..."
03:22:02.0 (60799459)|STATEMENT_EXECUTE|[95]
03:22:02.0 (60801521)|HEAP_ALLOCATE|[95]|Bytes:26
03:22:02.0 (60805365)|HEAP_ALLOCATE|[95]|Bytes:541
03:22:02.0 (60809348)|VARIABLE_ASSIGNMENT|[95]|allfields|"Id,WhoId,WhatId,Subj (521 more) ..."
03:22:02.0 (60815543)|HEAP_ALLOCATE|[94]|Bytes:5
03:22:02.0 (60820631)|HEAP_ALLOCATE|[94]|Bytes:11
03:22:02.0 (60824069)|VARIABLE_SCOPE_BEGIN|[94]|fieldname|String|false|false
03:22:02.0 (60829899)|VARIABLE_ASSIGNMENT|[94]|fieldname|"TaskSubtype"
03:22:02.0 (60832934)|STATEMENT_EXECUTE|[95]
03:22:02.0 (60835020)|HEAP_ALLOCATE|[95]|Bytes:12
03:22:02.0 (60838539)|HEAP_ALLOCATE|[95]|Bytes:553
03:22:02.0 (60842632)|VARIABLE_ASSIGNMENT|[95]|allfields|"Id,WhoId,WhatId,Subj (533 more) ..."
03:22:02.0 (60848619)|HEAP_ALLOCATE|[94]|Bytes:5
03:22:02.0 (60854616)|VARIABLE_ASSIGNMENT|[94]|fieldname|null
03:22:02.0 (60858322)|STATEMENT_EXECUTE|[97]
03:22:02.0 (60917516)|HEAP_ALLOCATE|[97]|Bytes:552
03:22:02.0 (60928284)|VARIABLE_ASSIGNMENT|[97]|allfields|"Id,WhoId,WhatId,Subj (532 more) ..."
03:22:02.0 (60931968)|STATEMENT_EXECUTE|[99]
03:22:02.0 (60945012)|METHOD_EXIT|[19]|01p7F00000HhQR4|PM_Job_New_Controller.getAllFields(String)
03:22:02.0 (60951761)|HEAP_ALLOCATE|[19]|Bytes:10
03:22:02.0 (60960240)|HEAP_ALLOCATE|[19]|Bytes:569
03:22:02.0 (61548781)|SOQL_EXECUTE_BEGIN|[19]|Aggregations:0|select Id,WhoId,WhatId,Subject,ActivityDate,Status,Priority,IsHighPriority,OwnerId,Description,IsDeleted,AccountId,IsClosed,CreatedDate,CreatedById,LastModifiedDate,LastModifiedById,SystemModstamp,IsArchived,CallDurationInSeconds,CallType,CallDisposition,CallObject,ReminderDateTime,IsReminderSet,RecurrenceActivityId,IsRecurrence,RecurrenceStartDateOnly,RecurrenceEndDateOnly,RecurrenceTimeZoneSidKey,RecurrenceType,RecurrenceInterval,RecurrenceDayOfWeekMask,RecurrenceDayOfMonth,RecurrenceInstance,RecurrenceMonthOfYear,RecurrenceRegeneratedType,TaskSubtype from Task
03:22:02.0 (70531507)|SOQL_EXECUTE_END|[19]|Rows:4
03:22:02.0 (70556397)|HEAP_ALLOCATE|[19]|Bytes:20
03:22:02.0 (70585384)|HEAP_ALLOCATE|[19]|Bytes:1808
03:22:02.0 (70671290)|HEAP_ALLOCATE|[19]|Bytes:20
03:22:02.0 (70695297)|VARIABLE_SCOPE_BEGIN|[19]|task|List<Task>|true|false
03:22:02.0 (70818150)|VARIABLE_ASSIGNMENT|[19]|task|[{"Id":"00T7F000009TyUbUAK","WhoId":"00Q7F0000030w5tUAA","Subject":"Other","Status":"Completed","Priority":"Normal","IsHighPriority":false,"OwnerId":"0057F000000T34oQAC","IsDeleted":false,"IsClosed":true,"CreatedDate":"2017-10-10T16:56:11.000Z","CreatedById":"0057F000000T34oQAC","LastModifiedDate":"2017-10-25T03:00:11.000Z","LastModifiedById":"0057F000000T34oQAC","SystemModstamp":"2017-10-25T03:00:11.000Z","IsArchived":false,"IsReminderSet":false,"IsRecurrence":false,"TaskSubtype":"Task"},{"Id":"00T7F000009TyexUAC","WhoId":"0037F00000BmYSmQAN","WhatId":"0067F0000051AquQAE","Subject":"Call","ActivityDate":"2017-10-11T00:00:00.000Z","Status":"Completed","Priority":"Normal","IsHighPriority":false,"OwnerId":"0057F000000T34oQAC","IsDeleted":false,"AccountId":"0017F00000HVkX6QAL","IsClosed":true,"CreatedDate":"2017-10-10T18:44:53.000Z","CreatedById":"0057F000000T34oQAC","LastModifiedDate":"2017-10-25T03:00:39.000Z","LastModifiedById":"0057F000000T34oQAC","SystemModstamp":"2017-10-25T03:00:39.000Z","IsArchived":false,"ReminderDateTime":"2017-10-10T15:00:00.000Z","IsReminderSet":false,"IsRecurrence":false,"TaskSubtype":"Task"},{"Id":"00T7F00000DvfQzUAJ","WhoId":"0037F00000INcziQAD","WhatId":"0067F000006ogtuQAA","Subject":"test","ActivityDate":"2017-11-29T00:00:00.000Z","Status":"In Progress","Priority":"Normal","IsHighPriority":false,"OwnerId":"0057F000000T34oQAC","IsDeleted":false,"AccountId":"0017F00000HVkX6QAL","IsClosed":false,"CreatedDate":"2017-11-29T14:43:25.000Z","CreatedById":"0057F000000T34oQAC","LastModifiedDate":"2017-12-11T13:25:59.000Z","LastModifiedById":"0057F000000T34oQAC","SystemModstamp":"2017-12-11T13:25:59.000Z","IsArchived":false,"ReminderDateTime":"2017-11-29T16:00:00.000Z","IsReminderSet":false,"IsRecurrence":false,"TaskSubtype":"Task"},{"Id":"00T7F00000MIsEyUAL","Subject":"Hello World","Status":"Open","Priority":"Normal","IsHighPriority":false,"OwnerId":"0057F000000Tiz6QAC","IsDeleted":false,"IsClosed":false,"CreatedDate":"2018-01-29T10:50:31.000Z","CreatedById":"0057F000000Tiz6QAC","LastModifiedDate":"2018-01-29T10:50:31.000Z","LastModifiedById":"0057F000000Tiz6QAC","SystemModstamp":"2018-01-29T10:50:31.000Z","IsArchived":false,"IsReminderSet":false,"IsRecurrence":false,"TaskSubtype":"Task"}]|0x1fc22113
03:22:02.0 (70858343)|STATEMENT_EXECUTE|[20]
03:22:02.0 (70863412)|HEAP_ALLOCATE|[20]|Bytes:36
03:22:02.0 (71307680)|HEAP_ALLOCATE|[20]|Bytes:1999
03:22:02.0 (71331705)|HEAP_ALLOCATE|[20]|Bytes:2035
03:22:02.0 (71369459)|USER_DEBUG|[20]|DEBUG|------------------------------------(Task:{Id=00T7F000009TyUbUAK, WhoId=00Q7F0000030w5tUAA, Subject=Other, Status=Completed, Priority=Normal, IsHighPriority=false, OwnerId=0057F000000T34oQAC, IsDeleted=false, IsClosed=true, CreatedDate=2017-10-10 16:56:11, CreatedById=0057F000000T34oQAC, LastModifiedDate=2017-10-25 03:00:11, LastModifiedById=0057F000000T34oQAC, SystemModstamp=2017-10-25 03:00:11, IsArchived=false, IsReminderSet=false, IsRecurrence=false, TaskSubtype=Task}, Task:{Id=00T7F000009TyexUAC, WhoId=0037F00000BmYSmQAN, WhatId=0067F0000051AquQAE, Subject=Call, ActivityDate=2017-10-11 00:00:00, Status=Completed, Priority=Normal, IsHighPriority=false, OwnerId=0057F000000T34oQAC, IsDeleted=false, AccountId=0017F00000HVkX6QAL, IsClosed=true, CreatedDate=2017-10-10 18:44:53, CreatedById=0057F000000T34oQAC, LastModifiedDate=2017-10-25 03:00:39, LastModifiedById=0057F000000T34oQAC, SystemModstamp=2017-10-25 03:00:39, IsArchived=false, ReminderDateTime=2017-10-10 15:00:00, IsReminderSet=false, IsRecurrence=false, TaskSubtype=Task}, Task:{Id=00T7F00000DvfQzUAJ, WhoId=0037F00000INcziQAD, WhatId=0067F000006ogtuQAA, Subject=test, ActivityDate=2017-11-29 00:00:00, Status=In Progress, Priority=Normal, IsHighPriority=false, OwnerId=0057F000000T34oQAC, IsDeleted=false, AccountId=0017F00000HVkX6QAL, IsClosed=false, CreatedDate=2017-11-29 14:43:25, CreatedById=0057F000000T34oQAC, LastModifiedDate=2017-12-11 13:25:59, LastModifiedById=0057F000000T34oQAC, SystemModstamp=2017-12-11 13:25:59, IsArchived=false, ReminderDateTime=2017-11-29 16:00:00, IsReminderSet=false, IsRecurrence=false, TaskSubtype=Task}, Task:{Id=00T7F00000MIsEyUAL, Subject=Hello World, Status=Open, Priority=Normal, IsHighPriority=false, OwnerId=0057F000000Tiz6QAC, IsDeleted=false, IsClosed=false, CreatedDate=2018-01-29 10:50:31, CreatedById=0057F000000Tiz6QAC, LastModifiedDate=2018-01-29 10:50:31, LastModifiedById=0057F000000Tiz6QAC, SystemModstamp=2018-01-29 10:50:31, IsArchived=false, IsReminderSet=false, IsRecurrence=false, TaskSubtype=Task})
03:22:02.0 (71400376)|STATEMENT_EXECUTE|[21]
03:22:02.0 (71466697)|HEAP_ALLOCATE|[21]|Bytes:85
03:22:02.0 (71492993)|SYSTEM_METHOD_ENTRY|[1]|UserInfo.UserInfo()
03:22:02.0 (71496676)|STATEMENT_EXECUTE|[1]
03:22:02.0 (71505834)|SYSTEM_METHOD_EXIT|[1]|UserInfo
03:22:02.0 (71517701)|METHOD_ENTRY|[21]||System.UserInfo.getUserId()
03:22:02.0 (71566798)|METHOD_EXIT|[21]||System.UserInfo.getUserId()
03:22:02.0 (71573379)|HEAP_ALLOCATE|[21]|Bytes:5
03:22:02.0 (71585975)|METHOD_ENTRY|[21]||System.UserInfo.getUserName()
03:22:02.0 (71606685)|METHOD_EXIT|[21]||System.UserInfo.getUserName()
03:22:02.0 (71629117)|HEAP_ALLOCATE|[21]|Bytes:80
03:22:02.0 (71638767)|USER_DEBUG|[21]|DEBUG|------------------------------------0057F000000Tiz6QAC-----ksb994@salesforce.com
03:22:02.0 (71650123)|SYSTEM_MODE_EXIT|false
03:22:02.0 (72214229)|SYSTEM_MODE_ENTER|true
03:22:02.91 (91700760)|SYSTEM_MODE_ENTER|true
03:22:02.91 (91780702)|HEAP_ALLOCATE|[EXTERNAL]|Bytes:8
03:22:02.91 (91793493)|VARIABLE_SCOPE_BEGIN|[88]|this|ApexPage.PageMessagesComponentController|true|false
03:22:02.91 (91827413)|VARIABLE_ASSIGNMENT|[88]|this|{}|0x6fa3e9b6
03:22:02.91 (91833460)|VARIABLE_SCOPE_BEGIN|[88]|escape|Boolean|false|false
03:22:02.91 (91841350)|VARIABLE_ASSIGNMENT|[88]|escape|null
03:22:02.92 (92031811)|SYSTEM_MODE_ENTER|true
03:22:02.92 (92072196)|HEAP_ALLOCATE|[EXTERNAL]|Bytes:8
03:22:02.92 (92080404)|VARIABLE_SCOPE_BEGIN|[2]|this|ApexPage.PageMessagesComponentController|true|false
03:22:02.92 (92104253)|VARIABLE_ASSIGNMENT|[2]|this|{}|0x6fa3e9b6
03:22:02.0 (92882834)|SYSTEM_MODE_ENTER|true
03:22:02.0 (92917887)|HEAP_ALLOCATE|[EXTERNAL]|Bytes:40
03:22:02.0 (92928852)|VARIABLE_SCOPE_BEGIN|[24]|this|PM_Job_New_Controller|true|false
03:22:02.0 (92965334)|VARIABLE_ASSIGNMENT|[24]|this|{"job":"0x76d1b966","projectList":"0x6026b0df"}|0x43d4daa9
03:22:02.0 (92982356)|SYSTEM_MODE_ENTER|false
03:22:02.0 (92989325)|HEAP_ALLOCATE|[25]|Bytes:5
03:22:02.0 (92995285)|STATEMENT_EXECUTE|[24]
03:22:02.0 (92997273)|STATEMENT_EXECUTE|[25]
03:22:02.0 (93009402)|HEAP_ALLOCATE|[25]|Bytes:4
03:22:02.0 (93039600)|VARIABLE_SCOPE_BEGIN|[25]|cpcso|List<System.SelectOption>|true|false
03:22:02.0 (93061911)|HEAP_ALLOCATE|[EXTERNAL]|Bytes:4
03:22:02.0 (93071943)|VARIABLE_ASSIGNMENT|[25]|cpcso|[]|0x4a529e15
03:22:02.0 (93114436)|VARIABLE_ASSIGNMENT|[EXTERNAL]|this|{"job":"0x76d1b966","projectList":"0x6026b0df"}|0x43d4daa9
03:22:02.0 (93261705)|HEAP_ALLOCATE|[26]|Bytes:5
03:22:02.0 (93280786)|HEAP_ALLOCATE|[26]|Bytes:12
03:22:02.0 (93290353)|VARIABLE_SCOPE_BEGIN|[26]|pro|Project__c|true|false
03:22:02.0 (93308288)|VARIABLE_ASSIGNMENT|[26]|pro|{"Company_project_code (3 more) ...":"101-TRN-COM-042","Id":"a057F0000039u2LQAQ"}|0x6b2e516e
03:22:02.0 (93314344)|STATEMENT_EXECUTE|[26]
03:22:02.0 (93315489)|STATEMENT_EXECUTE|[27]
03:22:02.0 (93356404)|HEAP_ALLOCATE|[27]|Bytes:18
03:22:02.0 (93425392)|HEAP_ALLOCATE|[EXTERNAL]|Bytes:4
03:22:02.0 (93445973)|HEAP_ALLOCATE|[26]|Bytes:5
03:22:02.0 (93456097)|HEAP_ALLOCATE|[26]|Bytes:12
03:22:02.0 (93461704)|VARIABLE_SCOPE_BEGIN|[26]|pro|Project__c|true|false
03:22:02.0 (93475682)|VARIABLE_ASSIGNMENT|[26]|pro|{"Company_project_code (3 more) ...":"101-TRN-COM-036","Id":"a057F0000039u2MQAQ"}|0x1855f45f
03:22:02.0 (93480615)|STATEMENT_EXECUTE|[26]
03:22:02.0 (93481646)|STATEMENT_EXECUTE|[27]
03:22:02.0 (93489753)|HEAP_ALLOCATE|[27]|Bytes:18
03:22:02.0 (93502675)|HEAP_ALLOCATE|[EXTERNAL]|Bytes:4
03:22:02.0 (93514259)|HEAP_ALLOCATE|[26]|Bytes:5
03:22:02.0 (93522211)|HEAP_ALLOCATE|[26]|Bytes:12
03:22:02.0 (93526752)|VARIABLE_SCOPE_BEGIN|[26]|pro|Project__c|true|false
03:22:02.0 (93537799)|VARIABLE_ASSIGNMENT|[26]|pro|{"Company_project_code (3 more) ...":"101-TRN-COM-034","Id":"a057F0000039u2NQAQ"}|0xdf2f23c
03:22:02.0 (93542599)|STATEMENT_EXECUTE|[26]
03:22:02.0 (93543467)|STATEMENT_EXECUTE|[27]
03:22:02.0 (93548853)|HEAP_ALLOCATE|[27]|Bytes:18
03:22:02.0 (93558600)|HEAP_ALLOCATE|[EXTERNAL]|Bytes:4
03:22:02.0 (93566332)|HEAP_ALLOCATE|[26]|Bytes:5
03:22:02.0 (93573565)|HEAP_ALLOCATE|[26]|Bytes:12
03:22:02.0 (93577745)|VARIABLE_SCOPE_BEGIN|[26]|pro|Project__c|true|false
03:22:02.0 (93587822)|VARIABLE_ASSIGNMENT|[26]|pro|{"Company_project_code (3 more) ...":"101-TRN-COM-051","Id":"a057F0000039u2OQAQ"}|0x5634e400
03:22:02.0 (93595009)|STATEMENT_EXECUTE|[26]
03:22:02.0 (93595984)|STATEMENT_EXECUTE|[27]
03:22:02.0 (93600867)|HEAP_ALLOCATE|[27]|Bytes:18
03:22:02.0 (93610447)|HEAP_ALLOCATE|[EXTERNAL]|Bytes:4
03:22:02.0 (93618633)|HEAP_ALLOCATE|[26]|Bytes:5
03:22:02.0 (93625338)|HEAP_ALLOCATE|[26]|Bytes:12
03:22:02.0 (93629509)|VARIABLE_SCOPE_BEGIN|[26]|pro|Project__c|true|false
03:22:02.0 (93640224)|VARIABLE_ASSIGNMENT|[26]|pro|{"Company_project_code (3 more) ...":"300-0001-00","Id":"a057F0000039u22QAA"}|0x4f887a89
03:22:02.0 (93647005)|STATEMENT_EXECUTE|[26]
03:22:02.0 (93648241)|STATEMENT_EXECUTE|[27]
03:22:02.0 (93655328)|HEAP_ALLOCATE|[27]|Bytes:18
03:22:02.0 (93670108)|HEAP_ALLOCATE|[EXTERNAL]|Bytes:4
03:22:02.0 (93683935)|HEAP_ALLOCATE|[26]|Bytes:5
03:22:02.0 (93695990)|HEAP_ALLOCATE|[26]|Bytes:12
03:22:02.0 (93701586)|VARIABLE_SCOPE_BEGIN|[26]|pro|Project__c|true|false
03:22:02.0 (93712419)|VARIABLE_ASSIGNMENT|[26]|pro|{"Company_project_code (3 more) ...":"300-0002-01","Id":"a057F0000039u23QAA"}|0x78c8982b
03:22:02.0 (93717344)|STATEMENT_EXECUTE|[26]
03:22:02.0 (93718494)|STATEMENT_EXECUTE|[27]
03:22:02.0 (93725317)|HEAP_ALLOCATE|[27]|Bytes:18
03:22:02.0 (93735245)|HEAP_ALLOCATE|[EXTERNAL]|Bytes:4
03:22:02.0 (93746626)|HEAP_ALLOCATE|[26]|Bytes:5
03:22:02.0 (93758174)|HEAP_ALLOCATE|[26]|Bytes:12
03:22:02.0 (93783614)|VARIABLE_SCOPE_BEGIN|[26]|pro|Project__c|true|false
03:22:02.0 (93798376)|VARIABLE_ASSIGNMENT|[26]|pro|{"Company_project_code (3 more) ...":"101-TRN-COM-008","Id":"a057F0000039u24QAA"}|0x62b1e61c
03:22:02.0 (93803097)|STATEMENT_EXECUTE|[26]
03:22:02.0 (93804134)|STATEMENT_EXECUTE|[27]
03:22:02.0 (93810417)|HEAP_ALLOCATE|[27]|Bytes:18
03:22:02.0 (93821005)|HEAP_ALLOCATE|[EXTERNAL]|Bytes:4
03:22:02.0 (93829494)|HEAP_ALLOCATE|[26]|Bytes:5
03:22:02.0 (93836872)|HEAP_ALLOCATE|[26]|Bytes:12
03:22:02.0 (93840948)|VARIABLE_SCOPE_BEGIN|[26]|pro|Project__c|true|false
03:22:02.0 (93850670)|VARIABLE_ASSIGNMENT|[26]|pro|{"Company_project_code (3 more) ...":"101-TRN-COM-047","Id":"a057F0000039u25QAA"}|0x13d41aae
03:22:02.0 (93866787)|STATEMENT_EXECUTE|[26]
03:22:02.0 (93867803)|STATEMENT_EXECUTE|[27]
03:22:02.0 (93873230)|HEAP_ALLOCATE|[27]|Bytes:18
03:22:02.0 (93883091)|HEAP_ALLOCATE|[EXTERNAL]|Bytes:4
03:22:02.0 (93891114)|HEAP_ALLOCATE|[26]|Bytes:5
03:22:02.0 (93897781)|HEAP_ALLOCATE|[26]|Bytes:12
03:22:02.0 (93901707)|VARIABLE_SCOPE_BEGIN|[26]|pro|Project__c|true|false
03:22:02.0 (93912310)|VARIABLE_ASSIGNMENT|[26]|pro|{"Company_project_code (3 more) ...":"101-TRN-COM-046","Id":"a057F0000039u26QAA"}|0x1f04766f
03:22:02.0 (93916538)|STATEMENT_EXECUTE|[26]
03:22:02.0 (93917452)|STATEMENT_EXECUTE|[27]
03:22:02.0 (93921884)|HEAP_ALLOCATE|[27]|Bytes:18
03:22:02.0 (93930168)|HEAP_ALLOCATE|[EXTERNAL]|Bytes:4
03:22:02.0 (93937670)|HEAP_ALLOCATE|[26]|Bytes:5
03:22:02.0 (93944354)|HEAP_ALLOCATE|[26]|Bytes:12
03:22:02.0 (93948191)|VARIABLE_SCOPE_BEGIN|[26]|pro|Project__c|true|false
03:22:02.0 (93957985)|VARIABLE_ASSIGNMENT|[26]|pro|{"Company_project_code (3 more) ...":"101-TRN-COM-050","Id":"a057F0000039u27QAA"}|0x2331ac64
03:22:02.0 (93965423)|STATEMENT_EXECUTE|[26]
03:22:02.0 (93966372)|STATEMENT_EXECUTE|[27]
03:22:02.0 (93970693)|HEAP_ALLOCATE|[27]|Bytes:18
03:22:02.0 (93979388)|HEAP_ALLOCATE|[EXTERNAL]|Bytes:4
03:22:02.0 (93987112)|HEAP_ALLOCATE|[26]|Bytes:5
03:22:02.0 (93994439)|HEAP_ALLOCATE|[26]|Bytes:12
03:22:02.0 (93998963)|VARIABLE_SCOPE_BEGIN|[26]|pro|Project__c|true|false
03:22:02.0 (94008754)|VARIABLE_ASSIGNMENT|[26]|pro|{"Company_project_code (3 more) ...":"101-TRN-COM-033","Id":"a057F0000039u28QAA"}|0x4e5d3f18
03:22:02.0 (94014508)|STATEMENT_EXECUTE|[26]
03:22:02.0 (94015382)|STATEMENT_EXECUTE|[27]
03:22:02.0 (94019409)|HEAP_ALLOCATE|[27]|Bytes:18
03:22:02.0 (94027606)|HEAP_ALLOCATE|[EXTERNAL]|Bytes:4
03:22:02.0 (94035056)|HEAP_ALLOCATE|[26]|Bytes:5
03:22:02.0 (94041569)|HEAP_ALLOCATE|[26]|Bytes:12
03:22:02.0 (94045831)|VARIABLE_SCOPE_BEGIN|[26]|pro|Project__c|true|false
03:22:02.0 (94055032)|VARIABLE_ASSIGNMENT|[26]|pro|{"Company_project_code (3 more) ...":"101-TRN-COX-007","Id":"a057F0000039u29QAA"}|0x7def5d17
03:22:02.0 (94060044)|STATEMENT_EXECUTE|[26]
03:22:02.0 (94061162)|STATEMENT_EXECUTE|[27]
03:22:02.0 (94065335)|HEAP_ALLOCATE|[27]|Bytes:18
03:22:02.0 (94073752)|HEAP_ALLOCATE|[EXTERNAL]|Bytes:4
03:22:02.0 (94080948)|HEAP_ALLOCATE|[26]|Bytes:5
03:22:02.0 (94088314)|HEAP_ALLOCATE|[26]|Bytes:12
03:22:02.0 (94092531)|VARIABLE_SCOPE_BEGIN|[26]|pro|Project__c|true|false
03:22:02.0 (94102299)|VARIABLE_ASSIGNMENT|[26]|pro|{"Company_project_code (3 more) ...":"101-TRN-COX-006","Id":"a057F0000039u2AQAQ"}|0x41e4fbcb
03:22:02.0 (94106853)|STATEMENT_EXECUTE|[26]
03:22:02.0 (94107743)|STATEMENT_EXECUTE|[27]
03:22:02.0 (94111815)|HEAP_ALLOCATE|[27]|Bytes:18
03:22:02.0 (94119874)|HEAP_ALLOCATE|[EXTERNAL]|Bytes:4
03:22:02.0 (94127322)|HEAP_ALLOCATE|[26]|Bytes:5
03:22:02.0 (94134043)|HEAP_ALLOCATE|[26]|Bytes:12
03:22:02.0 (94138076)|VARIABLE_SCOPE_BEGIN|[26]|pro|Project__c|true|false
03:22:02.0 (94147087)|VARIABLE_ASSIGNMENT|[26]|pro|{"Company_project_code (3 more) ...":"101-TRN-COX-008","Id":"a057F0000039u2BQAQ"}|0x6f982d1f
03:22:02.0 (94151051)|STATEMENT_EXECUTE|[26]
03:22:02.0 (94152179)|STATEMENT_EXECUTE|[27]
03:22:02.0 (94156206)|HEAP_ALLOCATE|[27]|Bytes:18
03:22:02.0 (94164360)|HEAP_ALLOCATE|[EXTERNAL]|Bytes:4
03:22:02.0 (94171666)|HEAP_ALLOCATE|[26]|Bytes:5
03:22:02.0 (94178248)|HEAP_ALLOCATE|[26]|Bytes:12
03:22:02.0 (94182459)|VARIABLE_SCOPE_BEGIN|[26]|pro|Project__c|true|false
03:22:02.0 (94191836)|VARIABLE_ASSIGNMENT|[26]|pro|{"Company_project_code (3 more) ...":"101-TRN-COM-027","Id":"a057F0000039u2CQAQ"}|0x489a7a0b
03:22:02.0 (94196069)|STATEMENT_EXECUTE|[26]
03:22:02.0 (94196933)|STATEMENT_EXECUTE|[27]
03:22:02.0 (94200947)|HEAP_ALLOCATE|[27]|Bytes:18
03:22:02.0 (94219732)|HEAP_ALLOCATE|[EXTERNAL]|Bytes:4
03:22:02.0 (94228540)|HEAP_ALLOCATE|[26]|Bytes:5
03:22:02.0 (94236076)|HEAP_ALLOCATE|[26]|Bytes:12
03:22:02.0 (94240538)|VARIABLE_SCOPE_BEGIN|[26]|pro|Project__c|true|false
03:22:02.0 (94250554)|VARIABLE_ASSIGNMENT|[26]|pro|{"Company_project_code (3 more) ...":"101-TRN-COM-029","Id":"a057F0000039u2DQAQ"}|0x4f1a81ea
03:22:02.0 (94255535)|STATEMENT_EXECUTE|[26]
03:22:02.0 (94256414)|STATEMENT_EXECUTE|[27]
03:22:02.0 (94260999)|HEAP_ALLOCATE|[27]|Bytes:18
03:22:02.0 (94269965)|HEAP_ALLOCATE|[EXTERNAL]|Bytes:4
03:22:02.0 (94277571)|HEAP_ALLOCATE|[26]|Bytes:5
03:22:02.0 (94284055)|HEAP_ALLOCATE|[26]|Bytes:12
03:22:02.0 (94288435)|VARIABLE_SCOPE_BEGIN|[26]|pro|Project__c|true|false
03:22:02.0 (94297889)|VARIABLE_ASSIGNMENT|[26]|pro|{"Company_project_code (3 more) ...":"101-TRN-COM-014","Id":"a057F0000039u2EQAQ"}|0x29461161
03:22:02.0 (94302699)|STATEMENT_EXECUTE|[26]
03:22:02.0 (94303586)|STATEMENT_EXECUTE|[27]
03:22:02.0 (94307811)|HEAP_ALLOCATE|[27]|Bytes:18
03:22:02.0 (94316161)|HEAP_ALLOCATE|[EXTERNAL]|Bytes:4
03:22:02.0 (94323623)|HEAP_ALLOCATE|[26]|Bytes:5
03:22:02.0 (94330683)|HEAP_ALLOCATE|[26]|Bytes:12
03:22:02.0 (94334725)|VARIABLE_SCOPE_BEGIN|[26]|pro|Project__c|true|false
03:22:02.0 (94344074)|VARIABLE_ASSIGNMENT|[26]|pro|{"Company_project_code (3 more) ...":"301-0001-00","Id":"a057F0000039u21QAA"}|0x7183183
03:22:02.0 (94349034)|STATEMENT_EXECUTE|[26]
03:22:02.0 (94350080)|STATEMENT_EXECUTE|[27]
03:22:02.0 (94354157)|HEAP_ALLOCATE|[27]|Bytes:18
03:22:02.0 (94362366)|HEAP_ALLOCATE|[EXTERNAL]|Bytes:4
03:22:02.0 (94369518)|HEAP_ALLOCATE|[26]|Bytes:5
03:22:02.0 (94376801)|HEAP_ALLOCATE|[26]|Bytes:12
03:22:02.0 (94380879)|VARIABLE_SCOPE_BEGIN|[26]|pro|Project__c|true|false
03:22:02.0 (94389826)|VARIABLE_ASSIGNMENT|[26]|pro|{"Company_project_code (3 more) ...":"101-TRN-COM-017","Id":"a057F0000039u2FQAQ"}|0x1c494949
03:22:02.0 (94394101)|STATEMENT_EXECUTE|[26]
03:22:02.0 (94395039)|STATEMENT_EXECUTE|[27]
03:22:02.0 (94399079)|HEAP_ALLOCATE|[27]|Bytes:18
03:22:02.0 (94407168)|HEAP_ALLOCATE|[EXTERNAL]|Bytes:4
03:22:02.0 (94414235)|HEAP_ALLOCATE|[26]|Bytes:5
03:22:02.0 (94420784)|HEAP_ALLOCATE|[26]|Bytes:12
03:22:02.0 (94424830)|VARIABLE_SCOPE_BEGIN|[26]|pro|Project__c|true|false
03:22:02.0 (94434443)|VARIABLE_ASSIGNMENT|[26]|pro|{"Company_project_code (3 more) ...":"101-TRN-COM-038","Id":"a057F0000039u2GQAQ"}|0x7c79efb
03:22:02.0 (94442829)|STATEMENT_EXECUTE|[26]
03:22:02.0 (94443691)|STATEMENT_EXECUTE|[27]
03:22:02.0 (94448052)|HEAP_ALLOCATE|[27]|Bytes:18
03:22:02.0 (94456998)|HEAP_ALLOCATE|[EXTERNAL]|Bytes:4
03:22:02.0 (94464400)|HEAP_ALLOCATE|[26]|Bytes:5
03:22:02.0 (94470946)|HEAP_ALLOCATE|[26]|Bytes:12
03:22:02.0 (94475320)|VARIABLE_SCOPE_BEGIN|[26]|pro|Project__c|true|false
03:22:02.0 (94484980)|VARIABLE_ASSIGNMENT|[26]|pro|{"Company_project_code (3 more) ...":"101-TRN-COM-037","Id":"a057F0000039u2HQAQ"}|0x1e134a7b
03:22:02.0 (94489648)|STATEMENT_EXECUTE|[26]
03:22:02.0 (94490497)|STATEMENT_EXECUTE|[27]
03:22:02.0 (94494468)|HEAP_ALLOCATE|[27]|Bytes:18
03:22:02.0 (94503006)|HEAP_ALLOCATE|[EXTERNAL]|Bytes:4
03:22:02.0 (94511557)|HEAP_ALLOCATE|[26]|Bytes:5
03:22:02.0 (94518961)|HEAP_ALLOCATE|[26]|Bytes:12
03:22:02.0 (94523037)|VARIABLE_SCOPE_BEGIN|[26]|pro|Project__c|true|false
03:22:02.0 (94533517)|VARIABLE_ASSIGNMENT|[26]|pro|{"Company_project_code (3 more) ...":"101-TRN-COM-039","Id":"a057F0000039u2IQAQ"}|0x58c1f413
03:22:02.0 (94539007)|STATEMENT_EXECUTE|[26]
03:22:02.0 (94539897)|STATEMENT_EXECUTE|[27]
03:22:02.0 (94544324)|HEAP_ALLOCATE|[27]|Bytes:18
03:22:02.0 (94552938)|HEAP_ALLOCATE|[EXTERNAL]|Bytes:4
03:22:02.0 (94560308)|HEAP_ALLOCATE|[26]|Bytes:5
03:22:02.0 (94566566)|HEAP_ALLOCATE|[26]|Bytes:12
03:22:02.0 (94570457)|VARIABLE_SCOPE_BEGIN|[26]|pro|Project__c|true|false
03:22:02.0 (94580031)|VARIABLE_ASSIGNMENT|[26]|pro|{"Company_project_code (3 more) ...":"101-TRN-COM-040","Id":"a057F0000039u2JQAQ"}|0xe14fd43
03:22:02.0 (94584378)|STATEMENT_EXECUTE|[26]
03:22:02.0 (94585228)|STATEMENT_EXECUTE|[27]
03:22:02.0 (94589242)|HEAP_ALLOCATE|[27]|Bytes:18
03:22:02.0 (94597415)|HEAP_ALLOCATE|[EXTERNAL]|Bytes:4
03:22:02.0 (94605233)|HEAP_ALLOCATE|[26]|Bytes:5
03:22:02.0 (94611666)|HEAP_ALLOCATE|[26]|Bytes:12
03:22:02.0 (94615841)|VARIABLE_SCOPE_BEGIN|[26]|pro|Project__c|true|false
03:22:02.0 (94624804)|VARIABLE_ASSIGNMENT|[26]|pro|{"Company_project_code (3 more) ...":"101-TRN-COM-041","Id":"a057F0000039u2KQAQ"}|0x351f9a3c
03:22:02.0 (94629121)|STATEMENT_EXECUTE|[26]
03:22:02.0 (94630023)|STATEMENT_EXECUTE|[27]
03:22:02.0 (94633952)|HEAP_ALLOCATE|[27]|Bytes:18
03:22:02.0 (94642331)|HEAP_ALLOCATE|[EXTERNAL]|Bytes:4
03:22:02.0 (94650151)|HEAP_ALLOCATE|[26]|Bytes:5
03:22:02.0 (94657605)|VARIABLE_ASSIGNMENT|[26]|pro|null|
03:22:02.0 (94662129)|STATEMENT_EXECUTE|[29]
03:22:02.0 (94666074)|SYSTEM_MODE_EXIT|false
03:22:02.0 (95142745)|SYSTEM_MODE_ENTER|true
03:22:02.0 (101451843)|SYSTEM_MODE_ENTER|true
03:22:02.0 (101496403)|HEAP_ALLOCATE|[EXTERNAL]|Bytes:40
03:22:02.0 (101508798)|VARIABLE_SCOPE_BEGIN|[49]|this|PM_Job_New_Controller|true|false
03:22:02.0 (101550175)|VARIABLE_ASSIGNMENT|[49]|this|{"job":"0x76d1b966","projectList":"0x6026b0df"}|0x43d4daa9
03:22:02.0 (101569891)|SYSTEM_MODE_ENTER|false
03:22:02.0 (101578888)|HEAP_ALLOCATE|[50]|Bytes:5
03:22:02.0 (101584431)|STATEMENT_EXECUTE|[49]
03:22:02.0 (101585983)|STATEMENT_EXECUTE|[50]
03:22:02.0 (101599931)|HEAP_ALLOCATE|[50]|Bytes:4
03:22:02.0 (101627824)|VARIABLE_SCOPE_BEGIN|[50]|ufp|List<System.SelectOption>|true|false
03:22:02.0 (101655114)|HEAP_ALLOCATE|[EXTERNAL]|Bytes:4
03:22:02.0 (101664714)|VARIABLE_ASSIGNMENT|[50]|ufp|[]|0x568e04fb
03:22:02.0 (101670849)|STATEMENT_EXECUTE|[51]
03:22:02.0 (101675791)|HEAP_ALLOCATE|[51]|Bytes:96
03:22:02.0 (101691294)|HEAP_ALLOCATE|[51]|Bytes:4
03:22:02.0 (101697890)|HEAP_ALLOCATE|[51]|Bytes:7
03:22:02.0 (101742028)|VARIABLE_ASSIGNMENT|[EXTERNAL]|this|{"job":"0x76d1b966","projectList":"0x6026b0df"}|0x43d4daa9
03:22:02.0 (102821596)|SOQL_EXECUTE_BEGIN|[51]|Aggregations:0|SELECT ProjectLink__c, UserLink__c FROM ProjectJobAssociation__c WHERE ProjectLink__c = :tmpVar1
03:22:02.0 (104600904)|SOQL_EXECUTE_END|[51]|Rows:0
03:22:02.0 (104626517)|HEAP_ALLOCATE|[51]|Bytes:4
03:22:02.0 (104643302)|HEAP_ALLOCATE|[51]|Bytes:0
03:22:02.0 (104820323)|HEAP_ALLOCATE|[51]|Bytes:4
03:22:02.0 (104842000)|VARIABLE_SCOPE_BEGIN|[51]|userInProject|List<ProjectJobAssociation__c>|true|false
03:22:02.0 (104863100)|VARIABLE_ASSIGNMENT|[51]|userInProject|[]|0x7a05957c
03:22:02.0 (105054926)|HEAP_ALLOCATE|[52]|Bytes:5
03:22:02.0 (105080918)|VARIABLE_ASSIGNMENT|[52]|pja|null|
03:22:02.0 (105087893)|STATEMENT_EXECUTE|[52]
03:22:02.0 (105089294)|STATEMENT_EXECUTE|[56]
03:22:02.0 (105094706)|SYSTEM_MODE_EXIT|false
03:22:02.0 (108706332)|SYSTEM_MODE_ENTER|true
03:22:02.0 (111681953)|VF_SERIALIZE_VIEWSTATE_BEGIN|0667F000005aHSA
03:22:02.0 (115956333)|VF_SERIALIZE_VIEWSTATE_END
03:22:02.119 (119083355)|CUMULATIVE_LIMIT_USAGE
03:22:02.119 (119083355)|LIMIT_USAGE_FOR_NS|(default)|
  Number of SOQL queries: 3 out of 100
  Number of query rows: 28 out of 50000
  Number of SOSL queries: 0 out of 20
  Number of DML statements: 0 out of 150
  Number of DML rows: 0 out of 10000
  Maximum CPU time: 0 out of 10000
  Maximum heap size: 0 out of 6000000
  Number of callouts: 0 out of 100
  Number of Email Invocations: 0 out of 10
  Number of future calls: 0 out of 50
  Number of queueable jobs added to the queue: 0 out of 50
  Number of Mobile Apex push calls: 0 out of 10

03:22:02.119 (119083355)|CUMULATIVE_LIMIT_USAGE_END

03:22:02.0 (119125806)|CODE_UNIT_FINISHED|VF: /apex/PM_Job_New
03:22:02.0 (120085363)|EXECUTION_FINISHED
