36.0 APEX_CODE,FINEST;APEX_PROFILING,INFO;CALLOUT,INFO;DB,INFO;SYSTEM,DEBUG;VALIDATION,INFO;VISUALFORCE,INFO;WAVE,INFO;WORKFLOW,INFO
04:49:54.0 (274195)|USER_INFO|[EXTERNAL]|0057F000000Tiz6|ksb994@salesforce.com|Pacific Standard Time|GMT-08:00
04:49:54.0 (445130)|EXECUTION_STARTED
04:49:54.0 (448855)|CODE_UNIT_STARTED|[EXTERNAL]|0667F000004uJm5|VF: /apex/PM_Project_New
04:49:54.0 (570394)|VF_DESERIALIZE_VIEWSTATE_BEGIN|0667F000004uJm5
04:49:54.0 (7097986)|HEAP_ALLOCATE|[72]|Bytes:3
04:49:54.0 (7152450)|HEAP_ALLOCATE|[77]|Bytes:152
04:49:54.0 (7167988)|HEAP_ALLOCATE|[342]|Bytes:408
04:49:54.0 (7185435)|HEAP_ALLOCATE|[355]|Bytes:408
04:49:54.0 (7202715)|HEAP_ALLOCATE|[467]|Bytes:48
04:49:54.0 (7250684)|HEAP_ALLOCATE|[139]|Bytes:6
04:49:54.0 (8830281)|HEAP_ALLOCATE|[50]|Bytes:5
04:49:54.0 (8855166)|HEAP_ALLOCATE|[56]|Bytes:5
04:49:54.0 (8864559)|HEAP_ALLOCATE|[64]|Bytes:7
04:49:54.0 (11945276)|VF_DESERIALIZE_VIEWSTATE_END
04:49:54.16 (16061824)|SYSTEM_MODE_ENTER|true
04:49:54.16 (16221170)|HEAP_ALLOCATE|[EXTERNAL]|Bytes:38
04:49:54.16 (16246003)|HEAP_ALLOCATE|[EXTERNAL]|Bytes:7
04:49:54.16 (16267890)|SYSTEM_METHOD_ENTRY|[1]|PageMessagesComponentController.PageMessagesComponentController()
04:49:54.16 (16273546)|STATEMENT_EXECUTE|[1]
04:49:54.17 (17076928)|SYSTEM_MODE_ENTER|true
04:49:54.17 (17119994)|HEAP_ALLOCATE|[EXTERNAL]|Bytes:8
04:49:54.17 (17127804)|VARIABLE_SCOPE_BEGIN|[88]|this|ApexPage.PageMessagesComponentController|true|false
04:49:54.17 (17174295)|VARIABLE_ASSIGNMENT|[88]|this|{}|0x4cd06c90
04:49:54.17 (17181096)|VARIABLE_SCOPE_BEGIN|[88]|escape|Boolean|false|false
04:49:54.17 (17188913)|VARIABLE_ASSIGNMENT|[88]|escape|null
04:49:54.0 (24368017)|SYSTEM_MODE_ENTER|true
04:49:54.0 (24398042)|HEAP_ALLOCATE|[EXTERNAL]|Bytes:164
04:49:54.0 (24406250)|HEAP_ALLOCATE|[EXTERNAL]|Bytes:12
04:49:54.0 (24414677)|METHOD_ENTRY|[5]|01p7F00000Ehg8E|MultiselectController.MultiselectController()
04:49:54.0 (24419930)|STATEMENT_EXECUTE|[5]
04:49:54.0 (24423528)|STATEMENT_EXECUTE|[5]
04:49:54.0 (24434150)|SYSTEM_MODE_ENTER|false
04:49:54.0 (24441359)|HEAP_ALLOCATE|[EXTERNAL]|Bytes:5
04:49:54.0 (24448869)|SYSTEM_MODE_EXIT|false
04:49:54.0 (24455961)|METHOD_EXIT|[5]|MultiselectController
04:49:54.0 (24588294)|SYSTEM_MODE_ENTER|true
04:49:54.0 (24848859)|SYSTEM_MODE_ENTER|true
04:49:54.0 (25046648)|HEAP_ALLOCATE|[EXTERNAL]|Bytes:92
04:49:54.0 (25055238)|HEAP_ALLOCATE|[EXTERNAL]|Bytes:13
04:49:54.0 (25062521)|METHOD_ENTRY|[1]|01p7F00000EhPEd|Project_PM_Controller.Project_PM_Controller()
04:49:54.0 (25067275)|STATEMENT_EXECUTE|[1]
04:49:54.0 (25070087)|STATEMENT_EXECUTE|[1]
04:49:54.0 (25078785)|SYSTEM_MODE_ENTER|false
04:49:54.0 (25085097)|HEAP_ALLOCATE|[EXTERNAL]|Bytes:5
04:49:54.0 (25091551)|SYSTEM_MODE_EXIT|false
04:49:54.0 (25097738)|METHOD_EXIT|[1]|Project_PM_Controller
04:49:54.0 (25110700)|HEAP_ALLOCATE|[EXTERNAL]|Bytes:24
04:49:54.0 (25117192)|VARIABLE_SCOPE_BEGIN|[16]|this|Project_PM_Controller|true|false
04:49:54.0 (25318581)|VARIABLE_ASSIGNMENT|[16]|this|{"controller":"StandardController [[Project__c (]]","project":"0x41fbebb9","saveAndNew":1,"selectedUsers":"0x1b85293e","usersList":"0xf8d0997"}|0x44b30790
04:49:54.0 (25339747)|SYSTEM_MODE_ENTER|false
04:49:54.0 (25346550)|HEAP_ALLOCATE|[17]|Bytes:5
04:49:54.0 (25351104)|STATEMENT_EXECUTE|[16]
04:49:54.0 (25352324)|STATEMENT_EXECUTE|[17]
04:49:54.0 (25355709)|HEAP_ALLOCATE|[17]|Bytes:62
04:49:54.0 (25371298)|HEAP_ALLOCATE|[17]|Bytes:4
04:49:54.0 (26490216)|SOQL_EXECUTE_BEGIN|[17]|Aggregations:0|SELECT Id, Name FROM User WHERE UserRoleId = '00E7F000000Mdri'
04:49:54.0 (30777990)|SOQL_EXECUTE_END|[17]|Rows:6
04:49:54.0 (30800983)|HEAP_ALLOCATE|[17]|Bytes:28
04:49:54.0 (30821895)|HEAP_ALLOCATE|[17]|Bytes:271
04:49:54.0 (30882524)|HEAP_ALLOCATE|[17]|Bytes:28
04:49:54.0 (30894522)|VARIABLE_SCOPE_BEGIN|[17]|users|List<User>|true|false
04:49:54.0 (30911976)|VARIABLE_ASSIGNMENT|[17]|users|"List of size 6 too large to display"|0x54acd2f2
04:49:54.0 (31047965)|HEAP_ALLOCATE|[18]|Bytes:5
04:49:54.0 (31079181)|HEAP_ALLOCATE|[18]|Bytes:12
04:49:54.0 (31088260)|VARIABLE_SCOPE_BEGIN|[18]|usr|User|true|false
04:49:54.0 (31103997)|VARIABLE_ASSIGNMENT|[18]|usr|{"Id":"0057F000000TpdFQAS","Name":"Mani Sasank"}|0x3242e7f0
04:49:54.0 (31110845)|STATEMENT_EXECUTE|[18]
04:49:54.0 (31111972)|STATEMENT_EXECUTE|[19]
04:49:54.0 (31149957)|HEAP_ALLOCATE|[19]|Bytes:18
04:49:54.0 (31208262)|HEAP_ALLOCATE|[EXTERNAL]|Bytes:4
04:49:54.0 (31223933)|HEAP_ALLOCATE|[18]|Bytes:5
04:49:54.0 (31233579)|HEAP_ALLOCATE|[18]|Bytes:12
04:49:54.0 (31239486)|VARIABLE_SCOPE_BEGIN|[18]|usr|User|true|false
04:49:54.0 (31252383)|VARIABLE_ASSIGNMENT|[18]|usr|{"Id":"0057F000000TrBBQA0","Name":"Santhosh"}|0x562ab0f0
04:49:54.0 (31258700)|STATEMENT_EXECUTE|[18]
04:49:54.0 (31259673)|STATEMENT_EXECUTE|[19]
04:49:54.0 (31268270)|HEAP_ALLOCATE|[19]|Bytes:18
04:49:54.0 (31279796)|HEAP_ALLOCATE|[EXTERNAL]|Bytes:4
04:49:54.0 (31289098)|HEAP_ALLOCATE|[18]|Bytes:5
04:49:54.0 (31295777)|HEAP_ALLOCATE|[18]|Bytes:12
04:49:54.0 (31300366)|VARIABLE_SCOPE_BEGIN|[18]|usr|User|true|false
04:49:54.0 (31310579)|VARIABLE_ASSIGNMENT|[18]|usr|{"Id":"0057F000000TrBGQA0","Name":"Ravi teja"}|0x4ad03829
04:49:54.0 (31315733)|STATEMENT_EXECUTE|[18]
04:49:54.0 (31316618)|STATEMENT_EXECUTE|[19]
04:49:54.0 (31322872)|HEAP_ALLOCATE|[19]|Bytes:18
04:49:54.0 (31332688)|HEAP_ALLOCATE|[EXTERNAL]|Bytes:4
04:49:54.0 (31340852)|HEAP_ALLOCATE|[18]|Bytes:5
04:49:54.0 (31347272)|HEAP_ALLOCATE|[18]|Bytes:12
04:49:54.0 (31351547)|VARIABLE_SCOPE_BEGIN|[18]|usr|User|true|false
04:49:54.0 (31361719)|VARIABLE_ASSIGNMENT|[18]|usr|{"Id":"0057F000000TrBVQA0","Name":"Yashwanth"}|0x68a0a9af
04:49:54.0 (31370134)|STATEMENT_EXECUTE|[18]
04:49:54.0 (31371162)|STATEMENT_EXECUTE|[19]
04:49:54.0 (31376113)|HEAP_ALLOCATE|[19]|Bytes:18
04:49:54.0 (31384585)|HEAP_ALLOCATE|[EXTERNAL]|Bytes:4
04:49:54.0 (31392579)|HEAP_ALLOCATE|[18]|Bytes:5
04:49:54.0 (31399182)|HEAP_ALLOCATE|[18]|Bytes:12
04:49:54.0 (31403498)|VARIABLE_SCOPE_BEGIN|[18]|usr|User|true|false
04:49:54.0 (31413459)|VARIABLE_ASSIGNMENT|[18]|usr|{"Id":"0057F000000Tz0iQAC","Name":"Richa"}|0x4d78ae2c
04:49:54.0 (31418268)|STATEMENT_EXECUTE|[18]
04:49:54.0 (31419129)|STATEMENT_EXECUTE|[19]
04:49:54.0 (31423881)|HEAP_ALLOCATE|[19]|Bytes:18
04:49:54.0 (31431638)|HEAP_ALLOCATE|[EXTERNAL]|Bytes:4
04:49:54.0 (31440189)|HEAP_ALLOCATE|[18]|Bytes:5
04:49:54.0 (31446029)|HEAP_ALLOCATE|[18]|Bytes:12
04:49:54.0 (31449953)|VARIABLE_SCOPE_BEGIN|[18]|usr|User|true|false
04:49:54.0 (31459204)|VARIABLE_ASSIGNMENT|[18]|usr|{"Id":"0057F000000Tz0sQAC","Name":"Veeresh"}|0x4ed63a43
04:49:54.0 (31464064)|STATEMENT_EXECUTE|[18]
04:49:54.0 (31464963)|STATEMENT_EXECUTE|[19]
04:49:54.0 (31469508)|HEAP_ALLOCATE|[19]|Bytes:18
04:49:54.0 (31478119)|HEAP_ALLOCATE|[EXTERNAL]|Bytes:4
04:49:54.0 (31485664)|HEAP_ALLOCATE|[18]|Bytes:5
04:49:54.0 (31493562)|VARIABLE_ASSIGNMENT|[18]|usr|null|
04:49:54.0 (31498036)|STATEMENT_EXECUTE|[21]
04:49:54.0 (31503779)|SYSTEM_MODE_EXIT|false
04:49:54.0 (31605380)|SYSTEM_MODE_ENTER|true
04:49:54.0 (31656186)|HEAP_ALLOCATE|[EXTERNAL]|Bytes:100
04:49:54.0 (31665554)|HEAP_ALLOCATE|[EXTERNAL]|Bytes:20
04:49:54.0 (31688967)|VARIABLE_ASSIGNMENT|[EXTERNAL]|this.leftOptions|"List of size 24 too large to display"|0xcb305f5
04:49:54.0 (31784784)|SYSTEM_MODE_ENTER|true
04:49:54.0 (31838884)|SYSTEM_MODE_ENTER|true
04:49:54.0 (31864005)|HEAP_ALLOCATE|[EXTERNAL]|Bytes:4
04:49:54.0 (31868783)|HEAP_ALLOCATE|[EXTERNAL]|Bytes:20
04:49:54.0 (31877772)|VARIABLE_ASSIGNMENT|[EXTERNAL]|this.rightOptions|[]|0xcb305f5
04:49:54.37 (37703924)|SYSTEM_MODE_ENTER|true
04:49:54.37 (37755787)|HEAP_ALLOCATE|[EXTERNAL]|Bytes:8
04:49:54.37 (37764870)|VARIABLE_SCOPE_BEGIN|[88]|this|ApexPage.PageMessagesComponentController|true|false
04:49:54.37 (37794533)|VARIABLE_ASSIGNMENT|[88]|this|{}|0x4cd06c90
04:49:54.37 (37801743)|VARIABLE_SCOPE_BEGIN|[88]|escape|Boolean|false|false
04:49:54.37 (37808950)|VARIABLE_ASSIGNMENT|[88]|escape|null
04:49:54.37 (37972579)|HEAP_ALLOCATE|[EXTERNAL]|Bytes:-4
04:49:54.38 (38354397)|HEAP_ALLOCATE|[EXTERNAL]|Bytes:-4
04:49:54.38 (38444399)|HEAP_ALLOCATE|[EXTERNAL]|Bytes:-4
04:49:54.0 (38980750)|SYSTEM_MODE_ENTER|true
04:49:54.0 (39030941)|HEAP_ALLOCATE|[EXTERNAL]|Bytes:20
04:49:54.0 (39038247)|HEAP_ALLOCATE|[EXTERNAL]|Bytes:457
04:49:54.0 (39073315)|VARIABLE_ASSIGNMENT|[EXTERNAL]|this|{"leftOptions":"0xf8d0997","rightOptions":"0x1b85293e"}|0xcb305f5
04:49:54.0 (39085147)|VARIABLE_ASSIGNMENT|[EXTERNAL]|value|"0057F000000TrBGQA0&R (437 more) ..."
04:49:54.0 (39100903)|SYSTEM_MODE_ENTER|false
04:49:54.0 (39108071)|HEAP_ALLOCATE|[24]|Bytes:5
04:49:54.0 (39112970)|STATEMENT_EXECUTE|[23]
04:49:54.0 (39114157)|STATEMENT_EXECUTE|[24]
04:49:54.0 (39123266)|VARIABLE_ASSIGNMENT|[24]|this.leftOptionsHidden|"0057F000000TrBGQA0&R (437 more) ..."|0xcb305f5
04:49:54.0 (39128718)|STATEMENT_EXECUTE|[25]
04:49:54.0 (39186363)|VARIABLE_ASSIGNMENT|[EXTERNAL]|this|{"leftOptions":"0xf8d0997","leftOptionsHidden":"0057F000000TrBGQA0&R (437 more) ...","rightOptions":"0x1b85293e"}|0xcb305f5
04:49:54.0 (39216314)|METHOD_ENTRY|[25]|01p7F00000Ehg8E|MultiselectController.setOptions(List<System.SelectOption>, String)
04:49:54.0 (39223716)|VARIABLE_SCOPE_BEGIN|[12]|this|MultiselectController|true|false
04:49:54.0 (39241409)|VARIABLE_ASSIGNMENT|[12]|this|{"leftOptions":"0xf8d0997","leftOptionsHidden":"0057F000000TrBGQA0&R (437 more) ...","rightOptions":"0x1b85293e"}|0xcb305f5
04:49:54.0 (39248068)|VARIABLE_SCOPE_BEGIN|[12]|options|List<System.SelectOption>|true|false
04:49:54.0 (39257208)|VARIABLE_ASSIGNMENT|[12]|options|"List of size 24 too large to display"|0xf8d0997
04:49:54.0 (39262624)|VARIABLE_SCOPE_BEGIN|[12]|value|String|false|false
04:49:54.0 (39269456)|VARIABLE_ASSIGNMENT|[12]|value|"0057F000000TrBGQA0&R (437 more) ..."
04:49:54.0 (39281497)|HEAP_ALLOCATE|[13]|Bytes:5
04:49:54.0 (39289701)|STATEMENT_EXECUTE|[12]
04:49:54.0 (39290751)|STATEMENT_EXECUTE|[13]
04:49:54.0 (39316898)|STATEMENT_EXECUTE|[14]
04:49:54.0 (39320634)|HEAP_ALLOCATE|[14]|Bytes:1
04:49:54.0 (39379151)|HEAP_ALLOCATE|[14]|Bytes:18
04:49:54.0 (39384132)|HEAP_ALLOCATE|[14]|Bytes:11
04:49:54.0 (39386918)|HEAP_ALLOCATE|[14]|Bytes:18
04:49:54.0 (39389014)|HEAP_ALLOCATE|[14]|Bytes:9
04:49:54.0 (39391643)|HEAP_ALLOCATE|[14]|Bytes:18
04:49:54.0 (39394060)|HEAP_ALLOCATE|[14]|Bytes:5
04:49:54.0 (39396256)|HEAP_ALLOCATE|[14]|Bytes:18
04:49:54.0 (39398328)|HEAP_ALLOCATE|[14]|Bytes:7
04:49:54.0 (39400810)|HEAP_ALLOCATE|[14]|Bytes:18
04:49:54.0 (39402728)|HEAP_ALLOCATE|[14]|Bytes:13
04:49:54.0 (39405149)|HEAP_ALLOCATE|[14]|Bytes:18
04:49:54.0 (39407488)|HEAP_ALLOCATE|[14]|Bytes:8
04:49:54.0 (39409432)|HEAP_ALLOCATE|[14]|Bytes:18
04:49:54.0 (39411908)|HEAP_ALLOCATE|[14]|Bytes:11
04:49:54.0 (39414133)|HEAP_ALLOCATE|[14]|Bytes:18
04:49:54.0 (39416440)|HEAP_ALLOCATE|[14]|Bytes:9
04:49:54.0 (39418657)|HEAP_ALLOCATE|[14]|Bytes:18
04:49:54.0 (39420653)|HEAP_ALLOCATE|[14]|Bytes:5
04:49:54.0 (39423438)|HEAP_ALLOCATE|[14]|Bytes:18
04:49:54.0 (39425535)|HEAP_ALLOCATE|[14]|Bytes:7
04:49:54.0 (39427492)|HEAP_ALLOCATE|[14]|Bytes:18
04:49:54.0 (39429890)|HEAP_ALLOCATE|[14]|Bytes:13
04:49:54.0 (39431916)|HEAP_ALLOCATE|[14]|Bytes:18
04:49:54.0 (39434126)|HEAP_ALLOCATE|[14]|Bytes:8
04:49:54.0 (39436343)|HEAP_ALLOCATE|[14]|Bytes:18
04:49:54.0 (39438925)|HEAP_ALLOCATE|[14]|Bytes:11
04:49:54.0 (39441138)|HEAP_ALLOCATE|[14]|Bytes:18
04:49:54.0 (39443756)|HEAP_ALLOCATE|[14]|Bytes:9
04:49:54.0 (39446265)|HEAP_ALLOCATE|[14]|Bytes:18
04:49:54.0 (39448338)|HEAP_ALLOCATE|[14]|Bytes:5
04:49:54.0 (39450547)|HEAP_ALLOCATE|[14]|Bytes:18
04:49:54.0 (39452466)|HEAP_ALLOCATE|[14]|Bytes:7
04:49:54.0 (39457035)|HEAP_ALLOCATE|[14]|Bytes:132
04:49:54.0 (39468673)|VARIABLE_SCOPE_BEGIN|[14]|parts|List<String>|true|false
04:49:54.0 (39493427)|HEAP_ALLOCATE|[EXTERNAL]|Bytes:132
04:49:54.0 (39501712)|VARIABLE_ASSIGNMENT|[14]|parts|"List of size 32 too large to display"|0x65a5e328
04:49:54.0 (39508247)|STATEMENT_EXECUTE|[15]
04:49:54.0 (39512864)|VARIABLE_SCOPE_BEGIN|[15]|i|Integer|false|false
04:49:54.0 (39520266)|HEAP_ALLOCATE|[15]|Bytes:4
04:49:54.0 (39525416)|VARIABLE_ASSIGNMENT|[15]|i|0
04:49:54.0 (39551044)|STATEMENT_EXECUTE|[15]
04:49:54.0 (39552319)|STATEMENT_EXECUTE|[16]
04:49:54.0 (39560787)|HEAP_ALLOCATE|[16]|Bytes:18
04:49:54.0 (39566834)|HEAP_ALLOCATE|[16]|Bytes:5
04:49:54.0 (39612855)|HEAP_ALLOCATE|[16]|Bytes:15
04:49:54.0 (39622816)|SYSTEM_METHOD_ENTRY|[1]|EncodingUtil.EncodingUtil()
04:49:54.0 (39626627)|STATEMENT_EXECUTE|[1]
04:49:54.0 (39632118)|SYSTEM_METHOD_EXIT|[1]|EncodingUtil
04:49:54.0 (39641570)|METHOD_ENTRY|[16]||System.EncodingUtil.urlDecode(String, String)
04:49:54.0 (39700997)|METHOD_EXIT|[16]||System.EncodingUtil.urlDecode(String, String)
04:49:54.0 (39712406)|HEAP_ALLOCATE|[17]|Bytes:11
04:49:54.0 (39721101)|METHOD_ENTRY|[17]||System.EncodingUtil.urlDecode(String, String)
04:49:54.0 (39743587)|METHOD_EXIT|[17]||System.EncodingUtil.urlDecode(String, String)
04:49:54.0 (39765465)|HEAP_ALLOCATE|[EXTERNAL]|Bytes:4
04:49:54.0 (39771944)|HEAP_ALLOCATE|[15]|Bytes:4
04:49:54.0 (39778858)|VARIABLE_ASSIGNMENT|[15]|i|1
04:49:54.0 (39794318)|STATEMENT_EXECUTE|[15]
04:49:54.0 (39795457)|STATEMENT_EXECUTE|[16]
04:49:54.0 (39799463)|HEAP_ALLOCATE|[16]|Bytes:18
04:49:54.0 (39805395)|METHOD_ENTRY|[16]||System.EncodingUtil.urlDecode(String, String)
04:49:54.0 (39821437)|METHOD_EXIT|[16]||System.EncodingUtil.urlDecode(String, String)
04:49:54.0 (39826296)|HEAP_ALLOCATE|[17]|Bytes:9
04:49:54.0 (39830719)|METHOD_ENTRY|[17]||System.EncodingUtil.urlDecode(String, String)
04:49:54.0 (39842384)|METHOD_EXIT|[17]||System.EncodingUtil.urlDecode(String, String)
04:49:54.0 (39850214)|HEAP_ALLOCATE|[EXTERNAL]|Bytes:4
04:49:54.0 (39854811)|HEAP_ALLOCATE|[15]|Bytes:4
04:49:54.0 (39860123)|VARIABLE_ASSIGNMENT|[15]|i|2
04:49:54.0 (39868264)|STATEMENT_EXECUTE|[15]
04:49:54.0 (39869328)|STATEMENT_EXECUTE|[16]
04:49:54.0 (39872222)|HEAP_ALLOCATE|[16]|Bytes:18
04:49:54.0 (39877076)|METHOD_ENTRY|[16]||System.EncodingUtil.urlDecode(String, String)
04:49:54.0 (39889563)|METHOD_EXIT|[16]||System.EncodingUtil.urlDecode(String, String)
04:49:54.0 (39893684)|HEAP_ALLOCATE|[17]|Bytes:5
04:49:54.0 (39897845)|METHOD_ENTRY|[17]||System.EncodingUtil.urlDecode(String, String)
04:49:54.0 (39909661)|METHOD_EXIT|[17]||System.EncodingUtil.urlDecode(String, String)
04:49:54.0 (39916659)|HEAP_ALLOCATE|[EXTERNAL]|Bytes:4
04:49:54.0 (39921223)|HEAP_ALLOCATE|[15]|Bytes:4
04:49:54.0 (39925328)|VARIABLE_ASSIGNMENT|[15]|i|3
04:49:54.0 (39933022)|STATEMENT_EXECUTE|[15]
04:49:54.0 (39933974)|STATEMENT_EXECUTE|[16]
04:49:54.0 (39936749)|HEAP_ALLOCATE|[16]|Bytes:18
04:49:54.0 (39941293)|METHOD_ENTRY|[16]||System.EncodingUtil.urlDecode(String, String)
04:49:54.0 (39954235)|METHOD_EXIT|[16]||System.EncodingUtil.urlDecode(String, String)
04:49:54.0 (39958365)|HEAP_ALLOCATE|[17]|Bytes:7
04:49:54.0 (39962896)|METHOD_ENTRY|[17]||System.EncodingUtil.urlDecode(String, String)
04:49:54.0 (39974032)|METHOD_EXIT|[17]||System.EncodingUtil.urlDecode(String, String)
04:49:54.0 (39980732)|HEAP_ALLOCATE|[EXTERNAL]|Bytes:4
04:49:54.0 (39984983)|HEAP_ALLOCATE|[15]|Bytes:4
04:49:54.0 (39988692)|VARIABLE_ASSIGNMENT|[15]|i|4
04:49:54.0 (39996190)|STATEMENT_EXECUTE|[15]
04:49:54.0 (39997173)|STATEMENT_EXECUTE|[16]
04:49:54.0 (39999836)|HEAP_ALLOCATE|[16]|Bytes:18
04:49:54.0 (40004040)|METHOD_ENTRY|[16]||System.EncodingUtil.urlDecode(String, String)
04:49:54.0 (40016955)|METHOD_EXIT|[16]||System.EncodingUtil.urlDecode(String, String)
04:49:54.0 (40021319)|HEAP_ALLOCATE|[17]|Bytes:13
04:49:54.0 (40025667)|METHOD_ENTRY|[17]||System.EncodingUtil.urlDecode(String, String)
04:49:54.0 (40040811)|METHOD_EXIT|[17]||System.EncodingUtil.urlDecode(String, String)
04:49:54.0 (40048315)|HEAP_ALLOCATE|[EXTERNAL]|Bytes:4
04:49:54.0 (40052676)|HEAP_ALLOCATE|[15]|Bytes:4
04:49:54.0 (40057217)|VARIABLE_ASSIGNMENT|[15]|i|5
04:49:54.0 (40065508)|STATEMENT_EXECUTE|[15]
04:49:54.0 (40066532)|STATEMENT_EXECUTE|[16]
04:49:54.0 (40069283)|HEAP_ALLOCATE|[16]|Bytes:18
04:49:54.0 (40073885)|METHOD_ENTRY|[16]||System.EncodingUtil.urlDecode(String, String)
04:49:54.0 (40086606)|METHOD_EXIT|[16]||System.EncodingUtil.urlDecode(String, String)
04:49:54.0 (40090663)|HEAP_ALLOCATE|[17]|Bytes:8
04:49:54.0 (40094822)|METHOD_ENTRY|[17]||System.EncodingUtil.urlDecode(String, String)
04:49:54.0 (40107636)|METHOD_EXIT|[17]||System.EncodingUtil.urlDecode(String, String)
04:49:54.0 (40114747)|HEAP_ALLOCATE|[EXTERNAL]|Bytes:4
04:49:54.0 (40119494)|HEAP_ALLOCATE|[15]|Bytes:4
04:49:54.0 (40123407)|VARIABLE_ASSIGNMENT|[15]|i|6
04:49:54.0 (40131068)|STATEMENT_EXECUTE|[15]
04:49:54.0 (40132045)|STATEMENT_EXECUTE|[16]
04:49:54.0 (40134684)|HEAP_ALLOCATE|[16]|Bytes:18
04:49:54.0 (40139522)|METHOD_ENTRY|[16]||System.EncodingUtil.urlDecode(String, String)
04:49:54.0 (40152516)|METHOD_EXIT|[16]||System.EncodingUtil.urlDecode(String, String)
04:49:54.0 (40156579)|HEAP_ALLOCATE|[17]|Bytes:11
04:49:54.0 (40161107)|METHOD_ENTRY|[17]||System.EncodingUtil.urlDecode(String, String)
04:49:54.0 (40172817)|METHOD_EXIT|[17]||System.EncodingUtil.urlDecode(String, String)
04:49:54.0 (40179164)|HEAP_ALLOCATE|[EXTERNAL]|Bytes:4
04:49:54.0 (40183616)|HEAP_ALLOCATE|[15]|Bytes:4
04:49:54.0 (40187467)|VARIABLE_ASSIGNMENT|[15]|i|7
04:49:54.0 (40195457)|STATEMENT_EXECUTE|[15]
04:49:54.0 (40196726)|STATEMENT_EXECUTE|[16]
04:49:54.0 (40199364)|HEAP_ALLOCATE|[16]|Bytes:18
04:49:54.0 (40203831)|METHOD_ENTRY|[16]||System.EncodingUtil.urlDecode(String, String)
04:49:54.0 (40216396)|METHOD_EXIT|[16]||System.EncodingUtil.urlDecode(String, String)
04:49:54.0 (40220609)|HEAP_ALLOCATE|[17]|Bytes:9
04:49:54.0 (40224640)|METHOD_ENTRY|[17]||System.EncodingUtil.urlDecode(String, String)
04:49:54.0 (40236169)|METHOD_EXIT|[17]||System.EncodingUtil.urlDecode(String, String)
04:49:54.0 (40242745)|HEAP_ALLOCATE|[EXTERNAL]|Bytes:4
04:49:54.0 (40246693)|HEAP_ALLOCATE|[15]|Bytes:4
04:49:54.0 (40250400)|VARIABLE_ASSIGNMENT|[15]|i|8
04:49:54.0 (40258236)|STATEMENT_EXECUTE|[15]
04:49:54.0 (40259224)|STATEMENT_EXECUTE|[16]
04:49:54.0 (40261826)|HEAP_ALLOCATE|[16]|Bytes:18
04:49:54.0 (40266639)|METHOD_ENTRY|[16]||System.EncodingUtil.urlDecode(String, String)
04:49:54.0 (40278635)|METHOD_EXIT|[16]||System.EncodingUtil.urlDecode(String, String)
04:49:54.0 (40282551)|HEAP_ALLOCATE|[17]|Bytes:5
04:49:54.0 (40286642)|METHOD_ENTRY|[17]||System.EncodingUtil.urlDecode(String, String)
04:49:54.0 (40297755)|METHOD_EXIT|[17]||System.EncodingUtil.urlDecode(String, String)
04:49:54.0 (40304422)|HEAP_ALLOCATE|[EXTERNAL]|Bytes:4
04:49:54.0 (40309154)|HEAP_ALLOCATE|[15]|Bytes:4
04:49:54.0 (40313097)|VARIABLE_ASSIGNMENT|[15]|i|9
04:49:54.0 (40320725)|STATEMENT_EXECUTE|[15]
04:49:54.0 (40321702)|STATEMENT_EXECUTE|[16]
04:49:54.0 (40324304)|HEAP_ALLOCATE|[16]|Bytes:18
04:49:54.0 (40329003)|METHOD_ENTRY|[16]||System.EncodingUtil.urlDecode(String, String)
04:49:54.0 (40341680)|METHOD_EXIT|[16]||System.EncodingUtil.urlDecode(String, String)
04:49:54.0 (40345672)|HEAP_ALLOCATE|[17]|Bytes:7
04:49:54.0 (40349644)|METHOD_ENTRY|[17]||System.EncodingUtil.urlDecode(String, String)
04:49:54.0 (40361535)|METHOD_EXIT|[17]||System.EncodingUtil.urlDecode(String, String)
04:49:54.0 (40368216)|HEAP_ALLOCATE|[EXTERNAL]|Bytes:4
04:49:54.0 (40372174)|HEAP_ALLOCATE|[15]|Bytes:4
04:49:54.0 (40376360)|VARIABLE_ASSIGNMENT|[15]|i|10
04:49:54.0 (40384402)|STATEMENT_EXECUTE|[15]
04:49:54.0 (40385382)|STATEMENT_EXECUTE|[16]
04:49:54.0 (40387948)|HEAP_ALLOCATE|[16]|Bytes:18
04:49:54.0 (40392497)|METHOD_ENTRY|[16]||System.EncodingUtil.urlDecode(String, String)
04:49:54.0 (40404573)|METHOD_EXIT|[16]||System.EncodingUtil.urlDecode(String, String)
04:49:54.0 (40408631)|HEAP_ALLOCATE|[17]|Bytes:13
04:49:54.0 (40412846)|METHOD_ENTRY|[17]||System.EncodingUtil.urlDecode(String, String)
04:49:54.0 (40424385)|METHOD_EXIT|[17]||System.EncodingUtil.urlDecode(String, String)
04:49:54.0 (40431268)|HEAP_ALLOCATE|[EXTERNAL]|Bytes:4
04:49:54.0 (40435070)|HEAP_ALLOCATE|[15]|Bytes:4
04:49:54.0 (40439538)|VARIABLE_ASSIGNMENT|[15]|i|11
04:49:54.0 (40447371)|STATEMENT_EXECUTE|[15]
04:49:54.0 (40448339)|STATEMENT_EXECUTE|[16]
04:49:54.0 (40450938)|HEAP_ALLOCATE|[16]|Bytes:18
04:49:54.0 (40455564)|METHOD_ENTRY|[16]||System.EncodingUtil.urlDecode(String, String)
04:49:54.0 (40468118)|METHOD_EXIT|[16]||System.EncodingUtil.urlDecode(String, String)
04:49:54.0 (40473205)|HEAP_ALLOCATE|[17]|Bytes:8
04:49:54.0 (40477210)|METHOD_ENTRY|[17]||System.EncodingUtil.urlDecode(String, String)
04:49:54.0 (40489037)|METHOD_EXIT|[17]||System.EncodingUtil.urlDecode(String, String)
04:49:54.0 (40495786)|HEAP_ALLOCATE|[EXTERNAL]|Bytes:4
04:49:54.0 (40500015)|HEAP_ALLOCATE|[15]|Bytes:4
04:49:54.0 (40503869)|VARIABLE_ASSIGNMENT|[15]|i|12
04:49:54.0 (40511517)|STATEMENT_EXECUTE|[15]
04:49:54.0 (40512511)|STATEMENT_EXECUTE|[16]
04:49:54.0 (40515229)|HEAP_ALLOCATE|[16]|Bytes:18
04:49:54.0 (40519845)|METHOD_ENTRY|[16]||System.EncodingUtil.urlDecode(String, String)
04:49:54.0 (40532828)|METHOD_EXIT|[16]||System.EncodingUtil.urlDecode(String, String)
04:49:54.0 (40540183)|HEAP_ALLOCATE|[17]|Bytes:11
04:49:54.0 (40547452)|METHOD_ENTRY|[17]||System.EncodingUtil.urlDecode(String, String)
04:49:54.0 (40569252)|METHOD_EXIT|[17]||System.EncodingUtil.urlDecode(String, String)
04:49:54.0 (40580992)|HEAP_ALLOCATE|[EXTERNAL]|Bytes:4
04:49:54.0 (40585575)|HEAP_ALLOCATE|[15]|Bytes:4
04:49:54.0 (40591235)|VARIABLE_ASSIGNMENT|[15]|i|13
04:49:54.0 (40604239)|STATEMENT_EXECUTE|[15]
04:49:54.0 (40605295)|STATEMENT_EXECUTE|[16]
04:49:54.0 (40608681)|HEAP_ALLOCATE|[16]|Bytes:18
04:49:54.0 (40614474)|METHOD_ENTRY|[16]||System.EncodingUtil.urlDecode(String, String)
04:49:54.0 (40632177)|METHOD_EXIT|[16]||System.EncodingUtil.urlDecode(String, String)
04:49:54.0 (40639986)|HEAP_ALLOCATE|[17]|Bytes:9
04:49:54.0 (40648182)|METHOD_ENTRY|[17]||System.EncodingUtil.urlDecode(String, String)
04:49:54.0 (40663831)|METHOD_EXIT|[17]||System.EncodingUtil.urlDecode(String, String)
04:49:54.0 (40671573)|HEAP_ALLOCATE|[EXTERNAL]|Bytes:4
04:49:54.0 (40676153)|HEAP_ALLOCATE|[15]|Bytes:4
04:49:54.0 (40681233)|VARIABLE_ASSIGNMENT|[15]|i|14
04:49:54.0 (40689979)|STATEMENT_EXECUTE|[15]
04:49:54.0 (40690974)|STATEMENT_EXECUTE|[16]
04:49:54.0 (40694019)|HEAP_ALLOCATE|[16]|Bytes:18
04:49:54.0 (40701819)|METHOD_ENTRY|[16]||System.EncodingUtil.urlDecode(String, String)
04:49:54.0 (40716980)|METHOD_EXIT|[16]||System.EncodingUtil.urlDecode(String, String)
04:49:54.0 (40722058)|HEAP_ALLOCATE|[17]|Bytes:5
04:49:54.0 (40726721)|METHOD_ENTRY|[17]||System.EncodingUtil.urlDecode(String, String)
04:49:54.0 (40737777)|METHOD_EXIT|[17]||System.EncodingUtil.urlDecode(String, String)
04:49:54.0 (40745195)|HEAP_ALLOCATE|[EXTERNAL]|Bytes:4
04:49:54.0 (40749827)|HEAP_ALLOCATE|[15]|Bytes:4
04:49:54.0 (40754038)|VARIABLE_ASSIGNMENT|[15]|i|15
04:49:54.0 (40761929)|STATEMENT_EXECUTE|[15]
04:49:54.0 (40762913)|STATEMENT_EXECUTE|[16]
04:49:54.0 (40765596)|HEAP_ALLOCATE|[16]|Bytes:18
04:49:54.0 (40770240)|METHOD_ENTRY|[16]||System.EncodingUtil.urlDecode(String, String)
04:49:54.0 (40785925)|METHOD_EXIT|[16]||System.EncodingUtil.urlDecode(String, String)
04:49:54.0 (40790199)|HEAP_ALLOCATE|[17]|Bytes:7
04:49:54.0 (40794712)|METHOD_ENTRY|[17]||System.EncodingUtil.urlDecode(String, String)
04:49:54.0 (40806538)|METHOD_EXIT|[17]||System.EncodingUtil.urlDecode(String, String)
04:49:54.0 (40813028)|HEAP_ALLOCATE|[EXTERNAL]|Bytes:4
04:49:54.0 (40816985)|HEAP_ALLOCATE|[15]|Bytes:4
04:49:54.0 (40820830)|VARIABLE_ASSIGNMENT|[15]|i|16
04:49:54.0 (40834927)|METHOD_EXIT|[25]|01p7F00000Ehg8E|MultiselectController.setOptions(List<System.SelectOption>, String)
04:49:54.0 (40841336)|SYSTEM_MODE_EXIT|false
04:49:54.0 (40895351)|SYSTEM_MODE_ENTER|true
04:49:54.0 (40933707)|HEAP_ALLOCATE|[EXTERNAL]|Bytes:20
04:49:54.0 (40938808)|HEAP_ALLOCATE|[EXTERNAL]|Bytes:60
04:49:54.0 (40963588)|VARIABLE_ASSIGNMENT|[EXTERNAL]|this|{"leftOptions":"0xf8d0997","leftOptionsHidden":"0057F000000TrBGQA0&R (437 more) ...","rightOptions":"0x1b85293e"}|0xcb305f5
04:49:54.0 (40973921)|VARIABLE_ASSIGNMENT|[EXTERNAL]|value|"0057F000000TpdFQAS&M (40 more) ..."
04:49:54.0 (40988201)|SYSTEM_MODE_ENTER|false
04:49:54.0 (40997548)|HEAP_ALLOCATE|[32]|Bytes:5
04:49:54.0 (41002406)|STATEMENT_EXECUTE|[31]
04:49:54.0 (41004317)|STATEMENT_EXECUTE|[32]
04:49:54.0 (41012240)|VARIABLE_ASSIGNMENT|[32]|this.rightOptionsHidden|"0057F000000TpdFQAS&M (40 more) ..."|0xcb305f5
04:49:54.0 (41017476)|STATEMENT_EXECUTE|[33]
04:49:54.0 (41049995)|VARIABLE_ASSIGNMENT|[EXTERNAL]|this|{"leftOptions":"0xf8d0997","leftOptionsHidden":"0057F000000TrBGQA0&R (437 more) ...","rightOptions":"0x1b85293e","rightOptionsHidden":"0057F000000TpdFQAS&M (40 more) ..."}|0xcb305f5
04:49:54.0 (41066894)|METHOD_ENTRY|[33]|01p7F00000Ehg8E|MultiselectController.setOptions(List<System.SelectOption>, String)
04:49:54.0 (41072928)|VARIABLE_SCOPE_BEGIN|[12]|this|MultiselectController|true|false
04:49:54.0 (41088867)|VARIABLE_ASSIGNMENT|[12]|this|{"leftOptions":"0xf8d0997","leftOptionsHidden":"0057F000000TrBGQA0&R (437 more) ...","rightOptions":"0x1b85293e","rightOptionsHidden":"0057F000000TpdFQAS&M (40 more) ..."}|0xcb305f5
04:49:54.0 (41095079)|VARIABLE_SCOPE_BEGIN|[12]|options|List<System.SelectOption>|true|false
04:49:54.0 (41102761)|VARIABLE_ASSIGNMENT|[12]|options|[]|0x1b85293e
04:49:54.0 (41107671)|VARIABLE_SCOPE_BEGIN|[12]|value|String|false|false
04:49:54.0 (41115405)|VARIABLE_ASSIGNMENT|[12]|value|"0057F000000TpdFQAS&M (40 more) ..."
04:49:54.0 (41127827)|HEAP_ALLOCATE|[13]|Bytes:5
04:49:54.0 (41131927)|STATEMENT_EXECUTE|[12]
04:49:54.0 (41132837)|STATEMENT_EXECUTE|[13]
04:49:54.0 (41139608)|STATEMENT_EXECUTE|[14]
04:49:54.0 (41159894)|HEAP_ALLOCATE|[14]|Bytes:18
04:49:54.0 (41164106)|HEAP_ALLOCATE|[14]|Bytes:13
04:49:54.0 (41166154)|HEAP_ALLOCATE|[14]|Bytes:18
04:49:54.0 (41168180)|HEAP_ALLOCATE|[14]|Bytes:8
04:49:54.0 (41171387)|HEAP_ALLOCATE|[14]|Bytes:20
04:49:54.0 (41180085)|VARIABLE_SCOPE_BEGIN|[14]|parts|List<String>|true|false
04:49:54.0 (41199214)|HEAP_ALLOCATE|[EXTERNAL]|Bytes:20
04:49:54.0 (41208588)|VARIABLE_ASSIGNMENT|[14]|parts|["0057F000000TpdFQAS","Mani%20Sasank","0057F000000TrBBQA0","Santhosh"]|0x2da45f1a
04:49:54.0 (41214956)|STATEMENT_EXECUTE|[15]
04:49:54.0 (41218061)|VARIABLE_SCOPE_BEGIN|[15]|i|Integer|false|false
04:49:54.0 (41224539)|HEAP_ALLOCATE|[15]|Bytes:4
04:49:54.0 (41229712)|VARIABLE_ASSIGNMENT|[15]|i|0
04:49:54.0 (41240301)|STATEMENT_EXECUTE|[15]
04:49:54.0 (41241347)|STATEMENT_EXECUTE|[16]
04:49:54.0 (41245990)|HEAP_ALLOCATE|[16]|Bytes:18
04:49:54.0 (41252969)|METHOD_ENTRY|[16]||System.EncodingUtil.urlDecode(String, String)
04:49:54.0 (41271060)|METHOD_EXIT|[16]||System.EncodingUtil.urlDecode(String, String)
04:49:54.0 (41276395)|HEAP_ALLOCATE|[17]|Bytes:13
04:49:54.0 (41281095)|METHOD_ENTRY|[17]||System.EncodingUtil.urlDecode(String, String)
04:49:54.0 (41295364)|METHOD_EXIT|[17]||System.EncodingUtil.urlDecode(String, String)
04:49:54.0 (41304268)|HEAP_ALLOCATE|[EXTERNAL]|Bytes:4
04:49:54.0 (41309597)|HEAP_ALLOCATE|[15]|Bytes:4
04:49:54.0 (41314412)|VARIABLE_ASSIGNMENT|[15]|i|1
04:49:54.0 (41322972)|STATEMENT_EXECUTE|[15]
04:49:54.0 (41323938)|STATEMENT_EXECUTE|[16]
04:49:54.0 (41326983)|HEAP_ALLOCATE|[16]|Bytes:18
04:49:54.0 (41332089)|METHOD_ENTRY|[16]||System.EncodingUtil.urlDecode(String, String)
04:49:54.0 (41345609)|METHOD_EXIT|[16]||System.EncodingUtil.urlDecode(String, String)
04:49:54.0 (41349804)|HEAP_ALLOCATE|[17]|Bytes:8
04:49:54.0 (41354195)|METHOD_ENTRY|[17]||System.EncodingUtil.urlDecode(String, String)
04:49:54.0 (41369399)|METHOD_EXIT|[17]||System.EncodingUtil.urlDecode(String, String)
04:49:54.0 (41376263)|HEAP_ALLOCATE|[EXTERNAL]|Bytes:4
04:49:54.0 (41380719)|HEAP_ALLOCATE|[15]|Bytes:4
04:49:54.0 (41385326)|VARIABLE_ASSIGNMENT|[15]|i|2
04:49:54.0 (41397653)|METHOD_EXIT|[33]|01p7F00000Ehg8E|MultiselectController.setOptions(List<System.SelectOption>, String)
04:49:54.0 (41403199)|SYSTEM_MODE_EXIT|false
04:49:54.0 (41503012)|SYSTEM_MODE_ENTER|true
04:49:54.0 (41544216)|HEAP_ALLOCATE|[EXTERNAL]|Bytes:68
04:49:54.0 (41550026)|HEAP_ALLOCATE|[EXTERNAL]|Bytes:20
04:49:54.0 (41559655)|VARIABLE_ASSIGNMENT|[EXTERNAL]|this.leftOptions|"List of size 16 too large to display"|0xcb305f5
04:49:54.0 (41622563)|SYSTEM_MODE_ENTER|true
04:49:54.0 (41647829)|HEAP_ALLOCATE|[EXTERNAL]|Bytes:12
04:49:54.0 (41652888)|HEAP_ALLOCATE|[EXTERNAL]|Bytes:20
04:49:54.0 (41764153)|VARIABLE_ASSIGNMENT|[EXTERNAL]|this.rightOptions|"common.apex.runtime.impl.ScalarList@42e811b8"|0xcb305f5
04:49:54.41 (41892207)|HEAP_ALLOCATE|[EXTERNAL]|Bytes:-4
04:49:54.41 (41974334)|HEAP_ALLOCATE|[EXTERNAL]|Bytes:-4
04:49:54.42 (42045272)|HEAP_ALLOCATE|[EXTERNAL]|Bytes:-4
04:49:54.42 (42117539)|HEAP_ALLOCATE|[EXTERNAL]|Bytes:-4
04:49:54.42 (42185237)|HEAP_ALLOCATE|[EXTERNAL]|Bytes:-4
04:49:54.42 (42251165)|HEAP_ALLOCATE|[EXTERNAL]|Bytes:-4
04:49:54.42 (42445630)|HEAP_ALLOCATE|[EXTERNAL]|Bytes:-4
04:49:54.0 (42663449)|HEAP_ALLOCATE|[EXTERNAL]|Bytes:24
04:49:54.0 (42675856)|VARIABLE_SCOPE_BEGIN|[79]|this|Project_PM_Controller|true|false
04:49:54.0 (42814637)|VARIABLE_ASSIGNMENT|[79]|this|{"controller":"StandardController [[Project__c (Client__c:a047F000002zkUjQAI, Company_project_code__c:334, Name:9652, Units__c:false, Nodes__c:false, Footage__c:false, Miles__c:false, Jobs__c:false, Hours__c:false, QA__c:100)]]","project":"0x41fbebb9","saveAndNew":1,"selectedUsers":"0x1b85293e","usersList":"0xf8d0997"}|0x44b30790
04:49:54.0 (42838291)|SYSTEM_MODE_ENTER|false
04:49:54.0 (42845281)|HEAP_ALLOCATE|[80]|Bytes:5
04:49:54.0 (42850022)|STATEMENT_EXECUTE|[79]
04:49:54.0 (42851291)|STATEMENT_EXECUTE|[80]
04:49:54.0 (42854162)|HEAP_ALLOCATE|[80]|Bytes:4
04:49:54.0 (42862719)|VARIABLE_ASSIGNMENT|[80]|this.saveAndNew|2|0x44b30790
04:49:54.0 (42868382)|STATEMENT_EXECUTE|[81]
04:49:54.0 (42880086)|METHOD_ENTRY|[81]|01p7F00000EhPEd|Project_PM_Controller.customSave()
04:49:54.0 (42899101)|VARIABLE_SCOPE_BEGIN|[24]|this|Project_PM_Controller|true|false
04:49:54.0 (42990022)|VARIABLE_ASSIGNMENT|[24]|this|{"controller":"StandardController [[Project__c (Client__c:a047F000002zkUjQAI, Company_project_code__c:334, Name:9652, Units__c:false, Nodes__c:false, Footage__c:false, Miles__c:false, Jobs__c:false, Hours__c:false, QA__c:100)]]","project":"0x41fbebb9","saveAndNew":2,"selectedUsers":"0x1b85293e","usersList":"0xf8d0997"}|0x44b30790
04:49:54.0 (43011050)|HEAP_ALLOCATE|[25]|Bytes:5
04:49:54.0 (43017061)|STATEMENT_EXECUTE|[24]
04:49:54.0 (43018030)|STATEMENT_EXECUTE|[25]
04:49:54.0 (43044592)|HEAP_ALLOCATE|[25]|Bytes:4
04:49:54.0 (43125755)|VARIABLE_SCOPE_BEGIN|[25]|newProject|Project__c|true|false
04:49:54.0 (43140945)|VARIABLE_ASSIGNMENT|[25]|newProject|{}|0x50f162f5
04:49:54.0 (43146269)|STATEMENT_EXECUTE|[26]
04:49:54.0 (43218443)|VARIABLE_ASSIGNMENT|[26]|this.Client__c|"a047F000002zkUjQAI"|0x50f162f5
04:49:54.0 (43224933)|STATEMENT_EXECUTE|[27]
04:49:54.0 (43246310)|VARIABLE_ASSIGNMENT|[27]|this.End_Customer__c|null|0x50f162f5
04:49:54.0 (43252262)|STATEMENT_EXECUTE|[28]
04:49:54.0 (43268045)|VARIABLE_ASSIGNMENT|[28]|this.Operation_Region__c|null|0x50f162f5
04:49:54.0 (43273199)|STATEMENT_EXECUTE|[29]
04:49:54.0 (43287735)|VARIABLE_ASSIGNMENT|[29]|this.Work_Region__c|null|0x50f162f5
04:49:54.0 (43293003)|STATEMENT_EXECUTE|[30]
04:49:54.0 (43306666)|VARIABLE_ASSIGNMENT|[30]|this.Client_Project_Manager__c|null|0x50f162f5
04:49:54.0 (43312599)|STATEMENT_EXECUTE|[31]
04:49:54.0 (43326093)|VARIABLE_ASSIGNMENT|[31]|this.Project_code__c|null|0x50f162f5
04:49:54.0 (43330993)|STATEMENT_EXECUTE|[32]
04:49:54.0 (43349841)|VARIABLE_ASSIGNMENT|[32]|this.Company_project_code__c|"334"|0x50f162f5
04:49:54.0 (43355122)|STATEMENT_EXECUTE|[33]
04:49:54.0 (43380298)|VARIABLE_ASSIGNMENT|[33]|this.Name|"9652"|0x50f162f5
04:49:54.0 (43386628)|STATEMENT_EXECUTE|[34]
04:49:54.0 (43403035)|VARIABLE_ASSIGNMENT|[34]|this.Project_Scope__c|null|0x50f162f5
04:49:54.0 (43408428)|STATEMENT_EXECUTE|[35]
04:49:54.0 (43422632)|VARIABLE_ASSIGNMENT|[35]|this.Cost_Centre__c|null|0x50f162f5
04:49:54.0 (43445236)|STATEMENT_EXECUTE|[36]
04:49:54.0 (43474098)|VARIABLE_ASSIGNMENT|[36]|this.OffshoreProjectManager__c|null|0x50f162f5
04:49:54.0 (43480242)|STATEMENT_EXECUTE|[37]
04:49:54.0 (43501563)|VARIABLE_ASSIGNMENT|[37]|this.Team_Lead__c|null|0x50f162f5
04:49:54.0 (43507103)|STATEMENT_EXECUTE|[38]
04:49:54.0 (43521979)|VARIABLE_ASSIGNMENT|[38]|this.Project_Start_Date__c|null|0x50f162f5
04:49:54.0 (43527198)|STATEMENT_EXECUTE|[39]
04:49:54.0 (43541295)|VARIABLE_ASSIGNMENT|[39]|this.Project_End_Date__c|null|0x50f162f5
04:49:54.0 (43546847)|STATEMENT_EXECUTE|[40]
04:49:54.0 (43568644)|VARIABLE_ASSIGNMENT|[40]|this.Units__c|false|0x50f162f5
04:49:54.0 (43574122)|STATEMENT_EXECUTE|[41]
04:49:54.0 (43592847)|VARIABLE_ASSIGNMENT|[41]|this.Nodes__c|false|0x50f162f5
04:49:54.0 (43597658)|STATEMENT_EXECUTE|[42]
04:49:54.0 (43615907)|VARIABLE_ASSIGNMENT|[42]|this.Footage__c|false|0x50f162f5
04:49:54.0 (43621068)|STATEMENT_EXECUTE|[43]
04:49:54.0 (43639396)|VARIABLE_ASSIGNMENT|[43]|this.Miles__c|false|0x50f162f5
04:49:54.0 (43644753)|STATEMENT_EXECUTE|[44]
04:49:54.0 (43663309)|VARIABLE_ASSIGNMENT|[44]|this.Jobs__c|false|0x50f162f5
04:49:54.0 (43668265)|STATEMENT_EXECUTE|[45]
04:49:54.0 (43686471)|VARIABLE_ASSIGNMENT|[45]|this.Hours__c|false|0x50f162f5
04:49:54.0 (43691825)|STATEMENT_EXECUTE|[46]
04:49:54.0 (43707588)|VARIABLE_ASSIGNMENT|[46]|this.Production__c|null|0x50f162f5
04:49:54.0 (43715935)|STATEMENT_EXECUTE|[47]
04:49:54.0 (43732461)|VARIABLE_ASSIGNMENT|[47]|this.QC__c|null|0x50f162f5
04:49:54.0 (43737754)|STATEMENT_EXECUTE|[48]
04:49:54.0 (43762378)|HEAP_ALLOCATE|[48]|Bytes:28
04:49:54.0 (43792169)|VARIABLE_ASSIGNMENT|[48]|this.QA__c|100|0x50f162f5
04:49:54.0 (43797815)|STATEMENT_EXECUTE|[49]
04:49:54.0 (43817160)|VARIABLE_ASSIGNMENT|[49]|this.Delivery__c|null|0x50f162f5
04:49:54.0 (43822852)|STATEMENT_EXECUTE|[51]
04:49:54.0 (43825971)|HEAP_ALLOCATE|[51]|Bytes:2
04:49:54.0 (43848974)|VARIABLE_ASSIGNMENT|[51]|this.Team__c|"  "|0x50f162f5
04:49:54.0 (43969467)|VARIABLE_ASSIGNMENT|[EXTERNAL]|this|{"controller":"StandardController [[Project__c (Client__c:a047F000002zkUjQAI, Company_project_code__c:334, Name:9652, Units__c:false, Nodes__c:false, Footage__c:false, Miles__c:false, Jobs__c:false, Hours__c:false, QA__c:100)]]","project":"0x41fbebb9","saveAndNew":2,"selectedUsers":"0x1b85293e","usersList":"0xf8d0997"}|0x44b30790
04:49:54.0 (44009883)|HEAP_ALLOCATE|[52]|Bytes:5
04:49:54.0 (44025178)|HEAP_ALLOCATE|[52]|Bytes:29
04:49:54.0 (44032807)|VARIABLE_SCOPE_BEGIN|[52]|sc|System.SelectOption|true|false
04:49:54.0 (44086016)|VARIABLE_ASSIGNMENT|[52]|sc|"common.apex.runtime.impl.ApexSelectOptionValue@5cecce32"|0x5b3e2a55
04:49:54.0 (44094165)|STATEMENT_EXECUTE|[52]
04:49:54.0 (44095213)|STATEMENT_EXECUTE|[53]
04:49:54.0 (44139856)|HEAP_ALLOCATE|[53]|Bytes:11
04:49:54.0 (44147989)|HEAP_ALLOCATE|[53]|Bytes:2
04:49:54.0 (44158164)|HEAP_ALLOCATE|[53]|Bytes:13
04:49:54.0 (44163044)|HEAP_ALLOCATE|[53]|Bytes:15
04:49:54.0 (44193977)|VARIABLE_ASSIGNMENT|[53]|this.Team__c|"  Mani Sasank, "|0x50f162f5
04:49:54.0 (44208647)|HEAP_ALLOCATE|[52]|Bytes:5
04:49:54.0 (44219027)|HEAP_ALLOCATE|[52]|Bytes:26
04:49:54.0 (44224909)|VARIABLE_SCOPE_BEGIN|[52]|sc|System.SelectOption|true|false
04:49:54.0 (44276708)|VARIABLE_ASSIGNMENT|[52]|sc|"common.apex.runtime.impl.ApexSelectOptionValue@23b15e9"|0x26c9e09d
04:49:54.0 (44284267)|STATEMENT_EXECUTE|[52]
04:49:54.0 (44285297)|STATEMENT_EXECUTE|[53]
04:49:54.0 (44297253)|HEAP_ALLOCATE|[53]|Bytes:8
04:49:54.0 (44305057)|HEAP_ALLOCATE|[53]|Bytes:10
04:49:54.0 (44308545)|HEAP_ALLOCATE|[53]|Bytes:25
04:49:54.0 (44336241)|VARIABLE_ASSIGNMENT|[53]|this.Team__c|"  Mani Sasank, Santh (5 more) ..."|0x50f162f5
04:49:54.0 (44349821)|HEAP_ALLOCATE|[52]|Bytes:5
04:49:54.0 (44358623)|VARIABLE_ASSIGNMENT|[52]|sc|null|
04:49:54.0 (44363157)|STATEMENT_EXECUTE|[55]
04:49:54.0 (44406689)|HEAP_ALLOCATE|[55]|Bytes:23
04:49:54.0 (44438531)|VARIABLE_ASSIGNMENT|[55]|this.Team__c|"  Mani Sasank, Santh (3 more) ..."|0x50f162f5
04:49:54.0 (44444588)|STATEMENT_EXECUTE|[57]
04:49:54.0 (44445516)|STATEMENT_EXECUTE|[57]
04:49:54.0 (44446444)|STATEMENT_EXECUTE|[58]
04:49:54.0 (44466080)|HEAP_ALLOCATE|[58]|Bytes:8
04:49:54.0 (44477354)|DML_BEGIN|[58]|Op:Insert|Type:Project__c|Rows:1
04:49:54.0 (44523249)|HEAP_ALLOCATE|[EXTERNAL]|Bytes:8
04:49:54.0 (49475652)|CODE_UNIT_STARTED|[EXTERNAL]|Validation:Project:new
04:49:54.0 (49486780)|VALIDATION_RULE|03d7F0000009D2R|totalpercentage
04:49:54.0 (49739458)|VALIDATION_FORMULA|( IF( ISBLANK(Delivery__c) , 0, Delivery__c)
  +  
IF( ISBLANK(Production__c) , 0, Production__c)
  +
IF( ISBLANK(QC__c) , 0, QC__c)  
 +
IF( ISBLANK(QA__c) , 0, QA__c)
 ) != 100|Delivery__c=null , QC__c=null , QA__c=100 , Production__c=null
04:49:54.0 (49748601)|VALIDATION_PASS
04:49:54.0 (49791534)|CODE_UNIT_FINISHED|Validation:Project:new
04:49:54.0 (70495513)|DML_END|[58]
04:49:54.0 (70517184)|STATEMENT_EXECUTE|[64]
04:49:54.0 (70594282)|HEAP_ALLOCATE|[64]|Bytes:4
04:49:54.0 (70659427)|VARIABLE_SCOPE_BEGIN|[64]|pjaList|List<ProjectJobAssociation__c>|true|false
04:49:54.0 (70671000)|HEAP_ALLOCATE|[EXTERNAL]|Bytes:4
04:49:54.0 (70683304)|VARIABLE_ASSIGNMENT|[64]|pjaList|[]|0x69e3abc8
04:49:54.0 (70878718)|VARIABLE_ASSIGNMENT|[EXTERNAL]|this|{"controller":"StandardController [[Project__c (Client__c:a047F000002zkUjQAI, Company_project_code__c:334, Name:9652, Units__c:false, Nodes__c:false, Footage__c:false, Miles__c:false, Jobs__c:false, Hours__c:false, QA__c:100)]]","project":"0x41fbebb9","saveAndNew":2,"selectedUsers":"0x1b85293e","usersList":"0xf8d0997"}|0x44b30790
04:49:54.0 (70918896)|HEAP_ALLOCATE|[65]|Bytes:5
04:49:54.0 (70934711)|HEAP_ALLOCATE|[65]|Bytes:29
04:49:54.0 (70942547)|VARIABLE_SCOPE_BEGIN|[65]|sc|System.SelectOption|true|false
04:49:54.0 (70998801)|VARIABLE_ASSIGNMENT|[65]|sc|"common.apex.runtime.impl.ApexSelectOptionValue@5cecce32"|0x5b3e2a55
04:49:54.0 (71007113)|STATEMENT_EXECUTE|[65]
04:49:54.0 (71008901)|STATEMENT_EXECUTE|[66]
04:49:54.0 (71032346)|HEAP_ALLOCATE|[66]|Bytes:4
04:49:54.0 (71101822)|VARIABLE_SCOPE_BEGIN|[66]|pja|ProjectJobAssociation__c|true|false
04:49:54.0 (71116801)|VARIABLE_ASSIGNMENT|[66]|pja|{}|0x70ba9d04
04:49:54.0 (71122144)|STATEMENT_EXECUTE|[67]
04:49:54.0 (71880226)|VARIABLE_ASSIGNMENT|[67]|this.ProjectLink__c|"a057F0000039WFEQA2"|0x70ba9d04
04:49:54.0 (71889083)|STATEMENT_EXECUTE|[68]
04:49:54.0 (71921927)|HEAP_ALLOCATE|[68]|Bytes:18
04:49:54.0 (71942873)|HEAP_ALLOCATE|[68]|Bytes:4
04:49:54.0 (71983269)|VARIABLE_ASSIGNMENT|[68]|this.UserLink__c|"0057F000000TpdFQAS"|0x70ba9d04
04:49:54.0 (71990003)|STATEMENT_EXECUTE|[69]
04:49:54.0 (72027673)|HEAP_ALLOCATE|[EXTERNAL]|Bytes:4
04:49:54.0 (72045404)|HEAP_ALLOCATE|[65]|Bytes:5
04:49:54.0 (72056967)|HEAP_ALLOCATE|[65]|Bytes:26
04:49:54.0 (72063793)|VARIABLE_SCOPE_BEGIN|[65]|sc|System.SelectOption|true|false
04:49:54.0 (72123445)|VARIABLE_ASSIGNMENT|[65]|sc|"common.apex.runtime.impl.ApexSelectOptionValue@23b15e9"|0x26c9e09d
04:49:54.0 (72131285)|STATEMENT_EXECUTE|[65]
04:49:54.0 (72132316)|STATEMENT_EXECUTE|[66]
04:49:54.0 (72151052)|HEAP_ALLOCATE|[66]|Bytes:4
04:49:54.0 (72162650)|VARIABLE_SCOPE_BEGIN|[66]|pja|ProjectJobAssociation__c|true|false
04:49:54.0 (72173738)|VARIABLE_ASSIGNMENT|[66]|pja|{}|0x64fd3998
04:49:54.0 (72178750)|STATEMENT_EXECUTE|[67]
04:49:54.0 (72213756)|VARIABLE_ASSIGNMENT|[67]|this.ProjectLink__c|"a057F0000039WFEQA2"|0x64fd3998
04:49:54.0 (72219572)|STATEMENT_EXECUTE|[68]
04:49:54.0 (72229547)|HEAP_ALLOCATE|[68]|Bytes:18
04:49:54.0 (72237365)|HEAP_ALLOCATE|[68]|Bytes:4
04:49:54.0 (72259369)|VARIABLE_ASSIGNMENT|[68]|this.UserLink__c|"0057F000000TrBBQA0"|0x64fd3998
04:49:54.0 (72265265)|STATEMENT_EXECUTE|[69]
04:49:54.0 (72272193)|HEAP_ALLOCATE|[EXTERNAL]|Bytes:4
04:49:54.0 (72283937)|HEAP_ALLOCATE|[65]|Bytes:5
04:49:54.0 (72293438)|VARIABLE_ASSIGNMENT|[65]|sc|null|
04:49:54.0 (72298278)|STATEMENT_EXECUTE|[71]
04:49:54.0 (72336235)|DML_BEGIN|[71]|Op:Insert|Type:ProjectJobAssociation__c|Rows:2
04:49:54.0 (72360959)|HEAP_ALLOCATE|[EXTERNAL]|Bytes:12
04:49:54.0 (93076695)|DML_END|[71]
04:49:54.0 (93122160)|HEAP_ALLOCATE|[EXTERNAL]|Bytes:12
04:49:54.0 (93139900)|STATEMENT_EXECUTE|[73]
04:49:54.0 (93141468)|STATEMENT_EXECUTE|[74]
04:49:54.0 (93148763)|HEAP_ALLOCATE|[74]|Bytes:1
04:49:54.0 (93197819)|HEAP_ALLOCATE|[74]|Bytes:2396
04:49:54.0 (93459129)|HEAP_ALLOCATE|[74]|Bytes:2926
04:49:54.0 (93478360)|HEAP_ALLOCATE|[74]|Bytes:2927
04:49:54.0 (93623199)|METHOD_EXIT|[81]|01p7F00000EhPEd|Project_PM_Controller.customSave()
04:49:54.0 (93632496)|SYSTEM_MODE_EXIT|false
04:49:54.112 (112631821)|SYSTEM_MODE_ENTER|true
04:49:54.112 (112700945)|HEAP_ALLOCATE|[EXTERNAL]|Bytes:8
04:49:54.112 (112712350)|VARIABLE_SCOPE_BEGIN|[88]|this|ApexPage.PageMessagesComponentController|true|false
04:49:54.112 (112741035)|VARIABLE_ASSIGNMENT|[88]|this|{}|0x4cd06c90
04:49:54.112 (112747681)|VARIABLE_SCOPE_BEGIN|[88]|escape|Boolean|false|false
04:49:54.112 (112756132)|VARIABLE_ASSIGNMENT|[88]|escape|null
04:49:54.112 (112855806)|SYSTEM_MODE_ENTER|true
04:49:54.112 (112883639)|HEAP_ALLOCATE|[EXTERNAL]|Bytes:8
04:49:54.112 (112890050)|VARIABLE_SCOPE_BEGIN|[2]|this|ApexPage.PageMessagesComponentController|true|false
04:49:54.112 (112906671)|VARIABLE_ASSIGNMENT|[2]|this|{}|0x4cd06c90
04:49:54.0 (116388847)|SYSTEM_MODE_ENTER|true
04:49:54.0 (116419437)|HEAP_ALLOCATE|[EXTERNAL]|Bytes:24
04:49:54.0 (116427539)|VARIABLE_SCOPE_BEGIN|[16]|this|Project_PM_Controller|true|false
04:49:54.0 (116573422)|VARIABLE_ASSIGNMENT|[16]|this|{"controller":"StandardController [[Project__c (Client__c:a047F000002zkUjQAI, Company_project_code__c:334, Name:9652, Units__c:false, Nodes__c:false, Footage__c:false, Miles__c:false, Jobs__c:false, Hours__c:false, QA__c:100)]]","project":"0x41fbebb9","saveAndNew":2,"selectedUsers":"0x1b85293e","usersList":"0xf8d0997"}|0x44b30790
04:49:54.0 (116596067)|SYSTEM_MODE_ENTER|false
04:49:54.0 (116603757)|HEAP_ALLOCATE|[17]|Bytes:5
04:49:54.0 (116609296)|STATEMENT_EXECUTE|[16]
04:49:54.0 (116610570)|STATEMENT_EXECUTE|[17]
04:49:54.0 (116621853)|HEAP_ALLOCATE|[17]|Bytes:4
04:49:54.0 (116767120)|SOQL_EXECUTE_BEGIN|[17]|Aggregations:0|SELECT Id, Name FROM User WHERE UserRoleId = '00E7F000000Mdri'
04:49:54.0 (120408721)|SOQL_EXECUTE_END|[17]|Rows:6
04:49:54.0 (120426766)|HEAP_ALLOCATE|[17]|Bytes:28
04:49:54.0 (120447421)|HEAP_ALLOCATE|[17]|Bytes:271
04:49:54.0 (120478357)|HEAP_ALLOCATE|[17]|Bytes:28
04:49:54.0 (120488928)|VARIABLE_SCOPE_BEGIN|[17]|users|List<User>|true|false
04:49:54.0 (120505520)|VARIABLE_ASSIGNMENT|[17]|users|"List of size 6 too large to display"|0x424f54db
04:49:54.0 (120531149)|HEAP_ALLOCATE|[18]|Bytes:5
04:49:54.0 (120544734)|HEAP_ALLOCATE|[18]|Bytes:12
04:49:54.0 (120552627)|VARIABLE_SCOPE_BEGIN|[18]|usr|User|true|false
04:49:54.0 (120567379)|VARIABLE_ASSIGNMENT|[18]|usr|{"Id":"0057F000000TpdFQAS","Name":"Mani Sasank"}|0x231d3700
04:49:54.0 (120573454)|STATEMENT_EXECUTE|[18]
04:49:54.0 (120574599)|STATEMENT_EXECUTE|[19]
04:49:54.0 (120590747)|HEAP_ALLOCATE|[19]|Bytes:18
04:49:54.0 (120610397)|HEAP_ALLOCATE|[EXTERNAL]|Bytes:4
04:49:54.0 (120621533)|HEAP_ALLOCATE|[18]|Bytes:5
04:49:54.0 (120629055)|HEAP_ALLOCATE|[18]|Bytes:12
04:49:54.0 (120634040)|VARIABLE_SCOPE_BEGIN|[18]|usr|User|true|false
04:49:54.0 (120645370)|VARIABLE_ASSIGNMENT|[18]|usr|{"Id":"0057F000000TrBBQA0","Name":"Santhosh"}|0x24bbfd07
04:49:54.0 (120650789)|STATEMENT_EXECUTE|[18]
04:49:54.0 (120651706)|STATEMENT_EXECUTE|[19]
04:49:54.0 (120658305)|HEAP_ALLOCATE|[19]|Bytes:18
04:49:54.0 (120668484)|HEAP_ALLOCATE|[EXTERNAL]|Bytes:4
04:49:54.0 (120676928)|HEAP_ALLOCATE|[18]|Bytes:5
04:49:54.0 (120683185)|HEAP_ALLOCATE|[18]|Bytes:12
04:49:54.0 (120687301)|VARIABLE_SCOPE_BEGIN|[18]|usr|User|true|false
04:49:54.0 (120697191)|VARIABLE_ASSIGNMENT|[18]|usr|{"Id":"0057F000000TrBGQA0","Name":"Ravi teja"}|0x7be0ec90
04:49:54.0 (120702789)|STATEMENT_EXECUTE|[18]
04:49:54.0 (120703745)|STATEMENT_EXECUTE|[19]
04:49:54.0 (120708832)|HEAP_ALLOCATE|[19]|Bytes:18
04:49:54.0 (120717076)|HEAP_ALLOCATE|[EXTERNAL]|Bytes:4
04:49:54.0 (120724783)|HEAP_ALLOCATE|[18]|Bytes:5
04:49:54.0 (120730903)|HEAP_ALLOCATE|[18]|Bytes:12
04:49:54.0 (120734882)|VARIABLE_SCOPE_BEGIN|[18]|usr|User|true|false
04:49:54.0 (120744155)|VARIABLE_ASSIGNMENT|[18]|usr|{"Id":"0057F000000TrBVQA0","Name":"Yashwanth"}|0x78cfb518
04:49:54.0 (120749229)|STATEMENT_EXECUTE|[18]
04:49:54.0 (120750137)|STATEMENT_EXECUTE|[19]
04:49:54.0 (120754750)|HEAP_ALLOCATE|[19]|Bytes:18
04:49:54.0 (120763072)|HEAP_ALLOCATE|[EXTERNAL]|Bytes:4
04:49:54.0 (120770379)|HEAP_ALLOCATE|[18]|Bytes:5
04:49:54.0 (120776343)|HEAP_ALLOCATE|[18]|Bytes:12
04:49:54.0 (120785125)|VARIABLE_SCOPE_BEGIN|[18]|usr|User|true|false
04:49:54.0 (120794277)|VARIABLE_ASSIGNMENT|[18]|usr|{"Id":"0057F000000Tz0iQAC","Name":"Richa"}|0x32a03836
04:49:54.0 (120798970)|STATEMENT_EXECUTE|[18]
04:49:54.0 (120799873)|STATEMENT_EXECUTE|[19]
04:49:54.0 (120804684)|HEAP_ALLOCATE|[19]|Bytes:18
04:49:54.0 (120813127)|HEAP_ALLOCATE|[EXTERNAL]|Bytes:4
04:49:54.0 (120821117)|HEAP_ALLOCATE|[18]|Bytes:5
04:49:54.0 (120827873)|HEAP_ALLOCATE|[18]|Bytes:12
04:49:54.0 (120831626)|VARIABLE_SCOPE_BEGIN|[18]|usr|User|true|false
04:49:54.0 (120840181)|VARIABLE_ASSIGNMENT|[18]|usr|{"Id":"0057F000000Tz0sQAC","Name":"Veeresh"}|0x4988a8a0
04:49:54.0 (120849116)|STATEMENT_EXECUTE|[18]
04:49:54.0 (120850246)|STATEMENT_EXECUTE|[19]
04:49:54.0 (120855425)|HEAP_ALLOCATE|[19]|Bytes:18
04:49:54.0 (120863962)|HEAP_ALLOCATE|[EXTERNAL]|Bytes:4
04:49:54.0 (120871686)|HEAP_ALLOCATE|[18]|Bytes:5
04:49:54.0 (120878784)|VARIABLE_ASSIGNMENT|[18]|usr|null|
04:49:54.0 (120882950)|STATEMENT_EXECUTE|[21]
04:49:54.0 (120886927)|SYSTEM_MODE_EXIT|false
04:49:54.0 (120971852)|SYSTEM_MODE_ENTER|true
04:49:54.0 (121024212)|HEAP_ALLOCATE|[EXTERNAL]|Bytes:92
04:49:54.0 (121030358)|HEAP_ALLOCATE|[EXTERNAL]|Bytes:20
04:49:54.0 (121042248)|VARIABLE_ASSIGNMENT|[EXTERNAL]|this.leftOptions|"List of size 22 too large to display"|0xcb305f5
04:49:54.0 (121098835)|SYSTEM_MODE_ENTER|true
04:49:54.0 (121143873)|SYSTEM_MODE_ENTER|true
04:49:54.0 (121168976)|HEAP_ALLOCATE|[EXTERNAL]|Bytes:12
04:49:54.0 (121173481)|HEAP_ALLOCATE|[EXTERNAL]|Bytes:20
04:49:54.0 (121255955)|VARIABLE_ASSIGNMENT|[EXTERNAL]|this.rightOptions|"common.apex.runtime.impl.ScalarList@42e811b8"|0xcb305f5
04:49:54.0 (121331704)|SYSTEM_MODE_ENTER|true
04:49:54.0 (121577394)|SYSTEM_MODE_ENTER|true
04:49:54.134 (134268781)|SYSTEM_MODE_ENTER|true
04:49:54.134 (134317840)|HEAP_ALLOCATE|[EXTERNAL]|Bytes:8
04:49:54.134 (134326537)|VARIABLE_SCOPE_BEGIN|[88]|this|ApexPage.PageMessagesComponentController|true|false
04:49:54.134 (134349317)|VARIABLE_ASSIGNMENT|[88]|this|{}|0x4cd06c90
04:49:54.134 (134355297)|VARIABLE_SCOPE_BEGIN|[88]|escape|Boolean|false|false
04:49:54.134 (134363218)|VARIABLE_ASSIGNMENT|[88]|escape|null
04:49:54.134 (134463120)|SYSTEM_MODE_ENTER|true
04:49:54.134 (134488597)|HEAP_ALLOCATE|[EXTERNAL]|Bytes:8
04:49:54.134 (134494815)|VARIABLE_SCOPE_BEGIN|[2]|this|ApexPage.PageMessagesComponentController|true|false
04:49:54.134 (134511509)|VARIABLE_ASSIGNMENT|[2]|this|{}|0x4cd06c90
04:49:54.0 (139914849)|SYSTEM_MODE_ENTER|true
04:49:54.0 (139963584)|HEAP_ALLOCATE|[EXTERNAL]|Bytes:92
04:49:54.0 (139969986)|HEAP_ALLOCATE|[EXTERNAL]|Bytes:20
04:49:54.0 (139982344)|VARIABLE_ASSIGNMENT|[EXTERNAL]|this.leftOptions|"List of size 22 too large to display"|0xcb305f5
04:49:54.0 (140048762)|SYSTEM_MODE_ENTER|true
04:49:54.0 (140075131)|HEAP_ALLOCATE|[EXTERNAL]|Bytes:12
04:49:54.0 (140079211)|HEAP_ALLOCATE|[EXTERNAL]|Bytes:20
04:49:54.0 (140174250)|VARIABLE_ASSIGNMENT|[EXTERNAL]|this.rightOptions|"common.apex.runtime.impl.ScalarList@42e811b8"|0xcb305f5
04:49:54.0 (140657386)|SYSTEM_MODE_ENTER|true
04:49:54.0 (141657887)|SYSTEM_MODE_ENTER|true
04:49:54.0 (142340625)|SYSTEM_MODE_ENTER|true
04:49:54.0 (142419870)|SYSTEM_MODE_ENTER|true
04:49:54.0 (147535038)|VF_SERIALIZE_VIEWSTATE_BEGIN|0667F000004uJm5
04:49:54.0 (150865516)|VF_SERIALIZE_VIEWSTATE_END
04:49:54.152 (152929066)|CUMULATIVE_LIMIT_USAGE
04:49:54.152 (152929066)|LIMIT_USAGE_FOR_NS|(default)|
  Number of SOQL queries: 2 out of 100
  Number of query rows: 12 out of 50000
  Number of SOSL queries: 0 out of 20
  Number of DML statements: 2 out of 150
  Number of DML rows: 3 out of 10000
  Maximum CPU time: 0 out of 10000
  Maximum heap size: 0 out of 6000000
  Number of callouts: 0 out of 100
  Number of Email Invocations: 0 out of 10
  Number of future calls: 0 out of 50
  Number of queueable jobs added to the queue: 0 out of 50
  Number of Mobile Apex push calls: 0 out of 10

04:49:54.152 (152929066)|CUMULATIVE_LIMIT_USAGE_END

04:49:54.0 (152963403)|CODE_UNIT_FINISHED|VF: /apex/PM_Project_New
04:49:54.0 (153789276)|EXECUTION_FINISHED
