41.0 APEX_CODE,FINEST;APEX_PROFILING,INFO;CALLOUT,INFO;DB,INFO;SYSTEM,DEBUG;VALIDATION,INFO;VISUALFORCE,INFO;WAVE,INFO;WORKFLOW,INFO
07:37:13.0 (273586)|USER_INFO|[EXTERNAL]|0057F000000Tiz6|ksb994@salesforce.com|Pacific Standard Time|GMT-08:00
07:37:13.0 (301269)|EXECUTION_STARTED
07:37:13.0 (304798)|CODE_UNIT_STARTED|[EXTERNAL]|0667F000004uMWq|VF: /apex/ProjectPage
07:37:13.0 (1552037)|SYSTEM_MODE_ENTER|true
07:37:13.0 (1871574)|HEAP_ALLOCATE|[72]|Bytes:3
07:37:13.0 (1910473)|HEAP_ALLOCATE|[77]|Bytes:152
07:37:13.0 (1927190)|HEAP_ALLOCATE|[342]|Bytes:408
07:37:13.0 (1942559)|HEAP_ALLOCATE|[355]|Bytes:408
07:37:13.0 (1955215)|HEAP_ALLOCATE|[467]|Bytes:48
07:37:13.0 (1981678)|HEAP_ALLOCATE|[139]|Bytes:6
07:37:13.0 (1996743)|HEAP_ALLOCATE|[EXTERNAL]|Bytes:140
07:37:13.0 (2001601)|HEAP_ALLOCATE|[EXTERNAL]|Bytes:20
07:37:13.0 (2005480)|HEAP_ALLOCATE|[EXTERNAL]|Bytes:2
07:37:13.0 (2015130)|METHOD_ENTRY|[1]|01p7F00000Ehro9|PM_Project_Edit_Controller.PM_Project_Edit_Controller()
07:37:13.0 (2020827)|STATEMENT_EXECUTE|[1]
07:37:13.0 (2025918)|STATEMENT_EXECUTE|[1]
07:37:13.0 (2052680)|HEAP_ALLOCATE|[50]|Bytes:5
07:37:13.0 (2074726)|HEAP_ALLOCATE|[56]|Bytes:5
07:37:13.0 (2081289)|HEAP_ALLOCATE|[64]|Bytes:7
07:37:13.0 (2101190)|SYSTEM_MODE_ENTER|false
07:37:13.0 (2113027)|HEAP_ALLOCATE|[EXTERNAL]|Bytes:5
07:37:13.0 (2120701)|SYSTEM_MODE_EXIT|false
07:37:13.0 (2127414)|METHOD_EXIT|[1]|PM_Project_Edit_Controller
07:37:13.0 (2165671)|HEAP_ALLOCATE|[EXTERNAL]|Bytes:24
07:37:13.0 (2181493)|VARIABLE_SCOPE_BEGIN|[10]|this|PM_Project_Edit_Controller|true|false
07:37:13.0 (2238270)|VARIABLE_ASSIGNMENT|[10]|this|{}|0x1222b710
07:37:13.0 (2246288)|VARIABLE_SCOPE_BEGIN|[10]|stdController|ApexPages.StandardController|true|false
07:37:13.0 (2419521)|VARIABLE_ASSIGNMENT|[10]|stdController|"StandardController [null]"|0x45d8432e
07:37:13.0 (2440915)|SYSTEM_MODE_ENTER|false
07:37:13.0 (2446640)|HEAP_ALLOCATE|[7]|Bytes:5
07:37:13.0 (2451159)|STATEMENT_EXECUTE|[1]
07:37:13.0 (2455492)|HEAP_ALLOCATE|[7]|Bytes:5
07:37:13.0 (2458051)|STATEMENT_EXECUTE|[3]
07:37:13.0 (2459326)|STATEMENT_EXECUTE|[4]
07:37:13.0 (2460302)|STATEMENT_EXECUTE|[6]
07:37:13.0 (2461189)|STATEMENT_EXECUTE|[7]
07:37:13.0 (2479475)|HEAP_ALLOCATE|[7]|Bytes:4
07:37:13.0 (2542857)|HEAP_ALLOCATE|[EXTERNAL]|Bytes:4
07:37:13.0 (2555164)|VARIABLE_ASSIGNMENT|[7]|this.usersList|[]|0x1222b710
07:37:13.0 (2560554)|STATEMENT_EXECUTE|[8]
07:37:13.0 (2563107)|HEAP_ALLOCATE|[8]|Bytes:1
07:37:13.0 (2577403)|VARIABLE_ASSIGNMENT|[8]|this.nonSelectedUserId|"("|0x1222b710
07:37:13.0 (2589416)|HEAP_ALLOCATE|[8]|Bytes:6
07:37:13.0 (2619864)|STATEMENT_EXECUTE|[10]
07:37:13.0 (2621522)|STATEMENT_EXECUTE|[11]
07:37:13.0 (2723138)|HEAP_ALLOCATE|[11]|Bytes:4
07:37:13.0 (2785091)|VARIABLE_ASSIGNMENT|[EXTERNAL]|this|{"nonSelectedUserId":"(","usersList":"0x6d4a14f4"}|0x1222b710
07:37:13.0 (2798768)|VARIABLE_ASSIGNMENT|[EXTERNAL]|value|{}|0x69bb9d36
07:37:13.0 (2810349)|VARIABLE_ASSIGNMENT|[3]|this.project|{}|0x1222b710
07:37:13.0 (2819271)|STATEMENT_EXECUTE|[12]
07:37:13.0 (2851816)|HEAP_ALLOCATE|[12]|Bytes:21
07:37:13.0 (2885953)|HEAP_ALLOCATE|[12]|Bytes:0
07:37:13.0 (2906820)|HEAP_ALLOCATE|[12]|Bytes:3
07:37:13.0 (2937020)|VARIABLE_SCOPE_BEGIN|[12]|pid|Id|false|false
07:37:13.0 (2947227)|VARIABLE_ASSIGNMENT|[12]|pid|null
07:37:13.0 (2951481)|STATEMENT_EXECUTE|[16]
07:37:13.0 (2953394)|HEAP_ALLOCATE|[16]|Bytes:7
07:37:13.0 (2957447)|HEAP_ALLOCATE|[16]|Bytes:10
07:37:13.0 (2970133)|METHOD_ENTRY|[16]|01p7F00000Ehro9|PM_Project_Edit_Controller.getAllFields(String)
07:37:13.0 (2983652)|VARIABLE_SCOPE_BEGIN|[74]|sobjectname|String|false|false
07:37:13.0 (2992056)|VARIABLE_ASSIGNMENT|[74]|sobjectname|"Project__c"
07:37:13.0 (3008451)|HEAP_ALLOCATE|[75]|Bytes:5
07:37:13.0 (3013624)|STATEMENT_EXECUTE|[74]
07:37:13.0 (19895598)|HEAP_ALLOCATE|[75]|Bytes:1468
07:37:13.0 (19946590)|STATEMENT_EXECUTE|[75]
07:37:13.0 (19949178)|STATEMENT_EXECUTE|[78]
07:37:13.0 (23458008)|HEAP_ALLOCATE|[78]|Bytes:1468
07:37:13.0 (23660345)|HEAP_ALLOCATE|[78]|Bytes:4
07:37:13.0 (23708806)|HEAP_ALLOCATE|[78]|Bytes:4
07:37:13.0 (23984438)|HEAP_ALLOCATE|[78]|Bytes:148
07:37:13.0 (23995728)|VARIABLE_SCOPE_BEGIN|[78]|fields|Map<String,Schema.SObjectField>|true|false
07:37:13.0 (24200314)|VARIABLE_ASSIGNMENT|[78]|fields|"{client__c=Client__c, client_project_manager__c=Client_Project_Manager__c, company_project_code__c=Company_project_code__c, cost_centre__c=Cost_Centre__c, createdbyid=CreatedById, createddate=CreatedDate, delivery__c=Delivery__c, end_customer__c=End_Customer__c, footage__c=Footage__c, hours__c=Hours__c, ...}"|0x359fc5cb
07:37:13.0 (24212390)|STATEMENT_EXECUTE|[79]
07:37:13.0 (24227433)|HEAP_ALLOCATE|[79]|Bytes:4
07:37:13.0 (24255722)|VARIABLE_SCOPE_BEGIN|[79]|accessiblefields|List<String>|true|false
07:37:13.0 (24282353)|HEAP_ALLOCATE|[EXTERNAL]|Bytes:4
07:37:13.0 (24292659)|VARIABLE_ASSIGNMENT|[79]|accessiblefields|[]|0x3844fec3
07:37:13.0 (24338825)|HEAP_ALLOCATE|[EXTERNAL]|Bytes:148
07:37:13.0 (24355803)|HEAP_ALLOCATE|[80]|Bytes:148
07:37:13.0 (24422229)|HEAP_ALLOCATE|[80]|Bytes:5
07:37:13.0 (24462542)|VARIABLE_SCOPE_BEGIN|[80]|field|Schema.SObjectField|true|false
07:37:13.0 (24527482)|VARIABLE_ASSIGNMENT|[80]|field|"common.apex.runtime.impl.ApexFieldToken@4f33aa7b"|0x4f33aa7b
07:37:13.0 (24535239)|STATEMENT_EXECUTE|[80]
07:37:13.0 (24931947)|HEAP_ALLOCATE|[81]|Bytes:8
07:37:13.0 (24955568)|STATEMENT_EXECUTE|[82]
07:37:13.0 (24983450)|HEAP_ALLOCATE|[82]|Bytes:8
07:37:13.0 (24997071)|HEAP_ALLOCATE|[82]|Bytes:2
07:37:13.0 (25011655)|HEAP_ALLOCATE|[EXTERNAL]|Bytes:4
07:37:13.0 (25025045)|HEAP_ALLOCATE|[80]|Bytes:5
07:37:13.0 (25038741)|VARIABLE_SCOPE_BEGIN|[80]|field|Schema.SObjectField|true|false
07:37:13.0 (25103515)|VARIABLE_ASSIGNMENT|[80]|field|"common.apex.runtime.impl.ApexFieldToken@4c99fcb"|0x4c99fcb
07:37:13.0 (25111305)|STATEMENT_EXECUTE|[80]
07:37:13.0 (25241396)|HEAP_ALLOCATE|[81]|Bytes:8
07:37:13.0 (25254230)|STATEMENT_EXECUTE|[82]
07:37:13.0 (25269105)|HEAP_ALLOCATE|[82]|Bytes:8
07:37:13.0 (25276788)|HEAP_ALLOCATE|[82]|Bytes:7
07:37:13.0 (25284566)|HEAP_ALLOCATE|[EXTERNAL]|Bytes:4
07:37:13.0 (25295536)|HEAP_ALLOCATE|[80]|Bytes:5
07:37:13.0 (25307646)|VARIABLE_SCOPE_BEGIN|[80]|field|Schema.SObjectField|true|false
07:37:13.0 (25369980)|VARIABLE_ASSIGNMENT|[80]|field|"common.apex.runtime.impl.ApexFieldToken@1be4db77"|0x1be4db77
07:37:13.0 (25376889)|STATEMENT_EXECUTE|[80]
07:37:13.0 (25460937)|HEAP_ALLOCATE|[81]|Bytes:8
07:37:13.0 (25472971)|STATEMENT_EXECUTE|[82]
07:37:13.0 (25487212)|HEAP_ALLOCATE|[82]|Bytes:8
07:37:13.0 (25494450)|HEAP_ALLOCATE|[82]|Bytes:9
07:37:13.0 (25502068)|HEAP_ALLOCATE|[EXTERNAL]|Bytes:4
07:37:13.0 (25511983)|HEAP_ALLOCATE|[80]|Bytes:5
07:37:13.0 (25523226)|VARIABLE_SCOPE_BEGIN|[80]|field|Schema.SObjectField|true|false
07:37:13.0 (25587789)|VARIABLE_ASSIGNMENT|[80]|field|"common.apex.runtime.impl.ApexFieldToken@483f350"|0x483f350
07:37:13.0 (25595113)|STATEMENT_EXECUTE|[80]
07:37:13.0 (25693418)|HEAP_ALLOCATE|[81]|Bytes:8
07:37:13.0 (25704904)|STATEMENT_EXECUTE|[82]
07:37:13.0 (25719133)|HEAP_ALLOCATE|[82]|Bytes:8
07:37:13.0 (25726269)|HEAP_ALLOCATE|[82]|Bytes:4
07:37:13.0 (25733867)|HEAP_ALLOCATE|[EXTERNAL]|Bytes:4
07:37:13.0 (25743711)|HEAP_ALLOCATE|[80]|Bytes:5
07:37:13.0 (25755203)|VARIABLE_SCOPE_BEGIN|[80]|field|Schema.SObjectField|true|false
07:37:13.0 (25814886)|VARIABLE_ASSIGNMENT|[80]|field|"common.apex.runtime.impl.ApexFieldToken@56b1f1c9"|0x56b1f1c9
07:37:13.0 (25821643)|STATEMENT_EXECUTE|[80]
07:37:13.0 (25916231)|HEAP_ALLOCATE|[81]|Bytes:8
07:37:13.0 (25927938)|STATEMENT_EXECUTE|[82]
07:37:13.0 (25942620)|HEAP_ALLOCATE|[82]|Bytes:8
07:37:13.0 (25950242)|HEAP_ALLOCATE|[82]|Bytes:11
07:37:13.0 (25957867)|HEAP_ALLOCATE|[EXTERNAL]|Bytes:4
07:37:13.0 (25968681)|HEAP_ALLOCATE|[80]|Bytes:5
07:37:13.0 (25980009)|VARIABLE_SCOPE_BEGIN|[80]|field|Schema.SObjectField|true|false
07:37:13.0 (26039522)|VARIABLE_ASSIGNMENT|[80]|field|"common.apex.runtime.impl.ApexFieldToken@1e4e1b13"|0x1e4e1b13
07:37:13.0 (26047109)|STATEMENT_EXECUTE|[80]
07:37:13.0 (26147233)|HEAP_ALLOCATE|[81]|Bytes:8
07:37:13.0 (26159512)|STATEMENT_EXECUTE|[82]
07:37:13.0 (26173657)|HEAP_ALLOCATE|[82]|Bytes:8
07:37:13.0 (26180598)|HEAP_ALLOCATE|[82]|Bytes:11
07:37:13.0 (26187688)|HEAP_ALLOCATE|[EXTERNAL]|Bytes:4
07:37:13.0 (26197441)|HEAP_ALLOCATE|[80]|Bytes:5
07:37:13.0 (26208395)|VARIABLE_SCOPE_BEGIN|[80]|field|Schema.SObjectField|true|false
07:37:13.0 (26267466)|VARIABLE_ASSIGNMENT|[80]|field|"common.apex.runtime.impl.ApexFieldToken@234c44ce"|0x234c44ce
07:37:13.0 (26274713)|STATEMENT_EXECUTE|[80]
07:37:13.0 (26365580)|HEAP_ALLOCATE|[81]|Bytes:8
07:37:13.0 (26377448)|STATEMENT_EXECUTE|[82]
07:37:13.0 (26391636)|HEAP_ALLOCATE|[82]|Bytes:8
07:37:13.0 (26398829)|HEAP_ALLOCATE|[82]|Bytes:16
07:37:13.0 (26405728)|HEAP_ALLOCATE|[EXTERNAL]|Bytes:4
07:37:13.0 (26415371)|HEAP_ALLOCATE|[80]|Bytes:5
07:37:13.0 (26426655)|VARIABLE_SCOPE_BEGIN|[80]|field|Schema.SObjectField|true|false
07:37:13.0 (26485574)|VARIABLE_ASSIGNMENT|[80]|field|"common.apex.runtime.impl.ApexFieldToken@38ce2a84"|0x38ce2a84
07:37:13.0 (26491978)|STATEMENT_EXECUTE|[80]
07:37:13.0 (26591258)|HEAP_ALLOCATE|[81]|Bytes:8
07:37:13.0 (26603207)|STATEMENT_EXECUTE|[82]
07:37:13.0 (26617131)|HEAP_ALLOCATE|[82]|Bytes:8
07:37:13.0 (26624155)|HEAP_ALLOCATE|[82]|Bytes:16
07:37:13.0 (26631290)|HEAP_ALLOCATE|[EXTERNAL]|Bytes:4
07:37:13.0 (26641480)|HEAP_ALLOCATE|[80]|Bytes:5
07:37:13.0 (26654396)|VARIABLE_SCOPE_BEGIN|[80]|field|Schema.SObjectField|true|false
07:37:13.0 (26713605)|VARIABLE_ASSIGNMENT|[80]|field|"common.apex.runtime.impl.ApexFieldToken@61a8bbed"|0x61a8bbed
07:37:13.0 (26720617)|STATEMENT_EXECUTE|[80]
07:37:13.0 (26796253)|HEAP_ALLOCATE|[81]|Bytes:8
07:37:13.0 (26807329)|STATEMENT_EXECUTE|[82]
07:37:13.0 (26823330)|HEAP_ALLOCATE|[82]|Bytes:8
07:37:13.0 (26830502)|HEAP_ALLOCATE|[82]|Bytes:14
07:37:13.0 (26837221)|HEAP_ALLOCATE|[EXTERNAL]|Bytes:4
07:37:13.0 (26847494)|HEAP_ALLOCATE|[80]|Bytes:5
07:37:13.0 (26858128)|VARIABLE_SCOPE_BEGIN|[80]|field|Schema.SObjectField|true|false
07:37:13.0 (26916005)|VARIABLE_ASSIGNMENT|[80]|field|"common.apex.runtime.impl.ApexFieldToken@f50b248"|0xf50b248
07:37:13.0 (26922722)|STATEMENT_EXECUTE|[80]
07:37:13.0 (26995131)|HEAP_ALLOCATE|[81]|Bytes:8
07:37:13.0 (27006169)|STATEMENT_EXECUTE|[82]
07:37:13.0 (27020866)|HEAP_ALLOCATE|[82]|Bytes:8
07:37:13.0 (27028231)|HEAP_ALLOCATE|[82]|Bytes:16
07:37:13.0 (27035398)|HEAP_ALLOCATE|[EXTERNAL]|Bytes:4
07:37:13.0 (27045649)|HEAP_ALLOCATE|[80]|Bytes:5
07:37:13.0 (27055452)|VARIABLE_SCOPE_BEGIN|[80]|field|Schema.SObjectField|true|false
07:37:13.0 (27113196)|VARIABLE_ASSIGNMENT|[80]|field|"common.apex.runtime.impl.ApexFieldToken@4e7bfd58"|0x4e7bfd58
07:37:13.0 (27119809)|STATEMENT_EXECUTE|[80]
07:37:13.0 (27193005)|HEAP_ALLOCATE|[81]|Bytes:8
07:37:13.0 (27204247)|STATEMENT_EXECUTE|[82]
07:37:13.0 (27217670)|HEAP_ALLOCATE|[82]|Bytes:8
07:37:13.0 (27224811)|HEAP_ALLOCATE|[82]|Bytes:14
07:37:13.0 (27232259)|HEAP_ALLOCATE|[EXTERNAL]|Bytes:4
07:37:13.0 (27242056)|HEAP_ALLOCATE|[80]|Bytes:5
07:37:13.0 (27252276)|VARIABLE_SCOPE_BEGIN|[80]|field|Schema.SObjectField|true|false
07:37:13.0 (27310284)|VARIABLE_ASSIGNMENT|[80]|field|"common.apex.runtime.impl.ApexFieldToken@7287419"|0x7287419
07:37:13.0 (27316797)|STATEMENT_EXECUTE|[80]
07:37:13.0 (27388251)|HEAP_ALLOCATE|[81]|Bytes:8
07:37:13.0 (27399394)|STATEMENT_EXECUTE|[82]
07:37:13.0 (27412503)|HEAP_ALLOCATE|[82]|Bytes:8
07:37:13.0 (27420019)|HEAP_ALLOCATE|[82]|Bytes:18
07:37:13.0 (27426335)|HEAP_ALLOCATE|[EXTERNAL]|Bytes:4
07:37:13.0 (27436460)|HEAP_ALLOCATE|[80]|Bytes:5
07:37:13.0 (27446609)|VARIABLE_SCOPE_BEGIN|[80]|field|Schema.SObjectField|true|false
07:37:13.0 (27503814)|VARIABLE_ASSIGNMENT|[80]|field|"common.apex.runtime.impl.ApexFieldToken@23fbd0c2"|0x23fbd0c2
07:37:13.0 (27510717)|STATEMENT_EXECUTE|[80]
07:37:13.0 (27727129)|HEAP_ALLOCATE|[81]|Bytes:8
07:37:13.0 (27740236)|STATEMENT_EXECUTE|[82]
07:37:13.0 (27755670)|HEAP_ALLOCATE|[82]|Bytes:8
07:37:13.0 (27763131)|HEAP_ALLOCATE|[82]|Bytes:9
07:37:13.0 (27771554)|HEAP_ALLOCATE|[EXTERNAL]|Bytes:4
07:37:13.0 (27782138)|HEAP_ALLOCATE|[80]|Bytes:5
07:37:13.0 (27793861)|VARIABLE_SCOPE_BEGIN|[80]|field|Schema.SObjectField|true|false
07:37:13.0 (27856315)|VARIABLE_ASSIGNMENT|[80]|field|"common.apex.runtime.impl.ApexFieldToken@2933f407"|0x2933f407
07:37:13.0 (27863180)|STATEMENT_EXECUTE|[80]
07:37:13.0 (27948195)|HEAP_ALLOCATE|[81]|Bytes:8
07:37:13.0 (27960739)|STATEMENT_EXECUTE|[82]
07:37:13.0 (27975350)|HEAP_ALLOCATE|[82]|Bytes:8
07:37:13.0 (27982701)|HEAP_ALLOCATE|[82]|Bytes:15
07:37:13.0 (27989979)|HEAP_ALLOCATE|[EXTERNAL]|Bytes:4
07:37:13.0 (27999633)|HEAP_ALLOCATE|[80]|Bytes:5
07:37:13.0 (28009785)|VARIABLE_SCOPE_BEGIN|[80]|field|Schema.SObjectField|true|false
07:37:13.0 (28069520)|VARIABLE_ASSIGNMENT|[80]|field|"common.apex.runtime.impl.ApexFieldToken@38b34d44"|0x38b34d44
07:37:13.0 (28076133)|STATEMENT_EXECUTE|[80]
07:37:13.0 (28156768)|HEAP_ALLOCATE|[81]|Bytes:8
07:37:13.0 (28168556)|STATEMENT_EXECUTE|[82]
07:37:13.0 (28182736)|HEAP_ALLOCATE|[82]|Bytes:8
07:37:13.0 (28190245)|HEAP_ALLOCATE|[82]|Bytes:19
07:37:13.0 (28197385)|HEAP_ALLOCATE|[EXTERNAL]|Bytes:4
07:37:13.0 (28206665)|HEAP_ALLOCATE|[80]|Bytes:5
07:37:13.0 (28217095)|VARIABLE_SCOPE_BEGIN|[80]|field|Schema.SObjectField|true|false
07:37:13.0 (28275554)|VARIABLE_ASSIGNMENT|[80]|field|"common.apex.runtime.impl.ApexFieldToken@7c7f6ef7"|0x7c7f6ef7
07:37:13.0 (28282075)|STATEMENT_EXECUTE|[80]
07:37:13.0 (28358255)|HEAP_ALLOCATE|[81]|Bytes:8
07:37:13.0 (28369755)|STATEMENT_EXECUTE|[82]
07:37:13.0 (28383529)|HEAP_ALLOCATE|[82]|Bytes:8
07:37:13.0 (28390457)|HEAP_ALLOCATE|[82]|Bytes:14
07:37:13.0 (28397685)|HEAP_ALLOCATE|[EXTERNAL]|Bytes:4
07:37:13.0 (28407348)|HEAP_ALLOCATE|[80]|Bytes:5
07:37:13.0 (28417493)|VARIABLE_SCOPE_BEGIN|[80]|field|Schema.SObjectField|true|false
07:37:13.0 (28475782)|VARIABLE_ASSIGNMENT|[80]|field|"common.apex.runtime.impl.ApexFieldToken@17fcc7a"|0x17fcc7a
07:37:13.0 (28482439)|STATEMENT_EXECUTE|[80]
07:37:13.0 (28557277)|HEAP_ALLOCATE|[81]|Bytes:8
07:37:13.0 (28572711)|STATEMENT_EXECUTE|[82]
07:37:13.0 (28586952)|HEAP_ALLOCATE|[82]|Bytes:8
07:37:13.0 (28594082)|HEAP_ALLOCATE|[82]|Bytes:25
07:37:13.0 (28601218)|HEAP_ALLOCATE|[EXTERNAL]|Bytes:4
07:37:13.0 (28610804)|HEAP_ALLOCATE|[80]|Bytes:5
07:37:13.0 (28621022)|VARIABLE_SCOPE_BEGIN|[80]|field|Schema.SObjectField|true|false
07:37:13.0 (28682662)|VARIABLE_ASSIGNMENT|[80]|field|"common.apex.runtime.impl.ApexFieldToken@37da839e"|0x37da839e
07:37:13.0 (28689435)|STATEMENT_EXECUTE|[80]
07:37:13.0 (28764320)|HEAP_ALLOCATE|[81]|Bytes:8
07:37:13.0 (28775944)|STATEMENT_EXECUTE|[82]
07:37:13.0 (28790149)|HEAP_ALLOCATE|[82]|Bytes:8
07:37:13.0 (28797110)|HEAP_ALLOCATE|[82]|Bytes:15
07:37:13.0 (28804342)|HEAP_ALLOCATE|[EXTERNAL]|Bytes:4
07:37:13.0 (28813571)|HEAP_ALLOCATE|[80]|Bytes:5
07:37:13.0 (28823553)|VARIABLE_SCOPE_BEGIN|[80]|field|Schema.SObjectField|true|false
07:37:13.0 (28882097)|VARIABLE_ASSIGNMENT|[80]|field|"common.apex.runtime.impl.ApexFieldToken@1521214c"|0x1521214c
07:37:13.0 (28888920)|STATEMENT_EXECUTE|[80]
07:37:13.0 (28963064)|HEAP_ALLOCATE|[81]|Bytes:8
07:37:13.0 (28975128)|STATEMENT_EXECUTE|[82]
07:37:13.0 (28989251)|HEAP_ALLOCATE|[82]|Bytes:8
07:37:13.0 (28996344)|HEAP_ALLOCATE|[82]|Bytes:23
07:37:13.0 (29003351)|HEAP_ALLOCATE|[EXTERNAL]|Bytes:4
07:37:13.0 (29013584)|HEAP_ALLOCATE|[80]|Bytes:5
07:37:13.0 (29023556)|VARIABLE_SCOPE_BEGIN|[80]|field|Schema.SObjectField|true|false
07:37:13.0 (29083012)|VARIABLE_ASSIGNMENT|[80]|field|"common.apex.runtime.impl.ApexFieldToken@122eedc9"|0x122eedc9
07:37:13.0 (29089290)|STATEMENT_EXECUTE|[80]
07:37:13.0 (29164744)|HEAP_ALLOCATE|[81]|Bytes:8
07:37:13.0 (29175905)|STATEMENT_EXECUTE|[82]
07:37:13.0 (29189792)|HEAP_ALLOCATE|[82]|Bytes:8
07:37:13.0 (29196865)|HEAP_ALLOCATE|[82]|Bytes:16
07:37:13.0 (29204068)|HEAP_ALLOCATE|[EXTERNAL]|Bytes:4
07:37:13.0 (29213840)|HEAP_ALLOCATE|[80]|Bytes:5
07:37:13.0 (29223849)|VARIABLE_SCOPE_BEGIN|[80]|field|Schema.SObjectField|true|false
07:37:13.0 (29281173)|VARIABLE_ASSIGNMENT|[80]|field|"common.apex.runtime.impl.ApexFieldToken@6d4dffea"|0x6d4dffea
07:37:13.0 (29287818)|STATEMENT_EXECUTE|[80]
07:37:13.0 (29361133)|HEAP_ALLOCATE|[81]|Bytes:8
07:37:13.0 (29372666)|STATEMENT_EXECUTE|[82]
07:37:13.0 (29386766)|HEAP_ALLOCATE|[82]|Bytes:8
07:37:13.0 (29394028)|HEAP_ALLOCATE|[82]|Bytes:14
07:37:13.0 (29401603)|HEAP_ALLOCATE|[EXTERNAL]|Bytes:4
07:37:13.0 (29411447)|HEAP_ALLOCATE|[80]|Bytes:5
07:37:13.0 (29420946)|VARIABLE_SCOPE_BEGIN|[80]|field|Schema.SObjectField|true|false
07:37:13.0 (29478733)|VARIABLE_ASSIGNMENT|[80]|field|"common.apex.runtime.impl.ApexFieldToken@ee857ae"|0xee857ae
07:37:13.0 (29485869)|STATEMENT_EXECUTE|[80]
07:37:13.0 (29562331)|HEAP_ALLOCATE|[81]|Bytes:8
07:37:13.0 (29577555)|STATEMENT_EXECUTE|[82]
07:37:13.0 (29595360)|HEAP_ALLOCATE|[82]|Bytes:8
07:37:13.0 (29603307)|HEAP_ALLOCATE|[82]|Bytes:13
07:37:13.0 (29610547)|HEAP_ALLOCATE|[EXTERNAL]|Bytes:4
07:37:13.0 (29620152)|HEAP_ALLOCATE|[80]|Bytes:5
07:37:13.0 (29630755)|VARIABLE_SCOPE_BEGIN|[80]|field|Schema.SObjectField|true|false
07:37:13.0 (29690601)|VARIABLE_ASSIGNMENT|[80]|field|"common.apex.runtime.impl.ApexFieldToken@125f2c7e"|0x125f2c7e
07:37:13.0 (29697418)|STATEMENT_EXECUTE|[80]
07:37:13.0 (29773040)|HEAP_ALLOCATE|[81]|Bytes:8
07:37:13.0 (29784434)|STATEMENT_EXECUTE|[82]
07:37:13.0 (29798538)|HEAP_ALLOCATE|[82]|Bytes:8
07:37:13.0 (29805728)|HEAP_ALLOCATE|[82]|Bytes:5
07:37:13.0 (29813099)|HEAP_ALLOCATE|[EXTERNAL]|Bytes:4
07:37:13.0 (29822835)|HEAP_ALLOCATE|[80]|Bytes:5
07:37:13.0 (29832679)|VARIABLE_SCOPE_BEGIN|[80]|field|Schema.SObjectField|true|false
07:37:13.0 (29890245)|VARIABLE_ASSIGNMENT|[80]|field|"common.apex.runtime.impl.ApexFieldToken@77facb59"|0x77facb59
07:37:13.0 (29897116)|STATEMENT_EXECUTE|[80]
07:37:13.0 (29970802)|HEAP_ALLOCATE|[81]|Bytes:8
07:37:13.0 (29981900)|STATEMENT_EXECUTE|[82]
07:37:13.0 (29995820)|HEAP_ALLOCATE|[82]|Bytes:8
07:37:13.0 (30003057)|HEAP_ALLOCATE|[82]|Bytes:11
07:37:13.0 (30011462)|HEAP_ALLOCATE|[EXTERNAL]|Bytes:4
07:37:13.0 (30021569)|HEAP_ALLOCATE|[80]|Bytes:5
07:37:13.0 (30032261)|VARIABLE_SCOPE_BEGIN|[80]|field|Schema.SObjectField|true|false
07:37:13.0 (30090300)|VARIABLE_ASSIGNMENT|[80]|field|"common.apex.runtime.impl.ApexFieldToken@75cac8e3"|0x75cac8e3
07:37:13.0 (30097100)|STATEMENT_EXECUTE|[80]
07:37:13.0 (30170582)|HEAP_ALLOCATE|[81]|Bytes:8
07:37:13.0 (30181813)|STATEMENT_EXECUTE|[82]
07:37:13.0 (30195993)|HEAP_ALLOCATE|[82]|Bytes:8
07:37:13.0 (30202962)|HEAP_ALLOCATE|[82]|Bytes:5
07:37:13.0 (30209944)|HEAP_ALLOCATE|[EXTERNAL]|Bytes:4
07:37:13.0 (30219702)|HEAP_ALLOCATE|[80]|Bytes:5
07:37:13.0 (30229357)|VARIABLE_SCOPE_BEGIN|[80]|field|Schema.SObjectField|true|false
07:37:13.0 (30287955)|VARIABLE_ASSIGNMENT|[80]|field|"common.apex.runtime.impl.ApexFieldToken@3953b4d3"|0x3953b4d3
07:37:13.0 (30294693)|STATEMENT_EXECUTE|[80]
07:37:13.0 (30420955)|HEAP_ALLOCATE|[81]|Bytes:8
07:37:13.0 (30432613)|STATEMENT_EXECUTE|[82]
07:37:13.0 (30447115)|HEAP_ALLOCATE|[82]|Bytes:8
07:37:13.0 (30454087)|HEAP_ALLOCATE|[82]|Bytes:25
07:37:13.0 (30461823)|HEAP_ALLOCATE|[EXTERNAL]|Bytes:4
07:37:13.0 (30472097)|HEAP_ALLOCATE|[80]|Bytes:5
07:37:13.0 (30482746)|VARIABLE_SCOPE_BEGIN|[80]|field|Schema.SObjectField|true|false
07:37:13.0 (30542522)|VARIABLE_ASSIGNMENT|[80]|field|"common.apex.runtime.impl.ApexFieldToken@5284435b"|0x5284435b
07:37:13.0 (30549280)|STATEMENT_EXECUTE|[80]
07:37:13.0 (30662278)|HEAP_ALLOCATE|[81]|Bytes:8
07:37:13.0 (30674234)|STATEMENT_EXECUTE|[82]
07:37:13.0 (30688648)|HEAP_ALLOCATE|[82]|Bytes:8
07:37:13.0 (30695766)|HEAP_ALLOCATE|[82]|Bytes:12
07:37:13.0 (30703126)|HEAP_ALLOCATE|[EXTERNAL]|Bytes:4
07:37:13.0 (30712924)|HEAP_ALLOCATE|[80]|Bytes:5
07:37:13.0 (30724356)|VARIABLE_SCOPE_BEGIN|[80]|field|Schema.SObjectField|true|false
07:37:13.0 (30783361)|VARIABLE_ASSIGNMENT|[80]|field|"common.apex.runtime.impl.ApexFieldToken@7305ea51"|0x7305ea51
07:37:13.0 (30790581)|STATEMENT_EXECUTE|[80]
07:37:13.0 (30867646)|HEAP_ALLOCATE|[81]|Bytes:8
07:37:13.0 (30878953)|STATEMENT_EXECUTE|[82]
07:37:13.0 (30892877)|HEAP_ALLOCATE|[82]|Bytes:8
07:37:13.0 (30900079)|HEAP_ALLOCATE|[82]|Bytes:21
07:37:13.0 (30907651)|HEAP_ALLOCATE|[EXTERNAL]|Bytes:4
07:37:13.0 (30917336)|HEAP_ALLOCATE|[80]|Bytes:5
07:37:13.0 (30928717)|VARIABLE_SCOPE_BEGIN|[80]|field|Schema.SObjectField|true|false
07:37:13.0 (30987021)|VARIABLE_ASSIGNMENT|[80]|field|"common.apex.runtime.impl.ApexFieldToken@50abb902"|0x50abb902
07:37:13.0 (30993598)|STATEMENT_EXECUTE|[80]
07:37:13.0 (31068288)|HEAP_ALLOCATE|[81]|Bytes:8
07:37:13.0 (31079929)|STATEMENT_EXECUTE|[82]
07:37:13.0 (31094396)|HEAP_ALLOCATE|[82]|Bytes:8
07:37:13.0 (31101636)|HEAP_ALLOCATE|[82]|Bytes:19
07:37:13.0 (31108690)|HEAP_ALLOCATE|[EXTERNAL]|Bytes:4
07:37:13.0 (31118009)|HEAP_ALLOCATE|[80]|Bytes:5
07:37:13.0 (31128373)|VARIABLE_SCOPE_BEGIN|[80]|field|Schema.SObjectField|true|false
07:37:13.0 (31186503)|VARIABLE_ASSIGNMENT|[80]|field|"common.apex.runtime.impl.ApexFieldToken@747a6ae8"|0x747a6ae8
07:37:13.0 (31193269)|STATEMENT_EXECUTE|[80]
07:37:13.0 (31268525)|HEAP_ALLOCATE|[81]|Bytes:8
07:37:13.0 (31279941)|STATEMENT_EXECUTE|[82]
07:37:13.0 (31293299)|HEAP_ALLOCATE|[82]|Bytes:8
07:37:13.0 (31300775)|HEAP_ALLOCATE|[82]|Bytes:8
07:37:13.0 (31307748)|HEAP_ALLOCATE|[EXTERNAL]|Bytes:4
07:37:13.0 (31317760)|HEAP_ALLOCATE|[80]|Bytes:5
07:37:13.0 (31327985)|VARIABLE_SCOPE_BEGIN|[80]|field|Schema.SObjectField|true|false
07:37:13.0 (31384815)|VARIABLE_ASSIGNMENT|[80]|field|"common.apex.runtime.impl.ApexFieldToken@49461a7"|0x49461a7
07:37:13.0 (31391908)|STATEMENT_EXECUTE|[80]
07:37:13.0 (31465368)|HEAP_ALLOCATE|[81]|Bytes:8
07:37:13.0 (31476378)|STATEMENT_EXECUTE|[82]
07:37:13.0 (31489984)|HEAP_ALLOCATE|[82]|Bytes:8
07:37:13.0 (31497168)|HEAP_ALLOCATE|[82]|Bytes:8
07:37:13.0 (31503960)|HEAP_ALLOCATE|[EXTERNAL]|Bytes:4
07:37:13.0 (31513489)|HEAP_ALLOCATE|[80]|Bytes:5
07:37:13.0 (31524219)|VARIABLE_SCOPE_BEGIN|[80]|field|Schema.SObjectField|true|false
07:37:13.0 (31585246)|VARIABLE_ASSIGNMENT|[80]|field|"common.apex.runtime.impl.ApexFieldToken@589f5406"|0x589f5406
07:37:13.0 (31591875)|STATEMENT_EXECUTE|[80]
07:37:13.0 (31666051)|HEAP_ALLOCATE|[81]|Bytes:8
07:37:13.0 (31677333)|STATEMENT_EXECUTE|[82]
07:37:13.0 (31691381)|HEAP_ALLOCATE|[82]|Bytes:8
07:37:13.0 (31698202)|HEAP_ALLOCATE|[82]|Bytes:10
07:37:13.0 (31707504)|HEAP_ALLOCATE|[EXTERNAL]|Bytes:4
07:37:13.0 (31717210)|HEAP_ALLOCATE|[80]|Bytes:5
07:37:13.0 (31727740)|VARIABLE_SCOPE_BEGIN|[80]|field|Schema.SObjectField|true|false
07:37:13.0 (31784878)|VARIABLE_ASSIGNMENT|[80]|field|"common.apex.runtime.impl.ApexFieldToken@55f195be"|0x55f195be
07:37:13.0 (31791528)|STATEMENT_EXECUTE|[80]
07:37:13.0 (31864393)|HEAP_ALLOCATE|[81]|Bytes:8
07:37:13.0 (31875313)|STATEMENT_EXECUTE|[82]
07:37:13.0 (31889449)|HEAP_ALLOCATE|[82]|Bytes:8
07:37:13.0 (31896352)|HEAP_ALLOCATE|[82]|Bytes:8
07:37:13.0 (31903310)|HEAP_ALLOCATE|[EXTERNAL]|Bytes:4
07:37:13.0 (31913015)|HEAP_ALLOCATE|[80]|Bytes:5
07:37:13.0 (31923302)|VARIABLE_SCOPE_BEGIN|[80]|field|Schema.SObjectField|true|false
07:37:13.0 (31980466)|VARIABLE_ASSIGNMENT|[80]|field|"common.apex.runtime.impl.ApexFieldToken@727b98c2"|0x727b98c2
07:37:13.0 (31986796)|STATEMENT_EXECUTE|[80]
07:37:13.0 (32059307)|HEAP_ALLOCATE|[81]|Bytes:8
07:37:13.0 (32071179)|STATEMENT_EXECUTE|[82]
07:37:13.0 (32085028)|HEAP_ALLOCATE|[82]|Bytes:8
07:37:13.0 (32091875)|HEAP_ALLOCATE|[82]|Bytes:7
07:37:13.0 (32098770)|HEAP_ALLOCATE|[EXTERNAL]|Bytes:4
07:37:13.0 (32108314)|HEAP_ALLOCATE|[80]|Bytes:5
07:37:13.0 (32118691)|VARIABLE_SCOPE_BEGIN|[80]|field|Schema.SObjectField|true|false
07:37:13.0 (32175856)|VARIABLE_ASSIGNMENT|[80]|field|"common.apex.runtime.impl.ApexFieldToken@55454673"|0x55454673
07:37:13.0 (32182405)|STATEMENT_EXECUTE|[80]
07:37:13.0 (32253385)|HEAP_ALLOCATE|[81]|Bytes:8
07:37:13.0 (32264474)|STATEMENT_EXECUTE|[82]
07:37:13.0 (32280905)|HEAP_ALLOCATE|[82]|Bytes:8
07:37:13.0 (32288244)|HEAP_ALLOCATE|[82]|Bytes:8
07:37:13.0 (32295240)|HEAP_ALLOCATE|[EXTERNAL]|Bytes:4
07:37:13.0 (32304824)|HEAP_ALLOCATE|[80]|Bytes:5
07:37:13.0 (32314947)|VARIABLE_SCOPE_BEGIN|[80]|field|Schema.SObjectField|true|false
07:37:13.0 (32371924)|VARIABLE_ASSIGNMENT|[80]|field|"common.apex.runtime.impl.ApexFieldToken@77d817b9"|0x77d817b9
07:37:13.0 (32378582)|STATEMENT_EXECUTE|[80]
07:37:13.0 (32452691)|HEAP_ALLOCATE|[81]|Bytes:8
07:37:13.0 (32463851)|STATEMENT_EXECUTE|[82]
07:37:13.0 (32477343)|HEAP_ALLOCATE|[82]|Bytes:8
07:37:13.0 (32484077)|HEAP_ALLOCATE|[82]|Bytes:7
07:37:13.0 (32490840)|HEAP_ALLOCATE|[EXTERNAL]|Bytes:4
07:37:13.0 (32499822)|HEAP_ALLOCATE|[80]|Bytes:5
07:37:13.0 (32509607)|VARIABLE_ASSIGNMENT|[80]|field|null|
07:37:13.0 (32514550)|STATEMENT_EXECUTE|[84]
07:37:13.0 (32519219)|VARIABLE_SCOPE_BEGIN|[84]|allfields|String|false|false
07:37:13.0 (32528470)|VARIABLE_ASSIGNMENT|[84]|allfields|""
07:37:13.0 (32564636)|HEAP_ALLOCATE|[85]|Bytes:5
07:37:13.0 (32589731)|HEAP_ALLOCATE|[85]|Bytes:2
07:37:13.0 (32596093)|VARIABLE_SCOPE_BEGIN|[85]|fieldname|String|false|false
07:37:13.0 (32604959)|VARIABLE_ASSIGNMENT|[85]|fieldname|"Id"
07:37:13.0 (32608771)|STATEMENT_EXECUTE|[86]
07:37:13.0 (32611246)|HEAP_ALLOCATE|[86]|Bytes:1
07:37:13.0 (32628602)|HEAP_ALLOCATE|[86]|Bytes:3
07:37:13.0 (32633104)|HEAP_ALLOCATE|[86]|Bytes:3
07:37:13.0 (32638106)|VARIABLE_ASSIGNMENT|[86]|allfields|"Id,"
07:37:13.0 (32648648)|HEAP_ALLOCATE|[85]|Bytes:5
07:37:13.0 (32654580)|HEAP_ALLOCATE|[85]|Bytes:7
07:37:13.0 (32658690)|VARIABLE_SCOPE_BEGIN|[85]|fieldname|String|false|false
07:37:13.0 (32683927)|VARIABLE_ASSIGNMENT|[85]|fieldname|"OwnerId"
07:37:13.0 (32689730)|STATEMENT_EXECUTE|[86]
07:37:13.0 (32695000)|HEAP_ALLOCATE|[86]|Bytes:8
07:37:13.0 (32701465)|HEAP_ALLOCATE|[86]|Bytes:11
07:37:13.0 (32711785)|VARIABLE_ASSIGNMENT|[86]|allfields|"Id,OwnerId,"
07:37:13.0 (32722062)|HEAP_ALLOCATE|[85]|Bytes:5
07:37:13.0 (32728303)|HEAP_ALLOCATE|[85]|Bytes:9
07:37:13.0 (32732622)|VARIABLE_SCOPE_BEGIN|[85]|fieldname|String|false|false
07:37:13.0 (32739107)|VARIABLE_ASSIGNMENT|[85]|fieldname|"IsDeleted"
07:37:13.0 (32742663)|STATEMENT_EXECUTE|[86]
07:37:13.0 (32745585)|HEAP_ALLOCATE|[86]|Bytes:10
07:37:13.0 (32748929)|HEAP_ALLOCATE|[86]|Bytes:21
07:37:13.0 (32754778)|VARIABLE_ASSIGNMENT|[86]|allfields|"Id,OwnerId,IsDeleted (1 more) ..."
07:37:13.0 (32761687)|HEAP_ALLOCATE|[85]|Bytes:5
07:37:13.0 (32767149)|HEAP_ALLOCATE|[85]|Bytes:4
07:37:13.0 (32770714)|VARIABLE_SCOPE_BEGIN|[85]|fieldname|String|false|false
07:37:13.0 (32776990)|VARIABLE_ASSIGNMENT|[85]|fieldname|"Name"
07:37:13.0 (32780167)|STATEMENT_EXECUTE|[86]
07:37:13.0 (32782500)|HEAP_ALLOCATE|[86]|Bytes:5
07:37:13.0 (32785870)|HEAP_ALLOCATE|[86]|Bytes:26
07:37:13.0 (32790160)|VARIABLE_ASSIGNMENT|[86]|allfields|"Id,OwnerId,IsDeleted (6 more) ..."
07:37:13.0 (32796844)|HEAP_ALLOCATE|[85]|Bytes:5
07:37:13.0 (32801736)|HEAP_ALLOCATE|[85]|Bytes:11
07:37:13.0 (32805223)|VARIABLE_SCOPE_BEGIN|[85]|fieldname|String|false|false
07:37:13.0 (32811469)|VARIABLE_ASSIGNMENT|[85]|fieldname|"CreatedDate"
07:37:13.0 (32814636)|STATEMENT_EXECUTE|[86]
07:37:13.0 (32816875)|HEAP_ALLOCATE|[86]|Bytes:12
07:37:13.0 (32820269)|HEAP_ALLOCATE|[86]|Bytes:38
07:37:13.0 (32824998)|VARIABLE_ASSIGNMENT|[86]|allfields|"Id,OwnerId,IsDeleted (18 more) ..."
07:37:13.0 (32831093)|HEAP_ALLOCATE|[85]|Bytes:5
07:37:13.0 (32836225)|HEAP_ALLOCATE|[85]|Bytes:11
07:37:13.0 (32839758)|VARIABLE_SCOPE_BEGIN|[85]|fieldname|String|false|false
07:37:13.0 (32845844)|VARIABLE_ASSIGNMENT|[85]|fieldname|"CreatedById"
07:37:13.0 (32849438)|STATEMENT_EXECUTE|[86]
07:37:13.0 (32851724)|HEAP_ALLOCATE|[86]|Bytes:12
07:37:13.0 (32855200)|HEAP_ALLOCATE|[86]|Bytes:50
07:37:13.0 (32859477)|VARIABLE_ASSIGNMENT|[86]|allfields|"Id,OwnerId,IsDeleted (30 more) ..."
07:37:13.0 (32865325)|HEAP_ALLOCATE|[85]|Bytes:5
07:37:13.0 (32870314)|HEAP_ALLOCATE|[85]|Bytes:16
07:37:13.0 (32873493)|VARIABLE_SCOPE_BEGIN|[85]|fieldname|String|false|false
07:37:13.0 (32879792)|VARIABLE_ASSIGNMENT|[85]|fieldname|"LastModifiedDate"
07:37:13.0 (32883160)|STATEMENT_EXECUTE|[86]
07:37:13.0 (32885878)|HEAP_ALLOCATE|[86]|Bytes:17
07:37:13.0 (32889346)|HEAP_ALLOCATE|[86]|Bytes:67
07:37:13.0 (32893474)|VARIABLE_ASSIGNMENT|[86]|allfields|"Id,OwnerId,IsDeleted (47 more) ..."
07:37:13.0 (32899487)|HEAP_ALLOCATE|[85]|Bytes:5
07:37:13.0 (32904546)|HEAP_ALLOCATE|[85]|Bytes:16
07:37:13.0 (32907905)|VARIABLE_SCOPE_BEGIN|[85]|fieldname|String|false|false
07:37:13.0 (32914472)|VARIABLE_ASSIGNMENT|[85]|fieldname|"LastModifiedById"
07:37:13.0 (32917470)|STATEMENT_EXECUTE|[86]
07:37:13.0 (32919827)|HEAP_ALLOCATE|[86]|Bytes:17
07:37:13.0 (32923210)|HEAP_ALLOCATE|[86]|Bytes:84
07:37:13.0 (32927054)|VARIABLE_ASSIGNMENT|[86]|allfields|"Id,OwnerId,IsDeleted (64 more) ..."
07:37:13.0 (32933453)|HEAP_ALLOCATE|[85]|Bytes:5
07:37:13.0 (32938381)|HEAP_ALLOCATE|[85]|Bytes:14
07:37:13.0 (32941969)|VARIABLE_SCOPE_BEGIN|[85]|fieldname|String|false|false
07:37:13.0 (32948351)|VARIABLE_ASSIGNMENT|[85]|fieldname|"SystemModstamp"
07:37:13.0 (32951335)|STATEMENT_EXECUTE|[86]
07:37:13.0 (32953560)|HEAP_ALLOCATE|[86]|Bytes:15
07:37:13.0 (32957157)|HEAP_ALLOCATE|[86]|Bytes:99
07:37:13.0 (32961050)|VARIABLE_ASSIGNMENT|[86]|allfields|"Id,OwnerId,IsDeleted (79 more) ..."
07:37:13.0 (32967000)|HEAP_ALLOCATE|[85]|Bytes:5
07:37:13.0 (32971802)|HEAP_ALLOCATE|[85]|Bytes:16
07:37:13.0 (32975132)|VARIABLE_SCOPE_BEGIN|[85]|fieldname|String|false|false
07:37:13.0 (32981584)|VARIABLE_ASSIGNMENT|[85]|fieldname|"LastActivityDate"
07:37:13.0 (32984717)|STATEMENT_EXECUTE|[86]
07:37:13.0 (32986964)|HEAP_ALLOCATE|[86]|Bytes:17
07:37:13.0 (32990592)|HEAP_ALLOCATE|[86]|Bytes:116
07:37:13.0 (32994766)|VARIABLE_ASSIGNMENT|[86]|allfields|"Id,OwnerId,IsDeleted (96 more) ..."
07:37:13.0 (33000937)|HEAP_ALLOCATE|[85]|Bytes:5
07:37:13.0 (33007287)|HEAP_ALLOCATE|[85]|Bytes:14
07:37:13.0 (33010902)|VARIABLE_SCOPE_BEGIN|[85]|fieldname|String|false|false
07:37:13.0 (33017264)|VARIABLE_ASSIGNMENT|[85]|fieldname|"LastViewedDate"
07:37:13.0 (33020651)|STATEMENT_EXECUTE|[86]
07:37:13.0 (33022946)|HEAP_ALLOCATE|[86]|Bytes:15
07:37:13.0 (33026375)|HEAP_ALLOCATE|[86]|Bytes:131
07:37:13.0 (33030635)|VARIABLE_ASSIGNMENT|[86]|allfields|"Id,OwnerId,IsDeleted (111 more) ..."
07:37:13.0 (33037101)|HEAP_ALLOCATE|[85]|Bytes:5
07:37:13.0 (33042227)|HEAP_ALLOCATE|[85]|Bytes:18
07:37:13.0 (33045599)|VARIABLE_SCOPE_BEGIN|[85]|fieldname|String|false|false
07:37:13.0 (33051801)|VARIABLE_ASSIGNMENT|[85]|fieldname|"LastReferencedDate"
07:37:13.0 (33055197)|STATEMENT_EXECUTE|[86]
07:37:13.0 (33057430)|HEAP_ALLOCATE|[86]|Bytes:19
07:37:13.0 (33061072)|HEAP_ALLOCATE|[86]|Bytes:150
07:37:13.0 (33065309)|VARIABLE_ASSIGNMENT|[86]|allfields|"Id,OwnerId,IsDeleted (130 more) ..."
07:37:13.0 (33071984)|HEAP_ALLOCATE|[85]|Bytes:5
07:37:13.0 (33077086)|HEAP_ALLOCATE|[85]|Bytes:9
07:37:13.0 (33080463)|VARIABLE_SCOPE_BEGIN|[85]|fieldname|String|false|false
07:37:13.0 (33086614)|VARIABLE_ASSIGNMENT|[85]|fieldname|"Client__c"
07:37:13.0 (33089761)|STATEMENT_EXECUTE|[86]
07:37:13.0 (33091877)|HEAP_ALLOCATE|[86]|Bytes:10
07:37:13.0 (33095482)|HEAP_ALLOCATE|[86]|Bytes:160
07:37:13.0 (33099381)|VARIABLE_ASSIGNMENT|[86]|allfields|"Id,OwnerId,IsDeleted (140 more) ..."
07:37:13.0 (33105449)|HEAP_ALLOCATE|[85]|Bytes:5
07:37:13.0 (33110270)|HEAP_ALLOCATE|[85]|Bytes:15
07:37:13.0 (33113889)|VARIABLE_SCOPE_BEGIN|[85]|fieldname|String|false|false
07:37:13.0 (33120188)|VARIABLE_ASSIGNMENT|[85]|fieldname|"End_Customer__c"
07:37:13.0 (33123184)|STATEMENT_EXECUTE|[86]
07:37:13.0 (33125492)|HEAP_ALLOCATE|[86]|Bytes:16
07:37:13.0 (33128958)|HEAP_ALLOCATE|[86]|Bytes:176
07:37:13.0 (33132955)|VARIABLE_ASSIGNMENT|[86]|allfields|"Id,OwnerId,IsDeleted (156 more) ..."
07:37:13.0 (33138877)|HEAP_ALLOCATE|[85]|Bytes:5
07:37:13.0 (33143987)|HEAP_ALLOCATE|[85]|Bytes:19
07:37:13.0 (33149234)|VARIABLE_SCOPE_BEGIN|[85]|fieldname|String|false|false
07:37:13.0 (33159781)|VARIABLE_ASSIGNMENT|[85]|fieldname|"Operation_Region__c"
07:37:13.0 (33164773)|STATEMENT_EXECUTE|[86]
07:37:13.0 (33168767)|HEAP_ALLOCATE|[86]|Bytes:20
07:37:13.0 (33174216)|HEAP_ALLOCATE|[86]|Bytes:196
07:37:13.0 (33182245)|VARIABLE_ASSIGNMENT|[86]|allfields|"Id,OwnerId,IsDeleted (176 more) ..."
07:37:13.0 (33194658)|HEAP_ALLOCATE|[85]|Bytes:5
07:37:13.0 (33204354)|HEAP_ALLOCATE|[85]|Bytes:14
07:37:13.0 (33210910)|VARIABLE_SCOPE_BEGIN|[85]|fieldname|String|false|false
07:37:13.0 (33221662)|VARIABLE_ASSIGNMENT|[85]|fieldname|"Work_Region__c"
07:37:13.0 (33227237)|STATEMENT_EXECUTE|[86]
07:37:13.0 (33231043)|HEAP_ALLOCATE|[86]|Bytes:15
07:37:13.0 (33236872)|HEAP_ALLOCATE|[86]|Bytes:211
07:37:13.0 (33242138)|VARIABLE_ASSIGNMENT|[86]|allfields|"Id,OwnerId,IsDeleted (191 more) ..."
07:37:13.0 (33249532)|HEAP_ALLOCATE|[85]|Bytes:5
07:37:13.0 (33257999)|HEAP_ALLOCATE|[85]|Bytes:25
07:37:13.0 (33264796)|VARIABLE_SCOPE_BEGIN|[85]|fieldname|String|false|false
07:37:13.0 (33274407)|VARIABLE_ASSIGNMENT|[85]|fieldname|"Client_Project_Manag (5 more) ..."
07:37:13.0 (33279079)|STATEMENT_EXECUTE|[86]
07:37:13.0 (33282111)|HEAP_ALLOCATE|[86]|Bytes:26
07:37:13.0 (33285637)|HEAP_ALLOCATE|[86]|Bytes:237
07:37:13.0 (33289676)|VARIABLE_ASSIGNMENT|[86]|allfields|"Id,OwnerId,IsDeleted (217 more) ..."
07:37:13.0 (33296622)|HEAP_ALLOCATE|[85]|Bytes:5
07:37:13.0 (33301812)|HEAP_ALLOCATE|[85]|Bytes:15
07:37:13.0 (33305349)|VARIABLE_SCOPE_BEGIN|[85]|fieldname|String|false|false
07:37:13.0 (33311794)|VARIABLE_ASSIGNMENT|[85]|fieldname|"Project_code__c"
07:37:13.0 (33314986)|STATEMENT_EXECUTE|[86]
07:37:13.0 (33317162)|HEAP_ALLOCATE|[86]|Bytes:16
07:37:13.0 (33321060)|HEAP_ALLOCATE|[86]|Bytes:253
07:37:13.0 (33325275)|VARIABLE_ASSIGNMENT|[86]|allfields|"Id,OwnerId,IsDeleted (233 more) ..."
07:37:13.0 (33331699)|HEAP_ALLOCATE|[85]|Bytes:5
07:37:13.0 (33336675)|HEAP_ALLOCATE|[85]|Bytes:23
07:37:13.0 (33340037)|VARIABLE_SCOPE_BEGIN|[85]|fieldname|String|false|false
07:37:13.0 (33350546)|VARIABLE_ASSIGNMENT|[85]|fieldname|"Company_project_code (3 more) ..."
07:37:13.0 (33353885)|STATEMENT_EXECUTE|[86]
07:37:13.0 (33356463)|HEAP_ALLOCATE|[86]|Bytes:24
07:37:13.0 (33359800)|HEAP_ALLOCATE|[86]|Bytes:277
07:37:13.0 (33364157)|VARIABLE_ASSIGNMENT|[86]|allfields|"Id,OwnerId,IsDeleted (257 more) ..."
07:37:13.0 (33370524)|HEAP_ALLOCATE|[85]|Bytes:5
07:37:13.0 (33375810)|HEAP_ALLOCATE|[85]|Bytes:16
07:37:13.0 (33379240)|VARIABLE_SCOPE_BEGIN|[85]|fieldname|String|false|false
07:37:13.0 (33385329)|VARIABLE_ASSIGNMENT|[85]|fieldname|"Project_Scope__c"
07:37:13.0 (33388547)|STATEMENT_EXECUTE|[86]
07:37:13.0 (33390831)|HEAP_ALLOCATE|[86]|Bytes:17
07:37:13.0 (33395054)|HEAP_ALLOCATE|[86]|Bytes:294
07:37:13.0 (33398998)|VARIABLE_ASSIGNMENT|[86]|allfields|"Id,OwnerId,IsDeleted (274 more) ..."
07:37:13.0 (33405278)|HEAP_ALLOCATE|[85]|Bytes:5
07:37:13.0 (33410298)|HEAP_ALLOCATE|[85]|Bytes:14
07:37:13.0 (33413438)|VARIABLE_SCOPE_BEGIN|[85]|fieldname|String|false|false
07:37:13.0 (33419905)|VARIABLE_ASSIGNMENT|[85]|fieldname|"Cost_Centre__c"
07:37:13.0 (33423125)|STATEMENT_EXECUTE|[86]
07:37:13.0 (33425339)|HEAP_ALLOCATE|[86]|Bytes:15
07:37:13.0 (33428750)|HEAP_ALLOCATE|[86]|Bytes:309
07:37:13.0 (33432696)|VARIABLE_ASSIGNMENT|[86]|allfields|"Id,OwnerId,IsDeleted (289 more) ..."
07:37:13.0 (33438776)|HEAP_ALLOCATE|[85]|Bytes:5
07:37:13.0 (33443894)|HEAP_ALLOCATE|[85]|Bytes:13
07:37:13.0 (33447212)|VARIABLE_SCOPE_BEGIN|[85]|fieldname|String|false|false
07:37:13.0 (33453813)|VARIABLE_ASSIGNMENT|[85]|fieldname|"Production__c"
07:37:13.0 (33457063)|STATEMENT_EXECUTE|[86]
07:37:13.0 (33459419)|HEAP_ALLOCATE|[86]|Bytes:14
07:37:13.0 (33462936)|HEAP_ALLOCATE|[86]|Bytes:323
07:37:13.0 (33467887)|VARIABLE_ASSIGNMENT|[86]|allfields|"Id,OwnerId,IsDeleted (303 more) ..."
07:37:13.0 (33473967)|HEAP_ALLOCATE|[85]|Bytes:5
07:37:13.0 (33478726)|HEAP_ALLOCATE|[85]|Bytes:5
07:37:13.0 (33482450)|VARIABLE_SCOPE_BEGIN|[85]|fieldname|String|false|false
07:37:13.0 (33488472)|VARIABLE_ASSIGNMENT|[85]|fieldname|"QC__c"
07:37:13.0 (33491366)|STATEMENT_EXECUTE|[86]
07:37:13.0 (33493561)|HEAP_ALLOCATE|[86]|Bytes:6
07:37:13.0 (33497176)|HEAP_ALLOCATE|[86]|Bytes:329
07:37:13.0 (33501125)|VARIABLE_ASSIGNMENT|[86]|allfields|"Id,OwnerId,IsDeleted (309 more) ..."
07:37:13.0 (33507115)|HEAP_ALLOCATE|[85]|Bytes:5
07:37:13.0 (33512164)|HEAP_ALLOCATE|[85]|Bytes:11
07:37:13.0 (33515618)|VARIABLE_SCOPE_BEGIN|[85]|fieldname|String|false|false
07:37:13.0 (33522124)|VARIABLE_ASSIGNMENT|[85]|fieldname|"Delivery__c"
07:37:13.0 (33525171)|STATEMENT_EXECUTE|[86]
07:37:13.0 (33527288)|HEAP_ALLOCATE|[86]|Bytes:12
07:37:13.0 (33530576)|HEAP_ALLOCATE|[86]|Bytes:341
07:37:13.0 (33534701)|VARIABLE_ASSIGNMENT|[86]|allfields|"Id,OwnerId,IsDeleted (321 more) ..."
07:37:13.0 (33540530)|HEAP_ALLOCATE|[85]|Bytes:5
07:37:13.0 (33545774)|HEAP_ALLOCATE|[85]|Bytes:5
07:37:13.0 (33548904)|VARIABLE_SCOPE_BEGIN|[85]|fieldname|String|false|false
07:37:13.0 (33555180)|VARIABLE_ASSIGNMENT|[85]|fieldname|"QA__c"
07:37:13.0 (33558414)|STATEMENT_EXECUTE|[86]
07:37:13.0 (33560599)|HEAP_ALLOCATE|[86]|Bytes:6
07:37:13.0 (33563775)|HEAP_ALLOCATE|[86]|Bytes:347
07:37:13.0 (33573108)|VARIABLE_ASSIGNMENT|[86]|allfields|"Id,OwnerId,IsDeleted (327 more) ..."
07:37:13.0 (33580383)|HEAP_ALLOCATE|[85]|Bytes:5
07:37:13.0 (33585905)|HEAP_ALLOCATE|[85]|Bytes:25
07:37:13.0 (33589152)|VARIABLE_SCOPE_BEGIN|[85]|fieldname|String|false|false
07:37:13.0 (33595656)|VARIABLE_ASSIGNMENT|[85]|fieldname|"OffshoreProjectManag (5 more) ..."
07:37:13.0 (33599269)|STATEMENT_EXECUTE|[86]
07:37:13.0 (33601798)|HEAP_ALLOCATE|[86]|Bytes:26
07:37:13.0 (33605601)|HEAP_ALLOCATE|[86]|Bytes:373
07:37:13.0 (33609414)|VARIABLE_ASSIGNMENT|[86]|allfields|"Id,OwnerId,IsDeleted (353 more) ..."
07:37:13.0 (33615406)|HEAP_ALLOCATE|[85]|Bytes:5
07:37:13.0 (33620517)|HEAP_ALLOCATE|[85]|Bytes:12
07:37:13.0 (33623801)|VARIABLE_SCOPE_BEGIN|[85]|fieldname|String|false|false
07:37:13.0 (33629930)|VARIABLE_ASSIGNMENT|[85]|fieldname|"Team_Lead__c"
07:37:13.0 (33633268)|STATEMENT_EXECUTE|[86]
07:37:13.0 (33635587)|HEAP_ALLOCATE|[86]|Bytes:13
07:37:13.0 (33639330)|HEAP_ALLOCATE|[86]|Bytes:386
07:37:13.0 (33646040)|VARIABLE_ASSIGNMENT|[86]|allfields|"Id,OwnerId,IsDeleted (366 more) ..."
07:37:13.0 (33652813)|HEAP_ALLOCATE|[85]|Bytes:5
07:37:13.0 (33658107)|HEAP_ALLOCATE|[85]|Bytes:21
07:37:13.0 (33661747)|VARIABLE_SCOPE_BEGIN|[85]|fieldname|String|false|false
07:37:13.0 (33668349)|VARIABLE_ASSIGNMENT|[85]|fieldname|"Project_Start_Date__ (1 more) ..."
07:37:13.0 (33671380)|STATEMENT_EXECUTE|[86]
07:37:13.0 (33673798)|HEAP_ALLOCATE|[86]|Bytes:22
07:37:13.0 (33677752)|HEAP_ALLOCATE|[86]|Bytes:408
07:37:13.0 (33681572)|VARIABLE_ASSIGNMENT|[86]|allfields|"Id,OwnerId,IsDeleted (388 more) ..."
07:37:13.0 (33687450)|HEAP_ALLOCATE|[85]|Bytes:5
07:37:13.0 (33693084)|HEAP_ALLOCATE|[85]|Bytes:19
07:37:13.0 (33696647)|VARIABLE_SCOPE_BEGIN|[85]|fieldname|String|false|false
07:37:13.0 (33703715)|VARIABLE_ASSIGNMENT|[85]|fieldname|"Project_End_Date__c"
07:37:13.0 (33707120)|STATEMENT_EXECUTE|[86]
07:37:13.0 (33709547)|HEAP_ALLOCATE|[86]|Bytes:20
07:37:13.0 (33713072)|HEAP_ALLOCATE|[86]|Bytes:428
07:37:13.0 (33717948)|VARIABLE_ASSIGNMENT|[86]|allfields|"Id,OwnerId,IsDeleted (408 more) ..."
07:37:13.0 (33723898)|HEAP_ALLOCATE|[85]|Bytes:5
07:37:13.0 (33728782)|HEAP_ALLOCATE|[85]|Bytes:8
07:37:13.0 (33732289)|VARIABLE_SCOPE_BEGIN|[85]|fieldname|String|false|false
07:37:13.0 (33738137)|VARIABLE_ASSIGNMENT|[85]|fieldname|"Units__c"
07:37:13.0 (33741239)|STATEMENT_EXECUTE|[86]
07:37:13.0 (33743449)|HEAP_ALLOCATE|[86]|Bytes:9
07:37:13.0 (33747224)|HEAP_ALLOCATE|[86]|Bytes:437
07:37:13.0 (33751400)|VARIABLE_ASSIGNMENT|[86]|allfields|"Id,OwnerId,IsDeleted (417 more) ..."
07:37:13.0 (33757569)|HEAP_ALLOCATE|[85]|Bytes:5
07:37:13.0 (33762685)|HEAP_ALLOCATE|[85]|Bytes:8
07:37:13.0 (33766234)|VARIABLE_SCOPE_BEGIN|[85]|fieldname|String|false|false
07:37:13.0 (33772109)|VARIABLE_ASSIGNMENT|[85]|fieldname|"Nodes__c"
07:37:13.0 (33775326)|STATEMENT_EXECUTE|[86]
07:37:13.0 (33777451)|HEAP_ALLOCATE|[86]|Bytes:9
07:37:13.0 (33780805)|HEAP_ALLOCATE|[86]|Bytes:446
07:37:13.0 (33784612)|VARIABLE_ASSIGNMENT|[86]|allfields|"Id,OwnerId,IsDeleted (426 more) ..."
07:37:13.0 (33790849)|HEAP_ALLOCATE|[85]|Bytes:5
07:37:13.0 (33796206)|HEAP_ALLOCATE|[85]|Bytes:10
07:37:13.0 (33799565)|VARIABLE_SCOPE_BEGIN|[85]|fieldname|String|false|false
07:37:13.0 (33806076)|VARIABLE_ASSIGNMENT|[85]|fieldname|"Footage__c"
07:37:13.0 (33809569)|STATEMENT_EXECUTE|[86]
07:37:13.0 (33811779)|HEAP_ALLOCATE|[86]|Bytes:11
07:37:13.0 (33815093)|HEAP_ALLOCATE|[86]|Bytes:457
07:37:13.0 (33820006)|VARIABLE_ASSIGNMENT|[86]|allfields|"Id,OwnerId,IsDeleted (437 more) ..."
07:37:13.0 (33826015)|HEAP_ALLOCATE|[85]|Bytes:5
07:37:13.0 (33831017)|HEAP_ALLOCATE|[85]|Bytes:8
07:37:13.0 (33834167)|VARIABLE_SCOPE_BEGIN|[85]|fieldname|String|false|false
07:37:13.0 (33840707)|VARIABLE_ASSIGNMENT|[85]|fieldname|"Miles__c"
07:37:13.0 (33843845)|STATEMENT_EXECUTE|[86]
07:37:13.0 (33846049)|HEAP_ALLOCATE|[86]|Bytes:9
07:37:13.0 (33849796)|HEAP_ALLOCATE|[86]|Bytes:466
07:37:13.0 (33853847)|VARIABLE_ASSIGNMENT|[86]|allfields|"Id,OwnerId,IsDeleted (446 more) ..."
07:37:13.0 (33859564)|HEAP_ALLOCATE|[85]|Bytes:5
07:37:13.0 (33864423)|HEAP_ALLOCATE|[85]|Bytes:7
07:37:13.0 (33867900)|VARIABLE_SCOPE_BEGIN|[85]|fieldname|String|false|false
07:37:13.0 (33874074)|VARIABLE_ASSIGNMENT|[85]|fieldname|"Jobs__c"
07:37:13.0 (33877326)|STATEMENT_EXECUTE|[86]
07:37:13.0 (33879594)|HEAP_ALLOCATE|[86]|Bytes:8
07:37:13.0 (33882921)|HEAP_ALLOCATE|[86]|Bytes:474
07:37:13.0 (33887058)|VARIABLE_ASSIGNMENT|[86]|allfields|"Id,OwnerId,IsDeleted (454 more) ..."
07:37:13.0 (33893093)|HEAP_ALLOCATE|[85]|Bytes:5
07:37:13.0 (33898020)|HEAP_ALLOCATE|[85]|Bytes:8
07:37:13.0 (33901396)|VARIABLE_SCOPE_BEGIN|[85]|fieldname|String|false|false
07:37:13.0 (33908020)|VARIABLE_ASSIGNMENT|[85]|fieldname|"Hours__c"
07:37:13.0 (33911074)|STATEMENT_EXECUTE|[86]
07:37:13.0 (33913307)|HEAP_ALLOCATE|[86]|Bytes:9
07:37:13.0 (33916905)|HEAP_ALLOCATE|[86]|Bytes:483
07:37:13.0 (33920916)|VARIABLE_ASSIGNMENT|[86]|allfields|"Id,OwnerId,IsDeleted (463 more) ..."
07:37:13.0 (33926844)|HEAP_ALLOCATE|[85]|Bytes:5
07:37:13.0 (33931799)|HEAP_ALLOCATE|[85]|Bytes:7
07:37:13.0 (33935363)|VARIABLE_SCOPE_BEGIN|[85]|fieldname|String|false|false
07:37:13.0 (33941261)|VARIABLE_ASSIGNMENT|[85]|fieldname|"Team__c"
07:37:13.0 (33944117)|STATEMENT_EXECUTE|[86]
07:37:13.0 (33946341)|HEAP_ALLOCATE|[86]|Bytes:8
07:37:13.0 (33950079)|HEAP_ALLOCATE|[86]|Bytes:491
07:37:13.0 (33954185)|VARIABLE_ASSIGNMENT|[86]|allfields|"Id,OwnerId,IsDeleted (471 more) ..."
07:37:13.0 (33960206)|HEAP_ALLOCATE|[85]|Bytes:5
07:37:13.0 (33966373)|VARIABLE_ASSIGNMENT|[85]|fieldname|null
07:37:13.0 (33970011)|STATEMENT_EXECUTE|[88]
07:37:13.0 (34030585)|HEAP_ALLOCATE|[88]|Bytes:490
07:37:13.0 (34042578)|VARIABLE_ASSIGNMENT|[88]|allfields|"Id,OwnerId,IsDeleted (470 more) ..."
07:37:13.0 (34046542)|STATEMENT_EXECUTE|[90]
07:37:13.0 (34059815)|METHOD_EXIT|[16]|01p7F00000Ehro9|PM_Project_Edit_Controller.getAllFields(String)
07:37:13.0 (34066228)|HEAP_ALLOCATE|[16]|Bytes:32
07:37:13.0 (34074357)|HEAP_ALLOCATE|[16]|Bytes:529
07:37:13.0 (34598501)|SOQL_EXECUTE_BEGIN|[16]|Aggregations:0|select Id,OwnerId,IsDeleted,Name,CreatedDate,CreatedById,LastModifiedDate,LastModifiedById,SystemModstamp,LastActivityDate,LastViewedDate,LastReferencedDate,Client__c,End_Customer__c,Operation_Region__c,Work_Region__c,Client_Project_Manager__c,Project_code__c,Company_project_code__c,Project_Scope__c,Cost_Centre__c,Production__c,QC__c,Delivery__c,QA__c,OffshoreProjectManager__c,Team_Lead__c,Project_Start_Date__c,Project_End_Date__c,Units__c,Nodes__c,Footage__c,Miles__c,Jobs__c,Hours__c,Team__c from Project__c where Id = :pid
07:37:13.0 (37709674)|SOQL_EXECUTE_END|[16]|Rows:0
07:37:13.0 (37732201)|HEAP_ALLOCATE|[16]|Bytes:4
07:37:13.0 (37743365)|HEAP_ALLOCATE|[16]|Bytes:0
07:37:13.0 (37797235)|HEAP_ALLOCATE|[16]|Bytes:4
07:37:13.0 (37810523)|HEAP_ALLOCATE|[16]|Bytes:36
07:37:13.0 (37883142)|HEAP_ALLOCATE|[16]|Bytes:46
07:37:13.0 (37894861)|SYSTEM_MODE_EXIT|false
07:37:13.0 (37978681)|FATAL_ERROR|System.QueryException: List has no rows for assignment to SObject

Class.PM_Project_Edit_Controller.<init>: line 16, column 1
