36.0 APEX_CODE,FINEST;APEX_PROFILING,INFO;CALLOUT,INFO;DB,INFO;SYSTEM,DEBUG;VALIDATION,INFO;VISUALFORCE,INFO;WAVE,INFO;WORKFLOW,INFO
23:50:29.0 (358633)|USER_INFO|[EXTERNAL]|0057F000000Tiz6|ksb994@salesforce.com|Pacific Standard Time|GMT-08:00
23:50:29.0 (399822)|EXECUTION_STARTED
23:50:29.0 (404068)|CODE_UNIT_STARTED|[EXTERNAL]|0667F000004uRC1|VF: /apex/PM_Project_Edit
23:50:29.0 (67097612)|SYSTEM_MODE_ENTER|true
23:50:29.0 (67442211)|HEAP_ALLOCATE|[72]|Bytes:3
23:50:29.0 (67485172)|HEAP_ALLOCATE|[77]|Bytes:152
23:50:29.0 (67504314)|HEAP_ALLOCATE|[342]|Bytes:408
23:50:29.0 (67534902)|HEAP_ALLOCATE|[355]|Bytes:408
23:50:29.0 (67562642)|HEAP_ALLOCATE|[467]|Bytes:48
23:50:29.0 (67603586)|HEAP_ALLOCATE|[139]|Bytes:6
23:50:29.0 (67629606)|HEAP_ALLOCATE|[EXTERNAL]|Bytes:144
23:50:29.0 (67637837)|HEAP_ALLOCATE|[EXTERNAL]|Bytes:20
23:50:29.0 (67641248)|HEAP_ALLOCATE|[EXTERNAL]|Bytes:11
23:50:29.0 (67660671)|METHOD_ENTRY|[1]|01p7F00000Ehro9|PM_Project_Edit_Controller.PM_Project_Edit_Controller()
23:50:29.0 (67666703)|STATEMENT_EXECUTE|[1]
23:50:29.0 (67671180)|STATEMENT_EXECUTE|[1]
23:50:29.0 (67701630)|HEAP_ALLOCATE|[50]|Bytes:5
23:50:29.0 (67728030)|HEAP_ALLOCATE|[56]|Bytes:5
23:50:29.0 (67743543)|HEAP_ALLOCATE|[64]|Bytes:7
23:50:29.0 (67785040)|SYSTEM_MODE_ENTER|false
23:50:29.0 (67801354)|HEAP_ALLOCATE|[EXTERNAL]|Bytes:5
23:50:29.0 (67813526)|SYSTEM_MODE_EXIT|false
23:50:29.0 (67821912)|METHOD_EXIT|[1]|PM_Project_Edit_Controller
23:50:29.0 (67868266)|HEAP_ALLOCATE|[EXTERNAL]|Bytes:24
23:50:29.0 (68069993)|VARIABLE_SCOPE_BEGIN|[10]|this|PM_Project_Edit_Controller|true|false
23:50:29.0 (68157778)|VARIABLE_ASSIGNMENT|[10]|this|{}|0x500679c8
23:50:29.0 (68171913)|VARIABLE_SCOPE_BEGIN|[10]|stdController|ApexPages.StandardController|true|false
23:50:29.0 (68414495)|VARIABLE_ASSIGNMENT|[10]|stdController|"StandardController [null]"|0x3c6f1e52
23:50:29.0 (68451887)|SYSTEM_MODE_ENTER|false
23:50:29.0 (68463099)|HEAP_ALLOCATE|[7]|Bytes:5
23:50:29.0 (68471057)|STATEMENT_EXECUTE|[1]
23:50:29.0 (68487503)|HEAP_ALLOCATE|[7]|Bytes:5
23:50:29.0 (68494358)|STATEMENT_EXECUTE|[3]
23:50:29.0 (68496331)|STATEMENT_EXECUTE|[4]
23:50:29.0 (68497830)|STATEMENT_EXECUTE|[6]
23:50:29.0 (68499185)|STATEMENT_EXECUTE|[7]
23:50:29.0 (68519255)|HEAP_ALLOCATE|[7]|Bytes:4
23:50:29.0 (68642581)|HEAP_ALLOCATE|[EXTERNAL]|Bytes:4
23:50:29.0 (68664783)|VARIABLE_ASSIGNMENT|[7]|this.usersList|[]|0x500679c8
23:50:29.0 (68673482)|STATEMENT_EXECUTE|[8]
23:50:29.0 (68678269)|HEAP_ALLOCATE|[8]|Bytes:1
23:50:29.0 (68694279)|VARIABLE_ASSIGNMENT|[8]|this.nonSelectedUserId|"("|0x500679c8
23:50:29.0 (68714679)|HEAP_ALLOCATE|[8]|Bytes:6
23:50:29.0 (68777630)|STATEMENT_EXECUTE|[10]
23:50:29.0 (68780647)|STATEMENT_EXECUTE|[11]
23:50:29.0 (68950444)|HEAP_ALLOCATE|[11]|Bytes:4
23:50:29.0 (69029883)|VARIABLE_ASSIGNMENT|[EXTERNAL]|this|{"nonSelectedUserId":"(","usersList":"0x1ad07271"}|0x500679c8
23:50:29.0 (69052829)|VARIABLE_ASSIGNMENT|[EXTERNAL]|value|{}|0x76a176c4
23:50:29.0 (69070108)|VARIABLE_ASSIGNMENT|[3]|this.mysObject|{}|0x500679c8
23:50:29.0 (69085328)|STATEMENT_EXECUTE|[12]
23:50:29.0 (69133436)|HEAP_ALLOCATE|[12]|Bytes:43
23:50:29.0 (69183781)|HEAP_ALLOCATE|[12]|Bytes:18
23:50:29.0 (69213221)|HEAP_ALLOCATE|[12]|Bytes:3
23:50:29.0 (69253262)|HEAP_ALLOCATE|[12]|Bytes:4
23:50:29.0 (69263873)|VARIABLE_SCOPE_BEGIN|[12]|pid|Id|false|false
23:50:29.0 (69363931)|VARIABLE_ASSIGNMENT|[12]|pid|"a057F000002dVv5QAE"
23:50:29.0 (69376151)|STATEMENT_EXECUTE|[16]
23:50:29.0 (69381009)|HEAP_ALLOCATE|[16]|Bytes:7
23:50:29.0 (69388726)|HEAP_ALLOCATE|[16]|Bytes:10
23:50:29.0 (69410008)|METHOD_ENTRY|[16]|01p7F00000Ehro9|PM_Project_Edit_Controller.getAllFields(String)
23:50:29.0 (69545150)|VARIABLE_SCOPE_BEGIN|[50]|sobjectname|String|false|false
23:50:29.0 (69559683)|VARIABLE_ASSIGNMENT|[50]|sobjectname|"Project__c"
23:50:29.0 (69582892)|HEAP_ALLOCATE|[51]|Bytes:5
23:50:29.0 (69588297)|STATEMENT_EXECUTE|[50]
23:50:29.0 (89434672)|HEAP_ALLOCATE|[51]|Bytes:1468
23:50:29.0 (89486432)|STATEMENT_EXECUTE|[51]
23:50:29.0 (89488801)|STATEMENT_EXECUTE|[54]
23:50:29.0 (93518342)|HEAP_ALLOCATE|[54]|Bytes:1468
23:50:29.0 (93737781)|HEAP_ALLOCATE|[54]|Bytes:4
23:50:29.0 (93792279)|HEAP_ALLOCATE|[54]|Bytes:4
23:50:29.0 (94116508)|HEAP_ALLOCATE|[54]|Bytes:148
23:50:29.0 (94133961)|VARIABLE_SCOPE_BEGIN|[54]|fields|Map<String,Schema.SObjectField>|true|false
23:50:29.0 (94356363)|VARIABLE_ASSIGNMENT|[54]|fields|"{client__c=Client__c, client_project_manager__c=Client_Project_Manager__c, company_project_code__c=Company_project_code__c, cost_centre__c=Cost_Centre__c, createdbyid=CreatedById, createddate=CreatedDate, delivery__c=Delivery__c, end_customer__c=End_Customer__c, footage__c=Footage__c, hours__c=Hours__c, ...}"|0x1f026f43
23:50:29.0 (94369326)|STATEMENT_EXECUTE|[55]
23:50:29.0 (94387007)|HEAP_ALLOCATE|[55]|Bytes:4
23:50:29.0 (94423143)|VARIABLE_SCOPE_BEGIN|[55]|accessiblefields|List<String>|true|false
23:50:29.0 (94453919)|HEAP_ALLOCATE|[EXTERNAL]|Bytes:4
23:50:29.0 (94467038)|VARIABLE_ASSIGNMENT|[55]|accessiblefields|[]|0xa09389e
23:50:29.0 (94522456)|HEAP_ALLOCATE|[EXTERNAL]|Bytes:148
23:50:29.0 (94542526)|HEAP_ALLOCATE|[56]|Bytes:148
23:50:29.0 (94623661)|HEAP_ALLOCATE|[56]|Bytes:5
23:50:29.0 (94645941)|VARIABLE_SCOPE_BEGIN|[56]|field|Schema.SObjectField|true|false
23:50:29.0 (94718380)|VARIABLE_ASSIGNMENT|[56]|field|"common.apex.runtime.impl.ApexFieldToken@70bd27ac"|0x70bd27ac
23:50:29.0 (94728019)|STATEMENT_EXECUTE|[56]
23:50:29.0 (95169676)|HEAP_ALLOCATE|[57]|Bytes:8
23:50:29.0 (95195386)|STATEMENT_EXECUTE|[58]
23:50:29.0 (95229137)|HEAP_ALLOCATE|[58]|Bytes:8
23:50:29.0 (95245520)|HEAP_ALLOCATE|[58]|Bytes:2
23:50:29.0 (95259489)|HEAP_ALLOCATE|[EXTERNAL]|Bytes:4
23:50:29.0 (95274484)|HEAP_ALLOCATE|[56]|Bytes:5
23:50:29.0 (95289432)|VARIABLE_SCOPE_BEGIN|[56]|field|Schema.SObjectField|true|false
23:50:29.0 (95363512)|VARIABLE_ASSIGNMENT|[56]|field|"common.apex.runtime.impl.ApexFieldToken@7cc9368f"|0x7cc9368f
23:50:29.0 (95372338)|STATEMENT_EXECUTE|[56]
23:50:29.0 (95527500)|HEAP_ALLOCATE|[57]|Bytes:8
23:50:29.0 (95542545)|STATEMENT_EXECUTE|[58]
23:50:29.0 (95564588)|HEAP_ALLOCATE|[58]|Bytes:8
23:50:29.0 (95573716)|HEAP_ALLOCATE|[58]|Bytes:7
23:50:29.0 (95582913)|HEAP_ALLOCATE|[EXTERNAL]|Bytes:4
23:50:29.0 (95595253)|HEAP_ALLOCATE|[56]|Bytes:5
23:50:29.0 (95609823)|VARIABLE_SCOPE_BEGIN|[56]|field|Schema.SObjectField|true|false
23:50:29.0 (95679961)|VARIABLE_ASSIGNMENT|[56]|field|"common.apex.runtime.impl.ApexFieldToken@3fc72c40"|0x3fc72c40
23:50:29.0 (95688623)|STATEMENT_EXECUTE|[56]
23:50:29.0 (95791191)|HEAP_ALLOCATE|[57]|Bytes:8
23:50:29.0 (95805058)|STATEMENT_EXECUTE|[58]
23:50:29.0 (95822207)|HEAP_ALLOCATE|[58]|Bytes:8
23:50:29.0 (95830511)|HEAP_ALLOCATE|[58]|Bytes:9
23:50:29.0 (95838487)|HEAP_ALLOCATE|[EXTERNAL]|Bytes:4
23:50:29.0 (95850317)|HEAP_ALLOCATE|[56]|Bytes:5
23:50:29.0 (95863791)|VARIABLE_SCOPE_BEGIN|[56]|field|Schema.SObjectField|true|false
23:50:29.0 (95933471)|VARIABLE_ASSIGNMENT|[56]|field|"common.apex.runtime.impl.ApexFieldToken@27f11a54"|0x27f11a54
23:50:29.0 (95941854)|STATEMENT_EXECUTE|[56]
23:50:29.0 (96054578)|HEAP_ALLOCATE|[57]|Bytes:8
23:50:29.0 (96068902)|STATEMENT_EXECUTE|[58]
23:50:29.0 (96085693)|HEAP_ALLOCATE|[58]|Bytes:8
23:50:29.0 (96093617)|HEAP_ALLOCATE|[58]|Bytes:4
23:50:29.0 (96101804)|HEAP_ALLOCATE|[EXTERNAL]|Bytes:4
23:50:29.0 (96113129)|HEAP_ALLOCATE|[56]|Bytes:5
23:50:29.0 (96125494)|VARIABLE_SCOPE_BEGIN|[56]|field|Schema.SObjectField|true|false
23:50:29.0 (96192525)|VARIABLE_ASSIGNMENT|[56]|field|"common.apex.runtime.impl.ApexFieldToken@3e68c941"|0x3e68c941
23:50:29.0 (96200598)|STATEMENT_EXECUTE|[56]
23:50:29.0 (96317213)|HEAP_ALLOCATE|[57]|Bytes:8
23:50:29.0 (96330875)|STATEMENT_EXECUTE|[58]
23:50:29.0 (96347267)|HEAP_ALLOCATE|[58]|Bytes:8
23:50:29.0 (96355274)|HEAP_ALLOCATE|[58]|Bytes:11
23:50:29.0 (96363925)|HEAP_ALLOCATE|[EXTERNAL]|Bytes:4
23:50:29.0 (96375859)|HEAP_ALLOCATE|[56]|Bytes:5
23:50:29.0 (96388078)|VARIABLE_SCOPE_BEGIN|[56]|field|Schema.SObjectField|true|false
23:50:29.0 (96454933)|VARIABLE_ASSIGNMENT|[56]|field|"common.apex.runtime.impl.ApexFieldToken@ba0ed4d"|0xba0ed4d
23:50:29.0 (96463389)|STATEMENT_EXECUTE|[56]
23:50:29.0 (96596497)|HEAP_ALLOCATE|[57]|Bytes:8
23:50:29.0 (96613820)|STATEMENT_EXECUTE|[58]
23:50:29.0 (96632092)|HEAP_ALLOCATE|[58]|Bytes:8
23:50:29.0 (96640359)|HEAP_ALLOCATE|[58]|Bytes:11
23:50:29.0 (96648615)|HEAP_ALLOCATE|[EXTERNAL]|Bytes:4
23:50:29.0 (96660143)|HEAP_ALLOCATE|[56]|Bytes:5
23:50:29.0 (96672758)|VARIABLE_SCOPE_BEGIN|[56]|field|Schema.SObjectField|true|false
23:50:29.0 (96741792)|VARIABLE_ASSIGNMENT|[56]|field|"common.apex.runtime.impl.ApexFieldToken@d036555"|0xd036555
23:50:29.0 (96750130)|STATEMENT_EXECUTE|[56]
23:50:29.0 (96864005)|HEAP_ALLOCATE|[57]|Bytes:8
23:50:29.0 (96877159)|STATEMENT_EXECUTE|[58]
23:50:29.0 (96893826)|HEAP_ALLOCATE|[58]|Bytes:8
23:50:29.0 (96902161)|HEAP_ALLOCATE|[58]|Bytes:16
23:50:29.0 (96910286)|HEAP_ALLOCATE|[EXTERNAL]|Bytes:4
23:50:29.0 (96921778)|HEAP_ALLOCATE|[56]|Bytes:5
23:50:29.0 (96934310)|VARIABLE_SCOPE_BEGIN|[56]|field|Schema.SObjectField|true|false
23:50:29.0 (97001556)|VARIABLE_ASSIGNMENT|[56]|field|"common.apex.runtime.impl.ApexFieldToken@220ffd1b"|0x220ffd1b
23:50:29.0 (97010614)|STATEMENT_EXECUTE|[56]
23:50:29.0 (97131277)|HEAP_ALLOCATE|[57]|Bytes:8
23:50:29.0 (97145030)|STATEMENT_EXECUTE|[58]
23:50:29.0 (97161631)|HEAP_ALLOCATE|[58]|Bytes:8
23:50:29.0 (97169813)|HEAP_ALLOCATE|[58]|Bytes:16
23:50:29.0 (97178175)|HEAP_ALLOCATE|[EXTERNAL]|Bytes:4
23:50:29.0 (97189464)|HEAP_ALLOCATE|[56]|Bytes:5
23:50:29.0 (97201981)|VARIABLE_SCOPE_BEGIN|[56]|field|Schema.SObjectField|true|false
23:50:29.0 (97269455)|VARIABLE_ASSIGNMENT|[56]|field|"common.apex.runtime.impl.ApexFieldToken@5ad51ada"|0x5ad51ada
23:50:29.0 (97277543)|STATEMENT_EXECUTE|[56]
23:50:29.0 (97369328)|HEAP_ALLOCATE|[57]|Bytes:8
23:50:29.0 (97382342)|STATEMENT_EXECUTE|[58]
23:50:29.0 (97397999)|HEAP_ALLOCATE|[58]|Bytes:8
23:50:29.0 (97406134)|HEAP_ALLOCATE|[58]|Bytes:14
23:50:29.0 (97414420)|HEAP_ALLOCATE|[EXTERNAL]|Bytes:4
23:50:29.0 (97425305)|HEAP_ALLOCATE|[56]|Bytes:5
23:50:29.0 (97436901)|VARIABLE_SCOPE_BEGIN|[56]|field|Schema.SObjectField|true|false
23:50:29.0 (97508143)|VARIABLE_ASSIGNMENT|[56]|field|"common.apex.runtime.impl.ApexFieldToken@56134e48"|0x56134e48
23:50:29.0 (97516587)|STATEMENT_EXECUTE|[56]
23:50:29.0 (97608561)|HEAP_ALLOCATE|[57]|Bytes:8
23:50:29.0 (97621337)|STATEMENT_EXECUTE|[58]
23:50:29.0 (97637214)|HEAP_ALLOCATE|[58]|Bytes:8
23:50:29.0 (97645310)|HEAP_ALLOCATE|[58]|Bytes:16
23:50:29.0 (97653075)|HEAP_ALLOCATE|[EXTERNAL]|Bytes:4
23:50:29.0 (97663707)|HEAP_ALLOCATE|[56]|Bytes:5
23:50:29.0 (97674880)|VARIABLE_SCOPE_BEGIN|[56]|field|Schema.SObjectField|true|false
23:50:29.0 (97741851)|VARIABLE_ASSIGNMENT|[56]|field|"common.apex.runtime.impl.ApexFieldToken@402cb012"|0x402cb012
23:50:29.0 (97750080)|STATEMENT_EXECUTE|[56]
23:50:29.0 (97839176)|HEAP_ALLOCATE|[57]|Bytes:8
23:50:29.0 (97852290)|STATEMENT_EXECUTE|[58]
23:50:29.0 (97868747)|HEAP_ALLOCATE|[58]|Bytes:8
23:50:29.0 (97879432)|HEAP_ALLOCATE|[58]|Bytes:14
23:50:29.0 (97887373)|HEAP_ALLOCATE|[EXTERNAL]|Bytes:4
23:50:29.0 (97898262)|HEAP_ALLOCATE|[56]|Bytes:5
23:50:29.0 (97910440)|VARIABLE_SCOPE_BEGIN|[56]|field|Schema.SObjectField|true|false
23:50:29.0 (97978372)|VARIABLE_ASSIGNMENT|[56]|field|"common.apex.runtime.impl.ApexFieldToken@1d966a29"|0x1d966a29
23:50:29.0 (97987077)|STATEMENT_EXECUTE|[56]
23:50:29.0 (98075912)|HEAP_ALLOCATE|[57]|Bytes:8
23:50:29.0 (98089535)|STATEMENT_EXECUTE|[58]
23:50:29.0 (98106164)|HEAP_ALLOCATE|[58]|Bytes:8
23:50:29.0 (98114056)|HEAP_ALLOCATE|[58]|Bytes:18
23:50:29.0 (98121625)|HEAP_ALLOCATE|[EXTERNAL]|Bytes:4
23:50:29.0 (98132037)|HEAP_ALLOCATE|[56]|Bytes:5
23:50:29.0 (98143796)|VARIABLE_SCOPE_BEGIN|[56]|field|Schema.SObjectField|true|false
23:50:29.0 (98231457)|VARIABLE_ASSIGNMENT|[56]|field|"common.apex.runtime.impl.ApexFieldToken@6fe7b08b"|0x6fe7b08b
23:50:29.0 (98240983)|STATEMENT_EXECUTE|[56]
23:50:29.0 (98746607)|HEAP_ALLOCATE|[57]|Bytes:8
23:50:29.0 (98764413)|STATEMENT_EXECUTE|[58]
23:50:29.0 (98785716)|HEAP_ALLOCATE|[58]|Bytes:8
23:50:29.0 (98795573)|HEAP_ALLOCATE|[58]|Bytes:9
23:50:29.0 (98804959)|HEAP_ALLOCATE|[EXTERNAL]|Bytes:4
23:50:29.0 (98818496)|HEAP_ALLOCATE|[56]|Bytes:5
23:50:29.0 (98833573)|VARIABLE_SCOPE_BEGIN|[56]|field|Schema.SObjectField|true|false
23:50:29.0 (98905446)|VARIABLE_ASSIGNMENT|[56]|field|"common.apex.runtime.impl.ApexFieldToken@23cac231"|0x23cac231
23:50:29.0 (98914196)|STATEMENT_EXECUTE|[56]
23:50:29.0 (99023576)|HEAP_ALLOCATE|[57]|Bytes:8
23:50:29.0 (99038412)|STATEMENT_EXECUTE|[58]
23:50:29.0 (99057265)|HEAP_ALLOCATE|[58]|Bytes:8
23:50:29.0 (99066143)|HEAP_ALLOCATE|[58]|Bytes:15
23:50:29.0 (99075021)|HEAP_ALLOCATE|[EXTERNAL]|Bytes:4
23:50:29.0 (99086812)|HEAP_ALLOCATE|[56]|Bytes:5
23:50:29.0 (99100181)|VARIABLE_SCOPE_BEGIN|[56]|field|Schema.SObjectField|true|false
23:50:29.0 (99170347)|VARIABLE_ASSIGNMENT|[56]|field|"common.apex.runtime.impl.ApexFieldToken@6c35a7a"|0x6c35a7a
23:50:29.0 (99179625)|STATEMENT_EXECUTE|[56]
23:50:29.0 (99286816)|HEAP_ALLOCATE|[57]|Bytes:8
23:50:29.0 (99300606)|STATEMENT_EXECUTE|[58]
23:50:29.0 (99318555)|HEAP_ALLOCATE|[58]|Bytes:8
23:50:29.0 (99326922)|HEAP_ALLOCATE|[58]|Bytes:19
23:50:29.0 (99335138)|HEAP_ALLOCATE|[EXTERNAL]|Bytes:4
23:50:29.0 (99346778)|HEAP_ALLOCATE|[56]|Bytes:5
23:50:29.0 (99359665)|VARIABLE_SCOPE_BEGIN|[56]|field|Schema.SObjectField|true|false
23:50:29.0 (99429213)|VARIABLE_ASSIGNMENT|[56]|field|"common.apex.runtime.impl.ApexFieldToken@282abfa9"|0x282abfa9
23:50:29.0 (99437952)|STATEMENT_EXECUTE|[56]
23:50:29.0 (99543888)|HEAP_ALLOCATE|[57]|Bytes:8
23:50:29.0 (99560475)|STATEMENT_EXECUTE|[58]
23:50:29.0 (99579520)|HEAP_ALLOCATE|[58]|Bytes:8
23:50:29.0 (99588464)|HEAP_ALLOCATE|[58]|Bytes:14
23:50:29.0 (99596594)|HEAP_ALLOCATE|[EXTERNAL]|Bytes:4
23:50:29.0 (99608770)|HEAP_ALLOCATE|[56]|Bytes:5
23:50:29.0 (99621156)|VARIABLE_SCOPE_BEGIN|[56]|field|Schema.SObjectField|true|false
23:50:29.0 (99688914)|VARIABLE_ASSIGNMENT|[56]|field|"common.apex.runtime.impl.ApexFieldToken@7a9b31cf"|0x7a9b31cf
23:50:29.0 (99697342)|STATEMENT_EXECUTE|[56]
23:50:29.0 (99794454)|HEAP_ALLOCATE|[57]|Bytes:8
23:50:29.0 (99807901)|STATEMENT_EXECUTE|[58]
23:50:29.0 (99825493)|HEAP_ALLOCATE|[58]|Bytes:8
23:50:29.0 (99833933)|HEAP_ALLOCATE|[58]|Bytes:25
23:50:29.0 (99841996)|HEAP_ALLOCATE|[EXTERNAL]|Bytes:4
23:50:29.0 (99853276)|HEAP_ALLOCATE|[56]|Bytes:5
23:50:29.0 (99865183)|VARIABLE_SCOPE_BEGIN|[56]|field|Schema.SObjectField|true|false
23:50:29.0 (99933455)|VARIABLE_ASSIGNMENT|[56]|field|"common.apex.runtime.impl.ApexFieldToken@fb5bfe7"|0xfb5bfe7
23:50:29.0 (99942080)|STATEMENT_EXECUTE|[56]
23:50:29.0 (100038285)|HEAP_ALLOCATE|[57]|Bytes:8
23:50:29.0 (100052472)|STATEMENT_EXECUTE|[58]
23:50:29.0 (100069615)|HEAP_ALLOCATE|[58]|Bytes:8
23:50:29.0 (100077939)|HEAP_ALLOCATE|[58]|Bytes:15
23:50:29.0 (100085597)|HEAP_ALLOCATE|[EXTERNAL]|Bytes:4
23:50:29.0 (100096735)|HEAP_ALLOCATE|[56]|Bytes:5
23:50:29.0 (100108223)|VARIABLE_SCOPE_BEGIN|[56]|field|Schema.SObjectField|true|false
23:50:29.0 (100176352)|VARIABLE_ASSIGNMENT|[56]|field|"common.apex.runtime.impl.ApexFieldToken@13b924e1"|0x13b924e1
23:50:29.0 (100184942)|STATEMENT_EXECUTE|[56]
23:50:29.0 (100280944)|HEAP_ALLOCATE|[57]|Bytes:8
23:50:29.0 (100294486)|STATEMENT_EXECUTE|[58]
23:50:29.0 (100311313)|HEAP_ALLOCATE|[58]|Bytes:8
23:50:29.0 (100319470)|HEAP_ALLOCATE|[58]|Bytes:23
23:50:29.0 (100327480)|HEAP_ALLOCATE|[EXTERNAL]|Bytes:4
23:50:29.0 (100338534)|HEAP_ALLOCATE|[56]|Bytes:5
23:50:29.0 (100350353)|VARIABLE_SCOPE_BEGIN|[56]|field|Schema.SObjectField|true|false
23:50:29.0 (100417822)|VARIABLE_ASSIGNMENT|[56]|field|"common.apex.runtime.impl.ApexFieldToken@6e1306c8"|0x6e1306c8
23:50:29.0 (100426285)|STATEMENT_EXECUTE|[56]
23:50:29.0 (100529316)|HEAP_ALLOCATE|[57]|Bytes:8
23:50:29.0 (100542972)|STATEMENT_EXECUTE|[58]
23:50:29.0 (100562109)|HEAP_ALLOCATE|[58]|Bytes:8
23:50:29.0 (100570489)|HEAP_ALLOCATE|[58]|Bytes:16
23:50:29.0 (100578566)|HEAP_ALLOCATE|[EXTERNAL]|Bytes:4
23:50:29.0 (100589445)|HEAP_ALLOCATE|[56]|Bytes:5
23:50:29.0 (100601480)|VARIABLE_SCOPE_BEGIN|[56]|field|Schema.SObjectField|true|false
23:50:29.0 (100670703)|VARIABLE_ASSIGNMENT|[56]|field|"common.apex.runtime.impl.ApexFieldToken@4d25578c"|0x4d25578c
23:50:29.0 (100678870)|STATEMENT_EXECUTE|[56]
23:50:29.0 (100774756)|HEAP_ALLOCATE|[57]|Bytes:8
23:50:29.0 (100788253)|STATEMENT_EXECUTE|[58]
23:50:29.0 (100804656)|HEAP_ALLOCATE|[58]|Bytes:8
23:50:29.0 (100812210)|HEAP_ALLOCATE|[58]|Bytes:14
23:50:29.0 (100819865)|HEAP_ALLOCATE|[EXTERNAL]|Bytes:4
23:50:29.0 (100831188)|HEAP_ALLOCATE|[56]|Bytes:5
23:50:29.0 (100842732)|VARIABLE_SCOPE_BEGIN|[56]|field|Schema.SObjectField|true|false
23:50:29.0 (100909943)|VARIABLE_ASSIGNMENT|[56]|field|"common.apex.runtime.impl.ApexFieldToken@6fcd9348"|0x6fcd9348
23:50:29.0 (100918226)|STATEMENT_EXECUTE|[56]
23:50:29.0 (101016118)|HEAP_ALLOCATE|[57]|Bytes:8
23:50:29.0 (101030192)|STATEMENT_EXECUTE|[58]
23:50:29.0 (101047616)|HEAP_ALLOCATE|[58]|Bytes:8
23:50:29.0 (101055566)|HEAP_ALLOCATE|[58]|Bytes:13
23:50:29.0 (101063491)|HEAP_ALLOCATE|[EXTERNAL]|Bytes:4
23:50:29.0 (101074121)|HEAP_ALLOCATE|[56]|Bytes:5
23:50:29.0 (101085754)|VARIABLE_SCOPE_BEGIN|[56]|field|Schema.SObjectField|true|false
23:50:29.0 (101153536)|VARIABLE_ASSIGNMENT|[56]|field|"common.apex.runtime.impl.ApexFieldToken@35893c7c"|0x35893c7c
23:50:29.0 (101161740)|STATEMENT_EXECUTE|[56]
23:50:29.0 (101257854)|HEAP_ALLOCATE|[57]|Bytes:8
23:50:29.0 (101271667)|STATEMENT_EXECUTE|[58]
23:50:29.0 (101288687)|HEAP_ALLOCATE|[58]|Bytes:8
23:50:29.0 (101296590)|HEAP_ALLOCATE|[58]|Bytes:5
23:50:29.0 (101303718)|HEAP_ALLOCATE|[EXTERNAL]|Bytes:4
23:50:29.0 (101314799)|HEAP_ALLOCATE|[56]|Bytes:5
23:50:29.0 (101326323)|VARIABLE_SCOPE_BEGIN|[56]|field|Schema.SObjectField|true|false
23:50:29.0 (101392341)|VARIABLE_ASSIGNMENT|[56]|field|"common.apex.runtime.impl.ApexFieldToken@435a5943"|0x435a5943
23:50:29.0 (101400825)|STATEMENT_EXECUTE|[56]
23:50:29.0 (101501464)|HEAP_ALLOCATE|[57]|Bytes:8
23:50:29.0 (101515050)|STATEMENT_EXECUTE|[58]
23:50:29.0 (101532622)|HEAP_ALLOCATE|[58]|Bytes:8
23:50:29.0 (101540619)|HEAP_ALLOCATE|[58]|Bytes:11
23:50:29.0 (101550233)|HEAP_ALLOCATE|[EXTERNAL]|Bytes:4
23:50:29.0 (101562128)|HEAP_ALLOCATE|[56]|Bytes:5
23:50:29.0 (101573895)|VARIABLE_SCOPE_BEGIN|[56]|field|Schema.SObjectField|true|false
23:50:29.0 (101660074)|VARIABLE_ASSIGNMENT|[56]|field|"common.apex.runtime.impl.ApexFieldToken@24a4ef93"|0x24a4ef93
23:50:29.0 (101669530)|STATEMENT_EXECUTE|[56]
23:50:29.0 (101795856)|HEAP_ALLOCATE|[57]|Bytes:8
23:50:29.0 (101811070)|STATEMENT_EXECUTE|[58]
23:50:29.0 (101829751)|HEAP_ALLOCATE|[58]|Bytes:8
23:50:29.0 (101838600)|HEAP_ALLOCATE|[58]|Bytes:5
23:50:29.0 (101846842)|HEAP_ALLOCATE|[EXTERNAL]|Bytes:4
23:50:29.0 (101858805)|HEAP_ALLOCATE|[56]|Bytes:5
23:50:29.0 (101871672)|VARIABLE_SCOPE_BEGIN|[56]|field|Schema.SObjectField|true|false
23:50:29.0 (101941253)|VARIABLE_ASSIGNMENT|[56]|field|"common.apex.runtime.impl.ApexFieldToken@27707f9c"|0x27707f9c
23:50:29.0 (101949830)|STATEMENT_EXECUTE|[56]
23:50:29.0 (102129224)|HEAP_ALLOCATE|[57]|Bytes:8
23:50:29.0 (102145566)|STATEMENT_EXECUTE|[58]
23:50:29.0 (102170123)|HEAP_ALLOCATE|[58]|Bytes:8
23:50:29.0 (102179627)|HEAP_ALLOCATE|[58]|Bytes:25
23:50:29.0 (102188051)|HEAP_ALLOCATE|[EXTERNAL]|Bytes:4
23:50:29.0 (102201901)|HEAP_ALLOCATE|[56]|Bytes:5
23:50:29.0 (102215519)|VARIABLE_SCOPE_BEGIN|[56]|field|Schema.SObjectField|true|false
23:50:29.0 (102286522)|VARIABLE_ASSIGNMENT|[56]|field|"common.apex.runtime.impl.ApexFieldToken@5b66cdd2"|0x5b66cdd2
23:50:29.0 (102299201)|STATEMENT_EXECUTE|[56]
23:50:29.0 (102452861)|HEAP_ALLOCATE|[57]|Bytes:8
23:50:29.0 (102467650)|STATEMENT_EXECUTE|[58]
23:50:29.0 (102490134)|HEAP_ALLOCATE|[58]|Bytes:8
23:50:29.0 (102499816)|HEAP_ALLOCATE|[58]|Bytes:12
23:50:29.0 (102508101)|HEAP_ALLOCATE|[EXTERNAL]|Bytes:4
23:50:29.0 (102519958)|HEAP_ALLOCATE|[56]|Bytes:5
23:50:29.0 (102533047)|VARIABLE_SCOPE_BEGIN|[56]|field|Schema.SObjectField|true|false
23:50:29.0 (102604544)|VARIABLE_ASSIGNMENT|[56]|field|"common.apex.runtime.impl.ApexFieldToken@4ae717bc"|0x4ae717bc
23:50:29.0 (102612836)|STATEMENT_EXECUTE|[56]
23:50:29.0 (102717276)|HEAP_ALLOCATE|[57]|Bytes:8
23:50:29.0 (102730939)|STATEMENT_EXECUTE|[58]
23:50:29.0 (102748718)|HEAP_ALLOCATE|[58]|Bytes:8
23:50:29.0 (102756716)|HEAP_ALLOCATE|[58]|Bytes:21
23:50:29.0 (102764561)|HEAP_ALLOCATE|[EXTERNAL]|Bytes:4
23:50:29.0 (102775825)|HEAP_ALLOCATE|[56]|Bytes:5
23:50:29.0 (102787618)|VARIABLE_SCOPE_BEGIN|[56]|field|Schema.SObjectField|true|false
23:50:29.0 (102856230)|VARIABLE_ASSIGNMENT|[56]|field|"common.apex.runtime.impl.ApexFieldToken@49bcb104"|0x49bcb104
23:50:29.0 (102864451)|STATEMENT_EXECUTE|[56]
23:50:29.0 (102964152)|HEAP_ALLOCATE|[57]|Bytes:8
23:50:29.0 (102977922)|STATEMENT_EXECUTE|[58]
23:50:29.0 (102996462)|HEAP_ALLOCATE|[58]|Bytes:8
23:50:29.0 (103004934)|HEAP_ALLOCATE|[58]|Bytes:19
23:50:29.0 (103013544)|HEAP_ALLOCATE|[EXTERNAL]|Bytes:4
23:50:29.0 (103024875)|HEAP_ALLOCATE|[56]|Bytes:5
23:50:29.0 (103036695)|VARIABLE_SCOPE_BEGIN|[56]|field|Schema.SObjectField|true|false
23:50:29.0 (103104125)|VARIABLE_ASSIGNMENT|[56]|field|"common.apex.runtime.impl.ApexFieldToken@6d94bb30"|0x6d94bb30
23:50:29.0 (103112484)|STATEMENT_EXECUTE|[56]
23:50:29.0 (103211973)|HEAP_ALLOCATE|[57]|Bytes:8
23:50:29.0 (103225416)|STATEMENT_EXECUTE|[58]
23:50:29.0 (103242336)|HEAP_ALLOCATE|[58]|Bytes:8
23:50:29.0 (103250245)|HEAP_ALLOCATE|[58]|Bytes:8
23:50:29.0 (103258205)|HEAP_ALLOCATE|[EXTERNAL]|Bytes:4
23:50:29.0 (103268994)|HEAP_ALLOCATE|[56]|Bytes:5
23:50:29.0 (103280606)|VARIABLE_SCOPE_BEGIN|[56]|field|Schema.SObjectField|true|false
23:50:29.0 (103349245)|VARIABLE_ASSIGNMENT|[56]|field|"common.apex.runtime.impl.ApexFieldToken@f1e30d"|0xf1e30d
23:50:29.0 (103357300)|STATEMENT_EXECUTE|[56]
23:50:29.0 (103452657)|HEAP_ALLOCATE|[57]|Bytes:8
23:50:29.0 (103466234)|STATEMENT_EXECUTE|[58]
23:50:29.0 (103489553)|HEAP_ALLOCATE|[58]|Bytes:8
23:50:29.0 (103498262)|HEAP_ALLOCATE|[58]|Bytes:8
23:50:29.0 (103506374)|HEAP_ALLOCATE|[EXTERNAL]|Bytes:4
23:50:29.0 (103516938)|HEAP_ALLOCATE|[56]|Bytes:5
23:50:29.0 (103530628)|VARIABLE_SCOPE_BEGIN|[56]|field|Schema.SObjectField|true|false
23:50:29.0 (103601286)|VARIABLE_ASSIGNMENT|[56]|field|"common.apex.runtime.impl.ApexFieldToken@72d94e58"|0x72d94e58
23:50:29.0 (103610033)|STATEMENT_EXECUTE|[56]
23:50:29.0 (103706661)|HEAP_ALLOCATE|[57]|Bytes:8
23:50:29.0 (103720008)|STATEMENT_EXECUTE|[58]
23:50:29.0 (103736465)|HEAP_ALLOCATE|[58]|Bytes:8
23:50:29.0 (103744507)|HEAP_ALLOCATE|[58]|Bytes:10
23:50:29.0 (103752185)|HEAP_ALLOCATE|[EXTERNAL]|Bytes:4
23:50:29.0 (103763062)|HEAP_ALLOCATE|[56]|Bytes:5
23:50:29.0 (103774637)|VARIABLE_SCOPE_BEGIN|[56]|field|Schema.SObjectField|true|false
23:50:29.0 (103842342)|VARIABLE_ASSIGNMENT|[56]|field|"common.apex.runtime.impl.ApexFieldToken@5ec1e596"|0x5ec1e596
23:50:29.0 (103851287)|STATEMENT_EXECUTE|[56]
23:50:29.0 (103946335)|HEAP_ALLOCATE|[57]|Bytes:8
23:50:29.0 (103959957)|STATEMENT_EXECUTE|[58]
23:50:29.0 (103976563)|HEAP_ALLOCATE|[58]|Bytes:8
23:50:29.0 (103984424)|HEAP_ALLOCATE|[58]|Bytes:8
23:50:29.0 (103991958)|HEAP_ALLOCATE|[EXTERNAL]|Bytes:4
23:50:29.0 (104002521)|HEAP_ALLOCATE|[56]|Bytes:5
23:50:29.0 (104015567)|VARIABLE_SCOPE_BEGIN|[56]|field|Schema.SObjectField|true|false
23:50:29.0 (104082244)|VARIABLE_ASSIGNMENT|[56]|field|"common.apex.runtime.impl.ApexFieldToken@16449845"|0x16449845
23:50:29.0 (104090635)|STATEMENT_EXECUTE|[56]
23:50:29.0 (104188997)|HEAP_ALLOCATE|[57]|Bytes:8
23:50:29.0 (104208492)|STATEMENT_EXECUTE|[58]
23:50:29.0 (104236763)|HEAP_ALLOCATE|[58]|Bytes:8
23:50:29.0 (104247852)|HEAP_ALLOCATE|[58]|Bytes:7
23:50:29.0 (104255979)|HEAP_ALLOCATE|[EXTERNAL]|Bytes:4
23:50:29.0 (104267400)|HEAP_ALLOCATE|[56]|Bytes:5
23:50:29.0 (104284739)|VARIABLE_SCOPE_BEGIN|[56]|field|Schema.SObjectField|true|false
23:50:29.0 (104353350)|VARIABLE_ASSIGNMENT|[56]|field|"common.apex.runtime.impl.ApexFieldToken@1922e80b"|0x1922e80b
23:50:29.0 (104361944)|STATEMENT_EXECUTE|[56]
23:50:29.0 (104461722)|HEAP_ALLOCATE|[57]|Bytes:8
23:50:29.0 (104475246)|STATEMENT_EXECUTE|[58]
23:50:29.0 (104497665)|HEAP_ALLOCATE|[58]|Bytes:8
23:50:29.0 (104506250)|HEAP_ALLOCATE|[58]|Bytes:8
23:50:29.0 (104514015)|HEAP_ALLOCATE|[EXTERNAL]|Bytes:4
23:50:29.0 (104525165)|HEAP_ALLOCATE|[56]|Bytes:5
23:50:29.0 (104537160)|VARIABLE_SCOPE_BEGIN|[56]|field|Schema.SObjectField|true|false
23:50:29.0 (104606385)|VARIABLE_ASSIGNMENT|[56]|field|"common.apex.runtime.impl.ApexFieldToken@2131cef9"|0x2131cef9
23:50:29.0 (104614919)|STATEMENT_EXECUTE|[56]
23:50:29.0 (104714201)|HEAP_ALLOCATE|[57]|Bytes:8
23:50:29.0 (104727609)|STATEMENT_EXECUTE|[58]
23:50:29.0 (104744581)|HEAP_ALLOCATE|[58]|Bytes:8
23:50:29.0 (104752509)|HEAP_ALLOCATE|[58]|Bytes:7
23:50:29.0 (104760560)|HEAP_ALLOCATE|[EXTERNAL]|Bytes:4
23:50:29.0 (104771671)|HEAP_ALLOCATE|[56]|Bytes:5
23:50:29.0 (104784897)|VARIABLE_ASSIGNMENT|[56]|field|null|
23:50:29.0 (104792611)|STATEMENT_EXECUTE|[60]
23:50:29.0 (104798841)|VARIABLE_SCOPE_BEGIN|[60]|allfields|String|false|false
23:50:29.0 (104810002)|VARIABLE_ASSIGNMENT|[60]|allfields|""
23:50:29.0 (104856068)|HEAP_ALLOCATE|[61]|Bytes:5
23:50:29.0 (104870129)|HEAP_ALLOCATE|[61]|Bytes:2
23:50:29.0 (104879047)|VARIABLE_SCOPE_BEGIN|[61]|fieldname|String|false|false
23:50:29.0 (104888395)|VARIABLE_ASSIGNMENT|[61]|fieldname|"Id"
23:50:29.0 (104892151)|STATEMENT_EXECUTE|[62]
23:50:29.0 (104894832)|HEAP_ALLOCATE|[62]|Bytes:1
23:50:29.0 (104913446)|HEAP_ALLOCATE|[62]|Bytes:3
23:50:29.0 (104918645)|HEAP_ALLOCATE|[62]|Bytes:3
23:50:29.0 (104923758)|VARIABLE_ASSIGNMENT|[62]|allfields|"Id,"
23:50:29.0 (104933926)|HEAP_ALLOCATE|[61]|Bytes:5
23:50:29.0 (104940266)|HEAP_ALLOCATE|[61]|Bytes:7
23:50:29.0 (104944736)|VARIABLE_SCOPE_BEGIN|[61]|fieldname|String|false|false
23:50:29.0 (104951605)|VARIABLE_ASSIGNMENT|[61]|fieldname|"OwnerId"
23:50:29.0 (104955164)|STATEMENT_EXECUTE|[62]
23:50:29.0 (104958215)|HEAP_ALLOCATE|[62]|Bytes:8
23:50:29.0 (104961911)|HEAP_ALLOCATE|[62]|Bytes:11
23:50:29.0 (104966202)|VARIABLE_ASSIGNMENT|[62]|allfields|"Id,OwnerId,"
23:50:29.0 (104973131)|HEAP_ALLOCATE|[61]|Bytes:5
23:50:29.0 (104978695)|HEAP_ALLOCATE|[61]|Bytes:9
23:50:29.0 (104982359)|VARIABLE_SCOPE_BEGIN|[61]|fieldname|String|false|false
23:50:29.0 (104988548)|VARIABLE_ASSIGNMENT|[61]|fieldname|"IsDeleted"
23:50:29.0 (104991961)|STATEMENT_EXECUTE|[62]
23:50:29.0 (104994660)|HEAP_ALLOCATE|[62]|Bytes:10
23:50:29.0 (104998335)|HEAP_ALLOCATE|[62]|Bytes:21
23:50:29.0 (105004382)|VARIABLE_ASSIGNMENT|[62]|allfields|"Id,OwnerId,IsDeleted (1 more) ..."
23:50:29.0 (105012341)|HEAP_ALLOCATE|[61]|Bytes:5
23:50:29.0 (105017556)|HEAP_ALLOCATE|[61]|Bytes:4
23:50:29.0 (105021395)|VARIABLE_SCOPE_BEGIN|[61]|fieldname|String|false|false
23:50:29.0 (105027578)|VARIABLE_ASSIGNMENT|[61]|fieldname|"Name"
23:50:29.0 (105031096)|STATEMENT_EXECUTE|[62]
23:50:29.0 (105033621)|HEAP_ALLOCATE|[62]|Bytes:5
23:50:29.0 (105037369)|HEAP_ALLOCATE|[62]|Bytes:26
23:50:29.0 (105042570)|VARIABLE_ASSIGNMENT|[62]|allfields|"Id,OwnerId,IsDeleted (6 more) ..."
23:50:29.0 (105049062)|HEAP_ALLOCATE|[61]|Bytes:5
23:50:29.0 (105054427)|HEAP_ALLOCATE|[61]|Bytes:11
23:50:29.0 (105058407)|VARIABLE_SCOPE_BEGIN|[61]|fieldname|String|false|false
23:50:29.0 (105064452)|VARIABLE_ASSIGNMENT|[61]|fieldname|"CreatedDate"
23:50:29.0 (105068425)|STATEMENT_EXECUTE|[62]
23:50:29.0 (105070954)|HEAP_ALLOCATE|[62]|Bytes:12
23:50:29.0 (105074745)|HEAP_ALLOCATE|[62]|Bytes:38
23:50:29.0 (105079867)|VARIABLE_ASSIGNMENT|[62]|allfields|"Id,OwnerId,IsDeleted (18 more) ..."
23:50:29.0 (105086761)|HEAP_ALLOCATE|[61]|Bytes:5
23:50:29.0 (105092122)|HEAP_ALLOCATE|[61]|Bytes:11
23:50:29.0 (105095650)|VARIABLE_SCOPE_BEGIN|[61]|fieldname|String|false|false
23:50:29.0 (105102134)|VARIABLE_ASSIGNMENT|[61]|fieldname|"CreatedById"
23:50:29.0 (105105460)|STATEMENT_EXECUTE|[62]
23:50:29.0 (105108002)|HEAP_ALLOCATE|[62]|Bytes:12
23:50:29.0 (105111662)|HEAP_ALLOCATE|[62]|Bytes:50
23:50:29.0 (105116267)|VARIABLE_ASSIGNMENT|[62]|allfields|"Id,OwnerId,IsDeleted (30 more) ..."
23:50:29.0 (105122844)|HEAP_ALLOCATE|[61]|Bytes:5
23:50:29.0 (105128011)|HEAP_ALLOCATE|[61]|Bytes:16
23:50:29.0 (105131497)|VARIABLE_SCOPE_BEGIN|[61]|fieldname|String|false|false
23:50:29.0 (105138783)|VARIABLE_ASSIGNMENT|[61]|fieldname|"LastModifiedDate"
23:50:29.0 (105142237)|STATEMENT_EXECUTE|[62]
23:50:29.0 (105145047)|HEAP_ALLOCATE|[62]|Bytes:17
23:50:29.0 (105148515)|HEAP_ALLOCATE|[62]|Bytes:67
23:50:29.0 (105153301)|VARIABLE_ASSIGNMENT|[62]|allfields|"Id,OwnerId,IsDeleted (47 more) ..."
23:50:29.0 (105159808)|HEAP_ALLOCATE|[61]|Bytes:5
23:50:29.0 (105164982)|HEAP_ALLOCATE|[61]|Bytes:16
23:50:29.0 (105168656)|VARIABLE_SCOPE_BEGIN|[61]|fieldname|String|false|false
23:50:29.0 (105174814)|VARIABLE_ASSIGNMENT|[61]|fieldname|"LastModifiedById"
23:50:29.0 (105177904)|STATEMENT_EXECUTE|[62]
23:50:29.0 (105180445)|HEAP_ALLOCATE|[62]|Bytes:17
23:50:29.0 (105184178)|HEAP_ALLOCATE|[62]|Bytes:84
23:50:29.0 (105188624)|VARIABLE_ASSIGNMENT|[62]|allfields|"Id,OwnerId,IsDeleted (64 more) ..."
23:50:29.0 (105194965)|HEAP_ALLOCATE|[61]|Bytes:5
23:50:29.0 (105200142)|HEAP_ALLOCATE|[61]|Bytes:14
23:50:29.0 (105204154)|VARIABLE_SCOPE_BEGIN|[61]|fieldname|String|false|false
23:50:29.0 (105210501)|VARIABLE_ASSIGNMENT|[61]|fieldname|"SystemModstamp"
23:50:29.0 (105213765)|STATEMENT_EXECUTE|[62]
23:50:29.0 (105216353)|HEAP_ALLOCATE|[62]|Bytes:15
23:50:29.0 (105220294)|HEAP_ALLOCATE|[62]|Bytes:99
23:50:29.0 (105224683)|VARIABLE_ASSIGNMENT|[62]|allfields|"Id,OwnerId,IsDeleted (79 more) ..."
23:50:29.0 (105231073)|HEAP_ALLOCATE|[61]|Bytes:5
23:50:29.0 (105236457)|HEAP_ALLOCATE|[61]|Bytes:16
23:50:29.0 (105240001)|VARIABLE_SCOPE_BEGIN|[61]|fieldname|String|false|false
23:50:29.0 (105246428)|VARIABLE_ASSIGNMENT|[61]|fieldname|"LastActivityDate"
23:50:29.0 (105249587)|STATEMENT_EXECUTE|[62]
23:50:29.0 (105252013)|HEAP_ALLOCATE|[62]|Bytes:17
23:50:29.0 (105256269)|HEAP_ALLOCATE|[62]|Bytes:116
23:50:29.0 (105260945)|VARIABLE_ASSIGNMENT|[62]|allfields|"Id,OwnerId,IsDeleted (96 more) ..."
23:50:29.0 (105267434)|HEAP_ALLOCATE|[61]|Bytes:5
23:50:29.0 (105272756)|HEAP_ALLOCATE|[61]|Bytes:14
23:50:29.0 (105276351)|VARIABLE_SCOPE_BEGIN|[61]|fieldname|String|false|false
23:50:29.0 (105282878)|VARIABLE_ASSIGNMENT|[61]|fieldname|"LastViewedDate"
23:50:29.0 (105285985)|STATEMENT_EXECUTE|[62]
23:50:29.0 (105288439)|HEAP_ALLOCATE|[62]|Bytes:15
23:50:29.0 (105292443)|HEAP_ALLOCATE|[62]|Bytes:131
23:50:29.0 (105297578)|VARIABLE_ASSIGNMENT|[62]|allfields|"Id,OwnerId,IsDeleted (111 more) ..."
23:50:29.0 (105304545)|HEAP_ALLOCATE|[61]|Bytes:5
23:50:29.0 (105309855)|HEAP_ALLOCATE|[61]|Bytes:18
23:50:29.0 (105313560)|VARIABLE_SCOPE_BEGIN|[61]|fieldname|String|false|false
23:50:29.0 (105319627)|VARIABLE_ASSIGNMENT|[61]|fieldname|"LastReferencedDate"
23:50:29.0 (105322886)|STATEMENT_EXECUTE|[62]
23:50:29.0 (105325342)|HEAP_ALLOCATE|[62]|Bytes:19
23:50:29.0 (105328976)|HEAP_ALLOCATE|[62]|Bytes:150
23:50:29.0 (105333531)|VARIABLE_ASSIGNMENT|[62]|allfields|"Id,OwnerId,IsDeleted (130 more) ..."
23:50:29.0 (105340015)|HEAP_ALLOCATE|[61]|Bytes:5
23:50:29.0 (105345351)|HEAP_ALLOCATE|[61]|Bytes:9
23:50:29.0 (105349138)|VARIABLE_SCOPE_BEGIN|[61]|fieldname|String|false|false
23:50:29.0 (105355857)|VARIABLE_ASSIGNMENT|[61]|fieldname|"Client__c"
23:50:29.0 (105359008)|STATEMENT_EXECUTE|[62]
23:50:29.0 (105361516)|HEAP_ALLOCATE|[62]|Bytes:10
23:50:29.0 (105365196)|HEAP_ALLOCATE|[62]|Bytes:160
23:50:29.0 (105369963)|VARIABLE_ASSIGNMENT|[62]|allfields|"Id,OwnerId,IsDeleted (140 more) ..."
23:50:29.0 (105376520)|HEAP_ALLOCATE|[61]|Bytes:5
23:50:29.0 (105381774)|HEAP_ALLOCATE|[61]|Bytes:15
23:50:29.0 (105385520)|VARIABLE_SCOPE_BEGIN|[61]|fieldname|String|false|false
23:50:29.0 (105392925)|VARIABLE_ASSIGNMENT|[61]|fieldname|"End_Customer__c"
23:50:29.0 (105396237)|STATEMENT_EXECUTE|[62]
23:50:29.0 (105398723)|HEAP_ALLOCATE|[62]|Bytes:16
23:50:29.0 (105402857)|HEAP_ALLOCATE|[62]|Bytes:176
23:50:29.0 (105407827)|VARIABLE_ASSIGNMENT|[62]|allfields|"Id,OwnerId,IsDeleted (156 more) ..."
23:50:29.0 (105414612)|HEAP_ALLOCATE|[61]|Bytes:5
23:50:29.0 (105420123)|HEAP_ALLOCATE|[61]|Bytes:19
23:50:29.0 (105423905)|VARIABLE_SCOPE_BEGIN|[61]|fieldname|String|false|false
23:50:29.0 (105430521)|VARIABLE_ASSIGNMENT|[61]|fieldname|"Operation_Region__c"
23:50:29.0 (105434063)|STATEMENT_EXECUTE|[62]
23:50:29.0 (105436608)|HEAP_ALLOCATE|[62]|Bytes:20
23:50:29.0 (105440307)|HEAP_ALLOCATE|[62]|Bytes:196
23:50:29.0 (105445708)|VARIABLE_ASSIGNMENT|[62]|allfields|"Id,OwnerId,IsDeleted (176 more) ..."
23:50:29.0 (105452064)|HEAP_ALLOCATE|[61]|Bytes:5
23:50:29.0 (105457346)|HEAP_ALLOCATE|[61]|Bytes:14
23:50:29.0 (105461171)|VARIABLE_SCOPE_BEGIN|[61]|fieldname|String|false|false
23:50:29.0 (105467778)|VARIABLE_ASSIGNMENT|[61]|fieldname|"Work_Region__c"
23:50:29.0 (105471035)|STATEMENT_EXECUTE|[62]
23:50:29.0 (105473546)|HEAP_ALLOCATE|[62]|Bytes:15
23:50:29.0 (105477151)|HEAP_ALLOCATE|[62]|Bytes:211
23:50:29.0 (105486284)|VARIABLE_ASSIGNMENT|[62]|allfields|"Id,OwnerId,IsDeleted (191 more) ..."
23:50:29.0 (105493896)|HEAP_ALLOCATE|[61]|Bytes:5
23:50:29.0 (105499591)|HEAP_ALLOCATE|[61]|Bytes:25
23:50:29.0 (105503292)|VARIABLE_SCOPE_BEGIN|[61]|fieldname|String|false|false
23:50:29.0 (105510683)|VARIABLE_ASSIGNMENT|[61]|fieldname|"Client_Project_Manag (5 more) ..."
23:50:29.0 (105513960)|STATEMENT_EXECUTE|[62]
23:50:29.0 (105516617)|HEAP_ALLOCATE|[62]|Bytes:26
23:50:29.0 (105520393)|HEAP_ALLOCATE|[62]|Bytes:237
23:50:29.0 (105525625)|VARIABLE_ASSIGNMENT|[62]|allfields|"Id,OwnerId,IsDeleted (217 more) ..."
23:50:29.0 (105532052)|HEAP_ALLOCATE|[61]|Bytes:5
23:50:29.0 (105537427)|HEAP_ALLOCATE|[61]|Bytes:15
23:50:29.0 (105541086)|VARIABLE_SCOPE_BEGIN|[61]|fieldname|String|false|false
23:50:29.0 (105550607)|VARIABLE_ASSIGNMENT|[61]|fieldname|"Project_code__c"
23:50:29.0 (105554123)|STATEMENT_EXECUTE|[62]
23:50:29.0 (105557037)|HEAP_ALLOCATE|[62]|Bytes:16
23:50:29.0 (105561073)|HEAP_ALLOCATE|[62]|Bytes:253
23:50:29.0 (105565775)|VARIABLE_ASSIGNMENT|[62]|allfields|"Id,OwnerId,IsDeleted (233 more) ..."
23:50:29.0 (105572658)|HEAP_ALLOCATE|[61]|Bytes:5
23:50:29.0 (105578208)|HEAP_ALLOCATE|[61]|Bytes:23
23:50:29.0 (105581886)|VARIABLE_SCOPE_BEGIN|[61]|fieldname|String|false|false
23:50:29.0 (105589173)|VARIABLE_ASSIGNMENT|[61]|fieldname|"Company_project_code (3 more) ..."
23:50:29.0 (105592517)|STATEMENT_EXECUTE|[62]
23:50:29.0 (105595007)|HEAP_ALLOCATE|[62]|Bytes:24
23:50:29.0 (105598904)|HEAP_ALLOCATE|[62]|Bytes:277
23:50:29.0 (105603736)|VARIABLE_ASSIGNMENT|[62]|allfields|"Id,OwnerId,IsDeleted (257 more) ..."
23:50:29.0 (105610191)|HEAP_ALLOCATE|[61]|Bytes:5
23:50:29.0 (105615312)|HEAP_ALLOCATE|[61]|Bytes:16
23:50:29.0 (105618926)|VARIABLE_SCOPE_BEGIN|[61]|fieldname|String|false|false
23:50:29.0 (105625185)|VARIABLE_ASSIGNMENT|[61]|fieldname|"Project_Scope__c"
23:50:29.0 (105628283)|STATEMENT_EXECUTE|[62]
23:50:29.0 (105630821)|HEAP_ALLOCATE|[62]|Bytes:17
23:50:29.0 (105634545)|HEAP_ALLOCATE|[62]|Bytes:294
23:50:29.0 (105639034)|VARIABLE_ASSIGNMENT|[62]|allfields|"Id,OwnerId,IsDeleted (274 more) ..."
23:50:29.0 (105645297)|HEAP_ALLOCATE|[61]|Bytes:5
23:50:29.0 (105650354)|HEAP_ALLOCATE|[61]|Bytes:14
23:50:29.0 (105654472)|VARIABLE_SCOPE_BEGIN|[61]|fieldname|String|false|false
23:50:29.0 (105660939)|VARIABLE_ASSIGNMENT|[61]|fieldname|"Cost_Centre__c"
23:50:29.0 (105667571)|STATEMENT_EXECUTE|[62]
23:50:29.0 (105670476)|HEAP_ALLOCATE|[62]|Bytes:15
23:50:29.0 (105674420)|HEAP_ALLOCATE|[62]|Bytes:309
23:50:29.0 (105679386)|VARIABLE_ASSIGNMENT|[62]|allfields|"Id,OwnerId,IsDeleted (289 more) ..."
23:50:29.0 (105686756)|HEAP_ALLOCATE|[61]|Bytes:5
23:50:29.0 (105691822)|HEAP_ALLOCATE|[61]|Bytes:13
23:50:29.0 (105695435)|VARIABLE_SCOPE_BEGIN|[61]|fieldname|String|false|false
23:50:29.0 (105701883)|VARIABLE_ASSIGNMENT|[61]|fieldname|"Production__c"
23:50:29.0 (105705106)|STATEMENT_EXECUTE|[62]
23:50:29.0 (105707688)|HEAP_ALLOCATE|[62]|Bytes:14
23:50:29.0 (105711708)|HEAP_ALLOCATE|[62]|Bytes:323
23:50:29.0 (105716365)|VARIABLE_ASSIGNMENT|[62]|allfields|"Id,OwnerId,IsDeleted (303 more) ..."
23:50:29.0 (105724737)|HEAP_ALLOCATE|[61]|Bytes:5
23:50:29.0 (105734715)|HEAP_ALLOCATE|[61]|Bytes:5
23:50:29.0 (105742201)|VARIABLE_SCOPE_BEGIN|[61]|fieldname|String|false|false
23:50:29.0 (105754434)|VARIABLE_ASSIGNMENT|[61]|fieldname|"QC__c"
23:50:29.0 (105760817)|STATEMENT_EXECUTE|[62]
23:50:29.0 (105766002)|HEAP_ALLOCATE|[62]|Bytes:6
23:50:29.0 (105771831)|HEAP_ALLOCATE|[62]|Bytes:329
23:50:29.0 (105777914)|VARIABLE_ASSIGNMENT|[62]|allfields|"Id,OwnerId,IsDeleted (309 more) ..."
23:50:29.0 (105787165)|HEAP_ALLOCATE|[61]|Bytes:5
23:50:29.0 (105793202)|HEAP_ALLOCATE|[61]|Bytes:11
23:50:29.0 (105797091)|VARIABLE_SCOPE_BEGIN|[61]|fieldname|String|false|false
23:50:29.0 (105804087)|VARIABLE_ASSIGNMENT|[61]|fieldname|"Delivery__c"
23:50:29.0 (105807864)|STATEMENT_EXECUTE|[62]
23:50:29.0 (105810560)|HEAP_ALLOCATE|[62]|Bytes:12
23:50:29.0 (105814161)|HEAP_ALLOCATE|[62]|Bytes:341
23:50:29.0 (105819159)|VARIABLE_ASSIGNMENT|[62]|allfields|"Id,OwnerId,IsDeleted (321 more) ..."
23:50:29.0 (105825958)|HEAP_ALLOCATE|[61]|Bytes:5
23:50:29.0 (105831699)|HEAP_ALLOCATE|[61]|Bytes:5
23:50:29.0 (105835219)|VARIABLE_SCOPE_BEGIN|[61]|fieldname|String|false|false
23:50:29.0 (105841489)|VARIABLE_ASSIGNMENT|[61]|fieldname|"QA__c"
23:50:29.0 (105844710)|STATEMENT_EXECUTE|[62]
23:50:29.0 (105847552)|HEAP_ALLOCATE|[62]|Bytes:6
23:50:29.0 (105851100)|HEAP_ALLOCATE|[62]|Bytes:347
23:50:29.0 (105855613)|VARIABLE_ASSIGNMENT|[62]|allfields|"Id,OwnerId,IsDeleted (327 more) ..."
23:50:29.0 (105862289)|HEAP_ALLOCATE|[61]|Bytes:5
23:50:29.0 (105867524)|HEAP_ALLOCATE|[61]|Bytes:25
23:50:29.0 (105871091)|VARIABLE_SCOPE_BEGIN|[61]|fieldname|String|false|false
23:50:29.0 (105878027)|VARIABLE_ASSIGNMENT|[61]|fieldname|"OffshoreProjectManag (5 more) ..."
23:50:29.0 (105881175)|STATEMENT_EXECUTE|[62]
23:50:29.0 (105883651)|HEAP_ALLOCATE|[62]|Bytes:26
23:50:29.0 (105887570)|HEAP_ALLOCATE|[62]|Bytes:373
23:50:29.0 (105892445)|VARIABLE_ASSIGNMENT|[62]|allfields|"Id,OwnerId,IsDeleted (353 more) ..."
23:50:29.0 (105898643)|HEAP_ALLOCATE|[61]|Bytes:5
23:50:29.0 (105903901)|HEAP_ALLOCATE|[61]|Bytes:12
23:50:29.0 (105907430)|VARIABLE_SCOPE_BEGIN|[61]|fieldname|String|false|false
23:50:29.0 (105914313)|VARIABLE_ASSIGNMENT|[61]|fieldname|"Team_Lead__c"
23:50:29.0 (105917623)|STATEMENT_EXECUTE|[62]
23:50:29.0 (105920080)|HEAP_ALLOCATE|[62]|Bytes:13
23:50:29.0 (105923590)|HEAP_ALLOCATE|[62]|Bytes:386
23:50:29.0 (105928265)|VARIABLE_ASSIGNMENT|[62]|allfields|"Id,OwnerId,IsDeleted (366 more) ..."
23:50:29.0 (105935176)|HEAP_ALLOCATE|[61]|Bytes:5
23:50:29.0 (105940359)|HEAP_ALLOCATE|[61]|Bytes:21
23:50:29.0 (105944101)|VARIABLE_SCOPE_BEGIN|[61]|fieldname|String|false|false
23:50:29.0 (105950990)|VARIABLE_ASSIGNMENT|[61]|fieldname|"Project_Start_Date__ (1 more) ..."
23:50:29.0 (105954202)|STATEMENT_EXECUTE|[62]
23:50:29.0 (105956575)|HEAP_ALLOCATE|[62]|Bytes:22
23:50:29.0 (105960182)|HEAP_ALLOCATE|[62]|Bytes:408
23:50:29.0 (105965036)|VARIABLE_ASSIGNMENT|[62]|allfields|"Id,OwnerId,IsDeleted (388 more) ..."
23:50:29.0 (105971360)|HEAP_ALLOCATE|[61]|Bytes:5
23:50:29.0 (105976833)|HEAP_ALLOCATE|[61]|Bytes:19
23:50:29.0 (105980338)|VARIABLE_SCOPE_BEGIN|[61]|fieldname|String|false|false
23:50:29.0 (105987051)|VARIABLE_ASSIGNMENT|[61]|fieldname|"Project_End_Date__c"
23:50:29.0 (105990546)|STATEMENT_EXECUTE|[62]
23:50:29.0 (105993020)|HEAP_ALLOCATE|[62]|Bytes:20
23:50:29.0 (105996808)|HEAP_ALLOCATE|[62]|Bytes:428
23:50:29.0 (106001335)|VARIABLE_ASSIGNMENT|[62]|allfields|"Id,OwnerId,IsDeleted (408 more) ..."
23:50:29.0 (106008535)|HEAP_ALLOCATE|[61]|Bytes:5
23:50:29.0 (106013927)|HEAP_ALLOCATE|[61]|Bytes:8
23:50:29.0 (106017557)|VARIABLE_SCOPE_BEGIN|[61]|fieldname|String|false|false
23:50:29.0 (106024264)|VARIABLE_ASSIGNMENT|[61]|fieldname|"Units__c"
23:50:29.0 (106027700)|STATEMENT_EXECUTE|[62]
23:50:29.0 (106030145)|HEAP_ALLOCATE|[62]|Bytes:9
23:50:29.0 (106034026)|HEAP_ALLOCATE|[62]|Bytes:437
23:50:29.0 (106038703)|VARIABLE_ASSIGNMENT|[62]|allfields|"Id,OwnerId,IsDeleted (417 more) ..."
23:50:29.0 (106045279)|HEAP_ALLOCATE|[61]|Bytes:5
23:50:29.0 (106050484)|HEAP_ALLOCATE|[61]|Bytes:8
23:50:29.0 (106054033)|VARIABLE_SCOPE_BEGIN|[61]|fieldname|String|false|false
23:50:29.0 (106060347)|VARIABLE_ASSIGNMENT|[61]|fieldname|"Nodes__c"
23:50:29.0 (106063533)|STATEMENT_EXECUTE|[62]
23:50:29.0 (106065992)|HEAP_ALLOCATE|[62]|Bytes:9
23:50:29.0 (106069648)|HEAP_ALLOCATE|[62]|Bytes:446
23:50:29.0 (106074319)|VARIABLE_ASSIGNMENT|[62]|allfields|"Id,OwnerId,IsDeleted (426 more) ..."
23:50:29.0 (106080964)|HEAP_ALLOCATE|[61]|Bytes:5
23:50:29.0 (106086620)|HEAP_ALLOCATE|[61]|Bytes:10
23:50:29.0 (106090439)|VARIABLE_SCOPE_BEGIN|[61]|fieldname|String|false|false
23:50:29.0 (106097101)|VARIABLE_ASSIGNMENT|[61]|fieldname|"Footage__c"
23:50:29.0 (106100292)|STATEMENT_EXECUTE|[62]
23:50:29.0 (106102747)|HEAP_ALLOCATE|[62]|Bytes:11
23:50:29.0 (106106400)|HEAP_ALLOCATE|[62]|Bytes:457
23:50:29.0 (106110943)|VARIABLE_ASSIGNMENT|[62]|allfields|"Id,OwnerId,IsDeleted (437 more) ..."
23:50:29.0 (106117067)|HEAP_ALLOCATE|[61]|Bytes:5
23:50:29.0 (106122300)|HEAP_ALLOCATE|[61]|Bytes:8
23:50:29.0 (106125795)|VARIABLE_SCOPE_BEGIN|[61]|fieldname|String|false|false
23:50:29.0 (106132152)|VARIABLE_ASSIGNMENT|[61]|fieldname|"Miles__c"
23:50:29.0 (106135304)|STATEMENT_EXECUTE|[62]
23:50:29.0 (106137727)|HEAP_ALLOCATE|[62]|Bytes:9
23:50:29.0 (106141503)|HEAP_ALLOCATE|[62]|Bytes:466
23:50:29.0 (106146007)|VARIABLE_ASSIGNMENT|[62]|allfields|"Id,OwnerId,IsDeleted (446 more) ..."
23:50:29.0 (106152245)|HEAP_ALLOCATE|[61]|Bytes:5
23:50:29.0 (106157690)|HEAP_ALLOCATE|[61]|Bytes:7
23:50:29.0 (106161852)|VARIABLE_SCOPE_BEGIN|[61]|fieldname|String|false|false
23:50:29.0 (106167923)|VARIABLE_ASSIGNMENT|[61]|fieldname|"Jobs__c"
23:50:29.0 (106170983)|STATEMENT_EXECUTE|[62]
23:50:29.0 (106173379)|HEAP_ALLOCATE|[62]|Bytes:8
23:50:29.0 (106176976)|HEAP_ALLOCATE|[62]|Bytes:474
23:50:29.0 (106181368)|VARIABLE_ASSIGNMENT|[62]|allfields|"Id,OwnerId,IsDeleted (454 more) ..."
23:50:29.0 (106187722)|HEAP_ALLOCATE|[61]|Bytes:5
23:50:29.0 (106192872)|HEAP_ALLOCATE|[61]|Bytes:8
23:50:29.0 (106196326)|VARIABLE_SCOPE_BEGIN|[61]|fieldname|String|false|false
23:50:29.0 (106203065)|VARIABLE_ASSIGNMENT|[61]|fieldname|"Hours__c"
23:50:29.0 (106206498)|STATEMENT_EXECUTE|[62]
23:50:29.0 (106208914)|HEAP_ALLOCATE|[62]|Bytes:9
23:50:29.0 (106212495)|HEAP_ALLOCATE|[62]|Bytes:483
23:50:29.0 (106216850)|VARIABLE_ASSIGNMENT|[62]|allfields|"Id,OwnerId,IsDeleted (463 more) ..."
23:50:29.0 (106223450)|HEAP_ALLOCATE|[61]|Bytes:5
23:50:29.0 (106228604)|HEAP_ALLOCATE|[61]|Bytes:7
23:50:29.0 (106232175)|VARIABLE_SCOPE_BEGIN|[61]|fieldname|String|false|false
23:50:29.0 (106239073)|VARIABLE_ASSIGNMENT|[61]|fieldname|"Team__c"
23:50:29.0 (106242047)|STATEMENT_EXECUTE|[62]
23:50:29.0 (106244415)|HEAP_ALLOCATE|[62]|Bytes:8
23:50:29.0 (106247892)|HEAP_ALLOCATE|[62]|Bytes:491
23:50:29.0 (106252426)|VARIABLE_ASSIGNMENT|[62]|allfields|"Id,OwnerId,IsDeleted (471 more) ..."
23:50:29.0 (106259130)|HEAP_ALLOCATE|[61]|Bytes:5
23:50:29.0 (106267999)|VARIABLE_ASSIGNMENT|[61]|fieldname|null
23:50:29.0 (106274737)|STATEMENT_EXECUTE|[64]
23:50:29.0 (106348561)|HEAP_ALLOCATE|[64]|Bytes:490
23:50:29.0 (106363855)|VARIABLE_ASSIGNMENT|[64]|allfields|"Id,OwnerId,IsDeleted (470 more) ..."
23:50:29.0 (106367966)|STATEMENT_EXECUTE|[66]
23:50:29.0 (106379083)|METHOD_EXIT|[16]|01p7F00000Ehro9|PM_Project_Edit_Controller.getAllFields(String)
23:50:29.0 (106385832)|HEAP_ALLOCATE|[16]|Bytes:32
23:50:29.0 (106393533)|HEAP_ALLOCATE|[16]|Bytes:529
23:50:29.0 (106955008)|SOQL_EXECUTE_BEGIN|[16]|Aggregations:0|select Id,OwnerId,IsDeleted,Name,CreatedDate,CreatedById,LastModifiedDate,LastModifiedById,SystemModstamp,LastActivityDate,LastViewedDate,LastReferencedDate,Client__c,End_Customer__c,Operation_Region__c,Work_Region__c,Client_Project_Manager__c,Project_code__c,Company_project_code__c,Project_Scope__c,Cost_Centre__c,Production__c,QC__c,Delivery__c,QA__c,OffshoreProjectManager__c,Team_Lead__c,Project_Start_Date__c,Project_End_Date__c,Units__c,Nodes__c,Footage__c,Miles__c,Jobs__c,Hours__c,Team__c from Project__c where Id = :pid
23:50:29.0 (111368845)|SOQL_EXECUTE_END|[16]|Rows:1
23:50:29.0 (111388652)|HEAP_ALLOCATE|[16]|Bytes:8
23:50:29.0 (111416060)|HEAP_ALLOCATE|[16]|Bytes:996
23:50:29.0 (111468815)|HEAP_ALLOCATE|[16]|Bytes:8
23:50:29.0 (111485334)|HEAP_ALLOCATE|[16]|Bytes:36
23:50:29.0 (111527428)|HEAP_ALLOCATE|[16]|Bytes:140
23:50:29.0 (111587108)|VARIABLE_ASSIGNMENT|[EXTERNAL]|this|{"mysObject":"0x76a176c4","nonSelectedUserId":"(","usersList":"0x1ad07271"}|0x500679c8
23:50:29.0 (111654676)|VARIABLE_ASSIGNMENT|[EXTERNAL]|value|{"Id":"a057F000002dVv5QAE","OwnerId":"0057F000000Tiz6QAC","IsDeleted":false,"Name":"tm Test","CreatedDate":"2017-12-19T10:53:33.000Z","CreatedById":"0057F000000Tiz6QAC","LastModifiedDate":"2017-12-19T11:16:32.000Z","LastModifiedById":"0057F000000Tiz6QAC","SystemModstamp":"2018-01-18T18:41:12.000Z","LastViewedDate":"2018-01-22T06:30:19.000Z","LastReferencedDate":"2018-01-22T06:30:19.000Z","Client__c":"a047F000002zkUjQAI","End_Customer__c":"tm Test","Operation_Region__c":"tm Test","Work_Region__c":"tm Test","Client_Project_Manag (5 more) ...":"tm Test","Project_code__c":"tm Test","Company_project_code (3 more) ...":"321","Project_Scope__c":"DESIGNING","Production__c":50,"QC__c":20,"Delivery__c":10,"QA__c":20,"OffshoreProjectManag (5 more) ...":"0057F000000TpcqQAC","Team_Lead__c":"0057F000000TyzfQAC","Project_Start_Date__ (1 more) ...":"2017-12-19T00:00:00.000Z","Project_End_Date__c":"2017-12-19T00:00:00.000Z","Units__c":true,"Nodes__c":true,"Footage__c":false,"Miles__c":false,"Jobs__c":false,"Hours__c":false,"Team__c":"Mani Sasank, Santhos (30 more) ..."}|0x744bc15
23:50:29.0 (111710666)|VARIABLE_ASSIGNMENT|[3]|this.mysObject|{"Id":"a057F000002dVv5QAE","OwnerId":"0057F000000Tiz6QAC","IsDeleted":false,"Name":"tm Test","CreatedDate":"2017-12-19T10:53:33.000Z","CreatedById":"0057F000000Tiz6QAC","LastModifiedDate":"2017-12-19T11:16:32.000Z","LastModifiedById":"0057F000000Tiz6QAC","SystemModstamp":"2018-01-18T18:41:12.000Z","LastViewedDate":"2018-01-22T06:30:19.000Z","LastReferencedDate":"2018-01-22T06:30:19.000Z","Client__c":"a047F000002zkUjQAI","End_Customer__c":"tm Test","Operation_Region__c":"tm Test","Work_Region__c":"tm Test","Client_Project_Manag (5 more) ...":"tm Test","Project_code__c":"tm Test","Company_project_code (3 more) ...":"321","Project_Scope__c":"DESIGNING","Production__c":50,"QC__c":20,"Delivery__c":10,"QA__c":20,"OffshoreProjectManag (5 more) ...":"0057F000000TpcqQAC","Team_Lead__c":"0057F000000TyzfQAC","Project_Start_Date__ (1 more) ...":"2017-12-19T00:00:00.000Z","Project_End_Date__c":"2017-12-19T00:00:00.000Z","Units__c":true,"Nodes__c":true,"Footage__c":false,"Miles__c":false,"Jobs__c":false,"Hours__c":false,"Team__c":"Mani Sasank, Santhos (30 more) ..."}|0x500679c8
23:50:29.0 (111734819)|STATEMENT_EXECUTE|[17]
23:50:29.0 (111789240)|VARIABLE_ASSIGNMENT|[EXTERNAL]|this|{"mysObject":"0x744bc15","nonSelectedUserId":"(","usersList":"0x1ad07271"}|0x500679c8
23:50:29.0 (111864087)|VARIABLE_ASSIGNMENT|[EXTERNAL]|this|{"mysObject":"0x744bc15","nonSelectedUserId":"(","usersList":"0x1ad07271"}|0x500679c8
23:50:29.0 (111873060)|VARIABLE_ASSIGNMENT|[EXTERNAL]|value|"tm Test"
23:50:29.0 (111881706)|VARIABLE_ASSIGNMENT|[4]|this.pName|"tm Test"|0x500679c8
23:50:29.0 (111889640)|STATEMENT_EXECUTE|[19]
23:50:29.0 (111893370)|HEAP_ALLOCATE|[19]|Bytes:86
23:50:29.0 (111910982)|HEAP_ALLOCATE|[19]|Bytes:4
23:50:29.0 (111923111)|HEAP_ALLOCATE|[19]|Bytes:7
23:50:29.0 (112157505)|SOQL_EXECUTE_BEGIN|[19]|Aggregations:0|SELECT Name, UserLink__c FROM ProjectJobAssociation__c WHERE ProjectLink__c = :tmpVar1
23:50:29.0 (114644862)|SOQL_EXECUTE_END|[19]|Rows:5
23:50:29.0 (114663808)|HEAP_ALLOCATE|[19]|Bytes:24
23:50:29.0 (114684624)|HEAP_ALLOCATE|[19]|Bytes:380
23:50:29.0 (114741949)|HEAP_ALLOCATE|[19]|Bytes:24
23:50:29.0 (114756056)|VARIABLE_SCOPE_BEGIN|[19]|pja|List<ProjectJobAssociation__c>|true|false
23:50:29.0 (114785133)|VARIABLE_ASSIGNMENT|[19]|pja|[{"Name":"A-0002","UserLink__c":"0057F000000TpdFQAS","Id":"a087F000009HOLTQA4"},{"Name":"A-0003","UserLink__c":"0057F000000TrBBQA0","Id":"a087F000009HOLUQA4"},{"Name":"A-0004","UserLink__c":"0057F000000TrBGQA0","Id":"a087F000009HOLVQA4"},{"Name":"A-0005","UserLink__c":"0057F000000TrBVQA0","Id":"a087F000009HOLWQA4"},{"Name":"A-0006","UserLink__c":"0057F000000Tz0iQAC","Id":"a087F000009HOLXQA4"}]|0x31d5c9db
23:50:29.0 (114796452)|STATEMENT_EXECUTE|[20]
23:50:29.0 (114807849)|HEAP_ALLOCATE|[20]|Bytes:4
23:50:29.0 (114875943)|VARIABLE_ASSIGNMENT|[EXTERNAL]|this|{"mysObject":"0x744bc15","nonSelectedUserId":"(","pName":"tm Test","usersList":"0x1ad07271"}|0x500679c8
23:50:29.0 (114902569)|HEAP_ALLOCATE|[EXTERNAL]|Bytes:4
23:50:29.0 (114909626)|VARIABLE_ASSIGNMENT|[EXTERNAL]|value|[]|0x36c11350
23:50:29.0 (114921055)|VARIABLE_ASSIGNMENT|[6]|this.selectedUsers|[]|0x500679c8
23:50:29.0 (115058289)|HEAP_ALLOCATE|[21]|Bytes:5
23:50:29.0 (115075786)|HEAP_ALLOCATE|[21]|Bytes:16
23:50:29.0 (115084837)|VARIABLE_SCOPE_BEGIN|[21]|spja|ProjectJobAssociation__c|true|false
23:50:29.0 (115098655)|VARIABLE_ASSIGNMENT|[21]|spja|{"Name":"A-0002","UserLink__c":"0057F000000TpdFQAS","Id":"a087F000009HOLTQA4"}|0x77d38347
23:50:29.0 (115104586)|STATEMENT_EXECUTE|[21]
23:50:29.0 (115106001)|STATEMENT_EXECUTE|[22]
23:50:29.0 (115109270)|HEAP_ALLOCATE|[22]|Bytes:45
23:50:29.0 (115120603)|HEAP_ALLOCATE|[22]|Bytes:4
23:50:29.0 (115321339)|SOQL_EXECUTE_BEGIN|[22]|Aggregations:0|SELECT Id, Name FROM User WHERE Id = :tmpVar1
23:50:29.0 (118419878)|SOQL_EXECUTE_END|[22]|Rows:1
23:50:29.0 (118437789)|HEAP_ALLOCATE|[22]|Bytes:8
23:50:29.0 (118450053)|HEAP_ALLOCATE|[22]|Bytes:48
23:50:29.0 (118505551)|HEAP_ALLOCATE|[22]|Bytes:8
23:50:29.0 (118518175)|HEAP_ALLOCATE|[22]|Bytes:30
23:50:29.0 (118546693)|HEAP_ALLOCATE|[22]|Bytes:12
23:50:29.0 (118554730)|VARIABLE_SCOPE_BEGIN|[22]|user1|User|true|false
23:50:29.0 (118572731)|VARIABLE_ASSIGNMENT|[22]|user1|{"Id":"0057F000000TpdFQAS","Name":"Mani Sasank"}|0x7d2dd3bf
23:50:29.0 (118578879)|STATEMENT_EXECUTE|[23]
23:50:29.0 (118647021)|HEAP_ALLOCATE|[23]|Bytes:18
23:50:29.0 (118664459)|HEAP_ALLOCATE|[23]|Bytes:19
23:50:29.0 (118668726)|HEAP_ALLOCATE|[23]|Bytes:20
23:50:29.0 (118680250)|VARIABLE_ASSIGNMENT|[23]|this.nonSelectedUserId|"(0057F000000TpdFQAS,"|0x500679c8
23:50:29.0 (118685760)|STATEMENT_EXECUTE|[24]
23:50:29.0 (118734331)|VARIABLE_ASSIGNMENT|[EXTERNAL]|this|{"mysObject":"0x744bc15","nonSelectedUserId":"(0057F000000TpdFQAS,","pName":"tm Test","selectedUsers":"0x36c11350","usersList":"0x1ad07271"}|0x500679c8
23:50:29.0 (118761471)|HEAP_ALLOCATE|[24]|Bytes:18
23:50:29.0 (118808997)|HEAP_ALLOCATE|[EXTERNAL]|Bytes:4
23:50:29.0 (118825870)|HEAP_ALLOCATE|[21]|Bytes:5
23:50:29.0 (118837602)|HEAP_ALLOCATE|[21]|Bytes:16
23:50:29.0 (118844785)|VARIABLE_SCOPE_BEGIN|[21]|spja|ProjectJobAssociation__c|true|false
23:50:29.0 (118859785)|VARIABLE_ASSIGNMENT|[21]|spja|{"Name":"A-0003","UserLink__c":"0057F000000TrBBQA0","Id":"a087F000009HOLUQA4"}|0x371a1474
23:50:29.0 (118865406)|STATEMENT_EXECUTE|[21]
23:50:29.0 (118866675)|STATEMENT_EXECUTE|[22]
23:50:29.0 (118877467)|HEAP_ALLOCATE|[22]|Bytes:4
23:50:29.0 (119011981)|SOQL_EXECUTE_BEGIN|[22]|Aggregations:0|SELECT Id, Name FROM User WHERE Id = :tmpVar1
23:50:29.0 (121393579)|SOQL_EXECUTE_END|[22]|Rows:1
23:50:29.0 (121410987)|HEAP_ALLOCATE|[22]|Bytes:8
23:50:29.0 (121423528)|HEAP_ALLOCATE|[22]|Bytes:45
23:50:29.0 (121451577)|HEAP_ALLOCATE|[22]|Bytes:8
23:50:29.0 (121468720)|HEAP_ALLOCATE|[22]|Bytes:12
23:50:29.0 (121475769)|VARIABLE_SCOPE_BEGIN|[22]|user1|User|true|false
23:50:29.0 (121497101)|VARIABLE_ASSIGNMENT|[22]|user1|{"Id":"0057F000000TrBBQA0","Name":"Santhosh"}|0x4d96ff85
23:50:29.0 (121503300)|STATEMENT_EXECUTE|[23]
23:50:29.0 (121528830)|HEAP_ALLOCATE|[23]|Bytes:18
23:50:29.0 (121547390)|HEAP_ALLOCATE|[23]|Bytes:19
23:50:29.0 (121551655)|HEAP_ALLOCATE|[23]|Bytes:39
23:50:29.0 (121563310)|VARIABLE_ASSIGNMENT|[23]|this.nonSelectedUserId|"(0057F000000TpdFQAS, (19 more) ..."|0x500679c8
23:50:29.0 (121569165)|STATEMENT_EXECUTE|[24]
23:50:29.0 (121600432)|VARIABLE_ASSIGNMENT|[EXTERNAL]|this|{"mysObject":"0x744bc15","nonSelectedUserId":"(0057F000000TpdFQAS, (19 more) ...","pName":"tm Test","selectedUsers":"0x36c11350","usersList":"0x1ad07271"}|0x500679c8
23:50:29.0 (121619114)|HEAP_ALLOCATE|[24]|Bytes:18
23:50:29.0 (121634117)|HEAP_ALLOCATE|[EXTERNAL]|Bytes:4
23:50:29.0 (121648516)|HEAP_ALLOCATE|[21]|Bytes:5
23:50:29.0 (121660614)|HEAP_ALLOCATE|[21]|Bytes:16
23:50:29.0 (121667454)|VARIABLE_SCOPE_BEGIN|[21]|spja|ProjectJobAssociation__c|true|false
23:50:29.0 (121681253)|VARIABLE_ASSIGNMENT|[21]|spja|{"Name":"A-0004","UserLink__c":"0057F000000TrBGQA0","Id":"a087F000009HOLVQA4"}|0x38d794fb
23:50:29.0 (121686811)|STATEMENT_EXECUTE|[21]
23:50:29.0 (121688106)|STATEMENT_EXECUTE|[22]
23:50:29.0 (121698511)|HEAP_ALLOCATE|[22]|Bytes:4
23:50:29.0 (121833347)|SOQL_EXECUTE_BEGIN|[22]|Aggregations:0|SELECT Id, Name FROM User WHERE Id = :tmpVar1
23:50:29.0 (124191394)|SOQL_EXECUTE_END|[22]|Rows:1
23:50:29.0 (124208774)|HEAP_ALLOCATE|[22]|Bytes:8
23:50:29.0 (124221159)|HEAP_ALLOCATE|[22]|Bytes:46
23:50:29.0 (124249940)|HEAP_ALLOCATE|[22]|Bytes:8
23:50:29.0 (124267132)|HEAP_ALLOCATE|[22]|Bytes:12
23:50:29.0 (124274574)|VARIABLE_SCOPE_BEGIN|[22]|user1|User|true|false
23:50:29.0 (124291687)|VARIABLE_ASSIGNMENT|[22]|user1|{"Id":"0057F000000TrBGQA0","Name":"Ravi teja"}|0x50382c89
23:50:29.0 (124297431)|STATEMENT_EXECUTE|[23]
23:50:29.0 (124322476)|HEAP_ALLOCATE|[23]|Bytes:18
23:50:29.0 (124335389)|HEAP_ALLOCATE|[23]|Bytes:19
23:50:29.0 (124339561)|HEAP_ALLOCATE|[23]|Bytes:58
23:50:29.0 (124350125)|VARIABLE_ASSIGNMENT|[23]|this.nonSelectedUserId|"(0057F000000TpdFQAS, (38 more) ..."|0x500679c8
23:50:29.0 (124355431)|STATEMENT_EXECUTE|[24]
23:50:29.0 (124385447)|VARIABLE_ASSIGNMENT|[EXTERNAL]|this|{"mysObject":"0x744bc15","nonSelectedUserId":"(0057F000000TpdFQAS, (38 more) ...","pName":"tm Test","selectedUsers":"0x36c11350","usersList":"0x1ad07271"}|0x500679c8
23:50:29.0 (124404018)|HEAP_ALLOCATE|[24]|Bytes:18
23:50:29.0 (124419265)|HEAP_ALLOCATE|[EXTERNAL]|Bytes:4
23:50:29.0 (124434055)|HEAP_ALLOCATE|[21]|Bytes:5
23:50:29.0 (124445515)|HEAP_ALLOCATE|[21]|Bytes:16
23:50:29.0 (124452552)|VARIABLE_SCOPE_BEGIN|[21]|spja|ProjectJobAssociation__c|true|false
23:50:29.0 (124466483)|VARIABLE_ASSIGNMENT|[21]|spja|{"Name":"A-0005","UserLink__c":"0057F000000TrBVQA0","Id":"a087F000009HOLWQA4"}|0x4fc6f2fc
23:50:29.0 (124471905)|STATEMENT_EXECUTE|[21]
23:50:29.0 (124473085)|STATEMENT_EXECUTE|[22]
23:50:29.0 (124483856)|HEAP_ALLOCATE|[22]|Bytes:4
23:50:29.0 (124630652)|SOQL_EXECUTE_BEGIN|[22]|Aggregations:0|SELECT Id, Name FROM User WHERE Id = :tmpVar1
23:50:29.0 (126981537)|SOQL_EXECUTE_END|[22]|Rows:1
23:50:29.0 (126998782)|HEAP_ALLOCATE|[22]|Bytes:8
23:50:29.0 (127011151)|HEAP_ALLOCATE|[22]|Bytes:46
23:50:29.0 (127040300)|HEAP_ALLOCATE|[22]|Bytes:8
23:50:29.0 (127057817)|HEAP_ALLOCATE|[22]|Bytes:12
23:50:29.0 (127064701)|VARIABLE_SCOPE_BEGIN|[22]|user1|User|true|false
23:50:29.0 (127081694)|VARIABLE_ASSIGNMENT|[22]|user1|{"Id":"0057F000000TrBVQA0","Name":"Yashwanth"}|0x75ed3d28
23:50:29.0 (127087458)|STATEMENT_EXECUTE|[23]
23:50:29.0 (127112467)|HEAP_ALLOCATE|[23]|Bytes:18
23:50:29.0 (127124864)|HEAP_ALLOCATE|[23]|Bytes:19
23:50:29.0 (127128854)|HEAP_ALLOCATE|[23]|Bytes:77
23:50:29.0 (127139506)|VARIABLE_ASSIGNMENT|[23]|this.nonSelectedUserId|"(0057F000000TpdFQAS, (57 more) ..."|0x500679c8
23:50:29.0 (127145099)|STATEMENT_EXECUTE|[24]
23:50:29.0 (127174967)|VARIABLE_ASSIGNMENT|[EXTERNAL]|this|{"mysObject":"0x744bc15","nonSelectedUserId":"(0057F000000TpdFQAS, (57 more) ...","pName":"tm Test","selectedUsers":"0x36c11350","usersList":"0x1ad07271"}|0x500679c8
23:50:29.0 (127193946)|HEAP_ALLOCATE|[24]|Bytes:18
23:50:29.0 (127209239)|HEAP_ALLOCATE|[EXTERNAL]|Bytes:4
23:50:29.0 (127224109)|HEAP_ALLOCATE|[21]|Bytes:5
23:50:29.0 (127235685)|HEAP_ALLOCATE|[21]|Bytes:16
23:50:29.0 (127242397)|VARIABLE_SCOPE_BEGIN|[21]|spja|ProjectJobAssociation__c|true|false
23:50:29.0 (127256820)|VARIABLE_ASSIGNMENT|[21]|spja|{"Name":"A-0006","UserLink__c":"0057F000000Tz0iQAC","Id":"a087F000009HOLXQA4"}|0x24e489f8
23:50:29.0 (127262564)|STATEMENT_EXECUTE|[21]
23:50:29.0 (127263729)|STATEMENT_EXECUTE|[22]
23:50:29.0 (127273769)|HEAP_ALLOCATE|[22]|Bytes:4
23:50:29.0 (127408462)|SOQL_EXECUTE_BEGIN|[22]|Aggregations:0|SELECT Id, Name FROM User WHERE Id = :tmpVar1
23:50:29.0 (129760471)|SOQL_EXECUTE_END|[22]|Rows:1
23:50:29.0 (129777994)|HEAP_ALLOCATE|[22]|Bytes:8
23:50:29.0 (129790608)|HEAP_ALLOCATE|[22]|Bytes:42
23:50:29.0 (129819257)|HEAP_ALLOCATE|[22]|Bytes:8
23:50:29.0 (129836313)|HEAP_ALLOCATE|[22]|Bytes:12
23:50:29.0 (129843007)|VARIABLE_SCOPE_BEGIN|[22]|user1|User|true|false
23:50:29.0 (129859647)|VARIABLE_ASSIGNMENT|[22]|user1|{"Id":"0057F000000Tz0iQAC","Name":"Richa"}|0x42d30c3b
23:50:29.0 (129865914)|STATEMENT_EXECUTE|[23]
23:50:29.0 (129890722)|HEAP_ALLOCATE|[23]|Bytes:18
23:50:29.0 (129902949)|HEAP_ALLOCATE|[23]|Bytes:19
23:50:29.0 (129907174)|HEAP_ALLOCATE|[23]|Bytes:96
23:50:29.0 (129917608)|VARIABLE_ASSIGNMENT|[23]|this.nonSelectedUserId|"(0057F000000TpdFQAS, (76 more) ..."|0x500679c8
23:50:29.0 (129922806)|STATEMENT_EXECUTE|[24]
23:50:29.0 (129952822)|VARIABLE_ASSIGNMENT|[EXTERNAL]|this|{"mysObject":"0x744bc15","nonSelectedUserId":"(0057F000000TpdFQAS, (76 more) ...","pName":"tm Test","selectedUsers":"0x36c11350","usersList":"0x1ad07271"}|0x500679c8
23:50:29.0 (129971233)|HEAP_ALLOCATE|[24]|Bytes:18
23:50:29.0 (129986286)|HEAP_ALLOCATE|[EXTERNAL]|Bytes:4
23:50:29.0 (130000648)|HEAP_ALLOCATE|[21]|Bytes:5
23:50:29.0 (130013843)|VARIABLE_ASSIGNMENT|[21]|spja|null|
23:50:29.0 (130018990)|STATEMENT_EXECUTE|[26]
23:50:29.0 (130067559)|STATEMENT_EXECUTE|[27]
23:50:29.0 (130072141)|HEAP_ALLOCATE|[27]|Bytes:1
23:50:29.0 (130081616)|HEAP_ALLOCATE|[27]|Bytes:97
23:50:29.0 (130091425)|VARIABLE_ASSIGNMENT|[27]|this.nonSelectedUserId|"(0057F000000TpdFQAS, (77 more) ..."|0x500679c8
23:50:29.0 (130096441)|STATEMENT_EXECUTE|[28]
23:50:29.0 (130098709)|HEAP_ALLOCATE|[28]|Bytes:46
23:50:29.0 (130103867)|HEAP_ALLOCATE|[28]|Bytes:143
23:50:29.0 (130136482)|USER_DEBUG|[28]|DEBUG|----------------------------------------------(0057F000000TpdFQAS,0057F000000TrBBQA0,0057F000000TrBGQA0,0057F000000TrBVQA0,0057F000000Tz0iQAC,)
23:50:29.0 (130150945)|SYSTEM_MODE_EXIT|false
23:50:29.0 (130256483)|SYSTEM_MODE_ENTER|true
23:50:29.0 (143307192)|SYSTEM_MODE_ENTER|true
23:50:29.0 (143364145)|HEAP_ALLOCATE|[EXTERNAL]|Bytes:164
23:50:29.0 (143374087)|HEAP_ALLOCATE|[EXTERNAL]|Bytes:12
23:50:29.0 (143384191)|METHOD_ENTRY|[5]|01p7F00000Ehg8E|MultiselectController.MultiselectController()
23:50:29.0 (143389378)|STATEMENT_EXECUTE|[5]
23:50:29.0 (143393094)|STATEMENT_EXECUTE|[5]
23:50:29.0 (143405159)|SYSTEM_MODE_ENTER|false
23:50:29.0 (143412701)|HEAP_ALLOCATE|[EXTERNAL]|Bytes:5
23:50:29.0 (143421077)|SYSTEM_MODE_EXIT|false
23:50:29.0 (143429824)|METHOD_EXIT|[5]|MultiselectController
23:50:29.0 (143445782)|HEAP_ALLOCATE|[EXTERNAL]|Bytes:20
23:50:29.0 (143452442)|VARIABLE_SCOPE_BEGIN|[5]|this|MultiselectController|true|false
23:50:29.0 (143492425)|VARIABLE_ASSIGNMENT|[5]|this|{}|0x7fcb4514
23:50:29.0 (143509500)|SYSTEM_MODE_ENTER|false
23:50:29.0 (143515569)|HEAP_ALLOCATE|[EXTERNAL]|Bytes:5
23:50:29.0 (143537912)|SYSTEM_MODE_EXIT|false
23:50:29.0 (143541953)|STATEMENT_EXECUTE|[5]
23:50:29.0 (143553508)|SYSTEM_MODE_ENTER|false
23:50:29.0 (143558104)|HEAP_ALLOCATE|[EXTERNAL]|Bytes:5
23:50:29.0 (143561468)|STATEMENT_EXECUTE|[7]
23:50:29.0 (143562658)|STATEMENT_EXECUTE|[8]
23:50:29.0 (143563599)|STATEMENT_EXECUTE|[23]
23:50:29.0 (143564669)|STATEMENT_EXECUTE|[31]
23:50:29.0 (143566399)|SYSTEM_MODE_EXIT|false
23:50:29.0 (143717269)|SYSTEM_MODE_ENTER|true
23:50:29.0 (143756369)|HEAP_ALLOCATE|[EXTERNAL]|Bytes:24
23:50:29.0 (143852433)|VARIABLE_SCOPE_BEGIN|[31]|this|PM_Project_Edit_Controller|true|false
23:50:29.0 (143888843)|VARIABLE_ASSIGNMENT|[31]|this|{"mysObject":"0x744bc15","nonSelectedUserId":"(0057F000000TpdFQAS, (77 more) ...","pName":"tm Test","selectedUsers":"0x36c11350","usersList":"0x1ad07271"}|0x500679c8
23:50:29.0 (143912541)|SYSTEM_MODE_ENTER|false
23:50:29.0 (143919308)|HEAP_ALLOCATE|[32]|Bytes:5
23:50:29.0 (143923876)|STATEMENT_EXECUTE|[31]
23:50:29.0 (143925068)|STATEMENT_EXECUTE|[32]
23:50:29.0 (143927789)|HEAP_ALLOCATE|[32]|Bytes:62
23:50:29.0 (143940771)|HEAP_ALLOCATE|[32]|Bytes:4
23:50:29.0 (144119901)|SOQL_EXECUTE_BEGIN|[32]|Aggregations:0|SELECT Id, Name FROM UserRole WHERE Name = 'Software Engineer'
23:50:29.0 (147552327)|SOQL_EXECUTE_END|[32]|Rows:1
23:50:29.0 (147573210)|HEAP_ALLOCATE|[32]|Bytes:8
23:50:29.0 (147587391)|HEAP_ALLOCATE|[32]|Bytes:54
23:50:29.0 (147651076)|HEAP_ALLOCATE|[32]|Bytes:8
23:50:29.0 (147664283)|HEAP_ALLOCATE|[32]|Bytes:34
23:50:29.0 (147701559)|HEAP_ALLOCATE|[32]|Bytes:12
23:50:29.0 (147709607)|VARIABLE_SCOPE_BEGIN|[32]|userRole|UserRole|true|false
23:50:29.0 (147738309)|VARIABLE_ASSIGNMENT|[32]|userRole|{"Id":"00E7F000000MdriUAC","Name":"Software Engineer"}|0x4aaab276
23:50:29.0 (147745804)|STATEMENT_EXECUTE|[33]
23:50:29.0 (147749530)|HEAP_ALLOCATE|[33]|Bytes:32
23:50:29.0 (147753620)|HEAP_ALLOCATE|[33]|Bytes:71
23:50:29.0 (147763836)|HEAP_ALLOCATE|[33]|Bytes:168
23:50:29.0 (148332965)|EXCEPTION_THROWN|[33]|System.QueryException: expecting a right parentheses, found 'F000000TpdFQAS'
23:50:29.0 (148438745)|HEAP_ALLOCATE|[33]|Bytes:57
23:50:29.0 (148464261)|SYSTEM_MODE_EXIT|false
23:50:29.0 (148548824)|FATAL_ERROR|System.QueryException: expecting a right parentheses, found 'F000000TpdFQAS'

Class.PM_Project_Edit_Controller.getUsersList: line 33, column 1
