36.0 APEX_CODE,FINEST;APEX_PROFILING,INFO;CALLOUT,INFO;DB,INFO;SYSTEM,DEBUG;VALIDATION,INFO;VISUALFORCE,INFO;WAVE,INFO;WORKFLOW,INFO
02:29:47.0 (298740)|USER_INFO|[EXTERNAL]|0057F000000Tiz6|ksb994@salesforce.com|Pacific Standard Time|GMT-08:00
02:29:47.0 (330650)|EXECUTION_STARTED
02:29:47.0 (335757)|CODE_UNIT_STARTED|[EXTERNAL]|0667F000004uJm5|VF: /apex/PM_Project_New
02:29:47.0 (455733)|VF_DESERIALIZE_VIEWSTATE_BEGIN|0667F000004uJm5
02:29:47.0 (7027052)|HEAP_ALLOCATE|[72]|Bytes:3
02:29:47.0 (7069249)|HEAP_ALLOCATE|[77]|Bytes:152
02:29:47.0 (7082632)|HEAP_ALLOCATE|[342]|Bytes:408
02:29:47.0 (7095770)|HEAP_ALLOCATE|[355]|Bytes:408
02:29:47.0 (7108216)|HEAP_ALLOCATE|[467]|Bytes:48
02:29:47.0 (7134218)|HEAP_ALLOCATE|[139]|Bytes:6
02:29:47.0 (11410570)|VF_DESERIALIZE_VIEWSTATE_END
02:29:47.15 (15209633)|SYSTEM_MODE_ENTER|true
02:29:47.15 (15273584)|HEAP_ALLOCATE|[EXTERNAL]|Bytes:38
02:29:47.15 (15281771)|HEAP_ALLOCATE|[EXTERNAL]|Bytes:7
02:29:47.15 (15290138)|SYSTEM_METHOD_ENTRY|[1]|PageMessagesComponentController.PageMessagesComponentController()
02:29:47.15 (15294974)|STATEMENT_EXECUTE|[1]
02:29:47.16 (16066966)|SYSTEM_MODE_ENTER|true
02:29:47.16 (16111565)|HEAP_ALLOCATE|[EXTERNAL]|Bytes:8
02:29:47.16 (16119124)|VARIABLE_SCOPE_BEGIN|[88]|this|ApexPage.PageMessagesComponentController|true|false
02:29:47.16 (16151622)|VARIABLE_ASSIGNMENT|[88]|this|{}|0xa64a2a0
02:29:47.16 (16157375)|VARIABLE_SCOPE_BEGIN|[88]|escape|Boolean|false|false
02:29:47.16 (16164926)|VARIABLE_ASSIGNMENT|[88]|escape|null
02:29:47.0 (21880619)|SYSTEM_MODE_ENTER|true
02:29:47.0 (21907854)|HEAP_ALLOCATE|[EXTERNAL]|Bytes:164
02:29:47.0 (21915627)|HEAP_ALLOCATE|[EXTERNAL]|Bytes:12
02:29:47.0 (21924266)|METHOD_ENTRY|[5]|01p7F00000Ehg8E|MultiselectController.MultiselectController()
02:29:47.0 (21929201)|STATEMENT_EXECUTE|[5]
02:29:47.0 (21932593)|STATEMENT_EXECUTE|[5]
02:29:47.0 (21942833)|SYSTEM_MODE_ENTER|false
02:29:47.0 (21950485)|HEAP_ALLOCATE|[EXTERNAL]|Bytes:5
02:29:47.0 (21958624)|SYSTEM_MODE_EXIT|false
02:29:47.0 (21965295)|METHOD_EXIT|[5]|MultiselectController
02:29:47.0 (22087217)|SYSTEM_MODE_ENTER|true
02:29:47.0 (22304694)|SYSTEM_MODE_ENTER|true
02:29:47.0 (22517300)|HEAP_ALLOCATE|[EXTERNAL]|Bytes:92
02:29:47.0 (22524374)|HEAP_ALLOCATE|[EXTERNAL]|Bytes:9
02:29:47.0 (22531124)|METHOD_ENTRY|[1]|01p7F00000EhPEd|Project_PM_Controller.Project_PM_Controller()
02:29:47.0 (22535148)|STATEMENT_EXECUTE|[1]
02:29:47.0 (22537972)|STATEMENT_EXECUTE|[1]
02:29:47.0 (22547055)|SYSTEM_MODE_ENTER|false
02:29:47.0 (22552980)|HEAP_ALLOCATE|[EXTERNAL]|Bytes:5
02:29:47.0 (22558381)|SYSTEM_MODE_EXIT|false
02:29:47.0 (22564217)|METHOD_EXIT|[1]|Project_PM_Controller
02:29:47.0 (22574257)|HEAP_ALLOCATE|[EXTERNAL]|Bytes:20
02:29:47.0 (22580347)|VARIABLE_SCOPE_BEGIN|[14]|this|Project_PM_Controller|true|false
02:29:47.0 (22783315)|VARIABLE_ASSIGNMENT|[14]|this|{"controller":"StandardController [[Project__c (]]","project":"0x66b8384c","selectedUsers":"0x24b7a935","usersList":"0x32e2fd4e"}|0x432be89b
02:29:47.0 (22803510)|SYSTEM_MODE_ENTER|false
02:29:47.0 (22809861)|HEAP_ALLOCATE|[15]|Bytes:5
02:29:47.0 (22814030)|STATEMENT_EXECUTE|[14]
02:29:47.0 (22815180)|STATEMENT_EXECUTE|[15]
02:29:47.0 (22818148)|HEAP_ALLOCATE|[15]|Bytes:62
02:29:47.0 (22834252)|HEAP_ALLOCATE|[15]|Bytes:4
02:29:47.0 (24174882)|SOQL_EXECUTE_BEGIN|[15]|Aggregations:0|SELECT Id, Name FROM User WHERE UserRoleId = '00E7F000000Mdri'
02:29:47.0 (30301350)|SOQL_EXECUTE_END|[15]|Rows:6
02:29:47.0 (30322945)|HEAP_ALLOCATE|[15]|Bytes:28
02:29:47.0 (30344513)|HEAP_ALLOCATE|[15]|Bytes:271
02:29:47.0 (30410352)|HEAP_ALLOCATE|[15]|Bytes:28
02:29:47.0 (30424230)|VARIABLE_SCOPE_BEGIN|[15]|users|List<User>|true|false
02:29:47.0 (30441969)|VARIABLE_ASSIGNMENT|[15]|users|"List of size 6 too large to display"|0x41c5e39d
02:29:47.0 (30606099)|HEAP_ALLOCATE|[16]|Bytes:5
02:29:47.0 (30625080)|HEAP_ALLOCATE|[16]|Bytes:12
02:29:47.0 (30634676)|VARIABLE_SCOPE_BEGIN|[16]|usr|User|true|false
02:29:47.0 (30650765)|VARIABLE_ASSIGNMENT|[16]|usr|{"Id":"0057F000000TpdFQAS","Name":"Mani Sasank"}|0x6a6140af
02:29:47.0 (30656290)|STATEMENT_EXECUTE|[16]
02:29:47.0 (30657534)|STATEMENT_EXECUTE|[17]
02:29:47.0 (30700937)|HEAP_ALLOCATE|[17]|Bytes:18
02:29:47.0 (30763206)|HEAP_ALLOCATE|[EXTERNAL]|Bytes:4
02:29:47.0 (30778965)|HEAP_ALLOCATE|[16]|Bytes:5
02:29:47.0 (30789004)|HEAP_ALLOCATE|[16]|Bytes:12
02:29:47.0 (30794671)|VARIABLE_SCOPE_BEGIN|[16]|usr|User|true|false
02:29:47.0 (30806777)|VARIABLE_ASSIGNMENT|[16]|usr|{"Id":"0057F000000TrBBQA0","Name":"Santhosh"}|0x6c4d3206
02:29:47.0 (30811862)|STATEMENT_EXECUTE|[16]
02:29:47.0 (30812919)|STATEMENT_EXECUTE|[17]
02:29:47.0 (30821397)|HEAP_ALLOCATE|[17]|Bytes:18
02:29:47.0 (30832580)|HEAP_ALLOCATE|[EXTERNAL]|Bytes:4
02:29:47.0 (30841247)|HEAP_ALLOCATE|[16]|Bytes:5
02:29:47.0 (30848846)|HEAP_ALLOCATE|[16]|Bytes:12
02:29:47.0 (30853560)|VARIABLE_SCOPE_BEGIN|[16]|usr|User|true|false
02:29:47.0 (30863833)|VARIABLE_ASSIGNMENT|[16]|usr|{"Id":"0057F000000TrBGQA0","Name":"Ravi teja"}|0x41a47986
02:29:47.0 (30869002)|STATEMENT_EXECUTE|[16]
02:29:47.0 (30869889)|STATEMENT_EXECUTE|[17]
02:29:47.0 (30875187)|HEAP_ALLOCATE|[17]|Bytes:18
02:29:47.0 (30883461)|HEAP_ALLOCATE|[EXTERNAL]|Bytes:4
02:29:47.0 (30890996)|HEAP_ALLOCATE|[16]|Bytes:5
02:29:47.0 (30897474)|HEAP_ALLOCATE|[16]|Bytes:12
02:29:47.0 (30901858)|VARIABLE_SCOPE_BEGIN|[16]|usr|User|true|false
02:29:47.0 (30910636)|VARIABLE_ASSIGNMENT|[16]|usr|{"Id":"0057F000000TrBVQA0","Name":"Yashwanth"}|0x39797b5d
02:29:47.0 (30915536)|STATEMENT_EXECUTE|[16]
02:29:47.0 (30916418)|STATEMENT_EXECUTE|[17]
02:29:47.0 (30920952)|HEAP_ALLOCATE|[17]|Bytes:18
02:29:47.0 (30928488)|HEAP_ALLOCATE|[EXTERNAL]|Bytes:4
02:29:47.0 (30936224)|HEAP_ALLOCATE|[16]|Bytes:5
02:29:47.0 (30942536)|HEAP_ALLOCATE|[16]|Bytes:12
02:29:47.0 (30946716)|VARIABLE_SCOPE_BEGIN|[16]|usr|User|true|false
02:29:47.0 (30955206)|VARIABLE_ASSIGNMENT|[16]|usr|{"Id":"0057F000000Tz0iQAC","Name":"Richa"}|0x59fd30e5
02:29:47.0 (30959505)|STATEMENT_EXECUTE|[16]
02:29:47.0 (30960861)|STATEMENT_EXECUTE|[17]
02:29:47.0 (30965535)|HEAP_ALLOCATE|[17]|Bytes:18
02:29:47.0 (30973078)|HEAP_ALLOCATE|[EXTERNAL]|Bytes:4
02:29:47.0 (30980357)|HEAP_ALLOCATE|[16]|Bytes:5
02:29:47.0 (30986410)|HEAP_ALLOCATE|[16]|Bytes:12
02:29:47.0 (30990241)|VARIABLE_SCOPE_BEGIN|[16]|usr|User|true|false
02:29:47.0 (30999099)|VARIABLE_ASSIGNMENT|[16]|usr|{"Id":"0057F000000Tz0sQAC","Name":"Veeresh"}|0x5c25e4de
02:29:47.0 (31003466)|STATEMENT_EXECUTE|[16]
02:29:47.0 (31004863)|STATEMENT_EXECUTE|[17]
02:29:47.0 (31009311)|HEAP_ALLOCATE|[17]|Bytes:18
02:29:47.0 (31016691)|HEAP_ALLOCATE|[EXTERNAL]|Bytes:4
02:29:47.0 (31024105)|HEAP_ALLOCATE|[16]|Bytes:5
02:29:47.0 (31031811)|VARIABLE_ASSIGNMENT|[16]|usr|null|
02:29:47.0 (31036021)|STATEMENT_EXECUTE|[19]
02:29:47.0 (31040944)|SYSTEM_MODE_EXIT|false
02:29:47.0 (31145382)|SYSTEM_MODE_ENTER|true
02:29:47.0 (31195605)|HEAP_ALLOCATE|[EXTERNAL]|Bytes:52
02:29:47.0 (31203480)|HEAP_ALLOCATE|[EXTERNAL]|Bytes:20
02:29:47.0 (31215035)|VARIABLE_ASSIGNMENT|[EXTERNAL]|this.leftOptions|"List of size 12 too large to display"|0x634eb1a6
02:29:47.0 (31297841)|SYSTEM_MODE_ENTER|true
02:29:47.0 (31348560)|SYSTEM_MODE_ENTER|true
02:29:47.0 (31372163)|HEAP_ALLOCATE|[EXTERNAL]|Bytes:4
02:29:47.0 (31376345)|HEAP_ALLOCATE|[EXTERNAL]|Bytes:20
02:29:47.0 (31384784)|VARIABLE_ASSIGNMENT|[EXTERNAL]|this.rightOptions|[]|0x634eb1a6
02:29:47.36 (36122387)|CUMULATIVE_LIMIT_USAGE
02:29:47.36 (36122387)|LIMIT_USAGE_FOR_NS|(default)|
  Number of SOQL queries: 1 out of 100
  Number of query rows: 6 out of 50000
  Number of SOSL queries: 0 out of 20
  Number of DML statements: 0 out of 150
  Number of DML rows: 0 out of 10000
  Maximum CPU time: 0 out of 10000
  Maximum heap size: 0 out of 6000000
  Number of callouts: 0 out of 100
  Number of Email Invocations: 0 out of 10
  Number of future calls: 0 out of 50
  Number of queueable jobs added to the queue: 0 out of 50
  Number of Mobile Apex push calls: 0 out of 10

02:29:47.36 (36122387)|CUMULATIVE_LIMIT_USAGE_END

02:29:47.0 (36156006)|CODE_UNIT_FINISHED|VF: /apex/PM_Project_New
02:29:47.0 (36957840)|EXECUTION_FINISHED
