41.0 APEX_CODE,FINEST;APEX_PROFILING,INFO;CALLOUT,INFO;DB,INFO;SYSTEM,DEBUG;VALIDATION,INFO;VISUALFORCE,INFO;WAVE,INFO;WORKFLOW,INFO
07:48:45.0 (49288)|USER_INFO|[EXTERNAL]|0057F000000Tiz6|ksb994@salesforce.com|Pacific Standard Time|GMT-08:00
07:48:45.0 (79711)|EXECUTION_STARTED
07:48:45.0 (83090)|CODE_UNIT_STARTED|[EXTERNAL]|0667F000004uMWq|VF: /apex/PM_Project_View
07:48:45.0 (2794489)|SYSTEM_MODE_ENTER|true
07:48:45.0 (3043929)|HEAP_ALLOCATE|[72]|Bytes:3
07:48:45.0 (3082924)|HEAP_ALLOCATE|[77]|Bytes:152
07:48:45.0 (3098765)|HEAP_ALLOCATE|[342]|Bytes:408
07:48:45.0 (3113969)|HEAP_ALLOCATE|[355]|Bytes:408
07:48:45.0 (3126555)|HEAP_ALLOCATE|[467]|Bytes:48
07:48:45.0 (3152107)|HEAP_ALLOCATE|[139]|Bytes:6
07:48:45.0 (3203028)|HEAP_ALLOCATE|[EXTERNAL]|Bytes:88
07:48:45.0 (3208378)|HEAP_ALLOCATE|[EXTERNAL]|Bytes:9
07:48:45.0 (3216862)|METHOD_ENTRY|[1]|01p7F00000EhrfL|PM_Project_EditRedirect_Controller.PM_Project_EditRedirect_Controller()
07:48:45.0 (3222287)|STATEMENT_EXECUTE|[1]
07:48:45.0 (3226696)|STATEMENT_EXECUTE|[1]
07:48:45.0 (3264494)|HEAP_ALLOCATE|[50]|Bytes:5
07:48:45.0 (3286999)|HEAP_ALLOCATE|[56]|Bytes:5
07:48:45.0 (3293747)|HEAP_ALLOCATE|[64]|Bytes:7
07:48:45.0 (3316565)|SYSTEM_MODE_ENTER|false
07:48:45.0 (3326962)|HEAP_ALLOCATE|[EXTERNAL]|Bytes:5
07:48:45.0 (3334190)|SYSTEM_MODE_EXIT|false
07:48:45.0 (3341403)|METHOD_EXIT|[1]|PM_Project_EditRedirect_Controller
07:48:45.0 (3346730)|HEAP_ALLOCATE|[EXTERNAL]|Bytes:8
07:48:45.0 (3358495)|VARIABLE_SCOPE_BEGIN|[8]|this|PM_Project_EditRedirect_Controller|true|false
07:48:45.0 (3395874)|VARIABLE_ASSIGNMENT|[8]|this|{}|0x2ef18a4b
07:48:45.0 (3402347)|VARIABLE_SCOPE_BEGIN|[8]|stdController|ApexPages.StandardController|true|false
07:48:45.0 (3537096)|VARIABLE_ASSIGNMENT|[8]|stdController|"StandardController [null]"|0x245bf33f
07:48:45.0 (3556810)|SYSTEM_MODE_ENTER|false
07:48:45.0 (3562416)|HEAP_ALLOCATE|[9]|Bytes:5
07:48:45.0 (3567125)|STATEMENT_EXECUTE|[1]
07:48:45.0 (3571491)|HEAP_ALLOCATE|[9]|Bytes:5
07:48:45.0 (3574214)|STATEMENT_EXECUTE|[3]
07:48:45.0 (3582565)|HEAP_ALLOCATE|[9]|Bytes:6
07:48:45.0 (3609364)|STATEMENT_EXECUTE|[8]
07:48:45.0 (3610737)|STATEMENT_EXECUTE|[9]
07:48:45.0 (7896104)|HEAP_ALLOCATE|[9]|Bytes:8
07:48:45.0 (7936341)|VARIABLE_ASSIGNMENT|[EXTERNAL]|this|{}|0x2ef18a4b
07:48:45.0 (7950242)|VARIABLE_ASSIGNMENT|[EXTERNAL]|value|{"Id":"a057F0000039WIhQAM"}|0xfee78c
07:48:45.0 (7961969)|VARIABLE_ASSIGNMENT|[3]|this.mysObject|{"Id":"a057F0000039WIhQAM"}|0x2ef18a4b
07:48:45.0 (7972515)|SYSTEM_MODE_EXIT|false
07:48:45.0 (8032574)|SYSTEM_MODE_ENTER|true
07:48:45.0 (50329919)|VF_SERIALIZE_VIEWSTATE_BEGIN|0667F000004uMWq
07:48:45.0 (51680916)|VF_SERIALIZE_VIEWSTATE_END
07:48:45.54 (54036667)|CUMULATIVE_LIMIT_USAGE
07:48:45.54 (54036667)|LIMIT_USAGE_FOR_NS|(default)|
  Number of SOQL queries: 0 out of 100
  Number of query rows: 0 out of 50000
  Number of SOSL queries: 0 out of 20
  Number of DML statements: 0 out of 150
  Number of DML rows: 0 out of 10000
  Maximum CPU time: 0 out of 10000
  Maximum heap size: 0 out of 6000000
  Number of callouts: 0 out of 100
  Number of Email Invocations: 0 out of 10
  Number of future calls: 0 out of 50
  Number of queueable jobs added to the queue: 0 out of 50
  Number of Mobile Apex push calls: 0 out of 10

07:48:45.54 (54036667)|CUMULATIVE_LIMIT_USAGE_END

07:48:45.0 (54080400)|CODE_UNIT_FINISHED|VF: /apex/PM_Project_View
07:48:45.0 (54820772)|EXECUTION_FINISHED
