36.0 APEX_CODE,FINEST;APEX_PROFILING,INFO;CALLOUT,INFO;DB,INFO;SYSTEM,DEBUG;VALIDATION,INFO;VISUALFORCE,INFO;WAVE,INFO;WORKFLOW,INFO
02:52:19.0 (50776)|USER_INFO|[EXTERNAL]|0057F000000Tiz6|ksb994@salesforce.com|Pacific Standard Time|GMT-08:00
02:52:19.0 (84455)|EXECUTION_STARTED
02:52:19.0 (88176)|CODE_UNIT_STARTED|[EXTERNAL]|0667F000005aHSA|VF: /apex/PM_Job_New
02:52:19.5 (5745418)|SYSTEM_MODE_ENTER|true
02:52:19.5 (5846357)|HEAP_ALLOCATE|[72]|Bytes:3
02:52:19.5 (5872524)|HEAP_ALLOCATE|[77]|Bytes:152
02:52:19.5 (5883852)|HEAP_ALLOCATE|[342]|Bytes:408
02:52:19.5 (5897543)|HEAP_ALLOCATE|[355]|Bytes:408
02:52:19.5 (5910330)|HEAP_ALLOCATE|[467]|Bytes:48
02:52:19.6 (6146865)|SYSTEM_MODE_ENTER|true
02:52:19.6 (6195981)|HEAP_ALLOCATE|[EXTERNAL]|Bytes:8
02:52:19.6 (6203167)|VARIABLE_SCOPE_BEGIN|[88]|this|ApexPage.PageMessagesComponentController|true|false
02:52:19.6 (6234062)|VARIABLE_ASSIGNMENT|[88]|this|{}|0x7469906c
02:52:19.6 (6240132)|VARIABLE_SCOPE_BEGIN|[88]|escape|Boolean|false|false
02:52:19.6 (6246708)|VARIABLE_ASSIGNMENT|[88]|escape|null
02:52:19.6 (6394531)|SYSTEM_MODE_ENTER|true
02:52:19.6 (6423620)|HEAP_ALLOCATE|[EXTERNAL]|Bytes:8
02:52:19.6 (6429571)|VARIABLE_SCOPE_BEGIN|[2]|this|ApexPage.PageMessagesComponentController|true|false
02:52:19.6 (6445858)|VARIABLE_ASSIGNMENT|[2]|this|{}|0x7469906c
02:52:19.0 (9986055)|SYSTEM_MODE_ENTER|true
02:52:19.0 (10217437)|HEAP_ALLOCATE|[EXTERNAL]|Bytes:260
02:52:19.0 (10226593)|HEAP_ALLOCATE|[EXTERNAL]|Bytes:41
02:52:19.0 (10230338)|HEAP_ALLOCATE|[EXTERNAL]|Bytes:8
02:52:19.0 (10253919)|METHOD_ENTRY|[1]|01p7F00000HhQR4|PM_Job_New_Controller.PM_Job_New_Controller()
02:52:19.0 (10259147)|STATEMENT_EXECUTE|[1]
02:52:19.0 (10262953)|STATEMENT_EXECUTE|[1]
02:52:19.0 (10273602)|SYSTEM_MODE_ENTER|false
02:52:19.0 (10280678)|HEAP_ALLOCATE|[EXTERNAL]|Bytes:5
02:52:19.0 (10287305)|SYSTEM_MODE_EXIT|false
02:52:19.0 (10293743)|METHOD_EXIT|[1]|PM_Job_New_Controller
02:52:19.0 (10364238)|HEAP_ALLOCATE|[EXTERNAL]|Bytes:40
02:52:19.0 (10376330)|VARIABLE_SCOPE_BEGIN|[16]|this|PM_Job_New_Controller|true|false
02:52:19.0 (10422302)|VARIABLE_ASSIGNMENT|[16]|this|{}|0x50b5f76b
02:52:19.0 (10429111)|VARIABLE_SCOPE_BEGIN|[16]|stdController|ApexPages.StandardController|true|false
02:52:19.0 (10553766)|VARIABLE_ASSIGNMENT|[16]|stdController|"StandardController [null]"|0x4974b757
02:52:19.0 (10573170)|SYSTEM_MODE_ENTER|false
02:52:19.0 (10579324)|HEAP_ALLOCATE|[17]|Bytes:5
02:52:19.0 (10584176)|STATEMENT_EXECUTE|[1]
02:52:19.0 (10588980)|HEAP_ALLOCATE|[17]|Bytes:5
02:52:19.0 (10591673)|STATEMENT_EXECUTE|[3]
02:52:19.0 (10593206)|STATEMENT_EXECUTE|[4]
02:52:19.0 (10594210)|STATEMENT_EXECUTE|[5]
02:52:19.0 (10595100)|STATEMENT_EXECUTE|[6]
02:52:19.0 (10595873)|STATEMENT_EXECUTE|[7]
02:52:19.0 (10596653)|STATEMENT_EXECUTE|[8]
02:52:19.0 (10597415)|STATEMENT_EXECUTE|[9]
02:52:19.0 (10598193)|STATEMENT_EXECUTE|[10]
02:52:19.0 (10599134)|STATEMENT_EXECUTE|[11]
02:52:19.0 (10614276)|STATEMENT_EXECUTE|[16]
02:52:19.0 (10615296)|STATEMENT_EXECUTE|[17]
02:52:19.0 (10729048)|HEAP_ALLOCATE|[17]|Bytes:4
02:52:19.0 (10749799)|VARIABLE_ASSIGNMENT|[17]|this.job|{}|0x50b5f76b
02:52:19.0 (10755033)|STATEMENT_EXECUTE|[18]
02:52:19.0 (10757706)|HEAP_ALLOCATE|[18]|Bytes:46
02:52:19.0 (10771436)|HEAP_ALLOCATE|[18]|Bytes:4
02:52:19.0 (11020423)|SOQL_EXECUTE_BEGIN|[18]|Aggregations:0|SELECT Company_project_code__c FROM Project__c
02:52:19.0 (12817627)|SOQL_EXECUTE_END|[18]|Rows:24
02:52:19.0 (12835136)|HEAP_ALLOCATE|[18]|Bytes:100
02:52:19.0 (12868354)|HEAP_ALLOCATE|[18]|Bytes:1692
02:52:19.0 (12896391)|HEAP_ALLOCATE|[18]|Bytes:100
02:52:19.0 (12943864)|VARIABLE_ASSIGNMENT|[EXTERNAL]|this|{"job":"0x5a198c43"}|0x50b5f76b
02:52:19.0 (12958731)|VARIABLE_ASSIGNMENT|[EXTERNAL]|value|"List of size 24 too large to display"|0x672c83e6
02:52:19.0 (12969787)|VARIABLE_ASSIGNMENT|[4]|this.projectList|"List of size 24 too large to display"|0x50b5f76b
02:52:19.0 (12977568)|STATEMENT_EXECUTE|[19]
02:52:19.0 (12981270)|HEAP_ALLOCATE|[19]|Bytes:7
02:52:19.0 (12985085)|HEAP_ALLOCATE|[19]|Bytes:4
02:52:19.0 (12996918)|METHOD_ENTRY|[19]|01p7F00000HhQR4|PM_Job_New_Controller.getAllFields(String)
02:52:19.0 (13012866)|VARIABLE_SCOPE_BEGIN|[83]|sobjectname|String|false|false
02:52:19.0 (13021811)|VARIABLE_ASSIGNMENT|[83]|sobjectname|"Task"
02:52:19.0 (13037845)|HEAP_ALLOCATE|[84]|Bytes:5
02:52:19.0 (13042090)|STATEMENT_EXECUTE|[83]
02:52:19.0 (23163488)|HEAP_ALLOCATE|[84]|Bytes:1468
02:52:19.0 (23196505)|STATEMENT_EXECUTE|[84]
02:52:19.0 (23198729)|STATEMENT_EXECUTE|[87]
02:52:19.0 (26575307)|HEAP_ALLOCATE|[87]|Bytes:1468
02:52:19.0 (26776261)|HEAP_ALLOCATE|[87]|Bytes:4
02:52:19.0 (26821235)|HEAP_ALLOCATE|[87]|Bytes:4
02:52:19.0 (27336900)|HEAP_ALLOCATE|[87]|Bytes:160
02:52:19.0 (27349944)|VARIABLE_SCOPE_BEGIN|[87]|fields|Map<String,Schema.SObjectField>|true|false
02:52:19.0 (27516440)|VARIABLE_ASSIGNMENT|[87]|fields|"{accountid=AccountId, activitydate=ActivityDate, calldisposition=CallDisposition, calldurationinseconds=CallDurationInSeconds, callobject=CallObject, calltype=CallType, createdbyid=CreatedById, createddate=CreatedDate, description=Description, id=Id, ...}"|0x1c99c138
02:52:19.0 (27528860)|STATEMENT_EXECUTE|[88]
02:52:19.0 (27541135)|HEAP_ALLOCATE|[88]|Bytes:4
02:52:19.0 (27570841)|VARIABLE_SCOPE_BEGIN|[88]|accessiblefields|List<String>|true|false
02:52:19.0 (27594150)|HEAP_ALLOCATE|[EXTERNAL]|Bytes:4
02:52:19.0 (27605629)|VARIABLE_ASSIGNMENT|[88]|accessiblefields|[]|0x3a8a688d
02:52:19.0 (27653706)|HEAP_ALLOCATE|[EXTERNAL]|Bytes:160
02:52:19.0 (27671107)|HEAP_ALLOCATE|[89]|Bytes:160
02:52:19.0 (27701677)|HEAP_ALLOCATE|[89]|Bytes:5
02:52:19.0 (27720670)|VARIABLE_SCOPE_BEGIN|[89]|field|Schema.SObjectField|true|false
02:52:19.0 (27782118)|VARIABLE_ASSIGNMENT|[89]|field|"common.apex.runtime.impl.ApexFieldToken@14b2daec"|0x14b2daec
02:52:19.0 (27789447)|STATEMENT_EXECUTE|[89]
02:52:19.0 (27983876)|HEAP_ALLOCATE|[90]|Bytes:8
02:52:19.0 (28006636)|STATEMENT_EXECUTE|[91]
02:52:19.0 (28032648)|HEAP_ALLOCATE|[91]|Bytes:8
02:52:19.0 (28045941)|HEAP_ALLOCATE|[91]|Bytes:2
02:52:19.0 (28059364)|HEAP_ALLOCATE|[EXTERNAL]|Bytes:4
02:52:19.0 (28072589)|HEAP_ALLOCATE|[89]|Bytes:5
02:52:19.0 (28086343)|VARIABLE_SCOPE_BEGIN|[89]|field|Schema.SObjectField|true|false
02:52:19.0 (28147298)|VARIABLE_ASSIGNMENT|[89]|field|"common.apex.runtime.impl.ApexFieldToken@46f05943"|0x46f05943
02:52:19.0 (28154064)|STATEMENT_EXECUTE|[89]
02:52:19.0 (28336384)|HEAP_ALLOCATE|[90]|Bytes:8
02:52:19.0 (28350577)|STATEMENT_EXECUTE|[91]
02:52:19.0 (28365613)|HEAP_ALLOCATE|[91]|Bytes:8
02:52:19.0 (28372832)|HEAP_ALLOCATE|[91]|Bytes:5
02:52:19.0 (28380433)|HEAP_ALLOCATE|[EXTERNAL]|Bytes:4
02:52:19.0 (28391895)|HEAP_ALLOCATE|[89]|Bytes:5
02:52:19.0 (28405136)|VARIABLE_SCOPE_BEGIN|[89]|field|Schema.SObjectField|true|false
02:52:19.0 (28464366)|VARIABLE_ASSIGNMENT|[89]|field|"common.apex.runtime.impl.ApexFieldToken@2f579f10"|0x2f579f10
02:52:19.0 (28470601)|STATEMENT_EXECUTE|[89]
02:52:19.0 (28708497)|HEAP_ALLOCATE|[90]|Bytes:8
02:52:19.0 (28723972)|STATEMENT_EXECUTE|[91]
02:52:19.0 (28739347)|HEAP_ALLOCATE|[91]|Bytes:8
02:52:19.0 (28747033)|HEAP_ALLOCATE|[91]|Bytes:6
02:52:19.0 (28754989)|HEAP_ALLOCATE|[EXTERNAL]|Bytes:4
02:52:19.0 (28767408)|HEAP_ALLOCATE|[89]|Bytes:5
02:52:19.0 (28782247)|VARIABLE_SCOPE_BEGIN|[89]|field|Schema.SObjectField|true|false
02:52:19.0 (28842334)|VARIABLE_ASSIGNMENT|[89]|field|"common.apex.runtime.impl.ApexFieldToken@a404855"|0xa404855
02:52:19.0 (28848913)|STATEMENT_EXECUTE|[89]
02:52:19.0 (28941011)|HEAP_ALLOCATE|[90]|Bytes:8
02:52:19.0 (28952373)|STATEMENT_EXECUTE|[91]
02:52:19.0 (28965914)|HEAP_ALLOCATE|[91]|Bytes:8
02:52:19.0 (28972721)|HEAP_ALLOCATE|[91]|Bytes:7
02:52:19.0 (28979946)|HEAP_ALLOCATE|[EXTERNAL]|Bytes:4
02:52:19.0 (28991178)|HEAP_ALLOCATE|[89]|Bytes:5
02:52:19.0 (29003653)|VARIABLE_SCOPE_BEGIN|[89]|field|Schema.SObjectField|true|false
02:52:19.0 (29060903)|VARIABLE_ASSIGNMENT|[89]|field|"common.apex.runtime.impl.ApexFieldToken@827864b"|0x827864b
02:52:19.0 (29067615)|STATEMENT_EXECUTE|[89]
02:52:19.0 (29147927)|HEAP_ALLOCATE|[90]|Bytes:8
02:52:19.0 (29159137)|STATEMENT_EXECUTE|[91]
02:52:19.0 (29171697)|HEAP_ALLOCATE|[91]|Bytes:8
02:52:19.0 (29178277)|HEAP_ALLOCATE|[91]|Bytes:12
02:52:19.0 (29185372)|HEAP_ALLOCATE|[EXTERNAL]|Bytes:4
02:52:19.0 (29195522)|HEAP_ALLOCATE|[89]|Bytes:5
02:52:19.0 (29207289)|VARIABLE_SCOPE_BEGIN|[89]|field|Schema.SObjectField|true|false
02:52:19.0 (29262872)|VARIABLE_ASSIGNMENT|[89]|field|"common.apex.runtime.impl.ApexFieldToken@4cd9ec4d"|0x4cd9ec4d
02:52:19.0 (29268855)|STATEMENT_EXECUTE|[89]
02:52:19.0 (29345550)|HEAP_ALLOCATE|[90]|Bytes:8
02:52:19.0 (29356282)|STATEMENT_EXECUTE|[91]
02:52:19.0 (29368902)|HEAP_ALLOCATE|[91]|Bytes:8
02:52:19.0 (29375160)|HEAP_ALLOCATE|[91]|Bytes:6
02:52:19.0 (29381945)|HEAP_ALLOCATE|[EXTERNAL]|Bytes:4
02:52:19.0 (29391795)|HEAP_ALLOCATE|[89]|Bytes:5
02:52:19.0 (29402849)|VARIABLE_SCOPE_BEGIN|[89]|field|Schema.SObjectField|true|false
02:52:19.0 (29458092)|VARIABLE_ASSIGNMENT|[89]|field|"common.apex.runtime.impl.ApexFieldToken@5fe555d9"|0x5fe555d9
02:52:19.0 (29464309)|STATEMENT_EXECUTE|[89]
02:52:19.0 (29538043)|HEAP_ALLOCATE|[90]|Bytes:8
02:52:19.0 (29548659)|STATEMENT_EXECUTE|[91]
02:52:19.0 (29560873)|HEAP_ALLOCATE|[91]|Bytes:8
02:52:19.0 (29567430)|HEAP_ALLOCATE|[91]|Bytes:8
02:52:19.0 (29574036)|HEAP_ALLOCATE|[EXTERNAL]|Bytes:4
02:52:19.0 (29583526)|HEAP_ALLOCATE|[89]|Bytes:5
02:52:19.0 (29594430)|VARIABLE_SCOPE_BEGIN|[89]|field|Schema.SObjectField|true|false
02:52:19.0 (29652969)|VARIABLE_ASSIGNMENT|[89]|field|"common.apex.runtime.impl.ApexFieldToken@576fac90"|0x576fac90
02:52:19.0 (29659014)|STATEMENT_EXECUTE|[89]
02:52:19.0 (29726015)|HEAP_ALLOCATE|[90]|Bytes:8
02:52:19.0 (29736704)|STATEMENT_EXECUTE|[91]
02:52:19.0 (29749315)|HEAP_ALLOCATE|[91]|Bytes:8
02:52:19.0 (29755572)|HEAP_ALLOCATE|[91]|Bytes:14
02:52:19.0 (29762536)|HEAP_ALLOCATE|[EXTERNAL]|Bytes:4
02:52:19.0 (29771969)|HEAP_ALLOCATE|[89]|Bytes:5
02:52:19.0 (29783173)|VARIABLE_SCOPE_BEGIN|[89]|field|Schema.SObjectField|true|false
02:52:19.0 (29837733)|VARIABLE_ASSIGNMENT|[89]|field|"common.apex.runtime.impl.ApexFieldToken@63ce6de8"|0x63ce6de8
02:52:19.0 (29843424)|STATEMENT_EXECUTE|[89]
02:52:19.0 (29935221)|HEAP_ALLOCATE|[90]|Bytes:8
02:52:19.0 (29945725)|STATEMENT_EXECUTE|[91]
02:52:19.0 (29958468)|HEAP_ALLOCATE|[91]|Bytes:8
02:52:19.0 (29964845)|HEAP_ALLOCATE|[91]|Bytes:7
02:52:19.0 (29971600)|HEAP_ALLOCATE|[EXTERNAL]|Bytes:4
02:52:19.0 (29980643)|HEAP_ALLOCATE|[89]|Bytes:5
02:52:19.0 (29991643)|VARIABLE_SCOPE_BEGIN|[89]|field|Schema.SObjectField|true|false
02:52:19.0 (30046300)|VARIABLE_ASSIGNMENT|[89]|field|"common.apex.runtime.impl.ApexFieldToken@60f64e58"|0x60f64e58
02:52:19.0 (30052841)|STATEMENT_EXECUTE|[89]
02:52:19.0 (30130480)|HEAP_ALLOCATE|[90]|Bytes:8
02:52:19.0 (30141066)|STATEMENT_EXECUTE|[91]
02:52:19.0 (30153317)|HEAP_ALLOCATE|[91]|Bytes:8
02:52:19.0 (30159869)|HEAP_ALLOCATE|[91]|Bytes:11
02:52:19.0 (30166390)|HEAP_ALLOCATE|[EXTERNAL]|Bytes:4
02:52:19.0 (30175451)|HEAP_ALLOCATE|[89]|Bytes:5
02:52:19.0 (30186423)|VARIABLE_SCOPE_BEGIN|[89]|field|Schema.SObjectField|true|false
02:52:19.0 (30240764)|VARIABLE_ASSIGNMENT|[89]|field|"common.apex.runtime.impl.ApexFieldToken@15489402"|0x15489402
02:52:19.0 (30246567)|STATEMENT_EXECUTE|[89]
02:52:19.0 (30313343)|HEAP_ALLOCATE|[90]|Bytes:8
02:52:19.0 (30323290)|STATEMENT_EXECUTE|[90]
02:52:19.0 (30331193)|HEAP_ALLOCATE|[89]|Bytes:5
02:52:19.0 (30342010)|VARIABLE_SCOPE_BEGIN|[89]|field|Schema.SObjectField|true|false
02:52:19.0 (30394885)|VARIABLE_ASSIGNMENT|[89]|field|"common.apex.runtime.impl.ApexFieldToken@3f69a117"|0x3f69a117
02:52:19.0 (30400575)|STATEMENT_EXECUTE|[89]
02:52:19.0 (30461497)|HEAP_ALLOCATE|[90]|Bytes:8
02:52:19.0 (30471314)|STATEMENT_EXECUTE|[91]
02:52:19.0 (30483623)|HEAP_ALLOCATE|[91]|Bytes:8
02:52:19.0 (30489904)|HEAP_ALLOCATE|[91]|Bytes:9
02:52:19.0 (30496631)|HEAP_ALLOCATE|[EXTERNAL]|Bytes:4
02:52:19.0 (30506077)|HEAP_ALLOCATE|[89]|Bytes:5
02:52:19.0 (30516669)|VARIABLE_SCOPE_BEGIN|[89]|field|Schema.SObjectField|true|false
02:52:19.0 (30572986)|VARIABLE_ASSIGNMENT|[89]|field|"common.apex.runtime.impl.ApexFieldToken@2f583a3f"|0x2f583a3f
02:52:19.0 (30578720)|STATEMENT_EXECUTE|[89]
02:52:19.0 (30671926)|HEAP_ALLOCATE|[90]|Bytes:8
02:52:19.0 (30683358)|STATEMENT_EXECUTE|[91]
02:52:19.0 (30695691)|HEAP_ALLOCATE|[91]|Bytes:8
02:52:19.0 (30702640)|HEAP_ALLOCATE|[91]|Bytes:9
02:52:19.0 (30709265)|HEAP_ALLOCATE|[EXTERNAL]|Bytes:4
02:52:19.0 (30720725)|HEAP_ALLOCATE|[89]|Bytes:5
02:52:19.0 (30731506)|VARIABLE_SCOPE_BEGIN|[89]|field|Schema.SObjectField|true|false
02:52:19.0 (30786015)|VARIABLE_ASSIGNMENT|[89]|field|"common.apex.runtime.impl.ApexFieldToken@7d0e3502"|0x7d0e3502
02:52:19.0 (30791681)|STATEMENT_EXECUTE|[89]
02:52:19.0 (30854576)|HEAP_ALLOCATE|[90]|Bytes:8
02:52:19.0 (30864825)|STATEMENT_EXECUTE|[91]
02:52:19.0 (30877047)|HEAP_ALLOCATE|[91]|Bytes:8
02:52:19.0 (30883204)|HEAP_ALLOCATE|[91]|Bytes:8
02:52:19.0 (30890393)|HEAP_ALLOCATE|[EXTERNAL]|Bytes:4
02:52:19.0 (30900389)|HEAP_ALLOCATE|[89]|Bytes:5
02:52:19.0 (30910800)|VARIABLE_SCOPE_BEGIN|[89]|field|Schema.SObjectField|true|false
02:52:19.0 (30963958)|VARIABLE_ASSIGNMENT|[89]|field|"common.apex.runtime.impl.ApexFieldToken@2c374625"|0x2c374625
02:52:19.0 (30969506)|STATEMENT_EXECUTE|[89]
02:52:19.0 (31040609)|HEAP_ALLOCATE|[90]|Bytes:8
02:52:19.0 (31051883)|STATEMENT_EXECUTE|[91]
02:52:19.0 (31064264)|HEAP_ALLOCATE|[91]|Bytes:8
02:52:19.0 (31070608)|HEAP_ALLOCATE|[91]|Bytes:11
02:52:19.0 (31077685)|HEAP_ALLOCATE|[EXTERNAL]|Bytes:4
02:52:19.0 (31087275)|HEAP_ALLOCATE|[89]|Bytes:5
02:52:19.0 (31097906)|VARIABLE_SCOPE_BEGIN|[89]|field|Schema.SObjectField|true|false
02:52:19.0 (31151152)|VARIABLE_ASSIGNMENT|[89]|field|"common.apex.runtime.impl.ApexFieldToken@5ea43bad"|0x5ea43bad
02:52:19.0 (31157111)|STATEMENT_EXECUTE|[89]
02:52:19.0 (31232985)|HEAP_ALLOCATE|[90]|Bytes:8
02:52:19.0 (31243541)|STATEMENT_EXECUTE|[91]
02:52:19.0 (31256452)|HEAP_ALLOCATE|[91]|Bytes:8
02:52:19.0 (31262914)|HEAP_ALLOCATE|[91]|Bytes:11
02:52:19.0 (31269224)|HEAP_ALLOCATE|[EXTERNAL]|Bytes:4
02:52:19.0 (31278663)|HEAP_ALLOCATE|[89]|Bytes:5
02:52:19.0 (31289888)|VARIABLE_SCOPE_BEGIN|[89]|field|Schema.SObjectField|true|false
02:52:19.0 (31343347)|VARIABLE_ASSIGNMENT|[89]|field|"common.apex.runtime.impl.ApexFieldToken@30c36b84"|0x30c36b84
02:52:19.0 (31349422)|STATEMENT_EXECUTE|[89]
02:52:19.0 (31418880)|HEAP_ALLOCATE|[90]|Bytes:8
02:52:19.0 (31429069)|STATEMENT_EXECUTE|[91]
02:52:19.0 (31440896)|HEAP_ALLOCATE|[91]|Bytes:8
02:52:19.0 (31447130)|HEAP_ALLOCATE|[91]|Bytes:16
02:52:19.0 (31454079)|HEAP_ALLOCATE|[EXTERNAL]|Bytes:4
02:52:19.0 (31464145)|HEAP_ALLOCATE|[89]|Bytes:5
02:52:19.0 (31474761)|VARIABLE_SCOPE_BEGIN|[89]|field|Schema.SObjectField|true|false
02:52:19.0 (31528905)|VARIABLE_ASSIGNMENT|[89]|field|"common.apex.runtime.impl.ApexFieldToken@3ce9eebb"|0x3ce9eebb
02:52:19.0 (31534532)|STATEMENT_EXECUTE|[89]
02:52:19.0 (31610482)|HEAP_ALLOCATE|[90]|Bytes:8
02:52:19.0 (31620626)|STATEMENT_EXECUTE|[91]
02:52:19.0 (31632746)|HEAP_ALLOCATE|[91]|Bytes:8
02:52:19.0 (31643315)|HEAP_ALLOCATE|[91]|Bytes:16
02:52:19.0 (31650604)|HEAP_ALLOCATE|[EXTERNAL]|Bytes:4
02:52:19.0 (31660318)|HEAP_ALLOCATE|[89]|Bytes:5
02:52:19.0 (31671322)|VARIABLE_SCOPE_BEGIN|[89]|field|Schema.SObjectField|true|false
02:52:19.0 (31728013)|VARIABLE_ASSIGNMENT|[89]|field|"common.apex.runtime.impl.ApexFieldToken@2a79916d"|0x2a79916d
02:52:19.0 (31734125)|STATEMENT_EXECUTE|[89]
02:52:19.0 (31795117)|HEAP_ALLOCATE|[90]|Bytes:8
02:52:19.0 (31805704)|STATEMENT_EXECUTE|[91]
02:52:19.0 (31817708)|HEAP_ALLOCATE|[91]|Bytes:8
02:52:19.0 (31824013)|HEAP_ALLOCATE|[91]|Bytes:14
02:52:19.0 (31830744)|HEAP_ALLOCATE|[EXTERNAL]|Bytes:4
02:52:19.0 (31839941)|HEAP_ALLOCATE|[89]|Bytes:5
02:52:19.0 (31850484)|VARIABLE_SCOPE_BEGIN|[89]|field|Schema.SObjectField|true|false
02:52:19.0 (31903679)|VARIABLE_ASSIGNMENT|[89]|field|"common.apex.runtime.impl.ApexFieldToken@55ffbedc"|0x55ffbedc
02:52:19.0 (31909367)|STATEMENT_EXECUTE|[89]
02:52:19.0 (31972018)|HEAP_ALLOCATE|[90]|Bytes:8
02:52:19.0 (31982310)|STATEMENT_EXECUTE|[91]
02:52:19.0 (31994479)|HEAP_ALLOCATE|[91]|Bytes:8
02:52:19.0 (32000970)|HEAP_ALLOCATE|[91]|Bytes:10
02:52:19.0 (32008186)|HEAP_ALLOCATE|[EXTERNAL]|Bytes:4
02:52:19.0 (32017288)|HEAP_ALLOCATE|[89]|Bytes:5
02:52:19.0 (32027843)|VARIABLE_SCOPE_BEGIN|[89]|field|Schema.SObjectField|true|false
02:52:19.0 (32080563)|VARIABLE_ASSIGNMENT|[89]|field|"common.apex.runtime.impl.ApexFieldToken@7e4b70ac"|0x7e4b70ac
02:52:19.0 (32086307)|STATEMENT_EXECUTE|[89]
02:52:19.0 (32158730)|HEAP_ALLOCATE|[90]|Bytes:8
02:52:19.0 (32169174)|STATEMENT_EXECUTE|[91]
02:52:19.0 (32181406)|HEAP_ALLOCATE|[91]|Bytes:8
02:52:19.0 (32188250)|HEAP_ALLOCATE|[91]|Bytes:21
02:52:19.0 (32194436)|HEAP_ALLOCATE|[EXTERNAL]|Bytes:4
02:52:19.0 (32204619)|HEAP_ALLOCATE|[89]|Bytes:5
02:52:19.0 (32215304)|VARIABLE_SCOPE_BEGIN|[89]|field|Schema.SObjectField|true|false
02:52:19.0 (32268244)|VARIABLE_ASSIGNMENT|[89]|field|"common.apex.runtime.impl.ApexFieldToken@d24c5e8"|0xd24c5e8
02:52:19.0 (32274256)|STATEMENT_EXECUTE|[89]
02:52:19.0 (32342337)|HEAP_ALLOCATE|[90]|Bytes:8
02:52:19.0 (32352666)|STATEMENT_EXECUTE|[91]
02:52:19.0 (32364413)|HEAP_ALLOCATE|[91]|Bytes:8
02:52:19.0 (32370779)|HEAP_ALLOCATE|[91]|Bytes:8
02:52:19.0 (32377218)|HEAP_ALLOCATE|[EXTERNAL]|Bytes:4
02:52:19.0 (32386366)|HEAP_ALLOCATE|[89]|Bytes:5
02:52:19.0 (32397103)|VARIABLE_SCOPE_BEGIN|[89]|field|Schema.SObjectField|true|false
02:52:19.0 (32449270)|VARIABLE_ASSIGNMENT|[89]|field|"common.apex.runtime.impl.ApexFieldToken@6b30cfd8"|0x6b30cfd8
02:52:19.0 (32454837)|STATEMENT_EXECUTE|[89]
02:52:19.0 (32524548)|HEAP_ALLOCATE|[90]|Bytes:8
02:52:19.0 (32534677)|STATEMENT_EXECUTE|[91]
02:52:19.0 (32546326)|HEAP_ALLOCATE|[91]|Bytes:8
02:52:19.0 (32553642)|HEAP_ALLOCATE|[91]|Bytes:15
02:52:19.0 (32560502)|HEAP_ALLOCATE|[EXTERNAL]|Bytes:4
02:52:19.0 (32569473)|HEAP_ALLOCATE|[89]|Bytes:5
02:52:19.0 (32580491)|VARIABLE_SCOPE_BEGIN|[89]|field|Schema.SObjectField|true|false
02:52:19.0 (32633327)|VARIABLE_ASSIGNMENT|[89]|field|"common.apex.runtime.impl.ApexFieldToken@4311853c"|0x4311853c
02:52:19.0 (32643046)|STATEMENT_EXECUTE|[89]
02:52:19.0 (32711660)|HEAP_ALLOCATE|[90]|Bytes:8
02:52:19.0 (32724571)|STATEMENT_EXECUTE|[91]
02:52:19.0 (32737452)|HEAP_ALLOCATE|[91]|Bytes:8
02:52:19.0 (32743946)|HEAP_ALLOCATE|[91]|Bytes:10
02:52:19.0 (32750503)|HEAP_ALLOCATE|[EXTERNAL]|Bytes:4
02:52:19.0 (32760263)|HEAP_ALLOCATE|[89]|Bytes:5
02:52:19.0 (32770674)|VARIABLE_SCOPE_BEGIN|[89]|field|Schema.SObjectField|true|false
02:52:19.0 (32823886)|VARIABLE_ASSIGNMENT|[89]|field|"common.apex.runtime.impl.ApexFieldToken@667a43e2"|0x667a43e2
02:52:19.0 (32829444)|STATEMENT_EXECUTE|[89]
02:52:19.0 (32898562)|HEAP_ALLOCATE|[90]|Bytes:8
02:52:19.0 (32909203)|STATEMENT_EXECUTE|[91]
02:52:19.0 (32920971)|HEAP_ALLOCATE|[91]|Bytes:8
02:52:19.0 (32927811)|HEAP_ALLOCATE|[91]|Bytes:16
02:52:19.0 (32934354)|HEAP_ALLOCATE|[EXTERNAL]|Bytes:4
02:52:19.0 (32943627)|HEAP_ALLOCATE|[89]|Bytes:5
02:52:19.0 (32953904)|VARIABLE_SCOPE_BEGIN|[89]|field|Schema.SObjectField|true|false
02:52:19.0 (33007708)|VARIABLE_ASSIGNMENT|[89]|field|"common.apex.runtime.impl.ApexFieldToken@4d5ac140"|0x4d5ac140
02:52:19.0 (33014074)|STATEMENT_EXECUTE|[89]
02:52:19.0 (33079338)|HEAP_ALLOCATE|[90]|Bytes:8
02:52:19.0 (33089603)|STATEMENT_EXECUTE|[91]
02:52:19.0 (33101263)|HEAP_ALLOCATE|[91]|Bytes:8
02:52:19.0 (33107756)|HEAP_ALLOCATE|[91]|Bytes:13
02:52:19.0 (33114128)|HEAP_ALLOCATE|[EXTERNAL]|Bytes:4
02:52:19.0 (33123219)|HEAP_ALLOCATE|[89]|Bytes:5
02:52:19.0 (33133700)|VARIABLE_SCOPE_BEGIN|[89]|field|Schema.SObjectField|true|false
02:52:19.0 (33187280)|VARIABLE_ASSIGNMENT|[89]|field|"common.apex.runtime.impl.ApexFieldToken@2079893c"|0x2079893c
02:52:19.0 (33193521)|STATEMENT_EXECUTE|[89]
02:52:19.0 (33280579)|HEAP_ALLOCATE|[90]|Bytes:8
02:52:19.0 (33291445)|STATEMENT_EXECUTE|[91]
02:52:19.0 (33303411)|HEAP_ALLOCATE|[91]|Bytes:8
02:52:19.0 (33310327)|HEAP_ALLOCATE|[91]|Bytes:20
02:52:19.0 (33316811)|HEAP_ALLOCATE|[EXTERNAL]|Bytes:4
02:52:19.0 (33326347)|HEAP_ALLOCATE|[89]|Bytes:5
02:52:19.0 (33337143)|VARIABLE_SCOPE_BEGIN|[89]|field|Schema.SObjectField|true|false
02:52:19.0 (33390433)|VARIABLE_ASSIGNMENT|[89]|field|"common.apex.runtime.impl.ApexFieldToken@6f0ed06a"|0x6f0ed06a
02:52:19.0 (33396395)|STATEMENT_EXECUTE|[89]
02:52:19.0 (33472729)|HEAP_ALLOCATE|[90]|Bytes:8
02:52:19.0 (33483321)|STATEMENT_EXECUTE|[91]
02:52:19.0 (33496089)|HEAP_ALLOCATE|[91]|Bytes:8
02:52:19.0 (33502856)|HEAP_ALLOCATE|[91]|Bytes:12
02:52:19.0 (33509738)|HEAP_ALLOCATE|[EXTERNAL]|Bytes:4
02:52:19.0 (33519043)|HEAP_ALLOCATE|[89]|Bytes:5
02:52:19.0 (33529727)|VARIABLE_SCOPE_BEGIN|[89]|field|Schema.SObjectField|true|false
02:52:19.0 (33583116)|VARIABLE_ASSIGNMENT|[89]|field|"common.apex.runtime.impl.ApexFieldToken@5bdfeb3a"|0x5bdfeb3a
02:52:19.0 (33589266)|STATEMENT_EXECUTE|[89]
02:52:19.0 (33660170)|HEAP_ALLOCATE|[90]|Bytes:8
02:52:19.0 (33670572)|STATEMENT_EXECUTE|[91]
02:52:19.0 (33682798)|HEAP_ALLOCATE|[91]|Bytes:8
02:52:19.0 (33689320)|HEAP_ALLOCATE|[91]|Bytes:23
02:52:19.0 (33696070)|HEAP_ALLOCATE|[EXTERNAL]|Bytes:4
02:52:19.0 (33705387)|HEAP_ALLOCATE|[89]|Bytes:5
02:52:19.0 (33715975)|VARIABLE_SCOPE_BEGIN|[89]|field|Schema.SObjectField|true|false
02:52:19.0 (33768956)|VARIABLE_ASSIGNMENT|[89]|field|"common.apex.runtime.impl.ApexFieldToken@401461c0"|0x401461c0
02:52:19.0 (33774904)|STATEMENT_EXECUTE|[89]
02:52:19.0 (33839720)|HEAP_ALLOCATE|[90]|Bytes:8
02:52:19.0 (33850050)|STATEMENT_EXECUTE|[91]
02:52:19.0 (33861376)|HEAP_ALLOCATE|[91]|Bytes:8
02:52:19.0 (33867665)|HEAP_ALLOCATE|[91]|Bytes:21
02:52:19.0 (33874458)|HEAP_ALLOCATE|[EXTERNAL]|Bytes:4
02:52:19.0 (33883982)|HEAP_ALLOCATE|[89]|Bytes:5
02:52:19.0 (33894500)|VARIABLE_SCOPE_BEGIN|[89]|field|Schema.SObjectField|true|false
02:52:19.0 (33948455)|VARIABLE_ASSIGNMENT|[89]|field|"common.apex.runtime.impl.ApexFieldToken@2cc83097"|0x2cc83097
02:52:19.0 (33954158)|STATEMENT_EXECUTE|[89]
02:52:19.0 (34020155)|HEAP_ALLOCATE|[90]|Bytes:8
02:52:19.0 (34030917)|STATEMENT_EXECUTE|[91]
02:52:19.0 (34042954)|HEAP_ALLOCATE|[91]|Bytes:8
02:52:19.0 (34049086)|HEAP_ALLOCATE|[91]|Bytes:24
02:52:19.0 (34055819)|HEAP_ALLOCATE|[EXTERNAL]|Bytes:4
02:52:19.0 (34064997)|HEAP_ALLOCATE|[89]|Bytes:5
02:52:19.0 (34075854)|VARIABLE_SCOPE_BEGIN|[89]|field|Schema.SObjectField|true|false
02:52:19.0 (34136643)|VARIABLE_ASSIGNMENT|[89]|field|"common.apex.runtime.impl.ApexFieldToken@355c28e4"|0x355c28e4
02:52:19.0 (34145348)|STATEMENT_EXECUTE|[89]
02:52:19.0 (34224567)|HEAP_ALLOCATE|[90]|Bytes:8
02:52:19.0 (34236140)|STATEMENT_EXECUTE|[91]
02:52:19.0 (34248597)|HEAP_ALLOCATE|[91]|Bytes:8
02:52:19.0 (34255362)|HEAP_ALLOCATE|[91]|Bytes:14
02:52:19.0 (34263313)|HEAP_ALLOCATE|[EXTERNAL]|Bytes:4
02:52:19.0 (34277918)|HEAP_ALLOCATE|[89]|Bytes:5
02:52:19.0 (34295904)|VARIABLE_SCOPE_BEGIN|[89]|field|Schema.SObjectField|true|false
02:52:19.0 (34355985)|VARIABLE_ASSIGNMENT|[89]|field|"common.apex.runtime.impl.ApexFieldToken@11fe834e"|0x11fe834e
02:52:19.0 (34362214)|STATEMENT_EXECUTE|[89]
02:52:19.0 (34434502)|HEAP_ALLOCATE|[90]|Bytes:8
02:52:19.0 (34445412)|STATEMENT_EXECUTE|[91]
02:52:19.0 (34457596)|HEAP_ALLOCATE|[91]|Bytes:8
02:52:19.0 (34464051)|HEAP_ALLOCATE|[91]|Bytes:18
02:52:19.0 (34471198)|HEAP_ALLOCATE|[EXTERNAL]|Bytes:4
02:52:19.0 (34480952)|HEAP_ALLOCATE|[89]|Bytes:5
02:52:19.0 (34491980)|VARIABLE_SCOPE_BEGIN|[89]|field|Schema.SObjectField|true|false
02:52:19.0 (34545894)|VARIABLE_ASSIGNMENT|[89]|field|"common.apex.runtime.impl.ApexFieldToken@7207ead0"|0x7207ead0
02:52:19.0 (34551925)|STATEMENT_EXECUTE|[89]
02:52:19.0 (34618379)|HEAP_ALLOCATE|[90]|Bytes:8
02:52:19.0 (34628689)|STATEMENT_EXECUTE|[91]
02:52:19.0 (34644439)|HEAP_ALLOCATE|[91]|Bytes:8
02:52:19.0 (34651477)|HEAP_ALLOCATE|[91]|Bytes:23
02:52:19.0 (34658236)|HEAP_ALLOCATE|[EXTERNAL]|Bytes:4
02:52:19.0 (34667517)|HEAP_ALLOCATE|[89]|Bytes:5
02:52:19.0 (34678524)|VARIABLE_SCOPE_BEGIN|[89]|field|Schema.SObjectField|true|false
02:52:19.0 (34732260)|VARIABLE_ASSIGNMENT|[89]|field|"common.apex.runtime.impl.ApexFieldToken@1fa6208f"|0x1fa6208f
02:52:19.0 (34738378)|STATEMENT_EXECUTE|[89]
02:52:19.0 (34803924)|HEAP_ALLOCATE|[90]|Bytes:8
02:52:19.0 (34814140)|STATEMENT_EXECUTE|[91]
02:52:19.0 (34826035)|HEAP_ALLOCATE|[91]|Bytes:8
02:52:19.0 (34832755)|HEAP_ALLOCATE|[91]|Bytes:20
02:52:19.0 (34839424)|HEAP_ALLOCATE|[EXTERNAL]|Bytes:4
02:52:19.0 (34849263)|HEAP_ALLOCATE|[89]|Bytes:5
02:52:19.0 (34860111)|VARIABLE_SCOPE_BEGIN|[89]|field|Schema.SObjectField|true|false
02:52:19.0 (34913264)|VARIABLE_ASSIGNMENT|[89]|field|"common.apex.runtime.impl.ApexFieldToken@4be92097"|0x4be92097
02:52:19.0 (34919273)|STATEMENT_EXECUTE|[89]
02:52:19.0 (34985133)|HEAP_ALLOCATE|[90]|Bytes:8
02:52:19.0 (34995545)|STATEMENT_EXECUTE|[91]
02:52:19.0 (35006927)|HEAP_ALLOCATE|[91]|Bytes:8
02:52:19.0 (35014292)|HEAP_ALLOCATE|[91]|Bytes:18
02:52:19.0 (35021266)|HEAP_ALLOCATE|[EXTERNAL]|Bytes:4
02:52:19.0 (35031250)|HEAP_ALLOCATE|[89]|Bytes:5
02:52:19.0 (35041961)|VARIABLE_SCOPE_BEGIN|[89]|field|Schema.SObjectField|true|false
02:52:19.0 (35095086)|VARIABLE_ASSIGNMENT|[89]|field|"common.apex.runtime.impl.ApexFieldToken@2e682e57"|0x2e682e57
02:52:19.0 (35101012)|STATEMENT_EXECUTE|[89]
02:52:19.0 (35170072)|HEAP_ALLOCATE|[90]|Bytes:8
02:52:19.0 (35180283)|STATEMENT_EXECUTE|[91]
02:52:19.0 (35192477)|HEAP_ALLOCATE|[91]|Bytes:8
02:52:19.0 (35198739)|HEAP_ALLOCATE|[91]|Bytes:21
02:52:19.0 (35205615)|HEAP_ALLOCATE|[EXTERNAL]|Bytes:4
02:52:19.0 (35215262)|HEAP_ALLOCATE|[89]|Bytes:5
02:52:19.0 (35225598)|VARIABLE_SCOPE_BEGIN|[89]|field|Schema.SObjectField|true|false
02:52:19.0 (35278483)|VARIABLE_ASSIGNMENT|[89]|field|"common.apex.runtime.impl.ApexFieldToken@63740020"|0x63740020
02:52:19.0 (35284021)|STATEMENT_EXECUTE|[89]
02:52:19.0 (35363376)|HEAP_ALLOCATE|[90]|Bytes:8
02:52:19.0 (35373520)|STATEMENT_EXECUTE|[91]
02:52:19.0 (35385428)|HEAP_ALLOCATE|[91]|Bytes:8
02:52:19.0 (35391772)|HEAP_ALLOCATE|[91]|Bytes:25
02:52:19.0 (35398717)|HEAP_ALLOCATE|[EXTERNAL]|Bytes:4
02:52:19.0 (35407448)|HEAP_ALLOCATE|[89]|Bytes:5
02:52:19.0 (35417934)|VARIABLE_SCOPE_BEGIN|[89]|field|Schema.SObjectField|true|false
02:52:19.0 (35471845)|VARIABLE_ASSIGNMENT|[89]|field|"common.apex.runtime.impl.ApexFieldToken@4d78e699"|0x4d78e699
02:52:19.0 (35477392)|STATEMENT_EXECUTE|[89]
02:52:19.0 (35545846)|HEAP_ALLOCATE|[90]|Bytes:8
02:52:19.0 (35555987)|STATEMENT_EXECUTE|[91]
02:52:19.0 (35568176)|HEAP_ALLOCATE|[91]|Bytes:8
02:52:19.0 (35574844)|HEAP_ALLOCATE|[91]|Bytes:11
02:52:19.0 (35581454)|HEAP_ALLOCATE|[EXTERNAL]|Bytes:4
02:52:19.0 (35590970)|HEAP_ALLOCATE|[89]|Bytes:5
02:52:19.0 (35601539)|VARIABLE_ASSIGNMENT|[89]|field|null|
02:52:19.0 (35606415)|STATEMENT_EXECUTE|[93]
02:52:19.0 (35611497)|VARIABLE_SCOPE_BEGIN|[93]|allfields|String|false|false
02:52:19.0 (35620516)|VARIABLE_ASSIGNMENT|[93]|allfields|""
02:52:19.0 (35659516)|HEAP_ALLOCATE|[94]|Bytes:5
02:52:19.0 (35667703)|HEAP_ALLOCATE|[94]|Bytes:2
02:52:19.0 (35674066)|VARIABLE_SCOPE_BEGIN|[94]|fieldname|String|false|false
02:52:19.0 (35681510)|VARIABLE_ASSIGNMENT|[94]|fieldname|"Id"
02:52:19.0 (35685185)|STATEMENT_EXECUTE|[95]
02:52:19.0 (35687443)|HEAP_ALLOCATE|[95]|Bytes:1
02:52:19.0 (35703532)|HEAP_ALLOCATE|[95]|Bytes:3
02:52:19.0 (35708072)|HEAP_ALLOCATE|[95]|Bytes:3
02:52:19.0 (35712401)|VARIABLE_ASSIGNMENT|[95]|allfields|"Id,"
02:52:19.0 (35720094)|HEAP_ALLOCATE|[94]|Bytes:5
02:52:19.0 (35725905)|HEAP_ALLOCATE|[94]|Bytes:5
02:52:19.0 (35730423)|VARIABLE_SCOPE_BEGIN|[94]|fieldname|String|false|false
02:52:19.0 (35736730)|VARIABLE_ASSIGNMENT|[94]|fieldname|"WhoId"
02:52:19.0 (35739957)|STATEMENT_EXECUTE|[95]
02:52:19.0 (35742959)|HEAP_ALLOCATE|[95]|Bytes:6
02:52:19.0 (35746482)|HEAP_ALLOCATE|[95]|Bytes:9
02:52:19.0 (35750371)|VARIABLE_ASSIGNMENT|[95]|allfields|"Id,WhoId,"
02:52:19.0 (35756509)|HEAP_ALLOCATE|[94]|Bytes:5
02:52:19.0 (35762478)|HEAP_ALLOCATE|[94]|Bytes:6
02:52:19.0 (35766204)|VARIABLE_SCOPE_BEGIN|[94]|fieldname|String|false|false
02:52:19.0 (35772204)|VARIABLE_ASSIGNMENT|[94]|fieldname|"WhatId"
02:52:19.0 (35775542)|STATEMENT_EXECUTE|[95]
02:52:19.0 (35777875)|HEAP_ALLOCATE|[95]|Bytes:7
02:52:19.0 (35781718)|HEAP_ALLOCATE|[95]|Bytes:16
02:52:19.0 (35786226)|VARIABLE_ASSIGNMENT|[95]|allfields|"Id,WhoId,WhatId,"
02:52:19.0 (35792654)|HEAP_ALLOCATE|[94]|Bytes:5
02:52:19.0 (35797763)|HEAP_ALLOCATE|[94]|Bytes:7
02:52:19.0 (35801249)|VARIABLE_SCOPE_BEGIN|[94]|fieldname|String|false|false
02:52:19.0 (35807495)|VARIABLE_ASSIGNMENT|[94]|fieldname|"Subject"
02:52:19.0 (35810714)|STATEMENT_EXECUTE|[95]
02:52:19.0 (35813148)|HEAP_ALLOCATE|[95]|Bytes:8
02:52:19.0 (35816380)|HEAP_ALLOCATE|[95]|Bytes:24
02:52:19.0 (35822434)|VARIABLE_ASSIGNMENT|[95]|allfields|"Id,WhoId,WhatId,Subj (4 more) ..."
02:52:19.0 (35828999)|HEAP_ALLOCATE|[94]|Bytes:5
02:52:19.0 (35834352)|HEAP_ALLOCATE|[94]|Bytes:12
02:52:19.0 (35838219)|VARIABLE_SCOPE_BEGIN|[94]|fieldname|String|false|false
02:52:19.0 (35844250)|VARIABLE_ASSIGNMENT|[94]|fieldname|"ActivityDate"
02:52:19.0 (35847172)|STATEMENT_EXECUTE|[95]
02:52:19.0 (35849565)|HEAP_ALLOCATE|[95]|Bytes:13
02:52:19.0 (35853354)|HEAP_ALLOCATE|[95]|Bytes:37
02:52:19.0 (35858367)|VARIABLE_ASSIGNMENT|[95]|allfields|"Id,WhoId,WhatId,Subj (17 more) ..."
02:52:19.0 (35864721)|HEAP_ALLOCATE|[94]|Bytes:5
02:52:19.0 (35870330)|HEAP_ALLOCATE|[94]|Bytes:6
02:52:19.0 (35873925)|VARIABLE_SCOPE_BEGIN|[94]|fieldname|String|false|false
02:52:19.0 (35879656)|VARIABLE_ASSIGNMENT|[94]|fieldname|"Status"
02:52:19.0 (35882508)|STATEMENT_EXECUTE|[95]
02:52:19.0 (35885026)|HEAP_ALLOCATE|[95]|Bytes:7
02:52:19.0 (35888654)|HEAP_ALLOCATE|[95]|Bytes:44
02:52:19.0 (35892759)|VARIABLE_ASSIGNMENT|[95]|allfields|"Id,WhoId,WhatId,Subj (24 more) ..."
02:52:19.0 (35898998)|HEAP_ALLOCATE|[94]|Bytes:5
02:52:19.0 (35904162)|HEAP_ALLOCATE|[94]|Bytes:8
02:52:19.0 (35909030)|VARIABLE_SCOPE_BEGIN|[94]|fieldname|String|false|false
02:52:19.0 (35915152)|VARIABLE_ASSIGNMENT|[94]|fieldname|"Priority"
02:52:19.0 (35920783)|STATEMENT_EXECUTE|[95]
02:52:19.0 (35923406)|HEAP_ALLOCATE|[95]|Bytes:9
02:52:19.0 (35927122)|HEAP_ALLOCATE|[95]|Bytes:53
02:52:19.0 (35932022)|VARIABLE_ASSIGNMENT|[95]|allfields|"Id,WhoId,WhatId,Subj (33 more) ..."
02:52:19.0 (35938213)|HEAP_ALLOCATE|[94]|Bytes:5
02:52:19.0 (35943734)|HEAP_ALLOCATE|[94]|Bytes:14
02:52:19.0 (35947947)|VARIABLE_SCOPE_BEGIN|[94]|fieldname|String|false|false
02:52:19.0 (35954657)|VARIABLE_ASSIGNMENT|[94]|fieldname|"IsHighPriority"
02:52:19.0 (35957863)|STATEMENT_EXECUTE|[95]
02:52:19.0 (35960186)|HEAP_ALLOCATE|[95]|Bytes:15
02:52:19.0 (35963809)|HEAP_ALLOCATE|[95]|Bytes:68
02:52:19.0 (35968576)|VARIABLE_ASSIGNMENT|[95]|allfields|"Id,WhoId,WhatId,Subj (48 more) ..."
02:52:19.0 (35974942)|HEAP_ALLOCATE|[94]|Bytes:5
02:52:19.0 (35980393)|HEAP_ALLOCATE|[94]|Bytes:7
02:52:19.0 (35984001)|VARIABLE_SCOPE_BEGIN|[94]|fieldname|String|false|false
02:52:19.0 (35989582)|VARIABLE_ASSIGNMENT|[94]|fieldname|"OwnerId"
02:52:19.0 (35992685)|STATEMENT_EXECUTE|[95]
02:52:19.0 (35995010)|HEAP_ALLOCATE|[95]|Bytes:8
02:52:19.0 (35998437)|HEAP_ALLOCATE|[95]|Bytes:76
02:52:19.0 (36003421)|VARIABLE_ASSIGNMENT|[95]|allfields|"Id,WhoId,WhatId,Subj (56 more) ..."
02:52:19.0 (36013309)|HEAP_ALLOCATE|[94]|Bytes:5
02:52:19.0 (36019625)|HEAP_ALLOCATE|[94]|Bytes:11
02:52:19.0 (36023251)|VARIABLE_SCOPE_BEGIN|[94]|fieldname|String|false|false
02:52:19.0 (36029378)|VARIABLE_ASSIGNMENT|[94]|fieldname|"Description"
02:52:19.0 (36033003)|STATEMENT_EXECUTE|[95]
02:52:19.0 (36035616)|HEAP_ALLOCATE|[95]|Bytes:12
02:52:19.0 (36038785)|HEAP_ALLOCATE|[95]|Bytes:88
02:52:19.0 (36043693)|VARIABLE_ASSIGNMENT|[95]|allfields|"Id,WhoId,WhatId,Subj (68 more) ..."
02:52:19.0 (36049842)|HEAP_ALLOCATE|[94]|Bytes:5
02:52:19.0 (36054825)|HEAP_ALLOCATE|[94]|Bytes:9
02:52:19.0 (36058447)|VARIABLE_SCOPE_BEGIN|[94]|fieldname|String|false|false
02:52:19.0 (36064121)|VARIABLE_ASSIGNMENT|[94]|fieldname|"IsDeleted"
02:52:19.0 (36066800)|STATEMENT_EXECUTE|[95]
02:52:19.0 (36069221)|HEAP_ALLOCATE|[95]|Bytes:10
02:52:19.0 (36072637)|HEAP_ALLOCATE|[95]|Bytes:98
02:52:19.0 (36076666)|VARIABLE_ASSIGNMENT|[95]|allfields|"Id,WhoId,WhatId,Subj (78 more) ..."
02:52:19.0 (36083064)|HEAP_ALLOCATE|[94]|Bytes:5
02:52:19.0 (36088020)|HEAP_ALLOCATE|[94]|Bytes:9
02:52:19.0 (36091578)|VARIABLE_SCOPE_BEGIN|[94]|fieldname|String|false|false
02:52:19.0 (36098406)|VARIABLE_ASSIGNMENT|[94]|fieldname|"AccountId"
02:52:19.0 (36101049)|STATEMENT_EXECUTE|[95]
02:52:19.0 (36103369)|HEAP_ALLOCATE|[95]|Bytes:10
02:52:19.0 (36106798)|HEAP_ALLOCATE|[95]|Bytes:108
02:52:19.0 (36111063)|VARIABLE_ASSIGNMENT|[95]|allfields|"Id,WhoId,WhatId,Subj (88 more) ..."
02:52:19.0 (36117422)|HEAP_ALLOCATE|[94]|Bytes:5
02:52:19.0 (36122859)|HEAP_ALLOCATE|[94]|Bytes:8
02:52:19.0 (36126227)|VARIABLE_SCOPE_BEGIN|[94]|fieldname|String|false|false
02:52:19.0 (36132355)|VARIABLE_ASSIGNMENT|[94]|fieldname|"IsClosed"
02:52:19.0 (36135394)|STATEMENT_EXECUTE|[95]
02:52:19.0 (36137682)|HEAP_ALLOCATE|[95]|Bytes:9
02:52:19.0 (36141106)|HEAP_ALLOCATE|[95]|Bytes:117
02:52:19.0 (36145371)|VARIABLE_ASSIGNMENT|[95]|allfields|"Id,WhoId,WhatId,Subj (97 more) ..."
02:52:19.0 (36151369)|HEAP_ALLOCATE|[94]|Bytes:5
02:52:19.0 (36156534)|HEAP_ALLOCATE|[94]|Bytes:11
02:52:19.0 (36159820)|VARIABLE_SCOPE_BEGIN|[94]|fieldname|String|false|false
02:52:19.0 (36165766)|VARIABLE_ASSIGNMENT|[94]|fieldname|"CreatedDate"
02:52:19.0 (36168871)|STATEMENT_EXECUTE|[95]
02:52:19.0 (36171089)|HEAP_ALLOCATE|[95]|Bytes:12
02:52:19.0 (36174457)|HEAP_ALLOCATE|[95]|Bytes:129
02:52:19.0 (36179002)|VARIABLE_ASSIGNMENT|[95]|allfields|"Id,WhoId,WhatId,Subj (109 more) ..."
02:52:19.0 (36185180)|HEAP_ALLOCATE|[94]|Bytes:5
02:52:19.0 (36190904)|HEAP_ALLOCATE|[94]|Bytes:11
02:52:19.0 (36194477)|VARIABLE_SCOPE_BEGIN|[94]|fieldname|String|false|false
02:52:19.0 (36200481)|VARIABLE_ASSIGNMENT|[94]|fieldname|"CreatedById"
02:52:19.0 (36203471)|STATEMENT_EXECUTE|[95]
02:52:19.0 (36205721)|HEAP_ALLOCATE|[95]|Bytes:12
02:52:19.0 (36209075)|HEAP_ALLOCATE|[95]|Bytes:141
02:52:19.0 (36213903)|VARIABLE_ASSIGNMENT|[95]|allfields|"Id,WhoId,WhatId,Subj (121 more) ..."
02:52:19.0 (36219928)|HEAP_ALLOCATE|[94]|Bytes:5
02:52:19.0 (36225144)|HEAP_ALLOCATE|[94]|Bytes:16
02:52:19.0 (36228707)|VARIABLE_SCOPE_BEGIN|[94]|fieldname|String|false|false
02:52:19.0 (36234779)|VARIABLE_ASSIGNMENT|[94]|fieldname|"LastModifiedDate"
02:52:19.0 (36237601)|STATEMENT_EXECUTE|[95]
02:52:19.0 (36239813)|HEAP_ALLOCATE|[95]|Bytes:17
02:52:19.0 (36243770)|HEAP_ALLOCATE|[95]|Bytes:158
02:52:19.0 (36248148)|VARIABLE_ASSIGNMENT|[95]|allfields|"Id,WhoId,WhatId,Subj (138 more) ..."
02:52:19.0 (36254607)|HEAP_ALLOCATE|[94]|Bytes:5
02:52:19.0 (36259802)|HEAP_ALLOCATE|[94]|Bytes:16
02:52:19.0 (36263386)|VARIABLE_SCOPE_BEGIN|[94]|fieldname|String|false|false
02:52:19.0 (36270046)|VARIABLE_ASSIGNMENT|[94]|fieldname|"LastModifiedById"
02:52:19.0 (36272953)|STATEMENT_EXECUTE|[95]
02:52:19.0 (36275126)|HEAP_ALLOCATE|[95]|Bytes:17
02:52:19.0 (36278562)|HEAP_ALLOCATE|[95]|Bytes:175
02:52:19.0 (36282868)|VARIABLE_ASSIGNMENT|[95]|allfields|"Id,WhoId,WhatId,Subj (155 more) ..."
02:52:19.0 (36288621)|HEAP_ALLOCATE|[94]|Bytes:5
02:52:19.0 (36293750)|HEAP_ALLOCATE|[94]|Bytes:14
02:52:19.0 (36297349)|VARIABLE_SCOPE_BEGIN|[94]|fieldname|String|false|false
02:52:19.0 (36303479)|VARIABLE_ASSIGNMENT|[94]|fieldname|"SystemModstamp"
02:52:19.0 (36306621)|STATEMENT_EXECUTE|[95]
02:52:19.0 (36308779)|HEAP_ALLOCATE|[95]|Bytes:15
02:52:19.0 (36312185)|HEAP_ALLOCATE|[95]|Bytes:190
02:52:19.0 (36316655)|VARIABLE_ASSIGNMENT|[95]|allfields|"Id,WhoId,WhatId,Subj (170 more) ..."
02:52:19.0 (36322793)|HEAP_ALLOCATE|[94]|Bytes:5
02:52:19.0 (36327990)|HEAP_ALLOCATE|[94]|Bytes:10
02:52:19.0 (36331863)|VARIABLE_SCOPE_BEGIN|[94]|fieldname|String|false|false
02:52:19.0 (36337921)|VARIABLE_ASSIGNMENT|[94]|fieldname|"IsArchived"
02:52:19.0 (36340859)|STATEMENT_EXECUTE|[95]
02:52:19.0 (36343116)|HEAP_ALLOCATE|[95]|Bytes:11
02:52:19.0 (36346659)|HEAP_ALLOCATE|[95]|Bytes:201
02:52:19.0 (36351092)|VARIABLE_ASSIGNMENT|[95]|allfields|"Id,WhoId,WhatId,Subj (181 more) ..."
02:52:19.0 (36357399)|HEAP_ALLOCATE|[94]|Bytes:5
02:52:19.0 (36362380)|HEAP_ALLOCATE|[94]|Bytes:21
02:52:19.0 (36365714)|VARIABLE_SCOPE_BEGIN|[94]|fieldname|String|false|false
02:52:19.0 (36372284)|VARIABLE_ASSIGNMENT|[94]|fieldname|"CallDurationInSecond (1 more) ..."
02:52:19.0 (36375831)|STATEMENT_EXECUTE|[95]
02:52:19.0 (36378021)|HEAP_ALLOCATE|[95]|Bytes:22
02:52:19.0 (36381326)|HEAP_ALLOCATE|[95]|Bytes:223
02:52:19.0 (36385428)|VARIABLE_ASSIGNMENT|[95]|allfields|"Id,WhoId,WhatId,Subj (203 more) ..."
02:52:19.0 (36391461)|HEAP_ALLOCATE|[94]|Bytes:5
02:52:19.0 (36396661)|HEAP_ALLOCATE|[94]|Bytes:8
02:52:19.0 (36400372)|VARIABLE_SCOPE_BEGIN|[94]|fieldname|String|false|false
02:52:19.0 (36406576)|VARIABLE_ASSIGNMENT|[94]|fieldname|"CallType"
02:52:19.0 (36409566)|STATEMENT_EXECUTE|[95]
02:52:19.0 (36411851)|HEAP_ALLOCATE|[95]|Bytes:9
02:52:19.0 (36415426)|HEAP_ALLOCATE|[95]|Bytes:232
02:52:19.0 (36419834)|VARIABLE_ASSIGNMENT|[95]|allfields|"Id,WhoId,WhatId,Subj (212 more) ..."
02:52:19.0 (36426569)|HEAP_ALLOCATE|[94]|Bytes:5
02:52:19.0 (36432269)|HEAP_ALLOCATE|[94]|Bytes:15
02:52:19.0 (36435799)|VARIABLE_SCOPE_BEGIN|[94]|fieldname|String|false|false
02:52:19.0 (36441697)|VARIABLE_ASSIGNMENT|[94]|fieldname|"CallDisposition"
02:52:19.0 (36444758)|STATEMENT_EXECUTE|[95]
02:52:19.0 (36447021)|HEAP_ALLOCATE|[95]|Bytes:16
02:52:19.0 (36450538)|HEAP_ALLOCATE|[95]|Bytes:248
02:52:19.0 (36455148)|VARIABLE_ASSIGNMENT|[95]|allfields|"Id,WhoId,WhatId,Subj (228 more) ..."
02:52:19.0 (36461191)|HEAP_ALLOCATE|[94]|Bytes:5
02:52:19.0 (36466246)|HEAP_ALLOCATE|[94]|Bytes:10
02:52:19.0 (36470069)|VARIABLE_SCOPE_BEGIN|[94]|fieldname|String|false|false
02:52:19.0 (36476455)|VARIABLE_ASSIGNMENT|[94]|fieldname|"CallObject"
02:52:19.0 (36479400)|STATEMENT_EXECUTE|[95]
02:52:19.0 (36481616)|HEAP_ALLOCATE|[95]|Bytes:11
02:52:19.0 (36485524)|HEAP_ALLOCATE|[95]|Bytes:259
02:52:19.0 (36489761)|VARIABLE_ASSIGNMENT|[95]|allfields|"Id,WhoId,WhatId,Subj (239 more) ..."
02:52:19.0 (36495674)|HEAP_ALLOCATE|[94]|Bytes:5
02:52:19.0 (36500949)|HEAP_ALLOCATE|[94]|Bytes:16
02:52:19.0 (36504546)|VARIABLE_SCOPE_BEGIN|[94]|fieldname|String|false|false
02:52:19.0 (36510959)|VARIABLE_ASSIGNMENT|[94]|fieldname|"ReminderDateTime"
02:52:19.0 (36513993)|STATEMENT_EXECUTE|[95]
02:52:19.0 (36516142)|HEAP_ALLOCATE|[95]|Bytes:17
02:52:19.0 (36519462)|HEAP_ALLOCATE|[95]|Bytes:276
02:52:19.0 (36524185)|VARIABLE_ASSIGNMENT|[95]|allfields|"Id,WhoId,WhatId,Subj (256 more) ..."
02:52:19.0 (36530377)|HEAP_ALLOCATE|[94]|Bytes:5
02:52:19.0 (36535542)|HEAP_ALLOCATE|[94]|Bytes:13
02:52:19.0 (36538899)|VARIABLE_SCOPE_BEGIN|[94]|fieldname|String|false|false
02:52:19.0 (36544708)|VARIABLE_ASSIGNMENT|[94]|fieldname|"IsReminderSet"
02:52:19.0 (36548414)|STATEMENT_EXECUTE|[95]
02:52:19.0 (36550796)|HEAP_ALLOCATE|[95]|Bytes:14
02:52:19.0 (36554370)|HEAP_ALLOCATE|[95]|Bytes:290
02:52:19.0 (36558671)|VARIABLE_ASSIGNMENT|[95]|allfields|"Id,WhoId,WhatId,Subj (270 more) ..."
02:52:19.0 (36565115)|HEAP_ALLOCATE|[94]|Bytes:5
02:52:19.0 (36570208)|HEAP_ALLOCATE|[94]|Bytes:20
02:52:19.0 (36573821)|VARIABLE_SCOPE_BEGIN|[94]|fieldname|String|false|false
02:52:19.0 (36580110)|VARIABLE_ASSIGNMENT|[94]|fieldname|"RecurrenceActivityId"
02:52:19.0 (36583017)|STATEMENT_EXECUTE|[95]
02:52:19.0 (36585414)|HEAP_ALLOCATE|[95]|Bytes:21
02:52:19.0 (36588808)|HEAP_ALLOCATE|[95]|Bytes:311
02:52:19.0 (36593105)|VARIABLE_ASSIGNMENT|[95]|allfields|"Id,WhoId,WhatId,Subj (291 more) ..."
02:52:19.0 (36598912)|HEAP_ALLOCATE|[94]|Bytes:5
02:52:19.0 (36603831)|HEAP_ALLOCATE|[94]|Bytes:12
02:52:19.0 (36607368)|VARIABLE_SCOPE_BEGIN|[94]|fieldname|String|false|false
02:52:19.0 (36613468)|VARIABLE_ASSIGNMENT|[94]|fieldname|"IsRecurrence"
02:52:19.0 (36616830)|STATEMENT_EXECUTE|[95]
02:52:19.0 (36620140)|HEAP_ALLOCATE|[95]|Bytes:13
02:52:19.0 (36624581)|HEAP_ALLOCATE|[95]|Bytes:324
02:52:19.0 (36629310)|VARIABLE_ASSIGNMENT|[95]|allfields|"Id,WhoId,WhatId,Subj (304 more) ..."
02:52:19.0 (36636909)|HEAP_ALLOCATE|[94]|Bytes:5
02:52:19.0 (36647613)|HEAP_ALLOCATE|[94]|Bytes:23
02:52:19.0 (36651182)|VARIABLE_SCOPE_BEGIN|[94]|fieldname|String|false|false
02:52:19.0 (36658269)|VARIABLE_ASSIGNMENT|[94]|fieldname|"RecurrenceStartDateO (3 more) ..."
02:52:19.0 (36661128)|STATEMENT_EXECUTE|[95]
02:52:19.0 (36663511)|HEAP_ALLOCATE|[95]|Bytes:24
02:52:19.0 (36667202)|HEAP_ALLOCATE|[95]|Bytes:348
02:52:19.0 (36671417)|VARIABLE_ASSIGNMENT|[95]|allfields|"Id,WhoId,WhatId,Subj (328 more) ..."
02:52:19.0 (36677574)|HEAP_ALLOCATE|[94]|Bytes:5
02:52:19.0 (36683099)|HEAP_ALLOCATE|[94]|Bytes:21
02:52:19.0 (36686803)|VARIABLE_SCOPE_BEGIN|[94]|fieldname|String|false|false
02:52:19.0 (36693182)|VARIABLE_ASSIGNMENT|[94]|fieldname|"RecurrenceEndDateOnl (1 more) ..."
02:52:19.0 (36696664)|STATEMENT_EXECUTE|[95]
02:52:19.0 (36699101)|HEAP_ALLOCATE|[95]|Bytes:22
02:52:19.0 (36702619)|HEAP_ALLOCATE|[95]|Bytes:370
02:52:19.0 (36707140)|VARIABLE_ASSIGNMENT|[95]|allfields|"Id,WhoId,WhatId,Subj (350 more) ..."
02:52:19.0 (36713387)|HEAP_ALLOCATE|[94]|Bytes:5
02:52:19.0 (36718499)|HEAP_ALLOCATE|[94]|Bytes:24
02:52:19.0 (36722112)|VARIABLE_SCOPE_BEGIN|[94]|fieldname|String|false|false
02:52:19.0 (36729014)|VARIABLE_ASSIGNMENT|[94]|fieldname|"RecurrenceTimeZoneSi (4 more) ..."
02:52:19.0 (36731746)|STATEMENT_EXECUTE|[95]
02:52:19.0 (36733942)|HEAP_ALLOCATE|[95]|Bytes:25
02:52:19.0 (36737355)|HEAP_ALLOCATE|[95]|Bytes:395
02:52:19.0 (36741557)|VARIABLE_ASSIGNMENT|[95]|allfields|"Id,WhoId,WhatId,Subj (375 more) ..."
02:52:19.0 (36747208)|HEAP_ALLOCATE|[94]|Bytes:5
02:52:19.0 (36752723)|HEAP_ALLOCATE|[94]|Bytes:14
02:52:19.0 (36756302)|VARIABLE_SCOPE_BEGIN|[94]|fieldname|String|false|false
02:52:19.0 (36762669)|VARIABLE_ASSIGNMENT|[94]|fieldname|"RecurrenceType"
02:52:19.0 (36766186)|STATEMENT_EXECUTE|[95]
02:52:19.0 (36768668)|HEAP_ALLOCATE|[95]|Bytes:15
02:52:19.0 (36772172)|HEAP_ALLOCATE|[95]|Bytes:410
02:52:19.0 (36776662)|VARIABLE_ASSIGNMENT|[95]|allfields|"Id,WhoId,WhatId,Subj (390 more) ..."
02:52:19.0 (36782930)|HEAP_ALLOCATE|[94]|Bytes:5
02:52:19.0 (36788071)|HEAP_ALLOCATE|[94]|Bytes:18
02:52:19.0 (36791493)|VARIABLE_SCOPE_BEGIN|[94]|fieldname|String|false|false
02:52:19.0 (36797337)|VARIABLE_ASSIGNMENT|[94]|fieldname|"RecurrenceInterval"
02:52:19.0 (36800208)|STATEMENT_EXECUTE|[95]
02:52:19.0 (36802423)|HEAP_ALLOCATE|[95]|Bytes:19
02:52:19.0 (36806535)|HEAP_ALLOCATE|[95]|Bytes:429
02:52:19.0 (36811061)|VARIABLE_ASSIGNMENT|[95]|allfields|"Id,WhoId,WhatId,Subj (409 more) ..."
02:52:19.0 (36817476)|HEAP_ALLOCATE|[94]|Bytes:5
02:52:19.0 (36822956)|HEAP_ALLOCATE|[94]|Bytes:23
02:52:19.0 (36826518)|VARIABLE_SCOPE_BEGIN|[94]|fieldname|String|false|false
02:52:19.0 (36832941)|VARIABLE_ASSIGNMENT|[94]|fieldname|"RecurrenceDayOfWeekM (3 more) ..."
02:52:19.0 (36836415)|STATEMENT_EXECUTE|[95]
02:52:19.0 (36839040)|HEAP_ALLOCATE|[95]|Bytes:24
02:52:19.0 (36842357)|HEAP_ALLOCATE|[95]|Bytes:453
02:52:19.0 (36846980)|VARIABLE_ASSIGNMENT|[95]|allfields|"Id,WhoId,WhatId,Subj (433 more) ..."
02:52:19.0 (36853076)|HEAP_ALLOCATE|[94]|Bytes:5
02:52:19.0 (36858008)|HEAP_ALLOCATE|[94]|Bytes:20
02:52:19.0 (36861709)|VARIABLE_SCOPE_BEGIN|[94]|fieldname|String|false|false
02:52:19.0 (36867625)|VARIABLE_ASSIGNMENT|[94]|fieldname|"RecurrenceDayOfMonth"
02:52:19.0 (36870417)|STATEMENT_EXECUTE|[95]
02:52:19.0 (36872693)|HEAP_ALLOCATE|[95]|Bytes:21
02:52:19.0 (36876318)|HEAP_ALLOCATE|[95]|Bytes:474
02:52:19.0 (36880474)|VARIABLE_ASSIGNMENT|[95]|allfields|"Id,WhoId,WhatId,Subj (454 more) ..."
02:52:19.0 (36886497)|HEAP_ALLOCATE|[94]|Bytes:5
02:52:19.0 (36891423)|HEAP_ALLOCATE|[94]|Bytes:18
02:52:19.0 (36894987)|VARIABLE_SCOPE_BEGIN|[94]|fieldname|String|false|false
02:52:19.0 (36901171)|VARIABLE_ASSIGNMENT|[94]|fieldname|"RecurrenceInstance"
02:52:19.0 (36904085)|STATEMENT_EXECUTE|[95]
02:52:19.0 (36906227)|HEAP_ALLOCATE|[95]|Bytes:19
02:52:19.0 (36909863)|HEAP_ALLOCATE|[95]|Bytes:493
02:52:19.0 (36914530)|VARIABLE_ASSIGNMENT|[95]|allfields|"Id,WhoId,WhatId,Subj (473 more) ..."
02:52:19.0 (36920567)|HEAP_ALLOCATE|[94]|Bytes:5
02:52:19.0 (36926140)|HEAP_ALLOCATE|[94]|Bytes:21
02:52:19.0 (36929520)|VARIABLE_SCOPE_BEGIN|[94]|fieldname|String|false|false
02:52:19.0 (36936058)|VARIABLE_ASSIGNMENT|[94]|fieldname|"RecurrenceMonthOfYea (1 more) ..."
02:52:19.0 (36938916)|STATEMENT_EXECUTE|[95]
02:52:19.0 (36941175)|HEAP_ALLOCATE|[95]|Bytes:22
02:52:19.0 (36944873)|HEAP_ALLOCATE|[95]|Bytes:515
02:52:19.0 (36949070)|VARIABLE_ASSIGNMENT|[95]|allfields|"Id,WhoId,WhatId,Subj (495 more) ..."
02:52:19.0 (36956672)|HEAP_ALLOCATE|[94]|Bytes:5
02:52:19.0 (36962257)|HEAP_ALLOCATE|[94]|Bytes:25
02:52:19.0 (36965790)|VARIABLE_SCOPE_BEGIN|[94]|fieldname|String|false|false
02:52:19.0 (36972773)|VARIABLE_ASSIGNMENT|[94]|fieldname|"RecurrenceRegenerate (5 more) ..."
02:52:19.0 (36975650)|STATEMENT_EXECUTE|[95]
02:52:19.0 (36978060)|HEAP_ALLOCATE|[95]|Bytes:26
02:52:19.0 (36981702)|HEAP_ALLOCATE|[95]|Bytes:541
02:52:19.0 (36986121)|VARIABLE_ASSIGNMENT|[95]|allfields|"Id,WhoId,WhatId,Subj (521 more) ..."
02:52:19.0 (36992037)|HEAP_ALLOCATE|[94]|Bytes:5
02:52:19.0 (36997075)|HEAP_ALLOCATE|[94]|Bytes:11
02:52:19.0 (37001144)|VARIABLE_SCOPE_BEGIN|[94]|fieldname|String|false|false
02:52:19.0 (37007786)|VARIABLE_ASSIGNMENT|[94]|fieldname|"TaskSubtype"
02:52:19.0 (37010655)|STATEMENT_EXECUTE|[95]
02:52:19.0 (37012986)|HEAP_ALLOCATE|[95]|Bytes:12
02:52:19.0 (37016245)|HEAP_ALLOCATE|[95]|Bytes:553
02:52:19.0 (37020505)|VARIABLE_ASSIGNMENT|[95]|allfields|"Id,WhoId,WhatId,Subj (533 more) ..."
02:52:19.0 (37026856)|HEAP_ALLOCATE|[94]|Bytes:5
02:52:19.0 (37033158)|VARIABLE_ASSIGNMENT|[94]|fieldname|null
02:52:19.0 (37036892)|STATEMENT_EXECUTE|[97]
02:52:19.0 (37093345)|HEAP_ALLOCATE|[97]|Bytes:552
02:52:19.0 (37104298)|VARIABLE_ASSIGNMENT|[97]|allfields|"Id,WhoId,WhatId,Subj (532 more) ..."
02:52:19.0 (37107783)|STATEMENT_EXECUTE|[99]
02:52:19.0 (37119873)|METHOD_EXIT|[19]|01p7F00000HhQR4|PM_Job_New_Controller.getAllFields(String)
02:52:19.0 (37126524)|HEAP_ALLOCATE|[19]|Bytes:10
02:52:19.0 (37134651)|HEAP_ALLOCATE|[19]|Bytes:569
02:52:19.0 (37559266)|SOQL_EXECUTE_BEGIN|[19]|Aggregations:0|select Id,WhoId,WhatId,Subject,ActivityDate,Status,Priority,IsHighPriority,OwnerId,Description,IsDeleted,AccountId,IsClosed,CreatedDate,CreatedById,LastModifiedDate,LastModifiedById,SystemModstamp,IsArchived,CallDurationInSeconds,CallType,CallDisposition,CallObject,ReminderDateTime,IsReminderSet,RecurrenceActivityId,IsRecurrence,RecurrenceStartDateOnly,RecurrenceEndDateOnly,RecurrenceTimeZoneSidKey,RecurrenceType,RecurrenceInterval,RecurrenceDayOfWeekMask,RecurrenceDayOfMonth,RecurrenceInstance,RecurrenceMonthOfYear,RecurrenceRegeneratedType,TaskSubtype from Task
02:52:19.0 (44036261)|SOQL_EXECUTE_END|[19]|Rows:4
02:52:19.0 (44055041)|HEAP_ALLOCATE|[19]|Bytes:20
02:52:19.0 (44080831)|HEAP_ALLOCATE|[19]|Bytes:1808
02:52:19.0 (44132662)|HEAP_ALLOCATE|[19]|Bytes:20
02:52:19.0 (44149759)|VARIABLE_SCOPE_BEGIN|[19]|task|List<Task>|true|false
02:52:19.0 (44246460)|VARIABLE_ASSIGNMENT|[19]|task|[{"Id":"00T7F000009TyUbUAK","WhoId":"00Q7F0000030w5tUAA","Subject":"Other","Status":"Completed","Priority":"Normal","IsHighPriority":false,"OwnerId":"0057F000000T34oQAC","IsDeleted":false,"IsClosed":true,"CreatedDate":"2017-10-10T16:56:11.000Z","CreatedById":"0057F000000T34oQAC","LastModifiedDate":"2017-10-25T03:00:11.000Z","LastModifiedById":"0057F000000T34oQAC","SystemModstamp":"2017-10-25T03:00:11.000Z","IsArchived":false,"IsReminderSet":false,"IsRecurrence":false,"TaskSubtype":"Task"},{"Id":"00T7F000009TyexUAC","WhoId":"0037F00000BmYSmQAN","WhatId":"0067F0000051AquQAE","Subject":"Call","ActivityDate":"2017-10-11T00:00:00.000Z","Status":"Completed","Priority":"Normal","IsHighPriority":false,"OwnerId":"0057F000000T34oQAC","IsDeleted":false,"AccountId":"0017F00000HVkX6QAL","IsClosed":true,"CreatedDate":"2017-10-10T18:44:53.000Z","CreatedById":"0057F000000T34oQAC","LastModifiedDate":"2017-10-25T03:00:39.000Z","LastModifiedById":"0057F000000T34oQAC","SystemModstamp":"2017-10-25T03:00:39.000Z","IsArchived":false,"ReminderDateTime":"2017-10-10T15:00:00.000Z","IsReminderSet":false,"IsRecurrence":false,"TaskSubtype":"Task"},{"Id":"00T7F00000DvfQzUAJ","WhoId":"0037F00000INcziQAD","WhatId":"0067F000006ogtuQAA","Subject":"test","ActivityDate":"2017-11-29T00:00:00.000Z","Status":"In Progress","Priority":"Normal","IsHighPriority":false,"OwnerId":"0057F000000T34oQAC","IsDeleted":false,"AccountId":"0017F00000HVkX6QAL","IsClosed":false,"CreatedDate":"2017-11-29T14:43:25.000Z","CreatedById":"0057F000000T34oQAC","LastModifiedDate":"2017-12-11T13:25:59.000Z","LastModifiedById":"0057F000000T34oQAC","SystemModstamp":"2017-12-11T13:25:59.000Z","IsArchived":false,"ReminderDateTime":"2017-11-29T16:00:00.000Z","IsReminderSet":false,"IsRecurrence":false,"TaskSubtype":"Task"},{"Id":"00T7F00000MIsEyUAL","Subject":"Hello World","Status":"Open","Priority":"Normal","IsHighPriority":false,"OwnerId":"0057F000000Tiz6QAC","IsDeleted":false,"IsClosed":false,"CreatedDate":"2018-01-29T10:50:31.000Z","CreatedById":"0057F000000Tiz6QAC","LastModifiedDate":"2018-01-29T10:50:31.000Z","LastModifiedById":"0057F000000Tiz6QAC","SystemModstamp":"2018-01-29T10:50:31.000Z","IsArchived":false,"IsReminderSet":false,"IsRecurrence":false,"TaskSubtype":"Task"}]|0x50c10e4f
02:52:19.0 (44279152)|STATEMENT_EXECUTE|[20]
02:52:19.0 (44283152)|HEAP_ALLOCATE|[20]|Bytes:36
02:52:19.0 (44520288)|HEAP_ALLOCATE|[20]|Bytes:1999
02:52:19.0 (44538159)|HEAP_ALLOCATE|[20]|Bytes:2035
02:52:19.0 (44556217)|USER_DEBUG|[20]|DEBUG|------------------------------------(Task:{Id=00T7F000009TyUbUAK, WhoId=00Q7F0000030w5tUAA, Subject=Other, Status=Completed, Priority=Normal, IsHighPriority=false, OwnerId=0057F000000T34oQAC, IsDeleted=false, IsClosed=true, CreatedDate=2017-10-10 16:56:11, CreatedById=0057F000000T34oQAC, LastModifiedDate=2017-10-25 03:00:11, LastModifiedById=0057F000000T34oQAC, SystemModstamp=2017-10-25 03:00:11, IsArchived=false, IsReminderSet=false, IsRecurrence=false, TaskSubtype=Task}, Task:{Id=00T7F000009TyexUAC, WhoId=0037F00000BmYSmQAN, WhatId=0067F0000051AquQAE, Subject=Call, ActivityDate=2017-10-11 00:00:00, Status=Completed, Priority=Normal, IsHighPriority=false, OwnerId=0057F000000T34oQAC, IsDeleted=false, AccountId=0017F00000HVkX6QAL, IsClosed=true, CreatedDate=2017-10-10 18:44:53, CreatedById=0057F000000T34oQAC, LastModifiedDate=2017-10-25 03:00:39, LastModifiedById=0057F000000T34oQAC, SystemModstamp=2017-10-25 03:00:39, IsArchived=false, ReminderDateTime=2017-10-10 15:00:00, IsReminderSet=false, IsRecurrence=false, TaskSubtype=Task}, Task:{Id=00T7F00000DvfQzUAJ, WhoId=0037F00000INcziQAD, WhatId=0067F000006ogtuQAA, Subject=test, ActivityDate=2017-11-29 00:00:00, Status=In Progress, Priority=Normal, IsHighPriority=false, OwnerId=0057F000000T34oQAC, IsDeleted=false, AccountId=0017F00000HVkX6QAL, IsClosed=false, CreatedDate=2017-11-29 14:43:25, CreatedById=0057F000000T34oQAC, LastModifiedDate=2017-12-11 13:25:59, LastModifiedById=0057F000000T34oQAC, SystemModstamp=2017-12-11 13:25:59, IsArchived=false, ReminderDateTime=2017-11-29 16:00:00, IsReminderSet=false, IsRecurrence=false, TaskSubtype=Task}, Task:{Id=00T7F00000MIsEyUAL, Subject=Hello World, Status=Open, Priority=Normal, IsHighPriority=false, OwnerId=0057F000000Tiz6QAC, IsDeleted=false, IsClosed=false, CreatedDate=2018-01-29 10:50:31, CreatedById=0057F000000Tiz6QAC, LastModifiedDate=2018-01-29 10:50:31, LastModifiedById=0057F000000Tiz6QAC, SystemModstamp=2018-01-29 10:50:31, IsArchived=false, IsReminderSet=false, IsRecurrence=false, TaskSubtype=Task})
02:52:19.0 (44586986)|STATEMENT_EXECUTE|[21]
02:52:19.0 (44649951)|HEAP_ALLOCATE|[21]|Bytes:85
02:52:19.0 (44667842)|SYSTEM_METHOD_ENTRY|[1]|UserInfo.UserInfo()
02:52:19.0 (44671368)|STATEMENT_EXECUTE|[1]
02:52:19.0 (44680196)|SYSTEM_METHOD_EXIT|[1]|UserInfo
02:52:19.0 (44691180)|METHOD_ENTRY|[21]||System.UserInfo.getUserId()
02:52:19.0 (44725156)|METHOD_EXIT|[21]||System.UserInfo.getUserId()
02:52:19.0 (44730868)|HEAP_ALLOCATE|[21]|Bytes:5
02:52:19.0 (44742351)|METHOD_ENTRY|[21]||System.UserInfo.getUserName()
02:52:19.0 (44760906)|METHOD_EXIT|[21]||System.UserInfo.getUserName()
02:52:19.0 (44770730)|HEAP_ALLOCATE|[21]|Bytes:80
02:52:19.0 (44779049)|USER_DEBUG|[21]|DEBUG|------------------------------------0057F000000Tiz6QAC-----ksb994@salesforce.com
02:52:19.0 (44787969)|SYSTEM_MODE_EXIT|false
02:52:19.0 (45231082)|SYSTEM_MODE_ENTER|true
02:52:19.61 (61987257)|SYSTEM_MODE_ENTER|true
02:52:19.61 (62063348)|HEAP_ALLOCATE|[EXTERNAL]|Bytes:8
02:52:19.61 (62076132)|VARIABLE_SCOPE_BEGIN|[88]|this|ApexPage.PageMessagesComponentController|true|false
02:52:19.61 (62110104)|VARIABLE_ASSIGNMENT|[88]|this|{}|0x7469906c
02:52:19.61 (62116741)|VARIABLE_SCOPE_BEGIN|[88]|escape|Boolean|false|false
02:52:19.61 (62123511)|VARIABLE_ASSIGNMENT|[88]|escape|null
02:52:19.62 (62280191)|SYSTEM_MODE_ENTER|true
02:52:19.62 (62309414)|HEAP_ALLOCATE|[EXTERNAL]|Bytes:8
02:52:19.62 (62315407)|VARIABLE_SCOPE_BEGIN|[2]|this|ApexPage.PageMessagesComponentController|true|false
02:52:19.62 (62332435)|VARIABLE_ASSIGNMENT|[2]|this|{}|0x7469906c
02:52:19.0 (62849906)|SYSTEM_MODE_ENTER|true
02:52:19.0 (62880893)|HEAP_ALLOCATE|[EXTERNAL]|Bytes:40
02:52:19.0 (62891533)|VARIABLE_SCOPE_BEGIN|[24]|this|PM_Job_New_Controller|true|false
02:52:19.0 (62928640)|VARIABLE_ASSIGNMENT|[24]|this|{"job":"0x5a198c43","projectList":"0x672c83e6"}|0x50b5f76b
02:52:19.0 (62944615)|SYSTEM_MODE_ENTER|false
02:52:19.0 (62950839)|HEAP_ALLOCATE|[25]|Bytes:5
02:52:19.0 (62956917)|STATEMENT_EXECUTE|[24]
02:52:19.0 (62958695)|STATEMENT_EXECUTE|[25]
02:52:19.0 (62970138)|HEAP_ALLOCATE|[25]|Bytes:4
02:52:19.0 (62998366)|VARIABLE_SCOPE_BEGIN|[25]|cpcso|List<System.SelectOption>|true|false
02:52:19.0 (63017795)|HEAP_ALLOCATE|[EXTERNAL]|Bytes:4
02:52:19.0 (63027998)|VARIABLE_ASSIGNMENT|[25]|cpcso|[]|0x6b0439f4
02:52:19.0 (63069684)|VARIABLE_ASSIGNMENT|[EXTERNAL]|this|{"job":"0x5a198c43","projectList":"0x672c83e6"}|0x50b5f76b
02:52:19.0 (63205045)|HEAP_ALLOCATE|[26]|Bytes:5
02:52:19.0 (63221306)|HEAP_ALLOCATE|[26]|Bytes:12
02:52:19.0 (63229790)|VARIABLE_SCOPE_BEGIN|[26]|pro|Project__c|true|false
02:52:19.0 (63245604)|VARIABLE_ASSIGNMENT|[26]|pro|{"Company_project_code (3 more) ...":"101-TRN-COM-042","Id":"a057F0000039u2LQAQ"}|0x2fc06121
02:52:19.0 (63253734)|STATEMENT_EXECUTE|[26]
02:52:19.0 (63255131)|STATEMENT_EXECUTE|[27]
02:52:19.0 (63290327)|HEAP_ALLOCATE|[27]|Bytes:18
02:52:19.0 (63359385)|HEAP_ALLOCATE|[EXTERNAL]|Bytes:4
02:52:19.0 (63373808)|HEAP_ALLOCATE|[26]|Bytes:5
02:52:19.0 (63383912)|HEAP_ALLOCATE|[26]|Bytes:12
02:52:19.0 (63390187)|VARIABLE_SCOPE_BEGIN|[26]|pro|Project__c|true|false
02:52:19.0 (63403579)|VARIABLE_ASSIGNMENT|[26]|pro|{"Company_project_code (3 more) ...":"101-TRN-COM-036","Id":"a057F0000039u2MQAQ"}|0x2d23ac48
02:52:19.0 (63408516)|STATEMENT_EXECUTE|[26]
02:52:19.0 (63409746)|STATEMENT_EXECUTE|[27]
02:52:19.0 (63417231)|HEAP_ALLOCATE|[27]|Bytes:18
02:52:19.0 (63429717)|HEAP_ALLOCATE|[EXTERNAL]|Bytes:4
02:52:19.0 (63438300)|HEAP_ALLOCATE|[26]|Bytes:5
02:52:19.0 (63445829)|HEAP_ALLOCATE|[26]|Bytes:12
02:52:19.0 (63450581)|VARIABLE_SCOPE_BEGIN|[26]|pro|Project__c|true|false
02:52:19.0 (63460915)|VARIABLE_ASSIGNMENT|[26]|pro|{"Company_project_code (3 more) ...":"101-TRN-COM-034","Id":"a057F0000039u2NQAQ"}|0x3900fa4
02:52:19.0 (63465202)|STATEMENT_EXECUTE|[26]
02:52:19.0 (63466208)|STATEMENT_EXECUTE|[27]
02:52:19.0 (63470873)|HEAP_ALLOCATE|[27]|Bytes:18
02:52:19.0 (63479818)|HEAP_ALLOCATE|[EXTERNAL]|Bytes:4
02:52:19.0 (63487214)|HEAP_ALLOCATE|[26]|Bytes:5
02:52:19.0 (63494147)|HEAP_ALLOCATE|[26]|Bytes:12
02:52:19.0 (63498639)|VARIABLE_SCOPE_BEGIN|[26]|pro|Project__c|true|false
02:52:19.0 (63507993)|VARIABLE_ASSIGNMENT|[26]|pro|{"Company_project_code (3 more) ...":"101-TRN-COM-051","Id":"a057F0000039u2OQAQ"}|0x27a49e4a
02:52:19.0 (63512368)|STATEMENT_EXECUTE|[26]
02:52:19.0 (63513289)|STATEMENT_EXECUTE|[27]
02:52:19.0 (63517584)|HEAP_ALLOCATE|[27]|Bytes:18
02:52:19.0 (63526076)|HEAP_ALLOCATE|[EXTERNAL]|Bytes:4
02:52:19.0 (63534068)|HEAP_ALLOCATE|[26]|Bytes:5
02:52:19.0 (63540401)|HEAP_ALLOCATE|[26]|Bytes:12
02:52:19.0 (63544917)|VARIABLE_SCOPE_BEGIN|[26]|pro|Project__c|true|false
02:52:19.0 (63554786)|VARIABLE_ASSIGNMENT|[26]|pro|{"Company_project_code (3 more) ...":"300-0001-00","Id":"a057F0000039u22QAA"}|0xb413af6
02:52:19.0 (63559105)|STATEMENT_EXECUTE|[26]
02:52:19.0 (63560095)|STATEMENT_EXECUTE|[27]
02:52:19.0 (63564267)|HEAP_ALLOCATE|[27]|Bytes:18
02:52:19.0 (63572290)|HEAP_ALLOCATE|[EXTERNAL]|Bytes:4
02:52:19.0 (63579461)|HEAP_ALLOCATE|[26]|Bytes:5
02:52:19.0 (63586177)|HEAP_ALLOCATE|[26]|Bytes:12
02:52:19.0 (63590569)|VARIABLE_SCOPE_BEGIN|[26]|pro|Project__c|true|false
02:52:19.0 (63599812)|VARIABLE_ASSIGNMENT|[26]|pro|{"Company_project_code (3 more) ...":"300-0002-01","Id":"a057F0000039u23QAA"}|0x3b30963a
02:52:19.0 (63603970)|STATEMENT_EXECUTE|[26]
02:52:19.0 (63604906)|STATEMENT_EXECUTE|[27]
02:52:19.0 (63608893)|HEAP_ALLOCATE|[27]|Bytes:18
02:52:19.0 (63616820)|HEAP_ALLOCATE|[EXTERNAL]|Bytes:4
02:52:19.0 (63623968)|HEAP_ALLOCATE|[26]|Bytes:5
02:52:19.0 (63630215)|HEAP_ALLOCATE|[26]|Bytes:12
02:52:19.0 (63648596)|VARIABLE_SCOPE_BEGIN|[26]|pro|Project__c|true|false
02:52:19.0 (63659277)|VARIABLE_ASSIGNMENT|[26]|pro|{"Company_project_code (3 more) ...":"101-TRN-COM-008","Id":"a057F0000039u24QAA"}|0x38de53d7
02:52:19.0 (63664191)|STATEMENT_EXECUTE|[26]
02:52:19.0 (63665096)|STATEMENT_EXECUTE|[27]
02:52:19.0 (63670331)|HEAP_ALLOCATE|[27]|Bytes:18
02:52:19.0 (63679796)|HEAP_ALLOCATE|[EXTERNAL]|Bytes:4
02:52:19.0 (63687765)|HEAP_ALLOCATE|[26]|Bytes:5
02:52:19.0 (63694384)|HEAP_ALLOCATE|[26]|Bytes:12
02:52:19.0 (63698640)|VARIABLE_SCOPE_BEGIN|[26]|pro|Project__c|true|false
02:52:19.0 (63708110)|VARIABLE_ASSIGNMENT|[26]|pro|{"Company_project_code (3 more) ...":"101-TRN-COM-047","Id":"a057F0000039u25QAA"}|0x3b8bcc48
02:52:19.0 (63712474)|STATEMENT_EXECUTE|[26]
02:52:19.0 (63713364)|STATEMENT_EXECUTE|[27]
02:52:19.0 (63717388)|HEAP_ALLOCATE|[27]|Bytes:18
02:52:19.0 (63725318)|HEAP_ALLOCATE|[EXTERNAL]|Bytes:4
02:52:19.0 (63732604)|HEAP_ALLOCATE|[26]|Bytes:5
02:52:19.0 (63739143)|HEAP_ALLOCATE|[26]|Bytes:12
02:52:19.0 (63743082)|VARIABLE_SCOPE_BEGIN|[26]|pro|Project__c|true|false
02:52:19.0 (63752237)|VARIABLE_ASSIGNMENT|[26]|pro|{"Company_project_code (3 more) ...":"101-TRN-COM-046","Id":"a057F0000039u26QAA"}|0x391fd745
02:52:19.0 (63756685)|STATEMENT_EXECUTE|[26]
02:52:19.0 (63757660)|STATEMENT_EXECUTE|[27]
02:52:19.0 (63761575)|HEAP_ALLOCATE|[27]|Bytes:18
02:52:19.0 (63769199)|HEAP_ALLOCATE|[EXTERNAL]|Bytes:4
02:52:19.0 (63776295)|HEAP_ALLOCATE|[26]|Bytes:5
02:52:19.0 (63782705)|HEAP_ALLOCATE|[26]|Bytes:12
02:52:19.0 (63786988)|VARIABLE_SCOPE_BEGIN|[26]|pro|Project__c|true|false
02:52:19.0 (63795761)|VARIABLE_ASSIGNMENT|[26]|pro|{"Company_project_code (3 more) ...":"101-TRN-COM-050","Id":"a057F0000039u27QAA"}|0x621171a
02:52:19.0 (63800190)|STATEMENT_EXECUTE|[26]
02:52:19.0 (63801080)|STATEMENT_EXECUTE|[27]
02:52:19.0 (63805009)|HEAP_ALLOCATE|[27]|Bytes:18
02:52:19.0 (63812717)|HEAP_ALLOCATE|[EXTERNAL]|Bytes:4
02:52:19.0 (63819928)|HEAP_ALLOCATE|[26]|Bytes:5
02:52:19.0 (63826317)|HEAP_ALLOCATE|[26]|Bytes:12
02:52:19.0 (63830171)|VARIABLE_SCOPE_BEGIN|[26]|pro|Project__c|true|false
02:52:19.0 (63840013)|VARIABLE_ASSIGNMENT|[26]|pro|{"Company_project_code (3 more) ...":"101-TRN-COM-033","Id":"a057F0000039u28QAA"}|0x4cabace2
02:52:19.0 (63844107)|STATEMENT_EXECUTE|[26]
02:52:19.0 (63845023)|STATEMENT_EXECUTE|[27]
02:52:19.0 (63848941)|HEAP_ALLOCATE|[27]|Bytes:18
02:52:19.0 (63856325)|HEAP_ALLOCATE|[EXTERNAL]|Bytes:4
02:52:19.0 (63863591)|HEAP_ALLOCATE|[26]|Bytes:5
02:52:19.0 (63870297)|HEAP_ALLOCATE|[26]|Bytes:12
02:52:19.0 (63874091)|VARIABLE_SCOPE_BEGIN|[26]|pro|Project__c|true|false
02:52:19.0 (63883605)|VARIABLE_ASSIGNMENT|[26]|pro|{"Company_project_code (3 more) ...":"101-TRN-COX-007","Id":"a057F0000039u29QAA"}|0x2927c0b3
02:52:19.0 (63887808)|STATEMENT_EXECUTE|[26]
02:52:19.0 (63888699)|STATEMENT_EXECUTE|[27]
02:52:19.0 (63892713)|HEAP_ALLOCATE|[27]|Bytes:18
02:52:19.0 (63900601)|HEAP_ALLOCATE|[EXTERNAL]|Bytes:4
02:52:19.0 (63908042)|HEAP_ALLOCATE|[26]|Bytes:5
02:52:19.0 (63914802)|HEAP_ALLOCATE|[26]|Bytes:12
02:52:19.0 (63918888)|VARIABLE_SCOPE_BEGIN|[26]|pro|Project__c|true|false
02:52:19.0 (63927721)|VARIABLE_ASSIGNMENT|[26]|pro|{"Company_project_code (3 more) ...":"101-TRN-COX-006","Id":"a057F0000039u2AQAQ"}|0x6e459f2d
02:52:19.0 (63931547)|STATEMENT_EXECUTE|[26]
02:52:19.0 (63932472)|STATEMENT_EXECUTE|[27]
02:52:19.0 (63936389)|HEAP_ALLOCATE|[27]|Bytes:18
02:52:19.0 (63943721)|HEAP_ALLOCATE|[EXTERNAL]|Bytes:4
02:52:19.0 (63950794)|HEAP_ALLOCATE|[26]|Bytes:5
02:52:19.0 (63957090)|HEAP_ALLOCATE|[26]|Bytes:12
02:52:19.0 (63961119)|VARIABLE_SCOPE_BEGIN|[26]|pro|Project__c|true|false
02:52:19.0 (63970550)|VARIABLE_ASSIGNMENT|[26]|pro|{"Company_project_code (3 more) ...":"101-TRN-COX-008","Id":"a057F0000039u2BQAQ"}|0x6052dc38
02:52:19.0 (63974750)|STATEMENT_EXECUTE|[26]
02:52:19.0 (63975663)|STATEMENT_EXECUTE|[27]
02:52:19.0 (63979604)|HEAP_ALLOCATE|[27]|Bytes:18
02:52:19.0 (63987169)|HEAP_ALLOCATE|[EXTERNAL]|Bytes:4
02:52:19.0 (63993958)|HEAP_ALLOCATE|[26]|Bytes:5
02:52:19.0 (64000527)|HEAP_ALLOCATE|[26]|Bytes:12
02:52:19.0 (64005712)|VARIABLE_SCOPE_BEGIN|[26]|pro|Project__c|true|false
02:52:19.0 (64014786)|VARIABLE_ASSIGNMENT|[26]|pro|{"Company_project_code (3 more) ...":"101-TRN-COM-027","Id":"a057F0000039u2CQAQ"}|0x718fa06c
02:52:19.0 (64019479)|STATEMENT_EXECUTE|[26]
02:52:19.0 (64020413)|STATEMENT_EXECUTE|[27]
02:52:19.0 (64024399)|HEAP_ALLOCATE|[27]|Bytes:18
02:52:19.0 (64032772)|HEAP_ALLOCATE|[EXTERNAL]|Bytes:4
02:52:19.0 (64040423)|HEAP_ALLOCATE|[26]|Bytes:5
02:52:19.0 (64046944)|HEAP_ALLOCATE|[26]|Bytes:12
02:52:19.0 (64050823)|VARIABLE_SCOPE_BEGIN|[26]|pro|Project__c|true|false
02:52:19.0 (64059620)|VARIABLE_ASSIGNMENT|[26]|pro|{"Company_project_code (3 more) ...":"101-TRN-COM-029","Id":"a057F0000039u2DQAQ"}|0x66bad4b6
02:52:19.0 (64063284)|STATEMENT_EXECUTE|[26]
02:52:19.0 (64064222)|STATEMENT_EXECUTE|[27]
02:52:19.0 (64068166)|HEAP_ALLOCATE|[27]|Bytes:18
02:52:19.0 (64076293)|HEAP_ALLOCATE|[EXTERNAL]|Bytes:4
02:52:19.0 (64083212)|HEAP_ALLOCATE|[26]|Bytes:5
02:52:19.0 (64089250)|HEAP_ALLOCATE|[26]|Bytes:12
02:52:19.0 (64093462)|VARIABLE_SCOPE_BEGIN|[26]|pro|Project__c|true|false
02:52:19.0 (64102812)|VARIABLE_ASSIGNMENT|[26]|pro|{"Company_project_code (3 more) ...":"101-TRN-COM-014","Id":"a057F0000039u2EQAQ"}|0x24c493bb
02:52:19.0 (64107297)|STATEMENT_EXECUTE|[26]
02:52:19.0 (64108219)|STATEMENT_EXECUTE|[27]
02:52:19.0 (64112142)|HEAP_ALLOCATE|[27]|Bytes:18
02:52:19.0 (64119728)|HEAP_ALLOCATE|[EXTERNAL]|Bytes:4
02:52:19.0 (64127155)|HEAP_ALLOCATE|[26]|Bytes:5
02:52:19.0 (64133457)|HEAP_ALLOCATE|[26]|Bytes:12
02:52:19.0 (64137980)|VARIABLE_SCOPE_BEGIN|[26]|pro|Project__c|true|false
02:52:19.0 (64147017)|VARIABLE_ASSIGNMENT|[26]|pro|{"Company_project_code (3 more) ...":"301-0001-00","Id":"a057F0000039u21QAA"}|0x52812807
02:52:19.0 (64151060)|STATEMENT_EXECUTE|[26]
02:52:19.0 (64152158)|STATEMENT_EXECUTE|[27]
02:52:19.0 (64156226)|HEAP_ALLOCATE|[27]|Bytes:18
02:52:19.0 (64163988)|HEAP_ALLOCATE|[EXTERNAL]|Bytes:4
02:52:19.0 (64170959)|HEAP_ALLOCATE|[26]|Bytes:5
02:52:19.0 (64177126)|HEAP_ALLOCATE|[26]|Bytes:12
02:52:19.0 (64181224)|VARIABLE_SCOPE_BEGIN|[26]|pro|Project__c|true|false
02:52:19.0 (64190589)|VARIABLE_ASSIGNMENT|[26]|pro|{"Company_project_code (3 more) ...":"101-TRN-COM-017","Id":"a057F0000039u2FQAQ"}|0x5e016efb
02:52:19.0 (64194725)|STATEMENT_EXECUTE|[26]
02:52:19.0 (64195679)|STATEMENT_EXECUTE|[27]
02:52:19.0 (64199695)|HEAP_ALLOCATE|[27]|Bytes:18
02:52:19.0 (64207180)|HEAP_ALLOCATE|[EXTERNAL]|Bytes:4
02:52:19.0 (64214255)|HEAP_ALLOCATE|[26]|Bytes:5
02:52:19.0 (64220208)|HEAP_ALLOCATE|[26]|Bytes:12
02:52:19.0 (64224677)|VARIABLE_SCOPE_BEGIN|[26]|pro|Project__c|true|false
02:52:19.0 (64233918)|VARIABLE_ASSIGNMENT|[26]|pro|{"Company_project_code (3 more) ...":"101-TRN-COM-038","Id":"a057F0000039u2GQAQ"}|0x6eae1ee9
02:52:19.0 (64237835)|STATEMENT_EXECUTE|[26]
02:52:19.0 (64238783)|STATEMENT_EXECUTE|[27]
02:52:19.0 (64242750)|HEAP_ALLOCATE|[27]|Bytes:18
02:52:19.0 (64250984)|HEAP_ALLOCATE|[EXTERNAL]|Bytes:4
02:52:19.0 (64258647)|HEAP_ALLOCATE|[26]|Bytes:5
02:52:19.0 (64264899)|HEAP_ALLOCATE|[26]|Bytes:12
02:52:19.0 (64268830)|VARIABLE_SCOPE_BEGIN|[26]|pro|Project__c|true|false
02:52:19.0 (64278111)|VARIABLE_ASSIGNMENT|[26]|pro|{"Company_project_code (3 more) ...":"101-TRN-COM-037","Id":"a057F0000039u2HQAQ"}|0x6e7711cc
02:52:19.0 (64282205)|STATEMENT_EXECUTE|[26]
02:52:19.0 (64283181)|STATEMENT_EXECUTE|[27]
02:52:19.0 (64287263)|HEAP_ALLOCATE|[27]|Bytes:18
02:52:19.0 (64294618)|HEAP_ALLOCATE|[EXTERNAL]|Bytes:4
02:52:19.0 (64301357)|HEAP_ALLOCATE|[26]|Bytes:5
02:52:19.0 (64307742)|HEAP_ALLOCATE|[26]|Bytes:12
02:52:19.0 (64311792)|VARIABLE_SCOPE_BEGIN|[26]|pro|Project__c|true|false
02:52:19.0 (64320607)|VARIABLE_ASSIGNMENT|[26]|pro|{"Company_project_code (3 more) ...":"101-TRN-COM-039","Id":"a057F0000039u2IQAQ"}|0x35edcd15
02:52:19.0 (64324973)|STATEMENT_EXECUTE|[26]
02:52:19.0 (64325904)|STATEMENT_EXECUTE|[27]
02:52:19.0 (64329871)|HEAP_ALLOCATE|[27]|Bytes:18
02:52:19.0 (64337638)|HEAP_ALLOCATE|[EXTERNAL]|Bytes:4
02:52:19.0 (64344950)|HEAP_ALLOCATE|[26]|Bytes:5
02:52:19.0 (64351674)|HEAP_ALLOCATE|[26]|Bytes:12
02:52:19.0 (64355414)|VARIABLE_SCOPE_BEGIN|[26]|pro|Project__c|true|false
02:52:19.0 (64364777)|VARIABLE_ASSIGNMENT|[26]|pro|{"Company_project_code (3 more) ...":"101-TRN-COM-040","Id":"a057F0000039u2JQAQ"}|0x60ce0be5
02:52:19.0 (64368775)|STATEMENT_EXECUTE|[26]
02:52:19.0 (64369692)|STATEMENT_EXECUTE|[27]
02:52:19.0 (64373539)|HEAP_ALLOCATE|[27]|Bytes:18
02:52:19.0 (64380762)|HEAP_ALLOCATE|[EXTERNAL]|Bytes:4
02:52:19.0 (64387796)|HEAP_ALLOCATE|[26]|Bytes:5
02:52:19.0 (64394442)|HEAP_ALLOCATE|[26]|Bytes:12
02:52:19.0 (64398237)|VARIABLE_SCOPE_BEGIN|[26]|pro|Project__c|true|false
02:52:19.0 (64407685)|VARIABLE_ASSIGNMENT|[26]|pro|{"Company_project_code (3 more) ...":"101-TRN-COM-041","Id":"a057F0000039u2KQAQ"}|0x7e090843
02:52:19.0 (64411659)|STATEMENT_EXECUTE|[26]
02:52:19.0 (64412593)|STATEMENT_EXECUTE|[27]
02:52:19.0 (64416373)|HEAP_ALLOCATE|[27]|Bytes:18
02:52:19.0 (64423730)|HEAP_ALLOCATE|[EXTERNAL]|Bytes:4
02:52:19.0 (64431073)|HEAP_ALLOCATE|[26]|Bytes:5
02:52:19.0 (64438543)|VARIABLE_ASSIGNMENT|[26]|pro|null|
02:52:19.0 (64442448)|STATEMENT_EXECUTE|[29]
02:52:19.0 (64448989)|SYSTEM_MODE_EXIT|false
02:52:19.0 (64800720)|SYSTEM_MODE_ENTER|true
02:52:19.0 (107451493)|SYSTEM_MODE_ENTER|true
02:52:19.0 (107485660)|HEAP_ALLOCATE|[EXTERNAL]|Bytes:40
02:52:19.0 (107494258)|VARIABLE_SCOPE_BEGIN|[49]|this|PM_Job_New_Controller|true|false
02:52:19.0 (107523570)|VARIABLE_ASSIGNMENT|[49]|this|{"job":"0x5a198c43","projectList":"0x672c83e6"}|0x50b5f76b
02:52:19.0 (107538915)|SYSTEM_MODE_ENTER|false
02:52:19.0 (107545759)|HEAP_ALLOCATE|[50]|Bytes:5
02:52:19.0 (107550965)|STATEMENT_EXECUTE|[49]
02:52:19.0 (107552429)|STATEMENT_EXECUTE|[50]
02:52:19.0 (107561951)|HEAP_ALLOCATE|[50]|Bytes:4
02:52:19.0 (107583501)|VARIABLE_SCOPE_BEGIN|[50]|ufp|List<System.SelectOption>|true|false
02:52:19.0 (107604076)|HEAP_ALLOCATE|[EXTERNAL]|Bytes:4
02:52:19.0 (107612796)|VARIABLE_ASSIGNMENT|[50]|ufp|[]|0x73bba663
02:52:19.0 (107617793)|STATEMENT_EXECUTE|[51]
02:52:19.0 (107621053)|HEAP_ALLOCATE|[51]|Bytes:96
02:52:19.0 (107641485)|HEAP_ALLOCATE|[51]|Bytes:4
02:52:19.0 (107649036)|HEAP_ALLOCATE|[51]|Bytes:7
02:52:19.0 (107690543)|VARIABLE_ASSIGNMENT|[EXTERNAL]|this|{"job":"0x5a198c43","projectList":"0x672c83e6"}|0x50b5f76b
02:52:19.0 (108038614)|SOQL_EXECUTE_BEGIN|[51]|Aggregations:0|SELECT ProjectLink__c, UserLink__c FROM ProjectJobAssociation__c WHERE ProjectLink__c = :tmpVar1
02:52:19.0 (109743517)|SOQL_EXECUTE_END|[51]|Rows:0
02:52:19.0 (109765790)|HEAP_ALLOCATE|[51]|Bytes:4
02:52:19.0 (109776298)|HEAP_ALLOCATE|[51]|Bytes:0
02:52:19.0 (109839843)|HEAP_ALLOCATE|[51]|Bytes:4
02:52:19.0 (109852523)|VARIABLE_SCOPE_BEGIN|[51]|userInProject|List<ProjectJobAssociation__c>|true|false
02:52:19.0 (109865382)|VARIABLE_ASSIGNMENT|[51]|userInProject|[]|0x1e180136
02:52:19.0 (109991768)|HEAP_ALLOCATE|[52]|Bytes:5
02:52:19.0 (110005343)|VARIABLE_ASSIGNMENT|[52]|pja|null|
02:52:19.0 (110010399)|STATEMENT_EXECUTE|[52]
02:52:19.0 (110011893)|STATEMENT_EXECUTE|[56]
02:52:19.0 (110017730)|SYSTEM_MODE_EXIT|false
02:52:19.0 (112354386)|SYSTEM_MODE_ENTER|true
02:52:19.0 (114444786)|VF_SERIALIZE_VIEWSTATE_BEGIN|0667F000005aHSA
02:52:19.0 (117614013)|VF_SERIALIZE_VIEWSTATE_END
02:52:19.119 (119884608)|CUMULATIVE_LIMIT_USAGE
02:52:19.119 (119884608)|LIMIT_USAGE_FOR_NS|(default)|
  Number of SOQL queries: 3 out of 100
  Number of query rows: 28 out of 50000
  Number of SOSL queries: 0 out of 20
  Number of DML statements: 0 out of 150
  Number of DML rows: 0 out of 10000
  Maximum CPU time: 0 out of 10000
  Maximum heap size: 0 out of 6000000
  Number of callouts: 0 out of 100
  Number of Email Invocations: 0 out of 10
  Number of future calls: 0 out of 50
  Number of queueable jobs added to the queue: 0 out of 50
  Number of Mobile Apex push calls: 0 out of 10

02:52:19.119 (119884608)|CUMULATIVE_LIMIT_USAGE_END

02:52:19.0 (119916928)|CODE_UNIT_FINISHED|VF: /apex/PM_Job_New
02:52:19.0 (120648763)|EXECUTION_FINISHED
