36.0 APEX_CODE,FINEST;APEX_PROFILING,INFO;CALLOUT,INFO;DB,INFO;SYSTEM,DEBUG;VALIDATION,INFO;VISUALFORCE,INFO;WAVE,INFO;WORKFLOW,INFO
02:29:30.0 (314546)|USER_INFO|[EXTERNAL]|0057F000000Tiz6|ksb994@salesforce.com|Pacific Standard Time|GMT-08:00
02:29:30.0 (349223)|EXECUTION_STARTED
02:29:30.0 (352699)|CODE_UNIT_STARTED|[EXTERNAL]|0667F000004uJm5|VF: /apex/PM_Project_New
02:29:30.0 (944039)|VF_DESERIALIZE_VIEWSTATE_BEGIN|0667F000004uJm5
02:29:30.0 (8542960)|HEAP_ALLOCATE|[72]|Bytes:3
02:29:30.0 (8590679)|HEAP_ALLOCATE|[77]|Bytes:152
02:29:30.0 (8605367)|HEAP_ALLOCATE|[342]|Bytes:408
02:29:30.0 (8621044)|HEAP_ALLOCATE|[355]|Bytes:408
02:29:30.0 (8635303)|HEAP_ALLOCATE|[467]|Bytes:48
02:29:30.0 (8662052)|HEAP_ALLOCATE|[139]|Bytes:6
02:29:30.0 (15021639)|VF_DESERIALIZE_VIEWSTATE_END
02:29:30.20 (20247945)|SYSTEM_MODE_ENTER|true
02:29:30.20 (20327832)|HEAP_ALLOCATE|[EXTERNAL]|Bytes:38
02:29:30.20 (20341381)|HEAP_ALLOCATE|[EXTERNAL]|Bytes:7
02:29:30.20 (20355607)|SYSTEM_METHOD_ENTRY|[1]|PageMessagesComponentController.PageMessagesComponentController()
02:29:30.20 (20360642)|STATEMENT_EXECUTE|[1]
02:29:30.21 (21235193)|SYSTEM_MODE_ENTER|true
02:29:30.21 (21283903)|HEAP_ALLOCATE|[EXTERNAL]|Bytes:8
02:29:30.21 (21291788)|VARIABLE_SCOPE_BEGIN|[88]|this|ApexPage.PageMessagesComponentController|true|false
02:29:30.21 (21326512)|VARIABLE_ASSIGNMENT|[88]|this|{}|0x49bbac30
02:29:30.21 (21332559)|VARIABLE_SCOPE_BEGIN|[88]|escape|Boolean|false|false
02:29:30.21 (21340793)|VARIABLE_ASSIGNMENT|[88]|escape|null
02:29:30.0 (29528015)|SYSTEM_MODE_ENTER|true
02:29:30.0 (29566860)|HEAP_ALLOCATE|[EXTERNAL]|Bytes:164
02:29:30.0 (29577407)|HEAP_ALLOCATE|[EXTERNAL]|Bytes:12
02:29:30.0 (29589127)|METHOD_ENTRY|[5]|01p7F00000Ehg8E|MultiselectController.MultiselectController()
02:29:30.0 (29594797)|STATEMENT_EXECUTE|[5]
02:29:30.0 (29598924)|STATEMENT_EXECUTE|[5]
02:29:30.0 (29610721)|SYSTEM_MODE_ENTER|false
02:29:30.0 (29618164)|HEAP_ALLOCATE|[EXTERNAL]|Bytes:5
02:29:30.0 (29626235)|SYSTEM_MODE_EXIT|false
02:29:30.0 (29634724)|METHOD_EXIT|[5]|MultiselectController
02:29:30.0 (29791736)|SYSTEM_MODE_ENTER|true
02:29:30.0 (30072606)|SYSTEM_MODE_ENTER|true
02:29:30.0 (30283731)|HEAP_ALLOCATE|[EXTERNAL]|Bytes:92
02:29:30.0 (30293629)|HEAP_ALLOCATE|[EXTERNAL]|Bytes:9
02:29:30.0 (30300922)|METHOD_ENTRY|[1]|01p7F00000EhPEd|Project_PM_Controller.Project_PM_Controller()
02:29:30.0 (30304896)|STATEMENT_EXECUTE|[1]
02:29:30.0 (30308043)|STATEMENT_EXECUTE|[1]
02:29:30.0 (30318947)|SYSTEM_MODE_ENTER|false
02:29:30.0 (30325271)|HEAP_ALLOCATE|[EXTERNAL]|Bytes:5
02:29:30.0 (30331357)|SYSTEM_MODE_EXIT|false
02:29:30.0 (30337413)|METHOD_EXIT|[1]|Project_PM_Controller
02:29:30.0 (30347266)|HEAP_ALLOCATE|[EXTERNAL]|Bytes:20
02:29:30.0 (30353810)|VARIABLE_SCOPE_BEGIN|[14]|this|Project_PM_Controller|true|false
02:29:30.0 (30574922)|VARIABLE_ASSIGNMENT|[14]|this|{"controller":"StandardController [[Project__c (]]","project":"0x7952c8f7","selectedUsers":"0x11eea11c","usersList":"0x118f6520"}|0x77bb0cfa
02:29:30.0 (30599572)|SYSTEM_MODE_ENTER|false
02:29:30.0 (30606356)|HEAP_ALLOCATE|[15]|Bytes:5
02:29:30.0 (30610903)|STATEMENT_EXECUTE|[14]
02:29:30.0 (30612246)|STATEMENT_EXECUTE|[15]
02:29:30.0 (30615320)|HEAP_ALLOCATE|[15]|Bytes:62
02:29:30.0 (30631472)|HEAP_ALLOCATE|[15]|Bytes:4
02:29:30.0 (31876807)|SOQL_EXECUTE_BEGIN|[15]|Aggregations:0|SELECT Id, Name FROM User WHERE UserRoleId = '00E7F000000Mdri'
02:29:30.0 (36380284)|SOQL_EXECUTE_END|[15]|Rows:6
02:29:30.0 (36403539)|HEAP_ALLOCATE|[15]|Bytes:28
02:29:30.0 (36424649)|HEAP_ALLOCATE|[15]|Bytes:271
02:29:30.0 (36517107)|HEAP_ALLOCATE|[15]|Bytes:28
02:29:30.0 (36535374)|VARIABLE_SCOPE_BEGIN|[15]|users|List<User>|true|false
02:29:30.0 (36554053)|VARIABLE_ASSIGNMENT|[15]|users|"List of size 6 too large to display"|0x7f2d2174
02:29:30.0 (36732345)|HEAP_ALLOCATE|[16]|Bytes:5
02:29:30.0 (36751589)|HEAP_ALLOCATE|[16]|Bytes:12
02:29:30.0 (36765085)|VARIABLE_SCOPE_BEGIN|[16]|usr|User|true|false
02:29:30.0 (36790590)|VARIABLE_ASSIGNMENT|[16]|usr|{"Id":"0057F000000TpdFQAS","Name":"Mani Sasank"}|0x7b19956f
02:29:30.0 (36801090)|STATEMENT_EXECUTE|[16]
02:29:30.0 (36803458)|STATEMENT_EXECUTE|[17]
02:29:30.0 (36863367)|HEAP_ALLOCATE|[17]|Bytes:18
02:29:30.0 (36960840)|HEAP_ALLOCATE|[EXTERNAL]|Bytes:4
02:29:30.0 (36981754)|HEAP_ALLOCATE|[16]|Bytes:5
02:29:30.0 (36993890)|HEAP_ALLOCATE|[16]|Bytes:12
02:29:30.0 (37001148)|VARIABLE_SCOPE_BEGIN|[16]|usr|User|true|false
02:29:30.0 (37017414)|VARIABLE_ASSIGNMENT|[16]|usr|{"Id":"0057F000000TrBBQA0","Name":"Santhosh"}|0x747019d2
02:29:30.0 (37022961)|STATEMENT_EXECUTE|[16]
02:29:30.0 (37024102)|STATEMENT_EXECUTE|[17]
02:29:30.0 (37036737)|HEAP_ALLOCATE|[17]|Bytes:18
02:29:30.0 (37051486)|HEAP_ALLOCATE|[EXTERNAL]|Bytes:4
02:29:30.0 (37062621)|HEAP_ALLOCATE|[16]|Bytes:5
02:29:30.0 (37071438)|HEAP_ALLOCATE|[16]|Bytes:12
02:29:30.0 (37076947)|VARIABLE_SCOPE_BEGIN|[16]|usr|User|true|false
02:29:30.0 (37087876)|VARIABLE_ASSIGNMENT|[16]|usr|{"Id":"0057F000000TrBGQA0","Name":"Ravi teja"}|0x49e6ed0e
02:29:30.0 (37092505)|STATEMENT_EXECUTE|[16]
02:29:30.0 (37093825)|STATEMENT_EXECUTE|[17]
02:29:30.0 (37101349)|HEAP_ALLOCATE|[17]|Bytes:18
02:29:30.0 (37111607)|HEAP_ALLOCATE|[EXTERNAL]|Bytes:4
02:29:30.0 (37120859)|HEAP_ALLOCATE|[16]|Bytes:5
02:29:30.0 (37128688)|HEAP_ALLOCATE|[16]|Bytes:12
02:29:30.0 (37133130)|VARIABLE_SCOPE_BEGIN|[16]|usr|User|true|false
02:29:30.0 (37142254)|VARIABLE_ASSIGNMENT|[16]|usr|{"Id":"0057F000000TrBVQA0","Name":"Yashwanth"}|0x7850f75b
02:29:30.0 (37146840)|STATEMENT_EXECUTE|[16]
02:29:30.0 (37147889)|STATEMENT_EXECUTE|[17]
02:29:30.0 (37154182)|HEAP_ALLOCATE|[17]|Bytes:18
02:29:30.0 (37163861)|HEAP_ALLOCATE|[EXTERNAL]|Bytes:4
02:29:30.0 (37173098)|HEAP_ALLOCATE|[16]|Bytes:5
02:29:30.0 (37180126)|HEAP_ALLOCATE|[16]|Bytes:12
02:29:30.0 (37184546)|VARIABLE_SCOPE_BEGIN|[16]|usr|User|true|false
02:29:30.0 (37193959)|VARIABLE_ASSIGNMENT|[16]|usr|{"Id":"0057F000000Tz0iQAC","Name":"Richa"}|0x4fd5b7d3
02:29:30.0 (37198694)|STATEMENT_EXECUTE|[16]
02:29:30.0 (37199866)|STATEMENT_EXECUTE|[17]
02:29:30.0 (37206352)|HEAP_ALLOCATE|[17]|Bytes:18
02:29:30.0 (37215602)|HEAP_ALLOCATE|[EXTERNAL]|Bytes:4
02:29:30.0 (37224471)|HEAP_ALLOCATE|[16]|Bytes:5
02:29:30.0 (37231161)|HEAP_ALLOCATE|[16]|Bytes:12
02:29:30.0 (37235482)|VARIABLE_SCOPE_BEGIN|[16]|usr|User|true|false
02:29:30.0 (37244949)|VARIABLE_ASSIGNMENT|[16]|usr|{"Id":"0057F000000Tz0sQAC","Name":"Veeresh"}|0x3b1f9972
02:29:30.0 (37249580)|STATEMENT_EXECUTE|[16]
02:29:30.0 (37250601)|STATEMENT_EXECUTE|[17]
02:29:30.0 (37255984)|HEAP_ALLOCATE|[17]|Bytes:18
02:29:30.0 (37268878)|HEAP_ALLOCATE|[EXTERNAL]|Bytes:4
02:29:30.0 (37284154)|HEAP_ALLOCATE|[16]|Bytes:5
02:29:30.0 (37299079)|VARIABLE_ASSIGNMENT|[16]|usr|null|
02:29:30.0 (37306401)|STATEMENT_EXECUTE|[19]
02:29:30.0 (37314567)|SYSTEM_MODE_EXIT|false
02:29:30.0 (37461658)|SYSTEM_MODE_ENTER|true
02:29:30.0 (37533623)|HEAP_ALLOCATE|[EXTERNAL]|Bytes:52
02:29:30.0 (37548551)|HEAP_ALLOCATE|[EXTERNAL]|Bytes:20
02:29:30.0 (37565376)|VARIABLE_ASSIGNMENT|[EXTERNAL]|this.leftOptions|"List of size 12 too large to display"|0x67dcf7aa
02:29:30.0 (37677329)|SYSTEM_MODE_ENTER|true
02:29:30.0 (37749741)|SYSTEM_MODE_ENTER|true
02:29:30.0 (37787540)|HEAP_ALLOCATE|[EXTERNAL]|Bytes:4
02:29:30.0 (37795505)|HEAP_ALLOCATE|[EXTERNAL]|Bytes:20
02:29:30.0 (37809580)|VARIABLE_ASSIGNMENT|[EXTERNAL]|this.rightOptions|[]|0x67dcf7aa
02:29:30.43 (43876715)|CUMULATIVE_LIMIT_USAGE
02:29:30.43 (43876715)|LIMIT_USAGE_FOR_NS|(default)|
  Number of SOQL queries: 1 out of 100
  Number of query rows: 6 out of 50000
  Number of SOSL queries: 0 out of 20
  Number of DML statements: 0 out of 150
  Number of DML rows: 0 out of 10000
  Maximum CPU time: 0 out of 10000
  Maximum heap size: 0 out of 6000000
  Number of callouts: 0 out of 100
  Number of Email Invocations: 0 out of 10
  Number of future calls: 0 out of 50
  Number of queueable jobs added to the queue: 0 out of 50
  Number of Mobile Apex push calls: 0 out of 10

02:29:30.43 (43876715)|CUMULATIVE_LIMIT_USAGE_END

02:29:30.0 (43914739)|CODE_UNIT_FINISHED|VF: /apex/PM_Project_New
02:29:30.0 (44644776)|EXECUTION_FINISHED
