36.0 APEX_CODE,FINEST;APEX_PROFILING,INFO;CALLOUT,INFO;DB,INFO;SYSTEM,DEBUG;VALIDATION,INFO;VISUALFORCE,INFO;WAVE,INFO;WORKFLOW,INFO
05:38:53.0 (323790)|USER_INFO|[EXTERNAL]|0057F000000Tiz6|ksb994@salesforce.com|Pacific Standard Time|GMT-08:00
05:38:53.0 (355901)|EXECUTION_STARTED
05:38:53.0 (360627)|CODE_UNIT_STARTED|[EXTERNAL]|0667F000004uRC1|VF: /apex/PM_Project_Edit
05:38:53.0 (16611095)|SYSTEM_MODE_ENTER|true
05:38:53.0 (16974149)|HEAP_ALLOCATE|[72]|Bytes:3
05:38:53.0 (17024394)|HEAP_ALLOCATE|[77]|Bytes:152
05:38:53.0 (17045480)|HEAP_ALLOCATE|[342]|Bytes:408
05:38:53.0 (17061717)|HEAP_ALLOCATE|[355]|Bytes:408
05:38:53.0 (17075842)|HEAP_ALLOCATE|[467]|Bytes:48
05:38:53.0 (17105973)|HEAP_ALLOCATE|[139]|Bytes:6
05:38:53.0 (17122038)|HEAP_ALLOCATE|[EXTERNAL]|Bytes:144
05:38:53.0 (17127386)|HEAP_ALLOCATE|[EXTERNAL]|Bytes:20
05:38:53.0 (17130722)|HEAP_ALLOCATE|[EXTERNAL]|Bytes:2
05:38:53.0 (17139529)|METHOD_ENTRY|[1]|01p7F00000Ehro9|PM_Project_Edit_Controller.PM_Project_Edit_Controller()
05:38:53.0 (17145066)|STATEMENT_EXECUTE|[1]
05:38:53.0 (17149440)|STATEMENT_EXECUTE|[1]
05:38:53.0 (17178198)|HEAP_ALLOCATE|[50]|Bytes:5
05:38:53.0 (17199448)|HEAP_ALLOCATE|[56]|Bytes:5
05:38:53.0 (17206452)|HEAP_ALLOCATE|[64]|Bytes:7
05:38:53.0 (17232083)|SYSTEM_MODE_ENTER|false
05:38:53.0 (17246039)|HEAP_ALLOCATE|[EXTERNAL]|Bytes:5
05:38:53.0 (17254022)|SYSTEM_MODE_EXIT|false
05:38:53.0 (17261696)|METHOD_EXIT|[1]|PM_Project_Edit_Controller
05:38:53.0 (17307721)|HEAP_ALLOCATE|[EXTERNAL]|Bytes:24
05:38:53.0 (17324245)|VARIABLE_SCOPE_BEGIN|[10]|this|PM_Project_Edit_Controller|true|false
05:38:53.0 (17382020)|VARIABLE_ASSIGNMENT|[10]|this|{}|0x711f9f4c
05:38:53.0 (17390643)|VARIABLE_SCOPE_BEGIN|[10]|stdController|ApexPages.StandardController|true|false
05:38:53.0 (17550842)|VARIABLE_ASSIGNMENT|[10]|stdController|"StandardController [null]"|0x20fa6b35
05:38:53.0 (17575442)|SYSTEM_MODE_ENTER|false
05:38:53.0 (17582618)|HEAP_ALLOCATE|[7]|Bytes:5
05:38:53.0 (17587418)|STATEMENT_EXECUTE|[1]
05:38:53.0 (17592440)|HEAP_ALLOCATE|[7]|Bytes:5
05:38:53.0 (17595098)|STATEMENT_EXECUTE|[3]
05:38:53.0 (17596366)|STATEMENT_EXECUTE|[4]
05:38:53.0 (17597326)|STATEMENT_EXECUTE|[6]
05:38:53.0 (17598223)|STATEMENT_EXECUTE|[7]
05:38:53.0 (17618513)|HEAP_ALLOCATE|[7]|Bytes:4
05:38:53.0 (17711715)|HEAP_ALLOCATE|[EXTERNAL]|Bytes:4
05:38:53.0 (17726413)|VARIABLE_ASSIGNMENT|[7]|this.usersList|[]|0x711f9f4c
05:38:53.0 (17733407)|STATEMENT_EXECUTE|[8]
05:38:53.0 (17737238)|HEAP_ALLOCATE|[8]|Bytes:1
05:38:53.0 (17746327)|VARIABLE_ASSIGNMENT|[8]|this.nonSelectedUserId|"("|0x711f9f4c
05:38:53.0 (17757702)|HEAP_ALLOCATE|[8]|Bytes:6
05:38:53.0 (17796536)|STATEMENT_EXECUTE|[10]
05:38:53.0 (17798160)|STATEMENT_EXECUTE|[11]
05:38:53.0 (17913501)|HEAP_ALLOCATE|[11]|Bytes:4
05:38:53.0 (17965084)|VARIABLE_ASSIGNMENT|[EXTERNAL]|this|{"nonSelectedUserId":"(","usersList":"0x7ad30cb"}|0x711f9f4c
05:38:53.0 (17979298)|VARIABLE_ASSIGNMENT|[EXTERNAL]|value|{}|0x5aa537c3
05:38:53.0 (17989092)|VARIABLE_ASSIGNMENT|[3]|this.mysObject|{}|0x711f9f4c
05:38:53.0 (17998061)|STATEMENT_EXECUTE|[12]
05:38:53.0 (18037907)|HEAP_ALLOCATE|[12]|Bytes:43
05:38:53.0 (18086674)|HEAP_ALLOCATE|[12]|Bytes:18
05:38:53.0 (18112337)|HEAP_ALLOCATE|[12]|Bytes:3
05:38:53.0 (18158656)|HEAP_ALLOCATE|[12]|Bytes:4
05:38:53.0 (18166518)|VARIABLE_SCOPE_BEGIN|[12]|pid|Id|false|false
05:38:53.0 (18254907)|VARIABLE_ASSIGNMENT|[12]|pid|"a057F0000039WImQAM"
05:38:53.0 (18263084)|STATEMENT_EXECUTE|[16]
05:38:53.0 (18266756)|HEAP_ALLOCATE|[16]|Bytes:7
05:38:53.0 (18271920)|HEAP_ALLOCATE|[16]|Bytes:10
05:38:53.0 (18289660)|METHOD_ENTRY|[16]|01p7F00000Ehro9|PM_Project_Edit_Controller.getAllFields(String)
05:38:53.0 (18316671)|VARIABLE_SCOPE_BEGIN|[48]|sobjectname|String|false|false
05:38:53.0 (18331135)|VARIABLE_ASSIGNMENT|[48]|sobjectname|"Project__c"
05:38:53.0 (18352389)|HEAP_ALLOCATE|[49]|Bytes:5
05:38:53.0 (18356875)|STATEMENT_EXECUTE|[48]
05:38:53.0 (38292139)|HEAP_ALLOCATE|[49]|Bytes:1468
05:38:53.0 (38348092)|STATEMENT_EXECUTE|[49]
05:38:53.0 (38350651)|STATEMENT_EXECUTE|[52]
05:38:53.0 (42577444)|HEAP_ALLOCATE|[52]|Bytes:1468
05:38:53.0 (42789540)|HEAP_ALLOCATE|[52]|Bytes:4
05:38:53.0 (42850930)|HEAP_ALLOCATE|[52]|Bytes:4
05:38:53.0 (44169083)|HEAP_ALLOCATE|[52]|Bytes:148
05:38:53.0 (44187032)|VARIABLE_SCOPE_BEGIN|[52]|fields|Map<String,Schema.SObjectField>|true|false
05:38:53.0 (44438257)|VARIABLE_ASSIGNMENT|[52]|fields|"{client__c=Client__c, client_project_manager__c=Client_Project_Manager__c, company_project_code__c=Company_project_code__c, cost_centre__c=Cost_Centre__c, createdbyid=CreatedById, createddate=CreatedDate, delivery__c=Delivery__c, end_customer__c=End_Customer__c, footage__c=Footage__c, hours__c=Hours__c, ...}"|0x49128353
05:38:53.0 (44450854)|STATEMENT_EXECUTE|[53]
05:38:53.0 (44467723)|HEAP_ALLOCATE|[53]|Bytes:4
05:38:53.0 (44504013)|VARIABLE_SCOPE_BEGIN|[53]|accessiblefields|List<String>|true|false
05:38:53.0 (44531742)|HEAP_ALLOCATE|[EXTERNAL]|Bytes:4
05:38:53.0 (44543973)|VARIABLE_ASSIGNMENT|[53]|accessiblefields|[]|0x6543951f
05:38:53.0 (44600769)|HEAP_ALLOCATE|[EXTERNAL]|Bytes:148
05:38:53.0 (44620827)|HEAP_ALLOCATE|[54]|Bytes:148
05:38:53.0 (44685788)|HEAP_ALLOCATE|[54]|Bytes:5
05:38:53.0 (44737680)|VARIABLE_SCOPE_BEGIN|[54]|field|Schema.SObjectField|true|false
05:38:53.0 (44815528)|VARIABLE_ASSIGNMENT|[54]|field|"common.apex.runtime.impl.ApexFieldToken@352d0312"|0x352d0312
05:38:53.0 (44825084)|STATEMENT_EXECUTE|[54]
05:38:53.0 (45265411)|HEAP_ALLOCATE|[55]|Bytes:8
05:38:53.0 (45300940)|STATEMENT_EXECUTE|[56]
05:38:53.0 (45338911)|HEAP_ALLOCATE|[56]|Bytes:8
05:38:53.0 (45361517)|HEAP_ALLOCATE|[56]|Bytes:2
05:38:53.0 (45384008)|HEAP_ALLOCATE|[EXTERNAL]|Bytes:4
05:38:53.0 (45404625)|HEAP_ALLOCATE|[54]|Bytes:5
05:38:53.0 (45421223)|VARIABLE_SCOPE_BEGIN|[54]|field|Schema.SObjectField|true|false
05:38:53.0 (45493927)|VARIABLE_ASSIGNMENT|[54]|field|"common.apex.runtime.impl.ApexFieldToken@687806ff"|0x687806ff
05:38:53.0 (45502545)|STATEMENT_EXECUTE|[54]
05:38:53.0 (45651658)|HEAP_ALLOCATE|[55]|Bytes:8
05:38:53.0 (45666773)|STATEMENT_EXECUTE|[56]
05:38:53.0 (45685373)|HEAP_ALLOCATE|[56]|Bytes:8
05:38:53.0 (45694110)|HEAP_ALLOCATE|[56]|Bytes:7
05:38:53.0 (45703189)|HEAP_ALLOCATE|[EXTERNAL]|Bytes:4
05:38:53.0 (45715314)|HEAP_ALLOCATE|[54]|Bytes:5
05:38:53.0 (45730190)|VARIABLE_SCOPE_BEGIN|[54]|field|Schema.SObjectField|true|false
05:38:53.0 (45808782)|VARIABLE_ASSIGNMENT|[54]|field|"common.apex.runtime.impl.ApexFieldToken@116a9d82"|0x116a9d82
05:38:53.0 (45817189)|STATEMENT_EXECUTE|[54]
05:38:53.0 (45918434)|HEAP_ALLOCATE|[55]|Bytes:8
05:38:53.0 (45932016)|STATEMENT_EXECUTE|[56]
05:38:53.0 (45948585)|HEAP_ALLOCATE|[56]|Bytes:8
05:38:53.0 (45956605)|HEAP_ALLOCATE|[56]|Bytes:9
05:38:53.0 (45965326)|HEAP_ALLOCATE|[EXTERNAL]|Bytes:4
05:38:53.0 (45977028)|HEAP_ALLOCATE|[54]|Bytes:5
05:38:53.0 (45990290)|VARIABLE_SCOPE_BEGIN|[54]|field|Schema.SObjectField|true|false
05:38:53.0 (46058323)|VARIABLE_ASSIGNMENT|[54]|field|"common.apex.runtime.impl.ApexFieldToken@496df9"|0x496df9
05:38:53.0 (46067203)|STATEMENT_EXECUTE|[54]
05:38:53.0 (46183500)|HEAP_ALLOCATE|[55]|Bytes:8
05:38:53.0 (46202514)|STATEMENT_EXECUTE|[56]
05:38:53.0 (46232452)|HEAP_ALLOCATE|[56]|Bytes:8
05:38:53.0 (46243446)|HEAP_ALLOCATE|[56]|Bytes:4
05:38:53.0 (46252652)|HEAP_ALLOCATE|[EXTERNAL]|Bytes:4
05:38:53.0 (46265429)|HEAP_ALLOCATE|[54]|Bytes:5
05:38:53.0 (46279121)|VARIABLE_SCOPE_BEGIN|[54]|field|Schema.SObjectField|true|false
05:38:53.0 (46348295)|VARIABLE_ASSIGNMENT|[54]|field|"common.apex.runtime.impl.ApexFieldToken@5da1db71"|0x5da1db71
05:38:53.0 (46356246)|STATEMENT_EXECUTE|[54]
05:38:53.0 (46478489)|HEAP_ALLOCATE|[55]|Bytes:8
05:38:53.0 (46491855)|STATEMENT_EXECUTE|[56]
05:38:53.0 (46508624)|HEAP_ALLOCATE|[56]|Bytes:8
05:38:53.0 (46516728)|HEAP_ALLOCATE|[56]|Bytes:11
05:38:53.0 (46525230)|HEAP_ALLOCATE|[EXTERNAL]|Bytes:4
05:38:53.0 (46537098)|HEAP_ALLOCATE|[54]|Bytes:5
05:38:53.0 (46549497)|VARIABLE_SCOPE_BEGIN|[54]|field|Schema.SObjectField|true|false
05:38:53.0 (46617490)|VARIABLE_ASSIGNMENT|[54]|field|"common.apex.runtime.impl.ApexFieldToken@75c661c4"|0x75c661c4
05:38:53.0 (46625275)|STATEMENT_EXECUTE|[54]
05:38:53.0 (46749466)|HEAP_ALLOCATE|[55]|Bytes:8
05:38:53.0 (46763053)|STATEMENT_EXECUTE|[56]
05:38:53.0 (46779768)|HEAP_ALLOCATE|[56]|Bytes:8
05:38:53.0 (46787614)|HEAP_ALLOCATE|[56]|Bytes:11
05:38:53.0 (46800889)|HEAP_ALLOCATE|[EXTERNAL]|Bytes:4
05:38:53.0 (46813271)|HEAP_ALLOCATE|[54]|Bytes:5
05:38:53.0 (46826287)|VARIABLE_SCOPE_BEGIN|[54]|field|Schema.SObjectField|true|false
05:38:53.0 (46893370)|VARIABLE_ASSIGNMENT|[54]|field|"common.apex.runtime.impl.ApexFieldToken@30056473"|0x30056473
05:38:53.0 (46901445)|STATEMENT_EXECUTE|[54]
05:38:53.0 (47013241)|HEAP_ALLOCATE|[55]|Bytes:8
05:38:53.0 (47027066)|STATEMENT_EXECUTE|[56]
05:38:53.0 (47043305)|HEAP_ALLOCATE|[56]|Bytes:8
05:38:53.0 (47051300)|HEAP_ALLOCATE|[56]|Bytes:16
05:38:53.0 (47060165)|HEAP_ALLOCATE|[EXTERNAL]|Bytes:4
05:38:53.0 (47071334)|HEAP_ALLOCATE|[54]|Bytes:5
05:38:53.0 (47083828)|VARIABLE_SCOPE_BEGIN|[54]|field|Schema.SObjectField|true|false
05:38:53.0 (47151445)|VARIABLE_ASSIGNMENT|[54]|field|"common.apex.runtime.impl.ApexFieldToken@7be8e12f"|0x7be8e12f
05:38:53.0 (47159798)|STATEMENT_EXECUTE|[54]
05:38:53.0 (47278079)|HEAP_ALLOCATE|[55]|Bytes:8
05:38:53.0 (47291051)|STATEMENT_EXECUTE|[56]
05:38:53.0 (47307410)|HEAP_ALLOCATE|[56]|Bytes:8
05:38:53.0 (47315240)|HEAP_ALLOCATE|[56]|Bytes:16
05:38:53.0 (47323422)|HEAP_ALLOCATE|[EXTERNAL]|Bytes:4
05:38:53.0 (47334408)|HEAP_ALLOCATE|[54]|Bytes:5
05:38:53.0 (47347078)|VARIABLE_SCOPE_BEGIN|[54]|field|Schema.SObjectField|true|false
05:38:53.0 (47413253)|VARIABLE_ASSIGNMENT|[54]|field|"common.apex.runtime.impl.ApexFieldToken@28c1d770"|0x28c1d770
05:38:53.0 (47420974)|STATEMENT_EXECUTE|[54]
05:38:53.0 (47510819)|HEAP_ALLOCATE|[55]|Bytes:8
05:38:53.0 (47523853)|STATEMENT_EXECUTE|[56]
05:38:53.0 (47539368)|HEAP_ALLOCATE|[56]|Bytes:8
05:38:53.0 (47547267)|HEAP_ALLOCATE|[56]|Bytes:14
05:38:53.0 (47555538)|HEAP_ALLOCATE|[EXTERNAL]|Bytes:4
05:38:53.0 (47566413)|HEAP_ALLOCATE|[54]|Bytes:5
05:38:53.0 (47578448)|VARIABLE_SCOPE_BEGIN|[54]|field|Schema.SObjectField|true|false
05:38:53.0 (47645138)|VARIABLE_ASSIGNMENT|[54]|field|"common.apex.runtime.impl.ApexFieldToken@6e4f4bed"|0x6e4f4bed
05:38:53.0 (47653055)|STATEMENT_EXECUTE|[54]
05:38:53.0 (47741349)|HEAP_ALLOCATE|[55]|Bytes:8
05:38:53.0 (47753963)|STATEMENT_EXECUTE|[56]
05:38:53.0 (47770215)|HEAP_ALLOCATE|[56]|Bytes:8
05:38:53.0 (47777890)|HEAP_ALLOCATE|[56]|Bytes:16
05:38:53.0 (47785964)|HEAP_ALLOCATE|[EXTERNAL]|Bytes:4
05:38:53.0 (47801787)|HEAP_ALLOCATE|[54]|Bytes:5
05:38:53.0 (47814689)|VARIABLE_SCOPE_BEGIN|[54]|field|Schema.SObjectField|true|false
05:38:53.0 (47881631)|VARIABLE_ASSIGNMENT|[54]|field|"common.apex.runtime.impl.ApexFieldToken@75728cab"|0x75728cab
05:38:53.0 (47889567)|STATEMENT_EXECUTE|[54]
05:38:53.0 (47977686)|HEAP_ALLOCATE|[55]|Bytes:8
05:38:53.0 (47990742)|STATEMENT_EXECUTE|[56]
05:38:53.0 (48006254)|HEAP_ALLOCATE|[56]|Bytes:8
05:38:53.0 (48014685)|HEAP_ALLOCATE|[56]|Bytes:14
05:38:53.0 (48022976)|HEAP_ALLOCATE|[EXTERNAL]|Bytes:4
05:38:53.0 (48034294)|HEAP_ALLOCATE|[54]|Bytes:5
05:38:53.0 (48046081)|VARIABLE_SCOPE_BEGIN|[54]|field|Schema.SObjectField|true|false
05:38:53.0 (48111219)|VARIABLE_ASSIGNMENT|[54]|field|"common.apex.runtime.impl.ApexFieldToken@492feab3"|0x492feab3
05:38:53.0 (48119133)|STATEMENT_EXECUTE|[54]
05:38:53.0 (48204638)|HEAP_ALLOCATE|[55]|Bytes:8
05:38:53.0 (48217239)|STATEMENT_EXECUTE|[56]
05:38:53.0 (48232450)|HEAP_ALLOCATE|[56]|Bytes:8
05:38:53.0 (48239802)|HEAP_ALLOCATE|[56]|Bytes:18
05:38:53.0 (48247715)|HEAP_ALLOCATE|[EXTERNAL]|Bytes:4
05:38:53.0 (48258338)|HEAP_ALLOCATE|[54]|Bytes:5
05:38:53.0 (48269679)|VARIABLE_SCOPE_BEGIN|[54]|field|Schema.SObjectField|true|false
05:38:53.0 (48335131)|VARIABLE_ASSIGNMENT|[54]|field|"common.apex.runtime.impl.ApexFieldToken@6ff3ceb1"|0x6ff3ceb1
05:38:53.0 (48343072)|STATEMENT_EXECUTE|[54]
05:38:53.0 (48808014)|HEAP_ALLOCATE|[55]|Bytes:8
05:38:53.0 (48824325)|STATEMENT_EXECUTE|[56]
05:38:53.0 (48844011)|HEAP_ALLOCATE|[56]|Bytes:8
05:38:53.0 (48853171)|HEAP_ALLOCATE|[56]|Bytes:9
05:38:53.0 (48862449)|HEAP_ALLOCATE|[EXTERNAL]|Bytes:4
05:38:53.0 (48875426)|HEAP_ALLOCATE|[54]|Bytes:5
05:38:53.0 (48889800)|VARIABLE_SCOPE_BEGIN|[54]|field|Schema.SObjectField|true|false
05:38:53.0 (48959580)|VARIABLE_ASSIGNMENT|[54]|field|"common.apex.runtime.impl.ApexFieldToken@7b77e081"|0x7b77e081
05:38:53.0 (48967802)|STATEMENT_EXECUTE|[54]
05:38:53.0 (49073731)|HEAP_ALLOCATE|[55]|Bytes:8
05:38:53.0 (49088037)|STATEMENT_EXECUTE|[56]
05:38:53.0 (49105222)|HEAP_ALLOCATE|[56]|Bytes:8
05:38:53.0 (49113347)|HEAP_ALLOCATE|[56]|Bytes:15
05:38:53.0 (49121982)|HEAP_ALLOCATE|[EXTERNAL]|Bytes:4
05:38:53.0 (49133910)|HEAP_ALLOCATE|[54]|Bytes:5
05:38:53.0 (49146549)|VARIABLE_SCOPE_BEGIN|[54]|field|Schema.SObjectField|true|false
05:38:53.0 (49215430)|VARIABLE_ASSIGNMENT|[54]|field|"common.apex.runtime.impl.ApexFieldToken@1a012c90"|0x1a012c90
05:38:53.0 (49223688)|STATEMENT_EXECUTE|[54]
05:38:53.0 (49327042)|HEAP_ALLOCATE|[55]|Bytes:8
05:38:53.0 (49340730)|STATEMENT_EXECUTE|[56]
05:38:53.0 (49357673)|HEAP_ALLOCATE|[56]|Bytes:8
05:38:53.0 (49365527)|HEAP_ALLOCATE|[56]|Bytes:19
05:38:53.0 (49373818)|HEAP_ALLOCATE|[EXTERNAL]|Bytes:4
05:38:53.0 (49385309)|HEAP_ALLOCATE|[54]|Bytes:5
05:38:53.0 (49397463)|VARIABLE_SCOPE_BEGIN|[54]|field|Schema.SObjectField|true|false
05:38:53.0 (49465927)|VARIABLE_ASSIGNMENT|[54]|field|"common.apex.runtime.impl.ApexFieldToken@2c4d2711"|0x2c4d2711
05:38:53.0 (49473563)|STATEMENT_EXECUTE|[54]
05:38:53.0 (49572681)|HEAP_ALLOCATE|[55]|Bytes:8
05:38:53.0 (49586218)|STATEMENT_EXECUTE|[56]
05:38:53.0 (49602976)|HEAP_ALLOCATE|[56]|Bytes:8
05:38:53.0 (49610851)|HEAP_ALLOCATE|[56]|Bytes:14
05:38:53.0 (49618897)|HEAP_ALLOCATE|[EXTERNAL]|Bytes:4
05:38:53.0 (49630148)|HEAP_ALLOCATE|[54]|Bytes:5
05:38:53.0 (49641896)|VARIABLE_SCOPE_BEGIN|[54]|field|Schema.SObjectField|true|false
05:38:53.0 (49708865)|VARIABLE_ASSIGNMENT|[54]|field|"common.apex.runtime.impl.ApexFieldToken@5dbae26f"|0x5dbae26f
05:38:53.0 (49717098)|STATEMENT_EXECUTE|[54]
05:38:53.0 (49822197)|HEAP_ALLOCATE|[55]|Bytes:8
05:38:53.0 (49835671)|STATEMENT_EXECUTE|[56]
05:38:53.0 (49852406)|HEAP_ALLOCATE|[56]|Bytes:8
05:38:53.0 (49860313)|HEAP_ALLOCATE|[56]|Bytes:25
05:38:53.0 (49868262)|HEAP_ALLOCATE|[EXTERNAL]|Bytes:4
05:38:53.0 (49879596)|HEAP_ALLOCATE|[54]|Bytes:5
05:38:53.0 (49891912)|VARIABLE_SCOPE_BEGIN|[54]|field|Schema.SObjectField|true|false
05:38:53.0 (49958553)|VARIABLE_ASSIGNMENT|[54]|field|"common.apex.runtime.impl.ApexFieldToken@190d72b1"|0x190d72b1
05:38:53.0 (49966239)|STATEMENT_EXECUTE|[54]
05:38:53.0 (50061905)|HEAP_ALLOCATE|[55]|Bytes:8
05:38:53.0 (50075780)|STATEMENT_EXECUTE|[56]
05:38:53.0 (50092521)|HEAP_ALLOCATE|[56]|Bytes:8
05:38:53.0 (50100376)|HEAP_ALLOCATE|[56]|Bytes:15
05:38:53.0 (50108591)|HEAP_ALLOCATE|[EXTERNAL]|Bytes:4
05:38:53.0 (50119676)|HEAP_ALLOCATE|[54]|Bytes:5
05:38:53.0 (50131496)|VARIABLE_SCOPE_BEGIN|[54]|field|Schema.SObjectField|true|false
05:38:53.0 (50199084)|VARIABLE_ASSIGNMENT|[54]|field|"common.apex.runtime.impl.ApexFieldToken@a7ba8ac"|0xa7ba8ac
05:38:53.0 (50207525)|STATEMENT_EXECUTE|[54]
05:38:53.0 (50301243)|HEAP_ALLOCATE|[55]|Bytes:8
05:38:53.0 (50314269)|STATEMENT_EXECUTE|[56]
05:38:53.0 (50330975)|HEAP_ALLOCATE|[56]|Bytes:8
05:38:53.0 (50338724)|HEAP_ALLOCATE|[56]|Bytes:23
05:38:53.0 (50347037)|HEAP_ALLOCATE|[EXTERNAL]|Bytes:4
05:38:53.0 (50358010)|HEAP_ALLOCATE|[54]|Bytes:5
05:38:53.0 (50369610)|VARIABLE_SCOPE_BEGIN|[54]|field|Schema.SObjectField|true|false
05:38:53.0 (50435614)|VARIABLE_ASSIGNMENT|[54]|field|"common.apex.runtime.impl.ApexFieldToken@4f4b635d"|0x4f4b635d
05:38:53.0 (50443405)|STATEMENT_EXECUTE|[54]
05:38:53.0 (50540243)|HEAP_ALLOCATE|[55]|Bytes:8
05:38:53.0 (50553229)|STATEMENT_EXECUTE|[56]
05:38:53.0 (50569948)|HEAP_ALLOCATE|[56]|Bytes:8
05:38:53.0 (50577781)|HEAP_ALLOCATE|[56]|Bytes:16
05:38:53.0 (50585795)|HEAP_ALLOCATE|[EXTERNAL]|Bytes:4
05:38:53.0 (50596767)|HEAP_ALLOCATE|[54]|Bytes:5
05:38:53.0 (50608698)|VARIABLE_SCOPE_BEGIN|[54]|field|Schema.SObjectField|true|false
05:38:53.0 (50674411)|VARIABLE_ASSIGNMENT|[54]|field|"common.apex.runtime.impl.ApexFieldToken@45684941"|0x45684941
05:38:53.0 (50682488)|STATEMENT_EXECUTE|[54]
05:38:53.0 (50779991)|HEAP_ALLOCATE|[55]|Bytes:8
05:38:53.0 (50797474)|STATEMENT_EXECUTE|[56]
05:38:53.0 (50814444)|HEAP_ALLOCATE|[56]|Bytes:8
05:38:53.0 (50822283)|HEAP_ALLOCATE|[56]|Bytes:14
05:38:53.0 (50830015)|HEAP_ALLOCATE|[EXTERNAL]|Bytes:4
05:38:53.0 (50841291)|HEAP_ALLOCATE|[54]|Bytes:5
05:38:53.0 (50853287)|VARIABLE_SCOPE_BEGIN|[54]|field|Schema.SObjectField|true|false
05:38:53.0 (50920177)|VARIABLE_ASSIGNMENT|[54]|field|"common.apex.runtime.impl.ApexFieldToken@370223a7"|0x370223a7
05:38:53.0 (50927857)|STATEMENT_EXECUTE|[54]
05:38:53.0 (51024014)|HEAP_ALLOCATE|[55]|Bytes:8
05:38:53.0 (51037744)|STATEMENT_EXECUTE|[56]
05:38:53.0 (51054117)|HEAP_ALLOCATE|[56]|Bytes:8
05:38:53.0 (51061839)|HEAP_ALLOCATE|[56]|Bytes:13
05:38:53.0 (51069839)|HEAP_ALLOCATE|[EXTERNAL]|Bytes:4
05:38:53.0 (51081133)|HEAP_ALLOCATE|[54]|Bytes:5
05:38:53.0 (51093413)|VARIABLE_SCOPE_BEGIN|[54]|field|Schema.SObjectField|true|false
05:38:53.0 (51161322)|VARIABLE_ASSIGNMENT|[54]|field|"common.apex.runtime.impl.ApexFieldToken@606bc323"|0x606bc323
05:38:53.0 (51169351)|STATEMENT_EXECUTE|[54]
05:38:53.0 (51263809)|HEAP_ALLOCATE|[55]|Bytes:8
05:38:53.0 (51276724)|STATEMENT_EXECUTE|[56]
05:38:53.0 (51293054)|HEAP_ALLOCATE|[56]|Bytes:8
05:38:53.0 (51301182)|HEAP_ALLOCATE|[56]|Bytes:5
05:38:53.0 (51308689)|HEAP_ALLOCATE|[EXTERNAL]|Bytes:4
05:38:53.0 (51319650)|HEAP_ALLOCATE|[54]|Bytes:5
05:38:53.0 (51331355)|VARIABLE_SCOPE_BEGIN|[54]|field|Schema.SObjectField|true|false
05:38:53.0 (51399502)|VARIABLE_ASSIGNMENT|[54]|field|"common.apex.runtime.impl.ApexFieldToken@74ae05f8"|0x74ae05f8
05:38:53.0 (51411843)|STATEMENT_EXECUTE|[54]
05:38:53.0 (51507436)|HEAP_ALLOCATE|[55]|Bytes:8
05:38:53.0 (51520790)|STATEMENT_EXECUTE|[56]
05:38:53.0 (51536785)|HEAP_ALLOCATE|[56]|Bytes:8
05:38:53.0 (51544963)|HEAP_ALLOCATE|[56]|Bytes:11
05:38:53.0 (51552916)|HEAP_ALLOCATE|[EXTERNAL]|Bytes:4
05:38:53.0 (51564108)|HEAP_ALLOCATE|[54]|Bytes:5
05:38:53.0 (51576166)|VARIABLE_SCOPE_BEGIN|[54]|field|Schema.SObjectField|true|false
05:38:53.0 (51642410)|VARIABLE_ASSIGNMENT|[54]|field|"common.apex.runtime.impl.ApexFieldToken@738b686d"|0x738b686d
05:38:53.0 (51649889)|STATEMENT_EXECUTE|[54]
05:38:53.0 (51745987)|HEAP_ALLOCATE|[55]|Bytes:8
05:38:53.0 (51759008)|STATEMENT_EXECUTE|[56]
05:38:53.0 (51775706)|HEAP_ALLOCATE|[56]|Bytes:8
05:38:53.0 (51783821)|HEAP_ALLOCATE|[56]|Bytes:5
05:38:53.0 (51795780)|HEAP_ALLOCATE|[EXTERNAL]|Bytes:4
05:38:53.0 (51807487)|HEAP_ALLOCATE|[54]|Bytes:5
05:38:53.0 (51819233)|VARIABLE_SCOPE_BEGIN|[54]|field|Schema.SObjectField|true|false
05:38:53.0 (51886083)|VARIABLE_ASSIGNMENT|[54]|field|"common.apex.runtime.impl.ApexFieldToken@553262a0"|0x553262a0
05:38:53.0 (51894152)|STATEMENT_EXECUTE|[54]
05:38:53.0 (52048964)|HEAP_ALLOCATE|[55]|Bytes:8
05:38:53.0 (52063293)|STATEMENT_EXECUTE|[56]
05:38:53.0 (52081138)|HEAP_ALLOCATE|[56]|Bytes:8
05:38:53.0 (52089928)|HEAP_ALLOCATE|[56]|Bytes:25
05:38:53.0 (52098157)|HEAP_ALLOCATE|[EXTERNAL]|Bytes:4
05:38:53.0 (52109334)|HEAP_ALLOCATE|[54]|Bytes:5
05:38:53.0 (52121508)|VARIABLE_SCOPE_BEGIN|[54]|field|Schema.SObjectField|true|false
05:38:53.0 (52189147)|VARIABLE_ASSIGNMENT|[54]|field|"common.apex.runtime.impl.ApexFieldToken@6bfed1fe"|0x6bfed1fe
05:38:53.0 (52197400)|STATEMENT_EXECUTE|[54]
05:38:53.0 (52328606)|HEAP_ALLOCATE|[55]|Bytes:8
05:38:53.0 (52342440)|STATEMENT_EXECUTE|[56]
05:38:53.0 (52360198)|HEAP_ALLOCATE|[56]|Bytes:8
05:38:53.0 (52368279)|HEAP_ALLOCATE|[56]|Bytes:12
05:38:53.0 (52376279)|HEAP_ALLOCATE|[EXTERNAL]|Bytes:4
05:38:53.0 (52387794)|HEAP_ALLOCATE|[54]|Bytes:5
05:38:53.0 (52400686)|VARIABLE_SCOPE_BEGIN|[54]|field|Schema.SObjectField|true|false
05:38:53.0 (52467346)|VARIABLE_ASSIGNMENT|[54]|field|"common.apex.runtime.impl.ApexFieldToken@6f7b98bc"|0x6f7b98bc
05:38:53.0 (52475796)|STATEMENT_EXECUTE|[54]
05:38:53.0 (52572814)|HEAP_ALLOCATE|[55]|Bytes:8
05:38:53.0 (52586051)|STATEMENT_EXECUTE|[56]
05:38:53.0 (52602842)|HEAP_ALLOCATE|[56]|Bytes:8
05:38:53.0 (52611191)|HEAP_ALLOCATE|[56]|Bytes:21
05:38:53.0 (52619038)|HEAP_ALLOCATE|[EXTERNAL]|Bytes:4
05:38:53.0 (52630036)|HEAP_ALLOCATE|[54]|Bytes:5
05:38:53.0 (52641934)|VARIABLE_SCOPE_BEGIN|[54]|field|Schema.SObjectField|true|false
05:38:53.0 (52708819)|VARIABLE_ASSIGNMENT|[54]|field|"common.apex.runtime.impl.ApexFieldToken@479b5d3e"|0x479b5d3e
05:38:53.0 (52716750)|STATEMENT_EXECUTE|[54]
05:38:53.0 (52818715)|HEAP_ALLOCATE|[55]|Bytes:8
05:38:53.0 (52832066)|STATEMENT_EXECUTE|[56]
05:38:53.0 (52848793)|HEAP_ALLOCATE|[56]|Bytes:8
05:38:53.0 (52856436)|HEAP_ALLOCATE|[56]|Bytes:19
05:38:53.0 (52864126)|HEAP_ALLOCATE|[EXTERNAL]|Bytes:4
05:38:53.0 (52874838)|HEAP_ALLOCATE|[54]|Bytes:5
05:38:53.0 (52886959)|VARIABLE_SCOPE_BEGIN|[54]|field|Schema.SObjectField|true|false
05:38:53.0 (52953671)|VARIABLE_ASSIGNMENT|[54]|field|"common.apex.runtime.impl.ApexFieldToken@1fa100f"|0x1fa100f
05:38:53.0 (52961692)|STATEMENT_EXECUTE|[54]
05:38:53.0 (53070201)|HEAP_ALLOCATE|[55]|Bytes:8
05:38:53.0 (53090984)|STATEMENT_EXECUTE|[56]
05:38:53.0 (53119738)|HEAP_ALLOCATE|[56]|Bytes:8
05:38:53.0 (53132697)|HEAP_ALLOCATE|[56]|Bytes:8
05:38:53.0 (53143145)|HEAP_ALLOCATE|[EXTERNAL]|Bytes:4
05:38:53.0 (53158026)|HEAP_ALLOCATE|[54]|Bytes:5
05:38:53.0 (53175388)|VARIABLE_SCOPE_BEGIN|[54]|field|Schema.SObjectField|true|false
05:38:53.0 (53273737)|VARIABLE_ASSIGNMENT|[54]|field|"common.apex.runtime.impl.ApexFieldToken@1c1640ef"|0x1c1640ef
05:38:53.0 (53285709)|STATEMENT_EXECUTE|[54]
05:38:53.0 (53437968)|HEAP_ALLOCATE|[55]|Bytes:8
05:38:53.0 (53459341)|STATEMENT_EXECUTE|[56]
05:38:53.0 (53488974)|HEAP_ALLOCATE|[56]|Bytes:8
05:38:53.0 (53504484)|HEAP_ALLOCATE|[56]|Bytes:8
05:38:53.0 (53517778)|HEAP_ALLOCATE|[EXTERNAL]|Bytes:4
05:38:53.0 (53538324)|HEAP_ALLOCATE|[54]|Bytes:5
05:38:53.0 (53562660)|VARIABLE_SCOPE_BEGIN|[54]|field|Schema.SObjectField|true|false
05:38:53.0 (53644963)|VARIABLE_ASSIGNMENT|[54]|field|"common.apex.runtime.impl.ApexFieldToken@2f1b95a9"|0x2f1b95a9
05:38:53.0 (53658224)|STATEMENT_EXECUTE|[54]
05:38:53.0 (53823469)|HEAP_ALLOCATE|[55]|Bytes:8
05:38:53.0 (53846554)|STATEMENT_EXECUTE|[56]
05:38:53.0 (53882603)|HEAP_ALLOCATE|[56]|Bytes:8
05:38:53.0 (53896995)|HEAP_ALLOCATE|[56]|Bytes:10
05:38:53.0 (53911497)|HEAP_ALLOCATE|[EXTERNAL]|Bytes:4
05:38:53.0 (53933497)|HEAP_ALLOCATE|[54]|Bytes:5
05:38:53.0 (53955903)|VARIABLE_SCOPE_BEGIN|[54]|field|Schema.SObjectField|true|false
05:38:53.0 (54071352)|VARIABLE_ASSIGNMENT|[54]|field|"common.apex.runtime.impl.ApexFieldToken@32f44fd9"|0x32f44fd9
05:38:53.0 (54086260)|STATEMENT_EXECUTE|[54]
05:38:53.0 (54248300)|HEAP_ALLOCATE|[55]|Bytes:8
05:38:53.0 (54268420)|STATEMENT_EXECUTE|[56]
05:38:53.0 (54301540)|HEAP_ALLOCATE|[56]|Bytes:8
05:38:53.0 (54318402)|HEAP_ALLOCATE|[56]|Bytes:8
05:38:53.0 (54332193)|HEAP_ALLOCATE|[EXTERNAL]|Bytes:4
05:38:53.0 (54353704)|HEAP_ALLOCATE|[54]|Bytes:5
05:38:53.0 (54376353)|VARIABLE_SCOPE_BEGIN|[54]|field|Schema.SObjectField|true|false
05:38:53.0 (54486538)|VARIABLE_ASSIGNMENT|[54]|field|"common.apex.runtime.impl.ApexFieldToken@635f4be0"|0x635f4be0
05:38:53.0 (54499586)|STATEMENT_EXECUTE|[54]
05:38:53.0 (54651547)|HEAP_ALLOCATE|[55]|Bytes:8
05:38:53.0 (54667543)|STATEMENT_EXECUTE|[56]
05:38:53.0 (54686229)|HEAP_ALLOCATE|[56]|Bytes:8
05:38:53.0 (54694953)|HEAP_ALLOCATE|[56]|Bytes:7
05:38:53.0 (54704018)|HEAP_ALLOCATE|[EXTERNAL]|Bytes:4
05:38:53.0 (54716922)|HEAP_ALLOCATE|[54]|Bytes:5
05:38:53.0 (54731948)|VARIABLE_SCOPE_BEGIN|[54]|field|Schema.SObjectField|true|false
05:38:53.0 (54847234)|VARIABLE_ASSIGNMENT|[54]|field|"common.apex.runtime.impl.ApexFieldToken@4d606e5c"|0x4d606e5c
05:38:53.0 (54861477)|STATEMENT_EXECUTE|[54]
05:38:53.0 (55019077)|HEAP_ALLOCATE|[55]|Bytes:8
05:38:53.0 (55040015)|STATEMENT_EXECUTE|[56]
05:38:53.0 (55074131)|HEAP_ALLOCATE|[56]|Bytes:8
05:38:53.0 (55090581)|HEAP_ALLOCATE|[56]|Bytes:8
05:38:53.0 (55103025)|HEAP_ALLOCATE|[EXTERNAL]|Bytes:4
05:38:53.0 (55120776)|HEAP_ALLOCATE|[54]|Bytes:5
05:38:53.0 (55140133)|VARIABLE_SCOPE_BEGIN|[54]|field|Schema.SObjectField|true|false
05:38:53.0 (55250603)|VARIABLE_ASSIGNMENT|[54]|field|"common.apex.runtime.impl.ApexFieldToken@3e250c84"|0x3e250c84
05:38:53.0 (55265359)|STATEMENT_EXECUTE|[54]
05:38:53.0 (55437596)|HEAP_ALLOCATE|[55]|Bytes:8
05:38:53.0 (55456652)|STATEMENT_EXECUTE|[56]
05:38:53.0 (55483802)|HEAP_ALLOCATE|[56]|Bytes:8
05:38:53.0 (55496831)|HEAP_ALLOCATE|[56]|Bytes:7
05:38:53.0 (55508826)|HEAP_ALLOCATE|[EXTERNAL]|Bytes:4
05:38:53.0 (55528997)|HEAP_ALLOCATE|[54]|Bytes:5
05:38:53.0 (55548326)|VARIABLE_ASSIGNMENT|[54]|field|null|
05:38:53.0 (55556895)|STATEMENT_EXECUTE|[58]
05:38:53.0 (55565212)|VARIABLE_SCOPE_BEGIN|[58]|allfields|String|false|false
05:38:53.0 (55581878)|VARIABLE_ASSIGNMENT|[58]|allfields|""
05:38:53.0 (55652128)|HEAP_ALLOCATE|[59]|Bytes:5
05:38:53.0 (55669682)|HEAP_ALLOCATE|[59]|Bytes:2
05:38:53.0 (55680417)|VARIABLE_SCOPE_BEGIN|[59]|fieldname|String|false|false
05:38:53.0 (55695561)|VARIABLE_ASSIGNMENT|[59]|fieldname|"Id"
05:38:53.0 (55702325)|STATEMENT_EXECUTE|[60]
05:38:53.0 (55706666)|HEAP_ALLOCATE|[60]|Bytes:1
05:38:53.0 (55732705)|HEAP_ALLOCATE|[60]|Bytes:3
05:38:53.0 (55743476)|HEAP_ALLOCATE|[60]|Bytes:3
05:38:53.0 (55754198)|VARIABLE_ASSIGNMENT|[60]|allfields|"Id,"
05:38:53.0 (55773200)|HEAP_ALLOCATE|[59]|Bytes:5
05:38:53.0 (55786531)|HEAP_ALLOCATE|[59]|Bytes:7
05:38:53.0 (55801280)|VARIABLE_SCOPE_BEGIN|[59]|fieldname|String|false|false
05:38:53.0 (55816217)|VARIABLE_ASSIGNMENT|[59]|fieldname|"OwnerId"
05:38:53.0 (55822204)|STATEMENT_EXECUTE|[60]
05:38:53.0 (55828967)|HEAP_ALLOCATE|[60]|Bytes:8
05:38:53.0 (55836478)|HEAP_ALLOCATE|[60]|Bytes:11
05:38:53.0 (55845522)|VARIABLE_ASSIGNMENT|[60]|allfields|"Id,OwnerId,"
05:38:53.0 (55863975)|HEAP_ALLOCATE|[59]|Bytes:5
05:38:53.0 (55877048)|HEAP_ALLOCATE|[59]|Bytes:9
05:38:53.0 (55886331)|VARIABLE_SCOPE_BEGIN|[59]|fieldname|String|false|false
05:38:53.0 (55900018)|VARIABLE_ASSIGNMENT|[59]|fieldname|"IsDeleted"
05:38:53.0 (55906371)|STATEMENT_EXECUTE|[60]
05:38:53.0 (55912342)|HEAP_ALLOCATE|[60]|Bytes:10
05:38:53.0 (55919490)|HEAP_ALLOCATE|[60]|Bytes:21
05:38:53.0 (55929966)|VARIABLE_ASSIGNMENT|[60]|allfields|"Id,OwnerId,IsDeleted (1 more) ..."
05:38:53.0 (55947828)|HEAP_ALLOCATE|[59]|Bytes:5
05:38:53.0 (55959954)|HEAP_ALLOCATE|[59]|Bytes:4
05:38:53.0 (55967843)|VARIABLE_SCOPE_BEGIN|[59]|fieldname|String|false|false
05:38:53.0 (55979330)|VARIABLE_ASSIGNMENT|[59]|fieldname|"Name"
05:38:53.0 (55985004)|STATEMENT_EXECUTE|[60]
05:38:53.0 (55990338)|HEAP_ALLOCATE|[60]|Bytes:5
05:38:53.0 (55997041)|HEAP_ALLOCATE|[60]|Bytes:26
05:38:53.0 (56006567)|VARIABLE_ASSIGNMENT|[60]|allfields|"Id,OwnerId,IsDeleted (6 more) ..."
05:38:53.0 (56024159)|HEAP_ALLOCATE|[59]|Bytes:5
05:38:53.0 (56037546)|HEAP_ALLOCATE|[59]|Bytes:11
05:38:53.0 (56046275)|VARIABLE_SCOPE_BEGIN|[59]|fieldname|String|false|false
05:38:53.0 (56059357)|VARIABLE_ASSIGNMENT|[59]|fieldname|"CreatedDate"
05:38:53.0 (56065940)|STATEMENT_EXECUTE|[60]
05:38:53.0 (56071520)|HEAP_ALLOCATE|[60]|Bytes:12
05:38:53.0 (56079583)|HEAP_ALLOCATE|[60]|Bytes:38
05:38:53.0 (56089087)|VARIABLE_ASSIGNMENT|[60]|allfields|"Id,OwnerId,IsDeleted (18 more) ..."
05:38:53.0 (56105634)|HEAP_ALLOCATE|[59]|Bytes:5
05:38:53.0 (56119142)|HEAP_ALLOCATE|[59]|Bytes:11
05:38:53.0 (56127748)|VARIABLE_SCOPE_BEGIN|[59]|fieldname|String|false|false
05:38:53.0 (56139124)|VARIABLE_ASSIGNMENT|[59]|fieldname|"CreatedById"
05:38:53.0 (56145161)|STATEMENT_EXECUTE|[60]
05:38:53.0 (56150924)|HEAP_ALLOCATE|[60]|Bytes:12
05:38:53.0 (56157390)|HEAP_ALLOCATE|[60]|Bytes:50
05:38:53.0 (56166351)|VARIABLE_ASSIGNMENT|[60]|allfields|"Id,OwnerId,IsDeleted (30 more) ..."
05:38:53.0 (56181308)|HEAP_ALLOCATE|[59]|Bytes:5
05:38:53.0 (56191627)|HEAP_ALLOCATE|[59]|Bytes:16
05:38:53.0 (56198832)|VARIABLE_SCOPE_BEGIN|[59]|fieldname|String|false|false
05:38:53.0 (56209772)|VARIABLE_ASSIGNMENT|[59]|fieldname|"LastModifiedDate"
05:38:53.0 (56215692)|STATEMENT_EXECUTE|[60]
05:38:53.0 (56220628)|HEAP_ALLOCATE|[60]|Bytes:17
05:38:53.0 (56226174)|HEAP_ALLOCATE|[60]|Bytes:67
05:38:53.0 (56233881)|VARIABLE_ASSIGNMENT|[60]|allfields|"Id,OwnerId,IsDeleted (47 more) ..."
05:38:53.0 (56247246)|HEAP_ALLOCATE|[59]|Bytes:5
05:38:53.0 (56258551)|HEAP_ALLOCATE|[59]|Bytes:16
05:38:53.0 (56265488)|VARIABLE_SCOPE_BEGIN|[59]|fieldname|String|false|false
05:38:53.0 (56278049)|VARIABLE_ASSIGNMENT|[59]|fieldname|"LastModifiedById"
05:38:53.0 (56284778)|STATEMENT_EXECUTE|[60]
05:38:53.0 (56289741)|HEAP_ALLOCATE|[60]|Bytes:17
05:38:53.0 (56296813)|HEAP_ALLOCATE|[60]|Bytes:84
05:38:53.0 (56305967)|VARIABLE_ASSIGNMENT|[60]|allfields|"Id,OwnerId,IsDeleted (64 more) ..."
05:38:53.0 (56321017)|HEAP_ALLOCATE|[59]|Bytes:5
05:38:53.0 (56332356)|HEAP_ALLOCATE|[59]|Bytes:14
05:38:53.0 (56339722)|VARIABLE_SCOPE_BEGIN|[59]|fieldname|String|false|false
05:38:53.0 (56351212)|VARIABLE_ASSIGNMENT|[59]|fieldname|"SystemModstamp"
05:38:53.0 (56356883)|STATEMENT_EXECUTE|[60]
05:38:53.0 (56362228)|HEAP_ALLOCATE|[60]|Bytes:15
05:38:53.0 (56368535)|HEAP_ALLOCATE|[60]|Bytes:99
05:38:53.0 (56376743)|VARIABLE_ASSIGNMENT|[60]|allfields|"Id,OwnerId,IsDeleted (79 more) ..."
05:38:53.0 (56392481)|HEAP_ALLOCATE|[59]|Bytes:5
05:38:53.0 (56404230)|HEAP_ALLOCATE|[59]|Bytes:16
05:38:53.0 (56411418)|VARIABLE_SCOPE_BEGIN|[59]|fieldname|String|false|false
05:38:53.0 (56423521)|VARIABLE_ASSIGNMENT|[59]|fieldname|"LastActivityDate"
05:38:53.0 (56429564)|STATEMENT_EXECUTE|[60]
05:38:53.0 (56435214)|HEAP_ALLOCATE|[60]|Bytes:17
05:38:53.0 (56442313)|HEAP_ALLOCATE|[60]|Bytes:116
05:38:53.0 (56452871)|VARIABLE_ASSIGNMENT|[60]|allfields|"Id,OwnerId,IsDeleted (96 more) ..."
05:38:53.0 (56468980)|HEAP_ALLOCATE|[59]|Bytes:5
05:38:53.0 (56480635)|HEAP_ALLOCATE|[59]|Bytes:14
05:38:53.0 (56488805)|VARIABLE_SCOPE_BEGIN|[59]|fieldname|String|false|false
05:38:53.0 (56500682)|VARIABLE_ASSIGNMENT|[59]|fieldname|"LastViewedDate"
05:38:53.0 (56506725)|STATEMENT_EXECUTE|[60]
05:38:53.0 (56512093)|HEAP_ALLOCATE|[60]|Bytes:15
05:38:53.0 (56519049)|HEAP_ALLOCATE|[60]|Bytes:131
05:38:53.0 (56528956)|VARIABLE_ASSIGNMENT|[60]|allfields|"Id,OwnerId,IsDeleted (111 more) ..."
05:38:53.0 (56545819)|HEAP_ALLOCATE|[59]|Bytes:5
05:38:53.0 (56558878)|HEAP_ALLOCATE|[59]|Bytes:18
05:38:53.0 (56567488)|VARIABLE_SCOPE_BEGIN|[59]|fieldname|String|false|false
05:38:53.0 (56579960)|VARIABLE_ASSIGNMENT|[59]|fieldname|"LastReferencedDate"
05:38:53.0 (56585935)|STATEMENT_EXECUTE|[60]
05:38:53.0 (56591355)|HEAP_ALLOCATE|[60]|Bytes:19
05:38:53.0 (56598164)|HEAP_ALLOCATE|[60]|Bytes:150
05:38:53.0 (56607240)|VARIABLE_ASSIGNMENT|[60]|allfields|"Id,OwnerId,IsDeleted (130 more) ..."
05:38:53.0 (56621642)|HEAP_ALLOCATE|[59]|Bytes:5
05:38:53.0 (56632419)|HEAP_ALLOCATE|[59]|Bytes:9
05:38:53.0 (56639725)|VARIABLE_SCOPE_BEGIN|[59]|fieldname|String|false|false
05:38:53.0 (56651911)|VARIABLE_ASSIGNMENT|[59]|fieldname|"Client__c"
05:38:53.0 (56657993)|STATEMENT_EXECUTE|[60]
05:38:53.0 (56663327)|HEAP_ALLOCATE|[60]|Bytes:10
05:38:53.0 (56670525)|HEAP_ALLOCATE|[60]|Bytes:160
05:38:53.0 (56680096)|VARIABLE_ASSIGNMENT|[60]|allfields|"Id,OwnerId,IsDeleted (140 more) ..."
05:38:53.0 (56696034)|HEAP_ALLOCATE|[59]|Bytes:5
05:38:53.0 (56708563)|HEAP_ALLOCATE|[59]|Bytes:15
05:38:53.0 (56717206)|VARIABLE_SCOPE_BEGIN|[59]|fieldname|String|false|false
05:38:53.0 (56726701)|VARIABLE_ASSIGNMENT|[59]|fieldname|"End_Customer__c"
05:38:53.0 (56731372)|STATEMENT_EXECUTE|[60]
05:38:53.0 (56736057)|HEAP_ALLOCATE|[60]|Bytes:16
05:38:53.0 (56740176)|HEAP_ALLOCATE|[60]|Bytes:176
05:38:53.0 (56745524)|VARIABLE_ASSIGNMENT|[60]|allfields|"Id,OwnerId,IsDeleted (156 more) ..."
05:38:53.0 (56754459)|HEAP_ALLOCATE|[59]|Bytes:5
05:38:53.0 (56760569)|HEAP_ALLOCATE|[59]|Bytes:19
05:38:53.0 (56764514)|VARIABLE_SCOPE_BEGIN|[59]|fieldname|String|false|false
05:38:53.0 (56771425)|VARIABLE_ASSIGNMENT|[59]|fieldname|"Operation_Region__c"
05:38:53.0 (56774677)|STATEMENT_EXECUTE|[60]
05:38:53.0 (56777216)|HEAP_ALLOCATE|[60]|Bytes:20
05:38:53.0 (56786267)|HEAP_ALLOCATE|[60]|Bytes:196
05:38:53.0 (56795791)|VARIABLE_ASSIGNMENT|[60]|allfields|"Id,OwnerId,IsDeleted (176 more) ..."
05:38:53.0 (56804297)|HEAP_ALLOCATE|[59]|Bytes:5
05:38:53.0 (56810501)|HEAP_ALLOCATE|[59]|Bytes:14
05:38:53.0 (56814450)|VARIABLE_SCOPE_BEGIN|[59]|fieldname|String|false|false
05:38:53.0 (56821142)|VARIABLE_ASSIGNMENT|[59]|fieldname|"Work_Region__c"
05:38:53.0 (56824557)|STATEMENT_EXECUTE|[60]
05:38:53.0 (56827301)|HEAP_ALLOCATE|[60]|Bytes:15
05:38:53.0 (56830908)|HEAP_ALLOCATE|[60]|Bytes:211
05:38:53.0 (56835910)|VARIABLE_ASSIGNMENT|[60]|allfields|"Id,OwnerId,IsDeleted (191 more) ..."
05:38:53.0 (56842515)|HEAP_ALLOCATE|[59]|Bytes:5
05:38:53.0 (56847943)|HEAP_ALLOCATE|[59]|Bytes:25
05:38:53.0 (56851581)|VARIABLE_SCOPE_BEGIN|[59]|fieldname|String|false|false
05:38:53.0 (56859022)|VARIABLE_ASSIGNMENT|[59]|fieldname|"Client_Project_Manag (5 more) ..."
05:38:53.0 (56862398)|STATEMENT_EXECUTE|[60]
05:38:53.0 (56864938)|HEAP_ALLOCATE|[60]|Bytes:26
05:38:53.0 (56868451)|HEAP_ALLOCATE|[60]|Bytes:237
05:38:53.0 (56873186)|VARIABLE_ASSIGNMENT|[60]|allfields|"Id,OwnerId,IsDeleted (217 more) ..."
05:38:53.0 (56879677)|HEAP_ALLOCATE|[59]|Bytes:5
05:38:53.0 (56885523)|HEAP_ALLOCATE|[59]|Bytes:15
05:38:53.0 (56889053)|VARIABLE_SCOPE_BEGIN|[59]|fieldname|String|false|false
05:38:53.0 (56895500)|VARIABLE_ASSIGNMENT|[59]|fieldname|"Project_code__c"
05:38:53.0 (56899103)|STATEMENT_EXECUTE|[60]
05:38:53.0 (56901867)|HEAP_ALLOCATE|[60]|Bytes:16
05:38:53.0 (56905513)|HEAP_ALLOCATE|[60]|Bytes:253
05:38:53.0 (56910018)|VARIABLE_ASSIGNMENT|[60]|allfields|"Id,OwnerId,IsDeleted (233 more) ..."
05:38:53.0 (56916469)|HEAP_ALLOCATE|[59]|Bytes:5
05:38:53.0 (56921816)|HEAP_ALLOCATE|[59]|Bytes:23
05:38:53.0 (56927199)|VARIABLE_SCOPE_BEGIN|[59]|fieldname|String|false|false
05:38:53.0 (56939831)|VARIABLE_ASSIGNMENT|[59]|fieldname|"Company_project_code (3 more) ..."
05:38:53.0 (56945845)|STATEMENT_EXECUTE|[60]
05:38:53.0 (56950796)|HEAP_ALLOCATE|[60]|Bytes:24
05:38:53.0 (56957645)|HEAP_ALLOCATE|[60]|Bytes:277
05:38:53.0 (56967304)|VARIABLE_ASSIGNMENT|[60]|allfields|"Id,OwnerId,IsDeleted (257 more) ..."
05:38:53.0 (56983815)|HEAP_ALLOCATE|[59]|Bytes:5
05:38:53.0 (56996015)|HEAP_ALLOCATE|[59]|Bytes:16
05:38:53.0 (57082074)|VARIABLE_SCOPE_BEGIN|[59]|fieldname|String|false|false
05:38:53.0 (57105865)|VARIABLE_ASSIGNMENT|[59]|fieldname|"Project_Scope__c"
05:38:53.0 (57113185)|STATEMENT_EXECUTE|[60]
05:38:53.0 (57120847)|HEAP_ALLOCATE|[60]|Bytes:17
05:38:53.0 (57129187)|HEAP_ALLOCATE|[60]|Bytes:294
05:38:53.0 (57138834)|VARIABLE_ASSIGNMENT|[60]|allfields|"Id,OwnerId,IsDeleted (274 more) ..."
05:38:53.0 (57156769)|HEAP_ALLOCATE|[59]|Bytes:5
05:38:53.0 (57169064)|HEAP_ALLOCATE|[59]|Bytes:14
05:38:53.0 (57177409)|VARIABLE_SCOPE_BEGIN|[59]|fieldname|String|false|false
05:38:53.0 (57189402)|VARIABLE_ASSIGNMENT|[59]|fieldname|"Cost_Centre__c"
05:38:53.0 (57195014)|STATEMENT_EXECUTE|[60]
05:38:53.0 (57200580)|HEAP_ALLOCATE|[60]|Bytes:15
05:38:53.0 (57207694)|HEAP_ALLOCATE|[60]|Bytes:309
05:38:53.0 (57216908)|VARIABLE_ASSIGNMENT|[60]|allfields|"Id,OwnerId,IsDeleted (289 more) ..."
05:38:53.0 (57235636)|HEAP_ALLOCATE|[59]|Bytes:5
05:38:53.0 (57250276)|HEAP_ALLOCATE|[59]|Bytes:13
05:38:53.0 (57259023)|VARIABLE_SCOPE_BEGIN|[59]|fieldname|String|false|false
05:38:53.0 (57270733)|VARIABLE_ASSIGNMENT|[59]|fieldname|"Production__c"
05:38:53.0 (57277206)|STATEMENT_EXECUTE|[60]
05:38:53.0 (57283026)|HEAP_ALLOCATE|[60]|Bytes:14
05:38:53.0 (57290170)|HEAP_ALLOCATE|[60]|Bytes:323
05:38:53.0 (57299633)|VARIABLE_ASSIGNMENT|[60]|allfields|"Id,OwnerId,IsDeleted (303 more) ..."
05:38:53.0 (57316745)|HEAP_ALLOCATE|[59]|Bytes:5
05:38:53.0 (57329502)|HEAP_ALLOCATE|[59]|Bytes:5
05:38:53.0 (57336610)|VARIABLE_SCOPE_BEGIN|[59]|fieldname|String|false|false
05:38:53.0 (57348363)|VARIABLE_ASSIGNMENT|[59]|fieldname|"QC__c"
05:38:53.0 (57354005)|STATEMENT_EXECUTE|[60]
05:38:53.0 (57358720)|HEAP_ALLOCATE|[60]|Bytes:6
05:38:53.0 (57415182)|HEAP_ALLOCATE|[60]|Bytes:329
05:38:53.0 (57430504)|VARIABLE_ASSIGNMENT|[60]|allfields|"Id,OwnerId,IsDeleted (309 more) ..."
05:38:53.0 (57446608)|HEAP_ALLOCATE|[59]|Bytes:5
05:38:53.0 (57458815)|HEAP_ALLOCATE|[59]|Bytes:11
05:38:53.0 (57466774)|VARIABLE_SCOPE_BEGIN|[59]|fieldname|String|false|false
05:38:53.0 (57479676)|VARIABLE_ASSIGNMENT|[59]|fieldname|"Delivery__c"
05:38:53.0 (57485874)|STATEMENT_EXECUTE|[60]
05:38:53.0 (57492314)|HEAP_ALLOCATE|[60]|Bytes:12
05:38:53.0 (57499759)|HEAP_ALLOCATE|[60]|Bytes:341
05:38:53.0 (57508927)|VARIABLE_ASSIGNMENT|[60]|allfields|"Id,OwnerId,IsDeleted (321 more) ..."
05:38:53.0 (57523019)|HEAP_ALLOCATE|[59]|Bytes:5
05:38:53.0 (57533496)|HEAP_ALLOCATE|[59]|Bytes:5
05:38:53.0 (57541065)|VARIABLE_SCOPE_BEGIN|[59]|fieldname|String|false|false
05:38:53.0 (57552410)|VARIABLE_ASSIGNMENT|[59]|fieldname|"QA__c"
05:38:53.0 (57558520)|STATEMENT_EXECUTE|[60]
05:38:53.0 (57564153)|HEAP_ALLOCATE|[60]|Bytes:6
05:38:53.0 (57645399)|HEAP_ALLOCATE|[60]|Bytes:347
05:38:53.0 (57663404)|VARIABLE_ASSIGNMENT|[60]|allfields|"Id,OwnerId,IsDeleted (327 more) ..."
05:38:53.0 (57684405)|HEAP_ALLOCATE|[59]|Bytes:5
05:38:53.0 (57697781)|HEAP_ALLOCATE|[59]|Bytes:25
05:38:53.0 (57706093)|VARIABLE_SCOPE_BEGIN|[59]|fieldname|String|false|false
05:38:53.0 (57720386)|VARIABLE_ASSIGNMENT|[59]|fieldname|"OffshoreProjectManag (5 more) ..."
05:38:53.0 (57726963)|STATEMENT_EXECUTE|[60]
05:38:53.0 (57733623)|HEAP_ALLOCATE|[60]|Bytes:26
05:38:53.0 (57741852)|HEAP_ALLOCATE|[60]|Bytes:373
05:38:53.0 (57752146)|VARIABLE_ASSIGNMENT|[60]|allfields|"Id,OwnerId,IsDeleted (353 more) ..."
05:38:53.0 (57770015)|HEAP_ALLOCATE|[59]|Bytes:5
05:38:53.0 (57783543)|HEAP_ALLOCATE|[59]|Bytes:12
05:38:53.0 (57796880)|VARIABLE_SCOPE_BEGIN|[59]|fieldname|String|false|false
05:38:53.0 (57810119)|VARIABLE_ASSIGNMENT|[59]|fieldname|"Team_Lead__c"
05:38:53.0 (57816887)|STATEMENT_EXECUTE|[60]
05:38:53.0 (57822788)|HEAP_ALLOCATE|[60]|Bytes:13
05:38:53.0 (57829600)|HEAP_ALLOCATE|[60]|Bytes:386
05:38:53.0 (57839210)|VARIABLE_ASSIGNMENT|[60]|allfields|"Id,OwnerId,IsDeleted (366 more) ..."
05:38:53.0 (57854847)|HEAP_ALLOCATE|[59]|Bytes:5
05:38:53.0 (57867743)|HEAP_ALLOCATE|[59]|Bytes:21
05:38:53.0 (57875478)|VARIABLE_SCOPE_BEGIN|[59]|fieldname|String|false|false
05:38:53.0 (57889651)|VARIABLE_ASSIGNMENT|[59]|fieldname|"Project_Start_Date__ (1 more) ..."
05:38:53.0 (57896935)|STATEMENT_EXECUTE|[60]
05:38:53.0 (57903522)|HEAP_ALLOCATE|[60]|Bytes:22
05:38:53.0 (57911073)|HEAP_ALLOCATE|[60]|Bytes:408
05:38:53.0 (57921364)|VARIABLE_ASSIGNMENT|[60]|allfields|"Id,OwnerId,IsDeleted (388 more) ..."
05:38:53.0 (57938882)|HEAP_ALLOCATE|[59]|Bytes:5
05:38:53.0 (57948180)|HEAP_ALLOCATE|[59]|Bytes:19
05:38:53.0 (57952999)|VARIABLE_SCOPE_BEGIN|[59]|fieldname|String|false|false
05:38:53.0 (57960075)|VARIABLE_ASSIGNMENT|[59]|fieldname|"Project_End_Date__c"
05:38:53.0 (57964429)|STATEMENT_EXECUTE|[60]
05:38:53.0 (57967576)|HEAP_ALLOCATE|[60]|Bytes:20
05:38:53.0 (57971265)|HEAP_ALLOCATE|[60]|Bytes:428
05:38:53.0 (57976207)|VARIABLE_ASSIGNMENT|[60]|allfields|"Id,OwnerId,IsDeleted (408 more) ..."
05:38:53.0 (57983777)|HEAP_ALLOCATE|[59]|Bytes:5
05:38:53.0 (57989341)|HEAP_ALLOCATE|[59]|Bytes:8
05:38:53.0 (57993065)|VARIABLE_SCOPE_BEGIN|[59]|fieldname|String|false|false
05:38:53.0 (57999376)|VARIABLE_ASSIGNMENT|[59]|fieldname|"Units__c"
05:38:53.0 (58002871)|STATEMENT_EXECUTE|[60]
05:38:53.0 (58006238)|HEAP_ALLOCATE|[60]|Bytes:9
05:38:53.0 (58009911)|HEAP_ALLOCATE|[60]|Bytes:437
05:38:53.0 (58014849)|VARIABLE_ASSIGNMENT|[60]|allfields|"Id,OwnerId,IsDeleted (417 more) ..."
05:38:53.0 (58021739)|HEAP_ALLOCATE|[59]|Bytes:5
05:38:53.0 (58027207)|HEAP_ALLOCATE|[59]|Bytes:8
05:38:53.0 (58031293)|VARIABLE_SCOPE_BEGIN|[59]|fieldname|String|false|false
05:38:53.0 (58037367)|VARIABLE_ASSIGNMENT|[59]|fieldname|"Nodes__c"
05:38:53.0 (58040363)|STATEMENT_EXECUTE|[60]
05:38:53.0 (58042825)|HEAP_ALLOCATE|[60]|Bytes:9
05:38:53.0 (58046523)|HEAP_ALLOCATE|[60]|Bytes:446
05:38:53.0 (58051034)|VARIABLE_ASSIGNMENT|[60]|allfields|"Id,OwnerId,IsDeleted (426 more) ..."
05:38:53.0 (58057522)|HEAP_ALLOCATE|[59]|Bytes:5
05:38:53.0 (58062856)|HEAP_ALLOCATE|[59]|Bytes:10
05:38:53.0 (58066766)|VARIABLE_SCOPE_BEGIN|[59]|fieldname|String|false|false
05:38:53.0 (58072878)|VARIABLE_ASSIGNMENT|[59]|fieldname|"Footage__c"
05:38:53.0 (58076256)|STATEMENT_EXECUTE|[60]
05:38:53.0 (58078700)|HEAP_ALLOCATE|[60]|Bytes:11
05:38:53.0 (58082109)|HEAP_ALLOCATE|[60]|Bytes:457
05:38:53.0 (58088579)|VARIABLE_ASSIGNMENT|[60]|allfields|"Id,OwnerId,IsDeleted (437 more) ..."
05:38:53.0 (58101956)|HEAP_ALLOCATE|[59]|Bytes:5
05:38:53.0 (58113607)|HEAP_ALLOCATE|[59]|Bytes:8
05:38:53.0 (58121898)|VARIABLE_SCOPE_BEGIN|[59]|fieldname|String|false|false
05:38:53.0 (58134796)|VARIABLE_ASSIGNMENT|[59]|fieldname|"Miles__c"
05:38:53.0 (58140826)|STATEMENT_EXECUTE|[60]
05:38:53.0 (58146585)|HEAP_ALLOCATE|[60]|Bytes:9
05:38:53.0 (58154641)|HEAP_ALLOCATE|[60]|Bytes:466
05:38:53.0 (58164912)|VARIABLE_ASSIGNMENT|[60]|allfields|"Id,OwnerId,IsDeleted (446 more) ..."
05:38:53.0 (58183889)|HEAP_ALLOCATE|[59]|Bytes:5
05:38:53.0 (58196509)|HEAP_ALLOCATE|[59]|Bytes:7
05:38:53.0 (58205999)|VARIABLE_SCOPE_BEGIN|[59]|fieldname|String|false|false
05:38:53.0 (58219374)|VARIABLE_ASSIGNMENT|[59]|fieldname|"Jobs__c"
05:38:53.0 (58225143)|STATEMENT_EXECUTE|[60]
05:38:53.0 (58230802)|HEAP_ALLOCATE|[60]|Bytes:8
05:38:53.0 (58237784)|HEAP_ALLOCATE|[60]|Bytes:474
05:38:53.0 (58246261)|VARIABLE_ASSIGNMENT|[60]|allfields|"Id,OwnerId,IsDeleted (454 more) ..."
05:38:53.0 (58261493)|HEAP_ALLOCATE|[59]|Bytes:5
05:38:53.0 (58273709)|HEAP_ALLOCATE|[59]|Bytes:8
05:38:53.0 (58282395)|VARIABLE_SCOPE_BEGIN|[59]|fieldname|String|false|false
05:38:53.0 (58294630)|VARIABLE_ASSIGNMENT|[59]|fieldname|"Hours__c"
05:38:53.0 (58299942)|STATEMENT_EXECUTE|[60]
05:38:53.0 (58306253)|HEAP_ALLOCATE|[60]|Bytes:9
05:38:53.0 (58312538)|HEAP_ALLOCATE|[60]|Bytes:483
05:38:53.0 (58322039)|VARIABLE_ASSIGNMENT|[60]|allfields|"Id,OwnerId,IsDeleted (463 more) ..."
05:38:53.0 (58340607)|HEAP_ALLOCATE|[59]|Bytes:5
05:38:53.0 (58352420)|HEAP_ALLOCATE|[59]|Bytes:7
05:38:53.0 (58359975)|VARIABLE_SCOPE_BEGIN|[59]|fieldname|String|false|false
05:38:53.0 (58372498)|VARIABLE_ASSIGNMENT|[59]|fieldname|"Team__c"
05:38:53.0 (58378137)|STATEMENT_EXECUTE|[60]
05:38:53.0 (58383844)|HEAP_ALLOCATE|[60]|Bytes:8
05:38:53.0 (58390905)|HEAP_ALLOCATE|[60]|Bytes:491
05:38:53.0 (58400753)|VARIABLE_ASSIGNMENT|[60]|allfields|"Id,OwnerId,IsDeleted (471 more) ..."
05:38:53.0 (58418402)|HEAP_ALLOCATE|[59]|Bytes:5
05:38:53.0 (58432540)|VARIABLE_ASSIGNMENT|[59]|fieldname|null
05:38:53.0 (58440544)|STATEMENT_EXECUTE|[62]
05:38:53.0 (58547504)|HEAP_ALLOCATE|[62]|Bytes:490
05:38:53.0 (58571962)|VARIABLE_ASSIGNMENT|[62]|allfields|"Id,OwnerId,IsDeleted (470 more) ..."
05:38:53.0 (58579307)|STATEMENT_EXECUTE|[64]
05:38:53.0 (58597419)|METHOD_EXIT|[16]|01p7F00000Ehro9|PM_Project_Edit_Controller.getAllFields(String)
05:38:53.0 (58609061)|HEAP_ALLOCATE|[16]|Bytes:32
05:38:53.0 (58624100)|HEAP_ALLOCATE|[16]|Bytes:529
05:38:53.0 (59243897)|SOQL_EXECUTE_BEGIN|[16]|Aggregations:0|select Id,OwnerId,IsDeleted,Name,CreatedDate,CreatedById,LastModifiedDate,LastModifiedById,SystemModstamp,LastActivityDate,LastViewedDate,LastReferencedDate,Client__c,End_Customer__c,Operation_Region__c,Work_Region__c,Client_Project_Manager__c,Project_code__c,Company_project_code__c,Project_Scope__c,Cost_Centre__c,Production__c,QC__c,Delivery__c,QA__c,OffshoreProjectManager__c,Team_Lead__c,Project_Start_Date__c,Project_End_Date__c,Units__c,Nodes__c,Footage__c,Miles__c,Jobs__c,Hours__c,Team__c from Project__c where Id = :pid
05:38:53.0 (63272487)|SOQL_EXECUTE_END|[16]|Rows:1
05:38:53.0 (63296365)|HEAP_ALLOCATE|[16]|Bytes:8
05:38:53.0 (63323073)|HEAP_ALLOCATE|[16]|Bytes:580
05:38:53.0 (63398814)|HEAP_ALLOCATE|[16]|Bytes:8
05:38:53.0 (63416664)|HEAP_ALLOCATE|[16]|Bytes:36
05:38:53.0 (63461546)|HEAP_ALLOCATE|[16]|Bytes:88
05:38:53.0 (63519384)|VARIABLE_ASSIGNMENT|[EXTERNAL]|this|{"mysObject":"0x5aa537c3","nonSelectedUserId":"(","usersList":"0x7ad30cb"}|0x711f9f4c
05:38:53.0 (63573377)|VARIABLE_ASSIGNMENT|[EXTERNAL]|value|{"Id":"a057F0000039WImQAM","OwnerId":"0057F000000Tiz6QAC","IsDeleted":false,"Name":"3432","CreatedDate":"2018-01-22T13:31:57.000Z","CreatedById":"0057F000000Tiz6QAC","LastModifiedDate":"2018-01-22T13:31:57.000Z","LastModifiedById":"0057F000000Tiz6QAC","SystemModstamp":"2018-01-22T13:31:57.000Z","LastViewedDate":"2018-01-22T13:38:03.000Z","LastReferencedDate":"2018-01-22T13:38:03.000Z","Client__c":"a047F000002zkUjQAI","Company_project_code (3 more) ...":"iiiiiiiiiiiiiiiiiiii (11 more) ...","Production__c":100,"Units__c":false,"Nodes__c":false,"Footage__c":false,"Miles__c":false,"Jobs__c":false,"Hours__c":false,"Team__c":"Mani Sasank, Santhos (39 more) ..."}|0x2b838099
05:38:53.0 (63616856)|VARIABLE_ASSIGNMENT|[3]|this.mysObject|{"Id":"a057F0000039WImQAM","OwnerId":"0057F000000Tiz6QAC","IsDeleted":false,"Name":"3432","CreatedDate":"2018-01-22T13:31:57.000Z","CreatedById":"0057F000000Tiz6QAC","LastModifiedDate":"2018-01-22T13:31:57.000Z","LastModifiedById":"0057F000000Tiz6QAC","SystemModstamp":"2018-01-22T13:31:57.000Z","LastViewedDate":"2018-01-22T13:38:03.000Z","LastReferencedDate":"2018-01-22T13:38:03.000Z","Client__c":"a047F000002zkUjQAI","Company_project_code (3 more) ...":"iiiiiiiiiiiiiiiiiiii (11 more) ...","Production__c":100,"Units__c":false,"Nodes__c":false,"Footage__c":false,"Miles__c":false,"Jobs__c":false,"Hours__c":false,"Team__c":"Mani Sasank, Santhos (39 more) ..."}|0x711f9f4c
05:38:53.0 (63635309)|STATEMENT_EXECUTE|[17]
05:38:53.0 (63683119)|VARIABLE_ASSIGNMENT|[EXTERNAL]|this|{"mysObject":"0x2b838099","nonSelectedUserId":"(","usersList":"0x7ad30cb"}|0x711f9f4c
05:38:53.0 (63758902)|VARIABLE_ASSIGNMENT|[EXTERNAL]|this|{"mysObject":"0x2b838099","nonSelectedUserId":"(","usersList":"0x7ad30cb"}|0x711f9f4c
05:38:53.0 (63768548)|VARIABLE_ASSIGNMENT|[EXTERNAL]|value|"3432"
05:38:53.0 (63777288)|VARIABLE_ASSIGNMENT|[4]|this.pName|"3432"|0x711f9f4c
05:38:53.0 (63785353)|STATEMENT_EXECUTE|[19]
05:38:53.0 (63789179)|HEAP_ALLOCATE|[19]|Bytes:86
05:38:53.0 (63815827)|HEAP_ALLOCATE|[19]|Bytes:4
05:38:53.0 (63827672)|HEAP_ALLOCATE|[19]|Bytes:7
05:38:53.0 (64984662)|SOQL_EXECUTE_BEGIN|[19]|Aggregations:0|SELECT Name, UserLink__c FROM ProjectJobAssociation__c WHERE ProjectLink__c = :tmpVar1
05:38:53.0 (75355484)|SOQL_EXECUTE_END|[19]|Rows:6
05:38:53.0 (75380645)|HEAP_ALLOCATE|[19]|Bytes:28
05:38:53.0 (75408884)|HEAP_ALLOCATE|[19]|Bytes:432
05:38:53.0 (75487340)|HEAP_ALLOCATE|[19]|Bytes:28
05:38:53.0 (75507366)|VARIABLE_SCOPE_BEGIN|[19]|pja|List<ProjectJobAssociation__c>|true|false
05:38:53.0 (75531853)|VARIABLE_ASSIGNMENT|[19]|pja|"List of size 6 too large to display"|0x5c06f29
05:38:53.0 (75538264)|STATEMENT_EXECUTE|[20]
05:38:53.0 (75552584)|HEAP_ALLOCATE|[20]|Bytes:4
05:38:53.0 (75640931)|VARIABLE_ASSIGNMENT|[EXTERNAL]|this|{"mysObject":"0x2b838099","nonSelectedUserId":"(","pName":"3432","usersList":"0x7ad30cb"}|0x711f9f4c
05:38:53.0 (75667949)|HEAP_ALLOCATE|[EXTERNAL]|Bytes:4
05:38:53.0 (75676609)|VARIABLE_ASSIGNMENT|[EXTERNAL]|value|[]|0x1308279a
05:38:53.0 (75689588)|VARIABLE_ASSIGNMENT|[6]|this.selectedUsers|[]|0x711f9f4c
05:38:53.0 (75870872)|HEAP_ALLOCATE|[21]|Bytes:5
05:38:53.0 (75893137)|HEAP_ALLOCATE|[21]|Bytes:16
05:38:53.0 (75903617)|VARIABLE_SCOPE_BEGIN|[21]|spja|ProjectJobAssociation__c|true|false
05:38:53.0 (75922728)|VARIABLE_ASSIGNMENT|[21]|spja|{"Name":"62","UserLink__c":"0057F000000Tz0iQAC","Id":"a087F000009JygkQAC"}|0x7fbd62c3
05:38:53.0 (75929519)|STATEMENT_EXECUTE|[21]
05:38:53.0 (75930935)|STATEMENT_EXECUTE|[22]
05:38:53.0 (75934109)|HEAP_ALLOCATE|[22]|Bytes:45
05:38:53.0 (75947065)|HEAP_ALLOCATE|[22]|Bytes:4
05:38:53.0 (77287423)|SOQL_EXECUTE_BEGIN|[22]|Aggregations:0|SELECT Id, Name FROM User WHERE Id = :tmpVar1
05:38:53.0 (80541207)|SOQL_EXECUTE_END|[22]|Rows:1
05:38:53.0 (80562207)|HEAP_ALLOCATE|[22]|Bytes:8
05:38:53.0 (80576340)|HEAP_ALLOCATE|[22]|Bytes:42
05:38:53.0 (80635814)|HEAP_ALLOCATE|[22]|Bytes:8
05:38:53.0 (80650044)|HEAP_ALLOCATE|[22]|Bytes:30
05:38:53.0 (80686234)|HEAP_ALLOCATE|[22]|Bytes:12
05:38:53.0 (80693767)|VARIABLE_SCOPE_BEGIN|[22]|user1|User|true|false
05:38:53.0 (80711314)|VARIABLE_ASSIGNMENT|[22]|user1|{"Id":"0057F000000Tz0iQAC","Name":"Richa"}|0x7269e82c
05:38:53.0 (80717260)|STATEMENT_EXECUTE|[23]
05:38:53.0 (80723854)|HEAP_ALLOCATE|[23]|Bytes:1
05:38:53.0 (80833082)|HEAP_ALLOCATE|[23]|Bytes:18
05:38:53.0 (80858334)|HEAP_ALLOCATE|[23]|Bytes:2
05:38:53.0 (80871994)|HEAP_ALLOCATE|[23]|Bytes:21
05:38:53.0 (80880731)|HEAP_ALLOCATE|[23]|Bytes:22
05:38:53.0 (80901059)|VARIABLE_ASSIGNMENT|[23]|this.nonSelectedUserId|"('0057F000000Tz0iQAC (2 more) ..."|0x711f9f4c
05:38:53.0 (80907995)|STATEMENT_EXECUTE|[24]
05:38:53.0 (80964653)|VARIABLE_ASSIGNMENT|[EXTERNAL]|this|{"mysObject":"0x2b838099","nonSelectedUserId":"('0057F000000Tz0iQAC (2 more) ...","pName":"3432","selectedUsers":"0x1308279a","usersList":"0x7ad30cb"}|0x711f9f4c
05:38:53.0 (80994606)|HEAP_ALLOCATE|[24]|Bytes:18
05:38:53.0 (81051079)|HEAP_ALLOCATE|[EXTERNAL]|Bytes:4
05:38:53.0 (81072061)|HEAP_ALLOCATE|[21]|Bytes:5
05:38:53.0 (81085930)|HEAP_ALLOCATE|[21]|Bytes:16
05:38:53.0 (81094504)|VARIABLE_SCOPE_BEGIN|[21]|spja|ProjectJobAssociation__c|true|false
05:38:53.0 (81109288)|VARIABLE_ASSIGNMENT|[21]|spja|{"Name":"63","UserLink__c":"0057F000000Tz0sQAC","Id":"a087F000009JyglQAC"}|0x6423534b
05:38:53.0 (81115252)|STATEMENT_EXECUTE|[21]
05:38:53.0 (81116583)|STATEMENT_EXECUTE|[22]
05:38:53.0 (81127383)|HEAP_ALLOCATE|[22]|Bytes:4
05:38:53.0 (81266918)|SOQL_EXECUTE_BEGIN|[22]|Aggregations:0|SELECT Id, Name FROM User WHERE Id = :tmpVar1
05:38:53.0 (83732944)|SOQL_EXECUTE_END|[22]|Rows:1
05:38:53.0 (83751773)|HEAP_ALLOCATE|[22]|Bytes:8
05:38:53.0 (83764686)|HEAP_ALLOCATE|[22]|Bytes:44
05:38:53.0 (83799594)|HEAP_ALLOCATE|[22]|Bytes:8
05:38:53.0 (83817847)|HEAP_ALLOCATE|[22]|Bytes:12
05:38:53.0 (83825123)|VARIABLE_SCOPE_BEGIN|[22]|user1|User|true|false
05:38:53.0 (83842058)|VARIABLE_ASSIGNMENT|[22]|user1|{"Id":"0057F000000Tz0sQAC","Name":"Veeresh"}|0x3daf699f
05:38:53.0 (83847869)|STATEMENT_EXECUTE|[23]
05:38:53.0 (83873275)|HEAP_ALLOCATE|[23]|Bytes:18
05:38:53.0 (83886082)|HEAP_ALLOCATE|[23]|Bytes:21
05:38:53.0 (83891011)|HEAP_ALLOCATE|[23]|Bytes:43
05:38:53.0 (83901948)|VARIABLE_ASSIGNMENT|[23]|this.nonSelectedUserId|"('0057F000000Tz0iQAC (23 more) ..."|0x711f9f4c
05:38:53.0 (83907139)|STATEMENT_EXECUTE|[24]
05:38:53.0 (83938409)|VARIABLE_ASSIGNMENT|[EXTERNAL]|this|{"mysObject":"0x2b838099","nonSelectedUserId":"('0057F000000Tz0iQAC (23 more) ...","pName":"3432","selectedUsers":"0x1308279a","usersList":"0x7ad30cb"}|0x711f9f4c
05:38:53.0 (83957061)|HEAP_ALLOCATE|[24]|Bytes:18
05:38:53.0 (83973744)|HEAP_ALLOCATE|[EXTERNAL]|Bytes:4
05:38:53.0 (83988587)|HEAP_ALLOCATE|[21]|Bytes:5
05:38:53.0 (84000794)|HEAP_ALLOCATE|[21]|Bytes:16
05:38:53.0 (84008367)|VARIABLE_SCOPE_BEGIN|[21]|spja|ProjectJobAssociation__c|true|false
05:38:53.0 (84022547)|VARIABLE_ASSIGNMENT|[21]|spja|{"Name":"61","UserLink__c":"0057F000000TrBVQA0","Id":"a087F000009JyesQAC"}|0x7da57402
05:38:53.0 (84031216)|STATEMENT_EXECUTE|[21]
05:38:53.0 (84032648)|STATEMENT_EXECUTE|[22]
05:38:53.0 (84042854)|HEAP_ALLOCATE|[22]|Bytes:4
05:38:53.0 (84179594)|SOQL_EXECUTE_BEGIN|[22]|Aggregations:0|SELECT Id, Name FROM User WHERE Id = :tmpVar1
05:38:53.0 (86667057)|SOQL_EXECUTE_END|[22]|Rows:1
05:38:53.0 (86685003)|HEAP_ALLOCATE|[22]|Bytes:8
05:38:53.0 (86697610)|HEAP_ALLOCATE|[22]|Bytes:46
05:38:53.0 (86727364)|HEAP_ALLOCATE|[22]|Bytes:8
05:38:53.0 (86746847)|HEAP_ALLOCATE|[22]|Bytes:12
05:38:53.0 (86754384)|VARIABLE_SCOPE_BEGIN|[22]|user1|User|true|false
05:38:53.0 (86772232)|VARIABLE_ASSIGNMENT|[22]|user1|{"Id":"0057F000000TrBVQA0","Name":"Yashwanth"}|0x40641ffb
05:38:53.0 (86781686)|STATEMENT_EXECUTE|[23]
05:38:53.0 (86819279)|HEAP_ALLOCATE|[23]|Bytes:18
05:38:53.0 (86833473)|HEAP_ALLOCATE|[23]|Bytes:21
05:38:53.0 (86837861)|HEAP_ALLOCATE|[23]|Bytes:64
05:38:53.0 (86853231)|VARIABLE_ASSIGNMENT|[23]|this.nonSelectedUserId|"('0057F000000Tz0iQAC (44 more) ..."|0x711f9f4c
05:38:53.0 (86862599)|STATEMENT_EXECUTE|[24]
05:38:53.0 (86906672)|VARIABLE_ASSIGNMENT|[EXTERNAL]|this|{"mysObject":"0x2b838099","nonSelectedUserId":"('0057F000000Tz0iQAC (44 more) ...","pName":"3432","selectedUsers":"0x1308279a","usersList":"0x7ad30cb"}|0x711f9f4c
05:38:53.0 (86929874)|HEAP_ALLOCATE|[24]|Bytes:18
05:38:53.0 (86946612)|HEAP_ALLOCATE|[EXTERNAL]|Bytes:4
05:38:53.0 (86962477)|HEAP_ALLOCATE|[21]|Bytes:5
05:38:53.0 (86975199)|HEAP_ALLOCATE|[21]|Bytes:16
05:38:53.0 (86982767)|VARIABLE_SCOPE_BEGIN|[21]|spja|ProjectJobAssociation__c|true|false
05:38:53.0 (86997511)|VARIABLE_ASSIGNMENT|[21]|spja|{"Name":"58","UserLink__c":"0057F000000TpdFQAS","Id":"a087F000009JyepQAC"}|0x1655298c
05:38:53.0 (87003199)|STATEMENT_EXECUTE|[21]
05:38:53.0 (87005205)|STATEMENT_EXECUTE|[22]
05:38:53.0 (87015359)|HEAP_ALLOCATE|[22]|Bytes:4
05:38:53.0 (87157941)|SOQL_EXECUTE_BEGIN|[22]|Aggregations:0|SELECT Id, Name FROM User WHERE Id = :tmpVar1
05:38:53.0 (90082487)|SOQL_EXECUTE_END|[22]|Rows:1
05:38:53.0 (90112691)|HEAP_ALLOCATE|[22]|Bytes:8
05:38:53.0 (90131056)|HEAP_ALLOCATE|[22]|Bytes:48
05:38:53.0 (90170901)|HEAP_ALLOCATE|[22]|Bytes:8
05:38:53.0 (90190190)|HEAP_ALLOCATE|[22]|Bytes:12
05:38:53.0 (90197952)|VARIABLE_SCOPE_BEGIN|[22]|user1|User|true|false
05:38:53.0 (90214630)|VARIABLE_ASSIGNMENT|[22]|user1|{"Id":"0057F000000TpdFQAS","Name":"Mani Sasank"}|0x151bf59
05:38:53.0 (90220879)|STATEMENT_EXECUTE|[23]
05:38:53.0 (90246830)|HEAP_ALLOCATE|[23]|Bytes:18
05:38:53.0 (90259826)|HEAP_ALLOCATE|[23]|Bytes:21
05:38:53.0 (90264187)|HEAP_ALLOCATE|[23]|Bytes:85
05:38:53.0 (90278425)|VARIABLE_ASSIGNMENT|[23]|this.nonSelectedUserId|"('0057F000000Tz0iQAC (65 more) ..."|0x711f9f4c
05:38:53.0 (90287972)|STATEMENT_EXECUTE|[24]
05:38:53.0 (90334854)|VARIABLE_ASSIGNMENT|[EXTERNAL]|this|{"mysObject":"0x2b838099","nonSelectedUserId":"('0057F000000Tz0iQAC (65 more) ...","pName":"3432","selectedUsers":"0x1308279a","usersList":"0x7ad30cb"}|0x711f9f4c
05:38:53.0 (90368230)|HEAP_ALLOCATE|[24]|Bytes:18
05:38:53.0 (90391851)|HEAP_ALLOCATE|[EXTERNAL]|Bytes:4
05:38:53.0 (90413038)|HEAP_ALLOCATE|[21]|Bytes:5
05:38:53.0 (90430268)|HEAP_ALLOCATE|[21]|Bytes:16
05:38:53.0 (90441037)|VARIABLE_SCOPE_BEGIN|[21]|spja|ProjectJobAssociation__c|true|false
05:38:53.0 (90460494)|VARIABLE_ASSIGNMENT|[21]|spja|{"Name":"59","UserLink__c":"0057F000000TrBBQA0","Id":"a087F000009JyeqQAC"}|0x26afaff
05:38:53.0 (90473138)|STATEMENT_EXECUTE|[21]
05:38:53.0 (90476882)|STATEMENT_EXECUTE|[22]
05:38:53.0 (90500698)|HEAP_ALLOCATE|[22]|Bytes:4
05:38:53.0 (90742399)|SOQL_EXECUTE_BEGIN|[22]|Aggregations:0|SELECT Id, Name FROM User WHERE Id = :tmpVar1
05:38:53.0 (93658659)|SOQL_EXECUTE_END|[22]|Rows:1
05:38:53.0 (93677279)|HEAP_ALLOCATE|[22]|Bytes:8
05:38:53.0 (93690169)|HEAP_ALLOCATE|[22]|Bytes:45
05:38:53.0 (93720481)|HEAP_ALLOCATE|[22]|Bytes:8
05:38:53.0 (93739477)|HEAP_ALLOCATE|[22]|Bytes:12
05:38:53.0 (93747097)|VARIABLE_SCOPE_BEGIN|[22]|user1|User|true|false
05:38:53.0 (93767778)|VARIABLE_ASSIGNMENT|[22]|user1|{"Id":"0057F000000TrBBQA0","Name":"Santhosh"}|0x1be2bbf6
05:38:53.0 (93773646)|STATEMENT_EXECUTE|[23]
05:38:53.0 (93805184)|HEAP_ALLOCATE|[23]|Bytes:18
05:38:53.0 (93818410)|HEAP_ALLOCATE|[23]|Bytes:21
05:38:53.0 (93822945)|HEAP_ALLOCATE|[23]|Bytes:106
05:38:53.0 (93834158)|VARIABLE_ASSIGNMENT|[23]|this.nonSelectedUserId|"('0057F000000Tz0iQAC (86 more) ..."|0x711f9f4c
05:38:53.0 (93839905)|STATEMENT_EXECUTE|[24]
05:38:53.0 (93871993)|VARIABLE_ASSIGNMENT|[EXTERNAL]|this|{"mysObject":"0x2b838099","nonSelectedUserId":"('0057F000000Tz0iQAC (86 more) ...","pName":"3432","selectedUsers":"0x1308279a","usersList":"0x7ad30cb"}|0x711f9f4c
05:38:53.0 (93892278)|HEAP_ALLOCATE|[24]|Bytes:18
05:38:53.0 (93908824)|HEAP_ALLOCATE|[EXTERNAL]|Bytes:4
05:38:53.0 (93924605)|HEAP_ALLOCATE|[21]|Bytes:5
05:38:53.0 (93937353)|HEAP_ALLOCATE|[21]|Bytes:16
05:38:53.0 (93944505)|VARIABLE_SCOPE_BEGIN|[21]|spja|ProjectJobAssociation__c|true|false
05:38:53.0 (93958230)|VARIABLE_ASSIGNMENT|[21]|spja|{"Name":"60","UserLink__c":"0057F000000TrBGQA0","Id":"a087F000009JyerQAC"}|0x7c2d58f2
05:38:53.0 (93963808)|STATEMENT_EXECUTE|[21]
05:38:53.0 (93965025)|STATEMENT_EXECUTE|[22]
05:38:53.0 (93975390)|HEAP_ALLOCATE|[22]|Bytes:4
05:38:53.0 (94113922)|SOQL_EXECUTE_BEGIN|[22]|Aggregations:0|SELECT Id, Name FROM User WHERE Id = :tmpVar1
05:38:53.0 (96685286)|SOQL_EXECUTE_END|[22]|Rows:1
05:38:53.0 (96703547)|HEAP_ALLOCATE|[22]|Bytes:8
05:38:53.0 (96716148)|HEAP_ALLOCATE|[22]|Bytes:46
05:38:53.0 (96747564)|HEAP_ALLOCATE|[22]|Bytes:8
05:38:53.0 (96765226)|HEAP_ALLOCATE|[22]|Bytes:12
05:38:53.0 (96772147)|VARIABLE_SCOPE_BEGIN|[22]|user1|User|true|false
05:38:53.0 (96788725)|VARIABLE_ASSIGNMENT|[22]|user1|{"Id":"0057F000000TrBGQA0","Name":"Ravi teja"}|0x77a22d0f
05:38:53.0 (96799818)|STATEMENT_EXECUTE|[23]
05:38:53.0 (96825955)|HEAP_ALLOCATE|[23]|Bytes:18
05:38:53.0 (96838577)|HEAP_ALLOCATE|[23]|Bytes:21
05:38:53.0 (96842950)|HEAP_ALLOCATE|[23]|Bytes:127
05:38:53.0 (96853967)|VARIABLE_ASSIGNMENT|[23]|this.nonSelectedUserId|"('0057F000000Tz0iQAC (107 more) ..."|0x711f9f4c
05:38:53.0 (96858945)|STATEMENT_EXECUTE|[24]
05:38:53.0 (96888954)|VARIABLE_ASSIGNMENT|[EXTERNAL]|this|{"mysObject":"0x2b838099","nonSelectedUserId":"('0057F000000Tz0iQAC (107 more) ...","pName":"3432","selectedUsers":"0x1308279a","usersList":"0x7ad30cb"}|0x711f9f4c
05:38:53.0 (96908307)|HEAP_ALLOCATE|[24]|Bytes:18
05:38:53.0 (96924084)|HEAP_ALLOCATE|[EXTERNAL]|Bytes:4
05:38:53.0 (96939107)|HEAP_ALLOCATE|[21]|Bytes:5
05:38:53.0 (96951676)|VARIABLE_ASSIGNMENT|[21]|spja|null|
05:38:53.0 (96957134)|STATEMENT_EXECUTE|[26]
05:38:53.0 (97016823)|HEAP_ALLOCATE|[26]|Bytes:126
05:38:53.0 (97033845)|VARIABLE_ASSIGNMENT|[26]|this.nonSelectedUserId|"('0057F000000Tz0iQAC (106 more) ..."|0x711f9f4c
05:38:53.0 (97039814)|STATEMENT_EXECUTE|[27]
05:38:53.0 (97043203)|HEAP_ALLOCATE|[27]|Bytes:1
05:38:53.0 (97049301)|HEAP_ALLOCATE|[27]|Bytes:127
05:38:53.0 (97055867)|VARIABLE_ASSIGNMENT|[27]|this.nonSelectedUserId|"('0057F000000Tz0iQAC (107 more) ..."|0x711f9f4c
05:38:53.0 (97066068)|SYSTEM_MODE_EXIT|false
05:38:53.0 (97179563)|SYSTEM_MODE_ENTER|true
05:38:53.0 (106240360)|SYSTEM_MODE_ENTER|true
05:38:53.0 (106305771)|HEAP_ALLOCATE|[EXTERNAL]|Bytes:164
05:38:53.0 (106317181)|HEAP_ALLOCATE|[EXTERNAL]|Bytes:12
05:38:53.0 (106329565)|METHOD_ENTRY|[5]|01p7F00000Ehg8E|MultiselectController.MultiselectController()
05:38:53.0 (106334884)|STATEMENT_EXECUTE|[5]
05:38:53.0 (106338360)|STATEMENT_EXECUTE|[5]
05:38:53.0 (106349709)|SYSTEM_MODE_ENTER|false
05:38:53.0 (106358250)|HEAP_ALLOCATE|[EXTERNAL]|Bytes:5
05:38:53.0 (106366310)|SYSTEM_MODE_EXIT|false
05:38:53.0 (106374506)|METHOD_EXIT|[5]|MultiselectController
05:38:53.0 (106392889)|HEAP_ALLOCATE|[EXTERNAL]|Bytes:20
05:38:53.0 (106399558)|VARIABLE_SCOPE_BEGIN|[5]|this|MultiselectController|true|false
05:38:53.0 (106437942)|VARIABLE_ASSIGNMENT|[5]|this|{}|0x41ec2362
05:38:53.0 (106453041)|SYSTEM_MODE_ENTER|false
05:38:53.0 (106458453)|HEAP_ALLOCATE|[EXTERNAL]|Bytes:5
05:38:53.0 (106483657)|SYSTEM_MODE_EXIT|false
05:38:53.0 (106487737)|STATEMENT_EXECUTE|[5]
05:38:53.0 (106493492)|SYSTEM_MODE_ENTER|false
05:38:53.0 (106497301)|HEAP_ALLOCATE|[EXTERNAL]|Bytes:5
05:38:53.0 (106500214)|STATEMENT_EXECUTE|[7]
05:38:53.0 (106501594)|STATEMENT_EXECUTE|[8]
05:38:53.0 (106502586)|STATEMENT_EXECUTE|[23]
05:38:53.0 (106503660)|STATEMENT_EXECUTE|[31]
05:38:53.0 (106505408)|SYSTEM_MODE_EXIT|false
05:38:53.0 (106650966)|SYSTEM_MODE_ENTER|true
05:38:53.0 (106691357)|HEAP_ALLOCATE|[EXTERNAL]|Bytes:24
05:38:53.0 (106699405)|VARIABLE_SCOPE_BEGIN|[30]|this|PM_Project_Edit_Controller|true|false
05:38:53.0 (106736490)|VARIABLE_ASSIGNMENT|[30]|this|{"mysObject":"0x2b838099","nonSelectedUserId":"('0057F000000Tz0iQAC (107 more) ...","pName":"3432","selectedUsers":"0x1308279a","usersList":"0x7ad30cb"}|0x711f9f4c
05:38:53.0 (106758195)|SYSTEM_MODE_ENTER|false
05:38:53.0 (106764397)|HEAP_ALLOCATE|[31]|Bytes:5
05:38:53.0 (106769394)|STATEMENT_EXECUTE|[30]
05:38:53.0 (106770569)|STATEMENT_EXECUTE|[31]
05:38:53.0 (106774171)|HEAP_ALLOCATE|[31]|Bytes:62
05:38:53.0 (106790667)|HEAP_ALLOCATE|[31]|Bytes:4
05:38:53.0 (107025447)|SOQL_EXECUTE_BEGIN|[31]|Aggregations:0|SELECT Id, Name FROM UserRole WHERE Name = 'Software Engineer'
05:38:53.0 (111136707)|SOQL_EXECUTE_END|[31]|Rows:1
05:38:53.0 (111157869)|HEAP_ALLOCATE|[31]|Bytes:8
05:38:53.0 (111172014)|HEAP_ALLOCATE|[31]|Bytes:54
05:38:53.0 (111244523)|HEAP_ALLOCATE|[31]|Bytes:8
05:38:53.0 (111257749)|HEAP_ALLOCATE|[31]|Bytes:34
05:38:53.0 (111298673)|HEAP_ALLOCATE|[31]|Bytes:12
05:38:53.0 (111306584)|VARIABLE_SCOPE_BEGIN|[31]|userRole|UserRole|true|false
05:38:53.0 (111323962)|VARIABLE_ASSIGNMENT|[31]|userRole|{"Id":"00E7F000000MdriUAC","Name":"Software Engineer"}|0x2a3b10ea
05:38:53.0 (111329847)|STATEMENT_EXECUTE|[32]
05:38:53.0 (111354890)|VARIABLE_SCOPE_BEGIN|[32]|userRoleId|Id|false|false
05:38:53.0 (111495413)|VARIABLE_ASSIGNMENT|[32]|userRoleId|"00E7F000000MdriUAC"
05:38:53.0 (111502062)|STATEMENT_EXECUTE|[33]
05:38:53.0 (111505785)|HEAP_ALLOCATE|[33]|Bytes:70
05:38:53.0 (111522685)|HEAP_ALLOCATE|[33]|Bytes:197
05:38:53.0 (111743875)|SOQL_EXECUTE_BEGIN|[33]|Aggregations:0|select Id,Name from User where UserRoleId =: userRoleId and Id not in ('0057F000000Tz0iQAC','0057F000000Tz0sQAC','0057F000000TrBVQA0','0057F000000TpdFQAS','0057F000000TrBBQA0','0057F000000TrBGQA0')
05:38:53.0 (122519175)|SOQL_EXECUTE_END|[33]|Rows:0
05:38:53.0 (122541750)|HEAP_ALLOCATE|[33]|Bytes:4
05:38:53.0 (122553079)|HEAP_ALLOCATE|[33]|Bytes:0
05:38:53.0 (122592119)|HEAP_ALLOCATE|[33]|Bytes:4
05:38:53.0 (122613004)|VARIABLE_SCOPE_BEGIN|[33]|users|List<User>|true|false
05:38:53.0 (122628770)|VARIABLE_ASSIGNMENT|[33]|users|[]|0x29a388ff
05:38:53.0 (122775200)|HEAP_ALLOCATE|[34]|Bytes:5
05:38:53.0 (122799355)|VARIABLE_ASSIGNMENT|[34]|usr|null|
05:38:53.0 (122805542)|STATEMENT_EXECUTE|[34]
05:38:53.0 (122807212)|STATEMENT_EXECUTE|[37]
05:38:53.0 (122817503)|SYSTEM_MODE_EXIT|false
05:38:53.0 (122945083)|SYSTEM_MODE_ENTER|true
05:38:53.0 (123001518)|HEAP_ALLOCATE|[EXTERNAL]|Bytes:4
05:38:53.0 (123008375)|HEAP_ALLOCATE|[EXTERNAL]|Bytes:20
05:38:53.0 (123020342)|VARIABLE_ASSIGNMENT|[EXTERNAL]|this.leftOptions|[]|0x41ec2362
05:38:53.0 (123129053)|SYSTEM_MODE_ENTER|true
05:38:53.0 (123225427)|SYSTEM_MODE_ENTER|true
05:38:53.0 (123286360)|HEAP_ALLOCATE|[EXTERNAL]|Bytes:28
05:38:53.0 (123292303)|HEAP_ALLOCATE|[EXTERNAL]|Bytes:20
05:38:53.0 (123304641)|VARIABLE_ASSIGNMENT|[EXTERNAL]|this.rightOptions|"List of size 6 too large to display"|0x41ec2362
05:38:53.0 (123451519)|SYSTEM_MODE_ENTER|true
05:38:53.0 (123661808)|SYSTEM_MODE_ENTER|true
05:38:53.0 (144902089)|SYSTEM_MODE_ENTER|true
05:38:53.0 (144964336)|HEAP_ALLOCATE|[EXTERNAL]|Bytes:4
05:38:53.0 (144973890)|HEAP_ALLOCATE|[EXTERNAL]|Bytes:20
05:38:53.0 (144992747)|VARIABLE_ASSIGNMENT|[EXTERNAL]|this.leftOptions|[]|0x41ec2362
05:38:53.0 (145089325)|SYSTEM_MODE_ENTER|true
05:38:53.0 (145140125)|HEAP_ALLOCATE|[EXTERNAL]|Bytes:28
05:38:53.0 (145148240)|HEAP_ALLOCATE|[EXTERNAL]|Bytes:20
05:38:53.0 (145159946)|VARIABLE_ASSIGNMENT|[EXTERNAL]|this.rightOptions|"List of size 6 too large to display"|0x41ec2362
05:38:53.0 (145807063)|SYSTEM_MODE_ENTER|true
05:38:53.0 (147989282)|SYSTEM_MODE_ENTER|true
05:38:53.0 (148911633)|SYSTEM_MODE_ENTER|true
05:38:53.0 (149005073)|SYSTEM_MODE_ENTER|true
05:38:53.0 (154479317)|VF_SERIALIZE_VIEWSTATE_BEGIN|0667F000004uRC1
05:38:53.0 (157716660)|VF_SERIALIZE_VIEWSTATE_END
05:38:53.160 (160194772)|CUMULATIVE_LIMIT_USAGE
05:38:53.160 (160194772)|LIMIT_USAGE_FOR_NS|(default)|
  Number of SOQL queries: 10 out of 100
  Number of query rows: 14 out of 50000
  Number of SOSL queries: 0 out of 20
  Number of DML statements: 0 out of 150
  Number of DML rows: 0 out of 10000
  Maximum CPU time: 0 out of 10000
  Maximum heap size: 0 out of 6000000
  Number of callouts: 0 out of 100
  Number of Email Invocations: 0 out of 10
  Number of future calls: 0 out of 50
  Number of queueable jobs added to the queue: 0 out of 50
  Number of Mobile Apex push calls: 0 out of 10

05:38:53.160 (160194772)|CUMULATIVE_LIMIT_USAGE_END

05:38:53.0 (160233006)|CODE_UNIT_FINISHED|VF: /apex/PM_Project_Edit
05:38:53.0 (161080031)|EXECUTION_FINISHED
