36.0 APEX_CODE,FINEST;APEX_PROFILING,INFO;CALLOUT,INFO;DB,INFO;SYSTEM,DEBUG;VALIDATION,INFO;VISUALFORCE,INFO;WAVE,INFO;WORKFLOW,INFO
04:55:20.0 (53201)|USER_INFO|[EXTERNAL]|0057F000000Tiz6|ksb994@salesforce.com|Pacific Standard Time|GMT-08:00
04:55:20.0 (83634)|EXECUTION_STARTED
04:55:20.0 (86715)|CODE_UNIT_STARTED|[EXTERNAL]|0667F000004uJm5|VF: /apex/PM_Project_New
04:55:20.0 (640829)|VF_DESERIALIZE_VIEWSTATE_BEGIN|0667F000004uJm5
04:55:20.0 (7655672)|HEAP_ALLOCATE|[72]|Bytes:3
04:55:20.0 (7694309)|HEAP_ALLOCATE|[77]|Bytes:152
04:55:20.0 (7707354)|HEAP_ALLOCATE|[342]|Bytes:408
04:55:20.0 (7722027)|HEAP_ALLOCATE|[355]|Bytes:408
04:55:20.0 (7736129)|HEAP_ALLOCATE|[467]|Bytes:48
04:55:20.0 (7761459)|HEAP_ALLOCATE|[139]|Bytes:6
04:55:20.0 (12826923)|VF_DESERIALIZE_VIEWSTATE_END
04:55:20.17 (17072617)|SYSTEM_MODE_ENTER|true
04:55:20.17 (17132855)|HEAP_ALLOCATE|[EXTERNAL]|Bytes:38
04:55:20.17 (17143036)|HEAP_ALLOCATE|[EXTERNAL]|Bytes:7
04:55:20.17 (17151298)|SYSTEM_METHOD_ENTRY|[1]|PageMessagesComponentController.PageMessagesComponentController()
04:55:20.17 (17155790)|STATEMENT_EXECUTE|[1]
04:55:20.17 (17956228)|SYSTEM_MODE_ENTER|true
04:55:20.17 (18006018)|HEAP_ALLOCATE|[EXTERNAL]|Bytes:8
04:55:20.17 (18014748)|VARIABLE_SCOPE_BEGIN|[88]|this|ApexPage.PageMessagesComponentController|true|false
04:55:20.17 (18048818)|VARIABLE_ASSIGNMENT|[88]|this|{}|0x52300293
04:55:20.17 (18055977)|VARIABLE_SCOPE_BEGIN|[88]|escape|Boolean|false|false
04:55:20.17 (18063693)|VARIABLE_ASSIGNMENT|[88]|escape|null
04:55:20.0 (29525171)|SYSTEM_MODE_ENTER|true
04:55:20.0 (29559377)|HEAP_ALLOCATE|[EXTERNAL]|Bytes:164
04:55:20.0 (29569762)|HEAP_ALLOCATE|[EXTERNAL]|Bytes:12
04:55:20.0 (29579793)|METHOD_ENTRY|[5]|01p7F00000Ehg8E|MultiselectController.MultiselectController()
04:55:20.0 (29585015)|STATEMENT_EXECUTE|[5]
04:55:20.0 (29589047)|STATEMENT_EXECUTE|[5]
04:55:20.0 (29601712)|SYSTEM_MODE_ENTER|false
04:55:20.0 (29608892)|HEAP_ALLOCATE|[EXTERNAL]|Bytes:5
04:55:20.0 (29617476)|SYSTEM_MODE_EXIT|false
04:55:20.0 (29624971)|METHOD_EXIT|[5]|MultiselectController
04:55:20.0 (29790625)|SYSTEM_MODE_ENTER|true
04:55:20.0 (30086766)|SYSTEM_MODE_ENTER|true
04:55:20.0 (30294260)|HEAP_ALLOCATE|[EXTERNAL]|Bytes:92
04:55:20.0 (30304147)|HEAP_ALLOCATE|[EXTERNAL]|Bytes:13
04:55:20.0 (30311556)|METHOD_ENTRY|[1]|01p7F00000EhPEd|Project_PM_Controller.Project_PM_Controller()
04:55:20.0 (30315787)|STATEMENT_EXECUTE|[1]
04:55:20.0 (30319008)|STATEMENT_EXECUTE|[1]
04:55:20.0 (30330848)|SYSTEM_MODE_ENTER|false
04:55:20.0 (30337435)|HEAP_ALLOCATE|[EXTERNAL]|Bytes:5
04:55:20.0 (30344488)|SYSTEM_MODE_EXIT|false
04:55:20.0 (30350212)|METHOD_EXIT|[1]|Project_PM_Controller
04:55:20.0 (30360777)|HEAP_ALLOCATE|[EXTERNAL]|Bytes:24
04:55:20.0 (30368513)|VARIABLE_SCOPE_BEGIN|[16]|this|Project_PM_Controller|true|false
04:55:20.0 (30603722)|VARIABLE_ASSIGNMENT|[16]|this|{"controller":"StandardController [[Project__c (Client__c:a047F000002zkUUQAY, Company_project_code__c:325, Name:3832, Units__c:false, Nodes__c:false, Footage__c:false, Miles__c:false, Jobs__c:false, Hours__c:false, QC__c:100)]]","project":"0xdf2bd1f","saveAndNew":2,"selectedUsers":"0x53243eb1","usersList":"0x564a961b"}|0xf13e2de
04:55:20.0 (30633863)|SYSTEM_MODE_ENTER|false
04:55:20.0 (30641049)|HEAP_ALLOCATE|[17]|Bytes:5
04:55:20.0 (30646489)|STATEMENT_EXECUTE|[16]
04:55:20.0 (30648100)|STATEMENT_EXECUTE|[17]
04:55:20.0 (30651880)|HEAP_ALLOCATE|[17]|Bytes:62
04:55:20.0 (30671200)|HEAP_ALLOCATE|[17]|Bytes:4
04:55:20.0 (31879382)|SOQL_EXECUTE_BEGIN|[17]|Aggregations:0|SELECT Id, Name FROM User WHERE UserRoleId = '00E7F000000Mdri'
04:55:20.0 (36235783)|SOQL_EXECUTE_END|[17]|Rows:6
04:55:20.0 (36256753)|HEAP_ALLOCATE|[17]|Bytes:28
04:55:20.0 (36277150)|HEAP_ALLOCATE|[17]|Bytes:271
04:55:20.0 (36341542)|HEAP_ALLOCATE|[17]|Bytes:28
04:55:20.0 (36355079)|VARIABLE_SCOPE_BEGIN|[17]|users|List<User>|true|false
04:55:20.0 (36372768)|VARIABLE_ASSIGNMENT|[17]|users|"List of size 6 too large to display"|0x5135119e
04:55:20.0 (36510768)|HEAP_ALLOCATE|[18]|Bytes:5
04:55:20.0 (36528826)|HEAP_ALLOCATE|[18]|Bytes:12
04:55:20.0 (36537571)|VARIABLE_SCOPE_BEGIN|[18]|usr|User|true|false
04:55:20.0 (36555663)|VARIABLE_ASSIGNMENT|[18]|usr|{"Id":"0057F000000TpdFQAS","Name":"Mani Sasank"}|0x3ffba597
04:55:20.0 (36562960)|STATEMENT_EXECUTE|[18]
04:55:20.0 (36564466)|STATEMENT_EXECUTE|[19]
04:55:20.0 (36606939)|HEAP_ALLOCATE|[19]|Bytes:18
04:55:20.0 (36674683)|HEAP_ALLOCATE|[EXTERNAL]|Bytes:4
04:55:20.0 (36692489)|HEAP_ALLOCATE|[18]|Bytes:5
04:55:20.0 (36702940)|HEAP_ALLOCATE|[18]|Bytes:12
04:55:20.0 (36708689)|VARIABLE_SCOPE_BEGIN|[18]|usr|User|true|false
04:55:20.0 (36723151)|VARIABLE_ASSIGNMENT|[18]|usr|{"Id":"0057F000000TrBBQA0","Name":"Santhosh"}|0x47b71b16
04:55:20.0 (36729299)|STATEMENT_EXECUTE|[18]
04:55:20.0 (36730581)|STATEMENT_EXECUTE|[19]
04:55:20.0 (36740931)|HEAP_ALLOCATE|[19]|Bytes:18
04:55:20.0 (36754322)|HEAP_ALLOCATE|[EXTERNAL]|Bytes:4
04:55:20.0 (36764720)|HEAP_ALLOCATE|[18]|Bytes:5
04:55:20.0 (36774632)|HEAP_ALLOCATE|[18]|Bytes:12
04:55:20.0 (36781644)|VARIABLE_SCOPE_BEGIN|[18]|usr|User|true|false
04:55:20.0 (36793394)|VARIABLE_ASSIGNMENT|[18]|usr|{"Id":"0057F000000TrBGQA0","Name":"Ravi teja"}|0x5e4a07bc
04:55:20.0 (36798583)|STATEMENT_EXECUTE|[18]
04:55:20.0 (36799746)|STATEMENT_EXECUTE|[19]
04:55:20.0 (36806887)|HEAP_ALLOCATE|[19]|Bytes:18
04:55:20.0 (36817648)|HEAP_ALLOCATE|[EXTERNAL]|Bytes:4
04:55:20.0 (36826668)|HEAP_ALLOCATE|[18]|Bytes:5
04:55:20.0 (36838618)|HEAP_ALLOCATE|[18]|Bytes:12
04:55:20.0 (36843986)|VARIABLE_SCOPE_BEGIN|[18]|usr|User|true|false
04:55:20.0 (36854226)|VARIABLE_ASSIGNMENT|[18]|usr|{"Id":"0057F000000TrBVQA0","Name":"Yashwanth"}|0x4b0d88c3
04:55:20.0 (36858815)|STATEMENT_EXECUTE|[18]
04:55:20.0 (36859905)|STATEMENT_EXECUTE|[19]
04:55:20.0 (36865730)|HEAP_ALLOCATE|[19]|Bytes:18
04:55:20.0 (36875293)|HEAP_ALLOCATE|[EXTERNAL]|Bytes:4
04:55:20.0 (36884586)|HEAP_ALLOCATE|[18]|Bytes:5
04:55:20.0 (36891891)|HEAP_ALLOCATE|[18]|Bytes:12
04:55:20.0 (36896416)|VARIABLE_SCOPE_BEGIN|[18]|usr|User|true|false
04:55:20.0 (36906326)|VARIABLE_ASSIGNMENT|[18]|usr|{"Id":"0057F000000Tz0iQAC","Name":"Richa"}|0x29384b28
04:55:20.0 (36911392)|STATEMENT_EXECUTE|[18]
04:55:20.0 (36912424)|STATEMENT_EXECUTE|[19]
04:55:20.0 (36917912)|HEAP_ALLOCATE|[19]|Bytes:18
04:55:20.0 (36926653)|HEAP_ALLOCATE|[EXTERNAL]|Bytes:4
04:55:20.0 (36935420)|HEAP_ALLOCATE|[18]|Bytes:5
04:55:20.0 (36942652)|HEAP_ALLOCATE|[18]|Bytes:12
04:55:20.0 (36946904)|VARIABLE_SCOPE_BEGIN|[18]|usr|User|true|false
04:55:20.0 (36956809)|VARIABLE_ASSIGNMENT|[18]|usr|{"Id":"0057F000000Tz0sQAC","Name":"Veeresh"}|0x56a89ab2
04:55:20.0 (36961630)|STATEMENT_EXECUTE|[18]
04:55:20.0 (36962664)|STATEMENT_EXECUTE|[19]
04:55:20.0 (36967870)|HEAP_ALLOCATE|[19]|Bytes:18
04:55:20.0 (36976470)|HEAP_ALLOCATE|[EXTERNAL]|Bytes:4
04:55:20.0 (36985294)|HEAP_ALLOCATE|[18]|Bytes:5
04:55:20.0 (36993239)|VARIABLE_ASSIGNMENT|[18]|usr|null|
04:55:20.0 (36997986)|STATEMENT_EXECUTE|[21]
04:55:20.0 (37005045)|SYSTEM_MODE_EXIT|false
04:55:20.0 (37117416)|SYSTEM_MODE_ENTER|true
04:55:20.0 (37329236)|HEAP_ALLOCATE|[EXTERNAL]|Bytes:64
04:55:20.0 (37339210)|HEAP_ALLOCATE|[EXTERNAL]|Bytes:20
04:55:20.0 (37351973)|VARIABLE_ASSIGNMENT|[EXTERNAL]|this.leftOptions|"List of size 15 too large to display"|0x11a2893a
04:55:20.0 (37451539)|SYSTEM_MODE_ENTER|true
04:55:20.0 (37519940)|SYSTEM_MODE_ENTER|true
04:55:20.0 (37552078)|HEAP_ALLOCATE|[EXTERNAL]|Bytes:16
04:55:20.0 (37557290)|HEAP_ALLOCATE|[EXTERNAL]|Bytes:20
04:55:20.0 (37657348)|VARIABLE_ASSIGNMENT|[EXTERNAL]|this.rightOptions|"common.apex.runtime.impl.ScalarList@1d5243c9"|0x11a2893a
04:55:20.0 (46181118)|SYSTEM_MODE_ENTER|true
04:55:20.0 (46259556)|SYSTEM_MODE_ENTER|true
04:55:20.48 (48121034)|SYSTEM_MODE_ENTER|true
04:55:20.48 (48179510)|HEAP_ALLOCATE|[EXTERNAL]|Bytes:8
04:55:20.48 (48190995)|VARIABLE_SCOPE_BEGIN|[88]|this|ApexPage.PageMessagesComponentController|true|false
04:55:20.48 (48221608)|VARIABLE_ASSIGNMENT|[88]|this|{}|0x52300293
04:55:20.48 (48228247)|VARIABLE_SCOPE_BEGIN|[88]|escape|Boolean|false|false
04:55:20.48 (48235951)|VARIABLE_ASSIGNMENT|[88]|escape|null
04:55:20.0 (49700670)|SYSTEM_MODE_ENTER|true
04:55:20.0 (49761717)|HEAP_ALLOCATE|[EXTERNAL]|Bytes:20
04:55:20.0 (49770163)|HEAP_ALLOCATE|[EXTERNAL]|Bytes:87
04:55:20.0 (49808697)|VARIABLE_ASSIGNMENT|[EXTERNAL]|this|{"leftOptions":"0x564a961b","leftOptionsHidden":"0057F000000TpdFQAS&M (67 more) ...","rightOptions":"0x53243eb1","rightOptionsHidden":"0057F000000TrBGQA0&R (64 more) ..."}|0x11a2893a
04:55:20.0 (49821772)|VARIABLE_ASSIGNMENT|[EXTERNAL]|value|"0057F000000TpdFQAS&M (67 more) ..."
04:55:20.0 (49845150)|SYSTEM_MODE_ENTER|false
04:55:20.0 (49854183)|HEAP_ALLOCATE|[24]|Bytes:5
04:55:20.0 (49859433)|STATEMENT_EXECUTE|[23]
04:55:20.0 (49861069)|STATEMENT_EXECUTE|[24]
04:55:20.0 (49870453)|VARIABLE_ASSIGNMENT|[24]|this.leftOptionsHidden|"0057F000000TpdFQAS&M (67 more) ..."|0x11a2893a
04:55:20.0 (49875790)|STATEMENT_EXECUTE|[25]
04:55:20.0 (49942836)|VARIABLE_ASSIGNMENT|[EXTERNAL]|this|{"leftOptions":"0x564a961b","leftOptionsHidden":"0057F000000TpdFQAS&M (67 more) ...","rightOptions":"0x53243eb1","rightOptionsHidden":"0057F000000TrBGQA0&R (64 more) ..."}|0x11a2893a
04:55:20.0 (49976850)|METHOD_ENTRY|[25]|01p7F00000Ehg8E|MultiselectController.setOptions(List<System.SelectOption>, String)
04:55:20.0 (49984790)|VARIABLE_SCOPE_BEGIN|[12]|this|MultiselectController|true|false
04:55:20.0 (50003211)|VARIABLE_ASSIGNMENT|[12]|this|{"leftOptions":"0x564a961b","leftOptionsHidden":"0057F000000TpdFQAS&M (67 more) ...","rightOptions":"0x53243eb1","rightOptionsHidden":"0057F000000TrBGQA0&R (64 more) ..."}|0x11a2893a
04:55:20.0 (50012122)|VARIABLE_SCOPE_BEGIN|[12]|options|List<System.SelectOption>|true|false
04:55:20.0 (50022704)|VARIABLE_ASSIGNMENT|[12]|options|"List of size 15 too large to display"|0x564a961b
04:55:20.0 (50028100)|VARIABLE_SCOPE_BEGIN|[12]|value|String|false|false
04:55:20.0 (50034815)|VARIABLE_ASSIGNMENT|[12]|value|"0057F000000TpdFQAS&M (67 more) ..."
04:55:20.0 (50050286)|HEAP_ALLOCATE|[13]|Bytes:5
04:55:20.0 (50055236)|STATEMENT_EXECUTE|[12]
04:55:20.0 (50056467)|STATEMENT_EXECUTE|[13]
04:55:20.0 (50088845)|STATEMENT_EXECUTE|[14]
04:55:20.0 (50093090)|HEAP_ALLOCATE|[14]|Bytes:1
04:55:20.0 (50154631)|HEAP_ALLOCATE|[14]|Bytes:18
04:55:20.0 (50160053)|HEAP_ALLOCATE|[14]|Bytes:13
04:55:20.0 (50162347)|HEAP_ALLOCATE|[14]|Bytes:18
04:55:20.0 (50164999)|HEAP_ALLOCATE|[14]|Bytes:8
04:55:20.0 (50167221)|HEAP_ALLOCATE|[14]|Bytes:18
04:55:20.0 (50169453)|HEAP_ALLOCATE|[14]|Bytes:7
04:55:20.0 (50172817)|HEAP_ALLOCATE|[14]|Bytes:28
04:55:20.0 (50184070)|VARIABLE_SCOPE_BEGIN|[14]|parts|List<String>|true|false
04:55:20.0 (50213779)|HEAP_ALLOCATE|[EXTERNAL]|Bytes:28
04:55:20.0 (50223069)|VARIABLE_ASSIGNMENT|[14]|parts|"List of size 6 too large to display"|0xe1610d4
04:55:20.0 (50230042)|STATEMENT_EXECUTE|[15]
04:55:20.0 (50235851)|VARIABLE_SCOPE_BEGIN|[15]|i|Integer|false|false
04:55:20.0 (50242859)|HEAP_ALLOCATE|[15]|Bytes:4
04:55:20.0 (50249163)|VARIABLE_ASSIGNMENT|[15]|i|0
04:55:20.0 (50281135)|STATEMENT_EXECUTE|[15]
04:55:20.0 (50282496)|STATEMENT_EXECUTE|[16]
04:55:20.0 (50292882)|HEAP_ALLOCATE|[16]|Bytes:18
04:55:20.0 (50298885)|HEAP_ALLOCATE|[16]|Bytes:5
04:55:20.0 (50357166)|HEAP_ALLOCATE|[16]|Bytes:15
04:55:20.0 (50369539)|SYSTEM_METHOD_ENTRY|[1]|EncodingUtil.EncodingUtil()
04:55:20.0 (50376654)|STATEMENT_EXECUTE|[1]
04:55:20.0 (50383776)|SYSTEM_METHOD_EXIT|[1]|EncodingUtil
04:55:20.0 (50395234)|METHOD_ENTRY|[16]||System.EncodingUtil.urlDecode(String, String)
04:55:20.0 (50475298)|METHOD_EXIT|[16]||System.EncodingUtil.urlDecode(String, String)
04:55:20.0 (50488059)|HEAP_ALLOCATE|[17]|Bytes:13
04:55:20.0 (50497007)|METHOD_ENTRY|[17]||System.EncodingUtil.urlDecode(String, String)
04:55:20.0 (50524155)|METHOD_EXIT|[17]||System.EncodingUtil.urlDecode(String, String)
04:55:20.0 (50552782)|HEAP_ALLOCATE|[EXTERNAL]|Bytes:4
04:55:20.0 (50559585)|HEAP_ALLOCATE|[15]|Bytes:4
04:55:20.0 (50566228)|VARIABLE_ASSIGNMENT|[15]|i|1
04:55:20.0 (50578091)|STATEMENT_EXECUTE|[15]
04:55:20.0 (50579492)|STATEMENT_EXECUTE|[16]
04:55:20.0 (50583929)|HEAP_ALLOCATE|[16]|Bytes:18
04:55:20.0 (50590527)|METHOD_ENTRY|[16]||System.EncodingUtil.urlDecode(String, String)
04:55:20.0 (50611024)|METHOD_EXIT|[16]||System.EncodingUtil.urlDecode(String, String)
04:55:20.0 (50616517)|HEAP_ALLOCATE|[17]|Bytes:8
04:55:20.0 (50621598)|METHOD_ENTRY|[17]||System.EncodingUtil.urlDecode(String, String)
04:55:20.0 (50635247)|METHOD_EXIT|[17]||System.EncodingUtil.urlDecode(String, String)
04:55:20.0 (50643184)|HEAP_ALLOCATE|[EXTERNAL]|Bytes:4
04:55:20.0 (50647832)|HEAP_ALLOCATE|[15]|Bytes:4
04:55:20.0 (50652393)|VARIABLE_ASSIGNMENT|[15]|i|2
04:55:20.0 (50661574)|STATEMENT_EXECUTE|[15]
04:55:20.0 (50662779)|STATEMENT_EXECUTE|[16]
04:55:20.0 (50665874)|HEAP_ALLOCATE|[16]|Bytes:18
04:55:20.0 (50670877)|METHOD_ENTRY|[16]||System.EncodingUtil.urlDecode(String, String)
04:55:20.0 (50685524)|METHOD_EXIT|[16]||System.EncodingUtil.urlDecode(String, String)
04:55:20.0 (50690458)|HEAP_ALLOCATE|[17]|Bytes:7
04:55:20.0 (50694976)|METHOD_ENTRY|[17]||System.EncodingUtil.urlDecode(String, String)
04:55:20.0 (50707735)|METHOD_EXIT|[17]||System.EncodingUtil.urlDecode(String, String)
04:55:20.0 (50714647)|HEAP_ALLOCATE|[EXTERNAL]|Bytes:4
04:55:20.0 (50718881)|HEAP_ALLOCATE|[15]|Bytes:4
04:55:20.0 (50723567)|VARIABLE_ASSIGNMENT|[15]|i|3
04:55:20.0 (50740448)|METHOD_EXIT|[25]|01p7F00000Ehg8E|MultiselectController.setOptions(List<System.SelectOption>, String)
04:55:20.0 (50746673)|SYSTEM_MODE_EXIT|false
04:55:20.0 (50808345)|SYSTEM_MODE_ENTER|true
04:55:20.0 (50856573)|HEAP_ALLOCATE|[EXTERNAL]|Bytes:20
04:55:20.0 (50863040)|HEAP_ALLOCATE|[EXTERNAL]|Bytes:84
04:55:20.0 (50888820)|VARIABLE_ASSIGNMENT|[EXTERNAL]|this|{"leftOptions":"0x564a961b","leftOptionsHidden":"0057F000000TpdFQAS&M (67 more) ...","rightOptions":"0x53243eb1","rightOptionsHidden":"0057F000000TrBGQA0&R (64 more) ..."}|0x11a2893a
04:55:20.0 (50899718)|VARIABLE_ASSIGNMENT|[EXTERNAL]|value|"0057F000000TrBGQA0&R (64 more) ..."
04:55:20.0 (50916996)|SYSTEM_MODE_ENTER|false
04:55:20.0 (50923812)|HEAP_ALLOCATE|[32]|Bytes:5
04:55:20.0 (50928228)|STATEMENT_EXECUTE|[31]
04:55:20.0 (50929509)|STATEMENT_EXECUTE|[32]
04:55:20.0 (50937864)|VARIABLE_ASSIGNMENT|[32]|this.rightOptionsHidden|"0057F000000TrBGQA0&R (64 more) ..."|0x11a2893a
04:55:20.0 (50943026)|STATEMENT_EXECUTE|[33]
04:55:20.0 (50977509)|VARIABLE_ASSIGNMENT|[EXTERNAL]|this|{"leftOptions":"0x564a961b","leftOptionsHidden":"0057F000000TpdFQAS&M (67 more) ...","rightOptions":"0x53243eb1","rightOptionsHidden":"0057F000000TrBGQA0&R (64 more) ..."}|0x11a2893a
04:55:20.0 (50996121)|METHOD_ENTRY|[33]|01p7F00000Ehg8E|MultiselectController.setOptions(List<System.SelectOption>, String)
04:55:20.0 (51001837)|VARIABLE_SCOPE_BEGIN|[12]|this|MultiselectController|true|false
04:55:20.0 (51020050)|VARIABLE_ASSIGNMENT|[12]|this|{"leftOptions":"0x564a961b","leftOptionsHidden":"0057F000000TpdFQAS&M (67 more) ...","rightOptions":"0x53243eb1","rightOptionsHidden":"0057F000000TrBGQA0&R (64 more) ..."}|0x11a2893a
04:55:20.0 (51025986)|VARIABLE_SCOPE_BEGIN|[12]|options|List<System.SelectOption>|true|false
04:55:20.0 (51135952)|VARIABLE_ASSIGNMENT|[12]|options|"common.apex.runtime.impl.ScalarList@1d5243c9"|0x53243eb1
04:55:20.0 (51145262)|VARIABLE_SCOPE_BEGIN|[12]|value|String|false|false
04:55:20.0 (51153653)|VARIABLE_ASSIGNMENT|[12]|value|"0057F000000TrBGQA0&R (64 more) ..."
04:55:20.0 (51171539)|HEAP_ALLOCATE|[13]|Bytes:5
04:55:20.0 (51176452)|STATEMENT_EXECUTE|[12]
04:55:20.0 (51177582)|STATEMENT_EXECUTE|[13]
04:55:20.0 (51187524)|STATEMENT_EXECUTE|[14]
04:55:20.0 (51212978)|HEAP_ALLOCATE|[14]|Bytes:18
04:55:20.0 (51217240)|HEAP_ALLOCATE|[14]|Bytes:11
04:55:20.0 (51219461)|HEAP_ALLOCATE|[14]|Bytes:18
04:55:20.0 (51222107)|HEAP_ALLOCATE|[14]|Bytes:9
04:55:20.0 (51224240)|HEAP_ALLOCATE|[14]|Bytes:18
04:55:20.0 (51226336)|HEAP_ALLOCATE|[14]|Bytes:5
04:55:20.0 (51228956)|HEAP_ALLOCATE|[14]|Bytes:28
04:55:20.0 (51238729)|VARIABLE_SCOPE_BEGIN|[14]|parts|List<String>|true|false
04:55:20.0 (51259090)|HEAP_ALLOCATE|[EXTERNAL]|Bytes:28
04:55:20.0 (51268000)|VARIABLE_ASSIGNMENT|[14]|parts|"List of size 6 too large to display"|0x5d12bb91
04:55:20.0 (51273832)|STATEMENT_EXECUTE|[15]
04:55:20.0 (51277197)|VARIABLE_SCOPE_BEGIN|[15]|i|Integer|false|false
04:55:20.0 (51283255)|HEAP_ALLOCATE|[15]|Bytes:4
04:55:20.0 (51289182)|VARIABLE_ASSIGNMENT|[15]|i|0
04:55:20.0 (51301340)|STATEMENT_EXECUTE|[15]
04:55:20.0 (51302443)|STATEMENT_EXECUTE|[16]
04:55:20.0 (51307466)|HEAP_ALLOCATE|[16]|Bytes:18
04:55:20.0 (51315718)|METHOD_ENTRY|[16]||System.EncodingUtil.urlDecode(String, String)
04:55:20.0 (51337262)|METHOD_EXIT|[16]||System.EncodingUtil.urlDecode(String, String)
04:55:20.0 (51343052)|HEAP_ALLOCATE|[17]|Bytes:11
04:55:20.0 (51348473)|METHOD_ENTRY|[17]||System.EncodingUtil.urlDecode(String, String)
04:55:20.0 (51363708)|METHOD_EXIT|[17]||System.EncodingUtil.urlDecode(String, String)
04:55:20.0 (51374431)|HEAP_ALLOCATE|[EXTERNAL]|Bytes:4
04:55:20.0 (51380150)|HEAP_ALLOCATE|[15]|Bytes:4
04:55:20.0 (51385673)|VARIABLE_ASSIGNMENT|[15]|i|1
04:55:20.0 (51395505)|STATEMENT_EXECUTE|[15]
04:55:20.0 (51396717)|STATEMENT_EXECUTE|[16]
04:55:20.0 (51399863)|HEAP_ALLOCATE|[16]|Bytes:18
04:55:20.0 (51405760)|METHOD_ENTRY|[16]||System.EncodingUtil.urlDecode(String, String)
04:55:20.0 (51420963)|METHOD_EXIT|[16]||System.EncodingUtil.urlDecode(String, String)
04:55:20.0 (51425959)|HEAP_ALLOCATE|[17]|Bytes:9
04:55:20.0 (51430496)|METHOD_ENTRY|[17]||System.EncodingUtil.urlDecode(String, String)
04:55:20.0 (51443013)|METHOD_EXIT|[17]||System.EncodingUtil.urlDecode(String, String)
04:55:20.0 (51450382)|HEAP_ALLOCATE|[EXTERNAL]|Bytes:4
04:55:20.0 (51454742)|HEAP_ALLOCATE|[15]|Bytes:4
04:55:20.0 (51458886)|VARIABLE_ASSIGNMENT|[15]|i|2
04:55:20.0 (51467328)|STATEMENT_EXECUTE|[15]
04:55:20.0 (51468496)|STATEMENT_EXECUTE|[16]
04:55:20.0 (51471466)|HEAP_ALLOCATE|[16]|Bytes:18
04:55:20.0 (51476369)|METHOD_ENTRY|[16]||System.EncodingUtil.urlDecode(String, String)
04:55:20.0 (51490283)|METHOD_EXIT|[16]||System.EncodingUtil.urlDecode(String, String)
04:55:20.0 (51495281)|HEAP_ALLOCATE|[17]|Bytes:5
04:55:20.0 (51499989)|METHOD_ENTRY|[17]||System.EncodingUtil.urlDecode(String, String)
04:55:20.0 (51514177)|METHOD_EXIT|[17]||System.EncodingUtil.urlDecode(String, String)
04:55:20.0 (51521077)|HEAP_ALLOCATE|[EXTERNAL]|Bytes:4
04:55:20.0 (51525158)|HEAP_ALLOCATE|[15]|Bytes:4
04:55:20.0 (51529480)|VARIABLE_ASSIGNMENT|[15]|i|3
04:55:20.0 (51542965)|METHOD_EXIT|[33]|01p7F00000Ehg8E|MultiselectController.setOptions(List<System.SelectOption>, String)
04:55:20.0 (51548844)|SYSTEM_MODE_EXIT|false
04:55:20.0 (51661526)|SYSTEM_MODE_ENTER|true
04:55:20.0 (51704571)|HEAP_ALLOCATE|[EXTERNAL]|Bytes:16
04:55:20.0 (51710170)|HEAP_ALLOCATE|[EXTERNAL]|Bytes:20
04:55:20.0 (51786778)|VARIABLE_ASSIGNMENT|[EXTERNAL]|this.leftOptions|"common.apex.runtime.impl.ScalarList@ab0f4d2b"|0x11a2893a
04:55:20.0 (51881983)|SYSTEM_MODE_ENTER|true
04:55:20.0 (51920609)|HEAP_ALLOCATE|[EXTERNAL]|Bytes:16
04:55:20.0 (51925619)|HEAP_ALLOCATE|[EXTERNAL]|Bytes:20
04:55:20.0 (51989535)|VARIABLE_ASSIGNMENT|[EXTERNAL]|this.rightOptions|"common.apex.runtime.impl.ScalarList@1d5243c9"|0x11a2893a
04:55:20.0 (53026081)|HEAP_ALLOCATE|[EXTERNAL]|Bytes:24
04:55:20.0 (53039993)|VARIABLE_SCOPE_BEGIN|[79]|this|Project_PM_Controller|true|false
04:55:20.0 (53165482)|VARIABLE_ASSIGNMENT|[79]|this|{"controller":"StandardController [[Project__c (Client__c:a047F000002zkUUQAY, Company_project_code__c:325, Name:3832, Units__c:false, Nodes__c:false, Footage__c:false, Miles__c:false, Jobs__c:false, Hours__c:false, QC__c:100)]]","project":"0xdf2bd1f","saveAndNew":2,"selectedUsers":"0x53243eb1","usersList":"0x564a961b"}|0xf13e2de
04:55:20.0 (53193003)|SYSTEM_MODE_ENTER|false
04:55:20.0 (53200565)|HEAP_ALLOCATE|[80]|Bytes:5
04:55:20.0 (53205765)|STATEMENT_EXECUTE|[79]
04:55:20.0 (53207145)|STATEMENT_EXECUTE|[80]
04:55:20.0 (53210115)|HEAP_ALLOCATE|[80]|Bytes:4
04:55:20.0 (53219126)|VARIABLE_ASSIGNMENT|[80]|this.saveAndNew|2|0xf13e2de
04:55:20.0 (53224191)|STATEMENT_EXECUTE|[81]
04:55:20.0 (53236429)|METHOD_ENTRY|[81]|01p7F00000EhPEd|Project_PM_Controller.customSave()
04:55:20.0 (53257631)|VARIABLE_SCOPE_BEGIN|[24]|this|Project_PM_Controller|true|false
04:55:20.0 (53352859)|VARIABLE_ASSIGNMENT|[24]|this|{"controller":"StandardController [[Project__c (Client__c:a047F000002zkUUQAY, Company_project_code__c:325, Name:3832, Units__c:false, Nodes__c:false, Footage__c:false, Miles__c:false, Jobs__c:false, Hours__c:false, QC__c:100)]]","project":"0xdf2bd1f","saveAndNew":2,"selectedUsers":"0x53243eb1","usersList":"0x564a961b"}|0xf13e2de
04:55:20.0 (53379379)|HEAP_ALLOCATE|[25]|Bytes:5
04:55:20.0 (53384425)|STATEMENT_EXECUTE|[24]
04:55:20.0 (53385678)|STATEMENT_EXECUTE|[25]
04:55:20.0 (53414860)|HEAP_ALLOCATE|[25]|Bytes:4
04:55:20.0 (53507012)|VARIABLE_SCOPE_BEGIN|[25]|newProject|Project__c|true|false
04:55:20.0 (53523701)|VARIABLE_ASSIGNMENT|[25]|newProject|{}|0x1c688511
04:55:20.0 (53529851)|STATEMENT_EXECUTE|[26]
04:55:20.0 (53614261)|VARIABLE_ASSIGNMENT|[26]|this.Client__c|"a047F000002zkUUQAY"|0x1c688511
04:55:20.0 (53622351)|STATEMENT_EXECUTE|[27]
04:55:20.0 (53649501)|VARIABLE_ASSIGNMENT|[27]|this.End_Customer__c|null|0x1c688511
04:55:20.0 (53655814)|STATEMENT_EXECUTE|[28]
04:55:20.0 (53675282)|VARIABLE_ASSIGNMENT|[28]|this.Operation_Region__c|null|0x1c688511
04:55:20.0 (53680856)|STATEMENT_EXECUTE|[29]
04:55:20.0 (53699055)|VARIABLE_ASSIGNMENT|[29]|this.Work_Region__c|null|0x1c688511
04:55:20.0 (53704851)|STATEMENT_EXECUTE|[30]
04:55:20.0 (53722120)|VARIABLE_ASSIGNMENT|[30]|this.Client_Project_Manager__c|null|0x1c688511
04:55:20.0 (53727513)|STATEMENT_EXECUTE|[31]
04:55:20.0 (53744488)|VARIABLE_ASSIGNMENT|[31]|this.Project_code__c|null|0x1c688511
04:55:20.0 (53749725)|STATEMENT_EXECUTE|[32]
04:55:20.0 (53774000)|VARIABLE_ASSIGNMENT|[32]|this.Company_project_code__c|"325"|0x1c688511
04:55:20.0 (53781277)|STATEMENT_EXECUTE|[33]
04:55:20.0 (53815610)|VARIABLE_ASSIGNMENT|[33]|this.Name|"3832"|0x1c688511
04:55:20.0 (53821881)|STATEMENT_EXECUTE|[34]
04:55:20.0 (53847669)|VARIABLE_ASSIGNMENT|[34]|this.Project_Scope__c|null|0x1c688511
04:55:20.0 (53853776)|STATEMENT_EXECUTE|[35]
04:55:20.0 (53873162)|VARIABLE_ASSIGNMENT|[35]|this.Cost_Centre__c|null|0x1c688511
04:55:20.0 (53878689)|STATEMENT_EXECUTE|[36]
04:55:20.0 (53907867)|VARIABLE_ASSIGNMENT|[36]|this.OffshoreProjectManager__c|null|0x1c688511
04:55:20.0 (53914237)|STATEMENT_EXECUTE|[37]
04:55:20.0 (53940056)|VARIABLE_ASSIGNMENT|[37]|this.Team_Lead__c|null|0x1c688511
04:55:20.0 (53945708)|STATEMENT_EXECUTE|[38]
04:55:20.0 (53964603)|VARIABLE_ASSIGNMENT|[38]|this.Project_Start_Date__c|null|0x1c688511
04:55:20.0 (53969921)|STATEMENT_EXECUTE|[39]
04:55:20.0 (53987883)|VARIABLE_ASSIGNMENT|[39]|this.Project_End_Date__c|null|0x1c688511
04:55:20.0 (53993422)|STATEMENT_EXECUTE|[40]
04:55:20.0 (54021278)|VARIABLE_ASSIGNMENT|[40]|this.Units__c|false|0x1c688511
04:55:20.0 (54027637)|STATEMENT_EXECUTE|[41]
04:55:20.0 (54051797)|VARIABLE_ASSIGNMENT|[41]|this.Nodes__c|false|0x1c688511
04:55:20.0 (54060935)|STATEMENT_EXECUTE|[42]
04:55:20.0 (54085787)|VARIABLE_ASSIGNMENT|[42]|this.Footage__c|false|0x1c688511
04:55:20.0 (54091473)|STATEMENT_EXECUTE|[43]
04:55:20.0 (54115267)|VARIABLE_ASSIGNMENT|[43]|this.Miles__c|false|0x1c688511
04:55:20.0 (54121011)|STATEMENT_EXECUTE|[44]
04:55:20.0 (54143985)|VARIABLE_ASSIGNMENT|[44]|this.Jobs__c|false|0x1c688511
04:55:20.0 (54149712)|STATEMENT_EXECUTE|[45]
04:55:20.0 (54173526)|VARIABLE_ASSIGNMENT|[45]|this.Hours__c|false|0x1c688511
04:55:20.0 (54181604)|STATEMENT_EXECUTE|[46]
04:55:20.0 (54201931)|VARIABLE_ASSIGNMENT|[46]|this.Production__c|null|0x1c688511
04:55:20.0 (54207490)|STATEMENT_EXECUTE|[47]
04:55:20.0 (54234540)|HEAP_ALLOCATE|[47]|Bytes:28
04:55:20.0 (54266224)|VARIABLE_ASSIGNMENT|[47]|this.QC__c|100|0x1c688511
04:55:20.0 (54272508)|STATEMENT_EXECUTE|[48]
04:55:20.0 (54294800)|VARIABLE_ASSIGNMENT|[48]|this.QA__c|null|0x1c688511
04:55:20.0 (54300756)|STATEMENT_EXECUTE|[49]
04:55:20.0 (54321996)|VARIABLE_ASSIGNMENT|[49]|this.Delivery__c|null|0x1c688511
04:55:20.0 (54327498)|STATEMENT_EXECUTE|[51]
04:55:20.0 (54330647)|HEAP_ALLOCATE|[51]|Bytes:2
04:55:20.0 (54357753)|VARIABLE_ASSIGNMENT|[51]|this.Team__c|"  "|0x1c688511
04:55:20.0 (54484907)|VARIABLE_ASSIGNMENT|[EXTERNAL]|this|{"controller":"StandardController [[Project__c (Client__c:a047F000002zkUUQAY, Company_project_code__c:325, Name:3832, Units__c:false, Nodes__c:false, Footage__c:false, Miles__c:false, Jobs__c:false, Hours__c:false, QC__c:100)]]","project":"0xdf2bd1f","saveAndNew":2,"selectedUsers":"0x53243eb1","usersList":"0x564a961b"}|0xf13e2de
04:55:20.0 (54532152)|HEAP_ALLOCATE|[52]|Bytes:5
04:55:20.0 (54549255)|HEAP_ALLOCATE|[52]|Bytes:27
04:55:20.0 (54558017)|VARIABLE_SCOPE_BEGIN|[52]|sc|System.SelectOption|true|false
04:55:20.0 (54620726)|VARIABLE_ASSIGNMENT|[52]|sc|"common.apex.runtime.impl.ApexSelectOptionValue@4bc8874e"|0x4896295b
04:55:20.0 (54631163)|STATEMENT_EXECUTE|[52]
04:55:20.0 (54632940)|STATEMENT_EXECUTE|[53]
04:55:20.0 (54681784)|HEAP_ALLOCATE|[53]|Bytes:9
04:55:20.0 (54691680)|HEAP_ALLOCATE|[53]|Bytes:2
04:55:20.0 (54702925)|HEAP_ALLOCATE|[53]|Bytes:11
04:55:20.0 (54707373)|HEAP_ALLOCATE|[53]|Bytes:13
04:55:20.0 (54745475)|VARIABLE_ASSIGNMENT|[53]|this.Team__c|"  Ravi teja, "|0x1c688511
04:55:20.0 (54762683)|HEAP_ALLOCATE|[52]|Bytes:5
04:55:20.0 (54774877)|HEAP_ALLOCATE|[52]|Bytes:27
04:55:20.0 (54783623)|VARIABLE_SCOPE_BEGIN|[52]|sc|System.SelectOption|true|false
04:55:20.0 (54848757)|VARIABLE_ASSIGNMENT|[52]|sc|"common.apex.runtime.impl.ApexSelectOptionValue@20b5cc0a"|0x7d13eb44
04:55:20.0 (54858504)|STATEMENT_EXECUTE|[52]
04:55:20.0 (54859971)|STATEMENT_EXECUTE|[53]
04:55:20.0 (54873758)|HEAP_ALLOCATE|[53]|Bytes:9
04:55:20.0 (54882871)|HEAP_ALLOCATE|[53]|Bytes:11
04:55:20.0 (54886682)|HEAP_ALLOCATE|[53]|Bytes:24
04:55:20.0 (54925207)|VARIABLE_ASSIGNMENT|[53]|this.Team__c|"  Ravi teja, Yashwan (4 more) ..."|0x1c688511
04:55:20.0 (54941750)|HEAP_ALLOCATE|[52]|Bytes:5
04:55:20.0 (54952671)|HEAP_ALLOCATE|[52]|Bytes:23
04:55:20.0 (54959045)|VARIABLE_SCOPE_BEGIN|[52]|sc|System.SelectOption|true|false
04:55:20.0 (55018057)|VARIABLE_ASSIGNMENT|[52]|sc|"common.apex.runtime.impl.ApexSelectOptionValue@ab8a2e66"|0x6b1776fa
04:55:20.0 (55028049)|STATEMENT_EXECUTE|[52]
04:55:20.0 (55029396)|STATEMENT_EXECUTE|[53]
04:55:20.0 (55042475)|HEAP_ALLOCATE|[53]|Bytes:5
04:55:20.0 (55050925)|HEAP_ALLOCATE|[53]|Bytes:7
04:55:20.0 (55054737)|HEAP_ALLOCATE|[53]|Bytes:31
04:55:20.0 (55091169)|VARIABLE_ASSIGNMENT|[53]|this.Team__c|"  Ravi teja, Yashwan (11 more) ..."|0x1c688511
04:55:20.0 (55106872)|HEAP_ALLOCATE|[52]|Bytes:5
04:55:20.0 (55118186)|VARIABLE_ASSIGNMENT|[52]|sc|null|
04:55:20.0 (55123025)|STATEMENT_EXECUTE|[55]
04:55:20.0 (55192737)|HEAP_ALLOCATE|[55]|Bytes:29
04:55:20.0 (55240324)|VARIABLE_ASSIGNMENT|[55]|this.Team__c|"  Ravi teja, Yashwan (9 more) ..."|0x1c688511
04:55:20.0 (55259004)|STATEMENT_EXECUTE|[57]
04:55:20.0 (55260363)|STATEMENT_EXECUTE|[57]
04:55:20.0 (55261460)|STATEMENT_EXECUTE|[58]
04:55:20.0 (55285499)|HEAP_ALLOCATE|[58]|Bytes:8
04:55:20.0 (55293994)|DML_BEGIN|[58]|Op:Insert|Type:Project__c|Rows:1
04:55:20.0 (55324113)|HEAP_ALLOCATE|[EXTERNAL]|Bytes:8
04:55:20.0 (60541926)|CODE_UNIT_STARTED|[EXTERNAL]|Validation:Project:new
04:55:20.0 (60553550)|VALIDATION_RULE|03d7F0000009D2R|totalpercentage
04:55:20.0 (60875237)|VALIDATION_FORMULA|( IF( ISBLANK(Delivery__c) , 0, Delivery__c)
  +  
IF( ISBLANK(Production__c) , 0, Production__c)
  +
IF( ISBLANK(QC__c) , 0, QC__c)  
 +
IF( ISBLANK(QA__c) , 0, QA__c)
 ) != 100|Delivery__c=null , QC__c=100 , QA__c=null , Production__c=null
04:55:20.0 (60886750)|VALIDATION_PASS
04:55:20.0 (60924539)|CODE_UNIT_FINISHED|Validation:Project:new
04:55:20.0 (74891838)|DML_END|[58]
04:55:20.0 (74994752)|EXCEPTION_THROWN|[58]|System.DmlException: Insert failed. First exception on row 0; first error: DUPLICATE_VALUE, duplicate value found: Company_project_code__c duplicates value on record with id: a057F0000039WFs: []
04:55:20.0 (75287434)|HEAP_ALLOCATE|[58]|Bytes:177
04:55:20.0 (75325467)|VARIABLE_SCOPE_BEGIN|[60]|e|Exception|true|false
04:55:20.0 (75399014)|VARIABLE_ASSIGNMENT|[60]|e|"common.apex.runtime.impl.DmlExecutionException: Insert failed. First exception on row 0; first error: DUPLICATE_VALUE, duplicate value found: Company_project_code__c duplicates value on record with id: a057F0000039WFs: []"|0x4d58d075
04:55:20.0 (75411616)|STATEMENT_EXECUTE|[60]
04:55:20.0 (75413501)|STATEMENT_EXECUTE|[61]
04:55:20.0 (75617512)|VF_PAGE_MESSAGE|duplicate value found: Company_project_code__c duplicates value on record with id: a057F0000039WFs
04:55:20.0 (75632582)|STATEMENT_EXECUTE|[64]
04:55:20.0 (75712056)|HEAP_ALLOCATE|[64]|Bytes:4
04:55:20.0 (75771276)|VARIABLE_SCOPE_BEGIN|[64]|pjaList|List<ProjectJobAssociation__c>|true|false
04:55:20.0 (75784816)|HEAP_ALLOCATE|[EXTERNAL]|Bytes:4
04:55:20.0 (75794270)|VARIABLE_ASSIGNMENT|[64]|pjaList|[]|0x64171a29
04:55:20.0 (75922137)|VARIABLE_ASSIGNMENT|[EXTERNAL]|this|{"controller":"StandardController [[Project__c (Client__c:a047F000002zkUUQAY, Company_project_code__c:325, Name:3832, Units__c:false, Nodes__c:false, Footage__c:false, Miles__c:false, Jobs__c:false, Hours__c:false, QC__c:100)]]","project":"0xdf2bd1f","saveAndNew":2,"selectedUsers":"0x53243eb1","usersList":"0x564a961b"}|0xf13e2de
04:55:20.0 (75963729)|HEAP_ALLOCATE|[65]|Bytes:5
04:55:20.0 (75978866)|HEAP_ALLOCATE|[65]|Bytes:27
04:55:20.0 (75986268)|VARIABLE_SCOPE_BEGIN|[65]|sc|System.SelectOption|true|false
04:55:20.0 (76046943)|VARIABLE_ASSIGNMENT|[65]|sc|"common.apex.runtime.impl.ApexSelectOptionValue@4bc8874e"|0x4896295b
04:55:20.0 (76057423)|STATEMENT_EXECUTE|[65]
04:55:20.0 (76058990)|STATEMENT_EXECUTE|[66]
04:55:20.0 (76083981)|HEAP_ALLOCATE|[66]|Bytes:4
04:55:20.0 (76162568)|VARIABLE_SCOPE_BEGIN|[66]|pja|ProjectJobAssociation__c|true|false
04:55:20.0 (76177590)|VARIABLE_ASSIGNMENT|[66]|pja|{}|0x64bfddb6
04:55:20.0 (76183108)|STATEMENT_EXECUTE|[67]
04:55:20.0 (76327501)|VARIABLE_ASSIGNMENT|[67]|this.ProjectLink__c|null|0x64bfddb6
04:55:20.0 (76336217)|STATEMENT_EXECUTE|[68]
04:55:20.0 (76366206)|HEAP_ALLOCATE|[68]|Bytes:18
04:55:20.0 (76384112)|HEAP_ALLOCATE|[68]|Bytes:4
04:55:20.0 (76433558)|VARIABLE_ASSIGNMENT|[68]|this.UserLink__c|"0057F000000TrBGQA0"|0x64bfddb6
04:55:20.0 (76444506)|STATEMENT_EXECUTE|[69]
04:55:20.0 (76478515)|HEAP_ALLOCATE|[EXTERNAL]|Bytes:4
04:55:20.0 (76497096)|HEAP_ALLOCATE|[65]|Bytes:5
04:55:20.0 (76509311)|HEAP_ALLOCATE|[65]|Bytes:27
04:55:20.0 (76516305)|VARIABLE_SCOPE_BEGIN|[65]|sc|System.SelectOption|true|false
04:55:20.0 (76580596)|VARIABLE_ASSIGNMENT|[65]|sc|"common.apex.runtime.impl.ApexSelectOptionValue@20b5cc0a"|0x7d13eb44
04:55:20.0 (76590861)|STATEMENT_EXECUTE|[65]
04:55:20.0 (76592265)|STATEMENT_EXECUTE|[66]
04:55:20.0 (76613910)|HEAP_ALLOCATE|[66]|Bytes:4
04:55:20.0 (76627057)|VARIABLE_SCOPE_BEGIN|[66]|pja|ProjectJobAssociation__c|true|false
04:55:20.0 (76639541)|VARIABLE_ASSIGNMENT|[66]|pja|{}|0x29afc72d
04:55:20.0 (76644446)|STATEMENT_EXECUTE|[67]
04:55:20.0 (76682962)|VARIABLE_ASSIGNMENT|[67]|this.ProjectLink__c|null|0x29afc72d
04:55:20.0 (76689446)|STATEMENT_EXECUTE|[68]
04:55:20.0 (76701057)|HEAP_ALLOCATE|[68]|Bytes:18
04:55:20.0 (76710474)|HEAP_ALLOCATE|[68]|Bytes:4
04:55:20.0 (76740321)|VARIABLE_ASSIGNMENT|[68]|this.UserLink__c|"0057F000000TrBVQA0"|0x29afc72d
04:55:20.0 (76746693)|STATEMENT_EXECUTE|[69]
04:55:20.0 (76755416)|HEAP_ALLOCATE|[EXTERNAL]|Bytes:4
04:55:20.0 (76768957)|HEAP_ALLOCATE|[65]|Bytes:5
04:55:20.0 (76782275)|HEAP_ALLOCATE|[65]|Bytes:23
04:55:20.0 (76788898)|VARIABLE_SCOPE_BEGIN|[65]|sc|System.SelectOption|true|false
04:55:20.0 (76855280)|VARIABLE_ASSIGNMENT|[65]|sc|"common.apex.runtime.impl.ApexSelectOptionValue@ab8a2e66"|0x6b1776fa
04:55:20.0 (76864950)|STATEMENT_EXECUTE|[65]
04:55:20.0 (76866285)|STATEMENT_EXECUTE|[66]
04:55:20.0 (76884100)|HEAP_ALLOCATE|[66]|Bytes:4
04:55:20.0 (76895497)|VARIABLE_SCOPE_BEGIN|[66]|pja|ProjectJobAssociation__c|true|false
04:55:20.0 (76906573)|VARIABLE_ASSIGNMENT|[66]|pja|{}|0x75b55663
04:55:20.0 (76911426)|STATEMENT_EXECUTE|[67]
04:55:20.0 (76946499)|VARIABLE_ASSIGNMENT|[67]|this.ProjectLink__c|null|0x75b55663
04:55:20.0 (76952989)|STATEMENT_EXECUTE|[68]
04:55:20.0 (76963524)|HEAP_ALLOCATE|[68]|Bytes:18
04:55:20.0 (76972332)|HEAP_ALLOCATE|[68]|Bytes:4
04:55:20.0 (77000455)|VARIABLE_ASSIGNMENT|[68]|this.UserLink__c|"0057F000000Tz0iQAC"|0x75b55663
04:55:20.0 (77007808)|STATEMENT_EXECUTE|[69]
04:55:20.0 (77016335)|HEAP_ALLOCATE|[EXTERNAL]|Bytes:4
04:55:20.0 (77029749)|HEAP_ALLOCATE|[65]|Bytes:5
04:55:20.0 (77040445)|VARIABLE_ASSIGNMENT|[65]|sc|null|
04:55:20.0 (77045189)|STATEMENT_EXECUTE|[71]
04:55:20.0 (77084235)|DML_BEGIN|[71]|Op:Insert|Type:ProjectJobAssociation__c|Rows:3
04:55:20.0 (77113215)|HEAP_ALLOCATE|[EXTERNAL]|Bytes:16
04:55:20.0 (83708216)|DML_END|[71]
04:55:20.0 (83787489)|VF_PAGE_MESSAGE|Required fields are missing: [Project]
04:55:20.0 (83912212)|EXCEPTION_THROWN|[71]|System.DmlException: Insert failed. First exception on row 0; first error: REQUIRED_FIELD_MISSING, Required fields are missing: [Project]: [Project]
04:55:20.0 (84147669)|HEAP_ALLOCATE|[71]|Bytes:131
04:55:20.0 (84170552)|METHOD_EXIT|[81]|01p7F00000EhPEd|Project_PM_Controller.customSave()
04:55:20.0 (84178743)|SYSTEM_MODE_EXIT|false
04:55:20.0 (84257938)|FATAL_ERROR|System.DmlException: Insert failed. First exception on row 0; first error: REQUIRED_FIELD_MISSING, Required fields are missing: [Project]: [Project]

Class.Project_PM_Controller.customSave: line 71, column 1
Class.Project_PM_Controller.customSaveAndNew: line 81, column 1
