36.0 APEX_CODE,FINEST;APEX_PROFILING,INFO;CALLOUT,INFO;DB,INFO;SYSTEM,DEBUG;VALIDATION,INFO;VISUALFORCE,INFO;WAVE,INFO;WORKFLOW,INFO
05:02:58.0 (339787)|USER_INFO|[EXTERNAL]|0057F000000Tiz6|ksb994@salesforce.com|Pacific Standard Time|GMT-08:00
05:02:58.0 (376508)|EXECUTION_STARTED
05:02:58.0 (381092)|CODE_UNIT_STARTED|[EXTERNAL]|0667F000004uJm5|VF: /apex/PM_Project_New
05:02:58.0 (1073324)|VF_DESERIALIZE_VIEWSTATE_BEGIN|0667F000004uJm5
05:02:58.0 (9576974)|HEAP_ALLOCATE|[72]|Bytes:3
05:02:58.0 (9607888)|HEAP_ALLOCATE|[77]|Bytes:152
05:02:58.0 (9620376)|HEAP_ALLOCATE|[342]|Bytes:408
05:02:58.0 (9634089)|HEAP_ALLOCATE|[355]|Bytes:408
05:02:58.0 (9647911)|HEAP_ALLOCATE|[467]|Bytes:48
05:02:58.0 (9671754)|HEAP_ALLOCATE|[139]|Bytes:6
05:02:58.0 (14844402)|VF_DESERIALIZE_VIEWSTATE_END
05:02:58.19 (19940629)|SYSTEM_MODE_ENTER|true
05:02:58.19 (20019303)|HEAP_ALLOCATE|[EXTERNAL]|Bytes:38
05:02:58.19 (20031591)|HEAP_ALLOCATE|[EXTERNAL]|Bytes:7
05:02:58.19 (20043326)|SYSTEM_METHOD_ENTRY|[1]|PageMessagesComponentController.PageMessagesComponentController()
05:02:58.19 (20049702)|STATEMENT_EXECUTE|[1]
05:02:58.21 (21024033)|SYSTEM_MODE_ENTER|true
05:02:58.21 (21085889)|HEAP_ALLOCATE|[EXTERNAL]|Bytes:8
05:02:58.21 (21096505)|VARIABLE_SCOPE_BEGIN|[88]|this|ApexPage.PageMessagesComponentController|true|false
05:02:58.21 (21140442)|VARIABLE_ASSIGNMENT|[88]|this|{}|0x3dba799a
05:02:58.21 (21146748)|VARIABLE_SCOPE_BEGIN|[88]|escape|Boolean|false|false
05:02:58.21 (21154727)|VARIABLE_ASSIGNMENT|[88]|escape|null
05:02:58.0 (41032622)|SYSTEM_MODE_ENTER|true
05:02:58.0 (41077950)|HEAP_ALLOCATE|[EXTERNAL]|Bytes:164
05:02:58.0 (41090068)|HEAP_ALLOCATE|[EXTERNAL]|Bytes:12
05:02:58.0 (41102183)|METHOD_ENTRY|[5]|01p7F00000Ehg8E|MultiselectController.MultiselectController()
05:02:58.0 (41107384)|STATEMENT_EXECUTE|[5]
05:02:58.0 (41113928)|STATEMENT_EXECUTE|[5]
05:02:58.0 (41126780)|SYSTEM_MODE_ENTER|false
05:02:58.0 (41138252)|HEAP_ALLOCATE|[EXTERNAL]|Bytes:5
05:02:58.0 (41147811)|SYSTEM_MODE_EXIT|false
05:02:58.0 (41157144)|METHOD_EXIT|[5]|MultiselectController
05:02:58.0 (41297976)|SYSTEM_MODE_ENTER|true
05:02:58.0 (41538878)|SYSTEM_MODE_ENTER|true
05:02:58.0 (41766421)|HEAP_ALLOCATE|[EXTERNAL]|Bytes:92
05:02:58.0 (41773779)|HEAP_ALLOCATE|[EXTERNAL]|Bytes:13
05:02:58.0 (41780539)|METHOD_ENTRY|[1]|01p7F00000EhPEd|Project_PM_Controller.Project_PM_Controller()
05:02:58.0 (41784919)|STATEMENT_EXECUTE|[1]
05:02:58.0 (41787880)|STATEMENT_EXECUTE|[1]
05:02:58.0 (41796238)|SYSTEM_MODE_ENTER|false
05:02:58.0 (41802305)|HEAP_ALLOCATE|[EXTERNAL]|Bytes:5
05:02:58.0 (41807924)|SYSTEM_MODE_EXIT|false
05:02:58.0 (41813711)|METHOD_EXIT|[1]|Project_PM_Controller
05:02:58.0 (41825895)|HEAP_ALLOCATE|[EXTERNAL]|Bytes:24
05:02:58.0 (41834509)|VARIABLE_SCOPE_BEGIN|[16]|this|Project_PM_Controller|true|false
05:02:58.0 (42065224)|VARIABLE_ASSIGNMENT|[16]|this|{"controller":"StandardController [[Project__c (]]","project":"0x6e76a54c","saveAndNew":1,"selectedUsers":"0x1fef311","usersList":"0x3f613add"}|0x4695e0ea
05:02:58.0 (42089949)|SYSTEM_MODE_ENTER|false
05:02:58.0 (42096291)|HEAP_ALLOCATE|[17]|Bytes:5
05:02:58.0 (42100556)|STATEMENT_EXECUTE|[16]
05:02:58.0 (42101958)|STATEMENT_EXECUTE|[17]
05:02:58.0 (42106043)|HEAP_ALLOCATE|[17]|Bytes:62
05:02:58.0 (42136588)|HEAP_ALLOCATE|[17]|Bytes:4
05:02:58.0 (43341663)|SOQL_EXECUTE_BEGIN|[17]|Aggregations:0|SELECT Id, Name FROM User WHERE UserRoleId = '00E7F000000Mdri'
05:02:58.0 (47506177)|SOQL_EXECUTE_END|[17]|Rows:6
05:02:58.0 (47524614)|HEAP_ALLOCATE|[17]|Bytes:28
05:02:58.0 (47545834)|HEAP_ALLOCATE|[17]|Bytes:271
05:02:58.0 (47626461)|HEAP_ALLOCATE|[17]|Bytes:28
05:02:58.0 (47641333)|VARIABLE_SCOPE_BEGIN|[17]|users|List<User>|true|false
05:02:58.0 (47658968)|VARIABLE_ASSIGNMENT|[17]|users|"List of size 6 too large to display"|0x1c40894f
05:02:58.0 (47832296)|HEAP_ALLOCATE|[18]|Bytes:5
05:02:58.0 (47852682)|HEAP_ALLOCATE|[18]|Bytes:12
05:02:58.0 (47863073)|VARIABLE_SCOPE_BEGIN|[18]|usr|User|true|false
05:02:58.0 (47879065)|VARIABLE_ASSIGNMENT|[18]|usr|{"Id":"0057F000000TpdFQAS","Name":"Mani Sasank"}|0x21378634
05:02:58.0 (47885062)|STATEMENT_EXECUTE|[18]
05:02:58.0 (47886550)|STATEMENT_EXECUTE|[19]
05:02:58.0 (47930673)|HEAP_ALLOCATE|[19]|Bytes:18
05:02:58.0 (47995096)|HEAP_ALLOCATE|[EXTERNAL]|Bytes:4
05:02:58.0 (48010601)|HEAP_ALLOCATE|[18]|Bytes:5
05:02:58.0 (48020847)|HEAP_ALLOCATE|[18]|Bytes:12
05:02:58.0 (48026772)|VARIABLE_SCOPE_BEGIN|[18]|usr|User|true|false
05:02:58.0 (48038854)|VARIABLE_ASSIGNMENT|[18]|usr|{"Id":"0057F000000TrBBQA0","Name":"Santhosh"}|0x6ac09e31
05:02:58.0 (48044045)|STATEMENT_EXECUTE|[18]
05:02:58.0 (48045076)|STATEMENT_EXECUTE|[19]
05:02:58.0 (48053661)|HEAP_ALLOCATE|[19]|Bytes:18
05:02:58.0 (48065681)|HEAP_ALLOCATE|[EXTERNAL]|Bytes:4
05:02:58.0 (48074569)|HEAP_ALLOCATE|[18]|Bytes:5
05:02:58.0 (48081995)|HEAP_ALLOCATE|[18]|Bytes:12
05:02:58.0 (48086544)|VARIABLE_SCOPE_BEGIN|[18]|usr|User|true|false
05:02:58.0 (48096738)|VARIABLE_ASSIGNMENT|[18]|usr|{"Id":"0057F000000TrBGQA0","Name":"Ravi teja"}|0xaa474de
05:02:58.0 (48101523)|STATEMENT_EXECUTE|[18]
05:02:58.0 (48102452)|STATEMENT_EXECUTE|[19]
05:02:58.0 (48107998)|HEAP_ALLOCATE|[19]|Bytes:18
05:02:58.0 (48116667)|HEAP_ALLOCATE|[EXTERNAL]|Bytes:4
05:02:58.0 (48138840)|HEAP_ALLOCATE|[18]|Bytes:5
05:02:58.0 (48148168)|HEAP_ALLOCATE|[18]|Bytes:12
05:02:58.0 (48152830)|VARIABLE_SCOPE_BEGIN|[18]|usr|User|true|false
05:02:58.0 (48162904)|VARIABLE_ASSIGNMENT|[18]|usr|{"Id":"0057F000000TrBVQA0","Name":"Yashwanth"}|0x2baae5c6
05:02:58.0 (48167438)|STATEMENT_EXECUTE|[18]
05:02:58.0 (48168337)|STATEMENT_EXECUTE|[19]
05:02:58.0 (48173686)|HEAP_ALLOCATE|[19]|Bytes:18
05:02:58.0 (48182465)|HEAP_ALLOCATE|[EXTERNAL]|Bytes:4
05:02:58.0 (48190875)|HEAP_ALLOCATE|[18]|Bytes:5
05:02:58.0 (48197614)|HEAP_ALLOCATE|[18]|Bytes:12
05:02:58.0 (48202281)|VARIABLE_SCOPE_BEGIN|[18]|usr|User|true|false
05:02:58.0 (48211815)|VARIABLE_ASSIGNMENT|[18]|usr|{"Id":"0057F000000Tz0iQAC","Name":"Richa"}|0x3631d0a1
05:02:58.0 (48216402)|STATEMENT_EXECUTE|[18]
05:02:58.0 (48217496)|STATEMENT_EXECUTE|[19]
05:02:58.0 (48222202)|HEAP_ALLOCATE|[19]|Bytes:18
05:02:58.0 (48229954)|HEAP_ALLOCATE|[EXTERNAL]|Bytes:4
05:02:58.0 (48237257)|HEAP_ALLOCATE|[18]|Bytes:5
05:02:58.0 (48243961)|HEAP_ALLOCATE|[18]|Bytes:12
05:02:58.0 (48248494)|VARIABLE_SCOPE_BEGIN|[18]|usr|User|true|false
05:02:58.0 (48257015)|VARIABLE_ASSIGNMENT|[18]|usr|{"Id":"0057F000000Tz0sQAC","Name":"Veeresh"}|0x586ef140
05:02:58.0 (48261585)|STATEMENT_EXECUTE|[18]
05:02:58.0 (48262394)|STATEMENT_EXECUTE|[19]
05:02:58.0 (48266757)|HEAP_ALLOCATE|[19]|Bytes:18
05:02:58.0 (48274629)|HEAP_ALLOCATE|[EXTERNAL]|Bytes:4
05:02:58.0 (48281960)|HEAP_ALLOCATE|[18]|Bytes:5
05:02:58.0 (48290435)|VARIABLE_ASSIGNMENT|[18]|usr|null|
05:02:58.0 (48296300)|STATEMENT_EXECUTE|[21]
05:02:58.0 (48302621)|SYSTEM_MODE_EXIT|false
05:02:58.0 (48430572)|SYSTEM_MODE_ENTER|true
05:02:58.0 (48484850)|HEAP_ALLOCATE|[EXTERNAL]|Bytes:52
05:02:58.0 (48493172)|HEAP_ALLOCATE|[EXTERNAL]|Bytes:20
05:02:58.0 (48505571)|VARIABLE_ASSIGNMENT|[EXTERNAL]|this.leftOptions|"List of size 12 too large to display"|0x629b875f
05:02:58.0 (48593709)|SYSTEM_MODE_ENTER|true
05:02:58.0 (48670168)|SYSTEM_MODE_ENTER|true
05:02:58.0 (48696351)|HEAP_ALLOCATE|[EXTERNAL]|Bytes:4
05:02:58.0 (48700930)|HEAP_ALLOCATE|[EXTERNAL]|Bytes:20
05:02:58.0 (48711921)|VARIABLE_ASSIGNMENT|[EXTERNAL]|this.rightOptions|[]|0x629b875f
05:02:58.0 (60452806)|SYSTEM_MODE_ENTER|true
05:02:58.0 (60531742)|SYSTEM_MODE_ENTER|true
05:02:58.61 (61859102)|SYSTEM_MODE_ENTER|true
05:02:58.61 (61911525)|HEAP_ALLOCATE|[EXTERNAL]|Bytes:8
05:02:58.61 (61923431)|VARIABLE_SCOPE_BEGIN|[88]|this|ApexPage.PageMessagesComponentController|true|false
05:02:58.61 (61955964)|VARIABLE_ASSIGNMENT|[88]|this|{}|0x3dba799a
05:02:58.61 (61962647)|VARIABLE_SCOPE_BEGIN|[88]|escape|Boolean|false|false
05:02:58.61 (61969852)|VARIABLE_ASSIGNMENT|[88]|escape|null
05:02:58.62 (62110458)|HEAP_ALLOCATE|[EXTERNAL]|Bytes:-4
05:02:58.62 (62463573)|HEAP_ALLOCATE|[EXTERNAL]|Bytes:-4
05:02:58.62 (62536757)|HEAP_ALLOCATE|[EXTERNAL]|Bytes:-4
05:02:58.0 (62979249)|SYSTEM_MODE_ENTER|true
05:02:58.0 (63035395)|HEAP_ALLOCATE|[EXTERNAL]|Bytes:20
05:02:58.0 (63042863)|HEAP_ALLOCATE|[EXTERNAL]|Bytes:111
05:02:58.0 (63073084)|VARIABLE_ASSIGNMENT|[EXTERNAL]|this|{"leftOptions":"0x3f613add","rightOptions":"0x1fef311"}|0x629b875f
05:02:58.0 (63084758)|VARIABLE_ASSIGNMENT|[EXTERNAL]|value|"0057F000000TrBGQA0&R (91 more) ..."
05:02:58.0 (63101724)|SYSTEM_MODE_ENTER|false
05:02:58.0 (63110496)|HEAP_ALLOCATE|[24]|Bytes:5
05:02:58.0 (63116021)|STATEMENT_EXECUTE|[23]
05:02:58.0 (63117584)|STATEMENT_EXECUTE|[24]
05:02:58.0 (63127685)|VARIABLE_ASSIGNMENT|[24]|this.leftOptionsHidden|"0057F000000TrBGQA0&R (91 more) ..."|0x629b875f
05:02:58.0 (63133271)|STATEMENT_EXECUTE|[25]
05:02:58.0 (63194243)|VARIABLE_ASSIGNMENT|[EXTERNAL]|this|{"leftOptions":"0x3f613add","leftOptionsHidden":"0057F000000TrBGQA0&R (91 more) ...","rightOptions":"0x1fef311"}|0x629b875f
05:02:58.0 (63225623)|METHOD_ENTRY|[25]|01p7F00000Ehg8E|MultiselectController.setOptions(List<System.SelectOption>, String)
05:02:58.0 (63232736)|VARIABLE_SCOPE_BEGIN|[12]|this|MultiselectController|true|false
05:02:58.0 (63248672)|VARIABLE_ASSIGNMENT|[12]|this|{"leftOptions":"0x3f613add","leftOptionsHidden":"0057F000000TrBGQA0&R (91 more) ...","rightOptions":"0x1fef311"}|0x629b875f
05:02:58.0 (63255250)|VARIABLE_SCOPE_BEGIN|[12]|options|List<System.SelectOption>|true|false
05:02:58.0 (63265522)|VARIABLE_ASSIGNMENT|[12]|options|"List of size 12 too large to display"|0x3f613add
05:02:58.0 (63270422)|VARIABLE_SCOPE_BEGIN|[12]|value|String|false|false
05:02:58.0 (63276818)|VARIABLE_ASSIGNMENT|[12]|value|"0057F000000TrBGQA0&R (91 more) ..."
05:02:58.0 (63288643)|HEAP_ALLOCATE|[13]|Bytes:5
05:02:58.0 (63293020)|STATEMENT_EXECUTE|[12]
05:02:58.0 (63294405)|STATEMENT_EXECUTE|[13]
05:02:58.0 (63321848)|STATEMENT_EXECUTE|[14]
05:02:58.0 (63325681)|HEAP_ALLOCATE|[14]|Bytes:1
05:02:58.0 (63382769)|HEAP_ALLOCATE|[14]|Bytes:18
05:02:58.0 (63387441)|HEAP_ALLOCATE|[14]|Bytes:11
05:02:58.0 (63389942)|HEAP_ALLOCATE|[14]|Bytes:18
05:02:58.0 (63392030)|HEAP_ALLOCATE|[14]|Bytes:9
05:02:58.0 (63394089)|HEAP_ALLOCATE|[14]|Bytes:18
05:02:58.0 (63396568)|HEAP_ALLOCATE|[14]|Bytes:5
05:02:58.0 (63398847)|HEAP_ALLOCATE|[14]|Bytes:18
05:02:58.0 (63400741)|HEAP_ALLOCATE|[14]|Bytes:7
05:02:58.0 (63404504)|HEAP_ALLOCATE|[14]|Bytes:36
05:02:58.0 (63417620)|VARIABLE_SCOPE_BEGIN|[14]|parts|List<String>|true|false
05:02:58.0 (63447822)|HEAP_ALLOCATE|[EXTERNAL]|Bytes:36
05:02:58.0 (63456200)|VARIABLE_ASSIGNMENT|[14]|parts|"List of size 8 too large to display"|0x38c652ac
05:02:58.0 (63462496)|STATEMENT_EXECUTE|[15]
05:02:58.0 (63468250)|VARIABLE_SCOPE_BEGIN|[15]|i|Integer|false|false
05:02:58.0 (63475094)|HEAP_ALLOCATE|[15]|Bytes:4
05:02:58.0 (63480410)|VARIABLE_ASSIGNMENT|[15]|i|0
05:02:58.0 (63514901)|STATEMENT_EXECUTE|[15]
05:02:58.0 (63516149)|STATEMENT_EXECUTE|[16]
05:02:58.0 (63527133)|HEAP_ALLOCATE|[16]|Bytes:18
05:02:58.0 (63532747)|HEAP_ALLOCATE|[16]|Bytes:5
05:02:58.0 (63594757)|HEAP_ALLOCATE|[16]|Bytes:15
05:02:58.0 (63605104)|SYSTEM_METHOD_ENTRY|[1]|EncodingUtil.EncodingUtil()
05:02:58.0 (63608819)|STATEMENT_EXECUTE|[1]
05:02:58.0 (63616852)|SYSTEM_METHOD_EXIT|[1]|EncodingUtil
05:02:58.0 (63629021)|METHOD_ENTRY|[16]||System.EncodingUtil.urlDecode(String, String)
05:02:58.0 (63674716)|METHOD_EXIT|[16]||System.EncodingUtil.urlDecode(String, String)
05:02:58.0 (63684196)|HEAP_ALLOCATE|[17]|Bytes:11
05:02:58.0 (63690597)|METHOD_ENTRY|[17]||System.EncodingUtil.urlDecode(String, String)
05:02:58.0 (63709978)|METHOD_EXIT|[17]||System.EncodingUtil.urlDecode(String, String)
05:02:58.0 (63733460)|HEAP_ALLOCATE|[EXTERNAL]|Bytes:4
05:02:58.0 (63739726)|HEAP_ALLOCATE|[15]|Bytes:4
05:02:58.0 (63745796)|VARIABLE_ASSIGNMENT|[15]|i|1
05:02:58.0 (63756314)|STATEMENT_EXECUTE|[15]
05:02:58.0 (63757381)|STATEMENT_EXECUTE|[16]
05:02:58.0 (63761170)|HEAP_ALLOCATE|[16]|Bytes:18
05:02:58.0 (63767538)|METHOD_ENTRY|[16]||System.EncodingUtil.urlDecode(String, String)
05:02:58.0 (63782199)|METHOD_EXIT|[16]||System.EncodingUtil.urlDecode(String, String)
05:02:58.0 (63786402)|HEAP_ALLOCATE|[17]|Bytes:9
05:02:58.0 (63790720)|METHOD_ENTRY|[17]||System.EncodingUtil.urlDecode(String, String)
05:02:58.0 (63801196)|METHOD_EXIT|[17]||System.EncodingUtil.urlDecode(String, String)
05:02:58.0 (63808069)|HEAP_ALLOCATE|[EXTERNAL]|Bytes:4
05:02:58.0 (63812374)|HEAP_ALLOCATE|[15]|Bytes:4
05:02:58.0 (63816480)|VARIABLE_ASSIGNMENT|[15]|i|2
05:02:58.0 (63824394)|STATEMENT_EXECUTE|[15]
05:02:58.0 (63825338)|STATEMENT_EXECUTE|[16]
05:02:58.0 (63828246)|HEAP_ALLOCATE|[16]|Bytes:18
05:02:58.0 (63832791)|METHOD_ENTRY|[16]||System.EncodingUtil.urlDecode(String, String)
05:02:58.0 (63845201)|METHOD_EXIT|[16]||System.EncodingUtil.urlDecode(String, String)
05:02:58.0 (63849006)|HEAP_ALLOCATE|[17]|Bytes:5
05:02:58.0 (63853103)|METHOD_ENTRY|[17]||System.EncodingUtil.urlDecode(String, String)
05:02:58.0 (63863675)|METHOD_EXIT|[17]||System.EncodingUtil.urlDecode(String, String)
05:02:58.0 (63869748)|HEAP_ALLOCATE|[EXTERNAL]|Bytes:4
05:02:58.0 (63873998)|HEAP_ALLOCATE|[15]|Bytes:4
05:02:58.0 (63877527)|VARIABLE_ASSIGNMENT|[15]|i|3
05:02:58.0 (63885032)|STATEMENT_EXECUTE|[15]
05:02:58.0 (63885983)|STATEMENT_EXECUTE|[16]
05:02:58.0 (63889054)|HEAP_ALLOCATE|[16]|Bytes:18
05:02:58.0 (63893650)|METHOD_ENTRY|[16]||System.EncodingUtil.urlDecode(String, String)
05:02:58.0 (63905543)|METHOD_EXIT|[16]||System.EncodingUtil.urlDecode(String, String)
05:02:58.0 (63909497)|HEAP_ALLOCATE|[17]|Bytes:7
05:02:58.0 (63913723)|METHOD_ENTRY|[17]||System.EncodingUtil.urlDecode(String, String)
05:02:58.0 (63924257)|METHOD_EXIT|[17]||System.EncodingUtil.urlDecode(String, String)
05:02:58.0 (63929915)|HEAP_ALLOCATE|[EXTERNAL]|Bytes:4
05:02:58.0 (63933758)|HEAP_ALLOCATE|[15]|Bytes:4
05:02:58.0 (63937299)|VARIABLE_ASSIGNMENT|[15]|i|4
05:02:58.0 (63952315)|METHOD_EXIT|[25]|01p7F00000Ehg8E|MultiselectController.setOptions(List<System.SelectOption>, String)
05:02:58.0 (63958474)|SYSTEM_MODE_EXIT|false
05:02:58.0 (64009335)|SYSTEM_MODE_ENTER|true
05:02:58.0 (64046521)|HEAP_ALLOCATE|[EXTERNAL]|Bytes:20
05:02:58.0 (64051267)|HEAP_ALLOCATE|[EXTERNAL]|Bytes:60
05:02:58.0 (64073906)|VARIABLE_ASSIGNMENT|[EXTERNAL]|this|{"leftOptions":"0x3f613add","leftOptionsHidden":"0057F000000TrBGQA0&R (91 more) ...","rightOptions":"0x1fef311"}|0x629b875f
05:02:58.0 (64082963)|VARIABLE_ASSIGNMENT|[EXTERNAL]|value|"0057F000000TpdFQAS&M (40 more) ..."
05:02:58.0 (64095722)|SYSTEM_MODE_ENTER|false
05:02:58.0 (64101421)|HEAP_ALLOCATE|[32]|Bytes:5
05:02:58.0 (64105083)|STATEMENT_EXECUTE|[31]
05:02:58.0 (64106352)|STATEMENT_EXECUTE|[32]
05:02:58.0 (64113558)|VARIABLE_ASSIGNMENT|[32]|this.rightOptionsHidden|"0057F000000TpdFQAS&M (40 more) ..."|0x629b875f
05:02:58.0 (64118283)|STATEMENT_EXECUTE|[33]
05:02:58.0 (64148526)|VARIABLE_ASSIGNMENT|[EXTERNAL]|this|{"leftOptions":"0x3f613add","leftOptionsHidden":"0057F000000TrBGQA0&R (91 more) ...","rightOptions":"0x1fef311","rightOptionsHidden":"0057F000000TpdFQAS&M (40 more) ..."}|0x629b875f
05:02:58.0 (64164773)|METHOD_ENTRY|[33]|01p7F00000Ehg8E|MultiselectController.setOptions(List<System.SelectOption>, String)
05:02:58.0 (64170005)|VARIABLE_SCOPE_BEGIN|[12]|this|MultiselectController|true|false
05:02:58.0 (64185665)|VARIABLE_ASSIGNMENT|[12]|this|{"leftOptions":"0x3f613add","leftOptionsHidden":"0057F000000TrBGQA0&R (91 more) ...","rightOptions":"0x1fef311","rightOptionsHidden":"0057F000000TpdFQAS&M (40 more) ..."}|0x629b875f
05:02:58.0 (64191194)|VARIABLE_SCOPE_BEGIN|[12]|options|List<System.SelectOption>|true|false
05:02:58.0 (64199278)|VARIABLE_ASSIGNMENT|[12]|options|[]|0x1fef311
05:02:58.0 (64203453)|VARIABLE_SCOPE_BEGIN|[12]|value|String|false|false
05:02:58.0 (64209670)|VARIABLE_ASSIGNMENT|[12]|value|"0057F000000TpdFQAS&M (40 more) ..."
05:02:58.0 (64220292)|HEAP_ALLOCATE|[13]|Bytes:5
05:02:58.0 (64223996)|STATEMENT_EXECUTE|[12]
05:02:58.0 (64224945)|STATEMENT_EXECUTE|[13]
05:02:58.0 (64232121)|STATEMENT_EXECUTE|[14]
05:02:58.0 (64251748)|HEAP_ALLOCATE|[14]|Bytes:18
05:02:58.0 (64255493)|HEAP_ALLOCATE|[14]|Bytes:13
05:02:58.0 (64257520)|HEAP_ALLOCATE|[14]|Bytes:18
05:02:58.0 (64259585)|HEAP_ALLOCATE|[14]|Bytes:8
05:02:58.0 (64261819)|HEAP_ALLOCATE|[14]|Bytes:20
05:02:58.0 (64270549)|VARIABLE_SCOPE_BEGIN|[14]|parts|List<String>|true|false
05:02:58.0 (64288412)|HEAP_ALLOCATE|[EXTERNAL]|Bytes:20
05:02:58.0 (64296900)|VARIABLE_ASSIGNMENT|[14]|parts|["0057F000000TpdFQAS","Mani%20Sasank","0057F000000TrBBQA0","Santhosh"]|0x2e4e2fc3
05:02:58.0 (64302176)|STATEMENT_EXECUTE|[15]
05:02:58.0 (64304753)|VARIABLE_SCOPE_BEGIN|[15]|i|Integer|false|false
05:02:58.0 (64310448)|HEAP_ALLOCATE|[15]|Bytes:4
05:02:58.0 (64314548)|VARIABLE_ASSIGNMENT|[15]|i|0
05:02:58.0 (64324597)|STATEMENT_EXECUTE|[15]
05:02:58.0 (64325593)|STATEMENT_EXECUTE|[16]
05:02:58.0 (64329988)|HEAP_ALLOCATE|[16]|Bytes:18
05:02:58.0 (64337293)|METHOD_ENTRY|[16]||System.EncodingUtil.urlDecode(String, String)
05:02:58.0 (64354958)|METHOD_EXIT|[16]||System.EncodingUtil.urlDecode(String, String)
05:02:58.0 (64360119)|HEAP_ALLOCATE|[17]|Bytes:13
05:02:58.0 (64364900)|METHOD_ENTRY|[17]||System.EncodingUtil.urlDecode(String, String)
05:02:58.0 (64380818)|METHOD_EXIT|[17]||System.EncodingUtil.urlDecode(String, String)
05:02:58.0 (64389962)|HEAP_ALLOCATE|[EXTERNAL]|Bytes:4
05:02:58.0 (64395247)|HEAP_ALLOCATE|[15]|Bytes:4
05:02:58.0 (64399564)|VARIABLE_ASSIGNMENT|[15]|i|1
05:02:58.0 (64408361)|STATEMENT_EXECUTE|[15]
05:02:58.0 (64409666)|STATEMENT_EXECUTE|[16]
05:02:58.0 (64414171)|HEAP_ALLOCATE|[16]|Bytes:18
05:02:58.0 (64419183)|METHOD_ENTRY|[16]||System.EncodingUtil.urlDecode(String, String)
05:02:58.0 (64432112)|METHOD_EXIT|[16]||System.EncodingUtil.urlDecode(String, String)
05:02:58.0 (64436722)|HEAP_ALLOCATE|[17]|Bytes:8
05:02:58.0 (64441132)|METHOD_ENTRY|[17]||System.EncodingUtil.urlDecode(String, String)
05:02:58.0 (64454324)|METHOD_EXIT|[17]||System.EncodingUtil.urlDecode(String, String)
05:02:58.0 (64460760)|HEAP_ALLOCATE|[EXTERNAL]|Bytes:4
05:02:58.0 (64464977)|HEAP_ALLOCATE|[15]|Bytes:4
05:02:58.0 (64468991)|VARIABLE_ASSIGNMENT|[15]|i|2
05:02:58.0 (64484116)|METHOD_EXIT|[33]|01p7F00000Ehg8E|MultiselectController.setOptions(List<System.SelectOption>, String)
05:02:58.0 (64489457)|SYSTEM_MODE_EXIT|false
05:02:58.0 (64584947)|SYSTEM_MODE_ENTER|true
05:02:58.0 (64622266)|HEAP_ALLOCATE|[EXTERNAL]|Bytes:20
05:02:58.0 (64626964)|HEAP_ALLOCATE|[EXTERNAL]|Bytes:20
05:02:58.0 (64723485)|VARIABLE_ASSIGNMENT|[EXTERNAL]|this.leftOptions|"common.apex.runtime.impl.ScalarList@1deb5d3a"|0x629b875f
05:02:58.0 (64794488)|SYSTEM_MODE_ENTER|true
05:02:58.0 (64823140)|HEAP_ALLOCATE|[EXTERNAL]|Bytes:12
05:02:58.0 (64827576)|HEAP_ALLOCATE|[EXTERNAL]|Bytes:20
05:02:58.0 (64883361)|VARIABLE_ASSIGNMENT|[EXTERNAL]|this.rightOptions|"common.apex.runtime.impl.ScalarList@42e811b8"|0x629b875f
05:02:58.65 (65000382)|HEAP_ALLOCATE|[EXTERNAL]|Bytes:-4
05:02:58.65 (65078160)|HEAP_ALLOCATE|[EXTERNAL]|Bytes:-4
05:02:58.65 (65145024)|HEAP_ALLOCATE|[EXTERNAL]|Bytes:-4
05:02:58.65 (65207719)|HEAP_ALLOCATE|[EXTERNAL]|Bytes:-4
05:02:58.65 (65269726)|HEAP_ALLOCATE|[EXTERNAL]|Bytes:-4
05:02:58.65 (65330962)|HEAP_ALLOCATE|[EXTERNAL]|Bytes:-4
05:02:58.65 (65574769)|HEAP_ALLOCATE|[EXTERNAL]|Bytes:-4
05:02:58.0 (65724774)|HEAP_ALLOCATE|[EXTERNAL]|Bytes:24
05:02:58.0 (65736247)|VARIABLE_SCOPE_BEGIN|[83]|this|Project_PM_Controller|true|false
05:02:58.0 (65854341)|VARIABLE_ASSIGNMENT|[83]|this|{"controller":"StandardController [[Project__c (Client__c:a047F000002zkUjQAI, Company_project_code__c:38, Name:1685, Units__c:false, Nodes__c:false, Footage__c:false, Miles__c:false, Jobs__c:false, Hours__c:false, Delivery__c:100)]]","project":"0x6e76a54c","saveAndNew":1,"selectedUsers":"0x1fef311","usersList":"0x3f613add"}|0x4695e0ea
05:02:58.0 (65876078)|SYSTEM_MODE_ENTER|false
05:02:58.0 (65882550)|HEAP_ALLOCATE|[84]|Bytes:5
05:02:58.0 (65887255)|STATEMENT_EXECUTE|[83]
05:02:58.0 (65888725)|STATEMENT_EXECUTE|[84]
05:02:58.0 (65891683)|HEAP_ALLOCATE|[84]|Bytes:4
05:02:58.0 (65899488)|VARIABLE_ASSIGNMENT|[84]|this.saveAndNew|2|0x4695e0ea
05:02:58.0 (65904426)|STATEMENT_EXECUTE|[85]
05:02:58.0 (65916561)|METHOD_ENTRY|[85]|01p7F00000EhPEd|Project_PM_Controller.customSave()
05:02:58.0 (65937973)|VARIABLE_SCOPE_BEGIN|[24]|this|Project_PM_Controller|true|false
05:02:58.0 (66021900)|VARIABLE_ASSIGNMENT|[24]|this|{"controller":"StandardController [[Project__c (Client__c:a047F000002zkUjQAI, Company_project_code__c:38, Name:1685, Units__c:false, Nodes__c:false, Footage__c:false, Miles__c:false, Jobs__c:false, Hours__c:false, Delivery__c:100)]]","project":"0x6e76a54c","saveAndNew":2,"selectedUsers":"0x1fef311","usersList":"0x3f613add"}|0x4695e0ea
05:02:58.0 (66040936)|HEAP_ALLOCATE|[25]|Bytes:5
05:02:58.0 (66045640)|STATEMENT_EXECUTE|[24]
05:02:58.0 (66046638)|STATEMENT_EXECUTE|[25]
05:02:58.0 (66078319)|HEAP_ALLOCATE|[25]|Bytes:4
05:02:58.0 (66174478)|VARIABLE_SCOPE_BEGIN|[25]|newProject|Project__c|true|false
05:02:58.0 (66190105)|VARIABLE_ASSIGNMENT|[25]|newProject|{}|0x7700543d
05:02:58.0 (66195540)|STATEMENT_EXECUTE|[26]
05:02:58.0 (66268723)|VARIABLE_ASSIGNMENT|[26]|this.Client__c|"a047F000002zkUjQAI"|0x7700543d
05:02:58.0 (66274921)|STATEMENT_EXECUTE|[27]
05:02:58.0 (66295162)|VARIABLE_ASSIGNMENT|[27]|this.End_Customer__c|null|0x7700543d
05:02:58.0 (66300920)|STATEMENT_EXECUTE|[28]
05:02:58.0 (66315070)|VARIABLE_ASSIGNMENT|[28]|this.Operation_Region__c|null|0x7700543d
05:02:58.0 (66320549)|STATEMENT_EXECUTE|[29]
05:02:58.0 (66333921)|VARIABLE_ASSIGNMENT|[29]|this.Work_Region__c|null|0x7700543d
05:02:58.0 (66338740)|STATEMENT_EXECUTE|[30]
05:02:58.0 (66351688)|VARIABLE_ASSIGNMENT|[30]|this.Client_Project_Manager__c|null|0x7700543d
05:02:58.0 (66357175)|STATEMENT_EXECUTE|[31]
05:02:58.0 (66369723)|VARIABLE_ASSIGNMENT|[31]|this.Project_code__c|null|0x7700543d
05:02:58.0 (66374821)|STATEMENT_EXECUTE|[32]
05:02:58.0 (66393405)|VARIABLE_ASSIGNMENT|[32]|this.Company_project_code__c|"38"|0x7700543d
05:02:58.0 (66398588)|STATEMENT_EXECUTE|[33]
05:02:58.0 (66426333)|VARIABLE_ASSIGNMENT|[33]|this.Name|"1685"|0x7700543d
05:02:58.0 (66431758)|STATEMENT_EXECUTE|[34]
05:02:58.0 (66447017)|VARIABLE_ASSIGNMENT|[34]|this.Project_Scope__c|null|0x7700543d
05:02:58.0 (66452166)|STATEMENT_EXECUTE|[35]
05:02:58.0 (66465528)|VARIABLE_ASSIGNMENT|[35]|this.Cost_Centre__c|null|0x7700543d
05:02:58.0 (66470203)|STATEMENT_EXECUTE|[36]
05:02:58.0 (66508823)|VARIABLE_ASSIGNMENT|[36]|this.OffshoreProjectManager__c|null|0x7700543d
05:02:58.0 (66515119)|STATEMENT_EXECUTE|[37]
05:02:58.0 (66536399)|VARIABLE_ASSIGNMENT|[37]|this.Team_Lead__c|null|0x7700543d
05:02:58.0 (66541590)|STATEMENT_EXECUTE|[38]
05:02:58.0 (66556076)|VARIABLE_ASSIGNMENT|[38]|this.Project_Start_Date__c|null|0x7700543d
05:02:58.0 (66561534)|STATEMENT_EXECUTE|[39]
05:02:58.0 (66575300)|VARIABLE_ASSIGNMENT|[39]|this.Project_End_Date__c|null|0x7700543d
05:02:58.0 (66579851)|STATEMENT_EXECUTE|[40]
05:02:58.0 (66602188)|VARIABLE_ASSIGNMENT|[40]|this.Units__c|false|0x7700543d
05:02:58.0 (66608010)|STATEMENT_EXECUTE|[41]
05:02:58.0 (66625757)|VARIABLE_ASSIGNMENT|[41]|this.Nodes__c|false|0x7700543d
05:02:58.0 (66631138)|STATEMENT_EXECUTE|[42]
05:02:58.0 (66647855)|VARIABLE_ASSIGNMENT|[42]|this.Footage__c|false|0x7700543d
05:02:58.0 (66653017)|STATEMENT_EXECUTE|[43]
05:02:58.0 (66670306)|VARIABLE_ASSIGNMENT|[43]|this.Miles__c|false|0x7700543d
05:02:58.0 (66675010)|STATEMENT_EXECUTE|[44]
05:02:58.0 (66692068)|VARIABLE_ASSIGNMENT|[44]|this.Jobs__c|false|0x7700543d
05:02:58.0 (66696735)|STATEMENT_EXECUTE|[45]
05:02:58.0 (66714430)|VARIABLE_ASSIGNMENT|[45]|this.Hours__c|false|0x7700543d
05:02:58.0 (66719163)|STATEMENT_EXECUTE|[46]
05:02:58.0 (66733593)|VARIABLE_ASSIGNMENT|[46]|this.Production__c|null|0x7700543d
05:02:58.0 (66737980)|STATEMENT_EXECUTE|[47]
05:02:58.0 (66752210)|VARIABLE_ASSIGNMENT|[47]|this.QC__c|null|0x7700543d
05:02:58.0 (66757243)|STATEMENT_EXECUTE|[48]
05:02:58.0 (66771662)|VARIABLE_ASSIGNMENT|[48]|this.QA__c|null|0x7700543d
05:02:58.0 (66776600)|STATEMENT_EXECUTE|[49]
05:02:58.0 (66805620)|HEAP_ALLOCATE|[49]|Bytes:28
05:02:58.0 (66829590)|VARIABLE_ASSIGNMENT|[49]|this.Delivery__c|100|0x7700543d
05:02:58.0 (66835342)|STATEMENT_EXECUTE|[51]
05:02:58.0 (66838071)|HEAP_ALLOCATE|[51]|Bytes:2
05:02:58.0 (66860458)|VARIABLE_ASSIGNMENT|[51]|this.Team__c|"  "|0x7700543d
05:02:58.0 (66973268)|VARIABLE_ASSIGNMENT|[EXTERNAL]|this|{"controller":"StandardController [[Project__c (Client__c:a047F000002zkUjQAI, Company_project_code__c:38, Name:1685, Units__c:false, Nodes__c:false, Footage__c:false, Miles__c:false, Jobs__c:false, Hours__c:false, Delivery__c:100)]]","project":"0x6e76a54c","saveAndNew":2,"selectedUsers":"0x1fef311","usersList":"0x3f613add"}|0x4695e0ea
05:02:58.0 (67013816)|HEAP_ALLOCATE|[52]|Bytes:5
05:02:58.0 (67030962)|HEAP_ALLOCATE|[52]|Bytes:29
05:02:58.0 (67038652)|VARIABLE_SCOPE_BEGIN|[52]|sc|System.SelectOption|true|false
05:02:58.0 (67090667)|VARIABLE_ASSIGNMENT|[52]|sc|"common.apex.runtime.impl.ApexSelectOptionValue@5cecce32"|0x3996b6ef
05:02:58.0 (67097475)|STATEMENT_EXECUTE|[52]
05:02:58.0 (67098517)|STATEMENT_EXECUTE|[53]
05:02:58.0 (67145848)|HEAP_ALLOCATE|[53]|Bytes:11
05:02:58.0 (67154575)|HEAP_ALLOCATE|[53]|Bytes:2
05:02:58.0 (67166616)|HEAP_ALLOCATE|[53]|Bytes:13
05:02:58.0 (67171041)|HEAP_ALLOCATE|[53]|Bytes:15
05:02:58.0 (67203059)|VARIABLE_ASSIGNMENT|[53]|this.Team__c|"  Mani Sasank, "|0x7700543d
05:02:58.0 (67217371)|HEAP_ALLOCATE|[52]|Bytes:5
05:02:58.0 (67227592)|HEAP_ALLOCATE|[52]|Bytes:26
05:02:58.0 (67233825)|VARIABLE_SCOPE_BEGIN|[52]|sc|System.SelectOption|true|false
05:02:58.0 (67285251)|VARIABLE_ASSIGNMENT|[52]|sc|"common.apex.runtime.impl.ApexSelectOptionValue@23b15e9"|0x6f6afe84
05:02:58.0 (67291721)|STATEMENT_EXECUTE|[52]
05:02:58.0 (67292631)|STATEMENT_EXECUTE|[53]
05:02:58.0 (67303507)|HEAP_ALLOCATE|[53]|Bytes:8
05:02:58.0 (67311572)|HEAP_ALLOCATE|[53]|Bytes:10
05:02:58.0 (67315197)|HEAP_ALLOCATE|[53]|Bytes:25
05:02:58.0 (67344367)|VARIABLE_ASSIGNMENT|[53]|this.Team__c|"  Mani Sasank, Santh (5 more) ..."|0x7700543d
05:02:58.0 (67357577)|HEAP_ALLOCATE|[52]|Bytes:5
05:02:58.0 (67367461)|VARIABLE_ASSIGNMENT|[52]|sc|null|
05:02:58.0 (67372374)|STATEMENT_EXECUTE|[55]
05:02:58.0 (67419611)|HEAP_ALLOCATE|[55]|Bytes:23
05:02:58.0 (67451988)|VARIABLE_ASSIGNMENT|[55]|this.Team__c|"  Mani Sasank, Santh (3 more) ..."|0x7700543d
05:02:58.0 (67458096)|STATEMENT_EXECUTE|[57]
05:02:58.0 (67459011)|STATEMENT_EXECUTE|[57]
05:02:58.0 (67459847)|STATEMENT_EXECUTE|[58]
05:02:58.0 (67486045)|HEAP_ALLOCATE|[58]|Bytes:8
05:02:58.0 (67493524)|DML_BEGIN|[58]|Op:Insert|Type:Project__c|Rows:1
05:02:58.0 (67521524)|HEAP_ALLOCATE|[EXTERNAL]|Bytes:8
05:02:58.0 (73786524)|CODE_UNIT_STARTED|[EXTERNAL]|Validation:Project:new
05:02:58.0 (73797391)|VALIDATION_RULE|03d7F0000009D2R|totalpercentage
05:02:58.0 (74047822)|VALIDATION_FORMULA|( IF( ISBLANK(Delivery__c) , 0, Delivery__c)
  +  
IF( ISBLANK(Production__c) , 0, Production__c)
  +
IF( ISBLANK(QC__c) , 0, QC__c)  
 +
IF( ISBLANK(QA__c) , 0, QA__c)
 ) != 100|Delivery__c=100 , QC__c=null , QA__c=null , Production__c=null
05:02:58.0 (74057852)|VALIDATION_PASS
05:02:58.0 (74094479)|CODE_UNIT_FINISHED|Validation:Project:new
05:02:58.0 (95588416)|DML_END|[58]
05:02:58.0 (95610840)|STATEMENT_EXECUTE|[64]
05:02:58.0 (95707871)|HEAP_ALLOCATE|[64]|Bytes:4
05:02:58.0 (95782110)|VARIABLE_SCOPE_BEGIN|[64]|pjaList|List<ProjectJobAssociation__c>|true|false
05:02:58.0 (95794281)|HEAP_ALLOCATE|[EXTERNAL]|Bytes:4
05:02:58.0 (95805479)|VARIABLE_ASSIGNMENT|[64]|pjaList|[]|0xe8600be
05:02:58.0 (95959877)|VARIABLE_ASSIGNMENT|[EXTERNAL]|this|{"controller":"StandardController [[Project__c (Client__c:a047F000002zkUjQAI, Company_project_code__c:38, Name:1685, Units__c:false, Nodes__c:false, Footage__c:false, Miles__c:false, Jobs__c:false, Hours__c:false, Delivery__c:100)]]","project":"0x6e76a54c","saveAndNew":2,"selectedUsers":"0x1fef311","usersList":"0x3f613add"}|0x4695e0ea
05:02:58.0 (96003362)|HEAP_ALLOCATE|[65]|Bytes:5
05:02:58.0 (96021806)|HEAP_ALLOCATE|[65]|Bytes:29
05:02:58.0 (96030570)|VARIABLE_SCOPE_BEGIN|[65]|sc|System.SelectOption|true|false
05:02:58.0 (96083546)|VARIABLE_ASSIGNMENT|[65]|sc|"common.apex.runtime.impl.ApexSelectOptionValue@5cecce32"|0x3996b6ef
05:02:58.0 (96091098)|STATEMENT_EXECUTE|[65]
05:02:58.0 (96092793)|STATEMENT_EXECUTE|[66]
05:02:58.0 (96118923)|HEAP_ALLOCATE|[66]|Bytes:4
05:02:58.0 (96209561)|VARIABLE_SCOPE_BEGIN|[66]|pja|ProjectJobAssociation__c|true|false
05:02:58.0 (96223882)|VARIABLE_ASSIGNMENT|[66]|pja|{}|0x2b70126d
05:02:58.0 (96229067)|STATEMENT_EXECUTE|[67]
05:02:58.0 (96925147)|VARIABLE_ASSIGNMENT|[67]|this.ProjectLink__c|"a057F0000039WGvQAM"|0x2b70126d
05:02:58.0 (96933410)|STATEMENT_EXECUTE|[68]
05:02:58.0 (96970149)|HEAP_ALLOCATE|[68]|Bytes:18
05:02:58.0 (96992607)|HEAP_ALLOCATE|[68]|Bytes:4
05:02:58.0 (97031115)|VARIABLE_ASSIGNMENT|[68]|this.UserLink__c|"0057F000000TpdFQAS"|0x2b70126d
05:02:58.0 (97038382)|STATEMENT_EXECUTE|[69]
05:02:58.0 (97074777)|HEAP_ALLOCATE|[EXTERNAL]|Bytes:4
05:02:58.0 (97091875)|HEAP_ALLOCATE|[65]|Bytes:5
05:02:58.0 (97103071)|HEAP_ALLOCATE|[65]|Bytes:26
05:02:58.0 (97109683)|VARIABLE_SCOPE_BEGIN|[65]|sc|System.SelectOption|true|false
05:02:58.0 (97167001)|VARIABLE_ASSIGNMENT|[65]|sc|"common.apex.runtime.impl.ApexSelectOptionValue@23b15e9"|0x6f6afe84
05:02:58.0 (97174429)|STATEMENT_EXECUTE|[65]
05:02:58.0 (97175701)|STATEMENT_EXECUTE|[66]
05:02:58.0 (97195919)|HEAP_ALLOCATE|[66]|Bytes:4
05:02:58.0 (97208889)|VARIABLE_SCOPE_BEGIN|[66]|pja|ProjectJobAssociation__c|true|false
05:02:58.0 (97219735)|VARIABLE_ASSIGNMENT|[66]|pja|{}|0x1d19a50b
05:02:58.0 (97224340)|STATEMENT_EXECUTE|[67]
05:02:58.0 (97258465)|VARIABLE_ASSIGNMENT|[67]|this.ProjectLink__c|"a057F0000039WGvQAM"|0x1d19a50b
05:02:58.0 (97264676)|STATEMENT_EXECUTE|[68]
05:02:58.0 (97274539)|HEAP_ALLOCATE|[68]|Bytes:18
05:02:58.0 (97282950)|HEAP_ALLOCATE|[68]|Bytes:4
05:02:58.0 (97304708)|VARIABLE_ASSIGNMENT|[68]|this.UserLink__c|"0057F000000TrBBQA0"|0x1d19a50b
05:02:58.0 (97310055)|STATEMENT_EXECUTE|[69]
05:02:58.0 (97316774)|HEAP_ALLOCATE|[EXTERNAL]|Bytes:4
05:02:58.0 (97328309)|HEAP_ALLOCATE|[65]|Bytes:5
05:02:58.0 (97337902)|VARIABLE_ASSIGNMENT|[65]|sc|null|
05:02:58.0 (97342468)|STATEMENT_EXECUTE|[71]
05:02:58.0 (97384161)|DML_BEGIN|[71]|Op:Insert|Type:ProjectJobAssociation__c|Rows:2
05:02:58.0 (97417070)|HEAP_ALLOCATE|[EXTERNAL]|Bytes:12
05:02:58.0 (120055243)|DML_END|[71]
05:02:58.0 (120102584)|HEAP_ALLOCATE|[EXTERNAL]|Bytes:12
05:02:58.0 (120122279)|STATEMENT_EXECUTE|[73]
05:02:58.0 (120124349)|STATEMENT_EXECUTE|[74]
05:02:58.0 (120166333)|HEAP_ALLOCATE|[74]|Bytes:1875
05:02:58.0 (121586003)|HEAP_ALLOCATE|[74]|Bytes:2307
05:02:58.0 (121730034)|VARIABLE_SCOPE_BEGIN|[74]|pageRef|System.PageReference|true|false
05:02:58.0 (121966194)|VARIABLE_ASSIGNMENT|[74]|pageRef|"/apex/PM_Project_New?com.salesforce.visualforce.ViewStateCSRF=VmpFPSxNakF4T0Mwd01TMHlOVlF4TXpvd01qb3pPQzQ0TnpsYSxQVzl2Q0F1LS11RDI5Vlo0cFlWdnZLLE1XWmlZbVk0&com.salesforce.visualforce.ViewStateVersion=201801191939480784&j_id0%3Aj_id2=j_id0%3Aj_id2&j_id0%3Aj_id2%3Aj_id3%3Aj_id34%3Aj_id35=DATAZI&j_id0%3Aj_id2%3Aj_id3%3Aj_id34%3Aj_id35_lkid=&j_id0%3Aj_id2%3Aj_id3%3Aj_id34%3Aj_id35_lkold=null&j_id0%3Aj_id2%3Aj_id3%3Aj_id34%3Aj_id35_lktp=a04&j_id0%3Aj_id2%3Aj_id3%3Aj_id34%3Aj_id35_lspf=0&j_id0%3Aj_id2%3Aj_id3%3Aj_id34%3Aj_id35_lspfsub=0&j_id0%3Aj_id2%3Aj_id3%3Aj_id34%3Aj_id35_mod=1&j_id0%3Aj_id2%3Aj_id3%3Aj_id34%3Aj_id36=&j_id0%3Aj_id2%3Aj_id3%3Aj_id34%3Aj_id37=&j_id0%3Aj_id2%3Aj_id3%3Aj_id34%3Aj_id38=&j_id0%3Aj_id2%3Aj_id3%3Aj_id34%3Aj_id39=&j_id0%3Aj_id2%3Aj_id3%3Aj_id34%3Aj_id40=&j_id0%3Aj_id2%3Aj_id3%3Aj_id34%3Aj_id41=38&j_id0%3Aj_id2%3Aj_id3%3Aj_id34%3Aj_id42=1685&j_id0%3Aj_id2%3Aj_id3%3Aj_id34%3Aj_id43=&j_id0%3Aj_id2%3Aj_id3%3Aj_id34%3Aj_id44=&j_id0%3Aj_id2%3Aj_id3%3Aj_id34%3Aj_id45=&j_id0%3Aj_id2%3Aj_id3%3Aj_id34%3Aj_id45_lkid=000000000000000&j_id0%3Aj_id2%3Aj_id3%3Aj_id34%3Aj_id45_lkold=null&j_id0%3Aj_id2%3Aj_id3%3Aj_id34%3Aj_id45_lktp=StandardUserLookup&j_id0%3Aj_id2%3Aj_id3%3Aj_id34%3Aj_id45_lspf=0&j_id0%3Aj_id2%3Aj_id3%3Aj_id34%3Aj_id45_lspfsub=0&j_id0%3Aj_id2%3Aj_id3%3Aj_id34%3Aj_id45_mod=0&j_id0%3Aj_id2%3Aj_id3%3Aj_id34%3Aj_id46=&j_id0%3Aj_id2%3Aj_id3%3Aj_id34%3Aj_id46_lkid=000000000000000&j_id0%3Aj_id2%3Aj_id3%3Aj_id34%3Aj_id46_lkold=null&j_id0%3Aj_id2%3Aj_id3%3Aj_id34%3Aj_id46_lktp=StandardUserLookup&j_id0%3Aj_id2%3Aj_id3%3Aj_id34%3Aj_id46_lspf=0&j_id0%3Aj_id2%3Aj_id3%3Aj_id34%3Aj_id46_lspfsub=0&j_id0%3Aj_id2%3Aj_id3%3Aj_id34%3Aj_id46_mod=0&j_id0%3Aj_id2%3Aj_id3%3Aj_id34%3Aj_id47=&j_id0%3Aj_id2%3Aj_id3%3Aj_id34%3Aj_id48=&j_id0%3Aj_id2%3Aj_id3%3Aj_id49%3Aj_id50%3Aj_id51%3AleftHidden=0057F000000TrBGQA0%26Ravi%2520teja%260057F000000TrBVQA0%26Yashwanth%260057F000000Tz0iQAC%26Richa%260057F000000Tz0sQAC%26Veeresh&j_id0%3Aj_id2%3Aj_id3%3Aj_id49%3Aj_id50%3Aj_id51%3ArightHidden=0057F000000TpdFQAS%26Mani%2520Sasank%260057F000000TrBBQA0%26Santhosh&j_id0%3Aj_id2%3Aj_id3%3Aj_id4%3Abottom%3Aj_id6=Save+%26+New&j_id0%3Aj_id2%3Aj_id3%3Aj_id92%3Aj_id93=&j_id0%3Aj_id2%3Aj_id3%3Aj_id92%3Aj_id94=&j_id0%3Aj_id2%3Aj_id3%3Aj_id92%3Aj_id95=&j_id0%3Aj_id2%3Aj_id3%3Aj_id92%3Aj_id96=100"|0xbfb2e01
05:02:58.0 (122000421)|STATEMENT_EXECUTE|[75]
05:02:58.0 (122044094)|STATEMENT_EXECUTE|[76]
05:02:58.0 (122054704)|METHOD_EXIT|[85]|01p7F00000EhPEd|Project_PM_Controller.customSave()
05:02:58.0 (122063409)|SYSTEM_MODE_EXIT|false
05:02:58.139 (139700858)|SYSTEM_MODE_ENTER|true
05:02:58.139 (139776268)|HEAP_ALLOCATE|[EXTERNAL]|Bytes:8
05:02:58.139 (139789569)|VARIABLE_SCOPE_BEGIN|[88]|this|ApexPage.PageMessagesComponentController|true|false
05:02:58.139 (139826584)|VARIABLE_ASSIGNMENT|[88]|this|{}|0x3dba799a
05:02:58.139 (139832967)|VARIABLE_SCOPE_BEGIN|[88]|escape|Boolean|false|false
05:02:58.139 (139840324)|VARIABLE_ASSIGNMENT|[88]|escape|null
05:02:58.139 (139942105)|SYSTEM_MODE_ENTER|true
05:02:58.139 (139969254)|HEAP_ALLOCATE|[EXTERNAL]|Bytes:8
05:02:58.139 (139975353)|VARIABLE_SCOPE_BEGIN|[2]|this|ApexPage.PageMessagesComponentController|true|false
05:02:58.139 (139990275)|VARIABLE_ASSIGNMENT|[2]|this|{}|0x3dba799a
05:02:58.0 (146975814)|SYSTEM_MODE_ENTER|true
05:02:58.0 (147011735)|HEAP_ALLOCATE|[EXTERNAL]|Bytes:24
05:02:58.0 (147020939)|VARIABLE_SCOPE_BEGIN|[16]|this|Project_PM_Controller|true|false
05:02:58.0 (147199820)|VARIABLE_ASSIGNMENT|[16]|this|{"controller":"StandardController [[Project__c (Client__c:a047F000002zkUjQAI, Company_project_code__c:38, Name:1685, Units__c:false, Nodes__c:false, Footage__c:false, Miles__c:false, Jobs__c:false, Hours__c:false, Delivery__c:100)]]","project":"0x6e76a54c","saveAndNew":2,"selectedUsers":"0x1fef311","usersList":"0x3f613add"}|0x4695e0ea
05:02:58.0 (147224067)|SYSTEM_MODE_ENTER|false
05:02:58.0 (147233046)|HEAP_ALLOCATE|[17]|Bytes:5
05:02:58.0 (147238721)|STATEMENT_EXECUTE|[16]
05:02:58.0 (147240322)|STATEMENT_EXECUTE|[17]
05:02:58.0 (147259599)|HEAP_ALLOCATE|[17]|Bytes:4
05:02:58.0 (147401182)|SOQL_EXECUTE_BEGIN|[17]|Aggregations:0|SELECT Id, Name FROM User WHERE UserRoleId = '00E7F000000Mdri'
05:02:58.0 (150892197)|SOQL_EXECUTE_END|[17]|Rows:6
05:02:58.0 (150909966)|HEAP_ALLOCATE|[17]|Bytes:28
05:02:58.0 (150930206)|HEAP_ALLOCATE|[17]|Bytes:271
05:02:58.0 (150968974)|HEAP_ALLOCATE|[17]|Bytes:28
05:02:58.0 (150980308)|VARIABLE_SCOPE_BEGIN|[17]|users|List<User>|true|false
05:02:58.0 (150996736)|VARIABLE_ASSIGNMENT|[17]|users|"List of size 6 too large to display"|0x26e754b7
05:02:58.0 (151026112)|HEAP_ALLOCATE|[18]|Bytes:5
05:02:58.0 (151042618)|HEAP_ALLOCATE|[18]|Bytes:12
05:02:58.0 (151051938)|VARIABLE_SCOPE_BEGIN|[18]|usr|User|true|false
05:02:58.0 (151066287)|VARIABLE_ASSIGNMENT|[18]|usr|{"Id":"0057F000000TpdFQAS","Name":"Mani Sasank"}|0x13a3508c
05:02:58.0 (151072381)|STATEMENT_EXECUTE|[18]
05:02:58.0 (151073712)|STATEMENT_EXECUTE|[19]
05:02:58.0 (151093225)|HEAP_ALLOCATE|[19]|Bytes:18
05:02:58.0 (151115961)|HEAP_ALLOCATE|[EXTERNAL]|Bytes:4
05:02:58.0 (151127693)|HEAP_ALLOCATE|[18]|Bytes:5
05:02:58.0 (151136020)|HEAP_ALLOCATE|[18]|Bytes:12
05:02:58.0 (151141401)|VARIABLE_SCOPE_BEGIN|[18]|usr|User|true|false
05:02:58.0 (151152121)|VARIABLE_ASSIGNMENT|[18]|usr|{"Id":"0057F000000TrBBQA0","Name":"Santhosh"}|0x721de982
05:02:58.0 (151157246)|STATEMENT_EXECUTE|[18]
05:02:58.0 (151158179)|STATEMENT_EXECUTE|[19]
05:02:58.0 (151164230)|HEAP_ALLOCATE|[19]|Bytes:18
05:02:58.0 (151173727)|HEAP_ALLOCATE|[EXTERNAL]|Bytes:4
05:02:58.0 (151182676)|HEAP_ALLOCATE|[18]|Bytes:5
05:02:58.0 (151189847)|HEAP_ALLOCATE|[18]|Bytes:12
05:02:58.0 (151194969)|VARIABLE_SCOPE_BEGIN|[18]|usr|User|true|false
05:02:58.0 (151205097)|VARIABLE_ASSIGNMENT|[18]|usr|{"Id":"0057F000000TrBGQA0","Name":"Ravi teja"}|0x104f2481
05:02:58.0 (151209453)|STATEMENT_EXECUTE|[18]
05:02:58.0 (151210343)|STATEMENT_EXECUTE|[19]
05:02:58.0 (151215186)|HEAP_ALLOCATE|[19]|Bytes:18
05:02:58.0 (151223323)|HEAP_ALLOCATE|[EXTERNAL]|Bytes:4
05:02:58.0 (151230689)|HEAP_ALLOCATE|[18]|Bytes:5
05:02:58.0 (151237177)|HEAP_ALLOCATE|[18]|Bytes:12
05:02:58.0 (151241532)|VARIABLE_SCOPE_BEGIN|[18]|usr|User|true|false
05:02:58.0 (151250308)|VARIABLE_ASSIGNMENT|[18]|usr|{"Id":"0057F000000TrBVQA0","Name":"Yashwanth"}|0x7c8f10cc
05:02:58.0 (151254995)|STATEMENT_EXECUTE|[18]
05:02:58.0 (151255827)|STATEMENT_EXECUTE|[19]
05:02:58.0 (151260487)|HEAP_ALLOCATE|[19]|Bytes:18
05:02:58.0 (151268828)|HEAP_ALLOCATE|[EXTERNAL]|Bytes:4
05:02:58.0 (151276329)|HEAP_ALLOCATE|[18]|Bytes:5
05:02:58.0 (151282817)|HEAP_ALLOCATE|[18]|Bytes:12
05:02:58.0 (151287032)|VARIABLE_SCOPE_BEGIN|[18]|usr|User|true|false
05:02:58.0 (151295550)|VARIABLE_ASSIGNMENT|[18]|usr|{"Id":"0057F000000Tz0iQAC","Name":"Richa"}|0x75a118e1
05:02:58.0 (151300316)|STATEMENT_EXECUTE|[18]
05:02:58.0 (151301309)|STATEMENT_EXECUTE|[19]
05:02:58.0 (151305809)|HEAP_ALLOCATE|[19]|Bytes:18
05:02:58.0 (151313281)|HEAP_ALLOCATE|[EXTERNAL]|Bytes:4
05:02:58.0 (151320438)|HEAP_ALLOCATE|[18]|Bytes:5
05:02:58.0 (151326819)|HEAP_ALLOCATE|[18]|Bytes:12
05:02:58.0 (151331170)|VARIABLE_SCOPE_BEGIN|[18]|usr|User|true|false
05:02:58.0 (151340260)|VARIABLE_ASSIGNMENT|[18]|usr|{"Id":"0057F000000Tz0sQAC","Name":"Veeresh"}|0x686dae2e
05:02:58.0 (151344703)|STATEMENT_EXECUTE|[18]
05:02:58.0 (151345543)|STATEMENT_EXECUTE|[19]
05:02:58.0 (151349833)|HEAP_ALLOCATE|[19]|Bytes:18
05:02:58.0 (151357395)|HEAP_ALLOCATE|[EXTERNAL]|Bytes:4
05:02:58.0 (151364381)|HEAP_ALLOCATE|[18]|Bytes:5
05:02:58.0 (151372639)|VARIABLE_ASSIGNMENT|[18]|usr|null|
05:02:58.0 (151377903)|STATEMENT_EXECUTE|[21]
05:02:58.0 (151383404)|SYSTEM_MODE_EXIT|false
05:02:58.0 (151470768)|SYSTEM_MODE_ENTER|true
05:02:58.0 (151528385)|HEAP_ALLOCATE|[EXTERNAL]|Bytes:44
05:02:58.0 (151533577)|HEAP_ALLOCATE|[EXTERNAL]|Bytes:20
05:02:58.0 (151545256)|VARIABLE_ASSIGNMENT|[EXTERNAL]|this.leftOptions|"List of size 10 too large to display"|0x629b875f
05:02:58.0 (151600717)|SYSTEM_MODE_ENTER|true
05:02:58.0 (151644121)|SYSTEM_MODE_ENTER|true
05:02:58.0 (151669695)|HEAP_ALLOCATE|[EXTERNAL]|Bytes:12
05:02:58.0 (151673731)|HEAP_ALLOCATE|[EXTERNAL]|Bytes:20
05:02:58.0 (151756433)|VARIABLE_ASSIGNMENT|[EXTERNAL]|this.rightOptions|"common.apex.runtime.impl.ScalarList@42e811b8"|0x629b875f
05:02:58.0 (151839208)|SYSTEM_MODE_ENTER|true
05:02:58.0 (152009851)|SYSTEM_MODE_ENTER|true
05:02:58.164 (164272029)|SYSTEM_MODE_ENTER|true
05:02:58.164 (164328370)|HEAP_ALLOCATE|[EXTERNAL]|Bytes:8
05:02:58.164 (164337920)|VARIABLE_SCOPE_BEGIN|[88]|this|ApexPage.PageMessagesComponentController|true|false
05:02:58.164 (164364297)|VARIABLE_ASSIGNMENT|[88]|this|{}|0x3dba799a
05:02:58.164 (164370793)|VARIABLE_SCOPE_BEGIN|[88]|escape|Boolean|false|false
05:02:58.164 (164392901)|VARIABLE_ASSIGNMENT|[88]|escape|null
05:02:58.164 (164514581)|SYSTEM_MODE_ENTER|true
05:02:58.164 (164541483)|HEAP_ALLOCATE|[EXTERNAL]|Bytes:8
05:02:58.164 (164548105)|VARIABLE_SCOPE_BEGIN|[2]|this|ApexPage.PageMessagesComponentController|true|false
05:02:58.164 (164563952)|VARIABLE_ASSIGNMENT|[2]|this|{}|0x3dba799a
05:02:58.0 (171424720)|SYSTEM_MODE_ENTER|true
05:02:58.0 (171478321)|HEAP_ALLOCATE|[EXTERNAL]|Bytes:44
05:02:58.0 (171488834)|HEAP_ALLOCATE|[EXTERNAL]|Bytes:20
05:02:58.0 (171502841)|VARIABLE_ASSIGNMENT|[EXTERNAL]|this.leftOptions|"List of size 10 too large to display"|0x629b875f
05:02:58.0 (171568322)|SYSTEM_MODE_ENTER|true
05:02:58.0 (171594416)|HEAP_ALLOCATE|[EXTERNAL]|Bytes:12
05:02:58.0 (171598515)|HEAP_ALLOCATE|[EXTERNAL]|Bytes:20
05:02:58.0 (171714759)|VARIABLE_ASSIGNMENT|[EXTERNAL]|this.rightOptions|"common.apex.runtime.impl.ScalarList@42e811b8"|0x629b875f
05:02:58.0 (172172570)|SYSTEM_MODE_ENTER|true
05:02:58.0 (173078767)|SYSTEM_MODE_ENTER|true
05:02:58.0 (173741385)|SYSTEM_MODE_ENTER|true
05:02:58.0 (173807068)|SYSTEM_MODE_ENTER|true
05:02:58.0 (178341958)|VF_SERIALIZE_VIEWSTATE_BEGIN|0667F000004uJm5
05:02:58.0 (181518342)|VF_SERIALIZE_VIEWSTATE_END
05:02:58.183 (183572724)|CUMULATIVE_LIMIT_USAGE
05:02:58.183 (183572724)|LIMIT_USAGE_FOR_NS|(default)|
  Number of SOQL queries: 2 out of 100
  Number of query rows: 12 out of 50000
  Number of SOSL queries: 0 out of 20
  Number of DML statements: 2 out of 150
  Number of DML rows: 3 out of 10000
  Maximum CPU time: 0 out of 10000
  Maximum heap size: 0 out of 6000000
  Number of callouts: 0 out of 100
  Number of Email Invocations: 0 out of 10
  Number of future calls: 0 out of 50
  Number of queueable jobs added to the queue: 0 out of 50
  Number of Mobile Apex push calls: 0 out of 10

05:02:58.183 (183572724)|CUMULATIVE_LIMIT_USAGE_END

05:02:58.0 (183606997)|CODE_UNIT_FINISHED|VF: /apex/PM_Project_New
05:02:58.0 (184310373)|EXECUTION_FINISHED
