36.0 APEX_CODE,FINEST;APEX_PROFILING,INFO;CALLOUT,INFO;DB,INFO;SYSTEM,DEBUG;VALIDATION,INFO;VISUALFORCE,INFO;WAVE,INFO;WORKFLOW,INFO
07:02:11.0 (344353)|USER_INFO|[EXTERNAL]|0057F000000Tiz6|ksb994@salesforce.com|Pacific Standard Time|GMT-08:00
07:02:11.0 (385938)|EXECUTION_STARTED
07:02:11.0 (391060)|CODE_UNIT_STARTED|[EXTERNAL]|0667F000004uRAy|VF: /apex/PM_Project_EditRedirect
07:02:11.0 (22729522)|SYSTEM_MODE_ENTER|true
07:02:11.0 (23103141)|HEAP_ALLOCATE|[72]|Bytes:3
07:02:11.0 (23163586)|HEAP_ALLOCATE|[77]|Bytes:152
07:02:11.0 (23178196)|HEAP_ALLOCATE|[342]|Bytes:408
07:02:11.0 (23193604)|HEAP_ALLOCATE|[355]|Bytes:408
07:02:11.0 (23207653)|HEAP_ALLOCATE|[467]|Bytes:48
07:02:11.0 (23232783)|HEAP_ALLOCATE|[139]|Bytes:6
07:02:11.0 (23245715)|HEAP_ALLOCATE|[EXTERNAL]|Bytes:7
07:02:11.0 (23289855)|METHOD_ENTRY|[1]|01p7F00000EhrfL|PM_Project_EditRedirect_Controller.PM_Project_EditRedirect_Controller()
07:02:11.0 (23296758)|STATEMENT_EXECUTE|[1]
07:02:11.0 (23301751)|STATEMENT_EXECUTE|[1]
07:02:11.0 (23330254)|HEAP_ALLOCATE|[50]|Bytes:5
07:02:11.0 (23351815)|HEAP_ALLOCATE|[56]|Bytes:5
07:02:11.0 (23359286)|HEAP_ALLOCATE|[64]|Bytes:7
07:02:11.0 (23381139)|SYSTEM_MODE_ENTER|false
07:02:11.0 (23392133)|HEAP_ALLOCATE|[EXTERNAL]|Bytes:5
07:02:11.0 (23400720)|SYSTEM_MODE_EXIT|false
07:02:11.0 (23419124)|METHOD_EXIT|[1]|PM_Project_EditRedirect_Controller
07:02:11.0 (23456387)|HEAP_ALLOCATE|[EXTERNAL]|Bytes:8
07:02:11.0 (23493526)|VARIABLE_SCOPE_BEGIN|[8]|this|PM_Project_EditRedirect_Controller|true|false
07:02:11.0 (23532857)|VARIABLE_ASSIGNMENT|[8]|this|{}|0x2a42e3eb
07:02:11.0 (23541281)|VARIABLE_SCOPE_BEGIN|[8]|stdController|ApexPages.StandardController|true|false
07:02:11.0 (23663278)|VARIABLE_ASSIGNMENT|[8]|stdController|"StandardController [null]"|0x27497c78
07:02:11.0 (23703003)|SYSTEM_MODE_ENTER|false
07:02:11.0 (23712312)|HEAP_ALLOCATE|[9]|Bytes:5
07:02:11.0 (23719023)|STATEMENT_EXECUTE|[1]
07:02:11.0 (23729408)|HEAP_ALLOCATE|[9]|Bytes:5
07:02:11.0 (23734216)|STATEMENT_EXECUTE|[3]
07:02:11.0 (23744579)|HEAP_ALLOCATE|[9]|Bytes:6
07:02:11.0 (23788378)|STATEMENT_EXECUTE|[8]
07:02:11.0 (23790708)|STATEMENT_EXECUTE|[9]
07:02:11.0 (27595117)|HEAP_ALLOCATE|[9]|Bytes:8
07:02:11.0 (27666574)|VARIABLE_ASSIGNMENT|[9]|this.mysObject|{"Id":"a057F0000039WImQAM"}|0x2a42e3eb
07:02:11.0 (27678012)|SYSTEM_MODE_EXIT|false
07:02:11.0 (27864517)|HEAP_ALLOCATE|[EXTERNAL]|Bytes:8
07:02:11.0 (27918217)|VARIABLE_SCOPE_BEGIN|[16]|this|PM_Project_EditRedirect_Controller|true|false
07:02:11.0 (27943625)|VARIABLE_ASSIGNMENT|[16]|this|{"mysObject":"0x64a98880"}|0x2a42e3eb
07:02:11.0 (27977129)|SYSTEM_MODE_ENTER|false
07:02:11.0 (27988019)|HEAP_ALLOCATE|[17]|Bytes:5
07:02:11.0 (27994335)|STATEMENT_EXECUTE|[16]
07:02:11.0 (27995808)|STATEMENT_EXECUTE|[17]
07:02:11.0 (28001152)|HEAP_ALLOCATE|[17]|Bytes:21
07:02:11.0 (28039069)|VARIABLE_SCOPE_BEGIN|[17]|newpage|System.PageReference|true|false
07:02:11.0 (28848822)|VARIABLE_ASSIGNMENT|[17]|newpage|"/apex/PM_Project_Edit"|0x42fa5f0
07:02:11.0 (28861445)|STATEMENT_EXECUTE|[18]
07:02:11.0 (28913491)|HEAP_ALLOCATE|[18]|Bytes:0
07:02:11.0 (28941388)|HEAP_ALLOCATE|[18]|Bytes:3
07:02:11.0 (29019250)|HEAP_ALLOCATE|[EXTERNAL]|Bytes:-4
07:02:11.0 (29038642)|STATEMENT_EXECUTE|[19]
07:02:11.0 (29081173)|STATEMENT_EXECUTE|[20]
07:02:11.0 (29087031)|SYSTEM_MODE_EXIT|false
07:02:11.32 (32129421)|CUMULATIVE_LIMIT_USAGE
07:02:11.32 (32129421)|LIMIT_USAGE_FOR_NS|(default)|
  Number of SOQL queries: 0 out of 100
  Number of query rows: 0 out of 50000
  Number of SOSL queries: 0 out of 20
  Number of DML statements: 0 out of 150
  Number of DML rows: 0 out of 10000
  Maximum CPU time: 0 out of 10000
  Maximum heap size: 0 out of 6000000
  Number of callouts: 0 out of 100
  Number of Email Invocations: 0 out of 10
  Number of future calls: 0 out of 50
  Number of queueable jobs added to the queue: 0 out of 50
  Number of Mobile Apex push calls: 0 out of 10

07:02:11.32 (32129421)|CUMULATIVE_LIMIT_USAGE_END

07:02:11.0 (32165365)|CODE_UNIT_FINISHED|VF: /apex/PM_Project_EditRedirect
07:02:11.0 (32903613)|EXECUTION_FINISHED
