36.0 APEX_CODE,FINEST;APEX_PROFILING,INFO;CALLOUT,INFO;DB,INFO;SYSTEM,DEBUG;VALIDATION,INFO;VISUALFORCE,INFO;WAVE,INFO;WORKFLOW,INFO
02:29:21.0 (421855)|USER_INFO|[EXTERNAL]|0057F000000Tiz6|ksb994@salesforce.com|Pacific Standard Time|GMT-08:00
02:29:21.0 (463359)|EXECUTION_STARTED
02:29:21.0 (471132)|CODE_UNIT_STARTED|[EXTERNAL]|0667F000004uRC1|VF: /apex/PM_Project_Edit
02:29:21.0 (3331906)|SYSTEM_MODE_ENTER|true
02:29:21.0 (3659158)|HEAP_ALLOCATE|[72]|Bytes:3
02:29:21.0 (3709556)|HEAP_ALLOCATE|[77]|Bytes:152
02:29:21.0 (3727609)|HEAP_ALLOCATE|[342]|Bytes:408
02:29:21.0 (3742481)|HEAP_ALLOCATE|[355]|Bytes:408
02:29:21.0 (3754969)|HEAP_ALLOCATE|[467]|Bytes:48
02:29:21.0 (3780250)|HEAP_ALLOCATE|[139]|Bytes:6
02:29:21.0 (3802096)|HEAP_ALLOCATE|[EXTERNAL]|Bytes:144
02:29:21.0 (3807852)|HEAP_ALLOCATE|[EXTERNAL]|Bytes:20
02:29:21.0 (3811059)|HEAP_ALLOCATE|[EXTERNAL]|Bytes:2
02:29:21.0 (3819506)|METHOD_ENTRY|[1]|01p7F00000Ehro9|PM_Project_Edit_Controller.PM_Project_Edit_Controller()
02:29:21.0 (3826119)|STATEMENT_EXECUTE|[1]
02:29:21.0 (3830527)|STATEMENT_EXECUTE|[1]
02:29:21.0 (3859523)|HEAP_ALLOCATE|[50]|Bytes:5
02:29:21.0 (3880454)|HEAP_ALLOCATE|[56]|Bytes:5
02:29:21.0 (3887330)|HEAP_ALLOCATE|[64]|Bytes:7
02:29:21.0 (3908282)|SYSTEM_MODE_ENTER|false
02:29:21.0 (3920120)|HEAP_ALLOCATE|[EXTERNAL]|Bytes:5
02:29:21.0 (3928186)|SYSTEM_MODE_EXIT|false
02:29:21.0 (3935703)|METHOD_EXIT|[1]|PM_Project_Edit_Controller
02:29:21.0 (3951370)|HEAP_ALLOCATE|[EXTERNAL]|Bytes:24
02:29:21.0 (3963972)|VARIABLE_SCOPE_BEGIN|[10]|this|PM_Project_Edit_Controller|true|false
02:29:21.0 (4016825)|VARIABLE_ASSIGNMENT|[10]|this|{}|0x368223f6
02:29:21.0 (4024880)|VARIABLE_SCOPE_BEGIN|[10]|stdController|ApexPages.StandardController|true|false
02:29:21.0 (4179661)|VARIABLE_ASSIGNMENT|[10]|stdController|"StandardController [null]"|0x6baa4b35
02:29:21.0 (4199595)|SYSTEM_MODE_ENTER|false
02:29:21.0 (4205999)|HEAP_ALLOCATE|[7]|Bytes:5
02:29:21.0 (4210666)|STATEMENT_EXECUTE|[1]
02:29:21.0 (4215346)|HEAP_ALLOCATE|[7]|Bytes:5
02:29:21.0 (4218153)|STATEMENT_EXECUTE|[3]
02:29:21.0 (4219915)|STATEMENT_EXECUTE|[4]
02:29:21.0 (4220896)|STATEMENT_EXECUTE|[6]
02:29:21.0 (4221877)|STATEMENT_EXECUTE|[7]
02:29:21.0 (4249282)|HEAP_ALLOCATE|[7]|Bytes:4
02:29:21.0 (4309744)|HEAP_ALLOCATE|[EXTERNAL]|Bytes:4
02:29:21.0 (4322837)|VARIABLE_ASSIGNMENT|[7]|this.usersList|[]|0x368223f6
02:29:21.0 (4327943)|STATEMENT_EXECUTE|[8]
02:29:21.0 (4330810)|HEAP_ALLOCATE|[8]|Bytes:1
02:29:21.0 (4339208)|VARIABLE_ASSIGNMENT|[8]|this.nonSelectedUserId|"("|0x368223f6
02:29:21.0 (4350804)|HEAP_ALLOCATE|[8]|Bytes:6
02:29:21.0 (4380023)|STATEMENT_EXECUTE|[10]
02:29:21.0 (4381993)|STATEMENT_EXECUTE|[11]
02:29:21.0 (4480720)|HEAP_ALLOCATE|[11]|Bytes:4
02:29:21.0 (4524501)|VARIABLE_ASSIGNMENT|[EXTERNAL]|this|{"nonSelectedUserId":"(","usersList":"0x6e35be6e"}|0x368223f6
02:29:21.0 (4538345)|VARIABLE_ASSIGNMENT|[EXTERNAL]|value|{}|0x59d43f5
02:29:21.0 (4547345)|VARIABLE_ASSIGNMENT|[3]|this.mysObject|{}|0x368223f6
02:29:21.0 (4556479)|STATEMENT_EXECUTE|[12]
02:29:21.0 (4586711)|HEAP_ALLOCATE|[12]|Bytes:43
02:29:21.0 (4617703)|HEAP_ALLOCATE|[12]|Bytes:18
02:29:21.0 (4638211)|HEAP_ALLOCATE|[12]|Bytes:3
02:29:21.0 (4666352)|HEAP_ALLOCATE|[12]|Bytes:4
02:29:21.0 (4671962)|VARIABLE_SCOPE_BEGIN|[12]|pid|Id|false|false
02:29:21.0 (4743659)|VARIABLE_ASSIGNMENT|[12]|pid|"a057F000002dVv5QAE"
02:29:21.0 (4750612)|STATEMENT_EXECUTE|[16]
02:29:21.0 (4753503)|HEAP_ALLOCATE|[16]|Bytes:7
02:29:21.0 (4758050)|HEAP_ALLOCATE|[16]|Bytes:10
02:29:21.0 (4770853)|METHOD_ENTRY|[16]|01p7F00000Ehro9|PM_Project_Edit_Controller.getAllFields(String)
02:29:21.0 (4785830)|VARIABLE_SCOPE_BEGIN|[48]|sobjectname|String|false|false
02:29:21.0 (4798544)|VARIABLE_ASSIGNMENT|[48]|sobjectname|"Project__c"
02:29:21.0 (4815980)|HEAP_ALLOCATE|[49]|Bytes:5
02:29:21.0 (4821067)|STATEMENT_EXECUTE|[48]
02:29:21.0 (24564189)|HEAP_ALLOCATE|[49]|Bytes:1468
02:29:21.0 (24607197)|STATEMENT_EXECUTE|[49]
02:29:21.0 (24609432)|STATEMENT_EXECUTE|[52]
02:29:21.0 (28571455)|HEAP_ALLOCATE|[52]|Bytes:1468
02:29:21.0 (28753321)|HEAP_ALLOCATE|[52]|Bytes:4
02:29:21.0 (28800306)|HEAP_ALLOCATE|[52]|Bytes:4
02:29:21.0 (29053137)|HEAP_ALLOCATE|[52]|Bytes:148
02:29:21.0 (29065873)|VARIABLE_SCOPE_BEGIN|[52]|fields|Map<String,Schema.SObjectField>|true|false
02:29:21.0 (29271258)|VARIABLE_ASSIGNMENT|[52]|fields|"{client__c=Client__c, client_project_manager__c=Client_Project_Manager__c, company_project_code__c=Company_project_code__c, cost_centre__c=Cost_Centre__c, createdbyid=CreatedById, createddate=CreatedDate, delivery__c=Delivery__c, end_customer__c=End_Customer__c, footage__c=Footage__c, hours__c=Hours__c, ...}"|0x652bdf33
02:29:21.0 (29283886)|STATEMENT_EXECUTE|[53]
02:29:21.0 (29298593)|HEAP_ALLOCATE|[53]|Bytes:4
02:29:21.0 (29327129)|VARIABLE_SCOPE_BEGIN|[53]|accessiblefields|List<String>|true|false
02:29:21.0 (29354794)|HEAP_ALLOCATE|[EXTERNAL]|Bytes:4
02:29:21.0 (29365697)|VARIABLE_ASSIGNMENT|[53]|accessiblefields|[]|0x4b13fdb1
02:29:21.0 (29410985)|HEAP_ALLOCATE|[EXTERNAL]|Bytes:148
02:29:21.0 (29429048)|HEAP_ALLOCATE|[54]|Bytes:148
02:29:21.0 (29486425)|HEAP_ALLOCATE|[54]|Bytes:5
02:29:21.0 (29508906)|VARIABLE_SCOPE_BEGIN|[54]|field|Schema.SObjectField|true|false
02:29:21.0 (29575354)|VARIABLE_ASSIGNMENT|[54]|field|"common.apex.runtime.impl.ApexFieldToken@20b4d981"|0x20b4d981
02:29:21.0 (29583518)|STATEMENT_EXECUTE|[54]
02:29:21.0 (30003870)|HEAP_ALLOCATE|[55]|Bytes:8
02:29:21.0 (30027366)|STATEMENT_EXECUTE|[56]
02:29:21.0 (30053165)|HEAP_ALLOCATE|[56]|Bytes:8
02:29:21.0 (30065938)|HEAP_ALLOCATE|[56]|Bytes:2
02:29:21.0 (30077947)|HEAP_ALLOCATE|[EXTERNAL]|Bytes:4
02:29:21.0 (30090811)|HEAP_ALLOCATE|[54]|Bytes:5
02:29:21.0 (30103982)|VARIABLE_SCOPE_BEGIN|[54]|field|Schema.SObjectField|true|false
02:29:21.0 (30170877)|VARIABLE_ASSIGNMENT|[54]|field|"common.apex.runtime.impl.ApexFieldToken@1bdd58e3"|0x1bdd58e3
02:29:21.0 (30179280)|STATEMENT_EXECUTE|[54]
02:29:21.0 (30302072)|HEAP_ALLOCATE|[55]|Bytes:8
02:29:21.0 (30315451)|STATEMENT_EXECUTE|[56]
02:29:21.0 (30330816)|HEAP_ALLOCATE|[56]|Bytes:8
02:29:21.0 (30338243)|HEAP_ALLOCATE|[56]|Bytes:7
02:29:21.0 (30346294)|HEAP_ALLOCATE|[EXTERNAL]|Bytes:4
02:29:21.0 (30357241)|HEAP_ALLOCATE|[54]|Bytes:5
02:29:21.0 (30369162)|VARIABLE_SCOPE_BEGIN|[54]|field|Schema.SObjectField|true|false
02:29:21.0 (30435851)|VARIABLE_ASSIGNMENT|[54]|field|"common.apex.runtime.impl.ApexFieldToken@4ff7d05c"|0x4ff7d05c
02:29:21.0 (30446598)|STATEMENT_EXECUTE|[54]
02:29:21.0 (30561749)|HEAP_ALLOCATE|[55]|Bytes:8
02:29:21.0 (30578711)|STATEMENT_EXECUTE|[56]
02:29:21.0 (30597035)|HEAP_ALLOCATE|[56]|Bytes:8
02:29:21.0 (30608877)|HEAP_ALLOCATE|[56]|Bytes:9
02:29:21.0 (30619961)|HEAP_ALLOCATE|[EXTERNAL]|Bytes:4
02:29:21.0 (30633970)|HEAP_ALLOCATE|[54]|Bytes:5
02:29:21.0 (30647458)|VARIABLE_SCOPE_BEGIN|[54]|field|Schema.SObjectField|true|false
02:29:21.0 (30712735)|VARIABLE_ASSIGNMENT|[54]|field|"common.apex.runtime.impl.ApexFieldToken@7d2bd5d5"|0x7d2bd5d5
02:29:21.0 (30724257)|STATEMENT_EXECUTE|[54]
02:29:21.0 (30815253)|HEAP_ALLOCATE|[55]|Bytes:8
02:29:21.0 (30827584)|STATEMENT_EXECUTE|[56]
02:29:21.0 (30840474)|HEAP_ALLOCATE|[56]|Bytes:8
02:29:21.0 (30847719)|HEAP_ALLOCATE|[56]|Bytes:4
02:29:21.0 (30855417)|HEAP_ALLOCATE|[EXTERNAL]|Bytes:4
02:29:21.0 (30865541)|HEAP_ALLOCATE|[54]|Bytes:5
02:29:21.0 (30877172)|VARIABLE_SCOPE_BEGIN|[54]|field|Schema.SObjectField|true|false
02:29:21.0 (30940115)|VARIABLE_ASSIGNMENT|[54]|field|"common.apex.runtime.impl.ApexFieldToken@7b557320"|0x7b557320
02:29:21.0 (30947179)|STATEMENT_EXECUTE|[54]
02:29:21.0 (31044487)|HEAP_ALLOCATE|[55]|Bytes:8
02:29:21.0 (31057684)|STATEMENT_EXECUTE|[56]
02:29:21.0 (31071278)|HEAP_ALLOCATE|[56]|Bytes:8
02:29:21.0 (31078209)|HEAP_ALLOCATE|[56]|Bytes:11
02:29:21.0 (31085474)|HEAP_ALLOCATE|[EXTERNAL]|Bytes:4
02:29:21.0 (31095420)|HEAP_ALLOCATE|[54]|Bytes:5
02:29:21.0 (31107007)|VARIABLE_SCOPE_BEGIN|[54]|field|Schema.SObjectField|true|false
02:29:21.0 (31169539)|VARIABLE_ASSIGNMENT|[54]|field|"common.apex.runtime.impl.ApexFieldToken@abe26e9"|0xabe26e9
02:29:21.0 (31177388)|STATEMENT_EXECUTE|[54]
02:29:21.0 (31272827)|HEAP_ALLOCATE|[55]|Bytes:8
02:29:21.0 (31285111)|STATEMENT_EXECUTE|[56]
02:29:21.0 (31298126)|HEAP_ALLOCATE|[56]|Bytes:8
02:29:21.0 (31305667)|HEAP_ALLOCATE|[56]|Bytes:11
02:29:21.0 (31312459)|HEAP_ALLOCATE|[EXTERNAL]|Bytes:4
02:29:21.0 (31322887)|HEAP_ALLOCATE|[54]|Bytes:5
02:29:21.0 (31333230)|VARIABLE_SCOPE_BEGIN|[54]|field|Schema.SObjectField|true|false
02:29:21.0 (31395939)|VARIABLE_ASSIGNMENT|[54]|field|"common.apex.runtime.impl.ApexFieldToken@7bba72d2"|0x7bba72d2
02:29:21.0 (31402878)|STATEMENT_EXECUTE|[54]
02:29:21.0 (31491292)|HEAP_ALLOCATE|[55]|Bytes:8
02:29:21.0 (31502878)|STATEMENT_EXECUTE|[56]
02:29:21.0 (31515617)|HEAP_ALLOCATE|[56]|Bytes:8
02:29:21.0 (31522926)|HEAP_ALLOCATE|[56]|Bytes:16
02:29:21.0 (31529972)|HEAP_ALLOCATE|[EXTERNAL]|Bytes:4
02:29:21.0 (31541210)|HEAP_ALLOCATE|[54]|Bytes:5
02:29:21.0 (31551626)|VARIABLE_SCOPE_BEGIN|[54]|field|Schema.SObjectField|true|false
02:29:21.0 (31612429)|VARIABLE_ASSIGNMENT|[54]|field|"common.apex.runtime.impl.ApexFieldToken@581c950d"|0x581c950d
02:29:21.0 (31619823)|STATEMENT_EXECUTE|[54]
02:29:21.0 (31711797)|HEAP_ALLOCATE|[55]|Bytes:8
02:29:21.0 (31728128)|STATEMENT_EXECUTE|[56]
02:29:21.0 (31741637)|HEAP_ALLOCATE|[56]|Bytes:8
02:29:21.0 (31749449)|HEAP_ALLOCATE|[56]|Bytes:16
02:29:21.0 (31756681)|HEAP_ALLOCATE|[EXTERNAL]|Bytes:4
02:29:21.0 (31766933)|HEAP_ALLOCATE|[54]|Bytes:5
02:29:21.0 (31777073)|VARIABLE_SCOPE_BEGIN|[54]|field|Schema.SObjectField|true|false
02:29:21.0 (31841551)|VARIABLE_ASSIGNMENT|[54]|field|"common.apex.runtime.impl.ApexFieldToken@800315d"|0x800315d
02:29:21.0 (31848828)|STATEMENT_EXECUTE|[54]
02:29:21.0 (31920848)|HEAP_ALLOCATE|[55]|Bytes:8
02:29:21.0 (31932499)|STATEMENT_EXECUTE|[56]
02:29:21.0 (31948874)|HEAP_ALLOCATE|[56]|Bytes:8
02:29:21.0 (31956825)|HEAP_ALLOCATE|[56]|Bytes:14
02:29:21.0 (31964033)|HEAP_ALLOCATE|[EXTERNAL]|Bytes:4
02:29:21.0 (31974038)|HEAP_ALLOCATE|[54]|Bytes:5
02:29:21.0 (31984378)|VARIABLE_SCOPE_BEGIN|[54]|field|Schema.SObjectField|true|false
02:29:21.0 (32045690)|VARIABLE_ASSIGNMENT|[54]|field|"common.apex.runtime.impl.ApexFieldToken@73f2d7da"|0x73f2d7da
02:29:21.0 (32053223)|STATEMENT_EXECUTE|[54]
02:29:21.0 (32123113)|HEAP_ALLOCATE|[55]|Bytes:8
02:29:21.0 (32135060)|STATEMENT_EXECUTE|[56]
02:29:21.0 (32147647)|HEAP_ALLOCATE|[56]|Bytes:8
02:29:21.0 (32154994)|HEAP_ALLOCATE|[56]|Bytes:16
02:29:21.0 (32162289)|HEAP_ALLOCATE|[EXTERNAL]|Bytes:4
02:29:21.0 (32171333)|HEAP_ALLOCATE|[54]|Bytes:5
02:29:21.0 (32181713)|VARIABLE_SCOPE_BEGIN|[54]|field|Schema.SObjectField|true|false
02:29:21.0 (32242696)|VARIABLE_ASSIGNMENT|[54]|field|"common.apex.runtime.impl.ApexFieldToken@5bf61794"|0x5bf61794
02:29:21.0 (32249688)|STATEMENT_EXECUTE|[54]
02:29:21.0 (32316787)|HEAP_ALLOCATE|[55]|Bytes:8
02:29:21.0 (32328329)|STATEMENT_EXECUTE|[56]
02:29:21.0 (32340525)|HEAP_ALLOCATE|[56]|Bytes:8
02:29:21.0 (32348132)|HEAP_ALLOCATE|[56]|Bytes:14
02:29:21.0 (32354434)|HEAP_ALLOCATE|[EXTERNAL]|Bytes:4
02:29:21.0 (32363999)|HEAP_ALLOCATE|[54]|Bytes:5
02:29:21.0 (32373527)|VARIABLE_SCOPE_BEGIN|[54]|field|Schema.SObjectField|true|false
02:29:21.0 (32433902)|VARIABLE_ASSIGNMENT|[54]|field|"common.apex.runtime.impl.ApexFieldToken@677e551a"|0x677e551a
02:29:21.0 (32440779)|STATEMENT_EXECUTE|[54]
02:29:21.0 (32507237)|HEAP_ALLOCATE|[55]|Bytes:8
02:29:21.0 (32518273)|STATEMENT_EXECUTE|[56]
02:29:21.0 (32531200)|HEAP_ALLOCATE|[56]|Bytes:8
02:29:21.0 (32538198)|HEAP_ALLOCATE|[56]|Bytes:18
02:29:21.0 (32544666)|HEAP_ALLOCATE|[EXTERNAL]|Bytes:4
02:29:21.0 (32554170)|HEAP_ALLOCATE|[54]|Bytes:5
02:29:21.0 (32563854)|VARIABLE_SCOPE_BEGIN|[54]|field|Schema.SObjectField|true|false
02:29:21.0 (32623581)|VARIABLE_ASSIGNMENT|[54]|field|"common.apex.runtime.impl.ApexFieldToken@6efd0a71"|0x6efd0a71
02:29:21.0 (32630779)|STATEMENT_EXECUTE|[54]
02:29:21.0 (32814665)|HEAP_ALLOCATE|[55]|Bytes:8
02:29:21.0 (32828497)|STATEMENT_EXECUTE|[56]
02:29:21.0 (32842406)|HEAP_ALLOCATE|[56]|Bytes:8
02:29:21.0 (32850052)|HEAP_ALLOCATE|[56]|Bytes:9
02:29:21.0 (32858448)|HEAP_ALLOCATE|[EXTERNAL]|Bytes:4
02:29:21.0 (32869068)|HEAP_ALLOCATE|[54]|Bytes:5
02:29:21.0 (32880115)|VARIABLE_SCOPE_BEGIN|[54]|field|Schema.SObjectField|true|false
02:29:21.0 (32943352)|VARIABLE_ASSIGNMENT|[54]|field|"common.apex.runtime.impl.ApexFieldToken@b544c73"|0xb544c73
02:29:21.0 (32950839)|STATEMENT_EXECUTE|[54]
02:29:21.0 (33025077)|HEAP_ALLOCATE|[55]|Bytes:8
02:29:21.0 (33037043)|STATEMENT_EXECUTE|[56]
02:29:21.0 (33049278)|HEAP_ALLOCATE|[56]|Bytes:8
02:29:21.0 (33056344)|HEAP_ALLOCATE|[56]|Bytes:15
02:29:21.0 (33063406)|HEAP_ALLOCATE|[EXTERNAL]|Bytes:4
02:29:21.0 (33073073)|HEAP_ALLOCATE|[54]|Bytes:5
02:29:21.0 (33083638)|VARIABLE_SCOPE_BEGIN|[54]|field|Schema.SObjectField|true|false
02:29:21.0 (33145730)|VARIABLE_ASSIGNMENT|[54]|field|"common.apex.runtime.impl.ApexFieldToken@60f5a03a"|0x60f5a03a
02:29:21.0 (33153352)|STATEMENT_EXECUTE|[54]
02:29:21.0 (33224646)|HEAP_ALLOCATE|[55]|Bytes:8
02:29:21.0 (33236537)|STATEMENT_EXECUTE|[56]
02:29:21.0 (33248962)|HEAP_ALLOCATE|[56]|Bytes:8
02:29:21.0 (33255964)|HEAP_ALLOCATE|[56]|Bytes:19
02:29:21.0 (33263238)|HEAP_ALLOCATE|[EXTERNAL]|Bytes:4
02:29:21.0 (33272589)|HEAP_ALLOCATE|[54]|Bytes:5
02:29:21.0 (33283065)|VARIABLE_SCOPE_BEGIN|[54]|field|Schema.SObjectField|true|false
02:29:21.0 (33343277)|VARIABLE_ASSIGNMENT|[54]|field|"common.apex.runtime.impl.ApexFieldToken@75b6ffbb"|0x75b6ffbb
02:29:21.0 (33350558)|STATEMENT_EXECUTE|[54]
02:29:21.0 (33416991)|HEAP_ALLOCATE|[55]|Bytes:8
02:29:21.0 (33428709)|STATEMENT_EXECUTE|[56]
02:29:21.0 (33440965)|HEAP_ALLOCATE|[56]|Bytes:8
02:29:21.0 (33447823)|HEAP_ALLOCATE|[56]|Bytes:14
02:29:21.0 (33454902)|HEAP_ALLOCATE|[EXTERNAL]|Bytes:4
02:29:21.0 (33464844)|HEAP_ALLOCATE|[54]|Bytes:5
02:29:21.0 (33474728)|VARIABLE_SCOPE_BEGIN|[54]|field|Schema.SObjectField|true|false
02:29:21.0 (33552356)|VARIABLE_ASSIGNMENT|[54]|field|"common.apex.runtime.impl.ApexFieldToken@739ecdfe"|0x739ecdfe
02:29:21.0 (33560999)|STATEMENT_EXECUTE|[54]
02:29:21.0 (33637558)|HEAP_ALLOCATE|[55]|Bytes:8
02:29:21.0 (33649872)|STATEMENT_EXECUTE|[56]
02:29:21.0 (33662988)|HEAP_ALLOCATE|[56]|Bytes:8
02:29:21.0 (33670406)|HEAP_ALLOCATE|[56]|Bytes:25
02:29:21.0 (33677947)|HEAP_ALLOCATE|[EXTERNAL]|Bytes:4
02:29:21.0 (33688781)|HEAP_ALLOCATE|[54]|Bytes:5
02:29:21.0 (33699308)|VARIABLE_SCOPE_BEGIN|[54]|field|Schema.SObjectField|true|false
02:29:21.0 (33775740)|VARIABLE_ASSIGNMENT|[54]|field|"common.apex.runtime.impl.ApexFieldToken@5a80202a"|0x5a80202a
02:29:21.0 (33782926)|STATEMENT_EXECUTE|[54]
02:29:21.0 (33853812)|HEAP_ALLOCATE|[55]|Bytes:8
02:29:21.0 (33865451)|STATEMENT_EXECUTE|[56]
02:29:21.0 (33881157)|HEAP_ALLOCATE|[56]|Bytes:8
02:29:21.0 (33888807)|HEAP_ALLOCATE|[56]|Bytes:15
02:29:21.0 (33896566)|HEAP_ALLOCATE|[EXTERNAL]|Bytes:4
02:29:21.0 (33906564)|HEAP_ALLOCATE|[54]|Bytes:5
02:29:21.0 (33916655)|VARIABLE_SCOPE_BEGIN|[54]|field|Schema.SObjectField|true|false
02:29:21.0 (33978654)|VARIABLE_ASSIGNMENT|[54]|field|"common.apex.runtime.impl.ApexFieldToken@17b9af30"|0x17b9af30
02:29:21.0 (33986638)|STATEMENT_EXECUTE|[54]
02:29:21.0 (34053220)|HEAP_ALLOCATE|[55]|Bytes:8
02:29:21.0 (34065299)|STATEMENT_EXECUTE|[56]
02:29:21.0 (34077795)|HEAP_ALLOCATE|[56]|Bytes:8
02:29:21.0 (34084750)|HEAP_ALLOCATE|[56]|Bytes:23
02:29:21.0 (34091706)|HEAP_ALLOCATE|[EXTERNAL]|Bytes:4
02:29:21.0 (34101432)|HEAP_ALLOCATE|[54]|Bytes:5
02:29:21.0 (34111286)|VARIABLE_SCOPE_BEGIN|[54]|field|Schema.SObjectField|true|false
02:29:21.0 (34173369)|VARIABLE_ASSIGNMENT|[54]|field|"common.apex.runtime.impl.ApexFieldToken@55b0d15b"|0x55b0d15b
02:29:21.0 (34180599)|STATEMENT_EXECUTE|[54]
02:29:21.0 (34247485)|HEAP_ALLOCATE|[55]|Bytes:8
02:29:21.0 (34259791)|STATEMENT_EXECUTE|[56]
02:29:21.0 (34272387)|HEAP_ALLOCATE|[56]|Bytes:8
02:29:21.0 (34280186)|HEAP_ALLOCATE|[56]|Bytes:16
02:29:21.0 (34287111)|HEAP_ALLOCATE|[EXTERNAL]|Bytes:4
02:29:21.0 (34296765)|HEAP_ALLOCATE|[54]|Bytes:5
02:29:21.0 (34306426)|VARIABLE_SCOPE_BEGIN|[54]|field|Schema.SObjectField|true|false
02:29:21.0 (34367171)|VARIABLE_ASSIGNMENT|[54]|field|"common.apex.runtime.impl.ApexFieldToken@50c4072e"|0x50c4072e
02:29:21.0 (34373923)|STATEMENT_EXECUTE|[54]
02:29:21.0 (34437236)|HEAP_ALLOCATE|[55]|Bytes:8
02:29:21.0 (34448359)|STATEMENT_EXECUTE|[56]
02:29:21.0 (34460771)|HEAP_ALLOCATE|[56]|Bytes:8
02:29:21.0 (34467526)|HEAP_ALLOCATE|[56]|Bytes:14
02:29:21.0 (34474368)|HEAP_ALLOCATE|[EXTERNAL]|Bytes:4
02:29:21.0 (34484401)|HEAP_ALLOCATE|[54]|Bytes:5
02:29:21.0 (34494679)|VARIABLE_SCOPE_BEGIN|[54]|field|Schema.SObjectField|true|false
02:29:21.0 (34556031)|VARIABLE_ASSIGNMENT|[54]|field|"common.apex.runtime.impl.ApexFieldToken@b1efc6c"|0xb1efc6c
02:29:21.0 (34562714)|STATEMENT_EXECUTE|[54]
02:29:21.0 (34628000)|HEAP_ALLOCATE|[55]|Bytes:8
02:29:21.0 (34639279)|STATEMENT_EXECUTE|[56]
02:29:21.0 (34651379)|HEAP_ALLOCATE|[56]|Bytes:8
02:29:21.0 (34658313)|HEAP_ALLOCATE|[56]|Bytes:13
02:29:21.0 (34664931)|HEAP_ALLOCATE|[EXTERNAL]|Bytes:4
02:29:21.0 (34673835)|HEAP_ALLOCATE|[54]|Bytes:5
02:29:21.0 (34684404)|VARIABLE_SCOPE_BEGIN|[54]|field|Schema.SObjectField|true|false
02:29:21.0 (34748577)|VARIABLE_ASSIGNMENT|[54]|field|"common.apex.runtime.impl.ApexFieldToken@51841210"|0x51841210
02:29:21.0 (34755453)|STATEMENT_EXECUTE|[54]
02:29:21.0 (34824181)|HEAP_ALLOCATE|[55]|Bytes:8
02:29:21.0 (34835518)|STATEMENT_EXECUTE|[56]
02:29:21.0 (34847960)|HEAP_ALLOCATE|[56]|Bytes:8
02:29:21.0 (34854662)|HEAP_ALLOCATE|[56]|Bytes:5
02:29:21.0 (34861550)|HEAP_ALLOCATE|[EXTERNAL]|Bytes:4
02:29:21.0 (34871386)|HEAP_ALLOCATE|[54]|Bytes:5
02:29:21.0 (34881311)|VARIABLE_SCOPE_BEGIN|[54]|field|Schema.SObjectField|true|false
02:29:21.0 (34941690)|VARIABLE_ASSIGNMENT|[54]|field|"common.apex.runtime.impl.ApexFieldToken@2ed2b72"|0x2ed2b72
02:29:21.0 (34949356)|STATEMENT_EXECUTE|[54]
02:29:21.0 (35012439)|HEAP_ALLOCATE|[55]|Bytes:8
02:29:21.0 (35024821)|STATEMENT_EXECUTE|[56]
02:29:21.0 (35037150)|HEAP_ALLOCATE|[56]|Bytes:8
02:29:21.0 (35044251)|HEAP_ALLOCATE|[56]|Bytes:11
02:29:21.0 (35051747)|HEAP_ALLOCATE|[EXTERNAL]|Bytes:4
02:29:21.0 (35062047)|HEAP_ALLOCATE|[54]|Bytes:5
02:29:21.0 (35072524)|VARIABLE_SCOPE_BEGIN|[54]|field|Schema.SObjectField|true|false
02:29:21.0 (35132586)|VARIABLE_ASSIGNMENT|[54]|field|"common.apex.runtime.impl.ApexFieldToken@7260a176"|0x7260a176
02:29:21.0 (35139515)|STATEMENT_EXECUTE|[54]
02:29:21.0 (35202818)|HEAP_ALLOCATE|[55]|Bytes:8
02:29:21.0 (35213637)|STATEMENT_EXECUTE|[56]
02:29:21.0 (35226010)|HEAP_ALLOCATE|[56]|Bytes:8
02:29:21.0 (35232858)|HEAP_ALLOCATE|[56]|Bytes:5
02:29:21.0 (35239543)|HEAP_ALLOCATE|[EXTERNAL]|Bytes:4
02:29:21.0 (35249561)|HEAP_ALLOCATE|[54]|Bytes:5
02:29:21.0 (35259443)|VARIABLE_SCOPE_BEGIN|[54]|field|Schema.SObjectField|true|false
02:29:21.0 (35319726)|VARIABLE_ASSIGNMENT|[54]|field|"common.apex.runtime.impl.ApexFieldToken@e61ceca"|0xe61ceca
02:29:21.0 (35326897)|STATEMENT_EXECUTE|[54]
02:29:21.0 (35439668)|HEAP_ALLOCATE|[55]|Bytes:8
02:29:21.0 (35451478)|STATEMENT_EXECUTE|[56]
02:29:21.0 (35464914)|HEAP_ALLOCATE|[56]|Bytes:8
02:29:21.0 (35471651)|HEAP_ALLOCATE|[56]|Bytes:25
02:29:21.0 (35478823)|HEAP_ALLOCATE|[EXTERNAL]|Bytes:4
02:29:21.0 (35488825)|HEAP_ALLOCATE|[54]|Bytes:5
02:29:21.0 (35499536)|VARIABLE_SCOPE_BEGIN|[54]|field|Schema.SObjectField|true|false
02:29:21.0 (35561604)|VARIABLE_ASSIGNMENT|[54]|field|"common.apex.runtime.impl.ApexFieldToken@7f045984"|0x7f045984
02:29:21.0 (35569056)|STATEMENT_EXECUTE|[54]
02:29:21.0 (35664957)|HEAP_ALLOCATE|[55]|Bytes:8
02:29:21.0 (35676695)|STATEMENT_EXECUTE|[56]
02:29:21.0 (35693602)|HEAP_ALLOCATE|[56]|Bytes:8
02:29:21.0 (35701038)|HEAP_ALLOCATE|[56]|Bytes:12
02:29:21.0 (35708465)|HEAP_ALLOCATE|[EXTERNAL]|Bytes:4
02:29:21.0 (35718046)|HEAP_ALLOCATE|[54]|Bytes:5
02:29:21.0 (35732966)|VARIABLE_SCOPE_BEGIN|[54]|field|Schema.SObjectField|true|false
02:29:21.0 (35795744)|VARIABLE_ASSIGNMENT|[54]|field|"common.apex.runtime.impl.ApexFieldToken@14d94bad"|0x14d94bad
02:29:21.0 (35803897)|STATEMENT_EXECUTE|[54]
02:29:21.0 (35875640)|HEAP_ALLOCATE|[55]|Bytes:8
02:29:21.0 (35886916)|STATEMENT_EXECUTE|[56]
02:29:21.0 (35899882)|HEAP_ALLOCATE|[56]|Bytes:8
02:29:21.0 (35907663)|HEAP_ALLOCATE|[56]|Bytes:21
02:29:21.0 (35914750)|HEAP_ALLOCATE|[EXTERNAL]|Bytes:4
02:29:21.0 (35924375)|HEAP_ALLOCATE|[54]|Bytes:5
02:29:21.0 (35934253)|VARIABLE_SCOPE_BEGIN|[54]|field|Schema.SObjectField|true|false
02:29:21.0 (35997779)|VARIABLE_ASSIGNMENT|[54]|field|"common.apex.runtime.impl.ApexFieldToken@63c52351"|0x63c52351
02:29:21.0 (36004589)|STATEMENT_EXECUTE|[54]
02:29:21.0 (36070464)|HEAP_ALLOCATE|[55]|Bytes:8
02:29:21.0 (36081841)|STATEMENT_EXECUTE|[56]
02:29:21.0 (36094720)|HEAP_ALLOCATE|[56]|Bytes:8
02:29:21.0 (36102063)|HEAP_ALLOCATE|[56]|Bytes:19
02:29:21.0 (36108575)|HEAP_ALLOCATE|[EXTERNAL]|Bytes:4
02:29:21.0 (36118198)|HEAP_ALLOCATE|[54]|Bytes:5
02:29:21.0 (36128411)|VARIABLE_SCOPE_BEGIN|[54]|field|Schema.SObjectField|true|false
02:29:21.0 (36188704)|VARIABLE_ASSIGNMENT|[54]|field|"common.apex.runtime.impl.ApexFieldToken@6352b67d"|0x6352b67d
02:29:21.0 (36195269)|STATEMENT_EXECUTE|[54]
02:29:21.0 (36260230)|HEAP_ALLOCATE|[55]|Bytes:8
02:29:21.0 (36272024)|STATEMENT_EXECUTE|[56]
02:29:21.0 (36284473)|HEAP_ALLOCATE|[56]|Bytes:8
02:29:21.0 (36292062)|HEAP_ALLOCATE|[56]|Bytes:8
02:29:21.0 (36298846)|HEAP_ALLOCATE|[EXTERNAL]|Bytes:4
02:29:21.0 (36308235)|HEAP_ALLOCATE|[54]|Bytes:5
02:29:21.0 (36318426)|VARIABLE_SCOPE_BEGIN|[54]|field|Schema.SObjectField|true|false
02:29:21.0 (36379157)|VARIABLE_ASSIGNMENT|[54]|field|"common.apex.runtime.impl.ApexFieldToken@3e470bea"|0x3e470bea
02:29:21.0 (36386516)|STATEMENT_EXECUTE|[54]
02:29:21.0 (36450169)|HEAP_ALLOCATE|[55]|Bytes:8
02:29:21.0 (36461560)|STATEMENT_EXECUTE|[56]
02:29:21.0 (36473871)|HEAP_ALLOCATE|[56]|Bytes:8
02:29:21.0 (36481441)|HEAP_ALLOCATE|[56]|Bytes:8
02:29:21.0 (36488189)|HEAP_ALLOCATE|[EXTERNAL]|Bytes:4
02:29:21.0 (36497334)|HEAP_ALLOCATE|[54]|Bytes:5
02:29:21.0 (36507568)|VARIABLE_SCOPE_BEGIN|[54]|field|Schema.SObjectField|true|false
02:29:21.0 (36566092)|VARIABLE_ASSIGNMENT|[54]|field|"common.apex.runtime.impl.ApexFieldToken@609dbbac"|0x609dbbac
02:29:21.0 (36573433)|STATEMENT_EXECUTE|[54]
02:29:21.0 (36635972)|HEAP_ALLOCATE|[55]|Bytes:8
02:29:21.0 (36647267)|STATEMENT_EXECUTE|[56]
02:29:21.0 (36659470)|HEAP_ALLOCATE|[56]|Bytes:8
02:29:21.0 (36666382)|HEAP_ALLOCATE|[56]|Bytes:10
02:29:21.0 (36672958)|HEAP_ALLOCATE|[EXTERNAL]|Bytes:4
02:29:21.0 (36682323)|HEAP_ALLOCATE|[54]|Bytes:5
02:29:21.0 (36692760)|VARIABLE_SCOPE_BEGIN|[54]|field|Schema.SObjectField|true|false
02:29:21.0 (36757386)|VARIABLE_ASSIGNMENT|[54]|field|"common.apex.runtime.impl.ApexFieldToken@2a88d345"|0x2a88d345
02:29:21.0 (36764278)|STATEMENT_EXECUTE|[54]
02:29:21.0 (36831558)|HEAP_ALLOCATE|[55]|Bytes:8
02:29:21.0 (36843038)|STATEMENT_EXECUTE|[56]
02:29:21.0 (36855137)|HEAP_ALLOCATE|[56]|Bytes:8
02:29:21.0 (36861829)|HEAP_ALLOCATE|[56]|Bytes:8
02:29:21.0 (36868534)|HEAP_ALLOCATE|[EXTERNAL]|Bytes:4
02:29:21.0 (36877907)|HEAP_ALLOCATE|[54]|Bytes:5
02:29:21.0 (36888144)|VARIABLE_SCOPE_BEGIN|[54]|field|Schema.SObjectField|true|false
02:29:21.0 (36948366)|VARIABLE_ASSIGNMENT|[54]|field|"common.apex.runtime.impl.ApexFieldToken@5c9f6937"|0x5c9f6937
02:29:21.0 (36956125)|STATEMENT_EXECUTE|[54]
02:29:21.0 (37019428)|HEAP_ALLOCATE|[55]|Bytes:8
02:29:21.0 (37031440)|STATEMENT_EXECUTE|[56]
02:29:21.0 (37042954)|HEAP_ALLOCATE|[56]|Bytes:8
02:29:21.0 (37050481)|HEAP_ALLOCATE|[56]|Bytes:7
02:29:21.0 (37057316)|HEAP_ALLOCATE|[EXTERNAL]|Bytes:4
02:29:21.0 (37066490)|HEAP_ALLOCATE|[54]|Bytes:5
02:29:21.0 (37076565)|VARIABLE_SCOPE_BEGIN|[54]|field|Schema.SObjectField|true|false
02:29:21.0 (37136872)|VARIABLE_ASSIGNMENT|[54]|field|"common.apex.runtime.impl.ApexFieldToken@5a013115"|0x5a013115
02:29:21.0 (37143953)|STATEMENT_EXECUTE|[54]
02:29:21.0 (37204724)|HEAP_ALLOCATE|[55]|Bytes:8
02:29:21.0 (37215788)|STATEMENT_EXECUTE|[56]
02:29:21.0 (37227198)|HEAP_ALLOCATE|[56]|Bytes:8
02:29:21.0 (37233579)|HEAP_ALLOCATE|[56]|Bytes:8
02:29:21.0 (37239894)|HEAP_ALLOCATE|[EXTERNAL]|Bytes:4
02:29:21.0 (37249293)|HEAP_ALLOCATE|[54]|Bytes:5
02:29:21.0 (37259159)|VARIABLE_SCOPE_BEGIN|[54]|field|Schema.SObjectField|true|false
02:29:21.0 (37319565)|VARIABLE_ASSIGNMENT|[54]|field|"common.apex.runtime.impl.ApexFieldToken@574ca122"|0x574ca122
02:29:21.0 (37326946)|STATEMENT_EXECUTE|[54]
02:29:21.0 (37399895)|HEAP_ALLOCATE|[55]|Bytes:8
02:29:21.0 (37411092)|STATEMENT_EXECUTE|[56]
02:29:21.0 (37423881)|HEAP_ALLOCATE|[56]|Bytes:8
02:29:21.0 (37434837)|HEAP_ALLOCATE|[56]|Bytes:7
02:29:21.0 (37442044)|HEAP_ALLOCATE|[EXTERNAL]|Bytes:4
02:29:21.0 (37452102)|HEAP_ALLOCATE|[54]|Bytes:5
02:29:21.0 (37462767)|VARIABLE_ASSIGNMENT|[54]|field|null|
02:29:21.0 (37467990)|STATEMENT_EXECUTE|[58]
02:29:21.0 (37471926)|VARIABLE_SCOPE_BEGIN|[58]|allfields|String|false|false
02:29:21.0 (37481604)|VARIABLE_ASSIGNMENT|[58]|allfields|""
02:29:21.0 (37517742)|HEAP_ALLOCATE|[59]|Bytes:5
02:29:21.0 (37526244)|HEAP_ALLOCATE|[59]|Bytes:2
02:29:21.0 (37532289)|VARIABLE_SCOPE_BEGIN|[59]|fieldname|String|false|false
02:29:21.0 (37541206)|VARIABLE_ASSIGNMENT|[59]|fieldname|"Id"
02:29:21.0 (37545708)|STATEMENT_EXECUTE|[60]
02:29:21.0 (37548271)|HEAP_ALLOCATE|[60]|Bytes:1
02:29:21.0 (37561898)|HEAP_ALLOCATE|[60]|Bytes:3
02:29:21.0 (37567234)|HEAP_ALLOCATE|[60]|Bytes:3
02:29:21.0 (37571948)|VARIABLE_ASSIGNMENT|[60]|allfields|"Id,"
02:29:21.0 (37579952)|HEAP_ALLOCATE|[59]|Bytes:5
02:29:21.0 (37586123)|HEAP_ALLOCATE|[59]|Bytes:7
02:29:21.0 (37590246)|VARIABLE_SCOPE_BEGIN|[59]|fieldname|String|false|false
02:29:21.0 (37597374)|VARIABLE_ASSIGNMENT|[59]|fieldname|"OwnerId"
02:29:21.0 (37601362)|STATEMENT_EXECUTE|[60]
02:29:21.0 (37604266)|HEAP_ALLOCATE|[60]|Bytes:8
02:29:21.0 (37608397)|HEAP_ALLOCATE|[60]|Bytes:11
02:29:21.0 (37612688)|VARIABLE_ASSIGNMENT|[60]|allfields|"Id,OwnerId,"
02:29:21.0 (37619463)|HEAP_ALLOCATE|[59]|Bytes:5
02:29:21.0 (37624853)|HEAP_ALLOCATE|[59]|Bytes:9
02:29:21.0 (37628591)|VARIABLE_SCOPE_BEGIN|[59]|fieldname|String|false|false
02:29:21.0 (37635504)|VARIABLE_ASSIGNMENT|[59]|fieldname|"IsDeleted"
02:29:21.0 (37639042)|STATEMENT_EXECUTE|[60]
02:29:21.0 (37641757)|HEAP_ALLOCATE|[60]|Bytes:10
02:29:21.0 (37645321)|HEAP_ALLOCATE|[60]|Bytes:21
02:29:21.0 (37651842)|VARIABLE_ASSIGNMENT|[60]|allfields|"Id,OwnerId,IsDeleted (1 more) ..."
02:29:21.0 (37659268)|HEAP_ALLOCATE|[59]|Bytes:5
02:29:21.0 (37664756)|HEAP_ALLOCATE|[59]|Bytes:4
02:29:21.0 (37668519)|VARIABLE_SCOPE_BEGIN|[59]|fieldname|String|false|false
02:29:21.0 (37675791)|VARIABLE_ASSIGNMENT|[59]|fieldname|"Name"
02:29:21.0 (37679196)|STATEMENT_EXECUTE|[60]
02:29:21.0 (37681603)|HEAP_ALLOCATE|[60]|Bytes:5
02:29:21.0 (37685449)|HEAP_ALLOCATE|[60]|Bytes:26
02:29:21.0 (37690202)|VARIABLE_ASSIGNMENT|[60]|allfields|"Id,OwnerId,IsDeleted (6 more) ..."
02:29:21.0 (37696674)|HEAP_ALLOCATE|[59]|Bytes:5
02:29:21.0 (37701860)|HEAP_ALLOCATE|[59]|Bytes:11
02:29:21.0 (37705502)|VARIABLE_SCOPE_BEGIN|[59]|fieldname|String|false|false
02:29:21.0 (37712011)|VARIABLE_ASSIGNMENT|[59]|fieldname|"CreatedDate"
02:29:21.0 (37715052)|STATEMENT_EXECUTE|[60]
02:29:21.0 (37717334)|HEAP_ALLOCATE|[60]|Bytes:12
02:29:21.0 (37724872)|HEAP_ALLOCATE|[60]|Bytes:38
02:29:21.0 (37729988)|VARIABLE_ASSIGNMENT|[60]|allfields|"Id,OwnerId,IsDeleted (18 more) ..."
02:29:21.0 (37736990)|HEAP_ALLOCATE|[59]|Bytes:5
02:29:21.0 (37742656)|HEAP_ALLOCATE|[59]|Bytes:11
02:29:21.0 (37746519)|VARIABLE_SCOPE_BEGIN|[59]|fieldname|String|false|false
02:29:21.0 (37753666)|VARIABLE_ASSIGNMENT|[59]|fieldname|"CreatedById"
02:29:21.0 (37757754)|STATEMENT_EXECUTE|[60]
02:29:21.0 (37760143)|HEAP_ALLOCATE|[60]|Bytes:12
02:29:21.0 (37763544)|HEAP_ALLOCATE|[60]|Bytes:50
02:29:21.0 (37767713)|VARIABLE_ASSIGNMENT|[60]|allfields|"Id,OwnerId,IsDeleted (30 more) ..."
02:29:21.0 (37773722)|HEAP_ALLOCATE|[59]|Bytes:5
02:29:21.0 (37779325)|HEAP_ALLOCATE|[59]|Bytes:16
02:29:21.0 (37783032)|VARIABLE_SCOPE_BEGIN|[59]|fieldname|String|false|false
02:29:21.0 (37789881)|VARIABLE_ASSIGNMENT|[59]|fieldname|"LastModifiedDate"
02:29:21.0 (37793952)|STATEMENT_EXECUTE|[60]
02:29:21.0 (37797370)|HEAP_ALLOCATE|[60]|Bytes:17
02:29:21.0 (37802296)|HEAP_ALLOCATE|[60]|Bytes:67
02:29:21.0 (37807437)|VARIABLE_ASSIGNMENT|[60]|allfields|"Id,OwnerId,IsDeleted (47 more) ..."
02:29:21.0 (37814069)|HEAP_ALLOCATE|[59]|Bytes:5
02:29:21.0 (37819738)|HEAP_ALLOCATE|[59]|Bytes:16
02:29:21.0 (37823800)|VARIABLE_SCOPE_BEGIN|[59]|fieldname|String|false|false
02:29:21.0 (37830835)|VARIABLE_ASSIGNMENT|[59]|fieldname|"LastModifiedById"
02:29:21.0 (37833967)|STATEMENT_EXECUTE|[60]
02:29:21.0 (37836280)|HEAP_ALLOCATE|[60]|Bytes:17
02:29:21.0 (37839980)|HEAP_ALLOCATE|[60]|Bytes:84
02:29:21.0 (37844686)|VARIABLE_ASSIGNMENT|[60]|allfields|"Id,OwnerId,IsDeleted (64 more) ..."
02:29:21.0 (37851287)|HEAP_ALLOCATE|[59]|Bytes:5
02:29:21.0 (37858961)|HEAP_ALLOCATE|[59]|Bytes:14
02:29:21.0 (37865346)|VARIABLE_SCOPE_BEGIN|[59]|fieldname|String|false|false
02:29:21.0 (37876250)|VARIABLE_ASSIGNMENT|[59]|fieldname|"SystemModstamp"
02:29:21.0 (37882441)|STATEMENT_EXECUTE|[60]
02:29:21.0 (37886861)|HEAP_ALLOCATE|[60]|Bytes:15
02:29:21.0 (37893605)|HEAP_ALLOCATE|[60]|Bytes:99
02:29:21.0 (37902505)|VARIABLE_ASSIGNMENT|[60]|allfields|"Id,OwnerId,IsDeleted (79 more) ..."
02:29:21.0 (37912165)|HEAP_ALLOCATE|[59]|Bytes:5
02:29:21.0 (37918193)|HEAP_ALLOCATE|[59]|Bytes:16
02:29:21.0 (37922552)|VARIABLE_SCOPE_BEGIN|[59]|fieldname|String|false|false
02:29:21.0 (37929686)|VARIABLE_ASSIGNMENT|[59]|fieldname|"LastActivityDate"
02:29:21.0 (37933237)|STATEMENT_EXECUTE|[60]
02:29:21.0 (37935829)|HEAP_ALLOCATE|[60]|Bytes:17
02:29:21.0 (37939643)|HEAP_ALLOCATE|[60]|Bytes:116
02:29:21.0 (37944079)|VARIABLE_ASSIGNMENT|[60]|allfields|"Id,OwnerId,IsDeleted (96 more) ..."
02:29:21.0 (37954577)|HEAP_ALLOCATE|[59]|Bytes:5
02:29:21.0 (37960213)|HEAP_ALLOCATE|[59]|Bytes:14
02:29:21.0 (37963924)|VARIABLE_SCOPE_BEGIN|[59]|fieldname|String|false|false
02:29:21.0 (37970548)|VARIABLE_ASSIGNMENT|[59]|fieldname|"LastViewedDate"
02:29:21.0 (37973985)|STATEMENT_EXECUTE|[60]
02:29:21.0 (37976396)|HEAP_ALLOCATE|[60]|Bytes:15
02:29:21.0 (37980560)|HEAP_ALLOCATE|[60]|Bytes:131
02:29:21.0 (37988563)|VARIABLE_ASSIGNMENT|[60]|allfields|"Id,OwnerId,IsDeleted (111 more) ..."
02:29:21.0 (38000810)|HEAP_ALLOCATE|[59]|Bytes:5
02:29:21.0 (38011872)|HEAP_ALLOCATE|[59]|Bytes:18
02:29:21.0 (38018841)|VARIABLE_SCOPE_BEGIN|[59]|fieldname|String|false|false
02:29:21.0 (38028458)|VARIABLE_ASSIGNMENT|[59]|fieldname|"LastReferencedDate"
02:29:21.0 (38032783)|STATEMENT_EXECUTE|[60]
02:29:21.0 (38035848)|HEAP_ALLOCATE|[60]|Bytes:19
02:29:21.0 (38040132)|HEAP_ALLOCATE|[60]|Bytes:150
02:29:21.0 (38044591)|VARIABLE_ASSIGNMENT|[60]|allfields|"Id,OwnerId,IsDeleted (130 more) ..."
02:29:21.0 (38052263)|HEAP_ALLOCATE|[59]|Bytes:5
02:29:21.0 (38057690)|HEAP_ALLOCATE|[59]|Bytes:9
02:29:21.0 (38061353)|VARIABLE_SCOPE_BEGIN|[59]|fieldname|String|false|false
02:29:21.0 (38068025)|VARIABLE_ASSIGNMENT|[59]|fieldname|"Client__c"
02:29:21.0 (38071363)|STATEMENT_EXECUTE|[60]
02:29:21.0 (38073748)|HEAP_ALLOCATE|[60]|Bytes:10
02:29:21.0 (38077409)|HEAP_ALLOCATE|[60]|Bytes:160
02:29:21.0 (38081672)|VARIABLE_ASSIGNMENT|[60]|allfields|"Id,OwnerId,IsDeleted (140 more) ..."
02:29:21.0 (38088381)|HEAP_ALLOCATE|[59]|Bytes:5
02:29:21.0 (38093840)|HEAP_ALLOCATE|[59]|Bytes:15
02:29:21.0 (38097363)|VARIABLE_SCOPE_BEGIN|[59]|fieldname|String|false|false
02:29:21.0 (38104280)|VARIABLE_ASSIGNMENT|[59]|fieldname|"End_Customer__c"
02:29:21.0 (38110069)|STATEMENT_EXECUTE|[60]
02:29:21.0 (38112811)|HEAP_ALLOCATE|[60]|Bytes:16
02:29:21.0 (38116940)|HEAP_ALLOCATE|[60]|Bytes:176
02:29:21.0 (38121372)|VARIABLE_ASSIGNMENT|[60]|allfields|"Id,OwnerId,IsDeleted (156 more) ..."
02:29:21.0 (38128669)|HEAP_ALLOCATE|[59]|Bytes:5
02:29:21.0 (38134904)|HEAP_ALLOCATE|[59]|Bytes:19
02:29:21.0 (38138865)|VARIABLE_SCOPE_BEGIN|[59]|fieldname|String|false|false
02:29:21.0 (38145347)|VARIABLE_ASSIGNMENT|[59]|fieldname|"Operation_Region__c"
02:29:21.0 (38148361)|STATEMENT_EXECUTE|[60]
02:29:21.0 (38150647)|HEAP_ALLOCATE|[60]|Bytes:20
02:29:21.0 (38154249)|HEAP_ALLOCATE|[60]|Bytes:196
02:29:21.0 (38158364)|VARIABLE_ASSIGNMENT|[60]|allfields|"Id,OwnerId,IsDeleted (176 more) ..."
02:29:21.0 (38164552)|HEAP_ALLOCATE|[59]|Bytes:5
02:29:21.0 (38170420)|HEAP_ALLOCATE|[59]|Bytes:14
02:29:21.0 (38173658)|VARIABLE_SCOPE_BEGIN|[59]|fieldname|String|false|false
02:29:21.0 (38180504)|VARIABLE_ASSIGNMENT|[59]|fieldname|"Work_Region__c"
02:29:21.0 (38183838)|STATEMENT_EXECUTE|[60]
02:29:21.0 (38186045)|HEAP_ALLOCATE|[60]|Bytes:15
02:29:21.0 (38189485)|HEAP_ALLOCATE|[60]|Bytes:211
02:29:21.0 (38194240)|VARIABLE_ASSIGNMENT|[60]|allfields|"Id,OwnerId,IsDeleted (191 more) ..."
02:29:21.0 (38200240)|HEAP_ALLOCATE|[59]|Bytes:5
02:29:21.0 (38205482)|HEAP_ALLOCATE|[59]|Bytes:25
02:29:21.0 (38208910)|VARIABLE_SCOPE_BEGIN|[59]|fieldname|String|false|false
02:29:21.0 (38215982)|VARIABLE_ASSIGNMENT|[59]|fieldname|"Client_Project_Manag (5 more) ..."
02:29:21.0 (38219505)|STATEMENT_EXECUTE|[60]
02:29:21.0 (38221925)|HEAP_ALLOCATE|[60]|Bytes:26
02:29:21.0 (38225528)|HEAP_ALLOCATE|[60]|Bytes:237
02:29:21.0 (38229817)|VARIABLE_ASSIGNMENT|[60]|allfields|"Id,OwnerId,IsDeleted (217 more) ..."
02:29:21.0 (38236287)|HEAP_ALLOCATE|[59]|Bytes:5
02:29:21.0 (38241186)|HEAP_ALLOCATE|[59]|Bytes:15
02:29:21.0 (38244756)|VARIABLE_SCOPE_BEGIN|[59]|fieldname|String|false|false
02:29:21.0 (38251313)|VARIABLE_ASSIGNMENT|[59]|fieldname|"Project_code__c"
02:29:21.0 (38254225)|STATEMENT_EXECUTE|[60]
02:29:21.0 (38256389)|HEAP_ALLOCATE|[60]|Bytes:16
02:29:21.0 (38260198)|HEAP_ALLOCATE|[60]|Bytes:253
02:29:21.0 (38264194)|VARIABLE_ASSIGNMENT|[60]|allfields|"Id,OwnerId,IsDeleted (233 more) ..."
02:29:21.0 (38270457)|HEAP_ALLOCATE|[59]|Bytes:5
02:29:21.0 (38275901)|HEAP_ALLOCATE|[59]|Bytes:23
02:29:21.0 (38279585)|VARIABLE_SCOPE_BEGIN|[59]|fieldname|String|false|false
02:29:21.0 (38286802)|VARIABLE_ASSIGNMENT|[59]|fieldname|"Company_project_code (3 more) ..."
02:29:21.0 (38290085)|STATEMENT_EXECUTE|[60]
02:29:21.0 (38292424)|HEAP_ALLOCATE|[60]|Bytes:24
02:29:21.0 (38296382)|HEAP_ALLOCATE|[60]|Bytes:277
02:29:21.0 (38300914)|VARIABLE_ASSIGNMENT|[60]|allfields|"Id,OwnerId,IsDeleted (257 more) ..."
02:29:21.0 (38307669)|HEAP_ALLOCATE|[59]|Bytes:5
02:29:21.0 (38312818)|HEAP_ALLOCATE|[59]|Bytes:16
02:29:21.0 (38316192)|VARIABLE_SCOPE_BEGIN|[59]|fieldname|String|false|false
02:29:21.0 (38322354)|VARIABLE_ASSIGNMENT|[59]|fieldname|"Project_Scope__c"
02:29:21.0 (38325224)|STATEMENT_EXECUTE|[60]
02:29:21.0 (38327831)|HEAP_ALLOCATE|[60]|Bytes:17
02:29:21.0 (38331569)|HEAP_ALLOCATE|[60]|Bytes:294
02:29:21.0 (38336138)|VARIABLE_ASSIGNMENT|[60]|allfields|"Id,OwnerId,IsDeleted (274 more) ..."
02:29:21.0 (38342147)|HEAP_ALLOCATE|[59]|Bytes:5
02:29:21.0 (38347389)|HEAP_ALLOCATE|[59]|Bytes:14
02:29:21.0 (38351237)|VARIABLE_SCOPE_BEGIN|[59]|fieldname|String|false|false
02:29:21.0 (38357776)|VARIABLE_ASSIGNMENT|[59]|fieldname|"Cost_Centre__c"
02:29:21.0 (38360997)|STATEMENT_EXECUTE|[60]
02:29:21.0 (38363361)|HEAP_ALLOCATE|[60]|Bytes:15
02:29:21.0 (38367229)|HEAP_ALLOCATE|[60]|Bytes:309
02:29:21.0 (38371991)|VARIABLE_ASSIGNMENT|[60]|allfields|"Id,OwnerId,IsDeleted (289 more) ..."
02:29:21.0 (38378305)|HEAP_ALLOCATE|[59]|Bytes:5
02:29:21.0 (38383673)|HEAP_ALLOCATE|[59]|Bytes:13
02:29:21.0 (38386856)|VARIABLE_SCOPE_BEGIN|[59]|fieldname|String|false|false
02:29:21.0 (38393266)|VARIABLE_ASSIGNMENT|[59]|fieldname|"Production__c"
02:29:21.0 (38396563)|STATEMENT_EXECUTE|[60]
02:29:21.0 (38399009)|HEAP_ALLOCATE|[60]|Bytes:14
02:29:21.0 (38403076)|HEAP_ALLOCATE|[60]|Bytes:323
02:29:21.0 (38407485)|VARIABLE_ASSIGNMENT|[60]|allfields|"Id,OwnerId,IsDeleted (303 more) ..."
02:29:21.0 (38413627)|HEAP_ALLOCATE|[59]|Bytes:5
02:29:21.0 (38418690)|HEAP_ALLOCATE|[59]|Bytes:5
02:29:21.0 (38422631)|VARIABLE_SCOPE_BEGIN|[59]|fieldname|String|false|false
02:29:21.0 (38428987)|VARIABLE_ASSIGNMENT|[59]|fieldname|"QC__c"
02:29:21.0 (38431943)|STATEMENT_EXECUTE|[60]
02:29:21.0 (38434131)|HEAP_ALLOCATE|[60]|Bytes:6
02:29:21.0 (38437638)|HEAP_ALLOCATE|[60]|Bytes:329
02:29:21.0 (38441883)|VARIABLE_ASSIGNMENT|[60]|allfields|"Id,OwnerId,IsDeleted (309 more) ..."
02:29:21.0 (38447846)|HEAP_ALLOCATE|[59]|Bytes:5
02:29:21.0 (38453249)|HEAP_ALLOCATE|[59]|Bytes:11
02:29:21.0 (38456500)|VARIABLE_SCOPE_BEGIN|[59]|fieldname|String|false|false
02:29:21.0 (38463411)|VARIABLE_ASSIGNMENT|[59]|fieldname|"Delivery__c"
02:29:21.0 (38466924)|STATEMENT_EXECUTE|[60]
02:29:21.0 (38469195)|HEAP_ALLOCATE|[60]|Bytes:12
02:29:21.0 (38472536)|HEAP_ALLOCATE|[60]|Bytes:341
02:29:21.0 (38477024)|VARIABLE_ASSIGNMENT|[60]|allfields|"Id,OwnerId,IsDeleted (321 more) ..."
02:29:21.0 (38483150)|HEAP_ALLOCATE|[59]|Bytes:5
02:29:21.0 (38488666)|HEAP_ALLOCATE|[59]|Bytes:5
02:29:21.0 (38492343)|VARIABLE_SCOPE_BEGIN|[59]|fieldname|String|false|false
02:29:21.0 (38498202)|VARIABLE_ASSIGNMENT|[59]|fieldname|"QA__c"
02:29:21.0 (38501380)|STATEMENT_EXECUTE|[60]
02:29:21.0 (38503804)|HEAP_ALLOCATE|[60]|Bytes:6
02:29:21.0 (38506884)|HEAP_ALLOCATE|[60]|Bytes:347
02:29:21.0 (38511574)|VARIABLE_ASSIGNMENT|[60]|allfields|"Id,OwnerId,IsDeleted (327 more) ..."
02:29:21.0 (38518159)|HEAP_ALLOCATE|[59]|Bytes:5
02:29:21.0 (38523368)|HEAP_ALLOCATE|[59]|Bytes:25
02:29:21.0 (38526758)|VARIABLE_SCOPE_BEGIN|[59]|fieldname|String|false|false
02:29:21.0 (38533680)|VARIABLE_ASSIGNMENT|[59]|fieldname|"OffshoreProjectManag (5 more) ..."
02:29:21.0 (38536922)|STATEMENT_EXECUTE|[60]
02:29:21.0 (38539279)|HEAP_ALLOCATE|[60]|Bytes:26
02:29:21.0 (38542644)|HEAP_ALLOCATE|[60]|Bytes:373
02:29:21.0 (38546932)|VARIABLE_ASSIGNMENT|[60]|allfields|"Id,OwnerId,IsDeleted (353 more) ..."
02:29:21.0 (38553055)|HEAP_ALLOCATE|[59]|Bytes:5
02:29:21.0 (38558767)|HEAP_ALLOCATE|[59]|Bytes:12
02:29:21.0 (38562871)|VARIABLE_SCOPE_BEGIN|[59]|fieldname|String|false|false
02:29:21.0 (38569171)|VARIABLE_ASSIGNMENT|[59]|fieldname|"Team_Lead__c"
02:29:21.0 (38572598)|STATEMENT_EXECUTE|[60]
02:29:21.0 (38574989)|HEAP_ALLOCATE|[60]|Bytes:13
02:29:21.0 (38578431)|HEAP_ALLOCATE|[60]|Bytes:386
02:29:21.0 (38583036)|VARIABLE_ASSIGNMENT|[60]|allfields|"Id,OwnerId,IsDeleted (366 more) ..."
02:29:21.0 (38589299)|HEAP_ALLOCATE|[59]|Bytes:5
02:29:21.0 (38595352)|HEAP_ALLOCATE|[59]|Bytes:21
02:29:21.0 (38600996)|VARIABLE_SCOPE_BEGIN|[59]|fieldname|String|false|false
02:29:21.0 (38613817)|VARIABLE_ASSIGNMENT|[59]|fieldname|"Project_Start_Date__ (1 more) ..."
02:29:21.0 (38619363)|STATEMENT_EXECUTE|[60]
02:29:21.0 (38623628)|HEAP_ALLOCATE|[60]|Bytes:22
02:29:21.0 (38630738)|HEAP_ALLOCATE|[60]|Bytes:408
02:29:21.0 (38638973)|VARIABLE_ASSIGNMENT|[60]|allfields|"Id,OwnerId,IsDeleted (388 more) ..."
02:29:21.0 (38647481)|HEAP_ALLOCATE|[59]|Bytes:5
02:29:21.0 (38653759)|HEAP_ALLOCATE|[59]|Bytes:19
02:29:21.0 (38657768)|VARIABLE_SCOPE_BEGIN|[59]|fieldname|String|false|false
02:29:21.0 (38665257)|VARIABLE_ASSIGNMENT|[59]|fieldname|"Project_End_Date__c"
02:29:21.0 (38668755)|STATEMENT_EXECUTE|[60]
02:29:21.0 (38671724)|HEAP_ALLOCATE|[60]|Bytes:20
02:29:21.0 (38675083)|HEAP_ALLOCATE|[60]|Bytes:428
02:29:21.0 (38679860)|VARIABLE_ASSIGNMENT|[60]|allfields|"Id,OwnerId,IsDeleted (408 more) ..."
02:29:21.0 (38686155)|HEAP_ALLOCATE|[59]|Bytes:5
02:29:21.0 (38691523)|HEAP_ALLOCATE|[59]|Bytes:8
02:29:21.0 (38695453)|VARIABLE_SCOPE_BEGIN|[59]|fieldname|String|false|false
02:29:21.0 (38701504)|VARIABLE_ASSIGNMENT|[59]|fieldname|"Units__c"
02:29:21.0 (38704539)|STATEMENT_EXECUTE|[60]
02:29:21.0 (38706820)|HEAP_ALLOCATE|[60]|Bytes:9
02:29:21.0 (38711485)|HEAP_ALLOCATE|[60]|Bytes:437
02:29:21.0 (38715594)|VARIABLE_ASSIGNMENT|[60]|allfields|"Id,OwnerId,IsDeleted (417 more) ..."
02:29:21.0 (38735228)|HEAP_ALLOCATE|[59]|Bytes:5
02:29:21.0 (38741564)|HEAP_ALLOCATE|[59]|Bytes:8
02:29:21.0 (38744996)|VARIABLE_SCOPE_BEGIN|[59]|fieldname|String|false|false
02:29:21.0 (38752616)|VARIABLE_ASSIGNMENT|[59]|fieldname|"Nodes__c"
02:29:21.0 (38756418)|STATEMENT_EXECUTE|[60]
02:29:21.0 (38758883)|HEAP_ALLOCATE|[60]|Bytes:9
02:29:21.0 (38762554)|HEAP_ALLOCATE|[60]|Bytes:446
02:29:21.0 (38767443)|VARIABLE_ASSIGNMENT|[60]|allfields|"Id,OwnerId,IsDeleted (426 more) ..."
02:29:21.0 (38773714)|HEAP_ALLOCATE|[59]|Bytes:5
02:29:21.0 (38778911)|HEAP_ALLOCATE|[59]|Bytes:10
02:29:21.0 (38782328)|VARIABLE_SCOPE_BEGIN|[59]|fieldname|String|false|false
02:29:21.0 (38788874)|VARIABLE_ASSIGNMENT|[59]|fieldname|"Footage__c"
02:29:21.0 (38792324)|STATEMENT_EXECUTE|[60]
02:29:21.0 (38794896)|HEAP_ALLOCATE|[60]|Bytes:11
02:29:21.0 (38798316)|HEAP_ALLOCATE|[60]|Bytes:457
02:29:21.0 (38802912)|VARIABLE_ASSIGNMENT|[60]|allfields|"Id,OwnerId,IsDeleted (437 more) ..."
02:29:21.0 (38809109)|HEAP_ALLOCATE|[59]|Bytes:5
02:29:21.0 (38814884)|HEAP_ALLOCATE|[59]|Bytes:8
02:29:21.0 (38818635)|VARIABLE_SCOPE_BEGIN|[59]|fieldname|String|false|false
02:29:21.0 (38824797)|VARIABLE_ASSIGNMENT|[59]|fieldname|"Miles__c"
02:29:21.0 (38827924)|STATEMENT_EXECUTE|[60]
02:29:21.0 (38830171)|HEAP_ALLOCATE|[60]|Bytes:9
02:29:21.0 (38833929)|HEAP_ALLOCATE|[60]|Bytes:466
02:29:21.0 (38838189)|VARIABLE_ASSIGNMENT|[60]|allfields|"Id,OwnerId,IsDeleted (446 more) ..."
02:29:21.0 (38844031)|HEAP_ALLOCATE|[59]|Bytes:5
02:29:21.0 (38849274)|HEAP_ALLOCATE|[59]|Bytes:7
02:29:21.0 (38852857)|VARIABLE_SCOPE_BEGIN|[59]|fieldname|String|false|false
02:29:21.0 (38860098)|VARIABLE_ASSIGNMENT|[59]|fieldname|"Jobs__c"
02:29:21.0 (38863218)|STATEMENT_EXECUTE|[60]
02:29:21.0 (38865498)|HEAP_ALLOCATE|[60]|Bytes:8
02:29:21.0 (38869286)|HEAP_ALLOCATE|[60]|Bytes:474
02:29:21.0 (38873535)|VARIABLE_ASSIGNMENT|[60]|allfields|"Id,OwnerId,IsDeleted (454 more) ..."
02:29:21.0 (38879871)|HEAP_ALLOCATE|[59]|Bytes:5
02:29:21.0 (38885208)|HEAP_ALLOCATE|[59]|Bytes:8
02:29:21.0 (38888926)|VARIABLE_SCOPE_BEGIN|[59]|fieldname|String|false|false
02:29:21.0 (38895361)|VARIABLE_ASSIGNMENT|[59]|fieldname|"Hours__c"
02:29:21.0 (38898606)|STATEMENT_EXECUTE|[60]
02:29:21.0 (38900924)|HEAP_ALLOCATE|[60]|Bytes:9
02:29:21.0 (38905173)|HEAP_ALLOCATE|[60]|Bytes:483
02:29:21.0 (38909282)|VARIABLE_ASSIGNMENT|[60]|allfields|"Id,OwnerId,IsDeleted (463 more) ..."
02:29:21.0 (38915613)|HEAP_ALLOCATE|[59]|Bytes:5
02:29:21.0 (38921180)|HEAP_ALLOCATE|[59]|Bytes:7
02:29:21.0 (38924944)|VARIABLE_SCOPE_BEGIN|[59]|fieldname|String|false|false
02:29:21.0 (38931507)|VARIABLE_ASSIGNMENT|[59]|fieldname|"Team__c"
02:29:21.0 (38934497)|STATEMENT_EXECUTE|[60]
02:29:21.0 (38936660)|HEAP_ALLOCATE|[60]|Bytes:8
02:29:21.0 (38940296)|HEAP_ALLOCATE|[60]|Bytes:491
02:29:21.0 (38944815)|VARIABLE_ASSIGNMENT|[60]|allfields|"Id,OwnerId,IsDeleted (471 more) ..."
02:29:21.0 (38951011)|HEAP_ALLOCATE|[59]|Bytes:5
02:29:21.0 (38956969)|VARIABLE_ASSIGNMENT|[59]|fieldname|null
02:29:21.0 (38962051)|STATEMENT_EXECUTE|[62]
02:29:21.0 (39014882)|HEAP_ALLOCATE|[62]|Bytes:490
02:29:21.0 (39026173)|VARIABLE_ASSIGNMENT|[62]|allfields|"Id,OwnerId,IsDeleted (470 more) ..."
02:29:21.0 (39030239)|STATEMENT_EXECUTE|[64]
02:29:21.0 (39043141)|METHOD_EXIT|[16]|01p7F00000Ehro9|PM_Project_Edit_Controller.getAllFields(String)
02:29:21.0 (39051088)|HEAP_ALLOCATE|[16]|Bytes:32
02:29:21.0 (39059439)|HEAP_ALLOCATE|[16]|Bytes:529
02:29:21.0 (39491105)|SOQL_EXECUTE_BEGIN|[16]|Aggregations:0|select Id,OwnerId,IsDeleted,Name,CreatedDate,CreatedById,LastModifiedDate,LastModifiedById,SystemModstamp,LastActivityDate,LastViewedDate,LastReferencedDate,Client__c,End_Customer__c,Operation_Region__c,Work_Region__c,Client_Project_Manager__c,Project_code__c,Company_project_code__c,Project_Scope__c,Cost_Centre__c,Production__c,QC__c,Delivery__c,QA__c,OffshoreProjectManager__c,Team_Lead__c,Project_Start_Date__c,Project_End_Date__c,Units__c,Nodes__c,Footage__c,Miles__c,Jobs__c,Hours__c,Team__c from Project__c where Id = :pid
02:29:21.0 (43350981)|SOQL_EXECUTE_END|[16]|Rows:1
02:29:21.0 (43369563)|HEAP_ALLOCATE|[16]|Bytes:8
02:29:21.0 (43396653)|HEAP_ALLOCATE|[16]|Bytes:996
02:29:21.0 (43443448)|HEAP_ALLOCATE|[16]|Bytes:8
02:29:21.0 (43458062)|HEAP_ALLOCATE|[16]|Bytes:36
02:29:21.0 (43496769)|HEAP_ALLOCATE|[16]|Bytes:140
02:29:21.0 (43541681)|VARIABLE_ASSIGNMENT|[EXTERNAL]|this|{"mysObject":"0x59d43f5","nonSelectedUserId":"(","usersList":"0x6e35be6e"}|0x368223f6
02:29:21.0 (43602626)|VARIABLE_ASSIGNMENT|[EXTERNAL]|value|{"Id":"a057F000002dVv5QAE","OwnerId":"0057F000000Tiz6QAC","IsDeleted":false,"Name":"tm Test","CreatedDate":"2017-12-19T10:53:33.000Z","CreatedById":"0057F000000Tiz6QAC","LastModifiedDate":"2017-12-19T11:16:32.000Z","LastModifiedById":"0057F000000Tiz6QAC","SystemModstamp":"2018-01-18T18:41:12.000Z","LastViewedDate":"2018-01-22T10:28:08.000Z","LastReferencedDate":"2018-01-22T10:28:08.000Z","Client__c":"a047F000002zkUjQAI","End_Customer__c":"tm Test","Operation_Region__c":"tm Test","Work_Region__c":"tm Test","Client_Project_Manag (5 more) ...":"tm Test","Project_code__c":"tm Test","Company_project_code (3 more) ...":"321","Project_Scope__c":"DESIGNING","Production__c":50,"QC__c":20,"Delivery__c":10,"QA__c":20,"OffshoreProjectManag (5 more) ...":"0057F000000TpcqQAC","Team_Lead__c":"0057F000000TyzfQAC","Project_Start_Date__ (1 more) ...":"2017-12-19T00:00:00.000Z","Project_End_Date__c":"2017-12-19T00:00:00.000Z","Units__c":true,"Nodes__c":true,"Footage__c":false,"Miles__c":false,"Jobs__c":false,"Hours__c":false,"Team__c":"Mani Sasank, Santhos (30 more) ..."}|0x20a16f92
02:29:21.0 (43653211)|VARIABLE_ASSIGNMENT|[3]|this.mysObject|{"Id":"a057F000002dVv5QAE","OwnerId":"0057F000000Tiz6QAC","IsDeleted":false,"Name":"tm Test","CreatedDate":"2017-12-19T10:53:33.000Z","CreatedById":"0057F000000Tiz6QAC","LastModifiedDate":"2017-12-19T11:16:32.000Z","LastModifiedById":"0057F000000Tiz6QAC","SystemModstamp":"2018-01-18T18:41:12.000Z","LastViewedDate":"2018-01-22T10:28:08.000Z","LastReferencedDate":"2018-01-22T10:28:08.000Z","Client__c":"a047F000002zkUjQAI","End_Customer__c":"tm Test","Operation_Region__c":"tm Test","Work_Region__c":"tm Test","Client_Project_Manag (5 more) ...":"tm Test","Project_code__c":"tm Test","Company_project_code (3 more) ...":"321","Project_Scope__c":"DESIGNING","Production__c":50,"QC__c":20,"Delivery__c":10,"QA__c":20,"OffshoreProjectManag (5 more) ...":"0057F000000TpcqQAC","Team_Lead__c":"0057F000000TyzfQAC","Project_Start_Date__ (1 more) ...":"2017-12-19T00:00:00.000Z","Project_End_Date__c":"2017-12-19T00:00:00.000Z","Units__c":true,"Nodes__c":true,"Footage__c":false,"Miles__c":false,"Jobs__c":false,"Hours__c":false,"Team__c":"Mani Sasank, Santhos (30 more) ..."}|0x368223f6
02:29:21.0 (43674139)|STATEMENT_EXECUTE|[17]
02:29:21.0 (43711251)|VARIABLE_ASSIGNMENT|[EXTERNAL]|this|{"mysObject":"0x20a16f92","nonSelectedUserId":"(","usersList":"0x6e35be6e"}|0x368223f6
02:29:21.0 (43770410)|VARIABLE_ASSIGNMENT|[EXTERNAL]|this|{"mysObject":"0x20a16f92","nonSelectedUserId":"(","usersList":"0x6e35be6e"}|0x368223f6
02:29:21.0 (43778814)|VARIABLE_ASSIGNMENT|[EXTERNAL]|value|"tm Test"
02:29:21.0 (43786774)|VARIABLE_ASSIGNMENT|[4]|this.pName|"tm Test"|0x368223f6
02:29:21.0 (43800106)|STATEMENT_EXECUTE|[19]
02:29:21.0 (43805936)|HEAP_ALLOCATE|[19]|Bytes:86
02:29:21.0 (43822154)|HEAP_ALLOCATE|[19]|Bytes:4
02:29:21.0 (43833599)|HEAP_ALLOCATE|[19]|Bytes:7
02:29:21.0 (44781591)|SOQL_EXECUTE_BEGIN|[19]|Aggregations:0|SELECT Name, UserLink__c FROM ProjectJobAssociation__c WHERE ProjectLink__c = :tmpVar1
02:29:21.0 (46879230)|SOQL_EXECUTE_END|[19]|Rows:5
02:29:21.0 (46897476)|HEAP_ALLOCATE|[19]|Bytes:24
02:29:21.0 (46915629)|HEAP_ALLOCATE|[19]|Bytes:380
02:29:21.0 (46971057)|HEAP_ALLOCATE|[19]|Bytes:24
02:29:21.0 (46983695)|VARIABLE_SCOPE_BEGIN|[19]|pja|List<ProjectJobAssociation__c>|true|false
02:29:21.0 (47010012)|VARIABLE_ASSIGNMENT|[19]|pja|[{"Name":"A-0002","UserLink__c":"0057F000000TpdFQAS","Id":"a087F000009HOLTQA4"},{"Name":"A-0003","UserLink__c":"0057F000000TrBBQA0","Id":"a087F000009HOLUQA4"},{"Name":"A-0004","UserLink__c":"0057F000000TrBGQA0","Id":"a087F000009HOLVQA4"},{"Name":"A-0005","UserLink__c":"0057F000000TrBVQA0","Id":"a087F000009HOLWQA4"},{"Name":"A-0006","UserLink__c":"0057F000000Tz0iQAC","Id":"a087F000009HOLXQA4"}]|0x4278d337
02:29:21.0 (47021619)|STATEMENT_EXECUTE|[20]
02:29:21.0 (47032051)|HEAP_ALLOCATE|[20]|Bytes:4
02:29:21.0 (47084693)|VARIABLE_ASSIGNMENT|[EXTERNAL]|this|{"mysObject":"0x20a16f92","nonSelectedUserId":"(","pName":"tm Test","usersList":"0x6e35be6e"}|0x368223f6
02:29:21.0 (47107288)|HEAP_ALLOCATE|[EXTERNAL]|Bytes:4
02:29:21.0 (47113650)|VARIABLE_ASSIGNMENT|[EXTERNAL]|value|[]|0x21e600b
02:29:21.0 (47124816)|VARIABLE_ASSIGNMENT|[6]|this.selectedUsers|[]|0x368223f6
02:29:21.0 (47244436)|HEAP_ALLOCATE|[21]|Bytes:5
02:29:21.0 (47258895)|HEAP_ALLOCATE|[21]|Bytes:16
02:29:21.0 (47265708)|VARIABLE_SCOPE_BEGIN|[21]|spja|ProjectJobAssociation__c|true|false
02:29:21.0 (47279459)|VARIABLE_ASSIGNMENT|[21]|spja|{"Name":"A-0002","UserLink__c":"0057F000000TpdFQAS","Id":"a087F000009HOLTQA4"}|0x3551ff71
02:29:21.0 (47286481)|STATEMENT_EXECUTE|[21]
02:29:21.0 (47287806)|STATEMENT_EXECUTE|[22]
02:29:21.0 (47290887)|HEAP_ALLOCATE|[22]|Bytes:45
02:29:21.0 (47301646)|HEAP_ALLOCATE|[22]|Bytes:4
02:29:21.0 (48325614)|SOQL_EXECUTE_BEGIN|[22]|Aggregations:0|SELECT Id, Name FROM User WHERE Id = :tmpVar1
02:29:21.0 (51834828)|SOQL_EXECUTE_END|[22]|Rows:1
02:29:21.0 (51851879)|HEAP_ALLOCATE|[22]|Bytes:8
02:29:21.0 (51862793)|HEAP_ALLOCATE|[22]|Bytes:48
02:29:21.0 (51912957)|HEAP_ALLOCATE|[22]|Bytes:8
02:29:21.0 (51924313)|HEAP_ALLOCATE|[22]|Bytes:30
02:29:21.0 (51949145)|HEAP_ALLOCATE|[22]|Bytes:12
02:29:21.0 (51955639)|VARIABLE_SCOPE_BEGIN|[22]|user1|User|true|false
02:29:21.0 (51972337)|VARIABLE_ASSIGNMENT|[22]|user1|{"Id":"0057F000000TpdFQAS","Name":"Mani Sasank"}|0x65357033
02:29:21.0 (51978815)|STATEMENT_EXECUTE|[23]
02:29:21.0 (51983781)|HEAP_ALLOCATE|[23]|Bytes:1
02:29:21.0 (52042177)|HEAP_ALLOCATE|[23]|Bytes:18
02:29:21.0 (52054465)|HEAP_ALLOCATE|[23]|Bytes:2
02:29:21.0 (52061253)|HEAP_ALLOCATE|[23]|Bytes:21
02:29:21.0 (52065959)|HEAP_ALLOCATE|[23]|Bytes:22
02:29:21.0 (52078301)|VARIABLE_ASSIGNMENT|[23]|this.nonSelectedUserId|"('0057F000000TpdFQAS (2 more) ..."|0x368223f6
02:29:21.0 (52083436)|STATEMENT_EXECUTE|[24]
02:29:21.0 (52121983)|VARIABLE_ASSIGNMENT|[EXTERNAL]|this|{"mysObject":"0x20a16f92","nonSelectedUserId":"('0057F000000TpdFQAS (2 more) ...","pName":"tm Test","selectedUsers":"0x21e600b","usersList":"0x6e35be6e"}|0x368223f6
02:29:21.0 (52147075)|HEAP_ALLOCATE|[24]|Bytes:18
02:29:21.0 (52188500)|HEAP_ALLOCATE|[EXTERNAL]|Bytes:4
02:29:21.0 (52203176)|HEAP_ALLOCATE|[21]|Bytes:5
02:29:21.0 (52214092)|HEAP_ALLOCATE|[21]|Bytes:16
02:29:21.0 (52220543)|VARIABLE_SCOPE_BEGIN|[21]|spja|ProjectJobAssociation__c|true|false
02:29:21.0 (52234397)|VARIABLE_ASSIGNMENT|[21]|spja|{"Name":"A-0003","UserLink__c":"0057F000000TrBBQA0","Id":"a087F000009HOLUQA4"}|0x17c636cf
02:29:21.0 (52239608)|STATEMENT_EXECUTE|[21]
02:29:21.0 (52240708)|STATEMENT_EXECUTE|[22]
02:29:21.0 (52250029)|HEAP_ALLOCATE|[22]|Bytes:4
02:29:21.0 (52367113)|SOQL_EXECUTE_BEGIN|[22]|Aggregations:0|SELECT Id, Name FROM User WHERE Id = :tmpVar1
02:29:21.0 (54795989)|SOQL_EXECUTE_END|[22]|Rows:1
02:29:21.0 (54813418)|HEAP_ALLOCATE|[22]|Bytes:8
02:29:21.0 (54824312)|HEAP_ALLOCATE|[22]|Bytes:45
02:29:21.0 (54852837)|HEAP_ALLOCATE|[22]|Bytes:8
02:29:21.0 (54869025)|HEAP_ALLOCATE|[22]|Bytes:12
02:29:21.0 (54875330)|VARIABLE_SCOPE_BEGIN|[22]|user1|User|true|false
02:29:21.0 (54891321)|VARIABLE_ASSIGNMENT|[22]|user1|{"Id":"0057F000000TrBBQA0","Name":"Santhosh"}|0x760f826a
02:29:21.0 (54897789)|STATEMENT_EXECUTE|[23]
02:29:21.0 (54919593)|HEAP_ALLOCATE|[23]|Bytes:18
02:29:21.0 (54931642)|HEAP_ALLOCATE|[23]|Bytes:21
02:29:21.0 (54936139)|HEAP_ALLOCATE|[23]|Bytes:43
02:29:21.0 (54946935)|VARIABLE_ASSIGNMENT|[23]|this.nonSelectedUserId|"('0057F000000TpdFQAS (23 more) ..."|0x368223f6
02:29:21.0 (54952087)|STATEMENT_EXECUTE|[24]
02:29:21.0 (54977789)|VARIABLE_ASSIGNMENT|[EXTERNAL]|this|{"mysObject":"0x20a16f92","nonSelectedUserId":"('0057F000000TpdFQAS (23 more) ...","pName":"tm Test","selectedUsers":"0x21e600b","usersList":"0x6e35be6e"}|0x368223f6
02:29:21.0 (54996272)|HEAP_ALLOCATE|[24]|Bytes:18
02:29:21.0 (55010296)|HEAP_ALLOCATE|[EXTERNAL]|Bytes:4
02:29:21.0 (55023804)|HEAP_ALLOCATE|[21]|Bytes:5
02:29:21.0 (55034838)|HEAP_ALLOCATE|[21]|Bytes:16
02:29:21.0 (55040865)|VARIABLE_SCOPE_BEGIN|[21]|spja|ProjectJobAssociation__c|true|false
02:29:21.0 (55053649)|VARIABLE_ASSIGNMENT|[21]|spja|{"Name":"A-0004","UserLink__c":"0057F000000TrBGQA0","Id":"a087F000009HOLVQA4"}|0x272d5695
02:29:21.0 (55058988)|STATEMENT_EXECUTE|[21]
02:29:21.0 (55059971)|STATEMENT_EXECUTE|[22]
02:29:21.0 (55069207)|HEAP_ALLOCATE|[22]|Bytes:4
02:29:21.0 (55184555)|SOQL_EXECUTE_BEGIN|[22]|Aggregations:0|SELECT Id, Name FROM User WHERE Id = :tmpVar1
02:29:21.0 (57487395)|SOQL_EXECUTE_END|[22]|Rows:1
02:29:21.0 (57503839)|HEAP_ALLOCATE|[22]|Bytes:8
02:29:21.0 (57514866)|HEAP_ALLOCATE|[22]|Bytes:46
02:29:21.0 (57542107)|HEAP_ALLOCATE|[22]|Bytes:8
02:29:21.0 (57558762)|HEAP_ALLOCATE|[22]|Bytes:12
02:29:21.0 (57565152)|VARIABLE_SCOPE_BEGIN|[22]|user1|User|true|false
02:29:21.0 (57581410)|VARIABLE_ASSIGNMENT|[22]|user1|{"Id":"0057F000000TrBGQA0","Name":"Ravi teja"}|0x68a8e4cc
02:29:21.0 (57587826)|STATEMENT_EXECUTE|[23]
02:29:21.0 (57609503)|HEAP_ALLOCATE|[23]|Bytes:18
02:29:21.0 (57621198)|HEAP_ALLOCATE|[23]|Bytes:21
02:29:21.0 (57625786)|HEAP_ALLOCATE|[23]|Bytes:64
02:29:21.0 (57636999)|VARIABLE_ASSIGNMENT|[23]|this.nonSelectedUserId|"('0057F000000TpdFQAS (44 more) ..."|0x368223f6
02:29:21.0 (57643092)|STATEMENT_EXECUTE|[24]
02:29:21.0 (57669173)|VARIABLE_ASSIGNMENT|[EXTERNAL]|this|{"mysObject":"0x20a16f92","nonSelectedUserId":"('0057F000000TpdFQAS (44 more) ...","pName":"tm Test","selectedUsers":"0x21e600b","usersList":"0x6e35be6e"}|0x368223f6
02:29:21.0 (57687374)|HEAP_ALLOCATE|[24]|Bytes:18
02:29:21.0 (57701004)|HEAP_ALLOCATE|[EXTERNAL]|Bytes:4
02:29:21.0 (57714441)|HEAP_ALLOCATE|[21]|Bytes:5
02:29:21.0 (57726804)|HEAP_ALLOCATE|[21]|Bytes:16
02:29:21.0 (57735443)|VARIABLE_SCOPE_BEGIN|[21]|spja|ProjectJobAssociation__c|true|false
02:29:21.0 (57748990)|VARIABLE_ASSIGNMENT|[21]|spja|{"Name":"A-0005","UserLink__c":"0057F000000TrBVQA0","Id":"a087F000009HOLWQA4"}|0x50d3a1f8
02:29:21.0 (57753939)|STATEMENT_EXECUTE|[21]
02:29:21.0 (57755100)|STATEMENT_EXECUTE|[22]
02:29:21.0 (57764650)|HEAP_ALLOCATE|[22]|Bytes:4
02:29:21.0 (57885206)|SOQL_EXECUTE_BEGIN|[22]|Aggregations:0|SELECT Id, Name FROM User WHERE Id = :tmpVar1
02:29:21.0 (60214823)|SOQL_EXECUTE_END|[22]|Rows:1
02:29:21.0 (60230963)|HEAP_ALLOCATE|[22]|Bytes:8
02:29:21.0 (60241959)|HEAP_ALLOCATE|[22]|Bytes:46
02:29:21.0 (60268522)|HEAP_ALLOCATE|[22]|Bytes:8
02:29:21.0 (60285148)|HEAP_ALLOCATE|[22]|Bytes:12
02:29:21.0 (60291644)|VARIABLE_SCOPE_BEGIN|[22]|user1|User|true|false
02:29:21.0 (60308350)|VARIABLE_ASSIGNMENT|[22]|user1|{"Id":"0057F000000TrBVQA0","Name":"Yashwanth"}|0x4588b1ef
02:29:21.0 (60314323)|STATEMENT_EXECUTE|[23]
02:29:21.0 (60335827)|HEAP_ALLOCATE|[23]|Bytes:18
02:29:21.0 (60347598)|HEAP_ALLOCATE|[23]|Bytes:21
02:29:21.0 (60351834)|HEAP_ALLOCATE|[23]|Bytes:85
02:29:21.0 (60362758)|VARIABLE_ASSIGNMENT|[23]|this.nonSelectedUserId|"('0057F000000TpdFQAS (65 more) ..."|0x368223f6
02:29:21.0 (60367854)|STATEMENT_EXECUTE|[24]
02:29:21.0 (60396792)|VARIABLE_ASSIGNMENT|[EXTERNAL]|this|{"mysObject":"0x20a16f92","nonSelectedUserId":"('0057F000000TpdFQAS (65 more) ...","pName":"tm Test","selectedUsers":"0x21e600b","usersList":"0x6e35be6e"}|0x368223f6
02:29:21.0 (60422602)|HEAP_ALLOCATE|[24]|Bytes:18
02:29:21.0 (60440181)|HEAP_ALLOCATE|[EXTERNAL]|Bytes:4
02:29:21.0 (60454199)|HEAP_ALLOCATE|[21]|Bytes:5
02:29:21.0 (60465686)|HEAP_ALLOCATE|[21]|Bytes:16
02:29:21.0 (60471902)|VARIABLE_SCOPE_BEGIN|[21]|spja|ProjectJobAssociation__c|true|false
02:29:21.0 (60485416)|VARIABLE_ASSIGNMENT|[21]|spja|{"Name":"A-0006","UserLink__c":"0057F000000Tz0iQAC","Id":"a087F000009HOLXQA4"}|0x6ac376e4
02:29:21.0 (60490801)|STATEMENT_EXECUTE|[21]
02:29:21.0 (60491950)|STATEMENT_EXECUTE|[22]
02:29:21.0 (60501058)|HEAP_ALLOCATE|[22]|Bytes:4
02:29:21.0 (60616965)|SOQL_EXECUTE_BEGIN|[22]|Aggregations:0|SELECT Id, Name FROM User WHERE Id = :tmpVar1
02:29:21.0 (63201418)|SOQL_EXECUTE_END|[22]|Rows:1
02:29:21.0 (63217763)|HEAP_ALLOCATE|[22]|Bytes:8
02:29:21.0 (63228573)|HEAP_ALLOCATE|[22]|Bytes:42
02:29:21.0 (63255745)|HEAP_ALLOCATE|[22]|Bytes:8
02:29:21.0 (63271947)|HEAP_ALLOCATE|[22]|Bytes:12
02:29:21.0 (63278186)|VARIABLE_SCOPE_BEGIN|[22]|user1|User|true|false
02:29:21.0 (63295010)|VARIABLE_ASSIGNMENT|[22]|user1|{"Id":"0057F000000Tz0iQAC","Name":"Richa"}|0x5262610d
02:29:21.0 (63301203)|STATEMENT_EXECUTE|[23]
02:29:21.0 (63323104)|HEAP_ALLOCATE|[23]|Bytes:18
02:29:21.0 (63334796)|HEAP_ALLOCATE|[23]|Bytes:21
02:29:21.0 (63339822)|HEAP_ALLOCATE|[23]|Bytes:106
02:29:21.0 (63350738)|VARIABLE_ASSIGNMENT|[23]|this.nonSelectedUserId|"('0057F000000TpdFQAS (86 more) ..."|0x368223f6
02:29:21.0 (63356387)|STATEMENT_EXECUTE|[24]
02:29:21.0 (63382490)|VARIABLE_ASSIGNMENT|[EXTERNAL]|this|{"mysObject":"0x20a16f92","nonSelectedUserId":"('0057F000000TpdFQAS (86 more) ...","pName":"tm Test","selectedUsers":"0x21e600b","usersList":"0x6e35be6e"}|0x368223f6
02:29:21.0 (63400517)|HEAP_ALLOCATE|[24]|Bytes:18
02:29:21.0 (63414467)|HEAP_ALLOCATE|[EXTERNAL]|Bytes:4
02:29:21.0 (63428461)|HEAP_ALLOCATE|[21]|Bytes:5
02:29:21.0 (63439585)|VARIABLE_ASSIGNMENT|[21]|spja|null|
02:29:21.0 (63444762)|STATEMENT_EXECUTE|[26]
02:29:21.0 (63483900)|HEAP_ALLOCATE|[26]|Bytes:105
02:29:21.0 (63497389)|VARIABLE_ASSIGNMENT|[26]|this.nonSelectedUserId|"('0057F000000TpdFQAS (85 more) ..."|0x368223f6
02:29:21.0 (63502683)|STATEMENT_EXECUTE|[27]
02:29:21.0 (63505604)|HEAP_ALLOCATE|[27]|Bytes:1
02:29:21.0 (63510960)|HEAP_ALLOCATE|[27]|Bytes:106
02:29:21.0 (63516899)|VARIABLE_ASSIGNMENT|[27]|this.nonSelectedUserId|"('0057F000000TpdFQAS (86 more) ..."|0x368223f6
02:29:21.0 (63526434)|SYSTEM_MODE_EXIT|false
02:29:21.0 (63619019)|SYSTEM_MODE_ENTER|true
02:29:21.0 (70655578)|SYSTEM_MODE_ENTER|true
02:29:21.0 (70717751)|HEAP_ALLOCATE|[EXTERNAL]|Bytes:164
02:29:21.0 (70732592)|HEAP_ALLOCATE|[EXTERNAL]|Bytes:12
02:29:21.0 (70746463)|METHOD_ENTRY|[5]|01p7F00000Ehg8E|MultiselectController.MultiselectController()
02:29:21.0 (70752480)|STATEMENT_EXECUTE|[5]
02:29:21.0 (70756198)|STATEMENT_EXECUTE|[5]
02:29:21.0 (70767521)|SYSTEM_MODE_ENTER|false
02:29:21.0 (70775232)|HEAP_ALLOCATE|[EXTERNAL]|Bytes:5
02:29:21.0 (70782864)|SYSTEM_MODE_EXIT|false
02:29:21.0 (70791495)|METHOD_EXIT|[5]|MultiselectController
02:29:21.0 (70815908)|HEAP_ALLOCATE|[EXTERNAL]|Bytes:20
02:29:21.0 (70823133)|VARIABLE_SCOPE_BEGIN|[5]|this|MultiselectController|true|false
02:29:21.0 (70849953)|VARIABLE_ASSIGNMENT|[5]|this|{}|0x9feab2b
02:29:21.0 (70863616)|SYSTEM_MODE_ENTER|false
02:29:21.0 (70868797)|HEAP_ALLOCATE|[EXTERNAL]|Bytes:5
02:29:21.0 (70891007)|SYSTEM_MODE_EXIT|false
02:29:21.0 (70895566)|STATEMENT_EXECUTE|[5]
02:29:21.0 (70903066)|SYSTEM_MODE_ENTER|false
02:29:21.0 (70909452)|HEAP_ALLOCATE|[EXTERNAL]|Bytes:5
02:29:21.0 (70914925)|STATEMENT_EXECUTE|[7]
02:29:21.0 (70916630)|STATEMENT_EXECUTE|[8]
02:29:21.0 (70917720)|STATEMENT_EXECUTE|[23]
02:29:21.0 (70919508)|STATEMENT_EXECUTE|[31]
02:29:21.0 (70922599)|SYSTEM_MODE_EXIT|false
02:29:21.0 (71058123)|SYSTEM_MODE_ENTER|true
02:29:21.0 (71093964)|HEAP_ALLOCATE|[EXTERNAL]|Bytes:24
02:29:21.0 (71102257)|VARIABLE_SCOPE_BEGIN|[30]|this|PM_Project_Edit_Controller|true|false
02:29:21.0 (71132329)|VARIABLE_ASSIGNMENT|[30]|this|{"mysObject":"0x20a16f92","nonSelectedUserId":"('0057F000000TpdFQAS (86 more) ...","pName":"tm Test","selectedUsers":"0x21e600b","usersList":"0x6e35be6e"}|0x368223f6
02:29:21.0 (71152227)|SYSTEM_MODE_ENTER|false
02:29:21.0 (71158055)|HEAP_ALLOCATE|[31]|Bytes:5
02:29:21.0 (71162139)|STATEMENT_EXECUTE|[30]
02:29:21.0 (71163293)|STATEMENT_EXECUTE|[31]
02:29:21.0 (71166074)|HEAP_ALLOCATE|[31]|Bytes:62
02:29:21.0 (71179808)|HEAP_ALLOCATE|[31]|Bytes:4
02:29:21.0 (71426171)|SOQL_EXECUTE_BEGIN|[31]|Aggregations:0|SELECT Id, Name FROM UserRole WHERE Name = 'Software Engineer'
02:29:21.0 (74861084)|SOQL_EXECUTE_END|[31]|Rows:1
02:29:21.0 (74879969)|HEAP_ALLOCATE|[31]|Bytes:8
02:29:21.0 (74891832)|HEAP_ALLOCATE|[31]|Bytes:54
02:29:21.0 (74969776)|HEAP_ALLOCATE|[31]|Bytes:8
02:29:21.0 (74985265)|HEAP_ALLOCATE|[31]|Bytes:34
02:29:21.0 (75034008)|HEAP_ALLOCATE|[31]|Bytes:12
02:29:21.0 (75042616)|VARIABLE_SCOPE_BEGIN|[31]|userRole|UserRole|true|false
02:29:21.0 (75060044)|VARIABLE_ASSIGNMENT|[31]|userRole|{"Id":"00E7F000000MdriUAC","Name":"Software Engineer"}|0x4a40504c
02:29:21.0 (75065922)|STATEMENT_EXECUTE|[32]
02:29:21.0 (75087269)|VARIABLE_SCOPE_BEGIN|[32]|userRoleId|Id|false|false
02:29:21.0 (75228958)|VARIABLE_ASSIGNMENT|[32]|userRoleId|"00E7F000000MdriUAC"
02:29:21.0 (75237065)|STATEMENT_EXECUTE|[33]
02:29:21.0 (75241544)|HEAP_ALLOCATE|[33]|Bytes:70
02:29:21.0 (75259876)|HEAP_ALLOCATE|[33]|Bytes:176
02:29:21.0 (75476703)|SOQL_EXECUTE_BEGIN|[33]|Aggregations:0|select Id,Name from User where UserRoleId =: userRoleId and Id not in ('0057F000000TpdFQAS','0057F000000TrBBQA0','0057F000000TrBGQA0','0057F000000TrBVQA0','0057F000000Tz0iQAC')
02:29:21.0 (79540972)|SOQL_EXECUTE_END|[33]|Rows:1
02:29:21.0 (79560479)|HEAP_ALLOCATE|[33]|Bytes:8
02:29:21.0 (79574087)|HEAP_ALLOCATE|[33]|Bytes:44
02:29:21.0 (79606982)|HEAP_ALLOCATE|[33]|Bytes:8
02:29:21.0 (79625158)|VARIABLE_SCOPE_BEGIN|[33]|users|List<User>|true|false
02:29:21.0 (79647735)|VARIABLE_ASSIGNMENT|[33]|users|[{"Id":"0057F000000Tz0sQAC","Name":"Veeresh"}]|0x25a02b35
02:29:21.0 (79778272)|HEAP_ALLOCATE|[34]|Bytes:5
02:29:21.0 (79795069)|HEAP_ALLOCATE|[34]|Bytes:12
02:29:21.0 (79804020)|VARIABLE_SCOPE_BEGIN|[34]|usr|User|true|false
02:29:21.0 (79817530)|VARIABLE_ASSIGNMENT|[34]|usr|{"Id":"0057F000000Tz0sQAC","Name":"Veeresh"}|0x238a2c0f
02:29:21.0 (79824630)|STATEMENT_EXECUTE|[34]
02:29:21.0 (79825944)|STATEMENT_EXECUTE|[35]
02:29:21.0 (79847055)|HEAP_ALLOCATE|[35]|Bytes:18
02:29:21.0 (79905978)|HEAP_ALLOCATE|[EXTERNAL]|Bytes:4
02:29:21.0 (79919971)|HEAP_ALLOCATE|[34]|Bytes:5
02:29:21.0 (79930150)|VARIABLE_ASSIGNMENT|[34]|usr|null|
02:29:21.0 (79935189)|STATEMENT_EXECUTE|[37]
02:29:21.0 (79941461)|SYSTEM_MODE_EXIT|false
02:29:21.0 (80043935)|SYSTEM_MODE_ENTER|true
02:29:21.0 (80095685)|HEAP_ALLOCATE|[EXTERNAL]|Bytes:8
02:29:21.0 (80100851)|HEAP_ALLOCATE|[EXTERNAL]|Bytes:20
02:29:21.0 (80204336)|VARIABLE_ASSIGNMENT|[EXTERNAL]|this.leftOptions|"common.apex.runtime.impl.ScalarList@90f52802"|0x9feab2b
02:29:21.0 (80301814)|SYSTEM_MODE_ENTER|true
02:29:21.0 (80369636)|SYSTEM_MODE_ENTER|true
02:29:21.0 (80407797)|HEAP_ALLOCATE|[EXTERNAL]|Bytes:24
02:29:21.0 (80412647)|HEAP_ALLOCATE|[EXTERNAL]|Bytes:20
02:29:21.0 (80475638)|VARIABLE_ASSIGNMENT|[EXTERNAL]|this.rightOptions|"common.apex.runtime.impl.ScalarList@1977c2b2"|0x9feab2b
02:29:21.0 (80591517)|SYSTEM_MODE_ENTER|true
02:29:21.0 (80777236)|SYSTEM_MODE_ENTER|true
02:29:21.0 (99026491)|SYSTEM_MODE_ENTER|true
02:29:21.0 (99080001)|HEAP_ALLOCATE|[EXTERNAL]|Bytes:8
02:29:21.0 (99088709)|HEAP_ALLOCATE|[EXTERNAL]|Bytes:20
02:29:21.0 (99218670)|VARIABLE_ASSIGNMENT|[EXTERNAL]|this.leftOptions|"common.apex.runtime.impl.ScalarList@90f52802"|0x9feab2b
02:29:21.0 (99302389)|SYSTEM_MODE_ENTER|true
02:29:21.0 (99337782)|HEAP_ALLOCATE|[EXTERNAL]|Bytes:24
02:29:21.0 (99342593)|HEAP_ALLOCATE|[EXTERNAL]|Bytes:20
02:29:21.0 (99406326)|VARIABLE_ASSIGNMENT|[EXTERNAL]|this.rightOptions|"common.apex.runtime.impl.ScalarList@1977c2b2"|0x9feab2b
02:29:21.0 (99921923)|SYSTEM_MODE_ENTER|true
02:29:21.0 (102056407)|SYSTEM_MODE_ENTER|true
02:29:21.0 (102791501)|SYSTEM_MODE_ENTER|true
02:29:21.0 (102867042)|SYSTEM_MODE_ENTER|true
02:29:21.0 (106987489)|VF_SERIALIZE_VIEWSTATE_BEGIN|0667F000004uRC1
02:29:21.0 (110047193)|VF_SERIALIZE_VIEWSTATE_END
02:29:21.112 (112123942)|CUMULATIVE_LIMIT_USAGE
02:29:21.112 (112123942)|LIMIT_USAGE_FOR_NS|(default)|
  Number of SOQL queries: 9 out of 100
  Number of query rows: 13 out of 50000
  Number of SOSL queries: 0 out of 20
  Number of DML statements: 0 out of 150
  Number of DML rows: 0 out of 10000
  Maximum CPU time: 0 out of 10000
  Maximum heap size: 0 out of 6000000
  Number of callouts: 0 out of 100
  Number of Email Invocations: 0 out of 10
  Number of future calls: 0 out of 50
  Number of queueable jobs added to the queue: 0 out of 50
  Number of Mobile Apex push calls: 0 out of 10

02:29:21.112 (112123942)|CUMULATIVE_LIMIT_USAGE_END

02:29:21.0 (112167747)|CODE_UNIT_FINISHED|VF: /apex/PM_Project_Edit
02:29:21.0 (112891865)|EXECUTION_FINISHED
