36.0 APEX_CODE,FINEST;APEX_PROFILING,INFO;CALLOUT,INFO;DB,INFO;SYSTEM,DEBUG;VALIDATION,INFO;VISUALFORCE,INFO;WAVE,INFO;WORKFLOW,INFO
07:46:55.0 (302934)|USER_INFO|[EXTERNAL]|0057F000000Tiz6|ksb994@salesforce.com|Pacific Standard Time|GMT-08:00
07:46:55.0 (336627)|EXECUTION_STARTED
07:46:55.0 (340537)|CODE_UNIT_STARTED|[EXTERNAL]|0667F000004uRC1|VF: /apex/PM_Project_Edit
07:46:55.0 (851353)|VF_DESERIALIZE_VIEWSTATE_BEGIN|0667F000004uRC1
07:46:55.0 (5947559)|HEAP_ALLOCATE|[72]|Bytes:3
07:46:55.0 (5991891)|HEAP_ALLOCATE|[77]|Bytes:152
07:46:55.0 (6008994)|HEAP_ALLOCATE|[342]|Bytes:408
07:46:55.0 (6021011)|HEAP_ALLOCATE|[355]|Bytes:408
07:46:55.0 (6030861)|HEAP_ALLOCATE|[467]|Bytes:48
07:46:55.0 (6057594)|HEAP_ALLOCATE|[139]|Bytes:6
07:46:55.0 (10510014)|VF_DESERIALIZE_VIEWSTATE_END
07:46:55.0 (15424340)|SYSTEM_MODE_ENTER|true
07:46:55.0 (15474063)|HEAP_ALLOCATE|[EXTERNAL]|Bytes:140
07:46:55.0 (15491218)|HEAP_ALLOCATE|[EXTERNAL]|Bytes:20
07:46:55.0 (15498531)|HEAP_ALLOCATE|[EXTERNAL]|Bytes:2
07:46:55.0 (15515260)|METHOD_ENTRY|[1]|01p7F00000Ehro9|PM_Project_Edit_Controller.PM_Project_Edit_Controller()
07:46:55.0 (15525139)|STATEMENT_EXECUTE|[1]
07:46:55.0 (15530851)|STATEMENT_EXECUTE|[1]
07:46:55.0 (15567729)|HEAP_ALLOCATE|[50]|Bytes:5
07:46:55.0 (15595973)|HEAP_ALLOCATE|[56]|Bytes:5
07:46:55.0 (15603833)|HEAP_ALLOCATE|[64]|Bytes:7
07:46:55.0 (15634592)|SYSTEM_MODE_ENTER|false
07:46:55.0 (15654498)|HEAP_ALLOCATE|[EXTERNAL]|Bytes:5
07:46:55.0 (15666958)|SYSTEM_MODE_EXIT|false
07:46:55.0 (15678243)|METHOD_EXIT|[1]|PM_Project_Edit_Controller
07:46:55.0 (28352412)|SYSTEM_MODE_ENTER|true
07:46:55.0 (28383731)|HEAP_ALLOCATE|[EXTERNAL]|Bytes:164
07:46:55.0 (28393232)|HEAP_ALLOCATE|[EXTERNAL]|Bytes:12
07:46:55.0 (28402488)|METHOD_ENTRY|[5]|01p7F00000Ehg8E|MultiselectController.MultiselectController()
07:46:55.0 (28407200)|STATEMENT_EXECUTE|[5]
07:46:55.0 (28410762)|STATEMENT_EXECUTE|[5]
07:46:55.0 (28420179)|SYSTEM_MODE_ENTER|false
07:46:55.0 (28431282)|HEAP_ALLOCATE|[EXTERNAL]|Bytes:5
07:46:55.0 (28441215)|SYSTEM_MODE_EXIT|false
07:46:55.0 (28451676)|METHOD_EXIT|[5]|MultiselectController
07:46:55.0 (28623158)|SYSTEM_MODE_ENTER|true
07:46:55.0 (28961935)|SYSTEM_MODE_ENTER|true
07:46:55.0 (29190657)|HEAP_ALLOCATE|[EXTERNAL]|Bytes:24
07:46:55.0 (29207381)|VARIABLE_SCOPE_BEGIN|[30]|this|PM_Project_Edit_Controller|true|false
07:46:55.0 (29286197)|VARIABLE_ASSIGNMENT|[30]|this|{"nonSelectedUserId":"('0057F000000TrBGQA0 (44 more) ...","pName":"13","project":"0x4e02baa1","selectedUsers":"0x7e7d6315","usersList":"0x6f1d92da"}|0x61c8f95e
07:46:55.0 (29322295)|SYSTEM_MODE_ENTER|false
07:46:55.0 (29332425)|HEAP_ALLOCATE|[31]|Bytes:5
07:46:55.0 (29338202)|STATEMENT_EXECUTE|[30]
07:46:55.0 (29339608)|STATEMENT_EXECUTE|[31]
07:46:55.0 (29343176)|HEAP_ALLOCATE|[31]|Bytes:62
07:46:55.0 (29366441)|HEAP_ALLOCATE|[31]|Bytes:4
07:46:55.0 (29687762)|SOQL_EXECUTE_BEGIN|[31]|Aggregations:0|SELECT Id, Name FROM UserRole WHERE Name = 'Software Engineer'
07:46:55.0 (35182473)|SOQL_EXECUTE_END|[31]|Rows:1
07:46:55.0 (35204263)|HEAP_ALLOCATE|[31]|Bytes:8
07:46:55.0 (35220041)|HEAP_ALLOCATE|[31]|Bytes:54
07:46:55.0 (35331434)|HEAP_ALLOCATE|[31]|Bytes:8
07:46:55.0 (35350988)|HEAP_ALLOCATE|[31]|Bytes:34
07:46:55.0 (35400929)|HEAP_ALLOCATE|[31]|Bytes:12
07:46:55.0 (35409074)|VARIABLE_SCOPE_BEGIN|[31]|userRole|UserRole|true|false
07:46:55.0 (35434654)|VARIABLE_ASSIGNMENT|[31]|userRole|{"Id":"00E7F000000MdriUAC","Name":"Software Engineer"}|0x671cd6c2
07:46:55.0 (35441034)|STATEMENT_EXECUTE|[32]
07:46:55.0 (35470635)|VARIABLE_SCOPE_BEGIN|[32]|userRoleId|Id|false|false
07:46:55.0 (35674465)|VARIABLE_ASSIGNMENT|[32]|userRoleId|"00E7F000000MdriUAC"
07:46:55.0 (35684104)|STATEMENT_EXECUTE|[33]
07:46:55.0 (35688902)|HEAP_ALLOCATE|[33]|Bytes:70
07:46:55.0 (35719622)|HEAP_ALLOCATE|[33]|Bytes:134
07:46:55.0 (37351447)|SOQL_EXECUTE_BEGIN|[33]|Aggregations:0|select Id,Name from User where UserRoleId =: userRoleId and Id not in ('0057F000000TrBGQA0','0057F000000TrBVQA0','0057F000000Tz0iQAC')
07:46:55.0 (42371395)|SOQL_EXECUTE_END|[33]|Rows:3
07:46:55.0 (42394329)|HEAP_ALLOCATE|[33]|Bytes:16
07:46:55.0 (42413897)|HEAP_ALLOCATE|[33]|Bytes:137
07:46:55.0 (42480403)|HEAP_ALLOCATE|[33]|Bytes:16
07:46:55.0 (42504218)|VARIABLE_SCOPE_BEGIN|[33]|users|List<User>|true|false
07:46:55.0 (42540821)|VARIABLE_ASSIGNMENT|[33]|users|[{"Id":"0057F000000TpdFQAS","Name":"Mani Sasank"},{"Id":"0057F000000TrBBQA0","Name":"Santhosh"},{"Id":"0057F000000Tz0sQAC","Name":"Veeresh"}]|0x795d27c5
07:46:55.0 (42786237)|HEAP_ALLOCATE|[34]|Bytes:5
07:46:55.0 (42828935)|HEAP_ALLOCATE|[34]|Bytes:12
07:46:55.0 (42842161)|VARIABLE_SCOPE_BEGIN|[34]|usr|User|true|false
07:46:55.0 (42864725)|VARIABLE_ASSIGNMENT|[34]|usr|{"Id":"0057F000000TpdFQAS","Name":"Mani Sasank"}|0x7e8a75de
07:46:55.0 (42875509)|STATEMENT_EXECUTE|[34]
07:46:55.0 (42877393)|STATEMENT_EXECUTE|[35]
07:46:55.0 (42923582)|HEAP_ALLOCATE|[35]|Bytes:18
07:46:55.0 (43001193)|HEAP_ALLOCATE|[EXTERNAL]|Bytes:4
07:46:55.0 (43026645)|HEAP_ALLOCATE|[34]|Bytes:5
07:46:55.0 (43043574)|HEAP_ALLOCATE|[34]|Bytes:12
07:46:55.0 (43053740)|VARIABLE_SCOPE_BEGIN|[34]|usr|User|true|false
07:46:55.0 (43072866)|VARIABLE_ASSIGNMENT|[34]|usr|{"Id":"0057F000000TrBBQA0","Name":"Santhosh"}|0x6ef916c5
07:46:55.0 (43081174)|STATEMENT_EXECUTE|[34]
07:46:55.0 (43082856)|STATEMENT_EXECUTE|[35]
07:46:55.0 (43094072)|HEAP_ALLOCATE|[35]|Bytes:18
07:46:55.0 (43108091)|HEAP_ALLOCATE|[EXTERNAL]|Bytes:4
07:46:55.0 (43118562)|HEAP_ALLOCATE|[34]|Bytes:5
07:46:55.0 (43127009)|HEAP_ALLOCATE|[34]|Bytes:12
07:46:55.0 (43131856)|VARIABLE_SCOPE_BEGIN|[34]|usr|User|true|false
07:46:55.0 (43143186)|VARIABLE_ASSIGNMENT|[34]|usr|{"Id":"0057F000000Tz0sQAC","Name":"Veeresh"}|0x2d7fe7a5
07:46:55.0 (43148315)|STATEMENT_EXECUTE|[34]
07:46:55.0 (43149383)|STATEMENT_EXECUTE|[35]
07:46:55.0 (43155934)|HEAP_ALLOCATE|[35]|Bytes:18
07:46:55.0 (43168067)|HEAP_ALLOCATE|[EXTERNAL]|Bytes:4
07:46:55.0 (43183230)|HEAP_ALLOCATE|[34]|Bytes:5
07:46:55.0 (43198749)|VARIABLE_ASSIGNMENT|[34]|usr|null|
07:46:55.0 (43207359)|STATEMENT_EXECUTE|[37]
07:46:55.0 (43217958)|SYSTEM_MODE_EXIT|false
07:46:55.0 (43384410)|SYSTEM_MODE_ENTER|true
07:46:55.0 (43629374)|HEAP_ALLOCATE|[EXTERNAL]|Bytes:28
07:46:55.0 (43640527)|HEAP_ALLOCATE|[EXTERNAL]|Bytes:20
07:46:55.0 (43656677)|VARIABLE_ASSIGNMENT|[EXTERNAL]|this.leftOptions|"List of size 6 too large to display"|0x51d80521
07:46:55.0 (43795336)|SYSTEM_MODE_ENTER|true
07:46:55.0 (43881204)|SYSTEM_MODE_ENTER|true
07:46:55.0 (43923978)|HEAP_ALLOCATE|[EXTERNAL]|Bytes:16
07:46:55.0 (43930085)|HEAP_ALLOCATE|[EXTERNAL]|Bytes:20
07:46:55.0 (44083213)|VARIABLE_ASSIGNMENT|[EXTERNAL]|this.rightOptions|"common.apex.runtime.impl.ScalarList@1d5243c9"|0x51d80521
07:46:55.50 (50319335)|CUMULATIVE_LIMIT_USAGE
07:46:55.50 (50319335)|LIMIT_USAGE_FOR_NS|(default)|
  Number of SOQL queries: 2 out of 100
  Number of query rows: 4 out of 50000
  Number of SOSL queries: 0 out of 20
  Number of DML statements: 0 out of 150
  Number of DML rows: 0 out of 10000
  Maximum CPU time: 0 out of 10000
  Maximum heap size: 0 out of 6000000
  Number of callouts: 0 out of 100
  Number of Email Invocations: 0 out of 10
  Number of future calls: 0 out of 50
  Number of queueable jobs added to the queue: 0 out of 50
  Number of Mobile Apex push calls: 0 out of 10

07:46:55.50 (50319335)|CUMULATIVE_LIMIT_USAGE_END

07:46:55.0 (50353826)|CODE_UNIT_FINISHED|VF: /apex/PM_Project_Edit
07:46:55.0 (51084105)|EXECUTION_FINISHED
