36.0 APEX_CODE,FINEST;APEX_PROFILING,INFO;CALLOUT,INFO;DB,INFO;SYSTEM,DEBUG;VALIDATION,INFO;VISUALFORCE,INFO;WAVE,INFO;WORKFLOW,INFO
04:26:40.0 (296843)|USER_INFO|[EXTERNAL]|0057F000000Tiz6|ksb994@salesforce.com|Pacific Standard Time|GMT-08:00
04:26:40.0 (329598)|EXECUTION_STARTED
04:26:40.0 (333377)|CODE_UNIT_STARTED|[EXTERNAL]|0667F000005aHSA|VF: /apex/PM_Job_New
04:26:40.6 (6748907)|SYSTEM_MODE_ENTER|true
04:26:40.6 (6880223)|HEAP_ALLOCATE|[72]|Bytes:3
04:26:40.6 (6920035)|HEAP_ALLOCATE|[77]|Bytes:152
04:26:40.6 (6943757)|HEAP_ALLOCATE|[342]|Bytes:408
04:26:40.6 (6970978)|HEAP_ALLOCATE|[355]|Bytes:408
04:26:40.6 (6998136)|HEAP_ALLOCATE|[467]|Bytes:48
04:26:40.7 (7346103)|SYSTEM_MODE_ENTER|true
04:26:40.7 (7426816)|HEAP_ALLOCATE|[EXTERNAL]|Bytes:8
04:26:40.7 (7436495)|VARIABLE_SCOPE_BEGIN|[88]|this|ApexPage.PageMessagesComponentController|true|false
04:26:40.7 (7471561)|VARIABLE_ASSIGNMENT|[88]|this|{}|0x766c0232
04:26:40.7 (7477365)|VARIABLE_SCOPE_BEGIN|[88]|escape|Boolean|false|false
04:26:40.7 (7484402)|VARIABLE_ASSIGNMENT|[88]|escape|null
04:26:40.7 (7683305)|SYSTEM_MODE_ENTER|true
04:26:40.7 (7716387)|HEAP_ALLOCATE|[EXTERNAL]|Bytes:8
04:26:40.7 (7723947)|VARIABLE_SCOPE_BEGIN|[2]|this|ApexPage.PageMessagesComponentController|true|false
04:26:40.7 (7742591)|VARIABLE_ASSIGNMENT|[2]|this|{}|0x766c0232
04:26:40.0 (11958996)|SYSTEM_MODE_ENTER|true
04:26:40.0 (12211832)|HEAP_ALLOCATE|[EXTERNAL]|Bytes:260
04:26:40.0 (12222509)|HEAP_ALLOCATE|[EXTERNAL]|Bytes:42
04:26:40.0 (12226948)|HEAP_ALLOCATE|[EXTERNAL]|Bytes:8
04:26:40.0 (12235985)|METHOD_ENTRY|[1]|01p7F00000HhQR4|PM_Job_New_Controller.PM_Job_New_Controller()
04:26:40.0 (12241173)|STATEMENT_EXECUTE|[1]
04:26:40.0 (12245588)|STATEMENT_EXECUTE|[1]
04:26:40.0 (12259403)|SYSTEM_MODE_ENTER|false
04:26:40.0 (12267015)|HEAP_ALLOCATE|[EXTERNAL]|Bytes:5
04:26:40.0 (12274388)|SYSTEM_MODE_EXIT|false
04:26:40.0 (12281655)|METHOD_EXIT|[1]|PM_Job_New_Controller
04:26:40.0 (12347192)|HEAP_ALLOCATE|[EXTERNAL]|Bytes:40
04:26:40.0 (12361682)|VARIABLE_SCOPE_BEGIN|[16]|this|PM_Job_New_Controller|true|false
04:26:40.0 (12414057)|VARIABLE_ASSIGNMENT|[16]|this|{}|0x7852886f
04:26:40.0 (12420993)|VARIABLE_SCOPE_BEGIN|[16]|stdController|ApexPages.StandardController|true|false
04:26:40.0 (12559929)|VARIABLE_ASSIGNMENT|[16]|stdController|"StandardController [null]"|0x5f1c3052
04:26:40.0 (12583866)|SYSTEM_MODE_ENTER|false
04:26:40.0 (12591331)|HEAP_ALLOCATE|[17]|Bytes:5
04:26:40.0 (12596362)|STATEMENT_EXECUTE|[1]
04:26:40.0 (12601740)|HEAP_ALLOCATE|[17]|Bytes:5
04:26:40.0 (12604805)|STATEMENT_EXECUTE|[3]
04:26:40.0 (12606098)|STATEMENT_EXECUTE|[4]
04:26:40.0 (12607372)|STATEMENT_EXECUTE|[5]
04:26:40.0 (12608413)|STATEMENT_EXECUTE|[6]
04:26:40.0 (12609379)|STATEMENT_EXECUTE|[7]
04:26:40.0 (12610368)|STATEMENT_EXECUTE|[8]
04:26:40.0 (12611390)|STATEMENT_EXECUTE|[9]
04:26:40.0 (12612363)|STATEMENT_EXECUTE|[10]
04:26:40.0 (12613463)|STATEMENT_EXECUTE|[11]
04:26:40.0 (12630887)|STATEMENT_EXECUTE|[16]
04:26:40.0 (12632363)|STATEMENT_EXECUTE|[17]
04:26:40.0 (12763631)|HEAP_ALLOCATE|[17]|Bytes:4
04:26:40.0 (12793040)|VARIABLE_ASSIGNMENT|[17]|this.job|{}|0x7852886f
04:26:40.0 (12798795)|STATEMENT_EXECUTE|[18]
04:26:40.0 (12802253)|HEAP_ALLOCATE|[18]|Bytes:46
04:26:40.0 (12820103)|HEAP_ALLOCATE|[18]|Bytes:4
04:26:40.0 (14020677)|SOQL_EXECUTE_BEGIN|[18]|Aggregations:0|SELECT Company_project_code__c FROM Project__c
04:26:40.0 (18122122)|SOQL_EXECUTE_END|[18]|Rows:24
04:26:40.0 (18149756)|HEAP_ALLOCATE|[18]|Bytes:100
04:26:40.0 (18206911)|HEAP_ALLOCATE|[18]|Bytes:1692
04:26:40.0 (18248807)|HEAP_ALLOCATE|[18]|Bytes:100
04:26:40.0 (18315305)|VARIABLE_ASSIGNMENT|[EXTERNAL]|this|{"job":"0x49375547"}|0x7852886f
04:26:40.0 (18337149)|VARIABLE_ASSIGNMENT|[EXTERNAL]|value|"List of size 24 too large to display"|0x221b6452
04:26:40.0 (18355178)|VARIABLE_ASSIGNMENT|[4]|this.projectList|"List of size 24 too large to display"|0x7852886f
04:26:40.0 (18368181)|STATEMENT_EXECUTE|[19]
04:26:40.0 (18373373)|HEAP_ALLOCATE|[19]|Bytes:7
04:26:40.0 (18379419)|HEAP_ALLOCATE|[19]|Bytes:4
04:26:40.0 (18397823)|METHOD_ENTRY|[19]|01p7F00000HhQR4|PM_Job_New_Controller.getAllFields(String)
04:26:40.0 (18423284)|VARIABLE_SCOPE_BEGIN|[114]|sobjectname|String|false|false
04:26:40.0 (18436925)|VARIABLE_ASSIGNMENT|[114]|sobjectname|"Task"
04:26:40.0 (18461945)|HEAP_ALLOCATE|[115]|Bytes:5
04:26:40.0 (18468973)|STATEMENT_EXECUTE|[114]
04:26:40.0 (36749682)|HEAP_ALLOCATE|[115]|Bytes:1468
04:26:40.0 (36799560)|STATEMENT_EXECUTE|[115]
04:26:40.0 (36802720)|STATEMENT_EXECUTE|[118]
04:26:40.0 (41205805)|HEAP_ALLOCATE|[118]|Bytes:1468
04:26:40.0 (41675900)|HEAP_ALLOCATE|[118]|Bytes:4
04:26:40.0 (41733044)|HEAP_ALLOCATE|[118]|Bytes:4
04:26:40.0 (42646372)|HEAP_ALLOCATE|[118]|Bytes:160
04:26:40.0 (42663499)|VARIABLE_SCOPE_BEGIN|[118]|fields|Map<String,Schema.SObjectField>|true|false
04:26:40.0 (42875825)|VARIABLE_ASSIGNMENT|[118]|fields|"{accountid=AccountId, activitydate=ActivityDate, calldisposition=CallDisposition, calldurationinseconds=CallDurationInSeconds, callobject=CallObject, calltype=CallType, createdbyid=CreatedById, createddate=CreatedDate, description=Description, id=Id, ...}"|0x1fcad1d1
04:26:40.0 (42888877)|STATEMENT_EXECUTE|[119]
04:26:40.0 (42903797)|HEAP_ALLOCATE|[119]|Bytes:4
04:26:40.0 (42939266)|VARIABLE_SCOPE_BEGIN|[119]|accessiblefields|List<String>|true|false
04:26:40.0 (42965937)|HEAP_ALLOCATE|[EXTERNAL]|Bytes:4
04:26:40.0 (42976889)|VARIABLE_ASSIGNMENT|[119]|accessiblefields|[]|0x7e49f79f
04:26:40.0 (43027161)|HEAP_ALLOCATE|[EXTERNAL]|Bytes:160
04:26:40.0 (43046906)|HEAP_ALLOCATE|[120]|Bytes:160
04:26:40.0 (43080212)|HEAP_ALLOCATE|[120]|Bytes:5
04:26:40.0 (43100617)|VARIABLE_SCOPE_BEGIN|[120]|field|Schema.SObjectField|true|false
04:26:40.0 (43169188)|VARIABLE_ASSIGNMENT|[120]|field|"common.apex.runtime.impl.ApexFieldToken@4249d0da"|0x4249d0da
04:26:40.0 (43177710)|STATEMENT_EXECUTE|[120]
04:26:40.0 (43612556)|HEAP_ALLOCATE|[121]|Bytes:8
04:26:40.0 (43639284)|STATEMENT_EXECUTE|[122]
04:26:40.0 (43683837)|HEAP_ALLOCATE|[122]|Bytes:8
04:26:40.0 (43707985)|HEAP_ALLOCATE|[122]|Bytes:2
04:26:40.0 (43725407)|HEAP_ALLOCATE|[EXTERNAL]|Bytes:4
04:26:40.0 (43741144)|HEAP_ALLOCATE|[120]|Bytes:5
04:26:40.0 (43756820)|VARIABLE_SCOPE_BEGIN|[120]|field|Schema.SObjectField|true|false
04:26:40.0 (43829423)|VARIABLE_ASSIGNMENT|[120]|field|"common.apex.runtime.impl.ApexFieldToken@b44d51b"|0xb44d51b
04:26:40.0 (43837988)|STATEMENT_EXECUTE|[120]
04:26:40.0 (44309879)|HEAP_ALLOCATE|[121]|Bytes:8
04:26:40.0 (44334936)|STATEMENT_EXECUTE|[122]
04:26:40.0 (44361327)|HEAP_ALLOCATE|[122]|Bytes:8
04:26:40.0 (44372500)|HEAP_ALLOCATE|[122]|Bytes:5
04:26:40.0 (44382046)|HEAP_ALLOCATE|[EXTERNAL]|Bytes:4
04:26:40.0 (44396642)|HEAP_ALLOCATE|[120]|Bytes:5
04:26:40.0 (44412170)|VARIABLE_SCOPE_BEGIN|[120]|field|Schema.SObjectField|true|false
04:26:40.0 (44481590)|VARIABLE_ASSIGNMENT|[120]|field|"common.apex.runtime.impl.ApexFieldToken@3a003ee3"|0x3a003ee3
04:26:40.0 (44490452)|STATEMENT_EXECUTE|[120]
04:26:40.0 (44827515)|HEAP_ALLOCATE|[121]|Bytes:8
04:26:40.0 (44851823)|STATEMENT_EXECUTE|[122]
04:26:40.0 (44893596)|HEAP_ALLOCATE|[122]|Bytes:8
04:26:40.0 (44912993)|HEAP_ALLOCATE|[122]|Bytes:6
04:26:40.0 (44928845)|HEAP_ALLOCATE|[EXTERNAL]|Bytes:4
04:26:40.0 (44951718)|HEAP_ALLOCATE|[120]|Bytes:5
04:26:40.0 (44978222)|VARIABLE_SCOPE_BEGIN|[120]|field|Schema.SObjectField|true|false
04:26:40.0 (45060534)|VARIABLE_ASSIGNMENT|[120]|field|"common.apex.runtime.impl.ApexFieldToken@38ee74d8"|0x38ee74d8
04:26:40.0 (45070016)|STATEMENT_EXECUTE|[120]
04:26:40.0 (45235355)|HEAP_ALLOCATE|[121]|Bytes:8
04:26:40.0 (45259404)|STATEMENT_EXECUTE|[122]
04:26:40.0 (45296316)|HEAP_ALLOCATE|[122]|Bytes:8
04:26:40.0 (45314288)|HEAP_ALLOCATE|[122]|Bytes:7
04:26:40.0 (45328506)|HEAP_ALLOCATE|[EXTERNAL]|Bytes:4
04:26:40.0 (45350383)|HEAP_ALLOCATE|[120]|Bytes:5
04:26:40.0 (45376611)|VARIABLE_SCOPE_BEGIN|[120]|field|Schema.SObjectField|true|false
04:26:40.0 (45478171)|VARIABLE_ASSIGNMENT|[120]|field|"common.apex.runtime.impl.ApexFieldToken@34adbc1f"|0x34adbc1f
04:26:40.0 (45492266)|STATEMENT_EXECUTE|[120]
04:26:40.0 (45654515)|HEAP_ALLOCATE|[121]|Bytes:8
04:26:40.0 (45675362)|STATEMENT_EXECUTE|[122]
04:26:40.0 (45703775)|HEAP_ALLOCATE|[122]|Bytes:8
04:26:40.0 (45718730)|HEAP_ALLOCATE|[122]|Bytes:12
04:26:40.0 (45732165)|HEAP_ALLOCATE|[EXTERNAL]|Bytes:4
04:26:40.0 (45751945)|HEAP_ALLOCATE|[120]|Bytes:5
04:26:40.0 (45774066)|VARIABLE_SCOPE_BEGIN|[120]|field|Schema.SObjectField|true|false
04:26:40.0 (45871214)|VARIABLE_ASSIGNMENT|[120]|field|"common.apex.runtime.impl.ApexFieldToken@19ec4b9c"|0x19ec4b9c
04:26:40.0 (45885461)|STATEMENT_EXECUTE|[120]
04:26:40.0 (46013305)|HEAP_ALLOCATE|[121]|Bytes:8
04:26:40.0 (46030146)|STATEMENT_EXECUTE|[122]
04:26:40.0 (46049555)|HEAP_ALLOCATE|[122]|Bytes:8
04:26:40.0 (46058741)|HEAP_ALLOCATE|[122]|Bytes:6
04:26:40.0 (46067800)|HEAP_ALLOCATE|[EXTERNAL]|Bytes:4
04:26:40.0 (46081485)|HEAP_ALLOCATE|[120]|Bytes:5
04:26:40.0 (46096338)|VARIABLE_SCOPE_BEGIN|[120]|field|Schema.SObjectField|true|false
04:26:40.0 (46190635)|VARIABLE_ASSIGNMENT|[120]|field|"common.apex.runtime.impl.ApexFieldToken@22209964"|0x22209964
04:26:40.0 (46203747)|STATEMENT_EXECUTE|[120]
04:26:40.0 (46315444)|HEAP_ALLOCATE|[121]|Bytes:8
04:26:40.0 (46330742)|STATEMENT_EXECUTE|[122]
04:26:40.0 (46348797)|HEAP_ALLOCATE|[122]|Bytes:8
04:26:40.0 (46357331)|HEAP_ALLOCATE|[122]|Bytes:8
04:26:40.0 (46366531)|HEAP_ALLOCATE|[EXTERNAL]|Bytes:4
04:26:40.0 (46379908)|HEAP_ALLOCATE|[120]|Bytes:5
04:26:40.0 (46394287)|VARIABLE_SCOPE_BEGIN|[120]|field|Schema.SObjectField|true|false
04:26:40.0 (46461294)|VARIABLE_ASSIGNMENT|[120]|field|"common.apex.runtime.impl.ApexFieldToken@6923614c"|0x6923614c
04:26:40.0 (46469654)|STATEMENT_EXECUTE|[120]
04:26:40.0 (46557943)|HEAP_ALLOCATE|[121]|Bytes:8
04:26:40.0 (46571832)|STATEMENT_EXECUTE|[122]
04:26:40.0 (46588267)|HEAP_ALLOCATE|[122]|Bytes:8
04:26:40.0 (46596446)|HEAP_ALLOCATE|[122]|Bytes:14
04:26:40.0 (46605229)|HEAP_ALLOCATE|[EXTERNAL]|Bytes:4
04:26:40.0 (46617653)|HEAP_ALLOCATE|[120]|Bytes:5
04:26:40.0 (46631749)|VARIABLE_SCOPE_BEGIN|[120]|field|Schema.SObjectField|true|false
04:26:40.0 (46697507)|VARIABLE_ASSIGNMENT|[120]|field|"common.apex.runtime.impl.ApexFieldToken@30b76533"|0x30b76533
04:26:40.0 (46705623)|STATEMENT_EXECUTE|[120]
04:26:40.0 (46827162)|HEAP_ALLOCATE|[121]|Bytes:8
04:26:40.0 (46841983)|STATEMENT_EXECUTE|[122]
04:26:40.0 (46863132)|HEAP_ALLOCATE|[122]|Bytes:8
04:26:40.0 (46871895)|HEAP_ALLOCATE|[122]|Bytes:7
04:26:40.0 (46881732)|HEAP_ALLOCATE|[EXTERNAL]|Bytes:4
04:26:40.0 (46894621)|HEAP_ALLOCATE|[120]|Bytes:5
04:26:40.0 (46908288)|VARIABLE_SCOPE_BEGIN|[120]|field|Schema.SObjectField|true|false
04:26:40.0 (46973893)|VARIABLE_ASSIGNMENT|[120]|field|"common.apex.runtime.impl.ApexFieldToken@4b7c6812"|0x4b7c6812
04:26:40.0 (46981865)|STATEMENT_EXECUTE|[120]
04:26:40.0 (47084023)|HEAP_ALLOCATE|[121]|Bytes:8
04:26:40.0 (47099089)|STATEMENT_EXECUTE|[122]
04:26:40.0 (47114877)|HEAP_ALLOCATE|[122]|Bytes:8
04:26:40.0 (47123029)|HEAP_ALLOCATE|[122]|Bytes:11
04:26:40.0 (47131481)|HEAP_ALLOCATE|[EXTERNAL]|Bytes:4
04:26:40.0 (47144028)|HEAP_ALLOCATE|[120]|Bytes:5
04:26:40.0 (47156932)|VARIABLE_SCOPE_BEGIN|[120]|field|Schema.SObjectField|true|false
04:26:40.0 (47221958)|VARIABLE_ASSIGNMENT|[120]|field|"common.apex.runtime.impl.ApexFieldToken@6db123a0"|0x6db123a0
04:26:40.0 (47229868)|STATEMENT_EXECUTE|[120]
04:26:40.0 (47315619)|HEAP_ALLOCATE|[121]|Bytes:8
04:26:40.0 (47329231)|STATEMENT_EXECUTE|[121]
04:26:40.0 (47340087)|HEAP_ALLOCATE|[120]|Bytes:5
04:26:40.0 (47352992)|VARIABLE_SCOPE_BEGIN|[120]|field|Schema.SObjectField|true|false
04:26:40.0 (47417208)|VARIABLE_ASSIGNMENT|[120]|field|"common.apex.runtime.impl.ApexFieldToken@1fea165b"|0x1fea165b
04:26:40.0 (47424995)|STATEMENT_EXECUTE|[120]
04:26:40.0 (47503954)|HEAP_ALLOCATE|[121]|Bytes:8
04:26:40.0 (47517225)|STATEMENT_EXECUTE|[122]
04:26:40.0 (47533182)|HEAP_ALLOCATE|[122]|Bytes:8
04:26:40.0 (47541406)|HEAP_ALLOCATE|[122]|Bytes:9
04:26:40.0 (47549724)|HEAP_ALLOCATE|[EXTERNAL]|Bytes:4
04:26:40.0 (47562380)|HEAP_ALLOCATE|[120]|Bytes:5
04:26:40.0 (47575300)|VARIABLE_SCOPE_BEGIN|[120]|field|Schema.SObjectField|true|false
04:26:40.0 (47639375)|VARIABLE_ASSIGNMENT|[120]|field|"common.apex.runtime.impl.ApexFieldToken@147f6668"|0x147f6668
04:26:40.0 (47646895)|STATEMENT_EXECUTE|[120]
04:26:40.0 (47758250)|HEAP_ALLOCATE|[121]|Bytes:8
04:26:40.0 (47771680)|STATEMENT_EXECUTE|[122]
04:26:40.0 (47787486)|HEAP_ALLOCATE|[122]|Bytes:8
04:26:40.0 (47797172)|HEAP_ALLOCATE|[122]|Bytes:9
04:26:40.0 (47805655)|HEAP_ALLOCATE|[EXTERNAL]|Bytes:4
04:26:40.0 (47818172)|HEAP_ALLOCATE|[120]|Bytes:5
04:26:40.0 (47831341)|VARIABLE_SCOPE_BEGIN|[120]|field|Schema.SObjectField|true|false
04:26:40.0 (47900441)|VARIABLE_ASSIGNMENT|[120]|field|"common.apex.runtime.impl.ApexFieldToken@3c6bb00d"|0x3c6bb00d
04:26:40.0 (47908765)|STATEMENT_EXECUTE|[120]
04:26:40.0 (47989319)|HEAP_ALLOCATE|[121]|Bytes:8
04:26:40.0 (48002567)|STATEMENT_EXECUTE|[122]
04:26:40.0 (48018890)|HEAP_ALLOCATE|[122]|Bytes:8
04:26:40.0 (48026712)|HEAP_ALLOCATE|[122]|Bytes:8
04:26:40.0 (48034880)|HEAP_ALLOCATE|[EXTERNAL]|Bytes:4
04:26:40.0 (48047714)|HEAP_ALLOCATE|[120]|Bytes:5
04:26:40.0 (48060178)|VARIABLE_SCOPE_BEGIN|[120]|field|Schema.SObjectField|true|false
04:26:40.0 (48126706)|VARIABLE_ASSIGNMENT|[120]|field|"common.apex.runtime.impl.ApexFieldToken@58a32803"|0x58a32803
04:26:40.0 (48134566)|STATEMENT_EXECUTE|[120]
04:26:40.0 (48229671)|HEAP_ALLOCATE|[121]|Bytes:8
04:26:40.0 (48243187)|STATEMENT_EXECUTE|[122]
04:26:40.0 (48259098)|HEAP_ALLOCATE|[122]|Bytes:8
04:26:40.0 (48269520)|HEAP_ALLOCATE|[122]|Bytes:11
04:26:40.0 (48278107)|HEAP_ALLOCATE|[EXTERNAL]|Bytes:4
04:26:40.0 (48290543)|HEAP_ALLOCATE|[120]|Bytes:5
04:26:40.0 (48303230)|VARIABLE_SCOPE_BEGIN|[120]|field|Schema.SObjectField|true|false
04:26:40.0 (48368857)|VARIABLE_ASSIGNMENT|[120]|field|"common.apex.runtime.impl.ApexFieldToken@1734a582"|0x1734a582
04:26:40.0 (48377187)|STATEMENT_EXECUTE|[120]
04:26:40.0 (48475968)|HEAP_ALLOCATE|[121]|Bytes:8
04:26:40.0 (48489810)|STATEMENT_EXECUTE|[122]
04:26:40.0 (48504870)|HEAP_ALLOCATE|[122]|Bytes:8
04:26:40.0 (48513244)|HEAP_ALLOCATE|[122]|Bytes:11
04:26:40.0 (48521747)|HEAP_ALLOCATE|[EXTERNAL]|Bytes:4
04:26:40.0 (48533885)|HEAP_ALLOCATE|[120]|Bytes:5
04:26:40.0 (48546742)|VARIABLE_SCOPE_BEGIN|[120]|field|Schema.SObjectField|true|false
04:26:40.0 (48610696)|VARIABLE_ASSIGNMENT|[120]|field|"common.apex.runtime.impl.ApexFieldToken@7817cd2a"|0x7817cd2a
04:26:40.0 (48618515)|STATEMENT_EXECUTE|[120]
04:26:40.0 (48710988)|HEAP_ALLOCATE|[121]|Bytes:8
04:26:40.0 (48724524)|STATEMENT_EXECUTE|[122]
04:26:40.0 (48744044)|HEAP_ALLOCATE|[122]|Bytes:8
04:26:40.0 (48752484)|HEAP_ALLOCATE|[122]|Bytes:16
04:26:40.0 (48760762)|HEAP_ALLOCATE|[EXTERNAL]|Bytes:4
04:26:40.0 (48773352)|HEAP_ALLOCATE|[120]|Bytes:5
04:26:40.0 (48785913)|VARIABLE_SCOPE_BEGIN|[120]|field|Schema.SObjectField|true|false
04:26:40.0 (48858547)|VARIABLE_ASSIGNMENT|[120]|field|"common.apex.runtime.impl.ApexFieldToken@191df1fd"|0x191df1fd
04:26:40.0 (48867018)|STATEMENT_EXECUTE|[120]
04:26:40.0 (48980664)|HEAP_ALLOCATE|[121]|Bytes:8
04:26:40.0 (49001759)|STATEMENT_EXECUTE|[122]
04:26:40.0 (49029591)|HEAP_ALLOCATE|[122]|Bytes:8
04:26:40.0 (49040225)|HEAP_ALLOCATE|[122]|Bytes:16
04:26:40.0 (49049157)|HEAP_ALLOCATE|[EXTERNAL]|Bytes:4
04:26:40.0 (49062362)|HEAP_ALLOCATE|[120]|Bytes:5
04:26:40.0 (49075644)|VARIABLE_SCOPE_BEGIN|[120]|field|Schema.SObjectField|true|false
04:26:40.0 (49142963)|VARIABLE_ASSIGNMENT|[120]|field|"common.apex.runtime.impl.ApexFieldToken@583f31ed"|0x583f31ed
04:26:40.0 (49155355)|STATEMENT_EXECUTE|[120]
04:26:40.0 (49252030)|HEAP_ALLOCATE|[121]|Bytes:8
04:26:40.0 (49267160)|STATEMENT_EXECUTE|[122]
04:26:40.0 (49284094)|HEAP_ALLOCATE|[122]|Bytes:8
04:26:40.0 (49292262)|HEAP_ALLOCATE|[122]|Bytes:14
04:26:40.0 (49300953)|HEAP_ALLOCATE|[EXTERNAL]|Bytes:4
04:26:40.0 (49313473)|HEAP_ALLOCATE|[120]|Bytes:5
04:26:40.0 (49326347)|VARIABLE_SCOPE_BEGIN|[120]|field|Schema.SObjectField|true|false
04:26:40.0 (49392151)|VARIABLE_ASSIGNMENT|[120]|field|"common.apex.runtime.impl.ApexFieldToken@6a9597dd"|0x6a9597dd
04:26:40.0 (49404058)|STATEMENT_EXECUTE|[120]
04:26:40.0 (49504596)|HEAP_ALLOCATE|[121]|Bytes:8
04:26:40.0 (49518649)|STATEMENT_EXECUTE|[122]
04:26:40.0 (49534961)|HEAP_ALLOCATE|[122]|Bytes:8
04:26:40.0 (49542888)|HEAP_ALLOCATE|[122]|Bytes:10
04:26:40.0 (49551087)|HEAP_ALLOCATE|[EXTERNAL]|Bytes:4
04:26:40.0 (49563103)|HEAP_ALLOCATE|[120]|Bytes:5
04:26:40.0 (49575401)|VARIABLE_SCOPE_BEGIN|[120]|field|Schema.SObjectField|true|false
04:26:40.0 (49640621)|VARIABLE_ASSIGNMENT|[120]|field|"common.apex.runtime.impl.ApexFieldToken@2c2d6938"|0x2c2d6938
04:26:40.0 (49648569)|STATEMENT_EXECUTE|[120]
04:26:40.0 (49743079)|HEAP_ALLOCATE|[121]|Bytes:8
04:26:40.0 (49757078)|STATEMENT_EXECUTE|[122]
04:26:40.0 (49772851)|HEAP_ALLOCATE|[122]|Bytes:8
04:26:40.0 (49780792)|HEAP_ALLOCATE|[122]|Bytes:21
04:26:40.0 (49789007)|HEAP_ALLOCATE|[EXTERNAL]|Bytes:4
04:26:40.0 (49804908)|HEAP_ALLOCATE|[120]|Bytes:5
04:26:40.0 (49820305)|VARIABLE_SCOPE_BEGIN|[120]|field|Schema.SObjectField|true|false
04:26:40.0 (49889892)|VARIABLE_ASSIGNMENT|[120]|field|"common.apex.runtime.impl.ApexFieldToken@5ac9e759"|0x5ac9e759
04:26:40.0 (49898163)|STATEMENT_EXECUTE|[120]
04:26:40.0 (49988996)|HEAP_ALLOCATE|[121]|Bytes:8
04:26:40.0 (50002728)|STATEMENT_EXECUTE|[122]
04:26:40.0 (50019303)|HEAP_ALLOCATE|[122]|Bytes:8
04:26:40.0 (50027150)|HEAP_ALLOCATE|[122]|Bytes:8
04:26:40.0 (50035347)|HEAP_ALLOCATE|[EXTERNAL]|Bytes:4
04:26:40.0 (50047308)|HEAP_ALLOCATE|[120]|Bytes:5
04:26:40.0 (50059405)|VARIABLE_SCOPE_BEGIN|[120]|field|Schema.SObjectField|true|false
04:26:40.0 (50123263)|VARIABLE_ASSIGNMENT|[120]|field|"common.apex.runtime.impl.ApexFieldToken@7bd805b4"|0x7bd805b4
04:26:40.0 (50130599)|STATEMENT_EXECUTE|[120]
04:26:40.0 (50251116)|HEAP_ALLOCATE|[121]|Bytes:8
04:26:40.0 (50271100)|STATEMENT_EXECUTE|[122]
04:26:40.0 (50301588)|HEAP_ALLOCATE|[122]|Bytes:8
04:26:40.0 (50318675)|HEAP_ALLOCATE|[122]|Bytes:15
04:26:40.0 (50332639)|HEAP_ALLOCATE|[EXTERNAL]|Bytes:4
04:26:40.0 (50356057)|HEAP_ALLOCATE|[120]|Bytes:5
04:26:40.0 (50380995)|VARIABLE_SCOPE_BEGIN|[120]|field|Schema.SObjectField|true|false
04:26:40.0 (50479845)|VARIABLE_ASSIGNMENT|[120]|field|"common.apex.runtime.impl.ApexFieldToken@3db54e6d"|0x3db54e6d
04:26:40.0 (50492016)|STATEMENT_EXECUTE|[120]
04:26:40.0 (50635092)|HEAP_ALLOCATE|[121]|Bytes:8
04:26:40.0 (50657813)|STATEMENT_EXECUTE|[122]
04:26:40.0 (50691444)|HEAP_ALLOCATE|[122]|Bytes:8
04:26:40.0 (50709455)|HEAP_ALLOCATE|[122]|Bytes:10
04:26:40.0 (50723835)|HEAP_ALLOCATE|[EXTERNAL]|Bytes:4
04:26:40.0 (50746478)|HEAP_ALLOCATE|[120]|Bytes:5
04:26:40.0 (50772768)|VARIABLE_SCOPE_BEGIN|[120]|field|Schema.SObjectField|true|false
04:26:40.0 (50881917)|VARIABLE_ASSIGNMENT|[120]|field|"common.apex.runtime.impl.ApexFieldToken@7a96944a"|0x7a96944a
04:26:40.0 (50896120)|STATEMENT_EXECUTE|[120]
04:26:40.0 (51038930)|HEAP_ALLOCATE|[121]|Bytes:8
04:26:40.0 (51062675)|STATEMENT_EXECUTE|[122]
04:26:40.0 (51096796)|HEAP_ALLOCATE|[122]|Bytes:8
04:26:40.0 (51114781)|HEAP_ALLOCATE|[122]|Bytes:16
04:26:40.0 (51130459)|HEAP_ALLOCATE|[EXTERNAL]|Bytes:4
04:26:40.0 (51152619)|HEAP_ALLOCATE|[120]|Bytes:5
04:26:40.0 (51178521)|VARIABLE_SCOPE_BEGIN|[120]|field|Schema.SObjectField|true|false
04:26:40.0 (51281613)|VARIABLE_ASSIGNMENT|[120]|field|"common.apex.runtime.impl.ApexFieldToken@6f70576e"|0x6f70576e
04:26:40.0 (51295250)|STATEMENT_EXECUTE|[120]
04:26:40.0 (51431780)|HEAP_ALLOCATE|[121]|Bytes:8
04:26:40.0 (51453832)|STATEMENT_EXECUTE|[122]
04:26:40.0 (51485560)|HEAP_ALLOCATE|[122]|Bytes:8
04:26:40.0 (51502465)|HEAP_ALLOCATE|[122]|Bytes:13
04:26:40.0 (51517932)|HEAP_ALLOCATE|[EXTERNAL]|Bytes:4
04:26:40.0 (51540094)|HEAP_ALLOCATE|[120]|Bytes:5
04:26:40.0 (51566265)|VARIABLE_SCOPE_BEGIN|[120]|field|Schema.SObjectField|true|false
04:26:40.0 (51668773)|VARIABLE_ASSIGNMENT|[120]|field|"common.apex.runtime.impl.ApexFieldToken@54be1a91"|0x54be1a91
04:26:40.0 (51682230)|STATEMENT_EXECUTE|[120]
04:26:40.0 (51863331)|HEAP_ALLOCATE|[121]|Bytes:8
04:26:40.0 (51887699)|STATEMENT_EXECUTE|[122]
04:26:40.0 (51920875)|HEAP_ALLOCATE|[122]|Bytes:8
04:26:40.0 (51938198)|HEAP_ALLOCATE|[122]|Bytes:20
04:26:40.0 (51951792)|HEAP_ALLOCATE|[EXTERNAL]|Bytes:4
04:26:40.0 (51971933)|HEAP_ALLOCATE|[120]|Bytes:5
04:26:40.0 (51995763)|VARIABLE_SCOPE_BEGIN|[120]|field|Schema.SObjectField|true|false
04:26:40.0 (52099469)|VARIABLE_ASSIGNMENT|[120]|field|"common.apex.runtime.impl.ApexFieldToken@436fe04d"|0x436fe04d
04:26:40.0 (52114693)|STATEMENT_EXECUTE|[120]
04:26:40.0 (52275376)|HEAP_ALLOCATE|[121]|Bytes:8
04:26:40.0 (52298332)|STATEMENT_EXECUTE|[122]
04:26:40.0 (52336543)|HEAP_ALLOCATE|[122]|Bytes:8
04:26:40.0 (52356532)|HEAP_ALLOCATE|[122]|Bytes:12
04:26:40.0 (52372187)|HEAP_ALLOCATE|[EXTERNAL]|Bytes:4
04:26:40.0 (52394017)|HEAP_ALLOCATE|[120]|Bytes:5
04:26:40.0 (52418524)|VARIABLE_SCOPE_BEGIN|[120]|field|Schema.SObjectField|true|false
04:26:40.0 (52521047)|VARIABLE_ASSIGNMENT|[120]|field|"common.apex.runtime.impl.ApexFieldToken@d1508ae"|0xd1508ae
04:26:40.0 (52535739)|STATEMENT_EXECUTE|[120]
04:26:40.0 (52680122)|HEAP_ALLOCATE|[121]|Bytes:8
04:26:40.0 (52701429)|STATEMENT_EXECUTE|[122]
04:26:40.0 (52732900)|HEAP_ALLOCATE|[122]|Bytes:8
04:26:40.0 (52747705)|HEAP_ALLOCATE|[122]|Bytes:23
04:26:40.0 (52759858)|HEAP_ALLOCATE|[EXTERNAL]|Bytes:4
04:26:40.0 (52779698)|HEAP_ALLOCATE|[120]|Bytes:5
04:26:40.0 (52802931)|VARIABLE_SCOPE_BEGIN|[120]|field|Schema.SObjectField|true|false
04:26:40.0 (52885015)|VARIABLE_ASSIGNMENT|[120]|field|"common.apex.runtime.impl.ApexFieldToken@60b3f545"|0x60b3f545
04:26:40.0 (52893756)|STATEMENT_EXECUTE|[120]
04:26:40.0 (53037293)|HEAP_ALLOCATE|[121]|Bytes:8
04:26:40.0 (53060921)|STATEMENT_EXECUTE|[122]
04:26:40.0 (53093636)|HEAP_ALLOCATE|[122]|Bytes:8
04:26:40.0 (53114270)|HEAP_ALLOCATE|[122]|Bytes:21
04:26:40.0 (53128520)|HEAP_ALLOCATE|[EXTERNAL]|Bytes:4
04:26:40.0 (53149420)|HEAP_ALLOCATE|[120]|Bytes:5
04:26:40.0 (53172982)|VARIABLE_SCOPE_BEGIN|[120]|field|Schema.SObjectField|true|false
04:26:40.0 (53276430)|VARIABLE_ASSIGNMENT|[120]|field|"common.apex.runtime.impl.ApexFieldToken@44fd1150"|0x44fd1150
04:26:40.0 (53289949)|STATEMENT_EXECUTE|[120]
04:26:40.0 (53431007)|HEAP_ALLOCATE|[121]|Bytes:8
04:26:40.0 (53452631)|STATEMENT_EXECUTE|[122]
04:26:40.0 (53479735)|HEAP_ALLOCATE|[122]|Bytes:8
04:26:40.0 (53495621)|HEAP_ALLOCATE|[122]|Bytes:24
04:26:40.0 (53509208)|HEAP_ALLOCATE|[EXTERNAL]|Bytes:4
04:26:40.0 (53527740)|HEAP_ALLOCATE|[120]|Bytes:5
04:26:40.0 (53545358)|VARIABLE_SCOPE_BEGIN|[120]|field|Schema.SObjectField|true|false
04:26:40.0 (53621790)|VARIABLE_ASSIGNMENT|[120]|field|"common.apex.runtime.impl.ApexFieldToken@782cec0a"|0x782cec0a
04:26:40.0 (53632146)|STATEMENT_EXECUTE|[120]
04:26:40.0 (53756766)|HEAP_ALLOCATE|[121]|Bytes:8
04:26:40.0 (53777814)|STATEMENT_EXECUTE|[122]
04:26:40.0 (53809353)|HEAP_ALLOCATE|[122]|Bytes:8
04:26:40.0 (53824843)|HEAP_ALLOCATE|[122]|Bytes:14
04:26:40.0 (53837828)|HEAP_ALLOCATE|[EXTERNAL]|Bytes:4
04:26:40.0 (53861394)|HEAP_ALLOCATE|[120]|Bytes:5
04:26:40.0 (53883275)|VARIABLE_SCOPE_BEGIN|[120]|field|Schema.SObjectField|true|false
04:26:40.0 (53952658)|VARIABLE_ASSIGNMENT|[120]|field|"common.apex.runtime.impl.ApexFieldToken@5d59cbd9"|0x5d59cbd9
04:26:40.0 (53961060)|STATEMENT_EXECUTE|[120]
04:26:40.0 (54061604)|HEAP_ALLOCATE|[121]|Bytes:8
04:26:40.0 (54083203)|STATEMENT_EXECUTE|[122]
04:26:40.0 (54109791)|HEAP_ALLOCATE|[122]|Bytes:8
04:26:40.0 (54120123)|HEAP_ALLOCATE|[122]|Bytes:18
04:26:40.0 (54129661)|HEAP_ALLOCATE|[EXTERNAL]|Bytes:4
04:26:40.0 (54142841)|HEAP_ALLOCATE|[120]|Bytes:5
04:26:40.0 (54157079)|VARIABLE_SCOPE_BEGIN|[120]|field|Schema.SObjectField|true|false
04:26:40.0 (54226874)|VARIABLE_ASSIGNMENT|[120]|field|"common.apex.runtime.impl.ApexFieldToken@223f04ea"|0x223f04ea
04:26:40.0 (54235461)|STATEMENT_EXECUTE|[120]
04:26:40.0 (54351797)|HEAP_ALLOCATE|[121]|Bytes:8
04:26:40.0 (54366974)|STATEMENT_EXECUTE|[122]
04:26:40.0 (54384393)|HEAP_ALLOCATE|[122]|Bytes:8
04:26:40.0 (54392920)|HEAP_ALLOCATE|[122]|Bytes:23
04:26:40.0 (54402150)|HEAP_ALLOCATE|[EXTERNAL]|Bytes:4
04:26:40.0 (54415175)|HEAP_ALLOCATE|[120]|Bytes:5
04:26:40.0 (54429124)|VARIABLE_SCOPE_BEGIN|[120]|field|Schema.SObjectField|true|false
04:26:40.0 (54495523)|VARIABLE_ASSIGNMENT|[120]|field|"common.apex.runtime.impl.ApexFieldToken@e64e66c"|0xe64e66c
04:26:40.0 (54503975)|STATEMENT_EXECUTE|[120]
04:26:40.0 (54597145)|HEAP_ALLOCATE|[121]|Bytes:8
04:26:40.0 (54613460)|STATEMENT_EXECUTE|[122]
04:26:40.0 (54645655)|HEAP_ALLOCATE|[122]|Bytes:8
04:26:40.0 (54661233)|HEAP_ALLOCATE|[122]|Bytes:20
04:26:40.0 (54674262)|HEAP_ALLOCATE|[EXTERNAL]|Bytes:4
04:26:40.0 (54694639)|HEAP_ALLOCATE|[120]|Bytes:5
04:26:40.0 (54714577)|VARIABLE_SCOPE_BEGIN|[120]|field|Schema.SObjectField|true|false
04:26:40.0 (54781952)|VARIABLE_ASSIGNMENT|[120]|field|"common.apex.runtime.impl.ApexFieldToken@11371716"|0x11371716
04:26:40.0 (54790066)|STATEMENT_EXECUTE|[120]
04:26:40.0 (54894284)|HEAP_ALLOCATE|[121]|Bytes:8
04:26:40.0 (54909017)|STATEMENT_EXECUTE|[122]
04:26:40.0 (54925825)|HEAP_ALLOCATE|[122]|Bytes:8
04:26:40.0 (54934194)|HEAP_ALLOCATE|[122]|Bytes:18
04:26:40.0 (54942562)|HEAP_ALLOCATE|[EXTERNAL]|Bytes:4
04:26:40.0 (54955395)|HEAP_ALLOCATE|[120]|Bytes:5
04:26:40.0 (54968862)|VARIABLE_SCOPE_BEGIN|[120]|field|Schema.SObjectField|true|false
04:26:40.0 (55034368)|VARIABLE_ASSIGNMENT|[120]|field|"common.apex.runtime.impl.ApexFieldToken@2a311ea"|0x2a311ea
04:26:40.0 (55043089)|STATEMENT_EXECUTE|[120]
04:26:40.0 (55131392)|HEAP_ALLOCATE|[121]|Bytes:8
04:26:40.0 (55145327)|STATEMENT_EXECUTE|[122]
04:26:40.0 (55161633)|HEAP_ALLOCATE|[122]|Bytes:8
04:26:40.0 (55169500)|HEAP_ALLOCATE|[122]|Bytes:21
04:26:40.0 (55177908)|HEAP_ALLOCATE|[EXTERNAL]|Bytes:4
04:26:40.0 (55190276)|HEAP_ALLOCATE|[120]|Bytes:5
04:26:40.0 (55205543)|VARIABLE_SCOPE_BEGIN|[120]|field|Schema.SObjectField|true|false
04:26:40.0 (55277978)|VARIABLE_ASSIGNMENT|[120]|field|"common.apex.runtime.impl.ApexFieldToken@58614d00"|0x58614d00
04:26:40.0 (55286030)|STATEMENT_EXECUTE|[120]
04:26:40.0 (55391393)|HEAP_ALLOCATE|[121]|Bytes:8
04:26:40.0 (55405477)|STATEMENT_EXECUTE|[122]
04:26:40.0 (55425137)|HEAP_ALLOCATE|[122]|Bytes:8
04:26:40.0 (55438957)|HEAP_ALLOCATE|[122]|Bytes:25
04:26:40.0 (55450022)|HEAP_ALLOCATE|[EXTERNAL]|Bytes:4
04:26:40.0 (55463060)|HEAP_ALLOCATE|[120]|Bytes:5
04:26:40.0 (55476589)|VARIABLE_SCOPE_BEGIN|[120]|field|Schema.SObjectField|true|false
04:26:40.0 (55541192)|VARIABLE_ASSIGNMENT|[120]|field|"common.apex.runtime.impl.ApexFieldToken@711f97e6"|0x711f97e6
04:26:40.0 (55548913)|STATEMENT_EXECUTE|[120]
04:26:40.0 (55644600)|HEAP_ALLOCATE|[121]|Bytes:8
04:26:40.0 (55658216)|STATEMENT_EXECUTE|[122]
04:26:40.0 (55673438)|HEAP_ALLOCATE|[122]|Bytes:8
04:26:40.0 (55681146)|HEAP_ALLOCATE|[122]|Bytes:11
04:26:40.0 (55689438)|HEAP_ALLOCATE|[EXTERNAL]|Bytes:4
04:26:40.0 (55702215)|HEAP_ALLOCATE|[120]|Bytes:5
04:26:40.0 (55713785)|VARIABLE_ASSIGNMENT|[120]|field|null|
04:26:40.0 (55719326)|STATEMENT_EXECUTE|[124]
04:26:40.0 (55726084)|VARIABLE_SCOPE_BEGIN|[124]|allfields|String|false|false
04:26:40.0 (55739776)|VARIABLE_ASSIGNMENT|[124]|allfields|""
04:26:40.0 (55799632)|HEAP_ALLOCATE|[125]|Bytes:5
04:26:40.0 (55810579)|HEAP_ALLOCATE|[125]|Bytes:2
04:26:40.0 (55817635)|VARIABLE_SCOPE_BEGIN|[125]|fieldname|String|false|false
04:26:40.0 (55827034)|VARIABLE_ASSIGNMENT|[125]|fieldname|"Id"
04:26:40.0 (55831004)|STATEMENT_EXECUTE|[126]
04:26:40.0 (55834062)|HEAP_ALLOCATE|[126]|Bytes:1
04:26:40.0 (55852164)|HEAP_ALLOCATE|[126]|Bytes:3
04:26:40.0 (55861818)|HEAP_ALLOCATE|[126]|Bytes:3
04:26:40.0 (55867433)|VARIABLE_ASSIGNMENT|[126]|allfields|"Id,"
04:26:40.0 (55877522)|HEAP_ALLOCATE|[125]|Bytes:5
04:26:40.0 (55884908)|HEAP_ALLOCATE|[125]|Bytes:5
04:26:40.0 (55889897)|VARIABLE_SCOPE_BEGIN|[125]|fieldname|String|false|false
04:26:40.0 (55897132)|VARIABLE_ASSIGNMENT|[125]|fieldname|"WhoId"
04:26:40.0 (55901146)|STATEMENT_EXECUTE|[126]
04:26:40.0 (55904506)|HEAP_ALLOCATE|[126]|Bytes:6
04:26:40.0 (55908469)|HEAP_ALLOCATE|[126]|Bytes:9
04:26:40.0 (55913042)|VARIABLE_ASSIGNMENT|[126]|allfields|"Id,WhoId,"
04:26:40.0 (55920299)|HEAP_ALLOCATE|[125]|Bytes:5
04:26:40.0 (55926627)|HEAP_ALLOCATE|[125]|Bytes:6
04:26:40.0 (55930995)|VARIABLE_SCOPE_BEGIN|[125]|fieldname|String|false|false
04:26:40.0 (55937620)|VARIABLE_ASSIGNMENT|[125]|fieldname|"WhatId"
04:26:40.0 (55941017)|STATEMENT_EXECUTE|[126]
04:26:40.0 (55943517)|HEAP_ALLOCATE|[126]|Bytes:7
04:26:40.0 (55947479)|HEAP_ALLOCATE|[126]|Bytes:16
04:26:40.0 (55952165)|VARIABLE_ASSIGNMENT|[126]|allfields|"Id,WhoId,WhatId,"
04:26:40.0 (55959266)|HEAP_ALLOCATE|[125]|Bytes:5
04:26:40.0 (55969581)|HEAP_ALLOCATE|[125]|Bytes:7
04:26:40.0 (55977793)|VARIABLE_SCOPE_BEGIN|[125]|fieldname|String|false|false
04:26:40.0 (55988760)|VARIABLE_ASSIGNMENT|[125]|fieldname|"Subject"
04:26:40.0 (55992383)|STATEMENT_EXECUTE|[126]
04:26:40.0 (55995557)|HEAP_ALLOCATE|[126]|Bytes:8
04:26:40.0 (55999742)|HEAP_ALLOCATE|[126]|Bytes:24
04:26:40.0 (56006112)|VARIABLE_ASSIGNMENT|[126]|allfields|"Id,WhoId,WhatId,Subj (4 more) ..."
04:26:40.0 (56016037)|HEAP_ALLOCATE|[125]|Bytes:5
04:26:40.0 (56022740)|HEAP_ALLOCATE|[125]|Bytes:12
04:26:40.0 (56027044)|VARIABLE_SCOPE_BEGIN|[125]|fieldname|String|false|false
04:26:40.0 (56033601)|VARIABLE_ASSIGNMENT|[125]|fieldname|"ActivityDate"
04:26:40.0 (56036900)|STATEMENT_EXECUTE|[126]
04:26:40.0 (56039471)|HEAP_ALLOCATE|[126]|Bytes:13
04:26:40.0 (56043190)|HEAP_ALLOCATE|[126]|Bytes:37
04:26:40.0 (56049032)|VARIABLE_ASSIGNMENT|[126]|allfields|"Id,WhoId,WhatId,Subj (17 more) ..."
04:26:40.0 (56056071)|HEAP_ALLOCATE|[125]|Bytes:5
04:26:40.0 (56062089)|HEAP_ALLOCATE|[125]|Bytes:6
04:26:40.0 (56066111)|VARIABLE_SCOPE_BEGIN|[125]|fieldname|String|false|false
04:26:40.0 (56076332)|VARIABLE_ASSIGNMENT|[125]|fieldname|"Status"
04:26:40.0 (56079912)|STATEMENT_EXECUTE|[126]
04:26:40.0 (56082678)|HEAP_ALLOCATE|[126]|Bytes:7
04:26:40.0 (56086576)|HEAP_ALLOCATE|[126]|Bytes:44
04:26:40.0 (56092324)|VARIABLE_ASSIGNMENT|[126]|allfields|"Id,WhoId,WhatId,Subj (24 more) ..."
04:26:40.0 (56105304)|HEAP_ALLOCATE|[125]|Bytes:5
04:26:40.0 (56116911)|HEAP_ALLOCATE|[125]|Bytes:8
04:26:40.0 (56124665)|VARIABLE_SCOPE_BEGIN|[125]|fieldname|String|false|false
04:26:40.0 (56136515)|VARIABLE_ASSIGNMENT|[125]|fieldname|"Priority"
04:26:40.0 (56142797)|STATEMENT_EXECUTE|[126]
04:26:40.0 (56147924)|HEAP_ALLOCATE|[126]|Bytes:9
04:26:40.0 (56155355)|HEAP_ALLOCATE|[126]|Bytes:53
04:26:40.0 (56164612)|VARIABLE_ASSIGNMENT|[126]|allfields|"Id,WhoId,WhatId,Subj (33 more) ..."
04:26:40.0 (56175518)|HEAP_ALLOCATE|[125]|Bytes:5
04:26:40.0 (56187147)|HEAP_ALLOCATE|[125]|Bytes:14
04:26:40.0 (56195250)|VARIABLE_SCOPE_BEGIN|[125]|fieldname|String|false|false
04:26:40.0 (56207410)|VARIABLE_ASSIGNMENT|[125]|fieldname|"IsHighPriority"
04:26:40.0 (56213987)|STATEMENT_EXECUTE|[126]
04:26:40.0 (56219549)|HEAP_ALLOCATE|[126]|Bytes:15
04:26:40.0 (56226066)|HEAP_ALLOCATE|[126]|Bytes:68
04:26:40.0 (56235272)|VARIABLE_ASSIGNMENT|[126]|allfields|"Id,WhoId,WhatId,Subj (48 more) ..."
04:26:40.0 (56245799)|HEAP_ALLOCATE|[125]|Bytes:5
04:26:40.0 (56252828)|HEAP_ALLOCATE|[125]|Bytes:7
04:26:40.0 (56257478)|VARIABLE_SCOPE_BEGIN|[125]|fieldname|String|false|false
04:26:40.0 (56264070)|VARIABLE_ASSIGNMENT|[125]|fieldname|"OwnerId"
04:26:40.0 (56267492)|STATEMENT_EXECUTE|[126]
04:26:40.0 (56270326)|HEAP_ALLOCATE|[126]|Bytes:8
04:26:40.0 (56274041)|HEAP_ALLOCATE|[126]|Bytes:76
04:26:40.0 (56278907)|VARIABLE_ASSIGNMENT|[126]|allfields|"Id,WhoId,WhatId,Subj (56 more) ..."
04:26:40.0 (56286290)|HEAP_ALLOCATE|[125]|Bytes:5
04:26:40.0 (56292461)|HEAP_ALLOCATE|[125]|Bytes:11
04:26:40.0 (56296563)|VARIABLE_SCOPE_BEGIN|[125]|fieldname|String|false|false
04:26:40.0 (56303069)|VARIABLE_ASSIGNMENT|[125]|fieldname|"Description"
04:26:40.0 (56306237)|STATEMENT_EXECUTE|[126]
04:26:40.0 (56308721)|HEAP_ALLOCATE|[126]|Bytes:12
04:26:40.0 (56312465)|HEAP_ALLOCATE|[126]|Bytes:88
04:26:40.0 (56317126)|VARIABLE_ASSIGNMENT|[126]|allfields|"Id,WhoId,WhatId,Subj (68 more) ..."
04:26:40.0 (56323725)|HEAP_ALLOCATE|[125]|Bytes:5
04:26:40.0 (56329460)|HEAP_ALLOCATE|[125]|Bytes:9
04:26:40.0 (56333462)|VARIABLE_SCOPE_BEGIN|[125]|fieldname|String|false|false
04:26:40.0 (56339670)|VARIABLE_ASSIGNMENT|[125]|fieldname|"IsDeleted"
04:26:40.0 (56342760)|STATEMENT_EXECUTE|[126]
04:26:40.0 (56345322)|HEAP_ALLOCATE|[126]|Bytes:10
04:26:40.0 (56348960)|HEAP_ALLOCATE|[126]|Bytes:98
04:26:40.0 (56353514)|VARIABLE_ASSIGNMENT|[126]|allfields|"Id,WhoId,WhatId,Subj (78 more) ..."
04:26:40.0 (56360106)|HEAP_ALLOCATE|[125]|Bytes:5
04:26:40.0 (56366086)|HEAP_ALLOCATE|[125]|Bytes:9
04:26:40.0 (56370229)|VARIABLE_SCOPE_BEGIN|[125]|fieldname|String|false|false
04:26:40.0 (56376409)|VARIABLE_ASSIGNMENT|[125]|fieldname|"AccountId"
04:26:40.0 (56379478)|STATEMENT_EXECUTE|[126]
04:26:40.0 (56381863)|HEAP_ALLOCATE|[126]|Bytes:10
04:26:40.0 (56385515)|HEAP_ALLOCATE|[126]|Bytes:108
04:26:40.0 (56390214)|VARIABLE_ASSIGNMENT|[126]|allfields|"Id,WhoId,WhatId,Subj (88 more) ..."
04:26:40.0 (56396720)|HEAP_ALLOCATE|[125]|Bytes:5
04:26:40.0 (56402589)|HEAP_ALLOCATE|[125]|Bytes:8
04:26:40.0 (56407576)|VARIABLE_SCOPE_BEGIN|[125]|fieldname|String|false|false
04:26:40.0 (56418317)|VARIABLE_ASSIGNMENT|[125]|fieldname|"IsClosed"
04:26:40.0 (56424223)|STATEMENT_EXECUTE|[126]
04:26:40.0 (56428491)|HEAP_ALLOCATE|[126]|Bytes:9
04:26:40.0 (56432875)|HEAP_ALLOCATE|[126]|Bytes:117
04:26:40.0 (56438172)|VARIABLE_ASSIGNMENT|[126]|allfields|"Id,WhoId,WhatId,Subj (97 more) ..."
04:26:40.0 (56446619)|HEAP_ALLOCATE|[125]|Bytes:5
04:26:40.0 (56453146)|HEAP_ALLOCATE|[125]|Bytes:11
04:26:40.0 (56457666)|VARIABLE_SCOPE_BEGIN|[125]|fieldname|String|false|false
04:26:40.0 (56464215)|VARIABLE_ASSIGNMENT|[125]|fieldname|"CreatedDate"
04:26:40.0 (56467583)|STATEMENT_EXECUTE|[126]
04:26:40.0 (56470081)|HEAP_ALLOCATE|[126]|Bytes:12
04:26:40.0 (56473671)|HEAP_ALLOCATE|[126]|Bytes:129
04:26:40.0 (56478757)|VARIABLE_ASSIGNMENT|[126]|allfields|"Id,WhoId,WhatId,Subj (109 more) ..."
04:26:40.0 (56485464)|HEAP_ALLOCATE|[125]|Bytes:5
04:26:40.0 (56491589)|HEAP_ALLOCATE|[125]|Bytes:11
04:26:40.0 (56495668)|VARIABLE_SCOPE_BEGIN|[125]|fieldname|String|false|false
04:26:40.0 (56501781)|VARIABLE_ASSIGNMENT|[125]|fieldname|"CreatedById"
04:26:40.0 (56505001)|STATEMENT_EXECUTE|[126]
04:26:40.0 (56507381)|HEAP_ALLOCATE|[126]|Bytes:12
04:26:40.0 (56510976)|HEAP_ALLOCATE|[126]|Bytes:141
04:26:40.0 (56515752)|VARIABLE_ASSIGNMENT|[126]|allfields|"Id,WhoId,WhatId,Subj (121 more) ..."
04:26:40.0 (56522314)|HEAP_ALLOCATE|[125]|Bytes:5
04:26:40.0 (56528265)|HEAP_ALLOCATE|[125]|Bytes:16
04:26:40.0 (56532781)|VARIABLE_SCOPE_BEGIN|[125]|fieldname|String|false|false
04:26:40.0 (56539386)|VARIABLE_ASSIGNMENT|[125]|fieldname|"LastModifiedDate"
04:26:40.0 (56542559)|STATEMENT_EXECUTE|[126]
04:26:40.0 (56544992)|HEAP_ALLOCATE|[126]|Bytes:17
04:26:40.0 (56548519)|HEAP_ALLOCATE|[126]|Bytes:158
04:26:40.0 (56553359)|VARIABLE_ASSIGNMENT|[126]|allfields|"Id,WhoId,WhatId,Subj (138 more) ..."
04:26:40.0 (56564964)|HEAP_ALLOCATE|[125]|Bytes:5
04:26:40.0 (56576443)|HEAP_ALLOCATE|[125]|Bytes:16
04:26:40.0 (56584593)|VARIABLE_SCOPE_BEGIN|[125]|fieldname|String|false|false
04:26:40.0 (56596919)|VARIABLE_ASSIGNMENT|[125]|fieldname|"LastModifiedById"
04:26:40.0 (56600791)|STATEMENT_EXECUTE|[126]
04:26:40.0 (56604383)|HEAP_ALLOCATE|[126]|Bytes:17
04:26:40.0 (56608666)|HEAP_ALLOCATE|[126]|Bytes:175
04:26:40.0 (56613781)|VARIABLE_ASSIGNMENT|[126]|allfields|"Id,WhoId,WhatId,Subj (155 more) ..."
04:26:40.0 (56622785)|HEAP_ALLOCATE|[125]|Bytes:5
04:26:40.0 (56632053)|HEAP_ALLOCATE|[125]|Bytes:14
04:26:40.0 (56640083)|VARIABLE_SCOPE_BEGIN|[125]|fieldname|String|false|false
04:26:40.0 (56651458)|VARIABLE_ASSIGNMENT|[125]|fieldname|"SystemModstamp"
04:26:40.0 (56655262)|STATEMENT_EXECUTE|[126]
04:26:40.0 (56658482)|HEAP_ALLOCATE|[126]|Bytes:15
04:26:40.0 (56662508)|HEAP_ALLOCATE|[126]|Bytes:190
04:26:40.0 (56667412)|VARIABLE_ASSIGNMENT|[126]|allfields|"Id,WhoId,WhatId,Subj (170 more) ..."
04:26:40.0 (56675831)|HEAP_ALLOCATE|[125]|Bytes:5
04:26:40.0 (56682339)|HEAP_ALLOCATE|[125]|Bytes:10
04:26:40.0 (56686658)|VARIABLE_SCOPE_BEGIN|[125]|fieldname|String|false|false
04:26:40.0 (56693097)|VARIABLE_ASSIGNMENT|[125]|fieldname|"IsArchived"
04:26:40.0 (56696340)|STATEMENT_EXECUTE|[126]
04:26:40.0 (56700229)|HEAP_ALLOCATE|[126]|Bytes:11
04:26:40.0 (56706154)|HEAP_ALLOCATE|[126]|Bytes:201
04:26:40.0 (56714580)|VARIABLE_ASSIGNMENT|[126]|allfields|"Id,WhoId,WhatId,Subj (181 more) ..."
04:26:40.0 (56728695)|HEAP_ALLOCATE|[125]|Bytes:5
04:26:40.0 (56740172)|HEAP_ALLOCATE|[125]|Bytes:21
04:26:40.0 (56747969)|VARIABLE_SCOPE_BEGIN|[125]|fieldname|String|false|false
04:26:40.0 (56762124)|VARIABLE_ASSIGNMENT|[125]|fieldname|"CallDurationInSecond (1 more) ..."
04:26:40.0 (56768269)|STATEMENT_EXECUTE|[126]
04:26:40.0 (56772769)|HEAP_ALLOCATE|[126]|Bytes:22
04:26:40.0 (56777515)|HEAP_ALLOCATE|[126]|Bytes:223
04:26:40.0 (56782743)|VARIABLE_ASSIGNMENT|[126]|allfields|"Id,WhoId,WhatId,Subj (203 more) ..."
04:26:40.0 (56791437)|HEAP_ALLOCATE|[125]|Bytes:5
04:26:40.0 (56801309)|HEAP_ALLOCATE|[125]|Bytes:8
04:26:40.0 (56806056)|VARIABLE_SCOPE_BEGIN|[125]|fieldname|String|false|false
04:26:40.0 (56812957)|VARIABLE_ASSIGNMENT|[125]|fieldname|"CallType"
04:26:40.0 (56816378)|STATEMENT_EXECUTE|[126]
04:26:40.0 (56819010)|HEAP_ALLOCATE|[126]|Bytes:9
04:26:40.0 (56822844)|HEAP_ALLOCATE|[126]|Bytes:232
04:26:40.0 (56827761)|VARIABLE_ASSIGNMENT|[126]|allfields|"Id,WhoId,WhatId,Subj (212 more) ..."
04:26:40.0 (56834677)|HEAP_ALLOCATE|[125]|Bytes:5
04:26:40.0 (56840549)|HEAP_ALLOCATE|[125]|Bytes:15
04:26:40.0 (56844710)|VARIABLE_SCOPE_BEGIN|[125]|fieldname|String|false|false
04:26:40.0 (56851403)|VARIABLE_ASSIGNMENT|[125]|fieldname|"CallDisposition"
04:26:40.0 (56858578)|STATEMENT_EXECUTE|[126]
04:26:40.0 (56861346)|HEAP_ALLOCATE|[126]|Bytes:16
04:26:40.0 (56865504)|HEAP_ALLOCATE|[126]|Bytes:248
04:26:40.0 (56870505)|VARIABLE_ASSIGNMENT|[126]|allfields|"Id,WhoId,WhatId,Subj (228 more) ..."
04:26:40.0 (56877652)|HEAP_ALLOCATE|[125]|Bytes:5
04:26:40.0 (56883724)|HEAP_ALLOCATE|[125]|Bytes:10
04:26:40.0 (56887877)|VARIABLE_SCOPE_BEGIN|[125]|fieldname|String|false|false
04:26:40.0 (56894116)|VARIABLE_ASSIGNMENT|[125]|fieldname|"CallObject"
04:26:40.0 (56897260)|STATEMENT_EXECUTE|[126]
04:26:40.0 (56899702)|HEAP_ALLOCATE|[126]|Bytes:11
04:26:40.0 (56903467)|HEAP_ALLOCATE|[126]|Bytes:259
04:26:40.0 (56908055)|VARIABLE_ASSIGNMENT|[126]|allfields|"Id,WhoId,WhatId,Subj (239 more) ..."
04:26:40.0 (56914847)|HEAP_ALLOCATE|[125]|Bytes:5
04:26:40.0 (56920524)|HEAP_ALLOCATE|[125]|Bytes:16
04:26:40.0 (56924627)|VARIABLE_SCOPE_BEGIN|[125]|fieldname|String|false|false
04:26:40.0 (56931356)|VARIABLE_ASSIGNMENT|[125]|fieldname|"ReminderDateTime"
04:26:40.0 (56934505)|STATEMENT_EXECUTE|[126]
04:26:40.0 (56936903)|HEAP_ALLOCATE|[126]|Bytes:17
04:26:40.0 (56940597)|HEAP_ALLOCATE|[126]|Bytes:276
04:26:40.0 (56945214)|VARIABLE_ASSIGNMENT|[126]|allfields|"Id,WhoId,WhatId,Subj (256 more) ..."
04:26:40.0 (56951596)|HEAP_ALLOCATE|[125]|Bytes:5
04:26:40.0 (56957463)|HEAP_ALLOCATE|[125]|Bytes:13
04:26:40.0 (56961861)|VARIABLE_SCOPE_BEGIN|[125]|fieldname|String|false|false
04:26:40.0 (56968251)|VARIABLE_ASSIGNMENT|[125]|fieldname|"IsReminderSet"
04:26:40.0 (56971446)|STATEMENT_EXECUTE|[126]
04:26:40.0 (56973935)|HEAP_ALLOCATE|[126]|Bytes:14
04:26:40.0 (56977686)|HEAP_ALLOCATE|[126]|Bytes:290
04:26:40.0 (56982215)|VARIABLE_ASSIGNMENT|[126]|allfields|"Id,WhoId,WhatId,Subj (270 more) ..."
04:26:40.0 (56988901)|HEAP_ALLOCATE|[125]|Bytes:5
04:26:40.0 (56994772)|HEAP_ALLOCATE|[125]|Bytes:20
04:26:40.0 (56998819)|VARIABLE_SCOPE_BEGIN|[125]|fieldname|String|false|false
04:26:40.0 (57005238)|VARIABLE_ASSIGNMENT|[125]|fieldname|"RecurrenceActivityId"
04:26:40.0 (57012645)|STATEMENT_EXECUTE|[126]
04:26:40.0 (57015686)|HEAP_ALLOCATE|[126]|Bytes:21
04:26:40.0 (57019595)|HEAP_ALLOCATE|[126]|Bytes:311
04:26:40.0 (57024585)|VARIABLE_ASSIGNMENT|[126]|allfields|"Id,WhoId,WhatId,Subj (291 more) ..."
04:26:40.0 (57031615)|HEAP_ALLOCATE|[125]|Bytes:5
04:26:40.0 (57037694)|HEAP_ALLOCATE|[125]|Bytes:12
04:26:40.0 (57041923)|VARIABLE_SCOPE_BEGIN|[125]|fieldname|String|false|false
04:26:40.0 (57048223)|VARIABLE_ASSIGNMENT|[125]|fieldname|"IsRecurrence"
04:26:40.0 (57051373)|STATEMENT_EXECUTE|[126]
04:26:40.0 (57053810)|HEAP_ALLOCATE|[126]|Bytes:13
04:26:40.0 (57057460)|HEAP_ALLOCATE|[126]|Bytes:324
04:26:40.0 (57062081)|VARIABLE_ASSIGNMENT|[126]|allfields|"Id,WhoId,WhatId,Subj (304 more) ..."
04:26:40.0 (57068580)|HEAP_ALLOCATE|[125]|Bytes:5
04:26:40.0 (57074415)|HEAP_ALLOCATE|[125]|Bytes:23
04:26:40.0 (57078521)|VARIABLE_SCOPE_BEGIN|[125]|fieldname|String|false|false
04:26:40.0 (57085594)|VARIABLE_ASSIGNMENT|[125]|fieldname|"RecurrenceStartDateO (3 more) ..."
04:26:40.0 (57089022)|STATEMENT_EXECUTE|[126]
04:26:40.0 (57091496)|HEAP_ALLOCATE|[126]|Bytes:24
04:26:40.0 (57095184)|HEAP_ALLOCATE|[126]|Bytes:348
04:26:40.0 (57099807)|VARIABLE_ASSIGNMENT|[126]|allfields|"Id,WhoId,WhatId,Subj (328 more) ..."
04:26:40.0 (57106219)|HEAP_ALLOCATE|[125]|Bytes:5
04:26:40.0 (57111979)|HEAP_ALLOCATE|[125]|Bytes:21
04:26:40.0 (57116053)|VARIABLE_SCOPE_BEGIN|[125]|fieldname|String|false|false
04:26:40.0 (57122887)|VARIABLE_ASSIGNMENT|[125]|fieldname|"RecurrenceEndDateOnl (1 more) ..."
04:26:40.0 (57126204)|STATEMENT_EXECUTE|[126]
04:26:40.0 (57128646)|HEAP_ALLOCATE|[126]|Bytes:22
04:26:40.0 (57132668)|HEAP_ALLOCATE|[126]|Bytes:370
04:26:40.0 (57137330)|VARIABLE_ASSIGNMENT|[126]|allfields|"Id,WhoId,WhatId,Subj (350 more) ..."
04:26:40.0 (57143994)|HEAP_ALLOCATE|[125]|Bytes:5
04:26:40.0 (57149733)|HEAP_ALLOCATE|[125]|Bytes:24
04:26:40.0 (57153838)|VARIABLE_SCOPE_BEGIN|[125]|fieldname|String|false|false
04:26:40.0 (57160826)|VARIABLE_ASSIGNMENT|[125]|fieldname|"RecurrenceTimeZoneSi (4 more) ..."
04:26:40.0 (57164689)|STATEMENT_EXECUTE|[126]
04:26:40.0 (57167350)|HEAP_ALLOCATE|[126]|Bytes:25
04:26:40.0 (57171374)|HEAP_ALLOCATE|[126]|Bytes:395
04:26:40.0 (57176240)|VARIABLE_ASSIGNMENT|[126]|allfields|"Id,WhoId,WhatId,Subj (375 more) ..."
04:26:40.0 (57182921)|HEAP_ALLOCATE|[125]|Bytes:5
04:26:40.0 (57188606)|HEAP_ALLOCATE|[125]|Bytes:14
04:26:40.0 (57192791)|VARIABLE_SCOPE_BEGIN|[125]|fieldname|String|false|false
04:26:40.0 (57199125)|VARIABLE_ASSIGNMENT|[125]|fieldname|"RecurrenceType"
04:26:40.0 (57202684)|STATEMENT_EXECUTE|[126]
04:26:40.0 (57205063)|HEAP_ALLOCATE|[126]|Bytes:15
04:26:40.0 (57209058)|HEAP_ALLOCATE|[126]|Bytes:410
04:26:40.0 (57213742)|VARIABLE_ASSIGNMENT|[126]|allfields|"Id,WhoId,WhatId,Subj (390 more) ..."
04:26:40.0 (57220371)|HEAP_ALLOCATE|[125]|Bytes:5
04:26:40.0 (57226190)|HEAP_ALLOCATE|[125]|Bytes:18
04:26:40.0 (57230281)|VARIABLE_SCOPE_BEGIN|[125]|fieldname|String|false|false
04:26:40.0 (57236785)|VARIABLE_ASSIGNMENT|[125]|fieldname|"RecurrenceInterval"
04:26:40.0 (57240402)|STATEMENT_EXECUTE|[126]
04:26:40.0 (57242869)|HEAP_ALLOCATE|[126]|Bytes:19
04:26:40.0 (57246664)|HEAP_ALLOCATE|[126]|Bytes:429
04:26:40.0 (57251285)|VARIABLE_ASSIGNMENT|[126]|allfields|"Id,WhoId,WhatId,Subj (409 more) ..."
04:26:40.0 (57257645)|HEAP_ALLOCATE|[125]|Bytes:5
04:26:40.0 (57263389)|HEAP_ALLOCATE|[125]|Bytes:23
04:26:40.0 (57267501)|VARIABLE_SCOPE_BEGIN|[125]|fieldname|String|false|false
04:26:40.0 (57274227)|VARIABLE_ASSIGNMENT|[125]|fieldname|"RecurrenceDayOfWeekM (3 more) ..."
04:26:40.0 (57277359)|STATEMENT_EXECUTE|[126]
04:26:40.0 (57279788)|HEAP_ALLOCATE|[126]|Bytes:24
04:26:40.0 (57283636)|HEAP_ALLOCATE|[126]|Bytes:453
04:26:40.0 (57288205)|VARIABLE_ASSIGNMENT|[126]|allfields|"Id,WhoId,WhatId,Subj (433 more) ..."
04:26:40.0 (57294693)|HEAP_ALLOCATE|[125]|Bytes:5
04:26:40.0 (57300566)|HEAP_ALLOCATE|[125]|Bytes:20
04:26:40.0 (57304612)|VARIABLE_SCOPE_BEGIN|[125]|fieldname|String|false|false
04:26:40.0 (57311118)|VARIABLE_ASSIGNMENT|[125]|fieldname|"RecurrenceDayOfMonth"
04:26:40.0 (57314673)|STATEMENT_EXECUTE|[126]
04:26:40.0 (57317231)|HEAP_ALLOCATE|[126]|Bytes:21
04:26:40.0 (57320924)|HEAP_ALLOCATE|[126]|Bytes:474
04:26:40.0 (57325446)|VARIABLE_ASSIGNMENT|[126]|allfields|"Id,WhoId,WhatId,Subj (454 more) ..."
04:26:40.0 (57331830)|HEAP_ALLOCATE|[125]|Bytes:5
04:26:40.0 (57337581)|HEAP_ALLOCATE|[125]|Bytes:18
04:26:40.0 (57341786)|VARIABLE_SCOPE_BEGIN|[125]|fieldname|String|false|false
04:26:40.0 (57348182)|VARIABLE_ASSIGNMENT|[125]|fieldname|"RecurrenceInstance"
04:26:40.0 (57351530)|STATEMENT_EXECUTE|[126]
04:26:40.0 (57353982)|HEAP_ALLOCATE|[126]|Bytes:19
04:26:40.0 (57357847)|HEAP_ALLOCATE|[126]|Bytes:493
04:26:40.0 (57362426)|VARIABLE_ASSIGNMENT|[126]|allfields|"Id,WhoId,WhatId,Subj (473 more) ..."
04:26:40.0 (57369061)|HEAP_ALLOCATE|[125]|Bytes:5
04:26:40.0 (57374786)|HEAP_ALLOCATE|[125]|Bytes:21
04:26:40.0 (57378816)|VARIABLE_SCOPE_BEGIN|[125]|fieldname|String|false|false
04:26:40.0 (57385365)|VARIABLE_ASSIGNMENT|[125]|fieldname|"RecurrenceMonthOfYea (1 more) ..."
04:26:40.0 (57388717)|STATEMENT_EXECUTE|[126]
04:26:40.0 (57391180)|HEAP_ALLOCATE|[126]|Bytes:22
04:26:40.0 (57394946)|HEAP_ALLOCATE|[126]|Bytes:515
04:26:40.0 (57399562)|VARIABLE_ASSIGNMENT|[126]|allfields|"Id,WhoId,WhatId,Subj (495 more) ..."
04:26:40.0 (57406133)|HEAP_ALLOCATE|[125]|Bytes:5
04:26:40.0 (57411723)|HEAP_ALLOCATE|[125]|Bytes:25
04:26:40.0 (57415909)|VARIABLE_SCOPE_BEGIN|[125]|fieldname|String|false|false
04:26:40.0 (57422955)|VARIABLE_ASSIGNMENT|[125]|fieldname|"RecurrenceRegenerate (5 more) ..."
04:26:40.0 (57426111)|STATEMENT_EXECUTE|[126]
04:26:40.0 (57428528)|HEAP_ALLOCATE|[126]|Bytes:26
04:26:40.0 (57432151)|HEAP_ALLOCATE|[126]|Bytes:541
04:26:40.0 (57436877)|VARIABLE_ASSIGNMENT|[126]|allfields|"Id,WhoId,WhatId,Subj (521 more) ..."
04:26:40.0 (57448770)|HEAP_ALLOCATE|[125]|Bytes:5
04:26:40.0 (57459909)|HEAP_ALLOCATE|[125]|Bytes:11
04:26:40.0 (57467700)|VARIABLE_SCOPE_BEGIN|[125]|fieldname|String|false|false
04:26:40.0 (57479267)|VARIABLE_ASSIGNMENT|[125]|fieldname|"TaskSubtype"
04:26:40.0 (57485417)|STATEMENT_EXECUTE|[126]
04:26:40.0 (57490412)|HEAP_ALLOCATE|[126]|Bytes:12
04:26:40.0 (57495712)|HEAP_ALLOCATE|[126]|Bytes:553
04:26:40.0 (57501168)|VARIABLE_ASSIGNMENT|[126]|allfields|"Id,WhoId,WhatId,Subj (533 more) ..."
04:26:40.0 (57509988)|HEAP_ALLOCATE|[125]|Bytes:5
04:26:40.0 (57518048)|VARIABLE_ASSIGNMENT|[125]|fieldname|null
04:26:40.0 (57522277)|STATEMENT_EXECUTE|[128]
04:26:40.0 (57594745)|HEAP_ALLOCATE|[128]|Bytes:552
04:26:40.0 (57608760)|VARIABLE_ASSIGNMENT|[128]|allfields|"Id,WhoId,WhatId,Subj (532 more) ..."
04:26:40.0 (57612733)|STATEMENT_EXECUTE|[130]
04:26:40.0 (57626327)|METHOD_EXIT|[19]|01p7F00000HhQR4|PM_Job_New_Controller.getAllFields(String)
04:26:40.0 (57633544)|HEAP_ALLOCATE|[19]|Bytes:10
04:26:40.0 (57643312)|HEAP_ALLOCATE|[19]|Bytes:569
04:26:40.0 (58172144)|SOQL_EXECUTE_BEGIN|[19]|Aggregations:0|select Id,WhoId,WhatId,Subject,ActivityDate,Status,Priority,IsHighPriority,OwnerId,Description,IsDeleted,AccountId,IsClosed,CreatedDate,CreatedById,LastModifiedDate,LastModifiedById,SystemModstamp,IsArchived,CallDurationInSeconds,CallType,CallDisposition,CallObject,ReminderDateTime,IsReminderSet,RecurrenceActivityId,IsRecurrence,RecurrenceStartDateOnly,RecurrenceEndDateOnly,RecurrenceTimeZoneSidKey,RecurrenceType,RecurrenceInterval,RecurrenceDayOfWeekMask,RecurrenceDayOfMonth,RecurrenceInstance,RecurrenceMonthOfYear,RecurrenceRegeneratedType,TaskSubtype from Task
04:26:40.0 (67254314)|SOQL_EXECUTE_END|[19]|Rows:5
04:26:40.0 (67291079)|HEAP_ALLOCATE|[19]|Bytes:24
04:26:40.0 (67327085)|HEAP_ALLOCATE|[19]|Bytes:2237
04:26:40.0 (67424654)|HEAP_ALLOCATE|[19]|Bytes:24
04:26:40.0 (67453724)|VARIABLE_SCOPE_BEGIN|[19]|task|List<Task>|true|false
04:26:40.0 (67573053)|VARIABLE_ASSIGNMENT|[19]|task|[{"Id":"00T7F000009TyUbUAK","WhoId":"00Q7F0000030w5tUAA","Subject":"Other","Status":"Completed","Priority":"Normal","IsHighPriority":false,"OwnerId":"0057F000000T34oQAC","IsDeleted":false,"IsClosed":true,"CreatedDate":"2017-10-10T16:56:11.000Z","CreatedById":"0057F000000T34oQAC","LastModifiedDate":"2017-10-25T03:00:11.000Z","LastModifiedById":"0057F000000T34oQAC","SystemModstamp":"2017-10-25T03:00:11.000Z","IsArchived":false,"IsReminderSet":false,"IsRecurrence":false,"TaskSubtype":"Task"},{"Id":"00T7F000009TyexUAC","WhoId":"0037F00000BmYSmQAN","WhatId":"0067F0000051AquQAE","Subject":"Call","ActivityDate":"2017-10-11T00:00:00.000Z","Status":"Completed","Priority":"Normal","IsHighPriority":false,"OwnerId":"0057F000000T34oQAC","IsDeleted":false,"AccountId":"0017F00000HVkX6QAL","IsClosed":true,"CreatedDate":"2017-10-10T18:44:53.000Z","CreatedById":"0057F000000T34oQAC","LastModifiedDate":"2017-10-25T03:00:39.000Z","LastModifiedById":"0057F000000T34oQAC","SystemModstamp":"2017-10-25T03:00:39.000Z","IsArchived":false,"ReminderDateTime":"2017-10-10T15:00:00.000Z","IsReminderSet":false,"IsRecurrence":false,"TaskSubtype":"Task"},{"Id":"00T7F00000DvfQzUAJ","WhoId":"0037F00000INcziQAD","WhatId":"0067F000006ogtuQAA","Subject":"test","ActivityDate":"2017-11-29T00:00:00.000Z","Status":"In Progress","Priority":"Normal","IsHighPriority":false,"OwnerId":"0057F000000T34oQAC","IsDeleted":false,"AccountId":"0017F00000HVkX6QAL","IsClosed":false,"CreatedDate":"2017-11-29T14:43:25.000Z","CreatedById":"0057F000000T34oQAC","LastModifiedDate":"2017-12-11T13:25:59.000Z","LastModifiedById":"0057F000000T34oQAC","SystemModstamp":"2017-12-11T13:25:59.000Z","IsArchived":false,"ReminderDateTime":"2017-11-29T16:00:00.000Z","IsReminderSet":false,"IsRecurrence":false,"TaskSubtype":"Task"},{"Id":"00T7F00000MIsEyUAL","Subject":"Hello World","Status":"Open","Priority":"Normal","IsHighPriority":false,"OwnerId":"0057F000000Tiz6QAC","IsDeleted":false,"IsClosed":false,"CreatedDate":"2018-01-29T10:50:31.000Z","CreatedById":"0057F000000Tiz6QAC","LastModifiedDate":"2018-01-29T10:50:31.000Z","LastModifiedById":"0057F000000Tiz6QAC","SystemModstamp":"2018-01-29T10:50:31.000Z","IsArchived":false,"IsReminderSet":false,"IsRecurrence":false,"TaskSubtype":"Task"},{"Id":"00T7F00000MItPPUA1","WhatId":"a077F000003iPCHQA2","Subject":"325946","ActivityDate":"2018-01-29T00:00:00.000Z","Status":"Not Started","Priority":"High","IsHighPriority":true,"OwnerId":"0057F000000TpdFQAS","IsDeleted":false,"IsClosed":false,"CreatedDate":"2018-01-29T12:26:20.000Z","CreatedById":"0057F000000Tiz6QAC","LastModifiedDate":"2018-01-29T12:26:20.000Z","LastModifiedById":"0057F000000Tiz6QAC","SystemModstamp":"2018-01-29T12:26:20.000Z","IsArchived":false,"IsReminderSet":false,"IsRecurrence":false,"TaskSubtype":"Task"}]|0x5ad05d0f
04:26:40.0 (67618437)|STATEMENT_EXECUTE|[20]
04:26:40.0 (67624854)|HEAP_ALLOCATE|[20]|Bytes:36
04:26:40.0 (67963822)|HEAP_ALLOCATE|[20]|Bytes:2476
04:26:40.0 (67986771)|HEAP_ALLOCATE|[20]|Bytes:2512
04:26:40.0 (68016126)|USER_DEBUG|[20]|DEBUG|------------------------------------(Task:{Id=00T7F000009TyUbUAK, WhoId=00Q7F0000030w5tUAA, Subject=Other, Status=Completed, Priority=Normal, IsHighPriority=false, OwnerId=0057F000000T34oQAC, IsDeleted=false, IsClosed=true, CreatedDate=2017-10-10 16:56:11, CreatedById=0057F000000T34oQAC, LastModifiedDate=2017-10-25 03:00:11, LastModifiedById=0057F000000T34oQAC, SystemModstamp=2017-10-25 03:00:11, IsArchived=false, IsReminderSet=false, IsRecurrence=false, TaskSubtype=Task}, Task:{Id=00T7F000009TyexUAC, WhoId=0037F00000BmYSmQAN, WhatId=0067F0000051AquQAE, Subject=Call, ActivityDate=2017-10-11 00:00:00, Status=Completed, Priority=Normal, IsHighPriority=false, OwnerId=0057F000000T34oQAC, IsDeleted=false, AccountId=0017F00000HVkX6QAL, IsClosed=true, CreatedDate=2017-10-10 18:44:53, CreatedById=0057F000000T34oQAC, LastModifiedDate=2017-10-25 03:00:39, LastModifiedById=0057F000000T34oQAC, SystemModstamp=2017-10-25 03:00:39, IsArchived=false, ReminderDateTime=2017-10-10 15:00:00, IsReminderSet=false, IsRecurrence=false, TaskSubtype=Task}, Task:{Id=00T7F00000DvfQzUAJ, WhoId=0037F00000INcziQAD, WhatId=0067F000006ogtuQAA, Subject=test, ActivityDate=2017-11-29 00:00:00, Status=In Progress, Priority=Normal, IsHighPriority=false, OwnerId=0057F000000T34oQAC, IsDeleted=false, AccountId=0017F00000HVkX6QAL, IsClosed=false, CreatedDate=2017-11-29 14:43:25, CreatedById=0057F000000T34oQAC, LastModifiedDate=2017-12-11 13:25:59, LastModifiedById=0057F000000T34oQAC, SystemModstamp=2017-12-11 13:25:59, IsArchived=false, ReminderDateTime=2017-11-29 16:00:00, IsReminderSet=false, IsRecurrence=false, TaskSubtype=Task}, Task:{Id=00T7F00000MIsEyUAL, Subject=Hello World, Status=Open, Priority=Normal, IsHighPriority=false, OwnerId=0057F000000Tiz6QAC, IsDeleted=false, IsClosed=false, CreatedDate=2018-01-29 10:50:31, CreatedById=0057F000000Tiz6QAC, LastModifiedDate=2018-01-29 10:50:31, LastModifiedById=0057F000000Tiz6QAC, SystemModstamp=2018-01-29 10:50:31, IsArchived=false, IsReminderSet=false, IsRecurrence=false, TaskSubtype=Task}, Task:{Id=00T7F00000MItPPUA1, WhatId=a077F000003iPCHQA2, Subject=325946, ActivityDate=2018-01-29 00:00:00, Status=Not Started, Priority=High, IsHighPriority=true, OwnerId=0057F000000TpdFQAS, IsDeleted=false, IsClosed=false, CreatedDate=2018-01-29 12:26:20, CreatedById=0057F000000Tiz6QAC, LastModifiedDate=2018-01-29 12:26:20, LastModifiedById=0057F000000Tiz6QAC, SystemModstamp=2018-01-29 12:26:20, IsArchived=false, IsReminderSet=false, IsRecurrence=false, TaskSubtype=Task})
04:26:40.0 (68055406)|STATEMENT_EXECUTE|[21]
04:26:40.0 (68118962)|HEAP_ALLOCATE|[21]|Bytes:85
04:26:40.0 (68135031)|SYSTEM_METHOD_ENTRY|[1]|UserInfo.UserInfo()
04:26:40.0 (68138544)|STATEMENT_EXECUTE|[1]
04:26:40.0 (68147435)|SYSTEM_METHOD_EXIT|[1]|UserInfo
04:26:40.0 (68160618)|METHOD_ENTRY|[21]||System.UserInfo.getUserId()
04:26:40.0 (68198969)|METHOD_EXIT|[21]||System.UserInfo.getUserId()
04:26:40.0 (68205038)|HEAP_ALLOCATE|[21]|Bytes:5
04:26:40.0 (68217718)|METHOD_ENTRY|[21]||System.UserInfo.getUserName()
04:26:40.0 (68242111)|METHOD_EXIT|[21]||System.UserInfo.getUserName()
04:26:40.0 (68254187)|HEAP_ALLOCATE|[21]|Bytes:80
04:26:40.0 (68263417)|USER_DEBUG|[21]|DEBUG|------------------------------------0057F000000Tiz6QAC-----ksb994@salesforce.com
04:26:40.0 (68274200)|SYSTEM_MODE_EXIT|false
04:26:40.0 (68714082)|SYSTEM_MODE_ENTER|true
04:26:40.89 (89838528)|SYSTEM_MODE_ENTER|true
04:26:40.89 (89925506)|HEAP_ALLOCATE|[EXTERNAL]|Bytes:8
04:26:40.89 (89940832)|VARIABLE_SCOPE_BEGIN|[88]|this|ApexPage.PageMessagesComponentController|true|false
04:26:40.89 (89978506)|VARIABLE_ASSIGNMENT|[88]|this|{}|0x766c0232
04:26:40.89 (89984409)|VARIABLE_SCOPE_BEGIN|[88]|escape|Boolean|false|false
04:26:40.89 (89990864)|VARIABLE_ASSIGNMENT|[88]|escape|null
04:26:40.90 (90143578)|SYSTEM_MODE_ENTER|true
04:26:40.90 (90175317)|HEAP_ALLOCATE|[EXTERNAL]|Bytes:8
04:26:40.90 (90183189)|VARIABLE_SCOPE_BEGIN|[2]|this|ApexPage.PageMessagesComponentController|true|false
04:26:40.90 (90201020)|VARIABLE_ASSIGNMENT|[2]|this|{}|0x766c0232
04:26:40.0 (90781634)|SYSTEM_MODE_ENTER|true
04:26:40.0 (90822474)|HEAP_ALLOCATE|[EXTERNAL]|Bytes:40
04:26:40.0 (90835399)|VARIABLE_SCOPE_BEGIN|[24]|this|PM_Job_New_Controller|true|false
04:26:40.0 (90874397)|VARIABLE_ASSIGNMENT|[24]|this|{"job":"0x49375547","projectList":"0x221b6452"}|0x7852886f
04:26:40.0 (90894987)|SYSTEM_MODE_ENTER|false
04:26:40.0 (90902453)|HEAP_ALLOCATE|[25]|Bytes:5
04:26:40.0 (90908473)|STATEMENT_EXECUTE|[24]
04:26:40.0 (90910343)|STATEMENT_EXECUTE|[25]
04:26:40.0 (90923783)|HEAP_ALLOCATE|[25]|Bytes:4
04:26:40.0 (90955515)|VARIABLE_SCOPE_BEGIN|[25]|cpcso|List<System.SelectOption>|true|false
04:26:40.0 (90976642)|HEAP_ALLOCATE|[EXTERNAL]|Bytes:4
04:26:40.0 (90987100)|VARIABLE_ASSIGNMENT|[25]|cpcso|[]|0x41eb3a63
04:26:40.0 (91033288)|VARIABLE_ASSIGNMENT|[EXTERNAL]|this|{"job":"0x49375547","projectList":"0x221b6452"}|0x7852886f
04:26:40.0 (91183631)|HEAP_ALLOCATE|[26]|Bytes:5
04:26:40.0 (91204126)|HEAP_ALLOCATE|[26]|Bytes:12
04:26:40.0 (91214270)|VARIABLE_SCOPE_BEGIN|[26]|pro|Project__c|true|false
04:26:40.0 (91232028)|VARIABLE_ASSIGNMENT|[26]|pro|{"Company_project_code (3 more) ...":"101-TRN-COM-042","Id":"a057F0000039u2LQAQ"}|0xa6fb85
04:26:40.0 (91237865)|STATEMENT_EXECUTE|[26]
04:26:40.0 (91239256)|STATEMENT_EXECUTE|[27]
04:26:40.0 (91280964)|HEAP_ALLOCATE|[27]|Bytes:18
04:26:40.0 (91356044)|HEAP_ALLOCATE|[EXTERNAL]|Bytes:4
04:26:40.0 (91373280)|HEAP_ALLOCATE|[26]|Bytes:5
04:26:40.0 (91385354)|HEAP_ALLOCATE|[26]|Bytes:12
04:26:40.0 (91392255)|VARIABLE_SCOPE_BEGIN|[26]|pro|Project__c|true|false
04:26:40.0 (91407110)|VARIABLE_ASSIGNMENT|[26]|pro|{"Company_project_code (3 more) ...":"101-TRN-COM-036","Id":"a057F0000039u2MQAQ"}|0x6c134456
04:26:40.0 (91412589)|STATEMENT_EXECUTE|[26]
04:26:40.0 (91413848)|STATEMENT_EXECUTE|[27]
04:26:40.0 (91422971)|HEAP_ALLOCATE|[27]|Bytes:18
04:26:40.0 (91436389)|HEAP_ALLOCATE|[EXTERNAL]|Bytes:4
04:26:40.0 (91446786)|HEAP_ALLOCATE|[26]|Bytes:5
04:26:40.0 (91455796)|HEAP_ALLOCATE|[26]|Bytes:12
04:26:40.0 (91461478)|VARIABLE_SCOPE_BEGIN|[26]|pro|Project__c|true|false
04:26:40.0 (91473286)|VARIABLE_ASSIGNMENT|[26]|pro|{"Company_project_code (3 more) ...":"101-TRN-COM-034","Id":"a057F0000039u2NQAQ"}|0x50e66a56
04:26:40.0 (91478145)|STATEMENT_EXECUTE|[26]
04:26:40.0 (91479400)|STATEMENT_EXECUTE|[27]
04:26:40.0 (91485524)|HEAP_ALLOCATE|[27]|Bytes:18
04:26:40.0 (91496164)|HEAP_ALLOCATE|[EXTERNAL]|Bytes:4
04:26:40.0 (91505526)|HEAP_ALLOCATE|[26]|Bytes:5
04:26:40.0 (91513862)|HEAP_ALLOCATE|[26]|Bytes:12
04:26:40.0 (91519007)|VARIABLE_SCOPE_BEGIN|[26]|pro|Project__c|true|false
04:26:40.0 (91529575)|VARIABLE_ASSIGNMENT|[26]|pro|{"Company_project_code (3 more) ...":"101-TRN-COM-051","Id":"a057F0000039u2OQAQ"}|0x42778de6
04:26:40.0 (91534156)|STATEMENT_EXECUTE|[26]
04:26:40.0 (91535359)|STATEMENT_EXECUTE|[27]
04:26:40.0 (91540811)|HEAP_ALLOCATE|[27]|Bytes:18
04:26:40.0 (91550567)|HEAP_ALLOCATE|[EXTERNAL]|Bytes:4
04:26:40.0 (91559608)|HEAP_ALLOCATE|[26]|Bytes:5
04:26:40.0 (91567598)|HEAP_ALLOCATE|[26]|Bytes:12
04:26:40.0 (91572805)|VARIABLE_SCOPE_BEGIN|[26]|pro|Project__c|true|false
04:26:40.0 (91583236)|VARIABLE_ASSIGNMENT|[26]|pro|{"Company_project_code (3 more) ...":"300-0001-00","Id":"a057F0000039u22QAA"}|0x75ba2cfe
04:26:40.0 (91587945)|STATEMENT_EXECUTE|[26]
04:26:40.0 (91589011)|STATEMENT_EXECUTE|[27]
04:26:40.0 (91594686)|HEAP_ALLOCATE|[27]|Bytes:18
04:26:40.0 (91604385)|HEAP_ALLOCATE|[EXTERNAL]|Bytes:4
04:26:40.0 (91612942)|HEAP_ALLOCATE|[26]|Bytes:5
04:26:40.0 (91620523)|HEAP_ALLOCATE|[26]|Bytes:12
04:26:40.0 (91625481)|VARIABLE_SCOPE_BEGIN|[26]|pro|Project__c|true|false
04:26:40.0 (91635365)|VARIABLE_ASSIGNMENT|[26]|pro|{"Company_project_code (3 more) ...":"300-0002-01","Id":"a057F0000039u23QAA"}|0x37df7eb
04:26:40.0 (91640137)|STATEMENT_EXECUTE|[26]
04:26:40.0 (91641199)|STATEMENT_EXECUTE|[27]
04:26:40.0 (91646456)|HEAP_ALLOCATE|[27]|Bytes:18
04:26:40.0 (91655702)|HEAP_ALLOCATE|[EXTERNAL]|Bytes:4
04:26:40.0 (91664453)|HEAP_ALLOCATE|[26]|Bytes:5
04:26:40.0 (91672185)|HEAP_ALLOCATE|[26]|Bytes:12
04:26:40.0 (91677050)|VARIABLE_SCOPE_BEGIN|[26]|pro|Project__c|true|false
04:26:40.0 (91686786)|VARIABLE_ASSIGNMENT|[26]|pro|{"Company_project_code (3 more) ...":"101-TRN-COM-008","Id":"a057F0000039u24QAA"}|0x602a9908
04:26:40.0 (91691148)|STATEMENT_EXECUTE|[26]
04:26:40.0 (91692187)|STATEMENT_EXECUTE|[27]
04:26:40.0 (91697515)|HEAP_ALLOCATE|[27]|Bytes:18
04:26:40.0 (91706567)|HEAP_ALLOCATE|[EXTERNAL]|Bytes:4
04:26:40.0 (91715255)|HEAP_ALLOCATE|[26]|Bytes:5
04:26:40.0 (91723105)|HEAP_ALLOCATE|[26]|Bytes:12
04:26:40.0 (91728128)|VARIABLE_SCOPE_BEGIN|[26]|pro|Project__c|true|false
04:26:40.0 (91737570)|VARIABLE_ASSIGNMENT|[26]|pro|{"Company_project_code (3 more) ...":"101-TRN-COM-047","Id":"a057F0000039u25QAA"}|0x1ecc2056
04:26:40.0 (91742158)|STATEMENT_EXECUTE|[26]
04:26:40.0 (91743184)|STATEMENT_EXECUTE|[27]
04:26:40.0 (91748498)|HEAP_ALLOCATE|[27]|Bytes:18
04:26:40.0 (91757607)|HEAP_ALLOCATE|[EXTERNAL]|Bytes:4
04:26:40.0 (91766152)|HEAP_ALLOCATE|[26]|Bytes:5
04:26:40.0 (91773798)|HEAP_ALLOCATE|[26]|Bytes:12
04:26:40.0 (91778609)|VARIABLE_SCOPE_BEGIN|[26]|pro|Project__c|true|false
04:26:40.0 (91788120)|VARIABLE_ASSIGNMENT|[26]|pro|{"Company_project_code (3 more) ...":"101-TRN-COM-046","Id":"a057F0000039u26QAA"}|0x3a3522ad
04:26:40.0 (91792158)|STATEMENT_EXECUTE|[26]
04:26:40.0 (91793206)|STATEMENT_EXECUTE|[27]
04:26:40.0 (91798273)|HEAP_ALLOCATE|[27]|Bytes:18
04:26:40.0 (91812440)|HEAP_ALLOCATE|[EXTERNAL]|Bytes:4
04:26:40.0 (91821695)|HEAP_ALLOCATE|[26]|Bytes:5
04:26:40.0 (91829584)|HEAP_ALLOCATE|[26]|Bytes:12
04:26:40.0 (91834510)|VARIABLE_SCOPE_BEGIN|[26]|pro|Project__c|true|false
04:26:40.0 (91844804)|VARIABLE_ASSIGNMENT|[26]|pro|{"Company_project_code (3 more) ...":"101-TRN-COM-050","Id":"a057F0000039u27QAA"}|0x561b48af
04:26:40.0 (91849122)|STATEMENT_EXECUTE|[26]
04:26:40.0 (91850253)|STATEMENT_EXECUTE|[27]
04:26:40.0 (91855800)|HEAP_ALLOCATE|[27]|Bytes:18
04:26:40.0 (91865299)|HEAP_ALLOCATE|[EXTERNAL]|Bytes:4
04:26:40.0 (91874072)|HEAP_ALLOCATE|[26]|Bytes:5
04:26:40.0 (91881866)|HEAP_ALLOCATE|[26]|Bytes:12
04:26:40.0 (91886688)|VARIABLE_SCOPE_BEGIN|[26]|pro|Project__c|true|false
04:26:40.0 (91896149)|VARIABLE_ASSIGNMENT|[26]|pro|{"Company_project_code (3 more) ...":"101-TRN-COM-033","Id":"a057F0000039u28QAA"}|0x624d69bd
04:26:40.0 (91904384)|STATEMENT_EXECUTE|[26]
04:26:40.0 (91905556)|STATEMENT_EXECUTE|[27]
04:26:40.0 (91911374)|HEAP_ALLOCATE|[27]|Bytes:18
04:26:40.0 (91921262)|HEAP_ALLOCATE|[EXTERNAL]|Bytes:4
04:26:40.0 (91930788)|HEAP_ALLOCATE|[26]|Bytes:5
04:26:40.0 (91938756)|HEAP_ALLOCATE|[26]|Bytes:12
04:26:40.0 (91943962)|VARIABLE_SCOPE_BEGIN|[26]|pro|Project__c|true|false
04:26:40.0 (91954344)|VARIABLE_ASSIGNMENT|[26]|pro|{"Company_project_code (3 more) ...":"101-TRN-COX-007","Id":"a057F0000039u29QAA"}|0x1dfc3b32
04:26:40.0 (91958576)|STATEMENT_EXECUTE|[26]
04:26:40.0 (91959622)|STATEMENT_EXECUTE|[27]
04:26:40.0 (91964937)|HEAP_ALLOCATE|[27]|Bytes:18
04:26:40.0 (91974505)|HEAP_ALLOCATE|[EXTERNAL]|Bytes:4
04:26:40.0 (91983302)|HEAP_ALLOCATE|[26]|Bytes:5
04:26:40.0 (91991271)|HEAP_ALLOCATE|[26]|Bytes:12
04:26:40.0 (91996123)|VARIABLE_SCOPE_BEGIN|[26]|pro|Project__c|true|false
04:26:40.0 (92006155)|VARIABLE_ASSIGNMENT|[26]|pro|{"Company_project_code (3 more) ...":"101-TRN-COX-006","Id":"a057F0000039u2AQAQ"}|0xe4f526a
04:26:40.0 (92011428)|STATEMENT_EXECUTE|[26]
04:26:40.0 (92012557)|STATEMENT_EXECUTE|[27]
04:26:40.0 (92017707)|HEAP_ALLOCATE|[27]|Bytes:18
04:26:40.0 (92026893)|HEAP_ALLOCATE|[EXTERNAL]|Bytes:4
04:26:40.0 (92035801)|HEAP_ALLOCATE|[26]|Bytes:5
04:26:40.0 (92043513)|HEAP_ALLOCATE|[26]|Bytes:12
04:26:40.0 (92048569)|VARIABLE_SCOPE_BEGIN|[26]|pro|Project__c|true|false
04:26:40.0 (92058657)|VARIABLE_ASSIGNMENT|[26]|pro|{"Company_project_code (3 more) ...":"101-TRN-COX-008","Id":"a057F0000039u2BQAQ"}|0x21d2d3c
04:26:40.0 (92062986)|STATEMENT_EXECUTE|[26]
04:26:40.0 (92064059)|STATEMENT_EXECUTE|[27]
04:26:40.0 (92069420)|HEAP_ALLOCATE|[27]|Bytes:18
04:26:40.0 (92078629)|HEAP_ALLOCATE|[EXTERNAL]|Bytes:4
04:26:40.0 (92087402)|HEAP_ALLOCATE|[26]|Bytes:5
04:26:40.0 (92094888)|HEAP_ALLOCATE|[26]|Bytes:12
04:26:40.0 (92099628)|VARIABLE_SCOPE_BEGIN|[26]|pro|Project__c|true|false
04:26:40.0 (92109936)|VARIABLE_ASSIGNMENT|[26]|pro|{"Company_project_code (3 more) ...":"101-TRN-COM-027","Id":"a057F0000039u2CQAQ"}|0xb14bc43
04:26:40.0 (92114345)|STATEMENT_EXECUTE|[26]
04:26:40.0 (92115395)|STATEMENT_EXECUTE|[27]
04:26:40.0 (92120598)|HEAP_ALLOCATE|[27]|Bytes:18
04:26:40.0 (92129514)|HEAP_ALLOCATE|[EXTERNAL]|Bytes:4
04:26:40.0 (92138000)|HEAP_ALLOCATE|[26]|Bytes:5
04:26:40.0 (92145773)|HEAP_ALLOCATE|[26]|Bytes:12
04:26:40.0 (92150469)|VARIABLE_SCOPE_BEGIN|[26]|pro|Project__c|true|false
04:26:40.0 (92160247)|VARIABLE_ASSIGNMENT|[26]|pro|{"Company_project_code (3 more) ...":"101-TRN-COM-029","Id":"a057F0000039u2DQAQ"}|0x77cd23b8
04:26:40.0 (92164671)|STATEMENT_EXECUTE|[26]
04:26:40.0 (92165715)|STATEMENT_EXECUTE|[27]
04:26:40.0 (92170819)|HEAP_ALLOCATE|[27]|Bytes:18
04:26:40.0 (92180069)|HEAP_ALLOCATE|[EXTERNAL]|Bytes:4
04:26:40.0 (92188676)|HEAP_ALLOCATE|[26]|Bytes:5
04:26:40.0 (92196408)|HEAP_ALLOCATE|[26]|Bytes:12
04:26:40.0 (92201447)|VARIABLE_SCOPE_BEGIN|[26]|pro|Project__c|true|false
04:26:40.0 (92211223)|VARIABLE_ASSIGNMENT|[26]|pro|{"Company_project_code (3 more) ...":"101-TRN-COM-014","Id":"a057F0000039u2EQAQ"}|0x3e5f329
04:26:40.0 (92215837)|STATEMENT_EXECUTE|[26]
04:26:40.0 (92216863)|STATEMENT_EXECUTE|[27]
04:26:40.0 (92222184)|HEAP_ALLOCATE|[27]|Bytes:18
04:26:40.0 (92231385)|HEAP_ALLOCATE|[EXTERNAL]|Bytes:4
04:26:40.0 (92239835)|HEAP_ALLOCATE|[26]|Bytes:5
04:26:40.0 (92247700)|HEAP_ALLOCATE|[26]|Bytes:12
04:26:40.0 (92252427)|VARIABLE_SCOPE_BEGIN|[26]|pro|Project__c|true|false
04:26:40.0 (92261901)|VARIABLE_ASSIGNMENT|[26]|pro|{"Company_project_code (3 more) ...":"301-0001-00","Id":"a057F0000039u21QAA"}|0x68fa5aa4
04:26:40.0 (92266591)|STATEMENT_EXECUTE|[26]
04:26:40.0 (92267696)|STATEMENT_EXECUTE|[27]
04:26:40.0 (92272822)|HEAP_ALLOCATE|[27]|Bytes:18
04:26:40.0 (92281727)|HEAP_ALLOCATE|[EXTERNAL]|Bytes:4
04:26:40.0 (92290540)|HEAP_ALLOCATE|[26]|Bytes:5
04:26:40.0 (92298009)|HEAP_ALLOCATE|[26]|Bytes:12
04:26:40.0 (92302969)|VARIABLE_SCOPE_BEGIN|[26]|pro|Project__c|true|false
04:26:40.0 (92312916)|VARIABLE_ASSIGNMENT|[26]|pro|{"Company_project_code (3 more) ...":"101-TRN-COM-017","Id":"a057F0000039u2FQAQ"}|0x4622155c
04:26:40.0 (92317350)|STATEMENT_EXECUTE|[26]
04:26:40.0 (92318383)|STATEMENT_EXECUTE|[27]
04:26:40.0 (92323577)|HEAP_ALLOCATE|[27]|Bytes:18
04:26:40.0 (92332622)|HEAP_ALLOCATE|[EXTERNAL]|Bytes:4
04:26:40.0 (92341122)|HEAP_ALLOCATE|[26]|Bytes:5
04:26:40.0 (92348722)|HEAP_ALLOCATE|[26]|Bytes:12
04:26:40.0 (92353625)|VARIABLE_SCOPE_BEGIN|[26]|pro|Project__c|true|false
04:26:40.0 (92363335)|VARIABLE_ASSIGNMENT|[26]|pro|{"Company_project_code (3 more) ...":"101-TRN-COM-038","Id":"a057F0000039u2GQAQ"}|0x58ec3ec3
04:26:40.0 (92367759)|STATEMENT_EXECUTE|[26]
04:26:40.0 (92368785)|STATEMENT_EXECUTE|[27]
04:26:40.0 (92373867)|HEAP_ALLOCATE|[27]|Bytes:18
04:26:40.0 (92382829)|HEAP_ALLOCATE|[EXTERNAL]|Bytes:4
04:26:40.0 (92391577)|HEAP_ALLOCATE|[26]|Bytes:5
04:26:40.0 (92399140)|HEAP_ALLOCATE|[26]|Bytes:12
04:26:40.0 (92403931)|VARIABLE_SCOPE_BEGIN|[26]|pro|Project__c|true|false
04:26:40.0 (92413474)|VARIABLE_ASSIGNMENT|[26]|pro|{"Company_project_code (3 more) ...":"101-TRN-COM-037","Id":"a057F0000039u2HQAQ"}|0x743ce24c
04:26:40.0 (92418237)|STATEMENT_EXECUTE|[26]
04:26:40.0 (92419285)|STATEMENT_EXECUTE|[27]
04:26:40.0 (92424489)|HEAP_ALLOCATE|[27]|Bytes:18
04:26:40.0 (92433803)|HEAP_ALLOCATE|[EXTERNAL]|Bytes:4
04:26:40.0 (92442211)|HEAP_ALLOCATE|[26]|Bytes:5
04:26:40.0 (92449746)|HEAP_ALLOCATE|[26]|Bytes:12
04:26:40.0 (92454602)|VARIABLE_SCOPE_BEGIN|[26]|pro|Project__c|true|false
04:26:40.0 (92464219)|VARIABLE_ASSIGNMENT|[26]|pro|{"Company_project_code (3 more) ...":"101-TRN-COM-039","Id":"a057F0000039u2IQAQ"}|0x4e29b915
04:26:40.0 (92468994)|STATEMENT_EXECUTE|[26]
04:26:40.0 (92470018)|STATEMENT_EXECUTE|[27]
04:26:40.0 (92475194)|HEAP_ALLOCATE|[27]|Bytes:18
04:26:40.0 (92483921)|HEAP_ALLOCATE|[EXTERNAL]|Bytes:4
04:26:40.0 (92492536)|HEAP_ALLOCATE|[26]|Bytes:5
04:26:40.0 (92500213)|HEAP_ALLOCATE|[26]|Bytes:12
04:26:40.0 (92505041)|VARIABLE_SCOPE_BEGIN|[26]|pro|Project__c|true|false
04:26:40.0 (92515070)|VARIABLE_ASSIGNMENT|[26]|pro|{"Company_project_code (3 more) ...":"101-TRN-COM-040","Id":"a057F0000039u2JQAQ"}|0x1877cd79
04:26:40.0 (92519380)|STATEMENT_EXECUTE|[26]
04:26:40.0 (92520395)|STATEMENT_EXECUTE|[27]
04:26:40.0 (92525567)|HEAP_ALLOCATE|[27]|Bytes:18
04:26:40.0 (92534474)|HEAP_ALLOCATE|[EXTERNAL]|Bytes:4
04:26:40.0 (92543394)|HEAP_ALLOCATE|[26]|Bytes:5
04:26:40.0 (92550840)|HEAP_ALLOCATE|[26]|Bytes:12
04:26:40.0 (92555582)|VARIABLE_SCOPE_BEGIN|[26]|pro|Project__c|true|false
04:26:40.0 (92565311)|VARIABLE_ASSIGNMENT|[26]|pro|{"Company_project_code (3 more) ...":"101-TRN-COM-041","Id":"a057F0000039u2KQAQ"}|0x21d4e292
04:26:40.0 (92569734)|STATEMENT_EXECUTE|[26]
04:26:40.0 (92570739)|STATEMENT_EXECUTE|[27]
04:26:40.0 (92575849)|HEAP_ALLOCATE|[27]|Bytes:18
04:26:40.0 (92584955)|HEAP_ALLOCATE|[EXTERNAL]|Bytes:4
04:26:40.0 (92593769)|HEAP_ALLOCATE|[26]|Bytes:5
04:26:40.0 (92602043)|VARIABLE_ASSIGNMENT|[26]|pro|null|
04:26:40.0 (92606280)|STATEMENT_EXECUTE|[29]
04:26:40.0 (92612486)|SYSTEM_MODE_EXIT|false
04:26:40.0 (92999107)|SYSTEM_MODE_ENTER|true
04:26:40.0 (97401113)|SYSTEM_MODE_ENTER|true
04:26:40.0 (97438807)|HEAP_ALLOCATE|[EXTERNAL]|Bytes:40
04:26:40.0 (97448963)|VARIABLE_SCOPE_BEGIN|[49]|this|PM_Job_New_Controller|true|false
04:26:40.0 (97481915)|VARIABLE_ASSIGNMENT|[49]|this|{"job":"0x49375547","projectList":"0x221b6452"}|0x7852886f
04:26:40.0 (97501435)|SYSTEM_MODE_ENTER|false
04:26:40.0 (97508784)|HEAP_ALLOCATE|[50]|Bytes:5
04:26:40.0 (97513999)|STATEMENT_EXECUTE|[49]
04:26:40.0 (97515634)|STATEMENT_EXECUTE|[50]
04:26:40.0 (97525503)|HEAP_ALLOCATE|[50]|Bytes:4
04:26:40.0 (97548934)|VARIABLE_SCOPE_BEGIN|[50]|ufp|List<System.SelectOption>|true|false
04:26:40.0 (97571416)|HEAP_ALLOCATE|[EXTERNAL]|Bytes:4
04:26:40.0 (97580584)|VARIABLE_ASSIGNMENT|[50]|ufp|[]|0x74b6f850
04:26:40.0 (97585826)|STATEMENT_EXECUTE|[51]
04:26:40.0 (97589158)|HEAP_ALLOCATE|[51]|Bytes:96
04:26:40.0 (97602644)|HEAP_ALLOCATE|[51]|Bytes:4
04:26:40.0 (97609428)|HEAP_ALLOCATE|[51]|Bytes:7
04:26:40.0 (97656436)|VARIABLE_ASSIGNMENT|[EXTERNAL]|this|{"job":"0x49375547","projectList":"0x221b6452"}|0x7852886f
04:26:40.0 (98817435)|SOQL_EXECUTE_BEGIN|[51]|Aggregations:0|SELECT ProjectLink__c, UserLink__c FROM ProjectJobAssociation__c WHERE ProjectLink__c = :tmpVar1
04:26:40.0 (100490016)|SOQL_EXECUTE_END|[51]|Rows:0
04:26:40.0 (100514122)|HEAP_ALLOCATE|[51]|Bytes:4
04:26:40.0 (100525334)|HEAP_ALLOCATE|[51]|Bytes:0
04:26:40.0 (100581999)|HEAP_ALLOCATE|[51]|Bytes:4
04:26:40.0 (100595329)|VARIABLE_SCOPE_BEGIN|[51]|userInProject|List<ProjectJobAssociation__c>|true|false
04:26:40.0 (100609482)|VARIABLE_ASSIGNMENT|[51]|userInProject|[]|0x11ce425
04:26:40.0 (100742164)|HEAP_ALLOCATE|[52]|Bytes:5
04:26:40.0 (100759827)|VARIABLE_ASSIGNMENT|[52]|pja|null|
04:26:40.0 (100765017)|STATEMENT_EXECUTE|[52]
04:26:40.0 (100766501)|STATEMENT_EXECUTE|[56]
04:26:40.0 (100771992)|SYSTEM_MODE_EXIT|false
04:26:40.0 (103236728)|SYSTEM_MODE_ENTER|true
04:26:40.0 (105404653)|VF_SERIALIZE_VIEWSTATE_BEGIN|0667F000005aHSA
04:26:40.0 (108999424)|VF_SERIALIZE_VIEWSTATE_END
04:26:40.111 (111616910)|CUMULATIVE_LIMIT_USAGE
04:26:40.111 (111616910)|LIMIT_USAGE_FOR_NS|(default)|
  Number of SOQL queries: 3 out of 100
  Number of query rows: 29 out of 50000
  Number of SOSL queries: 0 out of 20
  Number of DML statements: 0 out of 150
  Number of DML rows: 0 out of 10000
  Maximum CPU time: 0 out of 10000
  Maximum heap size: 0 out of 6000000
  Number of callouts: 0 out of 100
  Number of Email Invocations: 0 out of 10
  Number of future calls: 0 out of 50
  Number of queueable jobs added to the queue: 0 out of 50
  Number of Mobile Apex push calls: 0 out of 10

04:26:40.111 (111616910)|CUMULATIVE_LIMIT_USAGE_END

04:26:40.0 (111667718)|CODE_UNIT_FINISHED|VF: /apex/PM_Job_New
04:26:40.0 (112497988)|EXECUTION_FINISHED
