36.0 APEX_CODE,FINEST;APEX_PROFILING,INFO;CALLOUT,INFO;DB,INFO;SYSTEM,DEBUG;VALIDATION,INFO;VISUALFORCE,INFO;WAVE,INFO;WORKFLOW,INFO
06:19:59.0 (326482)|USER_INFO|[EXTERNAL]|0057F000000Tiz6|ksb994@salesforce.com|Pacific Standard Time|GMT-08:00
06:19:59.0 (356840)|EXECUTION_STARTED
06:19:59.0 (360332)|CODE_UNIT_STARTED|[EXTERNAL]|0667F000004uRC1|VF: /apex/PM_Project_Edit
06:19:59.0 (44213901)|SYSTEM_MODE_ENTER|true
06:19:59.0 (44532047)|HEAP_ALLOCATE|[72]|Bytes:3
06:19:59.0 (44568553)|HEAP_ALLOCATE|[77]|Bytes:152
06:19:59.0 (44581562)|HEAP_ALLOCATE|[342]|Bytes:408
06:19:59.0 (44595779)|HEAP_ALLOCATE|[355]|Bytes:408
06:19:59.0 (44608246)|HEAP_ALLOCATE|[467]|Bytes:48
06:19:59.0 (44632132)|HEAP_ALLOCATE|[139]|Bytes:6
06:19:59.0 (44645624)|HEAP_ALLOCATE|[EXTERNAL]|Bytes:140
06:19:59.0 (44650666)|HEAP_ALLOCATE|[EXTERNAL]|Bytes:20
06:19:59.0 (44654274)|HEAP_ALLOCATE|[EXTERNAL]|Bytes:2
06:19:59.0 (44671678)|METHOD_ENTRY|[1]|01p7F00000Ehro9|PM_Project_Edit_Controller.PM_Project_Edit_Controller()
06:19:59.0 (44677448)|STATEMENT_EXECUTE|[1]
06:19:59.0 (44681306)|STATEMENT_EXECUTE|[1]
06:19:59.0 (44710420)|HEAP_ALLOCATE|[50]|Bytes:5
06:19:59.0 (44730400)|HEAP_ALLOCATE|[56]|Bytes:5
06:19:59.0 (44737221)|HEAP_ALLOCATE|[64]|Bytes:7
06:19:59.0 (44757379)|SYSTEM_MODE_ENTER|false
06:19:59.0 (44768181)|HEAP_ALLOCATE|[EXTERNAL]|Bytes:5
06:19:59.0 (44775293)|SYSTEM_MODE_EXIT|false
06:19:59.0 (44782835)|METHOD_EXIT|[1]|PM_Project_Edit_Controller
06:19:59.0 (44819161)|HEAP_ALLOCATE|[EXTERNAL]|Bytes:24
06:19:59.0 (44938707)|VARIABLE_SCOPE_BEGIN|[10]|this|PM_Project_Edit_Controller|true|false
06:19:59.0 (44994837)|VARIABLE_ASSIGNMENT|[10]|this|{}|0x106927a5
06:19:59.0 (45002423)|VARIABLE_SCOPE_BEGIN|[10]|stdController|ApexPages.StandardController|true|false
06:19:59.0 (45119836)|VARIABLE_ASSIGNMENT|[10]|stdController|"StandardController [null]"|0x71af99d5
06:19:59.0 (45140565)|SYSTEM_MODE_ENTER|false
06:19:59.0 (45146563)|HEAP_ALLOCATE|[7]|Bytes:5
06:19:59.0 (45151570)|STATEMENT_EXECUTE|[1]
06:19:59.0 (45156093)|HEAP_ALLOCATE|[7]|Bytes:5
06:19:59.0 (45158822)|STATEMENT_EXECUTE|[3]
06:19:59.0 (45160087)|STATEMENT_EXECUTE|[4]
06:19:59.0 (45160956)|STATEMENT_EXECUTE|[6]
06:19:59.0 (45161758)|STATEMENT_EXECUTE|[7]
06:19:59.0 (45178390)|HEAP_ALLOCATE|[7]|Bytes:4
06:19:59.0 (45256288)|HEAP_ALLOCATE|[EXTERNAL]|Bytes:4
06:19:59.0 (45269377)|VARIABLE_ASSIGNMENT|[7]|this.usersList|[]|0x106927a5
06:19:59.0 (45278082)|STATEMENT_EXECUTE|[8]
06:19:59.0 (45280710)|HEAP_ALLOCATE|[8]|Bytes:1
06:19:59.0 (45290002)|VARIABLE_ASSIGNMENT|[8]|this.nonSelectedUserId|"("|0x106927a5
06:19:59.0 (45301147)|HEAP_ALLOCATE|[8]|Bytes:6
06:19:59.0 (45332032)|STATEMENT_EXECUTE|[10]
06:19:59.0 (45333518)|STATEMENT_EXECUTE|[11]
06:19:59.0 (45432104)|HEAP_ALLOCATE|[11]|Bytes:4
06:19:59.0 (45499522)|VARIABLE_ASSIGNMENT|[EXTERNAL]|this|{"nonSelectedUserId":"(","usersList":"0x3dfaea41"}|0x106927a5
06:19:59.0 (45516500)|VARIABLE_ASSIGNMENT|[EXTERNAL]|value|{}|0x1e640a8f
06:19:59.0 (45526484)|VARIABLE_ASSIGNMENT|[3]|this.project|{}|0x106927a5
06:19:59.0 (45535115)|STATEMENT_EXECUTE|[12]
06:19:59.0 (45569104)|HEAP_ALLOCATE|[12]|Bytes:43
06:19:59.0 (45602277)|HEAP_ALLOCATE|[12]|Bytes:18
06:19:59.0 (45621452)|HEAP_ALLOCATE|[12]|Bytes:3
06:19:59.0 (45650915)|HEAP_ALLOCATE|[12]|Bytes:4
06:19:59.0 (45655775)|VARIABLE_SCOPE_BEGIN|[12]|pid|Id|false|false
06:19:59.0 (45721344)|VARIABLE_ASSIGNMENT|[12]|pid|"a057F0000039WImQAM"
06:19:59.0 (45727575)|STATEMENT_EXECUTE|[16]
06:19:59.0 (45730134)|HEAP_ALLOCATE|[16]|Bytes:7
06:19:59.0 (45734409)|HEAP_ALLOCATE|[16]|Bytes:10
06:19:59.0 (45747195)|METHOD_ENTRY|[16]|01p7F00000Ehro9|PM_Project_Edit_Controller.getAllFields(String)
06:19:59.0 (45832780)|VARIABLE_SCOPE_BEGIN|[74]|sobjectname|String|false|false
06:19:59.0 (45842942)|VARIABLE_ASSIGNMENT|[74]|sobjectname|"Project__c"
06:19:59.0 (45859614)|HEAP_ALLOCATE|[75]|Bytes:5
06:19:59.0 (45863299)|STATEMENT_EXECUTE|[74]
06:19:59.0 (62881585)|HEAP_ALLOCATE|[75]|Bytes:1468
06:19:59.0 (62913076)|STATEMENT_EXECUTE|[75]
06:19:59.0 (62915038)|STATEMENT_EXECUTE|[78]
06:19:59.0 (66205065)|HEAP_ALLOCATE|[78]|Bytes:1468
06:19:59.0 (66384584)|HEAP_ALLOCATE|[78]|Bytes:4
06:19:59.0 (66432050)|HEAP_ALLOCATE|[78]|Bytes:4
06:19:59.0 (66687696)|HEAP_ALLOCATE|[78]|Bytes:148
06:19:59.0 (66699137)|VARIABLE_SCOPE_BEGIN|[78]|fields|Map<String,Schema.SObjectField>|true|false
06:19:59.0 (66868503)|VARIABLE_ASSIGNMENT|[78]|fields|"{client__c=Client__c, client_project_manager__c=Client_Project_Manager__c, company_project_code__c=Company_project_code__c, cost_centre__c=Cost_Centre__c, createdbyid=CreatedById, createddate=CreatedDate, delivery__c=Delivery__c, end_customer__c=End_Customer__c, footage__c=Footage__c, hours__c=Hours__c, ...}"|0x386425da
06:19:59.0 (66881716)|STATEMENT_EXECUTE|[79]
06:19:59.0 (66894889)|HEAP_ALLOCATE|[79]|Bytes:4
06:19:59.0 (66920591)|VARIABLE_SCOPE_BEGIN|[79]|accessiblefields|List<String>|true|false
06:19:59.0 (66943563)|HEAP_ALLOCATE|[EXTERNAL]|Bytes:4
06:19:59.0 (66951549)|VARIABLE_ASSIGNMENT|[79]|accessiblefields|[]|0x71fa34f2
06:19:59.0 (66993407)|HEAP_ALLOCATE|[EXTERNAL]|Bytes:148
06:19:59.0 (67011093)|HEAP_ALLOCATE|[80]|Bytes:148
06:19:59.0 (67069834)|HEAP_ALLOCATE|[80]|Bytes:5
06:19:59.0 (67088120)|VARIABLE_SCOPE_BEGIN|[80]|field|Schema.SObjectField|true|false
06:19:59.0 (67153014)|VARIABLE_ASSIGNMENT|[80]|field|"common.apex.runtime.impl.ApexFieldToken@9c26327"|0x9c26327
06:19:59.0 (67161087)|STATEMENT_EXECUTE|[80]
06:19:59.0 (67572238)|HEAP_ALLOCATE|[81]|Bytes:8
06:19:59.0 (67594913)|STATEMENT_EXECUTE|[82]
06:19:59.0 (67622897)|HEAP_ALLOCATE|[82]|Bytes:8
06:19:59.0 (67636101)|HEAP_ALLOCATE|[82]|Bytes:2
06:19:59.0 (67649017)|HEAP_ALLOCATE|[EXTERNAL]|Bytes:4
06:19:59.0 (67661648)|HEAP_ALLOCATE|[80]|Bytes:5
06:19:59.0 (67675189)|VARIABLE_SCOPE_BEGIN|[80]|field|Schema.SObjectField|true|false
06:19:59.0 (67741467)|VARIABLE_ASSIGNMENT|[80]|field|"common.apex.runtime.impl.ApexFieldToken@1091dd30"|0x1091dd30
06:19:59.0 (67749205)|STATEMENT_EXECUTE|[80]
06:19:59.0 (67889048)|HEAP_ALLOCATE|[81]|Bytes:8
06:19:59.0 (67902069)|STATEMENT_EXECUTE|[82]
06:19:59.0 (67917232)|HEAP_ALLOCATE|[82]|Bytes:8
06:19:59.0 (67925127)|HEAP_ALLOCATE|[82]|Bytes:7
06:19:59.0 (67933446)|HEAP_ALLOCATE|[EXTERNAL]|Bytes:4
06:19:59.0 (67944355)|HEAP_ALLOCATE|[80]|Bytes:5
06:19:59.0 (67956506)|VARIABLE_SCOPE_BEGIN|[80]|field|Schema.SObjectField|true|false
06:19:59.0 (68019919)|VARIABLE_ASSIGNMENT|[80]|field|"common.apex.runtime.impl.ApexFieldToken@306c2674"|0x306c2674
06:19:59.0 (68027630)|STATEMENT_EXECUTE|[80]
06:19:59.0 (68110444)|HEAP_ALLOCATE|[81]|Bytes:8
06:19:59.0 (68122369)|STATEMENT_EXECUTE|[82]
06:19:59.0 (68137170)|HEAP_ALLOCATE|[82]|Bytes:8
06:19:59.0 (68144402)|HEAP_ALLOCATE|[82]|Bytes:9
06:19:59.0 (68151891)|HEAP_ALLOCATE|[EXTERNAL]|Bytes:4
06:19:59.0 (68161772)|HEAP_ALLOCATE|[80]|Bytes:5
06:19:59.0 (68172852)|VARIABLE_SCOPE_BEGIN|[80]|field|Schema.SObjectField|true|false
06:19:59.0 (68232651)|VARIABLE_ASSIGNMENT|[80]|field|"common.apex.runtime.impl.ApexFieldToken@74dfab4f"|0x74dfab4f
06:19:59.0 (68239127)|STATEMENT_EXECUTE|[80]
06:19:59.0 (68330596)|HEAP_ALLOCATE|[81]|Bytes:8
06:19:59.0 (68341951)|STATEMENT_EXECUTE|[82]
06:19:59.0 (68357207)|HEAP_ALLOCATE|[82]|Bytes:8
06:19:59.0 (68364488)|HEAP_ALLOCATE|[82]|Bytes:4
06:19:59.0 (68371306)|HEAP_ALLOCATE|[EXTERNAL]|Bytes:4
06:19:59.0 (68380737)|HEAP_ALLOCATE|[80]|Bytes:5
06:19:59.0 (68391621)|VARIABLE_SCOPE_BEGIN|[80]|field|Schema.SObjectField|true|false
06:19:59.0 (68452678)|VARIABLE_ASSIGNMENT|[80]|field|"common.apex.runtime.impl.ApexFieldToken@6e1e25a8"|0x6e1e25a8
06:19:59.0 (68459492)|STATEMENT_EXECUTE|[80]
06:19:59.0 (68552524)|HEAP_ALLOCATE|[81]|Bytes:8
06:19:59.0 (68564259)|STATEMENT_EXECUTE|[82]
06:19:59.0 (68577885)|HEAP_ALLOCATE|[82]|Bytes:8
06:19:59.0 (68585174)|HEAP_ALLOCATE|[82]|Bytes:11
06:19:59.0 (68592609)|HEAP_ALLOCATE|[EXTERNAL]|Bytes:4
06:19:59.0 (68602854)|HEAP_ALLOCATE|[80]|Bytes:5
06:19:59.0 (68613721)|VARIABLE_SCOPE_BEGIN|[80]|field|Schema.SObjectField|true|false
06:19:59.0 (68673906)|VARIABLE_ASSIGNMENT|[80]|field|"common.apex.runtime.impl.ApexFieldToken@70f80d06"|0x70f80d06
06:19:59.0 (68681125)|STATEMENT_EXECUTE|[80]
06:19:59.0 (68782985)|HEAP_ALLOCATE|[81]|Bytes:8
06:19:59.0 (68794657)|STATEMENT_EXECUTE|[82]
06:19:59.0 (68808792)|HEAP_ALLOCATE|[82]|Bytes:8
06:19:59.0 (68816241)|HEAP_ALLOCATE|[82]|Bytes:11
06:19:59.0 (68823798)|HEAP_ALLOCATE|[EXTERNAL]|Bytes:4
06:19:59.0 (68833707)|HEAP_ALLOCATE|[80]|Bytes:5
06:19:59.0 (68844586)|VARIABLE_SCOPE_BEGIN|[80]|field|Schema.SObjectField|true|false
06:19:59.0 (68904471)|VARIABLE_ASSIGNMENT|[80]|field|"common.apex.runtime.impl.ApexFieldToken@2176caeb"|0x2176caeb
06:19:59.0 (68911114)|STATEMENT_EXECUTE|[80]
06:19:59.0 (69002424)|HEAP_ALLOCATE|[81]|Bytes:8
06:19:59.0 (69014886)|STATEMENT_EXECUTE|[82]
06:19:59.0 (69029449)|HEAP_ALLOCATE|[82]|Bytes:8
06:19:59.0 (69037170)|HEAP_ALLOCATE|[82]|Bytes:16
06:19:59.0 (69044667)|HEAP_ALLOCATE|[EXTERNAL]|Bytes:4
06:19:59.0 (69054383)|HEAP_ALLOCATE|[80]|Bytes:5
06:19:59.0 (69065343)|VARIABLE_SCOPE_BEGIN|[80]|field|Schema.SObjectField|true|false
06:19:59.0 (69125115)|VARIABLE_ASSIGNMENT|[80]|field|"common.apex.runtime.impl.ApexFieldToken@287a9859"|0x287a9859
06:19:59.0 (69132322)|STATEMENT_EXECUTE|[80]
06:19:59.0 (69225584)|HEAP_ALLOCATE|[81]|Bytes:8
06:19:59.0 (69237620)|STATEMENT_EXECUTE|[82]
06:19:59.0 (69251598)|HEAP_ALLOCATE|[82]|Bytes:8
06:19:59.0 (69259048)|HEAP_ALLOCATE|[82]|Bytes:16
06:19:59.0 (69265980)|HEAP_ALLOCATE|[EXTERNAL]|Bytes:4
06:19:59.0 (69275009)|HEAP_ALLOCATE|[80]|Bytes:5
06:19:59.0 (69285957)|VARIABLE_SCOPE_BEGIN|[80]|field|Schema.SObjectField|true|false
06:19:59.0 (69345506)|VARIABLE_ASSIGNMENT|[80]|field|"common.apex.runtime.impl.ApexFieldToken@37d6db9b"|0x37d6db9b
06:19:59.0 (69352573)|STATEMENT_EXECUTE|[80]
06:19:59.0 (69426238)|HEAP_ALLOCATE|[81]|Bytes:8
06:19:59.0 (69437579)|STATEMENT_EXECUTE|[82]
06:19:59.0 (69450863)|HEAP_ALLOCATE|[82]|Bytes:8
06:19:59.0 (69458965)|HEAP_ALLOCATE|[82]|Bytes:14
06:19:59.0 (69465688)|HEAP_ALLOCATE|[EXTERNAL]|Bytes:4
06:19:59.0 (69475071)|HEAP_ALLOCATE|[80]|Bytes:5
06:19:59.0 (69485310)|VARIABLE_SCOPE_BEGIN|[80]|field|Schema.SObjectField|true|false
06:19:59.0 (69543843)|VARIABLE_ASSIGNMENT|[80]|field|"common.apex.runtime.impl.ApexFieldToken@776705a"|0x776705a
06:19:59.0 (69550680)|STATEMENT_EXECUTE|[80]
06:19:59.0 (69621862)|HEAP_ALLOCATE|[81]|Bytes:8
06:19:59.0 (69633000)|STATEMENT_EXECUTE|[82]
06:19:59.0 (69646444)|HEAP_ALLOCATE|[82]|Bytes:8
06:19:59.0 (69653676)|HEAP_ALLOCATE|[82]|Bytes:16
06:19:59.0 (69660567)|HEAP_ALLOCATE|[EXTERNAL]|Bytes:4
06:19:59.0 (69669899)|HEAP_ALLOCATE|[80]|Bytes:5
06:19:59.0 (69679676)|VARIABLE_SCOPE_BEGIN|[80]|field|Schema.SObjectField|true|false
06:19:59.0 (69738296)|VARIABLE_ASSIGNMENT|[80]|field|"common.apex.runtime.impl.ApexFieldToken@10c0c3cd"|0x10c0c3cd
06:19:59.0 (69744757)|STATEMENT_EXECUTE|[80]
06:19:59.0 (69822028)|HEAP_ALLOCATE|[81]|Bytes:8
06:19:59.0 (69834322)|STATEMENT_EXECUTE|[82]
06:19:59.0 (69847924)|HEAP_ALLOCATE|[82]|Bytes:8
06:19:59.0 (69855084)|HEAP_ALLOCATE|[82]|Bytes:14
06:19:59.0 (69862329)|HEAP_ALLOCATE|[EXTERNAL]|Bytes:4
06:19:59.0 (69872373)|HEAP_ALLOCATE|[80]|Bytes:5
06:19:59.0 (69882692)|VARIABLE_SCOPE_BEGIN|[80]|field|Schema.SObjectField|true|false
06:19:59.0 (69941812)|VARIABLE_ASSIGNMENT|[80]|field|"common.apex.runtime.impl.ApexFieldToken@6c0439dc"|0x6c0439dc
06:19:59.0 (69948596)|STATEMENT_EXECUTE|[80]
06:19:59.0 (70017281)|HEAP_ALLOCATE|[81]|Bytes:8
06:19:59.0 (70029148)|STATEMENT_EXECUTE|[82]
06:19:59.0 (70042680)|HEAP_ALLOCATE|[82]|Bytes:8
06:19:59.0 (70049671)|HEAP_ALLOCATE|[82]|Bytes:18
06:19:59.0 (70056653)|HEAP_ALLOCATE|[EXTERNAL]|Bytes:4
06:19:59.0 (70065464)|HEAP_ALLOCATE|[80]|Bytes:5
06:19:59.0 (70075859)|VARIABLE_SCOPE_BEGIN|[80]|field|Schema.SObjectField|true|false
06:19:59.0 (70134297)|VARIABLE_ASSIGNMENT|[80]|field|"common.apex.runtime.impl.ApexFieldToken@6d8f2dc4"|0x6d8f2dc4
06:19:59.0 (70141117)|STATEMENT_EXECUTE|[80]
06:19:59.0 (70558610)|HEAP_ALLOCATE|[81]|Bytes:8
06:19:59.0 (70572965)|STATEMENT_EXECUTE|[82]
06:19:59.0 (70589935)|HEAP_ALLOCATE|[82]|Bytes:8
06:19:59.0 (70598076)|HEAP_ALLOCATE|[82]|Bytes:9
06:19:59.0 (70605698)|HEAP_ALLOCATE|[EXTERNAL]|Bytes:4
06:19:59.0 (70616976)|HEAP_ALLOCATE|[80]|Bytes:5
06:19:59.0 (70629440)|VARIABLE_SCOPE_BEGIN|[80]|field|Schema.SObjectField|true|false
06:19:59.0 (70693025)|VARIABLE_ASSIGNMENT|[80]|field|"common.apex.runtime.impl.ApexFieldToken@59cf748f"|0x59cf748f
06:19:59.0 (70700401)|STATEMENT_EXECUTE|[80]
06:19:59.0 (70790914)|HEAP_ALLOCATE|[81]|Bytes:8
06:19:59.0 (70803617)|STATEMENT_EXECUTE|[82]
06:19:59.0 (70818356)|HEAP_ALLOCATE|[82]|Bytes:8
06:19:59.0 (70825980)|HEAP_ALLOCATE|[82]|Bytes:15
06:19:59.0 (70833399)|HEAP_ALLOCATE|[EXTERNAL]|Bytes:4
06:19:59.0 (70843242)|HEAP_ALLOCATE|[80]|Bytes:5
06:19:59.0 (70854357)|VARIABLE_SCOPE_BEGIN|[80]|field|Schema.SObjectField|true|false
06:19:59.0 (70914924)|VARIABLE_ASSIGNMENT|[80]|field|"common.apex.runtime.impl.ApexFieldToken@4f871ad0"|0x4f871ad0
06:19:59.0 (70922644)|STATEMENT_EXECUTE|[80]
06:19:59.0 (71002659)|HEAP_ALLOCATE|[81]|Bytes:8
06:19:59.0 (71015148)|STATEMENT_EXECUTE|[82]
06:19:59.0 (71029866)|HEAP_ALLOCATE|[82]|Bytes:8
06:19:59.0 (71037155)|HEAP_ALLOCATE|[82]|Bytes:19
06:19:59.0 (71044382)|HEAP_ALLOCATE|[EXTERNAL]|Bytes:4
06:19:59.0 (71053675)|HEAP_ALLOCATE|[80]|Bytes:5
06:19:59.0 (71064609)|VARIABLE_SCOPE_BEGIN|[80]|field|Schema.SObjectField|true|false
06:19:59.0 (71124160)|VARIABLE_ASSIGNMENT|[80]|field|"common.apex.runtime.impl.ApexFieldToken@2800025"|0x2800025
06:19:59.0 (71131747)|STATEMENT_EXECUTE|[80]
06:19:59.0 (71209787)|HEAP_ALLOCATE|[81]|Bytes:8
06:19:59.0 (71221200)|STATEMENT_EXECUTE|[82]
06:19:59.0 (71234990)|HEAP_ALLOCATE|[82]|Bytes:8
06:19:59.0 (71242557)|HEAP_ALLOCATE|[82]|Bytes:14
06:19:59.0 (71249724)|HEAP_ALLOCATE|[EXTERNAL]|Bytes:4
06:19:59.0 (71259108)|HEAP_ALLOCATE|[80]|Bytes:5
06:19:59.0 (71269883)|VARIABLE_SCOPE_BEGIN|[80]|field|Schema.SObjectField|true|false
06:19:59.0 (71328312)|VARIABLE_ASSIGNMENT|[80]|field|"common.apex.runtime.impl.ApexFieldToken@1675fcbc"|0x1675fcbc
06:19:59.0 (71335682)|STATEMENT_EXECUTE|[80]
06:19:59.0 (71408801)|HEAP_ALLOCATE|[81]|Bytes:8
06:19:59.0 (71419556)|STATEMENT_EXECUTE|[82]
06:19:59.0 (71433967)|HEAP_ALLOCATE|[82]|Bytes:8
06:19:59.0 (71441328)|HEAP_ALLOCATE|[82]|Bytes:25
06:19:59.0 (71448475)|HEAP_ALLOCATE|[EXTERNAL]|Bytes:4
06:19:59.0 (71457552)|HEAP_ALLOCATE|[80]|Bytes:5
06:19:59.0 (71467919)|VARIABLE_SCOPE_BEGIN|[80]|field|Schema.SObjectField|true|false
06:19:59.0 (71527300)|VARIABLE_ASSIGNMENT|[80]|field|"common.apex.runtime.impl.ApexFieldToken@34bc89f1"|0x34bc89f1
06:19:59.0 (71534246)|STATEMENT_EXECUTE|[80]
06:19:59.0 (71653451)|HEAP_ALLOCATE|[81]|Bytes:8
06:19:59.0 (71666106)|STATEMENT_EXECUTE|[82]
06:19:59.0 (71680789)|HEAP_ALLOCATE|[82]|Bytes:8
06:19:59.0 (71688739)|HEAP_ALLOCATE|[82]|Bytes:15
06:19:59.0 (71696888)|HEAP_ALLOCATE|[EXTERNAL]|Bytes:4
06:19:59.0 (71707627)|HEAP_ALLOCATE|[80]|Bytes:5
06:19:59.0 (71719496)|VARIABLE_SCOPE_BEGIN|[80]|field|Schema.SObjectField|true|false
06:19:59.0 (71792093)|VARIABLE_ASSIGNMENT|[80]|field|"common.apex.runtime.impl.ApexFieldToken@439a442c"|0x439a442c
06:19:59.0 (71798923)|STATEMENT_EXECUTE|[80]
06:19:59.0 (71876680)|HEAP_ALLOCATE|[81]|Bytes:8
06:19:59.0 (71888290)|STATEMENT_EXECUTE|[82]
06:19:59.0 (71902062)|HEAP_ALLOCATE|[82]|Bytes:8
06:19:59.0 (71909414)|HEAP_ALLOCATE|[82]|Bytes:23
06:19:59.0 (71917079)|HEAP_ALLOCATE|[EXTERNAL]|Bytes:4
06:19:59.0 (71926386)|HEAP_ALLOCATE|[80]|Bytes:5
06:19:59.0 (71937578)|VARIABLE_SCOPE_BEGIN|[80]|field|Schema.SObjectField|true|false
06:19:59.0 (71997698)|VARIABLE_ASSIGNMENT|[80]|field|"common.apex.runtime.impl.ApexFieldToken@4199e552"|0x4199e552
06:19:59.0 (72004676)|STATEMENT_EXECUTE|[80]
06:19:59.0 (72081301)|HEAP_ALLOCATE|[81]|Bytes:8
06:19:59.0 (72092720)|STATEMENT_EXECUTE|[82]
06:19:59.0 (72106766)|HEAP_ALLOCATE|[82]|Bytes:8
06:19:59.0 (72114157)|HEAP_ALLOCATE|[82]|Bytes:16
06:19:59.0 (72121212)|HEAP_ALLOCATE|[EXTERNAL]|Bytes:4
06:19:59.0 (72130415)|HEAP_ALLOCATE|[80]|Bytes:5
06:19:59.0 (72140950)|VARIABLE_SCOPE_BEGIN|[80]|field|Schema.SObjectField|true|false
06:19:59.0 (72200605)|VARIABLE_ASSIGNMENT|[80]|field|"common.apex.runtime.impl.ApexFieldToken@783071c1"|0x783071c1
06:19:59.0 (72207199)|STATEMENT_EXECUTE|[80]
06:19:59.0 (72280275)|HEAP_ALLOCATE|[81]|Bytes:8
06:19:59.0 (72291550)|STATEMENT_EXECUTE|[82]
06:19:59.0 (72305590)|HEAP_ALLOCATE|[82]|Bytes:8
06:19:59.0 (72313722)|HEAP_ALLOCATE|[82]|Bytes:14
06:19:59.0 (72321085)|HEAP_ALLOCATE|[EXTERNAL]|Bytes:4
06:19:59.0 (72330860)|HEAP_ALLOCATE|[80]|Bytes:5
06:19:59.0 (72341156)|VARIABLE_SCOPE_BEGIN|[80]|field|Schema.SObjectField|true|false
06:19:59.0 (72399087)|VARIABLE_ASSIGNMENT|[80]|field|"common.apex.runtime.impl.ApexFieldToken@28139c37"|0x28139c37
06:19:59.0 (72406334)|STATEMENT_EXECUTE|[80]
06:19:59.0 (72481355)|HEAP_ALLOCATE|[81]|Bytes:8
06:19:59.0 (72492575)|STATEMENT_EXECUTE|[82]
06:19:59.0 (72506391)|HEAP_ALLOCATE|[82]|Bytes:8
06:19:59.0 (72513766)|HEAP_ALLOCATE|[82]|Bytes:13
06:19:59.0 (72520961)|HEAP_ALLOCATE|[EXTERNAL]|Bytes:4
06:19:59.0 (72529826)|HEAP_ALLOCATE|[80]|Bytes:5
06:19:59.0 (72540326)|VARIABLE_SCOPE_BEGIN|[80]|field|Schema.SObjectField|true|false
06:19:59.0 (72599435)|VARIABLE_ASSIGNMENT|[80]|field|"common.apex.runtime.impl.ApexFieldToken@3939063d"|0x3939063d
06:19:59.0 (72606119)|STATEMENT_EXECUTE|[80]
06:19:59.0 (72679085)|HEAP_ALLOCATE|[81]|Bytes:8
06:19:59.0 (72691759)|STATEMENT_EXECUTE|[82]
06:19:59.0 (72705927)|HEAP_ALLOCATE|[82]|Bytes:8
06:19:59.0 (72713320)|HEAP_ALLOCATE|[82]|Bytes:5
06:19:59.0 (72720194)|HEAP_ALLOCATE|[EXTERNAL]|Bytes:4
06:19:59.0 (72730389)|HEAP_ALLOCATE|[80]|Bytes:5
06:19:59.0 (72740492)|VARIABLE_SCOPE_BEGIN|[80]|field|Schema.SObjectField|true|false
06:19:59.0 (72804035)|VARIABLE_ASSIGNMENT|[80]|field|"common.apex.runtime.impl.ApexFieldToken@3784d73d"|0x3784d73d
06:19:59.0 (72810448)|STATEMENT_EXECUTE|[80]
06:19:59.0 (72883367)|HEAP_ALLOCATE|[81]|Bytes:8
06:19:59.0 (72894633)|STATEMENT_EXECUTE|[82]
06:19:59.0 (72908796)|HEAP_ALLOCATE|[82]|Bytes:8
06:19:59.0 (72915852)|HEAP_ALLOCATE|[82]|Bytes:11
06:19:59.0 (72923226)|HEAP_ALLOCATE|[EXTERNAL]|Bytes:4
06:19:59.0 (72933175)|HEAP_ALLOCATE|[80]|Bytes:5
06:19:59.0 (72943076)|VARIABLE_SCOPE_BEGIN|[80]|field|Schema.SObjectField|true|false
06:19:59.0 (73002054)|VARIABLE_ASSIGNMENT|[80]|field|"common.apex.runtime.impl.ApexFieldToken@4c410675"|0x4c410675
06:19:59.0 (73009805)|STATEMENT_EXECUTE|[80]
06:19:59.0 (73081679)|HEAP_ALLOCATE|[81]|Bytes:8
06:19:59.0 (73092649)|STATEMENT_EXECUTE|[82]
06:19:59.0 (73106511)|HEAP_ALLOCATE|[82]|Bytes:8
06:19:59.0 (73113754)|HEAP_ALLOCATE|[82]|Bytes:5
06:19:59.0 (73120792)|HEAP_ALLOCATE|[EXTERNAL]|Bytes:4
06:19:59.0 (73129991)|HEAP_ALLOCATE|[80]|Bytes:5
06:19:59.0 (73140493)|VARIABLE_SCOPE_BEGIN|[80]|field|Schema.SObjectField|true|false
06:19:59.0 (73200084)|VARIABLE_ASSIGNMENT|[80]|field|"common.apex.runtime.impl.ApexFieldToken@7807c9ee"|0x7807c9ee
06:19:59.0 (73206498)|STATEMENT_EXECUTE|[80]
06:19:59.0 (73328622)|HEAP_ALLOCATE|[81]|Bytes:8
06:19:59.0 (73340895)|STATEMENT_EXECUTE|[82]
06:19:59.0 (73355282)|HEAP_ALLOCATE|[82]|Bytes:8
06:19:59.0 (73362995)|HEAP_ALLOCATE|[82]|Bytes:25
06:19:59.0 (73370447)|HEAP_ALLOCATE|[EXTERNAL]|Bytes:4
06:19:59.0 (73380025)|HEAP_ALLOCATE|[80]|Bytes:5
06:19:59.0 (73391164)|VARIABLE_SCOPE_BEGIN|[80]|field|Schema.SObjectField|true|false
06:19:59.0 (73450624)|VARIABLE_ASSIGNMENT|[80]|field|"common.apex.runtime.impl.ApexFieldToken@97e203d"|0x97e203d
06:19:59.0 (73458058)|STATEMENT_EXECUTE|[80]
06:19:59.0 (73560315)|HEAP_ALLOCATE|[81]|Bytes:8
06:19:59.0 (73572138)|STATEMENT_EXECUTE|[82]
06:19:59.0 (73586903)|HEAP_ALLOCATE|[82]|Bytes:8
06:19:59.0 (73595028)|HEAP_ALLOCATE|[82]|Bytes:12
06:19:59.0 (73602371)|HEAP_ALLOCATE|[EXTERNAL]|Bytes:4
06:19:59.0 (73611949)|HEAP_ALLOCATE|[80]|Bytes:5
06:19:59.0 (73623206)|VARIABLE_SCOPE_BEGIN|[80]|field|Schema.SObjectField|true|false
06:19:59.0 (73683312)|VARIABLE_ASSIGNMENT|[80]|field|"common.apex.runtime.impl.ApexFieldToken@18d22310"|0x18d22310
06:19:59.0 (73690154)|STATEMENT_EXECUTE|[80]
06:19:59.0 (73770714)|HEAP_ALLOCATE|[81]|Bytes:8
06:19:59.0 (73785173)|STATEMENT_EXECUTE|[82]
06:19:59.0 (73799500)|HEAP_ALLOCATE|[82]|Bytes:8
06:19:59.0 (73806397)|HEAP_ALLOCATE|[82]|Bytes:21
06:19:59.0 (73813844)|HEAP_ALLOCATE|[EXTERNAL]|Bytes:4
06:19:59.0 (73823472)|HEAP_ALLOCATE|[80]|Bytes:5
06:19:59.0 (73834489)|VARIABLE_SCOPE_BEGIN|[80]|field|Schema.SObjectField|true|false
06:19:59.0 (73893557)|VARIABLE_ASSIGNMENT|[80]|field|"common.apex.runtime.impl.ApexFieldToken@5c64ecd1"|0x5c64ecd1
06:19:59.0 (73900479)|STATEMENT_EXECUTE|[80]
06:19:59.0 (73974303)|HEAP_ALLOCATE|[81]|Bytes:8
06:19:59.0 (73985282)|STATEMENT_EXECUTE|[82]
06:19:59.0 (73999361)|HEAP_ALLOCATE|[82]|Bytes:8
06:19:59.0 (74006317)|HEAP_ALLOCATE|[82]|Bytes:19
06:19:59.0 (74014070)|HEAP_ALLOCATE|[EXTERNAL]|Bytes:4
06:19:59.0 (74023646)|HEAP_ALLOCATE|[80]|Bytes:5
06:19:59.0 (74034378)|VARIABLE_SCOPE_BEGIN|[80]|field|Schema.SObjectField|true|false
06:19:59.0 (74092892)|VARIABLE_ASSIGNMENT|[80]|field|"common.apex.runtime.impl.ApexFieldToken@1a6a160a"|0x1a6a160a
06:19:59.0 (74099889)|STATEMENT_EXECUTE|[80]
06:19:59.0 (74172835)|HEAP_ALLOCATE|[81]|Bytes:8
06:19:59.0 (74184172)|STATEMENT_EXECUTE|[82]
06:19:59.0 (74197662)|HEAP_ALLOCATE|[82]|Bytes:8
06:19:59.0 (74205025)|HEAP_ALLOCATE|[82]|Bytes:8
06:19:59.0 (74212504)|HEAP_ALLOCATE|[EXTERNAL]|Bytes:4
06:19:59.0 (74221976)|HEAP_ALLOCATE|[80]|Bytes:5
06:19:59.0 (74231973)|VARIABLE_SCOPE_BEGIN|[80]|field|Schema.SObjectField|true|false
06:19:59.0 (74290683)|VARIABLE_ASSIGNMENT|[80]|field|"common.apex.runtime.impl.ApexFieldToken@62eda2b2"|0x62eda2b2
06:19:59.0 (74297327)|STATEMENT_EXECUTE|[80]
06:19:59.0 (74368086)|HEAP_ALLOCATE|[81]|Bytes:8
06:19:59.0 (74378987)|STATEMENT_EXECUTE|[82]
06:19:59.0 (74392222)|HEAP_ALLOCATE|[82]|Bytes:8
06:19:59.0 (74399558)|HEAP_ALLOCATE|[82]|Bytes:8
06:19:59.0 (74406820)|HEAP_ALLOCATE|[EXTERNAL]|Bytes:4
06:19:59.0 (74416411)|HEAP_ALLOCATE|[80]|Bytes:5
06:19:59.0 (74426796)|VARIABLE_SCOPE_BEGIN|[80]|field|Schema.SObjectField|true|false
06:19:59.0 (74486599)|VARIABLE_ASSIGNMENT|[80]|field|"common.apex.runtime.impl.ApexFieldToken@6b2ed75c"|0x6b2ed75c
06:19:59.0 (74493422)|STATEMENT_EXECUTE|[80]
06:19:59.0 (74563441)|HEAP_ALLOCATE|[81]|Bytes:8
06:19:59.0 (74574396)|STATEMENT_EXECUTE|[82]
06:19:59.0 (74587538)|HEAP_ALLOCATE|[82]|Bytes:8
06:19:59.0 (74594722)|HEAP_ALLOCATE|[82]|Bytes:10
06:19:59.0 (74602185)|HEAP_ALLOCATE|[EXTERNAL]|Bytes:4
06:19:59.0 (74611576)|HEAP_ALLOCATE|[80]|Bytes:5
06:19:59.0 (74621766)|VARIABLE_SCOPE_BEGIN|[80]|field|Schema.SObjectField|true|false
06:19:59.0 (74679726)|VARIABLE_ASSIGNMENT|[80]|field|"common.apex.runtime.impl.ApexFieldToken@1057ac8c"|0x1057ac8c
06:19:59.0 (74686389)|STATEMENT_EXECUTE|[80]
06:19:59.0 (74761202)|HEAP_ALLOCATE|[81]|Bytes:8
06:19:59.0 (74772737)|STATEMENT_EXECUTE|[82]
06:19:59.0 (74786867)|HEAP_ALLOCATE|[82]|Bytes:8
06:19:59.0 (74793989)|HEAP_ALLOCATE|[82]|Bytes:8
06:19:59.0 (74800816)|HEAP_ALLOCATE|[EXTERNAL]|Bytes:4
06:19:59.0 (74809662)|HEAP_ALLOCATE|[80]|Bytes:5
06:19:59.0 (74819958)|VARIABLE_SCOPE_BEGIN|[80]|field|Schema.SObjectField|true|false
06:19:59.0 (74881899)|VARIABLE_ASSIGNMENT|[80]|field|"common.apex.runtime.impl.ApexFieldToken@5ac722ca"|0x5ac722ca
06:19:59.0 (74888878)|STATEMENT_EXECUTE|[80]
06:19:59.0 (74961745)|HEAP_ALLOCATE|[81]|Bytes:8
06:19:59.0 (74972580)|STATEMENT_EXECUTE|[82]
06:19:59.0 (74985986)|HEAP_ALLOCATE|[82]|Bytes:8
06:19:59.0 (74993231)|HEAP_ALLOCATE|[82]|Bytes:7
06:19:59.0 (75000605)|HEAP_ALLOCATE|[EXTERNAL]|Bytes:4
06:19:59.0 (75010780)|HEAP_ALLOCATE|[80]|Bytes:5
06:19:59.0 (75021206)|VARIABLE_SCOPE_BEGIN|[80]|field|Schema.SObjectField|true|false
06:19:59.0 (75079542)|VARIABLE_ASSIGNMENT|[80]|field|"common.apex.runtime.impl.ApexFieldToken@55b0f312"|0x55b0f312
06:19:59.0 (75086139)|STATEMENT_EXECUTE|[80]
06:19:59.0 (75156607)|HEAP_ALLOCATE|[81]|Bytes:8
06:19:59.0 (75167933)|STATEMENT_EXECUTE|[82]
06:19:59.0 (75181630)|HEAP_ALLOCATE|[82]|Bytes:8
06:19:59.0 (75188589)|HEAP_ALLOCATE|[82]|Bytes:8
06:19:59.0 (75195351)|HEAP_ALLOCATE|[EXTERNAL]|Bytes:4
06:19:59.0 (75204667)|HEAP_ALLOCATE|[80]|Bytes:5
06:19:59.0 (75215036)|VARIABLE_SCOPE_BEGIN|[80]|field|Schema.SObjectField|true|false
06:19:59.0 (75272543)|VARIABLE_ASSIGNMENT|[80]|field|"common.apex.runtime.impl.ApexFieldToken@48b95acf"|0x48b95acf
06:19:59.0 (75279638)|STATEMENT_EXECUTE|[80]
06:19:59.0 (75352128)|HEAP_ALLOCATE|[81]|Bytes:8
06:19:59.0 (75362932)|STATEMENT_EXECUTE|[82]
06:19:59.0 (75376479)|HEAP_ALLOCATE|[82]|Bytes:8
06:19:59.0 (75383458)|HEAP_ALLOCATE|[82]|Bytes:7
06:19:59.0 (75390723)|HEAP_ALLOCATE|[EXTERNAL]|Bytes:4
06:19:59.0 (75400612)|HEAP_ALLOCATE|[80]|Bytes:5
06:19:59.0 (75411003)|VARIABLE_ASSIGNMENT|[80]|field|null|
06:19:59.0 (75415821)|STATEMENT_EXECUTE|[84]
06:19:59.0 (75419776)|VARIABLE_SCOPE_BEGIN|[84]|allfields|String|false|false
06:19:59.0 (75428882)|VARIABLE_ASSIGNMENT|[84]|allfields|""
06:19:59.0 (75461208)|HEAP_ALLOCATE|[85]|Bytes:5
06:19:59.0 (75469092)|HEAP_ALLOCATE|[85]|Bytes:2
06:19:59.0 (75474786)|VARIABLE_SCOPE_BEGIN|[85]|fieldname|String|false|false
06:19:59.0 (75482881)|VARIABLE_ASSIGNMENT|[85]|fieldname|"Id"
06:19:59.0 (75486865)|STATEMENT_EXECUTE|[86]
06:19:59.0 (75488811)|HEAP_ALLOCATE|[86]|Bytes:1
06:19:59.0 (75502778)|HEAP_ALLOCATE|[86]|Bytes:3
06:19:59.0 (75507436)|HEAP_ALLOCATE|[86]|Bytes:3
06:19:59.0 (75511560)|VARIABLE_ASSIGNMENT|[86]|allfields|"Id,"
06:19:59.0 (75519175)|HEAP_ALLOCATE|[85]|Bytes:5
06:19:59.0 (75524839)|HEAP_ALLOCATE|[85]|Bytes:7
06:19:59.0 (75528657)|VARIABLE_SCOPE_BEGIN|[85]|fieldname|String|false|false
06:19:59.0 (75535841)|VARIABLE_ASSIGNMENT|[85]|fieldname|"OwnerId"
06:19:59.0 (75539494)|STATEMENT_EXECUTE|[86]
06:19:59.0 (75542112)|HEAP_ALLOCATE|[86]|Bytes:8
06:19:59.0 (75545812)|HEAP_ALLOCATE|[86]|Bytes:11
06:19:59.0 (75549582)|VARIABLE_ASSIGNMENT|[86]|allfields|"Id,OwnerId,"
06:19:59.0 (75556042)|HEAP_ALLOCATE|[85]|Bytes:5
06:19:59.0 (75561329)|HEAP_ALLOCATE|[85]|Bytes:9
06:19:59.0 (75564708)|VARIABLE_SCOPE_BEGIN|[85]|fieldname|String|false|false
06:19:59.0 (75571286)|VARIABLE_ASSIGNMENT|[85]|fieldname|"IsDeleted"
06:19:59.0 (75575178)|STATEMENT_EXECUTE|[86]
06:19:59.0 (75577716)|HEAP_ALLOCATE|[86]|Bytes:10
06:19:59.0 (75581096)|HEAP_ALLOCATE|[86]|Bytes:21
06:19:59.0 (75587040)|VARIABLE_ASSIGNMENT|[86]|allfields|"Id,OwnerId,IsDeleted (1 more) ..."
06:19:59.0 (75594078)|HEAP_ALLOCATE|[85]|Bytes:5
06:19:59.0 (75599665)|HEAP_ALLOCATE|[85]|Bytes:4
06:19:59.0 (75602932)|VARIABLE_SCOPE_BEGIN|[85]|fieldname|String|false|false
06:19:59.0 (75608931)|VARIABLE_ASSIGNMENT|[85]|fieldname|"Name"
06:19:59.0 (75612264)|STATEMENT_EXECUTE|[86]
06:19:59.0 (75614550)|HEAP_ALLOCATE|[86]|Bytes:5
06:19:59.0 (75617830)|HEAP_ALLOCATE|[86]|Bytes:26
06:19:59.0 (75622330)|VARIABLE_ASSIGNMENT|[86]|allfields|"Id,OwnerId,IsDeleted (6 more) ..."
06:19:59.0 (75628607)|HEAP_ALLOCATE|[85]|Bytes:5
06:19:59.0 (75633555)|HEAP_ALLOCATE|[85]|Bytes:11
06:19:59.0 (75637364)|VARIABLE_SCOPE_BEGIN|[85]|fieldname|String|false|false
06:19:59.0 (75643277)|VARIABLE_ASSIGNMENT|[85]|fieldname|"CreatedDate"
06:19:59.0 (75646314)|STATEMENT_EXECUTE|[86]
06:19:59.0 (75648502)|HEAP_ALLOCATE|[86]|Bytes:12
06:19:59.0 (75652275)|HEAP_ALLOCATE|[86]|Bytes:38
06:19:59.0 (75656785)|VARIABLE_ASSIGNMENT|[86]|allfields|"Id,OwnerId,IsDeleted (18 more) ..."
06:19:59.0 (75664289)|HEAP_ALLOCATE|[85]|Bytes:5
06:19:59.0 (75669283)|HEAP_ALLOCATE|[85]|Bytes:11
06:19:59.0 (75673101)|VARIABLE_SCOPE_BEGIN|[85]|fieldname|String|false|false
06:19:59.0 (75679279)|VARIABLE_ASSIGNMENT|[85]|fieldname|"CreatedById"
06:19:59.0 (75683142)|STATEMENT_EXECUTE|[86]
06:19:59.0 (75685282)|HEAP_ALLOCATE|[86]|Bytes:12
06:19:59.0 (75688397)|HEAP_ALLOCATE|[86]|Bytes:50
06:19:59.0 (75692480)|VARIABLE_ASSIGNMENT|[86]|allfields|"Id,OwnerId,IsDeleted (30 more) ..."
06:19:59.0 (75698323)|HEAP_ALLOCATE|[85]|Bytes:5
06:19:59.0 (75703492)|HEAP_ALLOCATE|[85]|Bytes:16
06:19:59.0 (75707653)|VARIABLE_SCOPE_BEGIN|[85]|fieldname|String|false|false
06:19:59.0 (75714302)|VARIABLE_ASSIGNMENT|[85]|fieldname|"LastModifiedDate"
06:19:59.0 (75717647)|STATEMENT_EXECUTE|[86]
06:19:59.0 (75719801)|HEAP_ALLOCATE|[86]|Bytes:17
06:19:59.0 (75723326)|HEAP_ALLOCATE|[86]|Bytes:67
06:19:59.0 (75727291)|VARIABLE_ASSIGNMENT|[86]|allfields|"Id,OwnerId,IsDeleted (47 more) ..."
06:19:59.0 (75733303)|HEAP_ALLOCATE|[85]|Bytes:5
06:19:59.0 (75738909)|HEAP_ALLOCATE|[85]|Bytes:16
06:19:59.0 (75742365)|VARIABLE_SCOPE_BEGIN|[85]|fieldname|String|false|false
06:19:59.0 (75749104)|VARIABLE_ASSIGNMENT|[85]|fieldname|"LastModifiedById"
06:19:59.0 (75758353)|STATEMENT_EXECUTE|[86]
06:19:59.0 (75760970)|HEAP_ALLOCATE|[86]|Bytes:17
06:19:59.0 (75764536)|HEAP_ALLOCATE|[86]|Bytes:84
06:19:59.0 (75769108)|VARIABLE_ASSIGNMENT|[86]|allfields|"Id,OwnerId,IsDeleted (64 more) ..."
06:19:59.0 (75776045)|HEAP_ALLOCATE|[85]|Bytes:5
06:19:59.0 (75781127)|HEAP_ALLOCATE|[85]|Bytes:14
06:19:59.0 (75785354)|VARIABLE_SCOPE_BEGIN|[85]|fieldname|String|false|false
06:19:59.0 (75791968)|VARIABLE_ASSIGNMENT|[85]|fieldname|"SystemModstamp"
06:19:59.0 (75795684)|STATEMENT_EXECUTE|[86]
06:19:59.0 (75797955)|HEAP_ALLOCATE|[86]|Bytes:15
06:19:59.0 (75801673)|HEAP_ALLOCATE|[86]|Bytes:99
06:19:59.0 (75805868)|VARIABLE_ASSIGNMENT|[86]|allfields|"Id,OwnerId,IsDeleted (79 more) ..."
06:19:59.0 (75811898)|HEAP_ALLOCATE|[85]|Bytes:5
06:19:59.0 (75817014)|HEAP_ALLOCATE|[85]|Bytes:16
06:19:59.0 (75820580)|VARIABLE_SCOPE_BEGIN|[85]|fieldname|String|false|false
06:19:59.0 (75827108)|VARIABLE_ASSIGNMENT|[85]|fieldname|"LastActivityDate"
06:19:59.0 (75830468)|STATEMENT_EXECUTE|[86]
06:19:59.0 (75832684)|HEAP_ALLOCATE|[86]|Bytes:17
06:19:59.0 (75835877)|HEAP_ALLOCATE|[86]|Bytes:116
06:19:59.0 (75840317)|VARIABLE_ASSIGNMENT|[86]|allfields|"Id,OwnerId,IsDeleted (96 more) ..."
06:19:59.0 (75846613)|HEAP_ALLOCATE|[85]|Bytes:5
06:19:59.0 (75851623)|HEAP_ALLOCATE|[85]|Bytes:14
06:19:59.0 (75855386)|VARIABLE_SCOPE_BEGIN|[85]|fieldname|String|false|false
06:19:59.0 (75861654)|VARIABLE_ASSIGNMENT|[85]|fieldname|"LastViewedDate"
06:19:59.0 (75864669)|STATEMENT_EXECUTE|[86]
06:19:59.0 (75866816)|HEAP_ALLOCATE|[86]|Bytes:15
06:19:59.0 (75870327)|HEAP_ALLOCATE|[86]|Bytes:131
06:19:59.0 (75874524)|VARIABLE_ASSIGNMENT|[86]|allfields|"Id,OwnerId,IsDeleted (111 more) ..."
06:19:59.0 (75880993)|HEAP_ALLOCATE|[85]|Bytes:5
06:19:59.0 (75886176)|HEAP_ALLOCATE|[85]|Bytes:18
06:19:59.0 (75889973)|VARIABLE_SCOPE_BEGIN|[85]|fieldname|String|false|false
06:19:59.0 (75896436)|VARIABLE_ASSIGNMENT|[85]|fieldname|"LastReferencedDate"
06:19:59.0 (75900046)|STATEMENT_EXECUTE|[86]
06:19:59.0 (75902245)|HEAP_ALLOCATE|[86]|Bytes:19
06:19:59.0 (75905796)|HEAP_ALLOCATE|[86]|Bytes:150
06:19:59.0 (75909849)|VARIABLE_ASSIGNMENT|[86]|allfields|"Id,OwnerId,IsDeleted (130 more) ..."
06:19:59.0 (75915971)|HEAP_ALLOCATE|[85]|Bytes:5
06:19:59.0 (75920563)|HEAP_ALLOCATE|[85]|Bytes:9
06:19:59.0 (75924079)|VARIABLE_SCOPE_BEGIN|[85]|fieldname|String|false|false
06:19:59.0 (75930663)|VARIABLE_ASSIGNMENT|[85]|fieldname|"Client__c"
06:19:59.0 (75933947)|STATEMENT_EXECUTE|[86]
06:19:59.0 (75936078)|HEAP_ALLOCATE|[86]|Bytes:10
06:19:59.0 (75939786)|HEAP_ALLOCATE|[86]|Bytes:160
06:19:59.0 (75943798)|VARIABLE_ASSIGNMENT|[86]|allfields|"Id,OwnerId,IsDeleted (140 more) ..."
06:19:59.0 (75950319)|HEAP_ALLOCATE|[85]|Bytes:5
06:19:59.0 (75955223)|HEAP_ALLOCATE|[85]|Bytes:15
06:19:59.0 (75958522)|VARIABLE_SCOPE_BEGIN|[85]|fieldname|String|false|false
06:19:59.0 (75965514)|VARIABLE_ASSIGNMENT|[85]|fieldname|"End_Customer__c"
06:19:59.0 (75968694)|STATEMENT_EXECUTE|[86]
06:19:59.0 (75970936)|HEAP_ALLOCATE|[86]|Bytes:16
06:19:59.0 (75974603)|HEAP_ALLOCATE|[86]|Bytes:176
06:19:59.0 (75978652)|VARIABLE_ASSIGNMENT|[86]|allfields|"Id,OwnerId,IsDeleted (156 more) ..."
06:19:59.0 (75984667)|HEAP_ALLOCATE|[85]|Bytes:5
06:19:59.0 (75990478)|HEAP_ALLOCATE|[85]|Bytes:19
06:19:59.0 (75994335)|VARIABLE_SCOPE_BEGIN|[85]|fieldname|String|false|false
06:19:59.0 (76000807)|VARIABLE_ASSIGNMENT|[85]|fieldname|"Operation_Region__c"
06:19:59.0 (76005554)|STATEMENT_EXECUTE|[86]
06:19:59.0 (76007863)|HEAP_ALLOCATE|[86]|Bytes:20
06:19:59.0 (76011475)|HEAP_ALLOCATE|[86]|Bytes:196
06:19:59.0 (76015464)|VARIABLE_ASSIGNMENT|[86]|allfields|"Id,OwnerId,IsDeleted (176 more) ..."
06:19:59.0 (76021301)|HEAP_ALLOCATE|[85]|Bytes:5
06:19:59.0 (76026497)|HEAP_ALLOCATE|[85]|Bytes:14
06:19:59.0 (76030089)|VARIABLE_SCOPE_BEGIN|[85]|fieldname|String|false|false
06:19:59.0 (76036466)|VARIABLE_ASSIGNMENT|[85]|fieldname|"Work_Region__c"
06:19:59.0 (76039550)|STATEMENT_EXECUTE|[86]
06:19:59.0 (76041645)|HEAP_ALLOCATE|[86]|Bytes:15
06:19:59.0 (76045498)|HEAP_ALLOCATE|[86]|Bytes:211
06:19:59.0 (76050073)|VARIABLE_ASSIGNMENT|[86]|allfields|"Id,OwnerId,IsDeleted (191 more) ..."
06:19:59.0 (76056139)|HEAP_ALLOCATE|[85]|Bytes:5
06:19:59.0 (76060986)|HEAP_ALLOCATE|[85]|Bytes:25
06:19:59.0 (76064601)|VARIABLE_SCOPE_BEGIN|[85]|fieldname|String|false|false
06:19:59.0 (76071441)|VARIABLE_ASSIGNMENT|[85]|fieldname|"Client_Project_Manag (5 more) ..."
06:19:59.0 (76074723)|STATEMENT_EXECUTE|[86]
06:19:59.0 (76077000)|HEAP_ALLOCATE|[86]|Bytes:26
06:19:59.0 (76081081)|HEAP_ALLOCATE|[86]|Bytes:237
06:19:59.0 (76085193)|VARIABLE_ASSIGNMENT|[86]|allfields|"Id,OwnerId,IsDeleted (217 more) ..."
06:19:59.0 (76091349)|HEAP_ALLOCATE|[85]|Bytes:5
06:19:59.0 (76096192)|HEAP_ALLOCATE|[85]|Bytes:15
06:19:59.0 (76099880)|VARIABLE_SCOPE_BEGIN|[85]|fieldname|String|false|false
06:19:59.0 (76106285)|VARIABLE_ASSIGNMENT|[85]|fieldname|"Project_code__c"
06:19:59.0 (76109581)|STATEMENT_EXECUTE|[86]
06:19:59.0 (76111814)|HEAP_ALLOCATE|[86]|Bytes:16
06:19:59.0 (76115396)|HEAP_ALLOCATE|[86]|Bytes:253
06:19:59.0 (76119447)|VARIABLE_ASSIGNMENT|[86]|allfields|"Id,OwnerId,IsDeleted (233 more) ..."
06:19:59.0 (76125744)|HEAP_ALLOCATE|[85]|Bytes:5
06:19:59.0 (76130423)|HEAP_ALLOCATE|[85]|Bytes:23
06:19:59.0 (76133846)|VARIABLE_SCOPE_BEGIN|[85]|fieldname|String|false|false
06:19:59.0 (76141019)|VARIABLE_ASSIGNMENT|[85]|fieldname|"Company_project_code (3 more) ..."
06:19:59.0 (76144478)|STATEMENT_EXECUTE|[86]
06:19:59.0 (76146782)|HEAP_ALLOCATE|[86]|Bytes:24
06:19:59.0 (76149899)|HEAP_ALLOCATE|[86]|Bytes:277
06:19:59.0 (76154151)|VARIABLE_ASSIGNMENT|[86]|allfields|"Id,OwnerId,IsDeleted (257 more) ..."
06:19:59.0 (76160377)|HEAP_ALLOCATE|[85]|Bytes:5
06:19:59.0 (76165428)|HEAP_ALLOCATE|[85]|Bytes:16
06:19:59.0 (76168908)|VARIABLE_SCOPE_BEGIN|[85]|fieldname|String|false|false
06:19:59.0 (76175036)|VARIABLE_ASSIGNMENT|[85]|fieldname|"Project_Scope__c"
06:19:59.0 (76178259)|STATEMENT_EXECUTE|[86]
06:19:59.0 (76180490)|HEAP_ALLOCATE|[86]|Bytes:17
06:19:59.0 (76183989)|HEAP_ALLOCATE|[86]|Bytes:294
06:19:59.0 (76187910)|VARIABLE_ASSIGNMENT|[86]|allfields|"Id,OwnerId,IsDeleted (274 more) ..."
06:19:59.0 (76193998)|HEAP_ALLOCATE|[85]|Bytes:5
06:19:59.0 (76198750)|HEAP_ALLOCATE|[85]|Bytes:14
06:19:59.0 (76202392)|VARIABLE_SCOPE_BEGIN|[85]|fieldname|String|false|false
06:19:59.0 (76208787)|VARIABLE_ASSIGNMENT|[85]|fieldname|"Cost_Centre__c"
06:19:59.0 (76212111)|STATEMENT_EXECUTE|[86]
06:19:59.0 (76214211)|HEAP_ALLOCATE|[86]|Bytes:15
06:19:59.0 (76220697)|HEAP_ALLOCATE|[86]|Bytes:309
06:19:59.0 (76225595)|VARIABLE_ASSIGNMENT|[86]|allfields|"Id,OwnerId,IsDeleted (289 more) ..."
06:19:59.0 (76232940)|HEAP_ALLOCATE|[85]|Bytes:5
06:19:59.0 (76237941)|HEAP_ALLOCATE|[85]|Bytes:13
06:19:59.0 (76241562)|VARIABLE_SCOPE_BEGIN|[85]|fieldname|String|false|false
06:19:59.0 (76248273)|VARIABLE_ASSIGNMENT|[85]|fieldname|"Production__c"
06:19:59.0 (76251893)|STATEMENT_EXECUTE|[86]
06:19:59.0 (76254564)|HEAP_ALLOCATE|[86]|Bytes:14
06:19:59.0 (76258347)|HEAP_ALLOCATE|[86]|Bytes:323
06:19:59.0 (76262779)|VARIABLE_ASSIGNMENT|[86]|allfields|"Id,OwnerId,IsDeleted (303 more) ..."
06:19:59.0 (76268918)|HEAP_ALLOCATE|[85]|Bytes:5
06:19:59.0 (76273874)|HEAP_ALLOCATE|[85]|Bytes:5
06:19:59.0 (76277468)|VARIABLE_SCOPE_BEGIN|[85]|fieldname|String|false|false
06:19:59.0 (76283601)|VARIABLE_ASSIGNMENT|[85]|fieldname|"QC__c"
06:19:59.0 (76286530)|STATEMENT_EXECUTE|[86]
06:19:59.0 (76288686)|HEAP_ALLOCATE|[86]|Bytes:6
06:19:59.0 (76292692)|HEAP_ALLOCATE|[86]|Bytes:329
06:19:59.0 (76296504)|VARIABLE_ASSIGNMENT|[86]|allfields|"Id,OwnerId,IsDeleted (309 more) ..."
06:19:59.0 (76302275)|HEAP_ALLOCATE|[85]|Bytes:5
06:19:59.0 (76307460)|HEAP_ALLOCATE|[85]|Bytes:11
06:19:59.0 (76310883)|VARIABLE_SCOPE_BEGIN|[85]|fieldname|String|false|false
06:19:59.0 (76317258)|VARIABLE_ASSIGNMENT|[85]|fieldname|"Delivery__c"
06:19:59.0 (76320841)|STATEMENT_EXECUTE|[86]
06:19:59.0 (76322936)|HEAP_ALLOCATE|[86]|Bytes:12
06:19:59.0 (76326591)|HEAP_ALLOCATE|[86]|Bytes:341
06:19:59.0 (76330879)|VARIABLE_ASSIGNMENT|[86]|allfields|"Id,OwnerId,IsDeleted (321 more) ..."
06:19:59.0 (76336951)|HEAP_ALLOCATE|[85]|Bytes:5
06:19:59.0 (76342224)|HEAP_ALLOCATE|[85]|Bytes:5
06:19:59.0 (76345439)|VARIABLE_SCOPE_BEGIN|[85]|fieldname|String|false|false
06:19:59.0 (76351265)|VARIABLE_ASSIGNMENT|[85]|fieldname|"QA__c"
06:19:59.0 (76354795)|STATEMENT_EXECUTE|[86]
06:19:59.0 (76356983)|HEAP_ALLOCATE|[86]|Bytes:6
06:19:59.0 (76360429)|HEAP_ALLOCATE|[86]|Bytes:347
06:19:59.0 (76365104)|VARIABLE_ASSIGNMENT|[86]|allfields|"Id,OwnerId,IsDeleted (327 more) ..."
06:19:59.0 (76371273)|HEAP_ALLOCATE|[85]|Bytes:5
06:19:59.0 (76375984)|HEAP_ALLOCATE|[85]|Bytes:25
06:19:59.0 (76379236)|VARIABLE_SCOPE_BEGIN|[85]|fieldname|String|false|false
06:19:59.0 (76386161)|VARIABLE_ASSIGNMENT|[85]|fieldname|"OffshoreProjectManag (5 more) ..."
06:19:59.0 (76389354)|STATEMENT_EXECUTE|[86]
06:19:59.0 (76391512)|HEAP_ALLOCATE|[86]|Bytes:26
06:19:59.0 (76395050)|HEAP_ALLOCATE|[86]|Bytes:373
06:19:59.0 (76398929)|VARIABLE_ASSIGNMENT|[86]|allfields|"Id,OwnerId,IsDeleted (353 more) ..."
06:19:59.0 (76404996)|HEAP_ALLOCATE|[85]|Bytes:5
06:19:59.0 (76409912)|HEAP_ALLOCATE|[85]|Bytes:12
06:19:59.0 (76413133)|VARIABLE_SCOPE_BEGIN|[85]|fieldname|String|false|false
06:19:59.0 (76419149)|VARIABLE_ASSIGNMENT|[85]|fieldname|"Team_Lead__c"
06:19:59.0 (76422527)|STATEMENT_EXECUTE|[86]
06:19:59.0 (76425091)|HEAP_ALLOCATE|[86]|Bytes:13
06:19:59.0 (76428455)|HEAP_ALLOCATE|[86]|Bytes:386
06:19:59.0 (76432995)|VARIABLE_ASSIGNMENT|[86]|allfields|"Id,OwnerId,IsDeleted (366 more) ..."
06:19:59.0 (76439148)|HEAP_ALLOCATE|[85]|Bytes:5
06:19:59.0 (76444192)|HEAP_ALLOCATE|[85]|Bytes:21
06:19:59.0 (76447906)|VARIABLE_SCOPE_BEGIN|[85]|fieldname|String|false|false
06:19:59.0 (76454372)|VARIABLE_ASSIGNMENT|[85]|fieldname|"Project_Start_Date__ (1 more) ..."
06:19:59.0 (76457426)|STATEMENT_EXECUTE|[86]
06:19:59.0 (76459600)|HEAP_ALLOCATE|[86]|Bytes:22
06:19:59.0 (76463337)|HEAP_ALLOCATE|[86]|Bytes:408
06:19:59.0 (76467635)|VARIABLE_ASSIGNMENT|[86]|allfields|"Id,OwnerId,IsDeleted (388 more) ..."
06:19:59.0 (76474424)|HEAP_ALLOCATE|[85]|Bytes:5
06:19:59.0 (76479085)|HEAP_ALLOCATE|[85]|Bytes:19
06:19:59.0 (76482276)|VARIABLE_SCOPE_BEGIN|[85]|fieldname|String|false|false
06:19:59.0 (76489075)|VARIABLE_ASSIGNMENT|[85]|fieldname|"Project_End_Date__c"
06:19:59.0 (76492582)|STATEMENT_EXECUTE|[86]
06:19:59.0 (76494930)|HEAP_ALLOCATE|[86]|Bytes:20
06:19:59.0 (76498452)|HEAP_ALLOCATE|[86]|Bytes:428
06:19:59.0 (76502904)|VARIABLE_ASSIGNMENT|[86]|allfields|"Id,OwnerId,IsDeleted (408 more) ..."
06:19:59.0 (76509421)|HEAP_ALLOCATE|[85]|Bytes:5
06:19:59.0 (76514261)|HEAP_ALLOCATE|[85]|Bytes:8
06:19:59.0 (76517568)|VARIABLE_SCOPE_BEGIN|[85]|fieldname|String|false|false
06:19:59.0 (76523703)|VARIABLE_ASSIGNMENT|[85]|fieldname|"Units__c"
06:19:59.0 (76527036)|STATEMENT_EXECUTE|[86]
06:19:59.0 (76529219)|HEAP_ALLOCATE|[86]|Bytes:9
06:19:59.0 (76533058)|HEAP_ALLOCATE|[86]|Bytes:437
06:19:59.0 (76537225)|VARIABLE_ASSIGNMENT|[86]|allfields|"Id,OwnerId,IsDeleted (417 more) ..."
06:19:59.0 (76543662)|HEAP_ALLOCATE|[85]|Bytes:5
06:19:59.0 (76548785)|HEAP_ALLOCATE|[85]|Bytes:8
06:19:59.0 (76552139)|VARIABLE_SCOPE_BEGIN|[85]|fieldname|String|false|false
06:19:59.0 (76559219)|VARIABLE_ASSIGNMENT|[85]|fieldname|"Nodes__c"
06:19:59.0 (76562484)|STATEMENT_EXECUTE|[86]
06:19:59.0 (76564616)|HEAP_ALLOCATE|[86]|Bytes:9
06:19:59.0 (76568062)|HEAP_ALLOCATE|[86]|Bytes:446
06:19:59.0 (76572010)|VARIABLE_ASSIGNMENT|[86]|allfields|"Id,OwnerId,IsDeleted (426 more) ..."
06:19:59.0 (76578135)|HEAP_ALLOCATE|[85]|Bytes:5
06:19:59.0 (76583252)|HEAP_ALLOCATE|[85]|Bytes:10
06:19:59.0 (76586636)|VARIABLE_SCOPE_BEGIN|[85]|fieldname|String|false|false
06:19:59.0 (76592674)|VARIABLE_ASSIGNMENT|[85]|fieldname|"Footage__c"
06:19:59.0 (76596613)|STATEMENT_EXECUTE|[86]
06:19:59.0 (76598910)|HEAP_ALLOCATE|[86]|Bytes:11
06:19:59.0 (76602154)|HEAP_ALLOCATE|[86]|Bytes:457
06:19:59.0 (76606760)|VARIABLE_ASSIGNMENT|[86]|allfields|"Id,OwnerId,IsDeleted (437 more) ..."
06:19:59.0 (76613410)|HEAP_ALLOCATE|[85]|Bytes:5
06:19:59.0 (76618552)|HEAP_ALLOCATE|[85]|Bytes:8
06:19:59.0 (76622253)|VARIABLE_SCOPE_BEGIN|[85]|fieldname|String|false|false
06:19:59.0 (76628606)|VARIABLE_ASSIGNMENT|[85]|fieldname|"Miles__c"
06:19:59.0 (76631831)|STATEMENT_EXECUTE|[86]
06:19:59.0 (76633972)|HEAP_ALLOCATE|[86]|Bytes:9
06:19:59.0 (76637410)|HEAP_ALLOCATE|[86]|Bytes:466
06:19:59.0 (76641340)|VARIABLE_ASSIGNMENT|[86]|allfields|"Id,OwnerId,IsDeleted (446 more) ..."
06:19:59.0 (76647228)|HEAP_ALLOCATE|[85]|Bytes:5
06:19:59.0 (76652125)|HEAP_ALLOCATE|[85]|Bytes:7
06:19:59.0 (76655809)|VARIABLE_SCOPE_BEGIN|[85]|fieldname|String|false|false
06:19:59.0 (76662663)|VARIABLE_ASSIGNMENT|[85]|fieldname|"Jobs__c"
06:19:59.0 (76666150)|STATEMENT_EXECUTE|[86]
06:19:59.0 (76668352)|HEAP_ALLOCATE|[86]|Bytes:8
06:19:59.0 (76671804)|HEAP_ALLOCATE|[86]|Bytes:474
06:19:59.0 (76676706)|VARIABLE_ASSIGNMENT|[86]|allfields|"Id,OwnerId,IsDeleted (454 more) ..."
06:19:59.0 (76682871)|HEAP_ALLOCATE|[85]|Bytes:5
06:19:59.0 (76687884)|HEAP_ALLOCATE|[85]|Bytes:8
06:19:59.0 (76691478)|VARIABLE_SCOPE_BEGIN|[85]|fieldname|String|false|false
06:19:59.0 (76697335)|VARIABLE_ASSIGNMENT|[85]|fieldname|"Hours__c"
06:19:59.0 (76700332)|STATEMENT_EXECUTE|[86]
06:19:59.0 (76702428)|HEAP_ALLOCATE|[86]|Bytes:9
06:19:59.0 (76706051)|HEAP_ALLOCATE|[86]|Bytes:483
06:19:59.0 (76709992)|VARIABLE_ASSIGNMENT|[86]|allfields|"Id,OwnerId,IsDeleted (463 more) ..."
06:19:59.0 (76716286)|HEAP_ALLOCATE|[85]|Bytes:5
06:19:59.0 (76721295)|HEAP_ALLOCATE|[85]|Bytes:7
06:19:59.0 (76724888)|VARIABLE_SCOPE_BEGIN|[85]|fieldname|String|false|false
06:19:59.0 (76731931)|VARIABLE_ASSIGNMENT|[85]|fieldname|"Team__c"
06:19:59.0 (76735293)|STATEMENT_EXECUTE|[86]
06:19:59.0 (76737365)|HEAP_ALLOCATE|[86]|Bytes:8
06:19:59.0 (76740650)|HEAP_ALLOCATE|[86]|Bytes:491
06:19:59.0 (76744714)|VARIABLE_ASSIGNMENT|[86]|allfields|"Id,OwnerId,IsDeleted (471 more) ..."
06:19:59.0 (76751059)|HEAP_ALLOCATE|[85]|Bytes:5
06:19:59.0 (76761872)|VARIABLE_ASSIGNMENT|[85]|fieldname|null
06:19:59.0 (76765707)|STATEMENT_EXECUTE|[88]
06:19:59.0 (76816932)|HEAP_ALLOCATE|[88]|Bytes:490
06:19:59.0 (76827298)|VARIABLE_ASSIGNMENT|[88]|allfields|"Id,OwnerId,IsDeleted (470 more) ..."
06:19:59.0 (76831431)|STATEMENT_EXECUTE|[90]
06:19:59.0 (76840127)|METHOD_EXIT|[16]|01p7F00000Ehro9|PM_Project_Edit_Controller.getAllFields(String)
06:19:59.0 (76846431)|HEAP_ALLOCATE|[16]|Bytes:32
06:19:59.0 (76853690)|HEAP_ALLOCATE|[16]|Bytes:529
06:19:59.0 (77359333)|SOQL_EXECUTE_BEGIN|[16]|Aggregations:0|select Id,OwnerId,IsDeleted,Name,CreatedDate,CreatedById,LastModifiedDate,LastModifiedById,SystemModstamp,LastActivityDate,LastViewedDate,LastReferencedDate,Client__c,End_Customer__c,Operation_Region__c,Work_Region__c,Client_Project_Manager__c,Project_code__c,Company_project_code__c,Project_Scope__c,Cost_Centre__c,Production__c,QC__c,Delivery__c,QA__c,OffshoreProjectManager__c,Team_Lead__c,Project_Start_Date__c,Project_End_Date__c,Units__c,Nodes__c,Footage__c,Miles__c,Jobs__c,Hours__c,Team__c from Project__c where Id = :pid
06:19:59.0 (82104783)|SOQL_EXECUTE_END|[16]|Rows:1
06:19:59.0 (82122678)|HEAP_ALLOCATE|[16]|Bytes:8
06:19:59.0 (82146663)|HEAP_ALLOCATE|[16]|Bytes:580
06:19:59.0 (82192213)|HEAP_ALLOCATE|[16]|Bytes:8
06:19:59.0 (82204625)|HEAP_ALLOCATE|[16]|Bytes:36
06:19:59.0 (82237897)|HEAP_ALLOCATE|[16]|Bytes:88
06:19:59.0 (82276985)|VARIABLE_ASSIGNMENT|[EXTERNAL]|this|{"nonSelectedUserId":"(","project":"0x1e640a8f","usersList":"0x3dfaea41"}|0x106927a5
06:19:59.0 (82326030)|VARIABLE_ASSIGNMENT|[EXTERNAL]|value|{"Id":"a057F0000039WImQAM","OwnerId":"0057F000000Tiz6QAC","IsDeleted":false,"Name":"3432","CreatedDate":"2018-01-22T13:31:57.000Z","CreatedById":"0057F000000Tiz6QAC","LastModifiedDate":"2018-01-22T13:40:46.000Z","LastModifiedById":"0057F000000Tiz6QAC","SystemModstamp":"2018-01-22T13:40:46.000Z","LastViewedDate":"2018-01-22T14:19:50.000Z","LastReferencedDate":"2018-01-22T14:19:50.000Z","Client__c":"a047F000002zkUjQAI","Company_project_code (3 more) ...":"iiiiiiiiiiiiiiiiiiii (11 more) ...","Production__c":100,"Units__c":true,"Nodes__c":false,"Footage__c":false,"Miles__c":false,"Jobs__c":false,"Hours__c":true,"Team__c":"Mani Sasank, Santhos (39 more) ..."}|0x48d38907
06:19:59.0 (82363438)|VARIABLE_ASSIGNMENT|[3]|this.project|{"Id":"a057F0000039WImQAM","OwnerId":"0057F000000Tiz6QAC","IsDeleted":false,"Name":"3432","CreatedDate":"2018-01-22T13:31:57.000Z","CreatedById":"0057F000000Tiz6QAC","LastModifiedDate":"2018-01-22T13:40:46.000Z","LastModifiedById":"0057F000000Tiz6QAC","SystemModstamp":"2018-01-22T13:40:46.000Z","LastViewedDate":"2018-01-22T14:19:50.000Z","LastReferencedDate":"2018-01-22T14:19:50.000Z","Client__c":"a047F000002zkUjQAI","Company_project_code (3 more) ...":"iiiiiiiiiiiiiiiiiiii (11 more) ...","Production__c":100,"Units__c":true,"Nodes__c":false,"Footage__c":false,"Miles__c":false,"Jobs__c":false,"Hours__c":true,"Team__c":"Mani Sasank, Santhos (39 more) ..."}|0x106927a5
06:19:59.0 (82380030)|STATEMENT_EXECUTE|[17]
06:19:59.0 (82419336)|VARIABLE_ASSIGNMENT|[EXTERNAL]|this|{"nonSelectedUserId":"(","project":"0x48d38907","usersList":"0x3dfaea41"}|0x106927a5
06:19:59.0 (82481769)|VARIABLE_ASSIGNMENT|[EXTERNAL]|this|{"nonSelectedUserId":"(","project":"0x48d38907","usersList":"0x3dfaea41"}|0x106927a5
06:19:59.0 (82490507)|VARIABLE_ASSIGNMENT|[EXTERNAL]|value|"3432"
06:19:59.0 (82498184)|VARIABLE_ASSIGNMENT|[4]|this.pName|"3432"|0x106927a5
06:19:59.0 (82505303)|STATEMENT_EXECUTE|[19]
06:19:59.0 (82508166)|HEAP_ALLOCATE|[19]|Bytes:86
06:19:59.0 (82523557)|HEAP_ALLOCATE|[19]|Bytes:4
06:19:59.0 (82533436)|HEAP_ALLOCATE|[19]|Bytes:7
06:19:59.0 (82722394)|SOQL_EXECUTE_BEGIN|[19]|Aggregations:0|SELECT Name, UserLink__c FROM ProjectJobAssociation__c WHERE ProjectLink__c = :tmpVar1
06:19:59.0 (84848559)|SOQL_EXECUTE_END|[19]|Rows:4
06:19:59.0 (84865482)|HEAP_ALLOCATE|[19]|Bytes:20
06:19:59.0 (84887542)|HEAP_ALLOCATE|[19]|Bytes:288
06:19:59.0 (84936399)|HEAP_ALLOCATE|[19]|Bytes:20
06:19:59.0 (84948822)|VARIABLE_SCOPE_BEGIN|[19]|pja|List<ProjectJobAssociation__c>|true|false
06:19:59.0 (84974442)|VARIABLE_ASSIGNMENT|[19]|pja|[{"Name":"64","UserLink__c":"0057F000000TrBVQA0","Id":"a087F000009JysSQAS"},{"Name":"65","UserLink__c":"0057F000000TpdFQAS","Id":"a087F000009JysTQAS"},{"Name":"66","UserLink__c":"0057F000000TrBBQA0","Id":"a087F000009JysUQAS"},{"Name":"67","UserLink__c":"0057F000000TrBGQA0","Id":"a087F000009JysVQAS"}]|0x39dbda1d
06:19:59.0 (84983747)|STATEMENT_EXECUTE|[20]
06:19:59.0 (84993166)|HEAP_ALLOCATE|[20]|Bytes:4
06:19:59.0 (85048581)|VARIABLE_ASSIGNMENT|[EXTERNAL]|this|{"nonSelectedUserId":"(","pName":"3432","project":"0x48d38907","usersList":"0x3dfaea41"}|0x106927a5
06:19:59.0 (85069709)|HEAP_ALLOCATE|[EXTERNAL]|Bytes:4
06:19:59.0 (85075593)|VARIABLE_ASSIGNMENT|[EXTERNAL]|value|[]|0x6517d5e5
06:19:59.0 (85085725)|VARIABLE_ASSIGNMENT|[6]|this.selectedUsers|[]|0x106927a5
06:19:59.0 (85210942)|HEAP_ALLOCATE|[21]|Bytes:5
06:19:59.0 (85225276)|HEAP_ALLOCATE|[21]|Bytes:16
06:19:59.0 (85232919)|VARIABLE_SCOPE_BEGIN|[21]|spja|ProjectJobAssociation__c|true|false
06:19:59.0 (85245901)|VARIABLE_ASSIGNMENT|[21]|spja|{"Name":"64","UserLink__c":"0057F000000TrBVQA0","Id":"a087F000009JysSQAS"}|0x520c1d66
06:19:59.0 (85252152)|STATEMENT_EXECUTE|[21]
06:19:59.0 (85253404)|STATEMENT_EXECUTE|[22]
06:19:59.0 (85255660)|HEAP_ALLOCATE|[22]|Bytes:45
06:19:59.0 (85266534)|HEAP_ALLOCATE|[22]|Bytes:4
06:19:59.0 (85420492)|SOQL_EXECUTE_BEGIN|[22]|Aggregations:0|SELECT Id, Name FROM User WHERE Id = :tmpVar1
06:19:59.0 (88422716)|SOQL_EXECUTE_END|[22]|Rows:1
06:19:59.0 (88438614)|HEAP_ALLOCATE|[22]|Bytes:8
06:19:59.0 (88448791)|HEAP_ALLOCATE|[22]|Bytes:46
06:19:59.0 (88494790)|HEAP_ALLOCATE|[22]|Bytes:8
06:19:59.0 (88504805)|HEAP_ALLOCATE|[22]|Bytes:30
06:19:59.0 (88526926)|HEAP_ALLOCATE|[22]|Bytes:12
06:19:59.0 (88533471)|VARIABLE_SCOPE_BEGIN|[22]|user1|User|true|false
06:19:59.0 (88549960)|VARIABLE_ASSIGNMENT|[22]|user1|{"Id":"0057F000000TrBVQA0","Name":"Yashwanth"}|0x1ed5bd68
06:19:59.0 (88556201)|STATEMENT_EXECUTE|[23]
06:19:59.0 (88560678)|HEAP_ALLOCATE|[23]|Bytes:1
06:19:59.0 (88618895)|HEAP_ALLOCATE|[23]|Bytes:18
06:19:59.0 (88630057)|HEAP_ALLOCATE|[23]|Bytes:2
06:19:59.0 (88636417)|HEAP_ALLOCATE|[23]|Bytes:21
06:19:59.0 (88641856)|HEAP_ALLOCATE|[23]|Bytes:22
06:19:59.0 (88652973)|VARIABLE_ASSIGNMENT|[23]|this.nonSelectedUserId|"('0057F000000TrBVQA0 (2 more) ..."|0x106927a5
06:19:59.0 (88658634)|STATEMENT_EXECUTE|[24]
06:19:59.0 (88700707)|VARIABLE_ASSIGNMENT|[EXTERNAL]|this|{"nonSelectedUserId":"('0057F000000TrBVQA0 (2 more) ...","pName":"3432","project":"0x48d38907","selectedUsers":"0x6517d5e5","usersList":"0x3dfaea41"}|0x106927a5
06:19:59.0 (88725253)|HEAP_ALLOCATE|[24]|Bytes:18
06:19:59.0 (88764526)|HEAP_ALLOCATE|[EXTERNAL]|Bytes:4
06:19:59.0 (88777952)|HEAP_ALLOCATE|[21]|Bytes:5
06:19:59.0 (88788952)|HEAP_ALLOCATE|[21]|Bytes:16
06:19:59.0 (88795407)|VARIABLE_SCOPE_BEGIN|[21]|spja|ProjectJobAssociation__c|true|false
06:19:59.0 (88808779)|VARIABLE_ASSIGNMENT|[21]|spja|{"Name":"65","UserLink__c":"0057F000000TpdFQAS","Id":"a087F000009JysTQAS"}|0x1646ccde
06:19:59.0 (88814373)|STATEMENT_EXECUTE|[21]
06:19:59.0 (88815474)|STATEMENT_EXECUTE|[22]
06:19:59.0 (88825004)|HEAP_ALLOCATE|[22]|Bytes:4
06:19:59.0 (88946937)|SOQL_EXECUTE_BEGIN|[22]|Aggregations:0|SELECT Id, Name FROM User WHERE Id = :tmpVar1
06:19:59.0 (91045241)|SOQL_EXECUTE_END|[22]|Rows:1
06:19:59.0 (91060831)|HEAP_ALLOCATE|[22]|Bytes:8
06:19:59.0 (91071093)|HEAP_ALLOCATE|[22]|Bytes:48
06:19:59.0 (91096141)|HEAP_ALLOCATE|[22]|Bytes:8
06:19:59.0 (91111190)|HEAP_ALLOCATE|[22]|Bytes:12
06:19:59.0 (91117377)|VARIABLE_SCOPE_BEGIN|[22]|user1|User|true|false
06:19:59.0 (91132994)|VARIABLE_ASSIGNMENT|[22]|user1|{"Id":"0057F000000TpdFQAS","Name":"Mani Sasank"}|0x15388b92
06:19:59.0 (91139281)|STATEMENT_EXECUTE|[23]
06:19:59.0 (91161806)|HEAP_ALLOCATE|[23]|Bytes:18
06:19:59.0 (91172918)|HEAP_ALLOCATE|[23]|Bytes:21
06:19:59.0 (91177000)|HEAP_ALLOCATE|[23]|Bytes:43
06:19:59.0 (91187496)|VARIABLE_ASSIGNMENT|[23]|this.nonSelectedUserId|"('0057F000000TrBVQA0 (23 more) ..."|0x106927a5
06:19:59.0 (91192632)|STATEMENT_EXECUTE|[24]
06:19:59.0 (91218657)|VARIABLE_ASSIGNMENT|[EXTERNAL]|this|{"nonSelectedUserId":"('0057F000000TrBVQA0 (23 more) ...","pName":"3432","project":"0x48d38907","selectedUsers":"0x6517d5e5","usersList":"0x3dfaea41"}|0x106927a5
06:19:59.0 (91235497)|HEAP_ALLOCATE|[24]|Bytes:18
06:19:59.0 (91248971)|HEAP_ALLOCATE|[EXTERNAL]|Bytes:4
06:19:59.0 (91261492)|HEAP_ALLOCATE|[21]|Bytes:5
06:19:59.0 (91272121)|HEAP_ALLOCATE|[21]|Bytes:16
06:19:59.0 (91278438)|VARIABLE_SCOPE_BEGIN|[21]|spja|ProjectJobAssociation__c|true|false
06:19:59.0 (91290656)|VARIABLE_ASSIGNMENT|[21]|spja|{"Name":"66","UserLink__c":"0057F000000TrBBQA0","Id":"a087F000009JysUQAS"}|0x7382e65
06:19:59.0 (91295750)|STATEMENT_EXECUTE|[21]
06:19:59.0 (91296763)|STATEMENT_EXECUTE|[22]
06:19:59.0 (91305918)|HEAP_ALLOCATE|[22]|Bytes:4
06:19:59.0 (91424628)|SOQL_EXECUTE_BEGIN|[22]|Aggregations:0|SELECT Id, Name FROM User WHERE Id = :tmpVar1
06:19:59.0 (93499468)|SOQL_EXECUTE_END|[22]|Rows:1
06:19:59.0 (93514923)|HEAP_ALLOCATE|[22]|Bytes:8
06:19:59.0 (93524893)|HEAP_ALLOCATE|[22]|Bytes:45
06:19:59.0 (93550299)|HEAP_ALLOCATE|[22]|Bytes:8
06:19:59.0 (93565532)|HEAP_ALLOCATE|[22]|Bytes:12
06:19:59.0 (93571558)|VARIABLE_SCOPE_BEGIN|[22]|user1|User|true|false
06:19:59.0 (93587136)|VARIABLE_ASSIGNMENT|[22]|user1|{"Id":"0057F000000TrBBQA0","Name":"Santhosh"}|0x6cc3aa5f
06:19:59.0 (93593207)|STATEMENT_EXECUTE|[23]
06:19:59.0 (93615271)|HEAP_ALLOCATE|[23]|Bytes:18
06:19:59.0 (93626644)|HEAP_ALLOCATE|[23]|Bytes:21
06:19:59.0 (93630650)|HEAP_ALLOCATE|[23]|Bytes:64
06:19:59.0 (93641056)|VARIABLE_ASSIGNMENT|[23]|this.nonSelectedUserId|"('0057F000000TrBVQA0 (44 more) ..."|0x106927a5
06:19:59.0 (93646547)|STATEMENT_EXECUTE|[24]
06:19:59.0 (93672145)|VARIABLE_ASSIGNMENT|[EXTERNAL]|this|{"nonSelectedUserId":"('0057F000000TrBVQA0 (44 more) ...","pName":"3432","project":"0x48d38907","selectedUsers":"0x6517d5e5","usersList":"0x3dfaea41"}|0x106927a5
06:19:59.0 (93689367)|HEAP_ALLOCATE|[24]|Bytes:18
06:19:59.0 (93702722)|HEAP_ALLOCATE|[EXTERNAL]|Bytes:4
06:19:59.0 (93715204)|HEAP_ALLOCATE|[21]|Bytes:5
06:19:59.0 (93726160)|HEAP_ALLOCATE|[21]|Bytes:16
06:19:59.0 (93732364)|VARIABLE_SCOPE_BEGIN|[21]|spja|ProjectJobAssociation__c|true|false
06:19:59.0 (93744730)|VARIABLE_ASSIGNMENT|[21]|spja|{"Name":"67","UserLink__c":"0057F000000TrBGQA0","Id":"a087F000009JysVQAS"}|0xcd83eae
06:19:59.0 (93750423)|STATEMENT_EXECUTE|[21]
06:19:59.0 (93751493)|STATEMENT_EXECUTE|[22]
06:19:59.0 (93762230)|HEAP_ALLOCATE|[22]|Bytes:4
06:19:59.0 (93885864)|SOQL_EXECUTE_BEGIN|[22]|Aggregations:0|SELECT Id, Name FROM User WHERE Id = :tmpVar1
06:19:59.0 (97260531)|SOQL_EXECUTE_END|[22]|Rows:1
06:19:59.0 (97275994)|HEAP_ALLOCATE|[22]|Bytes:8
06:19:59.0 (97286573)|HEAP_ALLOCATE|[22]|Bytes:46
06:19:59.0 (97311783)|HEAP_ALLOCATE|[22]|Bytes:8
06:19:59.0 (97330414)|HEAP_ALLOCATE|[22]|Bytes:12
06:19:59.0 (97336433)|VARIABLE_SCOPE_BEGIN|[22]|user1|User|true|false
06:19:59.0 (97351918)|VARIABLE_ASSIGNMENT|[22]|user1|{"Id":"0057F000000TrBGQA0","Name":"Ravi teja"}|0x5b33a030
06:19:59.0 (97357799)|STATEMENT_EXECUTE|[23]
06:19:59.0 (97380207)|HEAP_ALLOCATE|[23]|Bytes:18
06:19:59.0 (97391117)|HEAP_ALLOCATE|[23]|Bytes:21
06:19:59.0 (97395490)|HEAP_ALLOCATE|[23]|Bytes:85
06:19:59.0 (97406156)|VARIABLE_ASSIGNMENT|[23]|this.nonSelectedUserId|"('0057F000000TrBVQA0 (65 more) ..."|0x106927a5
06:19:59.0 (97411701)|STATEMENT_EXECUTE|[24]
06:19:59.0 (97437669)|VARIABLE_ASSIGNMENT|[EXTERNAL]|this|{"nonSelectedUserId":"('0057F000000TrBVQA0 (65 more) ...","pName":"3432","project":"0x48d38907","selectedUsers":"0x6517d5e5","usersList":"0x3dfaea41"}|0x106927a5
06:19:59.0 (97454751)|HEAP_ALLOCATE|[24]|Bytes:18
06:19:59.0 (97467470)|HEAP_ALLOCATE|[EXTERNAL]|Bytes:4
06:19:59.0 (97480202)|HEAP_ALLOCATE|[21]|Bytes:5
06:19:59.0 (97490276)|VARIABLE_ASSIGNMENT|[21]|spja|null|
06:19:59.0 (97495483)|STATEMENT_EXECUTE|[26]
06:19:59.0 (97530104)|HEAP_ALLOCATE|[26]|Bytes:84
06:19:59.0 (97543240)|VARIABLE_ASSIGNMENT|[26]|this.nonSelectedUserId|"('0057F000000TrBVQA0 (64 more) ..."|0x106927a5
06:19:59.0 (97549188)|STATEMENT_EXECUTE|[27]
06:19:59.0 (97551660)|HEAP_ALLOCATE|[27]|Bytes:1
06:19:59.0 (97556995)|HEAP_ALLOCATE|[27]|Bytes:85
06:19:59.0 (97562958)|VARIABLE_ASSIGNMENT|[27]|this.nonSelectedUserId|"('0057F000000TrBVQA0 (65 more) ..."|0x106927a5
06:19:59.0 (97571151)|SYSTEM_MODE_EXIT|false
06:19:59.0 (97689538)|SYSTEM_MODE_ENTER|true
06:19:59.0 (108378700)|SYSTEM_MODE_ENTER|true
06:19:59.0 (108426644)|HEAP_ALLOCATE|[EXTERNAL]|Bytes:164
06:19:59.0 (108436375)|HEAP_ALLOCATE|[EXTERNAL]|Bytes:12
06:19:59.0 (108446841)|METHOD_ENTRY|[5]|01p7F00000Ehg8E|MultiselectController.MultiselectController()
06:19:59.0 (108452358)|STATEMENT_EXECUTE|[5]
06:19:59.0 (108455519)|STATEMENT_EXECUTE|[5]
06:19:59.0 (108464950)|SYSTEM_MODE_ENTER|false
06:19:59.0 (108470684)|HEAP_ALLOCATE|[EXTERNAL]|Bytes:5
06:19:59.0 (108476542)|SYSTEM_MODE_EXIT|false
06:19:59.0 (108484368)|METHOD_EXIT|[5]|MultiselectController
06:19:59.0 (108498757)|HEAP_ALLOCATE|[EXTERNAL]|Bytes:20
06:19:59.0 (108504492)|VARIABLE_SCOPE_BEGIN|[5]|this|MultiselectController|true|false
06:19:59.0 (108535974)|VARIABLE_ASSIGNMENT|[5]|this|{}|0x5b0a8130
06:19:59.0 (108548911)|SYSTEM_MODE_ENTER|false
06:19:59.0 (108553870)|HEAP_ALLOCATE|[EXTERNAL]|Bytes:5
06:19:59.0 (108574534)|SYSTEM_MODE_EXIT|false
06:19:59.0 (108578432)|STATEMENT_EXECUTE|[5]
06:19:59.0 (108586840)|SYSTEM_MODE_ENTER|false
06:19:59.0 (108590470)|HEAP_ALLOCATE|[EXTERNAL]|Bytes:5
06:19:59.0 (108593636)|STATEMENT_EXECUTE|[7]
06:19:59.0 (108594800)|STATEMENT_EXECUTE|[8]
06:19:59.0 (108595633)|STATEMENT_EXECUTE|[23]
06:19:59.0 (108596574)|STATEMENT_EXECUTE|[31]
06:19:59.0 (108598002)|SYSTEM_MODE_EXIT|false
06:19:59.0 (108713874)|SYSTEM_MODE_ENTER|true
06:19:59.0 (108745449)|HEAP_ALLOCATE|[EXTERNAL]|Bytes:24
06:19:59.0 (108820839)|VARIABLE_SCOPE_BEGIN|[30]|this|PM_Project_Edit_Controller|true|false
06:19:59.0 (108852734)|VARIABLE_ASSIGNMENT|[30]|this|{"nonSelectedUserId":"('0057F000000TrBVQA0 (65 more) ...","pName":"3432","project":"0x48d38907","selectedUsers":"0x6517d5e5","usersList":"0x3dfaea41"}|0x106927a5
06:19:59.0 (108875498)|SYSTEM_MODE_ENTER|false
06:19:59.0 (108880933)|HEAP_ALLOCATE|[31]|Bytes:5
06:19:59.0 (108885330)|STATEMENT_EXECUTE|[30]
06:19:59.0 (108886350)|STATEMENT_EXECUTE|[31]
06:19:59.0 (108888782)|HEAP_ALLOCATE|[31]|Bytes:62
06:19:59.0 (108900757)|HEAP_ALLOCATE|[31]|Bytes:4
06:19:59.0 (109042096)|SOQL_EXECUTE_BEGIN|[31]|Aggregations:0|SELECT Id, Name FROM UserRole WHERE Name = 'Software Engineer'
06:19:59.0 (111757687)|SOQL_EXECUTE_END|[31]|Rows:1
06:19:59.0 (111774055)|HEAP_ALLOCATE|[31]|Bytes:8
06:19:59.0 (111784182)|HEAP_ALLOCATE|[31]|Bytes:54
06:19:59.0 (111834720)|HEAP_ALLOCATE|[31]|Bytes:8
06:19:59.0 (111844975)|HEAP_ALLOCATE|[31]|Bytes:34
06:19:59.0 (111873465)|HEAP_ALLOCATE|[31]|Bytes:12
06:19:59.0 (111880263)|VARIABLE_SCOPE_BEGIN|[31]|userRole|UserRole|true|false
06:19:59.0 (111896766)|VARIABLE_ASSIGNMENT|[31]|userRole|{"Id":"00E7F000000MdriUAC","Name":"Software Engineer"}|0x35ee2cfc
06:19:59.0 (111902790)|STATEMENT_EXECUTE|[32]
06:19:59.0 (111921098)|VARIABLE_SCOPE_BEGIN|[32]|userRoleId|Id|false|false
06:19:59.0 (112018086)|VARIABLE_ASSIGNMENT|[32]|userRoleId|"00E7F000000MdriUAC"
06:19:59.0 (112024918)|STATEMENT_EXECUTE|[33]
06:19:59.0 (112027807)|HEAP_ALLOCATE|[33]|Bytes:70
06:19:59.0 (112038974)|HEAP_ALLOCATE|[33]|Bytes:155
06:19:59.0 (112292211)|SOQL_EXECUTE_BEGIN|[33]|Aggregations:0|select Id,Name from User where UserRoleId =: userRoleId and Id not in ('0057F000000TrBVQA0','0057F000000TpdFQAS','0057F000000TrBBQA0','0057F000000TrBGQA0')
06:19:59.0 (121513764)|SOQL_EXECUTE_END|[33]|Rows:2
06:19:59.0 (121530544)|HEAP_ALLOCATE|[33]|Bytes:12
06:19:59.0 (121541635)|HEAP_ALLOCATE|[33]|Bytes:86
06:19:59.0 (121568172)|HEAP_ALLOCATE|[33]|Bytes:12
06:19:59.0 (121585310)|VARIABLE_SCOPE_BEGIN|[33]|users|List<User>|true|false
06:19:59.0 (121606496)|VARIABLE_ASSIGNMENT|[33]|users|[{"Id":"0057F000000Tz0iQAC","Name":"Richa"},{"Id":"0057F000000Tz0sQAC","Name":"Veeresh"}]|0x214b2bd4
06:19:59.0 (121715946)|HEAP_ALLOCATE|[34]|Bytes:5
06:19:59.0 (121729952)|HEAP_ALLOCATE|[34]|Bytes:12
06:19:59.0 (121737872)|VARIABLE_SCOPE_BEGIN|[34]|usr|User|true|false
06:19:59.0 (121751383)|VARIABLE_ASSIGNMENT|[34]|usr|{"Id":"0057F000000Tz0iQAC","Name":"Richa"}|0x42911e55
06:19:59.0 (121757708)|STATEMENT_EXECUTE|[34]
06:19:59.0 (121759090)|STATEMENT_EXECUTE|[35]
06:19:59.0 (121774827)|HEAP_ALLOCATE|[35]|Bytes:18
06:19:59.0 (121824462)|HEAP_ALLOCATE|[EXTERNAL]|Bytes:4
06:19:59.0 (121837467)|HEAP_ALLOCATE|[34]|Bytes:5
06:19:59.0 (121845812)|HEAP_ALLOCATE|[34]|Bytes:12
06:19:59.0 (121851214)|VARIABLE_SCOPE_BEGIN|[34]|usr|User|true|false
06:19:59.0 (121863187)|VARIABLE_ASSIGNMENT|[34]|usr|{"Id":"0057F000000Tz0sQAC","Name":"Veeresh"}|0x3afc9858
06:19:59.0 (121873846)|STATEMENT_EXECUTE|[34]
06:19:59.0 (121874893)|STATEMENT_EXECUTE|[35]
06:19:59.0 (121883124)|HEAP_ALLOCATE|[35]|Bytes:18
06:19:59.0 (121893746)|HEAP_ALLOCATE|[EXTERNAL]|Bytes:4
06:19:59.0 (121902981)|HEAP_ALLOCATE|[34]|Bytes:5
06:19:59.0 (121910647)|VARIABLE_ASSIGNMENT|[34]|usr|null|
06:19:59.0 (121915105)|STATEMENT_EXECUTE|[37]
06:19:59.0 (121920377)|SYSTEM_MODE_EXIT|false
06:19:59.0 (122021816)|SYSTEM_MODE_ENTER|true
06:19:59.0 (122070718)|HEAP_ALLOCATE|[EXTERNAL]|Bytes:12
06:19:59.0 (122075793)|HEAP_ALLOCATE|[EXTERNAL]|Bytes:20
06:19:59.0 (122185894)|VARIABLE_ASSIGNMENT|[EXTERNAL]|this.leftOptions|"common.apex.runtime.impl.ScalarList@56b0c9fe"|0x5b0a8130
06:19:59.0 (122274699)|SYSTEM_MODE_ENTER|true
06:19:59.0 (122335872)|SYSTEM_MODE_ENTER|true
06:19:59.0 (122372387)|HEAP_ALLOCATE|[EXTERNAL]|Bytes:20
06:19:59.0 (122377051)|HEAP_ALLOCATE|[EXTERNAL]|Bytes:20
06:19:59.0 (122438665)|VARIABLE_ASSIGNMENT|[EXTERNAL]|this.rightOptions|"common.apex.runtime.impl.ScalarList@e9db8f6e"|0x5b0a8130
06:19:59.0 (122556293)|SYSTEM_MODE_ENTER|true
06:19:59.0 (122741014)|SYSTEM_MODE_ENTER|true
06:19:59.0 (139970240)|SYSTEM_MODE_ENTER|true
06:19:59.0 (140009479)|HEAP_ALLOCATE|[EXTERNAL]|Bytes:12
06:19:59.0 (140016207)|HEAP_ALLOCATE|[EXTERNAL]|Bytes:20
06:19:59.0 (140096155)|VARIABLE_ASSIGNMENT|[EXTERNAL]|this.leftOptions|"common.apex.runtime.impl.ScalarList@56b0c9fe"|0x5b0a8130
06:19:59.0 (140173958)|SYSTEM_MODE_ENTER|true
06:19:59.0 (140206742)|HEAP_ALLOCATE|[EXTERNAL]|Bytes:20
06:19:59.0 (140211702)|HEAP_ALLOCATE|[EXTERNAL]|Bytes:20
06:19:59.0 (140273546)|VARIABLE_ASSIGNMENT|[EXTERNAL]|this.rightOptions|"common.apex.runtime.impl.ScalarList@e9db8f6e"|0x5b0a8130
06:19:59.0 (140829549)|SYSTEM_MODE_ENTER|true
06:19:59.0 (142930241)|SYSTEM_MODE_ENTER|true
06:19:59.0 (143659622)|SYSTEM_MODE_ENTER|true
06:19:59.0 (143774269)|SYSTEM_MODE_ENTER|true
06:19:59.0 (148061005)|VF_SERIALIZE_VIEWSTATE_BEGIN|0667F000004uRC1
06:19:59.0 (150893954)|VF_SERIALIZE_VIEWSTATE_END
06:19:59.152 (152869559)|CUMULATIVE_LIMIT_USAGE
06:19:59.152 (152869559)|LIMIT_USAGE_FOR_NS|(default)|
  Number of SOQL queries: 8 out of 100
  Number of query rows: 12 out of 50000
  Number of SOSL queries: 0 out of 20
  Number of DML statements: 0 out of 150
  Number of DML rows: 0 out of 10000
  Maximum CPU time: 0 out of 10000
  Maximum heap size: 0 out of 6000000
  Number of callouts: 0 out of 100
  Number of Email Invocations: 0 out of 10
  Number of future calls: 0 out of 50
  Number of queueable jobs added to the queue: 0 out of 50
  Number of Mobile Apex push calls: 0 out of 10

06:19:59.152 (152869559)|CUMULATIVE_LIMIT_USAGE_END

06:19:59.0 (152902881)|CODE_UNIT_FINISHED|VF: /apex/PM_Project_Edit
06:19:59.0 (153593813)|EXECUTION_FINISHED
