36.0 APEX_CODE,FINEST;APEX_PROFILING,INFO;CALLOUT,INFO;DB,INFO;SYSTEM,DEBUG;VALIDATION,INFO;VISUALFORCE,INFO;WAVE,INFO;WORKFLOW,INFO
00:13:16.0 (351454)|USER_INFO|[EXTERNAL]|0057F000000Tiz6|ksb994@salesforce.com|Pacific Standard Time|GMT-08:00
00:13:16.0 (398651)|EXECUTION_STARTED
00:13:16.0 (404083)|CODE_UNIT_STARTED|[EXTERNAL]|0667F000004uRC1|VF: /apex/PM_Project_Edit
00:13:16.0 (49042305)|SYSTEM_MODE_ENTER|true
00:13:16.0 (49377433)|HEAP_ALLOCATE|[72]|Bytes:3
00:13:16.0 (49411196)|HEAP_ALLOCATE|[77]|Bytes:152
00:13:16.0 (49425827)|HEAP_ALLOCATE|[342]|Bytes:408
00:13:16.0 (49442344)|HEAP_ALLOCATE|[355]|Bytes:408
00:13:16.0 (49456641)|HEAP_ALLOCATE|[467]|Bytes:48
00:13:16.0 (49482886)|HEAP_ALLOCATE|[139]|Bytes:6
00:13:16.0 (49517290)|HEAP_ALLOCATE|[EXTERNAL]|Bytes:144
00:13:16.0 (49523612)|HEAP_ALLOCATE|[EXTERNAL]|Bytes:20
00:13:16.0 (49526881)|HEAP_ALLOCATE|[EXTERNAL]|Bytes:2
00:13:16.0 (49548246)|METHOD_ENTRY|[1]|01p7F00000Ehro9|PM_Project_Edit_Controller.PM_Project_Edit_Controller()
00:13:16.0 (49554507)|STATEMENT_EXECUTE|[1]
00:13:16.0 (49559088)|STATEMENT_EXECUTE|[1]
00:13:16.0 (49586701)|HEAP_ALLOCATE|[50]|Bytes:5
00:13:16.0 (49605504)|HEAP_ALLOCATE|[56]|Bytes:5
00:13:16.0 (49613002)|HEAP_ALLOCATE|[64]|Bytes:7
00:13:16.0 (49636123)|SYSTEM_MODE_ENTER|false
00:13:16.0 (49645967)|HEAP_ALLOCATE|[EXTERNAL]|Bytes:5
00:13:16.0 (49653051)|SYSTEM_MODE_EXIT|false
00:13:16.0 (49660279)|METHOD_EXIT|[1]|PM_Project_Edit_Controller
00:13:16.0 (49702605)|HEAP_ALLOCATE|[EXTERNAL]|Bytes:24
00:13:16.0 (49843618)|VARIABLE_SCOPE_BEGIN|[10]|this|PM_Project_Edit_Controller|true|false
00:13:16.0 (49907309)|VARIABLE_ASSIGNMENT|[10]|this|{}|0x786472cb
00:13:16.0 (49915926)|VARIABLE_SCOPE_BEGIN|[10]|stdController|ApexPages.StandardController|true|false
00:13:16.0 (50134141)|VARIABLE_ASSIGNMENT|[10]|stdController|"StandardController [null]"|0x7e94e099
00:13:16.0 (50159334)|SYSTEM_MODE_ENTER|false
00:13:16.0 (50167551)|HEAP_ALLOCATE|[7]|Bytes:5
00:13:16.0 (50173202)|STATEMENT_EXECUTE|[1]
00:13:16.0 (50178113)|HEAP_ALLOCATE|[7]|Bytes:5
00:13:16.0 (50181050)|STATEMENT_EXECUTE|[3]
00:13:16.0 (50182334)|STATEMENT_EXECUTE|[4]
00:13:16.0 (50183314)|STATEMENT_EXECUTE|[6]
00:13:16.0 (50184248)|STATEMENT_EXECUTE|[7]
00:13:16.0 (50198156)|HEAP_ALLOCATE|[7]|Bytes:4
00:13:16.0 (50283082)|HEAP_ALLOCATE|[EXTERNAL]|Bytes:4
00:13:16.0 (50298822)|VARIABLE_ASSIGNMENT|[7]|this.usersList|[]|0x786472cb
00:13:16.0 (50304368)|STATEMENT_EXECUTE|[8]
00:13:16.0 (50307923)|HEAP_ALLOCATE|[8]|Bytes:1
00:13:16.0 (50317310)|VARIABLE_ASSIGNMENT|[8]|this.nonSelectedUserId|"("|0x786472cb
00:13:16.0 (50328677)|HEAP_ALLOCATE|[8]|Bytes:6
00:13:16.0 (50370177)|STATEMENT_EXECUTE|[10]
00:13:16.0 (50372117)|STATEMENT_EXECUTE|[11]
00:13:16.0 (50493049)|HEAP_ALLOCATE|[11]|Bytes:4
00:13:16.0 (50546276)|VARIABLE_ASSIGNMENT|[EXTERNAL]|this|{"nonSelectedUserId":"(","usersList":"0x6e013c2c"}|0x786472cb
00:13:16.0 (50560138)|VARIABLE_ASSIGNMENT|[EXTERNAL]|value|{}|0x796da597
00:13:16.0 (50569574)|VARIABLE_ASSIGNMENT|[3]|this.mysObject|{}|0x786472cb
00:13:16.0 (50578339)|STATEMENT_EXECUTE|[12]
00:13:16.0 (50612364)|HEAP_ALLOCATE|[12]|Bytes:43
00:13:16.0 (50643170)|HEAP_ALLOCATE|[12]|Bytes:18
00:13:16.0 (50662786)|HEAP_ALLOCATE|[12]|Bytes:3
00:13:16.0 (50689987)|HEAP_ALLOCATE|[12]|Bytes:4
00:13:16.0 (50695863)|VARIABLE_SCOPE_BEGIN|[12]|pid|Id|false|false
00:13:16.0 (50775627)|VARIABLE_ASSIGNMENT|[12]|pid|"a057F000002dVv5QAE"
00:13:16.0 (50783152)|STATEMENT_EXECUTE|[16]
00:13:16.0 (50786285)|HEAP_ALLOCATE|[16]|Bytes:7
00:13:16.0 (50790812)|HEAP_ALLOCATE|[16]|Bytes:10
00:13:16.0 (50806363)|METHOD_ENTRY|[16]|01p7F00000Ehro9|PM_Project_Edit_Controller.getAllFields(String)
00:13:16.0 (50908539)|VARIABLE_SCOPE_BEGIN|[48]|sobjectname|String|false|false
00:13:16.0 (50919790)|VARIABLE_ASSIGNMENT|[48]|sobjectname|"Project__c"
00:13:16.0 (50940096)|HEAP_ALLOCATE|[49]|Bytes:5
00:13:16.0 (50944973)|STATEMENT_EXECUTE|[48]
00:13:16.0 (71470634)|HEAP_ALLOCATE|[49]|Bytes:1468
00:13:16.0 (71549155)|STATEMENT_EXECUTE|[49]
00:13:16.0 (71553675)|STATEMENT_EXECUTE|[52]
00:13:16.0 (76477087)|HEAP_ALLOCATE|[52]|Bytes:1468
00:13:16.0 (76734396)|HEAP_ALLOCATE|[52]|Bytes:4
00:13:16.0 (76791393)|HEAP_ALLOCATE|[52]|Bytes:4
00:13:16.0 (77096012)|HEAP_ALLOCATE|[52]|Bytes:148
00:13:16.0 (77111781)|VARIABLE_SCOPE_BEGIN|[52]|fields|Map<String,Schema.SObjectField>|true|false
00:13:16.0 (77398686)|VARIABLE_ASSIGNMENT|[52]|fields|"{client__c=Client__c, client_project_manager__c=Client_Project_Manager__c, company_project_code__c=Company_project_code__c, cost_centre__c=Cost_Centre__c, createdbyid=CreatedById, createddate=CreatedDate, delivery__c=Delivery__c, end_customer__c=End_Customer__c, footage__c=Footage__c, hours__c=Hours__c, ...}"|0x36d378cd
00:13:16.0 (77413272)|STATEMENT_EXECUTE|[53]
00:13:16.0 (77438125)|HEAP_ALLOCATE|[53]|Bytes:4
00:13:16.0 (77479627)|VARIABLE_SCOPE_BEGIN|[53]|accessiblefields|List<String>|true|false
00:13:16.0 (77511040)|HEAP_ALLOCATE|[EXTERNAL]|Bytes:4
00:13:16.0 (77523506)|VARIABLE_ASSIGNMENT|[53]|accessiblefields|[]|0x45229d2b
00:13:16.0 (77574586)|HEAP_ALLOCATE|[EXTERNAL]|Bytes:148
00:13:16.0 (77594381)|HEAP_ALLOCATE|[54]|Bytes:148
00:13:16.0 (77677816)|HEAP_ALLOCATE|[54]|Bytes:5
00:13:16.0 (77701902)|VARIABLE_SCOPE_BEGIN|[54]|field|Schema.SObjectField|true|false
00:13:16.0 (77774870)|VARIABLE_ASSIGNMENT|[54]|field|"common.apex.runtime.impl.ApexFieldToken@7f3ce5fe"|0x7f3ce5fe
00:13:16.0 (77784249)|STATEMENT_EXECUTE|[54]
00:13:16.0 (78266256)|HEAP_ALLOCATE|[55]|Bytes:8
00:13:16.0 (78293162)|STATEMENT_EXECUTE|[56]
00:13:16.0 (78326727)|HEAP_ALLOCATE|[56]|Bytes:8
00:13:16.0 (78342604)|HEAP_ALLOCATE|[56]|Bytes:2
00:13:16.0 (78357616)|HEAP_ALLOCATE|[EXTERNAL]|Bytes:4
00:13:16.0 (78373482)|HEAP_ALLOCATE|[54]|Bytes:5
00:13:16.0 (78388737)|VARIABLE_SCOPE_BEGIN|[54]|field|Schema.SObjectField|true|false
00:13:16.0 (78467754)|VARIABLE_ASSIGNMENT|[54]|field|"common.apex.runtime.impl.ApexFieldToken@5284ffc4"|0x5284ffc4
00:13:16.0 (78476783)|STATEMENT_EXECUTE|[54]
00:13:16.0 (78639795)|HEAP_ALLOCATE|[55]|Bytes:8
00:13:16.0 (78655655)|STATEMENT_EXECUTE|[56]
00:13:16.0 (78674652)|HEAP_ALLOCATE|[56]|Bytes:8
00:13:16.0 (78683653)|HEAP_ALLOCATE|[56]|Bytes:7
00:13:16.0 (78693065)|HEAP_ALLOCATE|[EXTERNAL]|Bytes:4
00:13:16.0 (78706007)|HEAP_ALLOCATE|[54]|Bytes:5
00:13:16.0 (78720020)|VARIABLE_SCOPE_BEGIN|[54]|field|Schema.SObjectField|true|false
00:13:16.0 (78792840)|VARIABLE_ASSIGNMENT|[54]|field|"common.apex.runtime.impl.ApexFieldToken@31efb7a"|0x31efb7a
00:13:16.0 (78801495)|STATEMENT_EXECUTE|[54]
00:13:16.0 (78907216)|HEAP_ALLOCATE|[55]|Bytes:8
00:13:16.0 (78920980)|STATEMENT_EXECUTE|[56]
00:13:16.0 (78938212)|HEAP_ALLOCATE|[56]|Bytes:8
00:13:16.0 (78947153)|HEAP_ALLOCATE|[56]|Bytes:9
00:13:16.0 (78955982)|HEAP_ALLOCATE|[EXTERNAL]|Bytes:4
00:13:16.0 (78967400)|HEAP_ALLOCATE|[54]|Bytes:5
00:13:16.0 (78980590)|VARIABLE_SCOPE_BEGIN|[54]|field|Schema.SObjectField|true|false
00:13:16.0 (79051708)|VARIABLE_ASSIGNMENT|[54]|field|"common.apex.runtime.impl.ApexFieldToken@563022b9"|0x563022b9
00:13:16.0 (79060328)|STATEMENT_EXECUTE|[54]
00:13:16.0 (79173127)|HEAP_ALLOCATE|[55]|Bytes:8
00:13:16.0 (79186955)|STATEMENT_EXECUTE|[56]
00:13:16.0 (79203727)|HEAP_ALLOCATE|[56]|Bytes:8
00:13:16.0 (79212108)|HEAP_ALLOCATE|[56]|Bytes:4
00:13:16.0 (79220901)|HEAP_ALLOCATE|[EXTERNAL]|Bytes:4
00:13:16.0 (79232402)|HEAP_ALLOCATE|[54]|Bytes:5
00:13:16.0 (79245062)|VARIABLE_SCOPE_BEGIN|[54]|field|Schema.SObjectField|true|false
00:13:16.0 (79313984)|VARIABLE_ASSIGNMENT|[54]|field|"common.apex.runtime.impl.ApexFieldToken@4e3b2e94"|0x4e3b2e94
00:13:16.0 (79321736)|STATEMENT_EXECUTE|[54]
00:13:16.0 (79441090)|HEAP_ALLOCATE|[55]|Bytes:8
00:13:16.0 (79454998)|STATEMENT_EXECUTE|[56]
00:13:16.0 (79480717)|HEAP_ALLOCATE|[56]|Bytes:8
00:13:16.0 (79494914)|HEAP_ALLOCATE|[56]|Bytes:11
00:13:16.0 (79507996)|HEAP_ALLOCATE|[EXTERNAL]|Bytes:4
00:13:16.0 (79520944)|HEAP_ALLOCATE|[54]|Bytes:5
00:13:16.0 (79534977)|VARIABLE_SCOPE_BEGIN|[54]|field|Schema.SObjectField|true|false
00:13:16.0 (79605202)|VARIABLE_ASSIGNMENT|[54]|field|"common.apex.runtime.impl.ApexFieldToken@3b348248"|0x3b348248
00:13:16.0 (79612981)|STATEMENT_EXECUTE|[54]
00:13:16.0 (79733948)|HEAP_ALLOCATE|[55]|Bytes:8
00:13:16.0 (79747737)|STATEMENT_EXECUTE|[56]
00:13:16.0 (79763973)|HEAP_ALLOCATE|[56]|Bytes:8
00:13:16.0 (79772121)|HEAP_ALLOCATE|[56]|Bytes:11
00:13:16.0 (79781429)|HEAP_ALLOCATE|[EXTERNAL]|Bytes:4
00:13:16.0 (79792974)|HEAP_ALLOCATE|[54]|Bytes:5
00:13:16.0 (79805508)|VARIABLE_SCOPE_BEGIN|[54]|field|Schema.SObjectField|true|false
00:13:16.0 (79882552)|VARIABLE_ASSIGNMENT|[54]|field|"common.apex.runtime.impl.ApexFieldToken@4f056b7f"|0x4f056b7f
00:13:16.0 (79894835)|STATEMENT_EXECUTE|[54]
00:13:16.0 (80060595)|HEAP_ALLOCATE|[55]|Bytes:8
00:13:16.0 (80081931)|STATEMENT_EXECUTE|[56]
00:13:16.0 (80110931)|HEAP_ALLOCATE|[56]|Bytes:8
00:13:16.0 (80126193)|HEAP_ALLOCATE|[56]|Bytes:16
00:13:16.0 (80139938)|HEAP_ALLOCATE|[EXTERNAL]|Bytes:4
00:13:16.0 (80158280)|HEAP_ALLOCATE|[54]|Bytes:5
00:13:16.0 (80180064)|VARIABLE_SCOPE_BEGIN|[54]|field|Schema.SObjectField|true|false
00:13:16.0 (80280800)|VARIABLE_ASSIGNMENT|[54]|field|"common.apex.runtime.impl.ApexFieldToken@18f7bdcc"|0x18f7bdcc
00:13:16.0 (80290347)|STATEMENT_EXECUTE|[54]
00:13:16.0 (80429494)|HEAP_ALLOCATE|[55]|Bytes:8
00:13:16.0 (80443877)|STATEMENT_EXECUTE|[56]
00:13:16.0 (80462677)|HEAP_ALLOCATE|[56]|Bytes:8
00:13:16.0 (80471428)|HEAP_ALLOCATE|[56]|Bytes:16
00:13:16.0 (80481653)|HEAP_ALLOCATE|[EXTERNAL]|Bytes:4
00:13:16.0 (80496353)|HEAP_ALLOCATE|[54]|Bytes:5
00:13:16.0 (80511147)|VARIABLE_SCOPE_BEGIN|[54]|field|Schema.SObjectField|true|false
00:13:16.0 (80582520)|VARIABLE_ASSIGNMENT|[54]|field|"common.apex.runtime.impl.ApexFieldToken@f2f7fc8"|0xf2f7fc8
00:13:16.0 (80590658)|STATEMENT_EXECUTE|[54]
00:13:16.0 (80684874)|HEAP_ALLOCATE|[55]|Bytes:8
00:13:16.0 (80700063)|STATEMENT_EXECUTE|[56]
00:13:16.0 (80725820)|HEAP_ALLOCATE|[56]|Bytes:8
00:13:16.0 (80741581)|HEAP_ALLOCATE|[56]|Bytes:14
00:13:16.0 (80754971)|HEAP_ALLOCATE|[EXTERNAL]|Bytes:4
00:13:16.0 (80772287)|HEAP_ALLOCATE|[54]|Bytes:5
00:13:16.0 (80786960)|VARIABLE_SCOPE_BEGIN|[54]|field|Schema.SObjectField|true|false
00:13:16.0 (80858755)|VARIABLE_ASSIGNMENT|[54]|field|"common.apex.runtime.impl.ApexFieldToken@10968aa7"|0x10968aa7
00:13:16.0 (80866959)|STATEMENT_EXECUTE|[54]
00:13:16.0 (80988658)|HEAP_ALLOCATE|[55]|Bytes:8
00:13:16.0 (81006183)|STATEMENT_EXECUTE|[56]
00:13:16.0 (81026941)|HEAP_ALLOCATE|[56]|Bytes:8
00:13:16.0 (81035858)|HEAP_ALLOCATE|[56]|Bytes:16
00:13:16.0 (81044538)|HEAP_ALLOCATE|[EXTERNAL]|Bytes:4
00:13:16.0 (81056962)|HEAP_ALLOCATE|[54]|Bytes:5
00:13:16.0 (81070964)|VARIABLE_SCOPE_BEGIN|[54]|field|Schema.SObjectField|true|false
00:13:16.0 (81141826)|VARIABLE_ASSIGNMENT|[54]|field|"common.apex.runtime.impl.ApexFieldToken@742c4559"|0x742c4559
00:13:16.0 (81150005)|STATEMENT_EXECUTE|[54]
00:13:16.0 (81243963)|HEAP_ALLOCATE|[55]|Bytes:8
00:13:16.0 (81258300)|STATEMENT_EXECUTE|[56]
00:13:16.0 (81282775)|HEAP_ALLOCATE|[56]|Bytes:8
00:13:16.0 (81296996)|HEAP_ALLOCATE|[56]|Bytes:14
00:13:16.0 (81310137)|HEAP_ALLOCATE|[EXTERNAL]|Bytes:4
00:13:16.0 (81325447)|HEAP_ALLOCATE|[54]|Bytes:5
00:13:16.0 (81342991)|VARIABLE_SCOPE_BEGIN|[54]|field|Schema.SObjectField|true|false
00:13:16.0 (81413407)|VARIABLE_ASSIGNMENT|[54]|field|"common.apex.runtime.impl.ApexFieldToken@51909fcd"|0x51909fcd
00:13:16.0 (81425466)|STATEMENT_EXECUTE|[54]
00:13:16.0 (81522178)|HEAP_ALLOCATE|[55]|Bytes:8
00:13:16.0 (81535780)|STATEMENT_EXECUTE|[56]
00:13:16.0 (81551776)|HEAP_ALLOCATE|[56]|Bytes:8
00:13:16.0 (81562712)|HEAP_ALLOCATE|[56]|Bytes:18
00:13:16.0 (81574433)|HEAP_ALLOCATE|[EXTERNAL]|Bytes:4
00:13:16.0 (81590781)|HEAP_ALLOCATE|[54]|Bytes:5
00:13:16.0 (81610896)|VARIABLE_SCOPE_BEGIN|[54]|field|Schema.SObjectField|true|false
00:13:16.0 (81711436)|VARIABLE_ASSIGNMENT|[54]|field|"common.apex.runtime.impl.ApexFieldToken@25b57b08"|0x25b57b08
00:13:16.0 (81722293)|STATEMENT_EXECUTE|[54]
00:13:16.0 (82279738)|HEAP_ALLOCATE|[55]|Bytes:8
00:13:16.0 (82299788)|STATEMENT_EXECUTE|[56]
00:13:16.0 (82321322)|HEAP_ALLOCATE|[56]|Bytes:8
00:13:16.0 (82331746)|HEAP_ALLOCATE|[56]|Bytes:9
00:13:16.0 (82342379)|HEAP_ALLOCATE|[EXTERNAL]|Bytes:4
00:13:16.0 (82356319)|HEAP_ALLOCATE|[54]|Bytes:5
00:13:16.0 (82372522)|VARIABLE_SCOPE_BEGIN|[54]|field|Schema.SObjectField|true|false
00:13:16.0 (82452389)|VARIABLE_ASSIGNMENT|[54]|field|"common.apex.runtime.impl.ApexFieldToken@1d21eab"|0x1d21eab
00:13:16.0 (82461616)|STATEMENT_EXECUTE|[54]
00:13:16.0 (82583279)|HEAP_ALLOCATE|[55]|Bytes:8
00:13:16.0 (82598678)|STATEMENT_EXECUTE|[56]
00:13:16.0 (82619150)|HEAP_ALLOCATE|[56]|Bytes:8
00:13:16.0 (82628140)|HEAP_ALLOCATE|[56]|Bytes:15
00:13:16.0 (82637566)|HEAP_ALLOCATE|[EXTERNAL]|Bytes:4
00:13:16.0 (82649797)|HEAP_ALLOCATE|[54]|Bytes:5
00:13:16.0 (82663544)|VARIABLE_SCOPE_BEGIN|[54]|field|Schema.SObjectField|true|false
00:13:16.0 (82737025)|VARIABLE_ASSIGNMENT|[54]|field|"common.apex.runtime.impl.ApexFieldToken@17429545"|0x17429545
00:13:16.0 (82745717)|STATEMENT_EXECUTE|[54]
00:13:16.0 (82852036)|HEAP_ALLOCATE|[55]|Bytes:8
00:13:16.0 (82866545)|STATEMENT_EXECUTE|[56]
00:13:16.0 (82884268)|HEAP_ALLOCATE|[56]|Bytes:8
00:13:16.0 (82892780)|HEAP_ALLOCATE|[56]|Bytes:19
00:13:16.0 (82901736)|HEAP_ALLOCATE|[EXTERNAL]|Bytes:4
00:13:16.0 (82913427)|HEAP_ALLOCATE|[54]|Bytes:5
00:13:16.0 (82926482)|VARIABLE_SCOPE_BEGIN|[54]|field|Schema.SObjectField|true|false
00:13:16.0 (83000044)|VARIABLE_ASSIGNMENT|[54]|field|"common.apex.runtime.impl.ApexFieldToken@42f91e97"|0x42f91e97
00:13:16.0 (83009061)|STATEMENT_EXECUTE|[54]
00:13:16.0 (83109747)|HEAP_ALLOCATE|[55]|Bytes:8
00:13:16.0 (83123827)|STATEMENT_EXECUTE|[56]
00:13:16.0 (83140966)|HEAP_ALLOCATE|[56]|Bytes:8
00:13:16.0 (83149397)|HEAP_ALLOCATE|[56]|Bytes:14
00:13:16.0 (83157539)|HEAP_ALLOCATE|[EXTERNAL]|Bytes:4
00:13:16.0 (83168982)|HEAP_ALLOCATE|[54]|Bytes:5
00:13:16.0 (83182008)|VARIABLE_SCOPE_BEGIN|[54]|field|Schema.SObjectField|true|false
00:13:16.0 (83252736)|VARIABLE_ASSIGNMENT|[54]|field|"common.apex.runtime.impl.ApexFieldToken@4c9a40fb"|0x4c9a40fb
00:13:16.0 (83261361)|STATEMENT_EXECUTE|[54]
00:13:16.0 (83356808)|HEAP_ALLOCATE|[55]|Bytes:8
00:13:16.0 (83370749)|STATEMENT_EXECUTE|[56]
00:13:16.0 (83387852)|HEAP_ALLOCATE|[56]|Bytes:8
00:13:16.0 (83396177)|HEAP_ALLOCATE|[56]|Bytes:25
00:13:16.0 (83404012)|HEAP_ALLOCATE|[EXTERNAL]|Bytes:4
00:13:16.0 (83415671)|HEAP_ALLOCATE|[54]|Bytes:5
00:13:16.0 (83432429)|VARIABLE_SCOPE_BEGIN|[54]|field|Schema.SObjectField|true|false
00:13:16.0 (83501225)|VARIABLE_ASSIGNMENT|[54]|field|"common.apex.runtime.impl.ApexFieldToken@5d2c2885"|0x5d2c2885
00:13:16.0 (83509718)|STATEMENT_EXECUTE|[54]
00:13:16.0 (83605530)|HEAP_ALLOCATE|[55]|Bytes:8
00:13:16.0 (83619015)|STATEMENT_EXECUTE|[56]
00:13:16.0 (83635975)|HEAP_ALLOCATE|[56]|Bytes:8
00:13:16.0 (83644111)|HEAP_ALLOCATE|[56]|Bytes:15
00:13:16.0 (83654817)|HEAP_ALLOCATE|[EXTERNAL]|Bytes:4
00:13:16.0 (83666072)|HEAP_ALLOCATE|[54]|Bytes:5
00:13:16.0 (83678672)|VARIABLE_SCOPE_BEGIN|[54]|field|Schema.SObjectField|true|false
00:13:16.0 (83749076)|VARIABLE_ASSIGNMENT|[54]|field|"common.apex.runtime.impl.ApexFieldToken@5e4766d8"|0x5e4766d8
00:13:16.0 (83758206)|STATEMENT_EXECUTE|[54]
00:13:16.0 (83854089)|HEAP_ALLOCATE|[55]|Bytes:8
00:13:16.0 (83868381)|STATEMENT_EXECUTE|[56]
00:13:16.0 (83885132)|HEAP_ALLOCATE|[56]|Bytes:8
00:13:16.0 (83893615)|HEAP_ALLOCATE|[56]|Bytes:23
00:13:16.0 (83901786)|HEAP_ALLOCATE|[EXTERNAL]|Bytes:4
00:13:16.0 (83913387)|HEAP_ALLOCATE|[54]|Bytes:5
00:13:16.0 (83925852)|VARIABLE_SCOPE_BEGIN|[54]|field|Schema.SObjectField|true|false
00:13:16.0 (83995226)|VARIABLE_ASSIGNMENT|[54]|field|"common.apex.runtime.impl.ApexFieldToken@54c0c621"|0x54c0c621
00:13:16.0 (84003622)|STATEMENT_EXECUTE|[54]
00:13:16.0 (84100734)|HEAP_ALLOCATE|[55]|Bytes:8
00:13:16.0 (84114470)|STATEMENT_EXECUTE|[56]
00:13:16.0 (84130925)|HEAP_ALLOCATE|[56]|Bytes:8
00:13:16.0 (84141066)|HEAP_ALLOCATE|[56]|Bytes:16
00:13:16.0 (84149448)|HEAP_ALLOCATE|[EXTERNAL]|Bytes:4
00:13:16.0 (84160723)|HEAP_ALLOCATE|[54]|Bytes:5
00:13:16.0 (84173825)|VARIABLE_SCOPE_BEGIN|[54]|field|Schema.SObjectField|true|false
00:13:16.0 (84240599)|VARIABLE_ASSIGNMENT|[54]|field|"common.apex.runtime.impl.ApexFieldToken@4ac3d9da"|0x4ac3d9da
00:13:16.0 (84248803)|STATEMENT_EXECUTE|[54]
00:13:16.0 (84342279)|HEAP_ALLOCATE|[55]|Bytes:8
00:13:16.0 (84356029)|STATEMENT_EXECUTE|[56]
00:13:16.0 (84372654)|HEAP_ALLOCATE|[56]|Bytes:8
00:13:16.0 (84381006)|HEAP_ALLOCATE|[56]|Bytes:14
00:13:16.0 (84389097)|HEAP_ALLOCATE|[EXTERNAL]|Bytes:4
00:13:16.0 (84400364)|HEAP_ALLOCATE|[54]|Bytes:5
00:13:16.0 (84412476)|VARIABLE_SCOPE_BEGIN|[54]|field|Schema.SObjectField|true|false
00:13:16.0 (84486657)|VARIABLE_ASSIGNMENT|[54]|field|"common.apex.runtime.impl.ApexFieldToken@7617b807"|0x7617b807
00:13:16.0 (84496534)|STATEMENT_EXECUTE|[54]
00:13:16.0 (84596486)|HEAP_ALLOCATE|[55]|Bytes:8
00:13:16.0 (84610648)|STATEMENT_EXECUTE|[56]
00:13:16.0 (84627669)|HEAP_ALLOCATE|[56]|Bytes:8
00:13:16.0 (84635647)|HEAP_ALLOCATE|[56]|Bytes:13
00:13:16.0 (84644019)|HEAP_ALLOCATE|[EXTERNAL]|Bytes:4
00:13:16.0 (84655556)|HEAP_ALLOCATE|[54]|Bytes:5
00:13:16.0 (84667964)|VARIABLE_SCOPE_BEGIN|[54]|field|Schema.SObjectField|true|false
00:13:16.0 (84736770)|VARIABLE_ASSIGNMENT|[54]|field|"common.apex.runtime.impl.ApexFieldToken@130371bb"|0x130371bb
00:13:16.0 (84744733)|STATEMENT_EXECUTE|[54]
00:13:16.0 (84839371)|HEAP_ALLOCATE|[55]|Bytes:8
00:13:16.0 (84852628)|STATEMENT_EXECUTE|[56]
00:13:16.0 (84868896)|HEAP_ALLOCATE|[56]|Bytes:8
00:13:16.0 (84877080)|HEAP_ALLOCATE|[56]|Bytes:5
00:13:16.0 (84884995)|HEAP_ALLOCATE|[EXTERNAL]|Bytes:4
00:13:16.0 (84895912)|HEAP_ALLOCATE|[54]|Bytes:5
00:13:16.0 (84907980)|VARIABLE_SCOPE_BEGIN|[54]|field|Schema.SObjectField|true|false
00:13:16.0 (84975845)|VARIABLE_ASSIGNMENT|[54]|field|"common.apex.runtime.impl.ApexFieldToken@41205c34"|0x41205c34
00:13:16.0 (84984177)|STATEMENT_EXECUTE|[54]
00:13:16.0 (85078411)|HEAP_ALLOCATE|[55]|Bytes:8
00:13:16.0 (85092274)|STATEMENT_EXECUTE|[56]
00:13:16.0 (85108947)|HEAP_ALLOCATE|[56]|Bytes:8
00:13:16.0 (85117336)|HEAP_ALLOCATE|[56]|Bytes:11
00:13:16.0 (85125599)|HEAP_ALLOCATE|[EXTERNAL]|Bytes:4
00:13:16.0 (85136515)|HEAP_ALLOCATE|[54]|Bytes:5
00:13:16.0 (85149202)|VARIABLE_SCOPE_BEGIN|[54]|field|Schema.SObjectField|true|false
00:13:16.0 (85216512)|VARIABLE_ASSIGNMENT|[54]|field|"common.apex.runtime.impl.ApexFieldToken@157950c3"|0x157950c3
00:13:16.0 (85224788)|STATEMENT_EXECUTE|[54]
00:13:16.0 (85319098)|HEAP_ALLOCATE|[55]|Bytes:8
00:13:16.0 (85332686)|STATEMENT_EXECUTE|[56]
00:13:16.0 (85349397)|HEAP_ALLOCATE|[56]|Bytes:8
00:13:16.0 (85357587)|HEAP_ALLOCATE|[56]|Bytes:5
00:13:16.0 (85365234)|HEAP_ALLOCATE|[EXTERNAL]|Bytes:4
00:13:16.0 (85376209)|HEAP_ALLOCATE|[54]|Bytes:5
00:13:16.0 (85388436)|VARIABLE_SCOPE_BEGIN|[54]|field|Schema.SObjectField|true|false
00:13:16.0 (85461270)|VARIABLE_ASSIGNMENT|[54]|field|"common.apex.runtime.impl.ApexFieldToken@5ee505eb"|0x5ee505eb
00:13:16.0 (85469658)|STATEMENT_EXECUTE|[54]
00:13:16.0 (85627798)|HEAP_ALLOCATE|[55]|Bytes:8
00:13:16.0 (85642161)|STATEMENT_EXECUTE|[56]
00:13:16.0 (85659661)|HEAP_ALLOCATE|[56]|Bytes:8
00:13:16.0 (85668385)|HEAP_ALLOCATE|[56]|Bytes:25
00:13:16.0 (85676900)|HEAP_ALLOCATE|[EXTERNAL]|Bytes:4
00:13:16.0 (85687950)|HEAP_ALLOCATE|[54]|Bytes:5
00:13:16.0 (85700455)|VARIABLE_SCOPE_BEGIN|[54]|field|Schema.SObjectField|true|false
00:13:16.0 (85768548)|VARIABLE_ASSIGNMENT|[54]|field|"common.apex.runtime.impl.ApexFieldToken@56e32925"|0x56e32925
00:13:16.0 (85776852)|STATEMENT_EXECUTE|[54]
00:13:16.0 (85906549)|HEAP_ALLOCATE|[55]|Bytes:8
00:13:16.0 (85920953)|STATEMENT_EXECUTE|[56]
00:13:16.0 (85938425)|HEAP_ALLOCATE|[56]|Bytes:8
00:13:16.0 (85946686)|HEAP_ALLOCATE|[56]|Bytes:12
00:13:16.0 (85956532)|HEAP_ALLOCATE|[EXTERNAL]|Bytes:4
00:13:16.0 (85969871)|HEAP_ALLOCATE|[54]|Bytes:5
00:13:16.0 (85982596)|VARIABLE_SCOPE_BEGIN|[54]|field|Schema.SObjectField|true|false
00:13:16.0 (86052372)|VARIABLE_ASSIGNMENT|[54]|field|"common.apex.runtime.impl.ApexFieldToken@15610e31"|0x15610e31
00:13:16.0 (86060979)|STATEMENT_EXECUTE|[54]
00:13:16.0 (86178070)|HEAP_ALLOCATE|[55]|Bytes:8
00:13:16.0 (86195908)|STATEMENT_EXECUTE|[56]
00:13:16.0 (86216625)|HEAP_ALLOCATE|[56]|Bytes:8
00:13:16.0 (86229539)|HEAP_ALLOCATE|[56]|Bytes:21
00:13:16.0 (86239349)|HEAP_ALLOCATE|[EXTERNAL]|Bytes:4
00:13:16.0 (86251639)|HEAP_ALLOCATE|[54]|Bytes:5
00:13:16.0 (86264862)|VARIABLE_SCOPE_BEGIN|[54]|field|Schema.SObjectField|true|false
00:13:16.0 (86333439)|VARIABLE_ASSIGNMENT|[54]|field|"common.apex.runtime.impl.ApexFieldToken@4a41ab16"|0x4a41ab16
00:13:16.0 (86342078)|STATEMENT_EXECUTE|[54]
00:13:16.0 (86464890)|HEAP_ALLOCATE|[55]|Bytes:8
00:13:16.0 (86479623)|STATEMENT_EXECUTE|[56]
00:13:16.0 (86497585)|HEAP_ALLOCATE|[56]|Bytes:8
00:13:16.0 (86505814)|HEAP_ALLOCATE|[56]|Bytes:19
00:13:16.0 (86514551)|HEAP_ALLOCATE|[EXTERNAL]|Bytes:4
00:13:16.0 (86526553)|HEAP_ALLOCATE|[54]|Bytes:5
00:13:16.0 (86543780)|VARIABLE_SCOPE_BEGIN|[54]|field|Schema.SObjectField|true|false
00:13:16.0 (86612771)|VARIABLE_ASSIGNMENT|[54]|field|"common.apex.runtime.impl.ApexFieldToken@3cfd35e8"|0x3cfd35e8
00:13:16.0 (86620564)|STATEMENT_EXECUTE|[54]
00:13:16.0 (86719397)|HEAP_ALLOCATE|[55]|Bytes:8
00:13:16.0 (86733268)|STATEMENT_EXECUTE|[56]
00:13:16.0 (86750381)|HEAP_ALLOCATE|[56]|Bytes:8
00:13:16.0 (86758598)|HEAP_ALLOCATE|[56]|Bytes:8
00:13:16.0 (86766934)|HEAP_ALLOCATE|[EXTERNAL]|Bytes:4
00:13:16.0 (86777922)|HEAP_ALLOCATE|[54]|Bytes:5
00:13:16.0 (86790419)|VARIABLE_SCOPE_BEGIN|[54]|field|Schema.SObjectField|true|false
00:13:16.0 (86859369)|VARIABLE_ASSIGNMENT|[54]|field|"common.apex.runtime.impl.ApexFieldToken@73989953"|0x73989953
00:13:16.0 (86867122)|STATEMENT_EXECUTE|[54]
00:13:16.0 (86960245)|HEAP_ALLOCATE|[55]|Bytes:8
00:13:16.0 (86973657)|STATEMENT_EXECUTE|[56]
00:13:16.0 (86990495)|HEAP_ALLOCATE|[56]|Bytes:8
00:13:16.0 (86998600)|HEAP_ALLOCATE|[56]|Bytes:8
00:13:16.0 (87006559)|HEAP_ALLOCATE|[EXTERNAL]|Bytes:4
00:13:16.0 (87018678)|HEAP_ALLOCATE|[54]|Bytes:5
00:13:16.0 (87030986)|VARIABLE_SCOPE_BEGIN|[54]|field|Schema.SObjectField|true|false
00:13:16.0 (87101699)|VARIABLE_ASSIGNMENT|[54]|field|"common.apex.runtime.impl.ApexFieldToken@6e151197"|0x6e151197
00:13:16.0 (87110172)|STATEMENT_EXECUTE|[54]
00:13:16.0 (87202477)|HEAP_ALLOCATE|[55]|Bytes:8
00:13:16.0 (87216201)|STATEMENT_EXECUTE|[56]
00:13:16.0 (87233034)|HEAP_ALLOCATE|[56]|Bytes:8
00:13:16.0 (87241427)|HEAP_ALLOCATE|[56]|Bytes:10
00:13:16.0 (87249570)|HEAP_ALLOCATE|[EXTERNAL]|Bytes:4
00:13:16.0 (87260517)|HEAP_ALLOCATE|[54]|Bytes:5
00:13:16.0 (87272611)|VARIABLE_SCOPE_BEGIN|[54]|field|Schema.SObjectField|true|false
00:13:16.0 (87340435)|VARIABLE_ASSIGNMENT|[54]|field|"common.apex.runtime.impl.ApexFieldToken@294b1e58"|0x294b1e58
00:13:16.0 (87348165)|STATEMENT_EXECUTE|[54]
00:13:16.0 (87444857)|HEAP_ALLOCATE|[55]|Bytes:8
00:13:16.0 (87458579)|STATEMENT_EXECUTE|[56]
00:13:16.0 (87475557)|HEAP_ALLOCATE|[56]|Bytes:8
00:13:16.0 (87483914)|HEAP_ALLOCATE|[56]|Bytes:8
00:13:16.0 (87491876)|HEAP_ALLOCATE|[EXTERNAL]|Bytes:4
00:13:16.0 (87502889)|HEAP_ALLOCATE|[54]|Bytes:5
00:13:16.0 (87514542)|VARIABLE_SCOPE_BEGIN|[54]|field|Schema.SObjectField|true|false
00:13:16.0 (87582856)|VARIABLE_ASSIGNMENT|[54]|field|"common.apex.runtime.impl.ApexFieldToken@7ccc3cec"|0x7ccc3cec
00:13:16.0 (87591028)|STATEMENT_EXECUTE|[54]
00:13:16.0 (87684353)|HEAP_ALLOCATE|[55]|Bytes:8
00:13:16.0 (87698216)|STATEMENT_EXECUTE|[56]
00:13:16.0 (87715448)|HEAP_ALLOCATE|[56]|Bytes:8
00:13:16.0 (87723370)|HEAP_ALLOCATE|[56]|Bytes:7
00:13:16.0 (87731075)|HEAP_ALLOCATE|[EXTERNAL]|Bytes:4
00:13:16.0 (87742413)|HEAP_ALLOCATE|[54]|Bytes:5
00:13:16.0 (87754420)|VARIABLE_SCOPE_BEGIN|[54]|field|Schema.SObjectField|true|false
00:13:16.0 (87825274)|VARIABLE_ASSIGNMENT|[54]|field|"common.apex.runtime.impl.ApexFieldToken@4ba97027"|0x4ba97027
00:13:16.0 (87833369)|STATEMENT_EXECUTE|[54]
00:13:16.0 (87924116)|HEAP_ALLOCATE|[55]|Bytes:8
00:13:16.0 (87937685)|STATEMENT_EXECUTE|[56]
00:13:16.0 (87954005)|HEAP_ALLOCATE|[56]|Bytes:8
00:13:16.0 (87962240)|HEAP_ALLOCATE|[56]|Bytes:8
00:13:16.0 (87970375)|HEAP_ALLOCATE|[EXTERNAL]|Bytes:4
00:13:16.0 (87981153)|HEAP_ALLOCATE|[54]|Bytes:5
00:13:16.0 (87993255)|VARIABLE_SCOPE_BEGIN|[54]|field|Schema.SObjectField|true|false
00:13:16.0 (88062246)|VARIABLE_ASSIGNMENT|[54]|field|"common.apex.runtime.impl.ApexFieldToken@df6596c"|0xdf6596c
00:13:16.0 (88070792)|STATEMENT_EXECUTE|[54]
00:13:16.0 (88163885)|HEAP_ALLOCATE|[55]|Bytes:8
00:13:16.0 (88177435)|STATEMENT_EXECUTE|[56]
00:13:16.0 (88193929)|HEAP_ALLOCATE|[56]|Bytes:8
00:13:16.0 (88202187)|HEAP_ALLOCATE|[56]|Bytes:7
00:13:16.0 (88210147)|HEAP_ALLOCATE|[EXTERNAL]|Bytes:4
00:13:16.0 (88221439)|HEAP_ALLOCATE|[54]|Bytes:5
00:13:16.0 (88232863)|VARIABLE_ASSIGNMENT|[54]|field|null|
00:13:16.0 (88237650)|STATEMENT_EXECUTE|[58]
00:13:16.0 (88242473)|VARIABLE_SCOPE_BEGIN|[58]|allfields|String|false|false
00:13:16.0 (88251514)|VARIABLE_ASSIGNMENT|[58]|allfields|""
00:13:16.0 (88305729)|HEAP_ALLOCATE|[59]|Bytes:5
00:13:16.0 (88315314)|HEAP_ALLOCATE|[59]|Bytes:2
00:13:16.0 (88322064)|VARIABLE_SCOPE_BEGIN|[59]|fieldname|String|false|false
00:13:16.0 (88330277)|VARIABLE_ASSIGNMENT|[59]|fieldname|"Id"
00:13:16.0 (88334400)|STATEMENT_EXECUTE|[60]
00:13:16.0 (88336814)|HEAP_ALLOCATE|[60]|Bytes:1
00:13:16.0 (88350562)|HEAP_ALLOCATE|[60]|Bytes:3
00:13:16.0 (88355746)|HEAP_ALLOCATE|[60]|Bytes:3
00:13:16.0 (88361027)|VARIABLE_ASSIGNMENT|[60]|allfields|"Id,"
00:13:16.0 (88370025)|HEAP_ALLOCATE|[59]|Bytes:5
00:13:16.0 (88376317)|HEAP_ALLOCATE|[59]|Bytes:7
00:13:16.0 (88380409)|VARIABLE_SCOPE_BEGIN|[59]|fieldname|String|false|false
00:13:16.0 (88388083)|VARIABLE_ASSIGNMENT|[59]|fieldname|"OwnerId"
00:13:16.0 (88394047)|STATEMENT_EXECUTE|[60]
00:13:16.0 (88397611)|HEAP_ALLOCATE|[60]|Bytes:8
00:13:16.0 (88401621)|HEAP_ALLOCATE|[60]|Bytes:11
00:13:16.0 (88406109)|VARIABLE_ASSIGNMENT|[60]|allfields|"Id,OwnerId,"
00:13:16.0 (88413718)|HEAP_ALLOCATE|[59]|Bytes:5
00:13:16.0 (88419440)|HEAP_ALLOCATE|[59]|Bytes:9
00:13:16.0 (88427969)|VARIABLE_SCOPE_BEGIN|[59]|fieldname|String|false|false
00:13:16.0 (88435206)|VARIABLE_ASSIGNMENT|[59]|fieldname|"IsDeleted"
00:13:16.0 (88438668)|STATEMENT_EXECUTE|[60]
00:13:16.0 (88442001)|HEAP_ALLOCATE|[60]|Bytes:10
00:13:16.0 (88445886)|HEAP_ALLOCATE|[60]|Bytes:21
00:13:16.0 (88452321)|VARIABLE_ASSIGNMENT|[60]|allfields|"Id,OwnerId,IsDeleted (1 more) ..."
00:13:16.0 (88460303)|HEAP_ALLOCATE|[59]|Bytes:5
00:13:16.0 (88466393)|HEAP_ALLOCATE|[59]|Bytes:4
00:13:16.0 (88470141)|VARIABLE_SCOPE_BEGIN|[59]|fieldname|String|false|false
00:13:16.0 (88476641)|VARIABLE_ASSIGNMENT|[59]|fieldname|"Name"
00:13:16.0 (88479966)|STATEMENT_EXECUTE|[60]
00:13:16.0 (88482652)|HEAP_ALLOCATE|[60]|Bytes:5
00:13:16.0 (88486411)|HEAP_ALLOCATE|[60]|Bytes:26
00:13:16.0 (88491227)|VARIABLE_ASSIGNMENT|[60]|allfields|"Id,OwnerId,IsDeleted (6 more) ..."
00:13:16.0 (88498309)|HEAP_ALLOCATE|[59]|Bytes:5
00:13:16.0 (88503938)|HEAP_ALLOCATE|[59]|Bytes:11
00:13:16.0 (88507662)|VARIABLE_SCOPE_BEGIN|[59]|fieldname|String|false|false
00:13:16.0 (88514654)|VARIABLE_ASSIGNMENT|[59]|fieldname|"CreatedDate"
00:13:16.0 (88517834)|STATEMENT_EXECUTE|[60]
00:13:16.0 (88520358)|HEAP_ALLOCATE|[60]|Bytes:12
00:13:16.0 (88524049)|HEAP_ALLOCATE|[60]|Bytes:38
00:13:16.0 (88528894)|VARIABLE_ASSIGNMENT|[60]|allfields|"Id,OwnerId,IsDeleted (18 more) ..."
00:13:16.0 (88536178)|HEAP_ALLOCATE|[59]|Bytes:5
00:13:16.0 (88541821)|HEAP_ALLOCATE|[59]|Bytes:11
00:13:16.0 (88545412)|VARIABLE_SCOPE_BEGIN|[59]|fieldname|String|false|false
00:13:16.0 (88552095)|VARIABLE_ASSIGNMENT|[59]|fieldname|"CreatedById"
00:13:16.0 (88555252)|STATEMENT_EXECUTE|[60]
00:13:16.0 (88557781)|HEAP_ALLOCATE|[60]|Bytes:12
00:13:16.0 (88561268)|HEAP_ALLOCATE|[60]|Bytes:50
00:13:16.0 (88566412)|VARIABLE_ASSIGNMENT|[60]|allfields|"Id,OwnerId,IsDeleted (30 more) ..."
00:13:16.0 (88573101)|HEAP_ALLOCATE|[59]|Bytes:5
00:13:16.0 (88578561)|HEAP_ALLOCATE|[59]|Bytes:16
00:13:16.0 (88582267)|VARIABLE_SCOPE_BEGIN|[59]|fieldname|String|false|false
00:13:16.0 (88589123)|VARIABLE_ASSIGNMENT|[59]|fieldname|"LastModifiedDate"
00:13:16.0 (88592461)|STATEMENT_EXECUTE|[60]
00:13:16.0 (88595103)|HEAP_ALLOCATE|[60]|Bytes:17
00:13:16.0 (88598611)|HEAP_ALLOCATE|[60]|Bytes:67
00:13:16.0 (88603479)|VARIABLE_ASSIGNMENT|[60]|allfields|"Id,OwnerId,IsDeleted (47 more) ..."
00:13:16.0 (88610778)|HEAP_ALLOCATE|[59]|Bytes:5
00:13:16.0 (88616030)|HEAP_ALLOCATE|[59]|Bytes:16
00:13:16.0 (88620280)|VARIABLE_SCOPE_BEGIN|[59]|fieldname|String|false|false
00:13:16.0 (88626989)|VARIABLE_ASSIGNMENT|[59]|fieldname|"LastModifiedById"
00:13:16.0 (88630313)|STATEMENT_EXECUTE|[60]
00:13:16.0 (88632890)|HEAP_ALLOCATE|[60]|Bytes:17
00:13:16.0 (88636476)|HEAP_ALLOCATE|[60]|Bytes:84
00:13:16.0 (88641089)|VARIABLE_ASSIGNMENT|[60]|allfields|"Id,OwnerId,IsDeleted (64 more) ..."
00:13:16.0 (88647598)|HEAP_ALLOCATE|[59]|Bytes:5
00:13:16.0 (88652827)|HEAP_ALLOCATE|[59]|Bytes:14
00:13:16.0 (88656735)|VARIABLE_SCOPE_BEGIN|[59]|fieldname|String|false|false
00:13:16.0 (88663347)|VARIABLE_ASSIGNMENT|[59]|fieldname|"SystemModstamp"
00:13:16.0 (88667075)|STATEMENT_EXECUTE|[60]
00:13:16.0 (88669464)|HEAP_ALLOCATE|[60]|Bytes:15
00:13:16.0 (88673230)|HEAP_ALLOCATE|[60]|Bytes:99
00:13:16.0 (88677812)|VARIABLE_ASSIGNMENT|[60]|allfields|"Id,OwnerId,IsDeleted (79 more) ..."
00:13:16.0 (88684322)|HEAP_ALLOCATE|[59]|Bytes:5
00:13:16.0 (88690378)|HEAP_ALLOCATE|[59]|Bytes:16
00:13:16.0 (88693994)|VARIABLE_SCOPE_BEGIN|[59]|fieldname|String|false|false
00:13:16.0 (88700507)|VARIABLE_ASSIGNMENT|[59]|fieldname|"LastActivityDate"
00:13:16.0 (88703588)|STATEMENT_EXECUTE|[60]
00:13:16.0 (88706037)|HEAP_ALLOCATE|[60]|Bytes:17
00:13:16.0 (88709575)|HEAP_ALLOCATE|[60]|Bytes:116
00:13:16.0 (88714664)|VARIABLE_ASSIGNMENT|[60]|allfields|"Id,OwnerId,IsDeleted (96 more) ..."
00:13:16.0 (88721844)|HEAP_ALLOCATE|[59]|Bytes:5
00:13:16.0 (88727314)|HEAP_ALLOCATE|[59]|Bytes:14
00:13:16.0 (88730925)|VARIABLE_SCOPE_BEGIN|[59]|fieldname|String|false|false
00:13:16.0 (88737650)|VARIABLE_ASSIGNMENT|[59]|fieldname|"LastViewedDate"
00:13:16.0 (88741155)|STATEMENT_EXECUTE|[60]
00:13:16.0 (88743561)|HEAP_ALLOCATE|[60]|Bytes:15
00:13:16.0 (88747080)|HEAP_ALLOCATE|[60]|Bytes:131
00:13:16.0 (88752045)|VARIABLE_ASSIGNMENT|[60]|allfields|"Id,OwnerId,IsDeleted (111 more) ..."
00:13:16.0 (88758855)|HEAP_ALLOCATE|[59]|Bytes:5
00:13:16.0 (88764433)|HEAP_ALLOCATE|[59]|Bytes:18
00:13:16.0 (88768382)|VARIABLE_SCOPE_BEGIN|[59]|fieldname|String|false|false
00:13:16.0 (88774876)|VARIABLE_ASSIGNMENT|[59]|fieldname|"LastReferencedDate"
00:13:16.0 (88778309)|STATEMENT_EXECUTE|[60]
00:13:16.0 (88780738)|HEAP_ALLOCATE|[60]|Bytes:19
00:13:16.0 (88784420)|HEAP_ALLOCATE|[60]|Bytes:150
00:13:16.0 (88789031)|VARIABLE_ASSIGNMENT|[60]|allfields|"Id,OwnerId,IsDeleted (130 more) ..."
00:13:16.0 (88795829)|HEAP_ALLOCATE|[59]|Bytes:5
00:13:16.0 (88801126)|HEAP_ALLOCATE|[59]|Bytes:9
00:13:16.0 (88805073)|VARIABLE_SCOPE_BEGIN|[59]|fieldname|String|false|false
00:13:16.0 (88811569)|VARIABLE_ASSIGNMENT|[59]|fieldname|"Client__c"
00:13:16.0 (88814702)|STATEMENT_EXECUTE|[60]
00:13:16.0 (88817166)|HEAP_ALLOCATE|[60]|Bytes:10
00:13:16.0 (88821037)|HEAP_ALLOCATE|[60]|Bytes:160
00:13:16.0 (88825526)|VARIABLE_ASSIGNMENT|[60]|allfields|"Id,OwnerId,IsDeleted (140 more) ..."
00:13:16.0 (88832103)|HEAP_ALLOCATE|[59]|Bytes:5
00:13:16.0 (88837401)|HEAP_ALLOCATE|[59]|Bytes:15
00:13:16.0 (88841302)|VARIABLE_SCOPE_BEGIN|[59]|fieldname|String|false|false
00:13:16.0 (88848068)|VARIABLE_ASSIGNMENT|[59]|fieldname|"End_Customer__c"
00:13:16.0 (88851357)|STATEMENT_EXECUTE|[60]
00:13:16.0 (88853820)|HEAP_ALLOCATE|[60]|Bytes:16
00:13:16.0 (88857408)|HEAP_ALLOCATE|[60]|Bytes:176
00:13:16.0 (88862000)|VARIABLE_ASSIGNMENT|[60]|allfields|"Id,OwnerId,IsDeleted (156 more) ..."
00:13:16.0 (88868943)|HEAP_ALLOCATE|[59]|Bytes:5
00:13:16.0 (88874330)|HEAP_ALLOCATE|[59]|Bytes:19
00:13:16.0 (88878055)|VARIABLE_SCOPE_BEGIN|[59]|fieldname|String|false|false
00:13:16.0 (88884819)|VARIABLE_ASSIGNMENT|[59]|fieldname|"Operation_Region__c"
00:13:16.0 (88888320)|STATEMENT_EXECUTE|[60]
00:13:16.0 (88890712)|HEAP_ALLOCATE|[60]|Bytes:20
00:13:16.0 (88894376)|HEAP_ALLOCATE|[60]|Bytes:196
00:13:16.0 (88899160)|VARIABLE_ASSIGNMENT|[60]|allfields|"Id,OwnerId,IsDeleted (176 more) ..."
00:13:16.0 (88905908)|HEAP_ALLOCATE|[59]|Bytes:5
00:13:16.0 (88911453)|HEAP_ALLOCATE|[59]|Bytes:14
00:13:16.0 (88915159)|VARIABLE_SCOPE_BEGIN|[59]|fieldname|String|false|false
00:13:16.0 (88922176)|VARIABLE_ASSIGNMENT|[59]|fieldname|"Work_Region__c"
00:13:16.0 (88925253)|STATEMENT_EXECUTE|[60]
00:13:16.0 (88927727)|HEAP_ALLOCATE|[60]|Bytes:15
00:13:16.0 (88931297)|HEAP_ALLOCATE|[60]|Bytes:211
00:13:16.0 (88936179)|VARIABLE_ASSIGNMENT|[60]|allfields|"Id,OwnerId,IsDeleted (191 more) ..."
00:13:16.0 (88942991)|HEAP_ALLOCATE|[59]|Bytes:5
00:13:16.0 (88948424)|HEAP_ALLOCATE|[59]|Bytes:25
00:13:16.0 (88952168)|VARIABLE_SCOPE_BEGIN|[59]|fieldname|String|false|false
00:13:16.0 (88959268)|VARIABLE_ASSIGNMENT|[59]|fieldname|"Client_Project_Manag (5 more) ..."
00:13:16.0 (88962664)|STATEMENT_EXECUTE|[60]
00:13:16.0 (88965075)|HEAP_ALLOCATE|[60]|Bytes:26
00:13:16.0 (88968962)|HEAP_ALLOCATE|[60]|Bytes:237
00:13:16.0 (88973476)|VARIABLE_ASSIGNMENT|[60]|allfields|"Id,OwnerId,IsDeleted (217 more) ..."
00:13:16.0 (88980143)|HEAP_ALLOCATE|[59]|Bytes:5
00:13:16.0 (88985467)|HEAP_ALLOCATE|[59]|Bytes:15
00:13:16.0 (88989051)|VARIABLE_SCOPE_BEGIN|[59]|fieldname|String|false|false
00:13:16.0 (88995198)|VARIABLE_ASSIGNMENT|[59]|fieldname|"Project_code__c"
00:13:16.0 (88999117)|STATEMENT_EXECUTE|[60]
00:13:16.0 (89001676)|HEAP_ALLOCATE|[60]|Bytes:16
00:13:16.0 (89006314)|HEAP_ALLOCATE|[60]|Bytes:253
00:13:16.0 (89010772)|VARIABLE_ASSIGNMENT|[60]|allfields|"Id,OwnerId,IsDeleted (233 more) ..."
00:13:16.0 (89017354)|HEAP_ALLOCATE|[59]|Bytes:5
00:13:16.0 (89026819)|HEAP_ALLOCATE|[59]|Bytes:23
00:13:16.0 (89030784)|VARIABLE_SCOPE_BEGIN|[59]|fieldname|String|false|false
00:13:16.0 (89038679)|VARIABLE_ASSIGNMENT|[59]|fieldname|"Company_project_code (3 more) ..."
00:13:16.0 (89041896)|STATEMENT_EXECUTE|[60]
00:13:16.0 (89044678)|HEAP_ALLOCATE|[60]|Bytes:24
00:13:16.0 (89048645)|HEAP_ALLOCATE|[60]|Bytes:277
00:13:16.0 (89053118)|VARIABLE_ASSIGNMENT|[60]|allfields|"Id,OwnerId,IsDeleted (257 more) ..."
00:13:16.0 (89059787)|HEAP_ALLOCATE|[59]|Bytes:5
00:13:16.0 (89065054)|HEAP_ALLOCATE|[59]|Bytes:16
00:13:16.0 (89069109)|VARIABLE_SCOPE_BEGIN|[59]|fieldname|String|false|false
00:13:16.0 (89075581)|VARIABLE_ASSIGNMENT|[59]|fieldname|"Project_Scope__c"
00:13:16.0 (89079087)|STATEMENT_EXECUTE|[60]
00:13:16.0 (89081508)|HEAP_ALLOCATE|[60]|Bytes:17
00:13:16.0 (89085585)|HEAP_ALLOCATE|[60]|Bytes:294
00:13:16.0 (89090282)|VARIABLE_ASSIGNMENT|[60]|allfields|"Id,OwnerId,IsDeleted (274 more) ..."
00:13:16.0 (89096790)|HEAP_ALLOCATE|[59]|Bytes:5
00:13:16.0 (89102203)|HEAP_ALLOCATE|[59]|Bytes:14
00:13:16.0 (89105871)|VARIABLE_SCOPE_BEGIN|[59]|fieldname|String|false|false
00:13:16.0 (89112595)|VARIABLE_ASSIGNMENT|[59]|fieldname|"Cost_Centre__c"
00:13:16.0 (89116025)|STATEMENT_EXECUTE|[60]
00:13:16.0 (89118436)|HEAP_ALLOCATE|[60]|Bytes:15
00:13:16.0 (89122027)|HEAP_ALLOCATE|[60]|Bytes:309
00:13:16.0 (89126803)|VARIABLE_ASSIGNMENT|[60]|allfields|"Id,OwnerId,IsDeleted (289 more) ..."
00:13:16.0 (89133499)|HEAP_ALLOCATE|[59]|Bytes:5
00:13:16.0 (89139064)|HEAP_ALLOCATE|[59]|Bytes:13
00:13:16.0 (89142717)|VARIABLE_SCOPE_BEGIN|[59]|fieldname|String|false|false
00:13:16.0 (89149221)|VARIABLE_ASSIGNMENT|[59]|fieldname|"Production__c"
00:13:16.0 (89152453)|STATEMENT_EXECUTE|[60]
00:13:16.0 (89155198)|HEAP_ALLOCATE|[60]|Bytes:14
00:13:16.0 (89158839)|HEAP_ALLOCATE|[60]|Bytes:323
00:13:16.0 (89163292)|VARIABLE_ASSIGNMENT|[60]|allfields|"Id,OwnerId,IsDeleted (303 more) ..."
00:13:16.0 (89170013)|HEAP_ALLOCATE|[59]|Bytes:5
00:13:16.0 (89175698)|HEAP_ALLOCATE|[59]|Bytes:5
00:13:16.0 (89179326)|VARIABLE_SCOPE_BEGIN|[59]|fieldname|String|false|false
00:13:16.0 (89186093)|VARIABLE_ASSIGNMENT|[59]|fieldname|"QC__c"
00:13:16.0 (89189636)|STATEMENT_EXECUTE|[60]
00:13:16.0 (89192112)|HEAP_ALLOCATE|[60]|Bytes:6
00:13:16.0 (89195724)|HEAP_ALLOCATE|[60]|Bytes:329
00:13:16.0 (89200371)|VARIABLE_ASSIGNMENT|[60]|allfields|"Id,OwnerId,IsDeleted (309 more) ..."
00:13:16.0 (89207065)|HEAP_ALLOCATE|[59]|Bytes:5
00:13:16.0 (89212415)|HEAP_ALLOCATE|[59]|Bytes:11
00:13:16.0 (89216081)|VARIABLE_SCOPE_BEGIN|[59]|fieldname|String|false|false
00:13:16.0 (89222871)|VARIABLE_ASSIGNMENT|[59]|fieldname|"Delivery__c"
00:13:16.0 (89225994)|STATEMENT_EXECUTE|[60]
00:13:16.0 (89228447)|HEAP_ALLOCATE|[60]|Bytes:12
00:13:16.0 (89232382)|HEAP_ALLOCATE|[60]|Bytes:341
00:13:16.0 (89236997)|VARIABLE_ASSIGNMENT|[60]|allfields|"Id,OwnerId,IsDeleted (321 more) ..."
00:13:16.0 (89243709)|HEAP_ALLOCATE|[59]|Bytes:5
00:13:16.0 (89248845)|HEAP_ALLOCATE|[59]|Bytes:5
00:13:16.0 (89252671)|VARIABLE_SCOPE_BEGIN|[59]|fieldname|String|false|false
00:13:16.0 (89258685)|VARIABLE_ASSIGNMENT|[59]|fieldname|"QA__c"
00:13:16.0 (89261632)|STATEMENT_EXECUTE|[60]
00:13:16.0 (89264111)|HEAP_ALLOCATE|[60]|Bytes:6
00:13:16.0 (89267699)|HEAP_ALLOCATE|[60]|Bytes:347
00:13:16.0 (89272184)|VARIABLE_ASSIGNMENT|[60]|allfields|"Id,OwnerId,IsDeleted (327 more) ..."
00:13:16.0 (89278618)|HEAP_ALLOCATE|[59]|Bytes:5
00:13:16.0 (89283900)|HEAP_ALLOCATE|[59]|Bytes:25
00:13:16.0 (89287910)|VARIABLE_SCOPE_BEGIN|[59]|fieldname|String|false|false
00:13:16.0 (89295193)|VARIABLE_ASSIGNMENT|[59]|fieldname|"OffshoreProjectManag (5 more) ..."
00:13:16.0 (89298772)|STATEMENT_EXECUTE|[60]
00:13:16.0 (89301361)|HEAP_ALLOCATE|[60]|Bytes:26
00:13:16.0 (89305249)|HEAP_ALLOCATE|[60]|Bytes:373
00:13:16.0 (89309963)|VARIABLE_ASSIGNMENT|[60]|allfields|"Id,OwnerId,IsDeleted (353 more) ..."
00:13:16.0 (89316443)|HEAP_ALLOCATE|[59]|Bytes:5
00:13:16.0 (89321835)|HEAP_ALLOCATE|[59]|Bytes:12
00:13:16.0 (89325574)|VARIABLE_SCOPE_BEGIN|[59]|fieldname|String|false|false
00:13:16.0 (89331827)|VARIABLE_ASSIGNMENT|[59]|fieldname|"Team_Lead__c"
00:13:16.0 (89335013)|STATEMENT_EXECUTE|[60]
00:13:16.0 (89337456)|HEAP_ALLOCATE|[60]|Bytes:13
00:13:16.0 (89341164)|HEAP_ALLOCATE|[60]|Bytes:386
00:13:16.0 (89345504)|VARIABLE_ASSIGNMENT|[60]|allfields|"Id,OwnerId,IsDeleted (366 more) ..."
00:13:16.0 (89351830)|HEAP_ALLOCATE|[59]|Bytes:5
00:13:16.0 (89357022)|HEAP_ALLOCATE|[59]|Bytes:21
00:13:16.0 (89360967)|VARIABLE_SCOPE_BEGIN|[59]|fieldname|String|false|false
00:13:16.0 (89368080)|VARIABLE_ASSIGNMENT|[59]|fieldname|"Project_Start_Date__ (1 more) ..."
00:13:16.0 (89371636)|STATEMENT_EXECUTE|[60]
00:13:16.0 (89374087)|HEAP_ALLOCATE|[60]|Bytes:22
00:13:16.0 (89378056)|HEAP_ALLOCATE|[60]|Bytes:408
00:13:16.0 (89382950)|VARIABLE_ASSIGNMENT|[60]|allfields|"Id,OwnerId,IsDeleted (388 more) ..."
00:13:16.0 (89389521)|HEAP_ALLOCATE|[59]|Bytes:5
00:13:16.0 (89395110)|HEAP_ALLOCATE|[59]|Bytes:19
00:13:16.0 (89398828)|VARIABLE_SCOPE_BEGIN|[59]|fieldname|String|false|false
00:13:16.0 (89405678)|VARIABLE_ASSIGNMENT|[59]|fieldname|"Project_End_Date__c"
00:13:16.0 (89408791)|STATEMENT_EXECUTE|[60]
00:13:16.0 (89411223)|HEAP_ALLOCATE|[60]|Bytes:20
00:13:16.0 (89414932)|HEAP_ALLOCATE|[60]|Bytes:428
00:13:16.0 (89419692)|VARIABLE_ASSIGNMENT|[60]|allfields|"Id,OwnerId,IsDeleted (408 more) ..."
00:13:16.0 (89429820)|HEAP_ALLOCATE|[59]|Bytes:5
00:13:16.0 (89435347)|HEAP_ALLOCATE|[59]|Bytes:8
00:13:16.0 (89439345)|VARIABLE_SCOPE_BEGIN|[59]|fieldname|String|false|false
00:13:16.0 (89445881)|VARIABLE_ASSIGNMENT|[59]|fieldname|"Units__c"
00:13:16.0 (89449047)|STATEMENT_EXECUTE|[60]
00:13:16.0 (89451599)|HEAP_ALLOCATE|[60]|Bytes:9
00:13:16.0 (89455196)|HEAP_ALLOCATE|[60]|Bytes:437
00:13:16.0 (89459659)|VARIABLE_ASSIGNMENT|[60]|allfields|"Id,OwnerId,IsDeleted (417 more) ..."
00:13:16.0 (89466446)|HEAP_ALLOCATE|[59]|Bytes:5
00:13:16.0 (89471733)|HEAP_ALLOCATE|[59]|Bytes:8
00:13:16.0 (89475272)|VARIABLE_SCOPE_BEGIN|[59]|fieldname|String|false|false
00:13:16.0 (89481747)|VARIABLE_ASSIGNMENT|[59]|fieldname|"Nodes__c"
00:13:16.0 (89485026)|STATEMENT_EXECUTE|[60]
00:13:16.0 (89487435)|HEAP_ALLOCATE|[60]|Bytes:9
00:13:16.0 (89490853)|HEAP_ALLOCATE|[60]|Bytes:446
00:13:16.0 (89495523)|VARIABLE_ASSIGNMENT|[60]|allfields|"Id,OwnerId,IsDeleted (426 more) ..."
00:13:16.0 (89502306)|HEAP_ALLOCATE|[59]|Bytes:5
00:13:16.0 (89507911)|HEAP_ALLOCATE|[59]|Bytes:10
00:13:16.0 (89511495)|VARIABLE_SCOPE_BEGIN|[59]|fieldname|String|false|false
00:13:16.0 (89517945)|VARIABLE_ASSIGNMENT|[59]|fieldname|"Footage__c"
00:13:16.0 (89521106)|STATEMENT_EXECUTE|[60]
00:13:16.0 (89523584)|HEAP_ALLOCATE|[60]|Bytes:11
00:13:16.0 (89527279)|HEAP_ALLOCATE|[60]|Bytes:457
00:13:16.0 (89531679)|VARIABLE_ASSIGNMENT|[60]|allfields|"Id,OwnerId,IsDeleted (437 more) ..."
00:13:16.0 (89538514)|HEAP_ALLOCATE|[59]|Bytes:5
00:13:16.0 (89543997)|HEAP_ALLOCATE|[59]|Bytes:8
00:13:16.0 (89547667)|VARIABLE_SCOPE_BEGIN|[59]|fieldname|String|false|false
00:13:16.0 (89553973)|VARIABLE_ASSIGNMENT|[59]|fieldname|"Miles__c"
00:13:16.0 (89557301)|STATEMENT_EXECUTE|[60]
00:13:16.0 (89559704)|HEAP_ALLOCATE|[60]|Bytes:9
00:13:16.0 (89563666)|HEAP_ALLOCATE|[60]|Bytes:466
00:13:16.0 (89568205)|VARIABLE_ASSIGNMENT|[60]|allfields|"Id,OwnerId,IsDeleted (446 more) ..."
00:13:16.0 (89574815)|HEAP_ALLOCATE|[59]|Bytes:5
00:13:16.0 (89580142)|HEAP_ALLOCATE|[59]|Bytes:7
00:13:16.0 (89583706)|VARIABLE_SCOPE_BEGIN|[59]|fieldname|String|false|false
00:13:16.0 (89590339)|VARIABLE_ASSIGNMENT|[59]|fieldname|"Jobs__c"
00:13:16.0 (89593730)|STATEMENT_EXECUTE|[60]
00:13:16.0 (89596145)|HEAP_ALLOCATE|[60]|Bytes:8
00:13:16.0 (89599610)|HEAP_ALLOCATE|[60]|Bytes:474
00:13:16.0 (89604341)|VARIABLE_ASSIGNMENT|[60]|allfields|"Id,OwnerId,IsDeleted (454 more) ..."
00:13:16.0 (89610779)|HEAP_ALLOCATE|[59]|Bytes:5
00:13:16.0 (89616249)|HEAP_ALLOCATE|[59]|Bytes:8
00:13:16.0 (89620410)|VARIABLE_SCOPE_BEGIN|[59]|fieldname|String|false|false
00:13:16.0 (89626874)|VARIABLE_ASSIGNMENT|[59]|fieldname|"Hours__c"
00:13:16.0 (89629873)|STATEMENT_EXECUTE|[60]
00:13:16.0 (89632326)|HEAP_ALLOCATE|[60]|Bytes:9
00:13:16.0 (89636072)|HEAP_ALLOCATE|[60]|Bytes:483
00:13:16.0 (89640487)|VARIABLE_ASSIGNMENT|[60]|allfields|"Id,OwnerId,IsDeleted (463 more) ..."
00:13:16.0 (89646834)|HEAP_ALLOCATE|[59]|Bytes:5
00:13:16.0 (89652068)|HEAP_ALLOCATE|[59]|Bytes:7
00:13:16.0 (89655584)|VARIABLE_SCOPE_BEGIN|[59]|fieldname|String|false|false
00:13:16.0 (89661949)|VARIABLE_ASSIGNMENT|[59]|fieldname|"Team__c"
00:13:16.0 (89665076)|STATEMENT_EXECUTE|[60]
00:13:16.0 (89667477)|HEAP_ALLOCATE|[60]|Bytes:8
00:13:16.0 (89671353)|HEAP_ALLOCATE|[60]|Bytes:491
00:13:16.0 (89675893)|VARIABLE_ASSIGNMENT|[60]|allfields|"Id,OwnerId,IsDeleted (471 more) ..."
00:13:16.0 (89682586)|HEAP_ALLOCATE|[59]|Bytes:5
00:13:16.0 (89689354)|VARIABLE_ASSIGNMENT|[59]|fieldname|null
00:13:16.0 (89693367)|STATEMENT_EXECUTE|[62]
00:13:16.0 (89758571)|HEAP_ALLOCATE|[62]|Bytes:490
00:13:16.0 (89771583)|VARIABLE_ASSIGNMENT|[62]|allfields|"Id,OwnerId,IsDeleted (470 more) ..."
00:13:16.0 (89776046)|STATEMENT_EXECUTE|[64]
00:13:16.0 (89787606)|METHOD_EXIT|[16]|01p7F00000Ehro9|PM_Project_Edit_Controller.getAllFields(String)
00:13:16.0 (89794475)|HEAP_ALLOCATE|[16]|Bytes:32
00:13:16.0 (89802419)|HEAP_ALLOCATE|[16]|Bytes:529
00:13:16.0 (90337897)|SOQL_EXECUTE_BEGIN|[16]|Aggregations:0|select Id,OwnerId,IsDeleted,Name,CreatedDate,CreatedById,LastModifiedDate,LastModifiedById,SystemModstamp,LastActivityDate,LastViewedDate,LastReferencedDate,Client__c,End_Customer__c,Operation_Region__c,Work_Region__c,Client_Project_Manager__c,Project_code__c,Company_project_code__c,Project_Scope__c,Cost_Centre__c,Production__c,QC__c,Delivery__c,QA__c,OffshoreProjectManager__c,Team_Lead__c,Project_Start_Date__c,Project_End_Date__c,Units__c,Nodes__c,Footage__c,Miles__c,Jobs__c,Hours__c,Team__c from Project__c where Id = :pid
00:13:16.0 (94735969)|SOQL_EXECUTE_END|[16]|Rows:1
00:13:16.0 (94757929)|HEAP_ALLOCATE|[16]|Bytes:8
00:13:16.0 (94789297)|HEAP_ALLOCATE|[16]|Bytes:996
00:13:16.0 (94847280)|HEAP_ALLOCATE|[16]|Bytes:8
00:13:16.0 (94864418)|HEAP_ALLOCATE|[16]|Bytes:36
00:13:16.0 (94900082)|HEAP_ALLOCATE|[16]|Bytes:140
00:13:16.0 (94959329)|VARIABLE_ASSIGNMENT|[EXTERNAL]|this|{"mysObject":"0x796da597","nonSelectedUserId":"(","usersList":"0x6e013c2c"}|0x786472cb
00:13:16.0 (95041624)|VARIABLE_ASSIGNMENT|[EXTERNAL]|value|{"Id":"a057F000002dVv5QAE","OwnerId":"0057F000000Tiz6QAC","IsDeleted":false,"Name":"tm Test","CreatedDate":"2017-12-19T10:53:33.000Z","CreatedById":"0057F000000Tiz6QAC","LastModifiedDate":"2017-12-19T11:16:32.000Z","LastModifiedById":"0057F000000Tiz6QAC","SystemModstamp":"2018-01-18T18:41:12.000Z","LastViewedDate":"2018-01-22T07:56:51.000Z","LastReferencedDate":"2018-01-22T07:56:51.000Z","Client__c":"a047F000002zkUjQAI","End_Customer__c":"tm Test","Operation_Region__c":"tm Test","Work_Region__c":"tm Test","Client_Project_Manag (5 more) ...":"tm Test","Project_code__c":"tm Test","Company_project_code (3 more) ...":"321","Project_Scope__c":"DESIGNING","Production__c":50,"QC__c":20,"Delivery__c":10,"QA__c":20,"OffshoreProjectManag (5 more) ...":"0057F000000TpcqQAC","Team_Lead__c":"0057F000000TyzfQAC","Project_Start_Date__ (1 more) ...":"2017-12-19T00:00:00.000Z","Project_End_Date__c":"2017-12-19T00:00:00.000Z","Units__c":true,"Nodes__c":true,"Footage__c":false,"Miles__c":false,"Jobs__c":false,"Hours__c":false,"Team__c":"Mani Sasank, Santhos (30 more) ..."}|0x23c50693
00:13:16.0 (95102437)|VARIABLE_ASSIGNMENT|[3]|this.mysObject|{"Id":"a057F000002dVv5QAE","OwnerId":"0057F000000Tiz6QAC","IsDeleted":false,"Name":"tm Test","CreatedDate":"2017-12-19T10:53:33.000Z","CreatedById":"0057F000000Tiz6QAC","LastModifiedDate":"2017-12-19T11:16:32.000Z","LastModifiedById":"0057F000000Tiz6QAC","SystemModstamp":"2018-01-18T18:41:12.000Z","LastViewedDate":"2018-01-22T07:56:51.000Z","LastReferencedDate":"2018-01-22T07:56:51.000Z","Client__c":"a047F000002zkUjQAI","End_Customer__c":"tm Test","Operation_Region__c":"tm Test","Work_Region__c":"tm Test","Client_Project_Manag (5 more) ...":"tm Test","Project_code__c":"tm Test","Company_project_code (3 more) ...":"321","Project_Scope__c":"DESIGNING","Production__c":50,"QC__c":20,"Delivery__c":10,"QA__c":20,"OffshoreProjectManag (5 more) ...":"0057F000000TpcqQAC","Team_Lead__c":"0057F000000TyzfQAC","Project_Start_Date__ (1 more) ...":"2017-12-19T00:00:00.000Z","Project_End_Date__c":"2017-12-19T00:00:00.000Z","Units__c":true,"Nodes__c":true,"Footage__c":false,"Miles__c":false,"Jobs__c":false,"Hours__c":false,"Team__c":"Mani Sasank, Santhos (30 more) ..."}|0x786472cb
00:13:16.0 (95126994)|STATEMENT_EXECUTE|[17]
00:13:16.0 (95187879)|VARIABLE_ASSIGNMENT|[EXTERNAL]|this|{"mysObject":"0x23c50693","nonSelectedUserId":"(","usersList":"0x6e013c2c"}|0x786472cb
00:13:16.0 (95261224)|VARIABLE_ASSIGNMENT|[EXTERNAL]|this|{"mysObject":"0x23c50693","nonSelectedUserId":"(","usersList":"0x6e013c2c"}|0x786472cb
00:13:16.0 (95270855)|VARIABLE_ASSIGNMENT|[EXTERNAL]|value|"tm Test"
00:13:16.0 (95279771)|VARIABLE_ASSIGNMENT|[4]|this.pName|"tm Test"|0x786472cb
00:13:16.0 (95287860)|STATEMENT_EXECUTE|[19]
00:13:16.0 (95291690)|HEAP_ALLOCATE|[19]|Bytes:86
00:13:16.0 (95310120)|HEAP_ALLOCATE|[19]|Bytes:4
00:13:16.0 (95320485)|HEAP_ALLOCATE|[19]|Bytes:7
00:13:16.0 (95572514)|SOQL_EXECUTE_BEGIN|[19]|Aggregations:0|SELECT Name, UserLink__c FROM ProjectJobAssociation__c WHERE ProjectLink__c = :tmpVar1
00:13:16.0 (98247503)|SOQL_EXECUTE_END|[19]|Rows:5
00:13:16.0 (98266412)|HEAP_ALLOCATE|[19]|Bytes:24
00:13:16.0 (98286841)|HEAP_ALLOCATE|[19]|Bytes:380
00:13:16.0 (98346263)|HEAP_ALLOCATE|[19]|Bytes:24
00:13:16.0 (98360390)|VARIABLE_SCOPE_BEGIN|[19]|pja|List<ProjectJobAssociation__c>|true|false
00:13:16.0 (98390159)|VARIABLE_ASSIGNMENT|[19]|pja|[{"Name":"A-0002","UserLink__c":"0057F000000TpdFQAS","Id":"a087F000009HOLTQA4"},{"Name":"A-0003","UserLink__c":"0057F000000TrBBQA0","Id":"a087F000009HOLUQA4"},{"Name":"A-0004","UserLink__c":"0057F000000TrBGQA0","Id":"a087F000009HOLVQA4"},{"Name":"A-0005","UserLink__c":"0057F000000TrBVQA0","Id":"a087F000009HOLWQA4"},{"Name":"A-0006","UserLink__c":"0057F000000Tz0iQAC","Id":"a087F000009HOLXQA4"}]|0x101f0b9d
00:13:16.0 (98401249)|STATEMENT_EXECUTE|[20]
00:13:16.0 (98413845)|HEAP_ALLOCATE|[20]|Bytes:4
00:13:16.0 (98489582)|VARIABLE_ASSIGNMENT|[EXTERNAL]|this|{"mysObject":"0x23c50693","nonSelectedUserId":"(","pName":"tm Test","usersList":"0x6e013c2c"}|0x786472cb
00:13:16.0 (98515476)|HEAP_ALLOCATE|[EXTERNAL]|Bytes:4
00:13:16.0 (98523099)|VARIABLE_ASSIGNMENT|[EXTERNAL]|value|[]|0x61189ab3
00:13:16.0 (98535060)|VARIABLE_ASSIGNMENT|[6]|this.selectedUsers|[]|0x786472cb
00:13:16.0 (98671739)|HEAP_ALLOCATE|[21]|Bytes:5
00:13:16.0 (98689433)|HEAP_ALLOCATE|[21]|Bytes:16
00:13:16.0 (98698003)|VARIABLE_SCOPE_BEGIN|[21]|spja|ProjectJobAssociation__c|true|false
00:13:16.0 (98712849)|VARIABLE_ASSIGNMENT|[21]|spja|{"Name":"A-0002","UserLink__c":"0057F000000TpdFQAS","Id":"a087F000009HOLTQA4"}|0x56b73453
00:13:16.0 (98719132)|STATEMENT_EXECUTE|[21]
00:13:16.0 (98720539)|STATEMENT_EXECUTE|[22]
00:13:16.0 (98723653)|HEAP_ALLOCATE|[22]|Bytes:45
00:13:16.0 (98735410)|HEAP_ALLOCATE|[22]|Bytes:4
00:13:16.0 (98917380)|SOQL_EXECUTE_BEGIN|[22]|Aggregations:0|SELECT Id, Name FROM User WHERE Id = :tmpVar1
00:13:16.0 (134132123)|SOQL_EXECUTE_END|[22]|Rows:1
00:13:16.0 (134151254)|HEAP_ALLOCATE|[22]|Bytes:8
00:13:16.0 (134164458)|HEAP_ALLOCATE|[22]|Bytes:48
00:13:16.0 (134225190)|HEAP_ALLOCATE|[22]|Bytes:8
00:13:16.0 (134238518)|HEAP_ALLOCATE|[22]|Bytes:30
00:13:16.0 (134266728)|HEAP_ALLOCATE|[22]|Bytes:12
00:13:16.0 (134274387)|VARIABLE_SCOPE_BEGIN|[22]|user1|User|true|false
00:13:16.0 (134291888)|VARIABLE_ASSIGNMENT|[22]|user1|{"Id":"0057F000000TpdFQAS","Name":"Mani Sasank"}|0x62c31ba4
00:13:16.0 (134298459)|STATEMENT_EXECUTE|[23]
00:13:16.0 (134304339)|HEAP_ALLOCATE|[23]|Bytes:1
00:13:16.0 (134383522)|HEAP_ALLOCATE|[23]|Bytes:18
00:13:16.0 (134397569)|HEAP_ALLOCATE|[23]|Bytes:2
00:13:16.0 (134404417)|HEAP_ALLOCATE|[23]|Bytes:21
00:13:16.0 (134409393)|HEAP_ALLOCATE|[23]|Bytes:22
00:13:16.0 (134422720)|VARIABLE_ASSIGNMENT|[23]|this.nonSelectedUserId|"('0057F000000TpdFQAS (2 more) ..."|0x786472cb
00:13:16.0 (134428650)|STATEMENT_EXECUTE|[24]
00:13:16.0 (134496129)|VARIABLE_ASSIGNMENT|[EXTERNAL]|this|{"mysObject":"0x23c50693","nonSelectedUserId":"('0057F000000TpdFQAS (2 more) ...","pName":"tm Test","selectedUsers":"0x61189ab3","usersList":"0x6e013c2c"}|0x786472cb
00:13:16.0 (134532107)|HEAP_ALLOCATE|[24]|Bytes:18
00:13:16.0 (134584648)|HEAP_ALLOCATE|[EXTERNAL]|Bytes:4
00:13:16.0 (134603130)|HEAP_ALLOCATE|[21]|Bytes:5
00:13:16.0 (134616066)|HEAP_ALLOCATE|[21]|Bytes:16
00:13:16.0 (134624106)|VARIABLE_SCOPE_BEGIN|[21]|spja|ProjectJobAssociation__c|true|false
00:13:16.0 (134639273)|VARIABLE_ASSIGNMENT|[21]|spja|{"Name":"A-0003","UserLink__c":"0057F000000TrBBQA0","Id":"a087F000009HOLUQA4"}|0xdf35e9a
00:13:16.0 (134644686)|STATEMENT_EXECUTE|[21]
00:13:16.0 (134645989)|STATEMENT_EXECUTE|[22]
00:13:16.0 (134656951)|HEAP_ALLOCATE|[22]|Bytes:4
00:13:16.0 (134801432)|SOQL_EXECUTE_BEGIN|[22]|Aggregations:0|SELECT Id, Name FROM User WHERE Id = :tmpVar1
00:13:16.0 (137732223)|SOQL_EXECUTE_END|[22]|Rows:1
00:13:16.0 (137750177)|HEAP_ALLOCATE|[22]|Bytes:8
00:13:16.0 (137763028)|HEAP_ALLOCATE|[22]|Bytes:45
00:13:16.0 (137792467)|HEAP_ALLOCATE|[22]|Bytes:8
00:13:16.0 (137810293)|HEAP_ALLOCATE|[22]|Bytes:12
00:13:16.0 (137817719)|VARIABLE_SCOPE_BEGIN|[22]|user1|User|true|false
00:13:16.0 (137835054)|VARIABLE_ASSIGNMENT|[22]|user1|{"Id":"0057F000000TrBBQA0","Name":"Santhosh"}|0x6666b107
00:13:16.0 (137841118)|STATEMENT_EXECUTE|[23]
00:13:16.0 (137866814)|HEAP_ALLOCATE|[23]|Bytes:18
00:13:16.0 (137880044)|HEAP_ALLOCATE|[23]|Bytes:21
00:13:16.0 (137884879)|HEAP_ALLOCATE|[23]|Bytes:43
00:13:16.0 (137896514)|VARIABLE_ASSIGNMENT|[23]|this.nonSelectedUserId|"('0057F000000TpdFQAS (23 more) ..."|0x786472cb
00:13:16.0 (137902056)|STATEMENT_EXECUTE|[24]
00:13:16.0 (137931047)|VARIABLE_ASSIGNMENT|[EXTERNAL]|this|{"mysObject":"0x23c50693","nonSelectedUserId":"('0057F000000TpdFQAS (23 more) ...","pName":"tm Test","selectedUsers":"0x61189ab3","usersList":"0x6e013c2c"}|0x786472cb
00:13:16.0 (137949935)|HEAP_ALLOCATE|[24]|Bytes:18
00:13:16.0 (137967083)|HEAP_ALLOCATE|[EXTERNAL]|Bytes:4
00:13:16.0 (137981945)|HEAP_ALLOCATE|[21]|Bytes:5
00:13:16.0 (137994587)|HEAP_ALLOCATE|[21]|Bytes:16
00:13:16.0 (138002150)|VARIABLE_SCOPE_BEGIN|[21]|spja|ProjectJobAssociation__c|true|false
00:13:16.0 (138016770)|VARIABLE_ASSIGNMENT|[21]|spja|{"Name":"A-0004","UserLink__c":"0057F000000TrBGQA0","Id":"a087F000009HOLVQA4"}|0x483ad1a8
00:13:16.0 (138022908)|STATEMENT_EXECUTE|[21]
00:13:16.0 (138024108)|STATEMENT_EXECUTE|[22]
00:13:16.0 (138034190)|HEAP_ALLOCATE|[22]|Bytes:4
00:13:16.0 (138170547)|SOQL_EXECUTE_BEGIN|[22]|Aggregations:0|SELECT Id, Name FROM User WHERE Id = :tmpVar1
00:13:16.0 (140781474)|SOQL_EXECUTE_END|[22]|Rows:1
00:13:16.0 (140799111)|HEAP_ALLOCATE|[22]|Bytes:8
00:13:16.0 (140811246)|HEAP_ALLOCATE|[22]|Bytes:46
00:13:16.0 (140841519)|HEAP_ALLOCATE|[22]|Bytes:8
00:13:16.0 (140858723)|HEAP_ALLOCATE|[22]|Bytes:12
00:13:16.0 (140865952)|VARIABLE_SCOPE_BEGIN|[22]|user1|User|true|false
00:13:16.0 (140882970)|VARIABLE_ASSIGNMENT|[22]|user1|{"Id":"0057F000000TrBGQA0","Name":"Ravi teja"}|0x12d791a9
00:13:16.0 (140888677)|STATEMENT_EXECUTE|[23]
00:13:16.0 (140914107)|HEAP_ALLOCATE|[23]|Bytes:18
00:13:16.0 (140926827)|HEAP_ALLOCATE|[23]|Bytes:21
00:13:16.0 (140931689)|HEAP_ALLOCATE|[23]|Bytes:64
00:13:16.0 (140943552)|VARIABLE_ASSIGNMENT|[23]|this.nonSelectedUserId|"('0057F000000TpdFQAS (44 more) ..."|0x786472cb
00:13:16.0 (140948805)|STATEMENT_EXECUTE|[24]
00:13:16.0 (140978221)|VARIABLE_ASSIGNMENT|[EXTERNAL]|this|{"mysObject":"0x23c50693","nonSelectedUserId":"('0057F000000TpdFQAS (44 more) ...","pName":"tm Test","selectedUsers":"0x61189ab3","usersList":"0x6e013c2c"}|0x786472cb
00:13:16.0 (140997794)|HEAP_ALLOCATE|[24]|Bytes:18
00:13:16.0 (141014451)|HEAP_ALLOCATE|[EXTERNAL]|Bytes:4
00:13:16.0 (141030412)|HEAP_ALLOCATE|[21]|Bytes:5
00:13:16.0 (141043021)|HEAP_ALLOCATE|[21]|Bytes:16
00:13:16.0 (141050383)|VARIABLE_SCOPE_BEGIN|[21]|spja|ProjectJobAssociation__c|true|false
00:13:16.0 (141064718)|VARIABLE_ASSIGNMENT|[21]|spja|{"Name":"A-0005","UserLink__c":"0057F000000TrBVQA0","Id":"a087F000009HOLWQA4"}|0x2dadc2c7
00:13:16.0 (141070446)|STATEMENT_EXECUTE|[21]
00:13:16.0 (141071694)|STATEMENT_EXECUTE|[22]
00:13:16.0 (141081951)|HEAP_ALLOCATE|[22]|Bytes:4
00:13:16.0 (141217147)|SOQL_EXECUTE_BEGIN|[22]|Aggregations:0|SELECT Id, Name FROM User WHERE Id = :tmpVar1
00:13:16.0 (143771918)|SOQL_EXECUTE_END|[22]|Rows:1
00:13:16.0 (143788683)|HEAP_ALLOCATE|[22]|Bytes:8
00:13:16.0 (143801301)|HEAP_ALLOCATE|[22]|Bytes:46
00:13:16.0 (143835006)|HEAP_ALLOCATE|[22]|Bytes:8
00:13:16.0 (143853243)|HEAP_ALLOCATE|[22]|Bytes:12
00:13:16.0 (143862173)|VARIABLE_SCOPE_BEGIN|[22]|user1|User|true|false
00:13:16.0 (143879671)|VARIABLE_ASSIGNMENT|[22]|user1|{"Id":"0057F000000TrBVQA0","Name":"Yashwanth"}|0x7fda2312
00:13:16.0 (143885269)|STATEMENT_EXECUTE|[23]
00:13:16.0 (143911834)|HEAP_ALLOCATE|[23]|Bytes:18
00:13:16.0 (143924442)|HEAP_ALLOCATE|[23]|Bytes:21
00:13:16.0 (143929112)|HEAP_ALLOCATE|[23]|Bytes:85
00:13:16.0 (143940118)|VARIABLE_ASSIGNMENT|[23]|this.nonSelectedUserId|"('0057F000000TpdFQAS (65 more) ..."|0x786472cb
00:13:16.0 (143945031)|STATEMENT_EXECUTE|[24]
00:13:16.0 (143974505)|VARIABLE_ASSIGNMENT|[EXTERNAL]|this|{"mysObject":"0x23c50693","nonSelectedUserId":"('0057F000000TpdFQAS (65 more) ...","pName":"tm Test","selectedUsers":"0x61189ab3","usersList":"0x6e013c2c"}|0x786472cb
00:13:16.0 (143993240)|HEAP_ALLOCATE|[24]|Bytes:18
00:13:16.0 (144009627)|HEAP_ALLOCATE|[EXTERNAL]|Bytes:4
00:13:16.0 (144025779)|HEAP_ALLOCATE|[21]|Bytes:5
00:13:16.0 (144037960)|HEAP_ALLOCATE|[21]|Bytes:16
00:13:16.0 (144045088)|VARIABLE_SCOPE_BEGIN|[21]|spja|ProjectJobAssociation__c|true|false
00:13:16.0 (144059686)|VARIABLE_ASSIGNMENT|[21]|spja|{"Name":"A-0006","UserLink__c":"0057F000000Tz0iQAC","Id":"a087F000009HOLXQA4"}|0x42d76e8d
00:13:16.0 (144065395)|STATEMENT_EXECUTE|[21]
00:13:16.0 (144066625)|STATEMENT_EXECUTE|[22]
00:13:16.0 (144077256)|HEAP_ALLOCATE|[22]|Bytes:4
00:13:16.0 (144215219)|SOQL_EXECUTE_BEGIN|[22]|Aggregations:0|SELECT Id, Name FROM User WHERE Id = :tmpVar1
00:13:16.0 (146716845)|SOQL_EXECUTE_END|[22]|Rows:1
00:13:16.0 (146734594)|HEAP_ALLOCATE|[22]|Bytes:8
00:13:16.0 (146746659)|HEAP_ALLOCATE|[22]|Bytes:42
00:13:16.0 (146777727)|HEAP_ALLOCATE|[22]|Bytes:8
00:13:16.0 (146795277)|HEAP_ALLOCATE|[22]|Bytes:12
00:13:16.0 (146802577)|VARIABLE_SCOPE_BEGIN|[22]|user1|User|true|false
00:13:16.0 (146819932)|VARIABLE_ASSIGNMENT|[22]|user1|{"Id":"0057F000000Tz0iQAC","Name":"Richa"}|0x28d0a916
00:13:16.0 (146825550)|STATEMENT_EXECUTE|[23]
00:13:16.0 (146851739)|HEAP_ALLOCATE|[23]|Bytes:18
00:13:16.0 (146864342)|HEAP_ALLOCATE|[23]|Bytes:21
00:13:16.0 (146869330)|HEAP_ALLOCATE|[23]|Bytes:106
00:13:16.0 (146881062)|VARIABLE_ASSIGNMENT|[23]|this.nonSelectedUserId|"('0057F000000TpdFQAS (86 more) ..."|0x786472cb
00:13:16.0 (146886163)|STATEMENT_EXECUTE|[24]
00:13:16.0 (146916304)|VARIABLE_ASSIGNMENT|[EXTERNAL]|this|{"mysObject":"0x23c50693","nonSelectedUserId":"('0057F000000TpdFQAS (86 more) ...","pName":"tm Test","selectedUsers":"0x61189ab3","usersList":"0x6e013c2c"}|0x786472cb
00:13:16.0 (146936029)|HEAP_ALLOCATE|[24]|Bytes:18
00:13:16.0 (146955994)|HEAP_ALLOCATE|[EXTERNAL]|Bytes:4
00:13:16.0 (146971103)|HEAP_ALLOCATE|[21]|Bytes:5
00:13:16.0 (146984155)|VARIABLE_ASSIGNMENT|[21]|spja|null|
00:13:16.0 (146989569)|STATEMENT_EXECUTE|[26]
00:13:16.0 (147046723)|HEAP_ALLOCATE|[26]|Bytes:105
00:13:16.0 (147063744)|VARIABLE_ASSIGNMENT|[26]|this.nonSelectedUserId|"('0057F000000TpdFQAS (85 more) ..."|0x786472cb
00:13:16.0 (147069363)|STATEMENT_EXECUTE|[27]
00:13:16.0 (147073223)|HEAP_ALLOCATE|[27]|Bytes:1
00:13:16.0 (147079183)|HEAP_ALLOCATE|[27]|Bytes:106
00:13:16.0 (147085748)|VARIABLE_ASSIGNMENT|[27]|this.nonSelectedUserId|"('0057F000000TpdFQAS (86 more) ..."|0x786472cb
00:13:16.0 (147094834)|SYSTEM_MODE_EXIT|false
00:13:16.0 (147204838)|SYSTEM_MODE_ENTER|true
00:13:16.0 (160197148)|SYSTEM_MODE_ENTER|true
00:13:16.0 (160266677)|HEAP_ALLOCATE|[EXTERNAL]|Bytes:164
00:13:16.0 (160280385)|HEAP_ALLOCATE|[EXTERNAL]|Bytes:12
00:13:16.0 (160291643)|METHOD_ENTRY|[5]|01p7F00000Ehg8E|MultiselectController.MultiselectController()
00:13:16.0 (160297724)|STATEMENT_EXECUTE|[5]
00:13:16.0 (160302354)|STATEMENT_EXECUTE|[5]
00:13:16.0 (160312925)|SYSTEM_MODE_ENTER|false
00:13:16.0 (160320817)|HEAP_ALLOCATE|[EXTERNAL]|Bytes:5
00:13:16.0 (160328847)|SYSTEM_MODE_EXIT|false
00:13:16.0 (160336771)|METHOD_EXIT|[5]|MultiselectController
00:13:16.0 (160355785)|HEAP_ALLOCATE|[EXTERNAL]|Bytes:20
00:13:16.0 (160364148)|VARIABLE_SCOPE_BEGIN|[5]|this|MultiselectController|true|false
00:13:16.0 (160412988)|VARIABLE_ASSIGNMENT|[5]|this|{}|0x7d1caaca
00:13:16.0 (160430989)|SYSTEM_MODE_ENTER|false
00:13:16.0 (160436407)|HEAP_ALLOCATE|[EXTERNAL]|Bytes:5
00:13:16.0 (160459462)|SYSTEM_MODE_EXIT|false
00:13:16.0 (160463676)|STATEMENT_EXECUTE|[5]
00:13:16.0 (160469916)|SYSTEM_MODE_ENTER|false
00:13:16.0 (160473573)|HEAP_ALLOCATE|[EXTERNAL]|Bytes:5
00:13:16.0 (160476823)|STATEMENT_EXECUTE|[7]
00:13:16.0 (160477955)|STATEMENT_EXECUTE|[8]
00:13:16.0 (160478979)|STATEMENT_EXECUTE|[23]
00:13:16.0 (160480040)|STATEMENT_EXECUTE|[31]
00:13:16.0 (160481677)|SYSTEM_MODE_EXIT|false
00:13:16.0 (160630912)|SYSTEM_MODE_ENTER|true
00:13:16.0 (160670067)|HEAP_ALLOCATE|[EXTERNAL]|Bytes:24
00:13:16.0 (160769629)|VARIABLE_SCOPE_BEGIN|[30]|this|PM_Project_Edit_Controller|true|false
00:13:16.0 (160809180)|VARIABLE_ASSIGNMENT|[30]|this|{"mysObject":"0x23c50693","nonSelectedUserId":"('0057F000000TpdFQAS (86 more) ...","pName":"tm Test","selectedUsers":"0x61189ab3","usersList":"0x6e013c2c"}|0x786472cb
00:13:16.0 (160831187)|SYSTEM_MODE_ENTER|false
00:13:16.0 (160838035)|HEAP_ALLOCATE|[31]|Bytes:5
00:13:16.0 (160843082)|STATEMENT_EXECUTE|[30]
00:13:16.0 (160844395)|STATEMENT_EXECUTE|[31]
00:13:16.0 (160847989)|HEAP_ALLOCATE|[31]|Bytes:62
00:13:16.0 (160863664)|HEAP_ALLOCATE|[31]|Bytes:4
00:13:16.0 (161050860)|SOQL_EXECUTE_BEGIN|[31]|Aggregations:0|SELECT Id, Name FROM UserRole WHERE Name = 'Software Engineer'
00:13:16.0 (164579049)|SOQL_EXECUTE_END|[31]|Rows:1
00:13:16.0 (164600296)|HEAP_ALLOCATE|[31]|Bytes:8
00:13:16.0 (164615558)|HEAP_ALLOCATE|[31]|Bytes:54
00:13:16.0 (164686382)|HEAP_ALLOCATE|[31]|Bytes:8
00:13:16.0 (164700313)|HEAP_ALLOCATE|[31]|Bytes:34
00:13:16.0 (164743844)|HEAP_ALLOCATE|[31]|Bytes:12
00:13:16.0 (164751273)|VARIABLE_SCOPE_BEGIN|[31]|userRole|UserRole|true|false
00:13:16.0 (164774500)|VARIABLE_ASSIGNMENT|[31]|userRole|{"Id":"00E7F000000MdriUAC","Name":"Software Engineer"}|0x7873811c
00:13:16.0 (164780926)|STATEMENT_EXECUTE|[32]
00:13:16.0 (164807434)|VARIABLE_SCOPE_BEGIN|[32]|userRoleId|Id|false|false
00:13:16.0 (164929899)|VARIABLE_ASSIGNMENT|[32]|userRoleId|"00E7F000000MdriUAC"
00:13:16.0 (164936623)|STATEMENT_EXECUTE|[33]
00:13:16.0 (164940797)|HEAP_ALLOCATE|[33]|Bytes:70
00:13:16.0 (164955423)|HEAP_ALLOCATE|[33]|Bytes:176
00:13:16.0 (165187641)|SOQL_EXECUTE_BEGIN|[33]|Aggregations:0|select Id,Name from User where UserRoleId =: userRoleId and Id not in ('0057F000000TpdFQAS','0057F000000TrBBQA0','0057F000000TrBGQA0','0057F000000TrBVQA0','0057F000000Tz0iQAC')
00:13:16.0 (173869102)|SOQL_EXECUTE_END|[33]|Rows:1
00:13:16.0 (173890728)|HEAP_ALLOCATE|[33]|Bytes:8
00:13:16.0 (173907357)|HEAP_ALLOCATE|[33]|Bytes:44
00:13:16.0 (173942527)|HEAP_ALLOCATE|[33]|Bytes:8
00:13:16.0 (173968207)|VARIABLE_SCOPE_BEGIN|[33]|users|List<User>|true|false
00:13:16.0 (174000133)|VARIABLE_ASSIGNMENT|[33]|users|[{"Id":"0057F000000Tz0sQAC","Name":"Veeresh"}]|0x661aa69
00:13:16.0 (174155636)|HEAP_ALLOCATE|[34]|Bytes:5
00:13:16.0 (174173009)|HEAP_ALLOCATE|[34]|Bytes:12
00:13:16.0 (174182016)|VARIABLE_SCOPE_BEGIN|[34]|usr|User|true|false
00:13:16.0 (174196516)|VARIABLE_ASSIGNMENT|[34]|usr|{"Id":"0057F000000Tz0sQAC","Name":"Veeresh"}|0x28b781aa
00:13:16.0 (174202807)|STATEMENT_EXECUTE|[34]
00:13:16.0 (174204526)|STATEMENT_EXECUTE|[35]
00:13:16.0 (174230076)|HEAP_ALLOCATE|[35]|Bytes:18
00:13:16.0 (174303659)|HEAP_ALLOCATE|[EXTERNAL]|Bytes:4
00:13:16.0 (174322163)|HEAP_ALLOCATE|[34]|Bytes:5
00:13:16.0 (174334000)|VARIABLE_ASSIGNMENT|[34]|usr|null|
00:13:16.0 (174339419)|STATEMENT_EXECUTE|[37]
00:13:16.0 (174348068)|SYSTEM_MODE_EXIT|false
00:13:16.0 (174480392)|SYSTEM_MODE_ENTER|true
00:13:16.0 (174541042)|HEAP_ALLOCATE|[EXTERNAL]|Bytes:8
00:13:16.0 (174547686)|HEAP_ALLOCATE|[EXTERNAL]|Bytes:20
00:13:16.0 (174698153)|VARIABLE_ASSIGNMENT|[EXTERNAL]|this.leftOptions|"common.apex.runtime.impl.ScalarList@90f52802"|0x7d1caaca
00:13:16.0 (174816219)|SYSTEM_MODE_ENTER|true
00:13:16.0 (174897105)|SYSTEM_MODE_ENTER|true
00:13:16.0 (174948147)|HEAP_ALLOCATE|[EXTERNAL]|Bytes:24
00:13:16.0 (174953766)|HEAP_ALLOCATE|[EXTERNAL]|Bytes:20
00:13:16.0 (175025659)|VARIABLE_ASSIGNMENT|[EXTERNAL]|this.rightOptions|"common.apex.runtime.impl.ScalarList@1977c2b2"|0x7d1caaca
00:13:16.0 (175168155)|SYSTEM_MODE_ENTER|true
00:13:16.0 (175385973)|SYSTEM_MODE_ENTER|true
00:13:16.0 (196106580)|SYSTEM_MODE_ENTER|true
00:13:16.0 (196167746)|HEAP_ALLOCATE|[EXTERNAL]|Bytes:8
00:13:16.0 (196177481)|HEAP_ALLOCATE|[EXTERNAL]|Bytes:20
00:13:16.0 (196367340)|VARIABLE_ASSIGNMENT|[EXTERNAL]|this.leftOptions|"common.apex.runtime.impl.ScalarList@90f52802"|0x7d1caaca
00:13:16.0 (196492231)|SYSTEM_MODE_ENTER|true
00:13:16.0 (196533868)|HEAP_ALLOCATE|[EXTERNAL]|Bytes:24
00:13:16.0 (196539128)|HEAP_ALLOCATE|[EXTERNAL]|Bytes:20
00:13:16.0 (196613577)|VARIABLE_ASSIGNMENT|[EXTERNAL]|this.rightOptions|"common.apex.runtime.impl.ScalarList@1977c2b2"|0x7d1caaca
00:13:16.0 (197251500)|SYSTEM_MODE_ENTER|true
00:13:16.0 (200257952)|SYSTEM_MODE_ENTER|true
00:13:16.0 (201137322)|SYSTEM_MODE_ENTER|true
00:13:16.0 (201228441)|SYSTEM_MODE_ENTER|true
00:13:16.0 (206901212)|VF_SERIALIZE_VIEWSTATE_BEGIN|0667F000004uRC1
00:13:16.0 (210550054)|VF_SERIALIZE_VIEWSTATE_END
00:13:16.212 (212918297)|CUMULATIVE_LIMIT_USAGE
00:13:16.212 (212918297)|LIMIT_USAGE_FOR_NS|(default)|
  Number of SOQL queries: 9 out of 100
  Number of query rows: 13 out of 50000
  Number of SOSL queries: 0 out of 20
  Number of DML statements: 0 out of 150
  Number of DML rows: 0 out of 10000
  Maximum CPU time: 0 out of 10000
  Maximum heap size: 0 out of 6000000
  Number of callouts: 0 out of 100
  Number of Email Invocations: 0 out of 10
  Number of future calls: 0 out of 50
  Number of queueable jobs added to the queue: 0 out of 50
  Number of Mobile Apex push calls: 0 out of 10

00:13:16.212 (212918297)|CUMULATIVE_LIMIT_USAGE_END

00:13:16.0 (212969055)|CODE_UNIT_FINISHED|VF: /apex/PM_Project_Edit
00:13:16.0 (213850898)|EXECUTION_FINISHED
