41.0 APEX_CODE,FINEST;APEX_PROFILING,INFO;CALLOUT,INFO;DB,INFO;SYSTEM,DEBUG;VALIDATION,INFO;VISUALFORCE,INFO;WAVE,INFO;WORKFLOW,INFO
07:37:40.0 (302295)|USER_INFO|[EXTERNAL]|0057F000000Tiz6|ksb994@salesforce.com|Pacific Standard Time|GMT-08:00
07:37:40.0 (329939)|EXECUTION_STARTED
07:37:40.0 (333033)|CODE_UNIT_STARTED|[EXTERNAL]|0667F000004uMWq|VF: /apex/ProjectPage
07:37:40.0 (6736519)|SYSTEM_MODE_ENTER|true
07:37:40.0 (7011064)|HEAP_ALLOCATE|[72]|Bytes:3
07:37:40.0 (7044326)|HEAP_ALLOCATE|[77]|Bytes:152
07:37:40.0 (7058010)|HEAP_ALLOCATE|[342]|Bytes:408
07:37:40.0 (7067755)|HEAP_ALLOCATE|[355]|Bytes:408
07:37:40.0 (7078022)|HEAP_ALLOCATE|[467]|Bytes:48
07:37:40.0 (7102060)|HEAP_ALLOCATE|[139]|Bytes:6
07:37:40.0 (7115723)|HEAP_ALLOCATE|[EXTERNAL]|Bytes:140
07:37:40.0 (7120603)|HEAP_ALLOCATE|[EXTERNAL]|Bytes:20
07:37:40.0 (7123483)|HEAP_ALLOCATE|[EXTERNAL]|Bytes:2
07:37:40.0 (7135475)|METHOD_ENTRY|[1]|01p7F00000Ehro9|PM_Project_Edit_Controller.PM_Project_Edit_Controller()
07:37:40.0 (7141002)|STATEMENT_EXECUTE|[1]
07:37:40.0 (7144669)|STATEMENT_EXECUTE|[1]
07:37:40.0 (7170371)|HEAP_ALLOCATE|[50]|Bytes:5
07:37:40.0 (7187867)|HEAP_ALLOCATE|[56]|Bytes:5
07:37:40.0 (7194131)|HEAP_ALLOCATE|[64]|Bytes:7
07:37:40.0 (7215388)|SYSTEM_MODE_ENTER|false
07:37:40.0 (7227813)|HEAP_ALLOCATE|[EXTERNAL]|Bytes:5
07:37:40.0 (7234653)|SYSTEM_MODE_EXIT|false
07:37:40.0 (7241808)|METHOD_EXIT|[1]|PM_Project_Edit_Controller
07:37:40.0 (7282857)|HEAP_ALLOCATE|[EXTERNAL]|Bytes:24
07:37:40.0 (7296591)|VARIABLE_SCOPE_BEGIN|[10]|this|PM_Project_Edit_Controller|true|false
07:37:40.0 (7350516)|VARIABLE_ASSIGNMENT|[10]|this|{}|0x62c6c090
07:37:40.0 (7358126)|VARIABLE_SCOPE_BEGIN|[10]|stdController|ApexPages.StandardController|true|false
07:37:40.0 (7488409)|VARIABLE_ASSIGNMENT|[10]|stdController|"StandardController [null]"|0x264d96f0
07:37:40.0 (7507648)|SYSTEM_MODE_ENTER|false
07:37:40.0 (7513530)|HEAP_ALLOCATE|[7]|Bytes:5
07:37:40.0 (7517904)|STATEMENT_EXECUTE|[1]
07:37:40.0 (7522389)|HEAP_ALLOCATE|[7]|Bytes:5
07:37:40.0 (7525008)|STATEMENT_EXECUTE|[3]
07:37:40.0 (7525993)|STATEMENT_EXECUTE|[4]
07:37:40.0 (7526823)|STATEMENT_EXECUTE|[6]
07:37:40.0 (7527615)|STATEMENT_EXECUTE|[7]
07:37:40.0 (7542822)|HEAP_ALLOCATE|[7]|Bytes:4
07:37:40.0 (7623666)|HEAP_ALLOCATE|[EXTERNAL]|Bytes:4
07:37:40.0 (7636887)|VARIABLE_ASSIGNMENT|[7]|this.usersList|[]|0x62c6c090
07:37:40.0 (7642731)|STATEMENT_EXECUTE|[8]
07:37:40.0 (7645472)|HEAP_ALLOCATE|[8]|Bytes:1
07:37:40.0 (7654586)|VARIABLE_ASSIGNMENT|[8]|this.nonSelectedUserId|"("|0x62c6c090
07:37:40.0 (7665167)|HEAP_ALLOCATE|[8]|Bytes:6
07:37:40.0 (7695290)|STATEMENT_EXECUTE|[10]
07:37:40.0 (7697142)|STATEMENT_EXECUTE|[11]
07:37:40.0 (7790442)|HEAP_ALLOCATE|[11]|Bytes:4
07:37:40.0 (7833716)|VARIABLE_ASSIGNMENT|[EXTERNAL]|this|{"nonSelectedUserId":"(","usersList":"0x11f20c5c"}|0x62c6c090
07:37:40.0 (7845134)|VARIABLE_ASSIGNMENT|[EXTERNAL]|value|{}|0x1b4598cc
07:37:40.0 (7854048)|VARIABLE_ASSIGNMENT|[3]|this.project|{}|0x62c6c090
07:37:40.0 (7861556)|STATEMENT_EXECUTE|[12]
07:37:40.0 (7893354)|HEAP_ALLOCATE|[12]|Bytes:21
07:37:40.0 (7923896)|HEAP_ALLOCATE|[12]|Bytes:0
07:37:40.0 (7943409)|HEAP_ALLOCATE|[12]|Bytes:3
07:37:40.0 (7973836)|VARIABLE_SCOPE_BEGIN|[12]|pid|Id|false|false
07:37:40.0 (7984424)|VARIABLE_ASSIGNMENT|[12]|pid|null
07:37:40.0 (7988291)|STATEMENT_EXECUTE|[16]
07:37:40.0 (7990328)|HEAP_ALLOCATE|[16]|Bytes:7
07:37:40.0 (7993466)|HEAP_ALLOCATE|[16]|Bytes:10
07:37:40.0 (8004186)|METHOD_ENTRY|[16]|01p7F00000Ehro9|PM_Project_Edit_Controller.getAllFields(String)
07:37:40.0 (8019129)|VARIABLE_SCOPE_BEGIN|[74]|sobjectname|String|false|false
07:37:40.0 (8027079)|VARIABLE_ASSIGNMENT|[74]|sobjectname|"Project__c"
07:37:40.0 (8041507)|HEAP_ALLOCATE|[75]|Bytes:5
07:37:40.0 (8045496)|STATEMENT_EXECUTE|[74]
07:37:40.0 (25020389)|HEAP_ALLOCATE|[75]|Bytes:1468
07:37:40.0 (25053531)|STATEMENT_EXECUTE|[75]
07:37:40.0 (25055455)|STATEMENT_EXECUTE|[78]
07:37:40.0 (28095630)|HEAP_ALLOCATE|[78]|Bytes:1468
07:37:40.0 (28266563)|HEAP_ALLOCATE|[78]|Bytes:4
07:37:40.0 (28314296)|HEAP_ALLOCATE|[78]|Bytes:4
07:37:40.0 (28555879)|HEAP_ALLOCATE|[78]|Bytes:148
07:37:40.0 (28568439)|VARIABLE_SCOPE_BEGIN|[78]|fields|Map<String,Schema.SObjectField>|true|false
07:37:40.0 (28726785)|VARIABLE_ASSIGNMENT|[78]|fields|"{client__c=Client__c, client_project_manager__c=Client_Project_Manager__c, company_project_code__c=Company_project_code__c, cost_centre__c=Cost_Centre__c, createdbyid=CreatedById, createddate=CreatedDate, delivery__c=Delivery__c, end_customer__c=End_Customer__c, footage__c=Footage__c, hours__c=Hours__c, ...}"|0x18f10ea7
07:37:40.0 (28737097)|STATEMENT_EXECUTE|[79]
07:37:40.0 (28748663)|HEAP_ALLOCATE|[79]|Bytes:4
07:37:40.0 (28773977)|VARIABLE_SCOPE_BEGIN|[79]|accessiblefields|List<String>|true|false
07:37:40.0 (28796807)|HEAP_ALLOCATE|[EXTERNAL]|Bytes:4
07:37:40.0 (28805371)|VARIABLE_ASSIGNMENT|[79]|accessiblefields|[]|0x3cbf005
07:37:40.0 (28846983)|HEAP_ALLOCATE|[EXTERNAL]|Bytes:148
07:37:40.0 (28865569)|HEAP_ALLOCATE|[80]|Bytes:148
07:37:40.0 (28922660)|HEAP_ALLOCATE|[80]|Bytes:5
07:37:40.0 (28940783)|VARIABLE_SCOPE_BEGIN|[80]|field|Schema.SObjectField|true|false
07:37:40.0 (29006242)|VARIABLE_ASSIGNMENT|[80]|field|"common.apex.runtime.impl.ApexFieldToken@1fe32305"|0x1fe32305
07:37:40.0 (29014049)|STATEMENT_EXECUTE|[80]
07:37:40.0 (29420654)|HEAP_ALLOCATE|[81]|Bytes:8
07:37:40.0 (29443885)|STATEMENT_EXECUTE|[82]
07:37:40.0 (29471786)|HEAP_ALLOCATE|[82]|Bytes:8
07:37:40.0 (29492360)|HEAP_ALLOCATE|[82]|Bytes:2
07:37:40.0 (29506051)|HEAP_ALLOCATE|[EXTERNAL]|Bytes:4
07:37:40.0 (29518925)|HEAP_ALLOCATE|[80]|Bytes:5
07:37:40.0 (29532955)|VARIABLE_SCOPE_BEGIN|[80]|field|Schema.SObjectField|true|false
07:37:40.0 (29601999)|VARIABLE_ASSIGNMENT|[80]|field|"common.apex.runtime.impl.ApexFieldToken@ff79268"|0xff79268
07:37:40.0 (29609387)|STATEMENT_EXECUTE|[80]
07:37:40.0 (29738667)|HEAP_ALLOCATE|[81]|Bytes:8
07:37:40.0 (29751445)|STATEMENT_EXECUTE|[82]
07:37:40.0 (29765949)|HEAP_ALLOCATE|[82]|Bytes:8
07:37:40.0 (29773347)|HEAP_ALLOCATE|[82]|Bytes:7
07:37:40.0 (29781233)|HEAP_ALLOCATE|[EXTERNAL]|Bytes:4
07:37:40.0 (29792632)|HEAP_ALLOCATE|[80]|Bytes:5
07:37:40.0 (29805230)|VARIABLE_SCOPE_BEGIN|[80]|field|Schema.SObjectField|true|false
07:37:40.0 (29868829)|VARIABLE_ASSIGNMENT|[80]|field|"common.apex.runtime.impl.ApexFieldToken@53e0104b"|0x53e0104b
07:37:40.0 (29875583)|STATEMENT_EXECUTE|[80]
07:37:40.0 (29955938)|HEAP_ALLOCATE|[81]|Bytes:8
07:37:40.0 (29967618)|STATEMENT_EXECUTE|[82]
07:37:40.0 (29980397)|HEAP_ALLOCATE|[82]|Bytes:8
07:37:40.0 (29987500)|HEAP_ALLOCATE|[82]|Bytes:9
07:37:40.0 (29995075)|HEAP_ALLOCATE|[EXTERNAL]|Bytes:4
07:37:40.0 (30005869)|HEAP_ALLOCATE|[80]|Bytes:5
07:37:40.0 (30018453)|VARIABLE_SCOPE_BEGIN|[80]|field|Schema.SObjectField|true|false
07:37:40.0 (30078498)|VARIABLE_ASSIGNMENT|[80]|field|"common.apex.runtime.impl.ApexFieldToken@57a926a3"|0x57a926a3
07:37:40.0 (30085174)|STATEMENT_EXECUTE|[80]
07:37:40.0 (30175826)|HEAP_ALLOCATE|[81]|Bytes:8
07:37:40.0 (30186931)|STATEMENT_EXECUTE|[82]
07:37:40.0 (30199275)|HEAP_ALLOCATE|[82]|Bytes:8
07:37:40.0 (30205872)|HEAP_ALLOCATE|[82]|Bytes:4
07:37:40.0 (30213035)|HEAP_ALLOCATE|[EXTERNAL]|Bytes:4
07:37:40.0 (30223150)|HEAP_ALLOCATE|[80]|Bytes:5
07:37:40.0 (30234457)|VARIABLE_SCOPE_BEGIN|[80]|field|Schema.SObjectField|true|false
07:37:40.0 (30295330)|VARIABLE_ASSIGNMENT|[80]|field|"common.apex.runtime.impl.ApexFieldToken@5154cc58"|0x5154cc58
07:37:40.0 (30301324)|STATEMENT_EXECUTE|[80]
07:37:40.0 (30390763)|HEAP_ALLOCATE|[81]|Bytes:8
07:37:40.0 (30401727)|STATEMENT_EXECUTE|[82]
07:37:40.0 (30413719)|HEAP_ALLOCATE|[82]|Bytes:8
07:37:40.0 (30420320)|HEAP_ALLOCATE|[82]|Bytes:11
07:37:40.0 (30427176)|HEAP_ALLOCATE|[EXTERNAL]|Bytes:4
07:37:40.0 (30437394)|HEAP_ALLOCATE|[80]|Bytes:5
07:37:40.0 (30448945)|VARIABLE_SCOPE_BEGIN|[80]|field|Schema.SObjectField|true|false
07:37:40.0 (30512964)|VARIABLE_ASSIGNMENT|[80]|field|"common.apex.runtime.impl.ApexFieldToken@620360c8"|0x620360c8
07:37:40.0 (30519355)|STATEMENT_EXECUTE|[80]
07:37:40.0 (30614062)|HEAP_ALLOCATE|[81]|Bytes:8
07:37:40.0 (30624948)|STATEMENT_EXECUTE|[82]
07:37:40.0 (30636688)|HEAP_ALLOCATE|[82]|Bytes:8
07:37:40.0 (30643523)|HEAP_ALLOCATE|[82]|Bytes:11
07:37:40.0 (30650889)|HEAP_ALLOCATE|[EXTERNAL]|Bytes:4
07:37:40.0 (30661318)|HEAP_ALLOCATE|[80]|Bytes:5
07:37:40.0 (30672698)|VARIABLE_SCOPE_BEGIN|[80]|field|Schema.SObjectField|true|false
07:37:40.0 (30732143)|VARIABLE_ASSIGNMENT|[80]|field|"common.apex.runtime.impl.ApexFieldToken@31b2568b"|0x31b2568b
07:37:40.0 (30738190)|STATEMENT_EXECUTE|[80]
07:37:40.0 (30820586)|HEAP_ALLOCATE|[81]|Bytes:8
07:37:40.0 (30831589)|STATEMENT_EXECUTE|[82]
07:37:40.0 (30843852)|HEAP_ALLOCATE|[82]|Bytes:8
07:37:40.0 (30850678)|HEAP_ALLOCATE|[82]|Bytes:16
07:37:40.0 (30857782)|HEAP_ALLOCATE|[EXTERNAL]|Bytes:4
07:37:40.0 (30867665)|HEAP_ALLOCATE|[80]|Bytes:5
07:37:40.0 (30878943)|VARIABLE_SCOPE_BEGIN|[80]|field|Schema.SObjectField|true|false
07:37:40.0 (30937548)|VARIABLE_ASSIGNMENT|[80]|field|"common.apex.runtime.impl.ApexFieldToken@2fb0f220"|0x2fb0f220
07:37:40.0 (30943952)|STATEMENT_EXECUTE|[80]
07:37:40.0 (31032378)|HEAP_ALLOCATE|[81]|Bytes:8
07:37:40.0 (31044105)|STATEMENT_EXECUTE|[82]
07:37:40.0 (31056645)|HEAP_ALLOCATE|[82]|Bytes:8
07:37:40.0 (31064359)|HEAP_ALLOCATE|[82]|Bytes:16
07:37:40.0 (31071650)|HEAP_ALLOCATE|[EXTERNAL]|Bytes:4
07:37:40.0 (31081633)|HEAP_ALLOCATE|[80]|Bytes:5
07:37:40.0 (31093095)|VARIABLE_SCOPE_BEGIN|[80]|field|Schema.SObjectField|true|false
07:37:40.0 (31151794)|VARIABLE_ASSIGNMENT|[80]|field|"common.apex.runtime.impl.ApexFieldToken@58f1dd82"|0x58f1dd82
07:37:40.0 (31157850)|STATEMENT_EXECUTE|[80]
07:37:40.0 (31228186)|HEAP_ALLOCATE|[81]|Bytes:8
07:37:40.0 (31238635)|STATEMENT_EXECUTE|[82]
07:37:40.0 (31250721)|HEAP_ALLOCATE|[82]|Bytes:8
07:37:40.0 (31257964)|HEAP_ALLOCATE|[82]|Bytes:14
07:37:40.0 (31265019)|HEAP_ALLOCATE|[EXTERNAL]|Bytes:4
07:37:40.0 (31274736)|HEAP_ALLOCATE|[80]|Bytes:5
07:37:40.0 (31286749)|VARIABLE_SCOPE_BEGIN|[80]|field|Schema.SObjectField|true|false
07:37:40.0 (31344363)|VARIABLE_ASSIGNMENT|[80]|field|"common.apex.runtime.impl.ApexFieldToken@210de374"|0x210de374
07:37:40.0 (31350972)|STATEMENT_EXECUTE|[80]
07:37:40.0 (31417311)|HEAP_ALLOCATE|[81]|Bytes:8
07:37:40.0 (31427544)|STATEMENT_EXECUTE|[82]
07:37:40.0 (31438955)|HEAP_ALLOCATE|[82]|Bytes:8
07:37:40.0 (31445990)|HEAP_ALLOCATE|[82]|Bytes:16
07:37:40.0 (31453134)|HEAP_ALLOCATE|[EXTERNAL]|Bytes:4
07:37:40.0 (31462849)|HEAP_ALLOCATE|[80]|Bytes:5
07:37:40.0 (31473653)|VARIABLE_SCOPE_BEGIN|[80]|field|Schema.SObjectField|true|false
07:37:40.0 (31535763)|VARIABLE_ASSIGNMENT|[80]|field|"common.apex.runtime.impl.ApexFieldToken@2a8efd0"|0x2a8efd0
07:37:40.0 (31542278)|STATEMENT_EXECUTE|[80]
07:37:40.0 (31611717)|HEAP_ALLOCATE|[81]|Bytes:8
07:37:40.0 (31622482)|STATEMENT_EXECUTE|[82]
07:37:40.0 (31634135)|HEAP_ALLOCATE|[82]|Bytes:8
07:37:40.0 (31640789)|HEAP_ALLOCATE|[82]|Bytes:14
07:37:40.0 (31647985)|HEAP_ALLOCATE|[EXTERNAL]|Bytes:4
07:37:40.0 (31658129)|HEAP_ALLOCATE|[80]|Bytes:5
07:37:40.0 (31669132)|VARIABLE_SCOPE_BEGIN|[80]|field|Schema.SObjectField|true|false
07:37:40.0 (31726410)|VARIABLE_ASSIGNMENT|[80]|field|"common.apex.runtime.impl.ApexFieldToken@2aa12c57"|0x2aa12c57
07:37:40.0 (31732657)|STATEMENT_EXECUTE|[80]
07:37:40.0 (31797477)|HEAP_ALLOCATE|[81]|Bytes:8
07:37:40.0 (31808141)|STATEMENT_EXECUTE|[82]
07:37:40.0 (31819650)|HEAP_ALLOCATE|[82]|Bytes:8
07:37:40.0 (31826393)|HEAP_ALLOCATE|[82]|Bytes:18
07:37:40.0 (31832832)|HEAP_ALLOCATE|[EXTERNAL]|Bytes:4
07:37:40.0 (31842526)|HEAP_ALLOCATE|[80]|Bytes:5
07:37:40.0 (31853590)|VARIABLE_SCOPE_BEGIN|[80]|field|Schema.SObjectField|true|false
07:37:40.0 (31910215)|VARIABLE_ASSIGNMENT|[80]|field|"common.apex.runtime.impl.ApexFieldToken@7ceae94c"|0x7ceae94c
07:37:40.0 (31916044)|STATEMENT_EXECUTE|[80]
07:37:40.0 (32313127)|HEAP_ALLOCATE|[81]|Bytes:8
07:37:40.0 (32327879)|STATEMENT_EXECUTE|[82]
07:37:40.0 (32341883)|HEAP_ALLOCATE|[82]|Bytes:8
07:37:40.0 (32349819)|HEAP_ALLOCATE|[82]|Bytes:9
07:37:40.0 (32357417)|HEAP_ALLOCATE|[EXTERNAL]|Bytes:4
07:37:40.0 (32369506)|HEAP_ALLOCATE|[80]|Bytes:5
07:37:40.0 (32382744)|VARIABLE_SCOPE_BEGIN|[80]|field|Schema.SObjectField|true|false
07:37:40.0 (32448436)|VARIABLE_ASSIGNMENT|[80]|field|"common.apex.runtime.impl.ApexFieldToken@32b2a3e6"|0x32b2a3e6
07:37:40.0 (32454666)|STATEMENT_EXECUTE|[80]
07:37:40.0 (32543469)|HEAP_ALLOCATE|[81]|Bytes:8
07:37:40.0 (32555499)|STATEMENT_EXECUTE|[82]
07:37:40.0 (32570579)|HEAP_ALLOCATE|[82]|Bytes:8
07:37:40.0 (32578139)|HEAP_ALLOCATE|[82]|Bytes:15
07:37:40.0 (32585359)|HEAP_ALLOCATE|[EXTERNAL]|Bytes:4
07:37:40.0 (32595880)|HEAP_ALLOCATE|[80]|Bytes:5
07:37:40.0 (32607721)|VARIABLE_SCOPE_BEGIN|[80]|field|Schema.SObjectField|true|false
07:37:40.0 (32667633)|VARIABLE_ASSIGNMENT|[80]|field|"common.apex.runtime.impl.ApexFieldToken@77a10c0f"|0x77a10c0f
07:37:40.0 (32673625)|STATEMENT_EXECUTE|[80]
07:37:40.0 (32748938)|HEAP_ALLOCATE|[81]|Bytes:8
07:37:40.0 (32760410)|STATEMENT_EXECUTE|[82]
07:37:40.0 (32773335)|HEAP_ALLOCATE|[82]|Bytes:8
07:37:40.0 (32780144)|HEAP_ALLOCATE|[82]|Bytes:19
07:37:40.0 (32786718)|HEAP_ALLOCATE|[EXTERNAL]|Bytes:4
07:37:40.0 (32796555)|HEAP_ALLOCATE|[80]|Bytes:5
07:37:40.0 (32807827)|VARIABLE_SCOPE_BEGIN|[80]|field|Schema.SObjectField|true|false
07:37:40.0 (32865939)|VARIABLE_ASSIGNMENT|[80]|field|"common.apex.runtime.impl.ApexFieldToken@54c15538"|0x54c15538
07:37:40.0 (32872043)|STATEMENT_EXECUTE|[80]
07:37:40.0 (32944240)|HEAP_ALLOCATE|[81]|Bytes:8
07:37:40.0 (32955045)|STATEMENT_EXECUTE|[82]
07:37:40.0 (32967320)|HEAP_ALLOCATE|[82]|Bytes:8
07:37:40.0 (32974066)|HEAP_ALLOCATE|[82]|Bytes:14
07:37:40.0 (32980655)|HEAP_ALLOCATE|[EXTERNAL]|Bytes:4
07:37:40.0 (32990113)|HEAP_ALLOCATE|[80]|Bytes:5
07:37:40.0 (33001266)|VARIABLE_SCOPE_BEGIN|[80]|field|Schema.SObjectField|true|false
07:37:40.0 (33059545)|VARIABLE_ASSIGNMENT|[80]|field|"common.apex.runtime.impl.ApexFieldToken@7fca6665"|0x7fca6665
07:37:40.0 (33065876)|STATEMENT_EXECUTE|[80]
07:37:40.0 (33136277)|HEAP_ALLOCATE|[81]|Bytes:8
07:37:40.0 (33147039)|STATEMENT_EXECUTE|[82]
07:37:40.0 (33159352)|HEAP_ALLOCATE|[82]|Bytes:8
07:37:40.0 (33166393)|HEAP_ALLOCATE|[82]|Bytes:25
07:37:40.0 (33172844)|HEAP_ALLOCATE|[EXTERNAL]|Bytes:4
07:37:40.0 (33182265)|HEAP_ALLOCATE|[80]|Bytes:5
07:37:40.0 (33193026)|VARIABLE_SCOPE_BEGIN|[80]|field|Schema.SObjectField|true|false
07:37:40.0 (33251349)|VARIABLE_ASSIGNMENT|[80]|field|"common.apex.runtime.impl.ApexFieldToken@584057e9"|0x584057e9
07:37:40.0 (33257235)|STATEMENT_EXECUTE|[80]
07:37:40.0 (33326187)|HEAP_ALLOCATE|[81]|Bytes:8
07:37:40.0 (33336375)|STATEMENT_EXECUTE|[82]
07:37:40.0 (33348767)|HEAP_ALLOCATE|[82]|Bytes:8
07:37:40.0 (33355618)|HEAP_ALLOCATE|[82]|Bytes:15
07:37:40.0 (33362004)|HEAP_ALLOCATE|[EXTERNAL]|Bytes:4
07:37:40.0 (33371400)|HEAP_ALLOCATE|[80]|Bytes:5
07:37:40.0 (33381962)|VARIABLE_SCOPE_BEGIN|[80]|field|Schema.SObjectField|true|false
07:37:40.0 (33440092)|VARIABLE_ASSIGNMENT|[80]|field|"common.apex.runtime.impl.ApexFieldToken@27fee99a"|0x27fee99a
07:37:40.0 (33445985)|STATEMENT_EXECUTE|[80]
07:37:40.0 (33517371)|HEAP_ALLOCATE|[81]|Bytes:8
07:37:40.0 (33527700)|STATEMENT_EXECUTE|[82]
07:37:40.0 (33539853)|HEAP_ALLOCATE|[82]|Bytes:8
07:37:40.0 (33547129)|HEAP_ALLOCATE|[82]|Bytes:23
07:37:40.0 (33554360)|HEAP_ALLOCATE|[EXTERNAL]|Bytes:4
07:37:40.0 (33566002)|HEAP_ALLOCATE|[80]|Bytes:5
07:37:40.0 (33576909)|VARIABLE_SCOPE_BEGIN|[80]|field|Schema.SObjectField|true|false
07:37:40.0 (33633980)|VARIABLE_ASSIGNMENT|[80]|field|"common.apex.runtime.impl.ApexFieldToken@794810c8"|0x794810c8
07:37:40.0 (33639902)|STATEMENT_EXECUTE|[80]
07:37:40.0 (33710378)|HEAP_ALLOCATE|[81]|Bytes:8
07:37:40.0 (33721268)|STATEMENT_EXECUTE|[82]
07:37:40.0 (33733295)|HEAP_ALLOCATE|[82]|Bytes:8
07:37:40.0 (33739953)|HEAP_ALLOCATE|[82]|Bytes:16
07:37:40.0 (33746436)|HEAP_ALLOCATE|[EXTERNAL]|Bytes:4
07:37:40.0 (33756203)|HEAP_ALLOCATE|[80]|Bytes:5
07:37:40.0 (33766496)|VARIABLE_SCOPE_BEGIN|[80]|field|Schema.SObjectField|true|false
07:37:40.0 (33824297)|VARIABLE_ASSIGNMENT|[80]|field|"common.apex.runtime.impl.ApexFieldToken@559db8ca"|0x559db8ca
07:37:40.0 (33830186)|STATEMENT_EXECUTE|[80]
07:37:40.0 (33898090)|HEAP_ALLOCATE|[81]|Bytes:8
07:37:40.0 (33908247)|STATEMENT_EXECUTE|[82]
07:37:40.0 (33920690)|HEAP_ALLOCATE|[82]|Bytes:8
07:37:40.0 (33927278)|HEAP_ALLOCATE|[82]|Bytes:14
07:37:40.0 (33933684)|HEAP_ALLOCATE|[EXTERNAL]|Bytes:4
07:37:40.0 (33943429)|HEAP_ALLOCATE|[80]|Bytes:5
07:37:40.0 (33954041)|VARIABLE_SCOPE_BEGIN|[80]|field|Schema.SObjectField|true|false
07:37:40.0 (34012400)|VARIABLE_ASSIGNMENT|[80]|field|"common.apex.runtime.impl.ApexFieldToken@f38428f"|0xf38428f
07:37:40.0 (34018963)|STATEMENT_EXECUTE|[80]
07:37:40.0 (34089923)|HEAP_ALLOCATE|[81]|Bytes:8
07:37:40.0 (34100570)|STATEMENT_EXECUTE|[82]
07:37:40.0 (34112443)|HEAP_ALLOCATE|[82]|Bytes:8
07:37:40.0 (34119388)|HEAP_ALLOCATE|[82]|Bytes:13
07:37:40.0 (34125918)|HEAP_ALLOCATE|[EXTERNAL]|Bytes:4
07:37:40.0 (34135584)|HEAP_ALLOCATE|[80]|Bytes:5
07:37:40.0 (34146432)|VARIABLE_SCOPE_BEGIN|[80]|field|Schema.SObjectField|true|false
07:37:40.0 (34204297)|VARIABLE_ASSIGNMENT|[80]|field|"common.apex.runtime.impl.ApexFieldToken@5f5ad8cb"|0x5f5ad8cb
07:37:40.0 (34209937)|STATEMENT_EXECUTE|[80]
07:37:40.0 (34278359)|HEAP_ALLOCATE|[81]|Bytes:8
07:37:40.0 (34288721)|STATEMENT_EXECUTE|[82]
07:37:40.0 (34300721)|HEAP_ALLOCATE|[82]|Bytes:8
07:37:40.0 (34307336)|HEAP_ALLOCATE|[82]|Bytes:5
07:37:40.0 (34313793)|HEAP_ALLOCATE|[EXTERNAL]|Bytes:4
07:37:40.0 (34323211)|HEAP_ALLOCATE|[80]|Bytes:5
07:37:40.0 (34333893)|VARIABLE_SCOPE_BEGIN|[80]|field|Schema.SObjectField|true|false
07:37:40.0 (34391556)|VARIABLE_ASSIGNMENT|[80]|field|"common.apex.runtime.impl.ApexFieldToken@662d4db8"|0x662d4db8
07:37:40.0 (34397399)|STATEMENT_EXECUTE|[80]
07:37:40.0 (34464095)|HEAP_ALLOCATE|[81]|Bytes:8
07:37:40.0 (34474824)|STATEMENT_EXECUTE|[82]
07:37:40.0 (34491118)|HEAP_ALLOCATE|[82]|Bytes:8
07:37:40.0 (34498362)|HEAP_ALLOCATE|[82]|Bytes:11
07:37:40.0 (34504905)|HEAP_ALLOCATE|[EXTERNAL]|Bytes:4
07:37:40.0 (34514759)|HEAP_ALLOCATE|[80]|Bytes:5
07:37:40.0 (34526109)|VARIABLE_SCOPE_BEGIN|[80]|field|Schema.SObjectField|true|false
07:37:40.0 (34587033)|VARIABLE_ASSIGNMENT|[80]|field|"common.apex.runtime.impl.ApexFieldToken@5e4ee25f"|0x5e4ee25f
07:37:40.0 (34592829)|STATEMENT_EXECUTE|[80]
07:37:40.0 (34662711)|HEAP_ALLOCATE|[81]|Bytes:8
07:37:40.0 (34673600)|STATEMENT_EXECUTE|[82]
07:37:40.0 (34685717)|HEAP_ALLOCATE|[82]|Bytes:8
07:37:40.0 (34692253)|HEAP_ALLOCATE|[82]|Bytes:5
07:37:40.0 (34698910)|HEAP_ALLOCATE|[EXTERNAL]|Bytes:4
07:37:40.0 (34708533)|HEAP_ALLOCATE|[80]|Bytes:5
07:37:40.0 (34719233)|VARIABLE_SCOPE_BEGIN|[80]|field|Schema.SObjectField|true|false
07:37:40.0 (34776130)|VARIABLE_ASSIGNMENT|[80]|field|"common.apex.runtime.impl.ApexFieldToken@132fef23"|0x132fef23
07:37:40.0 (34782168)|STATEMENT_EXECUTE|[80]
07:37:40.0 (34901025)|HEAP_ALLOCATE|[81]|Bytes:8
07:37:40.0 (34912726)|STATEMENT_EXECUTE|[82]
07:37:40.0 (34925823)|HEAP_ALLOCATE|[82]|Bytes:8
07:37:40.0 (34933200)|HEAP_ALLOCATE|[82]|Bytes:25
07:37:40.0 (34940454)|HEAP_ALLOCATE|[EXTERNAL]|Bytes:4
07:37:40.0 (34950842)|HEAP_ALLOCATE|[80]|Bytes:5
07:37:40.0 (34962317)|VARIABLE_SCOPE_BEGIN|[80]|field|Schema.SObjectField|true|false
07:37:40.0 (35021242)|VARIABLE_ASSIGNMENT|[80]|field|"common.apex.runtime.impl.ApexFieldToken@1a3ae10d"|0x1a3ae10d
07:37:40.0 (35028056)|STATEMENT_EXECUTE|[80]
07:37:40.0 (35128603)|HEAP_ALLOCATE|[81]|Bytes:8
07:37:40.0 (35140286)|STATEMENT_EXECUTE|[82]
07:37:40.0 (35153569)|HEAP_ALLOCATE|[82]|Bytes:8
07:37:40.0 (35160355)|HEAP_ALLOCATE|[82]|Bytes:12
07:37:40.0 (35167705)|HEAP_ALLOCATE|[EXTERNAL]|Bytes:4
07:37:40.0 (35178198)|HEAP_ALLOCATE|[80]|Bytes:5
07:37:40.0 (35190082)|VARIABLE_SCOPE_BEGIN|[80]|field|Schema.SObjectField|true|false
07:37:40.0 (35249273)|VARIABLE_ASSIGNMENT|[80]|field|"common.apex.runtime.impl.ApexFieldToken@16f62f7f"|0x16f62f7f
07:37:40.0 (35255291)|STATEMENT_EXECUTE|[80]
07:37:40.0 (35326727)|HEAP_ALLOCATE|[81]|Bytes:8
07:37:40.0 (35337795)|STATEMENT_EXECUTE|[82]
07:37:40.0 (35350316)|HEAP_ALLOCATE|[82]|Bytes:8
07:37:40.0 (35357250)|HEAP_ALLOCATE|[82]|Bytes:21
07:37:40.0 (35364081)|HEAP_ALLOCATE|[EXTERNAL]|Bytes:4
07:37:40.0 (35373981)|HEAP_ALLOCATE|[80]|Bytes:5
07:37:40.0 (35385208)|VARIABLE_SCOPE_BEGIN|[80]|field|Schema.SObjectField|true|false
07:37:40.0 (35442436)|VARIABLE_ASSIGNMENT|[80]|field|"common.apex.runtime.impl.ApexFieldToken@3f037be4"|0x3f037be4
07:37:40.0 (35449103)|STATEMENT_EXECUTE|[80]
07:37:40.0 (35523644)|HEAP_ALLOCATE|[81]|Bytes:8
07:37:40.0 (35534949)|STATEMENT_EXECUTE|[82]
07:37:40.0 (35547071)|HEAP_ALLOCATE|[82]|Bytes:8
07:37:40.0 (35554551)|HEAP_ALLOCATE|[82]|Bytes:19
07:37:40.0 (35562993)|HEAP_ALLOCATE|[EXTERNAL]|Bytes:4
07:37:40.0 (35572990)|HEAP_ALLOCATE|[80]|Bytes:5
07:37:40.0 (35583757)|VARIABLE_SCOPE_BEGIN|[80]|field|Schema.SObjectField|true|false
07:37:40.0 (35642599)|VARIABLE_ASSIGNMENT|[80]|field|"common.apex.runtime.impl.ApexFieldToken@53b9ddd0"|0x53b9ddd0
07:37:40.0 (35648254)|STATEMENT_EXECUTE|[80]
07:37:40.0 (35717213)|HEAP_ALLOCATE|[81]|Bytes:8
07:37:40.0 (35727667)|STATEMENT_EXECUTE|[82]
07:37:40.0 (35739187)|HEAP_ALLOCATE|[82]|Bytes:8
07:37:40.0 (35745898)|HEAP_ALLOCATE|[82]|Bytes:8
07:37:40.0 (35752457)|HEAP_ALLOCATE|[EXTERNAL]|Bytes:4
07:37:40.0 (35761837)|HEAP_ALLOCATE|[80]|Bytes:5
07:37:40.0 (35772663)|VARIABLE_SCOPE_BEGIN|[80]|field|Schema.SObjectField|true|false
07:37:40.0 (35831074)|VARIABLE_ASSIGNMENT|[80]|field|"common.apex.runtime.impl.ApexFieldToken@1e467c23"|0x1e467c23
07:37:40.0 (35836683)|STATEMENT_EXECUTE|[80]
07:37:40.0 (35903210)|HEAP_ALLOCATE|[81]|Bytes:8
07:37:40.0 (35913957)|STATEMENT_EXECUTE|[82]
07:37:40.0 (35925487)|HEAP_ALLOCATE|[82]|Bytes:8
07:37:40.0 (35932527)|HEAP_ALLOCATE|[82]|Bytes:8
07:37:40.0 (35938746)|HEAP_ALLOCATE|[EXTERNAL]|Bytes:4
07:37:40.0 (35948394)|HEAP_ALLOCATE|[80]|Bytes:5
07:37:40.0 (35958856)|VARIABLE_SCOPE_BEGIN|[80]|field|Schema.SObjectField|true|false
07:37:40.0 (36016173)|VARIABLE_ASSIGNMENT|[80]|field|"common.apex.runtime.impl.ApexFieldToken@39ec2543"|0x39ec2543
07:37:40.0 (36022821)|STATEMENT_EXECUTE|[80]
07:37:40.0 (36088962)|HEAP_ALLOCATE|[81]|Bytes:8
07:37:40.0 (36099264)|STATEMENT_EXECUTE|[82]
07:37:40.0 (36111427)|HEAP_ALLOCATE|[82]|Bytes:8
07:37:40.0 (36117655)|HEAP_ALLOCATE|[82]|Bytes:10
07:37:40.0 (36124518)|HEAP_ALLOCATE|[EXTERNAL]|Bytes:4
07:37:40.0 (36133919)|HEAP_ALLOCATE|[80]|Bytes:5
07:37:40.0 (36144402)|VARIABLE_SCOPE_BEGIN|[80]|field|Schema.SObjectField|true|false
07:37:40.0 (36202624)|VARIABLE_ASSIGNMENT|[80]|field|"common.apex.runtime.impl.ApexFieldToken@1d14a5c1"|0x1d14a5c1
07:37:40.0 (36208715)|STATEMENT_EXECUTE|[80]
07:37:40.0 (36274900)|HEAP_ALLOCATE|[81]|Bytes:8
07:37:40.0 (36285779)|STATEMENT_EXECUTE|[82]
07:37:40.0 (36297564)|HEAP_ALLOCATE|[82]|Bytes:8
07:37:40.0 (36304059)|HEAP_ALLOCATE|[82]|Bytes:8
07:37:40.0 (36310635)|HEAP_ALLOCATE|[EXTERNAL]|Bytes:4
07:37:40.0 (36320070)|HEAP_ALLOCATE|[80]|Bytes:5
07:37:40.0 (36330812)|VARIABLE_SCOPE_BEGIN|[80]|field|Schema.SObjectField|true|false
07:37:40.0 (36388828)|VARIABLE_ASSIGNMENT|[80]|field|"common.apex.runtime.impl.ApexFieldToken@5eacee"|0x5eacee
07:37:40.0 (36394587)|STATEMENT_EXECUTE|[80]
07:37:40.0 (36461987)|HEAP_ALLOCATE|[81]|Bytes:8
07:37:40.0 (36472846)|STATEMENT_EXECUTE|[82]
07:37:40.0 (36489428)|HEAP_ALLOCATE|[82]|Bytes:8
07:37:40.0 (36496231)|HEAP_ALLOCATE|[82]|Bytes:7
07:37:40.0 (36502767)|HEAP_ALLOCATE|[EXTERNAL]|Bytes:4
07:37:40.0 (36512361)|HEAP_ALLOCATE|[80]|Bytes:5
07:37:40.0 (36522986)|VARIABLE_SCOPE_BEGIN|[80]|field|Schema.SObjectField|true|false
07:37:40.0 (36583452)|VARIABLE_ASSIGNMENT|[80]|field|"common.apex.runtime.impl.ApexFieldToken@2dd46fa2"|0x2dd46fa2
07:37:40.0 (36589415)|STATEMENT_EXECUTE|[80]
07:37:40.0 (36655276)|HEAP_ALLOCATE|[81]|Bytes:8
07:37:40.0 (36665376)|STATEMENT_EXECUTE|[82]
07:37:40.0 (36677025)|HEAP_ALLOCATE|[82]|Bytes:8
07:37:40.0 (36683310)|HEAP_ALLOCATE|[82]|Bytes:8
07:37:40.0 (36689662)|HEAP_ALLOCATE|[EXTERNAL]|Bytes:4
07:37:40.0 (36698942)|HEAP_ALLOCATE|[80]|Bytes:5
07:37:40.0 (36709598)|VARIABLE_SCOPE_BEGIN|[80]|field|Schema.SObjectField|true|false
07:37:40.0 (36767213)|VARIABLE_ASSIGNMENT|[80]|field|"common.apex.runtime.impl.ApexFieldToken@754a9166"|0x754a9166
07:37:40.0 (36773212)|STATEMENT_EXECUTE|[80]
07:37:40.0 (36840420)|HEAP_ALLOCATE|[81]|Bytes:8
07:37:40.0 (36850653)|STATEMENT_EXECUTE|[82]
07:37:40.0 (36862524)|HEAP_ALLOCATE|[82]|Bytes:8
07:37:40.0 (36869113)|HEAP_ALLOCATE|[82]|Bytes:7
07:37:40.0 (36875550)|HEAP_ALLOCATE|[EXTERNAL]|Bytes:4
07:37:40.0 (36885145)|HEAP_ALLOCATE|[80]|Bytes:5
07:37:40.0 (36895288)|VARIABLE_ASSIGNMENT|[80]|field|null|
07:37:40.0 (36899333)|STATEMENT_EXECUTE|[84]
07:37:40.0 (36902969)|VARIABLE_SCOPE_BEGIN|[84]|allfields|String|false|false
07:37:40.0 (36910984)|VARIABLE_ASSIGNMENT|[84]|allfields|""
07:37:40.0 (36944463)|HEAP_ALLOCATE|[85]|Bytes:5
07:37:40.0 (36952574)|HEAP_ALLOCATE|[85]|Bytes:2
07:37:40.0 (36958568)|VARIABLE_SCOPE_BEGIN|[85]|fieldname|String|false|false
07:37:40.0 (36966749)|VARIABLE_ASSIGNMENT|[85]|fieldname|"Id"
07:37:40.0 (36970548)|STATEMENT_EXECUTE|[86]
07:37:40.0 (36972451)|HEAP_ALLOCATE|[86]|Bytes:1
07:37:40.0 (36986770)|HEAP_ALLOCATE|[86]|Bytes:3
07:37:40.0 (36991198)|HEAP_ALLOCATE|[86]|Bytes:3
07:37:40.0 (36995992)|VARIABLE_ASSIGNMENT|[86]|allfields|"Id,"
07:37:40.0 (37003608)|HEAP_ALLOCATE|[85]|Bytes:5
07:37:40.0 (37009978)|HEAP_ALLOCATE|[85]|Bytes:7
07:37:40.0 (37014213)|VARIABLE_SCOPE_BEGIN|[85]|fieldname|String|false|false
07:37:40.0 (37021281)|VARIABLE_ASSIGNMENT|[85]|fieldname|"OwnerId"
07:37:40.0 (37024533)|STATEMENT_EXECUTE|[86]
07:37:40.0 (37027170)|HEAP_ALLOCATE|[86]|Bytes:8
07:37:40.0 (37030511)|HEAP_ALLOCATE|[86]|Bytes:11
07:37:40.0 (37034687)|VARIABLE_ASSIGNMENT|[86]|allfields|"Id,OwnerId,"
07:37:40.0 (37040702)|HEAP_ALLOCATE|[85]|Bytes:5
07:37:40.0 (37046037)|HEAP_ALLOCATE|[85]|Bytes:9
07:37:40.0 (37050043)|VARIABLE_SCOPE_BEGIN|[85]|fieldname|String|false|false
07:37:40.0 (37056135)|VARIABLE_ASSIGNMENT|[85]|fieldname|"IsDeleted"
07:37:40.0 (37059283)|STATEMENT_EXECUTE|[86]
07:37:40.0 (37061715)|HEAP_ALLOCATE|[86]|Bytes:10
07:37:40.0 (37064836)|HEAP_ALLOCATE|[86]|Bytes:21
07:37:40.0 (37070457)|VARIABLE_ASSIGNMENT|[86]|allfields|"Id,OwnerId,IsDeleted (1 more) ..."
07:37:40.0 (37077049)|HEAP_ALLOCATE|[85]|Bytes:5
07:37:40.0 (37083134)|HEAP_ALLOCATE|[85]|Bytes:4
07:37:40.0 (37086731)|VARIABLE_SCOPE_BEGIN|[85]|fieldname|String|false|false
07:37:40.0 (37093024)|VARIABLE_ASSIGNMENT|[85]|fieldname|"Name"
07:37:40.0 (37096294)|STATEMENT_EXECUTE|[86]
07:37:40.0 (37098802)|HEAP_ALLOCATE|[86]|Bytes:5
07:37:40.0 (37102119)|HEAP_ALLOCATE|[86]|Bytes:26
07:37:40.0 (37106185)|VARIABLE_ASSIGNMENT|[86]|allfields|"Id,OwnerId,IsDeleted (6 more) ..."
07:37:40.0 (37112148)|HEAP_ALLOCATE|[85]|Bytes:5
07:37:40.0 (37117264)|HEAP_ALLOCATE|[85]|Bytes:11
07:37:40.0 (37121137)|VARIABLE_SCOPE_BEGIN|[85]|fieldname|String|false|false
07:37:40.0 (37128095)|VARIABLE_ASSIGNMENT|[85]|fieldname|"CreatedDate"
07:37:40.0 (37130992)|STATEMENT_EXECUTE|[86]
07:37:40.0 (37133345)|HEAP_ALLOCATE|[86]|Bytes:12
07:37:40.0 (37136570)|HEAP_ALLOCATE|[86]|Bytes:38
07:37:40.0 (37140909)|VARIABLE_ASSIGNMENT|[86]|allfields|"Id,OwnerId,IsDeleted (18 more) ..."
07:37:40.0 (37147199)|HEAP_ALLOCATE|[85]|Bytes:5
07:37:40.0 (37152270)|HEAP_ALLOCATE|[85]|Bytes:11
07:37:40.0 (37156237)|VARIABLE_SCOPE_BEGIN|[85]|fieldname|String|false|false
07:37:40.0 (37162845)|VARIABLE_ASSIGNMENT|[85]|fieldname|"CreatedById"
07:37:40.0 (37166172)|STATEMENT_EXECUTE|[86]
07:37:40.0 (37168575)|HEAP_ALLOCATE|[86]|Bytes:12
07:37:40.0 (37171828)|HEAP_ALLOCATE|[86]|Bytes:50
07:37:40.0 (37176389)|VARIABLE_ASSIGNMENT|[86]|allfields|"Id,OwnerId,IsDeleted (30 more) ..."
07:37:40.0 (37182239)|HEAP_ALLOCATE|[85]|Bytes:5
07:37:40.0 (37187294)|HEAP_ALLOCATE|[85]|Bytes:16
07:37:40.0 (37190666)|VARIABLE_SCOPE_BEGIN|[85]|fieldname|String|false|false
07:37:40.0 (37196876)|VARIABLE_ASSIGNMENT|[85]|fieldname|"LastModifiedDate"
07:37:40.0 (37199962)|STATEMENT_EXECUTE|[86]
07:37:40.0 (37202365)|HEAP_ALLOCATE|[86]|Bytes:17
07:37:40.0 (37205975)|HEAP_ALLOCATE|[86]|Bytes:67
07:37:40.0 (37210274)|VARIABLE_ASSIGNMENT|[86]|allfields|"Id,OwnerId,IsDeleted (47 more) ..."
07:37:40.0 (37216714)|HEAP_ALLOCATE|[85]|Bytes:5
07:37:40.0 (37221909)|HEAP_ALLOCATE|[85]|Bytes:16
07:37:40.0 (37225290)|VARIABLE_SCOPE_BEGIN|[85]|fieldname|String|false|false
07:37:40.0 (37231774)|VARIABLE_ASSIGNMENT|[85]|fieldname|"LastModifiedById"
07:37:40.0 (37234744)|STATEMENT_EXECUTE|[86]
07:37:40.0 (37237112)|HEAP_ALLOCATE|[86]|Bytes:17
07:37:40.0 (37240225)|HEAP_ALLOCATE|[86]|Bytes:84
07:37:40.0 (37244128)|VARIABLE_ASSIGNMENT|[86]|allfields|"Id,OwnerId,IsDeleted (64 more) ..."
07:37:40.0 (37250033)|HEAP_ALLOCATE|[85]|Bytes:5
07:37:40.0 (37255414)|HEAP_ALLOCATE|[85]|Bytes:14
07:37:40.0 (37259083)|VARIABLE_SCOPE_BEGIN|[85]|fieldname|String|false|false
07:37:40.0 (37265498)|VARIABLE_ASSIGNMENT|[85]|fieldname|"SystemModstamp"
07:37:40.0 (37269134)|STATEMENT_EXECUTE|[86]
07:37:40.0 (37271463)|HEAP_ALLOCATE|[86]|Bytes:15
07:37:40.0 (37274773)|HEAP_ALLOCATE|[86]|Bytes:99
07:37:40.0 (37278713)|VARIABLE_ASSIGNMENT|[86]|allfields|"Id,OwnerId,IsDeleted (79 more) ..."
07:37:40.0 (37284378)|HEAP_ALLOCATE|[85]|Bytes:5
07:37:40.0 (37289574)|HEAP_ALLOCATE|[85]|Bytes:16
07:37:40.0 (37293366)|VARIABLE_SCOPE_BEGIN|[85]|fieldname|String|false|false
07:37:40.0 (37300040)|VARIABLE_ASSIGNMENT|[85]|fieldname|"LastActivityDate"
07:37:40.0 (37303035)|STATEMENT_EXECUTE|[86]
07:37:40.0 (37305351)|HEAP_ALLOCATE|[86]|Bytes:17
07:37:40.0 (37308737)|HEAP_ALLOCATE|[86]|Bytes:116
07:37:40.0 (37313148)|VARIABLE_ASSIGNMENT|[86]|allfields|"Id,OwnerId,IsDeleted (96 more) ..."
07:37:40.0 (37319176)|HEAP_ALLOCATE|[85]|Bytes:5
07:37:40.0 (37324039)|HEAP_ALLOCATE|[85]|Bytes:14
07:37:40.0 (37327422)|VARIABLE_SCOPE_BEGIN|[85]|fieldname|String|false|false
07:37:40.0 (37333870)|VARIABLE_ASSIGNMENT|[85]|fieldname|"LastViewedDate"
07:37:40.0 (37336841)|STATEMENT_EXECUTE|[86]
07:37:40.0 (37339153)|HEAP_ALLOCATE|[86]|Bytes:15
07:37:40.0 (37342416)|HEAP_ALLOCATE|[86]|Bytes:131
07:37:40.0 (37347448)|VARIABLE_ASSIGNMENT|[86]|allfields|"Id,OwnerId,IsDeleted (111 more) ..."
07:37:40.0 (37353589)|HEAP_ALLOCATE|[85]|Bytes:5
07:37:40.0 (37358714)|HEAP_ALLOCATE|[85]|Bytes:18
07:37:40.0 (37362522)|VARIABLE_SCOPE_BEGIN|[85]|fieldname|String|false|false
07:37:40.0 (37368791)|VARIABLE_ASSIGNMENT|[85]|fieldname|"LastReferencedDate"
07:37:40.0 (37372046)|STATEMENT_EXECUTE|[86]
07:37:40.0 (37374392)|HEAP_ALLOCATE|[86]|Bytes:19
07:37:40.0 (37378015)|HEAP_ALLOCATE|[86]|Bytes:150
07:37:40.0 (37382010)|VARIABLE_ASSIGNMENT|[86]|allfields|"Id,OwnerId,IsDeleted (130 more) ..."
07:37:40.0 (37388136)|HEAP_ALLOCATE|[85]|Bytes:5
07:37:40.0 (37393128)|HEAP_ALLOCATE|[85]|Bytes:9
07:37:40.0 (37396802)|VARIABLE_SCOPE_BEGIN|[85]|fieldname|String|false|false
07:37:40.0 (37403795)|VARIABLE_ASSIGNMENT|[85]|fieldname|"Client__c"
07:37:40.0 (37407092)|STATEMENT_EXECUTE|[86]
07:37:40.0 (37409324)|HEAP_ALLOCATE|[86]|Bytes:10
07:37:40.0 (37412524)|HEAP_ALLOCATE|[86]|Bytes:160
07:37:40.0 (37416339)|VARIABLE_ASSIGNMENT|[86]|allfields|"Id,OwnerId,IsDeleted (140 more) ..."
07:37:40.0 (37422069)|HEAP_ALLOCATE|[85]|Bytes:5
07:37:40.0 (37427272)|HEAP_ALLOCATE|[85]|Bytes:15
07:37:40.0 (37431090)|VARIABLE_SCOPE_BEGIN|[85]|fieldname|String|false|false
07:37:40.0 (37437510)|VARIABLE_ASSIGNMENT|[85]|fieldname|"End_Customer__c"
07:37:40.0 (37440481)|STATEMENT_EXECUTE|[86]
07:37:40.0 (37443004)|HEAP_ALLOCATE|[86]|Bytes:16
07:37:40.0 (37446321)|HEAP_ALLOCATE|[86]|Bytes:176
07:37:40.0 (37450416)|VARIABLE_ASSIGNMENT|[86]|allfields|"Id,OwnerId,IsDeleted (156 more) ..."
07:37:40.0 (37456282)|HEAP_ALLOCATE|[85]|Bytes:5
07:37:40.0 (37461512)|HEAP_ALLOCATE|[85]|Bytes:19
07:37:40.0 (37464851)|VARIABLE_SCOPE_BEGIN|[85]|fieldname|String|false|false
07:37:40.0 (37471349)|VARIABLE_ASSIGNMENT|[85]|fieldname|"Operation_Region__c"
07:37:40.0 (37474437)|STATEMENT_EXECUTE|[86]
07:37:40.0 (37477002)|HEAP_ALLOCATE|[86]|Bytes:20
07:37:40.0 (37484097)|HEAP_ALLOCATE|[86]|Bytes:196
07:37:40.0 (37489237)|VARIABLE_ASSIGNMENT|[86]|allfields|"Id,OwnerId,IsDeleted (176 more) ..."
07:37:40.0 (37495615)|HEAP_ALLOCATE|[85]|Bytes:5
07:37:40.0 (37500945)|HEAP_ALLOCATE|[85]|Bytes:14
07:37:40.0 (37504483)|VARIABLE_SCOPE_BEGIN|[85]|fieldname|String|false|false
07:37:40.0 (37511162)|VARIABLE_ASSIGNMENT|[85]|fieldname|"Work_Region__c"
07:37:40.0 (37514161)|STATEMENT_EXECUTE|[86]
07:37:40.0 (37516765)|HEAP_ALLOCATE|[86]|Bytes:15
07:37:40.0 (37519874)|HEAP_ALLOCATE|[86]|Bytes:211
07:37:40.0 (37524294)|VARIABLE_ASSIGNMENT|[86]|allfields|"Id,OwnerId,IsDeleted (191 more) ..."
07:37:40.0 (37530074)|HEAP_ALLOCATE|[85]|Bytes:5
07:37:40.0 (37535414)|HEAP_ALLOCATE|[85]|Bytes:25
07:37:40.0 (37539008)|VARIABLE_SCOPE_BEGIN|[85]|fieldname|String|false|false
07:37:40.0 (37545930)|VARIABLE_ASSIGNMENT|[85]|fieldname|"Client_Project_Manag (5 more) ..."
07:37:40.0 (37549411)|STATEMENT_EXECUTE|[86]
07:37:40.0 (37551765)|HEAP_ALLOCATE|[86]|Bytes:26
07:37:40.0 (37556657)|HEAP_ALLOCATE|[86]|Bytes:237
07:37:40.0 (37562158)|VARIABLE_ASSIGNMENT|[86]|allfields|"Id,OwnerId,IsDeleted (217 more) ..."
07:37:40.0 (37569115)|HEAP_ALLOCATE|[85]|Bytes:5
07:37:40.0 (37574394)|HEAP_ALLOCATE|[85]|Bytes:15
07:37:40.0 (37578064)|VARIABLE_SCOPE_BEGIN|[85]|fieldname|String|false|false
07:37:40.0 (37585351)|VARIABLE_ASSIGNMENT|[85]|fieldname|"Project_code__c"
07:37:40.0 (37588507)|STATEMENT_EXECUTE|[86]
07:37:40.0 (37590847)|HEAP_ALLOCATE|[86]|Bytes:16
07:37:40.0 (37594574)|HEAP_ALLOCATE|[86]|Bytes:253
07:37:40.0 (37598622)|VARIABLE_ASSIGNMENT|[86]|allfields|"Id,OwnerId,IsDeleted (233 more) ..."
07:37:40.0 (37604607)|HEAP_ALLOCATE|[85]|Bytes:5
07:37:40.0 (37609407)|HEAP_ALLOCATE|[85]|Bytes:23
07:37:40.0 (37612813)|VARIABLE_SCOPE_BEGIN|[85]|fieldname|String|false|false
07:37:40.0 (37619666)|VARIABLE_ASSIGNMENT|[85]|fieldname|"Company_project_code (3 more) ..."
07:37:40.0 (37623075)|STATEMENT_EXECUTE|[86]
07:37:40.0 (37625328)|HEAP_ALLOCATE|[86]|Bytes:24
07:37:40.0 (37628559)|HEAP_ALLOCATE|[86]|Bytes:277
07:37:40.0 (37632381)|VARIABLE_ASSIGNMENT|[86]|allfields|"Id,OwnerId,IsDeleted (257 more) ..."
07:37:40.0 (37638397)|HEAP_ALLOCATE|[85]|Bytes:5
07:37:40.0 (37643538)|HEAP_ALLOCATE|[85]|Bytes:16
07:37:40.0 (37647180)|VARIABLE_SCOPE_BEGIN|[85]|fieldname|String|false|false
07:37:40.0 (37654313)|VARIABLE_ASSIGNMENT|[85]|fieldname|"Project_Scope__c"
07:37:40.0 (37657632)|STATEMENT_EXECUTE|[86]
07:37:40.0 (37659807)|HEAP_ALLOCATE|[86]|Bytes:17
07:37:40.0 (37663243)|HEAP_ALLOCATE|[86]|Bytes:294
07:37:40.0 (37667640)|VARIABLE_ASSIGNMENT|[86]|allfields|"Id,OwnerId,IsDeleted (274 more) ..."
07:37:40.0 (37673483)|HEAP_ALLOCATE|[85]|Bytes:5
07:37:40.0 (37678288)|HEAP_ALLOCATE|[85]|Bytes:14
07:37:40.0 (37682047)|VARIABLE_SCOPE_BEGIN|[85]|fieldname|String|false|false
07:37:40.0 (37688097)|VARIABLE_ASSIGNMENT|[85]|fieldname|"Cost_Centre__c"
07:37:40.0 (37691130)|STATEMENT_EXECUTE|[86]
07:37:40.0 (37693422)|HEAP_ALLOCATE|[86]|Bytes:15
07:37:40.0 (37697184)|HEAP_ALLOCATE|[86]|Bytes:309
07:37:40.0 (37701209)|VARIABLE_ASSIGNMENT|[86]|allfields|"Id,OwnerId,IsDeleted (289 more) ..."
07:37:40.0 (37707216)|HEAP_ALLOCATE|[85]|Bytes:5
07:37:40.0 (37712112)|HEAP_ALLOCATE|[85]|Bytes:13
07:37:40.0 (37715732)|VARIABLE_SCOPE_BEGIN|[85]|fieldname|String|false|false
07:37:40.0 (37722091)|VARIABLE_ASSIGNMENT|[85]|fieldname|"Production__c"
07:37:40.0 (37725211)|STATEMENT_EXECUTE|[86]
07:37:40.0 (37727418)|HEAP_ALLOCATE|[86]|Bytes:14
07:37:40.0 (37730681)|HEAP_ALLOCATE|[86]|Bytes:323
07:37:40.0 (37735514)|VARIABLE_ASSIGNMENT|[86]|allfields|"Id,OwnerId,IsDeleted (303 more) ..."
07:37:40.0 (37741671)|HEAP_ALLOCATE|[85]|Bytes:5
07:37:40.0 (37746515)|HEAP_ALLOCATE|[85]|Bytes:5
07:37:40.0 (37750002)|VARIABLE_SCOPE_BEGIN|[85]|fieldname|String|false|false
07:37:40.0 (37756252)|VARIABLE_ASSIGNMENT|[85]|fieldname|"QC__c"
07:37:40.0 (37759365)|STATEMENT_EXECUTE|[86]
07:37:40.0 (37761578)|HEAP_ALLOCATE|[86]|Bytes:6
07:37:40.0 (37764707)|HEAP_ALLOCATE|[86]|Bytes:329
07:37:40.0 (37769682)|VARIABLE_ASSIGNMENT|[86]|allfields|"Id,OwnerId,IsDeleted (309 more) ..."
07:37:40.0 (37775445)|HEAP_ALLOCATE|[85]|Bytes:5
07:37:40.0 (37780453)|HEAP_ALLOCATE|[85]|Bytes:11
07:37:40.0 (37784139)|VARIABLE_SCOPE_BEGIN|[85]|fieldname|String|false|false
07:37:40.0 (37790107)|VARIABLE_ASSIGNMENT|[85]|fieldname|"Delivery__c"
07:37:40.0 (37792910)|STATEMENT_EXECUTE|[86]
07:37:40.0 (37795151)|HEAP_ALLOCATE|[86]|Bytes:12
07:37:40.0 (37798464)|HEAP_ALLOCATE|[86]|Bytes:341
07:37:40.0 (37802457)|VARIABLE_ASSIGNMENT|[86]|allfields|"Id,OwnerId,IsDeleted (321 more) ..."
07:37:40.0 (37808750)|HEAP_ALLOCATE|[85]|Bytes:5
07:37:40.0 (37813722)|HEAP_ALLOCATE|[85]|Bytes:5
07:37:40.0 (37820013)|VARIABLE_SCOPE_BEGIN|[85]|fieldname|String|false|false
07:37:40.0 (37826826)|VARIABLE_ASSIGNMENT|[85]|fieldname|"QA__c"
07:37:40.0 (37830358)|STATEMENT_EXECUTE|[86]
07:37:40.0 (37832745)|HEAP_ALLOCATE|[86]|Bytes:6
07:37:40.0 (37835709)|HEAP_ALLOCATE|[86]|Bytes:347
07:37:40.0 (37839764)|VARIABLE_ASSIGNMENT|[86]|allfields|"Id,OwnerId,IsDeleted (327 more) ..."
07:37:40.0 (37846081)|HEAP_ALLOCATE|[85]|Bytes:5
07:37:40.0 (37851043)|HEAP_ALLOCATE|[85]|Bytes:25
07:37:40.0 (37855344)|VARIABLE_SCOPE_BEGIN|[85]|fieldname|String|false|false
07:37:40.0 (37862912)|VARIABLE_ASSIGNMENT|[85]|fieldname|"OffshoreProjectManag (5 more) ..."
07:37:40.0 (37865857)|STATEMENT_EXECUTE|[86]
07:37:40.0 (37868313)|HEAP_ALLOCATE|[86]|Bytes:26
07:37:40.0 (37871610)|HEAP_ALLOCATE|[86]|Bytes:373
07:37:40.0 (37875744)|VARIABLE_ASSIGNMENT|[86]|allfields|"Id,OwnerId,IsDeleted (353 more) ..."
07:37:40.0 (37881839)|HEAP_ALLOCATE|[85]|Bytes:5
07:37:40.0 (37886908)|HEAP_ALLOCATE|[85]|Bytes:12
07:37:40.0 (37890468)|VARIABLE_SCOPE_BEGIN|[85]|fieldname|String|false|false
07:37:40.0 (37896589)|VARIABLE_ASSIGNMENT|[85]|fieldname|"Team_Lead__c"
07:37:40.0 (37900344)|STATEMENT_EXECUTE|[86]
07:37:40.0 (37902561)|HEAP_ALLOCATE|[86]|Bytes:13
07:37:40.0 (37905606)|HEAP_ALLOCATE|[86]|Bytes:386
07:37:40.0 (37909509)|VARIABLE_ASSIGNMENT|[86]|allfields|"Id,OwnerId,IsDeleted (366 more) ..."
07:37:40.0 (37915279)|HEAP_ALLOCATE|[85]|Bytes:5
07:37:40.0 (37920367)|HEAP_ALLOCATE|[85]|Bytes:21
07:37:40.0 (37924046)|VARIABLE_SCOPE_BEGIN|[85]|fieldname|String|false|false
07:37:40.0 (37930838)|VARIABLE_ASSIGNMENT|[85]|fieldname|"Project_Start_Date__ (1 more) ..."
07:37:40.0 (37933786)|STATEMENT_EXECUTE|[86]
07:37:40.0 (37936041)|HEAP_ALLOCATE|[86]|Bytes:22
07:37:40.0 (37939600)|HEAP_ALLOCATE|[86]|Bytes:408
07:37:40.0 (37943828)|VARIABLE_ASSIGNMENT|[86]|allfields|"Id,OwnerId,IsDeleted (388 more) ..."
07:37:40.0 (37949816)|HEAP_ALLOCATE|[85]|Bytes:5
07:37:40.0 (37954892)|HEAP_ALLOCATE|[85]|Bytes:19
07:37:40.0 (37958620)|VARIABLE_SCOPE_BEGIN|[85]|fieldname|String|false|false
07:37:40.0 (37965576)|VARIABLE_ASSIGNMENT|[85]|fieldname|"Project_End_Date__c"
07:37:40.0 (37968821)|STATEMENT_EXECUTE|[86]
07:37:40.0 (37971082)|HEAP_ALLOCATE|[86]|Bytes:20
07:37:40.0 (37974260)|HEAP_ALLOCATE|[86]|Bytes:428
07:37:40.0 (37978317)|VARIABLE_ASSIGNMENT|[86]|allfields|"Id,OwnerId,IsDeleted (408 more) ..."
07:37:40.0 (37984389)|HEAP_ALLOCATE|[85]|Bytes:5
07:37:40.0 (37989339)|HEAP_ALLOCATE|[85]|Bytes:8
07:37:40.0 (37992905)|VARIABLE_SCOPE_BEGIN|[85]|fieldname|String|false|false
07:37:40.0 (37999151)|VARIABLE_ASSIGNMENT|[85]|fieldname|"Units__c"
07:37:40.0 (38002433)|STATEMENT_EXECUTE|[86]
07:37:40.0 (38005320)|HEAP_ALLOCATE|[86]|Bytes:9
07:37:40.0 (38008552)|HEAP_ALLOCATE|[86]|Bytes:437
07:37:40.0 (38012743)|VARIABLE_ASSIGNMENT|[86]|allfields|"Id,OwnerId,IsDeleted (417 more) ..."
07:37:40.0 (38018678)|HEAP_ALLOCATE|[85]|Bytes:5
07:37:40.0 (38023825)|HEAP_ALLOCATE|[85]|Bytes:8
07:37:40.0 (38027277)|VARIABLE_SCOPE_BEGIN|[85]|fieldname|String|false|false
07:37:40.0 (38033814)|VARIABLE_ASSIGNMENT|[85]|fieldname|"Nodes__c"
07:37:40.0 (38036859)|STATEMENT_EXECUTE|[86]
07:37:40.0 (38038997)|HEAP_ALLOCATE|[86]|Bytes:9
07:37:40.0 (38042485)|HEAP_ALLOCATE|[86]|Bytes:446
07:37:40.0 (38046628)|VARIABLE_ASSIGNMENT|[86]|allfields|"Id,OwnerId,IsDeleted (426 more) ..."
07:37:40.0 (38052550)|HEAP_ALLOCATE|[85]|Bytes:5
07:37:40.0 (38057637)|HEAP_ALLOCATE|[85]|Bytes:10
07:37:40.0 (38061367)|VARIABLE_SCOPE_BEGIN|[85]|fieldname|String|false|false
07:37:40.0 (38067634)|VARIABLE_ASSIGNMENT|[85]|fieldname|"Footage__c"
07:37:40.0 (38071211)|STATEMENT_EXECUTE|[86]
07:37:40.0 (38073436)|HEAP_ALLOCATE|[86]|Bytes:11
07:37:40.0 (38076523)|HEAP_ALLOCATE|[86]|Bytes:457
07:37:40.0 (38080491)|VARIABLE_ASSIGNMENT|[86]|allfields|"Id,OwnerId,IsDeleted (437 more) ..."
07:37:40.0 (38086432)|HEAP_ALLOCATE|[85]|Bytes:5
07:37:40.0 (38091164)|HEAP_ALLOCATE|[85]|Bytes:8
07:37:40.0 (38094385)|VARIABLE_SCOPE_BEGIN|[85]|fieldname|String|false|false
07:37:40.0 (38100678)|VARIABLE_ASSIGNMENT|[85]|fieldname|"Miles__c"
07:37:40.0 (38104128)|STATEMENT_EXECUTE|[86]
07:37:40.0 (38106310)|HEAP_ALLOCATE|[86]|Bytes:9
07:37:40.0 (38109568)|HEAP_ALLOCATE|[86]|Bytes:466
07:37:40.0 (38113705)|VARIABLE_ASSIGNMENT|[86]|allfields|"Id,OwnerId,IsDeleted (446 more) ..."
07:37:40.0 (38119650)|HEAP_ALLOCATE|[85]|Bytes:5
07:37:40.0 (38124523)|HEAP_ALLOCATE|[85]|Bytes:7
07:37:40.0 (38128327)|VARIABLE_SCOPE_BEGIN|[85]|fieldname|String|false|false
07:37:40.0 (38134203)|VARIABLE_ASSIGNMENT|[85]|fieldname|"Jobs__c"
07:37:40.0 (38137371)|STATEMENT_EXECUTE|[86]
07:37:40.0 (38139581)|HEAP_ALLOCATE|[86]|Bytes:8
07:37:40.0 (38143257)|HEAP_ALLOCATE|[86]|Bytes:474
07:37:40.0 (38147352)|VARIABLE_ASSIGNMENT|[86]|allfields|"Id,OwnerId,IsDeleted (454 more) ..."
07:37:40.0 (38153248)|HEAP_ALLOCATE|[85]|Bytes:5
07:37:40.0 (38158380)|HEAP_ALLOCATE|[85]|Bytes:8
07:37:40.0 (38161904)|VARIABLE_SCOPE_BEGIN|[85]|fieldname|String|false|false
07:37:40.0 (38169060)|VARIABLE_ASSIGNMENT|[85]|fieldname|"Hours__c"
07:37:40.0 (38171969)|STATEMENT_EXECUTE|[86]
07:37:40.0 (38174181)|HEAP_ALLOCATE|[86]|Bytes:9
07:37:40.0 (38177606)|HEAP_ALLOCATE|[86]|Bytes:483
07:37:40.0 (38181913)|VARIABLE_ASSIGNMENT|[86]|allfields|"Id,OwnerId,IsDeleted (463 more) ..."
07:37:40.0 (38187671)|HEAP_ALLOCATE|[85]|Bytes:5
07:37:40.0 (38192609)|HEAP_ALLOCATE|[85]|Bytes:7
07:37:40.0 (38195934)|VARIABLE_SCOPE_BEGIN|[85]|fieldname|String|false|false
07:37:40.0 (38201771)|VARIABLE_ASSIGNMENT|[85]|fieldname|"Team__c"
07:37:40.0 (38205140)|STATEMENT_EXECUTE|[86]
07:37:40.0 (38207396)|HEAP_ALLOCATE|[86]|Bytes:8
07:37:40.0 (38210586)|HEAP_ALLOCATE|[86]|Bytes:491
07:37:40.0 (38215132)|VARIABLE_ASSIGNMENT|[86]|allfields|"Id,OwnerId,IsDeleted (471 more) ..."
07:37:40.0 (38221339)|HEAP_ALLOCATE|[85]|Bytes:5
07:37:40.0 (38227496)|VARIABLE_ASSIGNMENT|[85]|fieldname|null
07:37:40.0 (38231254)|STATEMENT_EXECUTE|[88]
07:37:40.0 (38282716)|HEAP_ALLOCATE|[88]|Bytes:490
07:37:40.0 (38293175)|VARIABLE_ASSIGNMENT|[88]|allfields|"Id,OwnerId,IsDeleted (470 more) ..."
07:37:40.0 (38297418)|STATEMENT_EXECUTE|[90]
07:37:40.0 (38305187)|METHOD_EXIT|[16]|01p7F00000Ehro9|PM_Project_Edit_Controller.getAllFields(String)
07:37:40.0 (38310905)|HEAP_ALLOCATE|[16]|Bytes:32
07:37:40.0 (38319351)|HEAP_ALLOCATE|[16]|Bytes:529
07:37:40.0 (38790307)|SOQL_EXECUTE_BEGIN|[16]|Aggregations:0|select Id,OwnerId,IsDeleted,Name,CreatedDate,CreatedById,LastModifiedDate,LastModifiedById,SystemModstamp,LastActivityDate,LastViewedDate,LastReferencedDate,Client__c,End_Customer__c,Operation_Region__c,Work_Region__c,Client_Project_Manager__c,Project_code__c,Company_project_code__c,Project_Scope__c,Cost_Centre__c,Production__c,QC__c,Delivery__c,QA__c,OffshoreProjectManager__c,Team_Lead__c,Project_Start_Date__c,Project_End_Date__c,Units__c,Nodes__c,Footage__c,Miles__c,Jobs__c,Hours__c,Team__c from Project__c where Id = :pid
07:37:40.0 (40435870)|SOQL_EXECUTE_END|[16]|Rows:0
07:37:40.0 (40456548)|HEAP_ALLOCATE|[16]|Bytes:4
07:37:40.0 (40466756)|HEAP_ALLOCATE|[16]|Bytes:0
07:37:40.0 (40515908)|HEAP_ALLOCATE|[16]|Bytes:4
07:37:40.0 (40527929)|HEAP_ALLOCATE|[16]|Bytes:36
07:37:40.0 (40596388)|HEAP_ALLOCATE|[16]|Bytes:46
07:37:40.0 (40607457)|SYSTEM_MODE_EXIT|false
07:37:40.0 (40684406)|FATAL_ERROR|System.QueryException: List has no rows for assignment to SObject

Class.PM_Project_Edit_Controller.<init>: line 16, column 1
