36.0 APEX_CODE,FINEST;APEX_PROFILING,INFO;CALLOUT,INFO;DB,INFO;SYSTEM,DEBUG;VALIDATION,INFO;VISUALFORCE,INFO;WAVE,INFO;WORKFLOW,INFO
07:46:47.0 (344981)|USER_INFO|[EXTERNAL]|0057F000000Tiz6|ksb994@salesforce.com|Pacific Standard Time|GMT-08:00
07:46:47.0 (396940)|EXECUTION_STARTED
07:46:47.0 (402480)|CODE_UNIT_STARTED|[EXTERNAL]|0667F000004uRC1|VF: /apex/PM_Project_Edit
07:46:47.0 (3253856)|SYSTEM_MODE_ENTER|true
07:46:47.0 (3604022)|HEAP_ALLOCATE|[72]|Bytes:3
07:46:47.0 (3643286)|HEAP_ALLOCATE|[77]|Bytes:152
07:46:47.0 (3673213)|HEAP_ALLOCATE|[342]|Bytes:408
07:46:47.0 (3689685)|HEAP_ALLOCATE|[355]|Bytes:408
07:46:47.0 (3704102)|HEAP_ALLOCATE|[467]|Bytes:48
07:46:47.0 (3733288)|HEAP_ALLOCATE|[139]|Bytes:6
07:46:47.0 (3752524)|HEAP_ALLOCATE|[EXTERNAL]|Bytes:140
07:46:47.0 (3758359)|HEAP_ALLOCATE|[EXTERNAL]|Bytes:20
07:46:47.0 (3761790)|HEAP_ALLOCATE|[EXTERNAL]|Bytes:2
07:46:47.0 (3771486)|METHOD_ENTRY|[1]|01p7F00000Ehro9|PM_Project_Edit_Controller.PM_Project_Edit_Controller()
07:46:47.0 (3776867)|STATEMENT_EXECUTE|[1]
07:46:47.0 (3781912)|STATEMENT_EXECUTE|[1]
07:46:47.0 (3809502)|HEAP_ALLOCATE|[50]|Bytes:5
07:46:47.0 (3832023)|HEAP_ALLOCATE|[56]|Bytes:5
07:46:47.0 (3839376)|HEAP_ALLOCATE|[64]|Bytes:7
07:46:47.0 (3866522)|SYSTEM_MODE_ENTER|false
07:46:47.0 (3880451)|HEAP_ALLOCATE|[EXTERNAL]|Bytes:5
07:46:47.0 (3888141)|SYSTEM_MODE_EXIT|false
07:46:47.0 (3895767)|METHOD_EXIT|[1]|PM_Project_Edit_Controller
07:46:47.0 (3915237)|HEAP_ALLOCATE|[EXTERNAL]|Bytes:24
07:46:47.0 (3928714)|VARIABLE_SCOPE_BEGIN|[10]|this|PM_Project_Edit_Controller|true|false
07:46:47.0 (3985392)|VARIABLE_ASSIGNMENT|[10]|this|{}|0x275b545
07:46:47.0 (3993559)|VARIABLE_SCOPE_BEGIN|[10]|stdController|ApexPages.StandardController|true|false
07:46:47.0 (4216709)|VARIABLE_ASSIGNMENT|[10]|stdController|"StandardController [null]"|0x6cb06c16
07:46:47.0 (4242199)|SYSTEM_MODE_ENTER|false
07:46:47.0 (4249253)|HEAP_ALLOCATE|[7]|Bytes:5
07:46:47.0 (4254163)|STATEMENT_EXECUTE|[1]
07:46:47.0 (4259207)|HEAP_ALLOCATE|[7]|Bytes:5
07:46:47.0 (4262178)|STATEMENT_EXECUTE|[3]
07:46:47.0 (4263359)|STATEMENT_EXECUTE|[4]
07:46:47.0 (4264432)|STATEMENT_EXECUTE|[6]
07:46:47.0 (4265332)|STATEMENT_EXECUTE|[7]
07:46:47.0 (4283670)|HEAP_ALLOCATE|[7]|Bytes:4
07:46:47.0 (4349525)|HEAP_ALLOCATE|[EXTERNAL]|Bytes:4
07:46:47.0 (4364409)|VARIABLE_ASSIGNMENT|[7]|this.usersList|[]|0x275b545
07:46:47.0 (4370152)|STATEMENT_EXECUTE|[8]
07:46:47.0 (4373441)|HEAP_ALLOCATE|[8]|Bytes:1
07:46:47.0 (4381860)|VARIABLE_ASSIGNMENT|[8]|this.nonSelectedUserId|"("|0x275b545
07:46:47.0 (4393711)|HEAP_ALLOCATE|[8]|Bytes:6
07:46:47.0 (4426884)|STATEMENT_EXECUTE|[10]
07:46:47.0 (4428850)|STATEMENT_EXECUTE|[11]
07:46:47.0 (4539544)|HEAP_ALLOCATE|[11]|Bytes:4
07:46:47.0 (4589284)|VARIABLE_ASSIGNMENT|[EXTERNAL]|this|{"nonSelectedUserId":"(","usersList":"0x7a0a7aa6"}|0x275b545
07:46:47.0 (4602814)|VARIABLE_ASSIGNMENT|[EXTERNAL]|value|{}|0x3a7bfc8
07:46:47.0 (4612705)|VARIABLE_ASSIGNMENT|[3]|this.project|{}|0x275b545
07:46:47.0 (4621006)|STATEMENT_EXECUTE|[12]
07:46:47.0 (4654635)|HEAP_ALLOCATE|[12]|Bytes:46
07:46:47.0 (4697506)|HEAP_ALLOCATE|[12]|Bytes:21
07:46:47.0 (4719534)|HEAP_ALLOCATE|[12]|Bytes:3
07:46:47.0 (4752217)|HEAP_ALLOCATE|[12]|Bytes:4
07:46:47.0 (4758355)|VARIABLE_SCOPE_BEGIN|[12]|pid|Id|false|false
07:46:47.0 (4831489)|VARIABLE_ASSIGNMENT|[12]|pid|"a057F0000039WImQAM"
07:46:47.0 (4838166)|STATEMENT_EXECUTE|[16]
07:46:47.0 (4841553)|HEAP_ALLOCATE|[16]|Bytes:7
07:46:47.0 (4846405)|HEAP_ALLOCATE|[16]|Bytes:10
07:46:47.0 (4861998)|METHOD_ENTRY|[16]|01p7F00000Ehro9|PM_Project_Edit_Controller.getAllFields(String)
07:46:47.0 (4879681)|VARIABLE_SCOPE_BEGIN|[74]|sobjectname|String|false|false
07:46:47.0 (4889686)|VARIABLE_ASSIGNMENT|[74]|sobjectname|"Project__c"
07:46:47.0 (4908180)|HEAP_ALLOCATE|[75]|Bytes:5
07:46:47.0 (4912404)|STATEMENT_EXECUTE|[74]
07:46:47.0 (105078893)|HEAP_ALLOCATE|[75]|Bytes:1468
07:46:47.0 (105136383)|STATEMENT_EXECUTE|[75]
07:46:47.0 (105139078)|STATEMENT_EXECUTE|[78]
07:46:47.0 (109423024)|HEAP_ALLOCATE|[78]|Bytes:1468
07:46:47.0 (109651407)|HEAP_ALLOCATE|[78]|Bytes:4
07:46:47.0 (109712026)|HEAP_ALLOCATE|[78]|Bytes:4
07:46:47.0 (110013899)|HEAP_ALLOCATE|[78]|Bytes:148
07:46:47.0 (110028137)|VARIABLE_SCOPE_BEGIN|[78]|fields|Map<String,Schema.SObjectField>|true|false
07:46:47.0 (110276848)|VARIABLE_ASSIGNMENT|[78]|fields|"{client__c=Client__c, client_project_manager__c=Client_Project_Manager__c, company_project_code__c=Company_project_code__c, cost_centre__c=Cost_Centre__c, createdbyid=CreatedById, createddate=CreatedDate, delivery__c=Delivery__c, end_customer__c=End_Customer__c, footage__c=Footage__c, hours__c=Hours__c, ...}"|0xa52316e
07:46:47.0 (110288922)|STATEMENT_EXECUTE|[79]
07:46:47.0 (110301613)|HEAP_ALLOCATE|[79]|Bytes:4
07:46:47.0 (110334213)|VARIABLE_SCOPE_BEGIN|[79]|accessiblefields|List<String>|true|false
07:46:47.0 (110363879)|HEAP_ALLOCATE|[EXTERNAL]|Bytes:4
07:46:47.0 (110376997)|VARIABLE_ASSIGNMENT|[79]|accessiblefields|[]|0x1c65863d
07:46:47.0 (110426635)|HEAP_ALLOCATE|[EXTERNAL]|Bytes:148
07:46:47.0 (110445509)|HEAP_ALLOCATE|[80]|Bytes:148
07:46:47.0 (110526012)|HEAP_ALLOCATE|[80]|Bytes:5
07:46:47.0 (110545238)|VARIABLE_SCOPE_BEGIN|[80]|field|Schema.SObjectField|true|false
07:46:47.0 (110618743)|VARIABLE_ASSIGNMENT|[80]|field|"common.apex.runtime.impl.ApexFieldToken@6d0fc651"|0x6d0fc651
07:46:47.0 (110627244)|STATEMENT_EXECUTE|[80]
07:46:47.0 (111063220)|HEAP_ALLOCATE|[81]|Bytes:8
07:46:47.0 (111088546)|STATEMENT_EXECUTE|[82]
07:46:47.0 (111124560)|HEAP_ALLOCATE|[82]|Bytes:8
07:46:47.0 (111139740)|HEAP_ALLOCATE|[82]|Bytes:2
07:46:47.0 (111156420)|HEAP_ALLOCATE|[EXTERNAL]|Bytes:4
07:46:47.0 (111170922)|HEAP_ALLOCATE|[80]|Bytes:5
07:46:47.0 (111185253)|VARIABLE_SCOPE_BEGIN|[80]|field|Schema.SObjectField|true|false
07:46:47.0 (111256457)|VARIABLE_ASSIGNMENT|[80]|field|"common.apex.runtime.impl.ApexFieldToken@764d53df"|0x764d53df
07:46:47.0 (111264805)|STATEMENT_EXECUTE|[80]
07:46:47.0 (111412254)|HEAP_ALLOCATE|[81]|Bytes:8
07:46:47.0 (111426740)|STATEMENT_EXECUTE|[82]
07:46:47.0 (111443723)|HEAP_ALLOCATE|[82]|Bytes:8
07:46:47.0 (111452033)|HEAP_ALLOCATE|[82]|Bytes:7
07:46:47.0 (111461218)|HEAP_ALLOCATE|[EXTERNAL]|Bytes:4
07:46:47.0 (111472923)|HEAP_ALLOCATE|[80]|Bytes:5
07:46:47.0 (111485700)|VARIABLE_SCOPE_BEGIN|[80]|field|Schema.SObjectField|true|false
07:46:47.0 (111555260)|VARIABLE_ASSIGNMENT|[80]|field|"common.apex.runtime.impl.ApexFieldToken@46a97745"|0x46a97745
07:46:47.0 (111563150)|STATEMENT_EXECUTE|[80]
07:46:47.0 (111674559)|HEAP_ALLOCATE|[81]|Bytes:8
07:46:47.0 (111689013)|STATEMENT_EXECUTE|[82]
07:46:47.0 (111706788)|HEAP_ALLOCATE|[82]|Bytes:8
07:46:47.0 (111714943)|HEAP_ALLOCATE|[82]|Bytes:9
07:46:47.0 (111725104)|HEAP_ALLOCATE|[EXTERNAL]|Bytes:4
07:46:47.0 (111737282)|HEAP_ALLOCATE|[80]|Bytes:5
07:46:47.0 (111750054)|VARIABLE_SCOPE_BEGIN|[80]|field|Schema.SObjectField|true|false
07:46:47.0 (111818374)|VARIABLE_ASSIGNMENT|[80]|field|"common.apex.runtime.impl.ApexFieldToken@11bb0eb6"|0x11bb0eb6
07:46:47.0 (111828638)|STATEMENT_EXECUTE|[80]
07:46:47.0 (111949234)|HEAP_ALLOCATE|[81]|Bytes:8
07:46:47.0 (111970343)|STATEMENT_EXECUTE|[82]
07:46:47.0 (111992053)|HEAP_ALLOCATE|[82]|Bytes:8
07:46:47.0 (112003600)|HEAP_ALLOCATE|[82]|Bytes:4
07:46:47.0 (112015871)|HEAP_ALLOCATE|[EXTERNAL]|Bytes:4
07:46:47.0 (112031356)|HEAP_ALLOCATE|[80]|Bytes:5
07:46:47.0 (112047879)|VARIABLE_SCOPE_BEGIN|[80]|field|Schema.SObjectField|true|false
07:46:47.0 (112151958)|VARIABLE_ASSIGNMENT|[80]|field|"common.apex.runtime.impl.ApexFieldToken@2957f9e"|0x2957f9e
07:46:47.0 (112163807)|STATEMENT_EXECUTE|[80]
07:46:47.0 (112334843)|HEAP_ALLOCATE|[81]|Bytes:8
07:46:47.0 (112356495)|STATEMENT_EXECUTE|[82]
07:46:47.0 (112383244)|HEAP_ALLOCATE|[82]|Bytes:8
07:46:47.0 (112396752)|HEAP_ALLOCATE|[82]|Bytes:11
07:46:47.0 (112412935)|HEAP_ALLOCATE|[EXTERNAL]|Bytes:4
07:46:47.0 (112430042)|HEAP_ALLOCATE|[80]|Bytes:5
07:46:47.0 (112448259)|VARIABLE_SCOPE_BEGIN|[80]|field|Schema.SObjectField|true|false
07:46:47.0 (112557268)|VARIABLE_ASSIGNMENT|[80]|field|"common.apex.runtime.impl.ApexFieldToken@1eda07b8"|0x1eda07b8
07:46:47.0 (112570215)|STATEMENT_EXECUTE|[80]
07:46:47.0 (112738699)|HEAP_ALLOCATE|[81]|Bytes:8
07:46:47.0 (112760145)|STATEMENT_EXECUTE|[82]
07:46:47.0 (112794936)|HEAP_ALLOCATE|[82]|Bytes:8
07:46:47.0 (112811813)|HEAP_ALLOCATE|[82]|Bytes:11
07:46:47.0 (112825310)|HEAP_ALLOCATE|[EXTERNAL]|Bytes:4
07:46:47.0 (112846340)|HEAP_ALLOCATE|[80]|Bytes:5
07:46:47.0 (112867887)|VARIABLE_SCOPE_BEGIN|[80]|field|Schema.SObjectField|true|false
07:46:47.0 (112980133)|VARIABLE_ASSIGNMENT|[80]|field|"common.apex.runtime.impl.ApexFieldToken@13c45879"|0x13c45879
07:46:47.0 (112992908)|STATEMENT_EXECUTE|[80]
07:46:47.0 (113172235)|HEAP_ALLOCATE|[81]|Bytes:8
07:46:47.0 (113194207)|STATEMENT_EXECUTE|[82]
07:46:47.0 (113226743)|HEAP_ALLOCATE|[82]|Bytes:8
07:46:47.0 (113249886)|HEAP_ALLOCATE|[82]|Bytes:16
07:46:47.0 (113261904)|HEAP_ALLOCATE|[EXTERNAL]|Bytes:4
07:46:47.0 (113275705)|HEAP_ALLOCATE|[80]|Bytes:5
07:46:47.0 (113292518)|VARIABLE_SCOPE_BEGIN|[80]|field|Schema.SObjectField|true|false
07:46:47.0 (113394288)|VARIABLE_ASSIGNMENT|[80]|field|"common.apex.runtime.impl.ApexFieldToken@5ac33a09"|0x5ac33a09
07:46:47.0 (113407518)|STATEMENT_EXECUTE|[80]
07:46:47.0 (113566521)|HEAP_ALLOCATE|[81]|Bytes:8
07:46:47.0 (113590765)|STATEMENT_EXECUTE|[82]
07:46:47.0 (113621765)|HEAP_ALLOCATE|[82]|Bytes:8
07:46:47.0 (113634466)|HEAP_ALLOCATE|[82]|Bytes:16
07:46:47.0 (113644820)|HEAP_ALLOCATE|[EXTERNAL]|Bytes:4
07:46:47.0 (113661744)|HEAP_ALLOCATE|[80]|Bytes:5
07:46:47.0 (113676574)|VARIABLE_SCOPE_BEGIN|[80]|field|Schema.SObjectField|true|false
07:46:47.0 (113779651)|VARIABLE_ASSIGNMENT|[80]|field|"common.apex.runtime.impl.ApexFieldToken@7303d740"|0x7303d740
07:46:47.0 (113792289)|STATEMENT_EXECUTE|[80]
07:46:47.0 (113912068)|HEAP_ALLOCATE|[81]|Bytes:8
07:46:47.0 (113930114)|STATEMENT_EXECUTE|[82]
07:46:47.0 (113950535)|HEAP_ALLOCATE|[82]|Bytes:8
07:46:47.0 (113965383)|HEAP_ALLOCATE|[82]|Bytes:14
07:46:47.0 (113979728)|HEAP_ALLOCATE|[EXTERNAL]|Bytes:4
07:46:47.0 (114001145)|HEAP_ALLOCATE|[80]|Bytes:5
07:46:47.0 (114026449)|VARIABLE_SCOPE_BEGIN|[80]|field|Schema.SObjectField|true|false
07:46:47.0 (114107459)|VARIABLE_ASSIGNMENT|[80]|field|"common.apex.runtime.impl.ApexFieldToken@3daae95f"|0x3daae95f
07:46:47.0 (114119655)|STATEMENT_EXECUTE|[80]
07:46:47.0 (114266475)|HEAP_ALLOCATE|[81]|Bytes:8
07:46:47.0 (114289519)|STATEMENT_EXECUTE|[82]
07:46:47.0 (114320054)|HEAP_ALLOCATE|[82]|Bytes:8
07:46:47.0 (114335863)|HEAP_ALLOCATE|[82]|Bytes:16
07:46:47.0 (114350102)|HEAP_ALLOCATE|[EXTERNAL]|Bytes:4
07:46:47.0 (114370557)|HEAP_ALLOCATE|[80]|Bytes:5
07:46:47.0 (114398387)|VARIABLE_SCOPE_BEGIN|[80]|field|Schema.SObjectField|true|false
07:46:47.0 (114508323)|VARIABLE_ASSIGNMENT|[80]|field|"common.apex.runtime.impl.ApexFieldToken@c1c6903"|0xc1c6903
07:46:47.0 (114523842)|STATEMENT_EXECUTE|[80]
07:46:47.0 (114669548)|HEAP_ALLOCATE|[81]|Bytes:8
07:46:47.0 (114690495)|STATEMENT_EXECUTE|[82]
07:46:47.0 (114719367)|HEAP_ALLOCATE|[82]|Bytes:8
07:46:47.0 (114734038)|HEAP_ALLOCATE|[82]|Bytes:14
07:46:47.0 (114748142)|HEAP_ALLOCATE|[EXTERNAL]|Bytes:4
07:46:47.0 (114767832)|HEAP_ALLOCATE|[80]|Bytes:5
07:46:47.0 (114789682)|VARIABLE_SCOPE_BEGIN|[80]|field|Schema.SObjectField|true|false
07:46:47.0 (114887474)|VARIABLE_ASSIGNMENT|[80]|field|"common.apex.runtime.impl.ApexFieldToken@4f4c09fb"|0x4f4c09fb
07:46:47.0 (114899365)|STATEMENT_EXECUTE|[80]
07:46:47.0 (115046499)|HEAP_ALLOCATE|[81]|Bytes:8
07:46:47.0 (115067642)|STATEMENT_EXECUTE|[82]
07:46:47.0 (115091618)|HEAP_ALLOCATE|[82]|Bytes:8
07:46:47.0 (115100981)|HEAP_ALLOCATE|[82]|Bytes:18
07:46:47.0 (115113534)|HEAP_ALLOCATE|[EXTERNAL]|Bytes:4
07:46:47.0 (115126447)|HEAP_ALLOCATE|[80]|Bytes:5
07:46:47.0 (115140055)|VARIABLE_SCOPE_BEGIN|[80]|field|Schema.SObjectField|true|false
07:46:47.0 (115210165)|VARIABLE_ASSIGNMENT|[80]|field|"common.apex.runtime.impl.ApexFieldToken@22186e85"|0x22186e85
07:46:47.0 (115218579)|STATEMENT_EXECUTE|[80]
07:46:47.0 (115458217)|HEAP_ALLOCATE|[81]|Bytes:8
07:46:47.0 (115479362)|STATEMENT_EXECUTE|[82]
07:46:47.0 (115506684)|HEAP_ALLOCATE|[82]|Bytes:8
07:46:47.0 (115522604)|HEAP_ALLOCATE|[82]|Bytes:9
07:46:47.0 (115538491)|HEAP_ALLOCATE|[EXTERNAL]|Bytes:4
07:46:47.0 (115552003)|HEAP_ALLOCATE|[80]|Bytes:5
07:46:47.0 (115566026)|VARIABLE_SCOPE_BEGIN|[80]|field|Schema.SObjectField|true|false
07:46:47.0 (115637096)|VARIABLE_ASSIGNMENT|[80]|field|"common.apex.runtime.impl.ApexFieldToken@48128b88"|0x48128b88
07:46:47.0 (115645300)|STATEMENT_EXECUTE|[80]
07:46:47.0 (115750570)|HEAP_ALLOCATE|[81]|Bytes:8
07:46:47.0 (115767838)|STATEMENT_EXECUTE|[82]
07:46:47.0 (115782709)|HEAP_ALLOCATE|[82]|Bytes:8
07:46:47.0 (115791089)|HEAP_ALLOCATE|[82]|Bytes:15
07:46:47.0 (115800211)|HEAP_ALLOCATE|[EXTERNAL]|Bytes:4
07:46:47.0 (115811898)|HEAP_ALLOCATE|[80]|Bytes:5
07:46:47.0 (115824445)|VARIABLE_SCOPE_BEGIN|[80]|field|Schema.SObjectField|true|false
07:46:47.0 (115894257)|VARIABLE_ASSIGNMENT|[80]|field|"common.apex.runtime.impl.ApexFieldToken@27a9a7f8"|0x27a9a7f8
07:46:47.0 (115902755)|STATEMENT_EXECUTE|[80]
07:46:47.0 (115994458)|HEAP_ALLOCATE|[81]|Bytes:8
07:46:47.0 (116008314)|STATEMENT_EXECUTE|[82]
07:46:47.0 (116022865)|HEAP_ALLOCATE|[82]|Bytes:8
07:46:47.0 (116031097)|HEAP_ALLOCATE|[82]|Bytes:19
07:46:47.0 (116039529)|HEAP_ALLOCATE|[EXTERNAL]|Bytes:4
07:46:47.0 (116054142)|HEAP_ALLOCATE|[80]|Bytes:5
07:46:47.0 (116066739)|VARIABLE_SCOPE_BEGIN|[80]|field|Schema.SObjectField|true|false
07:46:47.0 (116137221)|VARIABLE_ASSIGNMENT|[80]|field|"common.apex.runtime.impl.ApexFieldToken@8856127"|0x8856127
07:46:47.0 (116144935)|STATEMENT_EXECUTE|[80]
07:46:47.0 (116232777)|HEAP_ALLOCATE|[81]|Bytes:8
07:46:47.0 (116246586)|STATEMENT_EXECUTE|[82]
07:46:47.0 (116259577)|HEAP_ALLOCATE|[82]|Bytes:8
07:46:47.0 (116267377)|HEAP_ALLOCATE|[82]|Bytes:14
07:46:47.0 (116275529)|HEAP_ALLOCATE|[EXTERNAL]|Bytes:4
07:46:47.0 (116286738)|HEAP_ALLOCATE|[80]|Bytes:5
07:46:47.0 (116298581)|VARIABLE_SCOPE_BEGIN|[80]|field|Schema.SObjectField|true|false
07:46:47.0 (116368701)|VARIABLE_ASSIGNMENT|[80]|field|"common.apex.runtime.impl.ApexFieldToken@69885af4"|0x69885af4
07:46:47.0 (116376258)|STATEMENT_EXECUTE|[80]
07:46:47.0 (116476291)|HEAP_ALLOCATE|[81]|Bytes:8
07:46:47.0 (116490544)|STATEMENT_EXECUTE|[82]
07:46:47.0 (116506021)|HEAP_ALLOCATE|[82]|Bytes:8
07:46:47.0 (116513735)|HEAP_ALLOCATE|[82]|Bytes:25
07:46:47.0 (116522008)|HEAP_ALLOCATE|[EXTERNAL]|Bytes:4
07:46:47.0 (116537498)|HEAP_ALLOCATE|[80]|Bytes:5
07:46:47.0 (116553114)|VARIABLE_SCOPE_BEGIN|[80]|field|Schema.SObjectField|true|false
07:46:47.0 (116622387)|VARIABLE_ASSIGNMENT|[80]|field|"common.apex.runtime.impl.ApexFieldToken@351ac286"|0x351ac286
07:46:47.0 (116629849)|STATEMENT_EXECUTE|[80]
07:46:47.0 (116720089)|HEAP_ALLOCATE|[81]|Bytes:8
07:46:47.0 (116737315)|STATEMENT_EXECUTE|[82]
07:46:47.0 (116751483)|HEAP_ALLOCATE|[82]|Bytes:8
07:46:47.0 (116759608)|HEAP_ALLOCATE|[82]|Bytes:15
07:46:47.0 (116767946)|HEAP_ALLOCATE|[EXTERNAL]|Bytes:4
07:46:47.0 (116779258)|HEAP_ALLOCATE|[80]|Bytes:5
07:46:47.0 (116790614)|VARIABLE_SCOPE_BEGIN|[80]|field|Schema.SObjectField|true|false
07:46:47.0 (116859899)|VARIABLE_ASSIGNMENT|[80]|field|"common.apex.runtime.impl.ApexFieldToken@5f6635ba"|0x5f6635ba
07:46:47.0 (116867405)|STATEMENT_EXECUTE|[80]
07:46:47.0 (116952399)|HEAP_ALLOCATE|[81]|Bytes:8
07:46:47.0 (116965385)|STATEMENT_EXECUTE|[82]
07:46:47.0 (116978501)|HEAP_ALLOCATE|[82]|Bytes:8
07:46:47.0 (116986106)|HEAP_ALLOCATE|[82]|Bytes:23
07:46:47.0 (117007674)|HEAP_ALLOCATE|[EXTERNAL]|Bytes:4
07:46:47.0 (117021147)|HEAP_ALLOCATE|[80]|Bytes:5
07:46:47.0 (117033574)|VARIABLE_SCOPE_BEGIN|[80]|field|Schema.SObjectField|true|false
07:46:47.0 (117117371)|VARIABLE_ASSIGNMENT|[80]|field|"common.apex.runtime.impl.ApexFieldToken@7c49fb28"|0x7c49fb28
07:46:47.0 (117125368)|STATEMENT_EXECUTE|[80]
07:46:47.0 (117229832)|HEAP_ALLOCATE|[81]|Bytes:8
07:46:47.0 (117243293)|STATEMENT_EXECUTE|[82]
07:46:47.0 (117256978)|HEAP_ALLOCATE|[82]|Bytes:8
07:46:47.0 (117264230)|HEAP_ALLOCATE|[82]|Bytes:16
07:46:47.0 (117275110)|HEAP_ALLOCATE|[EXTERNAL]|Bytes:4
07:46:47.0 (117286697)|HEAP_ALLOCATE|[80]|Bytes:5
07:46:47.0 (117298304)|VARIABLE_SCOPE_BEGIN|[80]|field|Schema.SObjectField|true|false
07:46:47.0 (117376876)|VARIABLE_ASSIGNMENT|[80]|field|"common.apex.runtime.impl.ApexFieldToken@57bd51af"|0x57bd51af
07:46:47.0 (117384847)|STATEMENT_EXECUTE|[80]
07:46:47.0 (117470597)|HEAP_ALLOCATE|[81]|Bytes:8
07:46:47.0 (117483153)|STATEMENT_EXECUTE|[82]
07:46:47.0 (117496438)|HEAP_ALLOCATE|[82]|Bytes:8
07:46:47.0 (117503842)|HEAP_ALLOCATE|[82]|Bytes:14
07:46:47.0 (117512031)|HEAP_ALLOCATE|[EXTERNAL]|Bytes:4
07:46:47.0 (117523276)|HEAP_ALLOCATE|[80]|Bytes:5
07:46:47.0 (117535297)|VARIABLE_SCOPE_BEGIN|[80]|field|Schema.SObjectField|true|false
07:46:47.0 (117617764)|VARIABLE_ASSIGNMENT|[80]|field|"common.apex.runtime.impl.ApexFieldToken@3450b72c"|0x3450b72c
07:46:47.0 (117625416)|STATEMENT_EXECUTE|[80]
07:46:47.0 (117722936)|HEAP_ALLOCATE|[81]|Bytes:8
07:46:47.0 (117736316)|STATEMENT_EXECUTE|[82]
07:46:47.0 (117750798)|HEAP_ALLOCATE|[82]|Bytes:8
07:46:47.0 (117758198)|HEAP_ALLOCATE|[82]|Bytes:13
07:46:47.0 (117766572)|HEAP_ALLOCATE|[EXTERNAL]|Bytes:4
07:46:47.0 (117780937)|HEAP_ALLOCATE|[80]|Bytes:5
07:46:47.0 (117792888)|VARIABLE_SCOPE_BEGIN|[80]|field|Schema.SObjectField|true|false
07:46:47.0 (117861520)|VARIABLE_ASSIGNMENT|[80]|field|"common.apex.runtime.impl.ApexFieldToken@5a759ff9"|0x5a759ff9
07:46:47.0 (117869050)|STATEMENT_EXECUTE|[80]
07:46:47.0 (117968053)|HEAP_ALLOCATE|[81]|Bytes:8
07:46:47.0 (117981247)|STATEMENT_EXECUTE|[82]
07:46:47.0 (117994115)|HEAP_ALLOCATE|[82]|Bytes:8
07:46:47.0 (118001323)|HEAP_ALLOCATE|[82]|Bytes:5
07:46:47.0 (118010290)|HEAP_ALLOCATE|[EXTERNAL]|Bytes:4
07:46:47.0 (118024488)|HEAP_ALLOCATE|[80]|Bytes:5
07:46:47.0 (118036248)|VARIABLE_SCOPE_BEGIN|[80]|field|Schema.SObjectField|true|false
07:46:47.0 (118102729)|VARIABLE_ASSIGNMENT|[80]|field|"common.apex.runtime.impl.ApexFieldToken@69d6af24"|0x69d6af24
07:46:47.0 (118110045)|STATEMENT_EXECUTE|[80]
07:46:47.0 (118210469)|HEAP_ALLOCATE|[81]|Bytes:8
07:46:47.0 (118224197)|STATEMENT_EXECUTE|[82]
07:46:47.0 (118237964)|HEAP_ALLOCATE|[82]|Bytes:8
07:46:47.0 (118245390)|HEAP_ALLOCATE|[82]|Bytes:11
07:46:47.0 (118254188)|HEAP_ALLOCATE|[EXTERNAL]|Bytes:4
07:46:47.0 (118265108)|HEAP_ALLOCATE|[80]|Bytes:5
07:46:47.0 (118276855)|VARIABLE_SCOPE_BEGIN|[80]|field|Schema.SObjectField|true|false
07:46:47.0 (118343284)|VARIABLE_ASSIGNMENT|[80]|field|"common.apex.runtime.impl.ApexFieldToken@54dbab98"|0x54dbab98
07:46:47.0 (118350747)|STATEMENT_EXECUTE|[80]
07:46:47.0 (118438713)|HEAP_ALLOCATE|[81]|Bytes:8
07:46:47.0 (118451532)|STATEMENT_EXECUTE|[82]
07:46:47.0 (118465118)|HEAP_ALLOCATE|[82]|Bytes:8
07:46:47.0 (118472332)|HEAP_ALLOCATE|[82]|Bytes:5
07:46:47.0 (118480465)|HEAP_ALLOCATE|[EXTERNAL]|Bytes:4
07:46:47.0 (118491321)|HEAP_ALLOCATE|[80]|Bytes:5
07:46:47.0 (118502849)|VARIABLE_SCOPE_BEGIN|[80]|field|Schema.SObjectField|true|false
07:46:47.0 (118568973)|VARIABLE_ASSIGNMENT|[80]|field|"common.apex.runtime.impl.ApexFieldToken@65838ff8"|0x65838ff8
07:46:47.0 (118579156)|STATEMENT_EXECUTE|[80]
07:46:47.0 (118724960)|HEAP_ALLOCATE|[81]|Bytes:8
07:46:47.0 (118739445)|STATEMENT_EXECUTE|[82]
07:46:47.0 (118754451)|HEAP_ALLOCATE|[82]|Bytes:8
07:46:47.0 (118762283)|HEAP_ALLOCATE|[82]|Bytes:25
07:46:47.0 (118771151)|HEAP_ALLOCATE|[EXTERNAL]|Bytes:4
07:46:47.0 (118782351)|HEAP_ALLOCATE|[80]|Bytes:5
07:46:47.0 (118794790)|VARIABLE_SCOPE_BEGIN|[80]|field|Schema.SObjectField|true|false
07:46:47.0 (118864627)|VARIABLE_ASSIGNMENT|[80]|field|"common.apex.runtime.impl.ApexFieldToken@137f5ee6"|0x137f5ee6
07:46:47.0 (118872021)|STATEMENT_EXECUTE|[80]
07:46:47.0 (118991620)|HEAP_ALLOCATE|[81]|Bytes:8
07:46:47.0 (119005268)|STATEMENT_EXECUTE|[82]
07:46:47.0 (119020470)|HEAP_ALLOCATE|[82]|Bytes:8
07:46:47.0 (119028230)|HEAP_ALLOCATE|[82]|Bytes:12
07:46:47.0 (119036874)|HEAP_ALLOCATE|[EXTERNAL]|Bytes:4
07:46:47.0 (119047601)|HEAP_ALLOCATE|[80]|Bytes:5
07:46:47.0 (119062383)|VARIABLE_SCOPE_BEGIN|[80]|field|Schema.SObjectField|true|false
07:46:47.0 (119134966)|VARIABLE_ASSIGNMENT|[80]|field|"common.apex.runtime.impl.ApexFieldToken@4f8c7c22"|0x4f8c7c22
07:46:47.0 (119143232)|STATEMENT_EXECUTE|[80]
07:46:47.0 (119232046)|HEAP_ALLOCATE|[81]|Bytes:8
07:46:47.0 (119245041)|STATEMENT_EXECUTE|[82]
07:46:47.0 (119258389)|HEAP_ALLOCATE|[82]|Bytes:8
07:46:47.0 (119268316)|HEAP_ALLOCATE|[82]|Bytes:21
07:46:47.0 (119277249)|HEAP_ALLOCATE|[EXTERNAL]|Bytes:4
07:46:47.0 (119288431)|HEAP_ALLOCATE|[80]|Bytes:5
07:46:47.0 (119300173)|VARIABLE_SCOPE_BEGIN|[80]|field|Schema.SObjectField|true|false
07:46:47.0 (119367521)|VARIABLE_ASSIGNMENT|[80]|field|"common.apex.runtime.impl.ApexFieldToken@46029920"|0x46029920
07:46:47.0 (119375082)|STATEMENT_EXECUTE|[80]
07:46:47.0 (119460469)|HEAP_ALLOCATE|[81]|Bytes:8
07:46:47.0 (119473220)|STATEMENT_EXECUTE|[82]
07:46:47.0 (119485785)|HEAP_ALLOCATE|[82]|Bytes:8
07:46:47.0 (119496010)|HEAP_ALLOCATE|[82]|Bytes:19
07:46:47.0 (119504807)|HEAP_ALLOCATE|[EXTERNAL]|Bytes:4
07:46:47.0 (119515741)|HEAP_ALLOCATE|[80]|Bytes:5
07:46:47.0 (119527441)|VARIABLE_SCOPE_BEGIN|[80]|field|Schema.SObjectField|true|false
07:46:47.0 (119594737)|VARIABLE_ASSIGNMENT|[80]|field|"common.apex.runtime.impl.ApexFieldToken@3f872257"|0x3f872257
07:46:47.0 (119604588)|STATEMENT_EXECUTE|[80]
07:46:47.0 (119703798)|HEAP_ALLOCATE|[81]|Bytes:8
07:46:47.0 (119720106)|STATEMENT_EXECUTE|[82]
07:46:47.0 (119735397)|HEAP_ALLOCATE|[82]|Bytes:8
07:46:47.0 (119743065)|HEAP_ALLOCATE|[82]|Bytes:8
07:46:47.0 (119751084)|HEAP_ALLOCATE|[EXTERNAL]|Bytes:4
07:46:47.0 (119761913)|HEAP_ALLOCATE|[80]|Bytes:5
07:46:47.0 (119773233)|VARIABLE_SCOPE_BEGIN|[80]|field|Schema.SObjectField|true|false
07:46:47.0 (119842224)|VARIABLE_ASSIGNMENT|[80]|field|"common.apex.runtime.impl.ApexFieldToken@56e6c32f"|0x56e6c32f
07:46:47.0 (119849749)|STATEMENT_EXECUTE|[80]
07:46:47.0 (119933235)|HEAP_ALLOCATE|[81]|Bytes:8
07:46:47.0 (119945902)|STATEMENT_EXECUTE|[82]
07:46:47.0 (119958693)|HEAP_ALLOCATE|[82]|Bytes:8
07:46:47.0 (119966254)|HEAP_ALLOCATE|[82]|Bytes:8
07:46:47.0 (119973824)|HEAP_ALLOCATE|[EXTERNAL]|Bytes:4
07:46:47.0 (119984753)|HEAP_ALLOCATE|[80]|Bytes:5
07:46:47.0 (119995894)|VARIABLE_SCOPE_BEGIN|[80]|field|Schema.SObjectField|true|false
07:46:47.0 (120064559)|VARIABLE_ASSIGNMENT|[80]|field|"common.apex.runtime.impl.ApexFieldToken@7aa7d8bd"|0x7aa7d8bd
07:46:47.0 (120072473)|STATEMENT_EXECUTE|[80]
07:46:47.0 (120151425)|HEAP_ALLOCATE|[81]|Bytes:8
07:46:47.0 (120166546)|STATEMENT_EXECUTE|[82]
07:46:47.0 (120179496)|HEAP_ALLOCATE|[82]|Bytes:8
07:46:47.0 (120186869)|HEAP_ALLOCATE|[82]|Bytes:10
07:46:47.0 (120194864)|HEAP_ALLOCATE|[EXTERNAL]|Bytes:4
07:46:47.0 (120205466)|HEAP_ALLOCATE|[80]|Bytes:5
07:46:47.0 (120216457)|VARIABLE_SCOPE_BEGIN|[80]|field|Schema.SObjectField|true|false
07:46:47.0 (120284941)|VARIABLE_ASSIGNMENT|[80]|field|"common.apex.runtime.impl.ApexFieldToken@283e9550"|0x283e9550
07:46:47.0 (120292406)|STATEMENT_EXECUTE|[80]
07:46:47.0 (120370303)|HEAP_ALLOCATE|[81]|Bytes:8
07:46:47.0 (120385872)|STATEMENT_EXECUTE|[82]
07:46:47.0 (120398646)|HEAP_ALLOCATE|[82]|Bytes:8
07:46:47.0 (120405920)|HEAP_ALLOCATE|[82]|Bytes:8
07:46:47.0 (120414466)|HEAP_ALLOCATE|[EXTERNAL]|Bytes:4
07:46:47.0 (120424761)|HEAP_ALLOCATE|[80]|Bytes:5
07:46:47.0 (120435638)|VARIABLE_SCOPE_BEGIN|[80]|field|Schema.SObjectField|true|false
07:46:47.0 (120503512)|VARIABLE_ASSIGNMENT|[80]|field|"common.apex.runtime.impl.ApexFieldToken@2ead8f9a"|0x2ead8f9a
07:46:47.0 (120511070)|STATEMENT_EXECUTE|[80]
07:46:47.0 (120591288)|HEAP_ALLOCATE|[81]|Bytes:8
07:46:47.0 (120604003)|STATEMENT_EXECUTE|[82]
07:46:47.0 (120616780)|HEAP_ALLOCATE|[82]|Bytes:8
07:46:47.0 (120623776)|HEAP_ALLOCATE|[82]|Bytes:7
07:46:47.0 (120633723)|HEAP_ALLOCATE|[EXTERNAL]|Bytes:4
07:46:47.0 (120644947)|HEAP_ALLOCATE|[80]|Bytes:5
07:46:47.0 (120659643)|VARIABLE_SCOPE_BEGIN|[80]|field|Schema.SObjectField|true|false
07:46:47.0 (120728222)|VARIABLE_ASSIGNMENT|[80]|field|"common.apex.runtime.impl.ApexFieldToken@4eb2dedb"|0x4eb2dedb
07:46:47.0 (120735806)|STATEMENT_EXECUTE|[80]
07:46:47.0 (120816279)|HEAP_ALLOCATE|[81]|Bytes:8
07:46:47.0 (120829054)|STATEMENT_EXECUTE|[82]
07:46:47.0 (120842049)|HEAP_ALLOCATE|[82]|Bytes:8
07:46:47.0 (120849150)|HEAP_ALLOCATE|[82]|Bytes:8
07:46:47.0 (120857010)|HEAP_ALLOCATE|[EXTERNAL]|Bytes:4
07:46:47.0 (120871077)|HEAP_ALLOCATE|[80]|Bytes:5
07:46:47.0 (120882556)|VARIABLE_SCOPE_BEGIN|[80]|field|Schema.SObjectField|true|false
07:46:47.0 (120950229)|VARIABLE_ASSIGNMENT|[80]|field|"common.apex.runtime.impl.ApexFieldToken@a148580"|0xa148580
07:46:47.0 (120957777)|STATEMENT_EXECUTE|[80]
07:46:47.0 (121055906)|HEAP_ALLOCATE|[81]|Bytes:8
07:46:47.0 (121069808)|STATEMENT_EXECUTE|[82]
07:46:47.0 (121086698)|HEAP_ALLOCATE|[82]|Bytes:8
07:46:47.0 (121094345)|HEAP_ALLOCATE|[82]|Bytes:7
07:46:47.0 (121101983)|HEAP_ALLOCATE|[EXTERNAL]|Bytes:4
07:46:47.0 (121112528)|HEAP_ALLOCATE|[80]|Bytes:5
07:46:47.0 (121123390)|VARIABLE_ASSIGNMENT|[80]|field|null|
07:46:47.0 (121127867)|STATEMENT_EXECUTE|[84]
07:46:47.0 (121132417)|VARIABLE_SCOPE_BEGIN|[84]|allfields|String|false|false
07:46:47.0 (121141853)|VARIABLE_ASSIGNMENT|[84]|allfields|""
07:46:47.0 (121178573)|HEAP_ALLOCATE|[85]|Bytes:5
07:46:47.0 (121187395)|HEAP_ALLOCATE|[85]|Bytes:2
07:46:47.0 (121193892)|VARIABLE_SCOPE_BEGIN|[85]|fieldname|String|false|false
07:46:47.0 (121202156)|VARIABLE_ASSIGNMENT|[85]|fieldname|"Id"
07:46:47.0 (121205808)|STATEMENT_EXECUTE|[86]
07:46:47.0 (121208003)|HEAP_ALLOCATE|[86]|Bytes:1
07:46:47.0 (121224367)|HEAP_ALLOCATE|[86]|Bytes:3
07:46:47.0 (121229267)|HEAP_ALLOCATE|[86]|Bytes:3
07:46:47.0 (121234081)|VARIABLE_ASSIGNMENT|[86]|allfields|"Id,"
07:46:47.0 (121242805)|HEAP_ALLOCATE|[85]|Bytes:5
07:46:47.0 (121248726)|HEAP_ALLOCATE|[85]|Bytes:7
07:46:47.0 (121252958)|VARIABLE_SCOPE_BEGIN|[85]|fieldname|String|false|false
07:46:47.0 (121262843)|VARIABLE_ASSIGNMENT|[85]|fieldname|"OwnerId"
07:46:47.0 (121266179)|STATEMENT_EXECUTE|[86]
07:46:47.0 (121269350)|HEAP_ALLOCATE|[86]|Bytes:8
07:46:47.0 (121273234)|HEAP_ALLOCATE|[86]|Bytes:11
07:46:47.0 (121277630)|VARIABLE_ASSIGNMENT|[86]|allfields|"Id,OwnerId,"
07:46:47.0 (121284494)|HEAP_ALLOCATE|[85]|Bytes:5
07:46:47.0 (121289921)|HEAP_ALLOCATE|[85]|Bytes:9
07:46:47.0 (121293955)|VARIABLE_SCOPE_BEGIN|[85]|fieldname|String|false|false
07:46:47.0 (121300207)|VARIABLE_ASSIGNMENT|[85]|fieldname|"IsDeleted"
07:46:47.0 (121303370)|STATEMENT_EXECUTE|[86]
07:46:47.0 (121305780)|HEAP_ALLOCATE|[86]|Bytes:10
07:46:47.0 (121309141)|HEAP_ALLOCATE|[86]|Bytes:21
07:46:47.0 (121315353)|VARIABLE_ASSIGNMENT|[86]|allfields|"Id,OwnerId,IsDeleted (1 more) ..."
07:46:47.0 (121322361)|HEAP_ALLOCATE|[85]|Bytes:5
07:46:47.0 (121327777)|HEAP_ALLOCATE|[85]|Bytes:4
07:46:47.0 (121331264)|VARIABLE_SCOPE_BEGIN|[85]|fieldname|String|false|false
07:46:47.0 (121339460)|VARIABLE_ASSIGNMENT|[85]|fieldname|"Name"
07:46:47.0 (121342698)|STATEMENT_EXECUTE|[86]
07:46:47.0 (121345084)|HEAP_ALLOCATE|[86]|Bytes:5
07:46:47.0 (121348434)|HEAP_ALLOCATE|[86]|Bytes:26
07:46:47.0 (121353356)|VARIABLE_ASSIGNMENT|[86]|allfields|"Id,OwnerId,IsDeleted (6 more) ..."
07:46:47.0 (121360053)|HEAP_ALLOCATE|[85]|Bytes:5
07:46:47.0 (121365642)|HEAP_ALLOCATE|[85]|Bytes:11
07:46:47.0 (121369484)|VARIABLE_SCOPE_BEGIN|[85]|fieldname|String|false|false
07:46:47.0 (121375731)|VARIABLE_ASSIGNMENT|[85]|fieldname|"CreatedDate"
07:46:47.0 (121378783)|STATEMENT_EXECUTE|[86]
07:46:47.0 (121381032)|HEAP_ALLOCATE|[86]|Bytes:12
07:46:47.0 (121384233)|HEAP_ALLOCATE|[86]|Bytes:38
07:46:47.0 (121389107)|VARIABLE_ASSIGNMENT|[86]|allfields|"Id,OwnerId,IsDeleted (18 more) ..."
07:46:47.0 (121395725)|HEAP_ALLOCATE|[85]|Bytes:5
07:46:47.0 (121400986)|HEAP_ALLOCATE|[85]|Bytes:11
07:46:47.0 (121404507)|VARIABLE_SCOPE_BEGIN|[85]|fieldname|String|false|false
07:46:47.0 (121410574)|VARIABLE_ASSIGNMENT|[85]|fieldname|"CreatedById"
07:46:47.0 (121413469)|STATEMENT_EXECUTE|[86]
07:46:47.0 (121415663)|HEAP_ALLOCATE|[86]|Bytes:12
07:46:47.0 (121418989)|HEAP_ALLOCATE|[86]|Bytes:50
07:46:47.0 (121423417)|VARIABLE_ASSIGNMENT|[86]|allfields|"Id,OwnerId,IsDeleted (30 more) ..."
07:46:47.0 (121429694)|HEAP_ALLOCATE|[85]|Bytes:5
07:46:47.0 (121434805)|HEAP_ALLOCATE|[85]|Bytes:16
07:46:47.0 (121438414)|VARIABLE_SCOPE_BEGIN|[85]|fieldname|String|false|false
07:46:47.0 (121444973)|VARIABLE_ASSIGNMENT|[85]|fieldname|"LastModifiedDate"
07:46:47.0 (121449961)|STATEMENT_EXECUTE|[86]
07:46:47.0 (121452421)|HEAP_ALLOCATE|[86]|Bytes:17
07:46:47.0 (121455845)|HEAP_ALLOCATE|[86]|Bytes:67
07:46:47.0 (121460472)|VARIABLE_ASSIGNMENT|[86]|allfields|"Id,OwnerId,IsDeleted (47 more) ..."
07:46:47.0 (121466747)|HEAP_ALLOCATE|[85]|Bytes:5
07:46:47.0 (121471968)|HEAP_ALLOCATE|[85]|Bytes:16
07:46:47.0 (121475807)|VARIABLE_SCOPE_BEGIN|[85]|fieldname|String|false|false
07:46:47.0 (121482061)|VARIABLE_ASSIGNMENT|[85]|fieldname|"LastModifiedById"
07:46:47.0 (121485423)|STATEMENT_EXECUTE|[86]
07:46:47.0 (121487721)|HEAP_ALLOCATE|[86]|Bytes:17
07:46:47.0 (121491027)|HEAP_ALLOCATE|[86]|Bytes:84
07:46:47.0 (121495363)|VARIABLE_ASSIGNMENT|[86]|allfields|"Id,OwnerId,IsDeleted (64 more) ..."
07:46:47.0 (121501367)|HEAP_ALLOCATE|[85]|Bytes:5
07:46:47.0 (121506321)|HEAP_ALLOCATE|[85]|Bytes:14
07:46:47.0 (121509851)|VARIABLE_SCOPE_BEGIN|[85]|fieldname|String|false|false
07:46:47.0 (121516101)|VARIABLE_ASSIGNMENT|[85]|fieldname|"SystemModstamp"
07:46:47.0 (121519716)|STATEMENT_EXECUTE|[86]
07:46:47.0 (121521989)|HEAP_ALLOCATE|[86]|Bytes:15
07:46:47.0 (121525452)|HEAP_ALLOCATE|[86]|Bytes:99
07:46:47.0 (121530000)|VARIABLE_ASSIGNMENT|[86]|allfields|"Id,OwnerId,IsDeleted (79 more) ..."
07:46:47.0 (121536155)|HEAP_ALLOCATE|[85]|Bytes:5
07:46:47.0 (121541188)|HEAP_ALLOCATE|[85]|Bytes:16
07:46:47.0 (121544688)|VARIABLE_SCOPE_BEGIN|[85]|fieldname|String|false|false
07:46:47.0 (121551027)|VARIABLE_ASSIGNMENT|[85]|fieldname|"LastActivityDate"
07:46:47.0 (121554238)|STATEMENT_EXECUTE|[86]
07:46:47.0 (121556453)|HEAP_ALLOCATE|[86]|Bytes:17
07:46:47.0 (121561805)|HEAP_ALLOCATE|[86]|Bytes:116
07:46:47.0 (121567007)|VARIABLE_ASSIGNMENT|[86]|allfields|"Id,OwnerId,IsDeleted (96 more) ..."
07:46:47.0 (121573302)|HEAP_ALLOCATE|[85]|Bytes:5
07:46:47.0 (121578612)|HEAP_ALLOCATE|[85]|Bytes:14
07:46:47.0 (121582230)|VARIABLE_SCOPE_BEGIN|[85]|fieldname|String|false|false
07:46:47.0 (121588431)|VARIABLE_ASSIGNMENT|[85]|fieldname|"LastViewedDate"
07:46:47.0 (121591710)|STATEMENT_EXECUTE|[86]
07:46:47.0 (121594132)|HEAP_ALLOCATE|[86]|Bytes:15
07:46:47.0 (121597482)|HEAP_ALLOCATE|[86]|Bytes:131
07:46:47.0 (121602260)|VARIABLE_ASSIGNMENT|[86]|allfields|"Id,OwnerId,IsDeleted (111 more) ..."
07:46:47.0 (121608788)|HEAP_ALLOCATE|[85]|Bytes:5
07:46:47.0 (121613913)|HEAP_ALLOCATE|[85]|Bytes:18
07:46:47.0 (121617639)|VARIABLE_SCOPE_BEGIN|[85]|fieldname|String|false|false
07:46:47.0 (121623843)|VARIABLE_ASSIGNMENT|[85]|fieldname|"LastReferencedDate"
07:46:47.0 (121627223)|STATEMENT_EXECUTE|[86]
07:46:47.0 (121629448)|HEAP_ALLOCATE|[86]|Bytes:19
07:46:47.0 (121632874)|HEAP_ALLOCATE|[86]|Bytes:150
07:46:47.0 (121637362)|VARIABLE_ASSIGNMENT|[86]|allfields|"Id,OwnerId,IsDeleted (130 more) ..."
07:46:47.0 (121643592)|HEAP_ALLOCATE|[85]|Bytes:5
07:46:47.0 (121648678)|HEAP_ALLOCATE|[85]|Bytes:9
07:46:47.0 (121652243)|VARIABLE_SCOPE_BEGIN|[85]|fieldname|String|false|false
07:46:47.0 (121663947)|VARIABLE_ASSIGNMENT|[85]|fieldname|"Client__c"
07:46:47.0 (121667673)|STATEMENT_EXECUTE|[86]
07:46:47.0 (121670354)|HEAP_ALLOCATE|[86]|Bytes:10
07:46:47.0 (121675798)|HEAP_ALLOCATE|[86]|Bytes:160
07:46:47.0 (121680917)|VARIABLE_ASSIGNMENT|[86]|allfields|"Id,OwnerId,IsDeleted (140 more) ..."
07:46:47.0 (121688002)|HEAP_ALLOCATE|[85]|Bytes:5
07:46:47.0 (121693602)|HEAP_ALLOCATE|[85]|Bytes:15
07:46:47.0 (121697268)|VARIABLE_SCOPE_BEGIN|[85]|fieldname|String|false|false
07:46:47.0 (121703671)|VARIABLE_ASSIGNMENT|[85]|fieldname|"End_Customer__c"
07:46:47.0 (121706898)|STATEMENT_EXECUTE|[86]
07:46:47.0 (121709258)|HEAP_ALLOCATE|[86]|Bytes:16
07:46:47.0 (121712552)|HEAP_ALLOCATE|[86]|Bytes:176
07:46:47.0 (121717301)|VARIABLE_ASSIGNMENT|[86]|allfields|"Id,OwnerId,IsDeleted (156 more) ..."
07:46:47.0 (121726838)|HEAP_ALLOCATE|[85]|Bytes:5
07:46:47.0 (121732175)|HEAP_ALLOCATE|[85]|Bytes:19
07:46:47.0 (121735876)|VARIABLE_SCOPE_BEGIN|[85]|fieldname|String|false|false
07:46:47.0 (121742154)|VARIABLE_ASSIGNMENT|[85]|fieldname|"Operation_Region__c"
07:46:47.0 (121745489)|STATEMENT_EXECUTE|[86]
07:46:47.0 (121748022)|HEAP_ALLOCATE|[86]|Bytes:20
07:46:47.0 (121751370)|HEAP_ALLOCATE|[86]|Bytes:196
07:46:47.0 (121755757)|VARIABLE_ASSIGNMENT|[86]|allfields|"Id,OwnerId,IsDeleted (176 more) ..."
07:46:47.0 (121761988)|HEAP_ALLOCATE|[85]|Bytes:5
07:46:47.0 (121767046)|HEAP_ALLOCATE|[85]|Bytes:14
07:46:47.0 (121770798)|VARIABLE_SCOPE_BEGIN|[85]|fieldname|String|false|false
07:46:47.0 (121776926)|VARIABLE_ASSIGNMENT|[85]|fieldname|"Work_Region__c"
07:46:47.0 (121780134)|STATEMENT_EXECUTE|[86]
07:46:47.0 (121782414)|HEAP_ALLOCATE|[86]|Bytes:15
07:46:47.0 (121787808)|HEAP_ALLOCATE|[86]|Bytes:211
07:46:47.0 (121792635)|VARIABLE_ASSIGNMENT|[86]|allfields|"Id,OwnerId,IsDeleted (191 more) ..."
07:46:47.0 (121799155)|HEAP_ALLOCATE|[85]|Bytes:5
07:46:47.0 (121804371)|HEAP_ALLOCATE|[85]|Bytes:25
07:46:47.0 (121807896)|VARIABLE_SCOPE_BEGIN|[85]|fieldname|String|false|false
07:46:47.0 (121814754)|VARIABLE_ASSIGNMENT|[85]|fieldname|"Client_Project_Manag (5 more) ..."
07:46:47.0 (121817911)|STATEMENT_EXECUTE|[86]
07:46:47.0 (121820521)|HEAP_ALLOCATE|[86]|Bytes:26
07:46:47.0 (121823933)|HEAP_ALLOCATE|[86]|Bytes:237
07:46:47.0 (121828522)|VARIABLE_ASSIGNMENT|[86]|allfields|"Id,OwnerId,IsDeleted (217 more) ..."
07:46:47.0 (121834821)|HEAP_ALLOCATE|[85]|Bytes:5
07:46:47.0 (121839910)|HEAP_ALLOCATE|[85]|Bytes:15
07:46:47.0 (121843466)|VARIABLE_SCOPE_BEGIN|[85]|fieldname|String|false|false
07:46:47.0 (121849438)|VARIABLE_ASSIGNMENT|[85]|fieldname|"Project_code__c"
07:46:47.0 (121854734)|STATEMENT_EXECUTE|[86]
07:46:47.0 (121857335)|HEAP_ALLOCATE|[86]|Bytes:16
07:46:47.0 (121861325)|HEAP_ALLOCATE|[86]|Bytes:253
07:46:47.0 (121865979)|VARIABLE_ASSIGNMENT|[86]|allfields|"Id,OwnerId,IsDeleted (233 more) ..."
07:46:47.0 (121872808)|HEAP_ALLOCATE|[85]|Bytes:5
07:46:47.0 (121878174)|HEAP_ALLOCATE|[85]|Bytes:23
07:46:47.0 (121881778)|VARIABLE_SCOPE_BEGIN|[85]|fieldname|String|false|false
07:46:47.0 (121888593)|VARIABLE_ASSIGNMENT|[85]|fieldname|"Company_project_code (3 more) ..."
07:46:47.0 (121891874)|STATEMENT_EXECUTE|[86]
07:46:47.0 (121896292)|HEAP_ALLOCATE|[86]|Bytes:24
07:46:47.0 (121899939)|HEAP_ALLOCATE|[86]|Bytes:277
07:46:47.0 (121904423)|VARIABLE_ASSIGNMENT|[86]|allfields|"Id,OwnerId,IsDeleted (257 more) ..."
07:46:47.0 (121910951)|HEAP_ALLOCATE|[85]|Bytes:5
07:46:47.0 (121916079)|HEAP_ALLOCATE|[85]|Bytes:16
07:46:47.0 (121919814)|VARIABLE_SCOPE_BEGIN|[85]|fieldname|String|false|false
07:46:47.0 (121926370)|VARIABLE_ASSIGNMENT|[85]|fieldname|"Project_Scope__c"
07:46:47.0 (121929818)|STATEMENT_EXECUTE|[86]
07:46:47.0 (121932115)|HEAP_ALLOCATE|[86]|Bytes:17
07:46:47.0 (121935503)|HEAP_ALLOCATE|[86]|Bytes:294
07:46:47.0 (121939884)|VARIABLE_ASSIGNMENT|[86]|allfields|"Id,OwnerId,IsDeleted (274 more) ..."
07:46:47.0 (121946301)|HEAP_ALLOCATE|[85]|Bytes:5
07:46:47.0 (121951548)|HEAP_ALLOCATE|[85]|Bytes:14
07:46:47.0 (121955067)|VARIABLE_SCOPE_BEGIN|[85]|fieldname|String|false|false
07:46:47.0 (121961656)|VARIABLE_ASSIGNMENT|[85]|fieldname|"Cost_Centre__c"
07:46:47.0 (121964698)|STATEMENT_EXECUTE|[86]
07:46:47.0 (121966965)|HEAP_ALLOCATE|[86]|Bytes:15
07:46:47.0 (121970773)|HEAP_ALLOCATE|[86]|Bytes:309
07:46:47.0 (121975332)|VARIABLE_ASSIGNMENT|[86]|allfields|"Id,OwnerId,IsDeleted (289 more) ..."
07:46:47.0 (121981778)|HEAP_ALLOCATE|[85]|Bytes:5
07:46:47.0 (121986826)|HEAP_ALLOCATE|[85]|Bytes:13
07:46:47.0 (121990382)|VARIABLE_SCOPE_BEGIN|[85]|fieldname|String|false|false
07:46:47.0 (121996335)|VARIABLE_ASSIGNMENT|[85]|fieldname|"Production__c"
07:46:47.0 (121999478)|STATEMENT_EXECUTE|[86]
07:46:47.0 (122001758)|HEAP_ALLOCATE|[86]|Bytes:14
07:46:47.0 (122005872)|HEAP_ALLOCATE|[86]|Bytes:323
07:46:47.0 (122012477)|VARIABLE_ASSIGNMENT|[86]|allfields|"Id,OwnerId,IsDeleted (303 more) ..."
07:46:47.0 (122019160)|HEAP_ALLOCATE|[85]|Bytes:5
07:46:47.0 (122024275)|HEAP_ALLOCATE|[85]|Bytes:5
07:46:47.0 (122027974)|VARIABLE_SCOPE_BEGIN|[85]|fieldname|String|false|false
07:46:47.0 (122034113)|VARIABLE_ASSIGNMENT|[85]|fieldname|"QC__c"
07:46:47.0 (122037355)|STATEMENT_EXECUTE|[86]
07:46:47.0 (122039623)|HEAP_ALLOCATE|[86]|Bytes:6
07:46:47.0 (122043297)|HEAP_ALLOCATE|[86]|Bytes:329
07:46:47.0 (122047819)|VARIABLE_ASSIGNMENT|[86]|allfields|"Id,OwnerId,IsDeleted (309 more) ..."
07:46:47.0 (122054099)|HEAP_ALLOCATE|[85]|Bytes:5
07:46:47.0 (122059283)|HEAP_ALLOCATE|[85]|Bytes:11
07:46:47.0 (122062775)|VARIABLE_SCOPE_BEGIN|[85]|fieldname|String|false|false
07:46:47.0 (122068897)|VARIABLE_ASSIGNMENT|[85]|fieldname|"Delivery__c"
07:46:47.0 (122072083)|STATEMENT_EXECUTE|[86]
07:46:47.0 (122074286)|HEAP_ALLOCATE|[86]|Bytes:12
07:46:47.0 (122077607)|HEAP_ALLOCATE|[86]|Bytes:341
07:46:47.0 (122082209)|VARIABLE_ASSIGNMENT|[86]|allfields|"Id,OwnerId,IsDeleted (321 more) ..."
07:46:47.0 (122088520)|HEAP_ALLOCATE|[85]|Bytes:5
07:46:47.0 (122093772)|HEAP_ALLOCATE|[85]|Bytes:5
07:46:47.0 (122097198)|VARIABLE_SCOPE_BEGIN|[85]|fieldname|String|false|false
07:46:47.0 (122103002)|VARIABLE_ASSIGNMENT|[85]|fieldname|"QA__c"
07:46:47.0 (122105896)|STATEMENT_EXECUTE|[86]
07:46:47.0 (122108150)|HEAP_ALLOCATE|[86]|Bytes:6
07:46:47.0 (122111395)|HEAP_ALLOCATE|[86]|Bytes:347
07:46:47.0 (122116039)|VARIABLE_ASSIGNMENT|[86]|allfields|"Id,OwnerId,IsDeleted (327 more) ..."
07:46:47.0 (122124448)|HEAP_ALLOCATE|[85]|Bytes:5
07:46:47.0 (122129629)|HEAP_ALLOCATE|[85]|Bytes:25
07:46:47.0 (122133370)|VARIABLE_SCOPE_BEGIN|[85]|fieldname|String|false|false
07:46:47.0 (122140360)|VARIABLE_ASSIGNMENT|[85]|fieldname|"OffshoreProjectManag (5 more) ..."
07:46:47.0 (122143419)|STATEMENT_EXECUTE|[86]
07:46:47.0 (122145783)|HEAP_ALLOCATE|[86]|Bytes:26
07:46:47.0 (122149114)|HEAP_ALLOCATE|[86]|Bytes:373
07:46:47.0 (122153686)|VARIABLE_ASSIGNMENT|[86]|allfields|"Id,OwnerId,IsDeleted (353 more) ..."
07:46:47.0 (122160128)|HEAP_ALLOCATE|[85]|Bytes:5
07:46:47.0 (122165247)|HEAP_ALLOCATE|[85]|Bytes:12
07:46:47.0 (122168774)|VARIABLE_SCOPE_BEGIN|[85]|fieldname|String|false|false
07:46:47.0 (122175179)|VARIABLE_ASSIGNMENT|[85]|fieldname|"Team_Lead__c"
07:46:47.0 (122178250)|STATEMENT_EXECUTE|[86]
07:46:47.0 (122180489)|HEAP_ALLOCATE|[86]|Bytes:13
07:46:47.0 (122183854)|HEAP_ALLOCATE|[86]|Bytes:386
07:46:47.0 (122188521)|VARIABLE_ASSIGNMENT|[86]|allfields|"Id,OwnerId,IsDeleted (366 more) ..."
07:46:47.0 (122194768)|HEAP_ALLOCATE|[85]|Bytes:5
07:46:47.0 (122199814)|HEAP_ALLOCATE|[85]|Bytes:21
07:46:47.0 (122203332)|VARIABLE_SCOPE_BEGIN|[85]|fieldname|String|false|false
07:46:47.0 (122209929)|VARIABLE_ASSIGNMENT|[85]|fieldname|"Project_Start_Date__ (1 more) ..."
07:46:47.0 (122212865)|STATEMENT_EXECUTE|[86]
07:46:47.0 (122215164)|HEAP_ALLOCATE|[86]|Bytes:22
07:46:47.0 (122218585)|HEAP_ALLOCATE|[86]|Bytes:408
07:46:47.0 (122223011)|VARIABLE_ASSIGNMENT|[86]|allfields|"Id,OwnerId,IsDeleted (388 more) ..."
07:46:47.0 (122229399)|HEAP_ALLOCATE|[85]|Bytes:5
07:46:47.0 (122236471)|HEAP_ALLOCATE|[85]|Bytes:19
07:46:47.0 (122239981)|VARIABLE_SCOPE_BEGIN|[85]|fieldname|String|false|false
07:46:47.0 (122246285)|VARIABLE_ASSIGNMENT|[85]|fieldname|"Project_End_Date__c"
07:46:47.0 (122249271)|STATEMENT_EXECUTE|[86]
07:46:47.0 (122251696)|HEAP_ALLOCATE|[86]|Bytes:20
07:46:47.0 (122255077)|HEAP_ALLOCATE|[86]|Bytes:428
07:46:47.0 (122259616)|VARIABLE_ASSIGNMENT|[86]|allfields|"Id,OwnerId,IsDeleted (408 more) ..."
07:46:47.0 (122265920)|HEAP_ALLOCATE|[85]|Bytes:5
07:46:47.0 (122270911)|HEAP_ALLOCATE|[85]|Bytes:8
07:46:47.0 (122274420)|VARIABLE_SCOPE_BEGIN|[85]|fieldname|String|false|false
07:46:47.0 (122280560)|VARIABLE_ASSIGNMENT|[85]|fieldname|"Units__c"
07:46:47.0 (122283684)|STATEMENT_EXECUTE|[86]
07:46:47.0 (122285983)|HEAP_ALLOCATE|[86]|Bytes:9
07:46:47.0 (122289557)|HEAP_ALLOCATE|[86]|Bytes:437
07:46:47.0 (122294145)|VARIABLE_ASSIGNMENT|[86]|allfields|"Id,OwnerId,IsDeleted (417 more) ..."
07:46:47.0 (122300590)|HEAP_ALLOCATE|[85]|Bytes:5
07:46:47.0 (122305860)|HEAP_ALLOCATE|[85]|Bytes:8
07:46:47.0 (122309299)|VARIABLE_SCOPE_BEGIN|[85]|fieldname|String|false|false
07:46:47.0 (122315261)|VARIABLE_ASSIGNMENT|[85]|fieldname|"Nodes__c"
07:46:47.0 (122318449)|STATEMENT_EXECUTE|[86]
07:46:47.0 (122320783)|HEAP_ALLOCATE|[86]|Bytes:9
07:46:47.0 (122324288)|HEAP_ALLOCATE|[86]|Bytes:446
07:46:47.0 (122328765)|VARIABLE_ASSIGNMENT|[86]|allfields|"Id,OwnerId,IsDeleted (426 more) ..."
07:46:47.0 (122335428)|HEAP_ALLOCATE|[85]|Bytes:5
07:46:47.0 (122342193)|HEAP_ALLOCATE|[85]|Bytes:10
07:46:47.0 (122346152)|VARIABLE_SCOPE_BEGIN|[85]|fieldname|String|false|false
07:46:47.0 (122352265)|VARIABLE_ASSIGNMENT|[85]|fieldname|"Footage__c"
07:46:47.0 (122355550)|STATEMENT_EXECUTE|[86]
07:46:47.0 (122357871)|HEAP_ALLOCATE|[86]|Bytes:11
07:46:47.0 (122361334)|HEAP_ALLOCATE|[86]|Bytes:457
07:46:47.0 (122365643)|VARIABLE_ASSIGNMENT|[86]|allfields|"Id,OwnerId,IsDeleted (437 more) ..."
07:46:47.0 (122371985)|HEAP_ALLOCATE|[85]|Bytes:5
07:46:47.0 (122377112)|HEAP_ALLOCATE|[85]|Bytes:8
07:46:47.0 (122380579)|VARIABLE_SCOPE_BEGIN|[85]|fieldname|String|false|false
07:46:47.0 (122387281)|VARIABLE_ASSIGNMENT|[85]|fieldname|"Miles__c"
07:46:47.0 (122390291)|STATEMENT_EXECUTE|[86]
07:46:47.0 (122392539)|HEAP_ALLOCATE|[86]|Bytes:9
07:46:47.0 (122396084)|HEAP_ALLOCATE|[86]|Bytes:466
07:46:47.0 (122400710)|VARIABLE_ASSIGNMENT|[86]|allfields|"Id,OwnerId,IsDeleted (446 more) ..."
07:46:47.0 (122407228)|HEAP_ALLOCATE|[85]|Bytes:5
07:46:47.0 (122412156)|HEAP_ALLOCATE|[85]|Bytes:7
07:46:47.0 (122415663)|VARIABLE_SCOPE_BEGIN|[85]|fieldname|String|false|false
07:46:47.0 (122423895)|VARIABLE_ASSIGNMENT|[85]|fieldname|"Jobs__c"
07:46:47.0 (122427230)|STATEMENT_EXECUTE|[86]
07:46:47.0 (122429738)|HEAP_ALLOCATE|[86]|Bytes:8
07:46:47.0 (122433277)|HEAP_ALLOCATE|[86]|Bytes:474
07:46:47.0 (122437659)|VARIABLE_ASSIGNMENT|[86]|allfields|"Id,OwnerId,IsDeleted (454 more) ..."
07:46:47.0 (122444579)|HEAP_ALLOCATE|[85]|Bytes:5
07:46:47.0 (122449693)|HEAP_ALLOCATE|[85]|Bytes:8
07:46:47.0 (122455085)|VARIABLE_SCOPE_BEGIN|[85]|fieldname|String|false|false
07:46:47.0 (122461058)|VARIABLE_ASSIGNMENT|[85]|fieldname|"Hours__c"
07:46:47.0 (122464016)|STATEMENT_EXECUTE|[86]
07:46:47.0 (122466447)|HEAP_ALLOCATE|[86]|Bytes:9
07:46:47.0 (122469947)|HEAP_ALLOCATE|[86]|Bytes:483
07:46:47.0 (122474386)|VARIABLE_ASSIGNMENT|[86]|allfields|"Id,OwnerId,IsDeleted (463 more) ..."
07:46:47.0 (122480871)|HEAP_ALLOCATE|[85]|Bytes:5
07:46:47.0 (122486444)|HEAP_ALLOCATE|[85]|Bytes:7
07:46:47.0 (122489911)|VARIABLE_SCOPE_BEGIN|[85]|fieldname|String|false|false
07:46:47.0 (122496538)|VARIABLE_ASSIGNMENT|[85]|fieldname|"Team__c"
07:46:47.0 (122499592)|STATEMENT_EXECUTE|[86]
07:46:47.0 (122501876)|HEAP_ALLOCATE|[86]|Bytes:8
07:46:47.0 (122505180)|HEAP_ALLOCATE|[86]|Bytes:491
07:46:47.0 (122509791)|VARIABLE_ASSIGNMENT|[86]|allfields|"Id,OwnerId,IsDeleted (471 more) ..."
07:46:47.0 (122516233)|HEAP_ALLOCATE|[85]|Bytes:5
07:46:47.0 (122522862)|VARIABLE_ASSIGNMENT|[85]|fieldname|null
07:46:47.0 (122526646)|STATEMENT_EXECUTE|[88]
07:46:47.0 (122590406)|HEAP_ALLOCATE|[88]|Bytes:490
07:46:47.0 (122603133)|VARIABLE_ASSIGNMENT|[88]|allfields|"Id,OwnerId,IsDeleted (470 more) ..."
07:46:47.0 (122606888)|STATEMENT_EXECUTE|[90]
07:46:47.0 (122619112)|METHOD_EXIT|[16]|01p7F00000Ehro9|PM_Project_Edit_Controller.getAllFields(String)
07:46:47.0 (122625843)|HEAP_ALLOCATE|[16]|Bytes:32
07:46:47.0 (122634871)|HEAP_ALLOCATE|[16]|Bytes:529
07:46:47.0 (123191612)|SOQL_EXECUTE_BEGIN|[16]|Aggregations:0|select Id,OwnerId,IsDeleted,Name,CreatedDate,CreatedById,LastModifiedDate,LastModifiedById,SystemModstamp,LastActivityDate,LastViewedDate,LastReferencedDate,Client__c,End_Customer__c,Operation_Region__c,Work_Region__c,Client_Project_Manager__c,Project_code__c,Company_project_code__c,Project_Scope__c,Cost_Centre__c,Production__c,QC__c,Delivery__c,QA__c,OffshoreProjectManager__c,Team_Lead__c,Project_Start_Date__c,Project_End_Date__c,Units__c,Nodes__c,Footage__c,Miles__c,Jobs__c,Hours__c,Team__c from Project__c where Id = :pid
07:46:47.0 (127730055)|SOQL_EXECUTE_END|[16]|Rows:1
07:46:47.0 (127752523)|HEAP_ALLOCATE|[16]|Bytes:8
07:46:47.0 (127787645)|HEAP_ALLOCATE|[16]|Bytes:969
07:46:47.0 (127845379)|HEAP_ALLOCATE|[16]|Bytes:8
07:46:47.0 (127862854)|HEAP_ALLOCATE|[16]|Bytes:36
07:46:47.0 (127904719)|HEAP_ALLOCATE|[16]|Bytes:144
07:46:47.0 (127958093)|VARIABLE_ASSIGNMENT|[EXTERNAL]|this|{"nonSelectedUserId":"(","project":"0x3a7bfc8","usersList":"0x7a0a7aa6"}|0x275b545
07:46:47.0 (128024058)|VARIABLE_ASSIGNMENT|[EXTERNAL]|value|{"Id":"a057F0000039WImQAM","OwnerId":"0057F000000Tiz6QAC","IsDeleted":false,"Name":"13","CreatedDate":"2018-01-22T13:31:57.000Z","CreatedById":"0057F000000Tiz6QAC","LastModifiedDate":"2018-01-22T14:54:39.000Z","LastModifiedById":"0057F000000Tiz6QAC","SystemModstamp":"2018-01-22T14:54:39.000Z","LastViewedDate":"2018-01-22T15:46:46.000Z","LastReferencedDate":"2018-01-22T15:46:46.000Z","Client__c":"a047F000002zkUUQAY","End_Customer__c":"sdf","Operation_Region__c":"sdf","Work_Region__c":"vxcvxc","Client_Project_Manag (5 more) ...":"135","Project_code__c":"43","Company_project_code (3 more) ...":"13588","Project_Scope__c":"ASBUILT","Cost_Centre__c":"3","Production__c":20,"QC__c":30,"Delivery__c":40,"QA__c":10,"OffshoreProjectManag (5 more) ...":"0057F000000TpcqQAC","Team_Lead__c":"0057F000000TyzGQAS","Project_Start_Date__ (1 more) ...":"2018-01-22T00:00:00.000Z","Project_End_Date__c":"2018-01-22T00:00:00.000Z","Units__c":true,"Nodes__c":true,"Footage__c":true,"Miles__c":true,"Jobs__c":true,"Hours__c":true,"Team__c":"Ravi teja, Yashwanth (7 more) ..."}|0x535d45bc
07:46:47.0 (128082197)|VARIABLE_ASSIGNMENT|[3]|this.project|{"Id":"a057F0000039WImQAM","OwnerId":"0057F000000Tiz6QAC","IsDeleted":false,"Name":"13","CreatedDate":"2018-01-22T13:31:57.000Z","CreatedById":"0057F000000Tiz6QAC","LastModifiedDate":"2018-01-22T14:54:39.000Z","LastModifiedById":"0057F000000Tiz6QAC","SystemModstamp":"2018-01-22T14:54:39.000Z","LastViewedDate":"2018-01-22T15:46:46.000Z","LastReferencedDate":"2018-01-22T15:46:46.000Z","Client__c":"a047F000002zkUUQAY","End_Customer__c":"sdf","Operation_Region__c":"sdf","Work_Region__c":"vxcvxc","Client_Project_Manag (5 more) ...":"135","Project_code__c":"43","Company_project_code (3 more) ...":"13588","Project_Scope__c":"ASBUILT","Cost_Centre__c":"3","Production__c":20,"QC__c":30,"Delivery__c":40,"QA__c":10,"OffshoreProjectManag (5 more) ...":"0057F000000TpcqQAC","Team_Lead__c":"0057F000000TyzGQAS","Project_Start_Date__ (1 more) ...":"2018-01-22T00:00:00.000Z","Project_End_Date__c":"2018-01-22T00:00:00.000Z","Units__c":true,"Nodes__c":true,"Footage__c":true,"Miles__c":true,"Jobs__c":true,"Hours__c":true,"Team__c":"Ravi teja, Yashwanth (7 more) ..."}|0x275b545
07:46:47.0 (128107138)|STATEMENT_EXECUTE|[17]
07:46:47.0 (128150444)|VARIABLE_ASSIGNMENT|[EXTERNAL]|this|{"nonSelectedUserId":"(","project":"0x535d45bc","usersList":"0x7a0a7aa6"}|0x275b545
07:46:47.0 (128216970)|VARIABLE_ASSIGNMENT|[EXTERNAL]|this|{"nonSelectedUserId":"(","project":"0x535d45bc","usersList":"0x7a0a7aa6"}|0x275b545
07:46:47.0 (128226080)|VARIABLE_ASSIGNMENT|[EXTERNAL]|value|"13"
07:46:47.0 (128236300)|VARIABLE_ASSIGNMENT|[4]|this.pName|"13"|0x275b545
07:46:47.0 (128243504)|STATEMENT_EXECUTE|[19]
07:46:47.0 (128247346)|HEAP_ALLOCATE|[19]|Bytes:86
07:46:47.0 (128265399)|HEAP_ALLOCATE|[19]|Bytes:4
07:46:47.0 (128276066)|HEAP_ALLOCATE|[19]|Bytes:7
07:46:47.0 (129353584)|SOQL_EXECUTE_BEGIN|[19]|Aggregations:0|SELECT Name, UserLink__c FROM ProjectJobAssociation__c WHERE ProjectLink__c = :tmpVar1
07:46:47.0 (132606923)|SOQL_EXECUTE_END|[19]|Rows:3
07:46:47.0 (132627464)|HEAP_ALLOCATE|[19]|Bytes:16
07:46:47.0 (132644182)|HEAP_ALLOCATE|[19]|Bytes:216
07:46:47.0 (132710897)|HEAP_ALLOCATE|[19]|Bytes:16
07:46:47.0 (132727409)|VARIABLE_SCOPE_BEGIN|[19]|pja|List<ProjectJobAssociation__c>|true|false
07:46:47.0 (132754848)|VARIABLE_ASSIGNMENT|[19]|pja|[{"Name":"77","UserLink__c":"0057F000000TrBGQA0","Id":"a087F000009Jz1ZQAS"},{"Name":"78","UserLink__c":"0057F000000TrBVQA0","Id":"a087F000009Jz1aQAC"},{"Name":"79","UserLink__c":"0057F000000Tz0iQAC","Id":"a087F000009Jz1bQAC"}]|0x7017e454
07:46:47.0 (132763376)|STATEMENT_EXECUTE|[20]
07:46:47.0 (132776417)|HEAP_ALLOCATE|[20]|Bytes:4
07:46:47.0 (132840472)|VARIABLE_ASSIGNMENT|[EXTERNAL]|this|{"nonSelectedUserId":"(","pName":"13","project":"0x535d45bc","usersList":"0x7a0a7aa6"}|0x275b545
07:46:47.0 (132867235)|HEAP_ALLOCATE|[EXTERNAL]|Bytes:4
07:46:47.0 (132874893)|VARIABLE_ASSIGNMENT|[EXTERNAL]|value|[]|0x5ccb8764
07:46:47.0 (132889947)|VARIABLE_ASSIGNMENT|[6]|this.selectedUsers|[]|0x275b545
07:46:47.0 (133050397)|HEAP_ALLOCATE|[21]|Bytes:5
07:46:47.0 (133069660)|HEAP_ALLOCATE|[21]|Bytes:16
07:46:47.0 (133090516)|VARIABLE_SCOPE_BEGIN|[21]|spja|ProjectJobAssociation__c|true|false
07:46:47.0 (133105338)|VARIABLE_ASSIGNMENT|[21]|spja|{"Name":"77","UserLink__c":"0057F000000TrBGQA0","Id":"a087F000009Jz1ZQAS"}|0x772b8c2e
07:46:47.0 (133112852)|STATEMENT_EXECUTE|[21]
07:46:47.0 (133114381)|STATEMENT_EXECUTE|[22]
07:46:47.0 (133117340)|HEAP_ALLOCATE|[22]|Bytes:45
07:46:47.0 (133130346)|HEAP_ALLOCATE|[22]|Bytes:4
07:46:47.0 (134370653)|SOQL_EXECUTE_BEGIN|[22]|Aggregations:0|SELECT Id, Name FROM User WHERE Id = :tmpVar1
07:46:47.0 (138472620)|SOQL_EXECUTE_END|[22]|Rows:1
07:46:47.0 (138497594)|HEAP_ALLOCATE|[22]|Bytes:8
07:46:47.0 (138514269)|HEAP_ALLOCATE|[22]|Bytes:46
07:46:47.0 (138589025)|HEAP_ALLOCATE|[22]|Bytes:8
07:46:47.0 (138606639)|HEAP_ALLOCATE|[22]|Bytes:30
07:46:47.0 (138644549)|HEAP_ALLOCATE|[22]|Bytes:12
07:46:47.0 (138657133)|VARIABLE_SCOPE_BEGIN|[22]|user1|User|true|false
07:46:47.0 (138680745)|VARIABLE_ASSIGNMENT|[22]|user1|{"Id":"0057F000000TrBGQA0","Name":"Ravi teja"}|0x5dec5918
07:46:47.0 (138690903)|STATEMENT_EXECUTE|[23]
07:46:47.0 (138698960)|HEAP_ALLOCATE|[23]|Bytes:1
07:46:47.0 (138823823)|HEAP_ALLOCATE|[23]|Bytes:18
07:46:47.0 (138845556)|HEAP_ALLOCATE|[23]|Bytes:2
07:46:47.0 (138855423)|HEAP_ALLOCATE|[23]|Bytes:21
07:46:47.0 (138860965)|HEAP_ALLOCATE|[23]|Bytes:22
07:46:47.0 (138875068)|VARIABLE_ASSIGNMENT|[23]|this.nonSelectedUserId|"('0057F000000TrBGQA0 (2 more) ..."|0x275b545
07:46:47.0 (138880526)|STATEMENT_EXECUTE|[24]
07:46:47.0 (138928355)|VARIABLE_ASSIGNMENT|[EXTERNAL]|this|{"nonSelectedUserId":"('0057F000000TrBGQA0 (2 more) ...","pName":"13","project":"0x535d45bc","selectedUsers":"0x5ccb8764","usersList":"0x7a0a7aa6"}|0x275b545
07:46:47.0 (138956230)|HEAP_ALLOCATE|[24]|Bytes:18
07:46:47.0 (139007297)|HEAP_ALLOCATE|[EXTERNAL]|Bytes:4
07:46:47.0 (139024645)|HEAP_ALLOCATE|[21]|Bytes:5
07:46:47.0 (139036558)|HEAP_ALLOCATE|[21]|Bytes:16
07:46:47.0 (139043501)|VARIABLE_SCOPE_BEGIN|[21]|spja|ProjectJobAssociation__c|true|false
07:46:47.0 (139061267)|VARIABLE_ASSIGNMENT|[21]|spja|{"Name":"78","UserLink__c":"0057F000000TrBVQA0","Id":"a087F000009Jz1aQAC"}|0x3fd2f631
07:46:47.0 (139067193)|STATEMENT_EXECUTE|[21]
07:46:47.0 (139068505)|STATEMENT_EXECUTE|[22]
07:46:47.0 (139083924)|HEAP_ALLOCATE|[22]|Bytes:4
07:46:47.0 (139222825)|SOQL_EXECUTE_BEGIN|[22]|Aggregations:0|SELECT Id, Name FROM User WHERE Id = :tmpVar1
07:46:47.0 (141853324)|SOQL_EXECUTE_END|[22]|Rows:1
07:46:47.0 (141871438)|HEAP_ALLOCATE|[22]|Bytes:8
07:46:47.0 (141883584)|HEAP_ALLOCATE|[22]|Bytes:46
07:46:47.0 (141913875)|HEAP_ALLOCATE|[22]|Bytes:8
07:46:47.0 (141931045)|HEAP_ALLOCATE|[22]|Bytes:12
07:46:47.0 (141938002)|VARIABLE_SCOPE_BEGIN|[22]|user1|User|true|false
07:46:47.0 (141954669)|VARIABLE_ASSIGNMENT|[22]|user1|{"Id":"0057F000000TrBVQA0","Name":"Yashwanth"}|0xaa93e17
07:46:47.0 (141960261)|STATEMENT_EXECUTE|[23]
07:46:47.0 (141984888)|HEAP_ALLOCATE|[23]|Bytes:18
07:46:47.0 (141997365)|HEAP_ALLOCATE|[23]|Bytes:21
07:46:47.0 (142001961)|HEAP_ALLOCATE|[23]|Bytes:43
07:46:47.0 (142016287)|VARIABLE_ASSIGNMENT|[23]|this.nonSelectedUserId|"('0057F000000TrBGQA0 (23 more) ..."|0x275b545
07:46:47.0 (142021091)|STATEMENT_EXECUTE|[24]
07:46:47.0 (142050142)|VARIABLE_ASSIGNMENT|[EXTERNAL]|this|{"nonSelectedUserId":"('0057F000000TrBGQA0 (23 more) ...","pName":"13","project":"0x535d45bc","selectedUsers":"0x5ccb8764","usersList":"0x7a0a7aa6"}|0x275b545
07:46:47.0 (142069299)|HEAP_ALLOCATE|[24]|Bytes:18
07:46:47.0 (142084515)|HEAP_ALLOCATE|[EXTERNAL]|Bytes:4
07:46:47.0 (142098797)|HEAP_ALLOCATE|[21]|Bytes:5
07:46:47.0 (142109971)|HEAP_ALLOCATE|[21]|Bytes:16
07:46:47.0 (142116596)|VARIABLE_SCOPE_BEGIN|[21]|spja|ProjectJobAssociation__c|true|false
07:46:47.0 (142133150)|VARIABLE_ASSIGNMENT|[21]|spja|{"Name":"79","UserLink__c":"0057F000000Tz0iQAC","Id":"a087F000009Jz1bQAC"}|0x1932d877
07:46:47.0 (142138795)|STATEMENT_EXECUTE|[21]
07:46:47.0 (142140323)|STATEMENT_EXECUTE|[22]
07:46:47.0 (142150235)|HEAP_ALLOCATE|[22]|Bytes:4
07:46:47.0 (142292395)|SOQL_EXECUTE_BEGIN|[22]|Aggregations:0|SELECT Id, Name FROM User WHERE Id = :tmpVar1
07:46:47.0 (144718311)|SOQL_EXECUTE_END|[22]|Rows:1
07:46:47.0 (144738391)|HEAP_ALLOCATE|[22]|Bytes:8
07:46:47.0 (144753070)|HEAP_ALLOCATE|[22]|Bytes:42
07:46:47.0 (144787522)|HEAP_ALLOCATE|[22]|Bytes:8
07:46:47.0 (144810164)|HEAP_ALLOCATE|[22]|Bytes:12
07:46:47.0 (144820694)|VARIABLE_SCOPE_BEGIN|[22]|user1|User|true|false
07:46:47.0 (144839142)|VARIABLE_ASSIGNMENT|[22]|user1|{"Id":"0057F000000Tz0iQAC","Name":"Richa"}|0x2cfd0af7
07:46:47.0 (144845018)|STATEMENT_EXECUTE|[23]
07:46:47.0 (144872543)|HEAP_ALLOCATE|[23]|Bytes:18
07:46:47.0 (144892500)|HEAP_ALLOCATE|[23]|Bytes:21
07:46:47.0 (144897313)|HEAP_ALLOCATE|[23]|Bytes:64
07:46:47.0 (144909386)|VARIABLE_ASSIGNMENT|[23]|this.nonSelectedUserId|"('0057F000000TrBGQA0 (44 more) ..."|0x275b545
07:46:47.0 (144914596)|STATEMENT_EXECUTE|[24]
07:46:47.0 (144943880)|VARIABLE_ASSIGNMENT|[EXTERNAL]|this|{"nonSelectedUserId":"('0057F000000TrBGQA0 (44 more) ...","pName":"13","project":"0x535d45bc","selectedUsers":"0x5ccb8764","usersList":"0x7a0a7aa6"}|0x275b545
07:46:47.0 (144962643)|HEAP_ALLOCATE|[24]|Bytes:18
07:46:47.0 (144978316)|HEAP_ALLOCATE|[EXTERNAL]|Bytes:4
07:46:47.0 (144992502)|HEAP_ALLOCATE|[21]|Bytes:5
07:46:47.0 (145004286)|VARIABLE_ASSIGNMENT|[21]|spja|null|
07:46:47.0 (145009484)|STATEMENT_EXECUTE|[26]
07:46:47.0 (145056522)|HEAP_ALLOCATE|[26]|Bytes:63
07:46:47.0 (145074077)|VARIABLE_ASSIGNMENT|[26]|this.nonSelectedUserId|"('0057F000000TrBGQA0 (43 more) ..."|0x275b545
07:46:47.0 (145079016)|STATEMENT_EXECUTE|[27]
07:46:47.0 (145082139)|HEAP_ALLOCATE|[27]|Bytes:1
07:46:47.0 (145087889)|HEAP_ALLOCATE|[27]|Bytes:64
07:46:47.0 (145094319)|VARIABLE_ASSIGNMENT|[27]|this.nonSelectedUserId|"('0057F000000TrBGQA0 (44 more) ..."|0x275b545
07:46:47.0 (145102754)|SYSTEM_MODE_EXIT|false
07:46:47.0 (145201143)|SYSTEM_MODE_ENTER|true
07:46:47.0 (151938648)|SYSTEM_MODE_ENTER|true
07:46:47.0 (151987623)|HEAP_ALLOCATE|[EXTERNAL]|Bytes:164
07:46:47.0 (151996690)|HEAP_ALLOCATE|[EXTERNAL]|Bytes:12
07:46:47.0 (152008445)|METHOD_ENTRY|[5]|01p7F00000Ehg8E|MultiselectController.MultiselectController()
07:46:47.0 (152016162)|STATEMENT_EXECUTE|[5]
07:46:47.0 (152020011)|STATEMENT_EXECUTE|[5]
07:46:47.0 (152030003)|SYSTEM_MODE_ENTER|false
07:46:47.0 (152037557)|HEAP_ALLOCATE|[EXTERNAL]|Bytes:5
07:46:47.0 (152044211)|SYSTEM_MODE_EXIT|false
07:46:47.0 (152051823)|METHOD_EXIT|[5]|MultiselectController
07:46:47.0 (152068503)|HEAP_ALLOCATE|[EXTERNAL]|Bytes:20
07:46:47.0 (152074933)|VARIABLE_SCOPE_BEGIN|[5]|this|MultiselectController|true|false
07:46:47.0 (152098052)|VARIABLE_ASSIGNMENT|[5]|this|{}|0x37f411aa
07:46:47.0 (152111266)|SYSTEM_MODE_ENTER|false
07:46:47.0 (152116609)|HEAP_ALLOCATE|[EXTERNAL]|Bytes:5
07:46:47.0 (152137801)|SYSTEM_MODE_EXIT|false
07:46:47.0 (152141545)|STATEMENT_EXECUTE|[5]
07:46:47.0 (152146870)|SYSTEM_MODE_ENTER|false
07:46:47.0 (152150329)|HEAP_ALLOCATE|[EXTERNAL]|Bytes:5
07:46:47.0 (152153398)|STATEMENT_EXECUTE|[7]
07:46:47.0 (152154614)|STATEMENT_EXECUTE|[8]
07:46:47.0 (152155519)|STATEMENT_EXECUTE|[23]
07:46:47.0 (152156654)|STATEMENT_EXECUTE|[31]
07:46:47.0 (152158578)|SYSTEM_MODE_EXIT|false
07:46:47.0 (152280316)|SYSTEM_MODE_ENTER|true
07:46:47.0 (152318205)|HEAP_ALLOCATE|[EXTERNAL]|Bytes:24
07:46:47.0 (152326310)|VARIABLE_SCOPE_BEGIN|[30]|this|PM_Project_Edit_Controller|true|false
07:46:47.0 (152355055)|VARIABLE_ASSIGNMENT|[30]|this|{"nonSelectedUserId":"('0057F000000TrBGQA0 (44 more) ...","pName":"13","project":"0x535d45bc","selectedUsers":"0x5ccb8764","usersList":"0x7a0a7aa6"}|0x275b545
07:46:47.0 (152373488)|SYSTEM_MODE_ENTER|false
07:46:47.0 (152379739)|HEAP_ALLOCATE|[31]|Bytes:5
07:46:47.0 (152384232)|STATEMENT_EXECUTE|[30]
07:46:47.0 (152385654)|STATEMENT_EXECUTE|[31]
07:46:47.0 (152388487)|HEAP_ALLOCATE|[31]|Bytes:62
07:46:47.0 (152401136)|HEAP_ALLOCATE|[31]|Bytes:4
07:46:47.0 (152622486)|SOQL_EXECUTE_BEGIN|[31]|Aggregations:0|SELECT Id, Name FROM UserRole WHERE Name = 'Software Engineer'
07:46:47.0 (155697818)|SOQL_EXECUTE_END|[31]|Rows:1
07:46:47.0 (155716855)|HEAP_ALLOCATE|[31]|Bytes:8
07:46:47.0 (155733410)|HEAP_ALLOCATE|[31]|Bytes:54
07:46:47.0 (155798962)|HEAP_ALLOCATE|[31]|Bytes:8
07:46:47.0 (155812017)|HEAP_ALLOCATE|[31]|Bytes:34
07:46:47.0 (155839549)|HEAP_ALLOCATE|[31]|Bytes:12
07:46:47.0 (155847785)|VARIABLE_SCOPE_BEGIN|[31]|userRole|UserRole|true|false
07:46:47.0 (155865186)|VARIABLE_ASSIGNMENT|[31]|userRole|{"Id":"00E7F000000MdriUAC","Name":"Software Engineer"}|0x2213fefc
07:46:47.0 (155870977)|STATEMENT_EXECUTE|[32]
07:46:47.0 (155892347)|VARIABLE_SCOPE_BEGIN|[32]|userRoleId|Id|false|false
07:46:47.0 (156011596)|VARIABLE_ASSIGNMENT|[32]|userRoleId|"00E7F000000MdriUAC"
07:46:47.0 (156019075)|STATEMENT_EXECUTE|[33]
07:46:47.0 (156022858)|HEAP_ALLOCATE|[33]|Bytes:70
07:46:47.0 (156035831)|HEAP_ALLOCATE|[33]|Bytes:134
07:46:47.0 (156295945)|SOQL_EXECUTE_BEGIN|[33]|Aggregations:0|select Id,Name from User where UserRoleId =: userRoleId and Id not in ('0057F000000TrBGQA0','0057F000000TrBVQA0','0057F000000Tz0iQAC')
07:46:47.0 (163609964)|SOQL_EXECUTE_END|[33]|Rows:3
07:46:47.0 (163634263)|HEAP_ALLOCATE|[33]|Bytes:16
07:46:47.0 (163653455)|HEAP_ALLOCATE|[33]|Bytes:137
07:46:47.0 (163692316)|HEAP_ALLOCATE|[33]|Bytes:16
07:46:47.0 (163723061)|VARIABLE_SCOPE_BEGIN|[33]|users|List<User>|true|false
07:46:47.0 (163759491)|VARIABLE_ASSIGNMENT|[33]|users|[{"Id":"0057F000000TpdFQAS","Name":"Mani Sasank"},{"Id":"0057F000000TrBBQA0","Name":"Santhosh"},{"Id":"0057F000000Tz0sQAC","Name":"Veeresh"}]|0x7b4f25b2
07:46:47.0 (163925194)|HEAP_ALLOCATE|[34]|Bytes:5
07:46:47.0 (163948273)|HEAP_ALLOCATE|[34]|Bytes:12
07:46:47.0 (163960948)|VARIABLE_SCOPE_BEGIN|[34]|usr|User|true|false
07:46:47.0 (163982593)|VARIABLE_ASSIGNMENT|[34]|usr|{"Id":"0057F000000TpdFQAS","Name":"Mani Sasank"}|0xd4f38
07:46:47.0 (163992277)|STATEMENT_EXECUTE|[34]
07:46:47.0 (163994707)|STATEMENT_EXECUTE|[35]
07:46:47.0 (164016174)|HEAP_ALLOCATE|[35]|Bytes:18
07:46:47.0 (164095025)|HEAP_ALLOCATE|[EXTERNAL]|Bytes:4
07:46:47.0 (164118934)|HEAP_ALLOCATE|[34]|Bytes:5
07:46:47.0 (164134850)|HEAP_ALLOCATE|[34]|Bytes:12
07:46:47.0 (164145316)|VARIABLE_SCOPE_BEGIN|[34]|usr|User|true|false
07:46:47.0 (164165566)|VARIABLE_ASSIGNMENT|[34]|usr|{"Id":"0057F000000TrBBQA0","Name":"Santhosh"}|0x26d883e
07:46:47.0 (164174808)|STATEMENT_EXECUTE|[34]
07:46:47.0 (164176839)|STATEMENT_EXECUTE|[35]
07:46:47.0 (164189720)|HEAP_ALLOCATE|[35]|Bytes:18
07:46:47.0 (164209850)|HEAP_ALLOCATE|[EXTERNAL]|Bytes:4
07:46:47.0 (164226743)|HEAP_ALLOCATE|[34]|Bytes:5
07:46:47.0 (164240373)|HEAP_ALLOCATE|[34]|Bytes:12
07:46:47.0 (164249355)|VARIABLE_SCOPE_BEGIN|[34]|usr|User|true|false
07:46:47.0 (164266827)|VARIABLE_ASSIGNMENT|[34]|usr|{"Id":"0057F000000Tz0sQAC","Name":"Veeresh"}|0x2a73fed0
07:46:47.0 (164275460)|STATEMENT_EXECUTE|[34]
07:46:47.0 (164277255)|STATEMENT_EXECUTE|[35]
07:46:47.0 (164287749)|HEAP_ALLOCATE|[35]|Bytes:18
07:46:47.0 (164304788)|HEAP_ALLOCATE|[EXTERNAL]|Bytes:4
07:46:47.0 (164321758)|HEAP_ALLOCATE|[34]|Bytes:5
07:46:47.0 (164335702)|VARIABLE_ASSIGNMENT|[34]|usr|null|
07:46:47.0 (164343785)|STATEMENT_EXECUTE|[37]
07:46:47.0 (164352077)|SYSTEM_MODE_EXIT|false
07:46:47.0 (164498295)|SYSTEM_MODE_ENTER|true
07:46:47.0 (164583996)|HEAP_ALLOCATE|[EXTERNAL]|Bytes:16
07:46:47.0 (164592818)|HEAP_ALLOCATE|[EXTERNAL]|Bytes:20
07:46:47.0 (164751845)|VARIABLE_ASSIGNMENT|[EXTERNAL]|this.leftOptions|"common.apex.runtime.impl.ScalarList@ab0f4d2b"|0x37f411aa
07:46:47.0 (164893623)|SYSTEM_MODE_ENTER|true
07:46:47.0 (164995141)|SYSTEM_MODE_ENTER|true
07:46:47.0 (165056984)|HEAP_ALLOCATE|[EXTERNAL]|Bytes:16
07:46:47.0 (165066106)|HEAP_ALLOCATE|[EXTERNAL]|Bytes:20
07:46:47.0 (165166491)|VARIABLE_ASSIGNMENT|[EXTERNAL]|this.rightOptions|"common.apex.runtime.impl.ScalarList@1d5243c9"|0x37f411aa
07:46:47.0 (165357386)|SYSTEM_MODE_ENTER|true
07:46:47.0 (165749865)|SYSTEM_MODE_ENTER|true
07:46:47.0 (201756142)|SYSTEM_MODE_ENTER|true
07:46:47.0 (201833235)|HEAP_ALLOCATE|[EXTERNAL]|Bytes:16
07:46:47.0 (201842005)|HEAP_ALLOCATE|[EXTERNAL]|Bytes:20
07:46:47.0 (201989014)|VARIABLE_ASSIGNMENT|[EXTERNAL]|this.leftOptions|"common.apex.runtime.impl.ScalarList@ab0f4d2b"|0x37f411aa
07:46:47.0 (202085527)|SYSTEM_MODE_ENTER|true
07:46:47.0 (202125867)|HEAP_ALLOCATE|[EXTERNAL]|Bytes:16
07:46:47.0 (202131012)|HEAP_ALLOCATE|[EXTERNAL]|Bytes:20
07:46:47.0 (202202920)|VARIABLE_ASSIGNMENT|[EXTERNAL]|this.rightOptions|"common.apex.runtime.impl.ScalarList@1d5243c9"|0x37f411aa
07:46:47.0 (202760228)|SYSTEM_MODE_ENTER|true
07:46:47.0 (204873090)|SYSTEM_MODE_ENTER|true
07:46:47.0 (205669831)|SYSTEM_MODE_ENTER|true
07:46:47.0 (205763899)|SYSTEM_MODE_ENTER|true
07:46:47.0 (210666179)|VF_SERIALIZE_VIEWSTATE_BEGIN|0667F000004uRC1
07:46:47.0 (213862914)|VF_SERIALIZE_VIEWSTATE_END
07:46:47.215 (215889255)|CUMULATIVE_LIMIT_USAGE
07:46:47.215 (215889255)|LIMIT_USAGE_FOR_NS|(default)|
  Number of SOQL queries: 7 out of 100
  Number of query rows: 11 out of 50000
  Number of SOSL queries: 0 out of 20
  Number of DML statements: 0 out of 150
  Number of DML rows: 0 out of 10000
  Maximum CPU time: 0 out of 10000
  Maximum heap size: 0 out of 6000000
  Number of callouts: 0 out of 100
  Number of Email Invocations: 0 out of 10
  Number of future calls: 0 out of 50
  Number of queueable jobs added to the queue: 0 out of 50
  Number of Mobile Apex push calls: 0 out of 10

07:46:47.215 (215889255)|CUMULATIVE_LIMIT_USAGE_END

07:46:47.0 (215926225)|CODE_UNIT_FINISHED|VF: /apex/PM_Project_Edit
07:46:47.0 (216652437)|EXECUTION_FINISHED
