36.0 APEX_CODE,FINEST;APEX_PROFILING,INFO;CALLOUT,INFO;DB,INFO;SYSTEM,DEBUG;VALIDATION,INFO;VISUALFORCE,INFO;WAVE,INFO;WORKFLOW,INFO
23:33:49.0 (357399)|USER_INFO|[EXTERNAL]|0057F000000Tiz6|ksb994@salesforce.com|Pacific Standard Time|GMT-08:00
23:33:49.0 (407571)|EXECUTION_STARTED
23:33:49.0 (412918)|CODE_UNIT_STARTED|[EXTERNAL]|0667F000004uRC1|VF: /apex/PM_Project_Edit
23:33:49.0 (2204302)|SYSTEM_MODE_ENTER|true
23:33:49.0 (2585471)|HEAP_ALLOCATE|[72]|Bytes:3
23:33:49.0 (2619978)|HEAP_ALLOCATE|[77]|Bytes:152
23:33:49.0 (2634917)|HEAP_ALLOCATE|[342]|Bytes:408
23:33:49.0 (2650451)|HEAP_ALLOCATE|[355]|Bytes:408
23:33:49.0 (2665349)|HEAP_ALLOCATE|[467]|Bytes:48
23:33:49.0 (2694046)|HEAP_ALLOCATE|[139]|Bytes:6
23:33:49.0 (2708437)|HEAP_ALLOCATE|[EXTERNAL]|Bytes:112
23:33:49.0 (2713268)|HEAP_ALLOCATE|[EXTERNAL]|Bytes:8
23:33:49.0 (2716750)|HEAP_ALLOCATE|[EXTERNAL]|Bytes:1
23:33:49.0 (2725319)|METHOD_ENTRY|[1]|01p7F00000Ehro9|PM_Project_Edit_Controller.PM_Project_Edit_Controller()
23:33:49.0 (2731553)|STATEMENT_EXECUTE|[1]
23:33:49.0 (2736056)|STATEMENT_EXECUTE|[1]
23:33:49.0 (2765050)|HEAP_ALLOCATE|[50]|Bytes:5
23:33:49.0 (2783725)|HEAP_ALLOCATE|[56]|Bytes:5
23:33:49.0 (2791633)|HEAP_ALLOCATE|[64]|Bytes:7
23:33:49.0 (2813585)|SYSTEM_MODE_ENTER|false
23:33:49.0 (2825003)|HEAP_ALLOCATE|[EXTERNAL]|Bytes:5
23:33:49.0 (2831651)|SYSTEM_MODE_EXIT|false
23:33:49.0 (2839081)|METHOD_EXIT|[1]|PM_Project_Edit_Controller
23:33:49.0 (2853360)|HEAP_ALLOCATE|[EXTERNAL]|Bytes:12
23:33:49.0 (2866135)|VARIABLE_SCOPE_BEGIN|[6]|this|PM_Project_Edit_Controller|true|false
23:33:49.0 (2916466)|VARIABLE_ASSIGNMENT|[6]|this|{}|0x3d9d443
23:33:49.0 (2924757)|VARIABLE_SCOPE_BEGIN|[6]|stdController|ApexPages.StandardController|true|false
23:33:49.0 (3071179)|VARIABLE_ASSIGNMENT|[6]|stdController|"StandardController [null]"|0x65dbe60b
23:33:49.0 (3093989)|SYSTEM_MODE_ENTER|false
23:33:49.0 (3100516)|HEAP_ALLOCATE|[7]|Bytes:5
23:33:49.0 (3105142)|STATEMENT_EXECUTE|[1]
23:33:49.0 (3109553)|HEAP_ALLOCATE|[7]|Bytes:5
23:33:49.0 (3112326)|STATEMENT_EXECUTE|[3]
23:33:49.0 (3113958)|STATEMENT_EXECUTE|[4]
23:33:49.0 (3123177)|HEAP_ALLOCATE|[7]|Bytes:6
23:33:49.0 (3152929)|STATEMENT_EXECUTE|[6]
23:33:49.0 (3154477)|STATEMENT_EXECUTE|[7]
23:33:49.0 (3466675)|HEAP_ALLOCATE|[7]|Bytes:4
23:33:49.0 (3508163)|VARIABLE_ASSIGNMENT|[EXTERNAL]|this|{}|0x3d9d443
23:33:49.0 (3521744)|VARIABLE_ASSIGNMENT|[EXTERNAL]|value|{}|0x33731017
23:33:49.0 (3532916)|VARIABLE_ASSIGNMENT|[3]|this.mysObject|{}|0x3d9d443
23:33:49.0 (3541782)|STATEMENT_EXECUTE|[8]
23:33:49.0 (3578568)|HEAP_ALLOCATE|[8]|Bytes:43
23:33:49.0 (3614041)|HEAP_ALLOCATE|[8]|Bytes:18
23:33:49.0 (3635193)|HEAP_ALLOCATE|[8]|Bytes:3
23:33:49.0 (3661208)|HEAP_ALLOCATE|[8]|Bytes:4
23:33:49.0 (3666786)|VARIABLE_SCOPE_BEGIN|[8]|pid|Id|false|false
23:33:49.0 (3733849)|VARIABLE_ASSIGNMENT|[8]|pid|"a057F000002dVv5QAE"
23:33:49.0 (3740501)|STATEMENT_EXECUTE|[9]
23:33:49.0 (3743897)|HEAP_ALLOCATE|[9]|Bytes:24
23:33:49.0 (3796810)|HEAP_ALLOCATE|[9]|Bytes:18
23:33:49.0 (3813418)|HEAP_ALLOCATE|[9]|Bytes:42
23:33:49.0 (3831682)|USER_DEBUG|[9]|DEBUG|------------------------a057F000002dVv5QAE
23:33:49.0 (3838301)|STATEMENT_EXECUTE|[12]
23:33:49.0 (3841092)|HEAP_ALLOCATE|[12]|Bytes:51
23:33:49.0 (3855013)|HEAP_ALLOCATE|[12]|Bytes:4
23:33:49.0 (3864911)|HEAP_ALLOCATE|[12]|Bytes:7
23:33:49.0 (4042616)|SOQL_EXECUTE_BEGIN|[12]|Aggregations:0|SELECT Id, name FROM Project__c WHERE Id = :tmpVar1
23:33:49.0 (6052113)|SOQL_EXECUTE_END|[12]|Rows:1
23:33:49.0 (6071560)|HEAP_ALLOCATE|[12]|Bytes:8
23:33:49.0 (6087429)|HEAP_ALLOCATE|[12]|Bytes:44
23:33:49.0 (6160015)|HEAP_ALLOCATE|[12]|Bytes:8
23:33:49.0 (6171555)|HEAP_ALLOCATE|[12]|Bytes:36
23:33:49.0 (6217285)|HEAP_ALLOCATE|[12]|Bytes:12
23:33:49.0 (6254783)|VARIABLE_ASSIGNMENT|[EXTERNAL]|this|{"mysObject":"0x33731017"}|0x3d9d443
23:33:49.0 (6267655)|VARIABLE_ASSIGNMENT|[EXTERNAL]|value|{"Id":"a057F000002dVv5QAE","Name":"tm Test"}|0x3c7e511f
23:33:49.0 (6279330)|VARIABLE_ASSIGNMENT|[3]|this.mysObject|{"Id":"a057F000002dVv5QAE","Name":"tm Test"}|0x3d9d443
23:33:49.0 (6288282)|STATEMENT_EXECUTE|[13]
23:33:49.0 (6322280)|VARIABLE_ASSIGNMENT|[EXTERNAL]|this|{"mysObject":"0x3c7e511f"}|0x3d9d443
23:33:49.0 (6376113)|VARIABLE_ASSIGNMENT|[EXTERNAL]|this|{"mysObject":"0x3c7e511f"}|0x3d9d443
23:33:49.0 (6384794)|VARIABLE_ASSIGNMENT|[EXTERNAL]|value|"tm Test"
23:33:49.0 (6392874)|VARIABLE_ASSIGNMENT|[4]|this.pName|"tm Test"|0x3d9d443
23:33:49.0 (6402779)|SYSTEM_MODE_EXIT|false
23:33:49.0 (17785444)|SYSTEM_MODE_ENTER|true
23:33:49.0 (19663114)|VF_SERIALIZE_VIEWSTATE_BEGIN|0667F000004uRC1
23:33:49.0 (29245748)|VF_SERIALIZE_VIEWSTATE_END
23:33:49.31 (31048391)|CUMULATIVE_LIMIT_USAGE
23:33:49.31 (31048391)|LIMIT_USAGE_FOR_NS|(default)|
  Number of SOQL queries: 1 out of 100
  Number of query rows: 1 out of 50000
  Number of SOSL queries: 0 out of 20
  Number of DML statements: 0 out of 150
  Number of DML rows: 0 out of 10000
  Maximum CPU time: 0 out of 10000
  Maximum heap size: 0 out of 6000000
  Number of callouts: 0 out of 100
  Number of Email Invocations: 0 out of 10
  Number of future calls: 0 out of 50
  Number of queueable jobs added to the queue: 0 out of 50
  Number of Mobile Apex push calls: 0 out of 10

23:33:49.31 (31048391)|CUMULATIVE_LIMIT_USAGE_END

23:33:49.0 (31107291)|CODE_UNIT_FINISHED|VF: /apex/PM_Project_Edit
23:33:49.0 (31873224)|EXECUTION_FINISHED
