36.0 APEX_CODE,FINEST;APEX_PROFILING,INFO;CALLOUT,INFO;DB,INFO;SYSTEM,DEBUG;VALIDATION,INFO;VISUALFORCE,INFO;WAVE,INFO;WORKFLOW,INFO
02:50:28.0 (287558)|USER_INFO|[EXTERNAL]|0057F000000Tiz6|ksb994@salesforce.com|Pacific Standard Time|GMT-08:00
02:50:28.0 (316825)|EXECUTION_STARTED
02:50:28.0 (320852)|CODE_UNIT_STARTED|[EXTERNAL]|0667F000005aHSA|VF: /apex/PM_Job_New
02:50:28.3 (3352816)|SYSTEM_MODE_ENTER|true
02:50:28.3 (3443641)|HEAP_ALLOCATE|[72]|Bytes:3
02:50:28.3 (3471843)|HEAP_ALLOCATE|[77]|Bytes:152
02:50:28.3 (3486346)|HEAP_ALLOCATE|[342]|Bytes:408
02:50:28.3 (3501231)|HEAP_ALLOCATE|[355]|Bytes:408
02:50:28.3 (3515186)|HEAP_ALLOCATE|[467]|Bytes:48
02:50:28.3 (3760281)|SYSTEM_MODE_ENTER|true
02:50:28.3 (3817063)|HEAP_ALLOCATE|[EXTERNAL]|Bytes:8
02:50:28.3 (3824458)|VARIABLE_SCOPE_BEGIN|[88]|this|ApexPage.PageMessagesComponentController|true|false
02:50:28.3 (3859517)|VARIABLE_ASSIGNMENT|[88]|this|{}|0x7f42bae8
02:50:28.3 (3865447)|VARIABLE_SCOPE_BEGIN|[88]|escape|Boolean|false|false
02:50:28.3 (3872656)|VARIABLE_ASSIGNMENT|[88]|escape|null
02:50:28.4 (4018453)|SYSTEM_MODE_ENTER|true
02:50:28.4 (4052926)|HEAP_ALLOCATE|[EXTERNAL]|Bytes:8
02:50:28.4 (4060113)|VARIABLE_SCOPE_BEGIN|[2]|this|ApexPage.PageMessagesComponentController|true|false
02:50:28.4 (4079418)|VARIABLE_ASSIGNMENT|[2]|this|{}|0x7f42bae8
02:50:28.0 (4972778)|SYSTEM_MODE_ENTER|true
02:50:28.0 (5228804)|HEAP_ALLOCATE|[EXTERNAL]|Bytes:260
02:50:28.0 (5238909)|HEAP_ALLOCATE|[EXTERNAL]|Bytes:41
02:50:28.0 (5242968)|HEAP_ALLOCATE|[EXTERNAL]|Bytes:8
02:50:28.0 (5275650)|METHOD_ENTRY|[1]|01p7F00000HhQR4|PM_Job_New_Controller.PM_Job_New_Controller()
02:50:28.0 (5281308)|STATEMENT_EXECUTE|[1]
02:50:28.0 (5285264)|STATEMENT_EXECUTE|[1]
02:50:28.0 (5299121)|SYSTEM_MODE_ENTER|false
02:50:28.0 (5306137)|HEAP_ALLOCATE|[EXTERNAL]|Bytes:5
02:50:28.0 (5312605)|SYSTEM_MODE_EXIT|false
02:50:28.0 (5319158)|METHOD_EXIT|[1]|PM_Job_New_Controller
02:50:28.0 (5375751)|HEAP_ALLOCATE|[EXTERNAL]|Bytes:40
02:50:28.0 (5473416)|VARIABLE_SCOPE_BEGIN|[16]|this|PM_Job_New_Controller|true|false
02:50:28.0 (5522692)|VARIABLE_ASSIGNMENT|[16]|this|{}|0xd7e8e64
02:50:28.0 (5530000)|VARIABLE_SCOPE_BEGIN|[16]|stdController|ApexPages.StandardController|true|false
02:50:28.0 (5695125)|VARIABLE_ASSIGNMENT|[16]|stdController|"StandardController [null]"|0x6f1c967c
02:50:28.0 (5719104)|SYSTEM_MODE_ENTER|false
02:50:28.0 (5725853)|HEAP_ALLOCATE|[17]|Bytes:5
02:50:28.0 (5730386)|STATEMENT_EXECUTE|[1]
02:50:28.0 (5735109)|HEAP_ALLOCATE|[17]|Bytes:5
02:50:28.0 (5737421)|STATEMENT_EXECUTE|[3]
02:50:28.0 (5738770)|STATEMENT_EXECUTE|[4]
02:50:28.0 (5740043)|STATEMENT_EXECUTE|[5]
02:50:28.0 (5741006)|STATEMENT_EXECUTE|[6]
02:50:28.0 (5741910)|STATEMENT_EXECUTE|[7]
02:50:28.0 (5742830)|STATEMENT_EXECUTE|[8]
02:50:28.0 (5743715)|STATEMENT_EXECUTE|[9]
02:50:28.0 (5744602)|STATEMENT_EXECUTE|[10]
02:50:28.0 (5745598)|STATEMENT_EXECUTE|[11]
02:50:28.0 (5763181)|STATEMENT_EXECUTE|[16]
02:50:28.0 (5764527)|STATEMENT_EXECUTE|[17]
02:50:28.0 (5868695)|HEAP_ALLOCATE|[17]|Bytes:4
02:50:28.0 (5894289)|VARIABLE_ASSIGNMENT|[17]|this.job|{}|0xd7e8e64
02:50:28.0 (5899913)|STATEMENT_EXECUTE|[18]
02:50:28.0 (5903607)|HEAP_ALLOCATE|[18]|Bytes:46
02:50:28.0 (5940626)|HEAP_ALLOCATE|[18]|Bytes:4
02:50:28.0 (6136487)|SOQL_EXECUTE_BEGIN|[18]|Aggregations:0|SELECT Company_project_code__c FROM Project__c
02:50:28.0 (9232493)|SOQL_EXECUTE_END|[18]|Rows:24
02:50:28.0 (9253614)|HEAP_ALLOCATE|[18]|Bytes:100
02:50:28.0 (9297586)|HEAP_ALLOCATE|[18]|Bytes:1692
02:50:28.0 (9337149)|HEAP_ALLOCATE|[18]|Bytes:100
02:50:28.0 (9438059)|VARIABLE_ASSIGNMENT|[EXTERNAL]|this|{"job":"0x51cf1dd0"}|0xd7e8e64
02:50:28.0 (9461227)|VARIABLE_ASSIGNMENT|[EXTERNAL]|value|"List of size 24 too large to display"|0x2243fdb6
02:50:28.0 (9488839)|VARIABLE_ASSIGNMENT|[4]|this.projectList|"List of size 24 too large to display"|0xd7e8e64
02:50:28.0 (9501156)|STATEMENT_EXECUTE|[19]
02:50:28.0 (9505617)|HEAP_ALLOCATE|[19]|Bytes:7
02:50:28.0 (9510270)|HEAP_ALLOCATE|[19]|Bytes:4
02:50:28.0 (9525620)|METHOD_ENTRY|[19]|01p7F00000HhQR4|PM_Job_New_Controller.getAllFields(String)
02:50:28.0 (9648093)|VARIABLE_SCOPE_BEGIN|[83]|sobjectname|String|false|false
02:50:28.0 (9659935)|VARIABLE_ASSIGNMENT|[83]|sobjectname|"Task"
02:50:28.0 (9679882)|HEAP_ALLOCATE|[84]|Bytes:5
02:50:28.0 (9684447)|STATEMENT_EXECUTE|[83]
02:50:28.0 (30047283)|HEAP_ALLOCATE|[84]|Bytes:1468
02:50:28.0 (30114198)|STATEMENT_EXECUTE|[84]
02:50:28.0 (30117104)|STATEMENT_EXECUTE|[87]
02:50:28.0 (34234670)|HEAP_ALLOCATE|[87]|Bytes:1468
02:50:28.0 (34715862)|HEAP_ALLOCATE|[87]|Bytes:4
02:50:28.0 (34776397)|HEAP_ALLOCATE|[87]|Bytes:4
02:50:28.0 (35142672)|HEAP_ALLOCATE|[87]|Bytes:160
02:50:28.0 (35158774)|VARIABLE_SCOPE_BEGIN|[87]|fields|Map<String,Schema.SObjectField>|true|false
02:50:28.0 (35373688)|VARIABLE_ASSIGNMENT|[87]|fields|"{accountid=AccountId, activitydate=ActivityDate, calldisposition=CallDisposition, calldurationinseconds=CallDurationInSeconds, callobject=CallObject, calltype=CallType, createdbyid=CreatedById, createddate=CreatedDate, description=Description, id=Id, ...}"|0xd84c324
02:50:28.0 (35386550)|STATEMENT_EXECUTE|[88]
02:50:28.0 (35406975)|HEAP_ALLOCATE|[88]|Bytes:4
02:50:28.0 (35442004)|VARIABLE_SCOPE_BEGIN|[88]|accessiblefields|List<String>|true|false
02:50:28.0 (35474195)|HEAP_ALLOCATE|[EXTERNAL]|Bytes:4
02:50:28.0 (35487192)|VARIABLE_ASSIGNMENT|[88]|accessiblefields|[]|0x46f0ef97
02:50:28.0 (35537906)|HEAP_ALLOCATE|[EXTERNAL]|Bytes:160
02:50:28.0 (35557979)|HEAP_ALLOCATE|[89]|Bytes:160
02:50:28.0 (35599257)|HEAP_ALLOCATE|[89]|Bytes:5
02:50:28.0 (35621062)|VARIABLE_SCOPE_BEGIN|[89]|field|Schema.SObjectField|true|false
02:50:28.0 (35691127)|VARIABLE_ASSIGNMENT|[89]|field|"common.apex.runtime.impl.ApexFieldToken@5a80174e"|0x5a80174e
02:50:28.0 (35700297)|STATEMENT_EXECUTE|[89]
02:50:28.0 (36114159)|HEAP_ALLOCATE|[90]|Bytes:8
02:50:28.0 (36140585)|STATEMENT_EXECUTE|[91]
02:50:28.0 (36173984)|HEAP_ALLOCATE|[91]|Bytes:8
02:50:28.0 (36190129)|HEAP_ALLOCATE|[91]|Bytes:2
02:50:28.0 (36204274)|HEAP_ALLOCATE|[EXTERNAL]|Bytes:4
02:50:28.0 (36218869)|HEAP_ALLOCATE|[89]|Bytes:5
02:50:28.0 (36234258)|VARIABLE_SCOPE_BEGIN|[89]|field|Schema.SObjectField|true|false
02:50:28.0 (36305741)|VARIABLE_ASSIGNMENT|[89]|field|"common.apex.runtime.impl.ApexFieldToken@713672d9"|0x713672d9
02:50:28.0 (36314492)|STATEMENT_EXECUTE|[89]
02:50:28.0 (36749469)|HEAP_ALLOCATE|[90]|Bytes:8
02:50:28.0 (36766587)|STATEMENT_EXECUTE|[91]
02:50:28.0 (36785699)|HEAP_ALLOCATE|[91]|Bytes:8
02:50:28.0 (36794940)|HEAP_ALLOCATE|[91]|Bytes:5
02:50:28.0 (36804607)|HEAP_ALLOCATE|[EXTERNAL]|Bytes:4
02:50:28.0 (36817231)|HEAP_ALLOCATE|[89]|Bytes:5
02:50:28.0 (36832845)|VARIABLE_SCOPE_BEGIN|[89]|field|Schema.SObjectField|true|false
02:50:28.0 (36904046)|VARIABLE_ASSIGNMENT|[89]|field|"common.apex.runtime.impl.ApexFieldToken@30fbb73f"|0x30fbb73f
02:50:28.0 (36912278)|STATEMENT_EXECUTE|[89]
02:50:28.0 (37229444)|HEAP_ALLOCATE|[90]|Bytes:8
02:50:28.0 (37247632)|STATEMENT_EXECUTE|[91]
02:50:28.0 (37266086)|HEAP_ALLOCATE|[91]|Bytes:8
02:50:28.0 (37275422)|HEAP_ALLOCATE|[91]|Bytes:6
02:50:28.0 (37284896)|HEAP_ALLOCATE|[EXTERNAL]|Bytes:4
02:50:28.0 (37297541)|HEAP_ALLOCATE|[89]|Bytes:5
02:50:28.0 (37312654)|VARIABLE_SCOPE_BEGIN|[89]|field|Schema.SObjectField|true|false
02:50:28.0 (37384420)|VARIABLE_ASSIGNMENT|[89]|field|"common.apex.runtime.impl.ApexFieldToken@24562a2a"|0x24562a2a
02:50:28.0 (37395940)|STATEMENT_EXECUTE|[89]
02:50:28.0 (37513736)|HEAP_ALLOCATE|[90]|Bytes:8
02:50:28.0 (37528365)|STATEMENT_EXECUTE|[91]
02:50:28.0 (37547231)|HEAP_ALLOCATE|[91]|Bytes:8
02:50:28.0 (37556021)|HEAP_ALLOCATE|[91]|Bytes:7
02:50:28.0 (37564527)|HEAP_ALLOCATE|[EXTERNAL]|Bytes:4
02:50:28.0 (37577027)|HEAP_ALLOCATE|[89]|Bytes:5
02:50:28.0 (37591123)|VARIABLE_SCOPE_BEGIN|[89]|field|Schema.SObjectField|true|false
02:50:28.0 (37659505)|VARIABLE_ASSIGNMENT|[89]|field|"common.apex.runtime.impl.ApexFieldToken@7eb66389"|0x7eb66389
02:50:28.0 (37667717)|STATEMENT_EXECUTE|[89]
02:50:28.0 (37776630)|HEAP_ALLOCATE|[90]|Bytes:8
02:50:28.0 (37791050)|STATEMENT_EXECUTE|[91]
02:50:28.0 (37807361)|HEAP_ALLOCATE|[91]|Bytes:8
02:50:28.0 (37815761)|HEAP_ALLOCATE|[91]|Bytes:12
02:50:28.0 (37824199)|HEAP_ALLOCATE|[EXTERNAL]|Bytes:4
02:50:28.0 (37835788)|HEAP_ALLOCATE|[89]|Bytes:5
02:50:28.0 (37849186)|VARIABLE_SCOPE_BEGIN|[89]|field|Schema.SObjectField|true|false
02:50:28.0 (37915826)|VARIABLE_ASSIGNMENT|[89]|field|"common.apex.runtime.impl.ApexFieldToken@3c54763c"|0x3c54763c
02:50:28.0 (37924110)|STATEMENT_EXECUTE|[89]
02:50:28.0 (38031231)|HEAP_ALLOCATE|[90]|Bytes:8
02:50:28.0 (38046422)|STATEMENT_EXECUTE|[91]
02:50:28.0 (38062607)|HEAP_ALLOCATE|[91]|Bytes:8
02:50:28.0 (38070830)|HEAP_ALLOCATE|[91]|Bytes:6
02:50:28.0 (38079033)|HEAP_ALLOCATE|[EXTERNAL]|Bytes:4
02:50:28.0 (38092070)|HEAP_ALLOCATE|[89]|Bytes:5
02:50:28.0 (38107278)|VARIABLE_SCOPE_BEGIN|[89]|field|Schema.SObjectField|true|false
02:50:28.0 (38174224)|VARIABLE_ASSIGNMENT|[89]|field|"common.apex.runtime.impl.ApexFieldToken@517b7cc6"|0x517b7cc6
02:50:28.0 (38182479)|STATEMENT_EXECUTE|[89]
02:50:28.0 (38282679)|HEAP_ALLOCATE|[90]|Bytes:8
02:50:28.0 (38296359)|STATEMENT_EXECUTE|[91]
02:50:28.0 (38311840)|HEAP_ALLOCATE|[91]|Bytes:8
02:50:28.0 (38319680)|HEAP_ALLOCATE|[91]|Bytes:8
02:50:28.0 (38328015)|HEAP_ALLOCATE|[EXTERNAL]|Bytes:4
02:50:28.0 (38338826)|HEAP_ALLOCATE|[89]|Bytes:5
02:50:28.0 (38351482)|VARIABLE_SCOPE_BEGIN|[89]|field|Schema.SObjectField|true|false
02:50:28.0 (38418363)|VARIABLE_ASSIGNMENT|[89]|field|"common.apex.runtime.impl.ApexFieldToken@44690bb9"|0x44690bb9
02:50:28.0 (38425911)|STATEMENT_EXECUTE|[89]
02:50:28.0 (38508765)|HEAP_ALLOCATE|[90]|Bytes:8
02:50:28.0 (38522121)|STATEMENT_EXECUTE|[91]
02:50:28.0 (38537321)|HEAP_ALLOCATE|[91]|Bytes:8
02:50:28.0 (38545131)|HEAP_ALLOCATE|[91]|Bytes:14
02:50:28.0 (38553729)|HEAP_ALLOCATE|[EXTERNAL]|Bytes:4
02:50:28.0 (38564702)|HEAP_ALLOCATE|[89]|Bytes:5
02:50:28.0 (38577167)|VARIABLE_SCOPE_BEGIN|[89]|field|Schema.SObjectField|true|false
02:50:28.0 (38643233)|VARIABLE_ASSIGNMENT|[89]|field|"common.apex.runtime.impl.ApexFieldToken@90e8296"|0x90e8296
02:50:28.0 (38651394)|STATEMENT_EXECUTE|[89]
02:50:28.0 (38766398)|HEAP_ALLOCATE|[90]|Bytes:8
02:50:28.0 (38780002)|STATEMENT_EXECUTE|[91]
02:50:28.0 (38795535)|HEAP_ALLOCATE|[91]|Bytes:8
02:50:28.0 (38803518)|HEAP_ALLOCATE|[91]|Bytes:7
02:50:28.0 (38812076)|HEAP_ALLOCATE|[EXTERNAL]|Bytes:4
02:50:28.0 (38825087)|HEAP_ALLOCATE|[89]|Bytes:5
02:50:28.0 (38837736)|VARIABLE_SCOPE_BEGIN|[89]|field|Schema.SObjectField|true|false
02:50:28.0 (38903446)|VARIABLE_ASSIGNMENT|[89]|field|"common.apex.runtime.impl.ApexFieldToken@1674e01d"|0x1674e01d
02:50:28.0 (38911086)|STATEMENT_EXECUTE|[89]
02:50:28.0 (39012979)|HEAP_ALLOCATE|[90]|Bytes:8
02:50:28.0 (39031989)|STATEMENT_EXECUTE|[91]
02:50:28.0 (39047949)|HEAP_ALLOCATE|[91]|Bytes:8
02:50:28.0 (39055959)|HEAP_ALLOCATE|[91]|Bytes:11
02:50:28.0 (39064587)|HEAP_ALLOCATE|[EXTERNAL]|Bytes:4
02:50:28.0 (39076215)|HEAP_ALLOCATE|[89]|Bytes:5
02:50:28.0 (39090212)|VARIABLE_SCOPE_BEGIN|[89]|field|Schema.SObjectField|true|false
02:50:28.0 (39156432)|VARIABLE_ASSIGNMENT|[89]|field|"common.apex.runtime.impl.ApexFieldToken@1c633359"|0x1c633359
02:50:28.0 (39164003)|STATEMENT_EXECUTE|[89]
02:50:28.0 (39252340)|HEAP_ALLOCATE|[90]|Bytes:8
02:50:28.0 (39265423)|STATEMENT_EXECUTE|[90]
02:50:28.0 (39275503)|HEAP_ALLOCATE|[89]|Bytes:5
02:50:28.0 (39289326)|VARIABLE_SCOPE_BEGIN|[89]|field|Schema.SObjectField|true|false
02:50:28.0 (39354415)|VARIABLE_ASSIGNMENT|[89]|field|"common.apex.runtime.impl.ApexFieldToken@105bd7af"|0x105bd7af
02:50:28.0 (39361928)|STATEMENT_EXECUTE|[89]
02:50:28.0 (39443192)|HEAP_ALLOCATE|[90]|Bytes:8
02:50:28.0 (39455485)|STATEMENT_EXECUTE|[91]
02:50:28.0 (39470633)|HEAP_ALLOCATE|[91]|Bytes:8
02:50:28.0 (39478697)|HEAP_ALLOCATE|[91]|Bytes:9
02:50:28.0 (39487194)|HEAP_ALLOCATE|[EXTERNAL]|Bytes:4
02:50:28.0 (39498934)|HEAP_ALLOCATE|[89]|Bytes:5
02:50:28.0 (39511115)|VARIABLE_SCOPE_BEGIN|[89]|field|Schema.SObjectField|true|false
02:50:28.0 (39574801)|VARIABLE_ASSIGNMENT|[89]|field|"common.apex.runtime.impl.ApexFieldToken@6dbced00"|0x6dbced00
02:50:28.0 (39582880)|STATEMENT_EXECUTE|[89]
02:50:28.0 (39693274)|HEAP_ALLOCATE|[90]|Bytes:8
02:50:28.0 (39706809)|STATEMENT_EXECUTE|[91]
02:50:28.0 (39722109)|HEAP_ALLOCATE|[91]|Bytes:8
02:50:28.0 (39729834)|HEAP_ALLOCATE|[91]|Bytes:9
02:50:28.0 (39738313)|HEAP_ALLOCATE|[EXTERNAL]|Bytes:4
02:50:28.0 (39749621)|HEAP_ALLOCATE|[89]|Bytes:5
02:50:28.0 (39761452)|VARIABLE_SCOPE_BEGIN|[89]|field|Schema.SObjectField|true|false
02:50:28.0 (39826109)|VARIABLE_ASSIGNMENT|[89]|field|"common.apex.runtime.impl.ApexFieldToken@5c799ca2"|0x5c799ca2
02:50:28.0 (39833813)|STATEMENT_EXECUTE|[89]
02:50:28.0 (39914288)|HEAP_ALLOCATE|[90]|Bytes:8
02:50:28.0 (39926781)|STATEMENT_EXECUTE|[91]
02:50:28.0 (39941159)|HEAP_ALLOCATE|[91]|Bytes:8
02:50:28.0 (39948776)|HEAP_ALLOCATE|[91]|Bytes:8
02:50:28.0 (39957204)|HEAP_ALLOCATE|[EXTERNAL]|Bytes:4
02:50:28.0 (39967973)|HEAP_ALLOCATE|[89]|Bytes:5
02:50:28.0 (39979827)|VARIABLE_SCOPE_BEGIN|[89]|field|Schema.SObjectField|true|false
02:50:28.0 (40050660)|VARIABLE_ASSIGNMENT|[89]|field|"common.apex.runtime.impl.ApexFieldToken@5905858f"|0x5905858f
02:50:28.0 (40059109)|STATEMENT_EXECUTE|[89]
02:50:28.0 (40157022)|HEAP_ALLOCATE|[90]|Bytes:8
02:50:28.0 (40169776)|STATEMENT_EXECUTE|[91]
02:50:28.0 (40184866)|HEAP_ALLOCATE|[91]|Bytes:8
02:50:28.0 (40193047)|HEAP_ALLOCATE|[91]|Bytes:11
02:50:28.0 (40201439)|HEAP_ALLOCATE|[EXTERNAL]|Bytes:4
02:50:28.0 (40212456)|HEAP_ALLOCATE|[89]|Bytes:5
02:50:28.0 (40224195)|VARIABLE_SCOPE_BEGIN|[89]|field|Schema.SObjectField|true|false
02:50:28.0 (40288625)|VARIABLE_ASSIGNMENT|[89]|field|"common.apex.runtime.impl.ApexFieldToken@17adc7af"|0x17adc7af
02:50:28.0 (40296124)|STATEMENT_EXECUTE|[89]
02:50:28.0 (40401767)|HEAP_ALLOCATE|[90]|Bytes:8
02:50:28.0 (40414611)|STATEMENT_EXECUTE|[91]
02:50:28.0 (40430017)|HEAP_ALLOCATE|[91]|Bytes:8
02:50:28.0 (40438093)|HEAP_ALLOCATE|[91]|Bytes:11
02:50:28.0 (40446528)|HEAP_ALLOCATE|[EXTERNAL]|Bytes:4
02:50:28.0 (40457669)|HEAP_ALLOCATE|[89]|Bytes:5
02:50:28.0 (40470003)|VARIABLE_SCOPE_BEGIN|[89]|field|Schema.SObjectField|true|false
02:50:28.0 (40536027)|VARIABLE_ASSIGNMENT|[89]|field|"common.apex.runtime.impl.ApexFieldToken@1df3fcb7"|0x1df3fcb7
02:50:28.0 (40543402)|STATEMENT_EXECUTE|[89]
02:50:28.0 (40635790)|HEAP_ALLOCATE|[90]|Bytes:8
02:50:28.0 (40648145)|STATEMENT_EXECUTE|[91]
02:50:28.0 (40662405)|HEAP_ALLOCATE|[91]|Bytes:8
02:50:28.0 (40670225)|HEAP_ALLOCATE|[91]|Bytes:16
02:50:28.0 (40677846)|HEAP_ALLOCATE|[EXTERNAL]|Bytes:4
02:50:28.0 (40689101)|HEAP_ALLOCATE|[89]|Bytes:5
02:50:28.0 (40701306)|VARIABLE_SCOPE_BEGIN|[89]|field|Schema.SObjectField|true|false
02:50:28.0 (40766194)|VARIABLE_ASSIGNMENT|[89]|field|"common.apex.runtime.impl.ApexFieldToken@d7fff27"|0xd7fff27
02:50:28.0 (40773961)|STATEMENT_EXECUTE|[89]
02:50:28.0 (40873589)|HEAP_ALLOCATE|[90]|Bytes:8
02:50:28.0 (40886636)|STATEMENT_EXECUTE|[91]
02:50:28.0 (40900876)|HEAP_ALLOCATE|[91]|Bytes:8
02:50:28.0 (40908644)|HEAP_ALLOCATE|[91]|Bytes:16
02:50:28.0 (40916689)|HEAP_ALLOCATE|[EXTERNAL]|Bytes:4
02:50:28.0 (40927311)|HEAP_ALLOCATE|[89]|Bytes:5
02:50:28.0 (40940330)|VARIABLE_SCOPE_BEGIN|[89]|field|Schema.SObjectField|true|false
02:50:28.0 (41006377)|VARIABLE_ASSIGNMENT|[89]|field|"common.apex.runtime.impl.ApexFieldToken@78233afa"|0x78233afa
02:50:28.0 (41014969)|STATEMENT_EXECUTE|[89]
02:50:28.0 (41103416)|HEAP_ALLOCATE|[90]|Bytes:8
02:50:28.0 (41116522)|STATEMENT_EXECUTE|[91]
02:50:28.0 (41131210)|HEAP_ALLOCATE|[91]|Bytes:8
02:50:28.0 (41138601)|HEAP_ALLOCATE|[91]|Bytes:14
02:50:28.0 (41147249)|HEAP_ALLOCATE|[EXTERNAL]|Bytes:4
02:50:28.0 (41158242)|HEAP_ALLOCATE|[89]|Bytes:5
02:50:28.0 (41170916)|VARIABLE_SCOPE_BEGIN|[89]|field|Schema.SObjectField|true|false
02:50:28.0 (41236135)|VARIABLE_ASSIGNMENT|[89]|field|"common.apex.runtime.impl.ApexFieldToken@1ca0aee"|0x1ca0aee
02:50:28.0 (41243639)|STATEMENT_EXECUTE|[89]
02:50:28.0 (41328837)|HEAP_ALLOCATE|[90]|Bytes:8
02:50:28.0 (41341214)|STATEMENT_EXECUTE|[91]
02:50:28.0 (41355643)|HEAP_ALLOCATE|[91]|Bytes:8
02:50:28.0 (41363381)|HEAP_ALLOCATE|[91]|Bytes:10
02:50:28.0 (41371528)|HEAP_ALLOCATE|[EXTERNAL]|Bytes:4
02:50:28.0 (41382202)|HEAP_ALLOCATE|[89]|Bytes:5
02:50:28.0 (41394173)|VARIABLE_SCOPE_BEGIN|[89]|field|Schema.SObjectField|true|false
02:50:28.0 (41458913)|VARIABLE_ASSIGNMENT|[89]|field|"common.apex.runtime.impl.ApexFieldToken@3de4824"|0x3de4824
02:50:28.0 (41466807)|STATEMENT_EXECUTE|[89]
02:50:28.0 (41560907)|HEAP_ALLOCATE|[90]|Bytes:8
02:50:28.0 (41573644)|STATEMENT_EXECUTE|[91]
02:50:28.0 (41588665)|HEAP_ALLOCATE|[91]|Bytes:8
02:50:28.0 (41596608)|HEAP_ALLOCATE|[91]|Bytes:21
02:50:28.0 (41604897)|HEAP_ALLOCATE|[EXTERNAL]|Bytes:4
02:50:28.0 (41615930)|HEAP_ALLOCATE|[89]|Bytes:5
02:50:28.0 (41628177)|VARIABLE_SCOPE_BEGIN|[89]|field|Schema.SObjectField|true|false
02:50:28.0 (41692336)|VARIABLE_ASSIGNMENT|[89]|field|"common.apex.runtime.impl.ApexFieldToken@712a19bf"|0x712a19bf
02:50:28.0 (41699867)|STATEMENT_EXECUTE|[89]
02:50:28.0 (41790864)|HEAP_ALLOCATE|[90]|Bytes:8
02:50:28.0 (41804447)|STATEMENT_EXECUTE|[91]
02:50:28.0 (41819699)|HEAP_ALLOCATE|[91]|Bytes:8
02:50:28.0 (41828349)|HEAP_ALLOCATE|[91]|Bytes:8
02:50:28.0 (41836633)|HEAP_ALLOCATE|[EXTERNAL]|Bytes:4
02:50:28.0 (41847286)|HEAP_ALLOCATE|[89]|Bytes:5
02:50:28.0 (41859354)|VARIABLE_SCOPE_BEGIN|[89]|field|Schema.SObjectField|true|false
02:50:28.0 (41923607)|VARIABLE_ASSIGNMENT|[89]|field|"common.apex.runtime.impl.ApexFieldToken@103f198a"|0x103f198a
02:50:28.0 (41931214)|STATEMENT_EXECUTE|[89]
02:50:28.0 (42020699)|HEAP_ALLOCATE|[90]|Bytes:8
02:50:28.0 (42039867)|STATEMENT_EXECUTE|[91]
02:50:28.0 (42055105)|HEAP_ALLOCATE|[91]|Bytes:8
02:50:28.0 (42063300)|HEAP_ALLOCATE|[91]|Bytes:15
02:50:28.0 (42071485)|HEAP_ALLOCATE|[EXTERNAL]|Bytes:4
02:50:28.0 (42082177)|HEAP_ALLOCATE|[89]|Bytes:5
02:50:28.0 (42097275)|VARIABLE_SCOPE_BEGIN|[89]|field|Schema.SObjectField|true|false
02:50:28.0 (42161887)|VARIABLE_ASSIGNMENT|[89]|field|"common.apex.runtime.impl.ApexFieldToken@4173fc19"|0x4173fc19
02:50:28.0 (42169409)|STATEMENT_EXECUTE|[89]
02:50:28.0 (42257565)|HEAP_ALLOCATE|[90]|Bytes:8
02:50:28.0 (42270629)|STATEMENT_EXECUTE|[91]
02:50:28.0 (42285946)|HEAP_ALLOCATE|[91]|Bytes:8
02:50:28.0 (42293697)|HEAP_ALLOCATE|[91]|Bytes:10
02:50:28.0 (42302034)|HEAP_ALLOCATE|[EXTERNAL]|Bytes:4
02:50:28.0 (42312665)|HEAP_ALLOCATE|[89]|Bytes:5
02:50:28.0 (42325424)|VARIABLE_SCOPE_BEGIN|[89]|field|Schema.SObjectField|true|false
02:50:28.0 (42390467)|VARIABLE_ASSIGNMENT|[89]|field|"common.apex.runtime.impl.ApexFieldToken@309d137b"|0x309d137b
02:50:28.0 (42398219)|STATEMENT_EXECUTE|[89]
02:50:28.0 (42487678)|HEAP_ALLOCATE|[90]|Bytes:8
02:50:28.0 (42500992)|STATEMENT_EXECUTE|[91]
02:50:28.0 (42516057)|HEAP_ALLOCATE|[91]|Bytes:8
02:50:28.0 (42524039)|HEAP_ALLOCATE|[91]|Bytes:16
02:50:28.0 (42532656)|HEAP_ALLOCATE|[EXTERNAL]|Bytes:4
02:50:28.0 (42543095)|HEAP_ALLOCATE|[89]|Bytes:5
02:50:28.0 (42554919)|VARIABLE_SCOPE_BEGIN|[89]|field|Schema.SObjectField|true|false
02:50:28.0 (42619108)|VARIABLE_ASSIGNMENT|[89]|field|"common.apex.runtime.impl.ApexFieldToken@11db0336"|0x11db0336
02:50:28.0 (42626839)|STATEMENT_EXECUTE|[89]
02:50:28.0 (42739626)|HEAP_ALLOCATE|[90]|Bytes:8
02:50:28.0 (42755220)|STATEMENT_EXECUTE|[91]
02:50:28.0 (42774482)|HEAP_ALLOCATE|[91]|Bytes:8
02:50:28.0 (42787077)|HEAP_ALLOCATE|[91]|Bytes:13
02:50:28.0 (42796318)|HEAP_ALLOCATE|[EXTERNAL]|Bytes:4
02:50:28.0 (42807749)|HEAP_ALLOCATE|[89]|Bytes:5
02:50:28.0 (42820641)|VARIABLE_SCOPE_BEGIN|[89]|field|Schema.SObjectField|true|false
02:50:28.0 (42886267)|VARIABLE_ASSIGNMENT|[89]|field|"common.apex.runtime.impl.ApexFieldToken@79c0bbce"|0x79c0bbce
02:50:28.0 (42894191)|STATEMENT_EXECUTE|[89]
02:50:28.0 (43011105)|HEAP_ALLOCATE|[90]|Bytes:8
02:50:28.0 (43030948)|STATEMENT_EXECUTE|[91]
02:50:28.0 (43047683)|HEAP_ALLOCATE|[91]|Bytes:8
02:50:28.0 (43056324)|HEAP_ALLOCATE|[91]|Bytes:20
02:50:28.0 (43065494)|HEAP_ALLOCATE|[EXTERNAL]|Bytes:4
02:50:28.0 (43076499)|HEAP_ALLOCATE|[89]|Bytes:5
02:50:28.0 (43090284)|VARIABLE_SCOPE_BEGIN|[89]|field|Schema.SObjectField|true|false
02:50:28.0 (43156477)|VARIABLE_ASSIGNMENT|[89]|field|"common.apex.runtime.impl.ApexFieldToken@270d03db"|0x270d03db
02:50:28.0 (43164281)|STATEMENT_EXECUTE|[89]
02:50:28.0 (43260436)|HEAP_ALLOCATE|[90]|Bytes:8
02:50:28.0 (43273798)|STATEMENT_EXECUTE|[91]
02:50:28.0 (43288762)|HEAP_ALLOCATE|[91]|Bytes:8
02:50:28.0 (43296918)|HEAP_ALLOCATE|[91]|Bytes:12
02:50:28.0 (43305161)|HEAP_ALLOCATE|[EXTERNAL]|Bytes:4
02:50:28.0 (43316252)|HEAP_ALLOCATE|[89]|Bytes:5
02:50:28.0 (43328614)|VARIABLE_SCOPE_BEGIN|[89]|field|Schema.SObjectField|true|false
02:50:28.0 (43394191)|VARIABLE_ASSIGNMENT|[89]|field|"common.apex.runtime.impl.ApexFieldToken@7f53da8a"|0x7f53da8a
02:50:28.0 (43401756)|STATEMENT_EXECUTE|[89]
02:50:28.0 (43491667)|HEAP_ALLOCATE|[90]|Bytes:8
02:50:28.0 (43504575)|STATEMENT_EXECUTE|[91]
02:50:28.0 (43519961)|HEAP_ALLOCATE|[91]|Bytes:8
02:50:28.0 (43527799)|HEAP_ALLOCATE|[91]|Bytes:23
02:50:28.0 (43536278)|HEAP_ALLOCATE|[EXTERNAL]|Bytes:4
02:50:28.0 (43549416)|HEAP_ALLOCATE|[89]|Bytes:5
02:50:28.0 (43566032)|VARIABLE_SCOPE_BEGIN|[89]|field|Schema.SObjectField|true|false
02:50:28.0 (43631830)|VARIABLE_ASSIGNMENT|[89]|field|"common.apex.runtime.impl.ApexFieldToken@3658b4e5"|0x3658b4e5
02:50:28.0 (43639794)|STATEMENT_EXECUTE|[89]
02:50:28.0 (43728909)|HEAP_ALLOCATE|[90]|Bytes:8
02:50:28.0 (43741599)|STATEMENT_EXECUTE|[91]
02:50:28.0 (43756032)|HEAP_ALLOCATE|[91]|Bytes:8
02:50:28.0 (43763951)|HEAP_ALLOCATE|[91]|Bytes:21
02:50:28.0 (43772043)|HEAP_ALLOCATE|[EXTERNAL]|Bytes:4
02:50:28.0 (43782914)|HEAP_ALLOCATE|[89]|Bytes:5
02:50:28.0 (43795417)|VARIABLE_SCOPE_BEGIN|[89]|field|Schema.SObjectField|true|false
02:50:28.0 (43859230)|VARIABLE_ASSIGNMENT|[89]|field|"common.apex.runtime.impl.ApexFieldToken@4aba672b"|0x4aba672b
02:50:28.0 (43866979)|STATEMENT_EXECUTE|[89]
02:50:28.0 (43954579)|HEAP_ALLOCATE|[90]|Bytes:8
02:50:28.0 (43967388)|STATEMENT_EXECUTE|[91]
02:50:28.0 (43982349)|HEAP_ALLOCATE|[91]|Bytes:8
02:50:28.0 (43990475)|HEAP_ALLOCATE|[91]|Bytes:24
02:50:28.0 (43998288)|HEAP_ALLOCATE|[EXTERNAL]|Bytes:4
02:50:28.0 (44008960)|HEAP_ALLOCATE|[89]|Bytes:5
02:50:28.0 (44021909)|VARIABLE_SCOPE_BEGIN|[89]|field|Schema.SObjectField|true|false
02:50:28.0 (44103365)|VARIABLE_ASSIGNMENT|[89]|field|"common.apex.runtime.impl.ApexFieldToken@566b67c"|0x566b67c
02:50:28.0 (44116742)|STATEMENT_EXECUTE|[89]
02:50:28.0 (44212833)|HEAP_ALLOCATE|[90]|Bytes:8
02:50:28.0 (44229540)|STATEMENT_EXECUTE|[91]
02:50:28.0 (44254178)|HEAP_ALLOCATE|[91]|Bytes:8
02:50:28.0 (44269826)|HEAP_ALLOCATE|[91]|Bytes:14
02:50:28.0 (44281260)|HEAP_ALLOCATE|[EXTERNAL]|Bytes:4
02:50:28.0 (44293605)|HEAP_ALLOCATE|[89]|Bytes:5
02:50:28.0 (44307109)|VARIABLE_SCOPE_BEGIN|[89]|field|Schema.SObjectField|true|false
02:50:28.0 (44374247)|VARIABLE_ASSIGNMENT|[89]|field|"common.apex.runtime.impl.ApexFieldToken@6480bbd0"|0x6480bbd0
02:50:28.0 (44382050)|STATEMENT_EXECUTE|[89]
02:50:28.0 (44475726)|HEAP_ALLOCATE|[90]|Bytes:8
02:50:28.0 (44489001)|STATEMENT_EXECUTE|[91]
02:50:28.0 (44503840)|HEAP_ALLOCATE|[91]|Bytes:8
02:50:28.0 (44511889)|HEAP_ALLOCATE|[91]|Bytes:18
02:50:28.0 (44520132)|HEAP_ALLOCATE|[EXTERNAL]|Bytes:4
02:50:28.0 (44530847)|HEAP_ALLOCATE|[89]|Bytes:5
02:50:28.0 (44542533)|VARIABLE_SCOPE_BEGIN|[89]|field|Schema.SObjectField|true|false
02:50:28.0 (44607329)|VARIABLE_ASSIGNMENT|[89]|field|"common.apex.runtime.impl.ApexFieldToken@178cd439"|0x178cd439
02:50:28.0 (44614943)|STATEMENT_EXECUTE|[89]
02:50:28.0 (44701021)|HEAP_ALLOCATE|[90]|Bytes:8
02:50:28.0 (44713728)|STATEMENT_EXECUTE|[91]
02:50:28.0 (44727815)|HEAP_ALLOCATE|[91]|Bytes:8
02:50:28.0 (44735617)|HEAP_ALLOCATE|[91]|Bytes:23
02:50:28.0 (44743586)|HEAP_ALLOCATE|[EXTERNAL]|Bytes:4
02:50:28.0 (44758250)|HEAP_ALLOCATE|[89]|Bytes:5
02:50:28.0 (44775671)|VARIABLE_SCOPE_BEGIN|[89]|field|Schema.SObjectField|true|false
02:50:28.0 (44855999)|VARIABLE_ASSIGNMENT|[89]|field|"common.apex.runtime.impl.ApexFieldToken@e167adc"|0xe167adc
02:50:28.0 (44864424)|STATEMENT_EXECUTE|[89]
02:50:28.0 (44957079)|HEAP_ALLOCATE|[90]|Bytes:8
02:50:28.0 (44970439)|STATEMENT_EXECUTE|[91]
02:50:28.0 (44985762)|HEAP_ALLOCATE|[91]|Bytes:8
02:50:28.0 (44994177)|HEAP_ALLOCATE|[91]|Bytes:20
02:50:28.0 (45002437)|HEAP_ALLOCATE|[EXTERNAL]|Bytes:4
02:50:28.0 (45015521)|HEAP_ALLOCATE|[89]|Bytes:5
02:50:28.0 (45034441)|VARIABLE_SCOPE_BEGIN|[89]|field|Schema.SObjectField|true|false
02:50:28.0 (45102866)|VARIABLE_ASSIGNMENT|[89]|field|"common.apex.runtime.impl.ApexFieldToken@3ef3e834"|0x3ef3e834
02:50:28.0 (45110727)|STATEMENT_EXECUTE|[89]
02:50:28.0 (45201902)|HEAP_ALLOCATE|[90]|Bytes:8
02:50:28.0 (45219852)|STATEMENT_EXECUTE|[91]
02:50:28.0 (45248548)|HEAP_ALLOCATE|[91]|Bytes:8
02:50:28.0 (45263525)|HEAP_ALLOCATE|[91]|Bytes:18
02:50:28.0 (45276629)|HEAP_ALLOCATE|[EXTERNAL]|Bytes:4
02:50:28.0 (45294012)|HEAP_ALLOCATE|[89]|Bytes:5
02:50:28.0 (45315773)|VARIABLE_SCOPE_BEGIN|[89]|field|Schema.SObjectField|true|false
02:50:28.0 (45409873)|VARIABLE_ASSIGNMENT|[89]|field|"common.apex.runtime.impl.ApexFieldToken@5fcc9a01"|0x5fcc9a01
02:50:28.0 (45422956)|STATEMENT_EXECUTE|[89]
02:50:28.0 (45566843)|HEAP_ALLOCATE|[90]|Bytes:8
02:50:28.0 (45586590)|STATEMENT_EXECUTE|[91]
02:50:28.0 (45613623)|HEAP_ALLOCATE|[91]|Bytes:8
02:50:28.0 (45624142)|HEAP_ALLOCATE|[91]|Bytes:21
02:50:28.0 (45633814)|HEAP_ALLOCATE|[EXTERNAL]|Bytes:4
02:50:28.0 (45646785)|HEAP_ALLOCATE|[89]|Bytes:5
02:50:28.0 (45660827)|VARIABLE_SCOPE_BEGIN|[89]|field|Schema.SObjectField|true|false
02:50:28.0 (45730082)|VARIABLE_ASSIGNMENT|[89]|field|"common.apex.runtime.impl.ApexFieldToken@2e10b0dd"|0x2e10b0dd
02:50:28.0 (45738132)|STATEMENT_EXECUTE|[89]
02:50:28.0 (45873982)|HEAP_ALLOCATE|[90]|Bytes:8
02:50:28.0 (45888818)|STATEMENT_EXECUTE|[91]
02:50:28.0 (45905351)|HEAP_ALLOCATE|[91]|Bytes:8
02:50:28.0 (45913608)|HEAP_ALLOCATE|[91]|Bytes:25
02:50:28.0 (45922714)|HEAP_ALLOCATE|[EXTERNAL]|Bytes:4
02:50:28.0 (45934624)|HEAP_ALLOCATE|[89]|Bytes:5
02:50:28.0 (45948247)|VARIABLE_SCOPE_BEGIN|[89]|field|Schema.SObjectField|true|false
02:50:28.0 (46021572)|VARIABLE_ASSIGNMENT|[89]|field|"common.apex.runtime.impl.ApexFieldToken@13edef59"|0x13edef59
02:50:28.0 (46040504)|STATEMENT_EXECUTE|[89]
02:50:28.0 (46161810)|HEAP_ALLOCATE|[90]|Bytes:8
02:50:28.0 (46177815)|STATEMENT_EXECUTE|[91]
02:50:28.0 (46201442)|HEAP_ALLOCATE|[91]|Bytes:8
02:50:28.0 (46216471)|HEAP_ALLOCATE|[91]|Bytes:11
02:50:28.0 (46230646)|HEAP_ALLOCATE|[EXTERNAL]|Bytes:4
02:50:28.0 (46247140)|HEAP_ALLOCATE|[89]|Bytes:5
02:50:28.0 (46265087)|VARIABLE_ASSIGNMENT|[89]|field|null|
02:50:28.0 (46272349)|STATEMENT_EXECUTE|[93]
02:50:28.0 (46279289)|VARIABLE_SCOPE_BEGIN|[93]|allfields|String|false|false
02:50:28.0 (46293848)|VARIABLE_ASSIGNMENT|[93]|allfields|""
02:50:28.0 (46358320)|HEAP_ALLOCATE|[94]|Bytes:5
02:50:28.0 (46376064)|HEAP_ALLOCATE|[94]|Bytes:2
02:50:28.0 (46387187)|VARIABLE_SCOPE_BEGIN|[94]|fieldname|String|false|false
02:50:28.0 (46402105)|VARIABLE_ASSIGNMENT|[94]|fieldname|"Id"
02:50:28.0 (46409055)|STATEMENT_EXECUTE|[95]
02:50:28.0 (46413365)|HEAP_ALLOCATE|[95]|Bytes:1
02:50:28.0 (46433336)|HEAP_ALLOCATE|[95]|Bytes:3
02:50:28.0 (46442292)|HEAP_ALLOCATE|[95]|Bytes:3
02:50:28.0 (46451967)|VARIABLE_ASSIGNMENT|[95]|allfields|"Id,"
02:50:28.0 (46469020)|HEAP_ALLOCATE|[94]|Bytes:5
02:50:28.0 (46482897)|HEAP_ALLOCATE|[94]|Bytes:5
02:50:28.0 (46491674)|VARIABLE_SCOPE_BEGIN|[94]|fieldname|String|false|false
02:50:28.0 (46505691)|VARIABLE_ASSIGNMENT|[94]|fieldname|"WhoId"
02:50:28.0 (46512039)|STATEMENT_EXECUTE|[95]
02:50:28.0 (46518480)|HEAP_ALLOCATE|[95]|Bytes:6
02:50:28.0 (46525114)|HEAP_ALLOCATE|[95]|Bytes:9
02:50:28.0 (46533242)|VARIABLE_ASSIGNMENT|[95]|allfields|"Id,WhoId,"
02:50:28.0 (46549630)|HEAP_ALLOCATE|[94]|Bytes:5
02:50:28.0 (46560845)|HEAP_ALLOCATE|[94]|Bytes:6
02:50:28.0 (46568186)|VARIABLE_SCOPE_BEGIN|[94]|fieldname|String|false|false
02:50:28.0 (46580084)|VARIABLE_ASSIGNMENT|[94]|fieldname|"WhatId"
02:50:28.0 (46585635)|STATEMENT_EXECUTE|[95]
02:50:28.0 (46590686)|HEAP_ALLOCATE|[95]|Bytes:7
02:50:28.0 (46598185)|HEAP_ALLOCATE|[95]|Bytes:16
02:50:28.0 (46607022)|VARIABLE_ASSIGNMENT|[95]|allfields|"Id,WhoId,WhatId,"
02:50:28.0 (46622827)|HEAP_ALLOCATE|[94]|Bytes:5
02:50:28.0 (46636209)|HEAP_ALLOCATE|[94]|Bytes:7
02:50:28.0 (46644731)|VARIABLE_SCOPE_BEGIN|[94]|fieldname|String|false|false
02:50:28.0 (46657919)|VARIABLE_ASSIGNMENT|[94]|fieldname|"Subject"
02:50:28.0 (46664136)|STATEMENT_EXECUTE|[95]
02:50:28.0 (46669875)|HEAP_ALLOCATE|[95]|Bytes:8
02:50:28.0 (46675955)|HEAP_ALLOCATE|[95]|Bytes:24
02:50:28.0 (46686162)|VARIABLE_ASSIGNMENT|[95]|allfields|"Id,WhoId,WhatId,Subj (4 more) ..."
02:50:28.0 (46703247)|HEAP_ALLOCATE|[94]|Bytes:5
02:50:28.0 (46715047)|HEAP_ALLOCATE|[94]|Bytes:12
02:50:28.0 (46722533)|VARIABLE_SCOPE_BEGIN|[94]|fieldname|String|false|false
02:50:28.0 (46736076)|VARIABLE_ASSIGNMENT|[94]|fieldname|"ActivityDate"
02:50:28.0 (46742138)|STATEMENT_EXECUTE|[95]
02:50:28.0 (46747493)|HEAP_ALLOCATE|[95]|Bytes:13
02:50:28.0 (46751714)|HEAP_ALLOCATE|[95]|Bytes:37
02:50:28.0 (46757477)|VARIABLE_ASSIGNMENT|[95]|allfields|"Id,WhoId,WhatId,Subj (17 more) ..."
02:50:28.0 (46769346)|HEAP_ALLOCATE|[94]|Bytes:5
02:50:28.0 (46776724)|HEAP_ALLOCATE|[94]|Bytes:6
02:50:28.0 (46780796)|VARIABLE_SCOPE_BEGIN|[94]|fieldname|String|false|false
02:50:28.0 (46787950)|VARIABLE_ASSIGNMENT|[94]|fieldname|"Status"
02:50:28.0 (46791415)|STATEMENT_EXECUTE|[95]
02:50:28.0 (46794102)|HEAP_ALLOCATE|[95]|Bytes:7
02:50:28.0 (46798021)|HEAP_ALLOCATE|[95]|Bytes:44
02:50:28.0 (46803108)|VARIABLE_ASSIGNMENT|[95]|allfields|"Id,WhoId,WhatId,Subj (24 more) ..."
02:50:28.0 (46810159)|HEAP_ALLOCATE|[94]|Bytes:5
02:50:28.0 (46816384)|HEAP_ALLOCATE|[94]|Bytes:8
02:50:28.0 (46820012)|VARIABLE_SCOPE_BEGIN|[94]|fieldname|String|false|false
02:50:28.0 (46826610)|VARIABLE_ASSIGNMENT|[94]|fieldname|"Priority"
02:50:28.0 (46830335)|STATEMENT_EXECUTE|[95]
02:50:28.0 (46832880)|HEAP_ALLOCATE|[95]|Bytes:9
02:50:28.0 (46837349)|HEAP_ALLOCATE|[95]|Bytes:53
02:50:28.0 (46845405)|VARIABLE_ASSIGNMENT|[95]|allfields|"Id,WhoId,WhatId,Subj (33 more) ..."
02:50:28.0 (46858898)|HEAP_ALLOCATE|[94]|Bytes:5
02:50:28.0 (46870690)|HEAP_ALLOCATE|[94]|Bytes:14
02:50:28.0 (46878338)|VARIABLE_SCOPE_BEGIN|[94]|fieldname|String|false|false
02:50:28.0 (46892366)|VARIABLE_ASSIGNMENT|[94]|fieldname|"IsHighPriority"
02:50:28.0 (46898632)|STATEMENT_EXECUTE|[95]
02:50:28.0 (46904666)|HEAP_ALLOCATE|[95]|Bytes:15
02:50:28.0 (46911072)|HEAP_ALLOCATE|[95]|Bytes:68
02:50:28.0 (46920712)|VARIABLE_ASSIGNMENT|[95]|allfields|"Id,WhoId,WhatId,Subj (48 more) ..."
02:50:28.0 (46934630)|HEAP_ALLOCATE|[94]|Bytes:5
02:50:28.0 (46946019)|HEAP_ALLOCATE|[94]|Bytes:7
02:50:28.0 (46954148)|VARIABLE_SCOPE_BEGIN|[94]|fieldname|String|false|false
02:50:28.0 (46966063)|VARIABLE_ASSIGNMENT|[94]|fieldname|"OwnerId"
02:50:28.0 (46971743)|STATEMENT_EXECUTE|[95]
02:50:28.0 (46977108)|HEAP_ALLOCATE|[95]|Bytes:8
02:50:28.0 (46983601)|HEAP_ALLOCATE|[95]|Bytes:76
02:50:28.0 (46992556)|VARIABLE_ASSIGNMENT|[95]|allfields|"Id,WhoId,WhatId,Subj (56 more) ..."
02:50:28.0 (47007274)|HEAP_ALLOCATE|[94]|Bytes:5
02:50:28.0 (47019923)|HEAP_ALLOCATE|[94]|Bytes:11
02:50:28.0 (47034210)|VARIABLE_SCOPE_BEGIN|[94]|fieldname|String|false|false
02:50:28.0 (47046827)|VARIABLE_ASSIGNMENT|[94]|fieldname|"Description"
02:50:28.0 (47052774)|STATEMENT_EXECUTE|[95]
02:50:28.0 (47058387)|HEAP_ALLOCATE|[95]|Bytes:12
02:50:28.0 (47064666)|HEAP_ALLOCATE|[95]|Bytes:88
02:50:28.0 (47072336)|VARIABLE_ASSIGNMENT|[95]|allfields|"Id,WhoId,WhatId,Subj (68 more) ..."
02:50:28.0 (47083362)|HEAP_ALLOCATE|[94]|Bytes:5
02:50:28.0 (47090559)|HEAP_ALLOCATE|[94]|Bytes:9
02:50:28.0 (47094679)|VARIABLE_SCOPE_BEGIN|[94]|fieldname|String|false|false
02:50:28.0 (47101599)|VARIABLE_ASSIGNMENT|[94]|fieldname|"IsDeleted"
02:50:28.0 (47105101)|STATEMENT_EXECUTE|[95]
02:50:28.0 (47107780)|HEAP_ALLOCATE|[95]|Bytes:10
02:50:28.0 (47111294)|HEAP_ALLOCATE|[95]|Bytes:98
02:50:28.0 (47115523)|VARIABLE_ASSIGNMENT|[95]|allfields|"Id,WhoId,WhatId,Subj (78 more) ..."
02:50:28.0 (47122438)|HEAP_ALLOCATE|[94]|Bytes:5
02:50:28.0 (47128254)|HEAP_ALLOCATE|[94]|Bytes:9
02:50:28.0 (47131895)|VARIABLE_SCOPE_BEGIN|[94]|fieldname|String|false|false
02:50:28.0 (47138538)|VARIABLE_ASSIGNMENT|[94]|fieldname|"AccountId"
02:50:28.0 (47141776)|STATEMENT_EXECUTE|[95]
02:50:28.0 (47144181)|HEAP_ALLOCATE|[95]|Bytes:10
02:50:28.0 (47147624)|HEAP_ALLOCATE|[95]|Bytes:108
02:50:28.0 (47152008)|VARIABLE_ASSIGNMENT|[95]|allfields|"Id,WhoId,WhatId,Subj (88 more) ..."
02:50:28.0 (47163118)|HEAP_ALLOCATE|[94]|Bytes:5
02:50:28.0 (47175861)|HEAP_ALLOCATE|[94]|Bytes:8
02:50:28.0 (47183471)|VARIABLE_SCOPE_BEGIN|[94]|fieldname|String|false|false
02:50:28.0 (47196062)|VARIABLE_ASSIGNMENT|[94]|fieldname|"IsClosed"
02:50:28.0 (47202075)|STATEMENT_EXECUTE|[95]
02:50:28.0 (47207634)|HEAP_ALLOCATE|[95]|Bytes:9
02:50:28.0 (47214386)|HEAP_ALLOCATE|[95]|Bytes:117
02:50:28.0 (47224043)|VARIABLE_ASSIGNMENT|[95]|allfields|"Id,WhoId,WhatId,Subj (97 more) ..."
02:50:28.0 (47241020)|HEAP_ALLOCATE|[94]|Bytes:5
02:50:28.0 (47254533)|HEAP_ALLOCATE|[94]|Bytes:11
02:50:28.0 (47262286)|VARIABLE_SCOPE_BEGIN|[94]|fieldname|String|false|false
02:50:28.0 (47275204)|VARIABLE_ASSIGNMENT|[94]|fieldname|"CreatedDate"
02:50:28.0 (47281065)|STATEMENT_EXECUTE|[95]
02:50:28.0 (47287056)|HEAP_ALLOCATE|[95]|Bytes:12
02:50:28.0 (47293024)|HEAP_ALLOCATE|[95]|Bytes:129
02:50:28.0 (47302211)|VARIABLE_ASSIGNMENT|[95]|allfields|"Id,WhoId,WhatId,Subj (109 more) ..."
02:50:28.0 (47317531)|HEAP_ALLOCATE|[94]|Bytes:5
02:50:28.0 (47329944)|HEAP_ALLOCATE|[94]|Bytes:11
02:50:28.0 (47338814)|VARIABLE_SCOPE_BEGIN|[94]|fieldname|String|false|false
02:50:28.0 (47347793)|VARIABLE_ASSIGNMENT|[94]|fieldname|"CreatedById"
02:50:28.0 (47351446)|STATEMENT_EXECUTE|[95]
02:50:28.0 (47354669)|HEAP_ALLOCATE|[95]|Bytes:12
02:50:28.0 (47358233)|HEAP_ALLOCATE|[95]|Bytes:141
02:50:28.0 (47362972)|VARIABLE_ASSIGNMENT|[95]|allfields|"Id,WhoId,WhatId,Subj (121 more) ..."
02:50:28.0 (47371331)|HEAP_ALLOCATE|[94]|Bytes:5
02:50:28.0 (47377416)|HEAP_ALLOCATE|[94]|Bytes:16
02:50:28.0 (47381612)|VARIABLE_SCOPE_BEGIN|[94]|fieldname|String|false|false
02:50:28.0 (47388220)|VARIABLE_ASSIGNMENT|[94]|fieldname|"LastModifiedDate"
02:50:28.0 (47391504)|STATEMENT_EXECUTE|[95]
02:50:28.0 (47393926)|HEAP_ALLOCATE|[95]|Bytes:17
02:50:28.0 (47397158)|HEAP_ALLOCATE|[95]|Bytes:158
02:50:28.0 (47401502)|VARIABLE_ASSIGNMENT|[95]|allfields|"Id,WhoId,WhatId,Subj (138 more) ..."
02:50:28.0 (47408152)|HEAP_ALLOCATE|[94]|Bytes:5
02:50:28.0 (47415601)|HEAP_ALLOCATE|[94]|Bytes:16
02:50:28.0 (47422287)|VARIABLE_SCOPE_BEGIN|[94]|fieldname|String|false|false
02:50:28.0 (47434716)|VARIABLE_ASSIGNMENT|[94]|fieldname|"LastModifiedById"
02:50:28.0 (47440744)|STATEMENT_EXECUTE|[95]
02:50:28.0 (47445881)|HEAP_ALLOCATE|[95]|Bytes:17
02:50:28.0 (47452368)|HEAP_ALLOCATE|[95]|Bytes:175
02:50:28.0 (47461727)|VARIABLE_ASSIGNMENT|[95]|allfields|"Id,WhoId,WhatId,Subj (155 more) ..."
02:50:28.0 (47476754)|HEAP_ALLOCATE|[94]|Bytes:5
02:50:28.0 (47488945)|HEAP_ALLOCATE|[94]|Bytes:14
02:50:28.0 (47495733)|VARIABLE_SCOPE_BEGIN|[94]|fieldname|String|false|false
02:50:28.0 (47503383)|VARIABLE_ASSIGNMENT|[94]|fieldname|"SystemModstamp"
02:50:28.0 (47507018)|STATEMENT_EXECUTE|[95]
02:50:28.0 (47510274)|HEAP_ALLOCATE|[95]|Bytes:15
02:50:28.0 (47513606)|HEAP_ALLOCATE|[95]|Bytes:190
02:50:28.0 (47518558)|VARIABLE_ASSIGNMENT|[95]|allfields|"Id,WhoId,WhatId,Subj (170 more) ..."
02:50:28.0 (47526238)|HEAP_ALLOCATE|[94]|Bytes:5
02:50:28.0 (47532345)|HEAP_ALLOCATE|[94]|Bytes:10
02:50:28.0 (47535930)|VARIABLE_SCOPE_BEGIN|[94]|fieldname|String|false|false
02:50:28.0 (47543242)|VARIABLE_ASSIGNMENT|[94]|fieldname|"IsArchived"
02:50:28.0 (47546456)|STATEMENT_EXECUTE|[95]
02:50:28.0 (47548829)|HEAP_ALLOCATE|[95]|Bytes:11
02:50:28.0 (47552003)|HEAP_ALLOCATE|[95]|Bytes:201
02:50:28.0 (47556248)|VARIABLE_ASSIGNMENT|[95]|allfields|"Id,WhoId,WhatId,Subj (181 more) ..."
02:50:28.0 (47562893)|HEAP_ALLOCATE|[94]|Bytes:5
02:50:28.0 (47568683)|HEAP_ALLOCATE|[94]|Bytes:21
02:50:28.0 (47572232)|VARIABLE_SCOPE_BEGIN|[94]|fieldname|String|false|false
02:50:28.0 (47579064)|VARIABLE_ASSIGNMENT|[94]|fieldname|"CallDurationInSecond (1 more) ..."
02:50:28.0 (47582610)|STATEMENT_EXECUTE|[95]
02:50:28.0 (47584961)|HEAP_ALLOCATE|[95]|Bytes:22
02:50:28.0 (47588321)|HEAP_ALLOCATE|[95]|Bytes:223
02:50:28.0 (47592719)|VARIABLE_ASSIGNMENT|[95]|allfields|"Id,WhoId,WhatId,Subj (203 more) ..."
02:50:28.0 (47599270)|HEAP_ALLOCATE|[94]|Bytes:5
02:50:28.0 (47604904)|HEAP_ALLOCATE|[94]|Bytes:8
02:50:28.0 (47608507)|VARIABLE_SCOPE_BEGIN|[94]|fieldname|String|false|false
02:50:28.0 (47615212)|VARIABLE_ASSIGNMENT|[94]|fieldname|"CallType"
02:50:28.0 (47618206)|STATEMENT_EXECUTE|[95]
02:50:28.0 (47620575)|HEAP_ALLOCATE|[95]|Bytes:9
02:50:28.0 (47623801)|HEAP_ALLOCATE|[95]|Bytes:232
02:50:28.0 (47627989)|VARIABLE_ASSIGNMENT|[95]|allfields|"Id,WhoId,WhatId,Subj (212 more) ..."
02:50:28.0 (47634809)|HEAP_ALLOCATE|[94]|Bytes:5
02:50:28.0 (47640499)|HEAP_ALLOCATE|[94]|Bytes:15
02:50:28.0 (47644241)|VARIABLE_SCOPE_BEGIN|[94]|fieldname|String|false|false
02:50:28.0 (47650611)|VARIABLE_ASSIGNMENT|[94]|fieldname|"CallDisposition"
02:50:28.0 (47653690)|STATEMENT_EXECUTE|[95]
02:50:28.0 (47656037)|HEAP_ALLOCATE|[95]|Bytes:16
02:50:28.0 (47659361)|HEAP_ALLOCATE|[95]|Bytes:248
02:50:28.0 (47663491)|VARIABLE_ASSIGNMENT|[95]|allfields|"Id,WhoId,WhatId,Subj (228 more) ..."
02:50:28.0 (47670107)|HEAP_ALLOCATE|[94]|Bytes:5
02:50:28.0 (47675638)|HEAP_ALLOCATE|[94]|Bytes:10
02:50:28.0 (47679284)|VARIABLE_SCOPE_BEGIN|[94]|fieldname|String|false|false
02:50:28.0 (47685784)|VARIABLE_ASSIGNMENT|[94]|fieldname|"CallObject"
02:50:28.0 (47689469)|STATEMENT_EXECUTE|[95]
02:50:28.0 (47691873)|HEAP_ALLOCATE|[95]|Bytes:11
02:50:28.0 (47695201)|HEAP_ALLOCATE|[95]|Bytes:259
02:50:28.0 (47699512)|VARIABLE_ASSIGNMENT|[95]|allfields|"Id,WhoId,WhatId,Subj (239 more) ..."
02:50:28.0 (47706554)|HEAP_ALLOCATE|[94]|Bytes:5
02:50:28.0 (47717387)|HEAP_ALLOCATE|[94]|Bytes:16
02:50:28.0 (47721724)|VARIABLE_SCOPE_BEGIN|[94]|fieldname|String|false|false
02:50:28.0 (47728943)|VARIABLE_ASSIGNMENT|[94]|fieldname|"ReminderDateTime"
02:50:28.0 (47732062)|STATEMENT_EXECUTE|[95]
02:50:28.0 (47734747)|HEAP_ALLOCATE|[95]|Bytes:17
02:50:28.0 (47737966)|HEAP_ALLOCATE|[95]|Bytes:276
02:50:28.0 (47742301)|VARIABLE_ASSIGNMENT|[95]|allfields|"Id,WhoId,WhatId,Subj (256 more) ..."
02:50:28.0 (47749247)|HEAP_ALLOCATE|[94]|Bytes:5
02:50:28.0 (47755186)|HEAP_ALLOCATE|[94]|Bytes:13
02:50:28.0 (47758774)|VARIABLE_SCOPE_BEGIN|[94]|fieldname|String|false|false
02:50:28.0 (47765399)|VARIABLE_ASSIGNMENT|[94]|fieldname|"IsReminderSet"
02:50:28.0 (47768767)|STATEMENT_EXECUTE|[95]
02:50:28.0 (47771445)|HEAP_ALLOCATE|[95]|Bytes:14
02:50:28.0 (47774801)|HEAP_ALLOCATE|[95]|Bytes:290
02:50:28.0 (47779402)|VARIABLE_ASSIGNMENT|[95]|allfields|"Id,WhoId,WhatId,Subj (270 more) ..."
02:50:28.0 (47786473)|HEAP_ALLOCATE|[94]|Bytes:5
02:50:28.0 (47792676)|HEAP_ALLOCATE|[94]|Bytes:20
02:50:28.0 (47796311)|VARIABLE_SCOPE_BEGIN|[94]|fieldname|String|false|false
02:50:28.0 (47803106)|VARIABLE_ASSIGNMENT|[94]|fieldname|"RecurrenceActivityId"
02:50:28.0 (47806413)|STATEMENT_EXECUTE|[95]
02:50:28.0 (47808840)|HEAP_ALLOCATE|[95]|Bytes:21
02:50:28.0 (47812089)|HEAP_ALLOCATE|[95]|Bytes:311
02:50:28.0 (47816417)|VARIABLE_ASSIGNMENT|[95]|allfields|"Id,WhoId,WhatId,Subj (291 more) ..."
02:50:28.0 (47823254)|HEAP_ALLOCATE|[94]|Bytes:5
02:50:28.0 (47829108)|HEAP_ALLOCATE|[94]|Bytes:12
02:50:28.0 (47832744)|VARIABLE_SCOPE_BEGIN|[94]|fieldname|String|false|false
02:50:28.0 (47838867)|VARIABLE_ASSIGNMENT|[94]|fieldname|"IsRecurrence"
02:50:28.0 (47841952)|STATEMENT_EXECUTE|[95]
02:50:28.0 (47844333)|HEAP_ALLOCATE|[95]|Bytes:13
02:50:28.0 (47848151)|HEAP_ALLOCATE|[95]|Bytes:324
02:50:28.0 (47852386)|VARIABLE_ASSIGNMENT|[95]|allfields|"Id,WhoId,WhatId,Subj (304 more) ..."
02:50:28.0 (47859038)|HEAP_ALLOCATE|[94]|Bytes:5
02:50:28.0 (47864757)|HEAP_ALLOCATE|[94]|Bytes:23
02:50:28.0 (47868505)|VARIABLE_SCOPE_BEGIN|[94]|fieldname|String|false|false
02:50:28.0 (47875666)|VARIABLE_ASSIGNMENT|[94]|fieldname|"RecurrenceStartDateO (3 more) ..."
02:50:28.0 (47879159)|STATEMENT_EXECUTE|[95]
02:50:28.0 (47881519)|HEAP_ALLOCATE|[95]|Bytes:24
02:50:28.0 (47884915)|HEAP_ALLOCATE|[95]|Bytes:348
02:50:28.0 (47889592)|VARIABLE_ASSIGNMENT|[95]|allfields|"Id,WhoId,WhatId,Subj (328 more) ..."
02:50:28.0 (47896433)|HEAP_ALLOCATE|[94]|Bytes:5
02:50:28.0 (47902156)|HEAP_ALLOCATE|[94]|Bytes:21
02:50:28.0 (47905672)|VARIABLE_SCOPE_BEGIN|[94]|fieldname|String|false|false
02:50:28.0 (47912280)|VARIABLE_ASSIGNMENT|[94]|fieldname|"RecurrenceEndDateOnl (1 more) ..."
02:50:28.0 (47915482)|STATEMENT_EXECUTE|[95]
02:50:28.0 (47917894)|HEAP_ALLOCATE|[95]|Bytes:22
02:50:28.0 (47921745)|HEAP_ALLOCATE|[95]|Bytes:370
02:50:28.0 (47925854)|VARIABLE_ASSIGNMENT|[95]|allfields|"Id,WhoId,WhatId,Subj (350 more) ..."
02:50:28.0 (47932689)|HEAP_ALLOCATE|[94]|Bytes:5
02:50:28.0 (47938239)|HEAP_ALLOCATE|[94]|Bytes:24
02:50:28.0 (47941766)|VARIABLE_SCOPE_BEGIN|[94]|fieldname|String|false|false
02:50:28.0 (47948921)|VARIABLE_ASSIGNMENT|[94]|fieldname|"RecurrenceTimeZoneSi (4 more) ..."
02:50:28.0 (47952059)|STATEMENT_EXECUTE|[95]
02:50:28.0 (47954474)|HEAP_ALLOCATE|[95]|Bytes:25
02:50:28.0 (47957631)|HEAP_ALLOCATE|[95]|Bytes:395
02:50:28.0 (47961748)|VARIABLE_ASSIGNMENT|[95]|allfields|"Id,WhoId,WhatId,Subj (375 more) ..."
02:50:28.0 (47968238)|HEAP_ALLOCATE|[94]|Bytes:5
02:50:28.0 (47973689)|HEAP_ALLOCATE|[94]|Bytes:14
02:50:28.0 (47977610)|VARIABLE_SCOPE_BEGIN|[94]|fieldname|String|false|false
02:50:28.0 (47984236)|VARIABLE_ASSIGNMENT|[94]|fieldname|"RecurrenceType"
02:50:28.0 (47987411)|STATEMENT_EXECUTE|[95]
02:50:28.0 (47989843)|HEAP_ALLOCATE|[95]|Bytes:15
02:50:28.0 (47994015)|HEAP_ALLOCATE|[95]|Bytes:410
02:50:28.0 (47998252)|VARIABLE_ASSIGNMENT|[95]|allfields|"Id,WhoId,WhatId,Subj (390 more) ..."
02:50:28.0 (48004963)|HEAP_ALLOCATE|[94]|Bytes:5
02:50:28.0 (48011482)|HEAP_ALLOCATE|[94]|Bytes:18
02:50:28.0 (48015051)|VARIABLE_SCOPE_BEGIN|[94]|fieldname|String|false|false
02:50:28.0 (48021632)|VARIABLE_ASSIGNMENT|[94]|fieldname|"RecurrenceInterval"
02:50:28.0 (48030342)|STATEMENT_EXECUTE|[95]
02:50:28.0 (48033076)|HEAP_ALLOCATE|[95]|Bytes:19
02:50:28.0 (48036524)|HEAP_ALLOCATE|[95]|Bytes:429
02:50:28.0 (48041922)|VARIABLE_ASSIGNMENT|[95]|allfields|"Id,WhoId,WhatId,Subj (409 more) ..."
02:50:28.0 (48049263)|HEAP_ALLOCATE|[94]|Bytes:5
02:50:28.0 (48058788)|HEAP_ALLOCATE|[94]|Bytes:23
02:50:28.0 (48066186)|VARIABLE_SCOPE_BEGIN|[94]|fieldname|String|false|false
02:50:28.0 (48077917)|VARIABLE_ASSIGNMENT|[94]|fieldname|"RecurrenceDayOfWeekM (3 more) ..."
02:50:28.0 (48081605)|STATEMENT_EXECUTE|[95]
02:50:28.0 (48084726)|HEAP_ALLOCATE|[95]|Bytes:24
02:50:28.0 (48089013)|HEAP_ALLOCATE|[95]|Bytes:453
02:50:28.0 (48093506)|VARIABLE_ASSIGNMENT|[95]|allfields|"Id,WhoId,WhatId,Subj (433 more) ..."
02:50:28.0 (48102192)|HEAP_ALLOCATE|[94]|Bytes:5
02:50:28.0 (48108678)|HEAP_ALLOCATE|[94]|Bytes:20
02:50:28.0 (48112603)|VARIABLE_SCOPE_BEGIN|[94]|fieldname|String|false|false
02:50:28.0 (48119577)|VARIABLE_ASSIGNMENT|[94]|fieldname|"RecurrenceDayOfMonth"
02:50:28.0 (48123002)|STATEMENT_EXECUTE|[95]
02:50:28.0 (48125492)|HEAP_ALLOCATE|[95]|Bytes:21
02:50:28.0 (48128790)|HEAP_ALLOCATE|[95]|Bytes:474
02:50:28.0 (48133306)|VARIABLE_ASSIGNMENT|[95]|allfields|"Id,WhoId,WhatId,Subj (454 more) ..."
02:50:28.0 (48140253)|HEAP_ALLOCATE|[94]|Bytes:5
02:50:28.0 (48145849)|HEAP_ALLOCATE|[94]|Bytes:18
02:50:28.0 (48149681)|VARIABLE_SCOPE_BEGIN|[94]|fieldname|String|false|false
02:50:28.0 (48155834)|VARIABLE_ASSIGNMENT|[94]|fieldname|"RecurrenceInstance"
02:50:28.0 (48158971)|STATEMENT_EXECUTE|[95]
02:50:28.0 (48161387)|HEAP_ALLOCATE|[95]|Bytes:19
02:50:28.0 (48165092)|HEAP_ALLOCATE|[95]|Bytes:493
02:50:28.0 (48169857)|VARIABLE_ASSIGNMENT|[95]|allfields|"Id,WhoId,WhatId,Subj (473 more) ..."
02:50:28.0 (48177086)|HEAP_ALLOCATE|[94]|Bytes:5
02:50:28.0 (48182589)|HEAP_ALLOCATE|[94]|Bytes:21
02:50:28.0 (48186225)|VARIABLE_SCOPE_BEGIN|[94]|fieldname|String|false|false
02:50:28.0 (48193511)|VARIABLE_ASSIGNMENT|[94]|fieldname|"RecurrenceMonthOfYea (1 more) ..."
02:50:28.0 (48197144)|STATEMENT_EXECUTE|[95]
02:50:28.0 (48199460)|HEAP_ALLOCATE|[95]|Bytes:22
02:50:28.0 (48203052)|HEAP_ALLOCATE|[95]|Bytes:515
02:50:28.0 (48207372)|VARIABLE_ASSIGNMENT|[95]|allfields|"Id,WhoId,WhatId,Subj (495 more) ..."
02:50:28.0 (48213929)|HEAP_ALLOCATE|[94]|Bytes:5
02:50:28.0 (48219442)|HEAP_ALLOCATE|[94]|Bytes:25
02:50:28.0 (48223333)|VARIABLE_SCOPE_BEGIN|[94]|fieldname|String|false|false
02:50:28.0 (48230133)|VARIABLE_ASSIGNMENT|[94]|fieldname|"RecurrenceRegenerate (5 more) ..."
02:50:28.0 (48233486)|STATEMENT_EXECUTE|[95]
02:50:28.0 (48235858)|HEAP_ALLOCATE|[95]|Bytes:26
02:50:28.0 (48239397)|HEAP_ALLOCATE|[95]|Bytes:541
02:50:28.0 (48244089)|VARIABLE_ASSIGNMENT|[95]|allfields|"Id,WhoId,WhatId,Subj (521 more) ..."
02:50:28.0 (48250737)|HEAP_ALLOCATE|[94]|Bytes:5
02:50:28.0 (48256250)|HEAP_ALLOCATE|[94]|Bytes:11
02:50:28.0 (48259811)|VARIABLE_SCOPE_BEGIN|[94]|fieldname|String|false|false
02:50:28.0 (48265989)|VARIABLE_ASSIGNMENT|[94]|fieldname|"TaskSubtype"
02:50:28.0 (48268924)|STATEMENT_EXECUTE|[95]
02:50:28.0 (48271339)|HEAP_ALLOCATE|[95]|Bytes:12
02:50:28.0 (48274603)|HEAP_ALLOCATE|[95]|Bytes:553
02:50:28.0 (48278931)|VARIABLE_ASSIGNMENT|[95]|allfields|"Id,WhoId,WhatId,Subj (533 more) ..."
02:50:28.0 (48285629)|HEAP_ALLOCATE|[94]|Bytes:5
02:50:28.0 (48292525)|VARIABLE_ASSIGNMENT|[94]|fieldname|null
02:50:28.0 (48296412)|STATEMENT_EXECUTE|[97]
02:50:28.0 (48364559)|HEAP_ALLOCATE|[97]|Bytes:552
02:50:28.0 (48377316)|VARIABLE_ASSIGNMENT|[97]|allfields|"Id,WhoId,WhatId,Subj (532 more) ..."
02:50:28.0 (48381348)|STATEMENT_EXECUTE|[99]
02:50:28.0 (48393269)|METHOD_EXIT|[19]|01p7F00000HhQR4|PM_Job_New_Controller.getAllFields(String)
02:50:28.0 (48401443)|HEAP_ALLOCATE|[19]|Bytes:10
02:50:28.0 (48410250)|HEAP_ALLOCATE|[19]|Bytes:569
02:50:28.0 (48962237)|SOQL_EXECUTE_BEGIN|[19]|Aggregations:0|select Id,WhoId,WhatId,Subject,ActivityDate,Status,Priority,IsHighPriority,OwnerId,Description,IsDeleted,AccountId,IsClosed,CreatedDate,CreatedById,LastModifiedDate,LastModifiedById,SystemModstamp,IsArchived,CallDurationInSeconds,CallType,CallDisposition,CallObject,ReminderDateTime,IsReminderSet,RecurrenceActivityId,IsRecurrence,RecurrenceStartDateOnly,RecurrenceEndDateOnly,RecurrenceTimeZoneSidKey,RecurrenceType,RecurrenceInterval,RecurrenceDayOfWeekMask,RecurrenceDayOfMonth,RecurrenceInstance,RecurrenceMonthOfYear,RecurrenceRegeneratedType,TaskSubtype from Task
02:50:28.0 (55879153)|SOQL_EXECUTE_END|[19]|Rows:3
02:50:28.0 (55906077)|HEAP_ALLOCATE|[19]|Bytes:16
02:50:28.0 (55931816)|HEAP_ALLOCATE|[19]|Bytes:1427
02:50:28.0 (56010178)|HEAP_ALLOCATE|[19]|Bytes:16
02:50:28.0 (56037950)|VARIABLE_SCOPE_BEGIN|[19]|task|List<Task>|true|false
02:50:28.0 (56148570)|VARIABLE_ASSIGNMENT|[19]|task|[{"Id":"00T7F000009TyUbUAK","WhoId":"00Q7F0000030w5tUAA","Subject":"Other","Status":"Completed","Priority":"Normal","IsHighPriority":false,"OwnerId":"0057F000000T34oQAC","IsDeleted":false,"IsClosed":true,"CreatedDate":"2017-10-10T16:56:11.000Z","CreatedById":"0057F000000T34oQAC","LastModifiedDate":"2017-10-25T03:00:11.000Z","LastModifiedById":"0057F000000T34oQAC","SystemModstamp":"2017-10-25T03:00:11.000Z","IsArchived":false,"IsReminderSet":false,"IsRecurrence":false,"TaskSubtype":"Task"},{"Id":"00T7F000009TyexUAC","WhoId":"0037F00000BmYSmQAN","WhatId":"0067F0000051AquQAE","Subject":"Call","ActivityDate":"2017-10-11T00:00:00.000Z","Status":"Completed","Priority":"Normal","IsHighPriority":false,"OwnerId":"0057F000000T34oQAC","IsDeleted":false,"AccountId":"0017F00000HVkX6QAL","IsClosed":true,"CreatedDate":"2017-10-10T18:44:53.000Z","CreatedById":"0057F000000T34oQAC","LastModifiedDate":"2017-10-25T03:00:39.000Z","LastModifiedById":"0057F000000T34oQAC","SystemModstamp":"2017-10-25T03:00:39.000Z","IsArchived":false,"ReminderDateTime":"2017-10-10T15:00:00.000Z","IsReminderSet":false,"IsRecurrence":false,"TaskSubtype":"Task"},{"Id":"00T7F00000DvfQzUAJ","WhoId":"0037F00000INcziQAD","WhatId":"0067F000006ogtuQAA","Subject":"test","ActivityDate":"2017-11-29T00:00:00.000Z","Status":"In Progress","Priority":"Normal","IsHighPriority":false,"OwnerId":"0057F000000T34oQAC","IsDeleted":false,"AccountId":"0017F00000HVkX6QAL","IsClosed":false,"CreatedDate":"2017-11-29T14:43:25.000Z","CreatedById":"0057F000000T34oQAC","LastModifiedDate":"2017-12-11T13:25:59.000Z","LastModifiedById":"0057F000000T34oQAC","SystemModstamp":"2017-12-11T13:25:59.000Z","IsArchived":false,"ReminderDateTime":"2017-11-29T16:00:00.000Z","IsReminderSet":false,"IsRecurrence":false,"TaskSubtype":"Task"}]|0x70154c1
02:50:28.0 (56182636)|STATEMENT_EXECUTE|[20]
02:50:28.0 (56188261)|HEAP_ALLOCATE|[20]|Bytes:36
02:50:28.0 (56464904)|HEAP_ALLOCATE|[20]|Bytes:1582
02:50:28.0 (56490187)|HEAP_ALLOCATE|[20]|Bytes:1618
02:50:28.0 (56516540)|USER_DEBUG|[20]|DEBUG|------------------------------------(Task:{Id=00T7F000009TyUbUAK, WhoId=00Q7F0000030w5tUAA, Subject=Other, Status=Completed, Priority=Normal, IsHighPriority=false, OwnerId=0057F000000T34oQAC, IsDeleted=false, IsClosed=true, CreatedDate=2017-10-10 16:56:11, CreatedById=0057F000000T34oQAC, LastModifiedDate=2017-10-25 03:00:11, LastModifiedById=0057F000000T34oQAC, SystemModstamp=2017-10-25 03:00:11, IsArchived=false, IsReminderSet=false, IsRecurrence=false, TaskSubtype=Task}, Task:{Id=00T7F000009TyexUAC, WhoId=0037F00000BmYSmQAN, WhatId=0067F0000051AquQAE, Subject=Call, ActivityDate=2017-10-11 00:00:00, Status=Completed, Priority=Normal, IsHighPriority=false, OwnerId=0057F000000T34oQAC, IsDeleted=false, AccountId=0017F00000HVkX6QAL, IsClosed=true, CreatedDate=2017-10-10 18:44:53, CreatedById=0057F000000T34oQAC, LastModifiedDate=2017-10-25 03:00:39, LastModifiedById=0057F000000T34oQAC, SystemModstamp=2017-10-25 03:00:39, IsArchived=false, ReminderDateTime=2017-10-10 15:00:00, IsReminderSet=false, IsRecurrence=false, TaskSubtype=Task}, Task:{Id=00T7F00000DvfQzUAJ, WhoId=0037F00000INcziQAD, WhatId=0067F000006ogtuQAA, Subject=test, ActivityDate=2017-11-29 00:00:00, Status=In Progress, Priority=Normal, IsHighPriority=false, OwnerId=0057F000000T34oQAC, IsDeleted=false, AccountId=0017F00000HVkX6QAL, IsClosed=false, CreatedDate=2017-11-29 14:43:25, CreatedById=0057F000000T34oQAC, LastModifiedDate=2017-12-11 13:25:59, LastModifiedById=0057F000000T34oQAC, SystemModstamp=2017-12-11 13:25:59, IsArchived=false, ReminderDateTime=2017-11-29 16:00:00, IsReminderSet=false, IsRecurrence=false, TaskSubtype=Task})
02:50:28.0 (56545442)|STATEMENT_EXECUTE|[21]
02:50:28.0 (56607877)|HEAP_ALLOCATE|[21]|Bytes:85
02:50:28.0 (56623013)|SYSTEM_METHOD_ENTRY|[1]|UserInfo.UserInfo()
02:50:28.0 (56626749)|STATEMENT_EXECUTE|[1]
02:50:28.0 (56636301)|SYSTEM_METHOD_EXIT|[1]|UserInfo
02:50:28.0 (56648507)|METHOD_ENTRY|[21]||System.UserInfo.getUserId()
02:50:28.0 (56692804)|METHOD_EXIT|[21]||System.UserInfo.getUserId()
02:50:28.0 (56699322)|HEAP_ALLOCATE|[21]|Bytes:5
02:50:28.0 (56712520)|METHOD_ENTRY|[21]||System.UserInfo.getUserName()
02:50:28.0 (56735208)|METHOD_EXIT|[21]||System.UserInfo.getUserName()
02:50:28.0 (56747025)|HEAP_ALLOCATE|[21]|Bytes:80
02:50:28.0 (56755156)|USER_DEBUG|[21]|DEBUG|------------------------------------0057F000000Tiz6QAC-----ksb994@salesforce.com
02:50:28.0 (56766273)|SYSTEM_MODE_EXIT|false
02:50:28.0 (57224339)|SYSTEM_MODE_ENTER|true
02:50:28.75 (75903082)|SYSTEM_MODE_ENTER|true
02:50:28.75 (76003040)|HEAP_ALLOCATE|[EXTERNAL]|Bytes:8
02:50:28.75 (76019042)|VARIABLE_SCOPE_BEGIN|[88]|this|ApexPage.PageMessagesComponentController|true|false
02:50:28.75 (76061507)|VARIABLE_ASSIGNMENT|[88]|this|{}|0x7f42bae8
02:50:28.75 (76068251)|VARIABLE_SCOPE_BEGIN|[88]|escape|Boolean|false|false
02:50:28.75 (76075683)|VARIABLE_ASSIGNMENT|[88]|escape|null
02:50:28.76 (76237811)|SYSTEM_MODE_ENTER|true
02:50:28.76 (76271590)|HEAP_ALLOCATE|[EXTERNAL]|Bytes:8
02:50:28.76 (76279193)|VARIABLE_SCOPE_BEGIN|[2]|this|ApexPage.PageMessagesComponentController|true|false
02:50:28.76 (76299138)|VARIABLE_ASSIGNMENT|[2]|this|{}|0x7f42bae8
02:50:28.0 (76903515)|SYSTEM_MODE_ENTER|true
02:50:28.0 (76942719)|HEAP_ALLOCATE|[EXTERNAL]|Bytes:40
02:50:28.0 (77048680)|VARIABLE_SCOPE_BEGIN|[24]|this|PM_Job_New_Controller|true|false
02:50:28.0 (77099204)|VARIABLE_ASSIGNMENT|[24]|this|{"job":"0x51cf1dd0","projectList":"0x2243fdb6"}|0xd7e8e64
02:50:28.0 (77120690)|SYSTEM_MODE_ENTER|false
02:50:28.0 (77128092)|HEAP_ALLOCATE|[25]|Bytes:5
02:50:28.0 (77133953)|STATEMENT_EXECUTE|[24]
02:50:28.0 (77135773)|STATEMENT_EXECUTE|[25]
02:50:28.0 (77150158)|HEAP_ALLOCATE|[25]|Bytes:4
02:50:28.0 (77181702)|VARIABLE_SCOPE_BEGIN|[25]|cpcso|List<System.SelectOption>|true|false
02:50:28.0 (77205983)|HEAP_ALLOCATE|[EXTERNAL]|Bytes:4
02:50:28.0 (77217630)|VARIABLE_ASSIGNMENT|[25]|cpcso|[]|0x3c02d60e
02:50:28.0 (77271459)|VARIABLE_ASSIGNMENT|[EXTERNAL]|this|{"job":"0x51cf1dd0","projectList":"0x2243fdb6"}|0xd7e8e64
02:50:28.0 (77432857)|HEAP_ALLOCATE|[26]|Bytes:5
02:50:28.0 (77453651)|HEAP_ALLOCATE|[26]|Bytes:12
02:50:28.0 (77463604)|VARIABLE_SCOPE_BEGIN|[26]|pro|Project__c|true|false
02:50:28.0 (77482492)|VARIABLE_ASSIGNMENT|[26]|pro|{"Company_project_code (3 more) ...":"101-TRN-COM-042","Id":"a057F0000039u2LQAQ"}|0x6f195aee
02:50:28.0 (77488678)|STATEMENT_EXECUTE|[26]
02:50:28.0 (77489994)|STATEMENT_EXECUTE|[27]
02:50:28.0 (77532979)|HEAP_ALLOCATE|[27]|Bytes:18
02:50:28.0 (77612157)|HEAP_ALLOCATE|[EXTERNAL]|Bytes:4
02:50:28.0 (77629598)|HEAP_ALLOCATE|[26]|Bytes:5
02:50:28.0 (77640985)|HEAP_ALLOCATE|[26]|Bytes:12
02:50:28.0 (77647802)|VARIABLE_SCOPE_BEGIN|[26]|pro|Project__c|true|false
02:50:28.0 (77663201)|VARIABLE_ASSIGNMENT|[26]|pro|{"Company_project_code (3 more) ...":"101-TRN-COM-036","Id":"a057F0000039u2MQAQ"}|0x770e71c0
02:50:28.0 (77669447)|STATEMENT_EXECUTE|[26]
02:50:28.0 (77670621)|STATEMENT_EXECUTE|[27]
02:50:28.0 (77680378)|HEAP_ALLOCATE|[27]|Bytes:18
02:50:28.0 (77694410)|HEAP_ALLOCATE|[EXTERNAL]|Bytes:4
02:50:28.0 (77704880)|HEAP_ALLOCATE|[26]|Bytes:5
02:50:28.0 (77713918)|HEAP_ALLOCATE|[26]|Bytes:12
02:50:28.0 (77719410)|VARIABLE_SCOPE_BEGIN|[26]|pro|Project__c|true|false
02:50:28.0 (77732237)|VARIABLE_ASSIGNMENT|[26]|pro|{"Company_project_code (3 more) ...":"101-TRN-COM-034","Id":"a057F0000039u2NQAQ"}|0x1364a273
02:50:28.0 (77736838)|STATEMENT_EXECUTE|[26]
02:50:28.0 (77737995)|STATEMENT_EXECUTE|[27]
02:50:28.0 (77744635)|HEAP_ALLOCATE|[27]|Bytes:18
02:50:28.0 (77755036)|HEAP_ALLOCATE|[EXTERNAL]|Bytes:4
02:50:28.0 (77764570)|HEAP_ALLOCATE|[26]|Bytes:5
02:50:28.0 (77772402)|HEAP_ALLOCATE|[26]|Bytes:12
02:50:28.0 (77777103)|VARIABLE_SCOPE_BEGIN|[26]|pro|Project__c|true|false
02:50:28.0 (77788297)|VARIABLE_ASSIGNMENT|[26]|pro|{"Company_project_code (3 more) ...":"101-TRN-COM-051","Id":"a057F0000039u2OQAQ"}|0x7552873e
02:50:28.0 (77793103)|STATEMENT_EXECUTE|[26]
02:50:28.0 (77794156)|STATEMENT_EXECUTE|[27]
02:50:28.0 (77799873)|HEAP_ALLOCATE|[27]|Bytes:18
02:50:28.0 (77809182)|HEAP_ALLOCATE|[EXTERNAL]|Bytes:4
02:50:28.0 (77818043)|HEAP_ALLOCATE|[26]|Bytes:5
02:50:28.0 (77825352)|HEAP_ALLOCATE|[26]|Bytes:12
02:50:28.0 (77830134)|VARIABLE_SCOPE_BEGIN|[26]|pro|Project__c|true|false
02:50:28.0 (77841455)|VARIABLE_ASSIGNMENT|[26]|pro|{"Company_project_code (3 more) ...":"300-0001-00","Id":"a057F0000039u22QAA"}|0x50b96d50
02:50:28.0 (77846250)|STATEMENT_EXECUTE|[26]
02:50:28.0 (77847316)|STATEMENT_EXECUTE|[27]
02:50:28.0 (77852768)|HEAP_ALLOCATE|[27]|Bytes:18
02:50:28.0 (77862093)|HEAP_ALLOCATE|[EXTERNAL]|Bytes:4
02:50:28.0 (77871193)|HEAP_ALLOCATE|[26]|Bytes:5
02:50:28.0 (77878738)|HEAP_ALLOCATE|[26]|Bytes:12
02:50:28.0 (77883177)|VARIABLE_SCOPE_BEGIN|[26]|pro|Project__c|true|false
02:50:28.0 (77894484)|VARIABLE_ASSIGNMENT|[26]|pro|{"Company_project_code (3 more) ...":"300-0002-01","Id":"a057F0000039u23QAA"}|0x543d96f6
02:50:28.0 (77899076)|STATEMENT_EXECUTE|[26]
02:50:28.0 (77900133)|STATEMENT_EXECUTE|[27]
02:50:28.0 (77905373)|HEAP_ALLOCATE|[27]|Bytes:18
02:50:28.0 (77914333)|HEAP_ALLOCATE|[EXTERNAL]|Bytes:4
02:50:28.0 (77923173)|HEAP_ALLOCATE|[26]|Bytes:5
02:50:28.0 (77930678)|HEAP_ALLOCATE|[26]|Bytes:12
02:50:28.0 (77935295)|VARIABLE_SCOPE_BEGIN|[26]|pro|Project__c|true|false
02:50:28.0 (77946638)|VARIABLE_ASSIGNMENT|[26]|pro|{"Company_project_code (3 more) ...":"101-TRN-COM-008","Id":"a057F0000039u24QAA"}|0x62fcd138
02:50:28.0 (77951428)|STATEMENT_EXECUTE|[26]
02:50:28.0 (77952479)|STATEMENT_EXECUTE|[27]
02:50:28.0 (77957977)|HEAP_ALLOCATE|[27]|Bytes:18
02:50:28.0 (77966905)|HEAP_ALLOCATE|[EXTERNAL]|Bytes:4
02:50:28.0 (77975492)|HEAP_ALLOCATE|[26]|Bytes:5
02:50:28.0 (77982725)|HEAP_ALLOCATE|[26]|Bytes:12
02:50:28.0 (77987063)|VARIABLE_SCOPE_BEGIN|[26]|pro|Project__c|true|false
02:50:28.0 (77997635)|VARIABLE_ASSIGNMENT|[26]|pro|{"Company_project_code (3 more) ...":"101-TRN-COM-047","Id":"a057F0000039u25QAA"}|0x376d12e
02:50:28.0 (78001964)|STATEMENT_EXECUTE|[26]
02:50:28.0 (78003859)|STATEMENT_EXECUTE|[27]
02:50:28.0 (78009129)|HEAP_ALLOCATE|[27]|Bytes:18
02:50:28.0 (78018551)|HEAP_ALLOCATE|[EXTERNAL]|Bytes:4
02:50:28.0 (78027285)|HEAP_ALLOCATE|[26]|Bytes:5
02:50:28.0 (78034348)|HEAP_ALLOCATE|[26]|Bytes:12
02:50:28.0 (78038610)|VARIABLE_SCOPE_BEGIN|[26]|pro|Project__c|true|false
02:50:28.0 (78048999)|VARIABLE_ASSIGNMENT|[26]|pro|{"Company_project_code (3 more) ...":"101-TRN-COM-046","Id":"a057F0000039u26QAA"}|0x183eeffd
02:50:28.0 (78053400)|STATEMENT_EXECUTE|[26]
02:50:28.0 (78054469)|STATEMENT_EXECUTE|[27]
02:50:28.0 (78059543)|HEAP_ALLOCATE|[27]|Bytes:18
02:50:28.0 (78068293)|HEAP_ALLOCATE|[EXTERNAL]|Bytes:4
02:50:28.0 (78076755)|HEAP_ALLOCATE|[26]|Bytes:5
02:50:28.0 (78084489)|HEAP_ALLOCATE|[26]|Bytes:12
02:50:28.0 (78094302)|VARIABLE_SCOPE_BEGIN|[26]|pro|Project__c|true|false
02:50:28.0 (78105464)|VARIABLE_ASSIGNMENT|[26]|pro|{"Company_project_code (3 more) ...":"101-TRN-COM-050","Id":"a057F0000039u27QAA"}|0x200c502a
02:50:28.0 (78110242)|STATEMENT_EXECUTE|[26]
02:50:28.0 (78111617)|STATEMENT_EXECUTE|[27]
02:50:28.0 (78116959)|HEAP_ALLOCATE|[27]|Bytes:18
02:50:28.0 (78126339)|HEAP_ALLOCATE|[EXTERNAL]|Bytes:4
02:50:28.0 (78135555)|HEAP_ALLOCATE|[26]|Bytes:5
02:50:28.0 (78143691)|HEAP_ALLOCATE|[26]|Bytes:12
02:50:28.0 (78148015)|VARIABLE_SCOPE_BEGIN|[26]|pro|Project__c|true|false
02:50:28.0 (78158818)|VARIABLE_ASSIGNMENT|[26]|pro|{"Company_project_code (3 more) ...":"101-TRN-COM-033","Id":"a057F0000039u28QAA"}|0x247d3002
02:50:28.0 (78163309)|STATEMENT_EXECUTE|[26]
02:50:28.0 (78164414)|STATEMENT_EXECUTE|[27]
02:50:28.0 (78169677)|HEAP_ALLOCATE|[27]|Bytes:18
02:50:28.0 (78178690)|HEAP_ALLOCATE|[EXTERNAL]|Bytes:4
02:50:28.0 (78187798)|HEAP_ALLOCATE|[26]|Bytes:5
02:50:28.0 (78195128)|HEAP_ALLOCATE|[26]|Bytes:12
02:50:28.0 (78199577)|VARIABLE_SCOPE_BEGIN|[26]|pro|Project__c|true|false
02:50:28.0 (78209531)|VARIABLE_ASSIGNMENT|[26]|pro|{"Company_project_code (3 more) ...":"101-TRN-COX-007","Id":"a057F0000039u29QAA"}|0x11376a02
02:50:28.0 (78214155)|STATEMENT_EXECUTE|[26]
02:50:28.0 (78215257)|STATEMENT_EXECUTE|[27]
02:50:28.0 (78220335)|HEAP_ALLOCATE|[27]|Bytes:18
02:50:28.0 (78228795)|HEAP_ALLOCATE|[EXTERNAL]|Bytes:4
02:50:28.0 (78237309)|HEAP_ALLOCATE|[26]|Bytes:5
02:50:28.0 (78244644)|HEAP_ALLOCATE|[26]|Bytes:12
02:50:28.0 (78249017)|VARIABLE_SCOPE_BEGIN|[26]|pro|Project__c|true|false
02:50:28.0 (78259394)|VARIABLE_ASSIGNMENT|[26]|pro|{"Company_project_code (3 more) ...":"101-TRN-COX-006","Id":"a057F0000039u2AQAQ"}|0x7e193ede
02:50:28.0 (78264307)|STATEMENT_EXECUTE|[26]
02:50:28.0 (78265394)|STATEMENT_EXECUTE|[27]
02:50:28.0 (78270554)|HEAP_ALLOCATE|[27]|Bytes:18
02:50:28.0 (78279407)|HEAP_ALLOCATE|[EXTERNAL]|Bytes:4
02:50:28.0 (78287878)|HEAP_ALLOCATE|[26]|Bytes:5
02:50:28.0 (78295428)|HEAP_ALLOCATE|[26]|Bytes:12
02:50:28.0 (78299854)|VARIABLE_SCOPE_BEGIN|[26]|pro|Project__c|true|false
02:50:28.0 (78309907)|VARIABLE_ASSIGNMENT|[26]|pro|{"Company_project_code (3 more) ...":"101-TRN-COX-008","Id":"a057F0000039u2BQAQ"}|0x3cd6ac37
02:50:28.0 (78314422)|STATEMENT_EXECUTE|[26]
02:50:28.0 (78315496)|STATEMENT_EXECUTE|[27]
02:50:28.0 (78320617)|HEAP_ALLOCATE|[27]|Bytes:18
02:50:28.0 (78329669)|HEAP_ALLOCATE|[EXTERNAL]|Bytes:4
02:50:28.0 (78338202)|HEAP_ALLOCATE|[26]|Bytes:5
02:50:28.0 (78345506)|HEAP_ALLOCATE|[26]|Bytes:12
02:50:28.0 (78350006)|VARIABLE_SCOPE_BEGIN|[26]|pro|Project__c|true|false
02:50:28.0 (78360121)|VARIABLE_ASSIGNMENT|[26]|pro|{"Company_project_code (3 more) ...":"101-TRN-COM-027","Id":"a057F0000039u2CQAQ"}|0x71e6668f
02:50:28.0 (78364851)|STATEMENT_EXECUTE|[26]
02:50:28.0 (78365934)|STATEMENT_EXECUTE|[27]
02:50:28.0 (78371022)|HEAP_ALLOCATE|[27]|Bytes:18
02:50:28.0 (78379690)|HEAP_ALLOCATE|[EXTERNAL]|Bytes:4
02:50:28.0 (78388192)|HEAP_ALLOCATE|[26]|Bytes:5
02:50:28.0 (78395442)|HEAP_ALLOCATE|[26]|Bytes:12
02:50:28.0 (78399843)|VARIABLE_SCOPE_BEGIN|[26]|pro|Project__c|true|false
02:50:28.0 (78410258)|VARIABLE_ASSIGNMENT|[26]|pro|{"Company_project_code (3 more) ...":"101-TRN-COM-029","Id":"a057F0000039u2DQAQ"}|0x5bab75cb
02:50:28.0 (78415270)|STATEMENT_EXECUTE|[26]
02:50:28.0 (78416382)|STATEMENT_EXECUTE|[27]
02:50:28.0 (78421499)|HEAP_ALLOCATE|[27]|Bytes:18
02:50:28.0 (78430296)|HEAP_ALLOCATE|[EXTERNAL]|Bytes:4
02:50:28.0 (78438879)|HEAP_ALLOCATE|[26]|Bytes:5
02:50:28.0 (78445982)|HEAP_ALLOCATE|[26]|Bytes:12
02:50:28.0 (78450847)|VARIABLE_SCOPE_BEGIN|[26]|pro|Project__c|true|false
02:50:28.0 (78461416)|VARIABLE_ASSIGNMENT|[26]|pro|{"Company_project_code (3 more) ...":"101-TRN-COM-014","Id":"a057F0000039u2EQAQ"}|0x6c735fae
02:50:28.0 (78465763)|STATEMENT_EXECUTE|[26]
02:50:28.0 (78466842)|STATEMENT_EXECUTE|[27]
02:50:28.0 (78471936)|HEAP_ALLOCATE|[27]|Bytes:18
02:50:28.0 (78480535)|HEAP_ALLOCATE|[EXTERNAL]|Bytes:4
02:50:28.0 (78518432)|HEAP_ALLOCATE|[26]|Bytes:5
02:50:28.0 (78534265)|HEAP_ALLOCATE|[26]|Bytes:12
02:50:28.0 (78542710)|VARIABLE_SCOPE_BEGIN|[26]|pro|Project__c|true|false
02:50:28.0 (78555950)|VARIABLE_ASSIGNMENT|[26]|pro|{"Company_project_code (3 more) ...":"301-0001-00","Id":"a057F0000039u21QAA"}|0x65cdf103
02:50:28.0 (78561139)|STATEMENT_EXECUTE|[26]
02:50:28.0 (78562276)|STATEMENT_EXECUTE|[27]
02:50:28.0 (78570183)|HEAP_ALLOCATE|[27]|Bytes:18
02:50:28.0 (78581571)|HEAP_ALLOCATE|[EXTERNAL]|Bytes:4
02:50:28.0 (78594856)|HEAP_ALLOCATE|[26]|Bytes:5
02:50:28.0 (78604000)|HEAP_ALLOCATE|[26]|Bytes:12
02:50:28.0 (78608662)|VARIABLE_SCOPE_BEGIN|[26]|pro|Project__c|true|false
02:50:28.0 (78620812)|VARIABLE_ASSIGNMENT|[26]|pro|{"Company_project_code (3 more) ...":"101-TRN-COM-017","Id":"a057F0000039u2FQAQ"}|0x275d312b
02:50:28.0 (78625397)|STATEMENT_EXECUTE|[26]
02:50:28.0 (78626474)|STATEMENT_EXECUTE|[27]
02:50:28.0 (78632283)|HEAP_ALLOCATE|[27]|Bytes:18
02:50:28.0 (78643725)|HEAP_ALLOCATE|[EXTERNAL]|Bytes:4
02:50:28.0 (78652862)|HEAP_ALLOCATE|[26]|Bytes:5
02:50:28.0 (78660612)|HEAP_ALLOCATE|[26]|Bytes:12
02:50:28.0 (78664961)|VARIABLE_SCOPE_BEGIN|[26]|pro|Project__c|true|false
02:50:28.0 (78675349)|VARIABLE_ASSIGNMENT|[26]|pro|{"Company_project_code (3 more) ...":"101-TRN-COM-038","Id":"a057F0000039u2GQAQ"}|0x27581d26
02:50:28.0 (78679966)|STATEMENT_EXECUTE|[26]
02:50:28.0 (78681199)|STATEMENT_EXECUTE|[27]
02:50:28.0 (78686662)|HEAP_ALLOCATE|[27]|Bytes:18
02:50:28.0 (78695376)|HEAP_ALLOCATE|[EXTERNAL]|Bytes:4
02:50:28.0 (78704221)|HEAP_ALLOCATE|[26]|Bytes:5
02:50:28.0 (78711514)|HEAP_ALLOCATE|[26]|Bytes:12
02:50:28.0 (78715677)|VARIABLE_SCOPE_BEGIN|[26]|pro|Project__c|true|false
02:50:28.0 (78726287)|VARIABLE_ASSIGNMENT|[26]|pro|{"Company_project_code (3 more) ...":"101-TRN-COM-037","Id":"a057F0000039u2HQAQ"}|0x5120b84c
02:50:28.0 (78730951)|STATEMENT_EXECUTE|[26]
02:50:28.0 (78732040)|STATEMENT_EXECUTE|[27]
02:50:28.0 (78737102)|HEAP_ALLOCATE|[27]|Bytes:18
02:50:28.0 (78745808)|HEAP_ALLOCATE|[EXTERNAL]|Bytes:4
02:50:28.0 (78754115)|HEAP_ALLOCATE|[26]|Bytes:5
02:50:28.0 (78761666)|HEAP_ALLOCATE|[26]|Bytes:12
02:50:28.0 (78765798)|VARIABLE_SCOPE_BEGIN|[26]|pro|Project__c|true|false
02:50:28.0 (78775918)|VARIABLE_ASSIGNMENT|[26]|pro|{"Company_project_code (3 more) ...":"101-TRN-COM-039","Id":"a057F0000039u2IQAQ"}|0x5b6f0e82
02:50:28.0 (78780169)|STATEMENT_EXECUTE|[26]
02:50:28.0 (78781253)|STATEMENT_EXECUTE|[27]
02:50:28.0 (78786343)|HEAP_ALLOCATE|[27]|Bytes:18
02:50:28.0 (78794627)|HEAP_ALLOCATE|[EXTERNAL]|Bytes:4
02:50:28.0 (78802901)|HEAP_ALLOCATE|[26]|Bytes:5
02:50:28.0 (78810731)|HEAP_ALLOCATE|[26]|Bytes:12
02:50:28.0 (78814901)|VARIABLE_SCOPE_BEGIN|[26]|pro|Project__c|true|false
02:50:28.0 (78825340)|VARIABLE_ASSIGNMENT|[26]|pro|{"Company_project_code (3 more) ...":"101-TRN-COM-040","Id":"a057F0000039u2JQAQ"}|0x1575a8ad
02:50:28.0 (78829804)|STATEMENT_EXECUTE|[26]
02:50:28.0 (78830908)|STATEMENT_EXECUTE|[27]
02:50:28.0 (78835926)|HEAP_ALLOCATE|[27]|Bytes:18
02:50:28.0 (78844589)|HEAP_ALLOCATE|[EXTERNAL]|Bytes:4
02:50:28.0 (78853410)|HEAP_ALLOCATE|[26]|Bytes:5
02:50:28.0 (78860786)|HEAP_ALLOCATE|[26]|Bytes:12
02:50:28.0 (78865398)|VARIABLE_SCOPE_BEGIN|[26]|pro|Project__c|true|false
02:50:28.0 (78875130)|VARIABLE_ASSIGNMENT|[26]|pro|{"Company_project_code (3 more) ...":"101-TRN-COM-041","Id":"a057F0000039u2KQAQ"}|0x72233608
02:50:28.0 (78879768)|STATEMENT_EXECUTE|[26]
02:50:28.0 (78880840)|STATEMENT_EXECUTE|[27]
02:50:28.0 (78886010)|HEAP_ALLOCATE|[27]|Bytes:18
02:50:28.0 (78894565)|HEAP_ALLOCATE|[EXTERNAL]|Bytes:4
02:50:28.0 (78903007)|HEAP_ALLOCATE|[26]|Bytes:5
02:50:28.0 (78911824)|VARIABLE_ASSIGNMENT|[26]|pro|null|
02:50:28.0 (78916058)|STATEMENT_EXECUTE|[29]
02:50:28.0 (78922427)|SYSTEM_MODE_EXIT|false
02:50:28.0 (79311841)|SYSTEM_MODE_ENTER|true
02:50:28.0 (83972692)|SYSTEM_MODE_ENTER|true
02:50:28.0 (84010954)|HEAP_ALLOCATE|[EXTERNAL]|Bytes:40
02:50:28.0 (84117013)|VARIABLE_SCOPE_BEGIN|[49]|this|PM_Job_New_Controller|true|false
02:50:28.0 (84155588)|VARIABLE_ASSIGNMENT|[49]|this|{"job":"0x51cf1dd0","projectList":"0x2243fdb6"}|0xd7e8e64
02:50:28.0 (84176256)|SYSTEM_MODE_ENTER|false
02:50:28.0 (84183971)|HEAP_ALLOCATE|[50]|Bytes:5
02:50:28.0 (84188377)|STATEMENT_EXECUTE|[49]
02:50:28.0 (84189794)|STATEMENT_EXECUTE|[50]
02:50:28.0 (84200278)|HEAP_ALLOCATE|[50]|Bytes:4
02:50:28.0 (84223847)|VARIABLE_SCOPE_BEGIN|[50]|ufp|List<System.SelectOption>|true|false
02:50:28.0 (84247805)|HEAP_ALLOCATE|[EXTERNAL]|Bytes:4
02:50:28.0 (84257962)|VARIABLE_ASSIGNMENT|[50]|ufp|[]|0x36d6cbaf
02:50:28.0 (84262949)|STATEMENT_EXECUTE|[51]
02:50:28.0 (84266644)|HEAP_ALLOCATE|[51]|Bytes:96
02:50:28.0 (84281380)|HEAP_ALLOCATE|[51]|Bytes:4
02:50:28.0 (84288766)|HEAP_ALLOCATE|[51]|Bytes:7
02:50:28.0 (84341914)|VARIABLE_ASSIGNMENT|[EXTERNAL]|this|{"job":"0x51cf1dd0","projectList":"0x2243fdb6"}|0xd7e8e64
02:50:28.0 (84640694)|SOQL_EXECUTE_BEGIN|[51]|Aggregations:0|SELECT ProjectLink__c, UserLink__c FROM ProjectJobAssociation__c WHERE ProjectLink__c = :tmpVar1
02:50:28.0 (89811396)|SOQL_EXECUTE_END|[51]|Rows:0
02:50:28.0 (89837486)|HEAP_ALLOCATE|[51]|Bytes:4
02:50:28.0 (89848926)|HEAP_ALLOCATE|[51]|Bytes:0
02:50:28.0 (89914215)|HEAP_ALLOCATE|[51]|Bytes:4
02:50:28.0 (89928908)|VARIABLE_SCOPE_BEGIN|[51]|userInProject|List<ProjectJobAssociation__c>|true|false
02:50:28.0 (89943764)|VARIABLE_ASSIGNMENT|[51]|userInProject|[]|0x3d37f49c
02:50:28.0 (90072898)|HEAP_ALLOCATE|[52]|Bytes:5
02:50:28.0 (90094938)|VARIABLE_ASSIGNMENT|[52]|pja|null|
02:50:28.0 (90100440)|STATEMENT_EXECUTE|[52]
02:50:28.0 (90102033)|STATEMENT_EXECUTE|[56]
02:50:28.0 (90107193)|SYSTEM_MODE_EXIT|false
02:50:28.0 (92615552)|SYSTEM_MODE_ENTER|true
02:50:28.0 (95055911)|VF_SERIALIZE_VIEWSTATE_BEGIN|0667F000005aHSA
02:50:28.0 (106879217)|VF_SERIALIZE_VIEWSTATE_END
02:50:28.109 (109412266)|CUMULATIVE_LIMIT_USAGE
02:50:28.109 (109412266)|LIMIT_USAGE_FOR_NS|(default)|
  Number of SOQL queries: 3 out of 100
  Number of query rows: 27 out of 50000
  Number of SOSL queries: 0 out of 20
  Number of DML statements: 0 out of 150
  Number of DML rows: 0 out of 10000
  Maximum CPU time: 0 out of 10000
  Maximum heap size: 0 out of 6000000
  Number of callouts: 0 out of 100
  Number of Email Invocations: 0 out of 10
  Number of future calls: 0 out of 50
  Number of queueable jobs added to the queue: 0 out of 50
  Number of Mobile Apex push calls: 0 out of 10

02:50:28.109 (109412266)|CUMULATIVE_LIMIT_USAGE_END

02:50:28.0 (109455197)|CODE_UNIT_FINISHED|VF: /apex/PM_Job_New
02:50:28.0 (110175359)|EXECUTION_FINISHED
