36.0 APEX_CODE,FINEST;APEX_PROFILING,INFO;CALLOUT,INFO;DB,INFO;SYSTEM,DEBUG;VALIDATION,INFO;VISUALFORCE,INFO;WAVE,INFO;WORKFLOW,INFO
06:53:23.0 (253934)|USER_INFO|[EXTERNAL]|0057F000000Tiz6|ksb994@salesforce.com|Pacific Standard Time|GMT-08:00
06:53:23.0 (281554)|EXECUTION_STARTED
06:53:23.0 (286238)|CODE_UNIT_STARTED|[EXTERNAL]|0667F000004uRAy|VF: /apex/PM_Project_EditRedirect
06:53:23.0 (1724011)|SYSTEM_MODE_ENTER|true
06:53:23.0 (2022654)|HEAP_ALLOCATE|[72]|Bytes:3
06:53:23.0 (2059875)|HEAP_ALLOCATE|[77]|Bytes:152
06:53:23.0 (2073029)|HEAP_ALLOCATE|[342]|Bytes:408
06:53:23.0 (2087026)|HEAP_ALLOCATE|[355]|Bytes:408
06:53:23.0 (2099522)|HEAP_ALLOCATE|[467]|Bytes:48
06:53:23.0 (2122102)|HEAP_ALLOCATE|[139]|Bytes:6
06:53:23.0 (2135266)|HEAP_ALLOCATE|[EXTERNAL]|Bytes:7
06:53:23.0 (2155831)|METHOD_ENTRY|[1]|01p7F00000EhrfL|PM_Project_EditRedirect_Controller.PM_Project_EditRedirect_Controller()
06:53:23.0 (2161760)|STATEMENT_EXECUTE|[1]
06:53:23.0 (2165101)|STATEMENT_EXECUTE|[1]
06:53:23.0 (2192469)|HEAP_ALLOCATE|[50]|Bytes:5
06:53:23.0 (2212624)|HEAP_ALLOCATE|[56]|Bytes:5
06:53:23.0 (2219308)|HEAP_ALLOCATE|[64]|Bytes:7
06:53:23.0 (2237708)|SYSTEM_MODE_ENTER|false
06:53:23.0 (2248595)|HEAP_ALLOCATE|[EXTERNAL]|Bytes:5
06:53:23.0 (2256000)|SYSTEM_MODE_EXIT|false
06:53:23.0 (2262814)|METHOD_EXIT|[1]|PM_Project_EditRedirect_Controller
06:53:23.0 (2296716)|HEAP_ALLOCATE|[EXTERNAL]|Bytes:8
06:53:23.0 (2340848)|VARIABLE_SCOPE_BEGIN|[8]|this|PM_Project_EditRedirect_Controller|true|false
06:53:23.0 (2382379)|VARIABLE_ASSIGNMENT|[8]|this|{}|0x418d98b3
06:53:23.0 (2389769)|VARIABLE_SCOPE_BEGIN|[8]|stdController|ApexPages.StandardController|true|false
06:53:23.0 (2513712)|VARIABLE_ASSIGNMENT|[8]|stdController|"StandardController [null]"|0x38b7fb2b
06:53:23.0 (2534733)|SYSTEM_MODE_ENTER|false
06:53:23.0 (2540334)|HEAP_ALLOCATE|[9]|Bytes:5
06:53:23.0 (2544369)|STATEMENT_EXECUTE|[1]
06:53:23.0 (2548755)|HEAP_ALLOCATE|[9]|Bytes:5
06:53:23.0 (2551313)|STATEMENT_EXECUTE|[3]
06:53:23.0 (2559500)|HEAP_ALLOCATE|[9]|Bytes:6
06:53:23.0 (2587399)|STATEMENT_EXECUTE|[8]
06:53:23.0 (2588743)|STATEMENT_EXECUTE|[9]
06:53:23.0 (16224335)|HEAP_ALLOCATE|[9]|Bytes:8
06:53:23.0 (16273851)|VARIABLE_ASSIGNMENT|[9]|this.mysObject|{"Id":"a057F0000039WImQAM"}|0x418d98b3
06:53:23.0 (16281886)|SYSTEM_MODE_EXIT|false
06:53:23.0 (16371736)|HEAP_ALLOCATE|[EXTERNAL]|Bytes:8
06:53:23.0 (16417463)|VARIABLE_SCOPE_BEGIN|[16]|this|PM_Project_EditRedirect_Controller|true|false
06:53:23.0 (16437752)|VARIABLE_ASSIGNMENT|[16]|this|{"mysObject":"0x38f7fac4"}|0x418d98b3
06:53:23.0 (16455771)|SYSTEM_MODE_ENTER|false
06:53:23.0 (16462350)|HEAP_ALLOCATE|[17]|Bytes:5
06:53:23.0 (16467055)|STATEMENT_EXECUTE|[16]
06:53:23.0 (16468390)|STATEMENT_EXECUTE|[17]
06:53:23.0 (16473515)|HEAP_ALLOCATE|[17]|Bytes:21
06:53:23.0 (16503218)|VARIABLE_SCOPE_BEGIN|[17]|newpage|System.PageReference|true|false
06:53:23.0 (18668596)|VARIABLE_ASSIGNMENT|[17]|newpage|"/apex/PM_Project_Edit"|0x454b5a87
06:53:23.0 (18680507)|STATEMENT_EXECUTE|[18]
06:53:23.0 (18725434)|HEAP_ALLOCATE|[18]|Bytes:0
06:53:23.0 (18751376)|HEAP_ALLOCATE|[18]|Bytes:3
06:53:23.0 (18806187)|HEAP_ALLOCATE|[EXTERNAL]|Bytes:-4
06:53:23.0 (18813936)|STATEMENT_EXECUTE|[19]
06:53:23.0 (18839946)|STATEMENT_EXECUTE|[20]
06:53:23.0 (18843940)|SYSTEM_MODE_EXIT|false
06:53:23.21 (21872462)|CUMULATIVE_LIMIT_USAGE
06:53:23.21 (21872462)|LIMIT_USAGE_FOR_NS|(default)|
  Number of SOQL queries: 0 out of 100
  Number of query rows: 0 out of 50000
  Number of SOSL queries: 0 out of 20
  Number of DML statements: 0 out of 150
  Number of DML rows: 0 out of 10000
  Maximum CPU time: 0 out of 10000
  Maximum heap size: 0 out of 6000000
  Number of callouts: 0 out of 100
  Number of Email Invocations: 0 out of 10
  Number of future calls: 0 out of 50
  Number of queueable jobs added to the queue: 0 out of 50
  Number of Mobile Apex push calls: 0 out of 10

06:53:23.21 (21872462)|CUMULATIVE_LIMIT_USAGE_END

06:53:23.0 (21907271)|CODE_UNIT_FINISHED|VF: /apex/PM_Project_EditRedirect
06:53:23.0 (22736516)|EXECUTION_FINISHED
