36.0 APEX_CODE,FINEST;APEX_PROFILING,INFO;CALLOUT,INFO;DB,INFO;SYSTEM,DEBUG;VALIDATION,INFO;VISUALFORCE,INFO;WAVE,INFO;WORKFLOW,INFO
04:25:22.0 (324300)|USER_INFO|[EXTERNAL]|0057F000000Tiz6|ksb994@salesforce.com|Pacific Standard Time|GMT-08:00
04:25:22.0 (351504)|EXECUTION_STARTED
04:25:22.0 (355151)|CODE_UNIT_STARTED|[EXTERNAL]|0667F000005aHSA|VF: /apex/PM_Job_New
04:25:22.6 (6570309)|SYSTEM_MODE_ENTER|true
04:25:22.6 (6677970)|HEAP_ALLOCATE|[72]|Bytes:3
04:25:22.6 (6709639)|HEAP_ALLOCATE|[77]|Bytes:152
04:25:22.6 (6722699)|HEAP_ALLOCATE|[342]|Bytes:408
04:25:22.6 (6736564)|HEAP_ALLOCATE|[355]|Bytes:408
04:25:22.6 (6749172)|HEAP_ALLOCATE|[467]|Bytes:48
04:25:22.6 (6991316)|SYSTEM_MODE_ENTER|true
04:25:22.6 (7038854)|HEAP_ALLOCATE|[EXTERNAL]|Bytes:8
04:25:22.6 (7047454)|VARIABLE_SCOPE_BEGIN|[88]|this|ApexPage.PageMessagesComponentController|true|false
04:25:22.6 (7079259)|VARIABLE_ASSIGNMENT|[88]|this|{}|0xd5a58c
04:25:22.6 (7085340)|VARIABLE_SCOPE_BEGIN|[88]|escape|Boolean|false|false
04:25:22.6 (7091874)|VARIABLE_ASSIGNMENT|[88]|escape|null
04:25:22.7 (7251741)|SYSTEM_MODE_ENTER|true
04:25:22.7 (7280781)|HEAP_ALLOCATE|[EXTERNAL]|Bytes:8
04:25:22.7 (7286335)|VARIABLE_SCOPE_BEGIN|[2]|this|ApexPage.PageMessagesComponentController|true|false
04:25:22.7 (7303031)|VARIABLE_ASSIGNMENT|[2]|this|{}|0xd5a58c
04:25:22.0 (284940149)|SYSTEM_MODE_ENTER|true
04:25:22.0 (285330922)|HEAP_ALLOCATE|[EXTERNAL]|Bytes:260
04:25:22.0 (285344685)|HEAP_ALLOCATE|[EXTERNAL]|Bytes:42
04:25:22.0 (285348827)|HEAP_ALLOCATE|[EXTERNAL]|Bytes:8
04:25:22.0 (285369942)|METHOD_ENTRY|[1]|01p7F00000HhQR4|PM_Job_New_Controller.PM_Job_New_Controller()
04:25:22.0 (285376141)|STATEMENT_EXECUTE|[1]
04:25:22.0 (285383625)|STATEMENT_EXECUTE|[1]
04:25:22.0 (285399556)|SYSTEM_MODE_ENTER|false
04:25:22.0 (285411921)|HEAP_ALLOCATE|[EXTERNAL]|Bytes:5
04:25:22.0 (285420086)|SYSTEM_MODE_EXIT|false
04:25:22.0 (285429152)|METHOD_EXIT|[1]|PM_Job_New_Controller
04:25:22.0 (285512341)|HEAP_ALLOCATE|[EXTERNAL]|Bytes:40
04:25:22.0 (285577896)|VARIABLE_SCOPE_BEGIN|[16]|this|PM_Job_New_Controller|true|false
04:25:22.0 (285647246)|VARIABLE_ASSIGNMENT|[16]|this|{}|0x71b78774
04:25:22.0 (285653927)|VARIABLE_SCOPE_BEGIN|[16]|stdController|ApexPages.StandardController|true|false
04:25:22.0 (285822615)|VARIABLE_ASSIGNMENT|[16]|stdController|"StandardController [null]"|0x3b966742
04:25:22.0 (285845896)|SYSTEM_MODE_ENTER|false
04:25:22.0 (285853155)|HEAP_ALLOCATE|[17]|Bytes:5
04:25:22.0 (285858668)|STATEMENT_EXECUTE|[1]
04:25:22.0 (285863495)|HEAP_ALLOCATE|[17]|Bytes:5
04:25:22.0 (285866069)|STATEMENT_EXECUTE|[3]
04:25:22.0 (285867472)|STATEMENT_EXECUTE|[4]
04:25:22.0 (285868383)|STATEMENT_EXECUTE|[5]
04:25:22.0 (285869184)|STATEMENT_EXECUTE|[6]
04:25:22.0 (285869941)|STATEMENT_EXECUTE|[7]
04:25:22.0 (285870701)|STATEMENT_EXECUTE|[8]
04:25:22.0 (285871474)|STATEMENT_EXECUTE|[9]
04:25:22.0 (285872259)|STATEMENT_EXECUTE|[10]
04:25:22.0 (285873261)|STATEMENT_EXECUTE|[11]
04:25:22.0 (285901584)|STATEMENT_EXECUTE|[16]
04:25:22.0 (285903216)|STATEMENT_EXECUTE|[17]
04:25:22.0 (286057464)|HEAP_ALLOCATE|[17]|Bytes:4
04:25:22.0 (286084243)|VARIABLE_ASSIGNMENT|[17]|this.job|{}|0x71b78774
04:25:22.0 (286089256)|STATEMENT_EXECUTE|[18]
04:25:22.0 (286092970)|HEAP_ALLOCATE|[18]|Bytes:46
04:25:22.0 (286112877)|HEAP_ALLOCATE|[18]|Bytes:4
04:25:22.0 (286296627)|SOQL_EXECUTE_BEGIN|[18]|Aggregations:0|SELECT Company_project_code__c FROM Project__c
04:25:22.0 (296809044)|SOQL_EXECUTE_END|[18]|Rows:24
04:25:22.0 (296843334)|HEAP_ALLOCATE|[18]|Bytes:100
04:25:22.0 (296891365)|HEAP_ALLOCATE|[18]|Bytes:1692
04:25:22.0 (296952104)|HEAP_ALLOCATE|[18]|Bytes:100
04:25:22.0 (297055407)|VARIABLE_ASSIGNMENT|[EXTERNAL]|this|{"job":"0x359229da"}|0x71b78774
04:25:22.0 (297073759)|VARIABLE_ASSIGNMENT|[EXTERNAL]|value|"List of size 24 too large to display"|0x6abebdbf
04:25:22.0 (297089415)|VARIABLE_ASSIGNMENT|[4]|this.projectList|"List of size 24 too large to display"|0x71b78774
04:25:22.0 (297100226)|STATEMENT_EXECUTE|[19]
04:25:22.0 (297106899)|HEAP_ALLOCATE|[19]|Bytes:7
04:25:22.0 (297111837)|HEAP_ALLOCATE|[19]|Bytes:4
04:25:22.0 (297130064)|METHOD_ENTRY|[19]|01p7F00000HhQR4|PM_Job_New_Controller.getAllFields(String)
04:25:22.0 (297255536)|VARIABLE_SCOPE_BEGIN|[114]|sobjectname|String|false|false
04:25:22.0 (297267107)|VARIABLE_ASSIGNMENT|[114]|sobjectname|"Task"
04:25:22.0 (297292038)|HEAP_ALLOCATE|[115]|Bytes:5
04:25:22.0 (297296994)|STATEMENT_EXECUTE|[114]
04:25:22.0 (314685941)|HEAP_ALLOCATE|[115]|Bytes:1468
04:25:22.0 (314751370)|STATEMENT_EXECUTE|[115]
04:25:22.0 (314753837)|STATEMENT_EXECUTE|[118]
04:25:22.0 (319041865)|HEAP_ALLOCATE|[118]|Bytes:1468
04:25:22.0 (319495355)|HEAP_ALLOCATE|[118]|Bytes:4
04:25:22.0 (319541178)|HEAP_ALLOCATE|[118]|Bytes:4
04:25:22.0 (319857938)|HEAP_ALLOCATE|[118]|Bytes:160
04:25:22.0 (319870094)|VARIABLE_SCOPE_BEGIN|[118]|fields|Map<String,Schema.SObjectField>|true|false
04:25:22.0 (320066159)|VARIABLE_ASSIGNMENT|[118]|fields|"{accountid=AccountId, activitydate=ActivityDate, calldisposition=CallDisposition, calldurationinseconds=CallDurationInSeconds, callobject=CallObject, calltype=CallType, createdbyid=CreatedById, createddate=CreatedDate, description=Description, id=Id, ...}"|0x6b9a6f9d
04:25:22.0 (320078676)|STATEMENT_EXECUTE|[119]
04:25:22.0 (320098271)|HEAP_ALLOCATE|[119]|Bytes:4
04:25:22.0 (320135771)|VARIABLE_SCOPE_BEGIN|[119]|accessiblefields|List<String>|true|false
04:25:22.0 (320165382)|HEAP_ALLOCATE|[EXTERNAL]|Bytes:4
04:25:22.0 (320178767)|VARIABLE_ASSIGNMENT|[119]|accessiblefields|[]|0xaef7ff1
04:25:22.0 (320229870)|HEAP_ALLOCATE|[EXTERNAL]|Bytes:160
04:25:22.0 (320255206)|HEAP_ALLOCATE|[120]|Bytes:160
04:25:22.0 (320293411)|HEAP_ALLOCATE|[120]|Bytes:5
04:25:22.0 (320314505)|VARIABLE_SCOPE_BEGIN|[120]|field|Schema.SObjectField|true|false
04:25:22.0 (320378179)|VARIABLE_ASSIGNMENT|[120]|field|"common.apex.runtime.impl.ApexFieldToken@631b8caa"|0x631b8caa
04:25:22.0 (320386103)|STATEMENT_EXECUTE|[120]
04:25:22.0 (320808279)|HEAP_ALLOCATE|[121]|Bytes:8
04:25:22.0 (320833131)|STATEMENT_EXECUTE|[122]
04:25:22.0 (320861616)|HEAP_ALLOCATE|[122]|Bytes:8
04:25:22.0 (320875209)|HEAP_ALLOCATE|[122]|Bytes:2
04:25:22.0 (320890699)|HEAP_ALLOCATE|[EXTERNAL]|Bytes:4
04:25:22.0 (320904195)|HEAP_ALLOCATE|[120]|Bytes:5
04:25:22.0 (320918420)|VARIABLE_SCOPE_BEGIN|[120]|field|Schema.SObjectField|true|false
04:25:22.0 (321002061)|VARIABLE_ASSIGNMENT|[120]|field|"common.apex.runtime.impl.ApexFieldToken@5b45e1d3"|0x5b45e1d3
04:25:22.0 (321011089)|STATEMENT_EXECUTE|[120]
04:25:22.0 (321424298)|HEAP_ALLOCATE|[121]|Bytes:8
04:25:22.0 (321440990)|STATEMENT_EXECUTE|[122]
04:25:22.0 (321458034)|HEAP_ALLOCATE|[122]|Bytes:8
04:25:22.0 (321465994)|HEAP_ALLOCATE|[122]|Bytes:5
04:25:22.0 (321475024)|HEAP_ALLOCATE|[EXTERNAL]|Bytes:4
04:25:22.0 (321487361)|HEAP_ALLOCATE|[120]|Bytes:5
04:25:22.0 (321501983)|VARIABLE_SCOPE_BEGIN|[120]|field|Schema.SObjectField|true|false
04:25:22.0 (321567427)|VARIABLE_ASSIGNMENT|[120]|field|"common.apex.runtime.impl.ApexFieldToken@2aa41dbd"|0x2aa41dbd
04:25:22.0 (321576304)|STATEMENT_EXECUTE|[120]
04:25:22.0 (321858055)|HEAP_ALLOCATE|[121]|Bytes:8
04:25:22.0 (321872116)|STATEMENT_EXECUTE|[122]
04:25:22.0 (321888185)|HEAP_ALLOCATE|[122]|Bytes:8
04:25:22.0 (321896201)|HEAP_ALLOCATE|[122]|Bytes:6
04:25:22.0 (321904512)|HEAP_ALLOCATE|[EXTERNAL]|Bytes:4
04:25:22.0 (321916021)|HEAP_ALLOCATE|[120]|Bytes:5
04:25:22.0 (321929084)|VARIABLE_SCOPE_BEGIN|[120]|field|Schema.SObjectField|true|false
04:25:22.0 (321994997)|VARIABLE_ASSIGNMENT|[120]|field|"common.apex.runtime.impl.ApexFieldToken@256c4129"|0x256c4129
04:25:22.0 (322002620)|STATEMENT_EXECUTE|[120]
04:25:22.0 (322098974)|HEAP_ALLOCATE|[121]|Bytes:8
04:25:22.0 (322111054)|STATEMENT_EXECUTE|[122]
04:25:22.0 (322124936)|HEAP_ALLOCATE|[122]|Bytes:8
04:25:22.0 (322132231)|HEAP_ALLOCATE|[122]|Bytes:7
04:25:22.0 (322139769)|HEAP_ALLOCATE|[EXTERNAL]|Bytes:4
04:25:22.0 (322151931)|HEAP_ALLOCATE|[120]|Bytes:5
04:25:22.0 (322163913)|VARIABLE_SCOPE_BEGIN|[120]|field|Schema.SObjectField|true|false
04:25:22.0 (322229688)|VARIABLE_ASSIGNMENT|[120]|field|"common.apex.runtime.impl.ApexFieldToken@1aade7f2"|0x1aade7f2
04:25:22.0 (322236958)|STATEMENT_EXECUTE|[120]
04:25:22.0 (322339654)|HEAP_ALLOCATE|[121]|Bytes:8
04:25:22.0 (322352155)|STATEMENT_EXECUTE|[122]
04:25:22.0 (322367034)|HEAP_ALLOCATE|[122]|Bytes:8
04:25:22.0 (322374939)|HEAP_ALLOCATE|[122]|Bytes:12
04:25:22.0 (322382211)|HEAP_ALLOCATE|[EXTERNAL]|Bytes:4
04:25:22.0 (322392578)|HEAP_ALLOCATE|[120]|Bytes:5
04:25:22.0 (322404369)|VARIABLE_SCOPE_BEGIN|[120]|field|Schema.SObjectField|true|false
04:25:22.0 (322469163)|VARIABLE_ASSIGNMENT|[120]|field|"common.apex.runtime.impl.ApexFieldToken@6e12c60d"|0x6e12c60d
04:25:22.0 (322475934)|STATEMENT_EXECUTE|[120]
04:25:22.0 (322559617)|HEAP_ALLOCATE|[121]|Bytes:8
04:25:22.0 (322571202)|STATEMENT_EXECUTE|[122]
04:25:22.0 (322584997)|HEAP_ALLOCATE|[122]|Bytes:8
04:25:22.0 (322592353)|HEAP_ALLOCATE|[122]|Bytes:6
04:25:22.0 (322599490)|HEAP_ALLOCATE|[EXTERNAL]|Bytes:4
04:25:22.0 (322610599)|HEAP_ALLOCATE|[120]|Bytes:5
04:25:22.0 (322622214)|VARIABLE_SCOPE_BEGIN|[120]|field|Schema.SObjectField|true|false
04:25:22.0 (322685539)|VARIABLE_ASSIGNMENT|[120]|field|"common.apex.runtime.impl.ApexFieldToken@64517787"|0x64517787
04:25:22.0 (322692251)|STATEMENT_EXECUTE|[120]
04:25:22.0 (322770645)|HEAP_ALLOCATE|[121]|Bytes:8
04:25:22.0 (322782144)|STATEMENT_EXECUTE|[122]
04:25:22.0 (322794757)|HEAP_ALLOCATE|[122]|Bytes:8
04:25:22.0 (322801355)|HEAP_ALLOCATE|[122]|Bytes:8
04:25:22.0 (322808955)|HEAP_ALLOCATE|[EXTERNAL]|Bytes:4
04:25:22.0 (322819573)|HEAP_ALLOCATE|[120]|Bytes:5
04:25:22.0 (322829767)|VARIABLE_SCOPE_BEGIN|[120]|field|Schema.SObjectField|true|false
04:25:22.0 (322889890)|VARIABLE_ASSIGNMENT|[120]|field|"common.apex.runtime.impl.ApexFieldToken@2373172d"|0x2373172d
04:25:22.0 (322897423)|STATEMENT_EXECUTE|[120]
04:25:22.0 (322967532)|HEAP_ALLOCATE|[121]|Bytes:8
04:25:22.0 (322978651)|STATEMENT_EXECUTE|[122]
04:25:22.0 (322997056)|HEAP_ALLOCATE|[122]|Bytes:8
04:25:22.0 (323008952)|HEAP_ALLOCATE|[122]|Bytes:14
04:25:22.0 (323020641)|HEAP_ALLOCATE|[EXTERNAL]|Bytes:4
04:25:22.0 (323036291)|HEAP_ALLOCATE|[120]|Bytes:5
04:25:22.0 (323048471)|VARIABLE_SCOPE_BEGIN|[120]|field|Schema.SObjectField|true|false
04:25:22.0 (323128134)|VARIABLE_ASSIGNMENT|[120]|field|"common.apex.runtime.impl.ApexFieldToken@5614f6c6"|0x5614f6c6
04:25:22.0 (323138158)|STATEMENT_EXECUTE|[120]
04:25:22.0 (323269288)|HEAP_ALLOCATE|[121]|Bytes:8
04:25:22.0 (323282032)|STATEMENT_EXECUTE|[122]
04:25:22.0 (323296064)|HEAP_ALLOCATE|[122]|Bytes:8
04:25:22.0 (323303635)|HEAP_ALLOCATE|[122]|Bytes:7
04:25:22.0 (323311153)|HEAP_ALLOCATE|[EXTERNAL]|Bytes:4
04:25:22.0 (323325520)|HEAP_ALLOCATE|[120]|Bytes:5
04:25:22.0 (323338471)|VARIABLE_SCOPE_BEGIN|[120]|field|Schema.SObjectField|true|false
04:25:22.0 (323400648)|VARIABLE_ASSIGNMENT|[120]|field|"common.apex.runtime.impl.ApexFieldToken@2ece60a7"|0x2ece60a7
04:25:22.0 (323411494)|STATEMENT_EXECUTE|[120]
04:25:22.0 (323501045)|HEAP_ALLOCATE|[121]|Bytes:8
04:25:22.0 (323512930)|STATEMENT_EXECUTE|[122]
04:25:22.0 (323526500)|HEAP_ALLOCATE|[122]|Bytes:8
04:25:22.0 (323533657)|HEAP_ALLOCATE|[122]|Bytes:11
04:25:22.0 (323540984)|HEAP_ALLOCATE|[EXTERNAL]|Bytes:4
04:25:22.0 (323550927)|HEAP_ALLOCATE|[120]|Bytes:5
04:25:22.0 (323562486)|VARIABLE_SCOPE_BEGIN|[120]|field|Schema.SObjectField|true|false
04:25:22.0 (323622200)|VARIABLE_ASSIGNMENT|[120]|field|"common.apex.runtime.impl.ApexFieldToken@41ccc7b6"|0x41ccc7b6
04:25:22.0 (323629070)|STATEMENT_EXECUTE|[120]
04:25:22.0 (323705589)|HEAP_ALLOCATE|[121]|Bytes:8
04:25:22.0 (323720275)|STATEMENT_EXECUTE|[121]
04:25:22.0 (323728735)|HEAP_ALLOCATE|[120]|Bytes:5
04:25:22.0 (323739460)|VARIABLE_SCOPE_BEGIN|[120]|field|Schema.SObjectField|true|false
04:25:22.0 (323812992)|VARIABLE_ASSIGNMENT|[120]|field|"common.apex.runtime.impl.ApexFieldToken@7abd6add"|0x7abd6add
04:25:22.0 (323820761)|STATEMENT_EXECUTE|[120]
04:25:22.0 (323889853)|HEAP_ALLOCATE|[121]|Bytes:8
04:25:22.0 (323900760)|STATEMENT_EXECUTE|[122]
04:25:22.0 (323914830)|HEAP_ALLOCATE|[122]|Bytes:8
04:25:22.0 (323923045)|HEAP_ALLOCATE|[122]|Bytes:9
04:25:22.0 (323930602)|HEAP_ALLOCATE|[EXTERNAL]|Bytes:4
04:25:22.0 (323940844)|HEAP_ALLOCATE|[120]|Bytes:5
04:25:22.0 (323951115)|VARIABLE_SCOPE_BEGIN|[120]|field|Schema.SObjectField|true|false
04:25:22.0 (324009320)|VARIABLE_ASSIGNMENT|[120]|field|"common.apex.runtime.impl.ApexFieldToken@b6e018a"|0xb6e018a
04:25:22.0 (324016697)|STATEMENT_EXECUTE|[120]
04:25:22.0 (324112546)|HEAP_ALLOCATE|[121]|Bytes:8
04:25:22.0 (324128260)|STATEMENT_EXECUTE|[122]
04:25:22.0 (324149650)|HEAP_ALLOCATE|[122]|Bytes:8
04:25:22.0 (324158231)|HEAP_ALLOCATE|[122]|Bytes:9
04:25:22.0 (324165844)|HEAP_ALLOCATE|[EXTERNAL]|Bytes:4
04:25:22.0 (324178295)|HEAP_ALLOCATE|[120]|Bytes:5
04:25:22.0 (324191276)|VARIABLE_SCOPE_BEGIN|[120]|field|Schema.SObjectField|true|false
04:25:22.0 (324270349)|VARIABLE_ASSIGNMENT|[120]|field|"common.apex.runtime.impl.ApexFieldToken@56f89318"|0x56f89318
04:25:22.0 (324278178)|STATEMENT_EXECUTE|[120]
04:25:22.0 (324356861)|HEAP_ALLOCATE|[121]|Bytes:8
04:25:22.0 (324368566)|STATEMENT_EXECUTE|[122]
04:25:22.0 (324381450)|HEAP_ALLOCATE|[122]|Bytes:8
04:25:22.0 (324388483)|HEAP_ALLOCATE|[122]|Bytes:8
04:25:22.0 (324395745)|HEAP_ALLOCATE|[EXTERNAL]|Bytes:4
04:25:22.0 (324405868)|HEAP_ALLOCATE|[120]|Bytes:5
04:25:22.0 (324417010)|VARIABLE_SCOPE_BEGIN|[120]|field|Schema.SObjectField|true|false
04:25:22.0 (324485652)|VARIABLE_ASSIGNMENT|[120]|field|"common.apex.runtime.impl.ApexFieldToken@71ae1f06"|0x71ae1f06
04:25:22.0 (324496136)|STATEMENT_EXECUTE|[120]
04:25:22.0 (324599374)|HEAP_ALLOCATE|[121]|Bytes:8
04:25:22.0 (324615084)|STATEMENT_EXECUTE|[122]
04:25:22.0 (324634669)|HEAP_ALLOCATE|[122]|Bytes:8
04:25:22.0 (324646985)|HEAP_ALLOCATE|[122]|Bytes:11
04:25:22.0 (324656821)|HEAP_ALLOCATE|[EXTERNAL]|Bytes:4
04:25:22.0 (324670246)|HEAP_ALLOCATE|[120]|Bytes:5
04:25:22.0 (324685552)|VARIABLE_SCOPE_BEGIN|[120]|field|Schema.SObjectField|true|false
04:25:22.0 (324795610)|VARIABLE_ASSIGNMENT|[120]|field|"common.apex.runtime.impl.ApexFieldToken@60d4686c"|0x60d4686c
04:25:22.0 (324805888)|STATEMENT_EXECUTE|[120]
04:25:22.0 (324924464)|HEAP_ALLOCATE|[121]|Bytes:8
04:25:22.0 (324940492)|STATEMENT_EXECUTE|[122]
04:25:22.0 (324959939)|HEAP_ALLOCATE|[122]|Bytes:8
04:25:22.0 (324970982)|HEAP_ALLOCATE|[122]|Bytes:11
04:25:22.0 (324981299)|HEAP_ALLOCATE|[EXTERNAL]|Bytes:4
04:25:22.0 (324997031)|HEAP_ALLOCATE|[120]|Bytes:5
04:25:22.0 (325013321)|VARIABLE_SCOPE_BEGIN|[120]|field|Schema.SObjectField|true|false
04:25:22.0 (325105733)|VARIABLE_ASSIGNMENT|[120]|field|"common.apex.runtime.impl.ApexFieldToken@1bcd57ad"|0x1bcd57ad
04:25:22.0 (325116703)|STATEMENT_EXECUTE|[120]
04:25:22.0 (325237268)|HEAP_ALLOCATE|[121]|Bytes:8
04:25:22.0 (325260059)|STATEMENT_EXECUTE|[122]
04:25:22.0 (325283290)|HEAP_ALLOCATE|[122]|Bytes:8
04:25:22.0 (325297576)|HEAP_ALLOCATE|[122]|Bytes:16
04:25:22.0 (325309115)|HEAP_ALLOCATE|[EXTERNAL]|Bytes:4
04:25:22.0 (325326215)|HEAP_ALLOCATE|[120]|Bytes:5
04:25:22.0 (325344968)|VARIABLE_SCOPE_BEGIN|[120]|field|Schema.SObjectField|true|false
04:25:22.0 (325437662)|VARIABLE_ASSIGNMENT|[120]|field|"common.apex.runtime.impl.ApexFieldToken@93f679f"|0x93f679f
04:25:22.0 (325449146)|STATEMENT_EXECUTE|[120]
04:25:22.0 (325586106)|HEAP_ALLOCATE|[121]|Bytes:8
04:25:22.0 (325604428)|STATEMENT_EXECUTE|[122]
04:25:22.0 (325627854)|HEAP_ALLOCATE|[122]|Bytes:8
04:25:22.0 (325640319)|HEAP_ALLOCATE|[122]|Bytes:16
04:25:22.0 (325651465)|HEAP_ALLOCATE|[EXTERNAL]|Bytes:4
04:25:22.0 (325667382)|HEAP_ALLOCATE|[120]|Bytes:5
04:25:22.0 (325686530)|VARIABLE_SCOPE_BEGIN|[120]|field|Schema.SObjectField|true|false
04:25:22.0 (325777744)|VARIABLE_ASSIGNMENT|[120]|field|"common.apex.runtime.impl.ApexFieldToken@8e80f91"|0x8e80f91
04:25:22.0 (325788885)|STATEMENT_EXECUTE|[120]
04:25:22.0 (325897640)|HEAP_ALLOCATE|[121]|Bytes:8
04:25:22.0 (325914652)|STATEMENT_EXECUTE|[122]
04:25:22.0 (325936072)|HEAP_ALLOCATE|[122]|Bytes:8
04:25:22.0 (325949029)|HEAP_ALLOCATE|[122]|Bytes:14
04:25:22.0 (325961388)|HEAP_ALLOCATE|[EXTERNAL]|Bytes:4
04:25:22.0 (325978238)|HEAP_ALLOCATE|[120]|Bytes:5
04:25:22.0 (325997628)|VARIABLE_SCOPE_BEGIN|[120]|field|Schema.SObjectField|true|false
04:25:22.0 (326083857)|VARIABLE_ASSIGNMENT|[120]|field|"common.apex.runtime.impl.ApexFieldToken@4bbc91e8"|0x4bbc91e8
04:25:22.0 (326096984)|STATEMENT_EXECUTE|[120]
04:25:22.0 (326214485)|HEAP_ALLOCATE|[121]|Bytes:8
04:25:22.0 (326232167)|STATEMENT_EXECUTE|[122]
04:25:22.0 (326259534)|HEAP_ALLOCATE|[122]|Bytes:8
04:25:22.0 (326273112)|HEAP_ALLOCATE|[122]|Bytes:10
04:25:22.0 (326284772)|HEAP_ALLOCATE|[EXTERNAL]|Bytes:4
04:25:22.0 (326300711)|HEAP_ALLOCATE|[120]|Bytes:5
04:25:22.0 (326319444)|VARIABLE_SCOPE_BEGIN|[120]|field|Schema.SObjectField|true|false
04:25:22.0 (326405557)|VARIABLE_ASSIGNMENT|[120]|field|"common.apex.runtime.impl.ApexFieldToken@3abdc70d"|0x3abdc70d
04:25:22.0 (326416573)|STATEMENT_EXECUTE|[120]
04:25:22.0 (326538997)|HEAP_ALLOCATE|[121]|Bytes:8
04:25:22.0 (326556502)|STATEMENT_EXECUTE|[122]
04:25:22.0 (326578429)|HEAP_ALLOCATE|[122]|Bytes:8
04:25:22.0 (326591191)|HEAP_ALLOCATE|[122]|Bytes:21
04:25:22.0 (326602730)|HEAP_ALLOCATE|[EXTERNAL]|Bytes:4
04:25:22.0 (326620070)|HEAP_ALLOCATE|[120]|Bytes:5
04:25:22.0 (326639333)|VARIABLE_SCOPE_BEGIN|[120]|field|Schema.SObjectField|true|false
04:25:22.0 (326724825)|VARIABLE_ASSIGNMENT|[120]|field|"common.apex.runtime.impl.ApexFieldToken@48cc4c5a"|0x48cc4c5a
04:25:22.0 (326736571)|STATEMENT_EXECUTE|[120]
04:25:22.0 (326847106)|HEAP_ALLOCATE|[121]|Bytes:8
04:25:22.0 (326860563)|STATEMENT_EXECUTE|[122]
04:25:22.0 (326876747)|HEAP_ALLOCATE|[122]|Bytes:8
04:25:22.0 (326884481)|HEAP_ALLOCATE|[122]|Bytes:8
04:25:22.0 (326892557)|HEAP_ALLOCATE|[EXTERNAL]|Bytes:4
04:25:22.0 (326903969)|HEAP_ALLOCATE|[120]|Bytes:5
04:25:22.0 (326916851)|VARIABLE_SCOPE_BEGIN|[120]|field|Schema.SObjectField|true|false
04:25:22.0 (326979465)|VARIABLE_ASSIGNMENT|[120]|field|"common.apex.runtime.impl.ApexFieldToken@104655"|0x104655
04:25:22.0 (326986595)|STATEMENT_EXECUTE|[120]
04:25:22.0 (327066980)|HEAP_ALLOCATE|[121]|Bytes:8
04:25:22.0 (327078926)|STATEMENT_EXECUTE|[122]
04:25:22.0 (327093074)|HEAP_ALLOCATE|[122]|Bytes:8
04:25:22.0 (327100750)|HEAP_ALLOCATE|[122]|Bytes:15
04:25:22.0 (327108779)|HEAP_ALLOCATE|[EXTERNAL]|Bytes:4
04:25:22.0 (327118499)|HEAP_ALLOCATE|[120]|Bytes:5
04:25:22.0 (327129583)|VARIABLE_SCOPE_BEGIN|[120]|field|Schema.SObjectField|true|false
04:25:22.0 (327192341)|VARIABLE_ASSIGNMENT|[120]|field|"common.apex.runtime.impl.ApexFieldToken@2f0cb46e"|0x2f0cb46e
04:25:22.0 (327199079)|STATEMENT_EXECUTE|[120]
04:25:22.0 (327282834)|HEAP_ALLOCATE|[121]|Bytes:8
04:25:22.0 (327294056)|STATEMENT_EXECUTE|[122]
04:25:22.0 (327307759)|HEAP_ALLOCATE|[122]|Bytes:8
04:25:22.0 (327314682)|HEAP_ALLOCATE|[122]|Bytes:10
04:25:22.0 (327322444)|HEAP_ALLOCATE|[EXTERNAL]|Bytes:4
04:25:22.0 (327332860)|HEAP_ALLOCATE|[120]|Bytes:5
04:25:22.0 (327346968)|VARIABLE_SCOPE_BEGIN|[120]|field|Schema.SObjectField|true|false
04:25:22.0 (327405598)|VARIABLE_ASSIGNMENT|[120]|field|"common.apex.runtime.impl.ApexFieldToken@7bdd8b2d"|0x7bdd8b2d
04:25:22.0 (327412790)|STATEMENT_EXECUTE|[120]
04:25:22.0 (327488314)|HEAP_ALLOCATE|[121]|Bytes:8
04:25:22.0 (327499440)|STATEMENT_EXECUTE|[122]
04:25:22.0 (327512278)|HEAP_ALLOCATE|[122]|Bytes:8
04:25:22.0 (327519602)|HEAP_ALLOCATE|[122]|Bytes:16
04:25:22.0 (327547069)|HEAP_ALLOCATE|[EXTERNAL]|Bytes:4
04:25:22.0 (327558568)|HEAP_ALLOCATE|[120]|Bytes:5
04:25:22.0 (327570055)|VARIABLE_SCOPE_BEGIN|[120]|field|Schema.SObjectField|true|false
04:25:22.0 (327628423)|VARIABLE_ASSIGNMENT|[120]|field|"common.apex.runtime.impl.ApexFieldToken@51d9a690"|0x51d9a690
04:25:22.0 (327634764)|STATEMENT_EXECUTE|[120]
04:25:22.0 (327730282)|HEAP_ALLOCATE|[121]|Bytes:8
04:25:22.0 (327742014)|STATEMENT_EXECUTE|[122]
04:25:22.0 (327755237)|HEAP_ALLOCATE|[122]|Bytes:8
04:25:22.0 (327762634)|HEAP_ALLOCATE|[122]|Bytes:13
04:25:22.0 (327769816)|HEAP_ALLOCATE|[EXTERNAL]|Bytes:4
04:25:22.0 (327780033)|HEAP_ALLOCATE|[120]|Bytes:5
04:25:22.0 (327791157)|VARIABLE_SCOPE_BEGIN|[120]|field|Schema.SObjectField|true|false
04:25:22.0 (327849594)|VARIABLE_ASSIGNMENT|[120]|field|"common.apex.runtime.impl.ApexFieldToken@53f96010"|0x53f96010
04:25:22.0 (327856144)|STATEMENT_EXECUTE|[120]
04:25:22.0 (327954712)|HEAP_ALLOCATE|[121]|Bytes:8
04:25:22.0 (327966309)|STATEMENT_EXECUTE|[122]
04:25:22.0 (327979306)|HEAP_ALLOCATE|[122]|Bytes:8
04:25:22.0 (327986445)|HEAP_ALLOCATE|[122]|Bytes:20
04:25:22.0 (327994484)|HEAP_ALLOCATE|[EXTERNAL]|Bytes:4
04:25:22.0 (328004074)|HEAP_ALLOCATE|[120]|Bytes:5
04:25:22.0 (328015804)|VARIABLE_SCOPE_BEGIN|[120]|field|Schema.SObjectField|true|false
04:25:22.0 (328073973)|VARIABLE_ASSIGNMENT|[120]|field|"common.apex.runtime.impl.ApexFieldToken@199c01c5"|0x199c01c5
04:25:22.0 (328080579)|STATEMENT_EXECUTE|[120]
04:25:22.0 (328154764)|HEAP_ALLOCATE|[121]|Bytes:8
04:25:22.0 (328165670)|STATEMENT_EXECUTE|[122]
04:25:22.0 (328180340)|HEAP_ALLOCATE|[122]|Bytes:8
04:25:22.0 (328187880)|HEAP_ALLOCATE|[122]|Bytes:12
04:25:22.0 (328195427)|HEAP_ALLOCATE|[EXTERNAL]|Bytes:4
04:25:22.0 (328205210)|HEAP_ALLOCATE|[120]|Bytes:5
04:25:22.0 (328216012)|VARIABLE_SCOPE_BEGIN|[120]|field|Schema.SObjectField|true|false
04:25:22.0 (328278774)|VARIABLE_ASSIGNMENT|[120]|field|"common.apex.runtime.impl.ApexFieldToken@e0f7538"|0xe0f7538
04:25:22.0 (328286364)|STATEMENT_EXECUTE|[120]
04:25:22.0 (328357360)|HEAP_ALLOCATE|[121]|Bytes:8
04:25:22.0 (328368118)|STATEMENT_EXECUTE|[122]
04:25:22.0 (328380279)|HEAP_ALLOCATE|[122]|Bytes:8
04:25:22.0 (328387848)|HEAP_ALLOCATE|[122]|Bytes:23
04:25:22.0 (328394846)|HEAP_ALLOCATE|[EXTERNAL]|Bytes:4
04:25:22.0 (328404517)|HEAP_ALLOCATE|[120]|Bytes:5
04:25:22.0 (328415467)|VARIABLE_SCOPE_BEGIN|[120]|field|Schema.SObjectField|true|false
04:25:22.0 (328471599)|VARIABLE_ASSIGNMENT|[120]|field|"common.apex.runtime.impl.ApexFieldToken@127eaf4f"|0x127eaf4f
04:25:22.0 (328478426)|STATEMENT_EXECUTE|[120]
04:25:22.0 (328546686)|HEAP_ALLOCATE|[121]|Bytes:8
04:25:22.0 (328557531)|STATEMENT_EXECUTE|[122]
04:25:22.0 (328569752)|HEAP_ALLOCATE|[122]|Bytes:8
04:25:22.0 (328576770)|HEAP_ALLOCATE|[122]|Bytes:21
04:25:22.0 (328583597)|HEAP_ALLOCATE|[EXTERNAL]|Bytes:4
04:25:22.0 (328593163)|HEAP_ALLOCATE|[120]|Bytes:5
04:25:22.0 (328603652)|VARIABLE_SCOPE_BEGIN|[120]|field|Schema.SObjectField|true|false
04:25:22.0 (328661430)|VARIABLE_ASSIGNMENT|[120]|field|"common.apex.runtime.impl.ApexFieldToken@a1fb4f0"|0xa1fb4f0
04:25:22.0 (328668223)|STATEMENT_EXECUTE|[120]
04:25:22.0 (328737072)|HEAP_ALLOCATE|[121]|Bytes:8
04:25:22.0 (328747389)|STATEMENT_EXECUTE|[122]
04:25:22.0 (328760270)|HEAP_ALLOCATE|[122]|Bytes:8
04:25:22.0 (328767509)|HEAP_ALLOCATE|[122]|Bytes:24
04:25:22.0 (328774384)|HEAP_ALLOCATE|[EXTERNAL]|Bytes:4
04:25:22.0 (328783808)|HEAP_ALLOCATE|[120]|Bytes:5
04:25:22.0 (328794114)|VARIABLE_SCOPE_BEGIN|[120]|field|Schema.SObjectField|true|false
04:25:22.0 (328850389)|VARIABLE_ASSIGNMENT|[120]|field|"common.apex.runtime.impl.ApexFieldToken@73f41e5f"|0x73f41e5f
04:25:22.0 (328857556)|STATEMENT_EXECUTE|[120]
04:25:22.0 (328925273)|HEAP_ALLOCATE|[121]|Bytes:8
04:25:22.0 (328935703)|STATEMENT_EXECUTE|[122]
04:25:22.0 (328948576)|HEAP_ALLOCATE|[122]|Bytes:8
04:25:22.0 (328955179)|HEAP_ALLOCATE|[122]|Bytes:14
04:25:22.0 (328962317)|HEAP_ALLOCATE|[EXTERNAL]|Bytes:4
04:25:22.0 (328972563)|HEAP_ALLOCATE|[120]|Bytes:5
04:25:22.0 (328982991)|VARIABLE_SCOPE_BEGIN|[120]|field|Schema.SObjectField|true|false
04:25:22.0 (329039952)|VARIABLE_ASSIGNMENT|[120]|field|"common.apex.runtime.impl.ApexFieldToken@6a713ac"|0x6a713ac
04:25:22.0 (329047998)|STATEMENT_EXECUTE|[120]
04:25:22.0 (329115791)|HEAP_ALLOCATE|[121]|Bytes:8
04:25:22.0 (329126262)|STATEMENT_EXECUTE|[122]
04:25:22.0 (329139303)|HEAP_ALLOCATE|[122]|Bytes:8
04:25:22.0 (329145769)|HEAP_ALLOCATE|[122]|Bytes:18
04:25:22.0 (329152418)|HEAP_ALLOCATE|[EXTERNAL]|Bytes:4
04:25:22.0 (329161516)|HEAP_ALLOCATE|[120]|Bytes:5
04:25:22.0 (329174028)|VARIABLE_SCOPE_BEGIN|[120]|field|Schema.SObjectField|true|false
04:25:22.0 (329232632)|VARIABLE_ASSIGNMENT|[120]|field|"common.apex.runtime.impl.ApexFieldToken@6144c0e0"|0x6144c0e0
04:25:22.0 (329239396)|STATEMENT_EXECUTE|[120]
04:25:22.0 (329311729)|HEAP_ALLOCATE|[121]|Bytes:8
04:25:22.0 (329323138)|STATEMENT_EXECUTE|[122]
04:25:22.0 (329336397)|HEAP_ALLOCATE|[122]|Bytes:8
04:25:22.0 (329344200)|HEAP_ALLOCATE|[122]|Bytes:23
04:25:22.0 (329351009)|HEAP_ALLOCATE|[EXTERNAL]|Bytes:4
04:25:22.0 (329360742)|HEAP_ALLOCATE|[120]|Bytes:5
04:25:22.0 (329371429)|VARIABLE_SCOPE_BEGIN|[120]|field|Schema.SObjectField|true|false
04:25:22.0 (329428766)|VARIABLE_ASSIGNMENT|[120]|field|"common.apex.runtime.impl.ApexFieldToken@168b500c"|0x168b500c
04:25:22.0 (329435293)|STATEMENT_EXECUTE|[120]
04:25:22.0 (329503230)|HEAP_ALLOCATE|[121]|Bytes:8
04:25:22.0 (329513477)|STATEMENT_EXECUTE|[122]
04:25:22.0 (329526430)|HEAP_ALLOCATE|[122]|Bytes:8
04:25:22.0 (329533265)|HEAP_ALLOCATE|[122]|Bytes:20
04:25:22.0 (329540250)|HEAP_ALLOCATE|[EXTERNAL]|Bytes:4
04:25:22.0 (329550420)|HEAP_ALLOCATE|[120]|Bytes:5
04:25:22.0 (329561016)|VARIABLE_SCOPE_BEGIN|[120]|field|Schema.SObjectField|true|false
04:25:22.0 (329617714)|VARIABLE_ASSIGNMENT|[120]|field|"common.apex.runtime.impl.ApexFieldToken@45dea264"|0x45dea264
04:25:22.0 (329624721)|STATEMENT_EXECUTE|[120]
04:25:22.0 (329691487)|HEAP_ALLOCATE|[121]|Bytes:8
04:25:22.0 (329702658)|STATEMENT_EXECUTE|[122]
04:25:22.0 (329715694)|HEAP_ALLOCATE|[122]|Bytes:8
04:25:22.0 (329722113)|HEAP_ALLOCATE|[122]|Bytes:18
04:25:22.0 (329729122)|HEAP_ALLOCATE|[EXTERNAL]|Bytes:4
04:25:22.0 (329738587)|HEAP_ALLOCATE|[120]|Bytes:5
04:25:22.0 (329749010)|VARIABLE_SCOPE_BEGIN|[120]|field|Schema.SObjectField|true|false
04:25:22.0 (329806385)|VARIABLE_ASSIGNMENT|[120]|field|"common.apex.runtime.impl.ApexFieldToken@7bdaf300"|0x7bdaf300
04:25:22.0 (329813289)|STATEMENT_EXECUTE|[120]
04:25:22.0 (329880964)|HEAP_ALLOCATE|[121]|Bytes:8
04:25:22.0 (329891481)|STATEMENT_EXECUTE|[122]
04:25:22.0 (329903893)|HEAP_ALLOCATE|[122]|Bytes:8
04:25:22.0 (329910579)|HEAP_ALLOCATE|[122]|Bytes:21
04:25:22.0 (329917615)|HEAP_ALLOCATE|[EXTERNAL]|Bytes:4
04:25:22.0 (329926777)|HEAP_ALLOCATE|[120]|Bytes:5
04:25:22.0 (329937005)|VARIABLE_SCOPE_BEGIN|[120]|field|Schema.SObjectField|true|false
04:25:22.0 (329993271)|VARIABLE_ASSIGNMENT|[120]|field|"common.apex.runtime.impl.ApexFieldToken@3c5e6f5b"|0x3c5e6f5b
04:25:22.0 (330000665)|STATEMENT_EXECUTE|[120]
04:25:22.0 (330080501)|HEAP_ALLOCATE|[121]|Bytes:8
04:25:22.0 (330091242)|STATEMENT_EXECUTE|[122]
04:25:22.0 (330103909)|HEAP_ALLOCATE|[122]|Bytes:8
04:25:22.0 (330110836)|HEAP_ALLOCATE|[122]|Bytes:25
04:25:22.0 (330118143)|HEAP_ALLOCATE|[EXTERNAL]|Bytes:4
04:25:22.0 (330128288)|HEAP_ALLOCATE|[120]|Bytes:5
04:25:22.0 (330138265)|VARIABLE_SCOPE_BEGIN|[120]|field|Schema.SObjectField|true|false
04:25:22.0 (330202258)|VARIABLE_ASSIGNMENT|[120]|field|"common.apex.runtime.impl.ApexFieldToken@709953ec"|0x709953ec
04:25:22.0 (330208825)|STATEMENT_EXECUTE|[120]
04:25:22.0 (330288959)|HEAP_ALLOCATE|[121]|Bytes:8
04:25:22.0 (330300170)|STATEMENT_EXECUTE|[122]
04:25:22.0 (330313791)|HEAP_ALLOCATE|[122]|Bytes:8
04:25:22.0 (330320990)|HEAP_ALLOCATE|[122]|Bytes:11
04:25:22.0 (330328658)|HEAP_ALLOCATE|[EXTERNAL]|Bytes:4
04:25:22.0 (330338126)|HEAP_ALLOCATE|[120]|Bytes:5
04:25:22.0 (330348085)|VARIABLE_ASSIGNMENT|[120]|field|null|
04:25:22.0 (330353365)|STATEMENT_EXECUTE|[124]
04:25:22.0 (330359151)|VARIABLE_SCOPE_BEGIN|[124]|allfields|String|false|false
04:25:22.0 (330368451)|VARIABLE_ASSIGNMENT|[124]|allfields|""
04:25:22.0 (330419240)|HEAP_ALLOCATE|[125]|Bytes:5
04:25:22.0 (330427293)|HEAP_ALLOCATE|[125]|Bytes:2
04:25:22.0 (330433895)|VARIABLE_SCOPE_BEGIN|[125]|fieldname|String|false|false
04:25:22.0 (330442215)|VARIABLE_ASSIGNMENT|[125]|fieldname|"Id"
04:25:22.0 (330445762)|STATEMENT_EXECUTE|[126]
04:25:22.0 (330447881)|HEAP_ALLOCATE|[126]|Bytes:1
04:25:22.0 (330466077)|HEAP_ALLOCATE|[126]|Bytes:3
04:25:22.0 (330470399)|HEAP_ALLOCATE|[126]|Bytes:3
04:25:22.0 (330474438)|VARIABLE_ASSIGNMENT|[126]|allfields|"Id,"
04:25:22.0 (330482555)|HEAP_ALLOCATE|[125]|Bytes:5
04:25:22.0 (330488792)|HEAP_ALLOCATE|[125]|Bytes:5
04:25:22.0 (330492846)|VARIABLE_SCOPE_BEGIN|[125]|fieldname|String|false|false
04:25:22.0 (330499782)|VARIABLE_ASSIGNMENT|[125]|fieldname|"WhoId"
04:25:22.0 (330502951)|STATEMENT_EXECUTE|[126]
04:25:22.0 (330505703)|HEAP_ALLOCATE|[126]|Bytes:6
04:25:22.0 (330509188)|HEAP_ALLOCATE|[126]|Bytes:9
04:25:22.0 (330513971)|VARIABLE_ASSIGNMENT|[126]|allfields|"Id,WhoId,"
04:25:22.0 (330520502)|HEAP_ALLOCATE|[125]|Bytes:5
04:25:22.0 (330525872)|HEAP_ALLOCATE|[125]|Bytes:6
04:25:22.0 (330529759)|VARIABLE_SCOPE_BEGIN|[125]|fieldname|String|false|false
04:25:22.0 (330536053)|VARIABLE_ASSIGNMENT|[125]|fieldname|"WhatId"
04:25:22.0 (330539072)|STATEMENT_EXECUTE|[126]
04:25:22.0 (330541433)|HEAP_ALLOCATE|[126]|Bytes:7
04:25:22.0 (330545092)|HEAP_ALLOCATE|[126]|Bytes:16
04:25:22.0 (330548976)|VARIABLE_ASSIGNMENT|[126]|allfields|"Id,WhoId,WhatId,"
04:25:22.0 (330555585)|HEAP_ALLOCATE|[125]|Bytes:5
04:25:22.0 (330561327)|HEAP_ALLOCATE|[125]|Bytes:7
04:25:22.0 (330564776)|VARIABLE_SCOPE_BEGIN|[125]|fieldname|String|false|false
04:25:22.0 (330571004)|VARIABLE_ASSIGNMENT|[125]|fieldname|"Subject"
04:25:22.0 (330574535)|STATEMENT_EXECUTE|[126]
04:25:22.0 (330576786)|HEAP_ALLOCATE|[126]|Bytes:8
04:25:22.0 (330580338)|HEAP_ALLOCATE|[126]|Bytes:24
04:25:22.0 (330585701)|VARIABLE_ASSIGNMENT|[126]|allfields|"Id,WhoId,WhatId,Subj (4 more) ..."
04:25:22.0 (330593072)|HEAP_ALLOCATE|[125]|Bytes:5
04:25:22.0 (330598247)|HEAP_ALLOCATE|[125]|Bytes:12
04:25:22.0 (330602327)|VARIABLE_SCOPE_BEGIN|[125]|fieldname|String|false|false
04:25:22.0 (330609057)|VARIABLE_ASSIGNMENT|[125]|fieldname|"ActivityDate"
04:25:22.0 (330612376)|STATEMENT_EXECUTE|[126]
04:25:22.0 (330614776)|HEAP_ALLOCATE|[126]|Bytes:13
04:25:22.0 (330618023)|HEAP_ALLOCATE|[126]|Bytes:37
04:25:22.0 (330622381)|VARIABLE_ASSIGNMENT|[126]|allfields|"Id,WhoId,WhatId,Subj (17 more) ..."
04:25:22.0 (330628686)|HEAP_ALLOCATE|[125]|Bytes:5
04:25:22.0 (330633806)|HEAP_ALLOCATE|[125]|Bytes:6
04:25:22.0 (330638252)|VARIABLE_SCOPE_BEGIN|[125]|fieldname|String|false|false
04:25:22.0 (330645129)|VARIABLE_ASSIGNMENT|[125]|fieldname|"Status"
04:25:22.0 (330647992)|STATEMENT_EXECUTE|[126]
04:25:22.0 (330650216)|HEAP_ALLOCATE|[126]|Bytes:7
04:25:22.0 (330653806)|HEAP_ALLOCATE|[126]|Bytes:44
04:25:22.0 (330657722)|VARIABLE_ASSIGNMENT|[126]|allfields|"Id,WhoId,WhatId,Subj (24 more) ..."
04:25:22.0 (330664849)|HEAP_ALLOCATE|[125]|Bytes:5
04:25:22.0 (330670621)|HEAP_ALLOCATE|[125]|Bytes:8
04:25:22.0 (330674011)|VARIABLE_SCOPE_BEGIN|[125]|fieldname|String|false|false
04:25:22.0 (330681247)|VARIABLE_ASSIGNMENT|[125]|fieldname|"Priority"
04:25:22.0 (330684929)|STATEMENT_EXECUTE|[126]
04:25:22.0 (330687144)|HEAP_ALLOCATE|[126]|Bytes:9
04:25:22.0 (330690793)|HEAP_ALLOCATE|[126]|Bytes:53
04:25:22.0 (330694836)|VARIABLE_ASSIGNMENT|[126]|allfields|"Id,WhoId,WhatId,Subj (33 more) ..."
04:25:22.0 (330701221)|HEAP_ALLOCATE|[125]|Bytes:5
04:25:22.0 (330706515)|HEAP_ALLOCATE|[125]|Bytes:14
04:25:22.0 (330709990)|VARIABLE_SCOPE_BEGIN|[125]|fieldname|String|false|false
04:25:22.0 (330717097)|VARIABLE_ASSIGNMENT|[125]|fieldname|"IsHighPriority"
04:25:22.0 (330720320)|STATEMENT_EXECUTE|[126]
04:25:22.0 (330722591)|HEAP_ALLOCATE|[126]|Bytes:15
04:25:22.0 (330726156)|HEAP_ALLOCATE|[126]|Bytes:68
04:25:22.0 (330730166)|VARIABLE_ASSIGNMENT|[126]|allfields|"Id,WhoId,WhatId,Subj (48 more) ..."
04:25:22.0 (330739437)|HEAP_ALLOCATE|[125]|Bytes:5
04:25:22.0 (330746098)|HEAP_ALLOCATE|[125]|Bytes:7
04:25:22.0 (330750053)|VARIABLE_SCOPE_BEGIN|[125]|fieldname|String|false|false
04:25:22.0 (330757812)|VARIABLE_ASSIGNMENT|[125]|fieldname|"OwnerId"
04:25:22.0 (330761129)|STATEMENT_EXECUTE|[126]
04:25:22.0 (330763453)|HEAP_ALLOCATE|[126]|Bytes:8
04:25:22.0 (330766969)|HEAP_ALLOCATE|[126]|Bytes:76
04:25:22.0 (330770982)|VARIABLE_ASSIGNMENT|[126]|allfields|"Id,WhoId,WhatId,Subj (56 more) ..."
04:25:22.0 (330777204)|HEAP_ALLOCATE|[125]|Bytes:5
04:25:22.0 (330782654)|HEAP_ALLOCATE|[125]|Bytes:11
04:25:22.0 (330786813)|VARIABLE_SCOPE_BEGIN|[125]|fieldname|String|false|false
04:25:22.0 (330793126)|VARIABLE_ASSIGNMENT|[125]|fieldname|"Description"
04:25:22.0 (330796699)|STATEMENT_EXECUTE|[126]
04:25:22.0 (330799110)|HEAP_ALLOCATE|[126]|Bytes:12
04:25:22.0 (330802517)|HEAP_ALLOCATE|[126]|Bytes:88
04:25:22.0 (330806341)|VARIABLE_ASSIGNMENT|[126]|allfields|"Id,WhoId,WhatId,Subj (68 more) ..."
04:25:22.0 (330812326)|HEAP_ALLOCATE|[125]|Bytes:5
04:25:22.0 (330818413)|HEAP_ALLOCATE|[125]|Bytes:9
04:25:22.0 (330821894)|VARIABLE_SCOPE_BEGIN|[125]|fieldname|String|false|false
04:25:22.0 (330828997)|VARIABLE_ASSIGNMENT|[125]|fieldname|"IsDeleted"
04:25:22.0 (330832756)|STATEMENT_EXECUTE|[126]
04:25:22.0 (330835263)|HEAP_ALLOCATE|[126]|Bytes:10
04:25:22.0 (330838813)|HEAP_ALLOCATE|[126]|Bytes:98
04:25:22.0 (330842811)|VARIABLE_ASSIGNMENT|[126]|allfields|"Id,WhoId,WhatId,Subj (78 more) ..."
04:25:22.0 (330849019)|HEAP_ALLOCATE|[125]|Bytes:5
04:25:22.0 (330854171)|HEAP_ALLOCATE|[125]|Bytes:9
04:25:22.0 (330857758)|VARIABLE_SCOPE_BEGIN|[125]|fieldname|String|false|false
04:25:22.0 (330864545)|VARIABLE_ASSIGNMENT|[125]|fieldname|"AccountId"
04:25:22.0 (330867834)|STATEMENT_EXECUTE|[126]
04:25:22.0 (330870473)|HEAP_ALLOCATE|[126]|Bytes:10
04:25:22.0 (330874174)|HEAP_ALLOCATE|[126]|Bytes:108
04:25:22.0 (330878728)|VARIABLE_ASSIGNMENT|[126]|allfields|"Id,WhoId,WhatId,Subj (88 more) ..."
04:25:22.0 (330884771)|HEAP_ALLOCATE|[125]|Bytes:5
04:25:22.0 (330890488)|HEAP_ALLOCATE|[125]|Bytes:8
04:25:22.0 (330894397)|VARIABLE_SCOPE_BEGIN|[125]|fieldname|String|false|false
04:25:22.0 (330900834)|VARIABLE_ASSIGNMENT|[125]|fieldname|"IsClosed"
04:25:22.0 (330903798)|STATEMENT_EXECUTE|[126]
04:25:22.0 (330906067)|HEAP_ALLOCATE|[126]|Bytes:9
04:25:22.0 (330909481)|HEAP_ALLOCATE|[126]|Bytes:117
04:25:22.0 (330913570)|VARIABLE_ASSIGNMENT|[126]|allfields|"Id,WhoId,WhatId,Subj (97 more) ..."
04:25:22.0 (330920216)|HEAP_ALLOCATE|[125]|Bytes:5
04:25:22.0 (330925125)|HEAP_ALLOCATE|[125]|Bytes:11
04:25:22.0 (330928655)|VARIABLE_SCOPE_BEGIN|[125]|fieldname|String|false|false
04:25:22.0 (330934914)|VARIABLE_ASSIGNMENT|[125]|fieldname|"CreatedDate"
04:25:22.0 (330937860)|STATEMENT_EXECUTE|[126]
04:25:22.0 (330940167)|HEAP_ALLOCATE|[126]|Bytes:12
04:25:22.0 (330943652)|HEAP_ALLOCATE|[126]|Bytes:129
04:25:22.0 (330948047)|VARIABLE_ASSIGNMENT|[126]|allfields|"Id,WhoId,WhatId,Subj (109 more) ..."
04:25:22.0 (330954672)|HEAP_ALLOCATE|[125]|Bytes:5
04:25:22.0 (330959980)|HEAP_ALLOCATE|[125]|Bytes:11
04:25:22.0 (330964133)|VARIABLE_SCOPE_BEGIN|[125]|fieldname|String|false|false
04:25:22.0 (330970663)|VARIABLE_ASSIGNMENT|[125]|fieldname|"CreatedById"
04:25:22.0 (330973752)|STATEMENT_EXECUTE|[126]
04:25:22.0 (330976073)|HEAP_ALLOCATE|[126]|Bytes:12
04:25:22.0 (330979756)|HEAP_ALLOCATE|[126]|Bytes:141
04:25:22.0 (330983544)|VARIABLE_ASSIGNMENT|[126]|allfields|"Id,WhoId,WhatId,Subj (121 more) ..."
04:25:22.0 (330989644)|HEAP_ALLOCATE|[125]|Bytes:5
04:25:22.0 (330994461)|HEAP_ALLOCATE|[125]|Bytes:16
04:25:22.0 (330997771)|VARIABLE_SCOPE_BEGIN|[125]|fieldname|String|false|false
04:25:22.0 (331005202)|VARIABLE_ASSIGNMENT|[125]|fieldname|"LastModifiedDate"
04:25:22.0 (331009270)|STATEMENT_EXECUTE|[126]
04:25:22.0 (331012037)|HEAP_ALLOCATE|[126]|Bytes:17
04:25:22.0 (331015447)|HEAP_ALLOCATE|[126]|Bytes:158
04:25:22.0 (331020103)|VARIABLE_ASSIGNMENT|[126]|allfields|"Id,WhoId,WhatId,Subj (138 more) ..."
04:25:22.0 (331026276)|HEAP_ALLOCATE|[125]|Bytes:5
04:25:22.0 (331031783)|HEAP_ALLOCATE|[125]|Bytes:16
04:25:22.0 (331036358)|VARIABLE_SCOPE_BEGIN|[125]|fieldname|String|false|false
04:25:22.0 (331043843)|VARIABLE_ASSIGNMENT|[125]|fieldname|"LastModifiedById"
04:25:22.0 (331046916)|STATEMENT_EXECUTE|[126]
04:25:22.0 (331049275)|HEAP_ALLOCATE|[126]|Bytes:17
04:25:22.0 (331052986)|HEAP_ALLOCATE|[126]|Bytes:175
04:25:22.0 (331057069)|VARIABLE_ASSIGNMENT|[126]|allfields|"Id,WhoId,WhatId,Subj (155 more) ..."
04:25:22.0 (331063109)|HEAP_ALLOCATE|[125]|Bytes:5
04:25:22.0 (331068697)|HEAP_ALLOCATE|[125]|Bytes:14
04:25:22.0 (331072471)|VARIABLE_SCOPE_BEGIN|[125]|fieldname|String|false|false
04:25:22.0 (331078987)|VARIABLE_ASSIGNMENT|[125]|fieldname|"SystemModstamp"
04:25:22.0 (331082290)|STATEMENT_EXECUTE|[126]
04:25:22.0 (331084496)|HEAP_ALLOCATE|[126]|Bytes:15
04:25:22.0 (331087586)|HEAP_ALLOCATE|[126]|Bytes:190
04:25:22.0 (331091528)|VARIABLE_ASSIGNMENT|[126]|allfields|"Id,WhoId,WhatId,Subj (170 more) ..."
04:25:22.0 (331097135)|HEAP_ALLOCATE|[125]|Bytes:5
04:25:22.0 (331102149)|HEAP_ALLOCATE|[125]|Bytes:10
04:25:22.0 (331106544)|VARIABLE_SCOPE_BEGIN|[125]|fieldname|String|false|false
04:25:22.0 (331113225)|VARIABLE_ASSIGNMENT|[125]|fieldname|"IsArchived"
04:25:22.0 (331116441)|STATEMENT_EXECUTE|[126]
04:25:22.0 (331119063)|HEAP_ALLOCATE|[126]|Bytes:11
04:25:22.0 (331122040)|HEAP_ALLOCATE|[126]|Bytes:201
04:25:22.0 (331130567)|VARIABLE_ASSIGNMENT|[126]|allfields|"Id,WhoId,WhatId,Subj (181 more) ..."
04:25:22.0 (331137551)|HEAP_ALLOCATE|[125]|Bytes:5
04:25:22.0 (331142988)|HEAP_ALLOCATE|[125]|Bytes:21
04:25:22.0 (331146797)|VARIABLE_SCOPE_BEGIN|[125]|fieldname|String|false|false
04:25:22.0 (331154765)|VARIABLE_ASSIGNMENT|[125]|fieldname|"CallDurationInSecond (1 more) ..."
04:25:22.0 (331157703)|STATEMENT_EXECUTE|[126]
04:25:22.0 (331160094)|HEAP_ALLOCATE|[126]|Bytes:22
04:25:22.0 (331163791)|HEAP_ALLOCATE|[126]|Bytes:223
04:25:22.0 (331167609)|VARIABLE_ASSIGNMENT|[126]|allfields|"Id,WhoId,WhatId,Subj (203 more) ..."
04:25:22.0 (331176659)|HEAP_ALLOCATE|[125]|Bytes:5
04:25:22.0 (331182985)|HEAP_ALLOCATE|[125]|Bytes:8
04:25:22.0 (331186897)|VARIABLE_SCOPE_BEGIN|[125]|fieldname|String|false|false
04:25:22.0 (331193811)|VARIABLE_ASSIGNMENT|[125]|fieldname|"CallType"
04:25:22.0 (331197363)|STATEMENT_EXECUTE|[126]
04:25:22.0 (331199777)|HEAP_ALLOCATE|[126]|Bytes:9
04:25:22.0 (331203452)|HEAP_ALLOCATE|[126]|Bytes:232
04:25:22.0 (331207967)|VARIABLE_ASSIGNMENT|[126]|allfields|"Id,WhoId,WhatId,Subj (212 more) ..."
04:25:22.0 (331214223)|HEAP_ALLOCATE|[125]|Bytes:5
04:25:22.0 (331219597)|HEAP_ALLOCATE|[125]|Bytes:15
04:25:22.0 (331222847)|VARIABLE_SCOPE_BEGIN|[125]|fieldname|String|false|false
04:25:22.0 (331229033)|VARIABLE_ASSIGNMENT|[125]|fieldname|"CallDisposition"
04:25:22.0 (331232474)|STATEMENT_EXECUTE|[126]
04:25:22.0 (331234865)|HEAP_ALLOCATE|[126]|Bytes:16
04:25:22.0 (331238212)|HEAP_ALLOCATE|[126]|Bytes:248
04:25:22.0 (331246086)|VARIABLE_ASSIGNMENT|[126]|allfields|"Id,WhoId,WhatId,Subj (228 more) ..."
04:25:22.0 (331253320)|HEAP_ALLOCATE|[125]|Bytes:5
04:25:22.0 (331258560)|HEAP_ALLOCATE|[125]|Bytes:10
04:25:22.0 (331262576)|VARIABLE_SCOPE_BEGIN|[125]|fieldname|String|false|false
04:25:22.0 (331269496)|VARIABLE_ASSIGNMENT|[125]|fieldname|"CallObject"
04:25:22.0 (331272655)|STATEMENT_EXECUTE|[126]
04:25:22.0 (331275025)|HEAP_ALLOCATE|[126]|Bytes:11
04:25:22.0 (331278797)|HEAP_ALLOCATE|[126]|Bytes:259
04:25:22.0 (331282794)|VARIABLE_ASSIGNMENT|[126]|allfields|"Id,WhoId,WhatId,Subj (239 more) ..."
04:25:22.0 (331288656)|HEAP_ALLOCATE|[125]|Bytes:5
04:25:22.0 (331293376)|HEAP_ALLOCATE|[125]|Bytes:16
04:25:22.0 (331296778)|VARIABLE_SCOPE_BEGIN|[125]|fieldname|String|false|false
04:25:22.0 (331303664)|VARIABLE_ASSIGNMENT|[125]|fieldname|"ReminderDateTime"
04:25:22.0 (331307193)|STATEMENT_EXECUTE|[126]
04:25:22.0 (331309496)|HEAP_ALLOCATE|[126]|Bytes:17
04:25:22.0 (331313175)|HEAP_ALLOCATE|[126]|Bytes:276
04:25:22.0 (331318089)|VARIABLE_ASSIGNMENT|[126]|allfields|"Id,WhoId,WhatId,Subj (256 more) ..."
04:25:22.0 (331324448)|HEAP_ALLOCATE|[125]|Bytes:5
04:25:22.0 (331329569)|HEAP_ALLOCATE|[125]|Bytes:13
04:25:22.0 (331332801)|VARIABLE_SCOPE_BEGIN|[125]|fieldname|String|false|false
04:25:22.0 (331339687)|VARIABLE_ASSIGNMENT|[125]|fieldname|"IsReminderSet"
04:25:22.0 (331342802)|STATEMENT_EXECUTE|[126]
04:25:22.0 (331345085)|HEAP_ALLOCATE|[126]|Bytes:14
04:25:22.0 (331348698)|HEAP_ALLOCATE|[126]|Bytes:290
04:25:22.0 (331352959)|VARIABLE_ASSIGNMENT|[126]|allfields|"Id,WhoId,WhatId,Subj (270 more) ..."
04:25:22.0 (331360045)|HEAP_ALLOCATE|[125]|Bytes:5
04:25:22.0 (331365196)|HEAP_ALLOCATE|[125]|Bytes:20
04:25:22.0 (331368767)|VARIABLE_SCOPE_BEGIN|[125]|fieldname|String|false|false
04:25:22.0 (331375147)|VARIABLE_ASSIGNMENT|[125]|fieldname|"RecurrenceActivityId"
04:25:22.0 (331378803)|STATEMENT_EXECUTE|[126]
04:25:22.0 (331381038)|HEAP_ALLOCATE|[126]|Bytes:21
04:25:22.0 (331384348)|HEAP_ALLOCATE|[126]|Bytes:311
04:25:22.0 (331388359)|VARIABLE_ASSIGNMENT|[126]|allfields|"Id,WhoId,WhatId,Subj (291 more) ..."
04:25:22.0 (331394260)|HEAP_ALLOCATE|[125]|Bytes:5
04:25:22.0 (331399378)|HEAP_ALLOCATE|[125]|Bytes:12
04:25:22.0 (331403739)|VARIABLE_SCOPE_BEGIN|[125]|fieldname|String|false|false
04:25:22.0 (331411142)|VARIABLE_ASSIGNMENT|[125]|fieldname|"IsRecurrence"
04:25:22.0 (331414415)|STATEMENT_EXECUTE|[126]
04:25:22.0 (331416685)|HEAP_ALLOCATE|[126]|Bytes:13
04:25:22.0 (331420379)|HEAP_ALLOCATE|[126]|Bytes:324
04:25:22.0 (331424691)|VARIABLE_ASSIGNMENT|[126]|allfields|"Id,WhoId,WhatId,Subj (304 more) ..."
04:25:22.0 (331430880)|HEAP_ALLOCATE|[125]|Bytes:5
04:25:22.0 (331436064)|HEAP_ALLOCATE|[125]|Bytes:23
04:25:22.0 (331439446)|VARIABLE_SCOPE_BEGIN|[125]|fieldname|String|false|false
04:25:22.0 (331445855)|VARIABLE_ASSIGNMENT|[125]|fieldname|"RecurrenceStartDateO (3 more) ..."
04:25:22.0 (331449138)|STATEMENT_EXECUTE|[126]
04:25:22.0 (331451527)|HEAP_ALLOCATE|[126]|Bytes:24
04:25:22.0 (331455271)|HEAP_ALLOCATE|[126]|Bytes:348
04:25:22.0 (331459117)|VARIABLE_ASSIGNMENT|[126]|allfields|"Id,WhoId,WhatId,Subj (328 more) ..."
04:25:22.0 (331464871)|HEAP_ALLOCATE|[125]|Bytes:5
04:25:22.0 (331469948)|HEAP_ALLOCATE|[125]|Bytes:21
04:25:22.0 (331473833)|VARIABLE_SCOPE_BEGIN|[125]|fieldname|String|false|false
04:25:22.0 (331481834)|VARIABLE_ASSIGNMENT|[125]|fieldname|"RecurrenceEndDateOnl (1 more) ..."
04:25:22.0 (331484902)|STATEMENT_EXECUTE|[126]
04:25:22.0 (331487142)|HEAP_ALLOCATE|[126]|Bytes:22
04:25:22.0 (331490493)|HEAP_ALLOCATE|[126]|Bytes:370
04:25:22.0 (331494559)|VARIABLE_ASSIGNMENT|[126]|allfields|"Id,WhoId,WhatId,Subj (350 more) ..."
04:25:22.0 (331500677)|HEAP_ALLOCATE|[125]|Bytes:5
04:25:22.0 (331506346)|HEAP_ALLOCATE|[125]|Bytes:24
04:25:22.0 (331510270)|VARIABLE_SCOPE_BEGIN|[125]|fieldname|String|false|false
04:25:22.0 (331517033)|VARIABLE_ASSIGNMENT|[125]|fieldname|"RecurrenceTimeZoneSi (4 more) ..."
04:25:22.0 (331520688)|STATEMENT_EXECUTE|[126]
04:25:22.0 (331522882)|HEAP_ALLOCATE|[126]|Bytes:25
04:25:22.0 (331526441)|HEAP_ALLOCATE|[126]|Bytes:395
04:25:22.0 (331530680)|VARIABLE_ASSIGNMENT|[126]|allfields|"Id,WhoId,WhatId,Subj (375 more) ..."
04:25:22.0 (331537276)|HEAP_ALLOCATE|[125]|Bytes:5
04:25:22.0 (331542585)|HEAP_ALLOCATE|[125]|Bytes:14
04:25:22.0 (331546454)|VARIABLE_SCOPE_BEGIN|[125]|fieldname|String|false|false
04:25:22.0 (331553156)|VARIABLE_ASSIGNMENT|[125]|fieldname|"RecurrenceType"
04:25:22.0 (331556038)|STATEMENT_EXECUTE|[126]
04:25:22.0 (331558320)|HEAP_ALLOCATE|[126]|Bytes:15
04:25:22.0 (331561657)|HEAP_ALLOCATE|[126]|Bytes:410
04:25:22.0 (331565519)|VARIABLE_ASSIGNMENT|[126]|allfields|"Id,WhoId,WhatId,Subj (390 more) ..."
04:25:22.0 (331571324)|HEAP_ALLOCATE|[125]|Bytes:5
04:25:22.0 (331576989)|HEAP_ALLOCATE|[125]|Bytes:18
04:25:22.0 (331580667)|VARIABLE_SCOPE_BEGIN|[125]|fieldname|String|false|false
04:25:22.0 (331587202)|VARIABLE_ASSIGNMENT|[125]|fieldname|"RecurrenceInterval"
04:25:22.0 (331590788)|STATEMENT_EXECUTE|[126]
04:25:22.0 (331593091)|HEAP_ALLOCATE|[126]|Bytes:19
04:25:22.0 (331596746)|HEAP_ALLOCATE|[126]|Bytes:429
04:25:22.0 (331600595)|VARIABLE_ASSIGNMENT|[126]|allfields|"Id,WhoId,WhatId,Subj (409 more) ..."
04:25:22.0 (331607229)|HEAP_ALLOCATE|[125]|Bytes:5
04:25:22.0 (331612113)|HEAP_ALLOCATE|[125]|Bytes:23
04:25:22.0 (331615534)|VARIABLE_SCOPE_BEGIN|[125]|fieldname|String|false|false
04:25:22.0 (331623295)|VARIABLE_ASSIGNMENT|[125]|fieldname|"RecurrenceDayOfWeekM (3 more) ..."
04:25:22.0 (331626129)|STATEMENT_EXECUTE|[126]
04:25:22.0 (331628552)|HEAP_ALLOCATE|[126]|Bytes:24
04:25:22.0 (331632208)|HEAP_ALLOCATE|[126]|Bytes:453
04:25:22.0 (331636407)|VARIABLE_ASSIGNMENT|[126]|allfields|"Id,WhoId,WhatId,Subj (433 more) ..."
04:25:22.0 (331642022)|HEAP_ALLOCATE|[125]|Bytes:5
04:25:22.0 (331647323)|HEAP_ALLOCATE|[125]|Bytes:20
04:25:22.0 (331650822)|VARIABLE_SCOPE_BEGIN|[125]|fieldname|String|false|false
04:25:22.0 (331657591)|VARIABLE_ASSIGNMENT|[125]|fieldname|"RecurrenceDayOfMonth"
04:25:22.0 (331660808)|STATEMENT_EXECUTE|[126]
04:25:22.0 (331663120)|HEAP_ALLOCATE|[126]|Bytes:21
04:25:22.0 (331666629)|HEAP_ALLOCATE|[126]|Bytes:474
04:25:22.0 (331671009)|VARIABLE_ASSIGNMENT|[126]|allfields|"Id,WhoId,WhatId,Subj (454 more) ..."
04:25:22.0 (331694957)|HEAP_ALLOCATE|[125]|Bytes:5
04:25:22.0 (331702244)|HEAP_ALLOCATE|[125]|Bytes:18
04:25:22.0 (331706334)|VARIABLE_SCOPE_BEGIN|[125]|fieldname|String|false|false
04:25:22.0 (331714307)|VARIABLE_ASSIGNMENT|[125]|fieldname|"RecurrenceInstance"
04:25:22.0 (331717767)|STATEMENT_EXECUTE|[126]
04:25:22.0 (331720360)|HEAP_ALLOCATE|[126]|Bytes:19
04:25:22.0 (331724126)|HEAP_ALLOCATE|[126]|Bytes:493
04:25:22.0 (331728288)|VARIABLE_ASSIGNMENT|[126]|allfields|"Id,WhoId,WhatId,Subj (473 more) ..."
04:25:22.0 (331734348)|HEAP_ALLOCATE|[125]|Bytes:5
04:25:22.0 (331739411)|HEAP_ALLOCATE|[125]|Bytes:21
04:25:22.0 (331742878)|VARIABLE_SCOPE_BEGIN|[125]|fieldname|String|false|false
04:25:22.0 (331750474)|VARIABLE_ASSIGNMENT|[125]|fieldname|"RecurrenceMonthOfYea (1 more) ..."
04:25:22.0 (331754099)|STATEMENT_EXECUTE|[126]
04:25:22.0 (331756531)|HEAP_ALLOCATE|[126]|Bytes:22
04:25:22.0 (331769164)|HEAP_ALLOCATE|[126]|Bytes:515
04:25:22.0 (331774515)|VARIABLE_ASSIGNMENT|[126]|allfields|"Id,WhoId,WhatId,Subj (495 more) ..."
04:25:22.0 (331782381)|HEAP_ALLOCATE|[125]|Bytes:5
04:25:22.0 (331787986)|HEAP_ALLOCATE|[125]|Bytes:25
04:25:22.0 (331791682)|VARIABLE_SCOPE_BEGIN|[125]|fieldname|String|false|false
04:25:22.0 (331799033)|VARIABLE_ASSIGNMENT|[125]|fieldname|"RecurrenceRegenerate (5 more) ..."
04:25:22.0 (331802388)|STATEMENT_EXECUTE|[126]
04:25:22.0 (331804794)|HEAP_ALLOCATE|[126]|Bytes:26
04:25:22.0 (331808729)|HEAP_ALLOCATE|[126]|Bytes:541
04:25:22.0 (331813242)|VARIABLE_ASSIGNMENT|[126]|allfields|"Id,WhoId,WhatId,Subj (521 more) ..."
04:25:22.0 (331819763)|HEAP_ALLOCATE|[125]|Bytes:5
04:25:22.0 (331825024)|HEAP_ALLOCATE|[125]|Bytes:11
04:25:22.0 (331828457)|VARIABLE_SCOPE_BEGIN|[125]|fieldname|String|false|false
04:25:22.0 (331834924)|VARIABLE_ASSIGNMENT|[125]|fieldname|"TaskSubtype"
04:25:22.0 (331838561)|STATEMENT_EXECUTE|[126]
04:25:22.0 (331841014)|HEAP_ALLOCATE|[126]|Bytes:12
04:25:22.0 (331845062)|HEAP_ALLOCATE|[126]|Bytes:553
04:25:22.0 (331849391)|VARIABLE_ASSIGNMENT|[126]|allfields|"Id,WhoId,WhatId,Subj (533 more) ..."
04:25:22.0 (331855671)|HEAP_ALLOCATE|[125]|Bytes:5
04:25:22.0 (331862743)|VARIABLE_ASSIGNMENT|[125]|fieldname|null
04:25:22.0 (331866325)|STATEMENT_EXECUTE|[128]
04:25:22.0 (331925808)|HEAP_ALLOCATE|[128]|Bytes:552
04:25:22.0 (331936021)|VARIABLE_ASSIGNMENT|[128]|allfields|"Id,WhoId,WhatId,Subj (532 more) ..."
04:25:22.0 (331940012)|STATEMENT_EXECUTE|[130]
04:25:22.0 (331950162)|METHOD_EXIT|[19]|01p7F00000HhQR4|PM_Job_New_Controller.getAllFields(String)
04:25:22.0 (331956463)|HEAP_ALLOCATE|[19]|Bytes:10
04:25:22.0 (331964640)|HEAP_ALLOCATE|[19]|Bytes:569
04:25:22.0 (332574850)|SOQL_EXECUTE_BEGIN|[19]|Aggregations:0|select Id,WhoId,WhatId,Subject,ActivityDate,Status,Priority,IsHighPriority,OwnerId,Description,IsDeleted,AccountId,IsClosed,CreatedDate,CreatedById,LastModifiedDate,LastModifiedById,SystemModstamp,IsArchived,CallDurationInSeconds,CallType,CallDisposition,CallObject,ReminderDateTime,IsReminderSet,RecurrenceActivityId,IsRecurrence,RecurrenceStartDateOnly,RecurrenceEndDateOnly,RecurrenceTimeZoneSidKey,RecurrenceType,RecurrenceInterval,RecurrenceDayOfWeekMask,RecurrenceDayOfMonth,RecurrenceInstance,RecurrenceMonthOfYear,RecurrenceRegeneratedType,TaskSubtype from Task
04:25:22.0 (341661540)|SOQL_EXECUTE_END|[19]|Rows:4
04:25:22.0 (341686834)|HEAP_ALLOCATE|[19]|Bytes:20
04:25:22.0 (341716433)|HEAP_ALLOCATE|[19]|Bytes:1808
04:25:22.0 (341794287)|HEAP_ALLOCATE|[19]|Bytes:20
04:25:22.0 (341816536)|VARIABLE_SCOPE_BEGIN|[19]|task|List<Task>|true|false
04:25:22.0 (341919305)|VARIABLE_ASSIGNMENT|[19]|task|[{"Id":"00T7F000009TyUbUAK","WhoId":"00Q7F0000030w5tUAA","Subject":"Other","Status":"Completed","Priority":"Normal","IsHighPriority":false,"OwnerId":"0057F000000T34oQAC","IsDeleted":false,"IsClosed":true,"CreatedDate":"2017-10-10T16:56:11.000Z","CreatedById":"0057F000000T34oQAC","LastModifiedDate":"2017-10-25T03:00:11.000Z","LastModifiedById":"0057F000000T34oQAC","SystemModstamp":"2017-10-25T03:00:11.000Z","IsArchived":false,"IsReminderSet":false,"IsRecurrence":false,"TaskSubtype":"Task"},{"Id":"00T7F000009TyexUAC","WhoId":"0037F00000BmYSmQAN","WhatId":"0067F0000051AquQAE","Subject":"Call","ActivityDate":"2017-10-11T00:00:00.000Z","Status":"Completed","Priority":"Normal","IsHighPriority":false,"OwnerId":"0057F000000T34oQAC","IsDeleted":false,"AccountId":"0017F00000HVkX6QAL","IsClosed":true,"CreatedDate":"2017-10-10T18:44:53.000Z","CreatedById":"0057F000000T34oQAC","LastModifiedDate":"2017-10-25T03:00:39.000Z","LastModifiedById":"0057F000000T34oQAC","SystemModstamp":"2017-10-25T03:00:39.000Z","IsArchived":false,"ReminderDateTime":"2017-10-10T15:00:00.000Z","IsReminderSet":false,"IsRecurrence":false,"TaskSubtype":"Task"},{"Id":"00T7F00000DvfQzUAJ","WhoId":"0037F00000INcziQAD","WhatId":"0067F000006ogtuQAA","Subject":"test","ActivityDate":"2017-11-29T00:00:00.000Z","Status":"In Progress","Priority":"Normal","IsHighPriority":false,"OwnerId":"0057F000000T34oQAC","IsDeleted":false,"AccountId":"0017F00000HVkX6QAL","IsClosed":false,"CreatedDate":"2017-11-29T14:43:25.000Z","CreatedById":"0057F000000T34oQAC","LastModifiedDate":"2017-12-11T13:25:59.000Z","LastModifiedById":"0057F000000T34oQAC","SystemModstamp":"2017-12-11T13:25:59.000Z","IsArchived":false,"ReminderDateTime":"2017-11-29T16:00:00.000Z","IsReminderSet":false,"IsRecurrence":false,"TaskSubtype":"Task"},{"Id":"00T7F00000MIsEyUAL","Subject":"Hello World","Status":"Open","Priority":"Normal","IsHighPriority":false,"OwnerId":"0057F000000Tiz6QAC","IsDeleted":false,"IsClosed":false,"CreatedDate":"2018-01-29T10:50:31.000Z","CreatedById":"0057F000000Tiz6QAC","LastModifiedDate":"2018-01-29T10:50:31.000Z","LastModifiedById":"0057F000000Tiz6QAC","SystemModstamp":"2018-01-29T10:50:31.000Z","IsArchived":false,"IsReminderSet":false,"IsRecurrence":false,"TaskSubtype":"Task"}]|0x624c5cfd
04:25:22.0 (341955114)|STATEMENT_EXECUTE|[20]
04:25:22.0 (341960010)|HEAP_ALLOCATE|[20]|Bytes:36
04:25:22.0 (342237869)|HEAP_ALLOCATE|[20]|Bytes:1999
04:25:22.0 (342262304)|HEAP_ALLOCATE|[20]|Bytes:2035
04:25:22.0 (342287136)|USER_DEBUG|[20]|DEBUG|------------------------------------(Task:{Id=00T7F000009TyUbUAK, WhoId=00Q7F0000030w5tUAA, Subject=Other, Status=Completed, Priority=Normal, IsHighPriority=false, OwnerId=0057F000000T34oQAC, IsDeleted=false, IsClosed=true, CreatedDate=2017-10-10 16:56:11, CreatedById=0057F000000T34oQAC, LastModifiedDate=2017-10-25 03:00:11, LastModifiedById=0057F000000T34oQAC, SystemModstamp=2017-10-25 03:00:11, IsArchived=false, IsReminderSet=false, IsRecurrence=false, TaskSubtype=Task}, Task:{Id=00T7F000009TyexUAC, WhoId=0037F00000BmYSmQAN, WhatId=0067F0000051AquQAE, Subject=Call, ActivityDate=2017-10-11 00:00:00, Status=Completed, Priority=Normal, IsHighPriority=false, OwnerId=0057F000000T34oQAC, IsDeleted=false, AccountId=0017F00000HVkX6QAL, IsClosed=true, CreatedDate=2017-10-10 18:44:53, CreatedById=0057F000000T34oQAC, LastModifiedDate=2017-10-25 03:00:39, LastModifiedById=0057F000000T34oQAC, SystemModstamp=2017-10-25 03:00:39, IsArchived=false, ReminderDateTime=2017-10-10 15:00:00, IsReminderSet=false, IsRecurrence=false, TaskSubtype=Task}, Task:{Id=00T7F00000DvfQzUAJ, WhoId=0037F00000INcziQAD, WhatId=0067F000006ogtuQAA, Subject=test, ActivityDate=2017-11-29 00:00:00, Status=In Progress, Priority=Normal, IsHighPriority=false, OwnerId=0057F000000T34oQAC, IsDeleted=false, AccountId=0017F00000HVkX6QAL, IsClosed=false, CreatedDate=2017-11-29 14:43:25, CreatedById=0057F000000T34oQAC, LastModifiedDate=2017-12-11 13:25:59, LastModifiedById=0057F000000T34oQAC, SystemModstamp=2017-12-11 13:25:59, IsArchived=false, ReminderDateTime=2017-11-29 16:00:00, IsReminderSet=false, IsRecurrence=false, TaskSubtype=Task}, Task:{Id=00T7F00000MIsEyUAL, Subject=Hello World, Status=Open, Priority=Normal, IsHighPriority=false, OwnerId=0057F000000Tiz6QAC, IsDeleted=false, IsClosed=false, CreatedDate=2018-01-29 10:50:31, CreatedById=0057F000000Tiz6QAC, LastModifiedDate=2018-01-29 10:50:31, LastModifiedById=0057F000000Tiz6QAC, SystemModstamp=2018-01-29 10:50:31, IsArchived=false, IsReminderSet=false, IsRecurrence=false, TaskSubtype=Task})
04:25:22.0 (342318367)|STATEMENT_EXECUTE|[21]
04:25:22.0 (342373921)|HEAP_ALLOCATE|[21]|Bytes:85
04:25:22.0 (342388821)|SYSTEM_METHOD_ENTRY|[1]|UserInfo.UserInfo()
04:25:22.0 (342392276)|STATEMENT_EXECUTE|[1]
04:25:22.0 (342398701)|SYSTEM_METHOD_EXIT|[1]|UserInfo
04:25:22.0 (342408575)|METHOD_ENTRY|[21]||System.UserInfo.getUserId()
04:25:22.0 (342440356)|METHOD_EXIT|[21]||System.UserInfo.getUserId()
04:25:22.0 (342446549)|HEAP_ALLOCATE|[21]|Bytes:5
04:25:22.0 (342457748)|METHOD_ENTRY|[21]||System.UserInfo.getUserName()
04:25:22.0 (342479273)|METHOD_EXIT|[21]||System.UserInfo.getUserName()
04:25:22.0 (342488828)|HEAP_ALLOCATE|[21]|Bytes:80
04:25:22.0 (342496875)|USER_DEBUG|[21]|DEBUG|------------------------------------0057F000000Tiz6QAC-----ksb994@salesforce.com
04:25:22.0 (342507592)|SYSTEM_MODE_EXIT|false
04:25:22.0 (342933613)|SYSTEM_MODE_ENTER|true
04:25:22.360 (360140137)|SYSTEM_MODE_ENTER|true
04:25:22.360 (360230950)|HEAP_ALLOCATE|[EXTERNAL]|Bytes:8
04:25:22.360 (360250733)|VARIABLE_SCOPE_BEGIN|[88]|this|ApexPage.PageMessagesComponentController|true|false
04:25:22.360 (360292788)|VARIABLE_ASSIGNMENT|[88]|this|{}|0xd5a58c
04:25:22.360 (360299231)|VARIABLE_SCOPE_BEGIN|[88]|escape|Boolean|false|false
04:25:22.360 (360306975)|VARIABLE_ASSIGNMENT|[88]|escape|null
04:25:22.360 (360451334)|SYSTEM_MODE_ENTER|true
04:25:22.360 (360481240)|HEAP_ALLOCATE|[EXTERNAL]|Bytes:8
04:25:22.360 (360488024)|VARIABLE_SCOPE_BEGIN|[2]|this|ApexPage.PageMessagesComponentController|true|false
04:25:22.360 (360505298)|VARIABLE_ASSIGNMENT|[2]|this|{}|0xd5a58c
04:25:22.0 (361060581)|SYSTEM_MODE_ENTER|true
04:25:22.0 (361093228)|HEAP_ALLOCATE|[EXTERNAL]|Bytes:40
04:25:22.0 (361191876)|VARIABLE_SCOPE_BEGIN|[24]|this|PM_Job_New_Controller|true|false
04:25:22.0 (361234207)|VARIABLE_ASSIGNMENT|[24]|this|{"job":"0x359229da","projectList":"0x6abebdbf"}|0x71b78774
04:25:22.0 (361257034)|SYSTEM_MODE_ENTER|false
04:25:22.0 (361263823)|HEAP_ALLOCATE|[25]|Bytes:5
04:25:22.0 (361269905)|STATEMENT_EXECUTE|[24]
04:25:22.0 (361271169)|STATEMENT_EXECUTE|[25]
04:25:22.0 (361284163)|HEAP_ALLOCATE|[25]|Bytes:4
04:25:22.0 (361334645)|VARIABLE_SCOPE_BEGIN|[25]|cpcso|List<System.SelectOption>|true|false
04:25:22.0 (361358131)|HEAP_ALLOCATE|[EXTERNAL]|Bytes:4
04:25:22.0 (361367710)|VARIABLE_ASSIGNMENT|[25]|cpcso|[]|0x6b86f89
04:25:22.0 (361434376)|VARIABLE_ASSIGNMENT|[EXTERNAL]|this|{"job":"0x359229da","projectList":"0x6abebdbf"}|0x71b78774
04:25:22.0 (361596784)|HEAP_ALLOCATE|[26]|Bytes:5
04:25:22.0 (361616782)|HEAP_ALLOCATE|[26]|Bytes:12
04:25:22.0 (361626307)|VARIABLE_SCOPE_BEGIN|[26]|pro|Project__c|true|false
04:25:22.0 (361644900)|VARIABLE_ASSIGNMENT|[26]|pro|{"Company_project_code (3 more) ...":"101-TRN-COM-042","Id":"a057F0000039u2LQAQ"}|0x1e7c5d15
04:25:22.0 (361651565)|STATEMENT_EXECUTE|[26]
04:25:22.0 (361652794)|STATEMENT_EXECUTE|[27]
04:25:22.0 (361708709)|HEAP_ALLOCATE|[27]|Bytes:18
04:25:22.0 (361796089)|HEAP_ALLOCATE|[EXTERNAL]|Bytes:4
04:25:22.0 (361811023)|HEAP_ALLOCATE|[26]|Bytes:5
04:25:22.0 (361820820)|HEAP_ALLOCATE|[26]|Bytes:12
04:25:22.0 (361826685)|VARIABLE_SCOPE_BEGIN|[26]|pro|Project__c|true|false
04:25:22.0 (361841460)|VARIABLE_ASSIGNMENT|[26]|pro|{"Company_project_code (3 more) ...":"101-TRN-COM-036","Id":"a057F0000039u2MQAQ"}|0x20ce7c10
04:25:22.0 (361846704)|STATEMENT_EXECUTE|[26]
04:25:22.0 (361847751)|STATEMENT_EXECUTE|[27]
04:25:22.0 (361857342)|HEAP_ALLOCATE|[27]|Bytes:18
04:25:22.0 (361869282)|HEAP_ALLOCATE|[EXTERNAL]|Bytes:4
04:25:22.0 (361878595)|HEAP_ALLOCATE|[26]|Bytes:5
04:25:22.0 (361885687)|HEAP_ALLOCATE|[26]|Bytes:12
04:25:22.0 (361890823)|VARIABLE_SCOPE_BEGIN|[26]|pro|Project__c|true|false
04:25:22.0 (361902603)|VARIABLE_ASSIGNMENT|[26]|pro|{"Company_project_code (3 more) ...":"101-TRN-COM-034","Id":"a057F0000039u2NQAQ"}|0x6352646e
04:25:22.0 (361907032)|STATEMENT_EXECUTE|[26]
04:25:22.0 (361907976)|STATEMENT_EXECUTE|[27]
04:25:22.0 (361913635)|HEAP_ALLOCATE|[27]|Bytes:18
04:25:22.0 (361922287)|HEAP_ALLOCATE|[EXTERNAL]|Bytes:4
04:25:22.0 (361929556)|HEAP_ALLOCATE|[26]|Bytes:5
04:25:22.0 (361936361)|HEAP_ALLOCATE|[26]|Bytes:12
04:25:22.0 (361940810)|VARIABLE_SCOPE_BEGIN|[26]|pro|Project__c|true|false
04:25:22.0 (361951624)|VARIABLE_ASSIGNMENT|[26]|pro|{"Company_project_code (3 more) ...":"101-TRN-COM-051","Id":"a057F0000039u2OQAQ"}|0x508cc2f8
04:25:22.0 (361955909)|STATEMENT_EXECUTE|[26]
04:25:22.0 (361956855)|STATEMENT_EXECUTE|[27]
04:25:22.0 (361962075)|HEAP_ALLOCATE|[27]|Bytes:18
04:25:22.0 (361970678)|HEAP_ALLOCATE|[EXTERNAL]|Bytes:4
04:25:22.0 (361978484)|HEAP_ALLOCATE|[26]|Bytes:5
04:25:22.0 (361984627)|HEAP_ALLOCATE|[26]|Bytes:12
04:25:22.0 (361988934)|VARIABLE_SCOPE_BEGIN|[26]|pro|Project__c|true|false
04:25:22.0 (361999234)|VARIABLE_ASSIGNMENT|[26]|pro|{"Company_project_code (3 more) ...":"300-0001-00","Id":"a057F0000039u22QAA"}|0x2c64a909
04:25:22.0 (362003888)|STATEMENT_EXECUTE|[26]
04:25:22.0 (362005370)|STATEMENT_EXECUTE|[27]
04:25:22.0 (362010076)|HEAP_ALLOCATE|[27]|Bytes:18
04:25:22.0 (362018730)|HEAP_ALLOCATE|[EXTERNAL]|Bytes:4
04:25:22.0 (362026701)|HEAP_ALLOCATE|[26]|Bytes:5
04:25:22.0 (362033564)|HEAP_ALLOCATE|[26]|Bytes:12
04:25:22.0 (362037845)|VARIABLE_SCOPE_BEGIN|[26]|pro|Project__c|true|false
04:25:22.0 (362047321)|VARIABLE_ASSIGNMENT|[26]|pro|{"Company_project_code (3 more) ...":"300-0002-01","Id":"a057F0000039u23QAA"}|0x7f197e69
04:25:22.0 (362052185)|STATEMENT_EXECUTE|[26]
04:25:22.0 (362053010)|STATEMENT_EXECUTE|[27]
04:25:22.0 (362057668)|HEAP_ALLOCATE|[27]|Bytes:18
04:25:22.0 (362066029)|HEAP_ALLOCATE|[EXTERNAL]|Bytes:4
04:25:22.0 (362073407)|HEAP_ALLOCATE|[26]|Bytes:5
04:25:22.0 (362080470)|HEAP_ALLOCATE|[26]|Bytes:12
04:25:22.0 (362084646)|VARIABLE_SCOPE_BEGIN|[26]|pro|Project__c|true|false
04:25:22.0 (362093828)|VARIABLE_ASSIGNMENT|[26]|pro|{"Company_project_code (3 more) ...":"101-TRN-COM-008","Id":"a057F0000039u24QAA"}|0xf1814f0
04:25:22.0 (362099126)|STATEMENT_EXECUTE|[26]
04:25:22.0 (362100049)|STATEMENT_EXECUTE|[27]
04:25:22.0 (362104459)|HEAP_ALLOCATE|[27]|Bytes:18
04:25:22.0 (362112059)|HEAP_ALLOCATE|[EXTERNAL]|Bytes:4
04:25:22.0 (362119380)|HEAP_ALLOCATE|[26]|Bytes:5
04:25:22.0 (362128582)|HEAP_ALLOCATE|[26]|Bytes:12
04:25:22.0 (362133173)|VARIABLE_SCOPE_BEGIN|[26]|pro|Project__c|true|false
04:25:22.0 (362143688)|VARIABLE_ASSIGNMENT|[26]|pro|{"Company_project_code (3 more) ...":"101-TRN-COM-047","Id":"a057F0000039u25QAA"}|0x39b58ce9
04:25:22.0 (362149759)|STATEMENT_EXECUTE|[26]
04:25:22.0 (362150841)|STATEMENT_EXECUTE|[27]
04:25:22.0 (362155394)|HEAP_ALLOCATE|[27]|Bytes:18
04:25:22.0 (362163020)|HEAP_ALLOCATE|[EXTERNAL]|Bytes:4
04:25:22.0 (362171559)|HEAP_ALLOCATE|[26]|Bytes:5
04:25:22.0 (362179927)|HEAP_ALLOCATE|[26]|Bytes:12
04:25:22.0 (362184226)|VARIABLE_SCOPE_BEGIN|[26]|pro|Project__c|true|false
04:25:22.0 (362194253)|VARIABLE_ASSIGNMENT|[26]|pro|{"Company_project_code (3 more) ...":"101-TRN-COM-046","Id":"a057F0000039u26QAA"}|0x30904637
04:25:22.0 (362198803)|STATEMENT_EXECUTE|[26]
04:25:22.0 (362199649)|STATEMENT_EXECUTE|[27]
04:25:22.0 (362204203)|HEAP_ALLOCATE|[27]|Bytes:18
04:25:22.0 (362211612)|HEAP_ALLOCATE|[EXTERNAL]|Bytes:4
04:25:22.0 (362219319)|HEAP_ALLOCATE|[26]|Bytes:5
04:25:22.0 (362225154)|HEAP_ALLOCATE|[26]|Bytes:12
04:25:22.0 (362228962)|VARIABLE_SCOPE_BEGIN|[26]|pro|Project__c|true|false
04:25:22.0 (362238951)|VARIABLE_ASSIGNMENT|[26]|pro|{"Company_project_code (3 more) ...":"101-TRN-COM-050","Id":"a057F0000039u27QAA"}|0x4ce9c7a
04:25:22.0 (362247675)|STATEMENT_EXECUTE|[26]
04:25:22.0 (362248772)|STATEMENT_EXECUTE|[27]
04:25:22.0 (362253727)|HEAP_ALLOCATE|[27]|Bytes:18
04:25:22.0 (362262793)|HEAP_ALLOCATE|[EXTERNAL]|Bytes:4
04:25:22.0 (362270128)|HEAP_ALLOCATE|[26]|Bytes:5
04:25:22.0 (362276908)|HEAP_ALLOCATE|[26]|Bytes:12
04:25:22.0 (362281111)|VARIABLE_SCOPE_BEGIN|[26]|pro|Project__c|true|false
04:25:22.0 (362291229)|VARIABLE_ASSIGNMENT|[26]|pro|{"Company_project_code (3 more) ...":"101-TRN-COM-033","Id":"a057F0000039u28QAA"}|0x4bbea787
04:25:22.0 (362295922)|STATEMENT_EXECUTE|[26]
04:25:22.0 (362296816)|STATEMENT_EXECUTE|[27]
04:25:22.0 (362301337)|HEAP_ALLOCATE|[27]|Bytes:18
04:25:22.0 (362309193)|HEAP_ALLOCATE|[EXTERNAL]|Bytes:4
04:25:22.0 (362316838)|HEAP_ALLOCATE|[26]|Bytes:5
04:25:22.0 (362323046)|HEAP_ALLOCATE|[26]|Bytes:12
04:25:22.0 (362327662)|VARIABLE_SCOPE_BEGIN|[26]|pro|Project__c|true|false
04:25:22.0 (362337581)|VARIABLE_ASSIGNMENT|[26]|pro|{"Company_project_code (3 more) ...":"101-TRN-COX-007","Id":"a057F0000039u29QAA"}|0x5ef9b8dd
04:25:22.0 (362341847)|STATEMENT_EXECUTE|[26]
04:25:22.0 (362343384)|STATEMENT_EXECUTE|[27]
04:25:22.0 (362347877)|HEAP_ALLOCATE|[27]|Bytes:18
04:25:22.0 (362355521)|HEAP_ALLOCATE|[EXTERNAL]|Bytes:4
04:25:22.0 (362363093)|HEAP_ALLOCATE|[26]|Bytes:5
04:25:22.0 (362369980)|HEAP_ALLOCATE|[26]|Bytes:12
04:25:22.0 (362374722)|VARIABLE_SCOPE_BEGIN|[26]|pro|Project__c|true|false
04:25:22.0 (362384564)|VARIABLE_ASSIGNMENT|[26]|pro|{"Company_project_code (3 more) ...":"101-TRN-COX-006","Id":"a057F0000039u2AQAQ"}|0x6ceafccb
04:25:22.0 (362389827)|STATEMENT_EXECUTE|[26]
04:25:22.0 (362390708)|STATEMENT_EXECUTE|[27]
04:25:22.0 (362395086)|HEAP_ALLOCATE|[27]|Bytes:18
04:25:22.0 (362402719)|HEAP_ALLOCATE|[EXTERNAL]|Bytes:4
04:25:22.0 (362409605)|HEAP_ALLOCATE|[26]|Bytes:5
04:25:22.0 (362416036)|HEAP_ALLOCATE|[26]|Bytes:12
04:25:22.0 (362420542)|VARIABLE_SCOPE_BEGIN|[26]|pro|Project__c|true|false
04:25:22.0 (362430395)|VARIABLE_ASSIGNMENT|[26]|pro|{"Company_project_code (3 more) ...":"101-TRN-COX-008","Id":"a057F0000039u2BQAQ"}|0x1c379060
04:25:22.0 (362435637)|STATEMENT_EXECUTE|[26]
04:25:22.0 (362436700)|STATEMENT_EXECUTE|[27]
04:25:22.0 (362441180)|HEAP_ALLOCATE|[27]|Bytes:18
04:25:22.0 (362448921)|HEAP_ALLOCATE|[EXTERNAL]|Bytes:4
04:25:22.0 (362456217)|HEAP_ALLOCATE|[26]|Bytes:5
04:25:22.0 (362462083)|HEAP_ALLOCATE|[26]|Bytes:12
04:25:22.0 (362466046)|VARIABLE_SCOPE_BEGIN|[26]|pro|Project__c|true|false
04:25:22.0 (362475408)|VARIABLE_ASSIGNMENT|[26]|pro|{"Company_project_code (3 more) ...":"101-TRN-COM-027","Id":"a057F0000039u2CQAQ"}|0x220b9efe
04:25:22.0 (362480015)|STATEMENT_EXECUTE|[26]
04:25:22.0 (362480868)|STATEMENT_EXECUTE|[27]
04:25:22.0 (362485109)|HEAP_ALLOCATE|[27]|Bytes:18
04:25:22.0 (362492591)|HEAP_ALLOCATE|[EXTERNAL]|Bytes:4
04:25:22.0 (362499587)|HEAP_ALLOCATE|[26]|Bytes:5
04:25:22.0 (362505320)|HEAP_ALLOCATE|[26]|Bytes:12
04:25:22.0 (362509526)|VARIABLE_SCOPE_BEGIN|[26]|pro|Project__c|true|false
04:25:22.0 (362519246)|VARIABLE_ASSIGNMENT|[26]|pro|{"Company_project_code (3 more) ...":"101-TRN-COM-029","Id":"a057F0000039u2DQAQ"}|0x3127f532
04:25:22.0 (362525184)|STATEMENT_EXECUTE|[26]
04:25:22.0 (362526029)|STATEMENT_EXECUTE|[27]
04:25:22.0 (362530379)|HEAP_ALLOCATE|[27]|Bytes:18
04:25:22.0 (362537588)|HEAP_ALLOCATE|[EXTERNAL]|Bytes:4
04:25:22.0 (362544954)|HEAP_ALLOCATE|[26]|Bytes:5
04:25:22.0 (362551892)|HEAP_ALLOCATE|[26]|Bytes:12
04:25:22.0 (362556223)|VARIABLE_SCOPE_BEGIN|[26]|pro|Project__c|true|false
04:25:22.0 (362566935)|VARIABLE_ASSIGNMENT|[26]|pro|{"Company_project_code (3 more) ...":"101-TRN-COM-014","Id":"a057F0000039u2EQAQ"}|0xa105b79
04:25:22.0 (362571431)|STATEMENT_EXECUTE|[26]
04:25:22.0 (362572300)|STATEMENT_EXECUTE|[27]
04:25:22.0 (362576784)|HEAP_ALLOCATE|[27]|Bytes:18
04:25:22.0 (362584264)|HEAP_ALLOCATE|[EXTERNAL]|Bytes:4
04:25:22.0 (362591246)|HEAP_ALLOCATE|[26]|Bytes:5
04:25:22.0 (362597852)|HEAP_ALLOCATE|[26]|Bytes:12
04:25:22.0 (362601512)|VARIABLE_SCOPE_BEGIN|[26]|pro|Project__c|true|false
04:25:22.0 (362612375)|VARIABLE_ASSIGNMENT|[26]|pro|{"Company_project_code (3 more) ...":"301-0001-00","Id":"a057F0000039u21QAA"}|0x2a847ecb
04:25:22.0 (362617882)|STATEMENT_EXECUTE|[26]
04:25:22.0 (362618767)|STATEMENT_EXECUTE|[27]
04:25:22.0 (362623137)|HEAP_ALLOCATE|[27]|Bytes:18
04:25:22.0 (362630763)|HEAP_ALLOCATE|[EXTERNAL]|Bytes:4
04:25:22.0 (362652917)|HEAP_ALLOCATE|[26]|Bytes:5
04:25:22.0 (362661152)|HEAP_ALLOCATE|[26]|Bytes:12
04:25:22.0 (362665483)|VARIABLE_SCOPE_BEGIN|[26]|pro|Project__c|true|false
04:25:22.0 (362676356)|VARIABLE_ASSIGNMENT|[26]|pro|{"Company_project_code (3 more) ...":"101-TRN-COM-017","Id":"a057F0000039u2FQAQ"}|0x5406e90b
04:25:22.0 (362680733)|STATEMENT_EXECUTE|[26]
04:25:22.0 (362681590)|STATEMENT_EXECUTE|[27]
04:25:22.0 (362687062)|HEAP_ALLOCATE|[27]|Bytes:18
04:25:22.0 (362695557)|HEAP_ALLOCATE|[EXTERNAL]|Bytes:4
04:25:22.0 (362703279)|HEAP_ALLOCATE|[26]|Bytes:5
04:25:22.0 (362709529)|HEAP_ALLOCATE|[26]|Bytes:12
04:25:22.0 (362713800)|VARIABLE_SCOPE_BEGIN|[26]|pro|Project__c|true|false
04:25:22.0 (362723992)|VARIABLE_ASSIGNMENT|[26]|pro|{"Company_project_code (3 more) ...":"101-TRN-COM-038","Id":"a057F0000039u2GQAQ"}|0x5a8608dc
04:25:22.0 (362728502)|STATEMENT_EXECUTE|[26]
04:25:22.0 (362729481)|STATEMENT_EXECUTE|[27]
04:25:22.0 (362733902)|HEAP_ALLOCATE|[27]|Bytes:18
04:25:22.0 (362741212)|HEAP_ALLOCATE|[EXTERNAL]|Bytes:4
04:25:22.0 (362748019)|HEAP_ALLOCATE|[26]|Bytes:5
04:25:22.0 (362754731)|HEAP_ALLOCATE|[26]|Bytes:12
04:25:22.0 (362758849)|VARIABLE_SCOPE_BEGIN|[26]|pro|Project__c|true|false
04:25:22.0 (362768626)|VARIABLE_ASSIGNMENT|[26]|pro|{"Company_project_code (3 more) ...":"101-TRN-COM-037","Id":"a057F0000039u2HQAQ"}|0x52c55b66
04:25:22.0 (362773108)|STATEMENT_EXECUTE|[26]
04:25:22.0 (362773967)|STATEMENT_EXECUTE|[27]
04:25:22.0 (362778375)|HEAP_ALLOCATE|[27]|Bytes:18
04:25:22.0 (362785991)|HEAP_ALLOCATE|[EXTERNAL]|Bytes:4
04:25:22.0 (362792775)|HEAP_ALLOCATE|[26]|Bytes:5
04:25:22.0 (362798973)|HEAP_ALLOCATE|[26]|Bytes:12
04:25:22.0 (362803304)|VARIABLE_SCOPE_BEGIN|[26]|pro|Project__c|true|false
04:25:22.0 (362812792)|VARIABLE_ASSIGNMENT|[26]|pro|{"Company_project_code (3 more) ...":"101-TRN-COM-039","Id":"a057F0000039u2IQAQ"}|0x5bbe15d3
04:25:22.0 (362817793)|STATEMENT_EXECUTE|[26]
04:25:22.0 (362818838)|STATEMENT_EXECUTE|[27]
04:25:22.0 (362823099)|HEAP_ALLOCATE|[27]|Bytes:18
04:25:22.0 (362831048)|HEAP_ALLOCATE|[EXTERNAL]|Bytes:4
04:25:22.0 (362838104)|HEAP_ALLOCATE|[26]|Bytes:5
04:25:22.0 (362844532)|HEAP_ALLOCATE|[26]|Bytes:12
04:25:22.0 (362848591)|VARIABLE_SCOPE_BEGIN|[26]|pro|Project__c|true|false
04:25:22.0 (362858018)|VARIABLE_ASSIGNMENT|[26]|pro|{"Company_project_code (3 more) ...":"101-TRN-COM-040","Id":"a057F0000039u2JQAQ"}|0x3893f11e
04:25:22.0 (362862917)|STATEMENT_EXECUTE|[26]
04:25:22.0 (362863793)|STATEMENT_EXECUTE|[27]
04:25:22.0 (362868250)|HEAP_ALLOCATE|[27]|Bytes:18
04:25:22.0 (362875688)|HEAP_ALLOCATE|[EXTERNAL]|Bytes:4
04:25:22.0 (362883022)|HEAP_ALLOCATE|[26]|Bytes:5
04:25:22.0 (362888942)|HEAP_ALLOCATE|[26]|Bytes:12
04:25:22.0 (362892875)|VARIABLE_SCOPE_BEGIN|[26]|pro|Project__c|true|false
04:25:22.0 (362902783)|VARIABLE_ASSIGNMENT|[26]|pro|{"Company_project_code (3 more) ...":"101-TRN-COM-041","Id":"a057F0000039u2KQAQ"}|0x5239ce38
04:25:22.0 (362907870)|STATEMENT_EXECUTE|[26]
04:25:22.0 (362908748)|STATEMENT_EXECUTE|[27]
04:25:22.0 (362913131)|HEAP_ALLOCATE|[27]|Bytes:18
04:25:22.0 (362920436)|HEAP_ALLOCATE|[EXTERNAL]|Bytes:4
04:25:22.0 (362927596)|HEAP_ALLOCATE|[26]|Bytes:5
04:25:22.0 (362935180)|VARIABLE_ASSIGNMENT|[26]|pro|null|
04:25:22.0 (362940075)|STATEMENT_EXECUTE|[29]
04:25:22.0 (362945242)|SYSTEM_MODE_EXIT|false
04:25:22.0 (363338902)|SYSTEM_MODE_ENTER|true
04:25:22.0 (367609854)|SYSTEM_MODE_ENTER|true
04:25:22.0 (367673033)|HEAP_ALLOCATE|[EXTERNAL]|Bytes:40
04:25:22.0 (367820983)|VARIABLE_SCOPE_BEGIN|[49]|this|PM_Job_New_Controller|true|false
04:25:22.0 (367881527)|VARIABLE_ASSIGNMENT|[49]|this|{"job":"0x359229da","projectList":"0x6abebdbf"}|0x71b78774
04:25:22.0 (367905570)|SYSTEM_MODE_ENTER|false
04:25:22.0 (367914540)|HEAP_ALLOCATE|[50]|Bytes:5
04:25:22.0 (367920354)|STATEMENT_EXECUTE|[49]
04:25:22.0 (367921667)|STATEMENT_EXECUTE|[50]
04:25:22.0 (367938082)|HEAP_ALLOCATE|[50]|Bytes:4
04:25:22.0 (367970028)|VARIABLE_SCOPE_BEGIN|[50]|ufp|List<System.SelectOption>|true|false
04:25:22.0 (367999523)|HEAP_ALLOCATE|[EXTERNAL]|Bytes:4
04:25:22.0 (368010967)|VARIABLE_ASSIGNMENT|[50]|ufp|[]|0x2ad86e0b
04:25:22.0 (368017202)|STATEMENT_EXECUTE|[51]
04:25:22.0 (368021775)|HEAP_ALLOCATE|[51]|Bytes:96
04:25:22.0 (368037977)|HEAP_ALLOCATE|[51]|Bytes:4
04:25:22.0 (368044833)|HEAP_ALLOCATE|[51]|Bytes:7
04:25:22.0 (368097437)|VARIABLE_ASSIGNMENT|[EXTERNAL]|this|{"job":"0x359229da","projectList":"0x6abebdbf"}|0x71b78774
04:25:22.0 (368373343)|SOQL_EXECUTE_BEGIN|[51]|Aggregations:0|SELECT ProjectLink__c, UserLink__c FROM ProjectJobAssociation__c WHERE ProjectLink__c = :tmpVar1
04:25:22.0 (370556909)|SOQL_EXECUTE_END|[51]|Rows:0
04:25:22.0 (370588703)|HEAP_ALLOCATE|[51]|Bytes:4
04:25:22.0 (370604600)|HEAP_ALLOCATE|[51]|Bytes:0
04:25:22.0 (370712316)|HEAP_ALLOCATE|[51]|Bytes:4
04:25:22.0 (370731875)|VARIABLE_SCOPE_BEGIN|[51]|userInProject|List<ProjectJobAssociation__c>|true|false
04:25:22.0 (370754391)|VARIABLE_ASSIGNMENT|[51]|userInProject|[]|0x5832c693
04:25:22.0 (370971302)|HEAP_ALLOCATE|[52]|Bytes:5
04:25:22.0 (370998124)|VARIABLE_ASSIGNMENT|[52]|pja|null|
04:25:22.0 (371007200)|STATEMENT_EXECUTE|[52]
04:25:22.0 (371010924)|STATEMENT_EXECUTE|[56]
04:25:22.0 (371018473)|SYSTEM_MODE_EXIT|false
04:25:22.0 (373734493)|SYSTEM_MODE_ENTER|true
04:25:22.0 (375954320)|VF_SERIALIZE_VIEWSTATE_BEGIN|0667F000005aHSA
04:25:22.0 (395703841)|VF_SERIALIZE_VIEWSTATE_END
04:25:22.398 (398462810)|CUMULATIVE_LIMIT_USAGE
04:25:22.398 (398462810)|LIMIT_USAGE_FOR_NS|(default)|
  Number of SOQL queries: 3 out of 100
  Number of query rows: 28 out of 50000
  Number of SOSL queries: 0 out of 20
  Number of DML statements: 0 out of 150
  Number of DML rows: 0 out of 10000
  Maximum CPU time: 0 out of 10000
  Maximum heap size: 0 out of 6000000
  Number of callouts: 0 out of 100
  Number of Email Invocations: 0 out of 10
  Number of future calls: 0 out of 50
  Number of queueable jobs added to the queue: 0 out of 50
  Number of Mobile Apex push calls: 0 out of 10

04:25:22.398 (398462810)|CUMULATIVE_LIMIT_USAGE_END

04:25:22.0 (398502521)|CODE_UNIT_FINISHED|VF: /apex/PM_Job_New
04:25:22.0 (399257116)|EXECUTION_FINISHED
