36.0 APEX_CODE,FINEST;APEX_PROFILING,INFO;CALLOUT,INFO;DB,INFO;SYSTEM,DEBUG;VALIDATION,INFO;VISUALFORCE,INFO;WAVE,INFO;WORKFLOW,INFO
00:57:01.0 (395303)|USER_INFO|[EXTERNAL]|0057F000000Tiz6|ksb994@salesforce.com|Pacific Standard Time|GMT-08:00
00:57:01.0 (436840)|EXECUTION_STARTED
00:57:01.0 (442333)|CODE_UNIT_STARTED|[EXTERNAL]|0667F000005aHSA|VF: /apex/PM_Job_New
00:57:01.9 (9892825)|SYSTEM_MODE_ENTER|true
00:57:01.9 (10014727)|HEAP_ALLOCATE|[72]|Bytes:3
00:57:01.9 (10052723)|HEAP_ALLOCATE|[77]|Bytes:152
00:57:01.9 (10077441)|HEAP_ALLOCATE|[342]|Bytes:408
00:57:01.9 (10110182)|HEAP_ALLOCATE|[355]|Bytes:408
00:57:01.9 (10138059)|HEAP_ALLOCATE|[467]|Bytes:48
00:57:01.10 (10517506)|SYSTEM_MODE_ENTER|true
00:57:01.10 (10577812)|HEAP_ALLOCATE|[EXTERNAL]|Bytes:8
00:57:01.10 (10585771)|VARIABLE_SCOPE_BEGIN|[88]|this|ApexPage.PageMessagesComponentController|true|false
00:57:01.10 (10619749)|VARIABLE_ASSIGNMENT|[88]|this|{}|0x2e47e47d
00:57:01.10 (10626406)|VARIABLE_SCOPE_BEGIN|[88]|escape|Boolean|false|false
00:57:01.10 (10634084)|VARIABLE_ASSIGNMENT|[88]|escape|null
00:57:01.10 (10832633)|SYSTEM_MODE_ENTER|true
00:57:01.10 (10870176)|HEAP_ALLOCATE|[EXTERNAL]|Bytes:8
00:57:01.10 (10877738)|VARIABLE_SCOPE_BEGIN|[2]|this|ApexPage.PageMessagesComponentController|true|false
00:57:01.10 (10897724)|VARIABLE_ASSIGNMENT|[2]|this|{}|0x2e47e47d
00:57:01.0 (15480977)|SYSTEM_MODE_ENTER|true
00:57:01.0 (15797772)|HEAP_ALLOCATE|[EXTERNAL]|Bytes:260
00:57:01.0 (15808766)|HEAP_ALLOCATE|[EXTERNAL]|Bytes:38
00:57:01.0 (15812547)|HEAP_ALLOCATE|[EXTERNAL]|Bytes:5
00:57:01.0 (15823237)|METHOD_ENTRY|[1]|01p7F00000HhQR4|PM_Job_New_Controller.PM_Job_New_Controller()
00:57:01.0 (15829284)|STATEMENT_EXECUTE|[1]
00:57:01.0 (15835680)|STATEMENT_EXECUTE|[1]
00:57:01.0 (15852288)|SYSTEM_MODE_ENTER|false
00:57:01.0 (15862185)|HEAP_ALLOCATE|[EXTERNAL]|Bytes:5
00:57:01.0 (15871988)|SYSTEM_MODE_EXIT|false
00:57:01.0 (15883458)|METHOD_EXIT|[1]|PM_Job_New_Controller
00:57:01.0 (15961649)|HEAP_ALLOCATE|[EXTERNAL]|Bytes:40
00:57:01.0 (15977175)|VARIABLE_SCOPE_BEGIN|[16]|this|PM_Job_New_Controller|true|false
00:57:01.0 (16042760)|VARIABLE_ASSIGNMENT|[16]|this|{}|0x134e3577
00:57:01.0 (16051060)|VARIABLE_SCOPE_BEGIN|[16]|stdController|ApexPages.StandardController|true|false
00:57:01.0 (16206269)|VARIABLE_ASSIGNMENT|[16]|stdController|"StandardController [null]"|0x3adfb274
00:57:01.0 (16227710)|SYSTEM_MODE_ENTER|false
00:57:01.0 (16234715)|HEAP_ALLOCATE|[17]|Bytes:5
00:57:01.0 (16240329)|STATEMENT_EXECUTE|[1]
00:57:01.0 (16245146)|HEAP_ALLOCATE|[17]|Bytes:5
00:57:01.0 (16247766)|STATEMENT_EXECUTE|[3]
00:57:01.0 (16249211)|STATEMENT_EXECUTE|[4]
00:57:01.0 (16250040)|STATEMENT_EXECUTE|[5]
00:57:01.0 (16250893)|STATEMENT_EXECUTE|[6]
00:57:01.0 (16251698)|STATEMENT_EXECUTE|[7]
00:57:01.0 (16252497)|STATEMENT_EXECUTE|[8]
00:57:01.0 (16253387)|STATEMENT_EXECUTE|[9]
00:57:01.0 (16254193)|STATEMENT_EXECUTE|[10]
00:57:01.0 (16255196)|STATEMENT_EXECUTE|[11]
00:57:01.0 (16274161)|STATEMENT_EXECUTE|[16]
00:57:01.0 (16275381)|STATEMENT_EXECUTE|[17]
00:57:01.0 (16437713)|HEAP_ALLOCATE|[17]|Bytes:4
00:57:01.0 (16460178)|VARIABLE_ASSIGNMENT|[17]|this.job|{}|0x134e3577
00:57:01.0 (16466552)|STATEMENT_EXECUTE|[18]
00:57:01.0 (16469784)|HEAP_ALLOCATE|[18]|Bytes:46
00:57:01.0 (16487537)|HEAP_ALLOCATE|[18]|Bytes:4
00:57:01.0 (17671234)|SOQL_EXECUTE_BEGIN|[18]|Aggregations:0|SELECT Company_project_code__c FROM Project__c
00:57:01.0 (21255219)|SOQL_EXECUTE_END|[18]|Rows:24
00:57:01.0 (21289461)|HEAP_ALLOCATE|[18]|Bytes:100
00:57:01.0 (21335152)|HEAP_ALLOCATE|[18]|Bytes:1692
00:57:01.0 (21371276)|HEAP_ALLOCATE|[18]|Bytes:100
00:57:01.0 (21448306)|VARIABLE_ASSIGNMENT|[EXTERNAL]|this|{"job":"0x2c42af22"}|0x134e3577
00:57:01.0 (21466969)|VARIABLE_ASSIGNMENT|[EXTERNAL]|value|"List of size 24 too large to display"|0x1a43cac0
00:57:01.0 (21482562)|VARIABLE_ASSIGNMENT|[4]|this.projectList|"List of size 24 too large to display"|0x134e3577
00:57:01.0 (21493302)|STATEMENT_EXECUTE|[19]
00:57:01.0 (21497795)|HEAP_ALLOCATE|[19]|Bytes:7
00:57:01.0 (21502241)|HEAP_ALLOCATE|[19]|Bytes:4
00:57:01.0 (21518589)|METHOD_ENTRY|[19]|01p7F00000HhQR4|PM_Job_New_Controller.getAllFields(String)
00:57:01.0 (21549937)|VARIABLE_SCOPE_BEGIN|[70]|sobjectname|String|false|false
00:57:01.0 (21559948)|VARIABLE_ASSIGNMENT|[70]|sobjectname|"Task"
00:57:01.0 (21576933)|HEAP_ALLOCATE|[71]|Bytes:5
00:57:01.0 (21581944)|STATEMENT_EXECUTE|[70]
00:57:01.0 (42493366)|HEAP_ALLOCATE|[71]|Bytes:1468
00:57:01.0 (42545612)|STATEMENT_EXECUTE|[71]
00:57:01.0 (42548980)|STATEMENT_EXECUTE|[74]
00:57:01.0 (46655632)|HEAP_ALLOCATE|[74]|Bytes:1468
00:57:01.0 (47107563)|HEAP_ALLOCATE|[74]|Bytes:4
00:57:01.0 (47152633)|HEAP_ALLOCATE|[74]|Bytes:4
00:57:01.0 (47965892)|HEAP_ALLOCATE|[74]|Bytes:160
00:57:01.0 (47979753)|VARIABLE_SCOPE_BEGIN|[74]|fields|Map<String,Schema.SObjectField>|true|false
00:57:01.0 (48204612)|VARIABLE_ASSIGNMENT|[74]|fields|"{accountid=AccountId, activitydate=ActivityDate, calldisposition=CallDisposition, calldurationinseconds=CallDurationInSeconds, callobject=CallObject, calltype=CallType, createdbyid=CreatedById, createddate=CreatedDate, description=Description, id=Id, ...}"|0x5930a545
00:57:01.0 (48217579)|STATEMENT_EXECUTE|[75]
00:57:01.0 (48231642)|HEAP_ALLOCATE|[75]|Bytes:4
00:57:01.0 (48264598)|VARIABLE_SCOPE_BEGIN|[75]|accessiblefields|List<String>|true|false
00:57:01.0 (48291728)|HEAP_ALLOCATE|[EXTERNAL]|Bytes:4
00:57:01.0 (48302866)|VARIABLE_ASSIGNMENT|[75]|accessiblefields|[]|0x10d3fa31
00:57:01.0 (48349364)|HEAP_ALLOCATE|[EXTERNAL]|Bytes:160
00:57:01.0 (48368564)|HEAP_ALLOCATE|[76]|Bytes:160
00:57:01.0 (48402060)|HEAP_ALLOCATE|[76]|Bytes:5
00:57:01.0 (48452233)|VARIABLE_SCOPE_BEGIN|[76]|field|Schema.SObjectField|true|false
00:57:01.0 (48516741)|VARIABLE_ASSIGNMENT|[76]|field|"common.apex.runtime.impl.ApexFieldToken@6f55f88a"|0x6f55f88a
00:57:01.0 (48523965)|STATEMENT_EXECUTE|[76]
00:57:01.0 (48920756)|HEAP_ALLOCATE|[77]|Bytes:8
00:57:01.0 (48943431)|STATEMENT_EXECUTE|[78]
00:57:01.0 (48971649)|HEAP_ALLOCATE|[78]|Bytes:8
00:57:01.0 (48984786)|HEAP_ALLOCATE|[78]|Bytes:2
00:57:01.0 (48998838)|HEAP_ALLOCATE|[EXTERNAL]|Bytes:4
00:57:01.0 (49011445)|HEAP_ALLOCATE|[76]|Bytes:5
00:57:01.0 (49025978)|VARIABLE_SCOPE_BEGIN|[76]|field|Schema.SObjectField|true|false
00:57:01.0 (49090479)|VARIABLE_ASSIGNMENT|[76]|field|"common.apex.runtime.impl.ApexFieldToken@331362a8"|0x331362a8
00:57:01.0 (49098006)|STATEMENT_EXECUTE|[76]
00:57:01.0 (49524155)|HEAP_ALLOCATE|[77]|Bytes:8
00:57:01.0 (49539064)|STATEMENT_EXECUTE|[78]
00:57:01.0 (49555925)|HEAP_ALLOCATE|[78]|Bytes:8
00:57:01.0 (49564337)|HEAP_ALLOCATE|[78]|Bytes:5
00:57:01.0 (49573084)|HEAP_ALLOCATE|[EXTERNAL]|Bytes:4
00:57:01.0 (49585605)|HEAP_ALLOCATE|[76]|Bytes:5
00:57:01.0 (49599106)|VARIABLE_SCOPE_BEGIN|[76]|field|Schema.SObjectField|true|false
00:57:01.0 (49662893)|VARIABLE_ASSIGNMENT|[76]|field|"common.apex.runtime.impl.ApexFieldToken@3c1e1489"|0x3c1e1489
00:57:01.0 (49670164)|STATEMENT_EXECUTE|[76]
00:57:01.0 (49925299)|HEAP_ALLOCATE|[77]|Bytes:8
00:57:01.0 (49938898)|STATEMENT_EXECUTE|[78]
00:57:01.0 (49959536)|HEAP_ALLOCATE|[78]|Bytes:8
00:57:01.0 (49968024)|HEAP_ALLOCATE|[78]|Bytes:6
00:57:01.0 (49976873)|HEAP_ALLOCATE|[EXTERNAL]|Bytes:4
00:57:01.0 (49988830)|HEAP_ALLOCATE|[76]|Bytes:5
00:57:01.0 (50002390)|VARIABLE_SCOPE_BEGIN|[76]|field|Schema.SObjectField|true|false
00:57:01.0 (50066533)|VARIABLE_ASSIGNMENT|[76]|field|"common.apex.runtime.impl.ApexFieldToken@5dbbaf65"|0x5dbbaf65
00:57:01.0 (50074060)|STATEMENT_EXECUTE|[76]
00:57:01.0 (50173516)|HEAP_ALLOCATE|[77]|Bytes:8
00:57:01.0 (50185933)|STATEMENT_EXECUTE|[78]
00:57:01.0 (50201430)|HEAP_ALLOCATE|[78]|Bytes:8
00:57:01.0 (50209063)|HEAP_ALLOCATE|[78]|Bytes:7
00:57:01.0 (50217219)|HEAP_ALLOCATE|[EXTERNAL]|Bytes:4
00:57:01.0 (50228230)|HEAP_ALLOCATE|[76]|Bytes:5
00:57:01.0 (50241277)|VARIABLE_SCOPE_BEGIN|[76]|field|Schema.SObjectField|true|false
00:57:01.0 (50303408)|VARIABLE_ASSIGNMENT|[76]|field|"common.apex.runtime.impl.ApexFieldToken@1dea8df0"|0x1dea8df0
00:57:01.0 (50311689)|STATEMENT_EXECUTE|[76]
00:57:01.0 (50403057)|HEAP_ALLOCATE|[77]|Bytes:8
00:57:01.0 (50414381)|STATEMENT_EXECUTE|[78]
00:57:01.0 (50433873)|HEAP_ALLOCATE|[78]|Bytes:8
00:57:01.0 (50442081)|HEAP_ALLOCATE|[78]|Bytes:12
00:57:01.0 (50449854)|HEAP_ALLOCATE|[EXTERNAL]|Bytes:4
00:57:01.0 (50460290)|HEAP_ALLOCATE|[76]|Bytes:5
00:57:01.0 (50472596)|VARIABLE_SCOPE_BEGIN|[76]|field|Schema.SObjectField|true|false
00:57:01.0 (50537387)|VARIABLE_ASSIGNMENT|[76]|field|"common.apex.runtime.impl.ApexFieldToken@3544aac7"|0x3544aac7
00:57:01.0 (50544921)|STATEMENT_EXECUTE|[76]
00:57:01.0 (50630832)|HEAP_ALLOCATE|[77]|Bytes:8
00:57:01.0 (50641739)|STATEMENT_EXECUTE|[78]
00:57:01.0 (50656523)|HEAP_ALLOCATE|[78]|Bytes:8
00:57:01.0 (50663976)|HEAP_ALLOCATE|[78]|Bytes:6
00:57:01.0 (50670919)|HEAP_ALLOCATE|[EXTERNAL]|Bytes:4
00:57:01.0 (50681043)|HEAP_ALLOCATE|[76]|Bytes:5
00:57:01.0 (50692607)|VARIABLE_SCOPE_BEGIN|[76]|field|Schema.SObjectField|true|false
00:57:01.0 (50751525)|VARIABLE_ASSIGNMENT|[76]|field|"common.apex.runtime.impl.ApexFieldToken@79325aba"|0x79325aba
00:57:01.0 (50758595)|STATEMENT_EXECUTE|[76]
00:57:01.0 (50837994)|HEAP_ALLOCATE|[77]|Bytes:8
00:57:01.0 (50848662)|STATEMENT_EXECUTE|[78]
00:57:01.0 (50862121)|HEAP_ALLOCATE|[78]|Bytes:8
00:57:01.0 (50869347)|HEAP_ALLOCATE|[78]|Bytes:8
00:57:01.0 (50876455)|HEAP_ALLOCATE|[EXTERNAL]|Bytes:4
00:57:01.0 (50885799)|HEAP_ALLOCATE|[76]|Bytes:5
00:57:01.0 (50897081)|VARIABLE_SCOPE_BEGIN|[76]|field|Schema.SObjectField|true|false
00:57:01.0 (50955139)|VARIABLE_ASSIGNMENT|[76]|field|"common.apex.runtime.impl.ApexFieldToken@79f2127e"|0x79f2127e
00:57:01.0 (50962502)|STATEMENT_EXECUTE|[76]
00:57:01.0 (51045588)|HEAP_ALLOCATE|[77]|Bytes:8
00:57:01.0 (51061168)|STATEMENT_EXECUTE|[78]
00:57:01.0 (51075811)|HEAP_ALLOCATE|[78]|Bytes:8
00:57:01.0 (51082820)|HEAP_ALLOCATE|[78]|Bytes:14
00:57:01.0 (51090302)|HEAP_ALLOCATE|[EXTERNAL]|Bytes:4
00:57:01.0 (51100616)|HEAP_ALLOCATE|[76]|Bytes:5
00:57:01.0 (51112355)|VARIABLE_SCOPE_BEGIN|[76]|field|Schema.SObjectField|true|false
00:57:01.0 (51172465)|VARIABLE_ASSIGNMENT|[76]|field|"common.apex.runtime.impl.ApexFieldToken@303e95bd"|0x303e95bd
00:57:01.0 (51179776)|STATEMENT_EXECUTE|[76]
00:57:01.0 (51281381)|HEAP_ALLOCATE|[77]|Bytes:8
00:57:01.0 (51293128)|STATEMENT_EXECUTE|[78]
00:57:01.0 (51307263)|HEAP_ALLOCATE|[78]|Bytes:8
00:57:01.0 (51314349)|HEAP_ALLOCATE|[78]|Bytes:7
00:57:01.0 (51321535)|HEAP_ALLOCATE|[EXTERNAL]|Bytes:4
00:57:01.0 (51331843)|HEAP_ALLOCATE|[76]|Bytes:5
00:57:01.0 (51343116)|VARIABLE_SCOPE_BEGIN|[76]|field|Schema.SObjectField|true|false
00:57:01.0 (51401379)|VARIABLE_ASSIGNMENT|[76]|field|"common.apex.runtime.impl.ApexFieldToken@20bc13ef"|0x20bc13ef
00:57:01.0 (51407935)|STATEMENT_EXECUTE|[76]
00:57:01.0 (51495039)|HEAP_ALLOCATE|[77]|Bytes:8
00:57:01.0 (51507590)|STATEMENT_EXECUTE|[78]
00:57:01.0 (51521730)|HEAP_ALLOCATE|[78]|Bytes:8
00:57:01.0 (51528362)|HEAP_ALLOCATE|[78]|Bytes:11
00:57:01.0 (51535513)|HEAP_ALLOCATE|[EXTERNAL]|Bytes:4
00:57:01.0 (51544923)|HEAP_ALLOCATE|[76]|Bytes:5
00:57:01.0 (51555872)|VARIABLE_SCOPE_BEGIN|[76]|field|Schema.SObjectField|true|false
00:57:01.0 (51612709)|VARIABLE_ASSIGNMENT|[76]|field|"common.apex.runtime.impl.ApexFieldToken@4bb06ac8"|0x4bb06ac8
00:57:01.0 (51619480)|STATEMENT_EXECUTE|[76]
00:57:01.0 (51690142)|HEAP_ALLOCATE|[77]|Bytes:8
00:57:01.0 (51700504)|STATEMENT_EXECUTE|[77]
00:57:01.0 (51708126)|HEAP_ALLOCATE|[76]|Bytes:5
00:57:01.0 (51718639)|VARIABLE_SCOPE_BEGIN|[76]|field|Schema.SObjectField|true|false
00:57:01.0 (51774460)|VARIABLE_ASSIGNMENT|[76]|field|"common.apex.runtime.impl.ApexFieldToken@2238e022"|0x2238e022
00:57:01.0 (51780583)|STATEMENT_EXECUTE|[76]
00:57:01.0 (51845819)|HEAP_ALLOCATE|[77]|Bytes:8
00:57:01.0 (51856419)|STATEMENT_EXECUTE|[78]
00:57:01.0 (51869712)|HEAP_ALLOCATE|[78]|Bytes:8
00:57:01.0 (51877429)|HEAP_ALLOCATE|[78]|Bytes:9
00:57:01.0 (51884755)|HEAP_ALLOCATE|[EXTERNAL]|Bytes:4
00:57:01.0 (51895025)|HEAP_ALLOCATE|[76]|Bytes:5
00:57:01.0 (51904894)|VARIABLE_SCOPE_BEGIN|[76]|field|Schema.SObjectField|true|false
00:57:01.0 (51959517)|VARIABLE_ASSIGNMENT|[76]|field|"common.apex.runtime.impl.ApexFieldToken@666f1aa5"|0x666f1aa5
00:57:01.0 (51966432)|STATEMENT_EXECUTE|[76]
00:57:01.0 (52056019)|HEAP_ALLOCATE|[77]|Bytes:8
00:57:01.0 (52067310)|STATEMENT_EXECUTE|[78]
00:57:01.0 (52080873)|HEAP_ALLOCATE|[78]|Bytes:8
00:57:01.0 (52088235)|HEAP_ALLOCATE|[78]|Bytes:9
00:57:01.0 (52095730)|HEAP_ALLOCATE|[EXTERNAL]|Bytes:4
00:57:01.0 (52106133)|HEAP_ALLOCATE|[76]|Bytes:5
00:57:01.0 (52116959)|VARIABLE_SCOPE_BEGIN|[76]|field|Schema.SObjectField|true|false
00:57:01.0 (52174011)|VARIABLE_ASSIGNMENT|[76]|field|"common.apex.runtime.impl.ApexFieldToken@260c5eec"|0x260c5eec
00:57:01.0 (52180813)|STATEMENT_EXECUTE|[76]
00:57:01.0 (52244912)|HEAP_ALLOCATE|[77]|Bytes:8
00:57:01.0 (52254424)|STATEMENT_EXECUTE|[78]
00:57:01.0 (52267332)|HEAP_ALLOCATE|[78]|Bytes:8
00:57:01.0 (52274712)|HEAP_ALLOCATE|[78]|Bytes:8
00:57:01.0 (52282293)|HEAP_ALLOCATE|[EXTERNAL]|Bytes:4
00:57:01.0 (52292277)|HEAP_ALLOCATE|[76]|Bytes:5
00:57:01.0 (52303243)|VARIABLE_SCOPE_BEGIN|[76]|field|Schema.SObjectField|true|false
00:57:01.0 (52359571)|VARIABLE_ASSIGNMENT|[76]|field|"common.apex.runtime.impl.ApexFieldToken@6e2296cf"|0x6e2296cf
00:57:01.0 (52366487)|STATEMENT_EXECUTE|[76]
00:57:01.0 (52446545)|HEAP_ALLOCATE|[77]|Bytes:8
00:57:01.0 (52457754)|STATEMENT_EXECUTE|[78]
00:57:01.0 (52470129)|HEAP_ALLOCATE|[78]|Bytes:8
00:57:01.0 (52477373)|HEAP_ALLOCATE|[78]|Bytes:11
00:57:01.0 (52485169)|HEAP_ALLOCATE|[EXTERNAL]|Bytes:4
00:57:01.0 (52495316)|HEAP_ALLOCATE|[76]|Bytes:5
00:57:01.0 (52507141)|VARIABLE_SCOPE_BEGIN|[76]|field|Schema.SObjectField|true|false
00:57:01.0 (91082257)|VARIABLE_ASSIGNMENT|[76]|field|"common.apex.runtime.impl.ApexFieldToken@b7e42d9"|0xb7e42d9
00:57:01.0 (91100718)|STATEMENT_EXECUTE|[76]
00:57:01.0 (91260662)|HEAP_ALLOCATE|[77]|Bytes:8
00:57:01.0 (91279108)|STATEMENT_EXECUTE|[78]
00:57:01.0 (91297386)|HEAP_ALLOCATE|[78]|Bytes:8
00:57:01.0 (91306616)|HEAP_ALLOCATE|[78]|Bytes:11
00:57:01.0 (91319978)|HEAP_ALLOCATE|[EXTERNAL]|Bytes:4
00:57:01.0 (91339667)|HEAP_ALLOCATE|[76]|Bytes:5
00:57:01.0 (91360651)|VARIABLE_SCOPE_BEGIN|[76]|field|Schema.SObjectField|true|false
00:57:01.0 (91447404)|VARIABLE_ASSIGNMENT|[76]|field|"common.apex.runtime.impl.ApexFieldToken@15dadb21"|0x15dadb21
00:57:01.0 (91455254)|STATEMENT_EXECUTE|[76]
00:57:01.0 (91556023)|HEAP_ALLOCATE|[77]|Bytes:8
00:57:01.0 (91568248)|STATEMENT_EXECUTE|[78]
00:57:01.0 (91583298)|HEAP_ALLOCATE|[78]|Bytes:8
00:57:01.0 (91590891)|HEAP_ALLOCATE|[78]|Bytes:16
00:57:01.0 (91599373)|HEAP_ALLOCATE|[EXTERNAL]|Bytes:4
00:57:01.0 (91610355)|HEAP_ALLOCATE|[76]|Bytes:5
00:57:01.0 (91622941)|VARIABLE_SCOPE_BEGIN|[76]|field|Schema.SObjectField|true|false
00:57:01.0 (91683387)|VARIABLE_ASSIGNMENT|[76]|field|"common.apex.runtime.impl.ApexFieldToken@51650c48"|0x51650c48
00:57:01.0 (91690464)|STATEMENT_EXECUTE|[76]
00:57:01.0 (91783565)|HEAP_ALLOCATE|[77]|Bytes:8
00:57:01.0 (91794943)|STATEMENT_EXECUTE|[78]
00:57:01.0 (91809085)|HEAP_ALLOCATE|[78]|Bytes:8
00:57:01.0 (91816561)|HEAP_ALLOCATE|[78]|Bytes:16
00:57:01.0 (91824573)|HEAP_ALLOCATE|[EXTERNAL]|Bytes:4
00:57:01.0 (91834493)|HEAP_ALLOCATE|[76]|Bytes:5
00:57:01.0 (91846286)|VARIABLE_SCOPE_BEGIN|[76]|field|Schema.SObjectField|true|false
00:57:01.0 (91925618)|VARIABLE_ASSIGNMENT|[76]|field|"common.apex.runtime.impl.ApexFieldToken@2b0b6c45"|0x2b0b6c45
00:57:01.0 (91937009)|STATEMENT_EXECUTE|[76]
00:57:01.0 (92039754)|HEAP_ALLOCATE|[77]|Bytes:8
00:57:01.0 (92056886)|STATEMENT_EXECUTE|[78]
00:57:01.0 (92077098)|HEAP_ALLOCATE|[78]|Bytes:8
00:57:01.0 (92089294)|HEAP_ALLOCATE|[78]|Bytes:14
00:57:01.0 (92100071)|HEAP_ALLOCATE|[EXTERNAL]|Bytes:4
00:57:01.0 (92116004)|HEAP_ALLOCATE|[76]|Bytes:5
00:57:01.0 (92133185)|VARIABLE_SCOPE_BEGIN|[76]|field|Schema.SObjectField|true|false
00:57:01.0 (92194735)|VARIABLE_ASSIGNMENT|[76]|field|"common.apex.runtime.impl.ApexFieldToken@521a8b77"|0x521a8b77
00:57:01.0 (92201648)|STATEMENT_EXECUTE|[76]
00:57:01.0 (92287092)|HEAP_ALLOCATE|[77]|Bytes:8
00:57:01.0 (92298209)|STATEMENT_EXECUTE|[78]
00:57:01.0 (92311793)|HEAP_ALLOCATE|[78]|Bytes:8
00:57:01.0 (92319767)|HEAP_ALLOCATE|[78]|Bytes:10
00:57:01.0 (92327202)|HEAP_ALLOCATE|[EXTERNAL]|Bytes:4
00:57:01.0 (92337099)|HEAP_ALLOCATE|[76]|Bytes:5
00:57:01.0 (92349015)|VARIABLE_SCOPE_BEGIN|[76]|field|Schema.SObjectField|true|false
00:57:01.0 (92429938)|VARIABLE_ASSIGNMENT|[76]|field|"common.apex.runtime.impl.ApexFieldToken@115a51c6"|0x115a51c6
00:57:01.0 (92448015)|STATEMENT_EXECUTE|[76]
00:57:01.0 (92568593)|HEAP_ALLOCATE|[77]|Bytes:8
00:57:01.0 (92581591)|STATEMENT_EXECUTE|[78]
00:57:01.0 (92596352)|HEAP_ALLOCATE|[78]|Bytes:8
00:57:01.0 (92603595)|HEAP_ALLOCATE|[78]|Bytes:21
00:57:01.0 (92610919)|HEAP_ALLOCATE|[EXTERNAL]|Bytes:4
00:57:01.0 (92621700)|HEAP_ALLOCATE|[76]|Bytes:5
00:57:01.0 (92633749)|VARIABLE_SCOPE_BEGIN|[76]|field|Schema.SObjectField|true|false
00:57:01.0 (92694214)|VARIABLE_ASSIGNMENT|[76]|field|"common.apex.runtime.impl.ApexFieldToken@68a418e9"|0x68a418e9
00:57:01.0 (92703995)|STATEMENT_EXECUTE|[76]
00:57:01.0 (92814956)|HEAP_ALLOCATE|[77]|Bytes:8
00:57:01.0 (92831589)|STATEMENT_EXECUTE|[78]
00:57:01.0 (92852077)|HEAP_ALLOCATE|[78]|Bytes:8
00:57:01.0 (92863250)|HEAP_ALLOCATE|[78]|Bytes:8
00:57:01.0 (92873438)|HEAP_ALLOCATE|[EXTERNAL]|Bytes:4
00:57:01.0 (92888955)|HEAP_ALLOCATE|[76]|Bytes:5
00:57:01.0 (92906896)|VARIABLE_SCOPE_BEGIN|[76]|field|Schema.SObjectField|true|false
00:57:01.0 (92990972)|VARIABLE_ASSIGNMENT|[76]|field|"common.apex.runtime.impl.ApexFieldToken@18bd28fc"|0x18bd28fc
00:57:01.0 (93001057)|STATEMENT_EXECUTE|[76]
00:57:01.0 (93117451)|HEAP_ALLOCATE|[77]|Bytes:8
00:57:01.0 (93129450)|STATEMENT_EXECUTE|[78]
00:57:01.0 (93143372)|HEAP_ALLOCATE|[78]|Bytes:8
00:57:01.0 (93150504)|HEAP_ALLOCATE|[78]|Bytes:15
00:57:01.0 (93158748)|HEAP_ALLOCATE|[EXTERNAL]|Bytes:4
00:57:01.0 (93169490)|HEAP_ALLOCATE|[76]|Bytes:5
00:57:01.0 (93182007)|VARIABLE_SCOPE_BEGIN|[76]|field|Schema.SObjectField|true|false
00:57:01.0 (93241178)|VARIABLE_ASSIGNMENT|[76]|field|"common.apex.runtime.impl.ApexFieldToken@1e7a49af"|0x1e7a49af
00:57:01.0 (93248243)|STATEMENT_EXECUTE|[76]
00:57:01.0 (93327294)|HEAP_ALLOCATE|[77]|Bytes:8
00:57:01.0 (93338740)|STATEMENT_EXECUTE|[78]
00:57:01.0 (93352014)|HEAP_ALLOCATE|[78]|Bytes:8
00:57:01.0 (93358796)|HEAP_ALLOCATE|[78]|Bytes:10
00:57:01.0 (93365548)|HEAP_ALLOCATE|[EXTERNAL]|Bytes:4
00:57:01.0 (93375896)|HEAP_ALLOCATE|[76]|Bytes:5
00:57:01.0 (93387377)|VARIABLE_SCOPE_BEGIN|[76]|field|Schema.SObjectField|true|false
00:57:01.0 (93448443)|VARIABLE_ASSIGNMENT|[76]|field|"common.apex.runtime.impl.ApexFieldToken@5d6dffc7"|0x5d6dffc7
00:57:01.0 (93454899)|STATEMENT_EXECUTE|[76]
00:57:01.0 (93563154)|HEAP_ALLOCATE|[77]|Bytes:8
00:57:01.0 (93578767)|STATEMENT_EXECUTE|[78]
00:57:01.0 (93600322)|HEAP_ALLOCATE|[78]|Bytes:8
00:57:01.0 (93612258)|HEAP_ALLOCATE|[78]|Bytes:16
00:57:01.0 (93623253)|HEAP_ALLOCATE|[EXTERNAL]|Bytes:4
00:57:01.0 (93638704)|HEAP_ALLOCATE|[76]|Bytes:5
00:57:01.0 (93656942)|VARIABLE_SCOPE_BEGIN|[76]|field|Schema.SObjectField|true|false
00:57:01.0 (93726193)|VARIABLE_ASSIGNMENT|[76]|field|"common.apex.runtime.impl.ApexFieldToken@15c6d7d3"|0x15c6d7d3
00:57:01.0 (93734135)|STATEMENT_EXECUTE|[76]
00:57:01.0 (93825594)|HEAP_ALLOCATE|[77]|Bytes:8
00:57:01.0 (93836931)|STATEMENT_EXECUTE|[78]
00:57:01.0 (93851145)|HEAP_ALLOCATE|[78]|Bytes:8
00:57:01.0 (93858445)|HEAP_ALLOCATE|[78]|Bytes:13
00:57:01.0 (93866259)|HEAP_ALLOCATE|[EXTERNAL]|Bytes:4
00:57:01.0 (93876431)|HEAP_ALLOCATE|[76]|Bytes:5
00:57:01.0 (93888234)|VARIABLE_SCOPE_BEGIN|[76]|field|Schema.SObjectField|true|false
00:57:01.0 (93946819)|VARIABLE_ASSIGNMENT|[76]|field|"common.apex.runtime.impl.ApexFieldToken@644de75f"|0x644de75f
00:57:01.0 (93953250)|STATEMENT_EXECUTE|[76]
00:57:01.0 (94052543)|HEAP_ALLOCATE|[77]|Bytes:8
00:57:01.0 (94063566)|STATEMENT_EXECUTE|[78]
00:57:01.0 (94076610)|HEAP_ALLOCATE|[78]|Bytes:8
00:57:01.0 (94084391)|HEAP_ALLOCATE|[78]|Bytes:20
00:57:01.0 (94092263)|HEAP_ALLOCATE|[EXTERNAL]|Bytes:4
00:57:01.0 (94102308)|HEAP_ALLOCATE|[76]|Bytes:5
00:57:01.0 (94112979)|VARIABLE_SCOPE_BEGIN|[76]|field|Schema.SObjectField|true|false
00:57:01.0 (94170442)|VARIABLE_ASSIGNMENT|[76]|field|"common.apex.runtime.impl.ApexFieldToken@28b6ed48"|0x28b6ed48
00:57:01.0 (94177752)|STATEMENT_EXECUTE|[76]
00:57:01.0 (94257598)|HEAP_ALLOCATE|[77]|Bytes:8
00:57:01.0 (94267503)|STATEMENT_EXECUTE|[78]
00:57:01.0 (94280342)|HEAP_ALLOCATE|[78]|Bytes:8
00:57:01.0 (94287021)|HEAP_ALLOCATE|[78]|Bytes:12
00:57:01.0 (94294124)|HEAP_ALLOCATE|[EXTERNAL]|Bytes:4
00:57:01.0 (94303529)|HEAP_ALLOCATE|[76]|Bytes:5
00:57:01.0 (94313948)|VARIABLE_SCOPE_BEGIN|[76]|field|Schema.SObjectField|true|false
00:57:01.0 (94369851)|VARIABLE_ASSIGNMENT|[76]|field|"common.apex.runtime.impl.ApexFieldToken@1a97ac5e"|0x1a97ac5e
00:57:01.0 (94376296)|STATEMENT_EXECUTE|[76]
00:57:01.0 (94453698)|HEAP_ALLOCATE|[77]|Bytes:8
00:57:01.0 (94464059)|STATEMENT_EXECUTE|[78]
00:57:01.0 (94476994)|HEAP_ALLOCATE|[78]|Bytes:8
00:57:01.0 (94483761)|HEAP_ALLOCATE|[78]|Bytes:23
00:57:01.0 (94490191)|HEAP_ALLOCATE|[EXTERNAL]|Bytes:4
00:57:01.0 (94499474)|HEAP_ALLOCATE|[76]|Bytes:5
00:57:01.0 (94510986)|VARIABLE_SCOPE_BEGIN|[76]|field|Schema.SObjectField|true|false
00:57:01.0 (94571084)|VARIABLE_ASSIGNMENT|[76]|field|"common.apex.runtime.impl.ApexFieldToken@39cc9890"|0x39cc9890
00:57:01.0 (94577600)|STATEMENT_EXECUTE|[76]
00:57:01.0 (94649493)|HEAP_ALLOCATE|[77]|Bytes:8
00:57:01.0 (94659643)|STATEMENT_EXECUTE|[78]
00:57:01.0 (94672075)|HEAP_ALLOCATE|[78]|Bytes:8
00:57:01.0 (94679670)|HEAP_ALLOCATE|[78]|Bytes:21
00:57:01.0 (94686074)|HEAP_ALLOCATE|[EXTERNAL]|Bytes:4
00:57:01.0 (94695765)|HEAP_ALLOCATE|[76]|Bytes:5
00:57:01.0 (94706139)|VARIABLE_SCOPE_BEGIN|[76]|field|Schema.SObjectField|true|false
00:57:01.0 (94762141)|VARIABLE_ASSIGNMENT|[76]|field|"common.apex.runtime.impl.ApexFieldToken@32b0f7e9"|0x32b0f7e9
00:57:01.0 (94768449)|STATEMENT_EXECUTE|[76]
00:57:01.0 (94839013)|HEAP_ALLOCATE|[77]|Bytes:8
00:57:01.0 (94848785)|STATEMENT_EXECUTE|[78]
00:57:01.0 (94861470)|HEAP_ALLOCATE|[78]|Bytes:8
00:57:01.0 (94868045)|HEAP_ALLOCATE|[78]|Bytes:24
00:57:01.0 (94874015)|HEAP_ALLOCATE|[EXTERNAL]|Bytes:4
00:57:01.0 (94883375)|HEAP_ALLOCATE|[76]|Bytes:5
00:57:01.0 (94893120)|VARIABLE_SCOPE_BEGIN|[76]|field|Schema.SObjectField|true|false
00:57:01.0 (94948037)|VARIABLE_ASSIGNMENT|[76]|field|"common.apex.runtime.impl.ApexFieldToken@2d73805a"|0x2d73805a
00:57:01.0 (94955011)|STATEMENT_EXECUTE|[76]
00:57:01.0 (95023136)|HEAP_ALLOCATE|[77]|Bytes:8
00:57:01.0 (95033434)|STATEMENT_EXECUTE|[78]
00:57:01.0 (95046575)|HEAP_ALLOCATE|[78]|Bytes:8
00:57:01.0 (95053130)|HEAP_ALLOCATE|[78]|Bytes:14
00:57:01.0 (95059464)|HEAP_ALLOCATE|[EXTERNAL]|Bytes:4
00:57:01.0 (95068615)|HEAP_ALLOCATE|[76]|Bytes:5
00:57:01.0 (95079053)|VARIABLE_SCOPE_BEGIN|[76]|field|Schema.SObjectField|true|false
00:57:01.0 (95133989)|VARIABLE_ASSIGNMENT|[76]|field|"common.apex.runtime.impl.ApexFieldToken@a212cf6"|0xa212cf6
00:57:01.0 (95140725)|STATEMENT_EXECUTE|[76]
00:57:01.0 (95210140)|HEAP_ALLOCATE|[77]|Bytes:8
00:57:01.0 (95219814)|STATEMENT_EXECUTE|[78]
00:57:01.0 (95232890)|HEAP_ALLOCATE|[78]|Bytes:8
00:57:01.0 (95239431)|HEAP_ALLOCATE|[78]|Bytes:18
00:57:01.0 (95245843)|HEAP_ALLOCATE|[EXTERNAL]|Bytes:4
00:57:01.0 (95255405)|HEAP_ALLOCATE|[76]|Bytes:5
00:57:01.0 (95266201)|VARIABLE_SCOPE_BEGIN|[76]|field|Schema.SObjectField|true|false
00:57:01.0 (95321231)|VARIABLE_ASSIGNMENT|[76]|field|"common.apex.runtime.impl.ApexFieldToken@57742d3a"|0x57742d3a
00:57:01.0 (95327833)|STATEMENT_EXECUTE|[76]
00:57:01.0 (95395038)|HEAP_ALLOCATE|[77]|Bytes:8
00:57:01.0 (95405219)|STATEMENT_EXECUTE|[78]
00:57:01.0 (95418144)|HEAP_ALLOCATE|[78]|Bytes:8
00:57:01.0 (95424409)|HEAP_ALLOCATE|[78]|Bytes:23
00:57:01.0 (95430525)|HEAP_ALLOCATE|[EXTERNAL]|Bytes:4
00:57:01.0 (95443124)|HEAP_ALLOCATE|[76]|Bytes:5
00:57:01.0 (95453609)|VARIABLE_SCOPE_BEGIN|[76]|field|Schema.SObjectField|true|false
00:57:01.0 (95508598)|VARIABLE_ASSIGNMENT|[76]|field|"common.apex.runtime.impl.ApexFieldToken@62ce8782"|0x62ce8782
00:57:01.0 (95516098)|STATEMENT_EXECUTE|[76]
00:57:01.0 (95585108)|HEAP_ALLOCATE|[77]|Bytes:8
00:57:01.0 (95594645)|STATEMENT_EXECUTE|[78]
00:57:01.0 (95607129)|HEAP_ALLOCATE|[78]|Bytes:8
00:57:01.0 (95613722)|HEAP_ALLOCATE|[78]|Bytes:20
00:57:01.0 (95620255)|HEAP_ALLOCATE|[EXTERNAL]|Bytes:4
00:57:01.0 (95629619)|HEAP_ALLOCATE|[76]|Bytes:5
00:57:01.0 (95640479)|VARIABLE_SCOPE_BEGIN|[76]|field|Schema.SObjectField|true|false
00:57:01.0 (95694941)|VARIABLE_ASSIGNMENT|[76]|field|"common.apex.runtime.impl.ApexFieldToken@530eaad1"|0x530eaad1
00:57:01.0 (95700946)|STATEMENT_EXECUTE|[76]
00:57:01.0 (95769540)|HEAP_ALLOCATE|[77]|Bytes:8
00:57:01.0 (95779543)|STATEMENT_EXECUTE|[78]
00:57:01.0 (95791715)|HEAP_ALLOCATE|[78]|Bytes:8
00:57:01.0 (95798330)|HEAP_ALLOCATE|[78]|Bytes:18
00:57:01.0 (95804179)|HEAP_ALLOCATE|[EXTERNAL]|Bytes:4
00:57:01.0 (95813013)|HEAP_ALLOCATE|[76]|Bytes:5
00:57:01.0 (95823168)|VARIABLE_SCOPE_BEGIN|[76]|field|Schema.SObjectField|true|false
00:57:01.0 (95876783)|VARIABLE_ASSIGNMENT|[76]|field|"common.apex.runtime.impl.ApexFieldToken@50cb6ada"|0x50cb6ada
00:57:01.0 (95882638)|STATEMENT_EXECUTE|[76]
00:57:01.0 (95980825)|HEAP_ALLOCATE|[77]|Bytes:8
00:57:01.0 (95995666)|STATEMENT_EXECUTE|[78]
00:57:01.0 (96015247)|HEAP_ALLOCATE|[78]|Bytes:8
00:57:01.0 (96026653)|HEAP_ALLOCATE|[78]|Bytes:21
00:57:01.0 (96036586)|HEAP_ALLOCATE|[EXTERNAL]|Bytes:4
00:57:01.0 (96050563)|HEAP_ALLOCATE|[76]|Bytes:5
00:57:01.0 (96067171)|VARIABLE_SCOPE_BEGIN|[76]|field|Schema.SObjectField|true|false
00:57:01.0 (96151001)|VARIABLE_ASSIGNMENT|[76]|field|"common.apex.runtime.impl.ApexFieldToken@26a08004"|0x26a08004
00:57:01.0 (96160936)|STATEMENT_EXECUTE|[76]
00:57:01.0 (96283689)|HEAP_ALLOCATE|[77]|Bytes:8
00:57:01.0 (96299796)|STATEMENT_EXECUTE|[78]
00:57:01.0 (96320923)|HEAP_ALLOCATE|[78]|Bytes:8
00:57:01.0 (96332150)|HEAP_ALLOCATE|[78]|Bytes:25
00:57:01.0 (96343780)|HEAP_ALLOCATE|[EXTERNAL]|Bytes:4
00:57:01.0 (96359341)|HEAP_ALLOCATE|[76]|Bytes:5
00:57:01.0 (96377520)|VARIABLE_SCOPE_BEGIN|[76]|field|Schema.SObjectField|true|false
00:57:01.0 (96469242)|VARIABLE_ASSIGNMENT|[76]|field|"common.apex.runtime.impl.ApexFieldToken@3044e1c5"|0x3044e1c5
00:57:01.0 (96476584)|STATEMENT_EXECUTE|[76]
00:57:01.0 (96574452)|HEAP_ALLOCATE|[77]|Bytes:8
00:57:01.0 (96586530)|STATEMENT_EXECUTE|[78]
00:57:01.0 (96601201)|HEAP_ALLOCATE|[78]|Bytes:8
00:57:01.0 (96609043)|HEAP_ALLOCATE|[78]|Bytes:11
00:57:01.0 (96616478)|HEAP_ALLOCATE|[EXTERNAL]|Bytes:4
00:57:01.0 (96626685)|HEAP_ALLOCATE|[76]|Bytes:5
00:57:01.0 (96636584)|VARIABLE_ASSIGNMENT|[76]|field|null|
00:57:01.0 (96641377)|STATEMENT_EXECUTE|[80]
00:57:01.0 (96646350)|VARIABLE_SCOPE_BEGIN|[80]|allfields|String|false|false
00:57:01.0 (96655811)|VARIABLE_ASSIGNMENT|[80]|allfields|""
00:57:01.0 (96702886)|HEAP_ALLOCATE|[81]|Bytes:5
00:57:01.0 (96710602)|HEAP_ALLOCATE|[81]|Bytes:2
00:57:01.0 (96716662)|VARIABLE_SCOPE_BEGIN|[81]|fieldname|String|false|false
00:57:01.0 (96724789)|VARIABLE_ASSIGNMENT|[81]|fieldname|"Id"
00:57:01.0 (96728773)|STATEMENT_EXECUTE|[82]
00:57:01.0 (96731167)|HEAP_ALLOCATE|[82]|Bytes:1
00:57:01.0 (96747231)|HEAP_ALLOCATE|[82]|Bytes:3
00:57:01.0 (96752476)|HEAP_ALLOCATE|[82]|Bytes:3
00:57:01.0 (96756764)|VARIABLE_ASSIGNMENT|[82]|allfields|"Id,"
00:57:01.0 (96764091)|HEAP_ALLOCATE|[81]|Bytes:5
00:57:01.0 (96770444)|HEAP_ALLOCATE|[81]|Bytes:5
00:57:01.0 (96775206)|VARIABLE_SCOPE_BEGIN|[81]|fieldname|String|false|false
00:57:01.0 (96782612)|VARIABLE_ASSIGNMENT|[81]|fieldname|"WhoId"
00:57:01.0 (96786030)|STATEMENT_EXECUTE|[82]
00:57:01.0 (96788623)|HEAP_ALLOCATE|[82]|Bytes:6
00:57:01.0 (96792320)|HEAP_ALLOCATE|[82]|Bytes:9
00:57:01.0 (96796060)|VARIABLE_ASSIGNMENT|[82]|allfields|"Id,WhoId,"
00:57:01.0 (96801779)|HEAP_ALLOCATE|[81]|Bytes:5
00:57:01.0 (96808053)|HEAP_ALLOCATE|[81]|Bytes:6
00:57:01.0 (96811982)|VARIABLE_SCOPE_BEGIN|[81]|fieldname|String|false|false
00:57:01.0 (96818246)|VARIABLE_ASSIGNMENT|[81]|fieldname|"WhatId"
00:57:01.0 (96821825)|STATEMENT_EXECUTE|[82]
00:57:01.0 (96824041)|HEAP_ALLOCATE|[82]|Bytes:7
00:57:01.0 (96827160)|HEAP_ALLOCATE|[82]|Bytes:16
00:57:01.0 (96830930)|VARIABLE_ASSIGNMENT|[82]|allfields|"Id,WhoId,WhatId,"
00:57:01.0 (96837109)|HEAP_ALLOCATE|[81]|Bytes:5
00:57:01.0 (96843088)|HEAP_ALLOCATE|[81]|Bytes:7
00:57:01.0 (96846526)|VARIABLE_SCOPE_BEGIN|[81]|fieldname|String|false|false
00:57:01.0 (96853221)|VARIABLE_ASSIGNMENT|[81]|fieldname|"Subject"
00:57:01.0 (96856984)|STATEMENT_EXECUTE|[82]
00:57:01.0 (96859243)|HEAP_ALLOCATE|[82]|Bytes:8
00:57:01.0 (96862542)|HEAP_ALLOCATE|[82]|Bytes:24
00:57:01.0 (96868335)|VARIABLE_ASSIGNMENT|[82]|allfields|"Id,WhoId,WhatId,Subj (4 more) ..."
00:57:01.0 (96874490)|HEAP_ALLOCATE|[81]|Bytes:5
00:57:01.0 (96880311)|HEAP_ALLOCATE|[81]|Bytes:12
00:57:01.0 (96884228)|VARIABLE_SCOPE_BEGIN|[81]|fieldname|String|false|false
00:57:01.0 (96891643)|VARIABLE_ASSIGNMENT|[81]|fieldname|"ActivityDate"
00:57:01.0 (96895247)|STATEMENT_EXECUTE|[82]
00:57:01.0 (96898388)|HEAP_ALLOCATE|[82]|Bytes:13
00:57:01.0 (96901689)|HEAP_ALLOCATE|[82]|Bytes:37
00:57:01.0 (96911840)|VARIABLE_ASSIGNMENT|[82]|allfields|"Id,WhoId,WhatId,Subj (17 more) ..."
00:57:01.0 (96919154)|HEAP_ALLOCATE|[81]|Bytes:5
00:57:01.0 (96925393)|HEAP_ALLOCATE|[81]|Bytes:6
00:57:01.0 (96929042)|VARIABLE_SCOPE_BEGIN|[81]|fieldname|String|false|false
00:57:01.0 (96934933)|VARIABLE_ASSIGNMENT|[81]|fieldname|"Status"
00:57:01.0 (96939082)|STATEMENT_EXECUTE|[82]
00:57:01.0 (96941341)|HEAP_ALLOCATE|[82]|Bytes:7
00:57:01.0 (96945397)|HEAP_ALLOCATE|[82]|Bytes:44
00:57:01.0 (96949920)|VARIABLE_ASSIGNMENT|[82]|allfields|"Id,WhoId,WhatId,Subj (24 more) ..."
00:57:01.0 (96956163)|HEAP_ALLOCATE|[81]|Bytes:5
00:57:01.0 (96961419)|HEAP_ALLOCATE|[81]|Bytes:8
00:57:01.0 (96964987)|VARIABLE_SCOPE_BEGIN|[81]|fieldname|String|false|false
00:57:01.0 (96971032)|VARIABLE_ASSIGNMENT|[81]|fieldname|"Priority"
00:57:01.0 (96973837)|STATEMENT_EXECUTE|[82]
00:57:01.0 (96976035)|HEAP_ALLOCATE|[82]|Bytes:9
00:57:01.0 (96979478)|HEAP_ALLOCATE|[82]|Bytes:53
00:57:01.0 (96984043)|VARIABLE_ASSIGNMENT|[82]|allfields|"Id,WhoId,WhatId,Subj (33 more) ..."
00:57:01.0 (96990676)|HEAP_ALLOCATE|[81]|Bytes:5
00:57:01.0 (96995855)|HEAP_ALLOCATE|[81]|Bytes:14
00:57:01.0 (96999467)|VARIABLE_SCOPE_BEGIN|[81]|fieldname|String|false|false
00:57:01.0 (97005431)|VARIABLE_ASSIGNMENT|[81]|fieldname|"IsHighPriority"
00:57:01.0 (97009720)|STATEMENT_EXECUTE|[82]
00:57:01.0 (97012213)|HEAP_ALLOCATE|[82]|Bytes:15
00:57:01.0 (97016285)|HEAP_ALLOCATE|[82]|Bytes:68
00:57:01.0 (97020613)|VARIABLE_ASSIGNMENT|[82]|allfields|"Id,WhoId,WhatId,Subj (48 more) ..."
00:57:01.0 (97026270)|HEAP_ALLOCATE|[81]|Bytes:5
00:57:01.0 (97031899)|HEAP_ALLOCATE|[81]|Bytes:7
00:57:01.0 (97035139)|VARIABLE_SCOPE_BEGIN|[81]|fieldname|String|false|false
00:57:01.0 (97041888)|VARIABLE_ASSIGNMENT|[81]|fieldname|"OwnerId"
00:57:01.0 (97044962)|STATEMENT_EXECUTE|[82]
00:57:01.0 (97047108)|HEAP_ALLOCATE|[82]|Bytes:8
00:57:01.0 (97050301)|HEAP_ALLOCATE|[82]|Bytes:76
00:57:01.0 (97054350)|VARIABLE_ASSIGNMENT|[82]|allfields|"Id,WhoId,WhatId,Subj (56 more) ..."
00:57:01.0 (97059656)|HEAP_ALLOCATE|[81]|Bytes:5
00:57:01.0 (97065583)|HEAP_ALLOCATE|[81]|Bytes:11
00:57:01.0 (97069041)|VARIABLE_SCOPE_BEGIN|[81]|fieldname|String|false|false
00:57:01.0 (97075533)|VARIABLE_ASSIGNMENT|[81]|fieldname|"Description"
00:57:01.0 (97078816)|STATEMENT_EXECUTE|[82]
00:57:01.0 (97080952)|HEAP_ALLOCATE|[82]|Bytes:12
00:57:01.0 (97084260)|HEAP_ALLOCATE|[82]|Bytes:88
00:57:01.0 (97089170)|VARIABLE_ASSIGNMENT|[82]|allfields|"Id,WhoId,WhatId,Subj (68 more) ..."
00:57:01.0 (97095186)|HEAP_ALLOCATE|[81]|Bytes:5
00:57:01.0 (97100382)|HEAP_ALLOCATE|[81]|Bytes:9
00:57:01.0 (97103867)|VARIABLE_SCOPE_BEGIN|[81]|fieldname|String|false|false
00:57:01.0 (97110810)|VARIABLE_ASSIGNMENT|[81]|fieldname|"IsDeleted"
00:57:01.0 (97114213)|STATEMENT_EXECUTE|[82]
00:57:01.0 (97116497)|HEAP_ALLOCATE|[82]|Bytes:10
00:57:01.0 (97119803)|HEAP_ALLOCATE|[82]|Bytes:98
00:57:01.0 (97124463)|VARIABLE_ASSIGNMENT|[82]|allfields|"Id,WhoId,WhatId,Subj (78 more) ..."
00:57:01.0 (97130398)|HEAP_ALLOCATE|[81]|Bytes:5
00:57:01.0 (97135933)|HEAP_ALLOCATE|[81]|Bytes:9
00:57:01.0 (97139377)|VARIABLE_SCOPE_BEGIN|[81]|fieldname|String|false|false
00:57:01.0 (97145907)|VARIABLE_ASSIGNMENT|[81]|fieldname|"AccountId"
00:57:01.0 (97149443)|STATEMENT_EXECUTE|[82]
00:57:01.0 (97151751)|HEAP_ALLOCATE|[82]|Bytes:10
00:57:01.0 (97155004)|HEAP_ALLOCATE|[82]|Bytes:108
00:57:01.0 (97159738)|VARIABLE_ASSIGNMENT|[82]|allfields|"Id,WhoId,WhatId,Subj (88 more) ..."
00:57:01.0 (97166086)|HEAP_ALLOCATE|[81]|Bytes:5
00:57:01.0 (97171475)|HEAP_ALLOCATE|[81]|Bytes:8
00:57:01.0 (97174990)|VARIABLE_SCOPE_BEGIN|[81]|fieldname|String|false|false
00:57:01.0 (97180990)|VARIABLE_ASSIGNMENT|[81]|fieldname|"IsClosed"
00:57:01.0 (97183931)|STATEMENT_EXECUTE|[82]
00:57:01.0 (97186046)|HEAP_ALLOCATE|[82]|Bytes:9
00:57:01.0 (97189085)|HEAP_ALLOCATE|[82]|Bytes:117
00:57:01.0 (97193684)|VARIABLE_ASSIGNMENT|[82]|allfields|"Id,WhoId,WhatId,Subj (97 more) ..."
00:57:01.0 (97199556)|HEAP_ALLOCATE|[81]|Bytes:5
00:57:01.0 (97204817)|HEAP_ALLOCATE|[81]|Bytes:11
00:57:01.0 (97208197)|VARIABLE_SCOPE_BEGIN|[81]|fieldname|String|false|false
00:57:01.0 (97214403)|VARIABLE_ASSIGNMENT|[81]|fieldname|"CreatedDate"
00:57:01.0 (97217529)|STATEMENT_EXECUTE|[82]
00:57:01.0 (97219781)|HEAP_ALLOCATE|[82]|Bytes:12
00:57:01.0 (97223335)|HEAP_ALLOCATE|[82]|Bytes:129
00:57:01.0 (97228302)|VARIABLE_ASSIGNMENT|[82]|allfields|"Id,WhoId,WhatId,Subj (109 more) ..."
00:57:01.0 (97234615)|HEAP_ALLOCATE|[81]|Bytes:5
00:57:01.0 (97240174)|HEAP_ALLOCATE|[81]|Bytes:11
00:57:01.0 (97243518)|VARIABLE_SCOPE_BEGIN|[81]|fieldname|String|false|false
00:57:01.0 (97250079)|VARIABLE_ASSIGNMENT|[81]|fieldname|"CreatedById"
00:57:01.0 (97253137)|STATEMENT_EXECUTE|[82]
00:57:01.0 (97255309)|HEAP_ALLOCATE|[82]|Bytes:12
00:57:01.0 (97259129)|HEAP_ALLOCATE|[82]|Bytes:141
00:57:01.0 (97263696)|VARIABLE_ASSIGNMENT|[82]|allfields|"Id,WhoId,WhatId,Subj (121 more) ..."
00:57:01.0 (97269185)|HEAP_ALLOCATE|[81]|Bytes:5
00:57:01.0 (97274143)|HEAP_ALLOCATE|[81]|Bytes:16
00:57:01.0 (97277809)|VARIABLE_SCOPE_BEGIN|[81]|fieldname|String|false|false
00:57:01.0 (97285463)|VARIABLE_ASSIGNMENT|[81]|fieldname|"LastModifiedDate"
00:57:01.0 (97289235)|STATEMENT_EXECUTE|[82]
00:57:01.0 (97291353)|HEAP_ALLOCATE|[82]|Bytes:17
00:57:01.0 (97294906)|HEAP_ALLOCATE|[82]|Bytes:158
00:57:01.0 (97299296)|VARIABLE_ASSIGNMENT|[82]|allfields|"Id,WhoId,WhatId,Subj (138 more) ..."
00:57:01.0 (97305287)|HEAP_ALLOCATE|[81]|Bytes:5
00:57:01.0 (97310673)|HEAP_ALLOCATE|[81]|Bytes:16
00:57:01.0 (97314258)|VARIABLE_SCOPE_BEGIN|[81]|fieldname|String|false|false
00:57:01.0 (97320282)|VARIABLE_ASSIGNMENT|[81]|fieldname|"LastModifiedById"
00:57:01.0 (97323324)|STATEMENT_EXECUTE|[82]
00:57:01.0 (97325458)|HEAP_ALLOCATE|[82]|Bytes:17
00:57:01.0 (97329423)|HEAP_ALLOCATE|[82]|Bytes:175
00:57:01.0 (97334041)|VARIABLE_ASSIGNMENT|[82]|allfields|"Id,WhoId,WhatId,Subj (155 more) ..."
00:57:01.0 (97340574)|HEAP_ALLOCATE|[81]|Bytes:5
00:57:01.0 (97345981)|HEAP_ALLOCATE|[81]|Bytes:14
00:57:01.0 (97349588)|VARIABLE_SCOPE_BEGIN|[81]|fieldname|String|false|false
00:57:01.0 (97355577)|VARIABLE_ASSIGNMENT|[81]|fieldname|"SystemModstamp"
00:57:01.0 (97358461)|STATEMENT_EXECUTE|[82]
00:57:01.0 (97360579)|HEAP_ALLOCATE|[82]|Bytes:15
00:57:01.0 (97364118)|HEAP_ALLOCATE|[82]|Bytes:190
00:57:01.0 (97368338)|VARIABLE_ASSIGNMENT|[82]|allfields|"Id,WhoId,WhatId,Subj (170 more) ..."
00:57:01.0 (97374300)|HEAP_ALLOCATE|[81]|Bytes:5
00:57:01.0 (97379386)|HEAP_ALLOCATE|[81]|Bytes:10
00:57:01.0 (97383641)|VARIABLE_SCOPE_BEGIN|[81]|fieldname|String|false|false
00:57:01.0 (97391454)|VARIABLE_ASSIGNMENT|[81]|fieldname|"IsArchived"
00:57:01.0 (97397111)|STATEMENT_EXECUTE|[82]
00:57:01.0 (97400779)|HEAP_ALLOCATE|[82]|Bytes:11
00:57:01.0 (97407123)|HEAP_ALLOCATE|[82]|Bytes:201
00:57:01.0 (97415786)|VARIABLE_ASSIGNMENT|[82]|allfields|"Id,WhoId,WhatId,Subj (181 more) ..."
00:57:01.0 (97427989)|HEAP_ALLOCATE|[81]|Bytes:5
00:57:01.0 (97443449)|HEAP_ALLOCATE|[81]|Bytes:21
00:57:01.0 (97450028)|VARIABLE_SCOPE_BEGIN|[81]|fieldname|String|false|false
00:57:01.0 (97462056)|VARIABLE_ASSIGNMENT|[81]|fieldname|"CallDurationInSecond (1 more) ..."
00:57:01.0 (97468293)|STATEMENT_EXECUTE|[82]
00:57:01.0 (97472620)|HEAP_ALLOCATE|[82]|Bytes:22
00:57:01.0 (97478933)|HEAP_ALLOCATE|[82]|Bytes:223
00:57:01.0 (97487514)|VARIABLE_ASSIGNMENT|[82]|allfields|"Id,WhoId,WhatId,Subj (203 more) ..."
00:57:01.0 (97499712)|HEAP_ALLOCATE|[81]|Bytes:5
00:57:01.0 (97509563)|HEAP_ALLOCATE|[81]|Bytes:8
00:57:01.0 (97515934)|VARIABLE_SCOPE_BEGIN|[81]|fieldname|String|false|false
00:57:01.0 (97523877)|VARIABLE_ASSIGNMENT|[81]|fieldname|"CallType"
00:57:01.0 (97527052)|STATEMENT_EXECUTE|[82]
00:57:01.0 (97529751)|HEAP_ALLOCATE|[82]|Bytes:9
00:57:01.0 (97533091)|HEAP_ALLOCATE|[82]|Bytes:232
00:57:01.0 (97537538)|VARIABLE_ASSIGNMENT|[82]|allfields|"Id,WhoId,WhatId,Subj (212 more) ..."
00:57:01.0 (97544395)|HEAP_ALLOCATE|[81]|Bytes:5
00:57:01.0 (97550549)|HEAP_ALLOCATE|[81]|Bytes:15
00:57:01.0 (97554042)|VARIABLE_SCOPE_BEGIN|[81]|fieldname|String|false|false
00:57:01.0 (97560853)|VARIABLE_ASSIGNMENT|[81]|fieldname|"CallDisposition"
00:57:01.0 (97564331)|STATEMENT_EXECUTE|[82]
00:57:01.0 (97566457)|HEAP_ALLOCATE|[82]|Bytes:16
00:57:01.0 (97570263)|HEAP_ALLOCATE|[82]|Bytes:248
00:57:01.0 (97574625)|VARIABLE_ASSIGNMENT|[82]|allfields|"Id,WhoId,WhatId,Subj (228 more) ..."
00:57:01.0 (97580795)|HEAP_ALLOCATE|[81]|Bytes:5
00:57:01.0 (97585997)|HEAP_ALLOCATE|[81]|Bytes:10
00:57:01.0 (97589635)|VARIABLE_SCOPE_BEGIN|[81]|fieldname|String|false|false
00:57:01.0 (97596206)|VARIABLE_ASSIGNMENT|[81]|fieldname|"CallObject"
00:57:01.0 (97599408)|STATEMENT_EXECUTE|[82]
00:57:01.0 (97601574)|HEAP_ALLOCATE|[82]|Bytes:11
00:57:01.0 (97604973)|HEAP_ALLOCATE|[82]|Bytes:259
00:57:01.0 (97609708)|VARIABLE_ASSIGNMENT|[82]|allfields|"Id,WhoId,WhatId,Subj (239 more) ..."
00:57:01.0 (97616107)|HEAP_ALLOCATE|[81]|Bytes:5
00:57:01.0 (97621334)|HEAP_ALLOCATE|[81]|Bytes:16
00:57:01.0 (97625232)|VARIABLE_SCOPE_BEGIN|[81]|fieldname|String|false|false
00:57:01.0 (97631451)|VARIABLE_ASSIGNMENT|[81]|fieldname|"ReminderDateTime"
00:57:01.0 (97634247)|STATEMENT_EXECUTE|[82]
00:57:01.0 (97636378)|HEAP_ALLOCATE|[82]|Bytes:17
00:57:01.0 (97640198)|HEAP_ALLOCATE|[82]|Bytes:276
00:57:01.0 (97644628)|VARIABLE_ASSIGNMENT|[82]|allfields|"Id,WhoId,WhatId,Subj (256 more) ..."
00:57:01.0 (97650501)|HEAP_ALLOCATE|[81]|Bytes:5
00:57:01.0 (97655891)|HEAP_ALLOCATE|[81]|Bytes:13
00:57:01.0 (97659722)|VARIABLE_SCOPE_BEGIN|[81]|fieldname|String|false|false
00:57:01.0 (97666824)|VARIABLE_ASSIGNMENT|[81]|fieldname|"IsReminderSet"
00:57:01.0 (97670293)|STATEMENT_EXECUTE|[82]
00:57:01.0 (97672437)|HEAP_ALLOCATE|[82]|Bytes:14
00:57:01.0 (97677331)|HEAP_ALLOCATE|[82]|Bytes:290
00:57:01.0 (97685430)|VARIABLE_ASSIGNMENT|[82]|allfields|"Id,WhoId,WhatId,Subj (270 more) ..."
00:57:01.0 (97696780)|HEAP_ALLOCATE|[81]|Bytes:5
00:57:01.0 (97709717)|HEAP_ALLOCATE|[81]|Bytes:20
00:57:01.0 (97716873)|VARIABLE_SCOPE_BEGIN|[81]|fieldname|String|false|false
00:57:01.0 (97728182)|VARIABLE_ASSIGNMENT|[81]|fieldname|"RecurrenceActivityId"
00:57:01.0 (97733660)|STATEMENT_EXECUTE|[82]
00:57:01.0 (97738430)|HEAP_ALLOCATE|[82]|Bytes:21
00:57:01.0 (97744701)|HEAP_ALLOCATE|[82]|Bytes:311
00:57:01.0 (97753499)|VARIABLE_ASSIGNMENT|[82]|allfields|"Id,WhoId,WhatId,Subj (291 more) ..."
00:57:01.0 (97766088)|HEAP_ALLOCATE|[81]|Bytes:5
00:57:01.0 (97775333)|HEAP_ALLOCATE|[81]|Bytes:12
00:57:01.0 (97781480)|VARIABLE_SCOPE_BEGIN|[81]|fieldname|String|false|false
00:57:01.0 (97792431)|VARIABLE_ASSIGNMENT|[81]|fieldname|"IsRecurrence"
00:57:01.0 (97798979)|STATEMENT_EXECUTE|[82]
00:57:01.0 (97802943)|HEAP_ALLOCATE|[82]|Bytes:13
00:57:01.0 (97809167)|HEAP_ALLOCATE|[82]|Bytes:324
00:57:01.0 (97817782)|VARIABLE_ASSIGNMENT|[82]|allfields|"Id,WhoId,WhatId,Subj (304 more) ..."
00:57:01.0 (97829639)|HEAP_ALLOCATE|[81]|Bytes:5
00:57:01.0 (97839265)|HEAP_ALLOCATE|[81]|Bytes:23
00:57:01.0 (97845460)|VARIABLE_SCOPE_BEGIN|[81]|fieldname|String|false|false
00:57:01.0 (97857533)|VARIABLE_ASSIGNMENT|[81]|fieldname|"RecurrenceStartDateO (3 more) ..."
00:57:01.0 (97863434)|STATEMENT_EXECUTE|[82]
00:57:01.0 (97867275)|HEAP_ALLOCATE|[82]|Bytes:24
00:57:01.0 (97873042)|HEAP_ALLOCATE|[82]|Bytes:348
00:57:01.0 (97881035)|VARIABLE_ASSIGNMENT|[82]|allfields|"Id,WhoId,WhatId,Subj (328 more) ..."
00:57:01.0 (97892134)|HEAP_ALLOCATE|[81]|Bytes:5
00:57:01.0 (97901018)|HEAP_ALLOCATE|[81]|Bytes:21
00:57:01.0 (97906687)|VARIABLE_SCOPE_BEGIN|[81]|fieldname|String|false|false
00:57:01.0 (97918851)|VARIABLE_ASSIGNMENT|[81]|fieldname|"RecurrenceEndDateOnl (1 more) ..."
00:57:01.0 (97925184)|STATEMENT_EXECUTE|[82]
00:57:01.0 (97929412)|HEAP_ALLOCATE|[82]|Bytes:22
00:57:01.0 (97935775)|HEAP_ALLOCATE|[82]|Bytes:370
00:57:01.0 (97943654)|VARIABLE_ASSIGNMENT|[82]|allfields|"Id,WhoId,WhatId,Subj (350 more) ..."
00:57:01.0 (97956212)|HEAP_ALLOCATE|[81]|Bytes:5
00:57:01.0 (97970446)|HEAP_ALLOCATE|[81]|Bytes:24
00:57:01.0 (97981273)|VARIABLE_SCOPE_BEGIN|[81]|fieldname|String|false|false
00:57:01.0 (97997898)|VARIABLE_ASSIGNMENT|[81]|fieldname|"RecurrenceTimeZoneSi (4 more) ..."
00:57:01.0 (98003531)|STATEMENT_EXECUTE|[82]
00:57:01.0 (98008852)|HEAP_ALLOCATE|[82]|Bytes:25
00:57:01.0 (98015074)|HEAP_ALLOCATE|[82]|Bytes:395
00:57:01.0 (98023017)|VARIABLE_ASSIGNMENT|[82]|allfields|"Id,WhoId,WhatId,Subj (375 more) ..."
00:57:01.0 (98030966)|HEAP_ALLOCATE|[81]|Bytes:5
00:57:01.0 (98036769)|HEAP_ALLOCATE|[81]|Bytes:14
00:57:01.0 (98040256)|VARIABLE_SCOPE_BEGIN|[81]|fieldname|String|false|false
00:57:01.0 (98047236)|VARIABLE_ASSIGNMENT|[81]|fieldname|"RecurrenceType"
00:57:01.0 (98051173)|STATEMENT_EXECUTE|[82]
00:57:01.0 (98053735)|HEAP_ALLOCATE|[82]|Bytes:15
00:57:01.0 (98057129)|HEAP_ALLOCATE|[82]|Bytes:410
00:57:01.0 (98061417)|VARIABLE_ASSIGNMENT|[82]|allfields|"Id,WhoId,WhatId,Subj (390 more) ..."
00:57:01.0 (98067608)|HEAP_ALLOCATE|[81]|Bytes:5
00:57:01.0 (98072863)|HEAP_ALLOCATE|[81]|Bytes:18
00:57:01.0 (98076462)|VARIABLE_SCOPE_BEGIN|[81]|fieldname|String|false|false
00:57:01.0 (98083328)|VARIABLE_ASSIGNMENT|[81]|fieldname|"RecurrenceInterval"
00:57:01.0 (98086615)|STATEMENT_EXECUTE|[82]
00:57:01.0 (98088663)|HEAP_ALLOCATE|[82]|Bytes:19
00:57:01.0 (98092199)|HEAP_ALLOCATE|[82]|Bytes:429
00:57:01.0 (98097283)|VARIABLE_ASSIGNMENT|[82]|allfields|"Id,WhoId,WhatId,Subj (409 more) ..."
00:57:01.0 (98103521)|HEAP_ALLOCATE|[81]|Bytes:5
00:57:01.0 (98108920)|HEAP_ALLOCATE|[81]|Bytes:23
00:57:01.0 (98112142)|VARIABLE_SCOPE_BEGIN|[81]|fieldname|String|false|false
00:57:01.0 (98118996)|VARIABLE_ASSIGNMENT|[81]|fieldname|"RecurrenceDayOfWeekM (3 more) ..."
00:57:01.0 (98122057)|STATEMENT_EXECUTE|[82]
00:57:01.0 (98124488)|HEAP_ALLOCATE|[82]|Bytes:24
00:57:01.0 (98128069)|HEAP_ALLOCATE|[82]|Bytes:453
00:57:01.0 (98132359)|VARIABLE_ASSIGNMENT|[82]|allfields|"Id,WhoId,WhatId,Subj (433 more) ..."
00:57:01.0 (98137928)|HEAP_ALLOCATE|[81]|Bytes:5
00:57:01.0 (98143043)|HEAP_ALLOCATE|[81]|Bytes:20
00:57:01.0 (98146607)|VARIABLE_SCOPE_BEGIN|[81]|fieldname|String|false|false
00:57:01.0 (98153559)|VARIABLE_ASSIGNMENT|[81]|fieldname|"RecurrenceDayOfMonth"
00:57:01.0 (98156756)|STATEMENT_EXECUTE|[82]
00:57:01.0 (98158882)|HEAP_ALLOCATE|[82]|Bytes:21
00:57:01.0 (98162132)|HEAP_ALLOCATE|[82]|Bytes:474
00:57:01.0 (98166738)|VARIABLE_ASSIGNMENT|[82]|allfields|"Id,WhoId,WhatId,Subj (454 more) ..."
00:57:01.0 (98172399)|HEAP_ALLOCATE|[81]|Bytes:5
00:57:01.0 (98177658)|HEAP_ALLOCATE|[81]|Bytes:18
00:57:01.0 (98180981)|VARIABLE_SCOPE_BEGIN|[81]|fieldname|String|false|false
00:57:01.0 (98186930)|VARIABLE_ASSIGNMENT|[81]|fieldname|"RecurrenceInstance"
00:57:01.0 (98189911)|STATEMENT_EXECUTE|[82]
00:57:01.0 (98192237)|HEAP_ALLOCATE|[82]|Bytes:19
00:57:01.0 (98196136)|HEAP_ALLOCATE|[82]|Bytes:493
00:57:01.0 (98200321)|VARIABLE_ASSIGNMENT|[82]|allfields|"Id,WhoId,WhatId,Subj (473 more) ..."
00:57:01.0 (98205775)|HEAP_ALLOCATE|[81]|Bytes:5
00:57:01.0 (98210509)|HEAP_ALLOCATE|[81]|Bytes:21
00:57:01.0 (98214003)|VARIABLE_SCOPE_BEGIN|[81]|fieldname|String|false|false
00:57:01.0 (98221875)|VARIABLE_ASSIGNMENT|[81]|fieldname|"RecurrenceMonthOfYea (1 more) ..."
00:57:01.0 (98225617)|STATEMENT_EXECUTE|[82]
00:57:01.0 (98227951)|HEAP_ALLOCATE|[82]|Bytes:22
00:57:01.0 (98231766)|HEAP_ALLOCATE|[82]|Bytes:515
00:57:01.0 (98236617)|VARIABLE_ASSIGNMENT|[82]|allfields|"Id,WhoId,WhatId,Subj (495 more) ..."
00:57:01.0 (98242358)|HEAP_ALLOCATE|[81]|Bytes:5
00:57:01.0 (98247359)|HEAP_ALLOCATE|[81]|Bytes:25
00:57:01.0 (98250898)|VARIABLE_SCOPE_BEGIN|[81]|fieldname|String|false|false
00:57:01.0 (98257585)|VARIABLE_ASSIGNMENT|[81]|fieldname|"RecurrenceRegenerate (5 more) ..."
00:57:01.0 (98260412)|STATEMENT_EXECUTE|[82]
00:57:01.0 (98262549)|HEAP_ALLOCATE|[82]|Bytes:26
00:57:01.0 (98266957)|HEAP_ALLOCATE|[82]|Bytes:541
00:57:01.0 (98271394)|VARIABLE_ASSIGNMENT|[82]|allfields|"Id,WhoId,WhatId,Subj (521 more) ..."
00:57:01.0 (98276988)|HEAP_ALLOCATE|[81]|Bytes:5
00:57:01.0 (98282552)|HEAP_ALLOCATE|[81]|Bytes:11
00:57:01.0 (98285666)|VARIABLE_SCOPE_BEGIN|[81]|fieldname|String|false|false
00:57:01.0 (98292033)|VARIABLE_ASSIGNMENT|[81]|fieldname|"TaskSubtype"
00:57:01.0 (98295316)|STATEMENT_EXECUTE|[82]
00:57:01.0 (98297638)|HEAP_ALLOCATE|[82]|Bytes:12
00:57:01.0 (98301509)|HEAP_ALLOCATE|[82]|Bytes:553
00:57:01.0 (98306066)|VARIABLE_ASSIGNMENT|[82]|allfields|"Id,WhoId,WhatId,Subj (533 more) ..."
00:57:01.0 (98312035)|HEAP_ALLOCATE|[81]|Bytes:5
00:57:01.0 (98318337)|VARIABLE_ASSIGNMENT|[81]|fieldname|null
00:57:01.0 (98321960)|STATEMENT_EXECUTE|[84]
00:57:01.0 (98381032)|HEAP_ALLOCATE|[84]|Bytes:552
00:57:01.0 (98391674)|VARIABLE_ASSIGNMENT|[84]|allfields|"Id,WhoId,WhatId,Subj (532 more) ..."
00:57:01.0 (98395524)|STATEMENT_EXECUTE|[86]
00:57:01.0 (98410592)|METHOD_EXIT|[19]|01p7F00000HhQR4|PM_Job_New_Controller.getAllFields(String)
00:57:01.0 (98421139)|HEAP_ALLOCATE|[19]|Bytes:10
00:57:01.0 (98439264)|HEAP_ALLOCATE|[19]|Bytes:569
00:57:01.0 (98957662)|SOQL_EXECUTE_BEGIN|[19]|Aggregations:0|select Id,WhoId,WhatId,Subject,ActivityDate,Status,Priority,IsHighPriority,OwnerId,Description,IsDeleted,AccountId,IsClosed,CreatedDate,CreatedById,LastModifiedDate,LastModifiedById,SystemModstamp,IsArchived,CallDurationInSeconds,CallType,CallDisposition,CallObject,ReminderDateTime,IsReminderSet,RecurrenceActivityId,IsRecurrence,RecurrenceStartDateOnly,RecurrenceEndDateOnly,RecurrenceTimeZoneSidKey,RecurrenceType,RecurrenceInterval,RecurrenceDayOfWeekMask,RecurrenceDayOfMonth,RecurrenceInstance,RecurrenceMonthOfYear,RecurrenceRegeneratedType,TaskSubtype from Task
00:57:01.0 (107118334)|SOQL_EXECUTE_END|[19]|Rows:3
00:57:01.0 (107161582)|HEAP_ALLOCATE|[19]|Bytes:16
00:57:01.0 (107199473)|HEAP_ALLOCATE|[19]|Bytes:1427
00:57:01.0 (107270841)|HEAP_ALLOCATE|[19]|Bytes:16
00:57:01.0 (107304374)|VARIABLE_SCOPE_BEGIN|[19]|task|List<Task>|true|false
00:57:01.0 (107454056)|VARIABLE_ASSIGNMENT|[19]|task|[{"Id":"00T7F000009TyUbUAK","WhoId":"00Q7F0000030w5tUAA","Subject":"Other","Status":"Completed","Priority":"Normal","IsHighPriority":false,"OwnerId":"0057F000000T34oQAC","IsDeleted":false,"IsClosed":true,"CreatedDate":"2017-10-10T16:56:11.000Z","CreatedById":"0057F000000T34oQAC","LastModifiedDate":"2017-10-25T03:00:11.000Z","LastModifiedById":"0057F000000T34oQAC","SystemModstamp":"2017-10-25T03:00:11.000Z","IsArchived":false,"IsReminderSet":false,"IsRecurrence":false,"TaskSubtype":"Task"},{"Id":"00T7F000009TyexUAC","WhoId":"0037F00000BmYSmQAN","WhatId":"0067F0000051AquQAE","Subject":"Call","ActivityDate":"2017-10-11T00:00:00.000Z","Status":"Completed","Priority":"Normal","IsHighPriority":false,"OwnerId":"0057F000000T34oQAC","IsDeleted":false,"AccountId":"0017F00000HVkX6QAL","IsClosed":true,"CreatedDate":"2017-10-10T18:44:53.000Z","CreatedById":"0057F000000T34oQAC","LastModifiedDate":"2017-10-25T03:00:39.000Z","LastModifiedById":"0057F000000T34oQAC","SystemModstamp":"2017-10-25T03:00:39.000Z","IsArchived":false,"ReminderDateTime":"2017-10-10T15:00:00.000Z","IsReminderSet":false,"IsRecurrence":false,"TaskSubtype":"Task"},{"Id":"00T7F00000DvfQzUAJ","WhoId":"0037F00000INcziQAD","WhatId":"0067F000006ogtuQAA","Subject":"test","ActivityDate":"2017-11-29T00:00:00.000Z","Status":"In Progress","Priority":"Normal","IsHighPriority":false,"OwnerId":"0057F000000T34oQAC","IsDeleted":false,"AccountId":"0017F00000HVkX6QAL","IsClosed":false,"CreatedDate":"2017-11-29T14:43:25.000Z","CreatedById":"0057F000000T34oQAC","LastModifiedDate":"2017-12-11T13:25:59.000Z","LastModifiedById":"0057F000000T34oQAC","SystemModstamp":"2017-12-11T13:25:59.000Z","IsArchived":false,"ReminderDateTime":"2017-11-29T16:00:00.000Z","IsReminderSet":false,"IsRecurrence":false,"TaskSubtype":"Task"}]|0x4d9a144e
00:57:01.0 (107499880)|STATEMENT_EXECUTE|[20]
00:57:01.0 (107506742)|HEAP_ALLOCATE|[20]|Bytes:36
00:57:01.0 (107903378)|HEAP_ALLOCATE|[20]|Bytes:1582
00:57:01.0 (107936463)|HEAP_ALLOCATE|[20]|Bytes:1618
00:57:01.0 (107967022)|USER_DEBUG|[20]|DEBUG|------------------------------------(Task:{Id=00T7F000009TyUbUAK, WhoId=00Q7F0000030w5tUAA, Subject=Other, Status=Completed, Priority=Normal, IsHighPriority=false, OwnerId=0057F000000T34oQAC, IsDeleted=false, IsClosed=true, CreatedDate=2017-10-10 16:56:11, CreatedById=0057F000000T34oQAC, LastModifiedDate=2017-10-25 03:00:11, LastModifiedById=0057F000000T34oQAC, SystemModstamp=2017-10-25 03:00:11, IsArchived=false, IsReminderSet=false, IsRecurrence=false, TaskSubtype=Task}, Task:{Id=00T7F000009TyexUAC, WhoId=0037F00000BmYSmQAN, WhatId=0067F0000051AquQAE, Subject=Call, ActivityDate=2017-10-11 00:00:00, Status=Completed, Priority=Normal, IsHighPriority=false, OwnerId=0057F000000T34oQAC, IsDeleted=false, AccountId=0017F00000HVkX6QAL, IsClosed=true, CreatedDate=2017-10-10 18:44:53, CreatedById=0057F000000T34oQAC, LastModifiedDate=2017-10-25 03:00:39, LastModifiedById=0057F000000T34oQAC, SystemModstamp=2017-10-25 03:00:39, IsArchived=false, ReminderDateTime=2017-10-10 15:00:00, IsReminderSet=false, IsRecurrence=false, TaskSubtype=Task}, Task:{Id=00T7F00000DvfQzUAJ, WhoId=0037F00000INcziQAD, WhatId=0067F000006ogtuQAA, Subject=test, ActivityDate=2017-11-29 00:00:00, Status=In Progress, Priority=Normal, IsHighPriority=false, OwnerId=0057F000000T34oQAC, IsDeleted=false, AccountId=0017F00000HVkX6QAL, IsClosed=false, CreatedDate=2017-11-29 14:43:25, CreatedById=0057F000000T34oQAC, LastModifiedDate=2017-12-11 13:25:59, LastModifiedById=0057F000000T34oQAC, SystemModstamp=2017-12-11 13:25:59, IsArchived=false, ReminderDateTime=2017-11-29 16:00:00, IsReminderSet=false, IsRecurrence=false, TaskSubtype=Task})
00:57:01.0 (108010790)|STATEMENT_EXECUTE|[21]
00:57:01.0 (108058859)|HEAP_ALLOCATE|[21]|Bytes:85
00:57:01.0 (108077177)|SYSTEM_METHOD_ENTRY|[1]|UserInfo.UserInfo()
00:57:01.0 (108082592)|STATEMENT_EXECUTE|[1]
00:57:01.0 (108096471)|SYSTEM_METHOD_EXIT|[1]|UserInfo
00:57:01.0 (108112331)|METHOD_ENTRY|[21]||System.UserInfo.getUserId()
00:57:01.0 (108160585)|METHOD_EXIT|[21]||System.UserInfo.getUserId()
00:57:01.0 (108169781)|HEAP_ALLOCATE|[21]|Bytes:5
00:57:01.0 (108190935)|METHOD_ENTRY|[21]||System.UserInfo.getUserName()
00:57:01.0 (108219620)|METHOD_EXIT|[21]||System.UserInfo.getUserName()
00:57:01.0 (108235330)|HEAP_ALLOCATE|[21]|Bytes:80
00:57:01.0 (108247877)|USER_DEBUG|[21]|DEBUG|------------------------------------0057F000000Tiz6QAC-----ksb994@salesforce.com
00:57:01.0 (108264762)|SYSTEM_MODE_EXIT|false
00:57:01.0 (108886491)|SYSTEM_MODE_ENTER|true
00:57:01.136 (136313588)|SYSTEM_MODE_ENTER|true
00:57:01.136 (136393686)|HEAP_ALLOCATE|[EXTERNAL]|Bytes:8
00:57:01.136 (136406897)|VARIABLE_SCOPE_BEGIN|[88]|this|ApexPage.PageMessagesComponentController|true|false
00:57:01.136 (136465958)|VARIABLE_ASSIGNMENT|[88]|this|{}|0x2e47e47d
00:57:01.136 (136476985)|VARIABLE_SCOPE_BEGIN|[88]|escape|Boolean|false|false
00:57:01.136 (136485156)|VARIABLE_ASSIGNMENT|[88]|escape|null
00:57:01.136 (136641032)|SYSTEM_MODE_ENTER|true
00:57:01.136 (136672737)|HEAP_ALLOCATE|[EXTERNAL]|Bytes:8
00:57:01.136 (136679510)|VARIABLE_SCOPE_BEGIN|[2]|this|ApexPage.PageMessagesComponentController|true|false
00:57:01.136 (136699272)|VARIABLE_ASSIGNMENT|[2]|this|{}|0x2e47e47d
00:57:01.0 (137451629)|SYSTEM_MODE_ENTER|true
00:57:01.0 (137500014)|HEAP_ALLOCATE|[EXTERNAL]|Bytes:40
00:57:01.0 (137516026)|VARIABLE_SCOPE_BEGIN|[24]|this|PM_Job_New_Controller|true|false
00:57:01.0 (137584240)|VARIABLE_ASSIGNMENT|[24]|this|{"job":"0x2c42af22","projectList":"0x1a43cac0"}|0x134e3577
00:57:01.0 (137625328)|SYSTEM_MODE_ENTER|false
00:57:01.0 (137635436)|HEAP_ALLOCATE|[25]|Bytes:5
00:57:01.0 (137643308)|STATEMENT_EXECUTE|[24]
00:57:01.0 (137645633)|STATEMENT_EXECUTE|[25]
00:57:01.0 (137661240)|HEAP_ALLOCATE|[25]|Bytes:4
00:57:01.0 (137698630)|VARIABLE_SCOPE_BEGIN|[25]|cpcso|List<System.SelectOption>|true|false
00:57:01.0 (137729849)|HEAP_ALLOCATE|[EXTERNAL]|Bytes:4
00:57:01.0 (137757780)|VARIABLE_ASSIGNMENT|[25]|cpcso|[]|0x2a372177
00:57:01.0 (137832507)|VARIABLE_ASSIGNMENT|[EXTERNAL]|this|{"job":"0x2c42af22","projectList":"0x1a43cac0"}|0x134e3577
00:57:01.0 (138008429)|HEAP_ALLOCATE|[26]|Bytes:5
00:57:01.0 (138032606)|HEAP_ALLOCATE|[26]|Bytes:12
00:57:01.0 (138046646)|VARIABLE_SCOPE_BEGIN|[26]|pro|Project__c|true|false
00:57:01.0 (138074023)|VARIABLE_ASSIGNMENT|[26]|pro|{"Company_project_code (3 more) ...":"101-TRN-COM-042","Id":"a057F0000039u2LQAQ"}|0x43239840
00:57:01.0 (138084625)|STATEMENT_EXECUTE|[26]
00:57:01.0 (138086441)|STATEMENT_EXECUTE|[27]
00:57:01.0 (138131613)|HEAP_ALLOCATE|[27]|Bytes:18
00:57:01.0 (138227600)|HEAP_ALLOCATE|[EXTERNAL]|Bytes:4
00:57:01.0 (138249412)|HEAP_ALLOCATE|[26]|Bytes:5
00:57:01.0 (138265834)|HEAP_ALLOCATE|[26]|Bytes:12
00:57:01.0 (138276387)|VARIABLE_SCOPE_BEGIN|[26]|pro|Project__c|true|false
00:57:01.0 (138298809)|VARIABLE_ASSIGNMENT|[26]|pro|{"Company_project_code (3 more) ...":"101-TRN-COM-036","Id":"a057F0000039u2MQAQ"}|0x620e320d
00:57:01.0 (138309121)|STATEMENT_EXECUTE|[26]
00:57:01.0 (138310758)|STATEMENT_EXECUTE|[27]
00:57:01.0 (138322617)|HEAP_ALLOCATE|[27]|Bytes:18
00:57:01.0 (138341672)|HEAP_ALLOCATE|[EXTERNAL]|Bytes:4
00:57:01.0 (138357235)|HEAP_ALLOCATE|[26]|Bytes:5
00:57:01.0 (138371056)|HEAP_ALLOCATE|[26]|Bytes:12
00:57:01.0 (138379720)|VARIABLE_SCOPE_BEGIN|[26]|pro|Project__c|true|false
00:57:01.0 (138399674)|VARIABLE_ASSIGNMENT|[26]|pro|{"Company_project_code (3 more) ...":"101-TRN-COM-034","Id":"a057F0000039u2NQAQ"}|0x2ae32c36
00:57:01.0 (138408357)|STATEMENT_EXECUTE|[26]
00:57:01.0 (138409940)|STATEMENT_EXECUTE|[27]
00:57:01.0 (138419736)|HEAP_ALLOCATE|[27]|Bytes:18
00:57:01.0 (138436101)|HEAP_ALLOCATE|[EXTERNAL]|Bytes:4
00:57:01.0 (138448087)|HEAP_ALLOCATE|[26]|Bytes:5
00:57:01.0 (138456624)|HEAP_ALLOCATE|[26]|Bytes:12
00:57:01.0 (138461419)|VARIABLE_SCOPE_BEGIN|[26]|pro|Project__c|true|false
00:57:01.0 (138474191)|VARIABLE_ASSIGNMENT|[26]|pro|{"Company_project_code (3 more) ...":"101-TRN-COM-051","Id":"a057F0000039u2OQAQ"}|0x2e8cbd9f
00:57:01.0 (138479491)|STATEMENT_EXECUTE|[26]
00:57:01.0 (138480449)|STATEMENT_EXECUTE|[27]
00:57:01.0 (138486331)|HEAP_ALLOCATE|[27]|Bytes:18
00:57:01.0 (138496482)|HEAP_ALLOCATE|[EXTERNAL]|Bytes:4
00:57:01.0 (138504169)|HEAP_ALLOCATE|[26]|Bytes:5
00:57:01.0 (138511763)|HEAP_ALLOCATE|[26]|Bytes:12
00:57:01.0 (138516301)|VARIABLE_SCOPE_BEGIN|[26]|pro|Project__c|true|false
00:57:01.0 (138527345)|VARIABLE_ASSIGNMENT|[26]|pro|{"Company_project_code (3 more) ...":"300-0001-00","Id":"a057F0000039u22QAA"}|0x71b2d196
00:57:01.0 (138531996)|STATEMENT_EXECUTE|[26]
00:57:01.0 (138532990)|STATEMENT_EXECUTE|[27]
00:57:01.0 (138537628)|HEAP_ALLOCATE|[27]|Bytes:18
00:57:01.0 (138552402)|HEAP_ALLOCATE|[EXTERNAL]|Bytes:4
00:57:01.0 (138564993)|HEAP_ALLOCATE|[26]|Bytes:5
00:57:01.0 (138577331)|HEAP_ALLOCATE|[26]|Bytes:12
00:57:01.0 (138585354)|VARIABLE_SCOPE_BEGIN|[26]|pro|Project__c|true|false
00:57:01.0 (138602837)|VARIABLE_ASSIGNMENT|[26]|pro|{"Company_project_code (3 more) ...":"300-0002-01","Id":"a057F0000039u23QAA"}|0x62bf1bf7
00:57:01.0 (138608448)|STATEMENT_EXECUTE|[26]
00:57:01.0 (138609506)|STATEMENT_EXECUTE|[27]
00:57:01.0 (138616276)|HEAP_ALLOCATE|[27]|Bytes:18
00:57:01.0 (138626555)|HEAP_ALLOCATE|[EXTERNAL]|Bytes:4
00:57:01.0 (138634977)|HEAP_ALLOCATE|[26]|Bytes:5
00:57:01.0 (138642525)|HEAP_ALLOCATE|[26]|Bytes:12
00:57:01.0 (138647710)|VARIABLE_SCOPE_BEGIN|[26]|pro|Project__c|true|false
00:57:01.0 (138658501)|VARIABLE_ASSIGNMENT|[26]|pro|{"Company_project_code (3 more) ...":"101-TRN-COM-008","Id":"a057F0000039u24QAA"}|0x518e190a
00:57:01.0 (138664055)|STATEMENT_EXECUTE|[26]
00:57:01.0 (138664939)|STATEMENT_EXECUTE|[27]
00:57:01.0 (138669739)|HEAP_ALLOCATE|[27]|Bytes:18
00:57:01.0 (138677833)|HEAP_ALLOCATE|[EXTERNAL]|Bytes:4
00:57:01.0 (138685668)|HEAP_ALLOCATE|[26]|Bytes:5
00:57:01.0 (138692406)|HEAP_ALLOCATE|[26]|Bytes:12
00:57:01.0 (138696711)|VARIABLE_SCOPE_BEGIN|[26]|pro|Project__c|true|false
00:57:01.0 (138707714)|VARIABLE_ASSIGNMENT|[26]|pro|{"Company_project_code (3 more) ...":"101-TRN-COM-047","Id":"a057F0000039u25QAA"}|0x1a2536e1
00:57:01.0 (138712471)|STATEMENT_EXECUTE|[26]
00:57:01.0 (138713359)|STATEMENT_EXECUTE|[27]
00:57:01.0 (138717838)|HEAP_ALLOCATE|[27]|Bytes:18
00:57:01.0 (138725736)|HEAP_ALLOCATE|[EXTERNAL]|Bytes:4
00:57:01.0 (138733055)|HEAP_ALLOCATE|[26]|Bytes:5
00:57:01.0 (138739669)|HEAP_ALLOCATE|[26]|Bytes:12
00:57:01.0 (138743560)|VARIABLE_SCOPE_BEGIN|[26]|pro|Project__c|true|false
00:57:01.0 (138754020)|VARIABLE_ASSIGNMENT|[26]|pro|{"Company_project_code (3 more) ...":"101-TRN-COM-046","Id":"a057F0000039u26QAA"}|0x7dfc7a52
00:57:01.0 (138758808)|STATEMENT_EXECUTE|[26]
00:57:01.0 (138759744)|STATEMENT_EXECUTE|[27]
00:57:01.0 (138764108)|HEAP_ALLOCATE|[27]|Bytes:18
00:57:01.0 (138772249)|HEAP_ALLOCATE|[EXTERNAL]|Bytes:4
00:57:01.0 (138779354)|HEAP_ALLOCATE|[26]|Bytes:5
00:57:01.0 (138786075)|HEAP_ALLOCATE|[26]|Bytes:12
00:57:01.0 (138790205)|VARIABLE_SCOPE_BEGIN|[26]|pro|Project__c|true|false
00:57:01.0 (138800486)|VARIABLE_ASSIGNMENT|[26]|pro|{"Company_project_code (3 more) ...":"101-TRN-COM-050","Id":"a057F0000039u27QAA"}|0x6786b6b9
00:57:01.0 (138805369)|STATEMENT_EXECUTE|[26]
00:57:01.0 (138806230)|STATEMENT_EXECUTE|[27]
00:57:01.0 (138810584)|HEAP_ALLOCATE|[27]|Bytes:18
00:57:01.0 (138818759)|HEAP_ALLOCATE|[EXTERNAL]|Bytes:4
00:57:01.0 (138826076)|HEAP_ALLOCATE|[26]|Bytes:5
00:57:01.0 (138832879)|HEAP_ALLOCATE|[26]|Bytes:12
00:57:01.0 (138837324)|VARIABLE_SCOPE_BEGIN|[26]|pro|Project__c|true|false
00:57:01.0 (138848390)|VARIABLE_ASSIGNMENT|[26]|pro|{"Company_project_code (3 more) ...":"101-TRN-COM-033","Id":"a057F0000039u28QAA"}|0x46e1b50a
00:57:01.0 (138853105)|STATEMENT_EXECUTE|[26]
00:57:01.0 (138854011)|STATEMENT_EXECUTE|[27]
00:57:01.0 (138858529)|HEAP_ALLOCATE|[27]|Bytes:18
00:57:01.0 (138866409)|HEAP_ALLOCATE|[EXTERNAL]|Bytes:4
00:57:01.0 (138874214)|HEAP_ALLOCATE|[26]|Bytes:5
00:57:01.0 (138881028)|HEAP_ALLOCATE|[26]|Bytes:12
00:57:01.0 (138885310)|VARIABLE_SCOPE_BEGIN|[26]|pro|Project__c|true|false
00:57:01.0 (138898969)|VARIABLE_ASSIGNMENT|[26]|pro|{"Company_project_code (3 more) ...":"101-TRN-COX-007","Id":"a057F0000039u29QAA"}|0x75c01109
00:57:01.0 (138904344)|STATEMENT_EXECUTE|[26]
00:57:01.0 (138905357)|STATEMENT_EXECUTE|[27]
00:57:01.0 (138909941)|HEAP_ALLOCATE|[27]|Bytes:18
00:57:01.0 (138918602)|HEAP_ALLOCATE|[EXTERNAL]|Bytes:4
00:57:01.0 (138926158)|HEAP_ALLOCATE|[26]|Bytes:5
00:57:01.0 (138933617)|HEAP_ALLOCATE|[26]|Bytes:12
00:57:01.0 (138937694)|VARIABLE_SCOPE_BEGIN|[26]|pro|Project__c|true|false
00:57:01.0 (138948545)|VARIABLE_ASSIGNMENT|[26]|pro|{"Company_project_code (3 more) ...":"101-TRN-COX-006","Id":"a057F0000039u2AQAQ"}|0x6b70cb09
00:57:01.0 (138953301)|STATEMENT_EXECUTE|[26]
00:57:01.0 (138954240)|STATEMENT_EXECUTE|[27]
00:57:01.0 (138958584)|HEAP_ALLOCATE|[27]|Bytes:18
00:57:01.0 (138966479)|HEAP_ALLOCATE|[EXTERNAL]|Bytes:4
00:57:01.0 (138973623)|HEAP_ALLOCATE|[26]|Bytes:5
00:57:01.0 (138980235)|HEAP_ALLOCATE|[26]|Bytes:12
00:57:01.0 (138984328)|VARIABLE_SCOPE_BEGIN|[26]|pro|Project__c|true|false
00:57:01.0 (138995040)|VARIABLE_ASSIGNMENT|[26]|pro|{"Company_project_code (3 more) ...":"101-TRN-COX-008","Id":"a057F0000039u2BQAQ"}|0x39118ba0
00:57:01.0 (139000217)|STATEMENT_EXECUTE|[26]
00:57:01.0 (139001728)|STATEMENT_EXECUTE|[27]
00:57:01.0 (139006292)|HEAP_ALLOCATE|[27]|Bytes:18
00:57:01.0 (139014542)|HEAP_ALLOCATE|[EXTERNAL]|Bytes:4
00:57:01.0 (139038496)|HEAP_ALLOCATE|[26]|Bytes:5
00:57:01.0 (139051470)|HEAP_ALLOCATE|[26]|Bytes:12
00:57:01.0 (139058707)|VARIABLE_SCOPE_BEGIN|[26]|pro|Project__c|true|false
00:57:01.0 (139070355)|VARIABLE_ASSIGNMENT|[26]|pro|{"Company_project_code (3 more) ...":"101-TRN-COM-027","Id":"a057F0000039u2CQAQ"}|0x7213206d
00:57:01.0 (139075105)|STATEMENT_EXECUTE|[26]
00:57:01.0 (139076147)|STATEMENT_EXECUTE|[27]
00:57:01.0 (139081825)|HEAP_ALLOCATE|[27]|Bytes:18
00:57:01.0 (139090963)|HEAP_ALLOCATE|[EXTERNAL]|Bytes:4
00:57:01.0 (139098827)|HEAP_ALLOCATE|[26]|Bytes:5
00:57:01.0 (139105656)|HEAP_ALLOCATE|[26]|Bytes:12
00:57:01.0 (139109845)|VARIABLE_SCOPE_BEGIN|[26]|pro|Project__c|true|false
00:57:01.0 (139123774)|VARIABLE_ASSIGNMENT|[26]|pro|{"Company_project_code (3 more) ...":"101-TRN-COM-029","Id":"a057F0000039u2DQAQ"}|0x7ae3f7f
00:57:01.0 (139129104)|STATEMENT_EXECUTE|[26]
00:57:01.0 (139130083)|STATEMENT_EXECUTE|[27]
00:57:01.0 (139134911)|HEAP_ALLOCATE|[27]|Bytes:18
00:57:01.0 (139143805)|HEAP_ALLOCATE|[EXTERNAL]|Bytes:4
00:57:01.0 (139151439)|HEAP_ALLOCATE|[26]|Bytes:5
00:57:01.0 (139158117)|HEAP_ALLOCATE|[26]|Bytes:12
00:57:01.0 (139162782)|VARIABLE_SCOPE_BEGIN|[26]|pro|Project__c|true|false
00:57:01.0 (139172925)|VARIABLE_ASSIGNMENT|[26]|pro|{"Company_project_code (3 more) ...":"101-TRN-COM-014","Id":"a057F0000039u2EQAQ"}|0x6a6b8400
00:57:01.0 (139177919)|STATEMENT_EXECUTE|[26]
00:57:01.0 (139178900)|STATEMENT_EXECUTE|[27]
00:57:01.0 (139183326)|HEAP_ALLOCATE|[27]|Bytes:18
00:57:01.0 (139191273)|HEAP_ALLOCATE|[EXTERNAL]|Bytes:4
00:57:01.0 (139198587)|HEAP_ALLOCATE|[26]|Bytes:5
00:57:01.0 (139205363)|HEAP_ALLOCATE|[26]|Bytes:12
00:57:01.0 (139209620)|VARIABLE_SCOPE_BEGIN|[26]|pro|Project__c|true|false
00:57:01.0 (139220218)|VARIABLE_ASSIGNMENT|[26]|pro|{"Company_project_code (3 more) ...":"301-0001-00","Id":"a057F0000039u21QAA"}|0x5f924e66
00:57:01.0 (139226276)|STATEMENT_EXECUTE|[26]
00:57:01.0 (139227255)|STATEMENT_EXECUTE|[27]
00:57:01.0 (139231582)|HEAP_ALLOCATE|[27]|Bytes:18
00:57:01.0 (139239742)|HEAP_ALLOCATE|[EXTERNAL]|Bytes:4
00:57:01.0 (139246769)|HEAP_ALLOCATE|[26]|Bytes:5
00:57:01.0 (139253011)|HEAP_ALLOCATE|[26]|Bytes:12
00:57:01.0 (139257143)|VARIABLE_SCOPE_BEGIN|[26]|pro|Project__c|true|false
00:57:01.0 (139267180)|VARIABLE_ASSIGNMENT|[26]|pro|{"Company_project_code (3 more) ...":"101-TRN-COM-017","Id":"a057F0000039u2FQAQ"}|0x34690db1
00:57:01.0 (139272572)|STATEMENT_EXECUTE|[26]
00:57:01.0 (139273506)|STATEMENT_EXECUTE|[27]
00:57:01.0 (139277925)|HEAP_ALLOCATE|[27]|Bytes:18
00:57:01.0 (139286122)|HEAP_ALLOCATE|[EXTERNAL]|Bytes:4
00:57:01.0 (139295718)|HEAP_ALLOCATE|[26]|Bytes:5
00:57:01.0 (139302199)|HEAP_ALLOCATE|[26]|Bytes:12
00:57:01.0 (139306397)|VARIABLE_SCOPE_BEGIN|[26]|pro|Project__c|true|false
00:57:01.0 (139315986)|VARIABLE_ASSIGNMENT|[26]|pro|{"Company_project_code (3 more) ...":"101-TRN-COM-038","Id":"a057F0000039u2GQAQ"}|0x42ca9984
00:57:01.0 (139320970)|STATEMENT_EXECUTE|[26]
00:57:01.0 (139321881)|STATEMENT_EXECUTE|[27]
00:57:01.0 (139326305)|HEAP_ALLOCATE|[27]|Bytes:18
00:57:01.0 (139334708)|HEAP_ALLOCATE|[EXTERNAL]|Bytes:4
00:57:01.0 (139341885)|HEAP_ALLOCATE|[26]|Bytes:5
00:57:01.0 (139348850)|HEAP_ALLOCATE|[26]|Bytes:12
00:57:01.0 (139352987)|VARIABLE_SCOPE_BEGIN|[26]|pro|Project__c|true|false
00:57:01.0 (139364285)|VARIABLE_ASSIGNMENT|[26]|pro|{"Company_project_code (3 more) ...":"101-TRN-COM-037","Id":"a057F0000039u2HQAQ"}|0x74b74e59
00:57:01.0 (139368725)|STATEMENT_EXECUTE|[26]
00:57:01.0 (139369647)|STATEMENT_EXECUTE|[27]
00:57:01.0 (139374000)|HEAP_ALLOCATE|[27]|Bytes:18
00:57:01.0 (139381997)|HEAP_ALLOCATE|[EXTERNAL]|Bytes:4
00:57:01.0 (139388829)|HEAP_ALLOCATE|[26]|Bytes:5
00:57:01.0 (139395760)|HEAP_ALLOCATE|[26]|Bytes:12
00:57:01.0 (139399745)|VARIABLE_SCOPE_BEGIN|[26]|pro|Project__c|true|false
00:57:01.0 (139410388)|VARIABLE_ASSIGNMENT|[26]|pro|{"Company_project_code (3 more) ...":"101-TRN-COM-039","Id":"a057F0000039u2IQAQ"}|0x391bcfd7
00:57:01.0 (139414864)|STATEMENT_EXECUTE|[26]
00:57:01.0 (139415971)|STATEMENT_EXECUTE|[27]
00:57:01.0 (139420388)|HEAP_ALLOCATE|[27]|Bytes:18
00:57:01.0 (139428252)|HEAP_ALLOCATE|[EXTERNAL]|Bytes:4
00:57:01.0 (139435327)|HEAP_ALLOCATE|[26]|Bytes:5
00:57:01.0 (139442207)|HEAP_ALLOCATE|[26]|Bytes:12
00:57:01.0 (139446307)|VARIABLE_SCOPE_BEGIN|[26]|pro|Project__c|true|false
00:57:01.0 (139457102)|VARIABLE_ASSIGNMENT|[26]|pro|{"Company_project_code (3 more) ...":"101-TRN-COM-040","Id":"a057F0000039u2JQAQ"}|0x456359c0
00:57:01.0 (139461594)|STATEMENT_EXECUTE|[26]
00:57:01.0 (139462515)|STATEMENT_EXECUTE|[27]
00:57:01.0 (139467069)|HEAP_ALLOCATE|[27]|Bytes:18
00:57:01.0 (139476604)|HEAP_ALLOCATE|[EXTERNAL]|Bytes:4
00:57:01.0 (139484359)|HEAP_ALLOCATE|[26]|Bytes:5
00:57:01.0 (139491230)|HEAP_ALLOCATE|[26]|Bytes:12
00:57:01.0 (139495365)|VARIABLE_SCOPE_BEGIN|[26]|pro|Project__c|true|false
00:57:01.0 (139505860)|VARIABLE_ASSIGNMENT|[26]|pro|{"Company_project_code (3 more) ...":"101-TRN-COM-041","Id":"a057F0000039u2KQAQ"}|0x53f3fe51
00:57:01.0 (139510630)|STATEMENT_EXECUTE|[26]
00:57:01.0 (139511650)|STATEMENT_EXECUTE|[27]
00:57:01.0 (139516436)|HEAP_ALLOCATE|[27]|Bytes:18
00:57:01.0 (139525382)|HEAP_ALLOCATE|[EXTERNAL]|Bytes:4
00:57:01.0 (139533168)|HEAP_ALLOCATE|[26]|Bytes:5
00:57:01.0 (139541071)|VARIABLE_ASSIGNMENT|[26]|pro|null|
00:57:01.0 (139549096)|STATEMENT_EXECUTE|[29]
00:57:01.0 (139555020)|SYSTEM_MODE_EXIT|false
00:57:01.0 (139950557)|SYSTEM_MODE_ENTER|true
00:57:01.0 (146989100)|SYSTEM_MODE_ENTER|true
00:57:01.0 (147044913)|HEAP_ALLOCATE|[EXTERNAL]|Bytes:40
00:57:01.0 (147059353)|VARIABLE_SCOPE_BEGIN|[36]|this|PM_Job_New_Controller|true|false
00:57:01.0 (147108122)|VARIABLE_ASSIGNMENT|[36]|this|{"job":"0x2c42af22","projectList":"0x1a43cac0"}|0x134e3577
00:57:01.0 (147129771)|SYSTEM_MODE_ENTER|false
00:57:01.0 (147139421)|HEAP_ALLOCATE|[37]|Bytes:5
00:57:01.0 (147145319)|STATEMENT_EXECUTE|[36]
00:57:01.0 (147146765)|STATEMENT_EXECUTE|[37]
00:57:01.0 (147161098)|HEAP_ALLOCATE|[37]|Bytes:4
00:57:01.0 (147191386)|VARIABLE_SCOPE_BEGIN|[37]|ufp|List<System.SelectOption>|true|false
00:57:01.0 (147219581)|HEAP_ALLOCATE|[EXTERNAL]|Bytes:4
00:57:01.0 (147230577)|VARIABLE_ASSIGNMENT|[37]|ufp|[]|0x572d1294
00:57:01.0 (147236335)|STATEMENT_EXECUTE|[38]
00:57:01.0 (147241070)|HEAP_ALLOCATE|[38]|Bytes:96
00:57:01.0 (147257582)|HEAP_ALLOCATE|[38]|Bytes:4
00:57:01.0 (147264062)|HEAP_ALLOCATE|[38]|Bytes:7
00:57:01.0 (147314786)|VARIABLE_ASSIGNMENT|[EXTERNAL]|this|{"job":"0x2c42af22","projectList":"0x1a43cac0"}|0x134e3577
00:57:01.0 (148281132)|SOQL_EXECUTE_BEGIN|[38]|Aggregations:0|SELECT ProjectLink__c, UserLink__c FROM ProjectJobAssociation__c WHERE ProjectLink__c = :tmpVar1
00:57:01.0 (149816213)|SOQL_EXECUTE_END|[38]|Rows:0
00:57:01.0 (149841141)|HEAP_ALLOCATE|[38]|Bytes:4
00:57:01.0 (149853336)|HEAP_ALLOCATE|[38]|Bytes:0
00:57:01.0 (149945845)|HEAP_ALLOCATE|[38]|Bytes:4
00:57:01.0 (149961075)|VARIABLE_SCOPE_BEGIN|[38]|userInProject|List<ProjectJobAssociation__c>|true|false
00:57:01.0 (149976049)|VARIABLE_ASSIGNMENT|[38]|userInProject|[]|0x5d53128b
00:57:01.0 (150124342)|HEAP_ALLOCATE|[39]|Bytes:5
00:57:01.0 (150148218)|VARIABLE_ASSIGNMENT|[39]|pja|null|
00:57:01.0 (150156773)|STATEMENT_EXECUTE|[39]
00:57:01.0 (150158911)|STATEMENT_EXECUTE|[43]
00:57:01.0 (150167000)|SYSTEM_MODE_EXIT|false
00:57:01.0 (153998912)|SYSTEM_MODE_ENTER|true
00:57:01.0 (156763520)|VF_SERIALIZE_VIEWSTATE_BEGIN|0667F000005aHSA
00:57:01.0 (160970135)|VF_SERIALIZE_VIEWSTATE_END
00:57:01.163 (163478691)|CUMULATIVE_LIMIT_USAGE
00:57:01.163 (163478691)|LIMIT_USAGE_FOR_NS|(default)|
  Number of SOQL queries: 3 out of 100
  Number of query rows: 27 out of 50000
  Number of SOSL queries: 0 out of 20
  Number of DML statements: 0 out of 150
  Number of DML rows: 0 out of 10000
  Maximum CPU time: 0 out of 10000
  Maximum heap size: 0 out of 6000000
  Number of callouts: 0 out of 100
  Number of Email Invocations: 0 out of 10
  Number of future calls: 0 out of 50
  Number of queueable jobs added to the queue: 0 out of 50
  Number of Mobile Apex push calls: 0 out of 10

00:57:01.163 (163478691)|CUMULATIVE_LIMIT_USAGE_END

00:57:01.0 (163525545)|CODE_UNIT_FINISHED|VF: /apex/PM_Job_New
00:57:01.0 (164296613)|EXECUTION_FINISHED
