36.0 APEX_CODE,FINEST;APEX_PROFILING,INFO;CALLOUT,INFO;DB,INFO;SYSTEM,DEBUG;VALIDATION,INFO;VISUALFORCE,INFO;WAVE,INFO;WORKFLOW,INFO
00:43:46.0 (312317)|USER_INFO|[EXTERNAL]|0057F000000Tiz6|ksb994@salesforce.com|Pacific Standard Time|GMT-08:00
00:43:46.0 (343799)|EXECUTION_STARTED
00:43:46.0 (346629)|CODE_UNIT_STARTED|[EXTERNAL]|0667F000004uRC1|VF: /apex/PM_Project_Edit
00:43:46.0 (47756047)|SYSTEM_MODE_ENTER|true
00:43:46.0 (48350368)|HEAP_ALLOCATE|[72]|Bytes:3
00:43:46.0 (48421550)|HEAP_ALLOCATE|[77]|Bytes:152
00:43:46.0 (48442440)|HEAP_ALLOCATE|[342]|Bytes:408
00:43:46.0 (48469760)|HEAP_ALLOCATE|[355]|Bytes:408
00:43:46.0 (48496572)|HEAP_ALLOCATE|[467]|Bytes:48
00:43:46.0 (48532419)|HEAP_ALLOCATE|[139]|Bytes:6
00:43:46.0 (48552214)|HEAP_ALLOCATE|[EXTERNAL]|Bytes:144
00:43:46.0 (48590632)|HEAP_ALLOCATE|[EXTERNAL]|Bytes:20
00:43:46.0 (48596157)|HEAP_ALLOCATE|[EXTERNAL]|Bytes:2
00:43:46.0 (48622197)|METHOD_ENTRY|[1]|01p7F00000Ehro9|PM_Project_Edit_Controller.PM_Project_Edit_Controller()
00:43:46.0 (48630630)|STATEMENT_EXECUTE|[1]
00:43:46.0 (48637056)|STATEMENT_EXECUTE|[1]
00:43:46.0 (48673070)|HEAP_ALLOCATE|[50]|Bytes:5
00:43:46.0 (48699170)|HEAP_ALLOCATE|[56]|Bytes:5
00:43:46.0 (48709404)|HEAP_ALLOCATE|[64]|Bytes:7
00:43:46.0 (48737288)|SYSTEM_MODE_ENTER|false
00:43:46.0 (48754175)|HEAP_ALLOCATE|[EXTERNAL]|Bytes:5
00:43:46.0 (48763524)|SYSTEM_MODE_EXIT|false
00:43:46.0 (48772692)|METHOD_EXIT|[1]|PM_Project_Edit_Controller
00:43:46.0 (48824434)|HEAP_ALLOCATE|[EXTERNAL]|Bytes:24
00:43:46.0 (49009144)|VARIABLE_SCOPE_BEGIN|[10]|this|PM_Project_Edit_Controller|true|false
00:43:46.0 (49340082)|VARIABLE_ASSIGNMENT|[10]|this|{}|0x2ed0c9df
00:43:46.0 (49352615)|VARIABLE_SCOPE_BEGIN|[10]|stdController|ApexPages.StandardController|true|false
00:43:46.0 (49568810)|VARIABLE_ASSIGNMENT|[10]|stdController|"StandardController [null]"|0x789b980
00:43:46.0 (49600386)|SYSTEM_MODE_ENTER|false
00:43:46.0 (49610678)|HEAP_ALLOCATE|[7]|Bytes:5
00:43:46.0 (49618059)|STATEMENT_EXECUTE|[1]
00:43:46.0 (49625624)|HEAP_ALLOCATE|[7]|Bytes:5
00:43:46.0 (49629989)|STATEMENT_EXECUTE|[3]
00:43:46.0 (49631682)|STATEMENT_EXECUTE|[4]
00:43:46.0 (49633313)|STATEMENT_EXECUTE|[6]
00:43:46.0 (49634849)|STATEMENT_EXECUTE|[7]
00:43:46.0 (49655092)|HEAP_ALLOCATE|[7]|Bytes:4
00:43:46.0 (49765469)|HEAP_ALLOCATE|[EXTERNAL]|Bytes:4
00:43:46.0 (49783149)|VARIABLE_ASSIGNMENT|[7]|this.usersList|[]|0x2ed0c9df
00:43:46.0 (49791714)|STATEMENT_EXECUTE|[8]
00:43:46.0 (49795995)|HEAP_ALLOCATE|[8]|Bytes:1
00:43:46.0 (49808496)|VARIABLE_ASSIGNMENT|[8]|this.nonSelectedUserId|"("|0x2ed0c9df
00:43:46.0 (49826035)|HEAP_ALLOCATE|[8]|Bytes:6
00:43:46.0 (49870290)|STATEMENT_EXECUTE|[10]
00:43:46.0 (49872664)|STATEMENT_EXECUTE|[11]
00:43:46.0 (50011529)|HEAP_ALLOCATE|[11]|Bytes:4
00:43:46.0 (50078452)|VARIABLE_ASSIGNMENT|[EXTERNAL]|this|{"nonSelectedUserId":"(","usersList":"0x78fbc689"}|0x2ed0c9df
00:43:46.0 (50095841)|VARIABLE_ASSIGNMENT|[EXTERNAL]|value|{}|0x192b467a
00:43:46.0 (50109468)|VARIABLE_ASSIGNMENT|[3]|this.mysObject|{}|0x2ed0c9df
00:43:46.0 (50121113)|STATEMENT_EXECUTE|[12]
00:43:46.0 (50165020)|HEAP_ALLOCATE|[12]|Bytes:43
00:43:46.0 (50212915)|HEAP_ALLOCATE|[12]|Bytes:18
00:43:46.0 (50242278)|HEAP_ALLOCATE|[12]|Bytes:3
00:43:46.0 (50279900)|HEAP_ALLOCATE|[12]|Bytes:4
00:43:46.0 (50290232)|VARIABLE_SCOPE_BEGIN|[12]|pid|Id|false|false
00:43:46.0 (50380852)|VARIABLE_ASSIGNMENT|[12]|pid|"a057F000002dVX8QAM"
00:43:46.0 (50389142)|STATEMENT_EXECUTE|[16]
00:43:46.0 (50392582)|HEAP_ALLOCATE|[16]|Bytes:7
00:43:46.0 (50397381)|HEAP_ALLOCATE|[16]|Bytes:10
00:43:46.0 (50412469)|METHOD_ENTRY|[16]|01p7F00000Ehro9|PM_Project_Edit_Controller.getAllFields(String)
00:43:46.0 (50531631)|VARIABLE_SCOPE_BEGIN|[48]|sobjectname|String|false|false
00:43:46.0 (50549219)|VARIABLE_ASSIGNMENT|[48]|sobjectname|"Project__c"
00:43:46.0 (50573819)|HEAP_ALLOCATE|[49]|Bytes:5
00:43:46.0 (50579253)|STATEMENT_EXECUTE|[48]
00:43:46.0 (71205615)|HEAP_ALLOCATE|[49]|Bytes:1468
00:43:46.0 (71256192)|STATEMENT_EXECUTE|[49]
00:43:46.0 (71258912)|STATEMENT_EXECUTE|[52]
00:43:46.0 (75611097)|HEAP_ALLOCATE|[52]|Bytes:1468
00:43:46.0 (75822860)|HEAP_ALLOCATE|[52]|Bytes:4
00:43:46.0 (75874303)|HEAP_ALLOCATE|[52]|Bytes:4
00:43:46.0 (76146176)|HEAP_ALLOCATE|[52]|Bytes:148
00:43:46.0 (76160092)|VARIABLE_SCOPE_BEGIN|[52]|fields|Map<String,Schema.SObjectField>|true|false
00:43:46.0 (76386765)|VARIABLE_ASSIGNMENT|[52]|fields|"{client__c=Client__c, client_project_manager__c=Client_Project_Manager__c, company_project_code__c=Company_project_code__c, cost_centre__c=Cost_Centre__c, createdbyid=CreatedById, createddate=CreatedDate, delivery__c=Delivery__c, end_customer__c=End_Customer__c, footage__c=Footage__c, hours__c=Hours__c, ...}"|0x6cabae1a
00:43:46.0 (76400641)|STATEMENT_EXECUTE|[53]
00:43:46.0 (76414937)|HEAP_ALLOCATE|[53]|Bytes:4
00:43:46.0 (76452408)|VARIABLE_SCOPE_BEGIN|[53]|accessiblefields|List<String>|true|false
00:43:46.0 (76482129)|HEAP_ALLOCATE|[EXTERNAL]|Bytes:4
00:43:46.0 (76493813)|VARIABLE_ASSIGNMENT|[53]|accessiblefields|[]|0x7f61276d
00:43:46.0 (76542698)|HEAP_ALLOCATE|[EXTERNAL]|Bytes:148
00:43:46.0 (76559154)|HEAP_ALLOCATE|[54]|Bytes:148
00:43:46.0 (76629244)|HEAP_ALLOCATE|[54]|Bytes:5
00:43:46.0 (76675910)|VARIABLE_SCOPE_BEGIN|[54]|field|Schema.SObjectField|true|false
00:43:46.0 (76747168)|VARIABLE_ASSIGNMENT|[54]|field|"common.apex.runtime.impl.ApexFieldToken@2e071ab7"|0x2e071ab7
00:43:46.0 (76755955)|STATEMENT_EXECUTE|[54]
00:43:46.0 (77216868)|HEAP_ALLOCATE|[55]|Bytes:8
00:43:46.0 (77245605)|STATEMENT_EXECUTE|[56]
00:43:46.0 (77278208)|HEAP_ALLOCATE|[56]|Bytes:8
00:43:46.0 (77292933)|HEAP_ALLOCATE|[56]|Bytes:2
00:43:46.0 (77311963)|HEAP_ALLOCATE|[EXTERNAL]|Bytes:4
00:43:46.0 (77327375)|HEAP_ALLOCATE|[54]|Bytes:5
00:43:46.0 (77341980)|VARIABLE_SCOPE_BEGIN|[54]|field|Schema.SObjectField|true|false
00:43:46.0 (77427415)|VARIABLE_ASSIGNMENT|[54]|field|"common.apex.runtime.impl.ApexFieldToken@1f6daa13"|0x1f6daa13
00:43:46.0 (77436052)|STATEMENT_EXECUTE|[54]
00:43:46.0 (77576615)|HEAP_ALLOCATE|[55]|Bytes:8
00:43:46.0 (77592049)|STATEMENT_EXECUTE|[56]
00:43:46.0 (77609835)|HEAP_ALLOCATE|[56]|Bytes:8
00:43:46.0 (77618224)|HEAP_ALLOCATE|[56]|Bytes:7
00:43:46.0 (77626823)|HEAP_ALLOCATE|[EXTERNAL]|Bytes:4
00:43:46.0 (77638937)|HEAP_ALLOCATE|[54]|Bytes:5
00:43:46.0 (77652060)|VARIABLE_SCOPE_BEGIN|[54]|field|Schema.SObjectField|true|false
00:43:46.0 (77722802)|VARIABLE_ASSIGNMENT|[54]|field|"common.apex.runtime.impl.ApexFieldToken@69c1bcdc"|0x69c1bcdc
00:43:46.0 (77730389)|STATEMENT_EXECUTE|[54]
00:43:46.0 (77827709)|HEAP_ALLOCATE|[55]|Bytes:8
00:43:46.0 (77841363)|STATEMENT_EXECUTE|[56]
00:43:46.0 (77857383)|HEAP_ALLOCATE|[56]|Bytes:8
00:43:46.0 (77865340)|HEAP_ALLOCATE|[56]|Bytes:9
00:43:46.0 (77873411)|HEAP_ALLOCATE|[EXTERNAL]|Bytes:4
00:43:46.0 (77884702)|HEAP_ALLOCATE|[54]|Bytes:5
00:43:46.0 (77898051)|VARIABLE_SCOPE_BEGIN|[54]|field|Schema.SObjectField|true|false
00:43:46.0 (77965080)|VARIABLE_ASSIGNMENT|[54]|field|"common.apex.runtime.impl.ApexFieldToken@4b1babdf"|0x4b1babdf
00:43:46.0 (77972487)|STATEMENT_EXECUTE|[54]
00:43:46.0 (78076202)|HEAP_ALLOCATE|[55]|Bytes:8
00:43:46.0 (78095012)|STATEMENT_EXECUTE|[56]
00:43:46.0 (78123928)|HEAP_ALLOCATE|[56]|Bytes:8
00:43:46.0 (78138014)|HEAP_ALLOCATE|[56]|Bytes:4
00:43:46.0 (78147841)|HEAP_ALLOCATE|[EXTERNAL]|Bytes:4
00:43:46.0 (78159851)|HEAP_ALLOCATE|[54]|Bytes:5
00:43:46.0 (78173380)|VARIABLE_SCOPE_BEGIN|[54]|field|Schema.SObjectField|true|false
00:43:46.0 (78240921)|VARIABLE_ASSIGNMENT|[54]|field|"common.apex.runtime.impl.ApexFieldToken@5d5fd2a9"|0x5d5fd2a9
00:43:46.0 (78248314)|STATEMENT_EXECUTE|[54]
00:43:46.0 (78365618)|HEAP_ALLOCATE|[55]|Bytes:8
00:43:46.0 (78382201)|STATEMENT_EXECUTE|[56]
00:43:46.0 (78399000)|HEAP_ALLOCATE|[56]|Bytes:8
00:43:46.0 (78407172)|HEAP_ALLOCATE|[56]|Bytes:11
00:43:46.0 (78415648)|HEAP_ALLOCATE|[EXTERNAL]|Bytes:4
00:43:46.0 (78427816)|HEAP_ALLOCATE|[54]|Bytes:5
00:43:46.0 (78440986)|VARIABLE_SCOPE_BEGIN|[54]|field|Schema.SObjectField|true|false
00:43:46.0 (78509826)|VARIABLE_ASSIGNMENT|[54]|field|"common.apex.runtime.impl.ApexFieldToken@2f10c623"|0x2f10c623
00:43:46.0 (78517390)|STATEMENT_EXECUTE|[54]
00:43:46.0 (78628890)|HEAP_ALLOCATE|[55]|Bytes:8
00:43:46.0 (78643492)|STATEMENT_EXECUTE|[56]
00:43:46.0 (78658960)|HEAP_ALLOCATE|[56]|Bytes:8
00:43:46.0 (78667002)|HEAP_ALLOCATE|[56]|Bytes:11
00:43:46.0 (78675086)|HEAP_ALLOCATE|[EXTERNAL]|Bytes:4
00:43:46.0 (78686235)|HEAP_ALLOCATE|[54]|Bytes:5
00:43:46.0 (78698227)|VARIABLE_SCOPE_BEGIN|[54]|field|Schema.SObjectField|true|false
00:43:46.0 (78765085)|VARIABLE_ASSIGNMENT|[54]|field|"common.apex.runtime.impl.ApexFieldToken@4bd3a841"|0x4bd3a841
00:43:46.0 (78772646)|STATEMENT_EXECUTE|[54]
00:43:46.0 (78876217)|HEAP_ALLOCATE|[55]|Bytes:8
00:43:46.0 (78889359)|STATEMENT_EXECUTE|[56]
00:43:46.0 (78905173)|HEAP_ALLOCATE|[56]|Bytes:8
00:43:46.0 (78912996)|HEAP_ALLOCATE|[56]|Bytes:16
00:43:46.0 (78921128)|HEAP_ALLOCATE|[EXTERNAL]|Bytes:4
00:43:46.0 (78932725)|HEAP_ALLOCATE|[54]|Bytes:5
00:43:46.0 (78944539)|VARIABLE_SCOPE_BEGIN|[54]|field|Schema.SObjectField|true|false
00:43:46.0 (79014973)|VARIABLE_ASSIGNMENT|[54]|field|"common.apex.runtime.impl.ApexFieldToken@5d00b7b7"|0x5d00b7b7
00:43:46.0 (79022830)|STATEMENT_EXECUTE|[54]
00:43:46.0 (79131131)|HEAP_ALLOCATE|[55]|Bytes:8
00:43:46.0 (79144951)|STATEMENT_EXECUTE|[56]
00:43:46.0 (79160208)|HEAP_ALLOCATE|[56]|Bytes:8
00:43:46.0 (79168373)|HEAP_ALLOCATE|[56]|Bytes:16
00:43:46.0 (79176182)|HEAP_ALLOCATE|[EXTERNAL]|Bytes:4
00:43:46.0 (79187419)|HEAP_ALLOCATE|[54]|Bytes:5
00:43:46.0 (79199541)|VARIABLE_SCOPE_BEGIN|[54]|field|Schema.SObjectField|true|false
00:43:46.0 (79265348)|VARIABLE_ASSIGNMENT|[54]|field|"common.apex.runtime.impl.ApexFieldToken@7ee9fc24"|0x7ee9fc24
00:43:46.0 (79272758)|STATEMENT_EXECUTE|[54]
00:43:46.0 (79365586)|HEAP_ALLOCATE|[55]|Bytes:8
00:43:46.0 (79381086)|STATEMENT_EXECUTE|[56]
00:43:46.0 (79397050)|HEAP_ALLOCATE|[56]|Bytes:8
00:43:46.0 (79404728)|HEAP_ALLOCATE|[56]|Bytes:14
00:43:46.0 (79412980)|HEAP_ALLOCATE|[EXTERNAL]|Bytes:4
00:43:46.0 (79424406)|HEAP_ALLOCATE|[54]|Bytes:5
00:43:46.0 (79436395)|VARIABLE_SCOPE_BEGIN|[54]|field|Schema.SObjectField|true|false
00:43:46.0 (79502227)|VARIABLE_ASSIGNMENT|[54]|field|"common.apex.runtime.impl.ApexFieldToken@57e11c04"|0x57e11c04
00:43:46.0 (79510035)|STATEMENT_EXECUTE|[54]
00:43:46.0 (79595271)|HEAP_ALLOCATE|[55]|Bytes:8
00:43:46.0 (79608484)|STATEMENT_EXECUTE|[56]
00:43:46.0 (79624039)|HEAP_ALLOCATE|[56]|Bytes:8
00:43:46.0 (79631592)|HEAP_ALLOCATE|[56]|Bytes:16
00:43:46.0 (79640012)|HEAP_ALLOCATE|[EXTERNAL]|Bytes:4
00:43:46.0 (79650962)|HEAP_ALLOCATE|[54]|Bytes:5
00:43:46.0 (79662676)|VARIABLE_SCOPE_BEGIN|[54]|field|Schema.SObjectField|true|false
00:43:46.0 (79727470)|VARIABLE_ASSIGNMENT|[54]|field|"common.apex.runtime.impl.ApexFieldToken@1a63719"|0x1a63719
00:43:46.0 (79735117)|STATEMENT_EXECUTE|[54]
00:43:46.0 (79819997)|HEAP_ALLOCATE|[55]|Bytes:8
00:43:46.0 (79833325)|STATEMENT_EXECUTE|[56]
00:43:46.0 (79848530)|HEAP_ALLOCATE|[56]|Bytes:8
00:43:46.0 (79856167)|HEAP_ALLOCATE|[56]|Bytes:14
00:43:46.0 (79864116)|HEAP_ALLOCATE|[EXTERNAL]|Bytes:4
00:43:46.0 (79875082)|HEAP_ALLOCATE|[54]|Bytes:5
00:43:46.0 (79886542)|VARIABLE_SCOPE_BEGIN|[54]|field|Schema.SObjectField|true|false
00:43:46.0 (79951382)|VARIABLE_ASSIGNMENT|[54]|field|"common.apex.runtime.impl.ApexFieldToken@59c38595"|0x59c38595
00:43:46.0 (79958689)|STATEMENT_EXECUTE|[54]
00:43:46.0 (80042056)|HEAP_ALLOCATE|[55]|Bytes:8
00:43:46.0 (80055809)|STATEMENT_EXECUTE|[56]
00:43:46.0 (80070972)|HEAP_ALLOCATE|[56]|Bytes:8
00:43:46.0 (80078468)|HEAP_ALLOCATE|[56]|Bytes:18
00:43:46.0 (80086662)|HEAP_ALLOCATE|[EXTERNAL]|Bytes:4
00:43:46.0 (80097220)|HEAP_ALLOCATE|[54]|Bytes:5
00:43:46.0 (80108528)|VARIABLE_SCOPE_BEGIN|[54]|field|Schema.SObjectField|true|false
00:43:46.0 (80174196)|VARIABLE_ASSIGNMENT|[54]|field|"common.apex.runtime.impl.ApexFieldToken@687a4a55"|0x687a4a55
00:43:46.0 (80181460)|STATEMENT_EXECUTE|[54]
00:43:46.0 (80627134)|HEAP_ALLOCATE|[55]|Bytes:8
00:43:46.0 (80643869)|STATEMENT_EXECUTE|[56]
00:43:46.0 (80662423)|HEAP_ALLOCATE|[56]|Bytes:8
00:43:46.0 (80671024)|HEAP_ALLOCATE|[56]|Bytes:9
00:43:46.0 (80680035)|HEAP_ALLOCATE|[EXTERNAL]|Bytes:4
00:43:46.0 (80692746)|HEAP_ALLOCATE|[54]|Bytes:5
00:43:46.0 (80706461)|VARIABLE_SCOPE_BEGIN|[54]|field|Schema.SObjectField|true|false
00:43:46.0 (80778181)|VARIABLE_ASSIGNMENT|[54]|field|"common.apex.runtime.impl.ApexFieldToken@37a47a62"|0x37a47a62
00:43:46.0 (80786048)|STATEMENT_EXECUTE|[54]
00:43:46.0 (80884163)|HEAP_ALLOCATE|[55]|Bytes:8
00:43:46.0 (80898321)|STATEMENT_EXECUTE|[56]
00:43:46.0 (80914318)|HEAP_ALLOCATE|[56]|Bytes:8
00:43:46.0 (80922299)|HEAP_ALLOCATE|[56]|Bytes:15
00:43:46.0 (80931156)|HEAP_ALLOCATE|[EXTERNAL]|Bytes:4
00:43:46.0 (80942959)|HEAP_ALLOCATE|[54]|Bytes:5
00:43:46.0 (80955904)|VARIABLE_SCOPE_BEGIN|[54]|field|Schema.SObjectField|true|false
00:43:46.0 (81023595)|VARIABLE_ASSIGNMENT|[54]|field|"common.apex.runtime.impl.ApexFieldToken@78a8d70"|0x78a8d70
00:43:46.0 (81032241)|STATEMENT_EXECUTE|[54]
00:43:46.0 (81124903)|HEAP_ALLOCATE|[55]|Bytes:8
00:43:46.0 (81138568)|STATEMENT_EXECUTE|[56]
00:43:46.0 (81154176)|HEAP_ALLOCATE|[56]|Bytes:8
00:43:46.0 (81162587)|HEAP_ALLOCATE|[56]|Bytes:19
00:43:46.0 (81171300)|HEAP_ALLOCATE|[EXTERNAL]|Bytes:4
00:43:46.0 (81182620)|HEAP_ALLOCATE|[54]|Bytes:5
00:43:46.0 (81195014)|VARIABLE_SCOPE_BEGIN|[54]|field|Schema.SObjectField|true|false
00:43:46.0 (81261561)|VARIABLE_ASSIGNMENT|[54]|field|"common.apex.runtime.impl.ApexFieldToken@42a05f39"|0x42a05f39
00:43:46.0 (81268996)|STATEMENT_EXECUTE|[54]
00:43:46.0 (81363087)|HEAP_ALLOCATE|[55]|Bytes:8
00:43:46.0 (81378858)|STATEMENT_EXECUTE|[56]
00:43:46.0 (81394736)|HEAP_ALLOCATE|[56]|Bytes:8
00:43:46.0 (81402906)|HEAP_ALLOCATE|[56]|Bytes:14
00:43:46.0 (81411336)|HEAP_ALLOCATE|[EXTERNAL]|Bytes:4
00:43:46.0 (81423162)|HEAP_ALLOCATE|[54]|Bytes:5
00:43:46.0 (81435571)|VARIABLE_SCOPE_BEGIN|[54]|field|Schema.SObjectField|true|false
00:43:46.0 (81501781)|VARIABLE_ASSIGNMENT|[54]|field|"common.apex.runtime.impl.ApexFieldToken@78329dda"|0x78329dda
00:43:46.0 (81509772)|STATEMENT_EXECUTE|[54]
00:43:46.0 (81597362)|HEAP_ALLOCATE|[55]|Bytes:8
00:43:46.0 (81610636)|STATEMENT_EXECUTE|[56]
00:43:46.0 (81625895)|HEAP_ALLOCATE|[56]|Bytes:8
00:43:46.0 (81634030)|HEAP_ALLOCATE|[56]|Bytes:25
00:43:46.0 (81642622)|HEAP_ALLOCATE|[EXTERNAL]|Bytes:4
00:43:46.0 (81654220)|HEAP_ALLOCATE|[54]|Bytes:5
00:43:46.0 (81665907)|VARIABLE_SCOPE_BEGIN|[54]|field|Schema.SObjectField|true|false
00:43:46.0 (81730903)|VARIABLE_ASSIGNMENT|[54]|field|"common.apex.runtime.impl.ApexFieldToken@6cd19fd4"|0x6cd19fd4
00:43:46.0 (81738452)|STATEMENT_EXECUTE|[54]
00:43:46.0 (81824305)|HEAP_ALLOCATE|[55]|Bytes:8
00:43:46.0 (81837767)|STATEMENT_EXECUTE|[56]
00:43:46.0 (81852540)|HEAP_ALLOCATE|[56]|Bytes:8
00:43:46.0 (81860403)|HEAP_ALLOCATE|[56]|Bytes:15
00:43:46.0 (81868625)|HEAP_ALLOCATE|[EXTERNAL]|Bytes:4
00:43:46.0 (81879836)|HEAP_ALLOCATE|[54]|Bytes:5
00:43:46.0 (81891452)|VARIABLE_SCOPE_BEGIN|[54]|field|Schema.SObjectField|true|false
00:43:46.0 (81955279)|VARIABLE_ASSIGNMENT|[54]|field|"common.apex.runtime.impl.ApexFieldToken@3fe37e33"|0x3fe37e33
00:43:46.0 (81962676)|STATEMENT_EXECUTE|[54]
00:43:46.0 (82048962)|HEAP_ALLOCATE|[55]|Bytes:8
00:43:46.0 (82062478)|STATEMENT_EXECUTE|[56]
00:43:46.0 (82078248)|HEAP_ALLOCATE|[56]|Bytes:8
00:43:46.0 (82085940)|HEAP_ALLOCATE|[56]|Bytes:23
00:43:46.0 (82095058)|HEAP_ALLOCATE|[EXTERNAL]|Bytes:4
00:43:46.0 (82106038)|HEAP_ALLOCATE|[54]|Bytes:5
00:43:46.0 (82117285)|VARIABLE_SCOPE_BEGIN|[54]|field|Schema.SObjectField|true|false
00:43:46.0 (82182627)|VARIABLE_ASSIGNMENT|[54]|field|"common.apex.runtime.impl.ApexFieldToken@7ffaa761"|0x7ffaa761
00:43:46.0 (82190317)|STATEMENT_EXECUTE|[54]
00:43:46.0 (82277331)|HEAP_ALLOCATE|[55]|Bytes:8
00:43:46.0 (82290413)|STATEMENT_EXECUTE|[56]
00:43:46.0 (82315814)|HEAP_ALLOCATE|[56]|Bytes:8
00:43:46.0 (82324880)|HEAP_ALLOCATE|[56]|Bytes:16
00:43:46.0 (82333952)|HEAP_ALLOCATE|[EXTERNAL]|Bytes:4
00:43:46.0 (82344937)|HEAP_ALLOCATE|[54]|Bytes:5
00:43:46.0 (82356701)|VARIABLE_SCOPE_BEGIN|[54]|field|Schema.SObjectField|true|false
00:43:46.0 (82425281)|VARIABLE_ASSIGNMENT|[54]|field|"common.apex.runtime.impl.ApexFieldToken@134a2909"|0x134a2909
00:43:46.0 (82432912)|STATEMENT_EXECUTE|[54]
00:43:46.0 (82520702)|HEAP_ALLOCATE|[55]|Bytes:8
00:43:46.0 (82534127)|STATEMENT_EXECUTE|[56]
00:43:46.0 (82549501)|HEAP_ALLOCATE|[56]|Bytes:8
00:43:46.0 (82557330)|HEAP_ALLOCATE|[56]|Bytes:14
00:43:46.0 (82565244)|HEAP_ALLOCATE|[EXTERNAL]|Bytes:4
00:43:46.0 (82576384)|HEAP_ALLOCATE|[54]|Bytes:5
00:43:46.0 (82588494)|VARIABLE_SCOPE_BEGIN|[54]|field|Schema.SObjectField|true|false
00:43:46.0 (82653648)|VARIABLE_ASSIGNMENT|[54]|field|"common.apex.runtime.impl.ApexFieldToken@73852b8b"|0x73852b8b
00:43:46.0 (82660991)|STATEMENT_EXECUTE|[54]
00:43:46.0 (82748817)|HEAP_ALLOCATE|[55]|Bytes:8
00:43:46.0 (82762325)|STATEMENT_EXECUTE|[56]
00:43:46.0 (82777624)|HEAP_ALLOCATE|[56]|Bytes:8
00:43:46.0 (82785668)|HEAP_ALLOCATE|[56]|Bytes:13
00:43:46.0 (82793469)|HEAP_ALLOCATE|[EXTERNAL]|Bytes:4
00:43:46.0 (82804673)|HEAP_ALLOCATE|[54]|Bytes:5
00:43:46.0 (82816633)|VARIABLE_SCOPE_BEGIN|[54]|field|Schema.SObjectField|true|false
00:43:46.0 (82880879)|VARIABLE_ASSIGNMENT|[54]|field|"common.apex.runtime.impl.ApexFieldToken@5733d12e"|0x5733d12e
00:43:46.0 (82887861)|STATEMENT_EXECUTE|[54]
00:43:46.0 (82973719)|HEAP_ALLOCATE|[55]|Bytes:8
00:43:46.0 (82986983)|STATEMENT_EXECUTE|[56]
00:43:46.0 (83002349)|HEAP_ALLOCATE|[56]|Bytes:8
00:43:46.0 (83010816)|HEAP_ALLOCATE|[56]|Bytes:5
00:43:46.0 (83018307)|HEAP_ALLOCATE|[EXTERNAL]|Bytes:4
00:43:46.0 (83029559)|HEAP_ALLOCATE|[54]|Bytes:5
00:43:46.0 (83041243)|VARIABLE_SCOPE_BEGIN|[54]|field|Schema.SObjectField|true|false
00:43:46.0 (83106209)|VARIABLE_ASSIGNMENT|[54]|field|"common.apex.runtime.impl.ApexFieldToken@7dd8a506"|0x7dd8a506
00:43:46.0 (83113280)|STATEMENT_EXECUTE|[54]
00:43:46.0 (83198472)|HEAP_ALLOCATE|[55]|Bytes:8
00:43:46.0 (83211627)|STATEMENT_EXECUTE|[56]
00:43:46.0 (83226578)|HEAP_ALLOCATE|[56]|Bytes:8
00:43:46.0 (83234659)|HEAP_ALLOCATE|[56]|Bytes:11
00:43:46.0 (83242484)|HEAP_ALLOCATE|[EXTERNAL]|Bytes:4
00:43:46.0 (83253343)|HEAP_ALLOCATE|[54]|Bytes:5
00:43:46.0 (83264909)|VARIABLE_SCOPE_BEGIN|[54]|field|Schema.SObjectField|true|false
00:43:46.0 (83334609)|VARIABLE_ASSIGNMENT|[54]|field|"common.apex.runtime.impl.ApexFieldToken@3f18d9d5"|0x3f18d9d5
00:43:46.0 (83342166)|STATEMENT_EXECUTE|[54]
00:43:46.0 (83431838)|HEAP_ALLOCATE|[55]|Bytes:8
00:43:46.0 (83445553)|STATEMENT_EXECUTE|[56]
00:43:46.0 (83460570)|HEAP_ALLOCATE|[56]|Bytes:8
00:43:46.0 (83468119)|HEAP_ALLOCATE|[56]|Bytes:5
00:43:46.0 (83475918)|HEAP_ALLOCATE|[EXTERNAL]|Bytes:4
00:43:46.0 (83486801)|HEAP_ALLOCATE|[54]|Bytes:5
00:43:46.0 (83498378)|VARIABLE_SCOPE_BEGIN|[54]|field|Schema.SObjectField|true|false
00:43:46.0 (83573313)|VARIABLE_ASSIGNMENT|[54]|field|"common.apex.runtime.impl.ApexFieldToken@659b74ce"|0x659b74ce
00:43:46.0 (83581099)|STATEMENT_EXECUTE|[54]
00:43:46.0 (83724172)|HEAP_ALLOCATE|[55]|Bytes:8
00:43:46.0 (83738524)|STATEMENT_EXECUTE|[56]
00:43:46.0 (83754504)|HEAP_ALLOCATE|[56]|Bytes:8
00:43:46.0 (83763474)|HEAP_ALLOCATE|[56]|Bytes:25
00:43:46.0 (83771441)|HEAP_ALLOCATE|[EXTERNAL]|Bytes:4
00:43:46.0 (83782869)|HEAP_ALLOCATE|[54]|Bytes:5
00:43:46.0 (83795174)|VARIABLE_SCOPE_BEGIN|[54]|field|Schema.SObjectField|true|false
00:43:46.0 (83864424)|VARIABLE_ASSIGNMENT|[54]|field|"common.apex.runtime.impl.ApexFieldToken@2c6863f2"|0x2c6863f2
00:43:46.0 (83871919)|STATEMENT_EXECUTE|[54]
00:43:46.0 (83992833)|HEAP_ALLOCATE|[55]|Bytes:8
00:43:46.0 (84006969)|STATEMENT_EXECUTE|[56]
00:43:46.0 (84024039)|HEAP_ALLOCATE|[56]|Bytes:8
00:43:46.0 (84032309)|HEAP_ALLOCATE|[56]|Bytes:12
00:43:46.0 (84040523)|HEAP_ALLOCATE|[EXTERNAL]|Bytes:4
00:43:46.0 (84051866)|HEAP_ALLOCATE|[54]|Bytes:5
00:43:46.0 (84063896)|VARIABLE_SCOPE_BEGIN|[54]|field|Schema.SObjectField|true|false
00:43:46.0 (84129479)|VARIABLE_ASSIGNMENT|[54]|field|"common.apex.runtime.impl.ApexFieldToken@14a003ec"|0x14a003ec
00:43:46.0 (84136981)|STATEMENT_EXECUTE|[54]
00:43:46.0 (84229175)|HEAP_ALLOCATE|[55]|Bytes:8
00:43:46.0 (84243485)|STATEMENT_EXECUTE|[56]
00:43:46.0 (84259118)|HEAP_ALLOCATE|[56]|Bytes:8
00:43:46.0 (84267033)|HEAP_ALLOCATE|[56]|Bytes:21
00:43:46.0 (84274902)|HEAP_ALLOCATE|[EXTERNAL]|Bytes:4
00:43:46.0 (84286248)|HEAP_ALLOCATE|[54]|Bytes:5
00:43:46.0 (84297770)|VARIABLE_SCOPE_BEGIN|[54]|field|Schema.SObjectField|true|false
00:43:46.0 (84368734)|VARIABLE_ASSIGNMENT|[54]|field|"common.apex.runtime.impl.ApexFieldToken@6d8fa6dc"|0x6d8fa6dc
00:43:46.0 (84377599)|STATEMENT_EXECUTE|[54]
00:43:46.0 (84466584)|HEAP_ALLOCATE|[55]|Bytes:8
00:43:46.0 (84480254)|STATEMENT_EXECUTE|[56]
00:43:46.0 (84495731)|HEAP_ALLOCATE|[56]|Bytes:8
00:43:46.0 (84503853)|HEAP_ALLOCATE|[56]|Bytes:19
00:43:46.0 (84512110)|HEAP_ALLOCATE|[EXTERNAL]|Bytes:4
00:43:46.0 (84522818)|HEAP_ALLOCATE|[54]|Bytes:5
00:43:46.0 (84534158)|VARIABLE_SCOPE_BEGIN|[54]|field|Schema.SObjectField|true|false
00:43:46.0 (84599104)|VARIABLE_ASSIGNMENT|[54]|field|"common.apex.runtime.impl.ApexFieldToken@530c82a7"|0x530c82a7
00:43:46.0 (84606445)|STATEMENT_EXECUTE|[54]
00:43:46.0 (84694234)|HEAP_ALLOCATE|[55]|Bytes:8
00:43:46.0 (84707608)|STATEMENT_EXECUTE|[56]
00:43:46.0 (84723025)|HEAP_ALLOCATE|[56]|Bytes:8
00:43:46.0 (84730845)|HEAP_ALLOCATE|[56]|Bytes:8
00:43:46.0 (84738400)|HEAP_ALLOCATE|[EXTERNAL]|Bytes:4
00:43:46.0 (84748834)|HEAP_ALLOCATE|[54]|Bytes:5
00:43:46.0 (84760621)|VARIABLE_SCOPE_BEGIN|[54]|field|Schema.SObjectField|true|false
00:43:46.0 (84825207)|VARIABLE_ASSIGNMENT|[54]|field|"common.apex.runtime.impl.ApexFieldToken@3c140cc7"|0x3c140cc7
00:43:46.0 (84832617)|STATEMENT_EXECUTE|[54]
00:43:46.0 (84915940)|HEAP_ALLOCATE|[55]|Bytes:8
00:43:46.0 (84929081)|STATEMENT_EXECUTE|[56]
00:43:46.0 (84944141)|HEAP_ALLOCATE|[56]|Bytes:8
00:43:46.0 (84952045)|HEAP_ALLOCATE|[56]|Bytes:8
00:43:46.0 (84959563)|HEAP_ALLOCATE|[EXTERNAL]|Bytes:4
00:43:46.0 (84969823)|HEAP_ALLOCATE|[54]|Bytes:5
00:43:46.0 (84981288)|VARIABLE_SCOPE_BEGIN|[54]|field|Schema.SObjectField|true|false
00:43:46.0 (85046010)|VARIABLE_ASSIGNMENT|[54]|field|"common.apex.runtime.impl.ApexFieldToken@28bfd7ca"|0x28bfd7ca
00:43:46.0 (85054110)|STATEMENT_EXECUTE|[54]
00:43:46.0 (85136850)|HEAP_ALLOCATE|[55]|Bytes:8
00:43:46.0 (85150032)|STATEMENT_EXECUTE|[56]
00:43:46.0 (85164867)|HEAP_ALLOCATE|[56]|Bytes:8
00:43:46.0 (85172602)|HEAP_ALLOCATE|[56]|Bytes:10
00:43:46.0 (85180530)|HEAP_ALLOCATE|[EXTERNAL]|Bytes:4
00:43:46.0 (85191012)|HEAP_ALLOCATE|[54]|Bytes:5
00:43:46.0 (85203116)|VARIABLE_SCOPE_BEGIN|[54]|field|Schema.SObjectField|true|false
00:43:46.0 (85267872)|VARIABLE_ASSIGNMENT|[54]|field|"common.apex.runtime.impl.ApexFieldToken@38962d47"|0x38962d47
00:43:46.0 (85275086)|STATEMENT_EXECUTE|[54]
00:43:46.0 (85367811)|HEAP_ALLOCATE|[55]|Bytes:8
00:43:46.0 (85383890)|STATEMENT_EXECUTE|[56]
00:43:46.0 (85400100)|HEAP_ALLOCATE|[56]|Bytes:8
00:43:46.0 (85408239)|HEAP_ALLOCATE|[56]|Bytes:8
00:43:46.0 (85416190)|HEAP_ALLOCATE|[EXTERNAL]|Bytes:4
00:43:46.0 (85426712)|HEAP_ALLOCATE|[54]|Bytes:5
00:43:46.0 (85438536)|VARIABLE_SCOPE_BEGIN|[54]|field|Schema.SObjectField|true|false
00:43:46.0 (85503553)|VARIABLE_ASSIGNMENT|[54]|field|"common.apex.runtime.impl.ApexFieldToken@fb89948"|0xfb89948
00:43:46.0 (85511362)|STATEMENT_EXECUTE|[54]
00:43:46.0 (85596592)|HEAP_ALLOCATE|[55]|Bytes:8
00:43:46.0 (85609687)|STATEMENT_EXECUTE|[56]
00:43:46.0 (85624672)|HEAP_ALLOCATE|[56]|Bytes:8
00:43:46.0 (85632349)|HEAP_ALLOCATE|[56]|Bytes:7
00:43:46.0 (85639946)|HEAP_ALLOCATE|[EXTERNAL]|Bytes:4
00:43:46.0 (85650985)|HEAP_ALLOCATE|[54]|Bytes:5
00:43:46.0 (85662859)|VARIABLE_SCOPE_BEGIN|[54]|field|Schema.SObjectField|true|false
00:43:46.0 (85727415)|VARIABLE_ASSIGNMENT|[54]|field|"common.apex.runtime.impl.ApexFieldToken@1356ce4c"|0x1356ce4c
00:43:46.0 (85734999)|STATEMENT_EXECUTE|[54]
00:43:46.0 (85817314)|HEAP_ALLOCATE|[55]|Bytes:8
00:43:46.0 (85830063)|STATEMENT_EXECUTE|[56]
00:43:46.0 (85844889)|HEAP_ALLOCATE|[56]|Bytes:8
00:43:46.0 (85852571)|HEAP_ALLOCATE|[56]|Bytes:8
00:43:46.0 (85860229)|HEAP_ALLOCATE|[EXTERNAL]|Bytes:4
00:43:46.0 (85870867)|HEAP_ALLOCATE|[54]|Bytes:5
00:43:46.0 (85882260)|VARIABLE_SCOPE_BEGIN|[54]|field|Schema.SObjectField|true|false
00:43:46.0 (85946503)|VARIABLE_ASSIGNMENT|[54]|field|"common.apex.runtime.impl.ApexFieldToken@45814a6b"|0x45814a6b
00:43:46.0 (85953576)|STATEMENT_EXECUTE|[54]
00:43:46.0 (86037524)|HEAP_ALLOCATE|[55]|Bytes:8
00:43:46.0 (86050950)|STATEMENT_EXECUTE|[56]
00:43:46.0 (86065860)|HEAP_ALLOCATE|[56]|Bytes:8
00:43:46.0 (86073664)|HEAP_ALLOCATE|[56]|Bytes:7
00:43:46.0 (86081712)|HEAP_ALLOCATE|[EXTERNAL]|Bytes:4
00:43:46.0 (86092749)|HEAP_ALLOCATE|[54]|Bytes:5
00:43:46.0 (86103730)|VARIABLE_ASSIGNMENT|[54]|field|null|
00:43:46.0 (86108803)|STATEMENT_EXECUTE|[58]
00:43:46.0 (86115058)|VARIABLE_SCOPE_BEGIN|[58]|allfields|String|false|false
00:43:46.0 (86125290)|VARIABLE_ASSIGNMENT|[58]|allfields|""
00:43:46.0 (86176227)|HEAP_ALLOCATE|[59]|Bytes:5
00:43:46.0 (86186098)|HEAP_ALLOCATE|[59]|Bytes:2
00:43:46.0 (86192424)|VARIABLE_SCOPE_BEGIN|[59]|fieldname|String|false|false
00:43:46.0 (86201600)|VARIABLE_ASSIGNMENT|[59]|fieldname|"Id"
00:43:46.0 (86205539)|STATEMENT_EXECUTE|[60]
00:43:46.0 (86207997)|HEAP_ALLOCATE|[60]|Bytes:1
00:43:46.0 (86226942)|HEAP_ALLOCATE|[60]|Bytes:3
00:43:46.0 (86232605)|HEAP_ALLOCATE|[60]|Bytes:3
00:43:46.0 (86237662)|VARIABLE_ASSIGNMENT|[60]|allfields|"Id,"
00:43:46.0 (86246437)|HEAP_ALLOCATE|[59]|Bytes:5
00:43:46.0 (86253032)|HEAP_ALLOCATE|[59]|Bytes:7
00:43:46.0 (86257506)|VARIABLE_SCOPE_BEGIN|[59]|fieldname|String|false|false
00:43:46.0 (86264627)|VARIABLE_ASSIGNMENT|[59]|fieldname|"OwnerId"
00:43:46.0 (86267922)|STATEMENT_EXECUTE|[60]
00:43:46.0 (86271370)|HEAP_ALLOCATE|[60]|Bytes:8
00:43:46.0 (86275379)|HEAP_ALLOCATE|[60]|Bytes:11
00:43:46.0 (86279967)|VARIABLE_ASSIGNMENT|[60]|allfields|"Id,OwnerId,"
00:43:46.0 (86287033)|HEAP_ALLOCATE|[59]|Bytes:5
00:43:46.0 (86293078)|HEAP_ALLOCATE|[59]|Bytes:9
00:43:46.0 (86297083)|VARIABLE_SCOPE_BEGIN|[59]|fieldname|String|false|false
00:43:46.0 (86303855)|VARIABLE_ASSIGNMENT|[59]|fieldname|"IsDeleted"
00:43:46.0 (86319599)|STATEMENT_EXECUTE|[60]
00:43:46.0 (86323734)|HEAP_ALLOCATE|[60]|Bytes:10
00:43:46.0 (86328332)|HEAP_ALLOCATE|[60]|Bytes:21
00:43:46.0 (86335686)|VARIABLE_ASSIGNMENT|[60]|allfields|"Id,OwnerId,IsDeleted (1 more) ..."
00:43:46.0 (86344199)|HEAP_ALLOCATE|[59]|Bytes:5
00:43:46.0 (86350355)|HEAP_ALLOCATE|[59]|Bytes:4
00:43:46.0 (86354731)|VARIABLE_SCOPE_BEGIN|[59]|fieldname|String|false|false
00:43:46.0 (86361618)|VARIABLE_ASSIGNMENT|[59]|fieldname|"Name"
00:43:46.0 (86365068)|STATEMENT_EXECUTE|[60]
00:43:46.0 (86368596)|HEAP_ALLOCATE|[60]|Bytes:5
00:43:46.0 (86374646)|HEAP_ALLOCATE|[60]|Bytes:26
00:43:46.0 (86380482)|VARIABLE_ASSIGNMENT|[60]|allfields|"Id,OwnerId,IsDeleted (6 more) ..."
00:43:46.0 (86388394)|HEAP_ALLOCATE|[59]|Bytes:5
00:43:46.0 (86394456)|HEAP_ALLOCATE|[59]|Bytes:11
00:43:46.0 (86402255)|VARIABLE_SCOPE_BEGIN|[59]|fieldname|String|false|false
00:43:46.0 (86409496)|VARIABLE_ASSIGNMENT|[59]|fieldname|"CreatedDate"
00:43:46.0 (86412947)|STATEMENT_EXECUTE|[60]
00:43:46.0 (86415834)|HEAP_ALLOCATE|[60]|Bytes:12
00:43:46.0 (86419529)|HEAP_ALLOCATE|[60]|Bytes:38
00:43:46.0 (86424764)|VARIABLE_ASSIGNMENT|[60]|allfields|"Id,OwnerId,IsDeleted (18 more) ..."
00:43:46.0 (86432692)|HEAP_ALLOCATE|[59]|Bytes:5
00:43:46.0 (86438448)|HEAP_ALLOCATE|[59]|Bytes:11
00:43:46.0 (86442612)|VARIABLE_SCOPE_BEGIN|[59]|fieldname|String|false|false
00:43:46.0 (86449001)|VARIABLE_ASSIGNMENT|[59]|fieldname|"CreatedById"
00:43:46.0 (86452045)|STATEMENT_EXECUTE|[60]
00:43:46.0 (86454727)|HEAP_ALLOCATE|[60]|Bytes:12
00:43:46.0 (86458131)|HEAP_ALLOCATE|[60]|Bytes:50
00:43:46.0 (86462963)|VARIABLE_ASSIGNMENT|[60]|allfields|"Id,OwnerId,IsDeleted (30 more) ..."
00:43:46.0 (86469951)|HEAP_ALLOCATE|[59]|Bytes:5
00:43:46.0 (86475431)|HEAP_ALLOCATE|[59]|Bytes:16
00:43:46.0 (86479599)|VARIABLE_SCOPE_BEGIN|[59]|fieldname|String|false|false
00:43:46.0 (86486504)|VARIABLE_ASSIGNMENT|[59]|fieldname|"LastModifiedDate"
00:43:46.0 (86489714)|STATEMENT_EXECUTE|[60]
00:43:46.0 (86492319)|HEAP_ALLOCATE|[60]|Bytes:17
00:43:46.0 (86495844)|HEAP_ALLOCATE|[60]|Bytes:67
00:43:46.0 (86500520)|VARIABLE_ASSIGNMENT|[60]|allfields|"Id,OwnerId,IsDeleted (47 more) ..."
00:43:46.0 (86507516)|HEAP_ALLOCATE|[59]|Bytes:5
00:43:46.0 (86513185)|HEAP_ALLOCATE|[59]|Bytes:16
00:43:46.0 (86517061)|VARIABLE_SCOPE_BEGIN|[59]|fieldname|String|false|false
00:43:46.0 (86523838)|VARIABLE_ASSIGNMENT|[59]|fieldname|"LastModifiedById"
00:43:46.0 (86526920)|STATEMENT_EXECUTE|[60]
00:43:46.0 (86529458)|HEAP_ALLOCATE|[60]|Bytes:17
00:43:46.0 (86533274)|HEAP_ALLOCATE|[60]|Bytes:84
00:43:46.0 (86538072)|VARIABLE_ASSIGNMENT|[60]|allfields|"Id,OwnerId,IsDeleted (64 more) ..."
00:43:46.0 (86544698)|HEAP_ALLOCATE|[59]|Bytes:5
00:43:46.0 (86550066)|HEAP_ALLOCATE|[59]|Bytes:14
00:43:46.0 (86553988)|VARIABLE_SCOPE_BEGIN|[59]|fieldname|String|false|false
00:43:46.0 (86561276)|VARIABLE_ASSIGNMENT|[59]|fieldname|"SystemModstamp"
00:43:46.0 (86564560)|STATEMENT_EXECUTE|[60]
00:43:46.0 (86567119)|HEAP_ALLOCATE|[60]|Bytes:15
00:43:46.0 (86571131)|HEAP_ALLOCATE|[60]|Bytes:99
00:43:46.0 (86575858)|VARIABLE_ASSIGNMENT|[60]|allfields|"Id,OwnerId,IsDeleted (79 more) ..."
00:43:46.0 (86582988)|HEAP_ALLOCATE|[59]|Bytes:5
00:43:46.0 (86588868)|HEAP_ALLOCATE|[59]|Bytes:16
00:43:46.0 (86592605)|VARIABLE_SCOPE_BEGIN|[59]|fieldname|String|false|false
00:43:46.0 (86599344)|VARIABLE_ASSIGNMENT|[59]|fieldname|"LastActivityDate"
00:43:46.0 (86602585)|STATEMENT_EXECUTE|[60]
00:43:46.0 (86605043)|HEAP_ALLOCATE|[60]|Bytes:17
00:43:46.0 (86609022)|HEAP_ALLOCATE|[60]|Bytes:116
00:43:46.0 (86614123)|VARIABLE_ASSIGNMENT|[60]|allfields|"Id,OwnerId,IsDeleted (96 more) ..."
00:43:46.0 (86620885)|HEAP_ALLOCATE|[59]|Bytes:5
00:43:46.0 (86626996)|HEAP_ALLOCATE|[59]|Bytes:14
00:43:46.0 (86630770)|VARIABLE_SCOPE_BEGIN|[59]|fieldname|String|false|false
00:43:46.0 (86637390)|VARIABLE_ASSIGNMENT|[59]|fieldname|"LastViewedDate"
00:43:46.0 (86640651)|STATEMENT_EXECUTE|[60]
00:43:46.0 (86643425)|HEAP_ALLOCATE|[60]|Bytes:15
00:43:46.0 (86647077)|HEAP_ALLOCATE|[60]|Bytes:131
00:43:46.0 (86652112)|VARIABLE_ASSIGNMENT|[60]|allfields|"Id,OwnerId,IsDeleted (111 more) ..."
00:43:46.0 (86659150)|HEAP_ALLOCATE|[59]|Bytes:5
00:43:46.0 (86664859)|HEAP_ALLOCATE|[59]|Bytes:18
00:43:46.0 (86668997)|VARIABLE_SCOPE_BEGIN|[59]|fieldname|String|false|false
00:43:46.0 (86675913)|VARIABLE_ASSIGNMENT|[59]|fieldname|"LastReferencedDate"
00:43:46.0 (86679418)|STATEMENT_EXECUTE|[60]
00:43:46.0 (86682092)|HEAP_ALLOCATE|[60]|Bytes:19
00:43:46.0 (86686053)|HEAP_ALLOCATE|[60]|Bytes:150
00:43:46.0 (86691088)|VARIABLE_ASSIGNMENT|[60]|allfields|"Id,OwnerId,IsDeleted (130 more) ..."
00:43:46.0 (86697648)|HEAP_ALLOCATE|[59]|Bytes:5
00:43:46.0 (86703481)|HEAP_ALLOCATE|[59]|Bytes:9
00:43:46.0 (86707396)|VARIABLE_SCOPE_BEGIN|[59]|fieldname|String|false|false
00:43:46.0 (86714191)|VARIABLE_ASSIGNMENT|[59]|fieldname|"Client__c"
00:43:46.0 (86717529)|STATEMENT_EXECUTE|[60]
00:43:46.0 (86720284)|HEAP_ALLOCATE|[60]|Bytes:10
00:43:46.0 (86724026)|HEAP_ALLOCATE|[60]|Bytes:160
00:43:46.0 (86728913)|VARIABLE_ASSIGNMENT|[60]|allfields|"Id,OwnerId,IsDeleted (140 more) ..."
00:43:46.0 (86735865)|HEAP_ALLOCATE|[59]|Bytes:5
00:43:46.0 (86741461)|HEAP_ALLOCATE|[59]|Bytes:15
00:43:46.0 (86745335)|VARIABLE_SCOPE_BEGIN|[59]|fieldname|String|false|false
00:43:46.0 (86752634)|VARIABLE_ASSIGNMENT|[59]|fieldname|"End_Customer__c"
00:43:46.0 (86755940)|STATEMENT_EXECUTE|[60]
00:43:46.0 (86758478)|HEAP_ALLOCATE|[60]|Bytes:16
00:43:46.0 (86762160)|HEAP_ALLOCATE|[60]|Bytes:176
00:43:46.0 (86767216)|VARIABLE_ASSIGNMENT|[60]|allfields|"Id,OwnerId,IsDeleted (156 more) ..."
00:43:46.0 (86774200)|HEAP_ALLOCATE|[59]|Bytes:5
00:43:46.0 (86779923)|HEAP_ALLOCATE|[59]|Bytes:19
00:43:46.0 (86783638)|VARIABLE_SCOPE_BEGIN|[59]|fieldname|String|false|false
00:43:46.0 (86790482)|VARIABLE_ASSIGNMENT|[59]|fieldname|"Operation_Region__c"
00:43:46.0 (86794803)|STATEMENT_EXECUTE|[60]
00:43:46.0 (86797704)|HEAP_ALLOCATE|[60]|Bytes:20
00:43:46.0 (86801513)|HEAP_ALLOCATE|[60]|Bytes:196
00:43:46.0 (86806275)|VARIABLE_ASSIGNMENT|[60]|allfields|"Id,OwnerId,IsDeleted (176 more) ..."
00:43:46.0 (86813491)|HEAP_ALLOCATE|[59]|Bytes:5
00:43:46.0 (86819167)|HEAP_ALLOCATE|[59]|Bytes:14
00:43:46.0 (86823205)|VARIABLE_SCOPE_BEGIN|[59]|fieldname|String|false|false
00:43:46.0 (86829921)|VARIABLE_ASSIGNMENT|[59]|fieldname|"Work_Region__c"
00:43:46.0 (86833231)|STATEMENT_EXECUTE|[60]
00:43:46.0 (86835765)|HEAP_ALLOCATE|[60]|Bytes:15
00:43:46.0 (86839459)|HEAP_ALLOCATE|[60]|Bytes:211
00:43:46.0 (86844368)|VARIABLE_ASSIGNMENT|[60]|allfields|"Id,OwnerId,IsDeleted (191 more) ..."
00:43:46.0 (86851148)|HEAP_ALLOCATE|[59]|Bytes:5
00:43:46.0 (86856693)|HEAP_ALLOCATE|[59]|Bytes:25
00:43:46.0 (86860375)|VARIABLE_SCOPE_BEGIN|[59]|fieldname|String|false|false
00:43:46.0 (86868277)|VARIABLE_ASSIGNMENT|[59]|fieldname|"Client_Project_Manag (5 more) ..."
00:43:46.0 (86871596)|STATEMENT_EXECUTE|[60]
00:43:46.0 (86874170)|HEAP_ALLOCATE|[60]|Bytes:26
00:43:46.0 (86877818)|HEAP_ALLOCATE|[60]|Bytes:237
00:43:46.0 (86882530)|VARIABLE_ASSIGNMENT|[60]|allfields|"Id,OwnerId,IsDeleted (217 more) ..."
00:43:46.0 (86889070)|HEAP_ALLOCATE|[59]|Bytes:5
00:43:46.0 (86894624)|HEAP_ALLOCATE|[59]|Bytes:15
00:43:46.0 (86898430)|VARIABLE_SCOPE_BEGIN|[59]|fieldname|String|false|false
00:43:46.0 (86904736)|VARIABLE_ASSIGNMENT|[59]|fieldname|"Project_code__c"
00:43:46.0 (86908062)|STATEMENT_EXECUTE|[60]
00:43:46.0 (86910573)|HEAP_ALLOCATE|[60]|Bytes:16
00:43:46.0 (86914087)|HEAP_ALLOCATE|[60]|Bytes:253
00:43:46.0 (86918601)|VARIABLE_ASSIGNMENT|[60]|allfields|"Id,OwnerId,IsDeleted (233 more) ..."
00:43:46.0 (86925232)|HEAP_ALLOCATE|[59]|Bytes:5
00:43:46.0 (86930766)|HEAP_ALLOCATE|[59]|Bytes:23
00:43:46.0 (86934574)|VARIABLE_SCOPE_BEGIN|[59]|fieldname|String|false|false
00:43:46.0 (86941995)|VARIABLE_ASSIGNMENT|[59]|fieldname|"Company_project_code (3 more) ..."
00:43:46.0 (86945183)|STATEMENT_EXECUTE|[60]
00:43:46.0 (86947835)|HEAP_ALLOCATE|[60]|Bytes:24
00:43:46.0 (86951690)|HEAP_ALLOCATE|[60]|Bytes:277
00:43:46.0 (86956541)|VARIABLE_ASSIGNMENT|[60]|allfields|"Id,OwnerId,IsDeleted (257 more) ..."
00:43:46.0 (86963309)|HEAP_ALLOCATE|[59]|Bytes:5
00:43:46.0 (86969200)|HEAP_ALLOCATE|[59]|Bytes:16
00:43:46.0 (86972984)|VARIABLE_SCOPE_BEGIN|[59]|fieldname|String|false|false
00:43:46.0 (86980163)|VARIABLE_ASSIGNMENT|[59]|fieldname|"Project_Scope__c"
00:43:46.0 (86983605)|STATEMENT_EXECUTE|[60]
00:43:46.0 (86986361)|HEAP_ALLOCATE|[60]|Bytes:17
00:43:46.0 (86990319)|HEAP_ALLOCATE|[60]|Bytes:294
00:43:46.0 (86994931)|VARIABLE_ASSIGNMENT|[60]|allfields|"Id,OwnerId,IsDeleted (274 more) ..."
00:43:46.0 (87001531)|HEAP_ALLOCATE|[59]|Bytes:5
00:43:46.0 (87008028)|HEAP_ALLOCATE|[59]|Bytes:14
00:43:46.0 (87012021)|VARIABLE_SCOPE_BEGIN|[59]|fieldname|String|false|false
00:43:46.0 (87018644)|VARIABLE_ASSIGNMENT|[59]|fieldname|"Cost_Centre__c"
00:43:46.0 (87022185)|STATEMENT_EXECUTE|[60]
00:43:46.0 (87024735)|HEAP_ALLOCATE|[60]|Bytes:15
00:43:46.0 (87028420)|HEAP_ALLOCATE|[60]|Bytes:309
00:43:46.0 (87033147)|VARIABLE_ASSIGNMENT|[60]|allfields|"Id,OwnerId,IsDeleted (289 more) ..."
00:43:46.0 (87040232)|HEAP_ALLOCATE|[59]|Bytes:5
00:43:46.0 (87045925)|HEAP_ALLOCATE|[59]|Bytes:13
00:43:46.0 (87049799)|VARIABLE_SCOPE_BEGIN|[59]|fieldname|String|false|false
00:43:46.0 (87057102)|VARIABLE_ASSIGNMENT|[59]|fieldname|"Production__c"
00:43:46.0 (87060629)|STATEMENT_EXECUTE|[60]
00:43:46.0 (87063229)|HEAP_ALLOCATE|[60]|Bytes:14
00:43:46.0 (87067027)|HEAP_ALLOCATE|[60]|Bytes:323
00:43:46.0 (87072262)|VARIABLE_ASSIGNMENT|[60]|allfields|"Id,OwnerId,IsDeleted (303 more) ..."
00:43:46.0 (87079107)|HEAP_ALLOCATE|[59]|Bytes:5
00:43:46.0 (87084657)|HEAP_ALLOCATE|[59]|Bytes:5
00:43:46.0 (87088407)|VARIABLE_SCOPE_BEGIN|[59]|fieldname|String|false|false
00:43:46.0 (87094768)|VARIABLE_ASSIGNMENT|[59]|fieldname|"QC__c"
00:43:46.0 (87097732)|STATEMENT_EXECUTE|[60]
00:43:46.0 (87100417)|HEAP_ALLOCATE|[60]|Bytes:6
00:43:46.0 (87104168)|HEAP_ALLOCATE|[60]|Bytes:329
00:43:46.0 (87109104)|VARIABLE_ASSIGNMENT|[60]|allfields|"Id,OwnerId,IsDeleted (309 more) ..."
00:43:46.0 (87115733)|HEAP_ALLOCATE|[59]|Bytes:5
00:43:46.0 (87121299)|HEAP_ALLOCATE|[59]|Bytes:11
00:43:46.0 (87125324)|VARIABLE_SCOPE_BEGIN|[59]|fieldname|String|false|false
00:43:46.0 (87131953)|VARIABLE_ASSIGNMENT|[59]|fieldname|"Delivery__c"
00:43:46.0 (87135062)|STATEMENT_EXECUTE|[60]
00:43:46.0 (87137548)|HEAP_ALLOCATE|[60]|Bytes:12
00:43:46.0 (87141812)|HEAP_ALLOCATE|[60]|Bytes:341
00:43:46.0 (87146890)|VARIABLE_ASSIGNMENT|[60]|allfields|"Id,OwnerId,IsDeleted (321 more) ..."
00:43:46.0 (87153566)|HEAP_ALLOCATE|[59]|Bytes:5
00:43:46.0 (87159024)|HEAP_ALLOCATE|[59]|Bytes:5
00:43:46.0 (87162766)|VARIABLE_SCOPE_BEGIN|[59]|fieldname|String|false|false
00:43:46.0 (87169192)|VARIABLE_ASSIGNMENT|[59]|fieldname|"QA__c"
00:43:46.0 (87172424)|STATEMENT_EXECUTE|[60]
00:43:46.0 (87174873)|HEAP_ALLOCATE|[60]|Bytes:6
00:43:46.0 (87178672)|HEAP_ALLOCATE|[60]|Bytes:347
00:43:46.0 (87185560)|VARIABLE_ASSIGNMENT|[60]|allfields|"Id,OwnerId,IsDeleted (327 more) ..."
00:43:46.0 (87192675)|HEAP_ALLOCATE|[59]|Bytes:5
00:43:46.0 (87198480)|HEAP_ALLOCATE|[59]|Bytes:25
00:43:46.0 (87202843)|VARIABLE_SCOPE_BEGIN|[59]|fieldname|String|false|false
00:43:46.0 (87210576)|VARIABLE_ASSIGNMENT|[59]|fieldname|"OffshoreProjectManag (5 more) ..."
00:43:46.0 (87213950)|STATEMENT_EXECUTE|[60]
00:43:46.0 (87216488)|HEAP_ALLOCATE|[60]|Bytes:26
00:43:46.0 (87220327)|HEAP_ALLOCATE|[60]|Bytes:373
00:43:46.0 (87225302)|VARIABLE_ASSIGNMENT|[60]|allfields|"Id,OwnerId,IsDeleted (353 more) ..."
00:43:46.0 (87231875)|HEAP_ALLOCATE|[59]|Bytes:5
00:43:46.0 (87237317)|HEAP_ALLOCATE|[59]|Bytes:12
00:43:46.0 (87241347)|VARIABLE_SCOPE_BEGIN|[59]|fieldname|String|false|false
00:43:46.0 (87247726)|VARIABLE_ASSIGNMENT|[59]|fieldname|"Team_Lead__c"
00:43:46.0 (87250780)|STATEMENT_EXECUTE|[60]
00:43:46.0 (87253301)|HEAP_ALLOCATE|[60]|Bytes:13
00:43:46.0 (87256794)|HEAP_ALLOCATE|[60]|Bytes:386
00:43:46.0 (87261472)|VARIABLE_ASSIGNMENT|[60]|allfields|"Id,OwnerId,IsDeleted (366 more) ..."
00:43:46.0 (87268118)|HEAP_ALLOCATE|[59]|Bytes:5
00:43:46.0 (87273348)|HEAP_ALLOCATE|[59]|Bytes:21
00:43:46.0 (87277408)|VARIABLE_SCOPE_BEGIN|[59]|fieldname|String|false|false
00:43:46.0 (87284291)|VARIABLE_ASSIGNMENT|[59]|fieldname|"Project_Start_Date__ (1 more) ..."
00:43:46.0 (87287961)|STATEMENT_EXECUTE|[60]
00:43:46.0 (87290486)|HEAP_ALLOCATE|[60]|Bytes:22
00:43:46.0 (87294165)|HEAP_ALLOCATE|[60]|Bytes:408
00:43:46.0 (87299112)|VARIABLE_ASSIGNMENT|[60]|allfields|"Id,OwnerId,IsDeleted (388 more) ..."
00:43:46.0 (87309564)|HEAP_ALLOCATE|[59]|Bytes:5
00:43:46.0 (87316129)|HEAP_ALLOCATE|[59]|Bytes:19
00:43:46.0 (87320287)|VARIABLE_SCOPE_BEGIN|[59]|fieldname|String|false|false
00:43:46.0 (87327025)|VARIABLE_ASSIGNMENT|[59]|fieldname|"Project_End_Date__c"
00:43:46.0 (87330279)|STATEMENT_EXECUTE|[60]
00:43:46.0 (87332850)|HEAP_ALLOCATE|[60]|Bytes:20
00:43:46.0 (87336653)|HEAP_ALLOCATE|[60]|Bytes:428
00:43:46.0 (87341294)|VARIABLE_ASSIGNMENT|[60]|allfields|"Id,OwnerId,IsDeleted (408 more) ..."
00:43:46.0 (87348119)|HEAP_ALLOCATE|[59]|Bytes:5
00:43:46.0 (87353441)|HEAP_ALLOCATE|[59]|Bytes:8
00:43:46.0 (87357441)|VARIABLE_SCOPE_BEGIN|[59]|fieldname|String|false|false
00:43:46.0 (87363658)|VARIABLE_ASSIGNMENT|[59]|fieldname|"Units__c"
00:43:46.0 (87366869)|STATEMENT_EXECUTE|[60]
00:43:46.0 (87370467)|HEAP_ALLOCATE|[60]|Bytes:9
00:43:46.0 (87375180)|HEAP_ALLOCATE|[60]|Bytes:437
00:43:46.0 (87379972)|VARIABLE_ASSIGNMENT|[60]|allfields|"Id,OwnerId,IsDeleted (417 more) ..."
00:43:46.0 (87387006)|HEAP_ALLOCATE|[59]|Bytes:5
00:43:46.0 (87392600)|HEAP_ALLOCATE|[59]|Bytes:8
00:43:46.0 (87396506)|VARIABLE_SCOPE_BEGIN|[59]|fieldname|String|false|false
00:43:46.0 (87402927)|VARIABLE_ASSIGNMENT|[59]|fieldname|"Nodes__c"
00:43:46.0 (87406236)|STATEMENT_EXECUTE|[60]
00:43:46.0 (87408903)|HEAP_ALLOCATE|[60]|Bytes:9
00:43:46.0 (87412574)|HEAP_ALLOCATE|[60]|Bytes:446
00:43:46.0 (87417470)|VARIABLE_ASSIGNMENT|[60]|allfields|"Id,OwnerId,IsDeleted (426 more) ..."
00:43:46.0 (87424202)|HEAP_ALLOCATE|[59]|Bytes:5
00:43:46.0 (87429814)|HEAP_ALLOCATE|[59]|Bytes:10
00:43:46.0 (87433762)|VARIABLE_SCOPE_BEGIN|[59]|fieldname|String|false|false
00:43:46.0 (87440294)|VARIABLE_ASSIGNMENT|[59]|fieldname|"Footage__c"
00:43:46.0 (87443417)|STATEMENT_EXECUTE|[60]
00:43:46.0 (87446276)|HEAP_ALLOCATE|[60]|Bytes:11
00:43:46.0 (87450142)|HEAP_ALLOCATE|[60]|Bytes:457
00:43:46.0 (87454699)|VARIABLE_ASSIGNMENT|[60]|allfields|"Id,OwnerId,IsDeleted (437 more) ..."
00:43:46.0 (87461627)|HEAP_ALLOCATE|[59]|Bytes:5
00:43:46.0 (87467047)|HEAP_ALLOCATE|[59]|Bytes:8
00:43:46.0 (87470763)|VARIABLE_SCOPE_BEGIN|[59]|fieldname|String|false|false
00:43:46.0 (87477295)|VARIABLE_ASSIGNMENT|[59]|fieldname|"Miles__c"
00:43:46.0 (87480442)|STATEMENT_EXECUTE|[60]
00:43:46.0 (87482902)|HEAP_ALLOCATE|[60]|Bytes:9
00:43:46.0 (87486724)|HEAP_ALLOCATE|[60]|Bytes:466
00:43:46.0 (87491177)|VARIABLE_ASSIGNMENT|[60]|allfields|"Id,OwnerId,IsDeleted (446 more) ..."
00:43:46.0 (87498043)|HEAP_ALLOCATE|[59]|Bytes:5
00:43:46.0 (87503335)|HEAP_ALLOCATE|[59]|Bytes:7
00:43:46.0 (87507252)|VARIABLE_SCOPE_BEGIN|[59]|fieldname|String|false|false
00:43:46.0 (87513667)|VARIABLE_ASSIGNMENT|[59]|fieldname|"Jobs__c"
00:43:46.0 (87516831)|STATEMENT_EXECUTE|[60]
00:43:46.0 (87519371)|HEAP_ALLOCATE|[60]|Bytes:8
00:43:46.0 (87523085)|HEAP_ALLOCATE|[60]|Bytes:474
00:43:46.0 (87528019)|VARIABLE_ASSIGNMENT|[60]|allfields|"Id,OwnerId,IsDeleted (454 more) ..."
00:43:46.0 (87534660)|HEAP_ALLOCATE|[59]|Bytes:5
00:43:46.0 (87540651)|HEAP_ALLOCATE|[59]|Bytes:8
00:43:46.0 (87544639)|VARIABLE_SCOPE_BEGIN|[59]|fieldname|String|false|false
00:43:46.0 (87550998)|VARIABLE_ASSIGNMENT|[59]|fieldname|"Hours__c"
00:43:46.0 (87553962)|STATEMENT_EXECUTE|[60]
00:43:46.0 (87556426)|HEAP_ALLOCATE|[60]|Bytes:9
00:43:46.0 (87560350)|HEAP_ALLOCATE|[60]|Bytes:483
00:43:46.0 (87565146)|VARIABLE_ASSIGNMENT|[60]|allfields|"Id,OwnerId,IsDeleted (463 more) ..."
00:43:46.0 (87575036)|HEAP_ALLOCATE|[59]|Bytes:5
00:43:46.0 (87580785)|HEAP_ALLOCATE|[59]|Bytes:7
00:43:46.0 (87584650)|VARIABLE_SCOPE_BEGIN|[59]|fieldname|String|false|false
00:43:46.0 (87591133)|VARIABLE_ASSIGNMENT|[59]|fieldname|"Team__c"
00:43:46.0 (87594317)|STATEMENT_EXECUTE|[60]
00:43:46.0 (87597000)|HEAP_ALLOCATE|[60]|Bytes:8
00:43:46.0 (87600726)|HEAP_ALLOCATE|[60]|Bytes:491
00:43:46.0 (87605601)|VARIABLE_ASSIGNMENT|[60]|allfields|"Id,OwnerId,IsDeleted (471 more) ..."
00:43:46.0 (87612718)|HEAP_ALLOCATE|[59]|Bytes:5
00:43:46.0 (87619319)|VARIABLE_ASSIGNMENT|[59]|fieldname|null
00:43:46.0 (87623484)|STATEMENT_EXECUTE|[62]
00:43:46.0 (87688306)|HEAP_ALLOCATE|[62]|Bytes:490
00:43:46.0 (87701814)|VARIABLE_ASSIGNMENT|[62]|allfields|"Id,OwnerId,IsDeleted (470 more) ..."
00:43:46.0 (87705467)|STATEMENT_EXECUTE|[64]
00:43:46.0 (87717270)|METHOD_EXIT|[16]|01p7F00000Ehro9|PM_Project_Edit_Controller.getAllFields(String)
00:43:46.0 (87723969)|HEAP_ALLOCATE|[16]|Bytes:32
00:43:46.0 (87733255)|HEAP_ALLOCATE|[16]|Bytes:529
00:43:46.0 (88247393)|SOQL_EXECUTE_BEGIN|[16]|Aggregations:0|select Id,OwnerId,IsDeleted,Name,CreatedDate,CreatedById,LastModifiedDate,LastModifiedById,SystemModstamp,LastActivityDate,LastViewedDate,LastReferencedDate,Client__c,End_Customer__c,Operation_Region__c,Work_Region__c,Client_Project_Manager__c,Project_code__c,Company_project_code__c,Project_Scope__c,Cost_Centre__c,Production__c,QC__c,Delivery__c,QA__c,OffshoreProjectManager__c,Team_Lead__c,Project_Start_Date__c,Project_End_Date__c,Units__c,Nodes__c,Footage__c,Miles__c,Jobs__c,Hours__c,Team__c from Project__c where Id = :pid
00:43:46.0 (92567958)|SOQL_EXECUTE_END|[16]|Rows:1
00:43:46.0 (92598512)|HEAP_ALLOCATE|[16]|Bytes:8
00:43:46.0 (92627168)|HEAP_ALLOCATE|[16]|Bytes:957
00:43:46.0 (92702238)|HEAP_ALLOCATE|[16]|Bytes:8
00:43:46.0 (92727143)|HEAP_ALLOCATE|[16]|Bytes:36
00:43:46.0 (92778577)|HEAP_ALLOCATE|[16]|Bytes:140
00:43:46.0 (92839423)|VARIABLE_ASSIGNMENT|[EXTERNAL]|this|{"mysObject":"0x192b467a","nonSelectedUserId":"(","usersList":"0x78fbc689"}|0x2ed0c9df
00:43:46.0 (92903797)|VARIABLE_ASSIGNMENT|[EXTERNAL]|value|{"Id":"a057F000002dVX8QAM","OwnerId":"0057F000000Tiz6QAC","IsDeleted":false,"Name":"Hello World","CreatedDate":"2017-12-19T09:32:05.000Z","CreatedById":"0057F000000Tiz6QAC","LastModifiedDate":"2017-12-19T09:34:04.000Z","LastModifiedById":"0057F000000Tiz6QAC","SystemModstamp":"2018-01-20T18:42:23.000Z","LastViewedDate":"2018-01-22T06:04:42.000Z","LastReferencedDate":"2018-01-22T06:04:42.000Z","Client__c":"a047F000002zkUjQAI","End_Customer__c":"Kumar","Operation_Region__c":"Hyderabad","Work_Region__c":"Hyd","Client_Project_Manag (5 more) ...":"Rajesh","Project_code__c":"123654","Company_project_code (3 more) ...":"123654","Project_Scope__c":"DESIGNING","Cost_Centre__c":"600","Production__c":40,"QC__c":20,"Delivery__c":20,"QA__c":20,"OffshoreProjectManag (5 more) ...":"0057F000000TyyXQAS","Team_Lead__c":"0057F000000TyzGQAS","Project_Start_Date__ (1 more) ...":"2017-12-19T00:00:00.000Z","Project_End_Date__c":"2017-12-20T00:00:00.000Z","Units__c":true,"Nodes__c":false,"Footage__c":false,"Miles__c":true,"Jobs__c":true,"Hours__c":false}|0x50650de0
00:43:46.0 (92963318)|VARIABLE_ASSIGNMENT|[3]|this.mysObject|{"Id":"a057F000002dVX8QAM","OwnerId":"0057F000000Tiz6QAC","IsDeleted":false,"Name":"Hello World","CreatedDate":"2017-12-19T09:32:05.000Z","CreatedById":"0057F000000Tiz6QAC","LastModifiedDate":"2017-12-19T09:34:04.000Z","LastModifiedById":"0057F000000Tiz6QAC","SystemModstamp":"2018-01-20T18:42:23.000Z","LastViewedDate":"2018-01-22T06:04:42.000Z","LastReferencedDate":"2018-01-22T06:04:42.000Z","Client__c":"a047F000002zkUjQAI","End_Customer__c":"Kumar","Operation_Region__c":"Hyderabad","Work_Region__c":"Hyd","Client_Project_Manag (5 more) ...":"Rajesh","Project_code__c":"123654","Company_project_code (3 more) ...":"123654","Project_Scope__c":"DESIGNING","Cost_Centre__c":"600","Production__c":40,"QC__c":20,"Delivery__c":20,"QA__c":20,"OffshoreProjectManag (5 more) ...":"0057F000000TyyXQAS","Team_Lead__c":"0057F000000TyzGQAS","Project_Start_Date__ (1 more) ...":"2017-12-19T00:00:00.000Z","Project_End_Date__c":"2017-12-20T00:00:00.000Z","Units__c":true,"Nodes__c":false,"Footage__c":false,"Miles__c":true,"Jobs__c":true,"Hours__c":false}|0x2ed0c9df
00:43:46.0 (92987748)|STATEMENT_EXECUTE|[17]
00:43:46.0 (93048605)|VARIABLE_ASSIGNMENT|[EXTERNAL]|this|{"mysObject":"0x50650de0","nonSelectedUserId":"(","usersList":"0x78fbc689"}|0x2ed0c9df
00:43:46.0 (93123633)|VARIABLE_ASSIGNMENT|[EXTERNAL]|this|{"mysObject":"0x50650de0","nonSelectedUserId":"(","usersList":"0x78fbc689"}|0x2ed0c9df
00:43:46.0 (93149063)|VARIABLE_ASSIGNMENT|[EXTERNAL]|value|"Hello World"
00:43:46.0 (93159906)|VARIABLE_ASSIGNMENT|[4]|this.pName|"Hello World"|0x2ed0c9df
00:43:46.0 (93168244)|STATEMENT_EXECUTE|[19]
00:43:46.0 (93171922)|HEAP_ALLOCATE|[19]|Bytes:86
00:43:46.0 (93193306)|HEAP_ALLOCATE|[19]|Bytes:4
00:43:46.0 (93204370)|HEAP_ALLOCATE|[19]|Bytes:7
00:43:46.0 (93490173)|SOQL_EXECUTE_BEGIN|[19]|Aggregations:0|SELECT Name, UserLink__c FROM ProjectJobAssociation__c WHERE ProjectLink__c = :tmpVar1
00:43:46.0 (96531058)|SOQL_EXECUTE_END|[19]|Rows:0
00:43:46.0 (96556326)|HEAP_ALLOCATE|[19]|Bytes:4
00:43:46.0 (96567463)|HEAP_ALLOCATE|[19]|Bytes:0
00:43:46.0 (96630982)|HEAP_ALLOCATE|[19]|Bytes:4
00:43:46.0 (96645923)|VARIABLE_SCOPE_BEGIN|[19]|pja|List<ProjectJobAssociation__c>|true|false
00:43:46.0 (96663529)|VARIABLE_ASSIGNMENT|[19]|pja|[]|0x735cfa7c
00:43:46.0 (96669166)|STATEMENT_EXECUTE|[20]
00:43:46.0 (96679521)|HEAP_ALLOCATE|[20]|Bytes:4
00:43:46.0 (96755026)|VARIABLE_ASSIGNMENT|[EXTERNAL]|this|{"mysObject":"0x50650de0","nonSelectedUserId":"(","pName":"Hello World","usersList":"0x78fbc689"}|0x2ed0c9df
00:43:46.0 (96784377)|HEAP_ALLOCATE|[EXTERNAL]|Bytes:4
00:43:46.0 (96792678)|VARIABLE_ASSIGNMENT|[EXTERNAL]|value|[]|0x781b4e7b
00:43:46.0 (96805048)|VARIABLE_ASSIGNMENT|[6]|this.selectedUsers|[]|0x2ed0c9df
00:43:46.0 (96969533)|HEAP_ALLOCATE|[21]|Bytes:5
00:43:46.0 (96985403)|VARIABLE_ASSIGNMENT|[21]|spja|null|
00:43:46.0 (96994083)|STATEMENT_EXECUTE|[21]
00:43:46.0 (96995537)|STATEMENT_EXECUTE|[26]
00:43:46.0 (97063091)|VARIABLE_ASSIGNMENT|[26]|this.nonSelectedUserId|""|0x2ed0c9df
00:43:46.0 (97070564)|STATEMENT_EXECUTE|[27]
00:43:46.0 (97073751)|HEAP_ALLOCATE|[27]|Bytes:1
00:43:46.0 (97082495)|HEAP_ALLOCATE|[27]|Bytes:1
00:43:46.0 (97088989)|VARIABLE_ASSIGNMENT|[27]|this.nonSelectedUserId|")"|0x2ed0c9df
00:43:46.0 (97097564)|SYSTEM_MODE_EXIT|false
00:43:46.0 (97182292)|SYSTEM_MODE_ENTER|true
00:43:46.0 (111432447)|SYSTEM_MODE_ENTER|true
00:43:46.0 (111500755)|HEAP_ALLOCATE|[EXTERNAL]|Bytes:164
00:43:46.0 (111513411)|HEAP_ALLOCATE|[EXTERNAL]|Bytes:12
00:43:46.0 (111525612)|METHOD_ENTRY|[5]|01p7F00000Ehg8E|MultiselectController.MultiselectController()
00:43:46.0 (111531048)|STATEMENT_EXECUTE|[5]
00:43:46.0 (111536645)|STATEMENT_EXECUTE|[5]
00:43:46.0 (111546491)|SYSTEM_MODE_ENTER|false
00:43:46.0 (111553693)|HEAP_ALLOCATE|[EXTERNAL]|Bytes:5
00:43:46.0 (111561462)|SYSTEM_MODE_EXIT|false
00:43:46.0 (111569084)|METHOD_EXIT|[5]|MultiselectController
00:43:46.0 (111584290)|HEAP_ALLOCATE|[EXTERNAL]|Bytes:20
00:43:46.0 (111591962)|VARIABLE_SCOPE_BEGIN|[5]|this|MultiselectController|true|false
00:43:46.0 (111636477)|VARIABLE_ASSIGNMENT|[5]|this|{}|0x4d0c54ba
00:43:46.0 (111650668)|SYSTEM_MODE_ENTER|false
00:43:46.0 (111656065)|HEAP_ALLOCATE|[EXTERNAL]|Bytes:5
00:43:46.0 (111676838)|SYSTEM_MODE_EXIT|false
00:43:46.0 (111680840)|STATEMENT_EXECUTE|[5]
00:43:46.0 (111686432)|SYSTEM_MODE_ENTER|false
00:43:46.0 (111690474)|HEAP_ALLOCATE|[EXTERNAL]|Bytes:5
00:43:46.0 (111693614)|STATEMENT_EXECUTE|[7]
00:43:46.0 (111694836)|STATEMENT_EXECUTE|[8]
00:43:46.0 (111695860)|STATEMENT_EXECUTE|[23]
00:43:46.0 (111696979)|STATEMENT_EXECUTE|[31]
00:43:46.0 (111698538)|SYSTEM_MODE_EXIT|false
00:43:46.0 (111853578)|SYSTEM_MODE_ENTER|true
00:43:46.0 (111892921)|HEAP_ALLOCATE|[EXTERNAL]|Bytes:24
00:43:46.0 (111984016)|VARIABLE_SCOPE_BEGIN|[30]|this|PM_Project_Edit_Controller|true|false
00:43:46.0 (112021760)|VARIABLE_ASSIGNMENT|[30]|this|{"mysObject":"0x50650de0","nonSelectedUserId":")","pName":"Hello World","selectedUsers":"0x781b4e7b","usersList":"0x78fbc689"}|0x2ed0c9df
00:43:46.0 (112042652)|SYSTEM_MODE_ENTER|false
00:43:46.0 (112049403)|HEAP_ALLOCATE|[31]|Bytes:5
00:43:46.0 (112053854)|STATEMENT_EXECUTE|[30]
00:43:46.0 (112055156)|STATEMENT_EXECUTE|[31]
00:43:46.0 (112058372)|HEAP_ALLOCATE|[31]|Bytes:62
00:43:46.0 (112072600)|HEAP_ALLOCATE|[31]|Bytes:4
00:43:46.0 (112252591)|SOQL_EXECUTE_BEGIN|[31]|Aggregations:0|SELECT Id, Name FROM UserRole WHERE Name = 'Software Engineer'
00:43:46.0 (116719170)|SOQL_EXECUTE_END|[31]|Rows:1
00:43:46.0 (116742192)|HEAP_ALLOCATE|[31]|Bytes:8
00:43:46.0 (116755905)|HEAP_ALLOCATE|[31]|Bytes:54
00:43:46.0 (116830778)|HEAP_ALLOCATE|[31]|Bytes:8
00:43:46.0 (116845929)|HEAP_ALLOCATE|[31]|Bytes:34
00:43:46.0 (116888242)|HEAP_ALLOCATE|[31]|Bytes:12
00:43:46.0 (116895234)|VARIABLE_SCOPE_BEGIN|[31]|userRole|UserRole|true|false
00:43:46.0 (116917317)|VARIABLE_ASSIGNMENT|[31]|userRole|{"Id":"00E7F000000MdriUAC","Name":"Software Engineer"}|0x421d58a9
00:43:46.0 (116923666)|STATEMENT_EXECUTE|[32]
00:43:46.0 (116946544)|VARIABLE_SCOPE_BEGIN|[32]|userRoleId|Id|false|false
00:43:46.0 (117075979)|VARIABLE_ASSIGNMENT|[32]|userRoleId|"00E7F000000MdriUAC"
00:43:46.0 (117083482)|STATEMENT_EXECUTE|[33]
00:43:46.0 (117087566)|HEAP_ALLOCATE|[33]|Bytes:70
00:43:46.0 (117104380)|HEAP_ALLOCATE|[33]|Bytes:71
00:43:46.0 (117374406)|EXCEPTION_THROWN|[33]|System.QueryException: expecting a colon, found ')'
00:43:46.0 (117468877)|HEAP_ALLOCATE|[33]|Bytes:32
00:43:46.0 (117487890)|SYSTEM_MODE_EXIT|false
00:43:46.0 (117567999)|FATAL_ERROR|System.QueryException: expecting a colon, found ')'

Class.PM_Project_Edit_Controller.getUsersList: line 33, column 1
