36.0 APEX_CODE,FINEST;APEX_PROFILING,INFO;CALLOUT,INFO;DB,INFO;SYSTEM,DEBUG;VALIDATION,INFO;VISUALFORCE,INFO;WAVE,INFO;WORKFLOW,INFO
00:05:08.0 (300457)|USER_INFO|[EXTERNAL]|0057F000000Tiz6|ksb994@salesforce.com|Pacific Standard Time|GMT-08:00
00:05:08.0 (335968)|EXECUTION_STARTED
00:05:08.0 (339434)|CODE_UNIT_STARTED|[EXTERNAL]|0667F000004uRC1|VF: /apex/PM_Project_Edit
00:05:08.0 (36695540)|SYSTEM_MODE_ENTER|true
00:05:08.0 (37044498)|HEAP_ALLOCATE|[72]|Bytes:3
00:05:08.0 (37076033)|HEAP_ALLOCATE|[77]|Bytes:152
00:05:08.0 (37089311)|HEAP_ALLOCATE|[342]|Bytes:408
00:05:08.0 (37103276)|HEAP_ALLOCATE|[355]|Bytes:408
00:05:08.0 (37116043)|HEAP_ALLOCATE|[467]|Bytes:48
00:05:08.0 (37141052)|HEAP_ALLOCATE|[139]|Bytes:6
00:05:08.0 (37153997)|HEAP_ALLOCATE|[EXTERNAL]|Bytes:144
00:05:08.0 (37159556)|HEAP_ALLOCATE|[EXTERNAL]|Bytes:20
00:05:08.0 (37162454)|HEAP_ALLOCATE|[EXTERNAL]|Bytes:11
00:05:08.0 (37180754)|METHOD_ENTRY|[1]|01p7F00000Ehro9|PM_Project_Edit_Controller.PM_Project_Edit_Controller()
00:05:08.0 (37186538)|STATEMENT_EXECUTE|[1]
00:05:08.0 (37190076)|STATEMENT_EXECUTE|[1]
00:05:08.0 (37214708)|HEAP_ALLOCATE|[50]|Bytes:5
00:05:08.0 (37230896)|HEAP_ALLOCATE|[56]|Bytes:5
00:05:08.0 (37237363)|HEAP_ALLOCATE|[64]|Bytes:7
00:05:08.0 (37256485)|SYSTEM_MODE_ENTER|false
00:05:08.0 (37266793)|HEAP_ALLOCATE|[EXTERNAL]|Bytes:5
00:05:08.0 (37273366)|SYSTEM_MODE_EXIT|false
00:05:08.0 (37280304)|METHOD_EXIT|[1]|PM_Project_Edit_Controller
00:05:08.0 (37316057)|HEAP_ALLOCATE|[EXTERNAL]|Bytes:24
00:05:08.0 (37434419)|VARIABLE_SCOPE_BEGIN|[10]|this|PM_Project_Edit_Controller|true|false
00:05:08.0 (37490844)|VARIABLE_ASSIGNMENT|[10]|this|{}|0x1d7de9f1
00:05:08.0 (37498201)|VARIABLE_SCOPE_BEGIN|[10]|stdController|ApexPages.StandardController|true|false
00:05:08.0 (37647555)|VARIABLE_ASSIGNMENT|[10]|stdController|"StandardController [null]"|0x50858dc4
00:05:08.0 (37667577)|SYSTEM_MODE_ENTER|false
00:05:08.0 (37674092)|HEAP_ALLOCATE|[7]|Bytes:5
00:05:08.0 (37678582)|STATEMENT_EXECUTE|[1]
00:05:08.0 (37683111)|HEAP_ALLOCATE|[7]|Bytes:5
00:05:08.0 (37685529)|STATEMENT_EXECUTE|[3]
00:05:08.0 (37687079)|STATEMENT_EXECUTE|[4]
00:05:08.0 (37687928)|STATEMENT_EXECUTE|[6]
00:05:08.0 (37688791)|STATEMENT_EXECUTE|[7]
00:05:08.0 (37703436)|HEAP_ALLOCATE|[7]|Bytes:4
00:05:08.0 (37777884)|HEAP_ALLOCATE|[EXTERNAL]|Bytes:4
00:05:08.0 (37790888)|VARIABLE_ASSIGNMENT|[7]|this.usersList|[]|0x1d7de9f1
00:05:08.0 (37795823)|STATEMENT_EXECUTE|[8]
00:05:08.0 (37798789)|HEAP_ALLOCATE|[8]|Bytes:1
00:05:08.0 (37806467)|VARIABLE_ASSIGNMENT|[8]|this.nonSelectedUserId|"("|0x1d7de9f1
00:05:08.0 (37817131)|HEAP_ALLOCATE|[8]|Bytes:6
00:05:08.0 (37847557)|STATEMENT_EXECUTE|[10]
00:05:08.0 (37849126)|STATEMENT_EXECUTE|[11]
00:05:08.0 (37946904)|HEAP_ALLOCATE|[11]|Bytes:4
00:05:08.0 (37995448)|VARIABLE_ASSIGNMENT|[EXTERNAL]|this|{"nonSelectedUserId":"(","usersList":"0x27274228"}|0x1d7de9f1
00:05:08.0 (38008277)|VARIABLE_ASSIGNMENT|[EXTERNAL]|value|{}|0x2b7a618c
00:05:08.0 (38017635)|VARIABLE_ASSIGNMENT|[3]|this.mysObject|{}|0x1d7de9f1
00:05:08.0 (38025730)|STATEMENT_EXECUTE|[12]
00:05:08.0 (38055680)|HEAP_ALLOCATE|[12]|Bytes:43
00:05:08.0 (38085296)|HEAP_ALLOCATE|[12]|Bytes:18
00:05:08.0 (38103728)|HEAP_ALLOCATE|[12]|Bytes:3
00:05:08.0 (38129130)|HEAP_ALLOCATE|[12]|Bytes:4
00:05:08.0 (38135988)|VARIABLE_SCOPE_BEGIN|[12]|pid|Id|false|false
00:05:08.0 (38206255)|VARIABLE_ASSIGNMENT|[12]|pid|"a057F000002dVv5QAE"
00:05:08.0 (38211929)|STATEMENT_EXECUTE|[16]
00:05:08.0 (38214572)|HEAP_ALLOCATE|[16]|Bytes:7
00:05:08.0 (38218603)|HEAP_ALLOCATE|[16]|Bytes:10
00:05:08.0 (38231116)|METHOD_ENTRY|[16]|01p7F00000Ehro9|PM_Project_Edit_Controller.getAllFields(String)
00:05:08.0 (38318960)|VARIABLE_SCOPE_BEGIN|[51]|sobjectname|String|false|false
00:05:08.0 (38328075)|VARIABLE_ASSIGNMENT|[51]|sobjectname|"Project__c"
00:05:08.0 (38344048)|HEAP_ALLOCATE|[52]|Bytes:5
00:05:08.0 (38347553)|STATEMENT_EXECUTE|[51]
00:05:08.0 (58140132)|HEAP_ALLOCATE|[52]|Bytes:1468
00:05:08.0 (58192438)|STATEMENT_EXECUTE|[52]
00:05:08.0 (58195155)|STATEMENT_EXECUTE|[55]
00:05:08.0 (62892077)|HEAP_ALLOCATE|[55]|Bytes:1468
00:05:08.0 (63126864)|HEAP_ALLOCATE|[55]|Bytes:4
00:05:08.0 (63178501)|HEAP_ALLOCATE|[55]|Bytes:4
00:05:08.0 (63440538)|HEAP_ALLOCATE|[55]|Bytes:148
00:05:08.0 (63453911)|VARIABLE_SCOPE_BEGIN|[55]|fields|Map<String,Schema.SObjectField>|true|false
00:05:08.0 (63682681)|VARIABLE_ASSIGNMENT|[55]|fields|"{client__c=Client__c, client_project_manager__c=Client_Project_Manager__c, company_project_code__c=Company_project_code__c, cost_centre__c=Cost_Centre__c, createdbyid=CreatedById, createddate=CreatedDate, delivery__c=Delivery__c, end_customer__c=End_Customer__c, footage__c=Footage__c, hours__c=Hours__c, ...}"|0x5347d161
00:05:08.0 (63693723)|STATEMENT_EXECUTE|[56]
00:05:08.0 (63712913)|HEAP_ALLOCATE|[56]|Bytes:4
00:05:08.0 (63756993)|VARIABLE_SCOPE_BEGIN|[56]|accessiblefields|List<String>|true|false
00:05:08.0 (63784755)|HEAP_ALLOCATE|[EXTERNAL]|Bytes:4
00:05:08.0 (63796144)|VARIABLE_ASSIGNMENT|[56]|accessiblefields|[]|0x8295694
00:05:08.0 (63862064)|HEAP_ALLOCATE|[EXTERNAL]|Bytes:148
00:05:08.0 (63880124)|HEAP_ALLOCATE|[57]|Bytes:148
00:05:08.0 (63939642)|HEAP_ALLOCATE|[57]|Bytes:5
00:05:08.0 (63979259)|VARIABLE_SCOPE_BEGIN|[57]|field|Schema.SObjectField|true|false
00:05:08.0 (64046056)|VARIABLE_ASSIGNMENT|[57]|field|"common.apex.runtime.impl.ApexFieldToken@7104480d"|0x7104480d
00:05:08.0 (64054507)|STATEMENT_EXECUTE|[57]
00:05:08.0 (64469503)|HEAP_ALLOCATE|[58]|Bytes:8
00:05:08.0 (64494046)|STATEMENT_EXECUTE|[59]
00:05:08.0 (64521567)|HEAP_ALLOCATE|[59]|Bytes:8
00:05:08.0 (64537887)|HEAP_ALLOCATE|[59]|Bytes:2
00:05:08.0 (64551292)|HEAP_ALLOCATE|[EXTERNAL]|Bytes:4
00:05:08.0 (64564793)|HEAP_ALLOCATE|[57]|Bytes:5
00:05:08.0 (64578938)|VARIABLE_SCOPE_BEGIN|[57]|field|Schema.SObjectField|true|false
00:05:08.0 (64647589)|VARIABLE_ASSIGNMENT|[57]|field|"common.apex.runtime.impl.ApexFieldToken@1ca54395"|0x1ca54395
00:05:08.0 (64654439)|STATEMENT_EXECUTE|[57]
00:05:08.0 (64785750)|HEAP_ALLOCATE|[58]|Bytes:8
00:05:08.0 (64800984)|STATEMENT_EXECUTE|[59]
00:05:08.0 (64815822)|HEAP_ALLOCATE|[59]|Bytes:8
00:05:08.0 (64823078)|HEAP_ALLOCATE|[59]|Bytes:7
00:05:08.0 (64830869)|HEAP_ALLOCATE|[EXTERNAL]|Bytes:4
00:05:08.0 (64842672)|HEAP_ALLOCATE|[57]|Bytes:5
00:05:08.0 (64855622)|VARIABLE_SCOPE_BEGIN|[57]|field|Schema.SObjectField|true|false
00:05:08.0 (64920472)|VARIABLE_ASSIGNMENT|[57]|field|"common.apex.runtime.impl.ApexFieldToken@5efa3b63"|0x5efa3b63
00:05:08.0 (64926725)|STATEMENT_EXECUTE|[57]
00:05:08.0 (65012818)|HEAP_ALLOCATE|[58]|Bytes:8
00:05:08.0 (65025135)|STATEMENT_EXECUTE|[59]
00:05:08.0 (65038824)|HEAP_ALLOCATE|[59]|Bytes:8
00:05:08.0 (65046100)|HEAP_ALLOCATE|[59]|Bytes:9
00:05:08.0 (65053441)|HEAP_ALLOCATE|[EXTERNAL]|Bytes:4
00:05:08.0 (65063569)|HEAP_ALLOCATE|[57]|Bytes:5
00:05:08.0 (65075543)|VARIABLE_SCOPE_BEGIN|[57]|field|Schema.SObjectField|true|false
00:05:08.0 (65135577)|VARIABLE_ASSIGNMENT|[57]|field|"common.apex.runtime.impl.ApexFieldToken@2e11b460"|0x2e11b460
00:05:08.0 (65141672)|STATEMENT_EXECUTE|[57]
00:05:08.0 (65237311)|HEAP_ALLOCATE|[58]|Bytes:8
00:05:08.0 (65248883)|STATEMENT_EXECUTE|[59]
00:05:08.0 (65262468)|HEAP_ALLOCATE|[59]|Bytes:8
00:05:08.0 (65269911)|HEAP_ALLOCATE|[59]|Bytes:4
00:05:08.0 (65276835)|HEAP_ALLOCATE|[EXTERNAL]|Bytes:4
00:05:08.0 (65286929)|HEAP_ALLOCATE|[57]|Bytes:5
00:05:08.0 (65301014)|VARIABLE_SCOPE_BEGIN|[57]|field|Schema.SObjectField|true|false
00:05:08.0 (65375721)|VARIABLE_ASSIGNMENT|[57]|field|"common.apex.runtime.impl.ApexFieldToken@7d86d58f"|0x7d86d58f
00:05:08.0 (65385385)|STATEMENT_EXECUTE|[57]
00:05:08.0 (65485459)|HEAP_ALLOCATE|[58]|Bytes:8
00:05:08.0 (65496594)|STATEMENT_EXECUTE|[59]
00:05:08.0 (65509934)|HEAP_ALLOCATE|[59]|Bytes:8
00:05:08.0 (65516830)|HEAP_ALLOCATE|[59]|Bytes:11
00:05:08.0 (65524121)|HEAP_ALLOCATE|[EXTERNAL]|Bytes:4
00:05:08.0 (65539632)|HEAP_ALLOCATE|[57]|Bytes:5
00:05:08.0 (65552295)|VARIABLE_SCOPE_BEGIN|[57]|field|Schema.SObjectField|true|false
00:05:08.0 (65616225)|VARIABLE_ASSIGNMENT|[57]|field|"common.apex.runtime.impl.ApexFieldToken@4b899841"|0x4b899841
00:05:08.0 (65622652)|STATEMENT_EXECUTE|[57]
00:05:08.0 (65751987)|HEAP_ALLOCATE|[58]|Bytes:8
00:05:08.0 (65764782)|STATEMENT_EXECUTE|[59]
00:05:08.0 (65779453)|HEAP_ALLOCATE|[59]|Bytes:8
00:05:08.0 (65786333)|HEAP_ALLOCATE|[59]|Bytes:11
00:05:08.0 (65793858)|HEAP_ALLOCATE|[EXTERNAL]|Bytes:4
00:05:08.0 (65804768)|HEAP_ALLOCATE|[57]|Bytes:5
00:05:08.0 (65817557)|VARIABLE_SCOPE_BEGIN|[57]|field|Schema.SObjectField|true|false
00:05:08.0 (65880770)|VARIABLE_ASSIGNMENT|[57]|field|"common.apex.runtime.impl.ApexFieldToken@44279370"|0x44279370
00:05:08.0 (65887353)|STATEMENT_EXECUTE|[57]
00:05:08.0 (65990966)|HEAP_ALLOCATE|[58]|Bytes:8
00:05:08.0 (66010612)|STATEMENT_EXECUTE|[59]
00:05:08.0 (66034037)|HEAP_ALLOCATE|[59]|Bytes:8
00:05:08.0 (66046610)|HEAP_ALLOCATE|[59]|Bytes:16
00:05:08.0 (66059058)|HEAP_ALLOCATE|[EXTERNAL]|Bytes:4
00:05:08.0 (66080259)|HEAP_ALLOCATE|[57]|Bytes:5
00:05:08.0 (66100187)|VARIABLE_SCOPE_BEGIN|[57]|field|Schema.SObjectField|true|false
00:05:08.0 (66170335)|VARIABLE_ASSIGNMENT|[57]|field|"common.apex.runtime.impl.ApexFieldToken@67368d20"|0x67368d20
00:05:08.0 (66176649)|STATEMENT_EXECUTE|[57]
00:05:08.0 (66287038)|HEAP_ALLOCATE|[58]|Bytes:8
00:05:08.0 (66299127)|STATEMENT_EXECUTE|[59]
00:05:08.0 (66312635)|HEAP_ALLOCATE|[59]|Bytes:8
00:05:08.0 (66319317)|HEAP_ALLOCATE|[59]|Bytes:16
00:05:08.0 (66327237)|HEAP_ALLOCATE|[EXTERNAL]|Bytes:4
00:05:08.0 (66338353)|HEAP_ALLOCATE|[57]|Bytes:5
00:05:08.0 (66350702)|VARIABLE_SCOPE_BEGIN|[57]|field|Schema.SObjectField|true|false
00:05:08.0 (66415749)|VARIABLE_ASSIGNMENT|[57]|field|"common.apex.runtime.impl.ApexFieldToken@2cd706e4"|0x2cd706e4
00:05:08.0 (66421931)|STATEMENT_EXECUTE|[57]
00:05:08.0 (66501368)|HEAP_ALLOCATE|[58]|Bytes:8
00:05:08.0 (66511948)|STATEMENT_EXECUTE|[59]
00:05:08.0 (66524985)|HEAP_ALLOCATE|[59]|Bytes:8
00:05:08.0 (66536860)|HEAP_ALLOCATE|[59]|Bytes:14
00:05:08.0 (66544712)|HEAP_ALLOCATE|[EXTERNAL]|Bytes:4
00:05:08.0 (66554989)|HEAP_ALLOCATE|[57]|Bytes:5
00:05:08.0 (66566004)|VARIABLE_SCOPE_BEGIN|[57]|field|Schema.SObjectField|true|false
00:05:08.0 (66632178)|VARIABLE_ASSIGNMENT|[57]|field|"common.apex.runtime.impl.ApexFieldToken@2b9bc8af"|0x2b9bc8af
00:05:08.0 (66638426)|STATEMENT_EXECUTE|[57]
00:05:08.0 (66713190)|HEAP_ALLOCATE|[58]|Bytes:8
00:05:08.0 (66723309)|STATEMENT_EXECUTE|[59]
00:05:08.0 (66735895)|HEAP_ALLOCATE|[59]|Bytes:8
00:05:08.0 (66742420)|HEAP_ALLOCATE|[59]|Bytes:16
00:05:08.0 (66750056)|HEAP_ALLOCATE|[EXTERNAL]|Bytes:4
00:05:08.0 (66761387)|HEAP_ALLOCATE|[57]|Bytes:5
00:05:08.0 (66772030)|VARIABLE_SCOPE_BEGIN|[57]|field|Schema.SObjectField|true|false
00:05:08.0 (66831645)|VARIABLE_ASSIGNMENT|[57]|field|"common.apex.runtime.impl.ApexFieldToken@53df72bf"|0x53df72bf
00:05:08.0 (66837456)|STATEMENT_EXECUTE|[57]
00:05:08.0 (66909573)|HEAP_ALLOCATE|[58]|Bytes:8
00:05:08.0 (66923728)|STATEMENT_EXECUTE|[59]
00:05:08.0 (66936362)|HEAP_ALLOCATE|[59]|Bytes:8
00:05:08.0 (66943540)|HEAP_ALLOCATE|[59]|Bytes:14
00:05:08.0 (66950540)|HEAP_ALLOCATE|[EXTERNAL]|Bytes:4
00:05:08.0 (66964244)|HEAP_ALLOCATE|[57]|Bytes:5
00:05:08.0 (66975056)|VARIABLE_SCOPE_BEGIN|[57]|field|Schema.SObjectField|true|false
00:05:08.0 (67037309)|VARIABLE_ASSIGNMENT|[57]|field|"common.apex.runtime.impl.ApexFieldToken@53aa69"|0x53aa69
00:05:08.0 (67044768)|STATEMENT_EXECUTE|[57]
00:05:08.0 (67116397)|HEAP_ALLOCATE|[58]|Bytes:8
00:05:08.0 (67126792)|STATEMENT_EXECUTE|[59]
00:05:08.0 (67139161)|HEAP_ALLOCATE|[59]|Bytes:8
00:05:08.0 (67146526)|HEAP_ALLOCATE|[59]|Bytes:18
00:05:08.0 (67153051)|HEAP_ALLOCATE|[EXTERNAL]|Bytes:4
00:05:08.0 (67162603)|HEAP_ALLOCATE|[57]|Bytes:5
00:05:08.0 (67173534)|VARIABLE_SCOPE_BEGIN|[57]|field|Schema.SObjectField|true|false
00:05:08.0 (67237353)|VARIABLE_ASSIGNMENT|[57]|field|"common.apex.runtime.impl.ApexFieldToken@14a77ca1"|0x14a77ca1
00:05:08.0 (67246632)|STATEMENT_EXECUTE|[57]
00:05:08.0 (67734680)|HEAP_ALLOCATE|[58]|Bytes:8
00:05:08.0 (67751075)|STATEMENT_EXECUTE|[59]
00:05:08.0 (67768836)|HEAP_ALLOCATE|[59]|Bytes:8
00:05:08.0 (67776762)|HEAP_ALLOCATE|[59]|Bytes:9
00:05:08.0 (67785108)|HEAP_ALLOCATE|[EXTERNAL]|Bytes:4
00:05:08.0 (67797470)|HEAP_ALLOCATE|[57]|Bytes:5
00:05:08.0 (67813601)|VARIABLE_SCOPE_BEGIN|[57]|field|Schema.SObjectField|true|false
00:05:08.0 (67898131)|VARIABLE_ASSIGNMENT|[57]|field|"common.apex.runtime.impl.ApexFieldToken@610c002a"|0x610c002a
00:05:08.0 (67907691)|STATEMENT_EXECUTE|[57]
00:05:08.0 (68038662)|HEAP_ALLOCATE|[58]|Bytes:8
00:05:08.0 (68058409)|STATEMENT_EXECUTE|[59]
00:05:08.0 (68083153)|HEAP_ALLOCATE|[59]|Bytes:8
00:05:08.0 (68095438)|HEAP_ALLOCATE|[59]|Bytes:15
00:05:08.0 (68107401)|HEAP_ALLOCATE|[EXTERNAL]|Bytes:4
00:05:08.0 (68125089)|HEAP_ALLOCATE|[57]|Bytes:5
00:05:08.0 (68144783)|VARIABLE_SCOPE_BEGIN|[57]|field|Schema.SObjectField|true|false
00:05:08.0 (68223248)|VARIABLE_ASSIGNMENT|[57]|field|"common.apex.runtime.impl.ApexFieldToken@49eedc3e"|0x49eedc3e
00:05:08.0 (68230928)|STATEMENT_EXECUTE|[57]
00:05:08.0 (68337685)|HEAP_ALLOCATE|[58]|Bytes:8
00:05:08.0 (68353501)|STATEMENT_EXECUTE|[59]
00:05:08.0 (68368641)|HEAP_ALLOCATE|[59]|Bytes:8
00:05:08.0 (68376520)|HEAP_ALLOCATE|[59]|Bytes:19
00:05:08.0 (68384703)|HEAP_ALLOCATE|[EXTERNAL]|Bytes:4
00:05:08.0 (68400293)|HEAP_ALLOCATE|[57]|Bytes:5
00:05:08.0 (68420171)|VARIABLE_SCOPE_BEGIN|[57]|field|Schema.SObjectField|true|false
00:05:08.0 (68488765)|VARIABLE_ASSIGNMENT|[57]|field|"common.apex.runtime.impl.ApexFieldToken@54f33788"|0x54f33788
00:05:08.0 (68495657)|STATEMENT_EXECUTE|[57]
00:05:08.0 (68613910)|HEAP_ALLOCATE|[58]|Bytes:8
00:05:08.0 (68626914)|STATEMENT_EXECUTE|[59]
00:05:08.0 (68641661)|HEAP_ALLOCATE|[59]|Bytes:8
00:05:08.0 (68648645)|HEAP_ALLOCATE|[59]|Bytes:14
00:05:08.0 (68656385)|HEAP_ALLOCATE|[EXTERNAL]|Bytes:4
00:05:08.0 (68667778)|HEAP_ALLOCATE|[57]|Bytes:5
00:05:08.0 (68679886)|VARIABLE_SCOPE_BEGIN|[57]|field|Schema.SObjectField|true|false
00:05:08.0 (68794536)|VARIABLE_ASSIGNMENT|[57]|field|"common.apex.runtime.impl.ApexFieldToken@7b1e0bc3"|0x7b1e0bc3
00:05:08.0 (68805345)|STATEMENT_EXECUTE|[57]
00:05:08.0 (68922174)|HEAP_ALLOCATE|[58]|Bytes:8
00:05:08.0 (68938719)|STATEMENT_EXECUTE|[59]
00:05:08.0 (68954300)|HEAP_ALLOCATE|[59]|Bytes:8
00:05:08.0 (68964890)|HEAP_ALLOCATE|[59]|Bytes:25
00:05:08.0 (68973239)|HEAP_ALLOCATE|[EXTERNAL]|Bytes:4
00:05:08.0 (68984581)|HEAP_ALLOCATE|[57]|Bytes:5
00:05:08.0 (68997695)|VARIABLE_SCOPE_BEGIN|[57]|field|Schema.SObjectField|true|false
00:05:08.0 (69061092)|VARIABLE_ASSIGNMENT|[57]|field|"common.apex.runtime.impl.ApexFieldToken@7a9249da"|0x7a9249da
00:05:08.0 (69068598)|STATEMENT_EXECUTE|[57]
00:05:08.0 (69157537)|HEAP_ALLOCATE|[58]|Bytes:8
00:05:08.0 (69168539)|STATEMENT_EXECUTE|[59]
00:05:08.0 (69181887)|HEAP_ALLOCATE|[59]|Bytes:8
00:05:08.0 (69188759)|HEAP_ALLOCATE|[59]|Bytes:15
00:05:08.0 (69196018)|HEAP_ALLOCATE|[EXTERNAL]|Bytes:4
00:05:08.0 (69206621)|HEAP_ALLOCATE|[57]|Bytes:5
00:05:08.0 (69218268)|VARIABLE_SCOPE_BEGIN|[57]|field|Schema.SObjectField|true|false
00:05:08.0 (69285106)|VARIABLE_ASSIGNMENT|[57]|field|"common.apex.runtime.impl.ApexFieldToken@45a2659a"|0x45a2659a
00:05:08.0 (69295421)|STATEMENT_EXECUTE|[57]
00:05:08.0 (69389129)|HEAP_ALLOCATE|[58]|Bytes:8
00:05:08.0 (69400565)|STATEMENT_EXECUTE|[59]
00:05:08.0 (69414104)|HEAP_ALLOCATE|[59]|Bytes:8
00:05:08.0 (69421575)|HEAP_ALLOCATE|[59]|Bytes:23
00:05:08.0 (69428913)|HEAP_ALLOCATE|[EXTERNAL]|Bytes:4
00:05:08.0 (69439494)|HEAP_ALLOCATE|[57]|Bytes:5
00:05:08.0 (69451692)|VARIABLE_SCOPE_BEGIN|[57]|field|Schema.SObjectField|true|false
00:05:08.0 (69543887)|VARIABLE_ASSIGNMENT|[57]|field|"common.apex.runtime.impl.ApexFieldToken@82055d1"|0x82055d1
00:05:08.0 (69551806)|STATEMENT_EXECUTE|[57]
00:05:08.0 (69644142)|HEAP_ALLOCATE|[58]|Bytes:8
00:05:08.0 (69661373)|STATEMENT_EXECUTE|[59]
00:05:08.0 (69683359)|HEAP_ALLOCATE|[59]|Bytes:8
00:05:08.0 (69692530)|HEAP_ALLOCATE|[59]|Bytes:16
00:05:08.0 (69700792)|HEAP_ALLOCATE|[EXTERNAL]|Bytes:4
00:05:08.0 (69712722)|HEAP_ALLOCATE|[57]|Bytes:5
00:05:08.0 (69725464)|VARIABLE_SCOPE_BEGIN|[57]|field|Schema.SObjectField|true|false
00:05:08.0 (69796823)|VARIABLE_ASSIGNMENT|[57]|field|"common.apex.runtime.impl.ApexFieldToken@36b1705"|0x36b1705
00:05:08.0 (69806824)|STATEMENT_EXECUTE|[57]
00:05:08.0 (69907902)|HEAP_ALLOCATE|[58]|Bytes:8
00:05:08.0 (69919688)|STATEMENT_EXECUTE|[59]
00:05:08.0 (69933163)|HEAP_ALLOCATE|[59]|Bytes:8
00:05:08.0 (69940434)|HEAP_ALLOCATE|[59]|Bytes:14
00:05:08.0 (69948048)|HEAP_ALLOCATE|[EXTERNAL]|Bytes:4
00:05:08.0 (69959438)|HEAP_ALLOCATE|[57]|Bytes:5
00:05:08.0 (69971634)|VARIABLE_SCOPE_BEGIN|[57]|field|Schema.SObjectField|true|false
00:05:08.0 (70041137)|VARIABLE_ASSIGNMENT|[57]|field|"common.apex.runtime.impl.ApexFieldToken@6b5f422b"|0x6b5f422b
00:05:08.0 (70048663)|STATEMENT_EXECUTE|[57]
00:05:08.0 (70145496)|HEAP_ALLOCATE|[58]|Bytes:8
00:05:08.0 (70156672)|STATEMENT_EXECUTE|[59]
00:05:08.0 (70170732)|HEAP_ALLOCATE|[59]|Bytes:8
00:05:08.0 (70177394)|HEAP_ALLOCATE|[59]|Bytes:13
00:05:08.0 (70185168)|HEAP_ALLOCATE|[EXTERNAL]|Bytes:4
00:05:08.0 (70196718)|HEAP_ALLOCATE|[57]|Bytes:5
00:05:08.0 (70211468)|VARIABLE_SCOPE_BEGIN|[57]|field|Schema.SObjectField|true|false
00:05:08.0 (70278573)|VARIABLE_ASSIGNMENT|[57]|field|"common.apex.runtime.impl.ApexFieldToken@3d87746f"|0x3d87746f
00:05:08.0 (70285270)|STATEMENT_EXECUTE|[57]
00:05:08.0 (70365810)|HEAP_ALLOCATE|[58]|Bytes:8
00:05:08.0 (70376603)|STATEMENT_EXECUTE|[59]
00:05:08.0 (70389801)|HEAP_ALLOCATE|[59]|Bytes:8
00:05:08.0 (70396511)|HEAP_ALLOCATE|[59]|Bytes:5
00:05:08.0 (70403479)|HEAP_ALLOCATE|[EXTERNAL]|Bytes:4
00:05:08.0 (70414412)|HEAP_ALLOCATE|[57]|Bytes:5
00:05:08.0 (70425836)|VARIABLE_SCOPE_BEGIN|[57]|field|Schema.SObjectField|true|false
00:05:08.0 (70485400)|VARIABLE_ASSIGNMENT|[57]|field|"common.apex.runtime.impl.ApexFieldToken@378320d3"|0x378320d3
00:05:08.0 (70491857)|STATEMENT_EXECUTE|[57]
00:05:08.0 (70572587)|HEAP_ALLOCATE|[58]|Bytes:8
00:05:08.0 (70582933)|STATEMENT_EXECUTE|[59]
00:05:08.0 (70610351)|HEAP_ALLOCATE|[59]|Bytes:8
00:05:08.0 (70618742)|HEAP_ALLOCATE|[59]|Bytes:11
00:05:08.0 (70625964)|HEAP_ALLOCATE|[EXTERNAL]|Bytes:4
00:05:08.0 (70636154)|HEAP_ALLOCATE|[57]|Bytes:5
00:05:08.0 (70647684)|VARIABLE_SCOPE_BEGIN|[57]|field|Schema.SObjectField|true|false
00:05:08.0 (70711168)|VARIABLE_ASSIGNMENT|[57]|field|"common.apex.runtime.impl.ApexFieldToken@6c8bda19"|0x6c8bda19
00:05:08.0 (70717121)|STATEMENT_EXECUTE|[57]
00:05:08.0 (70795649)|HEAP_ALLOCATE|[58]|Bytes:8
00:05:08.0 (70805745)|STATEMENT_EXECUTE|[59]
00:05:08.0 (70818364)|HEAP_ALLOCATE|[59]|Bytes:8
00:05:08.0 (70824853)|HEAP_ALLOCATE|[59]|Bytes:5
00:05:08.0 (70831646)|HEAP_ALLOCATE|[EXTERNAL]|Bytes:4
00:05:08.0 (70841458)|HEAP_ALLOCATE|[57]|Bytes:5
00:05:08.0 (70852102)|VARIABLE_SCOPE_BEGIN|[57]|field|Schema.SObjectField|true|false
00:05:08.0 (70912107)|VARIABLE_ASSIGNMENT|[57]|field|"common.apex.runtime.impl.ApexFieldToken@7d5483b9"|0x7d5483b9
00:05:08.0 (70917886)|STATEMENT_EXECUTE|[57]
00:05:08.0 (71060456)|HEAP_ALLOCATE|[58]|Bytes:8
00:05:08.0 (71072487)|STATEMENT_EXECUTE|[59]
00:05:08.0 (71085915)|HEAP_ALLOCATE|[59]|Bytes:8
00:05:08.0 (71093265)|HEAP_ALLOCATE|[59]|Bytes:25
00:05:08.0 (71100618)|HEAP_ALLOCATE|[EXTERNAL]|Bytes:4
00:05:08.0 (71110820)|HEAP_ALLOCATE|[57]|Bytes:5
00:05:08.0 (71122324)|VARIABLE_SCOPE_BEGIN|[57]|field|Schema.SObjectField|true|false
00:05:08.0 (71183990)|VARIABLE_ASSIGNMENT|[57]|field|"common.apex.runtime.impl.ApexFieldToken@7b76b470"|0x7b76b470
00:05:08.0 (71191069)|STATEMENT_EXECUTE|[57]
00:05:08.0 (71297695)|HEAP_ALLOCATE|[58]|Bytes:8
00:05:08.0 (71308040)|STATEMENT_EXECUTE|[59]
00:05:08.0 (71324302)|HEAP_ALLOCATE|[59]|Bytes:8
00:05:08.0 (71331686)|HEAP_ALLOCATE|[59]|Bytes:12
00:05:08.0 (71338810)|HEAP_ALLOCATE|[EXTERNAL]|Bytes:4
00:05:08.0 (71349188)|HEAP_ALLOCATE|[57]|Bytes:5
00:05:08.0 (71372122)|VARIABLE_SCOPE_BEGIN|[57]|field|Schema.SObjectField|true|false
00:05:08.0 (71436838)|VARIABLE_ASSIGNMENT|[57]|field|"common.apex.runtime.impl.ApexFieldToken@555d9675"|0x555d9675
00:05:08.0 (71443035)|STATEMENT_EXECUTE|[57]
00:05:08.0 (71556383)|HEAP_ALLOCATE|[58]|Bytes:8
00:05:08.0 (71571983)|STATEMENT_EXECUTE|[59]
00:05:08.0 (71592820)|HEAP_ALLOCATE|[59]|Bytes:8
00:05:08.0 (71603983)|HEAP_ALLOCATE|[59]|Bytes:21
00:05:08.0 (71613429)|HEAP_ALLOCATE|[EXTERNAL]|Bytes:4
00:05:08.0 (71624034)|HEAP_ALLOCATE|[57]|Bytes:5
00:05:08.0 (71636148)|VARIABLE_SCOPE_BEGIN|[57]|field|Schema.SObjectField|true|false
00:05:08.0 (71699101)|VARIABLE_ASSIGNMENT|[57]|field|"common.apex.runtime.impl.ApexFieldToken@6734d5d5"|0x6734d5d5
00:05:08.0 (71709032)|STATEMENT_EXECUTE|[57]
00:05:08.0 (71792377)|HEAP_ALLOCATE|[58]|Bytes:8
00:05:08.0 (71803243)|STATEMENT_EXECUTE|[59]
00:05:08.0 (71816711)|HEAP_ALLOCATE|[59]|Bytes:8
00:05:08.0 (71823721)|HEAP_ALLOCATE|[59]|Bytes:19
00:05:08.0 (71830323)|HEAP_ALLOCATE|[EXTERNAL]|Bytes:4
00:05:08.0 (71840028)|HEAP_ALLOCATE|[57]|Bytes:5
00:05:08.0 (71851657)|VARIABLE_SCOPE_BEGIN|[57]|field|Schema.SObjectField|true|false
00:05:08.0 (71913413)|VARIABLE_ASSIGNMENT|[57]|field|"common.apex.runtime.impl.ApexFieldToken@3e24dbc1"|0x3e24dbc1
00:05:08.0 (71919661)|STATEMENT_EXECUTE|[57]
00:05:08.0 (71998010)|HEAP_ALLOCATE|[58]|Bytes:8
00:05:08.0 (72008487)|STATEMENT_EXECUTE|[59]
00:05:08.0 (72021658)|HEAP_ALLOCATE|[59]|Bytes:8
00:05:08.0 (72028089)|HEAP_ALLOCATE|[59]|Bytes:8
00:05:08.0 (72034685)|HEAP_ALLOCATE|[EXTERNAL]|Bytes:4
00:05:08.0 (72044863)|HEAP_ALLOCATE|[57]|Bytes:5
00:05:08.0 (72055502)|VARIABLE_SCOPE_BEGIN|[57]|field|Schema.SObjectField|true|false
00:05:08.0 (72114677)|VARIABLE_ASSIGNMENT|[57]|field|"common.apex.runtime.impl.ApexFieldToken@70bf3d41"|0x70bf3d41
00:05:08.0 (72120264)|STATEMENT_EXECUTE|[57]
00:05:08.0 (72193349)|HEAP_ALLOCATE|[58]|Bytes:8
00:05:08.0 (72203249)|STATEMENT_EXECUTE|[59]
00:05:08.0 (72216742)|HEAP_ALLOCATE|[59]|Bytes:8
00:05:08.0 (72226851)|HEAP_ALLOCATE|[59]|Bytes:8
00:05:08.0 (72233399)|HEAP_ALLOCATE|[EXTERNAL]|Bytes:4
00:05:08.0 (72243597)|HEAP_ALLOCATE|[57]|Bytes:5
00:05:08.0 (72255981)|VARIABLE_SCOPE_BEGIN|[57]|field|Schema.SObjectField|true|false
00:05:08.0 (72316515)|VARIABLE_ASSIGNMENT|[57]|field|"common.apex.runtime.impl.ApexFieldToken@49e8e31d"|0x49e8e31d
00:05:08.0 (72323190)|STATEMENT_EXECUTE|[57]
00:05:08.0 (72396270)|HEAP_ALLOCATE|[58]|Bytes:8
00:05:08.0 (72406504)|STATEMENT_EXECUTE|[59]
00:05:08.0 (72418781)|HEAP_ALLOCATE|[59]|Bytes:8
00:05:08.0 (72425409)|HEAP_ALLOCATE|[59]|Bytes:10
00:05:08.0 (72431830)|HEAP_ALLOCATE|[EXTERNAL]|Bytes:4
00:05:08.0 (72441302)|HEAP_ALLOCATE|[57]|Bytes:5
00:05:08.0 (72451901)|VARIABLE_SCOPE_BEGIN|[57]|field|Schema.SObjectField|true|false
00:05:08.0 (72510261)|VARIABLE_ASSIGNMENT|[57]|field|"common.apex.runtime.impl.ApexFieldToken@8b31d88"|0x8b31d88
00:05:08.0 (72516167)|STATEMENT_EXECUTE|[57]
00:05:08.0 (72592944)|HEAP_ALLOCATE|[58]|Bytes:8
00:05:08.0 (72602909)|STATEMENT_EXECUTE|[59]
00:05:08.0 (72617052)|HEAP_ALLOCATE|[59]|Bytes:8
00:05:08.0 (72624072)|HEAP_ALLOCATE|[59]|Bytes:8
00:05:08.0 (72630543)|HEAP_ALLOCATE|[EXTERNAL]|Bytes:4
00:05:08.0 (72640439)|HEAP_ALLOCATE|[57]|Bytes:5
00:05:08.0 (72650776)|VARIABLE_SCOPE_BEGIN|[57]|field|Schema.SObjectField|true|false
00:05:08.0 (72722229)|VARIABLE_ASSIGNMENT|[57]|field|"common.apex.runtime.impl.ApexFieldToken@1051358c"|0x1051358c
00:05:08.0 (72728830)|STATEMENT_EXECUTE|[57]
00:05:08.0 (72804424)|HEAP_ALLOCATE|[58]|Bytes:8
00:05:08.0 (72814781)|STATEMENT_EXECUTE|[59]
00:05:08.0 (72827642)|HEAP_ALLOCATE|[59]|Bytes:8
00:05:08.0 (72834008)|HEAP_ALLOCATE|[59]|Bytes:7
00:05:08.0 (72841140)|HEAP_ALLOCATE|[EXTERNAL]|Bytes:4
00:05:08.0 (72850939)|HEAP_ALLOCATE|[57]|Bytes:5
00:05:08.0 (72861827)|VARIABLE_SCOPE_BEGIN|[57]|field|Schema.SObjectField|true|false
00:05:08.0 (72925351)|VARIABLE_ASSIGNMENT|[57]|field|"common.apex.runtime.impl.ApexFieldToken@198d57f2"|0x198d57f2
00:05:08.0 (72934688)|STATEMENT_EXECUTE|[57]
00:05:08.0 (73024756)|HEAP_ALLOCATE|[58]|Bytes:8
00:05:08.0 (73040993)|STATEMENT_EXECUTE|[59]
00:05:08.0 (73058860)|HEAP_ALLOCATE|[59]|Bytes:8
00:05:08.0 (73066417)|HEAP_ALLOCATE|[59]|Bytes:8
00:05:08.0 (73074509)|HEAP_ALLOCATE|[EXTERNAL]|Bytes:4
00:05:08.0 (73085349)|HEAP_ALLOCATE|[57]|Bytes:5
00:05:08.0 (73109189)|VARIABLE_SCOPE_BEGIN|[57]|field|Schema.SObjectField|true|false
00:05:08.0 (73170770)|VARIABLE_ASSIGNMENT|[57]|field|"common.apex.runtime.impl.ApexFieldToken@17f3bfd5"|0x17f3bfd5
00:05:08.0 (73176824)|STATEMENT_EXECUTE|[57]
00:05:08.0 (73256924)|HEAP_ALLOCATE|[58]|Bytes:8
00:05:08.0 (73267449)|STATEMENT_EXECUTE|[59]
00:05:08.0 (73280185)|HEAP_ALLOCATE|[59]|Bytes:8
00:05:08.0 (73286960)|HEAP_ALLOCATE|[59]|Bytes:7
00:05:08.0 (73293688)|HEAP_ALLOCATE|[EXTERNAL]|Bytes:4
00:05:08.0 (73303553)|HEAP_ALLOCATE|[57]|Bytes:5
00:05:08.0 (73314389)|VARIABLE_ASSIGNMENT|[57]|field|null|
00:05:08.0 (73319646)|STATEMENT_EXECUTE|[61]
00:05:08.0 (73325239)|VARIABLE_SCOPE_BEGIN|[61]|allfields|String|false|false
00:05:08.0 (73335940)|VARIABLE_ASSIGNMENT|[61]|allfields|""
00:05:08.0 (73388111)|HEAP_ALLOCATE|[62]|Bytes:5
00:05:08.0 (73395999)|HEAP_ALLOCATE|[62]|Bytes:2
00:05:08.0 (73402186)|VARIABLE_SCOPE_BEGIN|[62]|fieldname|String|false|false
00:05:08.0 (73409949)|VARIABLE_ASSIGNMENT|[62]|fieldname|"Id"
00:05:08.0 (73413907)|STATEMENT_EXECUTE|[63]
00:05:08.0 (73416047)|HEAP_ALLOCATE|[63]|Bytes:1
00:05:08.0 (73433600)|HEAP_ALLOCATE|[63]|Bytes:3
00:05:08.0 (73438712)|HEAP_ALLOCATE|[63]|Bytes:3
00:05:08.0 (73443161)|VARIABLE_ASSIGNMENT|[63]|allfields|"Id,"
00:05:08.0 (73453882)|HEAP_ALLOCATE|[62]|Bytes:5
00:05:08.0 (73463606)|HEAP_ALLOCATE|[62]|Bytes:7
00:05:08.0 (73470664)|VARIABLE_SCOPE_BEGIN|[62]|fieldname|String|false|false
00:05:08.0 (73497260)|VARIABLE_ASSIGNMENT|[62]|fieldname|"OwnerId"
00:05:08.0 (73503806)|STATEMENT_EXECUTE|[63]
00:05:08.0 (73509653)|HEAP_ALLOCATE|[63]|Bytes:8
00:05:08.0 (73513983)|HEAP_ALLOCATE|[63]|Bytes:11
00:05:08.0 (73518295)|VARIABLE_ASSIGNMENT|[63]|allfields|"Id,OwnerId,"
00:05:08.0 (73527913)|HEAP_ALLOCATE|[62]|Bytes:5
00:05:08.0 (73538188)|HEAP_ALLOCATE|[62]|Bytes:9
00:05:08.0 (73542966)|VARIABLE_SCOPE_BEGIN|[62]|fieldname|String|false|false
00:05:08.0 (73549713)|VARIABLE_ASSIGNMENT|[62]|fieldname|"IsDeleted"
00:05:08.0 (73553271)|STATEMENT_EXECUTE|[63]
00:05:08.0 (73555940)|HEAP_ALLOCATE|[63]|Bytes:10
00:05:08.0 (73559013)|HEAP_ALLOCATE|[63]|Bytes:21
00:05:08.0 (73564855)|VARIABLE_ASSIGNMENT|[63]|allfields|"Id,OwnerId,IsDeleted (1 more) ..."
00:05:08.0 (73572083)|HEAP_ALLOCATE|[62]|Bytes:5
00:05:08.0 (73577063)|HEAP_ALLOCATE|[62]|Bytes:4
00:05:08.0 (73580796)|VARIABLE_SCOPE_BEGIN|[62]|fieldname|String|false|false
00:05:08.0 (73587196)|VARIABLE_ASSIGNMENT|[62]|fieldname|"Name"
00:05:08.0 (73590226)|STATEMENT_EXECUTE|[63]
00:05:08.0 (73592636)|HEAP_ALLOCATE|[63]|Bytes:5
00:05:08.0 (73596037)|HEAP_ALLOCATE|[63]|Bytes:26
00:05:08.0 (73600329)|VARIABLE_ASSIGNMENT|[63]|allfields|"Id,OwnerId,IsDeleted (6 more) ..."
00:05:08.0 (73607689)|HEAP_ALLOCATE|[62]|Bytes:5
00:05:08.0 (73613291)|HEAP_ALLOCATE|[62]|Bytes:11
00:05:08.0 (73617481)|VARIABLE_SCOPE_BEGIN|[62]|fieldname|String|false|false
00:05:08.0 (73624132)|VARIABLE_ASSIGNMENT|[62]|fieldname|"CreatedDate"
00:05:08.0 (73627351)|STATEMENT_EXECUTE|[63]
00:05:08.0 (73629756)|HEAP_ALLOCATE|[63]|Bytes:12
00:05:08.0 (73633296)|HEAP_ALLOCATE|[63]|Bytes:38
00:05:08.0 (73637601)|VARIABLE_ASSIGNMENT|[63]|allfields|"Id,OwnerId,IsDeleted (18 more) ..."
00:05:08.0 (73643988)|HEAP_ALLOCATE|[62]|Bytes:5
00:05:08.0 (73649177)|HEAP_ALLOCATE|[62]|Bytes:11
00:05:08.0 (73653086)|VARIABLE_SCOPE_BEGIN|[62]|fieldname|String|false|false
00:05:08.0 (73661546)|VARIABLE_ASSIGNMENT|[62]|fieldname|"CreatedById"
00:05:08.0 (73664916)|STATEMENT_EXECUTE|[63]
00:05:08.0 (73667321)|HEAP_ALLOCATE|[63]|Bytes:12
00:05:08.0 (73670326)|HEAP_ALLOCATE|[63]|Bytes:50
00:05:08.0 (73674726)|VARIABLE_ASSIGNMENT|[63]|allfields|"Id,OwnerId,IsDeleted (30 more) ..."
00:05:08.0 (73680891)|HEAP_ALLOCATE|[62]|Bytes:5
00:05:08.0 (73686331)|HEAP_ALLOCATE|[62]|Bytes:16
00:05:08.0 (73689997)|VARIABLE_SCOPE_BEGIN|[62]|fieldname|String|false|false
00:05:08.0 (73697237)|VARIABLE_ASSIGNMENT|[62]|fieldname|"LastModifiedDate"
00:05:08.0 (73700324)|STATEMENT_EXECUTE|[63]
00:05:08.0 (73702991)|HEAP_ALLOCATE|[63]|Bytes:17
00:05:08.0 (73706261)|HEAP_ALLOCATE|[63]|Bytes:67
00:05:08.0 (73710455)|VARIABLE_ASSIGNMENT|[63]|allfields|"Id,OwnerId,IsDeleted (47 more) ..."
00:05:08.0 (73716249)|HEAP_ALLOCATE|[62]|Bytes:5
00:05:08.0 (73721516)|HEAP_ALLOCATE|[62]|Bytes:16
00:05:08.0 (73725450)|VARIABLE_SCOPE_BEGIN|[62]|fieldname|String|false|false
00:05:08.0 (73731688)|VARIABLE_ASSIGNMENT|[62]|fieldname|"LastModifiedById"
00:05:08.0 (73734550)|STATEMENT_EXECUTE|[63]
00:05:08.0 (73736899)|HEAP_ALLOCATE|[63]|Bytes:17
00:05:08.0 (73740225)|HEAP_ALLOCATE|[63]|Bytes:84
00:05:08.0 (73744016)|VARIABLE_ASSIGNMENT|[63]|allfields|"Id,OwnerId,IsDeleted (64 more) ..."
00:05:08.0 (73749916)|HEAP_ALLOCATE|[62]|Bytes:5
00:05:08.0 (73754733)|HEAP_ALLOCATE|[62]|Bytes:14
00:05:08.0 (73758548)|VARIABLE_SCOPE_BEGIN|[62]|fieldname|String|false|false
00:05:08.0 (73764821)|VARIABLE_ASSIGNMENT|[62]|fieldname|"SystemModstamp"
00:05:08.0 (73767639)|STATEMENT_EXECUTE|[63]
00:05:08.0 (73769925)|HEAP_ALLOCATE|[63]|Bytes:15
00:05:08.0 (73773392)|HEAP_ALLOCATE|[63]|Bytes:99
00:05:08.0 (73777168)|VARIABLE_ASSIGNMENT|[63]|allfields|"Id,OwnerId,IsDeleted (79 more) ..."
00:05:08.0 (73783327)|HEAP_ALLOCATE|[62]|Bytes:5
00:05:08.0 (73788482)|HEAP_ALLOCATE|[62]|Bytes:16
00:05:08.0 (73791974)|VARIABLE_SCOPE_BEGIN|[62]|fieldname|String|false|false
00:05:08.0 (73810971)|VARIABLE_ASSIGNMENT|[62]|fieldname|"LastActivityDate"
00:05:08.0 (73816519)|STATEMENT_EXECUTE|[63]
00:05:08.0 (73820569)|HEAP_ALLOCATE|[63]|Bytes:17
00:05:08.0 (73826485)|HEAP_ALLOCATE|[63]|Bytes:116
00:05:08.0 (73834206)|VARIABLE_ASSIGNMENT|[63]|allfields|"Id,OwnerId,IsDeleted (96 more) ..."
00:05:08.0 (73846319)|HEAP_ALLOCATE|[62]|Bytes:5
00:05:08.0 (73852845)|HEAP_ALLOCATE|[62]|Bytes:14
00:05:08.0 (73859129)|VARIABLE_SCOPE_BEGIN|[62]|fieldname|String|false|false
00:05:08.0 (73869591)|VARIABLE_ASSIGNMENT|[62]|fieldname|"LastViewedDate"
00:05:08.0 (73875044)|STATEMENT_EXECUTE|[63]
00:05:08.0 (73879417)|HEAP_ALLOCATE|[63]|Bytes:15
00:05:08.0 (73884828)|HEAP_ALLOCATE|[63]|Bytes:131
00:05:08.0 (73892968)|VARIABLE_ASSIGNMENT|[63]|allfields|"Id,OwnerId,IsDeleted (111 more) ..."
00:05:08.0 (73905681)|HEAP_ALLOCATE|[62]|Bytes:5
00:05:08.0 (73915278)|HEAP_ALLOCATE|[62]|Bytes:18
00:05:08.0 (73922811)|VARIABLE_SCOPE_BEGIN|[62]|fieldname|String|false|false
00:05:08.0 (73935689)|VARIABLE_ASSIGNMENT|[62]|fieldname|"LastReferencedDate"
00:05:08.0 (73941495)|STATEMENT_EXECUTE|[63]
00:05:08.0 (73946118)|HEAP_ALLOCATE|[63]|Bytes:19
00:05:08.0 (73964306)|HEAP_ALLOCATE|[63]|Bytes:150
00:05:08.0 (73975005)|VARIABLE_ASSIGNMENT|[63]|allfields|"Id,OwnerId,IsDeleted (130 more) ..."
00:05:08.0 (73988654)|HEAP_ALLOCATE|[62]|Bytes:5
00:05:08.0 (73999050)|HEAP_ALLOCATE|[62]|Bytes:9
00:05:08.0 (74005931)|VARIABLE_SCOPE_BEGIN|[62]|fieldname|String|false|false
00:05:08.0 (74017997)|VARIABLE_ASSIGNMENT|[62]|fieldname|"Client__c"
00:05:08.0 (74023303)|STATEMENT_EXECUTE|[63]
00:05:08.0 (74027511)|HEAP_ALLOCATE|[63]|Bytes:10
00:05:08.0 (74033537)|HEAP_ALLOCATE|[63]|Bytes:160
00:05:08.0 (74041531)|VARIABLE_ASSIGNMENT|[63]|allfields|"Id,OwnerId,IsDeleted (140 more) ..."
00:05:08.0 (74054103)|HEAP_ALLOCATE|[62]|Bytes:5
00:05:08.0 (74063544)|HEAP_ALLOCATE|[62]|Bytes:15
00:05:08.0 (74070719)|VARIABLE_SCOPE_BEGIN|[62]|fieldname|String|false|false
00:05:08.0 (74082592)|VARIABLE_ASSIGNMENT|[62]|fieldname|"End_Customer__c"
00:05:08.0 (74088265)|STATEMENT_EXECUTE|[63]
00:05:08.0 (74092565)|HEAP_ALLOCATE|[63]|Bytes:16
00:05:08.0 (74098299)|HEAP_ALLOCATE|[63]|Bytes:176
00:05:08.0 (74106499)|VARIABLE_ASSIGNMENT|[63]|allfields|"Id,OwnerId,IsDeleted (156 more) ..."
00:05:08.0 (74118494)|HEAP_ALLOCATE|[62]|Bytes:5
00:05:08.0 (74127788)|HEAP_ALLOCATE|[62]|Bytes:19
00:05:08.0 (74135262)|VARIABLE_SCOPE_BEGIN|[62]|fieldname|String|false|false
00:05:08.0 (74146407)|VARIABLE_ASSIGNMENT|[62]|fieldname|"Operation_Region__c"
00:05:08.0 (74152086)|STATEMENT_EXECUTE|[63]
00:05:08.0 (74156452)|HEAP_ALLOCATE|[63]|Bytes:20
00:05:08.0 (74162552)|HEAP_ALLOCATE|[63]|Bytes:196
00:05:08.0 (74170910)|VARIABLE_ASSIGNMENT|[63]|allfields|"Id,OwnerId,IsDeleted (176 more) ..."
00:05:08.0 (74183127)|HEAP_ALLOCATE|[62]|Bytes:5
00:05:08.0 (74193143)|HEAP_ALLOCATE|[62]|Bytes:14
00:05:08.0 (74199341)|VARIABLE_SCOPE_BEGIN|[62]|fieldname|String|false|false
00:05:08.0 (74211122)|VARIABLE_ASSIGNMENT|[62]|fieldname|"Work_Region__c"
00:05:08.0 (74215950)|STATEMENT_EXECUTE|[63]
00:05:08.0 (74220173)|HEAP_ALLOCATE|[63]|Bytes:15
00:05:08.0 (74225439)|HEAP_ALLOCATE|[63]|Bytes:211
00:05:08.0 (74233395)|VARIABLE_ASSIGNMENT|[63]|allfields|"Id,OwnerId,IsDeleted (191 more) ..."
00:05:08.0 (74245098)|HEAP_ALLOCATE|[62]|Bytes:5
00:05:08.0 (74253768)|HEAP_ALLOCATE|[62]|Bytes:25
00:05:08.0 (74260171)|VARIABLE_SCOPE_BEGIN|[62]|fieldname|String|false|false
00:05:08.0 (74272149)|VARIABLE_ASSIGNMENT|[62]|fieldname|"Client_Project_Manag (5 more) ..."
00:05:08.0 (74277741)|STATEMENT_EXECUTE|[63]
00:05:08.0 (74281808)|HEAP_ALLOCATE|[63]|Bytes:26
00:05:08.0 (74291153)|HEAP_ALLOCATE|[63]|Bytes:237
00:05:08.0 (74299023)|VARIABLE_ASSIGNMENT|[63]|allfields|"Id,OwnerId,IsDeleted (217 more) ..."
00:05:08.0 (74310882)|HEAP_ALLOCATE|[62]|Bytes:5
00:05:08.0 (74319706)|HEAP_ALLOCATE|[62]|Bytes:15
00:05:08.0 (74326130)|VARIABLE_SCOPE_BEGIN|[62]|fieldname|String|false|false
00:05:08.0 (74336650)|VARIABLE_ASSIGNMENT|[62]|fieldname|"Project_code__c"
00:05:08.0 (74342746)|STATEMENT_EXECUTE|[63]
00:05:08.0 (74349969)|HEAP_ALLOCATE|[63]|Bytes:16
00:05:08.0 (74356399)|HEAP_ALLOCATE|[63]|Bytes:253
00:05:08.0 (74365213)|VARIABLE_ASSIGNMENT|[63]|allfields|"Id,OwnerId,IsDeleted (233 more) ..."
00:05:08.0 (74373511)|HEAP_ALLOCATE|[62]|Bytes:5
00:05:08.0 (74379346)|HEAP_ALLOCATE|[62]|Bytes:23
00:05:08.0 (74382963)|VARIABLE_SCOPE_BEGIN|[62]|fieldname|String|false|false
00:05:08.0 (74389805)|VARIABLE_ASSIGNMENT|[62]|fieldname|"Company_project_code (3 more) ..."
00:05:08.0 (74393090)|STATEMENT_EXECUTE|[63]
00:05:08.0 (74395633)|HEAP_ALLOCATE|[63]|Bytes:24
00:05:08.0 (74398933)|HEAP_ALLOCATE|[63]|Bytes:277
00:05:08.0 (74403083)|VARIABLE_ASSIGNMENT|[63]|allfields|"Id,OwnerId,IsDeleted (257 more) ..."
00:05:08.0 (74409811)|HEAP_ALLOCATE|[62]|Bytes:5
00:05:08.0 (74415309)|HEAP_ALLOCATE|[62]|Bytes:16
00:05:08.0 (74418788)|VARIABLE_SCOPE_BEGIN|[62]|fieldname|String|false|false
00:05:08.0 (74424561)|VARIABLE_ASSIGNMENT|[62]|fieldname|"Project_Scope__c"
00:05:08.0 (74428497)|STATEMENT_EXECUTE|[63]
00:05:08.0 (74430999)|HEAP_ALLOCATE|[63]|Bytes:17
00:05:08.0 (74434363)|HEAP_ALLOCATE|[63]|Bytes:294
00:05:08.0 (74438190)|VARIABLE_ASSIGNMENT|[63]|allfields|"Id,OwnerId,IsDeleted (274 more) ..."
00:05:08.0 (74444156)|HEAP_ALLOCATE|[62]|Bytes:5
00:05:08.0 (74449215)|HEAP_ALLOCATE|[62]|Bytes:14
00:05:08.0 (74453288)|VARIABLE_SCOPE_BEGIN|[62]|fieldname|String|false|false
00:05:08.0 (74459734)|VARIABLE_ASSIGNMENT|[62]|fieldname|"Cost_Centre__c"
00:05:08.0 (74464407)|STATEMENT_EXECUTE|[63]
00:05:08.0 (74468085)|HEAP_ALLOCATE|[63]|Bytes:15
00:05:08.0 (74473859)|HEAP_ALLOCATE|[63]|Bytes:309
00:05:08.0 (74481651)|VARIABLE_ASSIGNMENT|[63]|allfields|"Id,OwnerId,IsDeleted (289 more) ..."
00:05:08.0 (74493247)|HEAP_ALLOCATE|[62]|Bytes:5
00:05:08.0 (74502280)|HEAP_ALLOCATE|[62]|Bytes:13
00:05:08.0 (74508773)|VARIABLE_SCOPE_BEGIN|[62]|fieldname|String|false|false
00:05:08.0 (74519786)|VARIABLE_ASSIGNMENT|[62]|fieldname|"Production__c"
00:05:08.0 (74525161)|STATEMENT_EXECUTE|[63]
00:05:08.0 (74528641)|HEAP_ALLOCATE|[63]|Bytes:14
00:05:08.0 (74537648)|HEAP_ALLOCATE|[63]|Bytes:323
00:05:08.0 (74542789)|VARIABLE_ASSIGNMENT|[63]|allfields|"Id,OwnerId,IsDeleted (303 more) ..."
00:05:08.0 (74550499)|HEAP_ALLOCATE|[62]|Bytes:5
00:05:08.0 (74556119)|HEAP_ALLOCATE|[62]|Bytes:5
00:05:08.0 (74559793)|VARIABLE_SCOPE_BEGIN|[62]|fieldname|String|false|false
00:05:08.0 (74565763)|VARIABLE_ASSIGNMENT|[62]|fieldname|"QC__c"
00:05:08.0 (74568768)|STATEMENT_EXECUTE|[63]
00:05:08.0 (74571080)|HEAP_ALLOCATE|[63]|Bytes:6
00:05:08.0 (74574923)|HEAP_ALLOCATE|[63]|Bytes:329
00:05:08.0 (74579041)|VARIABLE_ASSIGNMENT|[63]|allfields|"Id,OwnerId,IsDeleted (309 more) ..."
00:05:08.0 (74585236)|HEAP_ALLOCATE|[62]|Bytes:5
00:05:08.0 (74590436)|HEAP_ALLOCATE|[62]|Bytes:11
00:05:08.0 (74594276)|VARIABLE_SCOPE_BEGIN|[62]|fieldname|String|false|false
00:05:08.0 (74600194)|VARIABLE_ASSIGNMENT|[62]|fieldname|"Delivery__c"
00:05:08.0 (74603049)|STATEMENT_EXECUTE|[63]
00:05:08.0 (74606393)|HEAP_ALLOCATE|[63]|Bytes:12
00:05:08.0 (74611654)|HEAP_ALLOCATE|[63]|Bytes:341
00:05:08.0 (74618991)|VARIABLE_ASSIGNMENT|[63]|allfields|"Id,OwnerId,IsDeleted (321 more) ..."
00:05:08.0 (74627264)|HEAP_ALLOCATE|[62]|Bytes:5
00:05:08.0 (74632504)|HEAP_ALLOCATE|[62]|Bytes:5
00:05:08.0 (74636354)|VARIABLE_SCOPE_BEGIN|[62]|fieldname|String|false|false
00:05:08.0 (74642865)|VARIABLE_ASSIGNMENT|[62]|fieldname|"QA__c"
00:05:08.0 (74646237)|STATEMENT_EXECUTE|[63]
00:05:08.0 (74649899)|HEAP_ALLOCATE|[63]|Bytes:6
00:05:08.0 (74653394)|HEAP_ALLOCATE|[63]|Bytes:347
00:05:08.0 (74657641)|VARIABLE_ASSIGNMENT|[63]|allfields|"Id,OwnerId,IsDeleted (327 more) ..."
00:05:08.0 (74664267)|HEAP_ALLOCATE|[62]|Bytes:5
00:05:08.0 (74669530)|HEAP_ALLOCATE|[62]|Bytes:25
00:05:08.0 (74673108)|VARIABLE_SCOPE_BEGIN|[62]|fieldname|String|false|false
00:05:08.0 (74680396)|VARIABLE_ASSIGNMENT|[62]|fieldname|"OffshoreProjectManag (5 more) ..."
00:05:08.0 (74683644)|STATEMENT_EXECUTE|[63]
00:05:08.0 (74685856)|HEAP_ALLOCATE|[63]|Bytes:26
00:05:08.0 (74689793)|HEAP_ALLOCATE|[63]|Bytes:373
00:05:08.0 (74693601)|VARIABLE_ASSIGNMENT|[63]|allfields|"Id,OwnerId,IsDeleted (353 more) ..."
00:05:08.0 (74699490)|HEAP_ALLOCATE|[62]|Bytes:5
00:05:08.0 (74704725)|HEAP_ALLOCATE|[62]|Bytes:12
00:05:08.0 (74708442)|VARIABLE_SCOPE_BEGIN|[62]|fieldname|String|false|false
00:05:08.0 (74714577)|VARIABLE_ASSIGNMENT|[62]|fieldname|"Team_Lead__c"
00:05:08.0 (74718190)|STATEMENT_EXECUTE|[63]
00:05:08.0 (74720409)|HEAP_ALLOCATE|[63]|Bytes:13
00:05:08.0 (74723659)|HEAP_ALLOCATE|[63]|Bytes:386
00:05:08.0 (74728019)|VARIABLE_ASSIGNMENT|[63]|allfields|"Id,OwnerId,IsDeleted (366 more) ..."
00:05:08.0 (74734104)|HEAP_ALLOCATE|[62]|Bytes:5
00:05:08.0 (74738974)|HEAP_ALLOCATE|[62]|Bytes:21
00:05:08.0 (74742483)|VARIABLE_SCOPE_BEGIN|[62]|fieldname|String|false|false
00:05:08.0 (74748877)|VARIABLE_ASSIGNMENT|[62]|fieldname|"Project_Start_Date__ (1 more) ..."
00:05:08.0 (74751815)|STATEMENT_EXECUTE|[63]
00:05:08.0 (74754055)|HEAP_ALLOCATE|[63]|Bytes:22
00:05:08.0 (74758169)|HEAP_ALLOCATE|[63]|Bytes:408
00:05:08.0 (74762229)|VARIABLE_ASSIGNMENT|[63]|allfields|"Id,OwnerId,IsDeleted (388 more) ..."
00:05:08.0 (74768128)|HEAP_ALLOCATE|[62]|Bytes:5
00:05:08.0 (74773130)|HEAP_ALLOCATE|[62]|Bytes:19
00:05:08.0 (74776591)|VARIABLE_SCOPE_BEGIN|[62]|fieldname|String|false|false
00:05:08.0 (74783126)|VARIABLE_ASSIGNMENT|[62]|fieldname|"Project_End_Date__c"
00:05:08.0 (74786066)|STATEMENT_EXECUTE|[63]
00:05:08.0 (74788340)|HEAP_ALLOCATE|[63]|Bytes:20
00:05:08.0 (74791616)|HEAP_ALLOCATE|[63]|Bytes:428
00:05:08.0 (74795593)|VARIABLE_ASSIGNMENT|[63]|allfields|"Id,OwnerId,IsDeleted (408 more) ..."
00:05:08.0 (74801807)|HEAP_ALLOCATE|[62]|Bytes:5
00:05:08.0 (74806810)|HEAP_ALLOCATE|[62]|Bytes:8
00:05:08.0 (74810266)|VARIABLE_SCOPE_BEGIN|[62]|fieldname|String|false|false
00:05:08.0 (74816366)|VARIABLE_ASSIGNMENT|[62]|fieldname|"Units__c"
00:05:08.0 (74819800)|STATEMENT_EXECUTE|[63]
00:05:08.0 (74822170)|HEAP_ALLOCATE|[63]|Bytes:9
00:05:08.0 (74825563)|HEAP_ALLOCATE|[63]|Bytes:437
00:05:08.0 (74829596)|VARIABLE_ASSIGNMENT|[63]|allfields|"Id,OwnerId,IsDeleted (417 more) ..."
00:05:08.0 (74836032)|HEAP_ALLOCATE|[62]|Bytes:5
00:05:08.0 (74840759)|HEAP_ALLOCATE|[62]|Bytes:8
00:05:08.0 (74844522)|VARIABLE_SCOPE_BEGIN|[62]|fieldname|String|false|false
00:05:08.0 (74850524)|VARIABLE_ASSIGNMENT|[62]|fieldname|"Nodes__c"
00:05:08.0 (74853509)|STATEMENT_EXECUTE|[63]
00:05:08.0 (74855734)|HEAP_ALLOCATE|[63]|Bytes:9
00:05:08.0 (74858756)|HEAP_ALLOCATE|[63]|Bytes:446
00:05:08.0 (74862548)|VARIABLE_ASSIGNMENT|[63]|allfields|"Id,OwnerId,IsDeleted (426 more) ..."
00:05:08.0 (74868700)|HEAP_ALLOCATE|[62]|Bytes:5
00:05:08.0 (74873483)|HEAP_ALLOCATE|[62]|Bytes:10
00:05:08.0 (74876926)|VARIABLE_SCOPE_BEGIN|[62]|fieldname|String|false|false
00:05:08.0 (74886244)|VARIABLE_ASSIGNMENT|[62]|fieldname|"Footage__c"
00:05:08.0 (74891639)|STATEMENT_EXECUTE|[63]
00:05:08.0 (74895667)|HEAP_ALLOCATE|[63]|Bytes:11
00:05:08.0 (74901474)|HEAP_ALLOCATE|[63]|Bytes:457
00:05:08.0 (74909555)|VARIABLE_ASSIGNMENT|[63]|allfields|"Id,OwnerId,IsDeleted (437 more) ..."
00:05:08.0 (74920667)|HEAP_ALLOCATE|[62]|Bytes:5
00:05:08.0 (74926423)|HEAP_ALLOCATE|[62]|Bytes:8
00:05:08.0 (74930303)|VARIABLE_SCOPE_BEGIN|[62]|fieldname|String|false|false
00:05:08.0 (74937075)|VARIABLE_ASSIGNMENT|[62]|fieldname|"Miles__c"
00:05:08.0 (74940569)|STATEMENT_EXECUTE|[63]
00:05:08.0 (74943252)|HEAP_ALLOCATE|[63]|Bytes:9
00:05:08.0 (74946839)|HEAP_ALLOCATE|[63]|Bytes:466
00:05:08.0 (74950923)|VARIABLE_ASSIGNMENT|[63]|allfields|"Id,OwnerId,IsDeleted (446 more) ..."
00:05:08.0 (74958607)|HEAP_ALLOCATE|[62]|Bytes:5
00:05:08.0 (74967380)|HEAP_ALLOCATE|[62]|Bytes:7
00:05:08.0 (74973915)|VARIABLE_SCOPE_BEGIN|[62]|fieldname|String|false|false
00:05:08.0 (74984356)|VARIABLE_ASSIGNMENT|[62]|fieldname|"Jobs__c"
00:05:08.0 (74990112)|STATEMENT_EXECUTE|[63]
00:05:08.0 (74994549)|HEAP_ALLOCATE|[63]|Bytes:8
00:05:08.0 (75000885)|HEAP_ALLOCATE|[63]|Bytes:474
00:05:08.0 (75009465)|VARIABLE_ASSIGNMENT|[63]|allfields|"Id,OwnerId,IsDeleted (454 more) ..."
00:05:08.0 (75022326)|HEAP_ALLOCATE|[62]|Bytes:5
00:05:08.0 (75031941)|HEAP_ALLOCATE|[62]|Bytes:8
00:05:08.0 (75038093)|VARIABLE_SCOPE_BEGIN|[62]|fieldname|String|false|false
00:05:08.0 (75048512)|VARIABLE_ASSIGNMENT|[62]|fieldname|"Hours__c"
00:05:08.0 (75053490)|STATEMENT_EXECUTE|[63]
00:05:08.0 (75057245)|HEAP_ALLOCATE|[63]|Bytes:9
00:05:08.0 (75062318)|HEAP_ALLOCATE|[63]|Bytes:483
00:05:08.0 (75069419)|VARIABLE_ASSIGNMENT|[63]|allfields|"Id,OwnerId,IsDeleted (463 more) ..."
00:05:08.0 (75079843)|HEAP_ALLOCATE|[62]|Bytes:5
00:05:08.0 (75089121)|HEAP_ALLOCATE|[62]|Bytes:7
00:05:08.0 (75093976)|VARIABLE_SCOPE_BEGIN|[62]|fieldname|String|false|false
00:05:08.0 (75100565)|VARIABLE_ASSIGNMENT|[62]|fieldname|"Team__c"
00:05:08.0 (75103740)|STATEMENT_EXECUTE|[63]
00:05:08.0 (75106286)|HEAP_ALLOCATE|[63]|Bytes:8
00:05:08.0 (75109668)|HEAP_ALLOCATE|[63]|Bytes:491
00:05:08.0 (75113681)|VARIABLE_ASSIGNMENT|[63]|allfields|"Id,OwnerId,IsDeleted (471 more) ..."
00:05:08.0 (75120396)|HEAP_ALLOCATE|[62]|Bytes:5
00:05:08.0 (75131927)|VARIABLE_ASSIGNMENT|[62]|fieldname|null
00:05:08.0 (75138511)|STATEMENT_EXECUTE|[65]
00:05:08.0 (75230767)|HEAP_ALLOCATE|[65]|Bytes:490
00:05:08.0 (75250566)|VARIABLE_ASSIGNMENT|[65]|allfields|"Id,OwnerId,IsDeleted (470 more) ..."
00:05:08.0 (75257384)|STATEMENT_EXECUTE|[67]
00:05:08.0 (75269259)|METHOD_EXIT|[16]|01p7F00000Ehro9|PM_Project_Edit_Controller.getAllFields(String)
00:05:08.0 (75276603)|HEAP_ALLOCATE|[16]|Bytes:32
00:05:08.0 (75285702)|HEAP_ALLOCATE|[16]|Bytes:529
00:05:08.0 (76061921)|SOQL_EXECUTE_BEGIN|[16]|Aggregations:0|select Id,OwnerId,IsDeleted,Name,CreatedDate,CreatedById,LastModifiedDate,LastModifiedById,SystemModstamp,LastActivityDate,LastViewedDate,LastReferencedDate,Client__c,End_Customer__c,Operation_Region__c,Work_Region__c,Client_Project_Manager__c,Project_code__c,Company_project_code__c,Project_Scope__c,Cost_Centre__c,Production__c,QC__c,Delivery__c,QA__c,OffshoreProjectManager__c,Team_Lead__c,Project_Start_Date__c,Project_End_Date__c,Units__c,Nodes__c,Footage__c,Miles__c,Jobs__c,Hours__c,Team__c from Project__c where Id = :pid
00:05:08.0 (80317095)|SOQL_EXECUTE_END|[16]|Rows:1
00:05:08.0 (80343960)|HEAP_ALLOCATE|[16]|Bytes:8
00:05:08.0 (80376777)|HEAP_ALLOCATE|[16]|Bytes:996
00:05:08.0 (80445072)|HEAP_ALLOCATE|[16]|Bytes:8
00:05:08.0 (80470523)|HEAP_ALLOCATE|[16]|Bytes:36
00:05:08.0 (80515412)|HEAP_ALLOCATE|[16]|Bytes:140
00:05:08.0 (80575538)|VARIABLE_ASSIGNMENT|[EXTERNAL]|this|{"mysObject":"0x2b7a618c","nonSelectedUserId":"(","usersList":"0x27274228"}|0x1d7de9f1
00:05:08.0 (80640200)|VARIABLE_ASSIGNMENT|[EXTERNAL]|value|{"Id":"a057F000002dVv5QAE","OwnerId":"0057F000000Tiz6QAC","IsDeleted":false,"Name":"tm Test","CreatedDate":"2017-12-19T10:53:33.000Z","CreatedById":"0057F000000Tiz6QAC","LastModifiedDate":"2017-12-19T11:16:32.000Z","LastModifiedById":"0057F000000Tiz6QAC","SystemModstamp":"2018-01-18T18:41:12.000Z","LastViewedDate":"2018-01-22T07:56:51.000Z","LastReferencedDate":"2018-01-22T07:56:51.000Z","Client__c":"a047F000002zkUjQAI","End_Customer__c":"tm Test","Operation_Region__c":"tm Test","Work_Region__c":"tm Test","Client_Project_Manag (5 more) ...":"tm Test","Project_code__c":"tm Test","Company_project_code (3 more) ...":"321","Project_Scope__c":"DESIGNING","Production__c":50,"QC__c":20,"Delivery__c":10,"QA__c":20,"OffshoreProjectManag (5 more) ...":"0057F000000TpcqQAC","Team_Lead__c":"0057F000000TyzfQAC","Project_Start_Date__ (1 more) ...":"2017-12-19T00:00:00.000Z","Project_End_Date__c":"2017-12-19T00:00:00.000Z","Units__c":true,"Nodes__c":true,"Footage__c":false,"Miles__c":false,"Jobs__c":false,"Hours__c":false,"Team__c":"Mani Sasank, Santhos (30 more) ..."}|0x69acfd4f
00:05:08.0 (80693353)|VARIABLE_ASSIGNMENT|[3]|this.mysObject|{"Id":"a057F000002dVv5QAE","OwnerId":"0057F000000Tiz6QAC","IsDeleted":false,"Name":"tm Test","CreatedDate":"2017-12-19T10:53:33.000Z","CreatedById":"0057F000000Tiz6QAC","LastModifiedDate":"2017-12-19T11:16:32.000Z","LastModifiedById":"0057F000000Tiz6QAC","SystemModstamp":"2018-01-18T18:41:12.000Z","LastViewedDate":"2018-01-22T07:56:51.000Z","LastReferencedDate":"2018-01-22T07:56:51.000Z","Client__c":"a047F000002zkUjQAI","End_Customer__c":"tm Test","Operation_Region__c":"tm Test","Work_Region__c":"tm Test","Client_Project_Manag (5 more) ...":"tm Test","Project_code__c":"tm Test","Company_project_code (3 more) ...":"321","Project_Scope__c":"DESIGNING","Production__c":50,"QC__c":20,"Delivery__c":10,"QA__c":20,"OffshoreProjectManag (5 more) ...":"0057F000000TpcqQAC","Team_Lead__c":"0057F000000TyzfQAC","Project_Start_Date__ (1 more) ...":"2017-12-19T00:00:00.000Z","Project_End_Date__c":"2017-12-19T00:00:00.000Z","Units__c":true,"Nodes__c":true,"Footage__c":false,"Miles__c":false,"Jobs__c":false,"Hours__c":false,"Team__c":"Mani Sasank, Santhos (30 more) ..."}|0x1d7de9f1
00:05:08.0 (80714686)|STATEMENT_EXECUTE|[17]
00:05:08.0 (80772900)|VARIABLE_ASSIGNMENT|[EXTERNAL]|this|{"mysObject":"0x69acfd4f","nonSelectedUserId":"(","usersList":"0x27274228"}|0x1d7de9f1
00:05:08.0 (80841705)|VARIABLE_ASSIGNMENT|[EXTERNAL]|this|{"mysObject":"0x69acfd4f","nonSelectedUserId":"(","usersList":"0x27274228"}|0x1d7de9f1
00:05:08.0 (80850219)|VARIABLE_ASSIGNMENT|[EXTERNAL]|value|"tm Test"
00:05:08.0 (80858055)|VARIABLE_ASSIGNMENT|[4]|this.pName|"tm Test"|0x1d7de9f1
00:05:08.0 (80864834)|STATEMENT_EXECUTE|[19]
00:05:08.0 (80867776)|HEAP_ALLOCATE|[19]|Bytes:86
00:05:08.0 (80889574)|HEAP_ALLOCATE|[19]|Bytes:4
00:05:08.0 (80900104)|HEAP_ALLOCATE|[19]|Bytes:7
00:05:08.0 (81160932)|SOQL_EXECUTE_BEGIN|[19]|Aggregations:0|SELECT Name, UserLink__c FROM ProjectJobAssociation__c WHERE ProjectLink__c = :tmpVar1
00:05:08.0 (83579148)|SOQL_EXECUTE_END|[19]|Rows:5
00:05:08.0 (83601964)|HEAP_ALLOCATE|[19]|Bytes:24
00:05:08.0 (83636016)|HEAP_ALLOCATE|[19]|Bytes:380
00:05:08.0 (83706672)|HEAP_ALLOCATE|[19]|Bytes:24
00:05:08.0 (83724222)|VARIABLE_SCOPE_BEGIN|[19]|pja|List<ProjectJobAssociation__c>|true|false
00:05:08.0 (83753287)|VARIABLE_ASSIGNMENT|[19]|pja|[{"Name":"A-0002","UserLink__c":"0057F000000TpdFQAS","Id":"a087F000009HOLTQA4"},{"Name":"A-0003","UserLink__c":"0057F000000TrBBQA0","Id":"a087F000009HOLUQA4"},{"Name":"A-0004","UserLink__c":"0057F000000TrBGQA0","Id":"a087F000009HOLVQA4"},{"Name":"A-0005","UserLink__c":"0057F000000TrBVQA0","Id":"a087F000009HOLWQA4"},{"Name":"A-0006","UserLink__c":"0057F000000Tz0iQAC","Id":"a087F000009HOLXQA4"}]|0x5f6a6a46
00:05:08.0 (83763469)|STATEMENT_EXECUTE|[20]
00:05:08.0 (83777691)|HEAP_ALLOCATE|[20]|Bytes:4
00:05:08.0 (83852182)|VARIABLE_ASSIGNMENT|[EXTERNAL]|this|{"mysObject":"0x69acfd4f","nonSelectedUserId":"(","pName":"tm Test","usersList":"0x27274228"}|0x1d7de9f1
00:05:08.0 (83878409)|HEAP_ALLOCATE|[EXTERNAL]|Bytes:4
00:05:08.0 (83886642)|VARIABLE_ASSIGNMENT|[EXTERNAL]|value|[]|0x3a981aa6
00:05:08.0 (83898679)|VARIABLE_ASSIGNMENT|[6]|this.selectedUsers|[]|0x1d7de9f1
00:05:08.0 (84048709)|HEAP_ALLOCATE|[21]|Bytes:5
00:05:08.0 (84068145)|HEAP_ALLOCATE|[21]|Bytes:16
00:05:08.0 (84077140)|VARIABLE_SCOPE_BEGIN|[21]|spja|ProjectJobAssociation__c|true|false
00:05:08.0 (84090598)|VARIABLE_ASSIGNMENT|[21]|spja|{"Name":"A-0002","UserLink__c":"0057F000000TpdFQAS","Id":"a087F000009HOLTQA4"}|0x6ae59fd5
00:05:08.0 (84096864)|STATEMENT_EXECUTE|[21]
00:05:08.0 (84098174)|STATEMENT_EXECUTE|[22]
00:05:08.0 (84101542)|HEAP_ALLOCATE|[22]|Bytes:45
00:05:08.0 (84115825)|HEAP_ALLOCATE|[22]|Bytes:4
00:05:08.0 (84333860)|SOQL_EXECUTE_BEGIN|[22]|Aggregations:0|SELECT Id, Name FROM User WHERE Id = :tmpVar1
00:05:08.0 (89019638)|SOQL_EXECUTE_END|[22]|Rows:1
00:05:08.0 (89040311)|HEAP_ALLOCATE|[22]|Bytes:8
00:05:08.0 (89055188)|HEAP_ALLOCATE|[22]|Bytes:48
00:05:08.0 (89114065)|HEAP_ALLOCATE|[22]|Bytes:8
00:05:08.0 (89130014)|HEAP_ALLOCATE|[22]|Bytes:30
00:05:08.0 (89175656)|HEAP_ALLOCATE|[22]|Bytes:12
00:05:08.0 (89184104)|VARIABLE_SCOPE_BEGIN|[22]|user1|User|true|false
00:05:08.0 (89203814)|VARIABLE_ASSIGNMENT|[22]|user1|{"Id":"0057F000000TpdFQAS","Name":"Mani Sasank"}|0x37700680
00:05:08.0 (89209600)|STATEMENT_EXECUTE|[23]
00:05:08.0 (89216919)|HEAP_ALLOCATE|[23]|Bytes:1
00:05:08.0 (89292823)|HEAP_ALLOCATE|[23]|Bytes:18
00:05:08.0 (89306122)|HEAP_ALLOCATE|[23]|Bytes:2
00:05:08.0 (89314419)|HEAP_ALLOCATE|[23]|Bytes:21
00:05:08.0 (89319459)|HEAP_ALLOCATE|[23]|Bytes:22
00:05:08.0 (89335057)|VARIABLE_ASSIGNMENT|[23]|this.nonSelectedUserId|"('0057F000000TpdFQAS (2 more) ..."|0x1d7de9f1
00:05:08.0 (89340029)|STATEMENT_EXECUTE|[24]
00:05:08.0 (89395594)|VARIABLE_ASSIGNMENT|[EXTERNAL]|this|{"mysObject":"0x69acfd4f","nonSelectedUserId":"('0057F000000TpdFQAS (2 more) ...","pName":"tm Test","selectedUsers":"0x3a981aa6","usersList":"0x27274228"}|0x1d7de9f1
00:05:08.0 (89423320)|HEAP_ALLOCATE|[24]|Bytes:18
00:05:08.0 (89469943)|HEAP_ALLOCATE|[EXTERNAL]|Bytes:4
00:05:08.0 (89488846)|HEAP_ALLOCATE|[21]|Bytes:5
00:05:08.0 (89502746)|HEAP_ALLOCATE|[21]|Bytes:16
00:05:08.0 (89511118)|VARIABLE_SCOPE_BEGIN|[21]|spja|ProjectJobAssociation__c|true|false
00:05:08.0 (89524957)|VARIABLE_ASSIGNMENT|[21]|spja|{"Name":"A-0003","UserLink__c":"0057F000000TrBBQA0","Id":"a087F000009HOLUQA4"}|0x4721d776
00:05:08.0 (89531503)|STATEMENT_EXECUTE|[21]
00:05:08.0 (89533173)|STATEMENT_EXECUTE|[22]
00:05:08.0 (89549279)|HEAP_ALLOCATE|[22]|Bytes:4
00:05:08.0 (89736827)|SOQL_EXECUTE_BEGIN|[22]|Aggregations:0|SELECT Id, Name FROM User WHERE Id = :tmpVar1
00:05:08.0 (93438879)|SOQL_EXECUTE_END|[22]|Rows:1
00:05:08.0 (93457023)|HEAP_ALLOCATE|[22]|Bytes:8
00:05:08.0 (93471071)|HEAP_ALLOCATE|[22]|Bytes:45
00:05:08.0 (93500157)|HEAP_ALLOCATE|[22]|Bytes:8
00:05:08.0 (93518600)|HEAP_ALLOCATE|[22]|Bytes:12
00:05:08.0 (93525266)|VARIABLE_SCOPE_BEGIN|[22]|user1|User|true|false
00:05:08.0 (93542929)|VARIABLE_ASSIGNMENT|[22]|user1|{"Id":"0057F000000TrBBQA0","Name":"Santhosh"}|0x45d6ff88
00:05:08.0 (93550082)|STATEMENT_EXECUTE|[23]
00:05:08.0 (93582133)|HEAP_ALLOCATE|[23]|Bytes:18
00:05:08.0 (93603717)|HEAP_ALLOCATE|[23]|Bytes:21
00:05:08.0 (93611880)|HEAP_ALLOCATE|[23]|Bytes:43
00:05:08.0 (93632367)|VARIABLE_ASSIGNMENT|[23]|this.nonSelectedUserId|"('0057F000000TpdFQAS (23 more) ..."|0x1d7de9f1
00:05:08.0 (93637843)|STATEMENT_EXECUTE|[24]
00:05:08.0 (93671683)|VARIABLE_ASSIGNMENT|[EXTERNAL]|this|{"mysObject":"0x69acfd4f","nonSelectedUserId":"('0057F000000TpdFQAS (23 more) ...","pName":"tm Test","selectedUsers":"0x3a981aa6","usersList":"0x27274228"}|0x1d7de9f1
00:05:08.0 (93691773)|HEAP_ALLOCATE|[24]|Bytes:18
00:05:08.0 (93710476)|HEAP_ALLOCATE|[EXTERNAL]|Bytes:4
00:05:08.0 (93727003)|HEAP_ALLOCATE|[21]|Bytes:5
00:05:08.0 (93740391)|HEAP_ALLOCATE|[21]|Bytes:16
00:05:08.0 (93748340)|VARIABLE_SCOPE_BEGIN|[21]|spja|ProjectJobAssociation__c|true|false
00:05:08.0 (93761554)|VARIABLE_ASSIGNMENT|[21]|spja|{"Name":"A-0004","UserLink__c":"0057F000000TrBGQA0","Id":"a087F000009HOLVQA4"}|0x50bad7df
00:05:08.0 (93767242)|STATEMENT_EXECUTE|[21]
00:05:08.0 (93768348)|STATEMENT_EXECUTE|[22]
00:05:08.0 (93779645)|HEAP_ALLOCATE|[22]|Bytes:4
00:05:08.0 (93929659)|SOQL_EXECUTE_BEGIN|[22]|Aggregations:0|SELECT Id, Name FROM User WHERE Id = :tmpVar1
00:05:08.0 (96348117)|SOQL_EXECUTE_END|[22]|Rows:1
00:05:08.0 (96365014)|HEAP_ALLOCATE|[22]|Bytes:8
00:05:08.0 (96377355)|HEAP_ALLOCATE|[22]|Bytes:46
00:05:08.0 (96404055)|HEAP_ALLOCATE|[22]|Bytes:8
00:05:08.0 (96420352)|HEAP_ALLOCATE|[22]|Bytes:12
00:05:08.0 (96427202)|VARIABLE_SCOPE_BEGIN|[22]|user1|User|true|false
00:05:08.0 (96456933)|VARIABLE_ASSIGNMENT|[22]|user1|{"Id":"0057F000000TrBGQA0","Name":"Ravi teja"}|0xe0e984b
00:05:08.0 (96463232)|STATEMENT_EXECUTE|[23]
00:05:08.0 (96488763)|HEAP_ALLOCATE|[23]|Bytes:18
00:05:08.0 (96500932)|HEAP_ALLOCATE|[23]|Bytes:21
00:05:08.0 (96505544)|HEAP_ALLOCATE|[23]|Bytes:64
00:05:08.0 (96516311)|VARIABLE_ASSIGNMENT|[23]|this.nonSelectedUserId|"('0057F000000TpdFQAS (44 more) ..."|0x1d7de9f1
00:05:08.0 (96521722)|STATEMENT_EXECUTE|[24]
00:05:08.0 (96552347)|VARIABLE_ASSIGNMENT|[EXTERNAL]|this|{"mysObject":"0x69acfd4f","nonSelectedUserId":"('0057F000000TpdFQAS (44 more) ...","pName":"tm Test","selectedUsers":"0x3a981aa6","usersList":"0x27274228"}|0x1d7de9f1
00:05:08.0 (96569798)|HEAP_ALLOCATE|[24]|Bytes:18
00:05:08.0 (96585351)|HEAP_ALLOCATE|[EXTERNAL]|Bytes:4
00:05:08.0 (96600022)|HEAP_ALLOCATE|[21]|Bytes:5
00:05:08.0 (96612174)|HEAP_ALLOCATE|[21]|Bytes:16
00:05:08.0 (96624909)|VARIABLE_SCOPE_BEGIN|[21]|spja|ProjectJobAssociation__c|true|false
00:05:08.0 (96638897)|VARIABLE_ASSIGNMENT|[21]|spja|{"Name":"A-0005","UserLink__c":"0057F000000TrBVQA0","Id":"a087F000009HOLWQA4"}|0xf677d39
00:05:08.0 (96643993)|STATEMENT_EXECUTE|[21]
00:05:08.0 (96645006)|STATEMENT_EXECUTE|[22]
00:05:08.0 (96654820)|HEAP_ALLOCATE|[22]|Bytes:4
00:05:08.0 (96790281)|SOQL_EXECUTE_BEGIN|[22]|Aggregations:0|SELECT Id, Name FROM User WHERE Id = :tmpVar1
00:05:08.0 (99215592)|SOQL_EXECUTE_END|[22]|Rows:1
00:05:08.0 (99236886)|HEAP_ALLOCATE|[22]|Bytes:8
00:05:08.0 (99251612)|HEAP_ALLOCATE|[22]|Bytes:46
00:05:08.0 (99278936)|HEAP_ALLOCATE|[22]|Bytes:8
00:05:08.0 (99295340)|HEAP_ALLOCATE|[22]|Bytes:12
00:05:08.0 (99301689)|VARIABLE_SCOPE_BEGIN|[22]|user1|User|true|false
00:05:08.0 (99317691)|VARIABLE_ASSIGNMENT|[22]|user1|{"Id":"0057F000000TrBVQA0","Name":"Yashwanth"}|0x761292c4
00:05:08.0 (99322929)|STATEMENT_EXECUTE|[23]
00:05:08.0 (99347314)|HEAP_ALLOCATE|[23]|Bytes:18
00:05:08.0 (99358971)|HEAP_ALLOCATE|[23]|Bytes:21
00:05:08.0 (99363522)|HEAP_ALLOCATE|[23]|Bytes:85
00:05:08.0 (99373778)|VARIABLE_ASSIGNMENT|[23]|this.nonSelectedUserId|"('0057F000000TpdFQAS (65 more) ..."|0x1d7de9f1
00:05:08.0 (99378516)|STATEMENT_EXECUTE|[24]
00:05:08.0 (99405827)|VARIABLE_ASSIGNMENT|[EXTERNAL]|this|{"mysObject":"0x69acfd4f","nonSelectedUserId":"('0057F000000TpdFQAS (65 more) ...","pName":"tm Test","selectedUsers":"0x3a981aa6","usersList":"0x27274228"}|0x1d7de9f1
00:05:08.0 (99422177)|HEAP_ALLOCATE|[24]|Bytes:18
00:05:08.0 (99437105)|HEAP_ALLOCATE|[EXTERNAL]|Bytes:4
00:05:08.0 (99451495)|HEAP_ALLOCATE|[21]|Bytes:5
00:05:08.0 (99465775)|HEAP_ALLOCATE|[21]|Bytes:16
00:05:08.0 (99475581)|VARIABLE_SCOPE_BEGIN|[21]|spja|ProjectJobAssociation__c|true|false
00:05:08.0 (99490183)|VARIABLE_ASSIGNMENT|[21]|spja|{"Name":"A-0006","UserLink__c":"0057F000000Tz0iQAC","Id":"a087F000009HOLXQA4"}|0x49ba5037
00:05:08.0 (99495338)|STATEMENT_EXECUTE|[21]
00:05:08.0 (99496428)|STATEMENT_EXECUTE|[22]
00:05:08.0 (99508239)|HEAP_ALLOCATE|[22]|Bytes:4
00:05:08.0 (99647155)|SOQL_EXECUTE_BEGIN|[22]|Aggregations:0|SELECT Id, Name FROM User WHERE Id = :tmpVar1
00:05:08.0 (101970511)|SOQL_EXECUTE_END|[22]|Rows:1
00:05:08.0 (101992799)|HEAP_ALLOCATE|[22]|Bytes:8
00:05:08.0 (102008329)|HEAP_ALLOCATE|[22]|Bytes:42
00:05:08.0 (102036996)|HEAP_ALLOCATE|[22]|Bytes:8
00:05:08.0 (102054167)|HEAP_ALLOCATE|[22]|Bytes:12
00:05:08.0 (102061284)|VARIABLE_SCOPE_BEGIN|[22]|user1|User|true|false
00:05:08.0 (102077363)|VARIABLE_ASSIGNMENT|[22]|user1|{"Id":"0057F000000Tz0iQAC","Name":"Richa"}|0x2303034a
00:05:08.0 (102083149)|STATEMENT_EXECUTE|[23]
00:05:08.0 (102109884)|HEAP_ALLOCATE|[23]|Bytes:18
00:05:08.0 (102130250)|HEAP_ALLOCATE|[23]|Bytes:21
00:05:08.0 (102137058)|HEAP_ALLOCATE|[23]|Bytes:106
00:05:08.0 (102148675)|VARIABLE_ASSIGNMENT|[23]|this.nonSelectedUserId|"('0057F000000TpdFQAS (86 more) ..."|0x1d7de9f1
00:05:08.0 (102153925)|STATEMENT_EXECUTE|[24]
00:05:08.0 (102182158)|VARIABLE_ASSIGNMENT|[EXTERNAL]|this|{"mysObject":"0x69acfd4f","nonSelectedUserId":"('0057F000000TpdFQAS (86 more) ...","pName":"tm Test","selectedUsers":"0x3a981aa6","usersList":"0x27274228"}|0x1d7de9f1
00:05:08.0 (102199606)|HEAP_ALLOCATE|[24]|Bytes:18
00:05:08.0 (102214205)|HEAP_ALLOCATE|[EXTERNAL]|Bytes:4
00:05:08.0 (102233162)|HEAP_ALLOCATE|[21]|Bytes:5
00:05:08.0 (102250868)|VARIABLE_ASSIGNMENT|[21]|spja|null|
00:05:08.0 (102258020)|STATEMENT_EXECUTE|[26]
00:05:08.0 (102338545)|HEAP_ALLOCATE|[26]|Bytes:105
00:05:08.0 (102365186)|VARIABLE_ASSIGNMENT|[26]|this.nonSelectedUserId|"('0057F000000TpdFQAS (85 more) ..."|0x1d7de9f1
00:05:08.0 (102373541)|STATEMENT_EXECUTE|[27]
00:05:08.0 (102378954)|HEAP_ALLOCATE|[27]|Bytes:1
00:05:08.0 (102386578)|HEAP_ALLOCATE|[27]|Bytes:106
00:05:08.0 (102393737)|VARIABLE_ASSIGNMENT|[27]|this.nonSelectedUserId|"('0057F000000TpdFQAS (86 more) ..."|0x1d7de9f1
00:05:08.0 (102398061)|STATEMENT_EXECUTE|[28]
00:05:08.0 (102400469)|HEAP_ALLOCATE|[28]|Bytes:46
00:05:08.0 (102405213)|HEAP_ALLOCATE|[28]|Bytes:152
00:05:08.0 (102444436)|USER_DEBUG|[28]|DEBUG|----------------------------------------------('0057F000000TpdFQAS','0057F000000TrBBQA0','0057F000000TrBGQA0','0057F000000TrBVQA0','0057F000000Tz0iQAC')
00:05:08.0 (102474483)|SYSTEM_MODE_EXIT|false
00:05:08.0 (102583691)|SYSTEM_MODE_ENTER|true
00:05:08.0 (114937573)|SYSTEM_MODE_ENTER|true
00:05:08.0 (115004759)|HEAP_ALLOCATE|[EXTERNAL]|Bytes:164
00:05:08.0 (115015905)|HEAP_ALLOCATE|[EXTERNAL]|Bytes:12
00:05:08.0 (115027766)|METHOD_ENTRY|[5]|01p7F00000Ehg8E|MultiselectController.MultiselectController()
00:05:08.0 (115033173)|STATEMENT_EXECUTE|[5]
00:05:08.0 (115038408)|STATEMENT_EXECUTE|[5]
00:05:08.0 (115047576)|SYSTEM_MODE_ENTER|false
00:05:08.0 (115055065)|HEAP_ALLOCATE|[EXTERNAL]|Bytes:5
00:05:08.0 (115063532)|SYSTEM_MODE_EXIT|false
00:05:08.0 (115071699)|METHOD_EXIT|[5]|MultiselectController
00:05:08.0 (115087806)|HEAP_ALLOCATE|[EXTERNAL]|Bytes:20
00:05:08.0 (115095274)|VARIABLE_SCOPE_BEGIN|[5]|this|MultiselectController|true|false
00:05:08.0 (115140983)|VARIABLE_ASSIGNMENT|[5]|this|{}|0x47504d47
00:05:08.0 (115153707)|SYSTEM_MODE_ENTER|false
00:05:08.0 (115158145)|HEAP_ALLOCATE|[EXTERNAL]|Bytes:5
00:05:08.0 (115181022)|SYSTEM_MODE_EXIT|false
00:05:08.0 (115184836)|STATEMENT_EXECUTE|[5]
00:05:08.0 (115189845)|SYSTEM_MODE_ENTER|false
00:05:08.0 (115193403)|HEAP_ALLOCATE|[EXTERNAL]|Bytes:5
00:05:08.0 (115196638)|STATEMENT_EXECUTE|[7]
00:05:08.0 (115198604)|STATEMENT_EXECUTE|[8]
00:05:08.0 (115199457)|STATEMENT_EXECUTE|[23]
00:05:08.0 (115200431)|STATEMENT_EXECUTE|[31]
00:05:08.0 (115201947)|SYSTEM_MODE_EXIT|false
00:05:08.0 (115349923)|SYSTEM_MODE_ENTER|true
00:05:08.0 (115386046)|HEAP_ALLOCATE|[EXTERNAL]|Bytes:24
00:05:08.0 (115490622)|VARIABLE_SCOPE_BEGIN|[31]|this|PM_Project_Edit_Controller|true|false
00:05:08.0 (115527992)|VARIABLE_ASSIGNMENT|[31]|this|{"mysObject":"0x69acfd4f","nonSelectedUserId":"('0057F000000TpdFQAS (86 more) ...","pName":"tm Test","selectedUsers":"0x3a981aa6","usersList":"0x27274228"}|0x1d7de9f1
00:05:08.0 (115548421)|SYSTEM_MODE_ENTER|false
00:05:08.0 (115555057)|HEAP_ALLOCATE|[32]|Bytes:5
00:05:08.0 (115559465)|STATEMENT_EXECUTE|[31]
00:05:08.0 (115560490)|STATEMENT_EXECUTE|[32]
00:05:08.0 (115563950)|HEAP_ALLOCATE|[32]|Bytes:62
00:05:08.0 (115578765)|HEAP_ALLOCATE|[32]|Bytes:4
00:05:08.0 (115764585)|SOQL_EXECUTE_BEGIN|[32]|Aggregations:0|SELECT Id, Name FROM UserRole WHERE Name = 'Software Engineer'
00:05:08.0 (118814845)|SOQL_EXECUTE_END|[32]|Rows:1
00:05:08.0 (118837891)|HEAP_ALLOCATE|[32]|Bytes:8
00:05:08.0 (118853116)|HEAP_ALLOCATE|[32]|Bytes:54
00:05:08.0 (118933609)|HEAP_ALLOCATE|[32]|Bytes:8
00:05:08.0 (118946454)|HEAP_ALLOCATE|[32]|Bytes:34
00:05:08.0 (118995513)|HEAP_ALLOCATE|[32]|Bytes:12
00:05:08.0 (119006886)|VARIABLE_SCOPE_BEGIN|[32]|userRole|UserRole|true|false
00:05:08.0 (119027471)|VARIABLE_ASSIGNMENT|[32]|userRole|{"Id":"00E7F000000MdriUAC","Name":"Software Engineer"}|0x22dc805a
00:05:08.0 (119033013)|STATEMENT_EXECUTE|[33]
00:05:08.0 (119057770)|VARIABLE_SCOPE_BEGIN|[33]|userRoleId|Id|false|false
00:05:08.0 (119182428)|VARIABLE_ASSIGNMENT|[33]|userRoleId|"00E7F000000MdriUAC"
00:05:08.0 (119190016)|STATEMENT_EXECUTE|[34]
00:05:08.0 (119194118)|HEAP_ALLOCATE|[34]|Bytes:32
00:05:08.0 (119201070)|HEAP_ALLOCATE|[34]|Bytes:70
00:05:08.0 (119220346)|HEAP_ALLOCATE|[34]|Bytes:176
00:05:08.0 (119422796)|SOQL_EXECUTE_BEGIN|[34]|Aggregations:0|select Id,Name from User where UserRoleId =: userRoleId and Id not in ('0057F000000TpdFQAS','0057F000000TrBBQA0','0057F000000TrBGQA0','0057F000000TrBVQA0','0057F000000Tz0iQAC')
00:05:08.0 (123013334)|SOQL_EXECUTE_END|[34]|Rows:1
00:05:08.0 (123032240)|HEAP_ALLOCATE|[34]|Bytes:8
00:05:08.0 (123045826)|HEAP_ALLOCATE|[34]|Bytes:44
00:05:08.0 (123078460)|HEAP_ALLOCATE|[34]|Bytes:8
00:05:08.0 (123268600)|HEAP_ALLOCATE|[34]|Bytes:44
00:05:08.0 (123289305)|HEAP_ALLOCATE|[34]|Bytes:76
00:05:08.0 (123305842)|USER_DEBUG|[34]|DEBUG|00000000000000000000000000000000(User:{Id=0057F000000Tz0sQAC, Name=Veeresh})
00:05:08.0 (123312915)|STATEMENT_EXECUTE|[35]
00:05:08.0 (123322178)|HEAP_ALLOCATE|[35]|Bytes:176
00:05:08.0 (123507129)|SOQL_EXECUTE_BEGIN|[35]|Aggregations:0|select Id,Name from User where UserRoleId =: userRoleId and Id not in ('0057F000000TpdFQAS','0057F000000TrBBQA0','0057F000000TrBGQA0','0057F000000TrBVQA0','0057F000000Tz0iQAC')
00:05:08.0 (130834740)|SOQL_EXECUTE_END|[35]|Rows:1
00:05:08.0 (130861630)|HEAP_ALLOCATE|[35]|Bytes:8
00:05:08.0 (130877397)|HEAP_ALLOCATE|[35]|Bytes:44
00:05:08.0 (130912333)|HEAP_ALLOCATE|[35]|Bytes:8
00:05:08.0 (130939130)|VARIABLE_SCOPE_BEGIN|[35]|users|List<User>|true|false
00:05:08.0 (130966576)|VARIABLE_ASSIGNMENT|[35]|users|[{"Id":"0057F000000Tz0sQAC","Name":"Veeresh"}]|0x286c4c5d
00:05:08.0 (130973243)|STATEMENT_EXECUTE|[36]
00:05:08.0 (130978410)|HEAP_ALLOCATE|[36]|Bytes:40
00:05:08.0 (131062678)|HEAP_ALLOCATE|[36]|Bytes:44
00:05:08.0 (131079701)|HEAP_ALLOCATE|[36]|Bytes:84
00:05:08.0 (131095051)|USER_DEBUG|[36]|DEBUG|1111111111111111111111111111111111111111(User:{Id=0057F000000Tz0sQAC, Name=Veeresh})
00:05:08.0 (131227621)|HEAP_ALLOCATE|[37]|Bytes:5
00:05:08.0 (131243621)|HEAP_ALLOCATE|[37]|Bytes:12
00:05:08.0 (131253511)|VARIABLE_SCOPE_BEGIN|[37]|usr|User|true|false
00:05:08.0 (131268079)|VARIABLE_ASSIGNMENT|[37]|usr|{"Id":"0057F000000Tz0sQAC","Name":"Veeresh"}|0x2a449dd
00:05:08.0 (131273865)|STATEMENT_EXECUTE|[37]
00:05:08.0 (131275276)|STATEMENT_EXECUTE|[38]
00:05:08.0 (131301300)|HEAP_ALLOCATE|[38]|Bytes:18
00:05:08.0 (131362929)|HEAP_ALLOCATE|[EXTERNAL]|Bytes:4
00:05:08.0 (131377895)|HEAP_ALLOCATE|[37]|Bytes:5
00:05:08.0 (131388782)|VARIABLE_ASSIGNMENT|[37]|usr|null|
00:05:08.0 (131394183)|STATEMENT_EXECUTE|[40]
00:05:08.0 (131401806)|SYSTEM_MODE_EXIT|false
00:05:08.0 (131559944)|SYSTEM_MODE_ENTER|true
00:05:08.0 (131621213)|HEAP_ALLOCATE|[EXTERNAL]|Bytes:8
00:05:08.0 (131627379)|HEAP_ALLOCATE|[EXTERNAL]|Bytes:20
00:05:08.0 (131777442)|VARIABLE_ASSIGNMENT|[EXTERNAL]|this.leftOptions|"common.apex.runtime.impl.ScalarList@90f52802"|0x47504d47
00:05:08.0 (131914740)|SYSTEM_MODE_ENTER|true
00:05:08.0 (132002795)|SYSTEM_MODE_ENTER|true
00:05:08.0 (132046382)|HEAP_ALLOCATE|[EXTERNAL]|Bytes:24
00:05:08.0 (132051938)|HEAP_ALLOCATE|[EXTERNAL]|Bytes:20
00:05:08.0 (132119930)|VARIABLE_ASSIGNMENT|[EXTERNAL]|this.rightOptions|"common.apex.runtime.impl.ScalarList@1977c2b2"|0x47504d47
00:05:08.0 (132254077)|SYSTEM_MODE_ENTER|true
00:05:08.0 (132436170)|SYSTEM_MODE_ENTER|true
00:05:08.0 (152522104)|SYSTEM_MODE_ENTER|true
00:05:08.0 (152592437)|HEAP_ALLOCATE|[EXTERNAL]|Bytes:8
00:05:08.0 (152602887)|HEAP_ALLOCATE|[EXTERNAL]|Bytes:20
00:05:08.0 (152744519)|VARIABLE_ASSIGNMENT|[EXTERNAL]|this.leftOptions|"common.apex.runtime.impl.ScalarList@90f52802"|0x47504d47
00:05:08.0 (152830875)|SYSTEM_MODE_ENTER|true
00:05:08.0 (152864647)|HEAP_ALLOCATE|[EXTERNAL]|Bytes:24
00:05:08.0 (152869363)|HEAP_ALLOCATE|[EXTERNAL]|Bytes:20
00:05:08.0 (152931064)|VARIABLE_ASSIGNMENT|[EXTERNAL]|this.rightOptions|"common.apex.runtime.impl.ScalarList@1977c2b2"|0x47504d47
00:05:08.0 (153478670)|SYSTEM_MODE_ENTER|true
00:05:08.0 (155593045)|SYSTEM_MODE_ENTER|true
00:05:08.0 (156379438)|SYSTEM_MODE_ENTER|true
00:05:08.0 (156471521)|SYSTEM_MODE_ENTER|true
00:05:08.0 (161404228)|VF_SERIALIZE_VIEWSTATE_BEGIN|0667F000004uRC1
00:05:08.0 (164272684)|VF_SERIALIZE_VIEWSTATE_END
00:05:08.166 (166497943)|CUMULATIVE_LIMIT_USAGE
00:05:08.166 (166497943)|LIMIT_USAGE_FOR_NS|(default)|
  Number of SOQL queries: 10 out of 100
  Number of query rows: 14 out of 50000
  Number of SOSL queries: 0 out of 20
  Number of DML statements: 0 out of 150
  Number of DML rows: 0 out of 10000
  Maximum CPU time: 0 out of 10000
  Maximum heap size: 0 out of 6000000
  Number of callouts: 0 out of 100
  Number of Email Invocations: 0 out of 10
  Number of future calls: 0 out of 50
  Number of queueable jobs added to the queue: 0 out of 50
  Number of Mobile Apex push calls: 0 out of 10

00:05:08.166 (166497943)|CUMULATIVE_LIMIT_USAGE_END

00:05:08.0 (166534402)|CODE_UNIT_FINISHED|VF: /apex/PM_Project_Edit
00:05:08.0 (167492894)|EXECUTION_FINISHED
