36.0 APEX_CODE,FINEST;APEX_PROFILING,INFO;CALLOUT,INFO;DB,INFO;SYSTEM,DEBUG;VALIDATION,INFO;VISUALFORCE,INFO;WAVE,INFO;WORKFLOW,INFO
03:46:45.0 (293512)|USER_INFO|[EXTERNAL]|0057F000000Tiz6|ksb994@salesforce.com|Pacific Standard Time|GMT-08:00
03:46:45.0 (321157)|EXECUTION_STARTED
03:46:45.0 (324908)|CODE_UNIT_STARTED|[EXTERNAL]|0667F000005a3QK|VF: /apex/PM_Project_Tab
03:46:45.0 (2456813)|SYSTEM_MODE_ENTER|true
03:46:45.0 (2754323)|HEAP_ALLOCATE|[72]|Bytes:3
03:46:45.0 (2784801)|HEAP_ALLOCATE|[77]|Bytes:152
03:46:45.0 (2798257)|HEAP_ALLOCATE|[342]|Bytes:408
03:46:45.0 (2811879)|HEAP_ALLOCATE|[355]|Bytes:408
03:46:45.0 (2823105)|HEAP_ALLOCATE|[467]|Bytes:48
03:46:45.0 (2847091)|HEAP_ALLOCATE|[139]|Bytes:6
03:46:45.0 (2862557)|HEAP_ALLOCATE|[EXTERNAL]|Bytes:116
03:46:45.0 (2867471)|HEAP_ALLOCATE|[EXTERNAL]|Bytes:8
03:46:45.0 (2876462)|METHOD_ENTRY|[1]|01p7F00000HhOP2|sliderController.sliderController()
03:46:45.0 (2882527)|STATEMENT_EXECUTE|[1]
03:46:45.0 (2886759)|STATEMENT_EXECUTE|[1]
03:46:45.0 (2891780)|METHOD_EXIT|[1]|sliderController
03:46:45.0 (2907310)|HEAP_ALLOCATE|[EXTERNAL]|Bytes:12
03:46:45.0 (2915176)|VARIABLE_SCOPE_BEGIN|[6]|this|sliderController|true|false
03:46:45.0 (2956732)|VARIABLE_ASSIGNMENT|[6]|this|{}|0x79fd4d1c
03:46:45.0 (2965708)|STATEMENT_EXECUTE|[1]
03:46:45.0 (2967092)|STATEMENT_EXECUTE|[3]
03:46:45.0 (2968586)|STATEMENT_EXECUTE|[4]
03:46:45.0 (2974085)|HEAP_ALLOCATE|[8]|Bytes:6
03:46:45.0 (3022306)|STATEMENT_EXECUTE|[7]
03:46:45.0 (3024624)|STATEMENT_EXECUTE|[8]
03:46:45.0 (3035061)|HEAP_ALLOCATE|[8]|Bytes:4
03:46:45.0 (3089238)|VARIABLE_ASSIGNMENT|[EXTERNAL]|this|{}|0x79fd4d1c
03:46:45.0 (3104781)|VARIABLE_ASSIGNMENT|[EXTERNAL]|value|{}|0x33321b0d
03:46:45.0 (3116260)|VARIABLE_ASSIGNMENT|[3]|this.MapOfChoice|{}|0x79fd4d1c
03:46:45.0 (3216938)|SYSTEM_MODE_ENTER|true
03:46:45.0 (3244331)|HEAP_ALLOCATE|[EXTERNAL]|Bytes:156
03:46:45.0 (3248812)|HEAP_ALLOCATE|[EXTERNAL]|Bytes:12
03:46:45.0 (3261842)|VARIABLE_ASSIGNMENT|[EXTERNAL]|this.choiceMap|"        google.com : (136 more) ..."|0x79fd4d1c
03:46:45.0 (3397985)|SYSTEM_MODE_ENTER|true
03:46:45.0 (3653935)|SYSTEM_MODE_ENTER|true
03:46:45.0 (3685111)|HEAP_ALLOCATE|[EXTERNAL]|Bytes:156
03:46:45.0 (3691944)|HEAP_ALLOCATE|[EXTERNAL]|Bytes:14
03:46:45.0 (3695475)|HEAP_ALLOCATE|[EXTERNAL]|Bytes:2
03:46:45.0 (3702125)|METHOD_ENTRY|[1]|01p7F00000Hgsg4|PM_Project_Tab_Controller.PM_Project_Tab_Controller()
03:46:45.0 (3706410)|STATEMENT_EXECUTE|[1]
03:46:45.0 (3709340)|STATEMENT_EXECUTE|[1]
03:46:45.0 (3720203)|HEAP_ALLOCATE|[50]|Bytes:5
03:46:45.0 (3736907)|HEAP_ALLOCATE|[56]|Bytes:5
03:46:45.0 (3744360)|HEAP_ALLOCATE|[64]|Bytes:7
03:46:45.0 (3763699)|SYSTEM_MODE_ENTER|false
03:46:45.0 (3775739)|HEAP_ALLOCATE|[EXTERNAL]|Bytes:5
03:46:45.0 (3783004)|SYSTEM_MODE_EXIT|false
03:46:45.0 (3789205)|METHOD_EXIT|[1]|PM_Project_Tab_Controller
03:46:45.0 (3800142)|HEAP_ALLOCATE|[EXTERNAL]|Bytes:16
03:46:45.0 (3805871)|VARIABLE_SCOPE_BEGIN|[10]|this|PM_Project_Tab_Controller|true|false
03:46:45.0 (3827790)|VARIABLE_ASSIGNMENT|[10]|this|{}|0x4db5982a
03:46:45.0 (3842030)|SYSTEM_MODE_ENTER|false
03:46:45.0 (3847131)|HEAP_ALLOCATE|[11]|Bytes:5
03:46:45.0 (3851446)|STATEMENT_EXECUTE|[1]
03:46:45.0 (3855825)|HEAP_ALLOCATE|[11]|Bytes:5
03:46:45.0 (3858524)|STATEMENT_EXECUTE|[3]
03:46:45.0 (3859825)|STATEMENT_EXECUTE|[4]
03:46:45.0 (3860749)|STATEMENT_EXECUTE|[5]
03:46:45.0 (3874829)|STATEMENT_EXECUTE|[10]
03:46:45.0 (3876431)|STATEMENT_EXECUTE|[11]
03:46:45.0 (3878929)|HEAP_ALLOCATE|[11]|Bytes:136
03:46:45.0 (3892026)|HEAP_ALLOCATE|[11]|Bytes:4
03:46:45.0 (4154833)|SOQL_EXECUTE_BEGIN|[11]|Aggregations:0|SELECT Company_project_code__c, Name, Client__c, Project_code__c, OffshoreProjectManager__c, Team_Lead__c, Team_Count__c FROM Project__c
03:46:45.0 (14627351)|SOQL_EXECUTE_END|[11]|Rows:24
03:46:45.0 (14648564)|HEAP_ALLOCATE|[11]|Bytes:100
03:46:45.0 (14752811)|HEAP_ALLOCATE|[11]|Bytes:7176
03:46:45.0 (14793304)|HEAP_ALLOCATE|[11]|Bytes:100
03:46:45.0 (14839331)|VARIABLE_ASSIGNMENT|[EXTERNAL]|this|{}|0x4db5982a
03:46:45.0 (14858163)|VARIABLE_ASSIGNMENT|[EXTERNAL]|value|"List of size 24 too large to display"|0x3abe0101
03:46:45.0 (14870708)|VARIABLE_ASSIGNMENT|[3]|this.projectList|"List of size 24 too large to display"|0x4db5982a
03:46:45.0 (14893294)|STATEMENT_EXECUTE|[12]
03:46:45.0 (14897891)|HEAP_ALLOCATE|[12]|Bytes:1
03:46:45.0 (14903169)|HEAP_ALLOCATE|[12]|Bytes:25
03:46:45.0 (14914847)|HEAP_ALLOCATE|[12]|Bytes:4
03:46:45.0 (15060897)|SOQL_EXECUTE_BEGIN|[12]|Aggregations:0|SELECT Id FROM Project__c
03:46:45.0 (28869806)|SOQL_EXECUTE_END|[12]|Rows:24
03:46:45.0 (28890080)|HEAP_ALLOCATE|[12]|Bytes:100
03:46:45.0 (28917678)|HEAP_ALLOCATE|[12]|Bytes:696
03:46:45.0 (28946581)|HEAP_ALLOCATE|[12]|Bytes:100
03:46:45.0 (29027128)|HEAP_ALLOCATE|[12]|Bytes:365
03:46:45.0 (29047378)|HEAP_ALLOCATE|[12]|Bytes:366
03:46:45.0 (29065977)|USER_DEBUG|[12]|DEBUG|-(Project__c:{Id=a057F0000039u21QAA}, Project__c:{Id=a057F0000039u22QAA}, Project__c:{Id=a057F0000039u23QAA}, Project__c:{Id=a057F0000039u24QAA}, Project__c:{Id=a057F0000039u25QAA}, Project__c:{Id=a057F0000039u26QAA}, Project__c:{Id=a057F0000039u27QAA}, Project__c:{Id=a057F0000039u28QAA}, Project__c:{Id=a057F0000039u29QAA}, Project__c:{Id=a057F0000039u2AQAQ}, ...)
03:46:45.0 (29078581)|STATEMENT_EXECUTE|[13]
03:46:45.0 (29147882)|VARIABLE_ASSIGNMENT|[EXTERNAL]|this|{"projectList":"0x3abe0101"}|0x4db5982a
03:46:45.0 (29161955)|VARIABLE_ASSIGNMENT|[EXTERNAL]|value|false
03:46:45.0 (29169523)|HEAP_ALLOCATE|[5]|Bytes:5
03:46:45.0 (29178073)|VARIABLE_ASSIGNMENT|[5]|this.selectAllCheckBox|false|0x4db5982a
03:46:45.0 (29186382)|STATEMENT_EXECUTE|[14]
03:46:45.0 (29197320)|HEAP_ALLOCATE|[14]|Bytes:4
03:46:45.0 (29243938)|VARIABLE_ASSIGNMENT|[EXTERNAL]|this|{"projectList":"0x3abe0101","selectAllCheckBox":false}|0x4db5982a
03:46:45.0 (29258782)|VARIABLE_ASSIGNMENT|[EXTERNAL]|value|{}|0x75ea0bb3
03:46:45.0 (29268926)|VARIABLE_ASSIGNMENT|[4]|this.checkboxList|{}|0x4db5982a
03:46:45.0 (29303412)|VARIABLE_ASSIGNMENT|[EXTERNAL]|this|{"checkboxList":"0x75ea0bb3","projectList":"0x3abe0101","selectAllCheckBox":false}|0x4db5982a
03:46:45.0 (29466083)|HEAP_ALLOCATE|[15]|Bytes:5
03:46:45.0 (29482286)|HEAP_ALLOCATE|[15]|Bytes:36
03:46:45.0 (29491451)|VARIABLE_SCOPE_BEGIN|[15]|pro|Project__c|true|false
03:46:45.0 (29516345)|VARIABLE_ASSIGNMENT|[15]|pro|{"Company_project_code (3 more) ...":"101-TRN-COM-042","Name":"TWINCITIES ASBUILTS  (6 more) ...","Client__c":"a047F000002zkUUQAY","Project_code__c":"211-0011-00","OffshoreProjectManag (5 more) ...":"0057F000000TyyXQAS","Team_Lead__c":"0057F000000TyzfQAC","Team_Count__c":5,"Id":"a057F0000039u2LQAQ"}|0x660575a2
03:46:45.0 (29525176)|STATEMENT_EXECUTE|[15]
03:46:45.0 (29526458)|STATEMENT_EXECUTE|[16]
03:46:45.0 (29562569)|VARIABLE_ASSIGNMENT|[EXTERNAL]|this|{"checkboxList":"0x75ea0bb3","projectList":"0x3abe0101","selectAllCheckBox":false}|0x4db5982a
03:46:45.0 (29605549)|HEAP_ALLOCATE|[16]|Bytes:5
03:46:45.0 (29613539)|HEAP_ALLOCATE|[EXTERNAL]|Bytes:-4
03:46:45.0 (29626002)|HEAP_ALLOCATE|[15]|Bytes:5
03:46:45.0 (29635569)|HEAP_ALLOCATE|[15]|Bytes:36
03:46:45.0 (29641593)|VARIABLE_SCOPE_BEGIN|[15]|pro|Project__c|true|false
03:46:45.0 (29659802)|VARIABLE_ASSIGNMENT|[15]|pro|{"Company_project_code (3 more) ...":"101-TRN-COM-036","Name":"KEYSTONE NODE SPLIT","Client__c":"a047F000002zkUUQAY","Project_code__c":"210-0004-00","OffshoreProjectManag (5 more) ...":"0057F000000TyyXQAS","Team_Lead__c":"0057F000000TyzfQAC","Team_Count__c":3,"Id":"a057F0000039u2MQAQ"}|0x4ce17682
03:46:45.0 (29667662)|STATEMENT_EXECUTE|[15]
03:46:45.0 (29668904)|STATEMENT_EXECUTE|[16]
03:46:45.0 (29687714)|VARIABLE_ASSIGNMENT|[EXTERNAL]|this|{"checkboxList":"0x75ea0bb3","projectList":"0x3abe0101","selectAllCheckBox":false}|0x4db5982a
03:46:45.0 (29706119)|HEAP_ALLOCATE|[16]|Bytes:5
03:46:45.0 (29710802)|HEAP_ALLOCATE|[EXTERNAL]|Bytes:-4
03:46:45.0 (29720258)|HEAP_ALLOCATE|[15]|Bytes:5
03:46:45.0 (29727819)|HEAP_ALLOCATE|[15]|Bytes:36
03:46:45.0 (29732958)|VARIABLE_SCOPE_BEGIN|[15]|pro|Project__c|true|false
03:46:45.0 (29748970)|VARIABLE_ASSIGNMENT|[15]|pro|{"Company_project_code (3 more) ...":"101-TRN-COM-034","Name":"MISSOURI NODE SPLIT","Client__c":"a047F000002zkUUQAY","Project_code__c":"211-0009-00","OffshoreProjectManag (5 more) ...":"0057F000000TyyXQAS","Team_Lead__c":"0057F000000TyzGQAS","Team_Count__c":3,"Id":"a057F0000039u2NQAQ"}|0x30e25fcf
03:46:45.0 (29756433)|STATEMENT_EXECUTE|[15]
03:46:45.0 (29757584)|STATEMENT_EXECUTE|[16]
03:46:45.0 (29773682)|VARIABLE_ASSIGNMENT|[EXTERNAL]|this|{"checkboxList":"0x75ea0bb3","projectList":"0x3abe0101","selectAllCheckBox":false}|0x4db5982a
03:46:45.0 (29788430)|HEAP_ALLOCATE|[16]|Bytes:5
03:46:45.0 (29792823)|HEAP_ALLOCATE|[EXTERNAL]|Bytes:-4
03:46:45.0 (29801319)|HEAP_ALLOCATE|[15]|Bytes:5
03:46:45.0 (29808344)|HEAP_ALLOCATE|[15]|Bytes:36
03:46:45.0 (29813052)|VARIABLE_SCOPE_BEGIN|[15]|pro|Project__c|true|false
03:46:45.0 (29828876)|VARIABLE_ASSIGNMENT|[15]|pro|{"Company_project_code (3 more) ...":"101-TRN-COM-051","Name":"TWINCITIES SPAN REPL (16 more) ...","Client__c":"a047F000002zkUUQAY","Project_code__c":"211-0005-00","OffshoreProjectManag (5 more) ...":"0057F000000TyyXQAS","Team_Lead__c":"0057F000000TyzGQAS","Team_Count__c":1,"Id":"a057F0000039u2OQAQ"}|0x783852d6
03:46:45.0 (29836617)|STATEMENT_EXECUTE|[15]
03:46:45.0 (29837728)|STATEMENT_EXECUTE|[16]
03:46:45.0 (29853027)|VARIABLE_ASSIGNMENT|[EXTERNAL]|this|{"checkboxList":"0x75ea0bb3","projectList":"0x3abe0101","selectAllCheckBox":false}|0x4db5982a
03:46:45.0 (29867155)|HEAP_ALLOCATE|[16]|Bytes:5
03:46:45.0 (29871368)|HEAP_ALLOCATE|[EXTERNAL]|Bytes:-4
03:46:45.0 (29879817)|HEAP_ALLOCATE|[15]|Bytes:5
03:46:45.0 (29886464)|HEAP_ALLOCATE|[15]|Bytes:36
03:46:45.0 (29891015)|VARIABLE_SCOPE_BEGIN|[15]|pro|Project__c|true|false
03:46:45.0 (29905911)|VARIABLE_ASSIGNMENT|[15]|pro|{"Company_project_code (3 more) ...":"300-0001-00","Name":"SKB HFC AUSTRALIA","Client__c":"a047F000002zkUZQAY","Project_code__c":"300-0001-00","OffshoreProjectManag (5 more) ...":"0057F000000TpcqQAC","Team_Lead__c":"0057F000000TyzGQAS","Team_Count__c":2,"Id":"a057F0000039u22QAA"}|0x35dd9016
03:46:45.0 (29913120)|STATEMENT_EXECUTE|[15]
03:46:45.0 (29914279)|STATEMENT_EXECUTE|[16]
03:46:45.0 (29929216)|VARIABLE_ASSIGNMENT|[EXTERNAL]|this|{"checkboxList":"0x75ea0bb3","projectList":"0x3abe0101","selectAllCheckBox":false}|0x4db5982a
03:46:45.0 (29942981)|HEAP_ALLOCATE|[16]|Bytes:5
03:46:45.0 (29946924)|HEAP_ALLOCATE|[EXTERNAL]|Bytes:-4
03:46:45.0 (29955086)|HEAP_ALLOCATE|[15]|Bytes:5
03:46:45.0 (29961858)|HEAP_ALLOCATE|[15]|Bytes:36
03:46:45.0 (29966382)|VARIABLE_SCOPE_BEGIN|[15]|pro|Project__c|true|false
03:46:45.0 (29981459)|VARIABLE_ASSIGNMENT|[15]|pro|{"Company_project_code (3 more) ...":"300-0002-01","Name":"SKB Pre Survey Austr (4 more) ...","Client__c":"a047F000002zkUZQAY","Project_code__c":"300-0002-01","OffshoreProjectManag (5 more) ...":"0057F000000TpcqQAC","Team_Lead__c":"0057F000000TyzGQAS","Team_Count__c":3,"Id":"a057F0000039u23QAA"}|0x72cfa549
03:46:45.0 (29988543)|STATEMENT_EXECUTE|[15]
03:46:45.0 (29989646)|STATEMENT_EXECUTE|[16]
03:46:45.0 (30004093)|VARIABLE_ASSIGNMENT|[EXTERNAL]|this|{"checkboxList":"0x75ea0bb3","projectList":"0x3abe0101","selectAllCheckBox":false}|0x4db5982a
03:46:45.0 (30018757)|HEAP_ALLOCATE|[16]|Bytes:5
03:46:45.0 (30022728)|HEAP_ALLOCATE|[EXTERNAL]|Bytes:-4
03:46:45.0 (30031431)|HEAP_ALLOCATE|[15]|Bytes:5
03:46:45.0 (30038078)|HEAP_ALLOCATE|[15]|Bytes:36
03:46:45.0 (30042593)|VARIABLE_SCOPE_BEGIN|[15]|pro|Project__c|true|false
03:46:45.0 (30057174)|VARIABLE_ASSIGNMENT|[15]|pro|{"Company_project_code (3 more) ...":"101-TRN-COM-008","Name":"Portland Newbuilt De (5 more) ...","Client__c":"a047F000002zkUUQAY","Project_code__c":"222-0004-00","OffshoreProjectManag (5 more) ...":"0057F000000TpcqQAC","Team_Lead__c":"0057F000000TyzGQAS","Team_Count__c":3,"Id":"a057F0000039u24QAA"}|0x507190f8
03:46:45.0 (30064516)|STATEMENT_EXECUTE|[15]
03:46:45.0 (30065617)|STATEMENT_EXECUTE|[16]
03:46:45.0 (30081035)|VARIABLE_ASSIGNMENT|[EXTERNAL]|this|{"checkboxList":"0x75ea0bb3","projectList":"0x3abe0101","selectAllCheckBox":false}|0x4db5982a
03:46:45.0 (30094672)|HEAP_ALLOCATE|[16]|Bytes:5
03:46:45.0 (30098361)|HEAP_ALLOCATE|[EXTERNAL]|Bytes:-4
03:46:45.0 (30106445)|HEAP_ALLOCATE|[15]|Bytes:5
03:46:45.0 (30113176)|HEAP_ALLOCATE|[15]|Bytes:36
03:46:45.0 (30118052)|VARIABLE_SCOPE_BEGIN|[15]|pro|Project__c|true|false
03:46:45.0 (30132893)|VARIABLE_ASSIGNMENT|[15]|pro|{"Company_project_code (3 more) ...":"101-TRN-COM-047","Name":"HOUSTON PROBUILD ASB (5 more) ...","Client__c":"a047F000002zkUUQAY","Project_code__c":"211-0007-00","OffshoreProjectManag (5 more) ...":"0057F000000TpcqQAC","Team_Lead__c":"0057F000000TyzfQAC","Team_Count__c":2,"Id":"a057F0000039u25QAA"}|0x6a65c6c2
03:46:45.0 (30140270)|STATEMENT_EXECUTE|[15]
03:46:45.0 (30141322)|STATEMENT_EXECUTE|[16]
03:46:45.0 (30156092)|VARIABLE_ASSIGNMENT|[EXTERNAL]|this|{"checkboxList":"0x75ea0bb3","projectList":"0x3abe0101","selectAllCheckBox":false}|0x4db5982a
03:46:45.0 (30169617)|HEAP_ALLOCATE|[16]|Bytes:5
03:46:45.0 (30173488)|HEAP_ALLOCATE|[EXTERNAL]|Bytes:-4
03:46:45.0 (30181882)|HEAP_ALLOCATE|[15]|Bytes:5
03:46:45.0 (30188616)|HEAP_ALLOCATE|[15]|Bytes:36
03:46:45.0 (30193264)|VARIABLE_SCOPE_BEGIN|[15]|pro|Project__c|true|false
03:46:45.0 (30208066)|VARIABLE_ASSIGNMENT|[15]|pro|{"Company_project_code (3 more) ...":"101-TRN-COM-046","Name":"TWINCITIES CLEANUP A (7 more) ...","Client__c":"a047F000002zkUUQAY","Project_code__c":"211-0005-00","OffshoreProjectManag (5 more) ...":"0057F000000TpcqQAC","Team_Lead__c":"0057F000000TyzfQAC","Team_Count__c":1,"Id":"a057F0000039u26QAA"}|0x33e1b6b8
03:46:45.0 (30215363)|STATEMENT_EXECUTE|[15]
03:46:45.0 (30216375)|STATEMENT_EXECUTE|[16]
03:46:45.0 (30231050)|VARIABLE_ASSIGNMENT|[EXTERNAL]|this|{"checkboxList":"0x75ea0bb3","projectList":"0x3abe0101","selectAllCheckBox":false}|0x4db5982a
03:46:45.0 (30244809)|HEAP_ALLOCATE|[16]|Bytes:5
03:46:45.0 (30248434)|HEAP_ALLOCATE|[EXTERNAL]|Bytes:-4
03:46:45.0 (30256540)|HEAP_ALLOCATE|[15]|Bytes:5
03:46:45.0 (30263103)|HEAP_ALLOCATE|[15]|Bytes:36
03:46:45.0 (30267624)|VARIABLE_SCOPE_BEGIN|[15]|pro|Project__c|true|false
03:46:45.0 (30281810)|VARIABLE_ASSIGNMENT|[15]|pro|{"Company_project_code (3 more) ...":"101-TRN-COM-050","Name":"TWINCITIES DWF CREAT (3 more) ...","Client__c":"a047F000002zkUUQAY","Project_code__c":"211-0008-00","OffshoreProjectManag (5 more) ...":"0057F000000TpcqQAC","Team_Lead__c":"0057F000000TyyrQAC","Team_Count__c":3,"Id":"a057F0000039u27QAA"}|0x3c0ba860
03:46:45.0 (30289033)|STATEMENT_EXECUTE|[15]
03:46:45.0 (30290146)|STATEMENT_EXECUTE|[16]
03:46:45.0 (30304875)|VARIABLE_ASSIGNMENT|[EXTERNAL]|this|{"checkboxList":"0x75ea0bb3","projectList":"0x3abe0101","selectAllCheckBox":false}|0x4db5982a
03:46:45.0 (30318901)|HEAP_ALLOCATE|[16]|Bytes:5
03:46:45.0 (30322754)|HEAP_ALLOCATE|[EXTERNAL]|Bytes:-4
03:46:45.0 (30330842)|HEAP_ALLOCATE|[15]|Bytes:5
03:46:45.0 (30337511)|HEAP_ALLOCATE|[15]|Bytes:36
03:46:45.0 (30341953)|VARIABLE_SCOPE_BEGIN|[15]|pro|Project__c|true|false
03:46:45.0 (30356990)|VARIABLE_ASSIGNMENT|[15]|pro|{"Company_project_code (3 more) ...":"101-TRN-COM-033","Name":"TWIN CITIES NODE SPL (3 more) ...","Client__c":"a047F000002zkUUQAY","Project_code__c":"211-0009-00","OffshoreProjectManag (5 more) ...":"0057F000000TpcqQAC","Team_Lead__c":"0057F000000TyyrQAC","Team_Count__c":3,"Id":"a057F0000039u28QAA"}|0x60a11949
03:46:45.0 (30364088)|STATEMENT_EXECUTE|[15]
03:46:45.0 (30365098)|STATEMENT_EXECUTE|[16]
03:46:45.0 (30379371)|VARIABLE_ASSIGNMENT|[EXTERNAL]|this|{"checkboxList":"0x75ea0bb3","projectList":"0x3abe0101","selectAllCheckBox":false}|0x4db5982a
03:46:45.0 (30392985)|HEAP_ALLOCATE|[16]|Bytes:5
03:46:45.0 (30396745)|HEAP_ALLOCATE|[EXTERNAL]|Bytes:-4
03:46:45.0 (30404590)|HEAP_ALLOCATE|[15]|Bytes:5
03:46:45.0 (30411277)|HEAP_ALLOCATE|[15]|Bytes:36
03:46:45.0 (30415755)|VARIABLE_SCOPE_BEGIN|[15]|pro|Project__c|true|false
03:46:45.0 (30435277)|VARIABLE_ASSIGNMENT|[15]|pro|{"Company_project_code (3 more) ...":"101-TRN-COX-007","Name":"COX GREENFIELD FTTH  (11 more) ...","Client__c":"a047F000002zkUUQAY","Project_code__c":"203-0043-00","OffshoreProjectManag (5 more) ...":"0057F000000TpcqQAC","Team_Lead__c":"0057F000000TyyrQAC","Team_Count__c":4,"Id":"a057F0000039u29QAA"}|0x24b68049
03:46:45.0 (30442642)|STATEMENT_EXECUTE|[15]
03:46:45.0 (30443759)|STATEMENT_EXECUTE|[16]
03:46:45.0 (30459077)|VARIABLE_ASSIGNMENT|[EXTERNAL]|this|{"checkboxList":"0x75ea0bb3","projectList":"0x3abe0101","selectAllCheckBox":false}|0x4db5982a
03:46:45.0 (30473193)|HEAP_ALLOCATE|[16]|Bytes:5
03:46:45.0 (30476926)|HEAP_ALLOCATE|[EXTERNAL]|Bytes:-4
03:46:45.0 (30484879)|HEAP_ALLOCATE|[15]|Bytes:5
03:46:45.0 (30492105)|HEAP_ALLOCATE|[15]|Bytes:36
03:46:45.0 (30496640)|VARIABLE_SCOPE_BEGIN|[15]|pro|Project__c|true|false
03:46:45.0 (30510957)|VARIABLE_ASSIGNMENT|[15]|pro|{"Company_project_code (3 more) ...":"101-TRN-COX-006","Name":"COX GREENFIELD FTTH  (11 more) ...","Client__c":"a047F000002zkUUQAY","Project_code__c":"202-0078-00","OffshoreProjectManag (5 more) ...":"0057F000000TpcqQAC","Team_Lead__c":"0057F000000TyyrQAC","Team_Count__c":5,"Id":"a057F0000039u2AQAQ"}|0x1a5cb611
03:46:45.0 (30518115)|STATEMENT_EXECUTE|[15]
03:46:45.0 (30519204)|STATEMENT_EXECUTE|[16]
03:46:45.0 (30533632)|VARIABLE_ASSIGNMENT|[EXTERNAL]|this|{"checkboxList":"0x75ea0bb3","projectList":"0x3abe0101","selectAllCheckBox":false}|0x4db5982a
03:46:45.0 (30547092)|HEAP_ALLOCATE|[16]|Bytes:5
03:46:45.0 (30551752)|HEAP_ALLOCATE|[EXTERNAL]|Bytes:-4
03:46:45.0 (30559869)|HEAP_ALLOCATE|[15]|Bytes:5
03:46:45.0 (30566953)|HEAP_ALLOCATE|[15]|Bytes:36
03:46:45.0 (30571462)|VARIABLE_SCOPE_BEGIN|[15]|pro|Project__c|true|false
03:46:45.0 (30585587)|VARIABLE_ASSIGNMENT|[15]|pro|{"Company_project_code (3 more) ...":"101-TRN-COX-008","Name":"COX DFS FTTH EAST RE (4 more) ...","Client__c":"a047F000002zkUUQAY","Project_code__c":"203-0047-00","OffshoreProjectManag (5 more) ...":"0057F000000TpcqQAC","Team_Lead__c":"0057F000000TyyrQAC","Team_Count__c":3,"Id":"a057F0000039u2BQAQ"}|0x7bf55592
03:46:45.0 (30592623)|STATEMENT_EXECUTE|[15]
03:46:45.0 (30593745)|STATEMENT_EXECUTE|[16]
03:46:45.0 (30608257)|VARIABLE_ASSIGNMENT|[EXTERNAL]|this|{"checkboxList":"0x75ea0bb3","projectList":"0x3abe0101","selectAllCheckBox":false}|0x4db5982a
03:46:45.0 (30621869)|HEAP_ALLOCATE|[16]|Bytes:5
03:46:45.0 (30625437)|HEAP_ALLOCATE|[EXTERNAL]|Bytes:-4
03:46:45.0 (30633553)|HEAP_ALLOCATE|[15]|Bytes:5
03:46:45.0 (30640031)|HEAP_ALLOCATE|[15]|Bytes:36
03:46:45.0 (30645105)|VARIABLE_SCOPE_BEGIN|[15]|pro|Project__c|true|false
03:46:45.0 (30659220)|VARIABLE_ASSIGNMENT|[15]|pro|{"Company_project_code (3 more) ...":"101-TRN-COM-027","Name":"JACKSONVILLE ATTMAPP (9 more) ...","Client__c":"a047F000002zkUUQAY","Project_code__c":"215-0003-00","OffshoreProjectManag (5 more) ...":"0057F000000TyyXQAS","Team_Lead__c":"0057F000000TyyrQAC","Team_Count__c":5,"Id":"a057F0000039u2CQAQ"}|0x137670f4
03:46:45.0 (30666245)|STATEMENT_EXECUTE|[15]
03:46:45.0 (30667362)|STATEMENT_EXECUTE|[16]
03:46:45.0 (30681998)|VARIABLE_ASSIGNMENT|[EXTERNAL]|this|{"checkboxList":"0x75ea0bb3","projectList":"0x3abe0101","selectAllCheckBox":false}|0x4db5982a
03:46:45.0 (30695483)|HEAP_ALLOCATE|[16]|Bytes:5
03:46:45.0 (30699152)|HEAP_ALLOCATE|[EXTERNAL]|Bytes:-4
03:46:45.0 (30707288)|HEAP_ALLOCATE|[15]|Bytes:5
03:46:45.0 (30713678)|HEAP_ALLOCATE|[15]|Bytes:36
03:46:45.0 (30718361)|VARIABLE_SCOPE_BEGIN|[15]|pro|Project__c|true|false
03:46:45.0 (30732320)|VARIABLE_ASSIGNMENT|[15]|pro|{"Company_project_code (3 more) ...":"101-TRN-COM-029","Name":"Atlanta Hyperbuild","Client__c":"a047F000002zkUUQAY","Project_code__c":"223-0001-00","OffshoreProjectManag (5 more) ...":"0057F000000TyyXQAS","Team_Lead__c":"0057F000000TyyrQAC","Team_Count__c":3,"Id":"a057F0000039u2DQAQ"}|0x3d20e1b
03:46:45.0 (30739300)|STATEMENT_EXECUTE|[15]
03:46:45.0 (30740378)|STATEMENT_EXECUTE|[16]
03:46:45.0 (30754834)|VARIABLE_ASSIGNMENT|[EXTERNAL]|this|{"checkboxList":"0x75ea0bb3","projectList":"0x3abe0101","selectAllCheckBox":false}|0x4db5982a
03:46:45.0 (30768852)|HEAP_ALLOCATE|[16]|Bytes:5
03:46:45.0 (30772550)|HEAP_ALLOCATE|[EXTERNAL]|Bytes:-4
03:46:45.0 (30780511)|HEAP_ALLOCATE|[15]|Bytes:5
03:46:45.0 (30786864)|HEAP_ALLOCATE|[15]|Bytes:36
03:46:45.0 (30791425)|VARIABLE_SCOPE_BEGIN|[15]|pro|Project__c|true|false
03:46:45.0 (30805807)|VARIABLE_ASSIGNMENT|[15]|pro|{"Company_project_code (3 more) ...":"101-TRN-COM-014","Name":"California Asbuilts  (13 more) ...","Client__c":"a047F000002zkUUQAY","Project_code__c":"219-0005-00","OffshoreProjectManag (5 more) ...":"0057F000000TyyXQAS","Team_Lead__c":"0057F000000TyyrQAC","Team_Count__c":3,"Id":"a057F0000039u2EQAQ"}|0x7cc1dc4e
03:46:45.0 (30813210)|STATEMENT_EXECUTE|[15]
03:46:45.0 (30814301)|STATEMENT_EXECUTE|[16]
03:46:45.0 (30828481)|VARIABLE_ASSIGNMENT|[EXTERNAL]|this|{"checkboxList":"0x75ea0bb3","projectList":"0x3abe0101","selectAllCheckBox":false}|0x4db5982a
03:46:45.0 (30841643)|HEAP_ALLOCATE|[16]|Bytes:5
03:46:45.0 (30845201)|HEAP_ALLOCATE|[EXTERNAL]|Bytes:-4
03:46:45.0 (30853105)|HEAP_ALLOCATE|[15]|Bytes:5
03:46:45.0 (30859713)|HEAP_ALLOCATE|[15]|Bytes:36
03:46:45.0 (30864233)|VARIABLE_SCOPE_BEGIN|[15]|pro|Project__c|true|false
03:46:45.0 (30878287)|VARIABLE_ASSIGNMENT|[15]|pro|{"Company_project_code (3 more) ...":"301-0001-00","Name":"AC HFC AUSTRALIA","Client__c":"a047F000002zkUeQAI","Project_code__c":"301-0001-00","OffshoreProjectManag (5 more) ...":"0057F000000TpcqQAC","Team_Lead__c":"0057F000000TyzGQAS","Team_Count__c":6,"Id":"a057F0000039u21QAA"}|0x2dc95f81
03:46:45.0 (30885600)|STATEMENT_EXECUTE|[15]
03:46:45.0 (30886643)|STATEMENT_EXECUTE|[16]
03:46:45.0 (30901034)|VARIABLE_ASSIGNMENT|[EXTERNAL]|this|{"checkboxList":"0x75ea0bb3","projectList":"0x3abe0101","selectAllCheckBox":false}|0x4db5982a
03:46:45.0 (30914820)|HEAP_ALLOCATE|[16]|Bytes:5
03:46:45.0 (30918621)|HEAP_ALLOCATE|[EXTERNAL]|Bytes:-4
03:46:45.0 (30926562)|HEAP_ALLOCATE|[15]|Bytes:5
03:46:45.0 (30932877)|HEAP_ALLOCATE|[15]|Bytes:36
03:46:45.0 (30937546)|VARIABLE_SCOPE_BEGIN|[15]|pro|Project__c|true|false
03:46:45.0 (30951838)|VARIABLE_ASSIGNMENT|[15]|pro|{"Company_project_code (3 more) ...":"101-TRN-COM-017","Name":"California Node Spli (2 more) ...","Client__c":"a047F000002zkUUQAY","Project_code__c":"222-0006-00","OffshoreProjectManag (5 more) ...":"0057F000000TyyXQAS","Team_Lead__c":"0057F000000TyyrQAC","Team_Count__c":5,"Id":"a057F0000039u2FQAQ"}|0xd986b1c
03:46:45.0 (30959173)|STATEMENT_EXECUTE|[15]
03:46:45.0 (30960242)|STATEMENT_EXECUTE|[16]
03:46:45.0 (30974577)|VARIABLE_ASSIGNMENT|[EXTERNAL]|this|{"checkboxList":"0x75ea0bb3","projectList":"0x3abe0101","selectAllCheckBox":false}|0x4db5982a
03:46:45.0 (30988266)|HEAP_ALLOCATE|[16]|Bytes:5
03:46:45.0 (30991975)|HEAP_ALLOCATE|[EXTERNAL]|Bytes:-4
03:46:45.0 (31000024)|HEAP_ALLOCATE|[15]|Bytes:5
03:46:45.0 (31007161)|HEAP_ALLOCATE|[15]|Bytes:36
03:46:45.0 (31012203)|VARIABLE_SCOPE_BEGIN|[15]|pro|Project__c|true|false
03:46:45.0 (31027730)|VARIABLE_ASSIGNMENT|[15]|pro|{"Company_project_code (3 more) ...":"101-TRN-COM-038","Name":"TWINCITIES ASBUILTS  (12 more) ...","Client__c":"a047F000002zkUUQAY","Project_code__c":"211-0001-00","OffshoreProjectManag (5 more) ...":"0057F000000TyyXQAS","Team_Lead__c":"0057F000000TyyrQAC","Team_Count__c":4,"Id":"a057F0000039u2GQAQ"}|0x1ea91e62
03:46:45.0 (31034987)|STATEMENT_EXECUTE|[15]
03:46:45.0 (31036011)|STATEMENT_EXECUTE|[16]
03:46:45.0 (31050252)|VARIABLE_ASSIGNMENT|[EXTERNAL]|this|{"checkboxList":"0x75ea0bb3","projectList":"0x3abe0101","selectAllCheckBox":false}|0x4db5982a
03:46:45.0 (31063561)|HEAP_ALLOCATE|[16]|Bytes:5
03:46:45.0 (31067595)|HEAP_ALLOCATE|[EXTERNAL]|Bytes:-4
03:46:45.0 (31075758)|HEAP_ALLOCATE|[15]|Bytes:5
03:46:45.0 (31082221)|HEAP_ALLOCATE|[15]|Bytes:36
03:46:45.0 (31086873)|VARIABLE_SCOPE_BEGIN|[15]|pro|Project__c|true|false
03:46:45.0 (31101100)|VARIABLE_ASSIGNMENT|[15]|pro|{"Company_project_code (3 more) ...":"101-TRN-COM-037","Name":"TWINCITIES ASBUILTS  (16 more) ...","Client__c":"a047F000002zkUUQAY","Project_code__c":"211-0004-00","OffshoreProjectManag (5 more) ...":"0057F000000TyyXQAS","Team_Lead__c":"0057F000000TyyrQAC","Team_Count__c":2,"Id":"a057F0000039u2HQAQ"}|0x6c788255
03:46:45.0 (31108122)|STATEMENT_EXECUTE|[15]
03:46:45.0 (31109135)|STATEMENT_EXECUTE|[16]
03:46:45.0 (31123498)|VARIABLE_ASSIGNMENT|[EXTERNAL]|this|{"checkboxList":"0x75ea0bb3","projectList":"0x3abe0101","selectAllCheckBox":false}|0x4db5982a
03:46:45.0 (31136716)|HEAP_ALLOCATE|[16]|Bytes:5
03:46:45.0 (31140340)|HEAP_ALLOCATE|[EXTERNAL]|Bytes:-4
03:46:45.0 (31148255)|HEAP_ALLOCATE|[15]|Bytes:5
03:46:45.0 (31154642)|HEAP_ALLOCATE|[15]|Bytes:36
03:46:45.0 (31159478)|VARIABLE_SCOPE_BEGIN|[15]|pro|Project__c|true|false
03:46:45.0 (31173405)|VARIABLE_ASSIGNMENT|[15]|pro|{"Company_project_code (3 more) ...":"101-TRN-COM-039","Name":"TWINCITIES ASBUILTS  (3 more) ...","Client__c":"a047F000002zkUUQAY","Project_code__c":"211-0002-00","OffshoreProjectManag (5 more) ...":"0057F000000TyyXQAS","Team_Lead__c":"0057F000000TyyrQAC","Team_Count__c":3,"Id":"a057F0000039u2IQAQ"}|0xbaaed0c
03:46:45.0 (31180285)|STATEMENT_EXECUTE|[15]
03:46:45.0 (31181345)|STATEMENT_EXECUTE|[16]
03:46:45.0 (31195974)|VARIABLE_ASSIGNMENT|[EXTERNAL]|this|{"checkboxList":"0x75ea0bb3","projectList":"0x3abe0101","selectAllCheckBox":false}|0x4db5982a
03:46:45.0 (31212949)|HEAP_ALLOCATE|[16]|Bytes:5
03:46:45.0 (31217282)|HEAP_ALLOCATE|[EXTERNAL]|Bytes:-4
03:46:45.0 (31225331)|HEAP_ALLOCATE|[15]|Bytes:5
03:46:45.0 (31232004)|HEAP_ALLOCATE|[15]|Bytes:36
03:46:45.0 (31236678)|VARIABLE_SCOPE_BEGIN|[15]|pro|Project__c|true|false
03:46:45.0 (31251156)|VARIABLE_ASSIGNMENT|[15]|pro|{"Company_project_code (3 more) ...":"101-TRN-COM-040","Name":"TWINCITIES ASBUILTS  (3 more) ...","Client__c":"a047F000002zkUUQAY","Project_code__c":"211-0003-00","OffshoreProjectManag (5 more) ...":"0057F000000TyyXQAS","Team_Lead__c":"0057F000000TyzfQAC","Team_Count__c":4,"Id":"a057F0000039u2JQAQ"}|0x45a4b7ee
03:46:45.0 (31258623)|STATEMENT_EXECUTE|[15]
03:46:45.0 (31259677)|STATEMENT_EXECUTE|[16]
03:46:45.0 (31274941)|VARIABLE_ASSIGNMENT|[EXTERNAL]|this|{"checkboxList":"0x75ea0bb3","projectList":"0x3abe0101","selectAllCheckBox":false}|0x4db5982a
03:46:45.0 (31288722)|HEAP_ALLOCATE|[16]|Bytes:5
03:46:45.0 (31292496)|HEAP_ALLOCATE|[EXTERNAL]|Bytes:-4
03:46:45.0 (31300285)|HEAP_ALLOCATE|[15]|Bytes:5
03:46:45.0 (31307065)|HEAP_ALLOCATE|[15]|Bytes:36
03:46:45.0 (31311424)|VARIABLE_SCOPE_BEGIN|[15]|pro|Project__c|true|false
03:46:45.0 (31325746)|VARIABLE_ASSIGNMENT|[15]|pro|{"Company_project_code (3 more) ...":"101-TRN-COM-041","Name":"TWINCITIES ASBUILTS  (10 more) ...","Client__c":"a047F000002zkUUQAY","Project_code__c":"211-0012-00","OffshoreProjectManag (5 more) ...":"0057F000000TyyXQAS","Team_Lead__c":"0057F000000TyzfQAC","Team_Count__c":5,"Id":"a057F0000039u2KQAQ"}|0x1328eb36
03:46:45.0 (31333433)|STATEMENT_EXECUTE|[15]
03:46:45.0 (31334517)|STATEMENT_EXECUTE|[16]
03:46:45.0 (31349038)|VARIABLE_ASSIGNMENT|[EXTERNAL]|this|{"checkboxList":"0x75ea0bb3","projectList":"0x3abe0101","selectAllCheckBox":false}|0x4db5982a
03:46:45.0 (31362401)|HEAP_ALLOCATE|[16]|Bytes:5
03:46:45.0 (31366114)|HEAP_ALLOCATE|[EXTERNAL]|Bytes:-4
03:46:45.0 (31374145)|HEAP_ALLOCATE|[15]|Bytes:5
03:46:45.0 (31382297)|VARIABLE_ASSIGNMENT|[15]|pro|null|
03:46:45.0 (31391815)|SYSTEM_MODE_EXIT|false
03:46:45.0 (31464879)|SYSTEM_MODE_ENTER|true
03:46:45.0 (31891302)|SYSTEM_MODE_ENTER|true
03:46:45.0 (60922655)|SYSTEM_MODE_ENTER|true
03:46:45.0 (60959892)|HEAP_ALLOCATE|[EXTERNAL]|Bytes:156
03:46:45.0 (60966788)|HEAP_ALLOCATE|[EXTERNAL]|Bytes:12
03:46:45.0 (60985904)|VARIABLE_ASSIGNMENT|[EXTERNAL]|this.choiceMap|"        google.com : (136 more) ..."|0x79fd4d1c
03:46:45.0 (61115884)|SYSTEM_MODE_ENTER|true
03:46:45.0 (61857254)|SYSTEM_MODE_ENTER|true
03:46:45.0 (129686978)|VF_SERIALIZE_VIEWSTATE_BEGIN|0667F000005a3QK
03:46:45.0 (141500359)|VF_SERIALIZE_VIEWSTATE_END
03:46:45.144 (144987505)|CUMULATIVE_LIMIT_USAGE
03:46:45.144 (144987505)|LIMIT_USAGE_FOR_NS|(default)|
  Number of SOQL queries: 2 out of 100
  Number of query rows: 48 out of 50000
  Number of SOSL queries: 0 out of 20
  Number of DML statements: 0 out of 150
  Number of DML rows: 0 out of 10000
  Maximum CPU time: 0 out of 10000
  Maximum heap size: 0 out of 6000000
  Number of callouts: 0 out of 100
  Number of Email Invocations: 0 out of 10
  Number of future calls: 0 out of 50
  Number of queueable jobs added to the queue: 0 out of 50
  Number of Mobile Apex push calls: 0 out of 10

03:46:45.144 (144987505)|CUMULATIVE_LIMIT_USAGE_END

03:46:45.0 (145022461)|CODE_UNIT_FINISHED|VF: /apex/PM_Project_Tab
03:46:45.0 (145839494)|EXECUTION_FINISHED
