36.0 APEX_CODE,FINEST;APEX_PROFILING,INFO;CALLOUT,INFO;DB,INFO;SYSTEM,DEBUG;VALIDATION,INFO;VISUALFORCE,INFO;WAVE,INFO;WORKFLOW,INFO
04:50:03.0 (280691)|USER_INFO|[EXTERNAL]|0057F000000Tiz6|ksb994@salesforce.com|Pacific Standard Time|GMT-08:00
04:50:03.0 (333272)|EXECUTION_STARTED
04:50:03.0 (337610)|CODE_UNIT_STARTED|[EXTERNAL]|0667F000004uJm5|VF: /apex/PM_Project_New
04:50:03.0 (805952)|VF_DESERIALIZE_VIEWSTATE_BEGIN|0667F000004uJm5
04:50:03.0 (7456903)|HEAP_ALLOCATE|[72]|Bytes:3
04:50:03.0 (7501190)|HEAP_ALLOCATE|[77]|Bytes:152
04:50:03.0 (7515588)|HEAP_ALLOCATE|[342]|Bytes:408
04:50:03.0 (7527164)|HEAP_ALLOCATE|[355]|Bytes:408
04:50:03.0 (7536546)|HEAP_ALLOCATE|[467]|Bytes:48
04:50:03.0 (7563354)|HEAP_ALLOCATE|[139]|Bytes:6
04:50:03.0 (9226356)|HEAP_ALLOCATE|[50]|Bytes:5
04:50:03.0 (9254771)|HEAP_ALLOCATE|[56]|Bytes:5
04:50:03.0 (9264065)|HEAP_ALLOCATE|[64]|Bytes:7
04:50:03.0 (12562716)|VF_DESERIALIZE_VIEWSTATE_END
04:50:03.16 (16963861)|SYSTEM_MODE_ENTER|true
04:50:03.16 (17027814)|HEAP_ALLOCATE|[EXTERNAL]|Bytes:38
04:50:03.16 (17036890)|HEAP_ALLOCATE|[EXTERNAL]|Bytes:7
04:50:03.16 (17046788)|SYSTEM_METHOD_ENTRY|[1]|PageMessagesComponentController.PageMessagesComponentController()
04:50:03.16 (17051402)|STATEMENT_EXECUTE|[1]
04:50:03.17 (17849832)|SYSTEM_MODE_ENTER|true
04:50:03.17 (17903907)|HEAP_ALLOCATE|[EXTERNAL]|Bytes:8
04:50:03.17 (17911736)|VARIABLE_SCOPE_BEGIN|[88]|this|ApexPage.PageMessagesComponentController|true|false
04:50:03.17 (17946104)|VARIABLE_ASSIGNMENT|[88]|this|{}|0x79efc5ca
04:50:03.17 (17951747)|VARIABLE_SCOPE_BEGIN|[88]|escape|Boolean|false|false
04:50:03.17 (17958198)|VARIABLE_ASSIGNMENT|[88]|escape|null
04:50:03.0 (25884577)|SYSTEM_MODE_ENTER|true
04:50:03.0 (25918779)|HEAP_ALLOCATE|[EXTERNAL]|Bytes:164
04:50:03.0 (25928336)|HEAP_ALLOCATE|[EXTERNAL]|Bytes:12
04:50:03.0 (25937285)|METHOD_ENTRY|[5]|01p7F00000Ehg8E|MultiselectController.MultiselectController()
04:50:03.0 (25942549)|STATEMENT_EXECUTE|[5]
04:50:03.0 (25946027)|STATEMENT_EXECUTE|[5]
04:50:03.0 (25957851)|SYSTEM_MODE_ENTER|false
04:50:03.0 (25967036)|HEAP_ALLOCATE|[EXTERNAL]|Bytes:5
04:50:03.0 (25974593)|SYSTEM_MODE_EXIT|false
04:50:03.0 (25981641)|METHOD_EXIT|[5]|MultiselectController
04:50:03.0 (26151883)|SYSTEM_MODE_ENTER|true
04:50:03.0 (26391089)|SYSTEM_MODE_ENTER|true
04:50:03.0 (26589357)|HEAP_ALLOCATE|[EXTERNAL]|Bytes:92
04:50:03.0 (26597324)|HEAP_ALLOCATE|[EXTERNAL]|Bytes:13
04:50:03.0 (26603673)|METHOD_ENTRY|[1]|01p7F00000EhPEd|Project_PM_Controller.Project_PM_Controller()
04:50:03.0 (26607691)|STATEMENT_EXECUTE|[1]
04:50:03.0 (26610233)|STATEMENT_EXECUTE|[1]
04:50:03.0 (26618062)|SYSTEM_MODE_ENTER|false
04:50:03.0 (26624203)|HEAP_ALLOCATE|[EXTERNAL]|Bytes:5
04:50:03.0 (26629887)|SYSTEM_MODE_EXIT|false
04:50:03.0 (26635698)|METHOD_EXIT|[1]|Project_PM_Controller
04:50:03.0 (26644659)|HEAP_ALLOCATE|[EXTERNAL]|Bytes:24
04:50:03.0 (26650313)|VARIABLE_SCOPE_BEGIN|[16]|this|Project_PM_Controller|true|false
04:50:03.0 (26874265)|VARIABLE_ASSIGNMENT|[16]|this|{"controller":"StandardController [[Project__c (Client__c:a047F000002zkUjQAI, Company_project_code__c:334, Name:9652, Units__c:false, Nodes__c:false, Footage__c:false, Miles__c:false, Jobs__c:false, Hours__c:false, QA__c:100)]]","project":"0x49f47fa2","saveAndNew":2,"selectedUsers":"0x352f6d2f","usersList":"0x6405192e"}|0x6df56440
04:50:03.0 (26896980)|SYSTEM_MODE_ENTER|false
04:50:03.0 (26903385)|HEAP_ALLOCATE|[17]|Bytes:5
04:50:03.0 (26907483)|STATEMENT_EXECUTE|[16]
04:50:03.0 (26908892)|STATEMENT_EXECUTE|[17]
04:50:03.0 (26911813)|HEAP_ALLOCATE|[17]|Bytes:62
04:50:03.0 (26929438)|HEAP_ALLOCATE|[17]|Bytes:4
04:50:03.0 (28084341)|SOQL_EXECUTE_BEGIN|[17]|Aggregations:0|SELECT Id, Name FROM User WHERE UserRoleId = '00E7F000000Mdri'
04:50:03.0 (32479268)|SOQL_EXECUTE_END|[17]|Rows:6
04:50:03.0 (32498067)|HEAP_ALLOCATE|[17]|Bytes:28
04:50:03.0 (32519419)|HEAP_ALLOCATE|[17]|Bytes:271
04:50:03.0 (32587944)|HEAP_ALLOCATE|[17]|Bytes:28
04:50:03.0 (32601207)|VARIABLE_SCOPE_BEGIN|[17]|users|List<User>|true|false
04:50:03.0 (32617633)|VARIABLE_ASSIGNMENT|[17]|users|"List of size 6 too large to display"|0x4ef6944d
04:50:03.0 (32764323)|HEAP_ALLOCATE|[18]|Bytes:5
04:50:03.0 (32782734)|HEAP_ALLOCATE|[18]|Bytes:12
04:50:03.0 (32791506)|VARIABLE_SCOPE_BEGIN|[18]|usr|User|true|false
04:50:03.0 (32806439)|VARIABLE_ASSIGNMENT|[18]|usr|{"Id":"0057F000000TpdFQAS","Name":"Mani Sasank"}|0x7dc3599
04:50:03.0 (32812053)|STATEMENT_EXECUTE|[18]
04:50:03.0 (32813513)|STATEMENT_EXECUTE|[19]
04:50:03.0 (32854889)|HEAP_ALLOCATE|[19]|Bytes:18
04:50:03.0 (32915599)|HEAP_ALLOCATE|[EXTERNAL]|Bytes:4
04:50:03.0 (32931224)|HEAP_ALLOCATE|[18]|Bytes:5
04:50:03.0 (32940200)|HEAP_ALLOCATE|[18]|Bytes:12
04:50:03.0 (32946010)|VARIABLE_SCOPE_BEGIN|[18]|usr|User|true|false
04:50:03.0 (32958548)|VARIABLE_ASSIGNMENT|[18]|usr|{"Id":"0057F000000TrBBQA0","Name":"Santhosh"}|0x5221bbed
04:50:03.0 (32964247)|STATEMENT_EXECUTE|[18]
04:50:03.0 (32965346)|STATEMENT_EXECUTE|[19]
04:50:03.0 (32973145)|HEAP_ALLOCATE|[19]|Bytes:18
04:50:03.0 (32985353)|HEAP_ALLOCATE|[EXTERNAL]|Bytes:4
04:50:03.0 (32994327)|HEAP_ALLOCATE|[18]|Bytes:5
04:50:03.0 (33001990)|HEAP_ALLOCATE|[18]|Bytes:12
04:50:03.0 (33007326)|VARIABLE_SCOPE_BEGIN|[18]|usr|User|true|false
04:50:03.0 (33016727)|VARIABLE_ASSIGNMENT|[18]|usr|{"Id":"0057F000000TrBGQA0","Name":"Ravi teja"}|0x3429c575
04:50:03.0 (33021409)|STATEMENT_EXECUTE|[18]
04:50:03.0 (33022366)|STATEMENT_EXECUTE|[19]
04:50:03.0 (33028173)|HEAP_ALLOCATE|[19]|Bytes:18
04:50:03.0 (33037205)|HEAP_ALLOCATE|[EXTERNAL]|Bytes:4
04:50:03.0 (33045231)|HEAP_ALLOCATE|[18]|Bytes:5
04:50:03.0 (33051960)|HEAP_ALLOCATE|[18]|Bytes:12
04:50:03.0 (33056091)|VARIABLE_SCOPE_BEGIN|[18]|usr|User|true|false
04:50:03.0 (33065375)|VARIABLE_ASSIGNMENT|[18]|usr|{"Id":"0057F000000TrBVQA0","Name":"Yashwanth"}|0x6aca399e
04:50:03.0 (33069578)|STATEMENT_EXECUTE|[18]
04:50:03.0 (33070634)|STATEMENT_EXECUTE|[19]
04:50:03.0 (33075947)|HEAP_ALLOCATE|[19]|Bytes:18
04:50:03.0 (33110769)|HEAP_ALLOCATE|[EXTERNAL]|Bytes:4
04:50:03.0 (33119959)|HEAP_ALLOCATE|[18]|Bytes:5
04:50:03.0 (33126742)|HEAP_ALLOCATE|[18]|Bytes:12
04:50:03.0 (33131295)|VARIABLE_SCOPE_BEGIN|[18]|usr|User|true|false
04:50:03.0 (33141400)|VARIABLE_ASSIGNMENT|[18]|usr|{"Id":"0057F000000Tz0iQAC","Name":"Richa"}|0xcdca9a3
04:50:03.0 (33145563)|STATEMENT_EXECUTE|[18]
04:50:03.0 (33146721)|STATEMENT_EXECUTE|[19]
04:50:03.0 (33151851)|HEAP_ALLOCATE|[19]|Bytes:18
04:50:03.0 (33159784)|HEAP_ALLOCATE|[EXTERNAL]|Bytes:4
04:50:03.0 (33167219)|HEAP_ALLOCATE|[18]|Bytes:5
04:50:03.0 (33173560)|HEAP_ALLOCATE|[18]|Bytes:12
04:50:03.0 (33177460)|VARIABLE_SCOPE_BEGIN|[18]|usr|User|true|false
04:50:03.0 (33186088)|VARIABLE_ASSIGNMENT|[18]|usr|{"Id":"0057F000000Tz0sQAC","Name":"Veeresh"}|0x53fd9506
04:50:03.0 (33190583)|STATEMENT_EXECUTE|[18]
04:50:03.0 (33191560)|STATEMENT_EXECUTE|[19]
04:50:03.0 (33195965)|HEAP_ALLOCATE|[19]|Bytes:18
04:50:03.0 (33203509)|HEAP_ALLOCATE|[EXTERNAL]|Bytes:4
04:50:03.0 (33210959)|HEAP_ALLOCATE|[18]|Bytes:5
04:50:03.0 (33218807)|VARIABLE_ASSIGNMENT|[18]|usr|null|
04:50:03.0 (33223242)|STATEMENT_EXECUTE|[21]
04:50:03.0 (33228979)|SYSTEM_MODE_EXIT|false
04:50:03.0 (33328284)|SYSTEM_MODE_ENTER|true
04:50:03.0 (33376012)|HEAP_ALLOCATE|[EXTERNAL]|Bytes:116
04:50:03.0 (33383594)|HEAP_ALLOCATE|[EXTERNAL]|Bytes:20
04:50:03.0 (33394605)|VARIABLE_ASSIGNMENT|[EXTERNAL]|this.leftOptions|"List of size 28 too large to display"|0x69e71382
04:50:03.0 (33471490)|SYSTEM_MODE_ENTER|true
04:50:03.0 (33528631)|SYSTEM_MODE_ENTER|true
04:50:03.0 (33554272)|HEAP_ALLOCATE|[EXTERNAL]|Bytes:12
04:50:03.0 (33557989)|HEAP_ALLOCATE|[EXTERNAL]|Bytes:20
04:50:03.0 (33651901)|VARIABLE_ASSIGNMENT|[EXTERNAL]|this.rightOptions|"common.apex.runtime.impl.ScalarList@42e811b8"|0x69e71382
04:50:03.0 (39950849)|SYSTEM_MODE_ENTER|true
04:50:03.0 (40038752)|SYSTEM_MODE_ENTER|true
04:50:03.42 (42130523)|SYSTEM_MODE_ENTER|true
04:50:03.42 (42192931)|HEAP_ALLOCATE|[EXTERNAL]|Bytes:8
04:50:03.42 (42203849)|VARIABLE_SCOPE_BEGIN|[88]|this|ApexPage.PageMessagesComponentController|true|false
04:50:03.42 (42238334)|VARIABLE_ASSIGNMENT|[88]|this|{}|0x79efc5ca
04:50:03.42 (42247201)|VARIABLE_SCOPE_BEGIN|[88]|escape|Boolean|false|false
04:50:03.42 (42257850)|VARIABLE_ASSIGNMENT|[88]|escape|null
04:50:03.0 (43479494)|SYSTEM_MODE_ENTER|true
04:50:03.0 (43534540)|HEAP_ALLOCATE|[EXTERNAL]|Bytes:20
04:50:03.0 (43542299)|HEAP_ALLOCATE|[EXTERNAL]|Bytes:457
04:50:03.0 (43575358)|VARIABLE_ASSIGNMENT|[EXTERNAL]|this|{"leftOptions":"0x6405192e","leftOptionsHidden":"0057F000000TrBGQA0&R (437 more) ...","rightOptions":"0x352f6d2f","rightOptionsHidden":"0057F000000TpdFQAS&M (40 more) ..."}|0x69e71382
04:50:03.0 (43586792)|VARIABLE_ASSIGNMENT|[EXTERNAL]|value|"0057F000000TrBGQA0&R (437 more) ..."
04:50:03.0 (43601946)|SYSTEM_MODE_ENTER|false
04:50:03.0 (43609290)|HEAP_ALLOCATE|[24]|Bytes:5
04:50:03.0 (43613814)|STATEMENT_EXECUTE|[23]
04:50:03.0 (43615050)|STATEMENT_EXECUTE|[24]
04:50:03.0 (43623579)|VARIABLE_ASSIGNMENT|[24]|this.leftOptionsHidden|"0057F000000TrBGQA0&R (437 more) ..."|0x69e71382
04:50:03.0 (43628351)|STATEMENT_EXECUTE|[25]
04:50:03.0 (43688491)|VARIABLE_ASSIGNMENT|[EXTERNAL]|this|{"leftOptions":"0x6405192e","leftOptionsHidden":"0057F000000TrBGQA0&R (437 more) ...","rightOptions":"0x352f6d2f","rightOptionsHidden":"0057F000000TpdFQAS&M (40 more) ..."}|0x69e71382
04:50:03.0 (43720235)|METHOD_ENTRY|[25]|01p7F00000Ehg8E|MultiselectController.setOptions(List<System.SelectOption>, String)
04:50:03.0 (43727533)|VARIABLE_SCOPE_BEGIN|[12]|this|MultiselectController|true|false
04:50:03.0 (43745041)|VARIABLE_ASSIGNMENT|[12]|this|{"leftOptions":"0x6405192e","leftOptionsHidden":"0057F000000TrBGQA0&R (437 more) ...","rightOptions":"0x352f6d2f","rightOptionsHidden":"0057F000000TpdFQAS&M (40 more) ..."}|0x69e71382
04:50:03.0 (43751271)|VARIABLE_SCOPE_BEGIN|[12]|options|List<System.SelectOption>|true|false
04:50:03.0 (43760974)|VARIABLE_ASSIGNMENT|[12]|options|"List of size 28 too large to display"|0x6405192e
04:50:03.0 (43765537)|VARIABLE_SCOPE_BEGIN|[12]|value|String|false|false
04:50:03.0 (43771755)|VARIABLE_ASSIGNMENT|[12]|value|"0057F000000TrBGQA0&R (437 more) ..."
04:50:03.0 (43783609)|HEAP_ALLOCATE|[13]|Bytes:5
04:50:03.0 (43787895)|STATEMENT_EXECUTE|[12]
04:50:03.0 (43789346)|STATEMENT_EXECUTE|[13]
04:50:03.0 (43818232)|STATEMENT_EXECUTE|[14]
04:50:03.0 (43821859)|HEAP_ALLOCATE|[14]|Bytes:1
04:50:03.0 (43885590)|HEAP_ALLOCATE|[14]|Bytes:18
04:50:03.0 (43890762)|HEAP_ALLOCATE|[14]|Bytes:11
04:50:03.0 (43893056)|HEAP_ALLOCATE|[14]|Bytes:18
04:50:03.0 (43895001)|HEAP_ALLOCATE|[14]|Bytes:9
04:50:03.0 (43896965)|HEAP_ALLOCATE|[14]|Bytes:18
04:50:03.0 (43898994)|HEAP_ALLOCATE|[14]|Bytes:5
04:50:03.0 (43900811)|HEAP_ALLOCATE|[14]|Bytes:18
04:50:03.0 (43903095)|HEAP_ALLOCATE|[14]|Bytes:7
04:50:03.0 (43904937)|HEAP_ALLOCATE|[14]|Bytes:18
04:50:03.0 (43906878)|HEAP_ALLOCATE|[14]|Bytes:13
04:50:03.0 (43909137)|HEAP_ALLOCATE|[14]|Bytes:18
04:50:03.0 (43911103)|HEAP_ALLOCATE|[14]|Bytes:8
04:50:03.0 (43913043)|HEAP_ALLOCATE|[14]|Bytes:18
04:50:03.0 (43915070)|HEAP_ALLOCATE|[14]|Bytes:11
04:50:03.0 (43916912)|HEAP_ALLOCATE|[14]|Bytes:18
04:50:03.0 (43919100)|HEAP_ALLOCATE|[14]|Bytes:9
04:50:03.0 (43921001)|HEAP_ALLOCATE|[14]|Bytes:18
04:50:03.0 (43922873)|HEAP_ALLOCATE|[14]|Bytes:5
04:50:03.0 (43925524)|HEAP_ALLOCATE|[14]|Bytes:18
04:50:03.0 (43927365)|HEAP_ALLOCATE|[14]|Bytes:7
04:50:03.0 (43929226)|HEAP_ALLOCATE|[14]|Bytes:18
04:50:03.0 (43931367)|HEAP_ALLOCATE|[14]|Bytes:13
04:50:03.0 (43933225)|HEAP_ALLOCATE|[14]|Bytes:18
04:50:03.0 (43935109)|HEAP_ALLOCATE|[14]|Bytes:8
04:50:03.0 (43937110)|HEAP_ALLOCATE|[14]|Bytes:18
04:50:03.0 (43939021)|HEAP_ALLOCATE|[14]|Bytes:11
04:50:03.0 (43941268)|HEAP_ALLOCATE|[14]|Bytes:18
04:50:03.0 (43943166)|HEAP_ALLOCATE|[14]|Bytes:9
04:50:03.0 (43945050)|HEAP_ALLOCATE|[14]|Bytes:18
04:50:03.0 (43947361)|HEAP_ALLOCATE|[14]|Bytes:5
04:50:03.0 (43949488)|HEAP_ALLOCATE|[14]|Bytes:18
04:50:03.0 (43951337)|HEAP_ALLOCATE|[14]|Bytes:7
04:50:03.0 (43954828)|HEAP_ALLOCATE|[14]|Bytes:132
04:50:03.0 (43966185)|VARIABLE_SCOPE_BEGIN|[14]|parts|List<String>|true|false
04:50:03.0 (43995134)|HEAP_ALLOCATE|[EXTERNAL]|Bytes:132
04:50:03.0 (44002516)|VARIABLE_ASSIGNMENT|[14]|parts|"List of size 32 too large to display"|0x5cb2c965
04:50:03.0 (44009990)|STATEMENT_EXECUTE|[15]
04:50:03.0 (44015603)|VARIABLE_SCOPE_BEGIN|[15]|i|Integer|false|false
04:50:03.0 (44022431)|HEAP_ALLOCATE|[15]|Bytes:4
04:50:03.0 (44027513)|VARIABLE_ASSIGNMENT|[15]|i|0
04:50:03.0 (44057794)|STATEMENT_EXECUTE|[15]
04:50:03.0 (44059855)|STATEMENT_EXECUTE|[16]
04:50:03.0 (44070783)|HEAP_ALLOCATE|[16]|Bytes:18
04:50:03.0 (44076298)|HEAP_ALLOCATE|[16]|Bytes:5
04:50:03.0 (44134855)|HEAP_ALLOCATE|[16]|Bytes:15
04:50:03.0 (44146276)|SYSTEM_METHOD_ENTRY|[1]|EncodingUtil.EncodingUtil()
04:50:03.0 (44149710)|STATEMENT_EXECUTE|[1]
04:50:03.0 (44156892)|SYSTEM_METHOD_EXIT|[1]|EncodingUtil
04:50:03.0 (44168739)|METHOD_ENTRY|[16]||System.EncodingUtil.urlDecode(String, String)
04:50:03.0 (44218693)|METHOD_EXIT|[16]||System.EncodingUtil.urlDecode(String, String)
04:50:03.0 (44229261)|HEAP_ALLOCATE|[17]|Bytes:11
04:50:03.0 (44236011)|METHOD_ENTRY|[17]||System.EncodingUtil.urlDecode(String, String)
04:50:03.0 (44259979)|METHOD_EXIT|[17]||System.EncodingUtil.urlDecode(String, String)
04:50:03.0 (44284347)|HEAP_ALLOCATE|[EXTERNAL]|Bytes:4
04:50:03.0 (44291314)|HEAP_ALLOCATE|[15]|Bytes:4
04:50:03.0 (44297964)|VARIABLE_ASSIGNMENT|[15]|i|1
04:50:03.0 (44308189)|STATEMENT_EXECUTE|[15]
04:50:03.0 (44309235)|STATEMENT_EXECUTE|[16]
04:50:03.0 (44312949)|HEAP_ALLOCATE|[16]|Bytes:18
04:50:03.0 (44318746)|METHOD_ENTRY|[16]||System.EncodingUtil.urlDecode(String, String)
04:50:03.0 (44334297)|METHOD_EXIT|[16]||System.EncodingUtil.urlDecode(String, String)
04:50:03.0 (44338911)|HEAP_ALLOCATE|[17]|Bytes:9
04:50:03.0 (44343546)|METHOD_ENTRY|[17]||System.EncodingUtil.urlDecode(String, String)
04:50:03.0 (44355703)|METHOD_EXIT|[17]||System.EncodingUtil.urlDecode(String, String)
04:50:03.0 (44363453)|HEAP_ALLOCATE|[EXTERNAL]|Bytes:4
04:50:03.0 (44367794)|HEAP_ALLOCATE|[15]|Bytes:4
04:50:03.0 (44372615)|VARIABLE_ASSIGNMENT|[15]|i|2
04:50:03.0 (44401609)|STATEMENT_EXECUTE|[15]
04:50:03.0 (44403652)|STATEMENT_EXECUTE|[16]
04:50:03.0 (44408480)|HEAP_ALLOCATE|[16]|Bytes:18
04:50:03.0 (44417198)|METHOD_ENTRY|[16]||System.EncodingUtil.urlDecode(String, String)
04:50:03.0 (44433121)|METHOD_EXIT|[16]||System.EncodingUtil.urlDecode(String, String)
04:50:03.0 (44437546)|HEAP_ALLOCATE|[17]|Bytes:5
04:50:03.0 (44441700)|METHOD_ENTRY|[17]||System.EncodingUtil.urlDecode(String, String)
04:50:03.0 (44453667)|METHOD_EXIT|[17]||System.EncodingUtil.urlDecode(String, String)
04:50:03.0 (44461646)|HEAP_ALLOCATE|[EXTERNAL]|Bytes:4
04:50:03.0 (44466174)|HEAP_ALLOCATE|[15]|Bytes:4
04:50:03.0 (44471141)|VARIABLE_ASSIGNMENT|[15]|i|3
04:50:03.0 (44490576)|STATEMENT_EXECUTE|[15]
04:50:03.0 (44492478)|STATEMENT_EXECUTE|[16]
04:50:03.0 (44497404)|HEAP_ALLOCATE|[16]|Bytes:18
04:50:03.0 (44506809)|METHOD_ENTRY|[16]||System.EncodingUtil.urlDecode(String, String)
04:50:03.0 (44530242)|METHOD_EXIT|[16]||System.EncodingUtil.urlDecode(String, String)
04:50:03.0 (44535408)|HEAP_ALLOCATE|[17]|Bytes:7
04:50:03.0 (44539896)|METHOD_ENTRY|[17]||System.EncodingUtil.urlDecode(String, String)
04:50:03.0 (44552575)|METHOD_EXIT|[17]||System.EncodingUtil.urlDecode(String, String)
04:50:03.0 (44560422)|HEAP_ALLOCATE|[EXTERNAL]|Bytes:4
04:50:03.0 (44564687)|HEAP_ALLOCATE|[15]|Bytes:4
04:50:03.0 (44569655)|VARIABLE_ASSIGNMENT|[15]|i|4
04:50:03.0 (44578053)|STATEMENT_EXECUTE|[15]
04:50:03.0 (44579023)|STATEMENT_EXECUTE|[16]
04:50:03.0 (44581810)|HEAP_ALLOCATE|[16]|Bytes:18
04:50:03.0 (44586470)|METHOD_ENTRY|[16]||System.EncodingUtil.urlDecode(String, String)
04:50:03.0 (44599849)|METHOD_EXIT|[16]||System.EncodingUtil.urlDecode(String, String)
04:50:03.0 (44603777)|HEAP_ALLOCATE|[17]|Bytes:13
04:50:03.0 (44607902)|METHOD_ENTRY|[17]||System.EncodingUtil.urlDecode(String, String)
04:50:03.0 (44620793)|METHOD_EXIT|[17]||System.EncodingUtil.urlDecode(String, String)
04:50:03.0 (44627521)|HEAP_ALLOCATE|[EXTERNAL]|Bytes:4
04:50:03.0 (44631473)|HEAP_ALLOCATE|[15]|Bytes:4
04:50:03.0 (44635755)|VARIABLE_ASSIGNMENT|[15]|i|5
04:50:03.0 (44643648)|STATEMENT_EXECUTE|[15]
04:50:03.0 (44644573)|STATEMENT_EXECUTE|[16]
04:50:03.0 (44647223)|HEAP_ALLOCATE|[16]|Bytes:18
04:50:03.0 (44651760)|METHOD_ENTRY|[16]||System.EncodingUtil.urlDecode(String, String)
04:50:03.0 (44664447)|METHOD_EXIT|[16]||System.EncodingUtil.urlDecode(String, String)
04:50:03.0 (44669256)|HEAP_ALLOCATE|[17]|Bytes:8
04:50:03.0 (44673489)|METHOD_ENTRY|[17]||System.EncodingUtil.urlDecode(String, String)
04:50:03.0 (44687360)|METHOD_EXIT|[17]||System.EncodingUtil.urlDecode(String, String)
04:50:03.0 (44694143)|HEAP_ALLOCATE|[EXTERNAL]|Bytes:4
04:50:03.0 (44698069)|HEAP_ALLOCATE|[15]|Bytes:4
04:50:03.0 (44701996)|VARIABLE_ASSIGNMENT|[15]|i|6
04:50:03.0 (44709545)|STATEMENT_EXECUTE|[15]
04:50:03.0 (44710463)|STATEMENT_EXECUTE|[16]
04:50:03.0 (44713242)|HEAP_ALLOCATE|[16]|Bytes:18
04:50:03.0 (44717643)|METHOD_ENTRY|[16]||System.EncodingUtil.urlDecode(String, String)
04:50:03.0 (44730987)|METHOD_EXIT|[16]||System.EncodingUtil.urlDecode(String, String)
04:50:03.0 (44734991)|HEAP_ALLOCATE|[17]|Bytes:11
04:50:03.0 (44739188)|METHOD_ENTRY|[17]||System.EncodingUtil.urlDecode(String, String)
04:50:03.0 (44751528)|METHOD_EXIT|[17]||System.EncodingUtil.urlDecode(String, String)
04:50:03.0 (44758307)|HEAP_ALLOCATE|[EXTERNAL]|Bytes:4
04:50:03.0 (44762380)|HEAP_ALLOCATE|[15]|Bytes:4
04:50:03.0 (44766540)|VARIABLE_ASSIGNMENT|[15]|i|7
04:50:03.0 (44774210)|STATEMENT_EXECUTE|[15]
04:50:03.0 (44775158)|STATEMENT_EXECUTE|[16]
04:50:03.0 (44777979)|HEAP_ALLOCATE|[16]|Bytes:18
04:50:03.0 (44782414)|METHOD_ENTRY|[16]||System.EncodingUtil.urlDecode(String, String)
04:50:03.0 (44795385)|METHOD_EXIT|[16]||System.EncodingUtil.urlDecode(String, String)
04:50:03.0 (44799280)|HEAP_ALLOCATE|[17]|Bytes:9
04:50:03.0 (44803617)|METHOD_ENTRY|[17]||System.EncodingUtil.urlDecode(String, String)
04:50:03.0 (44815296)|METHOD_EXIT|[17]||System.EncodingUtil.urlDecode(String, String)
04:50:03.0 (44821806)|HEAP_ALLOCATE|[EXTERNAL]|Bytes:4
04:50:03.0 (44825972)|HEAP_ALLOCATE|[15]|Bytes:4
04:50:03.0 (44829759)|VARIABLE_ASSIGNMENT|[15]|i|8
04:50:03.0 (44837764)|STATEMENT_EXECUTE|[15]
04:50:03.0 (44838812)|STATEMENT_EXECUTE|[16]
04:50:03.0 (44841487)|HEAP_ALLOCATE|[16]|Bytes:18
04:50:03.0 (44845839)|METHOD_ENTRY|[16]||System.EncodingUtil.urlDecode(String, String)
04:50:03.0 (44858921)|METHOD_EXIT|[16]||System.EncodingUtil.urlDecode(String, String)
04:50:03.0 (44863122)|HEAP_ALLOCATE|[17]|Bytes:5
04:50:03.0 (44867482)|METHOD_ENTRY|[17]||System.EncodingUtil.urlDecode(String, String)
04:50:03.0 (44879074)|METHOD_EXIT|[17]||System.EncodingUtil.urlDecode(String, String)
04:50:03.0 (44885571)|HEAP_ALLOCATE|[EXTERNAL]|Bytes:4
04:50:03.0 (44889654)|HEAP_ALLOCATE|[15]|Bytes:4
04:50:03.0 (44893417)|VARIABLE_ASSIGNMENT|[15]|i|9
04:50:03.0 (44900832)|STATEMENT_EXECUTE|[15]
04:50:03.0 (44901785)|STATEMENT_EXECUTE|[16]
04:50:03.0 (44904428)|HEAP_ALLOCATE|[16]|Bytes:18
04:50:03.0 (44908755)|METHOD_ENTRY|[16]||System.EncodingUtil.urlDecode(String, String)
04:50:03.0 (44921313)|METHOD_EXIT|[16]||System.EncodingUtil.urlDecode(String, String)
04:50:03.0 (44925267)|HEAP_ALLOCATE|[17]|Bytes:7
04:50:03.0 (44929491)|METHOD_ENTRY|[17]||System.EncodingUtil.urlDecode(String, String)
04:50:03.0 (44940823)|METHOD_EXIT|[17]||System.EncodingUtil.urlDecode(String, String)
04:50:03.0 (44947105)|HEAP_ALLOCATE|[EXTERNAL]|Bytes:4
04:50:03.0 (44951179)|HEAP_ALLOCATE|[15]|Bytes:4
04:50:03.0 (44954843)|VARIABLE_ASSIGNMENT|[15]|i|10
04:50:03.0 (44962456)|STATEMENT_EXECUTE|[15]
04:50:03.0 (44963351)|STATEMENT_EXECUTE|[16]
04:50:03.0 (44966200)|HEAP_ALLOCATE|[16]|Bytes:18
04:50:03.0 (44970426)|METHOD_ENTRY|[16]||System.EncodingUtil.urlDecode(String, String)
04:50:03.0 (44983495)|METHOD_EXIT|[16]||System.EncodingUtil.urlDecode(String, String)
04:50:03.0 (44987601)|HEAP_ALLOCATE|[17]|Bytes:13
04:50:03.0 (44992098)|METHOD_ENTRY|[17]||System.EncodingUtil.urlDecode(String, String)
04:50:03.0 (45004887)|METHOD_EXIT|[17]||System.EncodingUtil.urlDecode(String, String)
04:50:03.0 (45011966)|HEAP_ALLOCATE|[EXTERNAL]|Bytes:4
04:50:03.0 (45015594)|HEAP_ALLOCATE|[15]|Bytes:4
04:50:03.0 (45020051)|VARIABLE_ASSIGNMENT|[15]|i|11
04:50:03.0 (45027663)|STATEMENT_EXECUTE|[15]
04:50:03.0 (45028631)|STATEMENT_EXECUTE|[16]
04:50:03.0 (45031301)|HEAP_ALLOCATE|[16]|Bytes:18
04:50:03.0 (45036097)|METHOD_ENTRY|[16]||System.EncodingUtil.urlDecode(String, String)
04:50:03.0 (45048970)|METHOD_EXIT|[16]||System.EncodingUtil.urlDecode(String, String)
04:50:03.0 (45053562)|HEAP_ALLOCATE|[17]|Bytes:8
04:50:03.0 (45057421)|METHOD_ENTRY|[17]||System.EncodingUtil.urlDecode(String, String)
04:50:03.0 (45069109)|METHOD_EXIT|[17]||System.EncodingUtil.urlDecode(String, String)
04:50:03.0 (45075345)|HEAP_ALLOCATE|[EXTERNAL]|Bytes:4
04:50:03.0 (45079013)|HEAP_ALLOCATE|[15]|Bytes:4
04:50:03.0 (45083686)|VARIABLE_ASSIGNMENT|[15]|i|12
04:50:03.0 (45091085)|STATEMENT_EXECUTE|[15]
04:50:03.0 (45092010)|STATEMENT_EXECUTE|[16]
04:50:03.0 (45094573)|HEAP_ALLOCATE|[16]|Bytes:18
04:50:03.0 (45099475)|METHOD_ENTRY|[16]||System.EncodingUtil.urlDecode(String, String)
04:50:03.0 (45117776)|METHOD_EXIT|[16]||System.EncodingUtil.urlDecode(String, String)
04:50:03.0 (45122411)|HEAP_ALLOCATE|[17]|Bytes:11
04:50:03.0 (45126641)|METHOD_ENTRY|[17]||System.EncodingUtil.urlDecode(String, String)
04:50:03.0 (45139336)|METHOD_EXIT|[17]||System.EncodingUtil.urlDecode(String, String)
04:50:03.0 (45146081)|HEAP_ALLOCATE|[EXTERNAL]|Bytes:4
04:50:03.0 (45150102)|HEAP_ALLOCATE|[15]|Bytes:4
04:50:03.0 (45154459)|VARIABLE_ASSIGNMENT|[15]|i|13
04:50:03.0 (45163756)|STATEMENT_EXECUTE|[15]
04:50:03.0 (45165086)|STATEMENT_EXECUTE|[16]
04:50:03.0 (45168825)|HEAP_ALLOCATE|[16]|Bytes:18
04:50:03.0 (45175914)|METHOD_ENTRY|[16]||System.EncodingUtil.urlDecode(String, String)
04:50:03.0 (45196450)|METHOD_EXIT|[16]||System.EncodingUtil.urlDecode(String, String)
04:50:03.0 (45203669)|HEAP_ALLOCATE|[17]|Bytes:9
04:50:03.0 (45210509)|METHOD_ENTRY|[17]||System.EncodingUtil.urlDecode(String, String)
04:50:03.0 (45228811)|METHOD_EXIT|[17]||System.EncodingUtil.urlDecode(String, String)
04:50:03.0 (45238857)|HEAP_ALLOCATE|[EXTERNAL]|Bytes:4
04:50:03.0 (45244878)|HEAP_ALLOCATE|[15]|Bytes:4
04:50:03.0 (45250980)|VARIABLE_ASSIGNMENT|[15]|i|14
04:50:03.0 (45262422)|STATEMENT_EXECUTE|[15]
04:50:03.0 (45263834)|STATEMENT_EXECUTE|[16]
04:50:03.0 (45268001)|HEAP_ALLOCATE|[16]|Bytes:18
04:50:03.0 (45275078)|METHOD_ENTRY|[16]||System.EncodingUtil.urlDecode(String, String)
04:50:03.0 (45295400)|METHOD_EXIT|[16]||System.EncodingUtil.urlDecode(String, String)
04:50:03.0 (45302046)|HEAP_ALLOCATE|[17]|Bytes:5
04:50:03.0 (45307854)|METHOD_ENTRY|[17]||System.EncodingUtil.urlDecode(String, String)
04:50:03.0 (45326084)|METHOD_EXIT|[17]||System.EncodingUtil.urlDecode(String, String)
04:50:03.0 (45336542)|HEAP_ALLOCATE|[EXTERNAL]|Bytes:4
04:50:03.0 (45342721)|HEAP_ALLOCATE|[15]|Bytes:4
04:50:03.0 (45348919)|VARIABLE_ASSIGNMENT|[15]|i|15
04:50:03.0 (45361351)|STATEMENT_EXECUTE|[15]
04:50:03.0 (45363103)|STATEMENT_EXECUTE|[16]
04:50:03.0 (45367746)|HEAP_ALLOCATE|[16]|Bytes:18
04:50:03.0 (45375637)|METHOD_ENTRY|[16]||System.EncodingUtil.urlDecode(String, String)
04:50:03.0 (45395974)|METHOD_EXIT|[16]||System.EncodingUtil.urlDecode(String, String)
04:50:03.0 (45402907)|HEAP_ALLOCATE|[17]|Bytes:7
04:50:03.0 (45408861)|METHOD_ENTRY|[17]||System.EncodingUtil.urlDecode(String, String)
04:50:03.0 (45427423)|METHOD_EXIT|[17]||System.EncodingUtil.urlDecode(String, String)
04:50:03.0 (45437696)|HEAP_ALLOCATE|[EXTERNAL]|Bytes:4
04:50:03.0 (45444321)|HEAP_ALLOCATE|[15]|Bytes:4
04:50:03.0 (45451562)|VARIABLE_ASSIGNMENT|[15]|i|16
04:50:03.0 (45472447)|METHOD_EXIT|[25]|01p7F00000Ehg8E|MultiselectController.setOptions(List<System.SelectOption>, String)
04:50:03.0 (45480802)|SYSTEM_MODE_EXIT|false
04:50:03.0 (45570416)|SYSTEM_MODE_ENTER|true
04:50:03.0 (45642301)|HEAP_ALLOCATE|[EXTERNAL]|Bytes:20
04:50:03.0 (45652996)|HEAP_ALLOCATE|[EXTERNAL]|Bytes:60
04:50:03.0 (45694882)|VARIABLE_ASSIGNMENT|[EXTERNAL]|this|{"leftOptions":"0x6405192e","leftOptionsHidden":"0057F000000TrBGQA0&R (437 more) ...","rightOptions":"0x352f6d2f","rightOptionsHidden":"0057F000000TpdFQAS&M (40 more) ..."}|0x69e71382
04:50:03.0 (45711597)|VARIABLE_ASSIGNMENT|[EXTERNAL]|value|"0057F000000TpdFQAS&M (40 more) ..."
04:50:03.0 (45740123)|SYSTEM_MODE_ENTER|false
04:50:03.0 (45751184)|HEAP_ALLOCATE|[32]|Bytes:5
04:50:03.0 (45757863)|STATEMENT_EXECUTE|[31]
04:50:03.0 (45759911)|STATEMENT_EXECUTE|[32]
04:50:03.0 (45775344)|VARIABLE_ASSIGNMENT|[32]|this.rightOptionsHidden|"0057F000000TpdFQAS&M (40 more) ..."|0x69e71382
04:50:03.0 (45783796)|STATEMENT_EXECUTE|[33]
04:50:03.0 (45845563)|VARIABLE_ASSIGNMENT|[EXTERNAL]|this|{"leftOptions":"0x6405192e","leftOptionsHidden":"0057F000000TrBGQA0&R (437 more) ...","rightOptions":"0x352f6d2f","rightOptionsHidden":"0057F000000TpdFQAS&M (40 more) ..."}|0x69e71382
04:50:03.0 (45877610)|METHOD_ENTRY|[33]|01p7F00000Ehg8E|MultiselectController.setOptions(List<System.SelectOption>, String)
04:50:03.0 (45886153)|VARIABLE_SCOPE_BEGIN|[12]|this|MultiselectController|true|false
04:50:03.0 (45917115)|VARIABLE_ASSIGNMENT|[12]|this|{"leftOptions":"0x6405192e","leftOptionsHidden":"0057F000000TrBGQA0&R (437 more) ...","rightOptions":"0x352f6d2f","rightOptionsHidden":"0057F000000TpdFQAS&M (40 more) ..."}|0x69e71382
04:50:03.0 (45927463)|VARIABLE_SCOPE_BEGIN|[12]|options|List<System.SelectOption>|true|false
04:50:03.0 (46097686)|VARIABLE_ASSIGNMENT|[12]|options|"common.apex.runtime.impl.ScalarList@42e811b8"|0x352f6d2f
04:50:03.0 (46114016)|VARIABLE_SCOPE_BEGIN|[12]|value|String|false|false
04:50:03.0 (46126356)|VARIABLE_ASSIGNMENT|[12]|value|"0057F000000TpdFQAS&M (40 more) ..."
04:50:03.0 (46154939)|HEAP_ALLOCATE|[13]|Bytes:5
04:50:03.0 (46163382)|STATEMENT_EXECUTE|[12]
04:50:03.0 (46164984)|STATEMENT_EXECUTE|[13]
04:50:03.0 (46182090)|STATEMENT_EXECUTE|[14]
04:50:03.0 (46221915)|HEAP_ALLOCATE|[14]|Bytes:18
04:50:03.0 (46229735)|HEAP_ALLOCATE|[14]|Bytes:13
04:50:03.0 (46233486)|HEAP_ALLOCATE|[14]|Bytes:18
04:50:03.0 (46237524)|HEAP_ALLOCATE|[14]|Bytes:8
04:50:03.0 (46242878)|HEAP_ALLOCATE|[14]|Bytes:20
04:50:03.0 (46259167)|VARIABLE_SCOPE_BEGIN|[14]|parts|List<String>|true|false
04:50:03.0 (46289346)|HEAP_ALLOCATE|[EXTERNAL]|Bytes:20
04:50:03.0 (46302406)|VARIABLE_ASSIGNMENT|[14]|parts|["0057F000000TpdFQAS","Mani%20Sasank","0057F000000TrBBQA0","Santhosh"]|0x5c041858
04:50:03.0 (46311160)|STATEMENT_EXECUTE|[15]
04:50:03.0 (46315624)|VARIABLE_SCOPE_BEGIN|[15]|i|Integer|false|false
04:50:03.0 (46323770)|HEAP_ALLOCATE|[15]|Bytes:4
04:50:03.0 (46330662)|VARIABLE_ASSIGNMENT|[15]|i|0
04:50:03.0 (46347245)|STATEMENT_EXECUTE|[15]
04:50:03.0 (46348872)|STATEMENT_EXECUTE|[16]
04:50:03.0 (46354990)|HEAP_ALLOCATE|[16]|Bytes:18
04:50:03.0 (46365394)|METHOD_ENTRY|[16]||System.EncodingUtil.urlDecode(String, String)
04:50:03.0 (46397140)|METHOD_EXIT|[16]||System.EncodingUtil.urlDecode(String, String)
04:50:03.0 (46410556)|HEAP_ALLOCATE|[17]|Bytes:13
04:50:03.0 (46416860)|METHOD_ENTRY|[17]||System.EncodingUtil.urlDecode(String, String)
04:50:03.0 (46433373)|METHOD_EXIT|[17]||System.EncodingUtil.urlDecode(String, String)
04:50:03.0 (46444008)|HEAP_ALLOCATE|[EXTERNAL]|Bytes:4
04:50:03.0 (46448956)|HEAP_ALLOCATE|[15]|Bytes:4
04:50:03.0 (46454703)|VARIABLE_ASSIGNMENT|[15]|i|1
04:50:03.0 (46463950)|STATEMENT_EXECUTE|[15]
04:50:03.0 (46465034)|STATEMENT_EXECUTE|[16]
04:50:03.0 (46468183)|HEAP_ALLOCATE|[16]|Bytes:18
04:50:03.0 (46473629)|METHOD_ENTRY|[16]||System.EncodingUtil.urlDecode(String, String)
04:50:03.0 (46487971)|METHOD_EXIT|[16]||System.EncodingUtil.urlDecode(String, String)
04:50:03.0 (46492218)|HEAP_ALLOCATE|[17]|Bytes:8
04:50:03.0 (46497147)|METHOD_ENTRY|[17]||System.EncodingUtil.urlDecode(String, String)
04:50:03.0 (46512366)|METHOD_EXIT|[17]||System.EncodingUtil.urlDecode(String, String)
04:50:03.0 (46519713)|HEAP_ALLOCATE|[EXTERNAL]|Bytes:4
04:50:03.0 (46523897)|HEAP_ALLOCATE|[15]|Bytes:4
04:50:03.0 (46529195)|VARIABLE_ASSIGNMENT|[15]|i|2
04:50:03.0 (46542085)|METHOD_EXIT|[33]|01p7F00000Ehg8E|MultiselectController.setOptions(List<System.SelectOption>, String)
04:50:03.0 (46547454)|SYSTEM_MODE_EXIT|false
04:50:03.0 (46659244)|SYSTEM_MODE_ENTER|true
04:50:03.0 (46703502)|HEAP_ALLOCATE|[EXTERNAL]|Bytes:68
04:50:03.0 (46707754)|HEAP_ALLOCATE|[EXTERNAL]|Bytes:20
04:50:03.0 (46717532)|VARIABLE_ASSIGNMENT|[EXTERNAL]|this.leftOptions|"List of size 16 too large to display"|0x69e71382
04:50:03.0 (46782565)|SYSTEM_MODE_ENTER|true
04:50:03.0 (46807784)|HEAP_ALLOCATE|[EXTERNAL]|Bytes:12
04:50:03.0 (46811679)|HEAP_ALLOCATE|[EXTERNAL]|Bytes:20
04:50:03.0 (46879588)|VARIABLE_ASSIGNMENT|[EXTERNAL]|this.rightOptions|"common.apex.runtime.impl.ScalarList@42e811b8"|0x69e71382
04:50:03.0 (47752466)|HEAP_ALLOCATE|[EXTERNAL]|Bytes:24
04:50:03.0 (47764041)|VARIABLE_SCOPE_BEGIN|[79]|this|Project_PM_Controller|true|false
04:50:03.0 (47886364)|VARIABLE_ASSIGNMENT|[79]|this|{"controller":"StandardController [[Project__c (Client__c:a047F000002zkUjQAI, Company_project_code__c:334, Name:9652, Units__c:false, Nodes__c:false, Footage__c:false, Miles__c:false, Jobs__c:false, Hours__c:false, QA__c:100)]]","project":"0x49f47fa2","saveAndNew":2,"selectedUsers":"0x352f6d2f","usersList":"0x6405192e"}|0x6df56440
04:50:03.0 (47906748)|SYSTEM_MODE_ENTER|false
04:50:03.0 (47913376)|HEAP_ALLOCATE|[80]|Bytes:5
04:50:03.0 (47917669)|STATEMENT_EXECUTE|[79]
04:50:03.0 (47918776)|STATEMENT_EXECUTE|[80]
04:50:03.0 (47921530)|HEAP_ALLOCATE|[80]|Bytes:4
04:50:03.0 (47930034)|VARIABLE_ASSIGNMENT|[80]|this.saveAndNew|2|0x6df56440
04:50:03.0 (47934529)|STATEMENT_EXECUTE|[81]
04:50:03.0 (47947674)|METHOD_ENTRY|[81]|01p7F00000EhPEd|Project_PM_Controller.customSave()
04:50:03.0 (47968576)|VARIABLE_SCOPE_BEGIN|[24]|this|Project_PM_Controller|true|false
04:50:03.0 (48053885)|VARIABLE_ASSIGNMENT|[24]|this|{"controller":"StandardController [[Project__c (Client__c:a047F000002zkUjQAI, Company_project_code__c:334, Name:9652, Units__c:false, Nodes__c:false, Footage__c:false, Miles__c:false, Jobs__c:false, Hours__c:false, QA__c:100)]]","project":"0x49f47fa2","saveAndNew":2,"selectedUsers":"0x352f6d2f","usersList":"0x6405192e"}|0x6df56440
04:50:03.0 (48074180)|HEAP_ALLOCATE|[25]|Bytes:5
04:50:03.0 (48078576)|STATEMENT_EXECUTE|[24]
04:50:03.0 (48080122)|STATEMENT_EXECUTE|[25]
04:50:03.0 (48113656)|HEAP_ALLOCATE|[25]|Bytes:4
04:50:03.0 (48229964)|VARIABLE_SCOPE_BEGIN|[25]|newProject|Project__c|true|false
04:50:03.0 (48246113)|VARIABLE_ASSIGNMENT|[25]|newProject|{}|0x6d6efff1
04:50:03.0 (48250918)|STATEMENT_EXECUTE|[26]
04:50:03.0 (48350481)|VARIABLE_ASSIGNMENT|[26]|this.Client__c|"a047F000002zkUjQAI"|0x6d6efff1
04:50:03.0 (48357602)|STATEMENT_EXECUTE|[27]
04:50:03.0 (48379232)|VARIABLE_ASSIGNMENT|[27]|this.End_Customer__c|null|0x6d6efff1
04:50:03.0 (48384471)|STATEMENT_EXECUTE|[28]
04:50:03.0 (48399696)|VARIABLE_ASSIGNMENT|[28]|this.Operation_Region__c|null|0x6d6efff1
04:50:03.0 (48404430)|STATEMENT_EXECUTE|[29]
04:50:03.0 (48417943)|VARIABLE_ASSIGNMENT|[29]|this.Work_Region__c|null|0x6d6efff1
04:50:03.0 (48422524)|STATEMENT_EXECUTE|[30]
04:50:03.0 (48436083)|VARIABLE_ASSIGNMENT|[30]|this.Client_Project_Manager__c|null|0x6d6efff1
04:50:03.0 (48440739)|STATEMENT_EXECUTE|[31]
04:50:03.0 (48453703)|VARIABLE_ASSIGNMENT|[31]|this.Project_code__c|null|0x6d6efff1
04:50:03.0 (48458233)|STATEMENT_EXECUTE|[32]
04:50:03.0 (48477856)|VARIABLE_ASSIGNMENT|[32]|this.Company_project_code__c|"334"|0x6d6efff1
04:50:03.0 (48483144)|STATEMENT_EXECUTE|[33]
04:50:03.0 (48511723)|VARIABLE_ASSIGNMENT|[33]|this.Name|"9652"|0x6d6efff1
04:50:03.0 (48516791)|STATEMENT_EXECUTE|[34]
04:50:03.0 (48532391)|VARIABLE_ASSIGNMENT|[34]|this.Project_Scope__c|null|0x6d6efff1
04:50:03.0 (48537098)|STATEMENT_EXECUTE|[35]
04:50:03.0 (48550575)|VARIABLE_ASSIGNMENT|[35]|this.Cost_Centre__c|null|0x6d6efff1
04:50:03.0 (48555257)|STATEMENT_EXECUTE|[36]
04:50:03.0 (48579131)|VARIABLE_ASSIGNMENT|[36]|this.OffshoreProjectManager__c|null|0x6d6efff1
04:50:03.0 (48584191)|STATEMENT_EXECUTE|[37]
04:50:03.0 (48604035)|VARIABLE_ASSIGNMENT|[37]|this.Team_Lead__c|null|0x6d6efff1
04:50:03.0 (48609062)|STATEMENT_EXECUTE|[38]
04:50:03.0 (48624188)|VARIABLE_ASSIGNMENT|[38]|this.Project_Start_Date__c|null|0x6d6efff1
04:50:03.0 (48628854)|STATEMENT_EXECUTE|[39]
04:50:03.0 (48643175)|VARIABLE_ASSIGNMENT|[39]|this.Project_End_Date__c|null|0x6d6efff1
04:50:03.0 (48647970)|STATEMENT_EXECUTE|[40]
04:50:03.0 (48669995)|VARIABLE_ASSIGNMENT|[40]|this.Units__c|false|0x6d6efff1
04:50:03.0 (48675526)|STATEMENT_EXECUTE|[41]
04:50:03.0 (48693415)|VARIABLE_ASSIGNMENT|[41]|this.Nodes__c|false|0x6d6efff1
04:50:03.0 (48698610)|STATEMENT_EXECUTE|[42]
04:50:03.0 (48716511)|VARIABLE_ASSIGNMENT|[42]|this.Footage__c|false|0x6d6efff1
04:50:03.0 (48721350)|STATEMENT_EXECUTE|[43]
04:50:03.0 (48739783)|VARIABLE_ASSIGNMENT|[43]|this.Miles__c|false|0x6d6efff1
04:50:03.0 (48745340)|STATEMENT_EXECUTE|[44]
04:50:03.0 (48763345)|VARIABLE_ASSIGNMENT|[44]|this.Jobs__c|false|0x6d6efff1
04:50:03.0 (48768683)|STATEMENT_EXECUTE|[45]
04:50:03.0 (48786654)|VARIABLE_ASSIGNMENT|[45]|this.Hours__c|false|0x6d6efff1
04:50:03.0 (48791655)|STATEMENT_EXECUTE|[46]
04:50:03.0 (48806537)|VARIABLE_ASSIGNMENT|[46]|this.Production__c|null|0x6d6efff1
04:50:03.0 (48811465)|STATEMENT_EXECUTE|[47]
04:50:03.0 (48825816)|VARIABLE_ASSIGNMENT|[47]|this.QC__c|null|0x6d6efff1
04:50:03.0 (48830948)|STATEMENT_EXECUTE|[48]
04:50:03.0 (48857639)|HEAP_ALLOCATE|[48]|Bytes:28
04:50:03.0 (48882065)|VARIABLE_ASSIGNMENT|[48]|this.QA__c|100|0x6d6efff1
04:50:03.0 (48887462)|STATEMENT_EXECUTE|[49]
04:50:03.0 (48905378)|VARIABLE_ASSIGNMENT|[49]|this.Delivery__c|null|0x6d6efff1
04:50:03.0 (48910822)|STATEMENT_EXECUTE|[51]
04:50:03.0 (48913707)|HEAP_ALLOCATE|[51]|Bytes:2
04:50:03.0 (48935565)|VARIABLE_ASSIGNMENT|[51]|this.Team__c|"  "|0x6d6efff1
04:50:03.0 (49052460)|VARIABLE_ASSIGNMENT|[EXTERNAL]|this|{"controller":"StandardController [[Project__c (Client__c:a047F000002zkUjQAI, Company_project_code__c:334, Name:9652, Units__c:false, Nodes__c:false, Footage__c:false, Miles__c:false, Jobs__c:false, Hours__c:false, QA__c:100)]]","project":"0x49f47fa2","saveAndNew":2,"selectedUsers":"0x352f6d2f","usersList":"0x6405192e"}|0x6df56440
04:50:03.0 (49096297)|HEAP_ALLOCATE|[52]|Bytes:5
04:50:03.0 (49117643)|HEAP_ALLOCATE|[52]|Bytes:29
04:50:03.0 (49126007)|VARIABLE_SCOPE_BEGIN|[52]|sc|System.SelectOption|true|false
04:50:03.0 (49183039)|VARIABLE_ASSIGNMENT|[52]|sc|"common.apex.runtime.impl.ApexSelectOptionValue@5cecce32"|0x8face0a
04:50:03.0 (49189950)|STATEMENT_EXECUTE|[52]
04:50:03.0 (49191032)|STATEMENT_EXECUTE|[53]
04:50:03.0 (49236906)|HEAP_ALLOCATE|[53]|Bytes:11
04:50:03.0 (49244763)|HEAP_ALLOCATE|[53]|Bytes:2
04:50:03.0 (49257854)|HEAP_ALLOCATE|[53]|Bytes:13
04:50:03.0 (49262351)|HEAP_ALLOCATE|[53]|Bytes:15
04:50:03.0 (49293736)|VARIABLE_ASSIGNMENT|[53]|this.Team__c|"  Mani Sasank, "|0x6d6efff1
04:50:03.0 (49307988)|HEAP_ALLOCATE|[52]|Bytes:5
04:50:03.0 (49318194)|HEAP_ALLOCATE|[52]|Bytes:26
04:50:03.0 (49323826)|VARIABLE_SCOPE_BEGIN|[52]|sc|System.SelectOption|true|false
04:50:03.0 (49376911)|VARIABLE_ASSIGNMENT|[52]|sc|"common.apex.runtime.impl.ApexSelectOptionValue@23b15e9"|0x7d55c9f7
04:50:03.0 (49383106)|STATEMENT_EXECUTE|[52]
04:50:03.0 (49384451)|STATEMENT_EXECUTE|[53]
04:50:03.0 (49394639)|HEAP_ALLOCATE|[53]|Bytes:8
04:50:03.0 (49402237)|HEAP_ALLOCATE|[53]|Bytes:10
04:50:03.0 (49405488)|HEAP_ALLOCATE|[53]|Bytes:25
04:50:03.0 (49434531)|VARIABLE_ASSIGNMENT|[53]|this.Team__c|"  Mani Sasank, Santh (5 more) ..."|0x6d6efff1
04:50:03.0 (49447818)|HEAP_ALLOCATE|[52]|Bytes:5
04:50:03.0 (49457897)|VARIABLE_ASSIGNMENT|[52]|sc|null|
04:50:03.0 (49462819)|STATEMENT_EXECUTE|[55]
04:50:03.0 (49510356)|HEAP_ALLOCATE|[55]|Bytes:23
04:50:03.0 (49544646)|VARIABLE_ASSIGNMENT|[55]|this.Team__c|"  Mani Sasank, Santh (3 more) ..."|0x6d6efff1
04:50:03.0 (49550811)|STATEMENT_EXECUTE|[57]
04:50:03.0 (49551902)|STATEMENT_EXECUTE|[57]
04:50:03.0 (49552788)|STATEMENT_EXECUTE|[58]
04:50:03.0 (49574894)|HEAP_ALLOCATE|[58]|Bytes:8
04:50:03.0 (49582957)|DML_BEGIN|[58]|Op:Insert|Type:Project__c|Rows:1
04:50:03.0 (49613812)|HEAP_ALLOCATE|[EXTERNAL]|Bytes:8
04:50:03.0 (54455923)|CODE_UNIT_STARTED|[EXTERNAL]|Validation:Project:new
04:50:03.0 (54468275)|VALIDATION_RULE|03d7F0000009D2R|totalpercentage
04:50:03.0 (54709568)|VALIDATION_FORMULA|( IF( ISBLANK(Delivery__c) , 0, Delivery__c)
  +  
IF( ISBLANK(Production__c) , 0, Production__c)
  +
IF( ISBLANK(QC__c) , 0, QC__c)  
 +
IF( ISBLANK(QA__c) , 0, QA__c)
 ) != 100|Delivery__c=null , QC__c=null , QA__c=100 , Production__c=null
04:50:03.0 (54718426)|VALIDATION_PASS
04:50:03.0 (54758397)|CODE_UNIT_FINISHED|Validation:Project:new
04:50:03.0 (72219275)|DML_END|[58]
04:50:03.0 (72312850)|EXCEPTION_THROWN|[58]|System.DmlException: Insert failed. First exception on row 0; first error: DUPLICATE_VALUE, duplicate value found: Company_project_code__c duplicates value on record with id: a057F0000039WFE: []
04:50:03.0 (72565121)|HEAP_ALLOCATE|[58]|Bytes:177
04:50:03.0 (72612130)|VARIABLE_SCOPE_BEGIN|[60]|e|Exception|true|false
04:50:03.0 (72690075)|VARIABLE_ASSIGNMENT|[60]|e|"common.apex.runtime.impl.DmlExecutionException: Insert failed. First exception on row 0; first error: DUPLICATE_VALUE, duplicate value found: Company_project_code__c duplicates value on record with id: a057F0000039WFE: []"|0x5fee84d6
04:50:03.0 (72701919)|STATEMENT_EXECUTE|[60]
04:50:03.0 (72703483)|STATEMENT_EXECUTE|[61]
04:50:03.0 (72885794)|VF_PAGE_MESSAGE|duplicate value found: Company_project_code__c duplicates value on record with id: a057F0000039WFE
04:50:03.0 (72897629)|STATEMENT_EXECUTE|[64]
04:50:03.0 (72987582)|HEAP_ALLOCATE|[64]|Bytes:4
04:50:03.0 (73052644)|VARIABLE_SCOPE_BEGIN|[64]|pjaList|List<ProjectJobAssociation__c>|true|false
04:50:03.0 (73063766)|HEAP_ALLOCATE|[EXTERNAL]|Bytes:4
04:50:03.0 (73073969)|VARIABLE_ASSIGNMENT|[64]|pjaList|[]|0x7fccea37
04:50:03.0 (73229061)|VARIABLE_ASSIGNMENT|[EXTERNAL]|this|{"controller":"StandardController [[Project__c (Client__c:a047F000002zkUjQAI, Company_project_code__c:334, Name:9652, Units__c:false, Nodes__c:false, Footage__c:false, Miles__c:false, Jobs__c:false, Hours__c:false, QA__c:100)]]","project":"0x49f47fa2","saveAndNew":2,"selectedUsers":"0x352f6d2f","usersList":"0x6405192e"}|0x6df56440
04:50:03.0 (73271589)|HEAP_ALLOCATE|[65]|Bytes:5
04:50:03.0 (73288175)|HEAP_ALLOCATE|[65]|Bytes:29
04:50:03.0 (73295713)|VARIABLE_SCOPE_BEGIN|[65]|sc|System.SelectOption|true|false
04:50:03.0 (73360648)|VARIABLE_ASSIGNMENT|[65]|sc|"common.apex.runtime.impl.ApexSelectOptionValue@5cecce32"|0x8face0a
04:50:03.0 (73368942)|STATEMENT_EXECUTE|[65]
04:50:03.0 (73370188)|STATEMENT_EXECUTE|[66]
04:50:03.0 (73400840)|HEAP_ALLOCATE|[66]|Bytes:4
04:50:03.0 (73492098)|VARIABLE_SCOPE_BEGIN|[66]|pja|ProjectJobAssociation__c|true|false
04:50:03.0 (73506621)|VARIABLE_ASSIGNMENT|[66]|pja|{}|0x5c54d5f7
04:50:03.0 (73511893)|STATEMENT_EXECUTE|[67]
04:50:03.0 (74433033)|VARIABLE_ASSIGNMENT|[67]|this.ProjectLink__c|null|0x5c54d5f7
04:50:03.0 (74442104)|STATEMENT_EXECUTE|[68]
04:50:03.0 (74478077)|HEAP_ALLOCATE|[68]|Bytes:18
04:50:03.0 (74499066)|HEAP_ALLOCATE|[68]|Bytes:4
04:50:03.0 (74537674)|VARIABLE_ASSIGNMENT|[68]|this.UserLink__c|"0057F000000TpdFQAS"|0x5c54d5f7
04:50:03.0 (74543487)|STATEMENT_EXECUTE|[69]
04:50:03.0 (74578417)|HEAP_ALLOCATE|[EXTERNAL]|Bytes:4
04:50:03.0 (74595468)|HEAP_ALLOCATE|[65]|Bytes:5
04:50:03.0 (74610716)|HEAP_ALLOCATE|[65]|Bytes:26
04:50:03.0 (74617822)|VARIABLE_SCOPE_BEGIN|[65]|sc|System.SelectOption|true|false
04:50:03.0 (74678250)|VARIABLE_ASSIGNMENT|[65]|sc|"common.apex.runtime.impl.ApexSelectOptionValue@23b15e9"|0x7d55c9f7
04:50:03.0 (74685024)|STATEMENT_EXECUTE|[65]
04:50:03.0 (74686125)|STATEMENT_EXECUTE|[66]
04:50:03.0 (74704524)|HEAP_ALLOCATE|[66]|Bytes:4
04:50:03.0 (74717237)|VARIABLE_SCOPE_BEGIN|[66]|pja|ProjectJobAssociation__c|true|false
04:50:03.0 (74728027)|VARIABLE_ASSIGNMENT|[66]|pja|{}|0x3c1fee99
04:50:03.0 (74732640)|STATEMENT_EXECUTE|[67]
04:50:03.0 (74762994)|VARIABLE_ASSIGNMENT|[67]|this.ProjectLink__c|null|0x3c1fee99
04:50:03.0 (74768172)|STATEMENT_EXECUTE|[68]
04:50:03.0 (74777796)|HEAP_ALLOCATE|[68]|Bytes:18
04:50:03.0 (74786170)|HEAP_ALLOCATE|[68]|Bytes:4
04:50:03.0 (74807552)|VARIABLE_ASSIGNMENT|[68]|this.UserLink__c|"0057F000000TrBBQA0"|0x3c1fee99
04:50:03.0 (74813144)|STATEMENT_EXECUTE|[69]
04:50:03.0 (74820827)|HEAP_ALLOCATE|[EXTERNAL]|Bytes:4
04:50:03.0 (74832702)|HEAP_ALLOCATE|[65]|Bytes:5
04:50:03.0 (74842472)|VARIABLE_ASSIGNMENT|[65]|sc|null|
04:50:03.0 (74846857)|STATEMENT_EXECUTE|[71]
04:50:03.0 (74887200)|DML_BEGIN|[71]|Op:Insert|Type:ProjectJobAssociation__c|Rows:2
04:50:03.0 (74924036)|HEAP_ALLOCATE|[EXTERNAL]|Bytes:12
04:50:03.0 (80680990)|DML_END|[71]
04:50:03.0 (80766245)|VF_PAGE_MESSAGE|Required fields are missing: [Project]
04:50:03.0 (80854855)|EXCEPTION_THROWN|[71]|System.DmlException: Insert failed. First exception on row 0; first error: REQUIRED_FIELD_MISSING, Required fields are missing: [Project]: [Project]
04:50:03.0 (81077598)|HEAP_ALLOCATE|[71]|Bytes:131
04:50:03.0 (81100004)|METHOD_EXIT|[81]|01p7F00000EhPEd|Project_PM_Controller.customSave()
04:50:03.0 (81113374)|SYSTEM_MODE_EXIT|false
04:50:03.0 (81197100)|FATAL_ERROR|System.DmlException: Insert failed. First exception on row 0; first error: REQUIRED_FIELD_MISSING, Required fields are missing: [Project]: [Project]

Class.Project_PM_Controller.customSave: line 71, column 1
Class.Project_PM_Controller.customSaveAndNew: line 81, column 1
