36.0 APEX_CODE,FINEST;APEX_PROFILING,INFO;CALLOUT,INFO;DB,INFO;SYSTEM,DEBUG;VALIDATION,INFO;VISUALFORCE,INFO;WAVE,INFO;WORKFLOW,INFO
04:49:59.0 (268275)|USER_INFO|[EXTERNAL]|0057F000000Tiz6|ksb994@salesforce.com|Pacific Standard Time|GMT-08:00
04:49:59.0 (300289)|EXECUTION_STARTED
04:49:59.0 (303559)|CODE_UNIT_STARTED|[EXTERNAL]|0667F000004uJm5|VF: /apex/PM_Project_New
04:49:59.0 (845857)|VF_DESERIALIZE_VIEWSTATE_BEGIN|0667F000004uJm5
04:49:59.0 (7555230)|HEAP_ALLOCATE|[72]|Bytes:3
04:49:59.0 (7594458)|HEAP_ALLOCATE|[77]|Bytes:152
04:49:59.0 (7609667)|HEAP_ALLOCATE|[342]|Bytes:408
04:49:59.0 (7623538)|HEAP_ALLOCATE|[355]|Bytes:408
04:49:59.0 (7636959)|HEAP_ALLOCATE|[467]|Bytes:48
04:49:59.0 (7661955)|HEAP_ALLOCATE|[139]|Bytes:6
04:49:59.0 (9246980)|HEAP_ALLOCATE|[50]|Bytes:5
04:49:59.0 (9275876)|HEAP_ALLOCATE|[56]|Bytes:5
04:49:59.0 (9285524)|HEAP_ALLOCATE|[64]|Bytes:7
04:49:59.0 (12474275)|VF_DESERIALIZE_VIEWSTATE_END
04:49:59.16 (16778078)|SYSTEM_MODE_ENTER|true
04:49:59.16 (16840814)|HEAP_ALLOCATE|[EXTERNAL]|Bytes:38
04:49:59.16 (16849335)|HEAP_ALLOCATE|[EXTERNAL]|Bytes:7
04:49:59.16 (16859199)|SYSTEM_METHOD_ENTRY|[1]|PageMessagesComponentController.PageMessagesComponentController()
04:49:59.16 (16864000)|STATEMENT_EXECUTE|[1]
04:49:59.17 (17600597)|SYSTEM_MODE_ENTER|true
04:49:59.17 (17645921)|HEAP_ALLOCATE|[EXTERNAL]|Bytes:8
04:49:59.17 (17653624)|VARIABLE_SCOPE_BEGIN|[88]|this|ApexPage.PageMessagesComponentController|true|false
04:49:59.17 (17687518)|VARIABLE_ASSIGNMENT|[88]|this|{}|0x2337522f
04:49:59.17 (17693426)|VARIABLE_SCOPE_BEGIN|[88]|escape|Boolean|false|false
04:49:59.17 (17700292)|VARIABLE_ASSIGNMENT|[88]|escape|null
04:49:59.0 (25963032)|SYSTEM_MODE_ENTER|true
04:49:59.0 (25990657)|HEAP_ALLOCATE|[EXTERNAL]|Bytes:164
04:49:59.0 (25998031)|HEAP_ALLOCATE|[EXTERNAL]|Bytes:12
04:49:59.0 (26005680)|METHOD_ENTRY|[5]|01p7F00000Ehg8E|MultiselectController.MultiselectController()
04:49:59.0 (26010282)|STATEMENT_EXECUTE|[5]
04:49:59.0 (26013806)|STATEMENT_EXECUTE|[5]
04:49:59.0 (26024130)|SYSTEM_MODE_ENTER|false
04:49:59.0 (26030614)|HEAP_ALLOCATE|[EXTERNAL]|Bytes:5
04:49:59.0 (26038681)|SYSTEM_MODE_EXIT|false
04:49:59.0 (26047061)|METHOD_EXIT|[5]|MultiselectController
04:49:59.0 (26207227)|SYSTEM_MODE_ENTER|true
04:49:59.0 (26448060)|SYSTEM_MODE_ENTER|true
04:49:59.0 (26686462)|HEAP_ALLOCATE|[EXTERNAL]|Bytes:92
04:49:59.0 (26694990)|HEAP_ALLOCATE|[EXTERNAL]|Bytes:13
04:49:59.0 (26702258)|METHOD_ENTRY|[1]|01p7F00000EhPEd|Project_PM_Controller.Project_PM_Controller()
04:49:59.0 (26706453)|STATEMENT_EXECUTE|[1]
04:49:59.0 (26709320)|STATEMENT_EXECUTE|[1]
04:49:59.0 (26720643)|SYSTEM_MODE_ENTER|false
04:49:59.0 (26726834)|HEAP_ALLOCATE|[EXTERNAL]|Bytes:5
04:49:59.0 (26733387)|SYSTEM_MODE_EXIT|false
04:49:59.0 (26739528)|METHOD_EXIT|[1]|Project_PM_Controller
04:49:59.0 (26748639)|HEAP_ALLOCATE|[EXTERNAL]|Bytes:24
04:49:59.0 (26754121)|VARIABLE_SCOPE_BEGIN|[16]|this|Project_PM_Controller|true|false
04:49:59.0 (26999935)|VARIABLE_ASSIGNMENT|[16]|this|{"controller":"StandardController [[Project__c (Client__c:a047F000002zkUjQAI, Company_project_code__c:334, Name:9652, Units__c:false, Nodes__c:false, Footage__c:false, Miles__c:false, Jobs__c:false, Hours__c:false, QA__c:100)]]","project":"0x7d608d64","saveAndNew":2,"selectedUsers":"0x4fe1c0c8","usersList":"0x49733984"}|0x31873918
04:49:59.0 (27024284)|SYSTEM_MODE_ENTER|false
04:49:59.0 (27030994)|HEAP_ALLOCATE|[17]|Bytes:5
04:49:59.0 (27035938)|STATEMENT_EXECUTE|[16]
04:49:59.0 (27037187)|STATEMENT_EXECUTE|[17]
04:49:59.0 (27039952)|HEAP_ALLOCATE|[17]|Bytes:62
04:49:59.0 (27055657)|HEAP_ALLOCATE|[17]|Bytes:4
04:49:59.0 (28511042)|SOQL_EXECUTE_BEGIN|[17]|Aggregations:0|SELECT Id, Name FROM User WHERE UserRoleId = '00E7F000000Mdri'
04:49:59.0 (33192412)|SOQL_EXECUTE_END|[17]|Rows:6
04:49:59.0 (33215036)|HEAP_ALLOCATE|[17]|Bytes:28
04:49:59.0 (33235254)|HEAP_ALLOCATE|[17]|Bytes:271
04:49:59.0 (33300340)|HEAP_ALLOCATE|[17]|Bytes:28
04:49:59.0 (33312749)|VARIABLE_SCOPE_BEGIN|[17]|users|List<User>|true|false
04:49:59.0 (33328810)|VARIABLE_ASSIGNMENT|[17]|users|"List of size 6 too large to display"|0x7315385
04:49:59.0 (33468078)|HEAP_ALLOCATE|[18]|Bytes:5
04:49:59.0 (33486143)|HEAP_ALLOCATE|[18]|Bytes:12
04:49:59.0 (33495014)|VARIABLE_SCOPE_BEGIN|[18]|usr|User|true|false
04:49:59.0 (33509543)|VARIABLE_ASSIGNMENT|[18]|usr|{"Id":"0057F000000TpdFQAS","Name":"Mani Sasank"}|0x6c0dcab3
04:49:59.0 (33515585)|STATEMENT_EXECUTE|[18]
04:49:59.0 (33517111)|STATEMENT_EXECUTE|[19]
04:49:59.0 (33559246)|HEAP_ALLOCATE|[19]|Bytes:18
04:49:59.0 (33619944)|HEAP_ALLOCATE|[EXTERNAL]|Bytes:4
04:49:59.0 (33634986)|HEAP_ALLOCATE|[18]|Bytes:5
04:49:59.0 (33644310)|HEAP_ALLOCATE|[18]|Bytes:12
04:49:59.0 (33650023)|VARIABLE_SCOPE_BEGIN|[18]|usr|User|true|false
04:49:59.0 (33661848)|VARIABLE_ASSIGNMENT|[18]|usr|{"Id":"0057F000000TrBBQA0","Name":"Santhosh"}|0x6750568c
04:49:59.0 (33667466)|STATEMENT_EXECUTE|[18]
04:49:59.0 (33668592)|STATEMENT_EXECUTE|[19]
04:49:59.0 (33677094)|HEAP_ALLOCATE|[19]|Bytes:18
04:49:59.0 (33688783)|HEAP_ALLOCATE|[EXTERNAL]|Bytes:4
04:49:59.0 (33697384)|HEAP_ALLOCATE|[18]|Bytes:5
04:49:59.0 (33704609)|HEAP_ALLOCATE|[18]|Bytes:12
04:49:59.0 (33708759)|VARIABLE_SCOPE_BEGIN|[18]|usr|User|true|false
04:49:59.0 (33718699)|VARIABLE_ASSIGNMENT|[18]|usr|{"Id":"0057F000000TrBGQA0","Name":"Ravi teja"}|0x5000089a
04:49:59.0 (33723098)|STATEMENT_EXECUTE|[18]
04:49:59.0 (33724111)|STATEMENT_EXECUTE|[19]
04:49:59.0 (33729635)|HEAP_ALLOCATE|[19]|Bytes:18
04:49:59.0 (33738349)|HEAP_ALLOCATE|[EXTERNAL]|Bytes:4
04:49:59.0 (33745999)|HEAP_ALLOCATE|[18]|Bytes:5
04:49:59.0 (33752223)|HEAP_ALLOCATE|[18]|Bytes:12
04:49:59.0 (33756174)|VARIABLE_SCOPE_BEGIN|[18]|usr|User|true|false
04:49:59.0 (33765049)|VARIABLE_ASSIGNMENT|[18]|usr|{"Id":"0057F000000TrBVQA0","Name":"Yashwanth"}|0x46a8255e
04:49:59.0 (33769748)|STATEMENT_EXECUTE|[18]
04:49:59.0 (33770609)|STATEMENT_EXECUTE|[19]
04:49:59.0 (33775118)|HEAP_ALLOCATE|[19]|Bytes:18
04:49:59.0 (33782882)|HEAP_ALLOCATE|[EXTERNAL]|Bytes:4
04:49:59.0 (33790428)|HEAP_ALLOCATE|[18]|Bytes:5
04:49:59.0 (33796629)|HEAP_ALLOCATE|[18]|Bytes:12
04:49:59.0 (33800755)|VARIABLE_SCOPE_BEGIN|[18]|usr|User|true|false
04:49:59.0 (33808986)|VARIABLE_ASSIGNMENT|[18]|usr|{"Id":"0057F000000Tz0iQAC","Name":"Richa"}|0x44f2376a
04:49:59.0 (33813499)|STATEMENT_EXECUTE|[18]
04:49:59.0 (33814418)|STATEMENT_EXECUTE|[19]
04:49:59.0 (33818911)|HEAP_ALLOCATE|[19]|Bytes:18
04:49:59.0 (33827466)|HEAP_ALLOCATE|[EXTERNAL]|Bytes:4
04:49:59.0 (33834621)|HEAP_ALLOCATE|[18]|Bytes:5
04:49:59.0 (33840316)|HEAP_ALLOCATE|[18]|Bytes:12
04:49:59.0 (33844067)|VARIABLE_SCOPE_BEGIN|[18]|usr|User|true|false
04:49:59.0 (33852658)|VARIABLE_ASSIGNMENT|[18]|usr|{"Id":"0057F000000Tz0sQAC","Name":"Veeresh"}|0x21f3fd4e
04:49:59.0 (33857133)|STATEMENT_EXECUTE|[18]
04:49:59.0 (33858009)|STATEMENT_EXECUTE|[19]
04:49:59.0 (33862470)|HEAP_ALLOCATE|[19]|Bytes:18
04:49:59.0 (33869926)|HEAP_ALLOCATE|[EXTERNAL]|Bytes:4
04:49:59.0 (33876996)|HEAP_ALLOCATE|[18]|Bytes:5
04:49:59.0 (33884100)|VARIABLE_ASSIGNMENT|[18]|usr|null|
04:49:59.0 (33888615)|STATEMENT_EXECUTE|[21]
04:49:59.0 (33894210)|SYSTEM_MODE_EXIT|false
04:49:59.0 (33995433)|SYSTEM_MODE_ENTER|true
04:49:59.0 (34043618)|HEAP_ALLOCATE|[EXTERNAL]|Bytes:116
04:49:59.0 (34052097)|HEAP_ALLOCATE|[EXTERNAL]|Bytes:20
04:49:59.0 (34062744)|VARIABLE_ASSIGNMENT|[EXTERNAL]|this.leftOptions|"List of size 28 too large to display"|0x24345406
04:49:59.0 (34147814)|SYSTEM_MODE_ENTER|true
04:49:59.0 (34211620)|SYSTEM_MODE_ENTER|true
04:49:59.0 (34240589)|HEAP_ALLOCATE|[EXTERNAL]|Bytes:12
04:49:59.0 (34245163)|HEAP_ALLOCATE|[EXTERNAL]|Bytes:20
04:49:59.0 (34358509)|VARIABLE_ASSIGNMENT|[EXTERNAL]|this.rightOptions|"common.apex.runtime.impl.ScalarList@42e811b8"|0x24345406
04:49:59.0 (39816225)|SYSTEM_MODE_ENTER|true
04:49:59.0 (39889410)|SYSTEM_MODE_ENTER|true
04:49:59.41 (41821169)|SYSTEM_MODE_ENTER|true
04:49:59.41 (41867763)|HEAP_ALLOCATE|[EXTERNAL]|Bytes:8
04:49:59.41 (41875509)|VARIABLE_SCOPE_BEGIN|[88]|this|ApexPage.PageMessagesComponentController|true|false
04:49:59.41 (41902572)|VARIABLE_ASSIGNMENT|[88]|this|{}|0x2337522f
04:49:59.41 (41911033)|VARIABLE_SCOPE_BEGIN|[88]|escape|Boolean|false|false
04:49:59.41 (41919528)|VARIABLE_ASSIGNMENT|[88]|escape|null
04:49:59.0 (43883481)|SYSTEM_MODE_ENTER|true
04:49:59.0 (43948981)|HEAP_ALLOCATE|[EXTERNAL]|Bytes:20
04:49:59.0 (43958066)|HEAP_ALLOCATE|[EXTERNAL]|Bytes:457
04:49:59.0 (43997845)|VARIABLE_ASSIGNMENT|[EXTERNAL]|this|{"leftOptions":"0x49733984","leftOptionsHidden":"0057F000000TrBGQA0&R (437 more) ...","rightOptions":"0x4fe1c0c8","rightOptionsHidden":"0057F000000TpdFQAS&M (40 more) ..."}|0x24345406
04:49:59.0 (44013881)|VARIABLE_ASSIGNMENT|[EXTERNAL]|value|"0057F000000TrBGQA0&R (437 more) ..."
04:49:59.0 (44034395)|SYSTEM_MODE_ENTER|false
04:49:59.0 (44043205)|HEAP_ALLOCATE|[24]|Bytes:5
04:49:59.0 (44050120)|STATEMENT_EXECUTE|[23]
04:49:59.0 (44052205)|STATEMENT_EXECUTE|[24]
04:49:59.0 (44063893)|VARIABLE_ASSIGNMENT|[24]|this.leftOptionsHidden|"0057F000000TrBGQA0&R (437 more) ..."|0x24345406
04:49:59.0 (44073071)|STATEMENT_EXECUTE|[25]
04:49:59.0 (44155747)|VARIABLE_ASSIGNMENT|[EXTERNAL]|this|{"leftOptions":"0x49733984","leftOptionsHidden":"0057F000000TrBGQA0&R (437 more) ...","rightOptions":"0x4fe1c0c8","rightOptionsHidden":"0057F000000TpdFQAS&M (40 more) ..."}|0x24345406
04:49:59.0 (44194772)|METHOD_ENTRY|[25]|01p7F00000Ehg8E|MultiselectController.setOptions(List<System.SelectOption>, String)
04:49:59.0 (44205283)|VARIABLE_SCOPE_BEGIN|[12]|this|MultiselectController|true|false
04:49:59.0 (44233234)|VARIABLE_ASSIGNMENT|[12]|this|{"leftOptions":"0x49733984","leftOptionsHidden":"0057F000000TrBGQA0&R (437 more) ...","rightOptions":"0x4fe1c0c8","rightOptionsHidden":"0057F000000TpdFQAS&M (40 more) ..."}|0x24345406
04:49:59.0 (44244426)|VARIABLE_SCOPE_BEGIN|[12]|options|List<System.SelectOption>|true|false
04:49:59.0 (44258049)|VARIABLE_ASSIGNMENT|[12]|options|"List of size 28 too large to display"|0x49733984
04:49:59.0 (44266087)|VARIABLE_SCOPE_BEGIN|[12]|value|String|false|false
04:49:59.0 (44277163)|VARIABLE_ASSIGNMENT|[12]|value|"0057F000000TrBGQA0&R (437 more) ..."
04:49:59.0 (44294124)|HEAP_ALLOCATE|[13]|Bytes:5
04:49:59.0 (44300705)|STATEMENT_EXECUTE|[12]
04:49:59.0 (44302772)|STATEMENT_EXECUTE|[13]
04:49:59.0 (44337087)|STATEMENT_EXECUTE|[14]
04:49:59.0 (44341270)|HEAP_ALLOCATE|[14]|Bytes:1
04:49:59.0 (44426514)|HEAP_ALLOCATE|[14]|Bytes:18
04:49:59.0 (44433598)|HEAP_ALLOCATE|[14]|Bytes:11
04:49:59.0 (44437236)|HEAP_ALLOCATE|[14]|Bytes:18
04:49:59.0 (44440816)|HEAP_ALLOCATE|[14]|Bytes:9
04:49:59.0 (44444392)|HEAP_ALLOCATE|[14]|Bytes:18
04:49:59.0 (44447882)|HEAP_ALLOCATE|[14]|Bytes:5
04:49:59.0 (44452147)|HEAP_ALLOCATE|[14]|Bytes:18
04:49:59.0 (44455609)|HEAP_ALLOCATE|[14]|Bytes:7
04:49:59.0 (44459195)|HEAP_ALLOCATE|[14]|Bytes:18
04:49:59.0 (44462966)|HEAP_ALLOCATE|[14]|Bytes:13
04:49:59.0 (44466437)|HEAP_ALLOCATE|[14]|Bytes:18
04:49:59.0 (44470274)|HEAP_ALLOCATE|[14]|Bytes:8
04:49:59.0 (44473934)|HEAP_ALLOCATE|[14]|Bytes:18
04:49:59.0 (44477388)|HEAP_ALLOCATE|[14]|Bytes:11
04:49:59.0 (44480789)|HEAP_ALLOCATE|[14]|Bytes:18
04:49:59.0 (44484232)|HEAP_ALLOCATE|[14]|Bytes:9
04:49:59.0 (44487755)|HEAP_ALLOCATE|[14]|Bytes:18
04:49:59.0 (44491219)|HEAP_ALLOCATE|[14]|Bytes:5
04:49:59.0 (44495431)|HEAP_ALLOCATE|[14]|Bytes:18
04:49:59.0 (44499055)|HEAP_ALLOCATE|[14]|Bytes:7
04:49:59.0 (44502583)|HEAP_ALLOCATE|[14]|Bytes:18
04:49:59.0 (44506086)|HEAP_ALLOCATE|[14]|Bytes:13
04:49:59.0 (44509585)|HEAP_ALLOCATE|[14]|Bytes:18
04:49:59.0 (44513917)|HEAP_ALLOCATE|[14]|Bytes:8
04:49:59.0 (44517448)|HEAP_ALLOCATE|[14]|Bytes:18
04:49:59.0 (44520972)|HEAP_ALLOCATE|[14]|Bytes:11
04:49:59.0 (44524497)|HEAP_ALLOCATE|[14]|Bytes:18
04:49:59.0 (44528015)|HEAP_ALLOCATE|[14]|Bytes:9
04:49:59.0 (44532033)|HEAP_ALLOCATE|[14]|Bytes:18
04:49:59.0 (44535521)|HEAP_ALLOCATE|[14]|Bytes:5
04:49:59.0 (44538999)|HEAP_ALLOCATE|[14]|Bytes:18
04:49:59.0 (44543019)|HEAP_ALLOCATE|[14]|Bytes:7
04:49:59.0 (44547654)|HEAP_ALLOCATE|[14]|Bytes:132
04:49:59.0 (44565741)|VARIABLE_SCOPE_BEGIN|[14]|parts|List<String>|true|false
04:49:59.0 (44600353)|HEAP_ALLOCATE|[EXTERNAL]|Bytes:132
04:49:59.0 (44611248)|VARIABLE_ASSIGNMENT|[14]|parts|"List of size 32 too large to display"|0x2f4da8a8
04:49:59.0 (44620167)|STATEMENT_EXECUTE|[15]
04:49:59.0 (44626071)|VARIABLE_SCOPE_BEGIN|[15]|i|Integer|false|false
04:49:59.0 (44636820)|HEAP_ALLOCATE|[15]|Bytes:4
04:49:59.0 (44644539)|VARIABLE_ASSIGNMENT|[15]|i|0
04:49:59.0 (44679362)|STATEMENT_EXECUTE|[15]
04:49:59.0 (44681254)|STATEMENT_EXECUTE|[16]
04:49:59.0 (44692137)|HEAP_ALLOCATE|[16]|Bytes:18
04:49:59.0 (44699768)|HEAP_ALLOCATE|[16]|Bytes:5
04:49:59.0 (44758928)|HEAP_ALLOCATE|[16]|Bytes:15
04:49:59.0 (44771882)|SYSTEM_METHOD_ENTRY|[1]|EncodingUtil.EncodingUtil()
04:49:59.0 (44776692)|STATEMENT_EXECUTE|[1]
04:49:59.0 (44784067)|SYSTEM_METHOD_EXIT|[1]|EncodingUtil
04:49:59.0 (44797859)|METHOD_ENTRY|[16]||System.EncodingUtil.urlDecode(String, String)
04:49:59.0 (44860074)|METHOD_EXIT|[16]||System.EncodingUtil.urlDecode(String, String)
04:49:59.0 (44872479)|HEAP_ALLOCATE|[17]|Bytes:11
04:49:59.0 (44882380)|METHOD_ENTRY|[17]||System.EncodingUtil.urlDecode(String, String)
04:49:59.0 (44913361)|METHOD_EXIT|[17]||System.EncodingUtil.urlDecode(String, String)
04:49:59.0 (44939898)|HEAP_ALLOCATE|[EXTERNAL]|Bytes:4
04:49:59.0 (44949603)|HEAP_ALLOCATE|[15]|Bytes:4
04:49:59.0 (44958742)|VARIABLE_ASSIGNMENT|[15]|i|1
04:49:59.0 (44973929)|STATEMENT_EXECUTE|[15]
04:49:59.0 (44975666)|STATEMENT_EXECUTE|[16]
04:49:59.0 (44981065)|HEAP_ALLOCATE|[16]|Bytes:18
04:49:59.0 (44989405)|METHOD_ENTRY|[16]||System.EncodingUtil.urlDecode(String, String)
04:49:59.0 (45011838)|METHOD_EXIT|[16]||System.EncodingUtil.urlDecode(String, String)
04:49:59.0 (45020091)|HEAP_ALLOCATE|[17]|Bytes:9
04:49:59.0 (45028052)|METHOD_ENTRY|[17]||System.EncodingUtil.urlDecode(String, String)
04:49:59.0 (45046563)|METHOD_EXIT|[17]||System.EncodingUtil.urlDecode(String, String)
04:49:59.0 (45057836)|HEAP_ALLOCATE|[EXTERNAL]|Bytes:4
04:49:59.0 (45064497)|HEAP_ALLOCATE|[15]|Bytes:4
04:49:59.0 (45071457)|VARIABLE_ASSIGNMENT|[15]|i|2
04:49:59.0 (45085263)|STATEMENT_EXECUTE|[15]
04:49:59.0 (45086924)|STATEMENT_EXECUTE|[16]
04:49:59.0 (45091364)|HEAP_ALLOCATE|[16]|Bytes:18
04:49:59.0 (45098899)|METHOD_ENTRY|[16]||System.EncodingUtil.urlDecode(String, String)
04:49:59.0 (45118616)|METHOD_EXIT|[16]||System.EncodingUtil.urlDecode(String, String)
04:49:59.0 (45130631)|HEAP_ALLOCATE|[17]|Bytes:5
04:49:59.0 (45135760)|METHOD_ENTRY|[17]||System.EncodingUtil.urlDecode(String, String)
04:49:59.0 (45148815)|METHOD_EXIT|[17]||System.EncodingUtil.urlDecode(String, String)
04:49:59.0 (45155925)|HEAP_ALLOCATE|[EXTERNAL]|Bytes:4
04:49:59.0 (45160271)|HEAP_ALLOCATE|[15]|Bytes:4
04:49:59.0 (45165039)|VARIABLE_ASSIGNMENT|[15]|i|3
04:49:59.0 (45174042)|STATEMENT_EXECUTE|[15]
04:49:59.0 (45175029)|STATEMENT_EXECUTE|[16]
04:49:59.0 (45177990)|HEAP_ALLOCATE|[16]|Bytes:18
04:49:59.0 (45182759)|METHOD_ENTRY|[16]||System.EncodingUtil.urlDecode(String, String)
04:49:59.0 (45196247)|METHOD_EXIT|[16]||System.EncodingUtil.urlDecode(String, String)
04:49:59.0 (45202540)|HEAP_ALLOCATE|[17]|Bytes:7
04:49:59.0 (45207360)|METHOD_ENTRY|[17]||System.EncodingUtil.urlDecode(String, String)
04:49:59.0 (45222420)|METHOD_EXIT|[17]||System.EncodingUtil.urlDecode(String, String)
04:49:59.0 (45229063)|HEAP_ALLOCATE|[EXTERNAL]|Bytes:4
04:49:59.0 (45233459)|HEAP_ALLOCATE|[15]|Bytes:4
04:49:59.0 (45237812)|VARIABLE_ASSIGNMENT|[15]|i|4
04:49:59.0 (45246093)|STATEMENT_EXECUTE|[15]
04:49:59.0 (45247056)|STATEMENT_EXECUTE|[16]
04:49:59.0 (45249923)|HEAP_ALLOCATE|[16]|Bytes:18
04:49:59.0 (45254537)|METHOD_ENTRY|[16]||System.EncodingUtil.urlDecode(String, String)
04:49:59.0 (45266715)|METHOD_EXIT|[16]||System.EncodingUtil.urlDecode(String, String)
04:49:59.0 (45270591)|HEAP_ALLOCATE|[17]|Bytes:13
04:49:59.0 (45274942)|METHOD_ENTRY|[17]||System.EncodingUtil.urlDecode(String, String)
04:49:59.0 (45286653)|METHOD_EXIT|[17]||System.EncodingUtil.urlDecode(String, String)
04:49:59.0 (45292319)|HEAP_ALLOCATE|[EXTERNAL]|Bytes:4
04:49:59.0 (45296441)|HEAP_ALLOCATE|[15]|Bytes:4
04:49:59.0 (45300066)|VARIABLE_ASSIGNMENT|[15]|i|5
04:49:59.0 (45308147)|STATEMENT_EXECUTE|[15]
04:49:59.0 (45309124)|STATEMENT_EXECUTE|[16]
04:49:59.0 (45311888)|HEAP_ALLOCATE|[16]|Bytes:18
04:49:59.0 (45316368)|METHOD_ENTRY|[16]||System.EncodingUtil.urlDecode(String, String)
04:49:59.0 (45328581)|METHOD_EXIT|[16]||System.EncodingUtil.urlDecode(String, String)
04:49:59.0 (45332626)|HEAP_ALLOCATE|[17]|Bytes:8
04:49:59.0 (45336696)|METHOD_ENTRY|[17]||System.EncodingUtil.urlDecode(String, String)
04:49:59.0 (45349307)|METHOD_EXIT|[17]||System.EncodingUtil.urlDecode(String, String)
04:49:59.0 (45355127)|HEAP_ALLOCATE|[EXTERNAL]|Bytes:4
04:49:59.0 (45359329)|HEAP_ALLOCATE|[15]|Bytes:4
04:49:59.0 (45362996)|VARIABLE_ASSIGNMENT|[15]|i|6
04:49:59.0 (45370625)|STATEMENT_EXECUTE|[15]
04:49:59.0 (45371712)|STATEMENT_EXECUTE|[16]
04:49:59.0 (45374452)|HEAP_ALLOCATE|[16]|Bytes:18
04:49:59.0 (45378877)|METHOD_ENTRY|[16]||System.EncodingUtil.urlDecode(String, String)
04:49:59.0 (45394472)|METHOD_EXIT|[16]||System.EncodingUtil.urlDecode(String, String)
04:49:59.0 (45401978)|HEAP_ALLOCATE|[17]|Bytes:11
04:49:59.0 (45407291)|METHOD_ENTRY|[17]||System.EncodingUtil.urlDecode(String, String)
04:49:59.0 (45420073)|METHOD_EXIT|[17]||System.EncodingUtil.urlDecode(String, String)
04:49:59.0 (45426447)|HEAP_ALLOCATE|[EXTERNAL]|Bytes:4
04:49:59.0 (45430572)|HEAP_ALLOCATE|[15]|Bytes:4
04:49:59.0 (45434794)|VARIABLE_ASSIGNMENT|[15]|i|7
04:49:59.0 (45442962)|STATEMENT_EXECUTE|[15]
04:49:59.0 (45444005)|STATEMENT_EXECUTE|[16]
04:49:59.0 (45446872)|HEAP_ALLOCATE|[16]|Bytes:18
04:49:59.0 (45451460)|METHOD_ENTRY|[16]||System.EncodingUtil.urlDecode(String, String)
04:49:59.0 (45463474)|METHOD_EXIT|[16]||System.EncodingUtil.urlDecode(String, String)
04:49:59.0 (45467301)|HEAP_ALLOCATE|[17]|Bytes:9
04:49:59.0 (45471522)|METHOD_ENTRY|[17]||System.EncodingUtil.urlDecode(String, String)
04:49:59.0 (45482745)|METHOD_EXIT|[17]||System.EncodingUtil.urlDecode(String, String)
04:49:59.0 (45488554)|HEAP_ALLOCATE|[EXTERNAL]|Bytes:4
04:49:59.0 (45492815)|HEAP_ALLOCATE|[15]|Bytes:4
04:49:59.0 (45496464)|VARIABLE_ASSIGNMENT|[15]|i|8
04:49:59.0 (45504446)|STATEMENT_EXECUTE|[15]
04:49:59.0 (45505401)|STATEMENT_EXECUTE|[16]
04:49:59.0 (45508057)|HEAP_ALLOCATE|[16]|Bytes:18
04:49:59.0 (45512913)|METHOD_ENTRY|[16]||System.EncodingUtil.urlDecode(String, String)
04:49:59.0 (45525349)|METHOD_EXIT|[16]||System.EncodingUtil.urlDecode(String, String)
04:49:59.0 (45529199)|HEAP_ALLOCATE|[17]|Bytes:5
04:49:59.0 (45533220)|METHOD_ENTRY|[17]||System.EncodingUtil.urlDecode(String, String)
04:49:59.0 (45544350)|METHOD_EXIT|[17]||System.EncodingUtil.urlDecode(String, String)
04:49:59.0 (45550401)|HEAP_ALLOCATE|[EXTERNAL]|Bytes:4
04:49:59.0 (45554510)|HEAP_ALLOCATE|[15]|Bytes:4
04:49:59.0 (45558120)|VARIABLE_ASSIGNMENT|[15]|i|9
04:49:59.0 (45565836)|STATEMENT_EXECUTE|[15]
04:49:59.0 (45566797)|STATEMENT_EXECUTE|[16]
04:49:59.0 (45569475)|HEAP_ALLOCATE|[16]|Bytes:18
04:49:59.0 (45573889)|METHOD_ENTRY|[16]||System.EncodingUtil.urlDecode(String, String)
04:49:59.0 (45585869)|METHOD_EXIT|[16]||System.EncodingUtil.urlDecode(String, String)
04:49:59.0 (45590005)|HEAP_ALLOCATE|[17]|Bytes:7
04:49:59.0 (45593921)|METHOD_ENTRY|[17]||System.EncodingUtil.urlDecode(String, String)
04:49:59.0 (45604790)|METHOD_EXIT|[17]||System.EncodingUtil.urlDecode(String, String)
04:49:59.0 (45610718)|HEAP_ALLOCATE|[EXTERNAL]|Bytes:4
04:49:59.0 (45614734)|HEAP_ALLOCATE|[15]|Bytes:4
04:49:59.0 (45618393)|VARIABLE_ASSIGNMENT|[15]|i|10
04:49:59.0 (45626406)|STATEMENT_EXECUTE|[15]
04:49:59.0 (45627337)|STATEMENT_EXECUTE|[16]
04:49:59.0 (45630074)|HEAP_ALLOCATE|[16]|Bytes:18
04:49:59.0 (45634377)|METHOD_ENTRY|[16]||System.EncodingUtil.urlDecode(String, String)
04:49:59.0 (45646256)|METHOD_EXIT|[16]||System.EncodingUtil.urlDecode(String, String)
04:49:59.0 (45649809)|HEAP_ALLOCATE|[17]|Bytes:13
04:49:59.0 (45654589)|METHOD_ENTRY|[17]||System.EncodingUtil.urlDecode(String, String)
04:49:59.0 (45665956)|METHOD_EXIT|[17]||System.EncodingUtil.urlDecode(String, String)
04:49:59.0 (45672715)|HEAP_ALLOCATE|[EXTERNAL]|Bytes:4
04:49:59.0 (45676652)|HEAP_ALLOCATE|[15]|Bytes:4
04:49:59.0 (45680325)|VARIABLE_ASSIGNMENT|[15]|i|11
04:49:59.0 (45688222)|STATEMENT_EXECUTE|[15]
04:49:59.0 (45689154)|STATEMENT_EXECUTE|[16]
04:49:59.0 (45691778)|HEAP_ALLOCATE|[16]|Bytes:18
04:49:59.0 (45696251)|METHOD_ENTRY|[16]||System.EncodingUtil.urlDecode(String, String)
04:49:59.0 (45708040)|METHOD_EXIT|[16]||System.EncodingUtil.urlDecode(String, String)
04:49:59.0 (45711808)|HEAP_ALLOCATE|[17]|Bytes:8
04:49:59.0 (45715955)|METHOD_ENTRY|[17]||System.EncodingUtil.urlDecode(String, String)
04:49:59.0 (45726803)|METHOD_EXIT|[17]||System.EncodingUtil.urlDecode(String, String)
04:49:59.0 (45733099)|HEAP_ALLOCATE|[EXTERNAL]|Bytes:4
04:49:59.0 (45737224)|HEAP_ALLOCATE|[15]|Bytes:4
04:49:59.0 (45740943)|VARIABLE_ASSIGNMENT|[15]|i|12
04:49:59.0 (45748690)|STATEMENT_EXECUTE|[15]
04:49:59.0 (45749652)|STATEMENT_EXECUTE|[16]
04:49:59.0 (45752698)|HEAP_ALLOCATE|[16]|Bytes:18
04:49:59.0 (45757077)|METHOD_ENTRY|[16]||System.EncodingUtil.urlDecode(String, String)
04:49:59.0 (45768832)|METHOD_EXIT|[16]||System.EncodingUtil.urlDecode(String, String)
04:49:59.0 (45772546)|HEAP_ALLOCATE|[17]|Bytes:11
04:49:59.0 (45776629)|METHOD_ENTRY|[17]||System.EncodingUtil.urlDecode(String, String)
04:49:59.0 (45787600)|METHOD_EXIT|[17]||System.EncodingUtil.urlDecode(String, String)
04:49:59.0 (45793376)|HEAP_ALLOCATE|[EXTERNAL]|Bytes:4
04:49:59.0 (45797083)|HEAP_ALLOCATE|[15]|Bytes:4
04:49:59.0 (45800624)|VARIABLE_ASSIGNMENT|[15]|i|13
04:49:59.0 (45808342)|STATEMENT_EXECUTE|[15]
04:49:59.0 (45809330)|STATEMENT_EXECUTE|[16]
04:49:59.0 (45811945)|HEAP_ALLOCATE|[16]|Bytes:18
04:49:59.0 (45816552)|METHOD_ENTRY|[16]||System.EncodingUtil.urlDecode(String, String)
04:49:59.0 (45828188)|METHOD_EXIT|[16]||System.EncodingUtil.urlDecode(String, String)
04:49:59.0 (45831874)|HEAP_ALLOCATE|[17]|Bytes:9
04:49:59.0 (45836131)|METHOD_ENTRY|[17]||System.EncodingUtil.urlDecode(String, String)
04:49:59.0 (45846731)|METHOD_EXIT|[17]||System.EncodingUtil.urlDecode(String, String)
04:49:59.0 (45852718)|HEAP_ALLOCATE|[EXTERNAL]|Bytes:4
04:49:59.0 (45856990)|HEAP_ALLOCATE|[15]|Bytes:4
04:49:59.0 (45860818)|VARIABLE_ASSIGNMENT|[15]|i|14
04:49:59.0 (45868835)|STATEMENT_EXECUTE|[15]
04:49:59.0 (45869800)|STATEMENT_EXECUTE|[16]
04:49:59.0 (45872348)|HEAP_ALLOCATE|[16]|Bytes:18
04:49:59.0 (45876922)|METHOD_ENTRY|[16]||System.EncodingUtil.urlDecode(String, String)
04:49:59.0 (45888837)|METHOD_EXIT|[16]||System.EncodingUtil.urlDecode(String, String)
04:49:59.0 (45892911)|HEAP_ALLOCATE|[17]|Bytes:5
04:49:59.0 (45897278)|METHOD_ENTRY|[17]||System.EncodingUtil.urlDecode(String, String)
04:49:59.0 (45907949)|METHOD_EXIT|[17]||System.EncodingUtil.urlDecode(String, String)
04:49:59.0 (45914284)|HEAP_ALLOCATE|[EXTERNAL]|Bytes:4
04:49:59.0 (45918244)|HEAP_ALLOCATE|[15]|Bytes:4
04:49:59.0 (45921787)|VARIABLE_ASSIGNMENT|[15]|i|15
04:49:59.0 (45929469)|STATEMENT_EXECUTE|[15]
04:49:59.0 (45930443)|STATEMENT_EXECUTE|[16]
04:49:59.0 (45933137)|HEAP_ALLOCATE|[16]|Bytes:18
04:49:59.0 (45937447)|METHOD_ENTRY|[16]||System.EncodingUtil.urlDecode(String, String)
04:49:59.0 (45948943)|METHOD_EXIT|[16]||System.EncodingUtil.urlDecode(String, String)
04:49:59.0 (45952591)|HEAP_ALLOCATE|[17]|Bytes:7
04:49:59.0 (45957788)|METHOD_ENTRY|[17]||System.EncodingUtil.urlDecode(String, String)
04:49:59.0 (45973132)|METHOD_EXIT|[17]||System.EncodingUtil.urlDecode(String, String)
04:49:59.0 (45979657)|HEAP_ALLOCATE|[EXTERNAL]|Bytes:4
04:49:59.0 (45983523)|HEAP_ALLOCATE|[15]|Bytes:4
04:49:59.0 (45987847)|VARIABLE_ASSIGNMENT|[15]|i|16
04:49:59.0 (46001718)|METHOD_EXIT|[25]|01p7F00000Ehg8E|MultiselectController.setOptions(List<System.SelectOption>, String)
04:49:59.0 (46008426)|SYSTEM_MODE_EXIT|false
04:49:59.0 (46065605)|SYSTEM_MODE_ENTER|true
04:49:59.0 (46105763)|HEAP_ALLOCATE|[EXTERNAL]|Bytes:20
04:49:59.0 (46111052)|HEAP_ALLOCATE|[EXTERNAL]|Bytes:60
04:49:59.0 (46152336)|VARIABLE_ASSIGNMENT|[EXTERNAL]|this|{"leftOptions":"0x49733984","leftOptionsHidden":"0057F000000TrBGQA0&R (437 more) ...","rightOptions":"0x4fe1c0c8","rightOptionsHidden":"0057F000000TpdFQAS&M (40 more) ..."}|0x24345406
04:49:59.0 (46163106)|VARIABLE_ASSIGNMENT|[EXTERNAL]|value|"0057F000000TpdFQAS&M (40 more) ..."
04:49:59.0 (46177334)|SYSTEM_MODE_ENTER|false
04:49:59.0 (46183074)|HEAP_ALLOCATE|[32]|Bytes:5
04:49:59.0 (46187219)|STATEMENT_EXECUTE|[31]
04:49:59.0 (46188443)|STATEMENT_EXECUTE|[32]
04:49:59.0 (46197594)|VARIABLE_ASSIGNMENT|[32]|this.rightOptionsHidden|"0057F000000TpdFQAS&M (40 more) ..."|0x24345406
04:49:59.0 (46203643)|STATEMENT_EXECUTE|[33]
04:49:59.0 (46237883)|VARIABLE_ASSIGNMENT|[EXTERNAL]|this|{"leftOptions":"0x49733984","leftOptionsHidden":"0057F000000TrBGQA0&R (437 more) ...","rightOptions":"0x4fe1c0c8","rightOptionsHidden":"0057F000000TpdFQAS&M (40 more) ..."}|0x24345406
04:49:59.0 (46254339)|METHOD_ENTRY|[33]|01p7F00000Ehg8E|MultiselectController.setOptions(List<System.SelectOption>, String)
04:49:59.0 (46259458)|VARIABLE_SCOPE_BEGIN|[12]|this|MultiselectController|true|false
04:49:59.0 (46277092)|VARIABLE_ASSIGNMENT|[12]|this|{"leftOptions":"0x49733984","leftOptionsHidden":"0057F000000TrBGQA0&R (437 more) ...","rightOptions":"0x4fe1c0c8","rightOptionsHidden":"0057F000000TpdFQAS&M (40 more) ..."}|0x24345406
04:49:59.0 (46282715)|VARIABLE_SCOPE_BEGIN|[12]|options|List<System.SelectOption>|true|false
04:49:59.0 (46367060)|VARIABLE_ASSIGNMENT|[12]|options|"common.apex.runtime.impl.ScalarList@42e811b8"|0x4fe1c0c8
04:49:59.0 (46373031)|VARIABLE_SCOPE_BEGIN|[12]|value|String|false|false
04:49:59.0 (46381283)|VARIABLE_ASSIGNMENT|[12]|value|"0057F000000TpdFQAS&M (40 more) ..."
04:49:59.0 (46395385)|HEAP_ALLOCATE|[13]|Bytes:5
04:49:59.0 (46399368)|STATEMENT_EXECUTE|[12]
04:49:59.0 (46400484)|STATEMENT_EXECUTE|[13]
04:49:59.0 (46408827)|STATEMENT_EXECUTE|[14]
04:49:59.0 (46431293)|HEAP_ALLOCATE|[14]|Bytes:18
04:49:59.0 (46435308)|HEAP_ALLOCATE|[14]|Bytes:13
04:49:59.0 (46437383)|HEAP_ALLOCATE|[14]|Bytes:18
04:49:59.0 (46439439)|HEAP_ALLOCATE|[14]|Bytes:8
04:49:59.0 (46442237)|HEAP_ALLOCATE|[14]|Bytes:20
04:49:59.0 (46451826)|VARIABLE_SCOPE_BEGIN|[14]|parts|List<String>|true|false
04:49:59.0 (46472143)|HEAP_ALLOCATE|[EXTERNAL]|Bytes:20
04:49:59.0 (46481045)|VARIABLE_ASSIGNMENT|[14]|parts|["0057F000000TpdFQAS","Mani%20Sasank","0057F000000TrBBQA0","Santhosh"]|0x36aa1896
04:49:59.0 (46486603)|STATEMENT_EXECUTE|[15]
04:49:59.0 (46489681)|VARIABLE_SCOPE_BEGIN|[15]|i|Integer|false|false
04:49:59.0 (46495412)|HEAP_ALLOCATE|[15]|Bytes:4
04:49:59.0 (46499649)|VARIABLE_ASSIGNMENT|[15]|i|0
04:49:59.0 (46510897)|STATEMENT_EXECUTE|[15]
04:49:59.0 (46511817)|STATEMENT_EXECUTE|[16]
04:49:59.0 (46516361)|HEAP_ALLOCATE|[16]|Bytes:18
04:49:59.0 (46523595)|METHOD_ENTRY|[16]||System.EncodingUtil.urlDecode(String, String)
04:49:59.0 (46542830)|METHOD_EXIT|[16]||System.EncodingUtil.urlDecode(String, String)
04:49:59.0 (46547984)|HEAP_ALLOCATE|[17]|Bytes:13
04:49:59.0 (46553066)|METHOD_ENTRY|[17]||System.EncodingUtil.urlDecode(String, String)
04:49:59.0 (46565961)|METHOD_EXIT|[17]||System.EncodingUtil.urlDecode(String, String)
04:49:59.0 (46575086)|HEAP_ALLOCATE|[EXTERNAL]|Bytes:4
04:49:59.0 (46579656)|HEAP_ALLOCATE|[15]|Bytes:4
04:49:59.0 (46584163)|VARIABLE_ASSIGNMENT|[15]|i|1
04:49:59.0 (46592412)|STATEMENT_EXECUTE|[15]
04:49:59.0 (46593434)|STATEMENT_EXECUTE|[16]
04:49:59.0 (46596411)|HEAP_ALLOCATE|[16]|Bytes:18
04:49:59.0 (46601354)|METHOD_ENTRY|[16]||System.EncodingUtil.urlDecode(String, String)
04:49:59.0 (46615113)|METHOD_EXIT|[16]||System.EncodingUtil.urlDecode(String, String)
04:49:59.0 (46619284)|HEAP_ALLOCATE|[17]|Bytes:8
04:49:59.0 (46623345)|METHOD_ENTRY|[17]||System.EncodingUtil.urlDecode(String, String)
04:49:59.0 (46637637)|METHOD_EXIT|[17]||System.EncodingUtil.urlDecode(String, String)
04:49:59.0 (46644476)|HEAP_ALLOCATE|[EXTERNAL]|Bytes:4
04:49:59.0 (46648697)|HEAP_ALLOCATE|[15]|Bytes:4
04:49:59.0 (46652835)|VARIABLE_ASSIGNMENT|[15]|i|2
04:49:59.0 (46665142)|METHOD_EXIT|[33]|01p7F00000Ehg8E|MultiselectController.setOptions(List<System.SelectOption>, String)
04:49:59.0 (46671115)|SYSTEM_MODE_EXIT|false
04:49:59.0 (46775744)|SYSTEM_MODE_ENTER|true
04:49:59.0 (46816289)|HEAP_ALLOCATE|[EXTERNAL]|Bytes:68
04:49:59.0 (46820720)|HEAP_ALLOCATE|[EXTERNAL]|Bytes:20
04:49:59.0 (46829913)|VARIABLE_ASSIGNMENT|[EXTERNAL]|this.leftOptions|"List of size 16 too large to display"|0x24345406
04:49:59.0 (46896967)|SYSTEM_MODE_ENTER|true
04:49:59.0 (46922117)|HEAP_ALLOCATE|[EXTERNAL]|Bytes:12
04:49:59.0 (46926662)|HEAP_ALLOCATE|[EXTERNAL]|Bytes:20
04:49:59.0 (46988666)|VARIABLE_ASSIGNMENT|[EXTERNAL]|this.rightOptions|"common.apex.runtime.impl.ScalarList@42e811b8"|0x24345406
04:49:59.0 (47894600)|HEAP_ALLOCATE|[EXTERNAL]|Bytes:24
04:49:59.0 (47906473)|VARIABLE_SCOPE_BEGIN|[79]|this|Project_PM_Controller|true|false
04:49:59.0 (48021769)|VARIABLE_ASSIGNMENT|[79]|this|{"controller":"StandardController [[Project__c (Client__c:a047F000002zkUjQAI, Company_project_code__c:334, Name:9652, Units__c:false, Nodes__c:false, Footage__c:false, Miles__c:false, Jobs__c:false, Hours__c:false, QA__c:100)]]","project":"0x7d608d64","saveAndNew":2,"selectedUsers":"0x4fe1c0c8","usersList":"0x49733984"}|0x31873918
04:49:59.0 (48044444)|SYSTEM_MODE_ENTER|false
04:49:59.0 (48050578)|HEAP_ALLOCATE|[80]|Bytes:5
04:49:59.0 (48055503)|STATEMENT_EXECUTE|[79]
04:49:59.0 (48057093)|STATEMENT_EXECUTE|[80]
04:49:59.0 (48060040)|HEAP_ALLOCATE|[80]|Bytes:4
04:49:59.0 (48068484)|VARIABLE_ASSIGNMENT|[80]|this.saveAndNew|2|0x31873918
04:49:59.0 (48073291)|STATEMENT_EXECUTE|[81]
04:49:59.0 (48084340)|METHOD_ENTRY|[81]|01p7F00000EhPEd|Project_PM_Controller.customSave()
04:49:59.0 (48104744)|VARIABLE_SCOPE_BEGIN|[24]|this|Project_PM_Controller|true|false
04:49:59.0 (48204983)|VARIABLE_ASSIGNMENT|[24]|this|{"controller":"StandardController [[Project__c (Client__c:a047F000002zkUjQAI, Company_project_code__c:334, Name:9652, Units__c:false, Nodes__c:false, Footage__c:false, Miles__c:false, Jobs__c:false, Hours__c:false, QA__c:100)]]","project":"0x7d608d64","saveAndNew":2,"selectedUsers":"0x4fe1c0c8","usersList":"0x49733984"}|0x31873918
04:49:59.0 (48225614)|HEAP_ALLOCATE|[25]|Bytes:5
04:49:59.0 (48230929)|STATEMENT_EXECUTE|[24]
04:49:59.0 (48232013)|STATEMENT_EXECUTE|[25]
04:49:59.0 (48259561)|HEAP_ALLOCATE|[25]|Bytes:4
04:49:59.0 (48347706)|VARIABLE_SCOPE_BEGIN|[25]|newProject|Project__c|true|false
04:49:59.0 (48363430)|VARIABLE_ASSIGNMENT|[25]|newProject|{}|0x4d683ff5
04:49:59.0 (48368413)|STATEMENT_EXECUTE|[26]
04:49:59.0 (48444475)|VARIABLE_ASSIGNMENT|[26]|this.Client__c|"a047F000002zkUjQAI"|0x4d683ff5
04:49:59.0 (48450532)|STATEMENT_EXECUTE|[27]
04:49:59.0 (48473251)|VARIABLE_ASSIGNMENT|[27]|this.End_Customer__c|null|0x4d683ff5
04:49:59.0 (48478126)|STATEMENT_EXECUTE|[28]
04:49:59.0 (48494496)|VARIABLE_ASSIGNMENT|[28]|this.Operation_Region__c|null|0x4d683ff5
04:49:59.0 (48499169)|STATEMENT_EXECUTE|[29]
04:49:59.0 (48514414)|VARIABLE_ASSIGNMENT|[29]|this.Work_Region__c|null|0x4d683ff5
04:49:59.0 (48519547)|STATEMENT_EXECUTE|[30]
04:49:59.0 (48534238)|VARIABLE_ASSIGNMENT|[30]|this.Client_Project_Manager__c|null|0x4d683ff5
04:49:59.0 (48538897)|STATEMENT_EXECUTE|[31]
04:49:59.0 (48553547)|VARIABLE_ASSIGNMENT|[31]|this.Project_code__c|null|0x4d683ff5
04:49:59.0 (48558779)|STATEMENT_EXECUTE|[32]
04:49:59.0 (48579780)|VARIABLE_ASSIGNMENT|[32]|this.Company_project_code__c|"334"|0x4d683ff5
04:49:59.0 (48584777)|STATEMENT_EXECUTE|[33]
04:49:59.0 (48612435)|VARIABLE_ASSIGNMENT|[33]|this.Name|"9652"|0x4d683ff5
04:49:59.0 (48617457)|STATEMENT_EXECUTE|[34]
04:49:59.0 (48635001)|VARIABLE_ASSIGNMENT|[34]|this.Project_Scope__c|null|0x4d683ff5
04:49:59.0 (48639574)|STATEMENT_EXECUTE|[35]
04:49:59.0 (48655062)|VARIABLE_ASSIGNMENT|[35]|this.Cost_Centre__c|null|0x4d683ff5
04:49:59.0 (48659873)|STATEMENT_EXECUTE|[36]
04:49:59.0 (48684975)|VARIABLE_ASSIGNMENT|[36]|this.OffshoreProjectManager__c|null|0x4d683ff5
04:49:59.0 (48689998)|STATEMENT_EXECUTE|[37]
04:49:59.0 (48711883)|VARIABLE_ASSIGNMENT|[37]|this.Team_Lead__c|null|0x4d683ff5
04:49:59.0 (48717496)|STATEMENT_EXECUTE|[38]
04:49:59.0 (48754784)|VARIABLE_ASSIGNMENT|[38]|this.Project_Start_Date__c|null|0x4d683ff5
04:49:59.0 (48760060)|STATEMENT_EXECUTE|[39]
04:49:59.0 (48776589)|VARIABLE_ASSIGNMENT|[39]|this.Project_End_Date__c|null|0x4d683ff5
04:49:59.0 (48781634)|STATEMENT_EXECUTE|[40]
04:49:59.0 (48806758)|VARIABLE_ASSIGNMENT|[40]|this.Units__c|false|0x4d683ff5
04:49:59.0 (48811664)|STATEMENT_EXECUTE|[41]
04:49:59.0 (48832320)|VARIABLE_ASSIGNMENT|[41]|this.Nodes__c|false|0x4d683ff5
04:49:59.0 (48837128)|STATEMENT_EXECUTE|[42]
04:49:59.0 (48857002)|VARIABLE_ASSIGNMENT|[42]|this.Footage__c|false|0x4d683ff5
04:49:59.0 (48862141)|STATEMENT_EXECUTE|[43]
04:49:59.0 (48882487)|VARIABLE_ASSIGNMENT|[43]|this.Miles__c|false|0x4d683ff5
04:49:59.0 (48887877)|STATEMENT_EXECUTE|[44]
04:49:59.0 (48907871)|VARIABLE_ASSIGNMENT|[44]|this.Jobs__c|false|0x4d683ff5
04:49:59.0 (48912651)|STATEMENT_EXECUTE|[45]
04:49:59.0 (48934032)|VARIABLE_ASSIGNMENT|[45]|this.Hours__c|false|0x4d683ff5
04:49:59.0 (48938777)|STATEMENT_EXECUTE|[46]
04:49:59.0 (48955966)|VARIABLE_ASSIGNMENT|[46]|this.Production__c|null|0x4d683ff5
04:49:59.0 (48960822)|STATEMENT_EXECUTE|[47]
04:49:59.0 (48977104)|VARIABLE_ASSIGNMENT|[47]|this.QC__c|null|0x4d683ff5
04:49:59.0 (48981864)|STATEMENT_EXECUTE|[48]
04:49:59.0 (49007522)|HEAP_ALLOCATE|[48]|Bytes:28
04:49:59.0 (49033209)|VARIABLE_ASSIGNMENT|[48]|this.QA__c|100|0x4d683ff5
04:49:59.0 (49038049)|STATEMENT_EXECUTE|[49]
04:49:59.0 (49057739)|VARIABLE_ASSIGNMENT|[49]|this.Delivery__c|null|0x4d683ff5
04:49:59.0 (49062656)|STATEMENT_EXECUTE|[51]
04:49:59.0 (49065904)|HEAP_ALLOCATE|[51]|Bytes:2
04:49:59.0 (49088952)|VARIABLE_ASSIGNMENT|[51]|this.Team__c|"  "|0x4d683ff5
04:49:59.0 (49212633)|VARIABLE_ASSIGNMENT|[EXTERNAL]|this|{"controller":"StandardController [[Project__c (Client__c:a047F000002zkUjQAI, Company_project_code__c:334, Name:9652, Units__c:false, Nodes__c:false, Footage__c:false, Miles__c:false, Jobs__c:false, Hours__c:false, QA__c:100)]]","project":"0x7d608d64","saveAndNew":2,"selectedUsers":"0x4fe1c0c8","usersList":"0x49733984"}|0x31873918
04:49:59.0 (49252982)|HEAP_ALLOCATE|[52]|Bytes:5
04:49:59.0 (49268658)|HEAP_ALLOCATE|[52]|Bytes:29
04:49:59.0 (49276148)|VARIABLE_SCOPE_BEGIN|[52]|sc|System.SelectOption|true|false
04:49:59.0 (49329165)|VARIABLE_ASSIGNMENT|[52]|sc|"common.apex.runtime.impl.ApexSelectOptionValue@5cecce32"|0x785c51d8
04:49:59.0 (49336409)|STATEMENT_EXECUTE|[52]
04:49:59.0 (49337770)|STATEMENT_EXECUTE|[53]
04:49:59.0 (49381829)|HEAP_ALLOCATE|[53]|Bytes:11
04:49:59.0 (49389781)|HEAP_ALLOCATE|[53]|Bytes:2
04:49:59.0 (49401337)|HEAP_ALLOCATE|[53]|Bytes:13
04:49:59.0 (49405520)|HEAP_ALLOCATE|[53]|Bytes:15
04:49:59.0 (49439939)|VARIABLE_ASSIGNMENT|[53]|this.Team__c|"  Mani Sasank, "|0x4d683ff5
04:49:59.0 (49454389)|HEAP_ALLOCATE|[52]|Bytes:5
04:49:59.0 (49464684)|HEAP_ALLOCATE|[52]|Bytes:26
04:49:59.0 (49470689)|VARIABLE_SCOPE_BEGIN|[52]|sc|System.SelectOption|true|false
04:49:59.0 (49522278)|VARIABLE_ASSIGNMENT|[52]|sc|"common.apex.runtime.impl.ApexSelectOptionValue@23b15e9"|0x160d327d
04:49:59.0 (49529127)|STATEMENT_EXECUTE|[52]
04:49:59.0 (49530332)|STATEMENT_EXECUTE|[53]
04:49:59.0 (49541691)|HEAP_ALLOCATE|[53]|Bytes:8
04:49:59.0 (49549754)|HEAP_ALLOCATE|[53]|Bytes:10
04:49:59.0 (49553066)|HEAP_ALLOCATE|[53]|Bytes:25
04:49:59.0 (49583963)|VARIABLE_ASSIGNMENT|[53]|this.Team__c|"  Mani Sasank, Santh (5 more) ..."|0x4d683ff5
04:49:59.0 (49596841)|HEAP_ALLOCATE|[52]|Bytes:5
04:49:59.0 (49606304)|VARIABLE_ASSIGNMENT|[52]|sc|null|
04:49:59.0 (49610721)|STATEMENT_EXECUTE|[55]
04:49:59.0 (49657183)|HEAP_ALLOCATE|[55]|Bytes:23
04:49:59.0 (49692314)|VARIABLE_ASSIGNMENT|[55]|this.Team__c|"  Mani Sasank, Santh (3 more) ..."|0x4d683ff5
04:49:59.0 (49698378)|STATEMENT_EXECUTE|[57]
04:49:59.0 (49699417)|STATEMENT_EXECUTE|[57]
04:49:59.0 (49700356)|STATEMENT_EXECUTE|[58]
04:49:59.0 (49722418)|HEAP_ALLOCATE|[58]|Bytes:8
04:49:59.0 (49730413)|DML_BEGIN|[58]|Op:Insert|Type:Project__c|Rows:1
04:49:59.0 (49755925)|HEAP_ALLOCATE|[EXTERNAL]|Bytes:8
04:49:59.0 (54526934)|CODE_UNIT_STARTED|[EXTERNAL]|Validation:Project:new
04:49:59.0 (54537870)|VALIDATION_RULE|03d7F0000009D2R|totalpercentage
04:49:59.0 (54819259)|VALIDATION_FORMULA|( IF( ISBLANK(Delivery__c) , 0, Delivery__c)
  +  
IF( ISBLANK(Production__c) , 0, Production__c)
  +
IF( ISBLANK(QC__c) , 0, QC__c)  
 +
IF( ISBLANK(QA__c) , 0, QA__c)
 ) != 100|Delivery__c=null , QC__c=null , QA__c=100 , Production__c=null
04:49:59.0 (54827933)|VALIDATION_PASS
04:49:59.0 (54875357)|CODE_UNIT_FINISHED|Validation:Project:new
04:49:59.0 (69920343)|DML_END|[58]
04:49:59.0 (70004293)|EXCEPTION_THROWN|[58]|System.DmlException: Insert failed. First exception on row 0; first error: DUPLICATE_VALUE, duplicate value found: Company_project_code__c duplicates value on record with id: a057F0000039WFE: []
04:49:59.0 (70243684)|HEAP_ALLOCATE|[58]|Bytes:177
04:49:59.0 (70279379)|VARIABLE_SCOPE_BEGIN|[60]|e|Exception|true|false
04:49:59.0 (70345442)|VARIABLE_ASSIGNMENT|[60]|e|"common.apex.runtime.impl.DmlExecutionException: Insert failed. First exception on row 0; first error: DUPLICATE_VALUE, duplicate value found: Company_project_code__c duplicates value on record with id: a057F0000039WFE: []"|0x7c180914
04:49:59.0 (70355017)|STATEMENT_EXECUTE|[60]
04:49:59.0 (70356505)|STATEMENT_EXECUTE|[61]
04:49:59.0 (70602420)|VF_PAGE_MESSAGE|duplicate value found: Company_project_code__c duplicates value on record with id: a057F0000039WFE
04:49:59.0 (70614342)|STATEMENT_EXECUTE|[64]
04:49:59.0 (70692553)|HEAP_ALLOCATE|[64]|Bytes:4
04:49:59.0 (70752371)|VARIABLE_SCOPE_BEGIN|[64]|pjaList|List<ProjectJobAssociation__c>|true|false
04:49:59.0 (70762858)|HEAP_ALLOCATE|[EXTERNAL]|Bytes:4
04:49:59.0 (70770590)|VARIABLE_ASSIGNMENT|[64]|pjaList|[]|0x53cf27af
04:49:59.0 (70885110)|VARIABLE_ASSIGNMENT|[EXTERNAL]|this|{"controller":"StandardController [[Project__c (Client__c:a047F000002zkUjQAI, Company_project_code__c:334, Name:9652, Units__c:false, Nodes__c:false, Footage__c:false, Miles__c:false, Jobs__c:false, Hours__c:false, QA__c:100)]]","project":"0x7d608d64","saveAndNew":2,"selectedUsers":"0x4fe1c0c8","usersList":"0x49733984"}|0x31873918
04:49:59.0 (70920576)|HEAP_ALLOCATE|[65]|Bytes:5
04:49:59.0 (70934987)|HEAP_ALLOCATE|[65]|Bytes:29
04:49:59.0 (70942332)|VARIABLE_SCOPE_BEGIN|[65]|sc|System.SelectOption|true|false
04:49:59.0 (70994472)|VARIABLE_ASSIGNMENT|[65]|sc|"common.apex.runtime.impl.ApexSelectOptionValue@5cecce32"|0x785c51d8
04:49:59.0 (71001821)|STATEMENT_EXECUTE|[65]
04:49:59.0 (71003568)|STATEMENT_EXECUTE|[66]
04:49:59.0 (71024427)|HEAP_ALLOCATE|[66]|Bytes:4
04:49:59.0 (71090735)|VARIABLE_SCOPE_BEGIN|[66]|pja|ProjectJobAssociation__c|true|false
04:49:59.0 (71104415)|VARIABLE_ASSIGNMENT|[66]|pja|{}|0x692add15
04:49:59.0 (71109166)|STATEMENT_EXECUTE|[67]
04:49:59.0 (71811628)|VARIABLE_ASSIGNMENT|[67]|this.ProjectLink__c|null|0x692add15
04:49:59.0 (71820121)|STATEMENT_EXECUTE|[68]
04:49:59.0 (71848163)|HEAP_ALLOCATE|[68]|Bytes:18
04:49:59.0 (71867417)|HEAP_ALLOCATE|[68]|Bytes:4
04:49:59.0 (71911149)|VARIABLE_ASSIGNMENT|[68]|this.UserLink__c|"0057F000000TpdFQAS"|0x692add15
04:49:59.0 (71917458)|STATEMENT_EXECUTE|[69]
04:49:59.0 (71949429)|HEAP_ALLOCATE|[EXTERNAL]|Bytes:4
04:49:59.0 (71966532)|HEAP_ALLOCATE|[65]|Bytes:5
04:49:59.0 (71977707)|HEAP_ALLOCATE|[65]|Bytes:26
04:49:59.0 (71984606)|VARIABLE_SCOPE_BEGIN|[65]|sc|System.SelectOption|true|false
04:49:59.0 (72043583)|VARIABLE_ASSIGNMENT|[65]|sc|"common.apex.runtime.impl.ApexSelectOptionValue@23b15e9"|0x160d327d
04:49:59.0 (72051556)|STATEMENT_EXECUTE|[65]
04:49:59.0 (72052654)|STATEMENT_EXECUTE|[66]
04:49:59.0 (72072302)|HEAP_ALLOCATE|[66]|Bytes:4
04:49:59.0 (72084706)|VARIABLE_SCOPE_BEGIN|[66]|pja|ProjectJobAssociation__c|true|false
04:49:59.0 (72096483)|VARIABLE_ASSIGNMENT|[66]|pja|{}|0x6e552d3b
04:49:59.0 (72101398)|STATEMENT_EXECUTE|[67]
04:49:59.0 (72139463)|VARIABLE_ASSIGNMENT|[67]|this.ProjectLink__c|null|0x6e552d3b
04:49:59.0 (72145192)|STATEMENT_EXECUTE|[68]
04:49:59.0 (72155322)|HEAP_ALLOCATE|[68]|Bytes:18
04:49:59.0 (72163867)|HEAP_ALLOCATE|[68]|Bytes:4
04:49:59.0 (72188115)|VARIABLE_ASSIGNMENT|[68]|this.UserLink__c|"0057F000000TrBBQA0"|0x6e552d3b
04:49:59.0 (72193684)|STATEMENT_EXECUTE|[69]
04:49:59.0 (72200877)|HEAP_ALLOCATE|[EXTERNAL]|Bytes:4
04:49:59.0 (72213344)|HEAP_ALLOCATE|[65]|Bytes:5
04:49:59.0 (72223338)|VARIABLE_ASSIGNMENT|[65]|sc|null|
04:49:59.0 (72227475)|STATEMENT_EXECUTE|[71]
04:49:59.0 (72265243)|DML_BEGIN|[71]|Op:Insert|Type:ProjectJobAssociation__c|Rows:2
04:49:59.0 (72288257)|HEAP_ALLOCATE|[EXTERNAL]|Bytes:12
04:49:59.0 (78070686)|DML_END|[71]
04:49:59.0 (78136918)|VF_PAGE_MESSAGE|Required fields are missing: [Project]
04:49:59.0 (78212248)|EXCEPTION_THROWN|[71]|System.DmlException: Insert failed. First exception on row 0; first error: REQUIRED_FIELD_MISSING, Required fields are missing: [Project]: [Project]
04:49:59.0 (78405218)|HEAP_ALLOCATE|[71]|Bytes:131
04:49:59.0 (78424469)|METHOD_EXIT|[81]|01p7F00000EhPEd|Project_PM_Controller.customSave()
04:49:59.0 (78432848)|SYSTEM_MODE_EXIT|false
04:49:59.0 (78510266)|FATAL_ERROR|System.DmlException: Insert failed. First exception on row 0; first error: REQUIRED_FIELD_MISSING, Required fields are missing: [Project]: [Project]

Class.Project_PM_Controller.customSave: line 71, column 1
Class.Project_PM_Controller.customSaveAndNew: line 81, column 1
