36.0 APEX_CODE,FINEST;APEX_PROFILING,INFO;CALLOUT,INFO;DB,INFO;SYSTEM,DEBUG;VALIDATION,INFO;VISUALFORCE,INFO;WAVE,INFO;WORKFLOW,INFO
00:42:39.0 (359802)|USER_INFO|[EXTERNAL]|0057F000000Tiz6|ksb994@salesforce.com|Pacific Standard Time|GMT-08:00
00:42:39.0 (398298)|EXECUTION_STARTED
00:42:39.0 (403005)|CODE_UNIT_STARTED|[EXTERNAL]|0667F000004uRC1|VF: /apex/PM_Project_Edit
00:42:39.0 (19893390)|SYSTEM_MODE_ENTER|true
00:42:39.0 (20226459)|HEAP_ALLOCATE|[72]|Bytes:3
00:42:39.0 (20266207)|HEAP_ALLOCATE|[77]|Bytes:152
00:42:39.0 (20281507)|HEAP_ALLOCATE|[342]|Bytes:408
00:42:39.0 (20297364)|HEAP_ALLOCATE|[355]|Bytes:408
00:42:39.0 (20311382)|HEAP_ALLOCATE|[467]|Bytes:48
00:42:39.0 (20339073)|HEAP_ALLOCATE|[139]|Bytes:6
00:42:39.0 (20353568)|HEAP_ALLOCATE|[EXTERNAL]|Bytes:144
00:42:39.0 (20358766)|HEAP_ALLOCATE|[EXTERNAL]|Bytes:20
00:42:39.0 (20361781)|HEAP_ALLOCATE|[EXTERNAL]|Bytes:2
00:42:39.0 (20375061)|METHOD_ENTRY|[1]|01p7F00000Ehro9|PM_Project_Edit_Controller.PM_Project_Edit_Controller()
00:42:39.0 (20380377)|STATEMENT_EXECUTE|[1]
00:42:39.0 (20385059)|STATEMENT_EXECUTE|[1]
00:42:39.0 (20412570)|HEAP_ALLOCATE|[50]|Bytes:5
00:42:39.0 (20434540)|HEAP_ALLOCATE|[56]|Bytes:5
00:42:39.0 (20442669)|HEAP_ALLOCATE|[64]|Bytes:7
00:42:39.0 (20466430)|SYSTEM_MODE_ENTER|false
00:42:39.0 (20478150)|HEAP_ALLOCATE|[EXTERNAL]|Bytes:5
00:42:39.0 (20487024)|SYSTEM_MODE_EXIT|false
00:42:39.0 (20494355)|METHOD_EXIT|[1]|PM_Project_Edit_Controller
00:42:39.0 (20551391)|HEAP_ALLOCATE|[EXTERNAL]|Bytes:24
00:42:39.0 (20577702)|VARIABLE_SCOPE_BEGIN|[10]|this|PM_Project_Edit_Controller|true|false
00:42:39.0 (20660892)|VARIABLE_ASSIGNMENT|[10]|this|{}|0x5f22942b
00:42:39.0 (20670284)|VARIABLE_SCOPE_BEGIN|[10]|stdController|ApexPages.StandardController|true|false
00:42:39.0 (20837538)|VARIABLE_ASSIGNMENT|[10]|stdController|"StandardController [null]"|0x13265d30
00:42:39.0 (20861333)|SYSTEM_MODE_ENTER|false
00:42:39.0 (20868564)|HEAP_ALLOCATE|[7]|Bytes:5
00:42:39.0 (20873363)|STATEMENT_EXECUTE|[1]
00:42:39.0 (20878166)|HEAP_ALLOCATE|[7]|Bytes:5
00:42:39.0 (20880849)|STATEMENT_EXECUTE|[3]
00:42:39.0 (20882214)|STATEMENT_EXECUTE|[4]
00:42:39.0 (20883253)|STATEMENT_EXECUTE|[6]
00:42:39.0 (20884153)|STATEMENT_EXECUTE|[7]
00:42:39.0 (20901425)|HEAP_ALLOCATE|[7]|Bytes:4
00:42:39.0 (20990560)|HEAP_ALLOCATE|[EXTERNAL]|Bytes:4
00:42:39.0 (21009223)|VARIABLE_ASSIGNMENT|[7]|this.usersList|[]|0x5f22942b
00:42:39.0 (21061144)|STATEMENT_EXECUTE|[8]
00:42:39.0 (21066326)|HEAP_ALLOCATE|[8]|Bytes:1
00:42:39.0 (21084544)|VARIABLE_ASSIGNMENT|[8]|this.nonSelectedUserId|"("|0x5f22942b
00:42:39.0 (21102101)|HEAP_ALLOCATE|[8]|Bytes:6
00:42:39.0 (21166759)|STATEMENT_EXECUTE|[10]
00:42:39.0 (21170051)|STATEMENT_EXECUTE|[11]
00:42:39.0 (21327613)|HEAP_ALLOCATE|[11]|Bytes:4
00:42:39.0 (21400709)|VARIABLE_ASSIGNMENT|[EXTERNAL]|this|{"nonSelectedUserId":"(","usersList":"0x17e76132"}|0x5f22942b
00:42:39.0 (21421644)|VARIABLE_ASSIGNMENT|[EXTERNAL]|value|{}|0x2c58b45e
00:42:39.0 (21437758)|VARIABLE_ASSIGNMENT|[3]|this.mysObject|{}|0x5f22942b
00:42:39.0 (21452187)|STATEMENT_EXECUTE|[12]
00:42:39.0 (21499092)|HEAP_ALLOCATE|[12]|Bytes:43
00:42:39.0 (21547927)|HEAP_ALLOCATE|[12]|Bytes:18
00:42:39.0 (21582439)|HEAP_ALLOCATE|[12]|Bytes:3
00:42:39.0 (21625678)|HEAP_ALLOCATE|[12]|Bytes:4
00:42:39.0 (21635165)|VARIABLE_SCOPE_BEGIN|[12]|pid|Id|false|false
00:42:39.0 (21743734)|VARIABLE_ASSIGNMENT|[12]|pid|"a057F000002dVX8QAM"
00:42:39.0 (21754544)|STATEMENT_EXECUTE|[16]
00:42:39.0 (21759425)|HEAP_ALLOCATE|[16]|Bytes:7
00:42:39.0 (21766662)|HEAP_ALLOCATE|[16]|Bytes:10
00:42:39.0 (21786725)|METHOD_ENTRY|[16]|01p7F00000Ehro9|PM_Project_Edit_Controller.getAllFields(String)
00:42:39.0 (21811781)|VARIABLE_SCOPE_BEGIN|[48]|sobjectname|String|false|false
00:42:39.0 (21824380)|VARIABLE_ASSIGNMENT|[48]|sobjectname|"Project__c"
00:42:39.0 (21851835)|HEAP_ALLOCATE|[49]|Bytes:5
00:42:39.0 (21859457)|STATEMENT_EXECUTE|[48]
00:42:39.0 (42885437)|HEAP_ALLOCATE|[49]|Bytes:1468
00:42:39.0 (42963669)|STATEMENT_EXECUTE|[49]
00:42:39.0 (42967851)|STATEMENT_EXECUTE|[52]
00:42:39.0 (47987355)|HEAP_ALLOCATE|[52]|Bytes:1468
00:42:39.0 (48228823)|HEAP_ALLOCATE|[52]|Bytes:4
00:42:39.0 (48280497)|HEAP_ALLOCATE|[52]|Bytes:4
00:42:39.0 (49942396)|HEAP_ALLOCATE|[52]|Bytes:148
00:42:39.0 (49963774)|VARIABLE_SCOPE_BEGIN|[52]|fields|Map<String,Schema.SObjectField>|true|false
00:42:39.0 (50271012)|VARIABLE_ASSIGNMENT|[52]|fields|"{client__c=Client__c, client_project_manager__c=Client_Project_Manager__c, company_project_code__c=Company_project_code__c, cost_centre__c=Cost_Centre__c, createdbyid=CreatedById, createddate=CreatedDate, delivery__c=Delivery__c, end_customer__c=End_Customer__c, footage__c=Footage__c, hours__c=Hours__c, ...}"|0x7d41c637
00:42:39.0 (50285122)|STATEMENT_EXECUTE|[53]
00:42:39.0 (50304564)|HEAP_ALLOCATE|[53]|Bytes:4
00:42:39.0 (50349005)|VARIABLE_SCOPE_BEGIN|[53]|accessiblefields|List<String>|true|false
00:42:39.0 (50384662)|HEAP_ALLOCATE|[EXTERNAL]|Bytes:4
00:42:39.0 (50397059)|VARIABLE_ASSIGNMENT|[53]|accessiblefields|[]|0x3f779fc7
00:42:39.0 (50449743)|HEAP_ALLOCATE|[EXTERNAL]|Bytes:148
00:42:39.0 (50468079)|HEAP_ALLOCATE|[54]|Bytes:148
00:42:39.0 (50554931)|HEAP_ALLOCATE|[54]|Bytes:5
00:42:39.0 (50578258)|VARIABLE_SCOPE_BEGIN|[54]|field|Schema.SObjectField|true|false
00:42:39.0 (50647415)|VARIABLE_ASSIGNMENT|[54]|field|"common.apex.runtime.impl.ApexFieldToken@18733c78"|0x18733c78
00:42:39.0 (50655954)|STATEMENT_EXECUTE|[54]
00:42:39.0 (51109750)|HEAP_ALLOCATE|[55]|Bytes:8
00:42:39.0 (51134821)|STATEMENT_EXECUTE|[56]
00:42:39.0 (51171962)|HEAP_ALLOCATE|[56]|Bytes:8
00:42:39.0 (51189171)|HEAP_ALLOCATE|[56]|Bytes:2
00:42:39.0 (51202429)|HEAP_ALLOCATE|[EXTERNAL]|Bytes:4
00:42:39.0 (51217736)|HEAP_ALLOCATE|[54]|Bytes:5
00:42:39.0 (51233263)|VARIABLE_SCOPE_BEGIN|[54]|field|Schema.SObjectField|true|false
00:42:39.0 (51319073)|VARIABLE_ASSIGNMENT|[54]|field|"common.apex.runtime.impl.ApexFieldToken@6bf0213f"|0x6bf0213f
00:42:39.0 (51328046)|STATEMENT_EXECUTE|[54]
00:42:39.0 (51480370)|HEAP_ALLOCATE|[55]|Bytes:8
00:42:39.0 (51495169)|STATEMENT_EXECUTE|[56]
00:42:39.0 (51512234)|HEAP_ALLOCATE|[56]|Bytes:8
00:42:39.0 (51520584)|HEAP_ALLOCATE|[56]|Bytes:7
00:42:39.0 (51529167)|HEAP_ALLOCATE|[EXTERNAL]|Bytes:4
00:42:39.0 (51541397)|HEAP_ALLOCATE|[54]|Bytes:5
00:42:39.0 (51555578)|VARIABLE_SCOPE_BEGIN|[54]|field|Schema.SObjectField|true|false
00:42:39.0 (51622917)|VARIABLE_ASSIGNMENT|[54]|field|"common.apex.runtime.impl.ApexFieldToken@687a0221"|0x687a0221
00:42:39.0 (51631087)|STATEMENT_EXECUTE|[54]
00:42:39.0 (51728493)|HEAP_ALLOCATE|[55]|Bytes:8
00:42:39.0 (51741625)|STATEMENT_EXECUTE|[56]
00:42:39.0 (51757341)|HEAP_ALLOCATE|[56]|Bytes:8
00:42:39.0 (51765240)|HEAP_ALLOCATE|[56]|Bytes:9
00:42:39.0 (51772504)|HEAP_ALLOCATE|[EXTERNAL]|Bytes:4
00:42:39.0 (51784108)|HEAP_ALLOCATE|[54]|Bytes:5
00:42:39.0 (51797456)|VARIABLE_SCOPE_BEGIN|[54]|field|Schema.SObjectField|true|false
00:42:39.0 (51862004)|VARIABLE_ASSIGNMENT|[54]|field|"common.apex.runtime.impl.ApexFieldToken@2fbda094"|0x2fbda094
00:42:39.0 (51869649)|STATEMENT_EXECUTE|[54]
00:42:39.0 (51975350)|HEAP_ALLOCATE|[55]|Bytes:8
00:42:39.0 (51988535)|STATEMENT_EXECUTE|[56]
00:42:39.0 (52004152)|HEAP_ALLOCATE|[56]|Bytes:8
00:42:39.0 (52012752)|HEAP_ALLOCATE|[56]|Bytes:4
00:42:39.0 (52020162)|HEAP_ALLOCATE|[EXTERNAL]|Bytes:4
00:42:39.0 (52031836)|HEAP_ALLOCATE|[54]|Bytes:5
00:42:39.0 (52044033)|VARIABLE_SCOPE_BEGIN|[54]|field|Schema.SObjectField|true|false
00:42:39.0 (52107935)|VARIABLE_ASSIGNMENT|[54]|field|"common.apex.runtime.impl.ApexFieldToken@2e2cd9e7"|0x2e2cd9e7
00:42:39.0 (52115338)|STATEMENT_EXECUTE|[54]
00:42:39.0 (52225018)|HEAP_ALLOCATE|[55]|Bytes:8
00:42:39.0 (52237801)|STATEMENT_EXECUTE|[56]
00:42:39.0 (52253053)|HEAP_ALLOCATE|[56]|Bytes:8
00:42:39.0 (52260908)|HEAP_ALLOCATE|[56]|Bytes:11
00:42:39.0 (52268497)|HEAP_ALLOCATE|[EXTERNAL]|Bytes:4
00:42:39.0 (52279781)|HEAP_ALLOCATE|[54]|Bytes:5
00:42:39.0 (52291065)|VARIABLE_SCOPE_BEGIN|[54]|field|Schema.SObjectField|true|false
00:42:39.0 (52355388)|VARIABLE_ASSIGNMENT|[54]|field|"common.apex.runtime.impl.ApexFieldToken@443fecc4"|0x443fecc4
00:42:39.0 (52362856)|STATEMENT_EXECUTE|[54]
00:42:39.0 (52479773)|HEAP_ALLOCATE|[55]|Bytes:8
00:42:39.0 (52493051)|STATEMENT_EXECUTE|[56]
00:42:39.0 (52515186)|HEAP_ALLOCATE|[56]|Bytes:8
00:42:39.0 (52528620)|HEAP_ALLOCATE|[56]|Bytes:11
00:42:39.0 (52541269)|HEAP_ALLOCATE|[EXTERNAL]|Bytes:4
00:42:39.0 (52558166)|HEAP_ALLOCATE|[54]|Bytes:5
00:42:39.0 (52578435)|VARIABLE_SCOPE_BEGIN|[54]|field|Schema.SObjectField|true|false
00:42:39.0 (52656764)|VARIABLE_ASSIGNMENT|[54]|field|"common.apex.runtime.impl.ApexFieldToken@7cec8568"|0x7cec8568
00:42:39.0 (52665799)|STATEMENT_EXECUTE|[54]
00:42:39.0 (52776817)|HEAP_ALLOCATE|[55]|Bytes:8
00:42:39.0 (52790439)|STATEMENT_EXECUTE|[56]
00:42:39.0 (52806343)|HEAP_ALLOCATE|[56]|Bytes:8
00:42:39.0 (52814594)|HEAP_ALLOCATE|[56]|Bytes:16
00:42:39.0 (52822943)|HEAP_ALLOCATE|[EXTERNAL]|Bytes:4
00:42:39.0 (52835048)|HEAP_ALLOCATE|[54]|Bytes:5
00:42:39.0 (52847942)|VARIABLE_SCOPE_BEGIN|[54]|field|Schema.SObjectField|true|false
00:42:39.0 (52913241)|VARIABLE_ASSIGNMENT|[54]|field|"common.apex.runtime.impl.ApexFieldToken@3e172361"|0x3e172361
00:42:39.0 (52921065)|STATEMENT_EXECUTE|[54]
00:42:39.0 (53034445)|HEAP_ALLOCATE|[55]|Bytes:8
00:42:39.0 (53048152)|STATEMENT_EXECUTE|[56]
00:42:39.0 (53064182)|HEAP_ALLOCATE|[56]|Bytes:8
00:42:39.0 (53072485)|HEAP_ALLOCATE|[56]|Bytes:16
00:42:39.0 (53080517)|HEAP_ALLOCATE|[EXTERNAL]|Bytes:4
00:42:39.0 (53091943)|HEAP_ALLOCATE|[54]|Bytes:5
00:42:39.0 (53104820)|VARIABLE_SCOPE_BEGIN|[54]|field|Schema.SObjectField|true|false
00:42:39.0 (53169437)|VARIABLE_ASSIGNMENT|[54]|field|"common.apex.runtime.impl.ApexFieldToken@763c36a5"|0x763c36a5
00:42:39.0 (53177257)|STATEMENT_EXECUTE|[54]
00:42:39.0 (53266079)|HEAP_ALLOCATE|[55]|Bytes:8
00:42:39.0 (53278579)|STATEMENT_EXECUTE|[56]
00:42:39.0 (53294553)|HEAP_ALLOCATE|[56]|Bytes:8
00:42:39.0 (53302441)|HEAP_ALLOCATE|[56]|Bytes:14
00:42:39.0 (53309732)|HEAP_ALLOCATE|[EXTERNAL]|Bytes:4
00:42:39.0 (53320774)|HEAP_ALLOCATE|[54]|Bytes:5
00:42:39.0 (53332386)|VARIABLE_SCOPE_BEGIN|[54]|field|Schema.SObjectField|true|false
00:42:39.0 (53401443)|VARIABLE_ASSIGNMENT|[54]|field|"common.apex.runtime.impl.ApexFieldToken@4ddead6a"|0x4ddead6a
00:42:39.0 (53409493)|STATEMENT_EXECUTE|[54]
00:42:39.0 (53493754)|HEAP_ALLOCATE|[55]|Bytes:8
00:42:39.0 (53506160)|STATEMENT_EXECUTE|[56]
00:42:39.0 (53521274)|HEAP_ALLOCATE|[56]|Bytes:8
00:42:39.0 (53528951)|HEAP_ALLOCATE|[56]|Bytes:16
00:42:39.0 (53536202)|HEAP_ALLOCATE|[EXTERNAL]|Bytes:4
00:42:39.0 (53547049)|HEAP_ALLOCATE|[54]|Bytes:5
00:42:39.0 (53558979)|VARIABLE_SCOPE_BEGIN|[54]|field|Schema.SObjectField|true|false
00:42:39.0 (53622734)|VARIABLE_ASSIGNMENT|[54]|field|"common.apex.runtime.impl.ApexFieldToken@5581b67c"|0x5581b67c
00:42:39.0 (53630176)|STATEMENT_EXECUTE|[54]
00:42:39.0 (53714902)|HEAP_ALLOCATE|[55]|Bytes:8
00:42:39.0 (53727239)|STATEMENT_EXECUTE|[56]
00:42:39.0 (53741969)|HEAP_ALLOCATE|[56]|Bytes:8
00:42:39.0 (53749598)|HEAP_ALLOCATE|[56]|Bytes:14
00:42:39.0 (53756600)|HEAP_ALLOCATE|[EXTERNAL]|Bytes:4
00:42:39.0 (53767903)|HEAP_ALLOCATE|[54]|Bytes:5
00:42:39.0 (53785499)|VARIABLE_SCOPE_BEGIN|[54]|field|Schema.SObjectField|true|false
00:42:39.0 (53866188)|VARIABLE_ASSIGNMENT|[54]|field|"common.apex.runtime.impl.ApexFieldToken@528a9b86"|0x528a9b86
00:42:39.0 (53877249)|STATEMENT_EXECUTE|[54]
00:42:39.0 (53967951)|HEAP_ALLOCATE|[55]|Bytes:8
00:42:39.0 (53980836)|STATEMENT_EXECUTE|[56]
00:42:39.0 (53996053)|HEAP_ALLOCATE|[56]|Bytes:8
00:42:39.0 (54003782)|HEAP_ALLOCATE|[56]|Bytes:18
00:42:39.0 (54012202)|HEAP_ALLOCATE|[EXTERNAL]|Bytes:4
00:42:39.0 (54023322)|HEAP_ALLOCATE|[54]|Bytes:5
00:42:39.0 (54035353)|VARIABLE_SCOPE_BEGIN|[54]|field|Schema.SObjectField|true|false
00:42:39.0 (54099349)|VARIABLE_ASSIGNMENT|[54]|field|"common.apex.runtime.impl.ApexFieldToken@4594066c"|0x4594066c
00:42:39.0 (54107281)|STATEMENT_EXECUTE|[54]
00:42:39.0 (54608281)|HEAP_ALLOCATE|[55]|Bytes:8
00:42:39.0 (54623854)|STATEMENT_EXECUTE|[56]
00:42:39.0 (54641928)|HEAP_ALLOCATE|[56]|Bytes:8
00:42:39.0 (54650909)|HEAP_ALLOCATE|[56]|Bytes:9
00:42:39.0 (54659690)|HEAP_ALLOCATE|[EXTERNAL]|Bytes:4
00:42:39.0 (54672470)|HEAP_ALLOCATE|[54]|Bytes:5
00:42:39.0 (54686528)|VARIABLE_SCOPE_BEGIN|[54]|field|Schema.SObjectField|true|false
00:42:39.0 (54755029)|VARIABLE_ASSIGNMENT|[54]|field|"common.apex.runtime.impl.ApexFieldToken@7d195649"|0x7d195649
00:42:39.0 (54763088)|STATEMENT_EXECUTE|[54]
00:42:39.0 (54864433)|HEAP_ALLOCATE|[55]|Bytes:8
00:42:39.0 (54877381)|STATEMENT_EXECUTE|[56]
00:42:39.0 (54893691)|HEAP_ALLOCATE|[56]|Bytes:8
00:42:39.0 (54901701)|HEAP_ALLOCATE|[56]|Bytes:15
00:42:39.0 (54909763)|HEAP_ALLOCATE|[EXTERNAL]|Bytes:4
00:42:39.0 (54921231)|HEAP_ALLOCATE|[54]|Bytes:5
00:42:39.0 (54934071)|VARIABLE_SCOPE_BEGIN|[54]|field|Schema.SObjectField|true|false
00:42:39.0 (54999437)|VARIABLE_ASSIGNMENT|[54]|field|"common.apex.runtime.impl.ApexFieldToken@25732dc0"|0x25732dc0
00:42:39.0 (55007752)|STATEMENT_EXECUTE|[54]
00:42:39.0 (55105533)|HEAP_ALLOCATE|[55]|Bytes:8
00:42:39.0 (55118484)|STATEMENT_EXECUTE|[56]
00:42:39.0 (55134637)|HEAP_ALLOCATE|[56]|Bytes:8
00:42:39.0 (55142354)|HEAP_ALLOCATE|[56]|Bytes:19
00:42:39.0 (55150205)|HEAP_ALLOCATE|[EXTERNAL]|Bytes:4
00:42:39.0 (55161461)|HEAP_ALLOCATE|[54]|Bytes:5
00:42:39.0 (55173831)|VARIABLE_SCOPE_BEGIN|[54]|field|Schema.SObjectField|true|false
00:42:39.0 (55238569)|VARIABLE_ASSIGNMENT|[54]|field|"common.apex.runtime.impl.ApexFieldToken@2323c443"|0x2323c443
00:42:39.0 (55246191)|STATEMENT_EXECUTE|[54]
00:42:39.0 (55339094)|HEAP_ALLOCATE|[55]|Bytes:8
00:42:39.0 (55351752)|STATEMENT_EXECUTE|[56]
00:42:39.0 (55372277)|HEAP_ALLOCATE|[56]|Bytes:8
00:42:39.0 (55380515)|HEAP_ALLOCATE|[56]|Bytes:14
00:42:39.0 (55388136)|HEAP_ALLOCATE|[EXTERNAL]|Bytes:4
00:42:39.0 (55399419)|HEAP_ALLOCATE|[54]|Bytes:5
00:42:39.0 (55411707)|VARIABLE_SCOPE_BEGIN|[54]|field|Schema.SObjectField|true|false
00:42:39.0 (55476053)|VARIABLE_ASSIGNMENT|[54]|field|"common.apex.runtime.impl.ApexFieldToken@46e1112d"|0x46e1112d
00:42:39.0 (55483869)|STATEMENT_EXECUTE|[54]
00:42:39.0 (55574361)|HEAP_ALLOCATE|[55]|Bytes:8
00:42:39.0 (55586901)|STATEMENT_EXECUTE|[56]
00:42:39.0 (55602491)|HEAP_ALLOCATE|[56]|Bytes:8
00:42:39.0 (55610361)|HEAP_ALLOCATE|[56]|Bytes:25
00:42:39.0 (55617809)|HEAP_ALLOCATE|[EXTERNAL]|Bytes:4
00:42:39.0 (55628751)|HEAP_ALLOCATE|[54]|Bytes:5
00:42:39.0 (55640847)|VARIABLE_SCOPE_BEGIN|[54]|field|Schema.SObjectField|true|false
00:42:39.0 (55704405)|VARIABLE_ASSIGNMENT|[54]|field|"common.apex.runtime.impl.ApexFieldToken@717dbca6"|0x717dbca6
00:42:39.0 (55712426)|STATEMENT_EXECUTE|[54]
00:42:39.0 (55802554)|HEAP_ALLOCATE|[55]|Bytes:8
00:42:39.0 (55815657)|STATEMENT_EXECUTE|[56]
00:42:39.0 (55831522)|HEAP_ALLOCATE|[56]|Bytes:8
00:42:39.0 (55839181)|HEAP_ALLOCATE|[56]|Bytes:15
00:42:39.0 (55846706)|HEAP_ALLOCATE|[EXTERNAL]|Bytes:4
00:42:39.0 (55857262)|HEAP_ALLOCATE|[54]|Bytes:5
00:42:39.0 (55869307)|VARIABLE_SCOPE_BEGIN|[54]|field|Schema.SObjectField|true|false
00:42:39.0 (55933229)|VARIABLE_ASSIGNMENT|[54]|field|"common.apex.runtime.impl.ApexFieldToken@4d5c9264"|0x4d5c9264
00:42:39.0 (55940769)|STATEMENT_EXECUTE|[54]
00:42:39.0 (56027437)|HEAP_ALLOCATE|[55]|Bytes:8
00:42:39.0 (56040933)|STATEMENT_EXECUTE|[56]
00:42:39.0 (56056563)|HEAP_ALLOCATE|[56]|Bytes:8
00:42:39.0 (56064413)|HEAP_ALLOCATE|[56]|Bytes:23
00:42:39.0 (56072065)|HEAP_ALLOCATE|[EXTERNAL]|Bytes:4
00:42:39.0 (56082665)|HEAP_ALLOCATE|[54]|Bytes:5
00:42:39.0 (56094353)|VARIABLE_SCOPE_BEGIN|[54]|field|Schema.SObjectField|true|false
00:42:39.0 (56157394)|VARIABLE_ASSIGNMENT|[54]|field|"common.apex.runtime.impl.ApexFieldToken@70e05650"|0x70e05650
00:42:39.0 (56165137)|STATEMENT_EXECUTE|[54]
00:42:39.0 (56255533)|HEAP_ALLOCATE|[55]|Bytes:8
00:42:39.0 (56268182)|STATEMENT_EXECUTE|[56]
00:42:39.0 (56283430)|HEAP_ALLOCATE|[56]|Bytes:8
00:42:39.0 (56291088)|HEAP_ALLOCATE|[56]|Bytes:16
00:42:39.0 (56298469)|HEAP_ALLOCATE|[EXTERNAL]|Bytes:4
00:42:39.0 (56308846)|HEAP_ALLOCATE|[54]|Bytes:5
00:42:39.0 (56320313)|VARIABLE_SCOPE_BEGIN|[54]|field|Schema.SObjectField|true|false
00:42:39.0 (56387407)|VARIABLE_ASSIGNMENT|[54]|field|"common.apex.runtime.impl.ApexFieldToken@3e464918"|0x3e464918
00:42:39.0 (56395115)|STATEMENT_EXECUTE|[54]
00:42:39.0 (56482785)|HEAP_ALLOCATE|[55]|Bytes:8
00:42:39.0 (56495512)|STATEMENT_EXECUTE|[56]
00:42:39.0 (56510647)|HEAP_ALLOCATE|[56]|Bytes:8
00:42:39.0 (56518365)|HEAP_ALLOCATE|[56]|Bytes:14
00:42:39.0 (56525608)|HEAP_ALLOCATE|[EXTERNAL]|Bytes:4
00:42:39.0 (56536385)|HEAP_ALLOCATE|[54]|Bytes:5
00:42:39.0 (56547750)|VARIABLE_SCOPE_BEGIN|[54]|field|Schema.SObjectField|true|false
00:42:39.0 (56610613)|VARIABLE_ASSIGNMENT|[54]|field|"common.apex.runtime.impl.ApexFieldToken@22c24afa"|0x22c24afa
00:42:39.0 (56618503)|STATEMENT_EXECUTE|[54]
00:42:39.0 (56707848)|HEAP_ALLOCATE|[55]|Bytes:8
00:42:39.0 (56720474)|STATEMENT_EXECUTE|[56]
00:42:39.0 (56735593)|HEAP_ALLOCATE|[56]|Bytes:8
00:42:39.0 (56743155)|HEAP_ALLOCATE|[56]|Bytes:13
00:42:39.0 (56750330)|HEAP_ALLOCATE|[EXTERNAL]|Bytes:4
00:42:39.0 (56761244)|HEAP_ALLOCATE|[54]|Bytes:5
00:42:39.0 (56772673)|VARIABLE_SCOPE_BEGIN|[54]|field|Schema.SObjectField|true|false
00:42:39.0 (56835067)|VARIABLE_ASSIGNMENT|[54]|field|"common.apex.runtime.impl.ApexFieldToken@b242374"|0xb242374
00:42:39.0 (56842976)|STATEMENT_EXECUTE|[54]
00:42:39.0 (56930837)|HEAP_ALLOCATE|[55]|Bytes:8
00:42:39.0 (56943395)|STATEMENT_EXECUTE|[56]
00:42:39.0 (56958637)|HEAP_ALLOCATE|[56]|Bytes:8
00:42:39.0 (56966355)|HEAP_ALLOCATE|[56]|Bytes:5
00:42:39.0 (56973495)|HEAP_ALLOCATE|[EXTERNAL]|Bytes:4
00:42:39.0 (56984419)|HEAP_ALLOCATE|[54]|Bytes:5
00:42:39.0 (56995533)|VARIABLE_SCOPE_BEGIN|[54]|field|Schema.SObjectField|true|false
00:42:39.0 (57058344)|VARIABLE_ASSIGNMENT|[54]|field|"common.apex.runtime.impl.ApexFieldToken@7904b696"|0x7904b696
00:42:39.0 (57066347)|STATEMENT_EXECUTE|[54]
00:42:39.0 (57152508)|HEAP_ALLOCATE|[55]|Bytes:8
00:42:39.0 (57165023)|STATEMENT_EXECUTE|[56]
00:42:39.0 (57180448)|HEAP_ALLOCATE|[56]|Bytes:8
00:42:39.0 (57188268)|HEAP_ALLOCATE|[56]|Bytes:11
00:42:39.0 (57195848)|HEAP_ALLOCATE|[EXTERNAL]|Bytes:4
00:42:39.0 (57206390)|HEAP_ALLOCATE|[54]|Bytes:5
00:42:39.0 (57217793)|VARIABLE_SCOPE_BEGIN|[54]|field|Schema.SObjectField|true|false
00:42:39.0 (57281050)|VARIABLE_ASSIGNMENT|[54]|field|"common.apex.runtime.impl.ApexFieldToken@75862e27"|0x75862e27
00:42:39.0 (57288853)|STATEMENT_EXECUTE|[54]
00:42:39.0 (57380524)|HEAP_ALLOCATE|[55]|Bytes:8
00:42:39.0 (57392808)|STATEMENT_EXECUTE|[56]
00:42:39.0 (57408469)|HEAP_ALLOCATE|[56]|Bytes:8
00:42:39.0 (57416195)|HEAP_ALLOCATE|[56]|Bytes:5
00:42:39.0 (57423272)|HEAP_ALLOCATE|[EXTERNAL]|Bytes:4
00:42:39.0 (57433658)|HEAP_ALLOCATE|[54]|Bytes:5
00:42:39.0 (57444851)|VARIABLE_SCOPE_BEGIN|[54]|field|Schema.SObjectField|true|false
00:42:39.0 (57510506)|VARIABLE_ASSIGNMENT|[54]|field|"common.apex.runtime.impl.ApexFieldToken@45a32ff7"|0x45a32ff7
00:42:39.0 (57518614)|STATEMENT_EXECUTE|[54]
00:42:39.0 (57668234)|HEAP_ALLOCATE|[55]|Bytes:8
00:42:39.0 (57681666)|STATEMENT_EXECUTE|[56]
00:42:39.0 (57698267)|HEAP_ALLOCATE|[56]|Bytes:8
00:42:39.0 (57706281)|HEAP_ALLOCATE|[56]|Bytes:25
00:42:39.0 (57713889)|HEAP_ALLOCATE|[EXTERNAL]|Bytes:4
00:42:39.0 (57724679)|HEAP_ALLOCATE|[54]|Bytes:5
00:42:39.0 (57736606)|VARIABLE_SCOPE_BEGIN|[54]|field|Schema.SObjectField|true|false
00:42:39.0 (57803511)|VARIABLE_ASSIGNMENT|[54]|field|"common.apex.runtime.impl.ApexFieldToken@6f368bb4"|0x6f368bb4
00:42:39.0 (57811330)|STATEMENT_EXECUTE|[54]
00:42:39.0 (57935155)|HEAP_ALLOCATE|[55]|Bytes:8
00:42:39.0 (57948370)|STATEMENT_EXECUTE|[56]
00:42:39.0 (57964455)|HEAP_ALLOCATE|[56]|Bytes:8
00:42:39.0 (57972405)|HEAP_ALLOCATE|[56]|Bytes:12
00:42:39.0 (57980150)|HEAP_ALLOCATE|[EXTERNAL]|Bytes:4
00:42:39.0 (57990916)|HEAP_ALLOCATE|[54]|Bytes:5
00:42:39.0 (58003140)|VARIABLE_SCOPE_BEGIN|[54]|field|Schema.SObjectField|true|false
00:42:39.0 (58069174)|VARIABLE_ASSIGNMENT|[54]|field|"common.apex.runtime.impl.ApexFieldToken@335a30c2"|0x335a30c2
00:42:39.0 (58076880)|STATEMENT_EXECUTE|[54]
00:42:39.0 (58169420)|HEAP_ALLOCATE|[55]|Bytes:8
00:42:39.0 (58182165)|STATEMENT_EXECUTE|[56]
00:42:39.0 (58197976)|HEAP_ALLOCATE|[56]|Bytes:8
00:42:39.0 (58205906)|HEAP_ALLOCATE|[56]|Bytes:21
00:42:39.0 (58215165)|HEAP_ALLOCATE|[EXTERNAL]|Bytes:4
00:42:39.0 (58225981)|HEAP_ALLOCATE|[54]|Bytes:5
00:42:39.0 (58237915)|VARIABLE_SCOPE_BEGIN|[54]|field|Schema.SObjectField|true|false
00:42:39.0 (58301586)|VARIABLE_ASSIGNMENT|[54]|field|"common.apex.runtime.impl.ApexFieldToken@77e9c798"|0x77e9c798
00:42:39.0 (58308896)|STATEMENT_EXECUTE|[54]
00:42:39.0 (58412472)|HEAP_ALLOCATE|[55]|Bytes:8
00:42:39.0 (58426986)|STATEMENT_EXECUTE|[56]
00:42:39.0 (58443743)|HEAP_ALLOCATE|[56]|Bytes:8
00:42:39.0 (58451668)|HEAP_ALLOCATE|[56]|Bytes:19
00:42:39.0 (58459107)|HEAP_ALLOCATE|[EXTERNAL]|Bytes:4
00:42:39.0 (58469797)|HEAP_ALLOCATE|[54]|Bytes:5
00:42:39.0 (58481405)|VARIABLE_SCOPE_BEGIN|[54]|field|Schema.SObjectField|true|false
00:42:39.0 (58545849)|VARIABLE_ASSIGNMENT|[54]|field|"common.apex.runtime.impl.ApexFieldToken@2be99205"|0x2be99205
00:42:39.0 (58553516)|STATEMENT_EXECUTE|[54]
00:42:39.0 (58645411)|HEAP_ALLOCATE|[55]|Bytes:8
00:42:39.0 (58658361)|STATEMENT_EXECUTE|[56]
00:42:39.0 (58673963)|HEAP_ALLOCATE|[56]|Bytes:8
00:42:39.0 (58681762)|HEAP_ALLOCATE|[56]|Bytes:8
00:42:39.0 (58688953)|HEAP_ALLOCATE|[EXTERNAL]|Bytes:4
00:42:39.0 (58699725)|HEAP_ALLOCATE|[54]|Bytes:5
00:42:39.0 (58711068)|VARIABLE_SCOPE_BEGIN|[54]|field|Schema.SObjectField|true|false
00:42:39.0 (58783231)|VARIABLE_ASSIGNMENT|[54]|field|"common.apex.runtime.impl.ApexFieldToken@7059d7e7"|0x7059d7e7
00:42:39.0 (58795317)|STATEMENT_EXECUTE|[54]
00:42:39.0 (58915323)|HEAP_ALLOCATE|[55]|Bytes:8
00:42:39.0 (58929430)|STATEMENT_EXECUTE|[56]
00:42:39.0 (58952068)|HEAP_ALLOCATE|[56]|Bytes:8
00:42:39.0 (58966293)|HEAP_ALLOCATE|[56]|Bytes:8
00:42:39.0 (58978551)|HEAP_ALLOCATE|[EXTERNAL]|Bytes:4
00:42:39.0 (58996608)|HEAP_ALLOCATE|[54]|Bytes:5
00:42:39.0 (59017684)|VARIABLE_SCOPE_BEGIN|[54]|field|Schema.SObjectField|true|false
00:42:39.0 (59106037)|VARIABLE_ASSIGNMENT|[54]|field|"common.apex.runtime.impl.ApexFieldToken@12e7350e"|0x12e7350e
00:42:39.0 (59118705)|STATEMENT_EXECUTE|[54]
00:42:39.0 (59230326)|HEAP_ALLOCATE|[55]|Bytes:8
00:42:39.0 (59248454)|STATEMENT_EXECUTE|[56]
00:42:39.0 (59276128)|HEAP_ALLOCATE|[56]|Bytes:8
00:42:39.0 (59287493)|HEAP_ALLOCATE|[56]|Bytes:10
00:42:39.0 (59296007)|HEAP_ALLOCATE|[EXTERNAL]|Bytes:4
00:42:39.0 (59309626)|HEAP_ALLOCATE|[54]|Bytes:5
00:42:39.0 (59322564)|VARIABLE_SCOPE_BEGIN|[54]|field|Schema.SObjectField|true|false
00:42:39.0 (59392441)|VARIABLE_ASSIGNMENT|[54]|field|"common.apex.runtime.impl.ApexFieldToken@2b8bf5cd"|0x2b8bf5cd
00:42:39.0 (59400317)|STATEMENT_EXECUTE|[54]
00:42:39.0 (59497082)|HEAP_ALLOCATE|[55]|Bytes:8
00:42:39.0 (59510379)|STATEMENT_EXECUTE|[56]
00:42:39.0 (59526536)|HEAP_ALLOCATE|[56]|Bytes:8
00:42:39.0 (59534832)|HEAP_ALLOCATE|[56]|Bytes:8
00:42:39.0 (59542651)|HEAP_ALLOCATE|[EXTERNAL]|Bytes:4
00:42:39.0 (59553370)|HEAP_ALLOCATE|[54]|Bytes:5
00:42:39.0 (59567510)|VARIABLE_SCOPE_BEGIN|[54]|field|Schema.SObjectField|true|false
00:42:39.0 (59631831)|VARIABLE_ASSIGNMENT|[54]|field|"common.apex.runtime.impl.ApexFieldToken@4c953303"|0x4c953303
00:42:39.0 (59639884)|STATEMENT_EXECUTE|[54]
00:42:39.0 (59732239)|HEAP_ALLOCATE|[55]|Bytes:8
00:42:39.0 (59745272)|STATEMENT_EXECUTE|[56]
00:42:39.0 (59761024)|HEAP_ALLOCATE|[56]|Bytes:8
00:42:39.0 (59768900)|HEAP_ALLOCATE|[56]|Bytes:7
00:42:39.0 (59776247)|HEAP_ALLOCATE|[EXTERNAL]|Bytes:4
00:42:39.0 (59787309)|HEAP_ALLOCATE|[54]|Bytes:5
00:42:39.0 (59799288)|VARIABLE_SCOPE_BEGIN|[54]|field|Schema.SObjectField|true|false
00:42:39.0 (59862280)|VARIABLE_ASSIGNMENT|[54]|field|"common.apex.runtime.impl.ApexFieldToken@724d3399"|0x724d3399
00:42:39.0 (59869673)|STATEMENT_EXECUTE|[54]
00:42:39.0 (59957440)|HEAP_ALLOCATE|[55]|Bytes:8
00:42:39.0 (59970323)|STATEMENT_EXECUTE|[56]
00:42:39.0 (59985711)|HEAP_ALLOCATE|[56]|Bytes:8
00:42:39.0 (59993447)|HEAP_ALLOCATE|[56]|Bytes:8
00:42:39.0 (60001137)|HEAP_ALLOCATE|[EXTERNAL]|Bytes:4
00:42:39.0 (60012414)|HEAP_ALLOCATE|[54]|Bytes:5
00:42:39.0 (60024588)|VARIABLE_SCOPE_BEGIN|[54]|field|Schema.SObjectField|true|false
00:42:39.0 (60088631)|VARIABLE_ASSIGNMENT|[54]|field|"common.apex.runtime.impl.ApexFieldToken@59a9379b"|0x59a9379b
00:42:39.0 (60096454)|STATEMENT_EXECUTE|[54]
00:42:39.0 (60188282)|HEAP_ALLOCATE|[55]|Bytes:8
00:42:39.0 (60201183)|STATEMENT_EXECUTE|[56]
00:42:39.0 (60217196)|HEAP_ALLOCATE|[56]|Bytes:8
00:42:39.0 (60224695)|HEAP_ALLOCATE|[56]|Bytes:7
00:42:39.0 (60232043)|HEAP_ALLOCATE|[EXTERNAL]|Bytes:4
00:42:39.0 (60244452)|HEAP_ALLOCATE|[54]|Bytes:5
00:42:39.0 (60255826)|VARIABLE_ASSIGNMENT|[54]|field|null|
00:42:39.0 (60261201)|STATEMENT_EXECUTE|[58]
00:42:39.0 (60267224)|VARIABLE_SCOPE_BEGIN|[58]|allfields|String|false|false
00:42:39.0 (60276885)|VARIABLE_ASSIGNMENT|[58]|allfields|""
00:42:39.0 (60326692)|HEAP_ALLOCATE|[59]|Bytes:5
00:42:39.0 (60335733)|HEAP_ALLOCATE|[59]|Bytes:2
00:42:39.0 (60342310)|VARIABLE_SCOPE_BEGIN|[59]|fieldname|String|false|false
00:42:39.0 (60350267)|VARIABLE_ASSIGNMENT|[59]|fieldname|"Id"
00:42:39.0 (60353931)|STATEMENT_EXECUTE|[60]
00:42:39.0 (60356307)|HEAP_ALLOCATE|[60]|Bytes:1
00:42:39.0 (60378579)|HEAP_ALLOCATE|[60]|Bytes:3
00:42:39.0 (60383749)|HEAP_ALLOCATE|[60]|Bytes:3
00:42:39.0 (60388658)|VARIABLE_ASSIGNMENT|[60]|allfields|"Id,"
00:42:39.0 (60397395)|HEAP_ALLOCATE|[59]|Bytes:5
00:42:39.0 (60403589)|HEAP_ALLOCATE|[59]|Bytes:7
00:42:39.0 (60407639)|VARIABLE_SCOPE_BEGIN|[59]|fieldname|String|false|false
00:42:39.0 (60414004)|VARIABLE_ASSIGNMENT|[59]|fieldname|"OwnerId"
00:42:39.0 (60417537)|STATEMENT_EXECUTE|[60]
00:42:39.0 (60420784)|HEAP_ALLOCATE|[60]|Bytes:8
00:42:39.0 (60424637)|HEAP_ALLOCATE|[60]|Bytes:11
00:42:39.0 (60428980)|VARIABLE_ASSIGNMENT|[60]|allfields|"Id,OwnerId,"
00:42:39.0 (60436072)|HEAP_ALLOCATE|[59]|Bytes:5
00:42:39.0 (60441398)|HEAP_ALLOCATE|[59]|Bytes:9
00:42:39.0 (60445130)|VARIABLE_SCOPE_BEGIN|[59]|fieldname|String|false|false
00:42:39.0 (60451630)|VARIABLE_ASSIGNMENT|[59]|fieldname|"IsDeleted"
00:42:39.0 (60456733)|STATEMENT_EXECUTE|[60]
00:42:39.0 (60459758)|HEAP_ALLOCATE|[60]|Bytes:10
00:42:39.0 (60463713)|HEAP_ALLOCATE|[60]|Bytes:21
00:42:39.0 (60470103)|VARIABLE_ASSIGNMENT|[60]|allfields|"Id,OwnerId,IsDeleted (1 more) ..."
00:42:39.0 (60477675)|HEAP_ALLOCATE|[59]|Bytes:5
00:42:39.0 (60483297)|HEAP_ALLOCATE|[59]|Bytes:4
00:42:39.0 (60486959)|VARIABLE_SCOPE_BEGIN|[59]|fieldname|String|false|false
00:42:39.0 (60493273)|VARIABLE_ASSIGNMENT|[59]|fieldname|"Name"
00:42:39.0 (60496710)|STATEMENT_EXECUTE|[60]
00:42:39.0 (60499305)|HEAP_ALLOCATE|[60]|Bytes:5
00:42:39.0 (60502858)|HEAP_ALLOCATE|[60]|Bytes:26
00:42:39.0 (60507688)|VARIABLE_ASSIGNMENT|[60]|allfields|"Id,OwnerId,IsDeleted (6 more) ..."
00:42:39.0 (60514261)|HEAP_ALLOCATE|[59]|Bytes:5
00:42:39.0 (60519485)|HEAP_ALLOCATE|[59]|Bytes:11
00:42:39.0 (60523270)|VARIABLE_SCOPE_BEGIN|[59]|fieldname|String|false|false
00:42:39.0 (60529558)|VARIABLE_ASSIGNMENT|[59]|fieldname|"CreatedDate"
00:42:39.0 (60532806)|STATEMENT_EXECUTE|[60]
00:42:39.0 (60535320)|HEAP_ALLOCATE|[60]|Bytes:12
00:42:39.0 (60538853)|HEAP_ALLOCATE|[60]|Bytes:38
00:42:39.0 (60543589)|VARIABLE_ASSIGNMENT|[60]|allfields|"Id,OwnerId,IsDeleted (18 more) ..."
00:42:39.0 (60550497)|HEAP_ALLOCATE|[59]|Bytes:5
00:42:39.0 (60555766)|HEAP_ALLOCATE|[59]|Bytes:11
00:42:39.0 (60559344)|VARIABLE_SCOPE_BEGIN|[59]|fieldname|String|false|false
00:42:39.0 (60565402)|VARIABLE_ASSIGNMENT|[59]|fieldname|"CreatedById"
00:42:39.0 (60568461)|STATEMENT_EXECUTE|[60]
00:42:39.0 (60570894)|HEAP_ALLOCATE|[60]|Bytes:12
00:42:39.0 (60574506)|HEAP_ALLOCATE|[60]|Bytes:50
00:42:39.0 (60579078)|VARIABLE_ASSIGNMENT|[60]|allfields|"Id,OwnerId,IsDeleted (30 more) ..."
00:42:39.0 (60585792)|HEAP_ALLOCATE|[59]|Bytes:5
00:42:39.0 (60591173)|HEAP_ALLOCATE|[59]|Bytes:16
00:42:39.0 (60594902)|VARIABLE_SCOPE_BEGIN|[59]|fieldname|String|false|false
00:42:39.0 (60601293)|VARIABLE_ASSIGNMENT|[59]|fieldname|"LastModifiedDate"
00:42:39.0 (60604517)|STATEMENT_EXECUTE|[60]
00:42:39.0 (60606946)|HEAP_ALLOCATE|[60]|Bytes:17
00:42:39.0 (60610421)|HEAP_ALLOCATE|[60]|Bytes:67
00:42:39.0 (60614926)|VARIABLE_ASSIGNMENT|[60]|allfields|"Id,OwnerId,IsDeleted (47 more) ..."
00:42:39.0 (60621993)|HEAP_ALLOCATE|[59]|Bytes:5
00:42:39.0 (60627429)|HEAP_ALLOCATE|[59]|Bytes:16
00:42:39.0 (60631154)|VARIABLE_SCOPE_BEGIN|[59]|fieldname|String|false|false
00:42:39.0 (60637227)|VARIABLE_ASSIGNMENT|[59]|fieldname|"LastModifiedById"
00:42:39.0 (60640641)|STATEMENT_EXECUTE|[60]
00:42:39.0 (60643082)|HEAP_ALLOCATE|[60]|Bytes:17
00:42:39.0 (60646604)|HEAP_ALLOCATE|[60]|Bytes:84
00:42:39.0 (60650947)|VARIABLE_ASSIGNMENT|[60]|allfields|"Id,OwnerId,IsDeleted (64 more) ..."
00:42:39.0 (60657385)|HEAP_ALLOCATE|[59]|Bytes:5
00:42:39.0 (60663109)|HEAP_ALLOCATE|[59]|Bytes:14
00:42:39.0 (60666691)|VARIABLE_SCOPE_BEGIN|[59]|fieldname|String|false|false
00:42:39.0 (60673160)|VARIABLE_ASSIGNMENT|[59]|fieldname|"SystemModstamp"
00:42:39.0 (60676423)|STATEMENT_EXECUTE|[60]
00:42:39.0 (60678926)|HEAP_ALLOCATE|[60]|Bytes:15
00:42:39.0 (60682815)|HEAP_ALLOCATE|[60]|Bytes:99
00:42:39.0 (60687256)|VARIABLE_ASSIGNMENT|[60]|allfields|"Id,OwnerId,IsDeleted (79 more) ..."
00:42:39.0 (60693841)|HEAP_ALLOCATE|[59]|Bytes:5
00:42:39.0 (60699689)|HEAP_ALLOCATE|[59]|Bytes:16
00:42:39.0 (60703140)|VARIABLE_SCOPE_BEGIN|[59]|fieldname|String|false|false
00:42:39.0 (60709255)|VARIABLE_ASSIGNMENT|[59]|fieldname|"LastActivityDate"
00:42:39.0 (60712540)|STATEMENT_EXECUTE|[60]
00:42:39.0 (60714982)|HEAP_ALLOCATE|[60]|Bytes:17
00:42:39.0 (60718846)|HEAP_ALLOCATE|[60]|Bytes:116
00:42:39.0 (60723771)|VARIABLE_ASSIGNMENT|[60]|allfields|"Id,OwnerId,IsDeleted (96 more) ..."
00:42:39.0 (60730118)|HEAP_ALLOCATE|[59]|Bytes:5
00:42:39.0 (60735652)|HEAP_ALLOCATE|[59]|Bytes:14
00:42:39.0 (60739110)|VARIABLE_SCOPE_BEGIN|[59]|fieldname|String|false|false
00:42:39.0 (60745371)|VARIABLE_ASSIGNMENT|[59]|fieldname|"LastViewedDate"
00:42:39.0 (60748829)|STATEMENT_EXECUTE|[60]
00:42:39.0 (60751237)|HEAP_ALLOCATE|[60]|Bytes:15
00:42:39.0 (60754740)|HEAP_ALLOCATE|[60]|Bytes:131
00:42:39.0 (60759623)|VARIABLE_ASSIGNMENT|[60]|allfields|"Id,OwnerId,IsDeleted (111 more) ..."
00:42:39.0 (60766907)|HEAP_ALLOCATE|[59]|Bytes:5
00:42:39.0 (60772516)|HEAP_ALLOCATE|[59]|Bytes:18
00:42:39.0 (60776146)|VARIABLE_SCOPE_BEGIN|[59]|fieldname|String|false|false
00:42:39.0 (60782389)|VARIABLE_ASSIGNMENT|[59]|fieldname|"LastReferencedDate"
00:42:39.0 (60785587)|STATEMENT_EXECUTE|[60]
00:42:39.0 (60788057)|HEAP_ALLOCATE|[60]|Bytes:19
00:42:39.0 (60791744)|HEAP_ALLOCATE|[60]|Bytes:150
00:42:39.0 (60796408)|VARIABLE_ASSIGNMENT|[60]|allfields|"Id,OwnerId,IsDeleted (130 more) ..."
00:42:39.0 (60803270)|HEAP_ALLOCATE|[59]|Bytes:5
00:42:39.0 (60808399)|HEAP_ALLOCATE|[59]|Bytes:9
00:42:39.0 (60812043)|VARIABLE_SCOPE_BEGIN|[59]|fieldname|String|false|false
00:42:39.0 (60818035)|VARIABLE_ASSIGNMENT|[59]|fieldname|"Client__c"
00:42:39.0 (60821279)|STATEMENT_EXECUTE|[60]
00:42:39.0 (60823735)|HEAP_ALLOCATE|[60]|Bytes:10
00:42:39.0 (60827270)|HEAP_ALLOCATE|[60]|Bytes:160
00:42:39.0 (60831711)|VARIABLE_ASSIGNMENT|[60]|allfields|"Id,OwnerId,IsDeleted (140 more) ..."
00:42:39.0 (60838191)|HEAP_ALLOCATE|[59]|Bytes:5
00:42:39.0 (60843640)|HEAP_ALLOCATE|[59]|Bytes:15
00:42:39.0 (60847213)|VARIABLE_SCOPE_BEGIN|[59]|fieldname|String|false|false
00:42:39.0 (60853662)|VARIABLE_ASSIGNMENT|[59]|fieldname|"End_Customer__c"
00:42:39.0 (60857138)|STATEMENT_EXECUTE|[60]
00:42:39.0 (60859623)|HEAP_ALLOCATE|[60]|Bytes:16
00:42:39.0 (60863202)|HEAP_ALLOCATE|[60]|Bytes:176
00:42:39.0 (60867658)|VARIABLE_ASSIGNMENT|[60]|allfields|"Id,OwnerId,IsDeleted (156 more) ..."
00:42:39.0 (60874137)|HEAP_ALLOCATE|[59]|Bytes:5
00:42:39.0 (60879606)|HEAP_ALLOCATE|[59]|Bytes:19
00:42:39.0 (60883045)|VARIABLE_SCOPE_BEGIN|[59]|fieldname|String|false|false
00:42:39.0 (60889623)|VARIABLE_ASSIGNMENT|[59]|fieldname|"Operation_Region__c"
00:42:39.0 (60892792)|STATEMENT_EXECUTE|[60]
00:42:39.0 (60895405)|HEAP_ALLOCATE|[60]|Bytes:20
00:42:39.0 (60898939)|HEAP_ALLOCATE|[60]|Bytes:196
00:42:39.0 (60903441)|VARIABLE_ASSIGNMENT|[60]|allfields|"Id,OwnerId,IsDeleted (176 more) ..."
00:42:39.0 (60909887)|HEAP_ALLOCATE|[59]|Bytes:5
00:42:39.0 (60915039)|HEAP_ALLOCATE|[59]|Bytes:14
00:42:39.0 (60918662)|VARIABLE_SCOPE_BEGIN|[59]|fieldname|String|false|false
00:42:39.0 (60924984)|VARIABLE_ASSIGNMENT|[59]|fieldname|"Work_Region__c"
00:42:39.0 (60928154)|STATEMENT_EXECUTE|[60]
00:42:39.0 (60930624)|HEAP_ALLOCATE|[60]|Bytes:15
00:42:39.0 (60934367)|HEAP_ALLOCATE|[60]|Bytes:211
00:42:39.0 (60939012)|VARIABLE_ASSIGNMENT|[60]|allfields|"Id,OwnerId,IsDeleted (191 more) ..."
00:42:39.0 (60945293)|HEAP_ALLOCATE|[59]|Bytes:5
00:42:39.0 (60950448)|HEAP_ALLOCATE|[59]|Bytes:25
00:42:39.0 (60953927)|VARIABLE_SCOPE_BEGIN|[59]|fieldname|String|false|false
00:42:39.0 (60960894)|VARIABLE_ASSIGNMENT|[59]|fieldname|"Client_Project_Manag (5 more) ..."
00:42:39.0 (60964133)|STATEMENT_EXECUTE|[60]
00:42:39.0 (60966702)|HEAP_ALLOCATE|[60]|Bytes:26
00:42:39.0 (60970199)|HEAP_ALLOCATE|[60]|Bytes:237
00:42:39.0 (60974982)|VARIABLE_ASSIGNMENT|[60]|allfields|"Id,OwnerId,IsDeleted (217 more) ..."
00:42:39.0 (60981192)|HEAP_ALLOCATE|[59]|Bytes:5
00:42:39.0 (60986394)|HEAP_ALLOCATE|[59]|Bytes:15
00:42:39.0 (60989806)|VARIABLE_SCOPE_BEGIN|[59]|fieldname|String|false|false
00:42:39.0 (60996209)|VARIABLE_ASSIGNMENT|[59]|fieldname|"Project_code__c"
00:42:39.0 (60999681)|STATEMENT_EXECUTE|[60]
00:42:39.0 (61002195)|HEAP_ALLOCATE|[60]|Bytes:16
00:42:39.0 (61006666)|HEAP_ALLOCATE|[60]|Bytes:253
00:42:39.0 (61011050)|VARIABLE_ASSIGNMENT|[60]|allfields|"Id,OwnerId,IsDeleted (233 more) ..."
00:42:39.0 (61017377)|HEAP_ALLOCATE|[59]|Bytes:5
00:42:39.0 (61022740)|HEAP_ALLOCATE|[59]|Bytes:23
00:42:39.0 (61026613)|VARIABLE_SCOPE_BEGIN|[59]|fieldname|String|false|false
00:42:39.0 (61033342)|VARIABLE_ASSIGNMENT|[59]|fieldname|"Company_project_code (3 more) ..."
00:42:39.0 (61036467)|STATEMENT_EXECUTE|[60]
00:42:39.0 (61038961)|HEAP_ALLOCATE|[60]|Bytes:24
00:42:39.0 (61042694)|HEAP_ALLOCATE|[60]|Bytes:277
00:42:39.0 (61047050)|VARIABLE_ASSIGNMENT|[60]|allfields|"Id,OwnerId,IsDeleted (257 more) ..."
00:42:39.0 (61053347)|HEAP_ALLOCATE|[59]|Bytes:5
00:42:39.0 (61058526)|HEAP_ALLOCATE|[59]|Bytes:16
00:42:39.0 (61061924)|VARIABLE_SCOPE_BEGIN|[59]|fieldname|String|false|false
00:42:39.0 (61068310)|VARIABLE_ASSIGNMENT|[59]|fieldname|"Project_Scope__c"
00:42:39.0 (61071768)|STATEMENT_EXECUTE|[60]
00:42:39.0 (61074447)|HEAP_ALLOCATE|[60]|Bytes:17
00:42:39.0 (61077989)|HEAP_ALLOCATE|[60]|Bytes:294
00:42:39.0 (61082574)|VARIABLE_ASSIGNMENT|[60]|allfields|"Id,OwnerId,IsDeleted (274 more) ..."
00:42:39.0 (61088916)|HEAP_ALLOCATE|[59]|Bytes:5
00:42:39.0 (61094006)|HEAP_ALLOCATE|[59]|Bytes:14
00:42:39.0 (61097691)|VARIABLE_SCOPE_BEGIN|[59]|fieldname|String|false|false
00:42:39.0 (61103924)|VARIABLE_ASSIGNMENT|[59]|fieldname|"Cost_Centre__c"
00:42:39.0 (61106960)|STATEMENT_EXECUTE|[60]
00:42:39.0 (61109468)|HEAP_ALLOCATE|[60]|Bytes:15
00:42:39.0 (61113083)|HEAP_ALLOCATE|[60]|Bytes:309
00:42:39.0 (61117709)|VARIABLE_ASSIGNMENT|[60]|allfields|"Id,OwnerId,IsDeleted (289 more) ..."
00:42:39.0 (61124148)|HEAP_ALLOCATE|[59]|Bytes:5
00:42:39.0 (61129233)|HEAP_ALLOCATE|[59]|Bytes:13
00:42:39.0 (61133051)|VARIABLE_SCOPE_BEGIN|[59]|fieldname|String|false|false
00:42:39.0 (61139421)|VARIABLE_ASSIGNMENT|[59]|fieldname|"Production__c"
00:42:39.0 (61142870)|STATEMENT_EXECUTE|[60]
00:42:39.0 (61148670)|HEAP_ALLOCATE|[60]|Bytes:14
00:42:39.0 (61152571)|HEAP_ALLOCATE|[60]|Bytes:323
00:42:39.0 (61157272)|VARIABLE_ASSIGNMENT|[60]|allfields|"Id,OwnerId,IsDeleted (303 more) ..."
00:42:39.0 (61164252)|HEAP_ALLOCATE|[59]|Bytes:5
00:42:39.0 (61169505)|HEAP_ALLOCATE|[59]|Bytes:5
00:42:39.0 (61173071)|VARIABLE_SCOPE_BEGIN|[59]|fieldname|String|false|false
00:42:39.0 (61179366)|VARIABLE_ASSIGNMENT|[59]|fieldname|"QC__c"
00:42:39.0 (61182531)|STATEMENT_EXECUTE|[60]
00:42:39.0 (61185103)|HEAP_ALLOCATE|[60]|Bytes:6
00:42:39.0 (61188861)|HEAP_ALLOCATE|[60]|Bytes:329
00:42:39.0 (61193341)|VARIABLE_ASSIGNMENT|[60]|allfields|"Id,OwnerId,IsDeleted (309 more) ..."
00:42:39.0 (61199674)|HEAP_ALLOCATE|[59]|Bytes:5
00:42:39.0 (61204796)|HEAP_ALLOCATE|[59]|Bytes:11
00:42:39.0 (61208262)|VARIABLE_SCOPE_BEGIN|[59]|fieldname|String|false|false
00:42:39.0 (61214497)|VARIABLE_ASSIGNMENT|[59]|fieldname|"Delivery__c"
00:42:39.0 (61217690)|STATEMENT_EXECUTE|[60]
00:42:39.0 (61220138)|HEAP_ALLOCATE|[60]|Bytes:12
00:42:39.0 (61224021)|HEAP_ALLOCATE|[60]|Bytes:341
00:42:39.0 (61228517)|VARIABLE_ASSIGNMENT|[60]|allfields|"Id,OwnerId,IsDeleted (321 more) ..."
00:42:39.0 (61234672)|HEAP_ALLOCATE|[59]|Bytes:5
00:42:39.0 (61239818)|HEAP_ALLOCATE|[59]|Bytes:5
00:42:39.0 (61243500)|VARIABLE_SCOPE_BEGIN|[59]|fieldname|String|false|false
00:42:39.0 (61249262)|VARIABLE_ASSIGNMENT|[59]|fieldname|"QA__c"
00:42:39.0 (61252196)|STATEMENT_EXECUTE|[60]
00:42:39.0 (61254731)|HEAP_ALLOCATE|[60]|Bytes:6
00:42:39.0 (61258474)|HEAP_ALLOCATE|[60]|Bytes:347
00:42:39.0 (61262936)|VARIABLE_ASSIGNMENT|[60]|allfields|"Id,OwnerId,IsDeleted (327 more) ..."
00:42:39.0 (61269192)|HEAP_ALLOCATE|[59]|Bytes:5
00:42:39.0 (61274362)|HEAP_ALLOCATE|[59]|Bytes:25
00:42:39.0 (61277866)|VARIABLE_SCOPE_BEGIN|[59]|fieldname|String|false|false
00:42:39.0 (61284566)|VARIABLE_ASSIGNMENT|[59]|fieldname|"OffshoreProjectManag (5 more) ..."
00:42:39.0 (61287624)|STATEMENT_EXECUTE|[60]
00:42:39.0 (61290132)|HEAP_ALLOCATE|[60]|Bytes:26
00:42:39.0 (61294250)|HEAP_ALLOCATE|[60]|Bytes:373
00:42:39.0 (61299076)|VARIABLE_ASSIGNMENT|[60]|allfields|"Id,OwnerId,IsDeleted (353 more) ..."
00:42:39.0 (61305494)|HEAP_ALLOCATE|[59]|Bytes:5
00:42:39.0 (61310859)|HEAP_ALLOCATE|[59]|Bytes:12
00:42:39.0 (61314422)|VARIABLE_SCOPE_BEGIN|[59]|fieldname|String|false|false
00:42:39.0 (61320284)|VARIABLE_ASSIGNMENT|[59]|fieldname|"Team_Lead__c"
00:42:39.0 (61323403)|STATEMENT_EXECUTE|[60]
00:42:39.0 (61325952)|HEAP_ALLOCATE|[60]|Bytes:13
00:42:39.0 (61329737)|HEAP_ALLOCATE|[60]|Bytes:386
00:42:39.0 (61337193)|VARIABLE_ASSIGNMENT|[60]|allfields|"Id,OwnerId,IsDeleted (366 more) ..."
00:42:39.0 (61346710)|HEAP_ALLOCATE|[59]|Bytes:5
00:42:39.0 (61352345)|HEAP_ALLOCATE|[59]|Bytes:21
00:42:39.0 (61356774)|VARIABLE_SCOPE_BEGIN|[59]|fieldname|String|false|false
00:42:39.0 (61363574)|VARIABLE_ASSIGNMENT|[59]|fieldname|"Project_Start_Date__ (1 more) ..."
00:42:39.0 (61369980)|STATEMENT_EXECUTE|[60]
00:42:39.0 (61372932)|HEAP_ALLOCATE|[60]|Bytes:22
00:42:39.0 (61377119)|HEAP_ALLOCATE|[60]|Bytes:408
00:42:39.0 (61381920)|VARIABLE_ASSIGNMENT|[60]|allfields|"Id,OwnerId,IsDeleted (388 more) ..."
00:42:39.0 (61388891)|HEAP_ALLOCATE|[59]|Bytes:5
00:42:39.0 (61394461)|HEAP_ALLOCATE|[59]|Bytes:19
00:42:39.0 (61398174)|VARIABLE_SCOPE_BEGIN|[59]|fieldname|String|false|false
00:42:39.0 (61404457)|VARIABLE_ASSIGNMENT|[59]|fieldname|"Project_End_Date__c"
00:42:39.0 (61407505)|STATEMENT_EXECUTE|[60]
00:42:39.0 (61410085)|HEAP_ALLOCATE|[60]|Bytes:20
00:42:39.0 (61413642)|HEAP_ALLOCATE|[60]|Bytes:428
00:42:39.0 (61418125)|VARIABLE_ASSIGNMENT|[60]|allfields|"Id,OwnerId,IsDeleted (408 more) ..."
00:42:39.0 (61424555)|HEAP_ALLOCATE|[59]|Bytes:5
00:42:39.0 (61429697)|HEAP_ALLOCATE|[59]|Bytes:8
00:42:39.0 (61433466)|VARIABLE_SCOPE_BEGIN|[59]|fieldname|String|false|false
00:42:39.0 (61439562)|VARIABLE_ASSIGNMENT|[59]|fieldname|"Units__c"
00:42:39.0 (61442814)|STATEMENT_EXECUTE|[60]
00:42:39.0 (61445379)|HEAP_ALLOCATE|[60]|Bytes:9
00:42:39.0 (61449096)|HEAP_ALLOCATE|[60]|Bytes:437
00:42:39.0 (61453522)|VARIABLE_ASSIGNMENT|[60]|allfields|"Id,OwnerId,IsDeleted (417 more) ..."
00:42:39.0 (61460187)|HEAP_ALLOCATE|[59]|Bytes:5
00:42:39.0 (61465521)|HEAP_ALLOCATE|[59]|Bytes:8
00:42:39.0 (61469076)|VARIABLE_SCOPE_BEGIN|[59]|fieldname|String|false|false
00:42:39.0 (61475280)|VARIABLE_ASSIGNMENT|[59]|fieldname|"Nodes__c"
00:42:39.0 (61478358)|STATEMENT_EXECUTE|[60]
00:42:39.0 (61480900)|HEAP_ALLOCATE|[60]|Bytes:9
00:42:39.0 (61484433)|HEAP_ALLOCATE|[60]|Bytes:446
00:42:39.0 (61488844)|VARIABLE_ASSIGNMENT|[60]|allfields|"Id,OwnerId,IsDeleted (426 more) ..."
00:42:39.0 (61495489)|HEAP_ALLOCATE|[59]|Bytes:5
00:42:39.0 (61500497)|HEAP_ALLOCATE|[59]|Bytes:10
00:42:39.0 (61504438)|VARIABLE_SCOPE_BEGIN|[59]|fieldname|String|false|false
00:42:39.0 (61510339)|VARIABLE_ASSIGNMENT|[59]|fieldname|"Footage__c"
00:42:39.0 (61513345)|STATEMENT_EXECUTE|[60]
00:42:39.0 (61515974)|HEAP_ALLOCATE|[60]|Bytes:11
00:42:39.0 (61519578)|HEAP_ALLOCATE|[60]|Bytes:457
00:42:39.0 (61523979)|VARIABLE_ASSIGNMENT|[60]|allfields|"Id,OwnerId,IsDeleted (437 more) ..."
00:42:39.0 (61530645)|HEAP_ALLOCATE|[59]|Bytes:5
00:42:39.0 (61535811)|HEAP_ALLOCATE|[59]|Bytes:8
00:42:39.0 (61539315)|VARIABLE_SCOPE_BEGIN|[59]|fieldname|String|false|false
00:42:39.0 (61545672)|VARIABLE_ASSIGNMENT|[59]|fieldname|"Miles__c"
00:42:39.0 (61548611)|STATEMENT_EXECUTE|[60]
00:42:39.0 (61551141)|HEAP_ALLOCATE|[60]|Bytes:9
00:42:39.0 (61554815)|HEAP_ALLOCATE|[60]|Bytes:466
00:42:39.0 (61559608)|VARIABLE_ASSIGNMENT|[60]|allfields|"Id,OwnerId,IsDeleted (446 more) ..."
00:42:39.0 (61565879)|HEAP_ALLOCATE|[59]|Bytes:5
00:42:39.0 (61571173)|HEAP_ALLOCATE|[59]|Bytes:7
00:42:39.0 (61574745)|VARIABLE_SCOPE_BEGIN|[59]|fieldname|String|false|false
00:42:39.0 (61580875)|VARIABLE_ASSIGNMENT|[59]|fieldname|"Jobs__c"
00:42:39.0 (61584012)|STATEMENT_EXECUTE|[60]
00:42:39.0 (61586519)|HEAP_ALLOCATE|[60]|Bytes:8
00:42:39.0 (61590171)|HEAP_ALLOCATE|[60]|Bytes:474
00:42:39.0 (61594624)|VARIABLE_ASSIGNMENT|[60]|allfields|"Id,OwnerId,IsDeleted (454 more) ..."
00:42:39.0 (61601527)|HEAP_ALLOCATE|[59]|Bytes:5
00:42:39.0 (61606816)|HEAP_ALLOCATE|[59]|Bytes:8
00:42:39.0 (61610691)|VARIABLE_SCOPE_BEGIN|[59]|fieldname|String|false|false
00:42:39.0 (61616729)|VARIABLE_ASSIGNMENT|[59]|fieldname|"Hours__c"
00:42:39.0 (61620012)|STATEMENT_EXECUTE|[60]
00:42:39.0 (61622469)|HEAP_ALLOCATE|[60]|Bytes:9
00:42:39.0 (61626025)|HEAP_ALLOCATE|[60]|Bytes:483
00:42:39.0 (61630432)|VARIABLE_ASSIGNMENT|[60]|allfields|"Id,OwnerId,IsDeleted (463 more) ..."
00:42:39.0 (61639108)|HEAP_ALLOCATE|[59]|Bytes:5
00:42:39.0 (61648851)|HEAP_ALLOCATE|[59]|Bytes:7
00:42:39.0 (61655983)|VARIABLE_SCOPE_BEGIN|[59]|fieldname|String|false|false
00:42:39.0 (61667571)|VARIABLE_ASSIGNMENT|[59]|fieldname|"Team__c"
00:42:39.0 (61673150)|STATEMENT_EXECUTE|[60]
00:42:39.0 (61677994)|HEAP_ALLOCATE|[60]|Bytes:8
00:42:39.0 (61684412)|HEAP_ALLOCATE|[60]|Bytes:491
00:42:39.0 (61693604)|VARIABLE_ASSIGNMENT|[60]|allfields|"Id,OwnerId,IsDeleted (471 more) ..."
00:42:39.0 (61710702)|HEAP_ALLOCATE|[59]|Bytes:5
00:42:39.0 (61724197)|VARIABLE_ASSIGNMENT|[59]|fieldname|null
00:42:39.0 (61728933)|STATEMENT_EXECUTE|[62]
00:42:39.0 (61797083)|HEAP_ALLOCATE|[62]|Bytes:490
00:42:39.0 (61809801)|VARIABLE_ASSIGNMENT|[62]|allfields|"Id,OwnerId,IsDeleted (470 more) ..."
00:42:39.0 (61814023)|STATEMENT_EXECUTE|[64]
00:42:39.0 (61828120)|METHOD_EXIT|[16]|01p7F00000Ehro9|PM_Project_Edit_Controller.getAllFields(String)
00:42:39.0 (61834529)|HEAP_ALLOCATE|[16]|Bytes:32
00:42:39.0 (61842382)|HEAP_ALLOCATE|[16]|Bytes:529
00:42:39.0 (62611882)|SOQL_EXECUTE_BEGIN|[16]|Aggregations:0|select Id,OwnerId,IsDeleted,Name,CreatedDate,CreatedById,LastModifiedDate,LastModifiedById,SystemModstamp,LastActivityDate,LastViewedDate,LastReferencedDate,Client__c,End_Customer__c,Operation_Region__c,Work_Region__c,Client_Project_Manager__c,Project_code__c,Company_project_code__c,Project_Scope__c,Cost_Centre__c,Production__c,QC__c,Delivery__c,QA__c,OffshoreProjectManager__c,Team_Lead__c,Project_Start_Date__c,Project_End_Date__c,Units__c,Nodes__c,Footage__c,Miles__c,Jobs__c,Hours__c,Team__c from Project__c where Id = :pid
00:42:39.0 (67391837)|SOQL_EXECUTE_END|[16]|Rows:1
00:42:39.0 (67416109)|HEAP_ALLOCATE|[16]|Bytes:8
00:42:39.0 (67450843)|HEAP_ALLOCATE|[16]|Bytes:957
00:42:39.0 (67517437)|HEAP_ALLOCATE|[16]|Bytes:8
00:42:39.0 (67537053)|HEAP_ALLOCATE|[16]|Bytes:36
00:42:39.0 (67577287)|HEAP_ALLOCATE|[16]|Bytes:140
00:42:39.0 (67637561)|VARIABLE_ASSIGNMENT|[EXTERNAL]|this|{"mysObject":"0x2c58b45e","nonSelectedUserId":"(","usersList":"0x17e76132"}|0x5f22942b
00:42:39.0 (67703139)|VARIABLE_ASSIGNMENT|[EXTERNAL]|value|{"Id":"a057F000002dVX8QAM","OwnerId":"0057F000000Tiz6QAC","IsDeleted":false,"Name":"Hello World","CreatedDate":"2017-12-19T09:32:05.000Z","CreatedById":"0057F000000Tiz6QAC","LastModifiedDate":"2017-12-19T09:34:04.000Z","LastModifiedById":"0057F000000Tiz6QAC","SystemModstamp":"2018-01-20T18:42:23.000Z","LastViewedDate":"2018-01-22T06:04:42.000Z","LastReferencedDate":"2018-01-22T06:04:42.000Z","Client__c":"a047F000002zkUjQAI","End_Customer__c":"Kumar","Operation_Region__c":"Hyderabad","Work_Region__c":"Hyd","Client_Project_Manag (5 more) ...":"Rajesh","Project_code__c":"123654","Company_project_code (3 more) ...":"123654","Project_Scope__c":"DESIGNING","Cost_Centre__c":"600","Production__c":40,"QC__c":20,"Delivery__c":20,"QA__c":20,"OffshoreProjectManag (5 more) ...":"0057F000000TyyXQAS","Team_Lead__c":"0057F000000TyzGQAS","Project_Start_Date__ (1 more) ...":"2017-12-19T00:00:00.000Z","Project_End_Date__c":"2017-12-20T00:00:00.000Z","Units__c":true,"Nodes__c":false,"Footage__c":false,"Miles__c":true,"Jobs__c":true,"Hours__c":false}|0x577c12
00:42:39.0 (67760121)|VARIABLE_ASSIGNMENT|[3]|this.mysObject|{"Id":"a057F000002dVX8QAM","OwnerId":"0057F000000Tiz6QAC","IsDeleted":false,"Name":"Hello World","CreatedDate":"2017-12-19T09:32:05.000Z","CreatedById":"0057F000000Tiz6QAC","LastModifiedDate":"2017-12-19T09:34:04.000Z","LastModifiedById":"0057F000000Tiz6QAC","SystemModstamp":"2018-01-20T18:42:23.000Z","LastViewedDate":"2018-01-22T06:04:42.000Z","LastReferencedDate":"2018-01-22T06:04:42.000Z","Client__c":"a047F000002zkUjQAI","End_Customer__c":"Kumar","Operation_Region__c":"Hyderabad","Work_Region__c":"Hyd","Client_Project_Manag (5 more) ...":"Rajesh","Project_code__c":"123654","Company_project_code (3 more) ...":"123654","Project_Scope__c":"DESIGNING","Cost_Centre__c":"600","Production__c":40,"QC__c":20,"Delivery__c":20,"QA__c":20,"OffshoreProjectManag (5 more) ...":"0057F000000TyyXQAS","Team_Lead__c":"0057F000000TyzGQAS","Project_Start_Date__ (1 more) ...":"2017-12-19T00:00:00.000Z","Project_End_Date__c":"2017-12-20T00:00:00.000Z","Units__c":true,"Nodes__c":false,"Footage__c":false,"Miles__c":true,"Jobs__c":true,"Hours__c":false}|0x5f22942b
00:42:39.0 (67786637)|STATEMENT_EXECUTE|[17]
00:42:39.0 (67835156)|VARIABLE_ASSIGNMENT|[EXTERNAL]|this|{"mysObject":"0x577c12","nonSelectedUserId":"(","usersList":"0x17e76132"}|0x5f22942b
00:42:39.0 (67902691)|VARIABLE_ASSIGNMENT|[EXTERNAL]|this|{"mysObject":"0x577c12","nonSelectedUserId":"(","usersList":"0x17e76132"}|0x5f22942b
00:42:39.0 (67911715)|VARIABLE_ASSIGNMENT|[EXTERNAL]|value|"Hello World"
00:42:39.0 (67920125)|VARIABLE_ASSIGNMENT|[4]|this.pName|"Hello World"|0x5f22942b
00:42:39.0 (67927856)|STATEMENT_EXECUTE|[19]
00:42:39.0 (67931425)|HEAP_ALLOCATE|[19]|Bytes:86
00:42:39.0 (67950115)|HEAP_ALLOCATE|[19]|Bytes:4
00:42:39.0 (67960869)|HEAP_ALLOCATE|[19]|Bytes:7
00:42:39.0 (69294295)|SOQL_EXECUTE_BEGIN|[19]|Aggregations:0|SELECT Name, UserLink__c FROM ProjectJobAssociation__c WHERE ProjectLink__c = :tmpVar1
00:42:39.0 (80470347)|SOQL_EXECUTE_END|[19]|Rows:0
00:42:39.0 (80508127)|HEAP_ALLOCATE|[19]|Bytes:4
00:42:39.0 (80522175)|HEAP_ALLOCATE|[19]|Bytes:0
00:42:39.0 (80607599)|HEAP_ALLOCATE|[19]|Bytes:4
00:42:39.0 (80637587)|VARIABLE_SCOPE_BEGIN|[19]|pja|List<ProjectJobAssociation__c>|true|false
00:42:39.0 (80668688)|VARIABLE_ASSIGNMENT|[19]|pja|[]|0x20759f42
00:42:39.0 (80678293)|STATEMENT_EXECUTE|[20]
00:42:39.0 (80694399)|HEAP_ALLOCATE|[20]|Bytes:4
00:42:39.0 (80798195)|VARIABLE_ASSIGNMENT|[EXTERNAL]|this|{"mysObject":"0x577c12","nonSelectedUserId":"(","pName":"Hello World","usersList":"0x17e76132"}|0x5f22942b
00:42:39.0 (80825131)|HEAP_ALLOCATE|[EXTERNAL]|Bytes:4
00:42:39.0 (80833030)|VARIABLE_ASSIGNMENT|[EXTERNAL]|value|[]|0x414b9fe9
00:42:39.0 (80847500)|VARIABLE_ASSIGNMENT|[6]|this.selectedUsers|[]|0x5f22942b
00:42:39.0 (81006430)|HEAP_ALLOCATE|[21]|Bytes:5
00:42:39.0 (81023737)|VARIABLE_ASSIGNMENT|[21]|spja|null|
00:42:39.0 (81029848)|STATEMENT_EXECUTE|[21]
00:42:39.0 (81031367)|STATEMENT_EXECUTE|[26]
00:42:39.0 (81105225)|VARIABLE_ASSIGNMENT|[26]|this.nonSelectedUserId|""|0x5f22942b
00:42:39.0 (81112055)|STATEMENT_EXECUTE|[27]
00:42:39.0 (81116425)|HEAP_ALLOCATE|[27]|Bytes:1
00:42:39.0 (81124919)|HEAP_ALLOCATE|[27]|Bytes:1
00:42:39.0 (81131522)|VARIABLE_ASSIGNMENT|[27]|this.nonSelectedUserId|")"|0x5f22942b
00:42:39.0 (81141659)|SYSTEM_MODE_EXIT|false
00:42:39.0 (81247690)|SYSTEM_MODE_ENTER|true
00:42:39.0 (90984587)|SYSTEM_MODE_ENTER|true
00:42:39.0 (91050528)|HEAP_ALLOCATE|[EXTERNAL]|Bytes:164
00:42:39.0 (91062049)|HEAP_ALLOCATE|[EXTERNAL]|Bytes:12
00:42:39.0 (91075248)|METHOD_ENTRY|[5]|01p7F00000Ehg8E|MultiselectController.MultiselectController()
00:42:39.0 (91080657)|STATEMENT_EXECUTE|[5]
00:42:39.0 (91085188)|STATEMENT_EXECUTE|[5]
00:42:39.0 (91095190)|SYSTEM_MODE_ENTER|false
00:42:39.0 (91102589)|HEAP_ALLOCATE|[EXTERNAL]|Bytes:5
00:42:39.0 (91110709)|SYSTEM_MODE_EXIT|false
00:42:39.0 (91118330)|METHOD_EXIT|[5]|MultiselectController
00:42:39.0 (91136496)|HEAP_ALLOCATE|[EXTERNAL]|Bytes:20
00:42:39.0 (91144057)|VARIABLE_SCOPE_BEGIN|[5]|this|MultiselectController|true|false
00:42:39.0 (91187760)|VARIABLE_ASSIGNMENT|[5]|this|{}|0x2dd113be
00:42:39.0 (91202110)|SYSTEM_MODE_ENTER|false
00:42:39.0 (91207543)|HEAP_ALLOCATE|[EXTERNAL]|Bytes:5
00:42:39.0 (91231806)|SYSTEM_MODE_EXIT|false
00:42:39.0 (91235694)|STATEMENT_EXECUTE|[5]
00:42:39.0 (91241555)|SYSTEM_MODE_ENTER|false
00:42:39.0 (91245468)|HEAP_ALLOCATE|[EXTERNAL]|Bytes:5
00:42:39.0 (91248368)|STATEMENT_EXECUTE|[7]
00:42:39.0 (91249732)|STATEMENT_EXECUTE|[8]
00:42:39.0 (91250725)|STATEMENT_EXECUTE|[23]
00:42:39.0 (91251833)|STATEMENT_EXECUTE|[31]
00:42:39.0 (91253448)|SYSTEM_MODE_EXIT|false
00:42:39.0 (91408212)|SYSTEM_MODE_ENTER|true
00:42:39.0 (91449738)|HEAP_ALLOCATE|[EXTERNAL]|Bytes:24
00:42:39.0 (91457748)|VARIABLE_SCOPE_BEGIN|[30]|this|PM_Project_Edit_Controller|true|false
00:42:39.0 (91490500)|VARIABLE_ASSIGNMENT|[30]|this|{"mysObject":"0x577c12","nonSelectedUserId":")","pName":"Hello World","selectedUsers":"0x414b9fe9","usersList":"0x17e76132"}|0x5f22942b
00:42:39.0 (91509725)|SYSTEM_MODE_ENTER|false
00:42:39.0 (91515658)|HEAP_ALLOCATE|[31]|Bytes:5
00:42:39.0 (91519997)|STATEMENT_EXECUTE|[30]
00:42:39.0 (91521163)|STATEMENT_EXECUTE|[31]
00:42:39.0 (91525308)|HEAP_ALLOCATE|[31]|Bytes:62
00:42:39.0 (91541097)|HEAP_ALLOCATE|[31]|Bytes:4
00:42:39.0 (91831293)|SOQL_EXECUTE_BEGIN|[31]|Aggregations:0|SELECT Id, Name FROM UserRole WHERE Name = 'Software Engineer'
00:42:39.0 (95324082)|SOQL_EXECUTE_END|[31]|Rows:1
00:42:39.0 (95345975)|HEAP_ALLOCATE|[31]|Bytes:8
00:42:39.0 (95361613)|HEAP_ALLOCATE|[31]|Bytes:54
00:42:39.0 (95439961)|HEAP_ALLOCATE|[31]|Bytes:8
00:42:39.0 (95454905)|HEAP_ALLOCATE|[31]|Bytes:34
00:42:39.0 (95499817)|HEAP_ALLOCATE|[31]|Bytes:12
00:42:39.0 (95507706)|VARIABLE_SCOPE_BEGIN|[31]|userRole|UserRole|true|false
00:42:39.0 (95527038)|VARIABLE_ASSIGNMENT|[31]|userRole|{"Id":"00E7F000000MdriUAC","Name":"Software Engineer"}|0x6eff53eb
00:42:39.0 (95532959)|STATEMENT_EXECUTE|[32]
00:42:39.0 (95558235)|VARIABLE_SCOPE_BEGIN|[32]|userRoleId|Id|false|false
00:42:39.0 (95716955)|VARIABLE_ASSIGNMENT|[32]|userRoleId|"00E7F000000MdriUAC"
00:42:39.0 (95724090)|STATEMENT_EXECUTE|[33]
00:42:39.0 (95728053)|HEAP_ALLOCATE|[33]|Bytes:70
00:42:39.0 (95746202)|HEAP_ALLOCATE|[33]|Bytes:71
00:42:39.0 (96296579)|EXCEPTION_THROWN|[33]|System.QueryException: expecting a colon, found ')'
00:42:39.0 (96400365)|HEAP_ALLOCATE|[33]|Bytes:32
00:42:39.0 (96418950)|SYSTEM_MODE_EXIT|false
00:42:39.0 (96502697)|FATAL_ERROR|System.QueryException: expecting a colon, found ')'

Class.PM_Project_Edit_Controller.getUsersList: line 33, column 1
