36.0 APEX_CODE,FINEST;APEX_PROFILING,INFO;CALLOUT,INFO;DB,INFO;SYSTEM,DEBUG;VALIDATION,INFO;VISUALFORCE,INFO;WAVE,INFO;WORKFLOW,INFO
05:38:42.0 (275186)|USER_INFO|[EXTERNAL]|0057F000000Tiz6|ksb994@salesforce.com|Pacific Standard Time|GMT-08:00
05:38:42.0 (311052)|EXECUTION_STARTED
05:38:42.0 (314480)|CODE_UNIT_STARTED|[EXTERNAL]|0667F000004uRC1|VF: /apex/PM_Project_Edit
05:38:42.0 (2746735)|SYSTEM_MODE_ENTER|true
05:38:42.0 (3081230)|HEAP_ALLOCATE|[72]|Bytes:3
05:38:42.0 (3120979)|HEAP_ALLOCATE|[77]|Bytes:152
05:38:42.0 (3136963)|HEAP_ALLOCATE|[342]|Bytes:408
05:38:42.0 (3151347)|HEAP_ALLOCATE|[355]|Bytes:408
05:38:42.0 (3165739)|HEAP_ALLOCATE|[467]|Bytes:48
05:38:42.0 (3189434)|HEAP_ALLOCATE|[139]|Bytes:6
05:38:42.0 (3205505)|HEAP_ALLOCATE|[EXTERNAL]|Bytes:144
05:38:42.0 (3210961)|HEAP_ALLOCATE|[EXTERNAL]|Bytes:20
05:38:42.0 (3214300)|HEAP_ALLOCATE|[EXTERNAL]|Bytes:2
05:38:42.0 (3222756)|METHOD_ENTRY|[1]|01p7F00000Ehro9|PM_Project_Edit_Controller.PM_Project_Edit_Controller()
05:38:42.0 (3228390)|STATEMENT_EXECUTE|[1]
05:38:42.0 (3232791)|STATEMENT_EXECUTE|[1]
05:38:42.0 (3265465)|HEAP_ALLOCATE|[50]|Bytes:5
05:38:42.0 (3286786)|HEAP_ALLOCATE|[56]|Bytes:5
05:38:42.0 (3293220)|HEAP_ALLOCATE|[64]|Bytes:7
05:38:42.0 (3315519)|SYSTEM_MODE_ENTER|false
05:38:42.0 (3329599)|HEAP_ALLOCATE|[EXTERNAL]|Bytes:5
05:38:42.0 (3337059)|SYSTEM_MODE_EXIT|false
05:38:42.0 (3344181)|METHOD_EXIT|[1]|PM_Project_Edit_Controller
05:38:42.0 (3361590)|HEAP_ALLOCATE|[EXTERNAL]|Bytes:24
05:38:42.0 (3374368)|VARIABLE_SCOPE_BEGIN|[10]|this|PM_Project_Edit_Controller|true|false
05:38:42.0 (3426852)|VARIABLE_ASSIGNMENT|[10]|this|{}|0x3e70ec03
05:38:42.0 (3434746)|VARIABLE_SCOPE_BEGIN|[10]|stdController|ApexPages.StandardController|true|false
05:38:42.0 (3630620)|VARIABLE_ASSIGNMENT|[10]|stdController|"StandardController [null]"|0x1083c08b
05:38:42.0 (3650389)|SYSTEM_MODE_ENTER|false
05:38:42.0 (3656109)|HEAP_ALLOCATE|[7]|Bytes:5
05:38:42.0 (3661830)|STATEMENT_EXECUTE|[1]
05:38:42.0 (3666541)|HEAP_ALLOCATE|[7]|Bytes:5
05:38:42.0 (3669443)|STATEMENT_EXECUTE|[3]
05:38:42.0 (3670591)|STATEMENT_EXECUTE|[4]
05:38:42.0 (3671563)|STATEMENT_EXECUTE|[6]
05:38:42.0 (3672473)|STATEMENT_EXECUTE|[7]
05:38:42.0 (3690123)|HEAP_ALLOCATE|[7]|Bytes:4
05:38:42.0 (3753678)|HEAP_ALLOCATE|[EXTERNAL]|Bytes:4
05:38:42.0 (3766578)|VARIABLE_ASSIGNMENT|[7]|this.usersList|[]|0x3e70ec03
05:38:42.0 (3771825)|STATEMENT_EXECUTE|[8]
05:38:42.0 (3774459)|HEAP_ALLOCATE|[8]|Bytes:1
05:38:42.0 (3782499)|VARIABLE_ASSIGNMENT|[8]|this.nonSelectedUserId|"("|0x3e70ec03
05:38:42.0 (3793396)|HEAP_ALLOCATE|[8]|Bytes:6
05:38:42.0 (3820257)|STATEMENT_EXECUTE|[10]
05:38:42.0 (3821932)|STATEMENT_EXECUTE|[11]
05:38:42.0 (3913020)|HEAP_ALLOCATE|[11]|Bytes:4
05:38:42.0 (3957537)|VARIABLE_ASSIGNMENT|[EXTERNAL]|this|{"nonSelectedUserId":"(","usersList":"0x3909ddfd"}|0x3e70ec03
05:38:42.0 (3969946)|VARIABLE_ASSIGNMENT|[EXTERNAL]|value|{}|0x60254b93
05:38:42.0 (3979961)|VARIABLE_ASSIGNMENT|[3]|this.mysObject|{}|0x3e70ec03
05:38:42.0 (3988178)|STATEMENT_EXECUTE|[12]
05:38:42.0 (4018623)|HEAP_ALLOCATE|[12]|Bytes:43
05:38:42.0 (4052599)|HEAP_ALLOCATE|[12]|Bytes:18
05:38:42.0 (4072159)|HEAP_ALLOCATE|[12]|Bytes:3
05:38:42.0 (4101780)|HEAP_ALLOCATE|[12]|Bytes:4
05:38:42.0 (4107049)|VARIABLE_SCOPE_BEGIN|[12]|pid|Id|false|false
05:38:42.0 (4172597)|VARIABLE_ASSIGNMENT|[12]|pid|"a057F0000039UetQAE"
05:38:42.0 (4179093)|STATEMENT_EXECUTE|[16]
05:38:42.0 (4181597)|HEAP_ALLOCATE|[16]|Bytes:7
05:38:42.0 (4185922)|HEAP_ALLOCATE|[16]|Bytes:10
05:38:42.0 (4198817)|METHOD_ENTRY|[16]|01p7F00000Ehro9|PM_Project_Edit_Controller.getAllFields(String)
05:38:42.0 (4213806)|VARIABLE_SCOPE_BEGIN|[48]|sobjectname|String|false|false
05:38:42.0 (4222579)|VARIABLE_ASSIGNMENT|[48]|sobjectname|"Project__c"
05:38:42.0 (4240150)|HEAP_ALLOCATE|[49]|Bytes:5
05:38:42.0 (4244538)|STATEMENT_EXECUTE|[48]
05:38:42.0 (21217184)|HEAP_ALLOCATE|[49]|Bytes:1468
05:38:42.0 (21268711)|STATEMENT_EXECUTE|[49]
05:38:42.0 (21270911)|STATEMENT_EXECUTE|[52]
05:38:42.0 (24659866)|HEAP_ALLOCATE|[52]|Bytes:1468
05:38:42.0 (24847247)|HEAP_ALLOCATE|[52]|Bytes:4
05:38:42.0 (24891000)|HEAP_ALLOCATE|[52]|Bytes:4
05:38:42.0 (25161984)|HEAP_ALLOCATE|[52]|Bytes:148
05:38:42.0 (25173923)|VARIABLE_SCOPE_BEGIN|[52]|fields|Map<String,Schema.SObjectField>|true|false
05:38:42.0 (25371381)|VARIABLE_ASSIGNMENT|[52]|fields|"{client__c=Client__c, client_project_manager__c=Client_Project_Manager__c, company_project_code__c=Company_project_code__c, cost_centre__c=Cost_Centre__c, createdbyid=CreatedById, createddate=CreatedDate, delivery__c=Delivery__c, end_customer__c=End_Customer__c, footage__c=Footage__c, hours__c=Hours__c, ...}"|0xbcb0b5d
05:38:42.0 (25385308)|STATEMENT_EXECUTE|[53]
05:38:42.0 (25401739)|HEAP_ALLOCATE|[53]|Bytes:4
05:38:42.0 (25430835)|VARIABLE_SCOPE_BEGIN|[53]|accessiblefields|List<String>|true|false
05:38:42.0 (25461328)|HEAP_ALLOCATE|[EXTERNAL]|Bytes:4
05:38:42.0 (25472356)|VARIABLE_ASSIGNMENT|[53]|accessiblefields|[]|0x3a540946
05:38:42.0 (25518559)|HEAP_ALLOCATE|[EXTERNAL]|Bytes:148
05:38:42.0 (25536278)|HEAP_ALLOCATE|[54]|Bytes:148
05:38:42.0 (25607105)|HEAP_ALLOCATE|[54]|Bytes:5
05:38:42.0 (25625566)|VARIABLE_SCOPE_BEGIN|[54]|field|Schema.SObjectField|true|false
05:38:42.0 (25689598)|VARIABLE_ASSIGNMENT|[54]|field|"common.apex.runtime.impl.ApexFieldToken@76822952"|0x76822952
05:38:42.0 (25698235)|STATEMENT_EXECUTE|[54]
05:38:42.0 (26059852)|HEAP_ALLOCATE|[55]|Bytes:8
05:38:42.0 (26082435)|STATEMENT_EXECUTE|[56]
05:38:42.0 (26109528)|HEAP_ALLOCATE|[56]|Bytes:8
05:38:42.0 (26122252)|HEAP_ALLOCATE|[56]|Bytes:2
05:38:42.0 (26134710)|HEAP_ALLOCATE|[EXTERNAL]|Bytes:4
05:38:42.0 (26148474)|HEAP_ALLOCATE|[54]|Bytes:5
05:38:42.0 (26161217)|VARIABLE_SCOPE_BEGIN|[54]|field|Schema.SObjectField|true|false
05:38:42.0 (26228100)|VARIABLE_ASSIGNMENT|[54]|field|"common.apex.runtime.impl.ApexFieldToken@2540553c"|0x2540553c
05:38:42.0 (26236491)|STATEMENT_EXECUTE|[54]
05:38:42.0 (26357477)|HEAP_ALLOCATE|[55]|Bytes:8
05:38:42.0 (26370282)|STATEMENT_EXECUTE|[56]
05:38:42.0 (26387442)|HEAP_ALLOCATE|[56]|Bytes:8
05:38:42.0 (26394899)|HEAP_ALLOCATE|[56]|Bytes:7
05:38:42.0 (26403406)|HEAP_ALLOCATE|[EXTERNAL]|Bytes:4
05:38:42.0 (26418240)|HEAP_ALLOCATE|[54]|Bytes:5
05:38:42.0 (26437738)|VARIABLE_SCOPE_BEGIN|[54]|field|Schema.SObjectField|true|false
05:38:42.0 (26531145)|VARIABLE_ASSIGNMENT|[54]|field|"common.apex.runtime.impl.ApexFieldToken@3fc476eb"|0x3fc476eb
05:38:42.0 (26542227)|STATEMENT_EXECUTE|[54]
05:38:42.0 (26641233)|HEAP_ALLOCATE|[55]|Bytes:8
05:38:42.0 (26655085)|STATEMENT_EXECUTE|[56]
05:38:42.0 (26668210)|HEAP_ALLOCATE|[56]|Bytes:8
05:38:42.0 (26674924)|HEAP_ALLOCATE|[56]|Bytes:9
05:38:42.0 (26683207)|HEAP_ALLOCATE|[EXTERNAL]|Bytes:4
05:38:42.0 (26693711)|HEAP_ALLOCATE|[54]|Bytes:5
05:38:42.0 (26704830)|VARIABLE_SCOPE_BEGIN|[54]|field|Schema.SObjectField|true|false
05:38:42.0 (26768832)|VARIABLE_ASSIGNMENT|[54]|field|"common.apex.runtime.impl.ApexFieldToken@303af716"|0x303af716
05:38:42.0 (26776605)|STATEMENT_EXECUTE|[54]
05:38:42.0 (26861401)|HEAP_ALLOCATE|[55]|Bytes:8
05:38:42.0 (26876954)|STATEMENT_EXECUTE|[56]
05:38:42.0 (26896856)|HEAP_ALLOCATE|[56]|Bytes:8
05:38:42.0 (26908817)|HEAP_ALLOCATE|[56]|Bytes:4
05:38:42.0 (26918981)|HEAP_ALLOCATE|[EXTERNAL]|Bytes:4
05:38:42.0 (26929932)|HEAP_ALLOCATE|[54]|Bytes:5
05:38:42.0 (26941755)|VARIABLE_SCOPE_BEGIN|[54]|field|Schema.SObjectField|true|false
05:38:42.0 (27005327)|VARIABLE_ASSIGNMENT|[54]|field|"common.apex.runtime.impl.ApexFieldToken@579590fa"|0x579590fa
05:38:42.0 (27012785)|STATEMENT_EXECUTE|[54]
05:38:42.0 (27131340)|HEAP_ALLOCATE|[55]|Bytes:8
05:38:42.0 (27144621)|STATEMENT_EXECUTE|[56]
05:38:42.0 (27158829)|HEAP_ALLOCATE|[56]|Bytes:8
05:38:42.0 (27166661)|HEAP_ALLOCATE|[56]|Bytes:11
05:38:42.0 (27175185)|HEAP_ALLOCATE|[EXTERNAL]|Bytes:4
05:38:42.0 (27185519)|HEAP_ALLOCATE|[54]|Bytes:5
05:38:42.0 (27197646)|VARIABLE_SCOPE_BEGIN|[54]|field|Schema.SObjectField|true|false
05:38:42.0 (27261051)|VARIABLE_ASSIGNMENT|[54]|field|"common.apex.runtime.impl.ApexFieldToken@705bd681"|0x705bd681
05:38:42.0 (27267800)|STATEMENT_EXECUTE|[54]
05:38:42.0 (27374634)|HEAP_ALLOCATE|[55]|Bytes:8
05:38:42.0 (27390846)|STATEMENT_EXECUTE|[56]
05:38:42.0 (27406243)|HEAP_ALLOCATE|[56]|Bytes:8
05:38:42.0 (27413766)|HEAP_ALLOCATE|[56]|Bytes:11
05:38:42.0 (27421516)|HEAP_ALLOCATE|[EXTERNAL]|Bytes:4
05:38:42.0 (27432449)|HEAP_ALLOCATE|[54]|Bytes:5
05:38:42.0 (27444234)|VARIABLE_SCOPE_BEGIN|[54]|field|Schema.SObjectField|true|false
05:38:42.0 (27511873)|VARIABLE_ASSIGNMENT|[54]|field|"common.apex.runtime.impl.ApexFieldToken@6cb4954f"|0x6cb4954f
05:38:42.0 (27518962)|STATEMENT_EXECUTE|[54]
05:38:42.0 (27607806)|HEAP_ALLOCATE|[55]|Bytes:8
05:38:42.0 (27619358)|STATEMENT_EXECUTE|[56]
05:38:42.0 (27632479)|HEAP_ALLOCATE|[56]|Bytes:8
05:38:42.0 (27639436)|HEAP_ALLOCATE|[56]|Bytes:16
05:38:42.0 (27646687)|HEAP_ALLOCATE|[EXTERNAL]|Bytes:4
05:38:42.0 (27656846)|HEAP_ALLOCATE|[54]|Bytes:5
05:38:42.0 (27668045)|VARIABLE_SCOPE_BEGIN|[54]|field|Schema.SObjectField|true|false
05:38:42.0 (27728245)|VARIABLE_ASSIGNMENT|[54]|field|"common.apex.runtime.impl.ApexFieldToken@b515d88"|0xb515d88
05:38:42.0 (27735581)|STATEMENT_EXECUTE|[54]
05:38:42.0 (27825568)|HEAP_ALLOCATE|[55]|Bytes:8
05:38:42.0 (27836827)|STATEMENT_EXECUTE|[56]
05:38:42.0 (27849454)|HEAP_ALLOCATE|[56]|Bytes:8
05:38:42.0 (27856121)|HEAP_ALLOCATE|[56]|Bytes:16
05:38:42.0 (27863302)|HEAP_ALLOCATE|[EXTERNAL]|Bytes:4
05:38:42.0 (27873059)|HEAP_ALLOCATE|[54]|Bytes:5
05:38:42.0 (27884228)|VARIABLE_SCOPE_BEGIN|[54]|field|Schema.SObjectField|true|false
05:38:42.0 (27944520)|VARIABLE_ASSIGNMENT|[54]|field|"common.apex.runtime.impl.ApexFieldToken@70380e58"|0x70380e58
05:38:42.0 (27952170)|STATEMENT_EXECUTE|[54]
05:38:42.0 (28020583)|HEAP_ALLOCATE|[55]|Bytes:8
05:38:42.0 (28032022)|STATEMENT_EXECUTE|[56]
05:38:42.0 (28044691)|HEAP_ALLOCATE|[56]|Bytes:8
05:38:42.0 (28051360)|HEAP_ALLOCATE|[56]|Bytes:14
05:38:42.0 (28058641)|HEAP_ALLOCATE|[EXTERNAL]|Bytes:4
05:38:42.0 (28068372)|HEAP_ALLOCATE|[54]|Bytes:5
05:38:42.0 (28078742)|VARIABLE_SCOPE_BEGIN|[54]|field|Schema.SObjectField|true|false
05:38:42.0 (28137883)|VARIABLE_ASSIGNMENT|[54]|field|"common.apex.runtime.impl.ApexFieldToken@5ef93100"|0x5ef93100
05:38:42.0 (28145259)|STATEMENT_EXECUTE|[54]
05:38:42.0 (28211759)|HEAP_ALLOCATE|[55]|Bytes:8
05:38:42.0 (28223353)|STATEMENT_EXECUTE|[56]
05:38:42.0 (28235599)|HEAP_ALLOCATE|[56]|Bytes:8
05:38:42.0 (28242679)|HEAP_ALLOCATE|[56]|Bytes:16
05:38:42.0 (28249412)|HEAP_ALLOCATE|[EXTERNAL]|Bytes:4
05:38:42.0 (28258666)|HEAP_ALLOCATE|[54]|Bytes:5
05:38:42.0 (28269121)|VARIABLE_SCOPE_BEGIN|[54]|field|Schema.SObjectField|true|false
05:38:42.0 (28326560)|VARIABLE_ASSIGNMENT|[54]|field|"common.apex.runtime.impl.ApexFieldToken@162fc97d"|0x162fc97d
05:38:42.0 (28333675)|STATEMENT_EXECUTE|[54]
05:38:42.0 (28402750)|HEAP_ALLOCATE|[55]|Bytes:8
05:38:42.0 (28413305)|STATEMENT_EXECUTE|[56]
05:38:42.0 (28425636)|HEAP_ALLOCATE|[56]|Bytes:8
05:38:42.0 (28432366)|HEAP_ALLOCATE|[56]|Bytes:14
05:38:42.0 (28439342)|HEAP_ALLOCATE|[EXTERNAL]|Bytes:4
05:38:42.0 (28449421)|HEAP_ALLOCATE|[54]|Bytes:5
05:38:42.0 (28464231)|VARIABLE_SCOPE_BEGIN|[54]|field|Schema.SObjectField|true|false
05:38:42.0 (28523910)|VARIABLE_ASSIGNMENT|[54]|field|"common.apex.runtime.impl.ApexFieldToken@17137b2d"|0x17137b2d
05:38:42.0 (28530531)|STATEMENT_EXECUTE|[54]
05:38:42.0 (28595125)|HEAP_ALLOCATE|[55]|Bytes:8
05:38:42.0 (28605452)|STATEMENT_EXECUTE|[56]
05:38:42.0 (28617634)|HEAP_ALLOCATE|[56]|Bytes:8
05:38:42.0 (28625228)|HEAP_ALLOCATE|[56]|Bytes:18
05:38:42.0 (28632038)|HEAP_ALLOCATE|[EXTERNAL]|Bytes:4
05:38:42.0 (28641270)|HEAP_ALLOCATE|[54]|Bytes:5
05:38:42.0 (28652001)|VARIABLE_SCOPE_BEGIN|[54]|field|Schema.SObjectField|true|false
05:38:42.0 (28710578)|VARIABLE_ASSIGNMENT|[54]|field|"common.apex.runtime.impl.ApexFieldToken@27e9fd59"|0x27e9fd59
05:38:42.0 (28717832)|STATEMENT_EXECUTE|[54]
05:38:42.0 (28887850)|HEAP_ALLOCATE|[55]|Bytes:8
05:38:42.0 (28901193)|STATEMENT_EXECUTE|[56]
05:38:42.0 (28914654)|HEAP_ALLOCATE|[56]|Bytes:8
05:38:42.0 (28921868)|HEAP_ALLOCATE|[56]|Bytes:9
05:38:42.0 (28929478)|HEAP_ALLOCATE|[EXTERNAL]|Bytes:4
05:38:42.0 (28940199)|HEAP_ALLOCATE|[54]|Bytes:5
05:38:42.0 (28951843)|VARIABLE_SCOPE_BEGIN|[54]|field|Schema.SObjectField|true|false
05:38:42.0 (29013740)|VARIABLE_ASSIGNMENT|[54]|field|"common.apex.runtime.impl.ApexFieldToken@300fa995"|0x300fa995
05:38:42.0 (29021394)|STATEMENT_EXECUTE|[54]
05:38:42.0 (29092363)|HEAP_ALLOCATE|[55]|Bytes:8
05:38:42.0 (29104378)|STATEMENT_EXECUTE|[56]
05:38:42.0 (29116647)|HEAP_ALLOCATE|[56]|Bytes:8
05:38:42.0 (29123434)|HEAP_ALLOCATE|[56]|Bytes:15
05:38:42.0 (29131088)|HEAP_ALLOCATE|[EXTERNAL]|Bytes:4
05:38:42.0 (29140964)|HEAP_ALLOCATE|[54]|Bytes:5
05:38:42.0 (29152147)|VARIABLE_SCOPE_BEGIN|[54]|field|Schema.SObjectField|true|false
05:38:42.0 (29210994)|VARIABLE_ASSIGNMENT|[54]|field|"common.apex.runtime.impl.ApexFieldToken@5883eac8"|0x5883eac8
05:38:42.0 (29218408)|STATEMENT_EXECUTE|[54]
05:38:42.0 (29287313)|HEAP_ALLOCATE|[55]|Bytes:8
05:38:42.0 (29298244)|STATEMENT_EXECUTE|[56]
05:38:42.0 (29310804)|HEAP_ALLOCATE|[56]|Bytes:8
05:38:42.0 (29317171)|HEAP_ALLOCATE|[56]|Bytes:19
05:38:42.0 (29323981)|HEAP_ALLOCATE|[EXTERNAL]|Bytes:4
05:38:42.0 (29333630)|HEAP_ALLOCATE|[54]|Bytes:5
05:38:42.0 (29343792)|VARIABLE_SCOPE_BEGIN|[54]|field|Schema.SObjectField|true|false
05:38:42.0 (29407192)|VARIABLE_ASSIGNMENT|[54]|field|"common.apex.runtime.impl.ApexFieldToken@54c528e6"|0x54c528e6
05:38:42.0 (29417014)|STATEMENT_EXECUTE|[54]
05:38:42.0 (29488431)|HEAP_ALLOCATE|[55]|Bytes:8
05:38:42.0 (29499188)|STATEMENT_EXECUTE|[56]
05:38:42.0 (29511275)|HEAP_ALLOCATE|[56]|Bytes:8
05:38:42.0 (29518218)|HEAP_ALLOCATE|[56]|Bytes:14
05:38:42.0 (29525114)|HEAP_ALLOCATE|[EXTERNAL]|Bytes:4
05:38:42.0 (29535387)|HEAP_ALLOCATE|[54]|Bytes:5
05:38:42.0 (29546048)|VARIABLE_SCOPE_BEGIN|[54]|field|Schema.SObjectField|true|false
05:38:42.0 (29607627)|VARIABLE_ASSIGNMENT|[54]|field|"common.apex.runtime.impl.ApexFieldToken@3c2e1412"|0x3c2e1412
05:38:42.0 (29614302)|STATEMENT_EXECUTE|[54]
05:38:42.0 (29676409)|HEAP_ALLOCATE|[55]|Bytes:8
05:38:42.0 (29687551)|STATEMENT_EXECUTE|[56]
05:38:42.0 (29699979)|HEAP_ALLOCATE|[56]|Bytes:8
05:38:42.0 (29707274)|HEAP_ALLOCATE|[56]|Bytes:25
05:38:42.0 (29713615)|HEAP_ALLOCATE|[EXTERNAL]|Bytes:4
05:38:42.0 (29722905)|HEAP_ALLOCATE|[54]|Bytes:5
05:38:42.0 (29733075)|VARIABLE_SCOPE_BEGIN|[54]|field|Schema.SObjectField|true|false
05:38:42.0 (29792626)|VARIABLE_ASSIGNMENT|[54]|field|"common.apex.runtime.impl.ApexFieldToken@71204103"|0x71204103
05:38:42.0 (29799197)|STATEMENT_EXECUTE|[54]
05:38:42.0 (29860770)|HEAP_ALLOCATE|[55]|Bytes:8
05:38:42.0 (29871169)|STATEMENT_EXECUTE|[56]
05:38:42.0 (29883019)|HEAP_ALLOCATE|[56]|Bytes:8
05:38:42.0 (29890021)|HEAP_ALLOCATE|[56]|Bytes:15
05:38:42.0 (29896721)|HEAP_ALLOCATE|[EXTERNAL]|Bytes:4
05:38:42.0 (29905818)|HEAP_ALLOCATE|[54]|Bytes:5
05:38:42.0 (29915899)|VARIABLE_SCOPE_BEGIN|[54]|field|Schema.SObjectField|true|false
05:38:42.0 (29973021)|VARIABLE_ASSIGNMENT|[54]|field|"common.apex.runtime.impl.ApexFieldToken@36322045"|0x36322045
05:38:42.0 (29979510)|STATEMENT_EXECUTE|[54]
05:38:42.0 (30040012)|HEAP_ALLOCATE|[55]|Bytes:8
05:38:42.0 (30051024)|STATEMENT_EXECUTE|[56]
05:38:42.0 (30062732)|HEAP_ALLOCATE|[56]|Bytes:8
05:38:42.0 (30070146)|HEAP_ALLOCATE|[56]|Bytes:23
05:38:42.0 (30076404)|HEAP_ALLOCATE|[EXTERNAL]|Bytes:4
05:38:42.0 (30085666)|HEAP_ALLOCATE|[54]|Bytes:5
05:38:42.0 (30096158)|VARIABLE_SCOPE_BEGIN|[54]|field|Schema.SObjectField|true|false
05:38:42.0 (30155026)|VARIABLE_ASSIGNMENT|[54]|field|"common.apex.runtime.impl.ApexFieldToken@4bcdbc7d"|0x4bcdbc7d
05:38:42.0 (30161316)|STATEMENT_EXECUTE|[54]
05:38:42.0 (30225330)|HEAP_ALLOCATE|[55]|Bytes:8
05:38:42.0 (30236626)|STATEMENT_EXECUTE|[56]
05:38:42.0 (30248885)|HEAP_ALLOCATE|[56]|Bytes:8
05:38:42.0 (30255506)|HEAP_ALLOCATE|[56]|Bytes:16
05:38:42.0 (30262331)|HEAP_ALLOCATE|[EXTERNAL]|Bytes:4
05:38:42.0 (30271647)|HEAP_ALLOCATE|[54]|Bytes:5
05:38:42.0 (30281634)|VARIABLE_SCOPE_BEGIN|[54]|field|Schema.SObjectField|true|false
05:38:42.0 (30340750)|VARIABLE_ASSIGNMENT|[54]|field|"common.apex.runtime.impl.ApexFieldToken@78fbf92"|0x78fbf92
05:38:42.0 (30347613)|STATEMENT_EXECUTE|[54]
05:38:42.0 (30410956)|HEAP_ALLOCATE|[55]|Bytes:8
05:38:42.0 (30421825)|STATEMENT_EXECUTE|[56]
05:38:42.0 (30434567)|HEAP_ALLOCATE|[56]|Bytes:8
05:38:42.0 (30441543)|HEAP_ALLOCATE|[56]|Bytes:14
05:38:42.0 (30448105)|HEAP_ALLOCATE|[EXTERNAL]|Bytes:4
05:38:42.0 (30462160)|HEAP_ALLOCATE|[54]|Bytes:5
05:38:42.0 (30472585)|VARIABLE_SCOPE_BEGIN|[54]|field|Schema.SObjectField|true|false
05:38:42.0 (30531015)|VARIABLE_ASSIGNMENT|[54]|field|"common.apex.runtime.impl.ApexFieldToken@7454de39"|0x7454de39
05:38:42.0 (30538210)|STATEMENT_EXECUTE|[54]
05:38:42.0 (30603327)|HEAP_ALLOCATE|[55]|Bytes:8
05:38:42.0 (30613974)|STATEMENT_EXECUTE|[56]
05:38:42.0 (30625462)|HEAP_ALLOCATE|[56]|Bytes:8
05:38:42.0 (30632405)|HEAP_ALLOCATE|[56]|Bytes:13
05:38:42.0 (30639780)|HEAP_ALLOCATE|[EXTERNAL]|Bytes:4
05:38:42.0 (30648771)|HEAP_ALLOCATE|[54]|Bytes:5
05:38:42.0 (30659448)|VARIABLE_SCOPE_BEGIN|[54]|field|Schema.SObjectField|true|false
05:38:42.0 (30717897)|VARIABLE_ASSIGNMENT|[54]|field|"common.apex.runtime.impl.ApexFieldToken@53c3e8fe"|0x53c3e8fe
05:38:42.0 (30724527)|STATEMENT_EXECUTE|[54]
05:38:42.0 (30786319)|HEAP_ALLOCATE|[55]|Bytes:8
05:38:42.0 (30797364)|STATEMENT_EXECUTE|[56]
05:38:42.0 (30809146)|HEAP_ALLOCATE|[56]|Bytes:8
05:38:42.0 (30815371)|HEAP_ALLOCATE|[56]|Bytes:5
05:38:42.0 (30822009)|HEAP_ALLOCATE|[EXTERNAL]|Bytes:4
05:38:42.0 (30831383)|HEAP_ALLOCATE|[54]|Bytes:5
05:38:42.0 (30841468)|VARIABLE_SCOPE_BEGIN|[54]|field|Schema.SObjectField|true|false
05:38:42.0 (30899450)|VARIABLE_ASSIGNMENT|[54]|field|"common.apex.runtime.impl.ApexFieldToken@75cb88af"|0x75cb88af
05:38:42.0 (30906095)|STATEMENT_EXECUTE|[54]
05:38:42.0 (30967192)|HEAP_ALLOCATE|[55]|Bytes:8
05:38:42.0 (30978340)|STATEMENT_EXECUTE|[56]
05:38:42.0 (30989682)|HEAP_ALLOCATE|[56]|Bytes:8
05:38:42.0 (30996631)|HEAP_ALLOCATE|[56]|Bytes:11
05:38:42.0 (31003078)|HEAP_ALLOCATE|[EXTERNAL]|Bytes:4
05:38:42.0 (31013135)|HEAP_ALLOCATE|[54]|Bytes:5
05:38:42.0 (31023288)|VARIABLE_SCOPE_BEGIN|[54]|field|Schema.SObjectField|true|false
05:38:42.0 (31082506)|VARIABLE_ASSIGNMENT|[54]|field|"common.apex.runtime.impl.ApexFieldToken@f42caab"|0xf42caab
05:38:42.0 (31089940)|STATEMENT_EXECUTE|[54]
05:38:42.0 (31151289)|HEAP_ALLOCATE|[55]|Bytes:8
05:38:42.0 (31161770)|STATEMENT_EXECUTE|[56]
05:38:42.0 (31173828)|HEAP_ALLOCATE|[56]|Bytes:8
05:38:42.0 (31180157)|HEAP_ALLOCATE|[56]|Bytes:5
05:38:42.0 (31187199)|HEAP_ALLOCATE|[EXTERNAL]|Bytes:4
05:38:42.0 (31196290)|HEAP_ALLOCATE|[54]|Bytes:5
05:38:42.0 (31206511)|VARIABLE_SCOPE_BEGIN|[54]|field|Schema.SObjectField|true|false
05:38:42.0 (31264607)|VARIABLE_ASSIGNMENT|[54]|field|"common.apex.runtime.impl.ApexFieldToken@5d35786c"|0x5d35786c
05:38:42.0 (31271466)|STATEMENT_EXECUTE|[54]
05:38:42.0 (31395720)|HEAP_ALLOCATE|[55]|Bytes:8
05:38:42.0 (31411968)|STATEMENT_EXECUTE|[56]
05:38:42.0 (31428602)|HEAP_ALLOCATE|[56]|Bytes:8
05:38:42.0 (31436946)|HEAP_ALLOCATE|[56]|Bytes:25
05:38:42.0 (31444508)|HEAP_ALLOCATE|[EXTERNAL]|Bytes:4
05:38:42.0 (31459972)|HEAP_ALLOCATE|[54]|Bytes:5
05:38:42.0 (31472499)|VARIABLE_SCOPE_BEGIN|[54]|field|Schema.SObjectField|true|false
05:38:42.0 (31533388)|VARIABLE_ASSIGNMENT|[54]|field|"common.apex.runtime.impl.ApexFieldToken@117dff2c"|0x117dff2c
05:38:42.0 (31539916)|STATEMENT_EXECUTE|[54]
05:38:42.0 (31637518)|HEAP_ALLOCATE|[55]|Bytes:8
05:38:42.0 (31648830)|STATEMENT_EXECUTE|[56]
05:38:42.0 (31660785)|HEAP_ALLOCATE|[56]|Bytes:8
05:38:42.0 (31667735)|HEAP_ALLOCATE|[56]|Bytes:12
05:38:42.0 (31674979)|HEAP_ALLOCATE|[EXTERNAL]|Bytes:4
05:38:42.0 (31684924)|HEAP_ALLOCATE|[54]|Bytes:5
05:38:42.0 (31695573)|VARIABLE_SCOPE_BEGIN|[54]|field|Schema.SObjectField|true|false
05:38:42.0 (31759344)|VARIABLE_ASSIGNMENT|[54]|field|"common.apex.runtime.impl.ApexFieldToken@385a835c"|0x385a835c
05:38:42.0 (31766554)|STATEMENT_EXECUTE|[54]
05:38:42.0 (31835014)|HEAP_ALLOCATE|[55]|Bytes:8
05:38:42.0 (31846511)|STATEMENT_EXECUTE|[56]
05:38:42.0 (31859135)|HEAP_ALLOCATE|[56]|Bytes:8
05:38:42.0 (31867023)|HEAP_ALLOCATE|[56]|Bytes:21
05:38:42.0 (31875063)|HEAP_ALLOCATE|[EXTERNAL]|Bytes:4
05:38:42.0 (31885078)|HEAP_ALLOCATE|[54]|Bytes:5
05:38:42.0 (31895371)|VARIABLE_SCOPE_BEGIN|[54]|field|Schema.SObjectField|true|false
05:38:42.0 (31954351)|VARIABLE_ASSIGNMENT|[54]|field|"common.apex.runtime.impl.ApexFieldToken@2154116e"|0x2154116e
05:38:42.0 (31960966)|STATEMENT_EXECUTE|[54]
05:38:42.0 (32029781)|HEAP_ALLOCATE|[55]|Bytes:8
05:38:42.0 (32042070)|STATEMENT_EXECUTE|[56]
05:38:42.0 (32055022)|HEAP_ALLOCATE|[56]|Bytes:8
05:38:42.0 (32061599)|HEAP_ALLOCATE|[56]|Bytes:19
05:38:42.0 (32068866)|HEAP_ALLOCATE|[EXTERNAL]|Bytes:4
05:38:42.0 (32078783)|HEAP_ALLOCATE|[54]|Bytes:5
05:38:42.0 (32089820)|VARIABLE_SCOPE_BEGIN|[54]|field|Schema.SObjectField|true|false
05:38:42.0 (32169805)|VARIABLE_ASSIGNMENT|[54]|field|"common.apex.runtime.impl.ApexFieldToken@57d4eb30"|0x57d4eb30
05:38:42.0 (32177361)|STATEMENT_EXECUTE|[54]
05:38:42.0 (32250255)|HEAP_ALLOCATE|[55]|Bytes:8
05:38:42.0 (32262381)|STATEMENT_EXECUTE|[56]
05:38:42.0 (32275404)|HEAP_ALLOCATE|[56]|Bytes:8
05:38:42.0 (32282053)|HEAP_ALLOCATE|[56]|Bytes:8
05:38:42.0 (32288911)|HEAP_ALLOCATE|[EXTERNAL]|Bytes:4
05:38:42.0 (32299182)|HEAP_ALLOCATE|[54]|Bytes:5
05:38:42.0 (32309849)|VARIABLE_SCOPE_BEGIN|[54]|field|Schema.SObjectField|true|false
05:38:42.0 (32370441)|VARIABLE_ASSIGNMENT|[54]|field|"common.apex.runtime.impl.ApexFieldToken@29aeea79"|0x29aeea79
05:38:42.0 (32377135)|STATEMENT_EXECUTE|[54]
05:38:42.0 (32442212)|HEAP_ALLOCATE|[55]|Bytes:8
05:38:42.0 (32457404)|STATEMENT_EXECUTE|[56]
05:38:42.0 (32469812)|HEAP_ALLOCATE|[56]|Bytes:8
05:38:42.0 (32476649)|HEAP_ALLOCATE|[56]|Bytes:8
05:38:42.0 (32484192)|HEAP_ALLOCATE|[EXTERNAL]|Bytes:4
05:38:42.0 (32494021)|HEAP_ALLOCATE|[54]|Bytes:5
05:38:42.0 (32504207)|VARIABLE_SCOPE_BEGIN|[54]|field|Schema.SObjectField|true|false
05:38:42.0 (32563952)|VARIABLE_ASSIGNMENT|[54]|field|"common.apex.runtime.impl.ApexFieldToken@4582cc73"|0x4582cc73
05:38:42.0 (32570663)|STATEMENT_EXECUTE|[54]
05:38:42.0 (32632188)|HEAP_ALLOCATE|[55]|Bytes:8
05:38:42.0 (32643121)|STATEMENT_EXECUTE|[56]
05:38:42.0 (32655233)|HEAP_ALLOCATE|[56]|Bytes:8
05:38:42.0 (32662394)|HEAP_ALLOCATE|[56]|Bytes:10
05:38:42.0 (32669127)|HEAP_ALLOCATE|[EXTERNAL]|Bytes:4
05:38:42.0 (32678350)|HEAP_ALLOCATE|[54]|Bytes:5
05:38:42.0 (32688698)|VARIABLE_SCOPE_BEGIN|[54]|field|Schema.SObjectField|true|false
05:38:42.0 (32746376)|VARIABLE_ASSIGNMENT|[54]|field|"common.apex.runtime.impl.ApexFieldToken@445c7acc"|0x445c7acc
05:38:42.0 (32752918)|STATEMENT_EXECUTE|[54]
05:38:42.0 (32813717)|HEAP_ALLOCATE|[55]|Bytes:8
05:38:42.0 (32823915)|STATEMENT_EXECUTE|[56]
05:38:42.0 (32835946)|HEAP_ALLOCATE|[56]|Bytes:8
05:38:42.0 (32842334)|HEAP_ALLOCATE|[56]|Bytes:8
05:38:42.0 (32849483)|HEAP_ALLOCATE|[EXTERNAL]|Bytes:4
05:38:42.0 (32858651)|HEAP_ALLOCATE|[54]|Bytes:5
05:38:42.0 (32868598)|VARIABLE_SCOPE_BEGIN|[54]|field|Schema.SObjectField|true|false
05:38:42.0 (32926815)|VARIABLE_ASSIGNMENT|[54]|field|"common.apex.runtime.impl.ApexFieldToken@34a1941c"|0x34a1941c
05:38:42.0 (32933828)|STATEMENT_EXECUTE|[54]
05:38:42.0 (32993231)|HEAP_ALLOCATE|[55]|Bytes:8
05:38:42.0 (33003861)|STATEMENT_EXECUTE|[56]
05:38:42.0 (33016557)|HEAP_ALLOCATE|[56]|Bytes:8
05:38:42.0 (33023812)|HEAP_ALLOCATE|[56]|Bytes:7
05:38:42.0 (33030214)|HEAP_ALLOCATE|[EXTERNAL]|Bytes:4
05:38:42.0 (33039888)|HEAP_ALLOCATE|[54]|Bytes:5
05:38:42.0 (33049238)|VARIABLE_SCOPE_BEGIN|[54]|field|Schema.SObjectField|true|false
05:38:42.0 (33107274)|VARIABLE_ASSIGNMENT|[54]|field|"common.apex.runtime.impl.ApexFieldToken@6a024dd3"|0x6a024dd3
05:38:42.0 (33114151)|STATEMENT_EXECUTE|[54]
05:38:42.0 (33172599)|HEAP_ALLOCATE|[55]|Bytes:8
05:38:42.0 (33182663)|STATEMENT_EXECUTE|[56]
05:38:42.0 (33194220)|HEAP_ALLOCATE|[56]|Bytes:8
05:38:42.0 (33201294)|HEAP_ALLOCATE|[56]|Bytes:8
05:38:42.0 (33208737)|HEAP_ALLOCATE|[EXTERNAL]|Bytes:4
05:38:42.0 (33217687)|HEAP_ALLOCATE|[54]|Bytes:5
05:38:42.0 (33227707)|VARIABLE_SCOPE_BEGIN|[54]|field|Schema.SObjectField|true|false
05:38:42.0 (33284774)|VARIABLE_ASSIGNMENT|[54]|field|"common.apex.runtime.impl.ApexFieldToken@39b0f5b4"|0x39b0f5b4
05:38:42.0 (33291425)|STATEMENT_EXECUTE|[54]
05:38:42.0 (33361920)|HEAP_ALLOCATE|[55]|Bytes:8
05:38:42.0 (33372656)|STATEMENT_EXECUTE|[56]
05:38:42.0 (33387467)|HEAP_ALLOCATE|[56]|Bytes:8
05:38:42.0 (33394664)|HEAP_ALLOCATE|[56]|Bytes:7
05:38:42.0 (33401085)|HEAP_ALLOCATE|[EXTERNAL]|Bytes:4
05:38:42.0 (33410503)|HEAP_ALLOCATE|[54]|Bytes:5
05:38:42.0 (33420088)|VARIABLE_ASSIGNMENT|[54]|field|null|
05:38:42.0 (33424969)|STATEMENT_EXECUTE|[58]
05:38:42.0 (33430974)|VARIABLE_SCOPE_BEGIN|[58]|allfields|String|false|false
05:38:42.0 (33439952)|VARIABLE_ASSIGNMENT|[58]|allfields|""
05:38:42.0 (33481540)|HEAP_ALLOCATE|[59]|Bytes:5
05:38:42.0 (33490494)|HEAP_ALLOCATE|[59]|Bytes:2
05:38:42.0 (33497581)|VARIABLE_SCOPE_BEGIN|[59]|fieldname|String|false|false
05:38:42.0 (33506196)|VARIABLE_ASSIGNMENT|[59]|fieldname|"Id"
05:38:42.0 (33510914)|STATEMENT_EXECUTE|[60]
05:38:42.0 (33513491)|HEAP_ALLOCATE|[60]|Bytes:1
05:38:42.0 (33530360)|HEAP_ALLOCATE|[60]|Bytes:3
05:38:42.0 (33535736)|HEAP_ALLOCATE|[60]|Bytes:3
05:38:42.0 (33539787)|VARIABLE_ASSIGNMENT|[60]|allfields|"Id,"
05:38:42.0 (33547969)|HEAP_ALLOCATE|[59]|Bytes:5
05:38:42.0 (33553834)|HEAP_ALLOCATE|[59]|Bytes:7
05:38:42.0 (33558215)|VARIABLE_SCOPE_BEGIN|[59]|fieldname|String|false|false
05:38:42.0 (33565167)|VARIABLE_ASSIGNMENT|[59]|fieldname|"OwnerId"
05:38:42.0 (33568701)|STATEMENT_EXECUTE|[60]
05:38:42.0 (33571424)|HEAP_ALLOCATE|[60]|Bytes:8
05:38:42.0 (33574631)|HEAP_ALLOCATE|[60]|Bytes:11
05:38:42.0 (33579242)|VARIABLE_ASSIGNMENT|[60]|allfields|"Id,OwnerId,"
05:38:42.0 (33586133)|HEAP_ALLOCATE|[59]|Bytes:5
05:38:42.0 (33591418)|HEAP_ALLOCATE|[59]|Bytes:9
05:38:42.0 (33595593)|VARIABLE_SCOPE_BEGIN|[59]|fieldname|String|false|false
05:38:42.0 (33602169)|VARIABLE_ASSIGNMENT|[59]|fieldname|"IsDeleted"
05:38:42.0 (33605507)|STATEMENT_EXECUTE|[60]
05:38:42.0 (33607844)|HEAP_ALLOCATE|[60]|Bytes:10
05:38:42.0 (33611909)|HEAP_ALLOCATE|[60]|Bytes:21
05:38:42.0 (33617030)|VARIABLE_ASSIGNMENT|[60]|allfields|"Id,OwnerId,IsDeleted (1 more) ..."
05:38:42.0 (33623849)|HEAP_ALLOCATE|[59]|Bytes:5
05:38:42.0 (33629861)|HEAP_ALLOCATE|[59]|Bytes:4
05:38:42.0 (33633502)|VARIABLE_SCOPE_BEGIN|[59]|fieldname|String|false|false
05:38:42.0 (33639525)|VARIABLE_ASSIGNMENT|[59]|fieldname|"Name"
05:38:42.0 (33643556)|STATEMENT_EXECUTE|[60]
05:38:42.0 (33645921)|HEAP_ALLOCATE|[60]|Bytes:5
05:38:42.0 (33649266)|HEAP_ALLOCATE|[60]|Bytes:26
05:38:42.0 (33653901)|VARIABLE_ASSIGNMENT|[60]|allfields|"Id,OwnerId,IsDeleted (6 more) ..."
05:38:42.0 (33660659)|HEAP_ALLOCATE|[59]|Bytes:5
05:38:42.0 (33665996)|HEAP_ALLOCATE|[59]|Bytes:11
05:38:42.0 (33669435)|VARIABLE_SCOPE_BEGIN|[59]|fieldname|String|false|false
05:38:42.0 (33675935)|VARIABLE_ASSIGNMENT|[59]|fieldname|"CreatedDate"
05:38:42.0 (33679278)|STATEMENT_EXECUTE|[60]
05:38:42.0 (33681901)|HEAP_ALLOCATE|[60]|Bytes:12
05:38:42.0 (33685615)|HEAP_ALLOCATE|[60]|Bytes:38
05:38:42.0 (33693104)|VARIABLE_ASSIGNMENT|[60]|allfields|"Id,OwnerId,IsDeleted (18 more) ..."
05:38:42.0 (33700397)|HEAP_ALLOCATE|[59]|Bytes:5
05:38:42.0 (33706152)|HEAP_ALLOCATE|[59]|Bytes:11
05:38:42.0 (33709590)|VARIABLE_SCOPE_BEGIN|[59]|fieldname|String|false|false
05:38:42.0 (33716640)|VARIABLE_ASSIGNMENT|[59]|fieldname|"CreatedById"
05:38:42.0 (33720258)|STATEMENT_EXECUTE|[60]
05:38:42.0 (33722723)|HEAP_ALLOCATE|[60]|Bytes:12
05:38:42.0 (33726042)|HEAP_ALLOCATE|[60]|Bytes:50
05:38:42.0 (33730207)|VARIABLE_ASSIGNMENT|[60]|allfields|"Id,OwnerId,IsDeleted (30 more) ..."
05:38:42.0 (33736420)|HEAP_ALLOCATE|[59]|Bytes:5
05:38:42.0 (33741656)|HEAP_ALLOCATE|[59]|Bytes:16
05:38:42.0 (33745364)|VARIABLE_SCOPE_BEGIN|[59]|fieldname|String|false|false
05:38:42.0 (33752519)|VARIABLE_ASSIGNMENT|[59]|fieldname|"LastModifiedDate"
05:38:42.0 (33756060)|STATEMENT_EXECUTE|[60]
05:38:42.0 (33759060)|HEAP_ALLOCATE|[60]|Bytes:17
05:38:42.0 (33762354)|HEAP_ALLOCATE|[60]|Bytes:67
05:38:42.0 (33766927)|VARIABLE_ASSIGNMENT|[60]|allfields|"Id,OwnerId,IsDeleted (47 more) ..."
05:38:42.0 (33773134)|HEAP_ALLOCATE|[59]|Bytes:5
05:38:42.0 (33778499)|HEAP_ALLOCATE|[59]|Bytes:16
05:38:42.0 (33782543)|VARIABLE_SCOPE_BEGIN|[59]|fieldname|String|false|false
05:38:42.0 (33789098)|VARIABLE_ASSIGNMENT|[59]|fieldname|"LastModifiedById"
05:38:42.0 (33793095)|STATEMENT_EXECUTE|[60]
05:38:42.0 (33795382)|HEAP_ALLOCATE|[60]|Bytes:17
05:38:42.0 (33799414)|HEAP_ALLOCATE|[60]|Bytes:84
05:38:42.0 (33803230)|VARIABLE_ASSIGNMENT|[60]|allfields|"Id,OwnerId,IsDeleted (64 more) ..."
05:38:42.0 (33810171)|HEAP_ALLOCATE|[59]|Bytes:5
05:38:42.0 (33815024)|HEAP_ALLOCATE|[59]|Bytes:14
05:38:42.0 (33818547)|VARIABLE_SCOPE_BEGIN|[59]|fieldname|String|false|false
05:38:42.0 (33825109)|VARIABLE_ASSIGNMENT|[59]|fieldname|"SystemModstamp"
05:38:42.0 (33828178)|STATEMENT_EXECUTE|[60]
05:38:42.0 (33830566)|HEAP_ALLOCATE|[60]|Bytes:15
05:38:42.0 (33834150)|HEAP_ALLOCATE|[60]|Bytes:99
05:38:42.0 (33837962)|VARIABLE_ASSIGNMENT|[60]|allfields|"Id,OwnerId,IsDeleted (79 more) ..."
05:38:42.0 (33844443)|HEAP_ALLOCATE|[59]|Bytes:5
05:38:42.0 (33849483)|HEAP_ALLOCATE|[59]|Bytes:16
05:38:42.0 (33853130)|VARIABLE_SCOPE_BEGIN|[59]|fieldname|String|false|false
05:38:42.0 (33859778)|VARIABLE_ASSIGNMENT|[59]|fieldname|"LastActivityDate"
05:38:42.0 (33863170)|STATEMENT_EXECUTE|[60]
05:38:42.0 (33865434)|HEAP_ALLOCATE|[60]|Bytes:17
05:38:42.0 (33869740)|HEAP_ALLOCATE|[60]|Bytes:116
05:38:42.0 (33873942)|VARIABLE_ASSIGNMENT|[60]|allfields|"Id,OwnerId,IsDeleted (96 more) ..."
05:38:42.0 (33879794)|HEAP_ALLOCATE|[59]|Bytes:5
05:38:42.0 (33884660)|HEAP_ALLOCATE|[59]|Bytes:14
05:38:42.0 (33888185)|VARIABLE_SCOPE_BEGIN|[59]|fieldname|String|false|false
05:38:42.0 (33895222)|VARIABLE_ASSIGNMENT|[59]|fieldname|"LastViewedDate"
05:38:42.0 (33898421)|STATEMENT_EXECUTE|[60]
05:38:42.0 (33900618)|HEAP_ALLOCATE|[60]|Bytes:15
05:38:42.0 (33904412)|HEAP_ALLOCATE|[60]|Bytes:131
05:38:42.0 (33909128)|VARIABLE_ASSIGNMENT|[60]|allfields|"Id,OwnerId,IsDeleted (111 more) ..."
05:38:42.0 (33915395)|HEAP_ALLOCATE|[59]|Bytes:5
05:38:42.0 (33920704)|HEAP_ALLOCATE|[59]|Bytes:18
05:38:42.0 (33924910)|VARIABLE_SCOPE_BEGIN|[59]|fieldname|String|false|false
05:38:42.0 (33932393)|VARIABLE_ASSIGNMENT|[59]|fieldname|"LastReferencedDate"
05:38:42.0 (33935891)|STATEMENT_EXECUTE|[60]
05:38:42.0 (33938180)|HEAP_ALLOCATE|[60]|Bytes:19
05:38:42.0 (33941802)|HEAP_ALLOCATE|[60]|Bytes:150
05:38:42.0 (33946182)|VARIABLE_ASSIGNMENT|[60]|allfields|"Id,OwnerId,IsDeleted (130 more) ..."
05:38:42.0 (33952749)|HEAP_ALLOCATE|[59]|Bytes:5
05:38:42.0 (33957910)|HEAP_ALLOCATE|[59]|Bytes:9
05:38:42.0 (33961344)|VARIABLE_SCOPE_BEGIN|[59]|fieldname|String|false|false
05:38:42.0 (33967394)|VARIABLE_ASSIGNMENT|[59]|fieldname|"Client__c"
05:38:42.0 (33970490)|STATEMENT_EXECUTE|[60]
05:38:42.0 (33972639)|HEAP_ALLOCATE|[60]|Bytes:10
05:38:42.0 (33976463)|HEAP_ALLOCATE|[60]|Bytes:160
05:38:42.0 (33980395)|VARIABLE_ASSIGNMENT|[60]|allfields|"Id,OwnerId,IsDeleted (140 more) ..."
05:38:42.0 (33986819)|HEAP_ALLOCATE|[59]|Bytes:5
05:38:42.0 (33991733)|HEAP_ALLOCATE|[59]|Bytes:15
05:38:42.0 (33995446)|VARIABLE_SCOPE_BEGIN|[59]|fieldname|String|false|false
05:38:42.0 (34002042)|VARIABLE_ASSIGNMENT|[59]|fieldname|"End_Customer__c"
05:38:42.0 (34006450)|STATEMENT_EXECUTE|[60]
05:38:42.0 (34008691)|HEAP_ALLOCATE|[60]|Bytes:16
05:38:42.0 (34012364)|HEAP_ALLOCATE|[60]|Bytes:176
05:38:42.0 (34016555)|VARIABLE_ASSIGNMENT|[60]|allfields|"Id,OwnerId,IsDeleted (156 more) ..."
05:38:42.0 (34022836)|HEAP_ALLOCATE|[59]|Bytes:5
05:38:42.0 (34027991)|HEAP_ALLOCATE|[59]|Bytes:19
05:38:42.0 (34031772)|VARIABLE_SCOPE_BEGIN|[59]|fieldname|String|false|false
05:38:42.0 (34038715)|VARIABLE_ASSIGNMENT|[59]|fieldname|"Operation_Region__c"
05:38:42.0 (34042441)|STATEMENT_EXECUTE|[60]
05:38:42.0 (34044690)|HEAP_ALLOCATE|[60]|Bytes:20
05:38:42.0 (34048166)|HEAP_ALLOCATE|[60]|Bytes:196
05:38:42.0 (34052603)|VARIABLE_ASSIGNMENT|[60]|allfields|"Id,OwnerId,IsDeleted (176 more) ..."
05:38:42.0 (34059027)|HEAP_ALLOCATE|[59]|Bytes:5
05:38:42.0 (34064131)|HEAP_ALLOCATE|[59]|Bytes:14
05:38:42.0 (34067936)|VARIABLE_SCOPE_BEGIN|[59]|fieldname|String|false|false
05:38:42.0 (34074358)|VARIABLE_ASSIGNMENT|[59]|fieldname|"Work_Region__c"
05:38:42.0 (34077813)|STATEMENT_EXECUTE|[60]
05:38:42.0 (34080564)|HEAP_ALLOCATE|[60]|Bytes:15
05:38:42.0 (34083932)|HEAP_ALLOCATE|[60]|Bytes:211
05:38:42.0 (34088109)|VARIABLE_ASSIGNMENT|[60]|allfields|"Id,OwnerId,IsDeleted (191 more) ..."
05:38:42.0 (34094270)|HEAP_ALLOCATE|[59]|Bytes:5
05:38:42.0 (34099189)|HEAP_ALLOCATE|[59]|Bytes:25
05:38:42.0 (34102899)|VARIABLE_SCOPE_BEGIN|[59]|fieldname|String|false|false
05:38:42.0 (34111664)|VARIABLE_ASSIGNMENT|[59]|fieldname|"Client_Project_Manag (5 more) ..."
05:38:42.0 (34115885)|STATEMENT_EXECUTE|[60]
05:38:42.0 (34118425)|HEAP_ALLOCATE|[60]|Bytes:26
05:38:42.0 (34122369)|HEAP_ALLOCATE|[60]|Bytes:237
05:38:42.0 (34126695)|VARIABLE_ASSIGNMENT|[60]|allfields|"Id,OwnerId,IsDeleted (217 more) ..."
05:38:42.0 (34133451)|HEAP_ALLOCATE|[59]|Bytes:5
05:38:42.0 (34138608)|HEAP_ALLOCATE|[59]|Bytes:15
05:38:42.0 (34142332)|VARIABLE_SCOPE_BEGIN|[59]|fieldname|String|false|false
05:38:42.0 (34149326)|VARIABLE_ASSIGNMENT|[59]|fieldname|"Project_code__c"
05:38:42.0 (34152676)|STATEMENT_EXECUTE|[60]
05:38:42.0 (34154974)|HEAP_ALLOCATE|[60]|Bytes:16
05:38:42.0 (34158909)|HEAP_ALLOCATE|[60]|Bytes:253
05:38:42.0 (34163108)|VARIABLE_ASSIGNMENT|[60]|allfields|"Id,OwnerId,IsDeleted (233 more) ..."
05:38:42.0 (34169983)|HEAP_ALLOCATE|[59]|Bytes:5
05:38:42.0 (34175279)|HEAP_ALLOCATE|[59]|Bytes:23
05:38:42.0 (34178965)|VARIABLE_SCOPE_BEGIN|[59]|fieldname|String|false|false
05:38:42.0 (34185706)|VARIABLE_ASSIGNMENT|[59]|fieldname|"Company_project_code (3 more) ..."
05:38:42.0 (34188821)|STATEMENT_EXECUTE|[60]
05:38:42.0 (34191069)|HEAP_ALLOCATE|[60]|Bytes:24
05:38:42.0 (34194732)|HEAP_ALLOCATE|[60]|Bytes:277
05:38:42.0 (34198509)|VARIABLE_ASSIGNMENT|[60]|allfields|"Id,OwnerId,IsDeleted (257 more) ..."
05:38:42.0 (34204354)|HEAP_ALLOCATE|[59]|Bytes:5
05:38:42.0 (34209804)|HEAP_ALLOCATE|[59]|Bytes:16
05:38:42.0 (34213979)|VARIABLE_SCOPE_BEGIN|[59]|fieldname|String|false|false
05:38:42.0 (34220589)|VARIABLE_ASSIGNMENT|[59]|fieldname|"Project_Scope__c"
05:38:42.0 (34224066)|STATEMENT_EXECUTE|[60]
05:38:42.0 (34226813)|HEAP_ALLOCATE|[60]|Bytes:17
05:38:42.0 (34230501)|HEAP_ALLOCATE|[60]|Bytes:294
05:38:42.0 (34234871)|VARIABLE_ASSIGNMENT|[60]|allfields|"Id,OwnerId,IsDeleted (274 more) ..."
05:38:42.0 (34241406)|HEAP_ALLOCATE|[59]|Bytes:5
05:38:42.0 (34246866)|HEAP_ALLOCATE|[59]|Bytes:14
05:38:42.0 (34250320)|VARIABLE_SCOPE_BEGIN|[59]|fieldname|String|false|false
05:38:42.0 (34256662)|VARIABLE_ASSIGNMENT|[59]|fieldname|"Cost_Centre__c"
05:38:42.0 (34260280)|STATEMENT_EXECUTE|[60]
05:38:42.0 (34262654)|HEAP_ALLOCATE|[60]|Bytes:15
05:38:42.0 (34266722)|HEAP_ALLOCATE|[60]|Bytes:309
05:38:42.0 (34270716)|VARIABLE_ASSIGNMENT|[60]|allfields|"Id,OwnerId,IsDeleted (289 more) ..."
05:38:42.0 (34277005)|HEAP_ALLOCATE|[59]|Bytes:5
05:38:42.0 (34281922)|HEAP_ALLOCATE|[59]|Bytes:13
05:38:42.0 (34285589)|VARIABLE_SCOPE_BEGIN|[59]|fieldname|String|false|false
05:38:42.0 (34291859)|VARIABLE_ASSIGNMENT|[59]|fieldname|"Production__c"
05:38:42.0 (34294891)|STATEMENT_EXECUTE|[60]
05:38:42.0 (34297226)|HEAP_ALLOCATE|[60]|Bytes:14
05:38:42.0 (34301502)|HEAP_ALLOCATE|[60]|Bytes:323
05:38:42.0 (34305663)|VARIABLE_ASSIGNMENT|[60]|allfields|"Id,OwnerId,IsDeleted (303 more) ..."
05:38:42.0 (34311956)|HEAP_ALLOCATE|[59]|Bytes:5
05:38:42.0 (34317278)|HEAP_ALLOCATE|[59]|Bytes:5
05:38:42.0 (34321004)|VARIABLE_SCOPE_BEGIN|[59]|fieldname|String|false|false
05:38:42.0 (34327686)|VARIABLE_ASSIGNMENT|[59]|fieldname|"QC__c"
05:38:42.0 (34330904)|STATEMENT_EXECUTE|[60]
05:38:42.0 (34333075)|HEAP_ALLOCATE|[60]|Bytes:6
05:38:42.0 (34336712)|HEAP_ALLOCATE|[60]|Bytes:329
05:38:42.0 (34340935)|VARIABLE_ASSIGNMENT|[60]|allfields|"Id,OwnerId,IsDeleted (309 more) ..."
05:38:42.0 (34347193)|HEAP_ALLOCATE|[59]|Bytes:5
05:38:42.0 (34352425)|HEAP_ALLOCATE|[59]|Bytes:11
05:38:42.0 (34355900)|VARIABLE_SCOPE_BEGIN|[59]|fieldname|String|false|false
05:38:42.0 (34362733)|VARIABLE_ASSIGNMENT|[59]|fieldname|"Delivery__c"
05:38:42.0 (34366051)|STATEMENT_EXECUTE|[60]
05:38:42.0 (34368869)|HEAP_ALLOCATE|[60]|Bytes:12
05:38:42.0 (34372644)|HEAP_ALLOCATE|[60]|Bytes:341
05:38:42.0 (34381333)|VARIABLE_ASSIGNMENT|[60]|allfields|"Id,OwnerId,IsDeleted (321 more) ..."
05:38:42.0 (34390816)|HEAP_ALLOCATE|[59]|Bytes:5
05:38:42.0 (34395944)|HEAP_ALLOCATE|[59]|Bytes:5
05:38:42.0 (34399551)|VARIABLE_SCOPE_BEGIN|[59]|fieldname|String|false|false
05:38:42.0 (34405751)|VARIABLE_ASSIGNMENT|[59]|fieldname|"QA__c"
05:38:42.0 (34408654)|STATEMENT_EXECUTE|[60]
05:38:42.0 (34410941)|HEAP_ALLOCATE|[60]|Bytes:6
05:38:42.0 (34415441)|HEAP_ALLOCATE|[60]|Bytes:347
05:38:42.0 (34419471)|VARIABLE_ASSIGNMENT|[60]|allfields|"Id,OwnerId,IsDeleted (327 more) ..."
05:38:42.0 (34425233)|HEAP_ALLOCATE|[59]|Bytes:5
05:38:42.0 (34430499)|HEAP_ALLOCATE|[59]|Bytes:25
05:38:42.0 (34434073)|VARIABLE_SCOPE_BEGIN|[59]|fieldname|String|false|false
05:38:42.0 (34440983)|VARIABLE_ASSIGNMENT|[59]|fieldname|"OffshoreProjectManag (5 more) ..."
05:38:42.0 (34444342)|STATEMENT_EXECUTE|[60]
05:38:42.0 (34446662)|HEAP_ALLOCATE|[60]|Bytes:26
05:38:42.0 (34454431)|HEAP_ALLOCATE|[60]|Bytes:373
05:38:42.0 (34459456)|VARIABLE_ASSIGNMENT|[60]|allfields|"Id,OwnerId,IsDeleted (353 more) ..."
05:38:42.0 (34466747)|HEAP_ALLOCATE|[59]|Bytes:5
05:38:42.0 (34472125)|HEAP_ALLOCATE|[59]|Bytes:12
05:38:42.0 (34475901)|VARIABLE_SCOPE_BEGIN|[59]|fieldname|String|false|false
05:38:42.0 (34482322)|VARIABLE_ASSIGNMENT|[59]|fieldname|"Team_Lead__c"
05:38:42.0 (34485697)|STATEMENT_EXECUTE|[60]
05:38:42.0 (34488020)|HEAP_ALLOCATE|[60]|Bytes:13
05:38:42.0 (34492160)|HEAP_ALLOCATE|[60]|Bytes:386
05:38:42.0 (34496008)|VARIABLE_ASSIGNMENT|[60]|allfields|"Id,OwnerId,IsDeleted (366 more) ..."
05:38:42.0 (34502155)|HEAP_ALLOCATE|[59]|Bytes:5
05:38:42.0 (34507391)|HEAP_ALLOCATE|[59]|Bytes:21
05:38:42.0 (34511438)|VARIABLE_SCOPE_BEGIN|[59]|fieldname|String|false|false
05:38:42.0 (34518290)|VARIABLE_ASSIGNMENT|[59]|fieldname|"Project_Start_Date__ (1 more) ..."
05:38:42.0 (34521669)|STATEMENT_EXECUTE|[60]
05:38:42.0 (34524022)|HEAP_ALLOCATE|[60]|Bytes:22
05:38:42.0 (34527861)|HEAP_ALLOCATE|[60]|Bytes:408
05:38:42.0 (34531939)|VARIABLE_ASSIGNMENT|[60]|allfields|"Id,OwnerId,IsDeleted (388 more) ..."
05:38:42.0 (34538508)|HEAP_ALLOCATE|[59]|Bytes:5
05:38:42.0 (34543894)|HEAP_ALLOCATE|[59]|Bytes:19
05:38:42.0 (34547435)|VARIABLE_SCOPE_BEGIN|[59]|fieldname|String|false|false
05:38:42.0 (34553656)|VARIABLE_ASSIGNMENT|[59]|fieldname|"Project_End_Date__c"
05:38:42.0 (34556858)|STATEMENT_EXECUTE|[60]
05:38:42.0 (34559119)|HEAP_ALLOCATE|[60]|Bytes:20
05:38:42.0 (34563078)|HEAP_ALLOCATE|[60]|Bytes:428
05:38:42.0 (34567002)|VARIABLE_ASSIGNMENT|[60]|allfields|"Id,OwnerId,IsDeleted (408 more) ..."
05:38:42.0 (34572947)|HEAP_ALLOCATE|[59]|Bytes:5
05:38:42.0 (34578135)|HEAP_ALLOCATE|[59]|Bytes:8
05:38:42.0 (34581827)|VARIABLE_SCOPE_BEGIN|[59]|fieldname|String|false|false
05:38:42.0 (34588199)|VARIABLE_ASSIGNMENT|[59]|fieldname|"Units__c"
05:38:42.0 (34591221)|STATEMENT_EXECUTE|[60]
05:38:42.0 (34593467)|HEAP_ALLOCATE|[60]|Bytes:9
05:38:42.0 (34596918)|HEAP_ALLOCATE|[60]|Bytes:437
05:38:42.0 (34600861)|VARIABLE_ASSIGNMENT|[60]|allfields|"Id,OwnerId,IsDeleted (417 more) ..."
05:38:42.0 (34606873)|HEAP_ALLOCATE|[59]|Bytes:5
05:38:42.0 (34612027)|HEAP_ALLOCATE|[59]|Bytes:8
05:38:42.0 (34615417)|VARIABLE_SCOPE_BEGIN|[59]|fieldname|String|false|false
05:38:42.0 (34622002)|VARIABLE_ASSIGNMENT|[59]|fieldname|"Nodes__c"
05:38:42.0 (34625356)|STATEMENT_EXECUTE|[60]
05:38:42.0 (34627726)|HEAP_ALLOCATE|[60]|Bytes:9
05:38:42.0 (34631604)|HEAP_ALLOCATE|[60]|Bytes:446
05:38:42.0 (34639115)|VARIABLE_ASSIGNMENT|[60]|allfields|"Id,OwnerId,IsDeleted (426 more) ..."
05:38:42.0 (34650657)|HEAP_ALLOCATE|[59]|Bytes:5
05:38:42.0 (34660840)|HEAP_ALLOCATE|[59]|Bytes:10
05:38:42.0 (34668731)|VARIABLE_SCOPE_BEGIN|[59]|fieldname|String|false|false
05:38:42.0 (34681444)|VARIABLE_ASSIGNMENT|[59]|fieldname|"Footage__c"
05:38:42.0 (34687683)|STATEMENT_EXECUTE|[60]
05:38:42.0 (34692312)|HEAP_ALLOCATE|[60]|Bytes:11
05:38:42.0 (34699223)|HEAP_ALLOCATE|[60]|Bytes:457
05:38:42.0 (34704341)|VARIABLE_ASSIGNMENT|[60]|allfields|"Id,OwnerId,IsDeleted (437 more) ..."
05:38:42.0 (34713112)|HEAP_ALLOCATE|[59]|Bytes:5
05:38:42.0 (34719363)|HEAP_ALLOCATE|[59]|Bytes:8
05:38:42.0 (34724352)|VARIABLE_SCOPE_BEGIN|[59]|fieldname|String|false|false
05:38:42.0 (34736286)|VARIABLE_ASSIGNMENT|[59]|fieldname|"Miles__c"
05:38:42.0 (34742109)|STATEMENT_EXECUTE|[60]
05:38:42.0 (34747418)|HEAP_ALLOCATE|[60]|Bytes:9
05:38:42.0 (34754766)|HEAP_ALLOCATE|[60]|Bytes:466
05:38:42.0 (34763779)|VARIABLE_ASSIGNMENT|[60]|allfields|"Id,OwnerId,IsDeleted (446 more) ..."
05:38:42.0 (34775904)|HEAP_ALLOCATE|[59]|Bytes:5
05:38:42.0 (34782533)|HEAP_ALLOCATE|[59]|Bytes:7
05:38:42.0 (34786712)|VARIABLE_SCOPE_BEGIN|[59]|fieldname|String|false|false
05:38:42.0 (34795352)|VARIABLE_ASSIGNMENT|[59]|fieldname|"Jobs__c"
05:38:42.0 (34801351)|STATEMENT_EXECUTE|[60]
05:38:42.0 (34805238)|HEAP_ALLOCATE|[60]|Bytes:8
05:38:42.0 (34811768)|HEAP_ALLOCATE|[60]|Bytes:474
05:38:42.0 (34817530)|VARIABLE_ASSIGNMENT|[60]|allfields|"Id,OwnerId,IsDeleted (454 more) ..."
05:38:42.0 (34825323)|HEAP_ALLOCATE|[59]|Bytes:5
05:38:42.0 (34830497)|HEAP_ALLOCATE|[59]|Bytes:8
05:38:42.0 (34834355)|VARIABLE_SCOPE_BEGIN|[59]|fieldname|String|false|false
05:38:42.0 (34841900)|VARIABLE_ASSIGNMENT|[59]|fieldname|"Hours__c"
05:38:42.0 (34846016)|STATEMENT_EXECUTE|[60]
05:38:42.0 (34848400)|HEAP_ALLOCATE|[60]|Bytes:9
05:38:42.0 (34852310)|HEAP_ALLOCATE|[60]|Bytes:483
05:38:42.0 (34856248)|VARIABLE_ASSIGNMENT|[60]|allfields|"Id,OwnerId,IsDeleted (463 more) ..."
05:38:42.0 (34862652)|HEAP_ALLOCATE|[59]|Bytes:5
05:38:42.0 (34867714)|HEAP_ALLOCATE|[59]|Bytes:7
05:38:42.0 (34871419)|VARIABLE_SCOPE_BEGIN|[59]|fieldname|String|false|false
05:38:42.0 (34878152)|VARIABLE_ASSIGNMENT|[59]|fieldname|"Team__c"
05:38:42.0 (34881317)|STATEMENT_EXECUTE|[60]
05:38:42.0 (34883447)|HEAP_ALLOCATE|[60]|Bytes:8
05:38:42.0 (34887175)|HEAP_ALLOCATE|[60]|Bytes:491
05:38:42.0 (34891457)|VARIABLE_ASSIGNMENT|[60]|allfields|"Id,OwnerId,IsDeleted (471 more) ..."
05:38:42.0 (34897708)|HEAP_ALLOCATE|[59]|Bytes:5
05:38:42.0 (34904121)|VARIABLE_ASSIGNMENT|[59]|fieldname|null
05:38:42.0 (34908864)|STATEMENT_EXECUTE|[62]
05:38:42.0 (34967294)|HEAP_ALLOCATE|[62]|Bytes:490
05:38:42.0 (34977634)|VARIABLE_ASSIGNMENT|[62]|allfields|"Id,OwnerId,IsDeleted (470 more) ..."
05:38:42.0 (34982106)|STATEMENT_EXECUTE|[64]
05:38:42.0 (34992884)|METHOD_EXIT|[16]|01p7F00000Ehro9|PM_Project_Edit_Controller.getAllFields(String)
05:38:42.0 (35000527)|HEAP_ALLOCATE|[16]|Bytes:32
05:38:42.0 (35008778)|HEAP_ALLOCATE|[16]|Bytes:529
05:38:42.0 (35517560)|SOQL_EXECUTE_BEGIN|[16]|Aggregations:0|select Id,OwnerId,IsDeleted,Name,CreatedDate,CreatedById,LastModifiedDate,LastModifiedById,SystemModstamp,LastActivityDate,LastViewedDate,LastReferencedDate,Client__c,End_Customer__c,Operation_Region__c,Work_Region__c,Client_Project_Manager__c,Project_code__c,Company_project_code__c,Project_Scope__c,Cost_Centre__c,Production__c,QC__c,Delivery__c,QA__c,OffshoreProjectManager__c,Team_Lead__c,Project_Start_Date__c,Project_End_Date__c,Units__c,Nodes__c,Footage__c,Miles__c,Jobs__c,Hours__c,Team__c from Project__c where Id = :pid
05:38:42.0 (48444186)|SOQL_EXECUTE_END|[16]|Rows:0
05:38:42.0 (48488404)|HEAP_ALLOCATE|[16]|Bytes:4
05:38:42.0 (48510554)|HEAP_ALLOCATE|[16]|Bytes:0
05:38:42.0 (48596341)|HEAP_ALLOCATE|[16]|Bytes:4
05:38:42.0 (48628947)|HEAP_ALLOCATE|[16]|Bytes:36
05:38:42.0 (48735774)|HEAP_ALLOCATE|[16]|Bytes:46
05:38:42.0 (48755003)|SYSTEM_MODE_EXIT|false
05:38:42.0 (48936340)|FATAL_ERROR|System.QueryException: List has no rows for assignment to SObject

Class.PM_Project_Edit_Controller.<init>: line 16, column 1
