36.0 APEX_CODE,FINEST;APEX_PROFILING,INFO;CALLOUT,INFO;DB,INFO;SYSTEM,DEBUG;VALIDATION,INFO;VISUALFORCE,INFO;WAVE,INFO;WORKFLOW,INFO
00:52:48.0 (303181)|USER_INFO|[EXTERNAL]|0057F000000Tiz6|ksb994@salesforce.com|Pacific Standard Time|GMT-08:00
00:52:48.0 (340023)|EXECUTION_STARTED
00:52:48.0 (346102)|CODE_UNIT_STARTED|[EXTERNAL]|0667F000005aHSA|VF: /apex/PM_Job_New
00:52:48.8 (8384540)|SYSTEM_MODE_ENTER|true
00:52:48.8 (8506902)|HEAP_ALLOCATE|[72]|Bytes:3
00:52:48.8 (8546542)|HEAP_ALLOCATE|[77]|Bytes:152
00:52:48.8 (8562886)|HEAP_ALLOCATE|[342]|Bytes:408
00:52:48.8 (8579527)|HEAP_ALLOCATE|[355]|Bytes:408
00:52:48.8 (8592950)|HEAP_ALLOCATE|[467]|Bytes:48
00:52:48.8 (8856627)|SYSTEM_MODE_ENTER|true
00:52:48.8 (8906998)|HEAP_ALLOCATE|[EXTERNAL]|Bytes:8
00:52:48.8 (8914921)|VARIABLE_SCOPE_BEGIN|[88]|this|ApexPage.PageMessagesComponentController|true|false
00:52:48.8 (8946082)|VARIABLE_ASSIGNMENT|[88]|this|{}|0x1e6571c
00:52:48.8 (8952762)|VARIABLE_SCOPE_BEGIN|[88]|escape|Boolean|false|false
00:52:48.8 (8960225)|VARIABLE_ASSIGNMENT|[88]|escape|null
00:52:48.9 (9119011)|SYSTEM_MODE_ENTER|true
00:52:48.9 (9158208)|HEAP_ALLOCATE|[EXTERNAL]|Bytes:8
00:52:48.9 (9167257)|VARIABLE_SCOPE_BEGIN|[2]|this|ApexPage.PageMessagesComponentController|true|false
00:52:48.9 (9188154)|VARIABLE_ASSIGNMENT|[2]|this|{}|0x1e6571c
00:52:48.0 (45871927)|SYSTEM_MODE_ENTER|true
00:52:48.0 (46222382)|HEAP_ALLOCATE|[EXTERNAL]|Bytes:260
00:52:48.0 (46239612)|HEAP_ALLOCATE|[EXTERNAL]|Bytes:38
00:52:48.0 (46245795)|HEAP_ALLOCATE|[EXTERNAL]|Bytes:5
00:52:48.0 (46276871)|METHOD_ENTRY|[1]|01p7F00000HhQR4|PM_Job_New_Controller.PM_Job_New_Controller()
00:52:48.0 (46285942)|STATEMENT_EXECUTE|[1]
00:52:48.0 (46293380)|STATEMENT_EXECUTE|[1]
00:52:48.0 (46312857)|SYSTEM_MODE_ENTER|false
00:52:48.0 (46327668)|HEAP_ALLOCATE|[EXTERNAL]|Bytes:5
00:52:48.0 (46339558)|SYSTEM_MODE_EXIT|false
00:52:48.0 (46354086)|METHOD_EXIT|[1]|PM_Job_New_Controller
00:52:48.0 (46459833)|HEAP_ALLOCATE|[EXTERNAL]|Bytes:40
00:52:48.0 (46552383)|VARIABLE_SCOPE_BEGIN|[16]|this|PM_Job_New_Controller|true|false
00:52:48.0 (46643701)|VARIABLE_ASSIGNMENT|[16]|this|{}|0x7cea6ea7
00:52:48.0 (46657200)|VARIABLE_SCOPE_BEGIN|[16]|stdController|ApexPages.StandardController|true|false
00:52:48.0 (46811713)|VARIABLE_ASSIGNMENT|[16]|stdController|"StandardController [null]"|0x4547705d
00:52:48.0 (46841912)|SYSTEM_MODE_ENTER|false
00:52:48.0 (46851621)|HEAP_ALLOCATE|[17]|Bytes:5
00:52:48.0 (46857807)|STATEMENT_EXECUTE|[1]
00:52:48.0 (46863338)|HEAP_ALLOCATE|[17]|Bytes:5
00:52:48.0 (46866652)|STATEMENT_EXECUTE|[3]
00:52:48.0 (46867666)|STATEMENT_EXECUTE|[4]
00:52:48.0 (46868813)|STATEMENT_EXECUTE|[5]
00:52:48.0 (46869692)|STATEMENT_EXECUTE|[6]
00:52:48.0 (46870450)|STATEMENT_EXECUTE|[7]
00:52:48.0 (46871219)|STATEMENT_EXECUTE|[8]
00:52:48.0 (46871981)|STATEMENT_EXECUTE|[9]
00:52:48.0 (46872774)|STATEMENT_EXECUTE|[10]
00:52:48.0 (46873757)|STATEMENT_EXECUTE|[11]
00:52:48.0 (46911703)|STATEMENT_EXECUTE|[16]
00:52:48.0 (46914103)|STATEMENT_EXECUTE|[17]
00:52:48.0 (47076572)|HEAP_ALLOCATE|[17]|Bytes:4
00:52:48.0 (47104618)|VARIABLE_ASSIGNMENT|[17]|this.job|{}|0x7cea6ea7
00:52:48.0 (47111217)|STATEMENT_EXECUTE|[18]
00:52:48.0 (47115136)|HEAP_ALLOCATE|[18]|Bytes:46
00:52:48.0 (47137699)|HEAP_ALLOCATE|[18]|Bytes:4
00:52:48.0 (47282798)|SOQL_EXECUTE_BEGIN|[18]|Aggregations:0|SELECT Company_project_code__c FROM Project__c
00:52:48.0 (51635780)|SOQL_EXECUTE_END|[18]|Rows:24
00:52:48.0 (51659954)|HEAP_ALLOCATE|[18]|Bytes:100
00:52:48.0 (51698042)|HEAP_ALLOCATE|[18]|Bytes:1692
00:52:48.0 (51740694)|HEAP_ALLOCATE|[18]|Bytes:100
00:52:48.0 (51805671)|VARIABLE_ASSIGNMENT|[EXTERNAL]|this|{"job":"0x31f9a36c"}|0x7cea6ea7
00:52:48.0 (51822382)|VARIABLE_ASSIGNMENT|[EXTERNAL]|value|"List of size 24 too large to display"|0x52ba8d27
00:52:48.0 (51836347)|VARIABLE_ASSIGNMENT|[4]|this.projectList|"List of size 24 too large to display"|0x7cea6ea7
00:52:48.0 (51846301)|STATEMENT_EXECUTE|[19]
00:52:48.0 (51850266)|HEAP_ALLOCATE|[19]|Bytes:7
00:52:48.0 (51855312)|HEAP_ALLOCATE|[19]|Bytes:10
00:52:48.0 (51869455)|METHOD_ENTRY|[19]|01p7F00000HhQR4|PM_Job_New_Controller.getAllFields(String)
00:52:48.0 (51988112)|VARIABLE_SCOPE_BEGIN|[70]|sobjectname|String|false|false
00:52:48.0 (52003077)|VARIABLE_ASSIGNMENT|[70]|sobjectname|"Project__c"
00:52:48.0 (52027849)|HEAP_ALLOCATE|[71]|Bytes:5
00:52:48.0 (52034290)|STATEMENT_EXECUTE|[70]
00:52:48.0 (71988691)|HEAP_ALLOCATE|[71]|Bytes:1468
00:52:48.0 (72050502)|STATEMENT_EXECUTE|[71]
00:52:48.0 (72054272)|STATEMENT_EXECUTE|[74]
00:52:48.0 (75536185)|HEAP_ALLOCATE|[74]|Bytes:1468
00:52:48.0 (75721448)|HEAP_ALLOCATE|[74]|Bytes:4
00:52:48.0 (75773399)|HEAP_ALLOCATE|[74]|Bytes:4
00:52:48.0 (76036290)|HEAP_ALLOCATE|[74]|Bytes:152
00:52:48.0 (76049142)|VARIABLE_SCOPE_BEGIN|[74]|fields|Map<String,Schema.SObjectField>|true|false
00:52:48.0 (76258300)|VARIABLE_ASSIGNMENT|[74]|fields|"{client__c=Client__c, client_project_manager__c=Client_Project_Manager__c, company_project_code__c=Company_project_code__c, cost_centre__c=Cost_Centre__c, createdbyid=CreatedById, createddate=CreatedDate, delivery__c=Delivery__c, end_customer__c=End_Customer__c, footage__c=Footage__c, hours__c=Hours__c, ...}"|0x2e3f317f
00:52:48.0 (76270172)|STATEMENT_EXECUTE|[75]
00:52:48.0 (76285813)|HEAP_ALLOCATE|[75]|Bytes:4
00:52:48.0 (76315704)|VARIABLE_SCOPE_BEGIN|[75]|accessiblefields|List<String>|true|false
00:52:48.0 (76342847)|HEAP_ALLOCATE|[EXTERNAL]|Bytes:4
00:52:48.0 (76353787)|VARIABLE_ASSIGNMENT|[75]|accessiblefields|[]|0x286a522a
00:52:48.0 (76397804)|HEAP_ALLOCATE|[EXTERNAL]|Bytes:152
00:52:48.0 (76416473)|HEAP_ALLOCATE|[76]|Bytes:152
00:52:48.0 (76448286)|HEAP_ALLOCATE|[76]|Bytes:5
00:52:48.0 (76467188)|VARIABLE_SCOPE_BEGIN|[76]|field|Schema.SObjectField|true|false
00:52:48.0 (76528398)|VARIABLE_ASSIGNMENT|[76]|field|"common.apex.runtime.impl.ApexFieldToken@13fa5ff6"|0x13fa5ff6
00:52:48.0 (76535947)|STATEMENT_EXECUTE|[76]
00:52:48.0 (76939310)|HEAP_ALLOCATE|[77]|Bytes:8
00:52:48.0 (76960351)|STATEMENT_EXECUTE|[78]
00:52:48.0 (76986775)|HEAP_ALLOCATE|[78]|Bytes:8
00:52:48.0 (76999389)|HEAP_ALLOCATE|[78]|Bytes:2
00:52:48.0 (77013902)|HEAP_ALLOCATE|[EXTERNAL]|Bytes:4
00:52:48.0 (77027902)|HEAP_ALLOCATE|[76]|Bytes:5
00:52:48.0 (77041052)|VARIABLE_SCOPE_BEGIN|[76]|field|Schema.SObjectField|true|false
00:52:48.0 (77102967)|VARIABLE_ASSIGNMENT|[76]|field|"common.apex.runtime.impl.ApexFieldToken@4499203f"|0x4499203f
00:52:48.0 (77109936)|STATEMENT_EXECUTE|[76]
00:52:48.0 (77231894)|HEAP_ALLOCATE|[77]|Bytes:8
00:52:48.0 (77243763)|STATEMENT_EXECUTE|[78]
00:52:48.0 (77257399)|HEAP_ALLOCATE|[78]|Bytes:8
00:52:48.0 (77265331)|HEAP_ALLOCATE|[78]|Bytes:7
00:52:48.0 (77272545)|HEAP_ALLOCATE|[EXTERNAL]|Bytes:4
00:52:48.0 (77282930)|HEAP_ALLOCATE|[76]|Bytes:5
00:52:48.0 (77294717)|VARIABLE_SCOPE_BEGIN|[76]|field|Schema.SObjectField|true|false
00:52:48.0 (77357869)|VARIABLE_ASSIGNMENT|[76]|field|"common.apex.runtime.impl.ApexFieldToken@3e98c184"|0x3e98c184
00:52:48.0 (77364897)|STATEMENT_EXECUTE|[76]
00:52:48.0 (77447767)|HEAP_ALLOCATE|[77]|Bytes:8
00:52:48.0 (77459718)|STATEMENT_EXECUTE|[78]
00:52:48.0 (77473128)|HEAP_ALLOCATE|[78]|Bytes:8
00:52:48.0 (77481236)|HEAP_ALLOCATE|[78]|Bytes:9
00:52:48.0 (77488427)|HEAP_ALLOCATE|[EXTERNAL]|Bytes:4
00:52:48.0 (77498187)|HEAP_ALLOCATE|[76]|Bytes:5
00:52:48.0 (77509313)|VARIABLE_SCOPE_BEGIN|[76]|field|Schema.SObjectField|true|false
00:52:48.0 (77566759)|VARIABLE_ASSIGNMENT|[76]|field|"common.apex.runtime.impl.ApexFieldToken@37a68da3"|0x37a68da3
00:52:48.0 (77573604)|STATEMENT_EXECUTE|[76]
00:52:48.0 (77659740)|HEAP_ALLOCATE|[77]|Bytes:8
00:52:48.0 (77670946)|STATEMENT_EXECUTE|[78]
00:52:48.0 (77683905)|HEAP_ALLOCATE|[78]|Bytes:8
00:52:48.0 (77691537)|HEAP_ALLOCATE|[78]|Bytes:4
00:52:48.0 (77698544)|HEAP_ALLOCATE|[EXTERNAL]|Bytes:4
00:52:48.0 (77708332)|HEAP_ALLOCATE|[76]|Bytes:5
00:52:48.0 (77719684)|VARIABLE_SCOPE_BEGIN|[76]|field|Schema.SObjectField|true|false
00:52:48.0 (77782408)|VARIABLE_ASSIGNMENT|[76]|field|"common.apex.runtime.impl.ApexFieldToken@7662614e"|0x7662614e
00:52:48.0 (77789403)|STATEMENT_EXECUTE|[76]
00:52:48.0 (77882207)|HEAP_ALLOCATE|[77]|Bytes:8
00:52:48.0 (77893305)|STATEMENT_EXECUTE|[78]
00:52:48.0 (77906315)|HEAP_ALLOCATE|[78]|Bytes:8
00:52:48.0 (77913247)|HEAP_ALLOCATE|[78]|Bytes:11
00:52:48.0 (77920267)|HEAP_ALLOCATE|[EXTERNAL]|Bytes:4
00:52:48.0 (77929746)|HEAP_ALLOCATE|[76]|Bytes:5
00:52:48.0 (77940655)|VARIABLE_SCOPE_BEGIN|[76]|field|Schema.SObjectField|true|false
00:52:48.0 (77996551)|VARIABLE_ASSIGNMENT|[76]|field|"common.apex.runtime.impl.ApexFieldToken@7bf73f65"|0x7bf73f65
00:52:48.0 (78003559)|STATEMENT_EXECUTE|[76]
00:52:48.0 (78096185)|HEAP_ALLOCATE|[77]|Bytes:8
00:52:48.0 (78107821)|STATEMENT_EXECUTE|[78]
00:52:48.0 (78120975)|HEAP_ALLOCATE|[78]|Bytes:8
00:52:48.0 (78128339)|HEAP_ALLOCATE|[78]|Bytes:11
00:52:48.0 (78134919)|HEAP_ALLOCATE|[EXTERNAL]|Bytes:4
00:52:48.0 (78144501)|HEAP_ALLOCATE|[76]|Bytes:5
00:52:48.0 (78155922)|VARIABLE_SCOPE_BEGIN|[76]|field|Schema.SObjectField|true|false
00:52:48.0 (78212980)|VARIABLE_ASSIGNMENT|[76]|field|"common.apex.runtime.impl.ApexFieldToken@39b557e"|0x39b557e
00:52:48.0 (78219687)|STATEMENT_EXECUTE|[76]
00:52:48.0 (78304490)|HEAP_ALLOCATE|[77]|Bytes:8
00:52:48.0 (78315433)|STATEMENT_EXECUTE|[78]
00:52:48.0 (78328138)|HEAP_ALLOCATE|[78]|Bytes:8
00:52:48.0 (78335103)|HEAP_ALLOCATE|[78]|Bytes:16
00:52:48.0 (78341924)|HEAP_ALLOCATE|[EXTERNAL]|Bytes:4
00:52:48.0 (78351466)|HEAP_ALLOCATE|[76]|Bytes:5
00:52:48.0 (78362440)|VARIABLE_SCOPE_BEGIN|[76]|field|Schema.SObjectField|true|false
00:52:48.0 (78417339)|VARIABLE_ASSIGNMENT|[76]|field|"common.apex.runtime.impl.ApexFieldToken@530b3b"|0x530b3b
00:52:48.0 (78424418)|STATEMENT_EXECUTE|[76]
00:52:48.0 (78512508)|HEAP_ALLOCATE|[77]|Bytes:8
00:52:48.0 (78523550)|STATEMENT_EXECUTE|[78]
00:52:48.0 (78536081)|HEAP_ALLOCATE|[78]|Bytes:8
00:52:48.0 (78542933)|HEAP_ALLOCATE|[78]|Bytes:16
00:52:48.0 (78549398)|HEAP_ALLOCATE|[EXTERNAL]|Bytes:4
00:52:48.0 (78558611)|HEAP_ALLOCATE|[76]|Bytes:5
00:52:48.0 (78570305)|VARIABLE_SCOPE_BEGIN|[76]|field|Schema.SObjectField|true|false
00:52:48.0 (78625923)|VARIABLE_ASSIGNMENT|[76]|field|"common.apex.runtime.impl.ApexFieldToken@65de726e"|0x65de726e
00:52:48.0 (78632580)|STATEMENT_EXECUTE|[76]
00:52:48.0 (78702420)|HEAP_ALLOCATE|[77]|Bytes:8
00:52:48.0 (78712821)|STATEMENT_EXECUTE|[78]
00:52:48.0 (78724990)|HEAP_ALLOCATE|[78]|Bytes:8
00:52:48.0 (78731677)|HEAP_ALLOCATE|[78]|Bytes:14
00:52:48.0 (78738769)|HEAP_ALLOCATE|[EXTERNAL]|Bytes:4
00:52:48.0 (78748490)|HEAP_ALLOCATE|[76]|Bytes:5
00:52:48.0 (78763547)|VARIABLE_SCOPE_BEGIN|[76]|field|Schema.SObjectField|true|false
00:52:48.0 (78819551)|VARIABLE_ASSIGNMENT|[76]|field|"common.apex.runtime.impl.ApexFieldToken@279075a7"|0x279075a7
00:52:48.0 (78825990)|STATEMENT_EXECUTE|[76]
00:52:48.0 (78895712)|HEAP_ALLOCATE|[77]|Bytes:8
00:52:48.0 (78906106)|STATEMENT_EXECUTE|[78]
00:52:48.0 (78918495)|HEAP_ALLOCATE|[78]|Bytes:8
00:52:48.0 (78926061)|HEAP_ALLOCATE|[78]|Bytes:16
00:52:48.0 (78932821)|HEAP_ALLOCATE|[EXTERNAL]|Bytes:4
00:52:48.0 (78942721)|HEAP_ALLOCATE|[76]|Bytes:5
00:52:48.0 (78953227)|VARIABLE_SCOPE_BEGIN|[76]|field|Schema.SObjectField|true|false
00:52:48.0 (79008093)|VARIABLE_ASSIGNMENT|[76]|field|"common.apex.runtime.impl.ApexFieldToken@7e79f48e"|0x7e79f48e
00:52:48.0 (79015820)|STATEMENT_EXECUTE|[76]
00:52:48.0 (79107403)|HEAP_ALLOCATE|[77]|Bytes:8
00:52:48.0 (79119273)|STATEMENT_EXECUTE|[78]
00:52:48.0 (79132531)|HEAP_ALLOCATE|[78]|Bytes:8
00:52:48.0 (79139341)|HEAP_ALLOCATE|[78]|Bytes:14
00:52:48.0 (79146457)|HEAP_ALLOCATE|[EXTERNAL]|Bytes:4
00:52:48.0 (79156657)|HEAP_ALLOCATE|[76]|Bytes:5
00:52:48.0 (79167815)|VARIABLE_SCOPE_BEGIN|[76]|field|Schema.SObjectField|true|false
00:52:48.0 (79224999)|VARIABLE_ASSIGNMENT|[76]|field|"common.apex.runtime.impl.ApexFieldToken@66eb22a9"|0x66eb22a9
00:52:48.0 (79231227)|STATEMENT_EXECUTE|[76]
00:52:48.0 (79302323)|HEAP_ALLOCATE|[77]|Bytes:8
00:52:48.0 (79312808)|STATEMENT_EXECUTE|[78]
00:52:48.0 (79325225)|HEAP_ALLOCATE|[78]|Bytes:8
00:52:48.0 (79332063)|HEAP_ALLOCATE|[78]|Bytes:18
00:52:48.0 (79339716)|HEAP_ALLOCATE|[EXTERNAL]|Bytes:4
00:52:48.0 (79349836)|HEAP_ALLOCATE|[76]|Bytes:5
00:52:48.0 (79360339)|VARIABLE_SCOPE_BEGIN|[76]|field|Schema.SObjectField|true|false
00:52:48.0 (79416278)|VARIABLE_ASSIGNMENT|[76]|field|"common.apex.runtime.impl.ApexFieldToken@70b07118"|0x70b07118
00:52:48.0 (79422435)|STATEMENT_EXECUTE|[76]
00:52:48.0 (79624920)|HEAP_ALLOCATE|[77]|Bytes:8
00:52:48.0 (79637518)|STATEMENT_EXECUTE|[78]
00:52:48.0 (79651802)|HEAP_ALLOCATE|[78]|Bytes:8
00:52:48.0 (79659873)|HEAP_ALLOCATE|[78]|Bytes:9
00:52:48.0 (79667473)|HEAP_ALLOCATE|[EXTERNAL]|Bytes:4
00:52:48.0 (79678173)|HEAP_ALLOCATE|[76]|Bytes:5
00:52:48.0 (79690104)|VARIABLE_SCOPE_BEGIN|[76]|field|Schema.SObjectField|true|false
00:52:48.0 (79748627)|VARIABLE_ASSIGNMENT|[76]|field|"common.apex.runtime.impl.ApexFieldToken@54a91fe4"|0x54a91fe4
00:52:48.0 (79760006)|STATEMENT_EXECUTE|[76]
00:52:48.0 (79843260)|HEAP_ALLOCATE|[77]|Bytes:8
00:52:48.0 (79854552)|STATEMENT_EXECUTE|[78]
00:52:48.0 (79867344)|HEAP_ALLOCATE|[78]|Bytes:8
00:52:48.0 (79875321)|HEAP_ALLOCATE|[78]|Bytes:15
00:52:48.0 (79882361)|HEAP_ALLOCATE|[EXTERNAL]|Bytes:4
00:52:48.0 (79892343)|HEAP_ALLOCATE|[76]|Bytes:5
00:52:48.0 (79902877)|VARIABLE_SCOPE_BEGIN|[76]|field|Schema.SObjectField|true|false
00:52:48.0 (79959904)|VARIABLE_ASSIGNMENT|[76]|field|"common.apex.runtime.impl.ApexFieldToken@65c55c7b"|0x65c55c7b
00:52:48.0 (79966140)|STATEMENT_EXECUTE|[76]
00:52:48.0 (80043784)|HEAP_ALLOCATE|[77]|Bytes:8
00:52:48.0 (80055381)|STATEMENT_EXECUTE|[78]
00:52:48.0 (80068344)|HEAP_ALLOCATE|[78]|Bytes:8
00:52:48.0 (80075464)|HEAP_ALLOCATE|[78]|Bytes:19
00:52:48.0 (80082657)|HEAP_ALLOCATE|[EXTERNAL]|Bytes:4
00:52:48.0 (80092415)|HEAP_ALLOCATE|[76]|Bytes:5
00:52:48.0 (80103001)|VARIABLE_SCOPE_BEGIN|[76]|field|Schema.SObjectField|true|false
00:52:48.0 (80158024)|VARIABLE_ASSIGNMENT|[76]|field|"common.apex.runtime.impl.ApexFieldToken@5a84c400"|0x5a84c400
00:52:48.0 (80164573)|STATEMENT_EXECUTE|[76]
00:52:48.0 (80238276)|HEAP_ALLOCATE|[77]|Bytes:8
00:52:48.0 (80249031)|STATEMENT_EXECUTE|[78]
00:52:48.0 (80262293)|HEAP_ALLOCATE|[78]|Bytes:8
00:52:48.0 (80269648)|HEAP_ALLOCATE|[78]|Bytes:14
00:52:48.0 (80276988)|HEAP_ALLOCATE|[EXTERNAL]|Bytes:4
00:52:48.0 (80287350)|HEAP_ALLOCATE|[76]|Bytes:5
00:52:48.0 (80297851)|VARIABLE_SCOPE_BEGIN|[76]|field|Schema.SObjectField|true|false
00:52:48.0 (80352962)|VARIABLE_ASSIGNMENT|[76]|field|"common.apex.runtime.impl.ApexFieldToken@29cf56f9"|0x29cf56f9
00:52:48.0 (80359776)|STATEMENT_EXECUTE|[76]
00:52:48.0 (80430636)|HEAP_ALLOCATE|[77]|Bytes:8
00:52:48.0 (80441354)|STATEMENT_EXECUTE|[78]
00:52:48.0 (80454250)|HEAP_ALLOCATE|[78]|Bytes:8
00:52:48.0 (80461638)|HEAP_ALLOCATE|[78]|Bytes:25
00:52:48.0 (80468325)|HEAP_ALLOCATE|[EXTERNAL]|Bytes:4
00:52:48.0 (80477950)|HEAP_ALLOCATE|[76]|Bytes:5
00:52:48.0 (80488268)|VARIABLE_SCOPE_BEGIN|[76]|field|Schema.SObjectField|true|false
00:52:48.0 (80542891)|VARIABLE_ASSIGNMENT|[76]|field|"common.apex.runtime.impl.ApexFieldToken@35052a1b"|0x35052a1b
00:52:48.0 (80549152)|STATEMENT_EXECUTE|[76]
00:52:48.0 (80619982)|HEAP_ALLOCATE|[77]|Bytes:8
00:52:48.0 (80630777)|STATEMENT_EXECUTE|[78]
00:52:48.0 (80643922)|HEAP_ALLOCATE|[78]|Bytes:8
00:52:48.0 (80651352)|HEAP_ALLOCATE|[78]|Bytes:15
00:52:48.0 (80658594)|HEAP_ALLOCATE|[EXTERNAL]|Bytes:4
00:52:48.0 (80667937)|HEAP_ALLOCATE|[76]|Bytes:5
00:52:48.0 (80679005)|VARIABLE_SCOPE_BEGIN|[76]|field|Schema.SObjectField|true|false
00:52:48.0 (80733350)|VARIABLE_ASSIGNMENT|[76]|field|"common.apex.runtime.impl.ApexFieldToken@7a6c8e44"|0x7a6c8e44
00:52:48.0 (80739783)|STATEMENT_EXECUTE|[76]
00:52:48.0 (80827486)|HEAP_ALLOCATE|[77]|Bytes:8
00:52:48.0 (80838832)|STATEMENT_EXECUTE|[78]
00:52:48.0 (80853218)|HEAP_ALLOCATE|[78]|Bytes:8
00:52:48.0 (80860379)|HEAP_ALLOCATE|[78]|Bytes:23
00:52:48.0 (80867149)|HEAP_ALLOCATE|[EXTERNAL]|Bytes:4
00:52:48.0 (80877057)|HEAP_ALLOCATE|[76]|Bytes:5
00:52:48.0 (80888126)|VARIABLE_SCOPE_BEGIN|[76]|field|Schema.SObjectField|true|false
00:52:48.0 (80943673)|VARIABLE_ASSIGNMENT|[76]|field|"common.apex.runtime.impl.ApexFieldToken@634e1cd"|0x634e1cd
00:52:48.0 (80950256)|STATEMENT_EXECUTE|[76]
00:52:48.0 (81025271)|HEAP_ALLOCATE|[77]|Bytes:8
00:52:48.0 (81036862)|STATEMENT_EXECUTE|[78]
00:52:48.0 (81050024)|HEAP_ALLOCATE|[78]|Bytes:8
00:52:48.0 (81057231)|HEAP_ALLOCATE|[78]|Bytes:16
00:52:48.0 (81063571)|HEAP_ALLOCATE|[EXTERNAL]|Bytes:4
00:52:48.0 (81073071)|HEAP_ALLOCATE|[76]|Bytes:5
00:52:48.0 (81083888)|VARIABLE_SCOPE_BEGIN|[76]|field|Schema.SObjectField|true|false
00:52:48.0 (81137821)|VARIABLE_ASSIGNMENT|[76]|field|"common.apex.runtime.impl.ApexFieldToken@559f176c"|0x559f176c
00:52:48.0 (81143911)|STATEMENT_EXECUTE|[76]
00:52:48.0 (81214247)|HEAP_ALLOCATE|[77]|Bytes:8
00:52:48.0 (81225366)|STATEMENT_EXECUTE|[78]
00:52:48.0 (81238402)|HEAP_ALLOCATE|[78]|Bytes:8
00:52:48.0 (81245220)|HEAP_ALLOCATE|[78]|Bytes:14
00:52:48.0 (81252478)|HEAP_ALLOCATE|[EXTERNAL]|Bytes:4
00:52:48.0 (81261809)|HEAP_ALLOCATE|[76]|Bytes:5
00:52:48.0 (81272624)|VARIABLE_SCOPE_BEGIN|[76]|field|Schema.SObjectField|true|false
00:52:48.0 (81327034)|VARIABLE_ASSIGNMENT|[76]|field|"common.apex.runtime.impl.ApexFieldToken@49d6ba36"|0x49d6ba36
00:52:48.0 (81333630)|STATEMENT_EXECUTE|[76]
00:52:48.0 (81406540)|HEAP_ALLOCATE|[77]|Bytes:8
00:52:48.0 (81416960)|STATEMENT_EXECUTE|[78]
00:52:48.0 (81429793)|HEAP_ALLOCATE|[78]|Bytes:8
00:52:48.0 (81436730)|HEAP_ALLOCATE|[78]|Bytes:13
00:52:48.0 (81443252)|HEAP_ALLOCATE|[EXTERNAL]|Bytes:4
00:52:48.0 (81452559)|HEAP_ALLOCATE|[76]|Bytes:5
00:52:48.0 (81463310)|VARIABLE_SCOPE_BEGIN|[76]|field|Schema.SObjectField|true|false
00:52:48.0 (81518702)|VARIABLE_ASSIGNMENT|[76]|field|"common.apex.runtime.impl.ApexFieldToken@57d603e6"|0x57d603e6
00:52:48.0 (81525086)|STATEMENT_EXECUTE|[76]
00:52:48.0 (81594908)|HEAP_ALLOCATE|[77]|Bytes:8
00:52:48.0 (81605778)|STATEMENT_EXECUTE|[78]
00:52:48.0 (81618660)|HEAP_ALLOCATE|[78]|Bytes:8
00:52:48.0 (81625621)|HEAP_ALLOCATE|[78]|Bytes:5
00:52:48.0 (81632075)|HEAP_ALLOCATE|[EXTERNAL]|Bytes:4
00:52:48.0 (81641264)|HEAP_ALLOCATE|[76]|Bytes:5
00:52:48.0 (81651587)|VARIABLE_SCOPE_BEGIN|[76]|field|Schema.SObjectField|true|false
00:52:48.0 (81709903)|VARIABLE_ASSIGNMENT|[76]|field|"common.apex.runtime.impl.ApexFieldToken@76cdba58"|0x76cdba58
00:52:48.0 (81716447)|STATEMENT_EXECUTE|[76]
00:52:48.0 (81789763)|HEAP_ALLOCATE|[77]|Bytes:8
00:52:48.0 (81801090)|STATEMENT_EXECUTE|[78]
00:52:48.0 (81814626)|HEAP_ALLOCATE|[78]|Bytes:8
00:52:48.0 (81821783)|HEAP_ALLOCATE|[78]|Bytes:13
00:52:48.0 (81828642)|HEAP_ALLOCATE|[EXTERNAL]|Bytes:4
00:52:48.0 (81837751)|HEAP_ALLOCATE|[76]|Bytes:5
00:52:48.0 (81848131)|VARIABLE_SCOPE_BEGIN|[76]|field|Schema.SObjectField|true|false
00:52:48.0 (81903359)|VARIABLE_ASSIGNMENT|[76]|field|"common.apex.runtime.impl.ApexFieldToken@5b44e79a"|0x5b44e79a
00:52:48.0 (81909819)|STATEMENT_EXECUTE|[76]
00:52:48.0 (81998042)|HEAP_ALLOCATE|[77]|Bytes:8
00:52:48.0 (82013901)|STATEMENT_EXECUTE|[78]
00:52:48.0 (82036023)|HEAP_ALLOCATE|[78]|Bytes:8
00:52:48.0 (82047936)|HEAP_ALLOCATE|[78]|Bytes:11
00:52:48.0 (82058824)|HEAP_ALLOCATE|[EXTERNAL]|Bytes:4
00:52:48.0 (82074042)|HEAP_ALLOCATE|[76]|Bytes:5
00:52:48.0 (82092870)|VARIABLE_SCOPE_BEGIN|[76]|field|Schema.SObjectField|true|false
00:52:48.0 (82151640)|VARIABLE_ASSIGNMENT|[76]|field|"common.apex.runtime.impl.ApexFieldToken@27bff1ce"|0x27bff1ce
00:52:48.0 (82158268)|STATEMENT_EXECUTE|[76]
00:52:48.0 (82240865)|HEAP_ALLOCATE|[77]|Bytes:8
00:52:48.0 (82251755)|STATEMENT_EXECUTE|[78]
00:52:48.0 (82265534)|HEAP_ALLOCATE|[78]|Bytes:8
00:52:48.0 (82272812)|HEAP_ALLOCATE|[78]|Bytes:5
00:52:48.0 (82279944)|HEAP_ALLOCATE|[EXTERNAL]|Bytes:4
00:52:48.0 (82294729)|HEAP_ALLOCATE|[76]|Bytes:5
00:52:48.0 (82306723)|VARIABLE_SCOPE_BEGIN|[76]|field|Schema.SObjectField|true|false
00:52:48.0 (82366696)|VARIABLE_ASSIGNMENT|[76]|field|"common.apex.runtime.impl.ApexFieldToken@40910fec"|0x40910fec
00:52:48.0 (82377267)|STATEMENT_EXECUTE|[76]
00:52:48.0 (82550827)|HEAP_ALLOCATE|[77]|Bytes:8
00:52:48.0 (82564889)|STATEMENT_EXECUTE|[78]
00:52:48.0 (82579511)|HEAP_ALLOCATE|[78]|Bytes:8
00:52:48.0 (82588112)|HEAP_ALLOCATE|[78]|Bytes:25
00:52:48.0 (82595863)|HEAP_ALLOCATE|[EXTERNAL]|Bytes:4
00:52:48.0 (82607138)|HEAP_ALLOCATE|[76]|Bytes:5
00:52:48.0 (82619896)|VARIABLE_SCOPE_BEGIN|[76]|field|Schema.SObjectField|true|false
00:52:48.0 (82679109)|VARIABLE_ASSIGNMENT|[76]|field|"common.apex.runtime.impl.ApexFieldToken@5b9572dc"|0x5b9572dc
00:52:48.0 (82686897)|STATEMENT_EXECUTE|[76]
00:52:48.0 (82804348)|HEAP_ALLOCATE|[77]|Bytes:8
00:52:48.0 (82816667)|STATEMENT_EXECUTE|[78]
00:52:48.0 (82830765)|HEAP_ALLOCATE|[78]|Bytes:8
00:52:48.0 (82838418)|HEAP_ALLOCATE|[78]|Bytes:12
00:52:48.0 (82845538)|HEAP_ALLOCATE|[EXTERNAL]|Bytes:4
00:52:48.0 (82855660)|HEAP_ALLOCATE|[76]|Bytes:5
00:52:48.0 (82867339)|VARIABLE_SCOPE_BEGIN|[76]|field|Schema.SObjectField|true|false
00:52:48.0 (82924472)|VARIABLE_ASSIGNMENT|[76]|field|"common.apex.runtime.impl.ApexFieldToken@27112603"|0x27112603
00:52:48.0 (82931554)|STATEMENT_EXECUTE|[76]
00:52:48.0 (83010006)|HEAP_ALLOCATE|[77]|Bytes:8
00:52:48.0 (83022388)|STATEMENT_EXECUTE|[78]
00:52:48.0 (83035822)|HEAP_ALLOCATE|[78]|Bytes:8
00:52:48.0 (83043560)|HEAP_ALLOCATE|[78]|Bytes:21
00:52:48.0 (83050720)|HEAP_ALLOCATE|[EXTERNAL]|Bytes:4
00:52:48.0 (83060231)|HEAP_ALLOCATE|[76]|Bytes:5
00:52:48.0 (83071396)|VARIABLE_SCOPE_BEGIN|[76]|field|Schema.SObjectField|true|false
00:52:48.0 (83128122)|VARIABLE_ASSIGNMENT|[76]|field|"common.apex.runtime.impl.ApexFieldToken@7ff892ae"|0x7ff892ae
00:52:48.0 (83134454)|STATEMENT_EXECUTE|[76]
00:52:48.0 (83208355)|HEAP_ALLOCATE|[77]|Bytes:8
00:52:48.0 (83219016)|STATEMENT_EXECUTE|[78]
00:52:48.0 (83231704)|HEAP_ALLOCATE|[78]|Bytes:8
00:52:48.0 (83238940)|HEAP_ALLOCATE|[78]|Bytes:19
00:52:48.0 (83245550)|HEAP_ALLOCATE|[EXTERNAL]|Bytes:4
00:52:48.0 (83254556)|HEAP_ALLOCATE|[76]|Bytes:5
00:52:48.0 (83265154)|VARIABLE_SCOPE_BEGIN|[76]|field|Schema.SObjectField|true|false
00:52:48.0 (83320431)|VARIABLE_ASSIGNMENT|[76]|field|"common.apex.runtime.impl.ApexFieldToken@375e0cd2"|0x375e0cd2
00:52:48.0 (83326896)|STATEMENT_EXECUTE|[76]
00:52:48.0 (83399857)|HEAP_ALLOCATE|[77]|Bytes:8
00:52:48.0 (83410818)|STATEMENT_EXECUTE|[78]
00:52:48.0 (83423240)|HEAP_ALLOCATE|[78]|Bytes:8
00:52:48.0 (83430604)|HEAP_ALLOCATE|[78]|Bytes:8
00:52:48.0 (83436953)|HEAP_ALLOCATE|[EXTERNAL]|Bytes:4
00:52:48.0 (83446330)|HEAP_ALLOCATE|[76]|Bytes:5
00:52:48.0 (83456973)|VARIABLE_SCOPE_BEGIN|[76]|field|Schema.SObjectField|true|false
00:52:48.0 (83511789)|VARIABLE_ASSIGNMENT|[76]|field|"common.apex.runtime.impl.ApexFieldToken@472d8b77"|0x472d8b77
00:52:48.0 (83518487)|STATEMENT_EXECUTE|[76]
00:52:48.0 (83587527)|HEAP_ALLOCATE|[77]|Bytes:8
00:52:48.0 (83598514)|STATEMENT_EXECUTE|[78]
00:52:48.0 (83611690)|HEAP_ALLOCATE|[78]|Bytes:8
00:52:48.0 (83619227)|HEAP_ALLOCATE|[78]|Bytes:8
00:52:48.0 (83625825)|HEAP_ALLOCATE|[EXTERNAL]|Bytes:4
00:52:48.0 (83635257)|HEAP_ALLOCATE|[76]|Bytes:5
00:52:48.0 (83646195)|VARIABLE_SCOPE_BEGIN|[76]|field|Schema.SObjectField|true|false
00:52:48.0 (83707635)|VARIABLE_ASSIGNMENT|[76]|field|"common.apex.runtime.impl.ApexFieldToken@69a28caf"|0x69a28caf
00:52:48.0 (83714469)|STATEMENT_EXECUTE|[76]
00:52:48.0 (83791678)|HEAP_ALLOCATE|[77]|Bytes:8
00:52:48.0 (83802625)|STATEMENT_EXECUTE|[78]
00:52:48.0 (83816144)|HEAP_ALLOCATE|[78]|Bytes:8
00:52:48.0 (83823382)|HEAP_ALLOCATE|[78]|Bytes:10
00:52:48.0 (83830021)|HEAP_ALLOCATE|[EXTERNAL]|Bytes:4
00:52:48.0 (83839405)|HEAP_ALLOCATE|[76]|Bytes:5
00:52:48.0 (83850204)|VARIABLE_SCOPE_BEGIN|[76]|field|Schema.SObjectField|true|false
00:52:48.0 (83920912)|VARIABLE_ASSIGNMENT|[76]|field|"common.apex.runtime.impl.ApexFieldToken@52f40ed7"|0x52f40ed7
00:52:48.0 (83928682)|STATEMENT_EXECUTE|[76]
00:52:48.0 (84006398)|HEAP_ALLOCATE|[77]|Bytes:8
00:52:48.0 (84018687)|STATEMENT_EXECUTE|[78]
00:52:48.0 (84032177)|HEAP_ALLOCATE|[78]|Bytes:8
00:52:48.0 (84039878)|HEAP_ALLOCATE|[78]|Bytes:8
00:52:48.0 (84050100)|HEAP_ALLOCATE|[EXTERNAL]|Bytes:4
00:52:48.0 (84065025)|HEAP_ALLOCATE|[76]|Bytes:5
00:52:48.0 (84083457)|VARIABLE_SCOPE_BEGIN|[76]|field|Schema.SObjectField|true|false
00:52:48.0 (84149224)|VARIABLE_ASSIGNMENT|[76]|field|"common.apex.runtime.impl.ApexFieldToken@158ba0c7"|0x158ba0c7
00:52:48.0 (84156113)|STATEMENT_EXECUTE|[76]
00:52:48.0 (84234233)|HEAP_ALLOCATE|[77]|Bytes:8
00:52:48.0 (84245798)|STATEMENT_EXECUTE|[78]
00:52:48.0 (84258922)|HEAP_ALLOCATE|[78]|Bytes:8
00:52:48.0 (84266812)|HEAP_ALLOCATE|[78]|Bytes:7
00:52:48.0 (84273864)|HEAP_ALLOCATE|[EXTERNAL]|Bytes:4
00:52:48.0 (84283613)|HEAP_ALLOCATE|[76]|Bytes:5
00:52:48.0 (84294840)|VARIABLE_SCOPE_BEGIN|[76]|field|Schema.SObjectField|true|false
00:52:48.0 (84351427)|VARIABLE_ASSIGNMENT|[76]|field|"common.apex.runtime.impl.ApexFieldToken@3e56e732"|0x3e56e732
00:52:48.0 (84358351)|STATEMENT_EXECUTE|[76]
00:52:48.0 (84427892)|HEAP_ALLOCATE|[77]|Bytes:8
00:52:48.0 (84438694)|STATEMENT_EXECUTE|[78]
00:52:48.0 (84452264)|HEAP_ALLOCATE|[78]|Bytes:8
00:52:48.0 (84459333)|HEAP_ALLOCATE|[78]|Bytes:8
00:52:48.0 (84465764)|HEAP_ALLOCATE|[EXTERNAL]|Bytes:4
00:52:48.0 (84475081)|HEAP_ALLOCATE|[76]|Bytes:5
00:52:48.0 (84485679)|VARIABLE_SCOPE_BEGIN|[76]|field|Schema.SObjectField|true|false
00:52:48.0 (84540531)|VARIABLE_ASSIGNMENT|[76]|field|"common.apex.runtime.impl.ApexFieldToken@43ecc3a3"|0x43ecc3a3
00:52:48.0 (84547459)|STATEMENT_EXECUTE|[76]
00:52:48.0 (84634700)|HEAP_ALLOCATE|[77]|Bytes:8
00:52:48.0 (84646258)|STATEMENT_EXECUTE|[78]
00:52:48.0 (84659778)|HEAP_ALLOCATE|[78]|Bytes:8
00:52:48.0 (84666975)|HEAP_ALLOCATE|[78]|Bytes:7
00:52:48.0 (84673766)|HEAP_ALLOCATE|[EXTERNAL]|Bytes:4
00:52:48.0 (84683436)|HEAP_ALLOCATE|[76]|Bytes:5
00:52:48.0 (84692917)|VARIABLE_ASSIGNMENT|[76]|field|null|
00:52:48.0 (84697842)|STATEMENT_EXECUTE|[80]
00:52:48.0 (84702246)|VARIABLE_SCOPE_BEGIN|[80]|allfields|String|false|false
00:52:48.0 (84711036)|VARIABLE_ASSIGNMENT|[80]|allfields|""
00:52:48.0 (84743203)|HEAP_ALLOCATE|[81]|Bytes:5
00:52:48.0 (84751386)|HEAP_ALLOCATE|[81]|Bytes:2
00:52:48.0 (84762024)|VARIABLE_SCOPE_BEGIN|[81]|fieldname|String|false|false
00:52:48.0 (84770215)|VARIABLE_ASSIGNMENT|[81]|fieldname|"Id"
00:52:48.0 (84774092)|STATEMENT_EXECUTE|[82]
00:52:48.0 (84776287)|HEAP_ALLOCATE|[82]|Bytes:1
00:52:48.0 (84793050)|HEAP_ALLOCATE|[82]|Bytes:3
00:52:48.0 (84797584)|HEAP_ALLOCATE|[82]|Bytes:3
00:52:48.0 (84802063)|VARIABLE_ASSIGNMENT|[82]|allfields|"Id,"
00:52:48.0 (84810054)|HEAP_ALLOCATE|[81]|Bytes:5
00:52:48.0 (84815531)|HEAP_ALLOCATE|[81]|Bytes:7
00:52:48.0 (84819674)|VARIABLE_SCOPE_BEGIN|[81]|fieldname|String|false|false
00:52:48.0 (84826503)|VARIABLE_ASSIGNMENT|[81]|fieldname|"OwnerId"
00:52:48.0 (84830021)|STATEMENT_EXECUTE|[82]
00:52:48.0 (84832511)|HEAP_ALLOCATE|[82]|Bytes:8
00:52:48.0 (84835839)|HEAP_ALLOCATE|[82]|Bytes:11
00:52:48.0 (84839754)|VARIABLE_ASSIGNMENT|[82]|allfields|"Id,OwnerId,"
00:52:48.0 (84846025)|HEAP_ALLOCATE|[81]|Bytes:5
00:52:48.0 (84850920)|HEAP_ALLOCATE|[81]|Bytes:9
00:52:48.0 (84854602)|VARIABLE_SCOPE_BEGIN|[81]|fieldname|String|false|false
00:52:48.0 (84860780)|VARIABLE_ASSIGNMENT|[81]|fieldname|"IsDeleted"
00:52:48.0 (84864103)|STATEMENT_EXECUTE|[82]
00:52:48.0 (84866479)|HEAP_ALLOCATE|[82]|Bytes:10
00:52:48.0 (84870233)|HEAP_ALLOCATE|[82]|Bytes:21
00:52:48.0 (84875884)|VARIABLE_ASSIGNMENT|[82]|allfields|"Id,OwnerId,IsDeleted (1 more) ..."
00:52:48.0 (84882488)|HEAP_ALLOCATE|[81]|Bytes:5
00:52:48.0 (84887573)|HEAP_ALLOCATE|[81]|Bytes:4
00:52:48.0 (84891460)|VARIABLE_SCOPE_BEGIN|[81]|fieldname|String|false|false
00:52:48.0 (84902048)|VARIABLE_ASSIGNMENT|[81]|fieldname|"Name"
00:52:48.0 (84907887)|STATEMENT_EXECUTE|[82]
00:52:48.0 (84912088)|HEAP_ALLOCATE|[82]|Bytes:5
00:52:48.0 (84918268)|HEAP_ALLOCATE|[82]|Bytes:26
00:52:48.0 (84926780)|VARIABLE_ASSIGNMENT|[82]|allfields|"Id,OwnerId,IsDeleted (6 more) ..."
00:52:48.0 (84939849)|HEAP_ALLOCATE|[81]|Bytes:5
00:52:48.0 (84950015)|HEAP_ALLOCATE|[81]|Bytes:11
00:52:48.0 (84956865)|VARIABLE_SCOPE_BEGIN|[81]|fieldname|String|false|false
00:52:48.0 (84967711)|VARIABLE_ASSIGNMENT|[81]|fieldname|"CreatedDate"
00:52:48.0 (84971662)|STATEMENT_EXECUTE|[82]
00:52:48.0 (84974746)|HEAP_ALLOCATE|[82]|Bytes:12
00:52:48.0 (84978310)|HEAP_ALLOCATE|[82]|Bytes:38
00:52:48.0 (84982924)|VARIABLE_ASSIGNMENT|[82]|allfields|"Id,OwnerId,IsDeleted (18 more) ..."
00:52:48.0 (84991485)|HEAP_ALLOCATE|[81]|Bytes:5
00:52:48.0 (85000861)|HEAP_ALLOCATE|[81]|Bytes:11
00:52:48.0 (85008839)|VARIABLE_SCOPE_BEGIN|[81]|fieldname|String|false|false
00:52:48.0 (85020899)|VARIABLE_ASSIGNMENT|[81]|fieldname|"CreatedById"
00:52:48.0 (85026043)|STATEMENT_EXECUTE|[82]
00:52:48.0 (85029087)|HEAP_ALLOCATE|[82]|Bytes:12
00:52:48.0 (85033017)|HEAP_ALLOCATE|[82]|Bytes:50
00:52:48.0 (85037645)|VARIABLE_ASSIGNMENT|[82]|allfields|"Id,OwnerId,IsDeleted (30 more) ..."
00:52:48.0 (85045451)|HEAP_ALLOCATE|[81]|Bytes:5
00:52:48.0 (85053917)|HEAP_ALLOCATE|[81]|Bytes:16
00:52:48.0 (85060803)|VARIABLE_SCOPE_BEGIN|[81]|fieldname|String|false|false
00:52:48.0 (85072958)|VARIABLE_ASSIGNMENT|[81]|fieldname|"LastModifiedDate"
00:52:48.0 (85076779)|STATEMENT_EXECUTE|[82]
00:52:48.0 (85079695)|HEAP_ALLOCATE|[82]|Bytes:17
00:52:48.0 (85084281)|HEAP_ALLOCATE|[82]|Bytes:67
00:52:48.0 (85088655)|VARIABLE_ASSIGNMENT|[82]|allfields|"Id,OwnerId,IsDeleted (47 more) ..."
00:52:48.0 (85095915)|HEAP_ALLOCATE|[81]|Bytes:5
00:52:48.0 (85101274)|HEAP_ALLOCATE|[81]|Bytes:16
00:52:48.0 (85105073)|VARIABLE_SCOPE_BEGIN|[81]|fieldname|String|false|false
00:52:48.0 (85111752)|VARIABLE_ASSIGNMENT|[81]|fieldname|"LastModifiedById"
00:52:48.0 (85116753)|STATEMENT_EXECUTE|[82]
00:52:48.0 (85120652)|HEAP_ALLOCATE|[82]|Bytes:17
00:52:48.0 (85127058)|HEAP_ALLOCATE|[82]|Bytes:84
00:52:48.0 (85135048)|VARIABLE_ASSIGNMENT|[82]|allfields|"Id,OwnerId,IsDeleted (64 more) ..."
00:52:48.0 (85146466)|HEAP_ALLOCATE|[81]|Bytes:5
00:52:48.0 (85155078)|HEAP_ALLOCATE|[81]|Bytes:14
00:52:48.0 (85161134)|VARIABLE_SCOPE_BEGIN|[81]|fieldname|String|false|false
00:52:48.0 (85172149)|VARIABLE_ASSIGNMENT|[81]|fieldname|"SystemModstamp"
00:52:48.0 (85177411)|STATEMENT_EXECUTE|[82]
00:52:48.0 (85180370)|HEAP_ALLOCATE|[82]|Bytes:15
00:52:48.0 (85184673)|HEAP_ALLOCATE|[82]|Bytes:99
00:52:48.0 (85189140)|VARIABLE_ASSIGNMENT|[82]|allfields|"Id,OwnerId,IsDeleted (79 more) ..."
00:52:48.0 (85196977)|HEAP_ALLOCATE|[81]|Bytes:5
00:52:48.0 (85202366)|HEAP_ALLOCATE|[81]|Bytes:16
00:52:48.0 (85207358)|VARIABLE_SCOPE_BEGIN|[81]|fieldname|String|false|false
00:52:48.0 (85217993)|VARIABLE_ASSIGNMENT|[81]|fieldname|"LastActivityDate"
00:52:48.0 (85221653)|STATEMENT_EXECUTE|[82]
00:52:48.0 (85224289)|HEAP_ALLOCATE|[82]|Bytes:17
00:52:48.0 (85227854)|HEAP_ALLOCATE|[82]|Bytes:116
00:52:48.0 (85232139)|VARIABLE_ASSIGNMENT|[82]|allfields|"Id,OwnerId,IsDeleted (96 more) ..."
00:52:48.0 (85238635)|HEAP_ALLOCATE|[81]|Bytes:5
00:52:48.0 (85243764)|HEAP_ALLOCATE|[81]|Bytes:14
00:52:48.0 (85247566)|VARIABLE_SCOPE_BEGIN|[81]|fieldname|String|false|false
00:52:48.0 (85253888)|VARIABLE_ASSIGNMENT|[81]|fieldname|"LastViewedDate"
00:52:48.0 (85257057)|STATEMENT_EXECUTE|[82]
00:52:48.0 (85259447)|HEAP_ALLOCATE|[82]|Bytes:15
00:52:48.0 (85265428)|HEAP_ALLOCATE|[82]|Bytes:131
00:52:48.0 (85274176)|VARIABLE_ASSIGNMENT|[82]|allfields|"Id,OwnerId,IsDeleted (111 more) ..."
00:52:48.0 (85285491)|HEAP_ALLOCATE|[81]|Bytes:5
00:52:48.0 (85294047)|HEAP_ALLOCATE|[81]|Bytes:18
00:52:48.0 (85300523)|VARIABLE_SCOPE_BEGIN|[81]|fieldname|String|false|false
00:52:48.0 (85309415)|VARIABLE_ASSIGNMENT|[81]|fieldname|"LastReferencedDate"
00:52:48.0 (85313228)|STATEMENT_EXECUTE|[82]
00:52:48.0 (85316179)|HEAP_ALLOCATE|[82]|Bytes:19
00:52:48.0 (85319863)|HEAP_ALLOCATE|[82]|Bytes:150
00:52:48.0 (85324436)|VARIABLE_ASSIGNMENT|[82]|allfields|"Id,OwnerId,IsDeleted (130 more) ..."
00:52:48.0 (85331149)|HEAP_ALLOCATE|[81]|Bytes:5
00:52:48.0 (85336321)|HEAP_ALLOCATE|[81]|Bytes:9
00:52:48.0 (85339665)|VARIABLE_SCOPE_BEGIN|[81]|fieldname|String|false|false
00:52:48.0 (85345886)|VARIABLE_ASSIGNMENT|[81]|fieldname|"Client__c"
00:52:48.0 (85349316)|STATEMENT_EXECUTE|[82]
00:52:48.0 (85351510)|HEAP_ALLOCATE|[82]|Bytes:10
00:52:48.0 (85355014)|HEAP_ALLOCATE|[82]|Bytes:160
00:52:48.0 (85359306)|VARIABLE_ASSIGNMENT|[82]|allfields|"Id,OwnerId,IsDeleted (140 more) ..."
00:52:48.0 (85365343)|HEAP_ALLOCATE|[81]|Bytes:5
00:52:48.0 (85370068)|HEAP_ALLOCATE|[81]|Bytes:15
00:52:48.0 (85373261)|VARIABLE_SCOPE_BEGIN|[81]|fieldname|String|false|false
00:52:48.0 (85379735)|VARIABLE_ASSIGNMENT|[81]|fieldname|"End_Customer__c"
00:52:48.0 (85382831)|STATEMENT_EXECUTE|[82]
00:52:48.0 (85385075)|HEAP_ALLOCATE|[82]|Bytes:16
00:52:48.0 (85388663)|HEAP_ALLOCATE|[82]|Bytes:176
00:52:48.0 (85392919)|VARIABLE_ASSIGNMENT|[82]|allfields|"Id,OwnerId,IsDeleted (156 more) ..."
00:52:48.0 (85398661)|HEAP_ALLOCATE|[81]|Bytes:5
00:52:48.0 (85403415)|HEAP_ALLOCATE|[81]|Bytes:19
00:52:48.0 (85406714)|VARIABLE_SCOPE_BEGIN|[81]|fieldname|String|false|false
00:52:48.0 (85413674)|VARIABLE_ASSIGNMENT|[81]|fieldname|"Operation_Region__c"
00:52:48.0 (85417045)|STATEMENT_EXECUTE|[82]
00:52:48.0 (85419176)|HEAP_ALLOCATE|[82]|Bytes:20
00:52:48.0 (85422679)|HEAP_ALLOCATE|[82]|Bytes:196
00:52:48.0 (85426579)|VARIABLE_ASSIGNMENT|[82]|allfields|"Id,OwnerId,IsDeleted (176 more) ..."
00:52:48.0 (85432437)|HEAP_ALLOCATE|[81]|Bytes:5
00:52:48.0 (85437112)|HEAP_ALLOCATE|[81]|Bytes:14
00:52:48.0 (85440164)|VARIABLE_SCOPE_BEGIN|[81]|fieldname|String|false|false
00:52:48.0 (85446550)|VARIABLE_ASSIGNMENT|[81]|fieldname|"Work_Region__c"
00:52:48.0 (85449742)|STATEMENT_EXECUTE|[82]
00:52:48.0 (85451869)|HEAP_ALLOCATE|[82]|Bytes:15
00:52:48.0 (85455438)|HEAP_ALLOCATE|[82]|Bytes:211
00:52:48.0 (85459997)|VARIABLE_ASSIGNMENT|[82]|allfields|"Id,OwnerId,IsDeleted (191 more) ..."
00:52:48.0 (85465854)|HEAP_ALLOCATE|[81]|Bytes:5
00:52:48.0 (85470468)|HEAP_ALLOCATE|[81]|Bytes:25
00:52:48.0 (85473959)|VARIABLE_SCOPE_BEGIN|[81]|fieldname|String|false|false
00:52:48.0 (85480832)|VARIABLE_ASSIGNMENT|[81]|fieldname|"Client_Project_Manag (5 more) ..."
00:52:48.0 (85483972)|STATEMENT_EXECUTE|[82]
00:52:48.0 (85486064)|HEAP_ALLOCATE|[82]|Bytes:26
00:52:48.0 (85489405)|HEAP_ALLOCATE|[82]|Bytes:237
00:52:48.0 (85493353)|VARIABLE_ASSIGNMENT|[82]|allfields|"Id,OwnerId,IsDeleted (217 more) ..."
00:52:48.0 (85499051)|HEAP_ALLOCATE|[81]|Bytes:5
00:52:48.0 (85503844)|HEAP_ALLOCATE|[81]|Bytes:15
00:52:48.0 (85507056)|VARIABLE_SCOPE_BEGIN|[81]|fieldname|String|false|false
00:52:48.0 (85513424)|VARIABLE_ASSIGNMENT|[81]|fieldname|"Project_code__c"
00:52:48.0 (85516596)|STATEMENT_EXECUTE|[82]
00:52:48.0 (85518675)|HEAP_ALLOCATE|[82]|Bytes:16
00:52:48.0 (85522323)|HEAP_ALLOCATE|[82]|Bytes:253
00:52:48.0 (85526609)|VARIABLE_ASSIGNMENT|[82]|allfields|"Id,OwnerId,IsDeleted (233 more) ..."
00:52:48.0 (85532198)|HEAP_ALLOCATE|[81]|Bytes:5
00:52:48.0 (85537637)|HEAP_ALLOCATE|[81]|Bytes:23
00:52:48.0 (85540859)|VARIABLE_SCOPE_BEGIN|[81]|fieldname|String|false|false
00:52:48.0 (85547668)|VARIABLE_ASSIGNMENT|[81]|fieldname|"Company_project_code (3 more) ..."
00:52:48.0 (85551364)|STATEMENT_EXECUTE|[82]
00:52:48.0 (85553514)|HEAP_ALLOCATE|[82]|Bytes:24
00:52:48.0 (85557233)|HEAP_ALLOCATE|[82]|Bytes:277
00:52:48.0 (85561093)|VARIABLE_ASSIGNMENT|[82]|allfields|"Id,OwnerId,IsDeleted (257 more) ..."
00:52:48.0 (85580798)|HEAP_ALLOCATE|[81]|Bytes:5
00:52:48.0 (85586910)|HEAP_ALLOCATE|[81]|Bytes:16
00:52:48.0 (85590957)|VARIABLE_SCOPE_BEGIN|[81]|fieldname|String|false|false
00:52:48.0 (85597888)|VARIABLE_ASSIGNMENT|[81]|fieldname|"Project_Scope__c"
00:52:48.0 (85601319)|STATEMENT_EXECUTE|[82]
00:52:48.0 (85608738)|HEAP_ALLOCATE|[82]|Bytes:17
00:52:48.0 (85613525)|HEAP_ALLOCATE|[82]|Bytes:294
00:52:48.0 (85618056)|VARIABLE_ASSIGNMENT|[82]|allfields|"Id,OwnerId,IsDeleted (274 more) ..."
00:52:48.0 (85625159)|HEAP_ALLOCATE|[81]|Bytes:5
00:52:48.0 (85629955)|HEAP_ALLOCATE|[81]|Bytes:14
00:52:48.0 (85633495)|VARIABLE_SCOPE_BEGIN|[81]|fieldname|String|false|false
00:52:48.0 (85639920)|VARIABLE_ASSIGNMENT|[81]|fieldname|"Cost_Centre__c"
00:52:48.0 (85643019)|STATEMENT_EXECUTE|[82]
00:52:48.0 (85645119)|HEAP_ALLOCATE|[82]|Bytes:15
00:52:48.0 (85648652)|HEAP_ALLOCATE|[82]|Bytes:309
00:52:48.0 (85653109)|VARIABLE_ASSIGNMENT|[82]|allfields|"Id,OwnerId,IsDeleted (289 more) ..."
00:52:48.0 (85659001)|HEAP_ALLOCATE|[81]|Bytes:5
00:52:48.0 (85663996)|HEAP_ALLOCATE|[81]|Bytes:13
00:52:48.0 (85667550)|VARIABLE_SCOPE_BEGIN|[81]|fieldname|String|false|false
00:52:48.0 (85673927)|VARIABLE_ASSIGNMENT|[81]|fieldname|"Production__c"
00:52:48.0 (85677595)|STATEMENT_EXECUTE|[82]
00:52:48.0 (85679903)|HEAP_ALLOCATE|[82]|Bytes:14
00:52:48.0 (85683197)|HEAP_ALLOCATE|[82]|Bytes:323
00:52:48.0 (85687736)|VARIABLE_ASSIGNMENT|[82]|allfields|"Id,OwnerId,IsDeleted (303 more) ..."
00:52:48.0 (85694200)|HEAP_ALLOCATE|[81]|Bytes:5
00:52:48.0 (85699050)|HEAP_ALLOCATE|[81]|Bytes:5
00:52:48.0 (85702496)|VARIABLE_SCOPE_BEGIN|[81]|fieldname|String|false|false
00:52:48.0 (85708609)|VARIABLE_ASSIGNMENT|[81]|fieldname|"QC__c"
00:52:48.0 (85711745)|STATEMENT_EXECUTE|[82]
00:52:48.0 (85713895)|HEAP_ALLOCATE|[82]|Bytes:6
00:52:48.0 (85717283)|HEAP_ALLOCATE|[82]|Bytes:329
00:52:48.0 (85721359)|VARIABLE_ASSIGNMENT|[82]|allfields|"Id,OwnerId,IsDeleted (309 more) ..."
00:52:48.0 (85727053)|HEAP_ALLOCATE|[81]|Bytes:5
00:52:48.0 (85731969)|HEAP_ALLOCATE|[81]|Bytes:13
00:52:48.0 (85735438)|VARIABLE_SCOPE_BEGIN|[81]|fieldname|String|false|false
00:52:48.0 (85742042)|VARIABLE_ASSIGNMENT|[81]|fieldname|"Team_Count__c"
00:52:48.0 (85745549)|STATEMENT_EXECUTE|[82]
00:52:48.0 (85747654)|HEAP_ALLOCATE|[82]|Bytes:14
00:52:48.0 (85751275)|HEAP_ALLOCATE|[82]|Bytes:343
00:52:48.0 (85759667)|VARIABLE_ASSIGNMENT|[82]|allfields|"Id,OwnerId,IsDeleted (323 more) ..."
00:52:48.0 (85766923)|HEAP_ALLOCATE|[81]|Bytes:5
00:52:48.0 (85772596)|HEAP_ALLOCATE|[81]|Bytes:11
00:52:48.0 (85776013)|VARIABLE_SCOPE_BEGIN|[81]|fieldname|String|false|false
00:52:48.0 (85782560)|VARIABLE_ASSIGNMENT|[81]|fieldname|"Delivery__c"
00:52:48.0 (85786015)|STATEMENT_EXECUTE|[82]
00:52:48.0 (85788266)|HEAP_ALLOCATE|[82]|Bytes:12
00:52:48.0 (85792320)|HEAP_ALLOCATE|[82]|Bytes:355
00:52:48.0 (85796418)|VARIABLE_ASSIGNMENT|[82]|allfields|"Id,OwnerId,IsDeleted (335 more) ..."
00:52:48.0 (85802583)|HEAP_ALLOCATE|[81]|Bytes:5
00:52:48.0 (85807247)|HEAP_ALLOCATE|[81]|Bytes:5
00:52:48.0 (85810560)|VARIABLE_SCOPE_BEGIN|[81]|fieldname|String|false|false
00:52:48.0 (85819692)|VARIABLE_ASSIGNMENT|[81]|fieldname|"QA__c"
00:52:48.0 (85825159)|STATEMENT_EXECUTE|[82]
00:52:48.0 (85829191)|HEAP_ALLOCATE|[82]|Bytes:6
00:52:48.0 (85835749)|HEAP_ALLOCATE|[82]|Bytes:361
00:52:48.0 (85844127)|VARIABLE_ASSIGNMENT|[82]|allfields|"Id,OwnerId,IsDeleted (341 more) ..."
00:52:48.0 (85856295)|HEAP_ALLOCATE|[81]|Bytes:5
00:52:48.0 (85866233)|HEAP_ALLOCATE|[81]|Bytes:25
00:52:48.0 (85872346)|VARIABLE_SCOPE_BEGIN|[81]|fieldname|String|false|false
00:52:48.0 (85884882)|VARIABLE_ASSIGNMENT|[81]|fieldname|"OffshoreProjectManag (5 more) ..."
00:52:48.0 (85890632)|STATEMENT_EXECUTE|[82]
00:52:48.0 (85894876)|HEAP_ALLOCATE|[82]|Bytes:26
00:52:48.0 (85901566)|HEAP_ALLOCATE|[82]|Bytes:387
00:52:48.0 (85909280)|VARIABLE_ASSIGNMENT|[82]|allfields|"Id,OwnerId,IsDeleted (367 more) ..."
00:52:48.0 (85920797)|HEAP_ALLOCATE|[81]|Bytes:5
00:52:48.0 (85929370)|HEAP_ALLOCATE|[81]|Bytes:12
00:52:48.0 (85935582)|VARIABLE_SCOPE_BEGIN|[81]|fieldname|String|false|false
00:52:48.0 (85947400)|VARIABLE_ASSIGNMENT|[81]|fieldname|"Team_Lead__c"
00:52:48.0 (85952773)|STATEMENT_EXECUTE|[82]
00:52:48.0 (85956845)|HEAP_ALLOCATE|[82]|Bytes:13
00:52:48.0 (85963034)|HEAP_ALLOCATE|[82]|Bytes:400
00:52:48.0 (85970964)|VARIABLE_ASSIGNMENT|[82]|allfields|"Id,OwnerId,IsDeleted (380 more) ..."
00:52:48.0 (85982685)|HEAP_ALLOCATE|[81]|Bytes:5
00:52:48.0 (85992133)|HEAP_ALLOCATE|[81]|Bytes:21
00:52:48.0 (85998208)|VARIABLE_SCOPE_BEGIN|[81]|fieldname|String|false|false
00:52:48.0 (86010528)|VARIABLE_ASSIGNMENT|[81]|fieldname|"Project_Start_Date__ (1 more) ..."
00:52:48.0 (86017230)|STATEMENT_EXECUTE|[82]
00:52:48.0 (86021597)|HEAP_ALLOCATE|[82]|Bytes:22
00:52:48.0 (86027034)|HEAP_ALLOCATE|[82]|Bytes:422
00:52:48.0 (86034400)|VARIABLE_ASSIGNMENT|[82]|allfields|"Id,OwnerId,IsDeleted (402 more) ..."
00:52:48.0 (86047688)|HEAP_ALLOCATE|[81]|Bytes:5
00:52:48.0 (86057645)|HEAP_ALLOCATE|[81]|Bytes:19
00:52:48.0 (86064135)|VARIABLE_SCOPE_BEGIN|[81]|fieldname|String|false|false
00:52:48.0 (86075817)|VARIABLE_ASSIGNMENT|[81]|fieldname|"Project_End_Date__c"
00:52:48.0 (86081411)|STATEMENT_EXECUTE|[82]
00:52:48.0 (86085936)|HEAP_ALLOCATE|[82]|Bytes:20
00:52:48.0 (86092838)|HEAP_ALLOCATE|[82]|Bytes:442
00:52:48.0 (86101160)|VARIABLE_ASSIGNMENT|[82]|allfields|"Id,OwnerId,IsDeleted (422 more) ..."
00:52:48.0 (86114334)|HEAP_ALLOCATE|[81]|Bytes:5
00:52:48.0 (86124127)|HEAP_ALLOCATE|[81]|Bytes:8
00:52:48.0 (86130474)|VARIABLE_SCOPE_BEGIN|[81]|fieldname|String|false|false
00:52:48.0 (86142124)|VARIABLE_ASSIGNMENT|[81]|fieldname|"Units__c"
00:52:48.0 (86148067)|STATEMENT_EXECUTE|[82]
00:52:48.0 (86152854)|HEAP_ALLOCATE|[82]|Bytes:9
00:52:48.0 (86159681)|HEAP_ALLOCATE|[82]|Bytes:451
00:52:48.0 (86168021)|VARIABLE_ASSIGNMENT|[82]|allfields|"Id,OwnerId,IsDeleted (431 more) ..."
00:52:48.0 (86179645)|HEAP_ALLOCATE|[81]|Bytes:5
00:52:48.0 (86189046)|HEAP_ALLOCATE|[81]|Bytes:8
00:52:48.0 (86195531)|VARIABLE_SCOPE_BEGIN|[81]|fieldname|String|false|false
00:52:48.0 (86206908)|VARIABLE_ASSIGNMENT|[81]|fieldname|"Nodes__c"
00:52:48.0 (86212750)|STATEMENT_EXECUTE|[82]
00:52:48.0 (86217231)|HEAP_ALLOCATE|[82]|Bytes:9
00:52:48.0 (86223053)|HEAP_ALLOCATE|[82]|Bytes:460
00:52:48.0 (86231097)|VARIABLE_ASSIGNMENT|[82]|allfields|"Id,OwnerId,IsDeleted (440 more) ..."
00:52:48.0 (86243212)|HEAP_ALLOCATE|[81]|Bytes:5
00:52:48.0 (86252637)|HEAP_ALLOCATE|[81]|Bytes:10
00:52:48.0 (86258643)|VARIABLE_SCOPE_BEGIN|[81]|fieldname|String|false|false
00:52:48.0 (86271046)|VARIABLE_ASSIGNMENT|[81]|fieldname|"Footage__c"
00:52:48.0 (86276719)|STATEMENT_EXECUTE|[82]
00:52:48.0 (86280906)|HEAP_ALLOCATE|[82]|Bytes:11
00:52:48.0 (86287720)|HEAP_ALLOCATE|[82]|Bytes:471
00:52:48.0 (86296050)|VARIABLE_ASSIGNMENT|[82]|allfields|"Id,OwnerId,IsDeleted (451 more) ..."
00:52:48.0 (86308631)|HEAP_ALLOCATE|[81]|Bytes:5
00:52:48.0 (86318133)|HEAP_ALLOCATE|[81]|Bytes:8
00:52:48.0 (86325126)|VARIABLE_SCOPE_BEGIN|[81]|fieldname|String|false|false
00:52:48.0 (86335987)|VARIABLE_ASSIGNMENT|[81]|fieldname|"Miles__c"
00:52:48.0 (86341938)|STATEMENT_EXECUTE|[82]
00:52:48.0 (86346302)|HEAP_ALLOCATE|[82]|Bytes:9
00:52:48.0 (86352819)|HEAP_ALLOCATE|[82]|Bytes:480
00:52:48.0 (86361337)|VARIABLE_ASSIGNMENT|[82]|allfields|"Id,OwnerId,IsDeleted (460 more) ..."
00:52:48.0 (86374170)|HEAP_ALLOCATE|[81]|Bytes:5
00:52:48.0 (86383884)|HEAP_ALLOCATE|[81]|Bytes:7
00:52:48.0 (86390290)|VARIABLE_SCOPE_BEGIN|[81]|fieldname|String|false|false
00:52:48.0 (86401890)|VARIABLE_ASSIGNMENT|[81]|fieldname|"Jobs__c"
00:52:48.0 (86407339)|STATEMENT_EXECUTE|[82]
00:52:48.0 (86411342)|HEAP_ALLOCATE|[82]|Bytes:8
00:52:48.0 (86417493)|HEAP_ALLOCATE|[82]|Bytes:488
00:52:48.0 (86424875)|VARIABLE_ASSIGNMENT|[82]|allfields|"Id,OwnerId,IsDeleted (468 more) ..."
00:52:48.0 (86436001)|HEAP_ALLOCATE|[81]|Bytes:5
00:52:48.0 (86444737)|HEAP_ALLOCATE|[81]|Bytes:8
00:52:48.0 (86450345)|VARIABLE_SCOPE_BEGIN|[81]|fieldname|String|false|false
00:52:48.0 (86460891)|VARIABLE_ASSIGNMENT|[81]|fieldname|"Hours__c"
00:52:48.0 (86466601)|STATEMENT_EXECUTE|[82]
00:52:48.0 (86470441)|HEAP_ALLOCATE|[82]|Bytes:9
00:52:48.0 (86476554)|HEAP_ALLOCATE|[82]|Bytes:497
00:52:48.0 (86484269)|VARIABLE_ASSIGNMENT|[82]|allfields|"Id,OwnerId,IsDeleted (477 more) ..."
00:52:48.0 (86496909)|HEAP_ALLOCATE|[81]|Bytes:5
00:52:48.0 (86505519)|HEAP_ALLOCATE|[81]|Bytes:7
00:52:48.0 (86511612)|VARIABLE_SCOPE_BEGIN|[81]|fieldname|String|false|false
00:52:48.0 (86522905)|VARIABLE_ASSIGNMENT|[81]|fieldname|"Team__c"
00:52:48.0 (86529263)|STATEMENT_EXECUTE|[82]
00:52:48.0 (86533496)|HEAP_ALLOCATE|[82]|Bytes:8
00:52:48.0 (86539705)|HEAP_ALLOCATE|[82]|Bytes:505
00:52:48.0 (86545468)|VARIABLE_ASSIGNMENT|[82]|allfields|"Id,OwnerId,IsDeleted (485 more) ..."
00:52:48.0 (86553324)|HEAP_ALLOCATE|[81]|Bytes:5
00:52:48.0 (86559819)|VARIABLE_ASSIGNMENT|[81]|fieldname|null
00:52:48.0 (86563858)|STATEMENT_EXECUTE|[84]
00:52:48.0 (86622811)|HEAP_ALLOCATE|[84]|Bytes:504
00:52:48.0 (86633029)|VARIABLE_ASSIGNMENT|[84]|allfields|"Id,OwnerId,IsDeleted (484 more) ..."
00:52:48.0 (86637803)|STATEMENT_EXECUTE|[86]
00:52:48.0 (86649950)|METHOD_EXIT|[19]|01p7F00000HhQR4|PM_Job_New_Controller.getAllFields(String)
00:52:48.0 (86657083)|HEAP_ALLOCATE|[19]|Bytes:10
00:52:48.0 (86666712)|HEAP_ALLOCATE|[19]|Bytes:521
00:52:48.0 (87425304)|EXCEPTION_THROWN|[19]|System.QueryException: No such column 'Name' on entity 'Task'. If you are attempting to use a custom field, be sure to append the '__c' after the custom field name. Please reference your WSDL or the describe call for the appropriate names.
00:52:48.0 (87508841)|HEAP_ALLOCATE|[19]|Bytes:220
00:52:48.0 (87526308)|SYSTEM_MODE_EXIT|false
00:52:48.0 (87595745)|FATAL_ERROR|System.QueryException: No such column 'Name' on entity 'Task'. If you are attempting to use a custom field, be sure to append the '__c' after the custom field name. Please reference your WSDL or the describe call for the appropriate names.

Class.PM_Job_New_Controller.<init>: line 19, column 1
