36.0 APEX_CODE,FINEST;APEX_PROFILING,INFO;CALLOUT,INFO;DB,INFO;SYSTEM,DEBUG;VALIDATION,INFO;VISUALFORCE,INFO;WAVE,INFO;WORKFLOW,INFO
03:19:45.0 (295871)|USER_INFO|[EXTERNAL]|0057F000000Tiz6|ksb994@salesforce.com|Pacific Standard Time|GMT-08:00
03:19:45.0 (326554)|EXECUTION_STARTED
03:19:45.0 (329702)|CODE_UNIT_STARTED|[EXTERNAL]|0667F000004uJm5|VF: /apex/PM_Project_New
03:19:45.3 (3455608)|SYSTEM_MODE_ENTER|true
03:19:45.3 (3562847)|HEAP_ALLOCATE|[72]|Bytes:3
03:19:45.3 (3603468)|HEAP_ALLOCATE|[77]|Bytes:152
03:19:45.3 (3619735)|HEAP_ALLOCATE|[342]|Bytes:408
03:19:45.3 (3634363)|HEAP_ALLOCATE|[355]|Bytes:408
03:19:45.3 (3646283)|HEAP_ALLOCATE|[467]|Bytes:48
03:19:45.3 (3903058)|SYSTEM_MODE_ENTER|true
03:19:45.3 (3950135)|HEAP_ALLOCATE|[EXTERNAL]|Bytes:8
03:19:45.3 (3957105)|VARIABLE_SCOPE_BEGIN|[88]|this|ApexPage.PageMessagesComponentController|true|false
03:19:45.3 (3990063)|VARIABLE_ASSIGNMENT|[88]|this|{}|0x76d601fc
03:19:45.3 (3996288)|VARIABLE_SCOPE_BEGIN|[88]|escape|Boolean|false|false
03:19:45.3 (4003020)|VARIABLE_ASSIGNMENT|[88]|escape|null
03:19:45.4 (4139893)|SYSTEM_MODE_ENTER|true
03:19:45.4 (4168629)|HEAP_ALLOCATE|[EXTERNAL]|Bytes:8
03:19:45.4 (4174464)|VARIABLE_SCOPE_BEGIN|[2]|this|ApexPage.PageMessagesComponentController|true|false
03:19:45.4 (4190822)|VARIABLE_ASSIGNMENT|[2]|this|{}|0x76d601fc
03:19:45.0 (5142085)|SYSTEM_MODE_ENTER|true
03:19:45.0 (5352261)|HEAP_ALLOCATE|[EXTERNAL]|Bytes:92
03:19:45.0 (5360598)|HEAP_ALLOCATE|[EXTERNAL]|Bytes:13
03:19:45.0 (5400605)|METHOD_ENTRY|[1]|01p7F00000EhPEd|Project_PM_Controller.Project_PM_Controller()
03:19:45.0 (5406049)|STATEMENT_EXECUTE|[1]
03:19:45.0 (5409507)|STATEMENT_EXECUTE|[1]
03:19:45.0 (5421169)|SYSTEM_MODE_ENTER|false
03:19:45.0 (5428535)|HEAP_ALLOCATE|[EXTERNAL]|Bytes:5
03:19:45.0 (5437468)|SYSTEM_MODE_EXIT|false
03:19:45.0 (5444024)|METHOD_EXIT|[1]|Project_PM_Controller
03:19:45.0 (5484678)|HEAP_ALLOCATE|[EXTERNAL]|Bytes:24
03:19:45.0 (5555991)|VARIABLE_SCOPE_BEGIN|[10]|this|Project_PM_Controller|true|false
03:19:45.0 (5591499)|VARIABLE_ASSIGNMENT|[10]|this|{}|0x320215de
03:19:45.0 (5598163)|VARIABLE_SCOPE_BEGIN|[10]|stdController|ApexPages.StandardController|true|false
03:19:45.0 (5775305)|VARIABLE_ASSIGNMENT|[10]|stdController|"StandardController [null]"|0x596e66f4
03:19:45.0 (5793479)|SYSTEM_MODE_ENTER|false
03:19:45.0 (5800534)|HEAP_ALLOCATE|[6]|Bytes:5
03:19:45.0 (5804905)|STATEMENT_EXECUTE|[1]
03:19:45.0 (5808908)|HEAP_ALLOCATE|[6]|Bytes:5
03:19:45.0 (5811375)|STATEMENT_EXECUTE|[2]
03:19:45.0 (5812415)|STATEMENT_EXECUTE|[3]
03:19:45.0 (5813197)|STATEMENT_EXECUTE|[5]
03:19:45.0 (5814345)|STATEMENT_EXECUTE|[6]
03:19:45.0 (5826180)|HEAP_ALLOCATE|[6]|Bytes:4
03:19:45.0 (5868122)|HEAP_ALLOCATE|[EXTERNAL]|Bytes:4
03:19:45.0 (5879422)|VARIABLE_ASSIGNMENT|[6]|this.usersList|[]|0x320215de
03:19:45.0 (5884583)|STATEMENT_EXECUTE|[8]
03:19:45.0 (5888979)|HEAP_ALLOCATE|[8]|Bytes:4
03:19:45.0 (5895733)|VARIABLE_ASSIGNMENT|[8]|this.saveAndNew|1|0x320215de
03:19:45.0 (5912921)|STATEMENT_EXECUTE|[10]
03:19:45.0 (5914246)|STATEMENT_EXECUTE|[11]
03:19:45.0 (5987784)|VARIABLE_ASSIGNMENT|[11]|this.controller|"StandardController [null]"|0x320215de
03:19:45.0 (5994408)|STATEMENT_EXECUTE|[12]
03:19:45.0 (6090874)|HEAP_ALLOCATE|[12]|Bytes:4
03:19:45.0 (6115568)|VARIABLE_ASSIGNMENT|[12]|this.project|{}|0x320215de
03:19:45.0 (6121226)|STATEMENT_EXECUTE|[13]
03:19:45.0 (6129630)|HEAP_ALLOCATE|[13]|Bytes:4
03:19:45.0 (6260103)|VARIABLE_ASSIGNMENT|[EXTERNAL]|this|{"controller":"StandardController [[Project__c (]]","project":"0x48fe39b5","saveAndNew":1,"usersList":"0x3bee2175"}|0x320215de
03:19:45.0 (6282590)|HEAP_ALLOCATE|[EXTERNAL]|Bytes:4
03:19:45.0 (6290084)|VARIABLE_ASSIGNMENT|[EXTERNAL]|value|[]|0x119db93a
03:19:45.0 (6300436)|VARIABLE_ASSIGNMENT|[5]|this.selectedUsers|[]|0x320215de
03:19:45.0 (6312250)|SYSTEM_MODE_EXIT|false
03:19:45.0 (10121678)|SYSTEM_MODE_ENTER|true
03:19:45.0 (10155553)|HEAP_ALLOCATE|[EXTERNAL]|Bytes:164
03:19:45.0 (10162396)|HEAP_ALLOCATE|[EXTERNAL]|Bytes:12
03:19:45.0 (10169693)|METHOD_ENTRY|[5]|01p7F00000Ehg8E|MultiselectController.MultiselectController()
03:19:45.0 (10174547)|STATEMENT_EXECUTE|[5]
03:19:45.0 (10177911)|STATEMENT_EXECUTE|[5]
03:19:45.0 (10185691)|SYSTEM_MODE_ENTER|false
03:19:45.0 (10192342)|HEAP_ALLOCATE|[EXTERNAL]|Bytes:5
03:19:45.0 (10198760)|SYSTEM_MODE_EXIT|false
03:19:45.0 (10205262)|METHOD_EXIT|[5]|MultiselectController
03:19:45.0 (10217820)|HEAP_ALLOCATE|[EXTERNAL]|Bytes:20
03:19:45.0 (10223916)|VARIABLE_SCOPE_BEGIN|[5]|this|MultiselectController|true|false
03:19:45.0 (10246308)|VARIABLE_ASSIGNMENT|[5]|this|{}|0x2daf9882
03:19:45.0 (10259019)|SYSTEM_MODE_ENTER|false
03:19:45.0 (10266458)|HEAP_ALLOCATE|[EXTERNAL]|Bytes:5
03:19:45.0 (10282454)|SYSTEM_MODE_EXIT|false
03:19:45.0 (10286145)|STATEMENT_EXECUTE|[5]
03:19:45.0 (10291322)|SYSTEM_MODE_ENTER|false
03:19:45.0 (10295160)|HEAP_ALLOCATE|[EXTERNAL]|Bytes:5
03:19:45.0 (10298114)|STATEMENT_EXECUTE|[7]
03:19:45.0 (10299036)|STATEMENT_EXECUTE|[8]
03:19:45.0 (10299966)|STATEMENT_EXECUTE|[23]
03:19:45.0 (10301030)|STATEMENT_EXECUTE|[31]
03:19:45.0 (10302614)|SYSTEM_MODE_EXIT|false
03:19:45.0 (10404366)|SYSTEM_MODE_ENTER|true
03:19:45.0 (10433425)|HEAP_ALLOCATE|[EXTERNAL]|Bytes:24
03:19:45.0 (10511715)|VARIABLE_SCOPE_BEGIN|[16]|this|Project_PM_Controller|true|false
03:19:45.0 (10634625)|VARIABLE_ASSIGNMENT|[16]|this|{"controller":"StandardController [[Project__c (]]","project":"0x48fe39b5","saveAndNew":1,"selectedUsers":"0x119db93a","usersList":"0x3bee2175"}|0x320215de
03:19:45.0 (10654745)|SYSTEM_MODE_ENTER|false
03:19:45.0 (10661782)|HEAP_ALLOCATE|[17]|Bytes:5
03:19:45.0 (10666172)|STATEMENT_EXECUTE|[16]
03:19:45.0 (10667394)|STATEMENT_EXECUTE|[17]
03:19:45.0 (10670028)|HEAP_ALLOCATE|[17]|Bytes:62
03:19:45.0 (10687467)|HEAP_ALLOCATE|[17]|Bytes:4
03:19:45.0 (10893011)|SOQL_EXECUTE_BEGIN|[17]|Aggregations:0|SELECT Id, Name FROM User WHERE UserRoleId = '00E7F000000Mdri'
03:19:45.0 (15556287)|SOQL_EXECUTE_END|[17]|Rows:6
03:19:45.0 (15576723)|HEAP_ALLOCATE|[17]|Bytes:28
03:19:45.0 (15597230)|HEAP_ALLOCATE|[17]|Bytes:271
03:19:45.0 (15654640)|HEAP_ALLOCATE|[17]|Bytes:28
03:19:45.0 (15666358)|VARIABLE_SCOPE_BEGIN|[17]|users|List<User>|true|false
03:19:45.0 (15682562)|VARIABLE_ASSIGNMENT|[17]|users|"List of size 6 too large to display"|0x7b7807d
03:19:45.0 (15822193)|HEAP_ALLOCATE|[18]|Bytes:5
03:19:45.0 (15839553)|HEAP_ALLOCATE|[18]|Bytes:12
03:19:45.0 (15848327)|VARIABLE_SCOPE_BEGIN|[18]|usr|User|true|false
03:19:45.0 (15863659)|VARIABLE_ASSIGNMENT|[18]|usr|{"Id":"0057F000000TpdFQAS","Name":"Mani Sasank"}|0x5fa6dbf1
03:19:45.0 (15870599)|STATEMENT_EXECUTE|[18]
03:19:45.0 (15871838)|STATEMENT_EXECUTE|[19]
03:19:45.0 (15911884)|HEAP_ALLOCATE|[19]|Bytes:18
03:19:45.0 (15972499)|HEAP_ALLOCATE|[EXTERNAL]|Bytes:4
03:19:45.0 (15987139)|HEAP_ALLOCATE|[18]|Bytes:5
03:19:45.0 (15996972)|HEAP_ALLOCATE|[18]|Bytes:12
03:19:45.0 (16002108)|VARIABLE_SCOPE_BEGIN|[18]|usr|User|true|false
03:19:45.0 (16015332)|VARIABLE_ASSIGNMENT|[18]|usr|{"Id":"0057F000000TrBBQA0","Name":"Santhosh"}|0x58a6a26c
03:19:45.0 (16020967)|STATEMENT_EXECUTE|[18]
03:19:45.0 (16022236)|STATEMENT_EXECUTE|[19]
03:19:45.0 (16030584)|HEAP_ALLOCATE|[19]|Bytes:18
03:19:45.0 (16042754)|HEAP_ALLOCATE|[EXTERNAL]|Bytes:4
03:19:45.0 (16052253)|HEAP_ALLOCATE|[18]|Bytes:5
03:19:45.0 (16058621)|HEAP_ALLOCATE|[18]|Bytes:12
03:19:45.0 (16063355)|VARIABLE_SCOPE_BEGIN|[18]|usr|User|true|false
03:19:45.0 (16073331)|VARIABLE_ASSIGNMENT|[18]|usr|{"Id":"0057F000000TrBGQA0","Name":"Ravi teja"}|0x6a9b3b25
03:19:45.0 (16078319)|STATEMENT_EXECUTE|[18]
03:19:45.0 (16079259)|STATEMENT_EXECUTE|[19]
03:19:45.0 (16084635)|HEAP_ALLOCATE|[19]|Bytes:18
03:19:45.0 (16093167)|HEAP_ALLOCATE|[EXTERNAL]|Bytes:4
03:19:45.0 (16100853)|HEAP_ALLOCATE|[18]|Bytes:5
03:19:45.0 (16107258)|HEAP_ALLOCATE|[18]|Bytes:12
03:19:45.0 (16111382)|VARIABLE_SCOPE_BEGIN|[18]|usr|User|true|false
03:19:45.0 (16120248)|VARIABLE_ASSIGNMENT|[18]|usr|{"Id":"0057F000000TrBVQA0","Name":"Yashwanth"}|0x37d099bc
03:19:45.0 (16125312)|STATEMENT_EXECUTE|[18]
03:19:45.0 (16126507)|STATEMENT_EXECUTE|[19]
03:19:45.0 (16131142)|HEAP_ALLOCATE|[19]|Bytes:18
03:19:45.0 (16139286)|HEAP_ALLOCATE|[EXTERNAL]|Bytes:4
03:19:45.0 (16146759)|HEAP_ALLOCATE|[18]|Bytes:5
03:19:45.0 (16155977)|HEAP_ALLOCATE|[18]|Bytes:12
03:19:45.0 (16160339)|VARIABLE_SCOPE_BEGIN|[18]|usr|User|true|false
03:19:45.0 (16169867)|VARIABLE_ASSIGNMENT|[18]|usr|{"Id":"0057F000000Tz0iQAC","Name":"Richa"}|0x5ec0b5e4
03:19:45.0 (16174237)|STATEMENT_EXECUTE|[18]
03:19:45.0 (16175205)|STATEMENT_EXECUTE|[19]
03:19:45.0 (16179791)|HEAP_ALLOCATE|[19]|Bytes:18
03:19:45.0 (16188302)|HEAP_ALLOCATE|[EXTERNAL]|Bytes:4
03:19:45.0 (16196116)|HEAP_ALLOCATE|[18]|Bytes:5
03:19:45.0 (16202156)|HEAP_ALLOCATE|[18]|Bytes:12
03:19:45.0 (16206204)|VARIABLE_SCOPE_BEGIN|[18]|usr|User|true|false
03:19:45.0 (16215272)|VARIABLE_ASSIGNMENT|[18]|usr|{"Id":"0057F000000Tz0sQAC","Name":"Veeresh"}|0x3318c992
03:19:45.0 (16220130)|STATEMENT_EXECUTE|[18]
03:19:45.0 (16221059)|STATEMENT_EXECUTE|[19]
03:19:45.0 (16225393)|HEAP_ALLOCATE|[19]|Bytes:18
03:19:45.0 (16233679)|HEAP_ALLOCATE|[EXTERNAL]|Bytes:4
03:19:45.0 (16241265)|HEAP_ALLOCATE|[18]|Bytes:5
03:19:45.0 (16248332)|VARIABLE_ASSIGNMENT|[18]|usr|null|
03:19:45.0 (16252462)|STATEMENT_EXECUTE|[21]
03:19:45.0 (16257712)|SYSTEM_MODE_EXIT|false
03:19:45.0 (16347175)|SYSTEM_MODE_ENTER|true
03:19:45.0 (16402660)|HEAP_ALLOCATE|[EXTERNAL]|Bytes:28
03:19:45.0 (16407399)|HEAP_ALLOCATE|[EXTERNAL]|Bytes:20
03:19:45.0 (16417917)|VARIABLE_ASSIGNMENT|[EXTERNAL]|this.leftOptions|"List of size 6 too large to display"|0x2daf9882
03:19:45.0 (16496679)|SYSTEM_MODE_ENTER|true
03:19:45.0 (16547885)|SYSTEM_MODE_ENTER|true
03:19:45.0 (16577956)|HEAP_ALLOCATE|[EXTERNAL]|Bytes:4
03:19:45.0 (16582273)|HEAP_ALLOCATE|[EXTERNAL]|Bytes:20
03:19:45.0 (16590958)|VARIABLE_ASSIGNMENT|[EXTERNAL]|this.rightOptions|[]|0x2daf9882
03:19:45.0 (16682800)|SYSTEM_MODE_ENTER|true
03:19:45.0 (16869088)|SYSTEM_MODE_ENTER|true
03:19:45.30 (30290156)|SYSTEM_MODE_ENTER|true
03:19:45.30 (30344912)|HEAP_ALLOCATE|[EXTERNAL]|Bytes:8
03:19:45.30 (30353876)|VARIABLE_SCOPE_BEGIN|[88]|this|ApexPage.PageMessagesComponentController|true|false
03:19:45.30 (30386581)|VARIABLE_ASSIGNMENT|[88]|this|{}|0x76d601fc
03:19:45.30 (30393329)|VARIABLE_SCOPE_BEGIN|[88]|escape|Boolean|false|false
03:19:45.30 (30400647)|VARIABLE_ASSIGNMENT|[88]|escape|null
03:19:45.30 (30512916)|SYSTEM_MODE_ENTER|true
03:19:45.30 (30539925)|HEAP_ALLOCATE|[EXTERNAL]|Bytes:8
03:19:45.30 (30545786)|VARIABLE_SCOPE_BEGIN|[2]|this|ApexPage.PageMessagesComponentController|true|false
03:19:45.30 (30562928)|VARIABLE_ASSIGNMENT|[2]|this|{}|0x76d601fc
03:19:45.0 (35656731)|SYSTEM_MODE_ENTER|true
03:19:45.0 (35704582)|HEAP_ALLOCATE|[EXTERNAL]|Bytes:28
03:19:45.0 (35711033)|HEAP_ALLOCATE|[EXTERNAL]|Bytes:20
03:19:45.0 (35723339)|VARIABLE_ASSIGNMENT|[EXTERNAL]|this.leftOptions|"List of size 6 too large to display"|0x2daf9882
03:19:45.0 (35786230)|SYSTEM_MODE_ENTER|true
03:19:45.0 (35810810)|HEAP_ALLOCATE|[EXTERNAL]|Bytes:4
03:19:45.0 (35814851)|HEAP_ALLOCATE|[EXTERNAL]|Bytes:20
03:19:45.0 (35822779)|VARIABLE_ASSIGNMENT|[EXTERNAL]|this.rightOptions|[]|0x2daf9882
03:19:45.0 (36333805)|SYSTEM_MODE_ENTER|true
03:19:45.0 (38537708)|SYSTEM_MODE_ENTER|true
03:19:45.0 (39188600)|SYSTEM_MODE_ENTER|true
03:19:45.0 (39270899)|SYSTEM_MODE_ENTER|true
03:19:45.0 (44026880)|VF_SERIALIZE_VIEWSTATE_BEGIN|0667F000004uJm5
03:19:45.0 (47314689)|VF_SERIALIZE_VIEWSTATE_END
03:19:45.49 (49585172)|CUMULATIVE_LIMIT_USAGE
03:19:45.49 (49585172)|LIMIT_USAGE_FOR_NS|(default)|
  Number of SOQL queries: 1 out of 100
  Number of query rows: 6 out of 50000
  Number of SOSL queries: 0 out of 20
  Number of DML statements: 0 out of 150
  Number of DML rows: 0 out of 10000
  Maximum CPU time: 0 out of 10000
  Maximum heap size: 0 out of 6000000
  Number of callouts: 0 out of 100
  Number of Email Invocations: 0 out of 10
  Number of future calls: 0 out of 50
  Number of queueable jobs added to the queue: 0 out of 50
  Number of Mobile Apex push calls: 0 out of 10

03:19:45.49 (49585172)|CUMULATIVE_LIMIT_USAGE_END

03:19:45.0 (49621657)|CODE_UNIT_FINISHED|VF: /apex/PM_Project_New
03:19:45.0 (50367256)|EXECUTION_FINISHED
