36.0 APEX_CODE,FINEST;APEX_PROFILING,INFO;CALLOUT,INFO;DB,INFO;SYSTEM,DEBUG;VALIDATION,INFO;VISUALFORCE,INFO;WAVE,INFO;WORKFLOW,INFO
02:38:35.0 (54364)|USER_INFO|[EXTERNAL]|0057F000000Tiz6|ksb994@salesforce.com|Pacific Standard Time|GMT-08:00
02:38:35.0 (85760)|EXECUTION_STARTED
02:38:35.0 (89229)|CODE_UNIT_STARTED|[EXTERNAL]|0667F000004uJm5|VF: /apex/PM_Project_New
02:38:35.0 (224811)|VF_DESERIALIZE_VIEWSTATE_BEGIN|0667F000004uJm5
02:38:35.0 (6769750)|HEAP_ALLOCATE|[72]|Bytes:3
02:38:35.0 (6809903)|HEAP_ALLOCATE|[77]|Bytes:152
02:38:35.0 (6823426)|HEAP_ALLOCATE|[342]|Bytes:408
02:38:35.0 (6837877)|HEAP_ALLOCATE|[355]|Bytes:408
02:38:35.0 (6851944)|HEAP_ALLOCATE|[467]|Bytes:48
02:38:35.0 (6878464)|HEAP_ALLOCATE|[139]|Bytes:6
02:38:35.0 (10823034)|VF_DESERIALIZE_VIEWSTATE_END
02:38:35.13 (13771123)|SYSTEM_MODE_ENTER|true
02:38:35.13 (13830649)|HEAP_ALLOCATE|[EXTERNAL]|Bytes:38
02:38:35.13 (13839649)|HEAP_ALLOCATE|[EXTERNAL]|Bytes:7
02:38:35.13 (13848578)|SYSTEM_METHOD_ENTRY|[1]|PageMessagesComponentController.PageMessagesComponentController()
02:38:35.13 (13853059)|STATEMENT_EXECUTE|[1]
02:38:35.14 (14675023)|SYSTEM_MODE_ENTER|true
02:38:35.14 (14722553)|HEAP_ALLOCATE|[EXTERNAL]|Bytes:8
02:38:35.14 (14730547)|VARIABLE_SCOPE_BEGIN|[88]|this|ApexPage.PageMessagesComponentController|true|false
02:38:35.14 (14765135)|VARIABLE_ASSIGNMENT|[88]|this|{}|0x1b99c5a8
02:38:35.14 (14772108)|VARIABLE_SCOPE_BEGIN|[88]|escape|Boolean|false|false
02:38:35.14 (14780295)|VARIABLE_ASSIGNMENT|[88]|escape|null
02:38:35.0 (28072679)|SYSTEM_MODE_ENTER|true
02:38:35.0 (28101099)|HEAP_ALLOCATE|[EXTERNAL]|Bytes:164
02:38:35.0 (28109391)|HEAP_ALLOCATE|[EXTERNAL]|Bytes:12
02:38:35.0 (28116729)|METHOD_ENTRY|[5]|01p7F00000Ehg8E|MultiselectController.MultiselectController()
02:38:35.0 (28121567)|STATEMENT_EXECUTE|[5]
02:38:35.0 (28125503)|STATEMENT_EXECUTE|[5]
02:38:35.0 (28137264)|SYSTEM_MODE_ENTER|false
02:38:35.0 (28144609)|HEAP_ALLOCATE|[EXTERNAL]|Bytes:5
02:38:35.0 (28152305)|SYSTEM_MODE_EXIT|false
02:38:35.0 (28159337)|METHOD_EXIT|[5]|MultiselectController
02:38:35.0 (28297201)|SYSTEM_MODE_ENTER|true
02:38:35.0 (28551830)|SYSTEM_MODE_ENTER|true
02:38:35.0 (28766605)|HEAP_ALLOCATE|[EXTERNAL]|Bytes:92
02:38:35.0 (28776047)|HEAP_ALLOCATE|[EXTERNAL]|Bytes:13
02:38:35.0 (28783650)|METHOD_ENTRY|[1]|01p7F00000EhPEd|Project_PM_Controller.Project_PM_Controller()
02:38:35.0 (28788024)|STATEMENT_EXECUTE|[1]
02:38:35.0 (28790843)|STATEMENT_EXECUTE|[1]
02:38:35.0 (28802565)|SYSTEM_MODE_ENTER|false
02:38:35.0 (28809333)|HEAP_ALLOCATE|[EXTERNAL]|Bytes:5
02:38:35.0 (28815543)|SYSTEM_MODE_EXIT|false
02:38:35.0 (28821103)|METHOD_EXIT|[1]|Project_PM_Controller
02:38:35.0 (28831054)|HEAP_ALLOCATE|[EXTERNAL]|Bytes:24
02:38:35.0 (28837535)|VARIABLE_SCOPE_BEGIN|[16]|this|Project_PM_Controller|true|false
02:38:35.0 (29041860)|VARIABLE_ASSIGNMENT|[16]|this|{"controller":"StandardController [[Project__c (]]","project":"0x223ba0e9","saveAndNew":1,"selectedUsers":"0x49b41b3a","usersList":"0x295637a8"}|0xa0d06fe
02:38:35.0 (29067332)|SYSTEM_MODE_ENTER|false
02:38:35.0 (29074440)|HEAP_ALLOCATE|[17]|Bytes:5
02:38:35.0 (29079283)|STATEMENT_EXECUTE|[16]
02:38:35.0 (29080685)|STATEMENT_EXECUTE|[17]
02:38:35.0 (29083161)|HEAP_ALLOCATE|[17]|Bytes:62
02:38:35.0 (29099752)|HEAP_ALLOCATE|[17]|Bytes:4
02:38:35.0 (29893327)|SOQL_EXECUTE_BEGIN|[17]|Aggregations:0|SELECT Id, Name FROM User WHERE UserRoleId = '00E7F000000Mdri'
02:38:35.0 (34088495)|SOQL_EXECUTE_END|[17]|Rows:6
02:38:35.0 (34108389)|HEAP_ALLOCATE|[17]|Bytes:28
02:38:35.0 (34129210)|HEAP_ALLOCATE|[17]|Bytes:271
02:38:35.0 (34197132)|HEAP_ALLOCATE|[17]|Bytes:28
02:38:35.0 (34210441)|VARIABLE_SCOPE_BEGIN|[17]|users|List<User>|true|false
02:38:35.0 (34227232)|VARIABLE_ASSIGNMENT|[17]|users|"List of size 6 too large to display"|0x626af75f
02:38:35.0 (34373950)|HEAP_ALLOCATE|[18]|Bytes:5
02:38:35.0 (34392744)|HEAP_ALLOCATE|[18]|Bytes:12
02:38:35.0 (34402093)|VARIABLE_SCOPE_BEGIN|[18]|usr|User|true|false
02:38:35.0 (34419109)|VARIABLE_ASSIGNMENT|[18]|usr|{"Id":"0057F000000TpdFQAS","Name":"Mani Sasank"}|0x37633f60
02:38:35.0 (34426371)|STATEMENT_EXECUTE|[18]
02:38:35.0 (34427798)|STATEMENT_EXECUTE|[19]
02:38:35.0 (34471445)|HEAP_ALLOCATE|[19]|Bytes:18
02:38:35.0 (34536764)|HEAP_ALLOCATE|[EXTERNAL]|Bytes:4
02:38:35.0 (34553840)|HEAP_ALLOCATE|[18]|Bytes:5
02:38:35.0 (34564233)|HEAP_ALLOCATE|[18]|Bytes:12
02:38:35.0 (34569969)|VARIABLE_SCOPE_BEGIN|[18]|usr|User|true|false
02:38:35.0 (34583900)|VARIABLE_ASSIGNMENT|[18]|usr|{"Id":"0057F000000TrBBQA0","Name":"Santhosh"}|0x2d8afe5e
02:38:35.0 (34589788)|STATEMENT_EXECUTE|[18]
02:38:35.0 (34591061)|STATEMENT_EXECUTE|[19]
02:38:35.0 (34601336)|HEAP_ALLOCATE|[19]|Bytes:18
02:38:35.0 (34614618)|HEAP_ALLOCATE|[EXTERNAL]|Bytes:4
02:38:35.0 (34624865)|HEAP_ALLOCATE|[18]|Bytes:5
02:38:35.0 (34632516)|HEAP_ALLOCATE|[18]|Bytes:12
02:38:35.0 (34637233)|VARIABLE_SCOPE_BEGIN|[18]|usr|User|true|false
02:38:35.0 (34648416)|VARIABLE_ASSIGNMENT|[18]|usr|{"Id":"0057F000000TrBGQA0","Name":"Ravi teja"}|0x1b6d262d
02:38:35.0 (34653717)|STATEMENT_EXECUTE|[18]
02:38:35.0 (34654833)|STATEMENT_EXECUTE|[19]
02:38:35.0 (34661406)|HEAP_ALLOCATE|[19]|Bytes:18
02:38:35.0 (34670973)|HEAP_ALLOCATE|[EXTERNAL]|Bytes:4
02:38:35.0 (34679446)|HEAP_ALLOCATE|[18]|Bytes:5
02:38:35.0 (34686616)|HEAP_ALLOCATE|[18]|Bytes:12
02:38:35.0 (34691222)|VARIABLE_SCOPE_BEGIN|[18]|usr|User|true|false
02:38:35.0 (34701813)|VARIABLE_ASSIGNMENT|[18]|usr|{"Id":"0057F000000TrBVQA0","Name":"Yashwanth"}|0x565c5750
02:38:35.0 (34706686)|STATEMENT_EXECUTE|[18]
02:38:35.0 (34707742)|STATEMENT_EXECUTE|[19]
02:38:35.0 (34713425)|HEAP_ALLOCATE|[19]|Bytes:18
02:38:35.0 (34722534)|HEAP_ALLOCATE|[EXTERNAL]|Bytes:4
02:38:35.0 (34730660)|HEAP_ALLOCATE|[18]|Bytes:5
02:38:35.0 (34737198)|HEAP_ALLOCATE|[18]|Bytes:12
02:38:35.0 (34741652)|VARIABLE_SCOPE_BEGIN|[18]|usr|User|true|false
02:38:35.0 (34751612)|VARIABLE_ASSIGNMENT|[18]|usr|{"Id":"0057F000000Tz0iQAC","Name":"Richa"}|0x78eafac4
02:38:35.0 (34756485)|STATEMENT_EXECUTE|[18]
02:38:35.0 (34757926)|STATEMENT_EXECUTE|[19]
02:38:35.0 (34763092)|HEAP_ALLOCATE|[19]|Bytes:18
02:38:35.0 (34771620)|HEAP_ALLOCATE|[EXTERNAL]|Bytes:4
02:38:35.0 (34779297)|HEAP_ALLOCATE|[18]|Bytes:5
02:38:35.0 (34785673)|HEAP_ALLOCATE|[18]|Bytes:12
02:38:35.0 (34790152)|VARIABLE_SCOPE_BEGIN|[18]|usr|User|true|false
02:38:35.0 (34799395)|VARIABLE_ASSIGNMENT|[18]|usr|{"Id":"0057F000000Tz0sQAC","Name":"Veeresh"}|0x2688389
02:38:35.0 (34804207)|STATEMENT_EXECUTE|[18]
02:38:35.0 (34805295)|STATEMENT_EXECUTE|[19]
02:38:35.0 (34810364)|HEAP_ALLOCATE|[19]|Bytes:18
02:38:35.0 (34818688)|HEAP_ALLOCATE|[EXTERNAL]|Bytes:4
02:38:35.0 (34826637)|HEAP_ALLOCATE|[18]|Bytes:5
02:38:35.0 (34834372)|VARIABLE_ASSIGNMENT|[18]|usr|null|
02:38:35.0 (34838855)|STATEMENT_EXECUTE|[21]
02:38:35.0 (34845942)|SYSTEM_MODE_EXIT|false
02:38:35.0 (34945833)|SYSTEM_MODE_ENTER|true
02:38:35.0 (34998230)|HEAP_ALLOCATE|[EXTERNAL]|Bytes:52
02:38:35.0 (35004047)|HEAP_ALLOCATE|[EXTERNAL]|Bytes:20
02:38:35.0 (35016986)|VARIABLE_ASSIGNMENT|[EXTERNAL]|this.leftOptions|"List of size 12 too large to display"|0x724588fc
02:38:35.0 (35101619)|SYSTEM_MODE_ENTER|true
02:38:35.0 (35159665)|SYSTEM_MODE_ENTER|true
02:38:35.0 (35194513)|HEAP_ALLOCATE|[EXTERNAL]|Bytes:4
02:38:35.0 (35199979)|HEAP_ALLOCATE|[EXTERNAL]|Bytes:20
02:38:35.0 (35209266)|VARIABLE_ASSIGNMENT|[EXTERNAL]|this.rightOptions|[]|0x724588fc
02:38:35.0 (46937606)|SYSTEM_MODE_ENTER|true
02:38:35.0 (47010934)|SYSTEM_MODE_ENTER|true
02:38:35.48 (48819687)|SYSTEM_MODE_ENTER|true
02:38:35.48 (48880380)|HEAP_ALLOCATE|[EXTERNAL]|Bytes:8
02:38:35.48 (48891423)|VARIABLE_SCOPE_BEGIN|[88]|this|ApexPage.PageMessagesComponentController|true|false
02:38:35.48 (48920733)|VARIABLE_ASSIGNMENT|[88]|this|{}|0x1b99c5a8
02:38:35.48 (48928370)|VARIABLE_SCOPE_BEGIN|[88]|escape|Boolean|false|false
02:38:35.48 (48936761)|VARIABLE_ASSIGNMENT|[88]|escape|null
02:38:35.49 (49121922)|HEAP_ALLOCATE|[EXTERNAL]|Bytes:-4
02:38:35.49 (49712774)|HEAP_ALLOCATE|[EXTERNAL]|Bytes:-4
02:38:35.49 (49820969)|HEAP_ALLOCATE|[EXTERNAL]|Bytes:-4
02:38:35.0 (50557979)|SYSTEM_MODE_ENTER|true
02:38:35.0 (50597589)|HEAP_ALLOCATE|[EXTERNAL]|Bytes:20
02:38:35.0 (50605488)|HEAP_ALLOCATE|[EXTERNAL]|Bytes:84
02:38:35.0 (50634901)|VARIABLE_ASSIGNMENT|[EXTERNAL]|this|{"leftOptions":"0x295637a8","rightOptions":"0x49b41b3a"}|0x724588fc
02:38:35.0 (50648019)|VARIABLE_ASSIGNMENT|[EXTERNAL]|value|"0057F000000TpdFQAS&M (64 more) ..."
02:38:35.0 (50667953)|SYSTEM_MODE_ENTER|false
02:38:35.0 (50676708)|HEAP_ALLOCATE|[24]|Bytes:5
02:38:35.0 (50682357)|STATEMENT_EXECUTE|[23]
02:38:35.0 (50684068)|STATEMENT_EXECUTE|[24]
02:38:35.0 (50693907)|VARIABLE_ASSIGNMENT|[24]|this.leftOptionsHidden|"0057F000000TpdFQAS&M (64 more) ..."|0x724588fc
02:38:35.0 (50700090)|STATEMENT_EXECUTE|[25]
02:38:35.0 (50742198)|VARIABLE_ASSIGNMENT|[EXTERNAL]|this|{"leftOptions":"0x295637a8","leftOptionsHidden":"0057F000000TpdFQAS&M (64 more) ...","rightOptions":"0x49b41b3a"}|0x724588fc
02:38:35.0 (50769314)|METHOD_ENTRY|[25]|01p7F00000Ehg8E|MultiselectController.setOptions(List<System.SelectOption>, String)
02:38:35.0 (50777309)|VARIABLE_SCOPE_BEGIN|[12]|this|MultiselectController|true|false
02:38:35.0 (50797666)|VARIABLE_ASSIGNMENT|[12]|this|{"leftOptions":"0x295637a8","leftOptionsHidden":"0057F000000TpdFQAS&M (64 more) ...","rightOptions":"0x49b41b3a"}|0x724588fc
02:38:35.0 (50805235)|VARIABLE_SCOPE_BEGIN|[12]|options|List<System.SelectOption>|true|false
02:38:35.0 (50816931)|VARIABLE_ASSIGNMENT|[12]|options|"List of size 12 too large to display"|0x295637a8
02:38:35.0 (50823135)|VARIABLE_SCOPE_BEGIN|[12]|value|String|false|false
02:38:35.0 (50831561)|VARIABLE_ASSIGNMENT|[12]|value|"0057F000000TpdFQAS&M (64 more) ..."
02:38:35.0 (50849243)|HEAP_ALLOCATE|[13]|Bytes:5
02:38:35.0 (50855031)|STATEMENT_EXECUTE|[12]
02:38:35.0 (50856455)|STATEMENT_EXECUTE|[13]
02:38:35.0 (50894921)|STATEMENT_EXECUTE|[14]
02:38:35.0 (50899190)|HEAP_ALLOCATE|[14]|Bytes:1
02:38:35.0 (50963701)|HEAP_ALLOCATE|[14]|Bytes:18
02:38:35.0 (50970224)|HEAP_ALLOCATE|[14]|Bytes:13
02:38:35.0 (50973533)|HEAP_ALLOCATE|[14]|Bytes:18
02:38:35.0 (50976629)|HEAP_ALLOCATE|[14]|Bytes:5
02:38:35.0 (50979702)|HEAP_ALLOCATE|[14]|Bytes:18
02:38:35.0 (50983144)|HEAP_ALLOCATE|[14]|Bytes:7
02:38:35.0 (50987826)|HEAP_ALLOCATE|[14]|Bytes:28
02:38:35.0 (51001402)|VARIABLE_SCOPE_BEGIN|[14]|parts|List<String>|true|false
02:38:35.0 (51031595)|HEAP_ALLOCATE|[EXTERNAL]|Bytes:28
02:38:35.0 (51042245)|VARIABLE_ASSIGNMENT|[14]|parts|"List of size 6 too large to display"|0x2fa22568
02:38:35.0 (51050003)|STATEMENT_EXECUTE|[15]
02:38:35.0 (51055045)|VARIABLE_SCOPE_BEGIN|[15]|i|Integer|false|false
02:38:35.0 (51063514)|HEAP_ALLOCATE|[15]|Bytes:4
02:38:35.0 (51070498)|VARIABLE_ASSIGNMENT|[15]|i|0
02:38:35.0 (51104464)|STATEMENT_EXECUTE|[15]
02:38:35.0 (51106367)|STATEMENT_EXECUTE|[16]
02:38:35.0 (51116472)|HEAP_ALLOCATE|[16]|Bytes:18
02:38:35.0 (51124018)|HEAP_ALLOCATE|[16]|Bytes:5
02:38:35.0 (51185329)|HEAP_ALLOCATE|[16]|Bytes:15
02:38:35.0 (51198388)|SYSTEM_METHOD_ENTRY|[1]|EncodingUtil.EncodingUtil()
02:38:35.0 (51203023)|STATEMENT_EXECUTE|[1]
02:38:35.0 (51210403)|SYSTEM_METHOD_EXIT|[1]|EncodingUtil
02:38:35.0 (51222611)|METHOD_ENTRY|[16]||System.EncodingUtil.urlDecode(String, String)
02:38:35.0 (51282162)|METHOD_EXIT|[16]||System.EncodingUtil.urlDecode(String, String)
02:38:35.0 (51294980)|HEAP_ALLOCATE|[17]|Bytes:13
02:38:35.0 (51304646)|METHOD_ENTRY|[17]||System.EncodingUtil.urlDecode(String, String)
02:38:35.0 (51333840)|METHOD_EXIT|[17]||System.EncodingUtil.urlDecode(String, String)
02:38:35.0 (51360051)|HEAP_ALLOCATE|[EXTERNAL]|Bytes:4
02:38:35.0 (51368449)|HEAP_ALLOCATE|[15]|Bytes:4
02:38:35.0 (51376036)|VARIABLE_ASSIGNMENT|[15]|i|1
02:38:35.0 (51389407)|STATEMENT_EXECUTE|[15]
02:38:35.0 (51391005)|STATEMENT_EXECUTE|[16]
02:38:35.0 (51395777)|HEAP_ALLOCATE|[16]|Bytes:18
02:38:35.0 (51403344)|METHOD_ENTRY|[16]||System.EncodingUtil.urlDecode(String, String)
02:38:35.0 (51424049)|METHOD_EXIT|[16]||System.EncodingUtil.urlDecode(String, String)
02:38:35.0 (51430102)|HEAP_ALLOCATE|[17]|Bytes:5
02:38:35.0 (51436721)|METHOD_ENTRY|[17]||System.EncodingUtil.urlDecode(String, String)
02:38:35.0 (51452803)|METHOD_EXIT|[17]||System.EncodingUtil.urlDecode(String, String)
02:38:35.0 (51462295)|HEAP_ALLOCATE|[EXTERNAL]|Bytes:4
02:38:35.0 (51467840)|HEAP_ALLOCATE|[15]|Bytes:4
02:38:35.0 (51473742)|VARIABLE_ASSIGNMENT|[15]|i|2
02:38:35.0 (51484793)|STATEMENT_EXECUTE|[15]
02:38:35.0 (51486230)|STATEMENT_EXECUTE|[16]
02:38:35.0 (51489902)|HEAP_ALLOCATE|[16]|Bytes:18
02:38:35.0 (51495989)|METHOD_ENTRY|[16]||System.EncodingUtil.urlDecode(String, String)
02:38:35.0 (51514036)|METHOD_EXIT|[16]||System.EncodingUtil.urlDecode(String, String)
02:38:35.0 (51519944)|HEAP_ALLOCATE|[17]|Bytes:7
02:38:35.0 (51525582)|METHOD_ENTRY|[17]||System.EncodingUtil.urlDecode(String, String)
02:38:35.0 (51541321)|METHOD_EXIT|[17]||System.EncodingUtil.urlDecode(String, String)
02:38:35.0 (51549437)|HEAP_ALLOCATE|[EXTERNAL]|Bytes:4
02:38:35.0 (51554519)|HEAP_ALLOCATE|[15]|Bytes:4
02:38:35.0 (51560268)|VARIABLE_ASSIGNMENT|[15]|i|3
02:38:35.0 (51578267)|METHOD_EXIT|[25]|01p7F00000Ehg8E|MultiselectController.setOptions(List<System.SelectOption>, String)
02:38:35.0 (51585882)|SYSTEM_MODE_EXIT|false
02:38:35.0 (51650330)|SYSTEM_MODE_ENTER|true
02:38:35.0 (51682646)|HEAP_ALLOCATE|[EXTERNAL]|Bytes:20
02:38:35.0 (51688665)|HEAP_ALLOCATE|[EXTERNAL]|Bytes:87
02:38:35.0 (51715723)|VARIABLE_ASSIGNMENT|[EXTERNAL]|this|{"leftOptions":"0x295637a8","leftOptionsHidden":"0057F000000TpdFQAS&M (64 more) ...","rightOptions":"0x49b41b3a"}|0x724588fc
02:38:35.0 (51727410)|VARIABLE_ASSIGNMENT|[EXTERNAL]|value|"0057F000000TrBBQA0&S (67 more) ..."
02:38:35.0 (51744754)|SYSTEM_MODE_ENTER|false
02:38:35.0 (51752453)|HEAP_ALLOCATE|[32]|Bytes:5
02:38:35.0 (51757471)|STATEMENT_EXECUTE|[31]
02:38:35.0 (51758926)|STATEMENT_EXECUTE|[32]
02:38:35.0 (51767714)|VARIABLE_ASSIGNMENT|[32]|this.rightOptionsHidden|"0057F000000TrBBQA0&S (67 more) ..."|0x724588fc
02:38:35.0 (51773637)|STATEMENT_EXECUTE|[33]
02:38:35.0 (51809199)|VARIABLE_ASSIGNMENT|[EXTERNAL]|this|{"leftOptions":"0x295637a8","leftOptionsHidden":"0057F000000TpdFQAS&M (64 more) ...","rightOptions":"0x49b41b3a","rightOptionsHidden":"0057F000000TrBBQA0&S (67 more) ..."}|0x724588fc
02:38:35.0 (51829815)|METHOD_ENTRY|[33]|01p7F00000Ehg8E|MultiselectController.setOptions(List<System.SelectOption>, String)
02:38:35.0 (51836728)|VARIABLE_SCOPE_BEGIN|[12]|this|MultiselectController|true|false
02:38:35.0 (51857438)|VARIABLE_ASSIGNMENT|[12]|this|{"leftOptions":"0x295637a8","leftOptionsHidden":"0057F000000TpdFQAS&M (64 more) ...","rightOptions":"0x49b41b3a","rightOptionsHidden":"0057F000000TrBBQA0&S (67 more) ..."}|0x724588fc
02:38:35.0 (51865725)|VARIABLE_SCOPE_BEGIN|[12]|options|List<System.SelectOption>|true|false
02:38:35.0 (51875572)|VARIABLE_ASSIGNMENT|[12]|options|[]|0x49b41b3a
02:38:35.0 (51881276)|VARIABLE_SCOPE_BEGIN|[12]|value|String|false|false
02:38:35.0 (51889054)|VARIABLE_ASSIGNMENT|[12]|value|"0057F000000TrBBQA0&S (67 more) ..."
02:38:35.0 (51904654)|HEAP_ALLOCATE|[13]|Bytes:5
02:38:35.0 (51909857)|STATEMENT_EXECUTE|[12]
02:38:35.0 (51911219)|STATEMENT_EXECUTE|[13]
02:38:35.0 (51920121)|STATEMENT_EXECUTE|[14]
02:38:35.0 (51948712)|HEAP_ALLOCATE|[14]|Bytes:18
02:38:35.0 (51954237)|HEAP_ALLOCATE|[14]|Bytes:8
02:38:35.0 (51957516)|HEAP_ALLOCATE|[14]|Bytes:18
02:38:35.0 (51960408)|HEAP_ALLOCATE|[14]|Bytes:11
02:38:35.0 (51963429)|HEAP_ALLOCATE|[14]|Bytes:18
02:38:35.0 (51966800)|HEAP_ALLOCATE|[14]|Bytes:9
02:38:35.0 (51970366)|HEAP_ALLOCATE|[14]|Bytes:28
02:38:35.0 (51982644)|VARIABLE_SCOPE_BEGIN|[14]|parts|List<String>|true|false
02:38:35.0 (52006525)|HEAP_ALLOCATE|[EXTERNAL]|Bytes:28
02:38:35.0 (52017439)|VARIABLE_ASSIGNMENT|[14]|parts|"List of size 6 too large to display"|0x72afb3e5
02:38:35.0 (52024521)|STATEMENT_EXECUTE|[15]
02:38:35.0 (52028213)|VARIABLE_SCOPE_BEGIN|[15]|i|Integer|false|false
02:38:35.0 (52035541)|HEAP_ALLOCATE|[15]|Bytes:4
02:38:35.0 (52041783)|VARIABLE_ASSIGNMENT|[15]|i|0
02:38:35.0 (52055766)|STATEMENT_EXECUTE|[15]
02:38:35.0 (52057248)|STATEMENT_EXECUTE|[16]
02:38:35.0 (52062949)|HEAP_ALLOCATE|[16]|Bytes:18
02:38:35.0 (52072408)|METHOD_ENTRY|[16]||System.EncodingUtil.urlDecode(String, String)
02:38:35.0 (52099996)|METHOD_EXIT|[16]||System.EncodingUtil.urlDecode(String, String)
02:38:35.0 (52107698)|HEAP_ALLOCATE|[17]|Bytes:8
02:38:35.0 (52114737)|METHOD_ENTRY|[17]||System.EncodingUtil.urlDecode(String, String)
02:38:35.0 (52133667)|METHOD_EXIT|[17]||System.EncodingUtil.urlDecode(String, String)
02:38:35.0 (52145288)|HEAP_ALLOCATE|[EXTERNAL]|Bytes:4
02:38:35.0 (52152130)|HEAP_ALLOCATE|[15]|Bytes:4
02:38:35.0 (52158294)|VARIABLE_ASSIGNMENT|[15]|i|1
02:38:35.0 (52169910)|STATEMENT_EXECUTE|[15]
02:38:35.0 (52171400)|STATEMENT_EXECUTE|[16]
02:38:35.0 (52179905)|HEAP_ALLOCATE|[16]|Bytes:18
02:38:35.0 (52187190)|METHOD_ENTRY|[16]||System.EncodingUtil.urlDecode(String, String)
02:38:35.0 (52206070)|METHOD_EXIT|[16]||System.EncodingUtil.urlDecode(String, String)
02:38:35.0 (52211822)|HEAP_ALLOCATE|[17]|Bytes:11
02:38:35.0 (52217637)|METHOD_ENTRY|[17]||System.EncodingUtil.urlDecode(String, String)
02:38:35.0 (52235449)|METHOD_EXIT|[17]||System.EncodingUtil.urlDecode(String, String)
02:38:35.0 (52244434)|HEAP_ALLOCATE|[EXTERNAL]|Bytes:4
02:38:35.0 (52250281)|HEAP_ALLOCATE|[15]|Bytes:4
02:38:35.0 (52255694)|VARIABLE_ASSIGNMENT|[15]|i|2
02:38:35.0 (52266792)|STATEMENT_EXECUTE|[15]
02:38:35.0 (52268255)|STATEMENT_EXECUTE|[16]
02:38:35.0 (52271973)|HEAP_ALLOCATE|[16]|Bytes:18
02:38:35.0 (52278238)|METHOD_ENTRY|[16]||System.EncodingUtil.urlDecode(String, String)
02:38:35.0 (52297043)|METHOD_EXIT|[16]||System.EncodingUtil.urlDecode(String, String)
02:38:35.0 (52303365)|HEAP_ALLOCATE|[17]|Bytes:9
02:38:35.0 (52308955)|METHOD_ENTRY|[17]||System.EncodingUtil.urlDecode(String, String)
02:38:35.0 (52331306)|METHOD_EXIT|[17]||System.EncodingUtil.urlDecode(String, String)
02:38:35.0 (52339883)|HEAP_ALLOCATE|[EXTERNAL]|Bytes:4
02:38:35.0 (52345666)|HEAP_ALLOCATE|[15]|Bytes:4
02:38:35.0 (52351570)|VARIABLE_ASSIGNMENT|[15]|i|3
02:38:35.0 (52368532)|METHOD_EXIT|[33]|01p7F00000Ehg8E|MultiselectController.setOptions(List<System.SelectOption>, String)
02:38:35.0 (52375671)|SYSTEM_MODE_EXIT|false
02:38:35.0 (52494558)|SYSTEM_MODE_ENTER|true
02:38:35.0 (52538128)|HEAP_ALLOCATE|[EXTERNAL]|Bytes:16
02:38:35.0 (52544350)|HEAP_ALLOCATE|[EXTERNAL]|Bytes:20
02:38:35.0 (52658563)|VARIABLE_ASSIGNMENT|[EXTERNAL]|this.leftOptions|"common.apex.runtime.impl.ScalarList@2ba3444e"|0x724588fc
02:38:35.0 (52760001)|SYSTEM_MODE_ENTER|true
02:38:35.0 (52798736)|HEAP_ALLOCATE|[EXTERNAL]|Bytes:16
02:38:35.0 (52804350)|HEAP_ALLOCATE|[EXTERNAL]|Bytes:20
02:38:35.0 (52884981)|VARIABLE_ASSIGNMENT|[EXTERNAL]|this.rightOptions|"common.apex.runtime.impl.ScalarList@adcbe284"|0x724588fc
02:38:35.53 (53050615)|HEAP_ALLOCATE|[EXTERNAL]|Bytes:-4
02:38:35.53 (53172791)|HEAP_ALLOCATE|[EXTERNAL]|Bytes:-4
02:38:35.53 (53288924)|HEAP_ALLOCATE|[EXTERNAL]|Bytes:-4
02:38:35.53 (53395730)|HEAP_ALLOCATE|[EXTERNAL]|Bytes:-4
02:38:35.53 (53500897)|HEAP_ALLOCATE|[EXTERNAL]|Bytes:-4
02:38:35.53 (53603522)|HEAP_ALLOCATE|[EXTERNAL]|Bytes:-4
02:38:35.53 (53812013)|HEAP_ALLOCATE|[EXTERNAL]|Bytes:-4
02:38:35.63 (63882993)|SYSTEM_MODE_ENTER|true
02:38:35.63 (63932270)|HEAP_ALLOCATE|[EXTERNAL]|Bytes:8
02:38:35.63 (63940737)|VARIABLE_SCOPE_BEGIN|[88]|this|ApexPage.PageMessagesComponentController|true|false
02:38:35.63 (63963959)|VARIABLE_ASSIGNMENT|[88]|this|{}|0x1b99c5a8
02:38:35.63 (63970002)|VARIABLE_SCOPE_BEGIN|[88]|escape|Boolean|false|false
02:38:35.63 (63976492)|VARIABLE_ASSIGNMENT|[88]|escape|null
02:38:35.64 (64069758)|SYSTEM_MODE_ENTER|true
02:38:35.64 (64097177)|HEAP_ALLOCATE|[EXTERNAL]|Bytes:8
02:38:35.64 (64103528)|VARIABLE_SCOPE_BEGIN|[2]|this|ApexPage.PageMessagesComponentController|true|false
02:38:35.64 (64123832)|VARIABLE_ASSIGNMENT|[2]|this|{}|0x1b99c5a8
02:38:35.0 (72945822)|SYSTEM_MODE_ENTER|true
02:38:35.0 (72996851)|HEAP_ALLOCATE|[EXTERNAL]|Bytes:24
02:38:35.0 (73008306)|VARIABLE_SCOPE_BEGIN|[16]|this|Project_PM_Controller|true|false
02:38:35.0 (73253141)|VARIABLE_ASSIGNMENT|[16]|this|{"controller":"StandardController [[Project__c (Client__c:a047F000002zkUjQAI, Company_project_code__c:89456, Name:654, Units__c:false, Nodes__c:false, Footage__c:false, Miles__c:false, Jobs__c:false, Hours__c:false, QC__c:100)]]","project":"0x223ba0e9","saveAndNew":1,"selectedUsers":"0x49b41b3a","usersList":"0x295637a8"}|0xa0d06fe
02:38:35.0 (73294309)|SYSTEM_MODE_ENTER|false
02:38:35.0 (73305746)|HEAP_ALLOCATE|[17]|Bytes:5
02:38:35.0 (73314517)|STATEMENT_EXECUTE|[16]
02:38:35.0 (73316775)|STATEMENT_EXECUTE|[17]
02:38:35.0 (73334611)|HEAP_ALLOCATE|[17]|Bytes:4
02:38:35.0 (73634310)|SOQL_EXECUTE_BEGIN|[17]|Aggregations:0|SELECT Id, Name FROM User WHERE UserRoleId = '00E7F000000Mdri'
02:38:35.0 (77616603)|SOQL_EXECUTE_END|[17]|Rows:6
02:38:35.0 (77646571)|HEAP_ALLOCATE|[17]|Bytes:28
02:38:35.0 (77675781)|HEAP_ALLOCATE|[17]|Bytes:271
02:38:35.0 (77725047)|HEAP_ALLOCATE|[17]|Bytes:28
02:38:35.0 (77741734)|VARIABLE_SCOPE_BEGIN|[17]|users|List<User>|true|false
02:38:35.0 (77764327)|VARIABLE_ASSIGNMENT|[17]|users|"List of size 6 too large to display"|0x7e7fe001
02:38:35.0 (77807715)|HEAP_ALLOCATE|[18]|Bytes:5
02:38:35.0 (77831893)|HEAP_ALLOCATE|[18]|Bytes:12
02:38:35.0 (77845947)|VARIABLE_SCOPE_BEGIN|[18]|usr|User|true|false
02:38:35.0 (77863638)|VARIABLE_ASSIGNMENT|[18]|usr|{"Id":"0057F000000TpdFQAS","Name":"Mani Sasank"}|0x5a25b235
02:38:35.0 (77870409)|STATEMENT_EXECUTE|[18]
02:38:35.0 (77871845)|STATEMENT_EXECUTE|[19]
02:38:35.0 (77892337)|HEAP_ALLOCATE|[19]|Bytes:18
02:38:35.0 (77915263)|HEAP_ALLOCATE|[EXTERNAL]|Bytes:4
02:38:35.0 (77928134)|HEAP_ALLOCATE|[18]|Bytes:5
02:38:35.0 (77939770)|HEAP_ALLOCATE|[18]|Bytes:12
02:38:35.0 (77948961)|VARIABLE_SCOPE_BEGIN|[18]|usr|User|true|false
02:38:35.0 (77967321)|VARIABLE_ASSIGNMENT|[18]|usr|{"Id":"0057F000000TrBBQA0","Name":"Santhosh"}|0x587be048
02:38:35.0 (77975694)|STATEMENT_EXECUTE|[18]
02:38:35.0 (77977378)|STATEMENT_EXECUTE|[19]
02:38:35.0 (77990394)|HEAP_ALLOCATE|[19]|Bytes:18
02:38:35.0 (78010798)|HEAP_ALLOCATE|[EXTERNAL]|Bytes:4
02:38:35.0 (78025391)|HEAP_ALLOCATE|[18]|Bytes:5
02:38:35.0 (78037964)|HEAP_ALLOCATE|[18]|Bytes:12
02:38:35.0 (78044320)|VARIABLE_SCOPE_BEGIN|[18]|usr|User|true|false
02:38:35.0 (78056841)|VARIABLE_ASSIGNMENT|[18]|usr|{"Id":"0057F000000TrBGQA0","Name":"Ravi teja"}|0x2a3be362
02:38:35.0 (78062579)|STATEMENT_EXECUTE|[18]
02:38:35.0 (78063773)|STATEMENT_EXECUTE|[19]
02:38:35.0 (78071226)|HEAP_ALLOCATE|[19]|Bytes:18
02:38:35.0 (78081640)|HEAP_ALLOCATE|[EXTERNAL]|Bytes:4
02:38:35.0 (78091193)|HEAP_ALLOCATE|[18]|Bytes:5
02:38:35.0 (78101356)|HEAP_ALLOCATE|[18]|Bytes:12
02:38:35.0 (78110602)|VARIABLE_SCOPE_BEGIN|[18]|usr|User|true|false
02:38:35.0 (78127689)|VARIABLE_ASSIGNMENT|[18]|usr|{"Id":"0057F000000TrBVQA0","Name":"Yashwanth"}|0x6d79bd57
02:38:35.0 (78136224)|STATEMENT_EXECUTE|[18]
02:38:35.0 (78138024)|STATEMENT_EXECUTE|[19]
02:38:35.0 (78148525)|HEAP_ALLOCATE|[19]|Bytes:18
02:38:35.0 (78166773)|HEAP_ALLOCATE|[EXTERNAL]|Bytes:4
02:38:35.0 (78189316)|HEAP_ALLOCATE|[18]|Bytes:5
02:38:35.0 (78204037)|HEAP_ALLOCATE|[18]|Bytes:12
02:38:35.0 (78212366)|VARIABLE_SCOPE_BEGIN|[18]|usr|User|true|false
02:38:35.0 (78230155)|VARIABLE_ASSIGNMENT|[18]|usr|{"Id":"0057F000000Tz0iQAC","Name":"Richa"}|0x1aba1ed7
02:38:35.0 (78239033)|STATEMENT_EXECUTE|[18]
02:38:35.0 (78240664)|STATEMENT_EXECUTE|[19]
02:38:35.0 (78253160)|HEAP_ALLOCATE|[19]|Bytes:18
02:38:35.0 (78274215)|HEAP_ALLOCATE|[EXTERNAL]|Bytes:4
02:38:35.0 (78293694)|HEAP_ALLOCATE|[18]|Bytes:5
02:38:35.0 (78308365)|HEAP_ALLOCATE|[18]|Bytes:12
02:38:35.0 (78317637)|VARIABLE_SCOPE_BEGIN|[18]|usr|User|true|false
02:38:35.0 (78333624)|VARIABLE_ASSIGNMENT|[18]|usr|{"Id":"0057F000000Tz0sQAC","Name":"Veeresh"}|0x1dc4c468
02:38:35.0 (78339457)|STATEMENT_EXECUTE|[18]
02:38:35.0 (78340679)|STATEMENT_EXECUTE|[19]
02:38:35.0 (78349700)|HEAP_ALLOCATE|[19]|Bytes:18
02:38:35.0 (78361341)|HEAP_ALLOCATE|[EXTERNAL]|Bytes:4
02:38:35.0 (78371318)|HEAP_ALLOCATE|[18]|Bytes:5
02:38:35.0 (78380182)|VARIABLE_ASSIGNMENT|[18]|usr|null|
02:38:35.0 (78384671)|STATEMENT_EXECUTE|[21]
02:38:35.0 (78391251)|SYSTEM_MODE_EXIT|false
02:38:35.0 (78485165)|SYSTEM_MODE_ENTER|true
02:38:35.0 (78540453)|HEAP_ALLOCATE|[EXTERNAL]|Bytes:40
02:38:35.0 (78548441)|HEAP_ALLOCATE|[EXTERNAL]|Bytes:20
02:38:35.0 (78564663)|VARIABLE_ASSIGNMENT|[EXTERNAL]|this.leftOptions|"List of size 9 too large to display"|0x724588fc
02:38:35.0 (78654806)|SYSTEM_MODE_ENTER|true
02:38:35.0 (78720930)|SYSTEM_MODE_ENTER|true
02:38:35.0 (78781775)|HEAP_ALLOCATE|[EXTERNAL]|Bytes:16
02:38:35.0 (78791406)|HEAP_ALLOCATE|[EXTERNAL]|Bytes:20
02:38:35.0 (78906271)|VARIABLE_ASSIGNMENT|[EXTERNAL]|this.rightOptions|"common.apex.runtime.impl.ScalarList@adcbe284"|0x724588fc
02:38:35.0 (79042103)|SYSTEM_MODE_ENTER|true
02:38:35.0 (79288786)|SYSTEM_MODE_ENTER|true
02:38:35.90 (90492431)|SYSTEM_MODE_ENTER|true
02:38:35.90 (90584315)|HEAP_ALLOCATE|[EXTERNAL]|Bytes:8
02:38:35.90 (90604438)|VARIABLE_SCOPE_BEGIN|[88]|this|ApexPage.PageMessagesComponentController|true|false
02:38:35.90 (90658935)|VARIABLE_ASSIGNMENT|[88]|this|{}|0x1b99c5a8
02:38:35.90 (90672505)|VARIABLE_SCOPE_BEGIN|[88]|escape|Boolean|false|false
02:38:35.90 (90685275)|VARIABLE_ASSIGNMENT|[88]|escape|null
02:38:35.90 (90917606)|SYSTEM_MODE_ENTER|true
02:38:35.90 (90966107)|HEAP_ALLOCATE|[EXTERNAL]|Bytes:8
02:38:35.90 (90976878)|VARIABLE_SCOPE_BEGIN|[2]|this|ApexPage.PageMessagesComponentController|true|false
02:38:35.90 (91004274)|VARIABLE_ASSIGNMENT|[2]|this|{}|0x1b99c5a8
02:38:35.0 (101730330)|SYSTEM_MODE_ENTER|true
02:38:35.0 (101849096)|HEAP_ALLOCATE|[EXTERNAL]|Bytes:40
02:38:35.0 (101865108)|HEAP_ALLOCATE|[EXTERNAL]|Bytes:20
02:38:35.0 (101900854)|VARIABLE_ASSIGNMENT|[EXTERNAL]|this.leftOptions|"List of size 9 too large to display"|0x724588fc
02:38:35.0 (102051937)|SYSTEM_MODE_ENTER|true
02:38:35.0 (102111713)|HEAP_ALLOCATE|[EXTERNAL]|Bytes:16
02:38:35.0 (102121229)|HEAP_ALLOCATE|[EXTERNAL]|Bytes:20
02:38:35.0 (102343631)|VARIABLE_ASSIGNMENT|[EXTERNAL]|this.rightOptions|"common.apex.runtime.impl.ScalarList@adcbe284"|0x724588fc
02:38:35.0 (103230969)|SYSTEM_MODE_ENTER|true
02:38:35.0 (104420999)|SYSTEM_MODE_ENTER|true
02:38:35.0 (105295454)|SYSTEM_MODE_ENTER|true
02:38:35.0 (105385015)|SYSTEM_MODE_ENTER|true
02:38:35.0 (111239878)|VF_SERIALIZE_VIEWSTATE_BEGIN|0667F000004uJm5
02:38:35.0 (115370943)|VF_SERIALIZE_VIEWSTATE_END
02:38:35.118 (118397451)|CUMULATIVE_LIMIT_USAGE
02:38:35.118 (118397451)|LIMIT_USAGE_FOR_NS|(default)|
  Number of SOQL queries: 2 out of 100
  Number of query rows: 12 out of 50000
  Number of SOSL queries: 0 out of 20
  Number of DML statements: 0 out of 150
  Number of DML rows: 0 out of 10000
  Maximum CPU time: 0 out of 10000
  Maximum heap size: 0 out of 6000000
  Number of callouts: 0 out of 100
  Number of Email Invocations: 0 out of 10
  Number of future calls: 0 out of 50
  Number of queueable jobs added to the queue: 0 out of 50
  Number of Mobile Apex push calls: 0 out of 10

02:38:35.118 (118397451)|CUMULATIVE_LIMIT_USAGE_END

02:38:35.0 (118439034)|CODE_UNIT_FINISHED|VF: /apex/PM_Project_New
02:38:35.0 (119136098)|EXECUTION_FINISHED
