36.0 APEX_CODE,FINEST;APEX_PROFILING,INFO;CALLOUT,INFO;DB,INFO;SYSTEM,DEBUG;VALIDATION,INFO;VISUALFORCE,INFO;WAVE,INFO;WORKFLOW,INFO
06:14:34.0 (279166)|USER_INFO|[EXTERNAL]|0057F000000Tiz6|ksb994@salesforce.com|Pacific Standard Time|GMT-08:00
06:14:34.0 (310988)|EXECUTION_STARTED
06:14:34.0 (314282)|CODE_UNIT_STARTED|[EXTERNAL]|0667F000004uRC1|VF: /apex/PM_Project_Edit
06:14:34.0 (17200170)|SYSTEM_MODE_ENTER|true
06:14:34.0 (17568992)|HEAP_ALLOCATE|[72]|Bytes:3
06:14:34.0 (17623640)|HEAP_ALLOCATE|[77]|Bytes:152
06:14:34.0 (17646328)|HEAP_ALLOCATE|[342]|Bytes:408
06:14:34.0 (17675468)|HEAP_ALLOCATE|[355]|Bytes:408
06:14:34.0 (17702794)|HEAP_ALLOCATE|[467]|Bytes:48
06:14:34.0 (17745047)|HEAP_ALLOCATE|[139]|Bytes:6
06:14:34.0 (17769064)|HEAP_ALLOCATE|[EXTERNAL]|Bytes:140
06:14:34.0 (17777469)|HEAP_ALLOCATE|[EXTERNAL]|Bytes:20
06:14:34.0 (17786056)|HEAP_ALLOCATE|[EXTERNAL]|Bytes:2
06:14:34.0 (17799975)|METHOD_ENTRY|[1]|01p7F00000Ehro9|PM_Project_Edit_Controller.PM_Project_Edit_Controller()
06:14:34.0 (17809710)|STATEMENT_EXECUTE|[1]
06:14:34.0 (17815829)|STATEMENT_EXECUTE|[1]
06:14:34.0 (17859670)|HEAP_ALLOCATE|[50]|Bytes:5
06:14:34.0 (17889454)|HEAP_ALLOCATE|[56]|Bytes:5
06:14:34.0 (17901260)|HEAP_ALLOCATE|[64]|Bytes:7
06:14:34.0 (17932722)|SYSTEM_MODE_ENTER|false
06:14:34.0 (17949385)|HEAP_ALLOCATE|[EXTERNAL]|Bytes:5
06:14:34.0 (17959362)|SYSTEM_MODE_EXIT|false
06:14:34.0 (17972026)|METHOD_EXIT|[1]|PM_Project_Edit_Controller
06:14:34.0 (18024912)|HEAP_ALLOCATE|[EXTERNAL]|Bytes:24
06:14:34.0 (18048428)|VARIABLE_SCOPE_BEGIN|[10]|this|PM_Project_Edit_Controller|true|false
06:14:34.0 (18125997)|VARIABLE_ASSIGNMENT|[10]|this|{}|0x1f347a8a
06:14:34.0 (18138677)|VARIABLE_SCOPE_BEGIN|[10]|stdController|ApexPages.StandardController|true|false
06:14:34.0 (18337404)|VARIABLE_ASSIGNMENT|[10]|stdController|"StandardController [null]"|0x108a888f
06:14:34.0 (18365469)|SYSTEM_MODE_ENTER|false
06:14:34.0 (18375122)|HEAP_ALLOCATE|[7]|Bytes:5
06:14:34.0 (18382183)|STATEMENT_EXECUTE|[1]
06:14:34.0 (18390275)|HEAP_ALLOCATE|[7]|Bytes:5
06:14:34.0 (18394793)|STATEMENT_EXECUTE|[3]
06:14:34.0 (18396945)|STATEMENT_EXECUTE|[4]
06:14:34.0 (18398415)|STATEMENT_EXECUTE|[6]
06:14:34.0 (18399873)|STATEMENT_EXECUTE|[7]
06:14:34.0 (18421102)|HEAP_ALLOCATE|[7]|Bytes:4
06:14:34.0 (18539588)|HEAP_ALLOCATE|[EXTERNAL]|Bytes:4
06:14:34.0 (18558642)|VARIABLE_ASSIGNMENT|[7]|this.usersList|[]|0x1f347a8a
06:14:34.0 (18567063)|STATEMENT_EXECUTE|[8]
06:14:34.0 (18571093)|HEAP_ALLOCATE|[8]|Bytes:1
06:14:34.0 (18584842)|VARIABLE_ASSIGNMENT|[8]|this.nonSelectedUserId|"("|0x1f347a8a
06:14:34.0 (18606884)|HEAP_ALLOCATE|[8]|Bytes:6
06:14:34.0 (18649953)|STATEMENT_EXECUTE|[10]
06:14:34.0 (18652399)|STATEMENT_EXECUTE|[11]
06:14:34.0 (18823469)|HEAP_ALLOCATE|[11]|Bytes:4
06:14:34.0 (18889807)|VARIABLE_ASSIGNMENT|[EXTERNAL]|this|{"nonSelectedUserId":"(","usersList":"0x7251ef77"}|0x1f347a8a
06:14:34.0 (18908506)|VARIABLE_ASSIGNMENT|[EXTERNAL]|value|{}|0x3cdc8318
06:14:34.0 (18922500)|VARIABLE_ASSIGNMENT|[3]|this.project|{}|0x1f347a8a
06:14:34.0 (18934670)|STATEMENT_EXECUTE|[12]
06:14:34.0 (18990954)|HEAP_ALLOCATE|[12]|Bytes:43
06:14:34.0 (19036172)|HEAP_ALLOCATE|[12]|Bytes:18
06:14:34.0 (19065173)|HEAP_ALLOCATE|[12]|Bytes:3
06:14:34.0 (19103728)|HEAP_ALLOCATE|[12]|Bytes:4
06:14:34.0 (19111657)|VARIABLE_SCOPE_BEGIN|[12]|pid|Id|false|false
06:14:34.0 (19212955)|VARIABLE_ASSIGNMENT|[12]|pid|"a057F0000039WImQAM"
06:14:34.0 (19222126)|STATEMENT_EXECUTE|[16]
06:14:34.0 (19225661)|HEAP_ALLOCATE|[16]|Bytes:7
06:14:34.0 (19232043)|HEAP_ALLOCATE|[16]|Bytes:10
06:14:34.0 (19249725)|METHOD_ENTRY|[16]|01p7F00000Ehro9|PM_Project_Edit_Controller.getAllFields(String)
06:14:34.0 (19271157)|VARIABLE_SCOPE_BEGIN|[74]|sobjectname|String|false|false
06:14:34.0 (19284453)|VARIABLE_ASSIGNMENT|[74]|sobjectname|"Project__c"
06:14:34.0 (19306224)|HEAP_ALLOCATE|[75]|Bytes:5
06:14:34.0 (19311768)|STATEMENT_EXECUTE|[74]
06:14:34.0 (38051809)|HEAP_ALLOCATE|[75]|Bytes:1468
06:14:34.0 (38094887)|STATEMENT_EXECUTE|[75]
06:14:34.0 (38097177)|STATEMENT_EXECUTE|[78]
06:14:34.0 (41473734)|HEAP_ALLOCATE|[78]|Bytes:1468
06:14:34.0 (41671438)|HEAP_ALLOCATE|[78]|Bytes:4
06:14:34.0 (41717850)|HEAP_ALLOCATE|[78]|Bytes:4
06:14:34.0 (43001669)|HEAP_ALLOCATE|[78]|Bytes:148
06:14:34.0 (43016898)|VARIABLE_SCOPE_BEGIN|[78]|fields|Map<String,Schema.SObjectField>|true|false
06:14:34.0 (43214962)|VARIABLE_ASSIGNMENT|[78]|fields|"{client__c=Client__c, client_project_manager__c=Client_Project_Manager__c, company_project_code__c=Company_project_code__c, cost_centre__c=Cost_Centre__c, createdbyid=CreatedById, createddate=CreatedDate, delivery__c=Delivery__c, end_customer__c=End_Customer__c, footage__c=Footage__c, hours__c=Hours__c, ...}"|0x16371bbe
06:14:34.0 (43227200)|STATEMENT_EXECUTE|[79]
06:14:34.0 (43242007)|HEAP_ALLOCATE|[79]|Bytes:4
06:14:34.0 (43270639)|VARIABLE_SCOPE_BEGIN|[79]|accessiblefields|List<String>|true|false
06:14:34.0 (43295504)|HEAP_ALLOCATE|[EXTERNAL]|Bytes:4
06:14:34.0 (43305397)|VARIABLE_ASSIGNMENT|[79]|accessiblefields|[]|0x2f843143
06:14:34.0 (43350145)|HEAP_ALLOCATE|[EXTERNAL]|Bytes:148
06:14:34.0 (43367022)|HEAP_ALLOCATE|[80]|Bytes:148
06:14:34.0 (43426398)|HEAP_ALLOCATE|[80]|Bytes:5
06:14:34.0 (43444591)|VARIABLE_SCOPE_BEGIN|[80]|field|Schema.SObjectField|true|false
06:14:34.0 (43513925)|VARIABLE_ASSIGNMENT|[80]|field|"common.apex.runtime.impl.ApexFieldToken@2d0a16e0"|0x2d0a16e0
06:14:34.0 (43521901)|STATEMENT_EXECUTE|[80]
06:14:34.0 (43932242)|HEAP_ALLOCATE|[81]|Bytes:8
06:14:34.0 (43954850)|STATEMENT_EXECUTE|[82]
06:14:34.0 (43982163)|HEAP_ALLOCATE|[82]|Bytes:8
06:14:34.0 (43994241)|HEAP_ALLOCATE|[82]|Bytes:2
06:14:34.0 (44006614)|HEAP_ALLOCATE|[EXTERNAL]|Bytes:4
06:14:34.0 (44020106)|HEAP_ALLOCATE|[80]|Bytes:5
06:14:34.0 (44033143)|VARIABLE_SCOPE_BEGIN|[80]|field|Schema.SObjectField|true|false
06:14:34.0 (44099645)|VARIABLE_ASSIGNMENT|[80]|field|"common.apex.runtime.impl.ApexFieldToken@3ce0214"|0x3ce0214
06:14:34.0 (44106940)|STATEMENT_EXECUTE|[80]
06:14:34.0 (44227713)|HEAP_ALLOCATE|[81]|Bytes:8
06:14:34.0 (44240861)|STATEMENT_EXECUTE|[82]
06:14:34.0 (44256132)|HEAP_ALLOCATE|[82]|Bytes:8
06:14:34.0 (44263553)|HEAP_ALLOCATE|[82]|Bytes:7
06:14:34.0 (44271322)|HEAP_ALLOCATE|[EXTERNAL]|Bytes:4
06:14:34.0 (44281885)|HEAP_ALLOCATE|[80]|Bytes:5
06:14:34.0 (44293220)|VARIABLE_SCOPE_BEGIN|[80]|field|Schema.SObjectField|true|false
06:14:34.0 (44354835)|VARIABLE_ASSIGNMENT|[80]|field|"common.apex.runtime.impl.ApexFieldToken@dce3507"|0xdce3507
06:14:34.0 (44362363)|STATEMENT_EXECUTE|[80]
06:14:34.0 (44442856)|HEAP_ALLOCATE|[81]|Bytes:8
06:14:34.0 (44454259)|STATEMENT_EXECUTE|[82]
06:14:34.0 (44468268)|HEAP_ALLOCATE|[82]|Bytes:8
06:14:34.0 (44475186)|HEAP_ALLOCATE|[82]|Bytes:9
06:14:34.0 (44486142)|HEAP_ALLOCATE|[EXTERNAL]|Bytes:4
06:14:34.0 (44496406)|HEAP_ALLOCATE|[80]|Bytes:5
06:14:34.0 (44507899)|VARIABLE_SCOPE_BEGIN|[80]|field|Schema.SObjectField|true|false
06:14:34.0 (44574718)|VARIABLE_ASSIGNMENT|[80]|field|"common.apex.runtime.impl.ApexFieldToken@224df49c"|0x224df49c
06:14:34.0 (44581905)|STATEMENT_EXECUTE|[80]
06:14:34.0 (44672779)|HEAP_ALLOCATE|[81]|Bytes:8
06:14:34.0 (44684497)|STATEMENT_EXECUTE|[82]
06:14:34.0 (44698230)|HEAP_ALLOCATE|[82]|Bytes:8
06:14:34.0 (44705101)|HEAP_ALLOCATE|[82]|Bytes:4
06:14:34.0 (44712020)|HEAP_ALLOCATE|[EXTERNAL]|Bytes:4
06:14:34.0 (44721620)|HEAP_ALLOCATE|[80]|Bytes:5
06:14:34.0 (44733171)|VARIABLE_SCOPE_BEGIN|[80]|field|Schema.SObjectField|true|false
06:14:34.0 (44793779)|VARIABLE_ASSIGNMENT|[80]|field|"common.apex.runtime.impl.ApexFieldToken@5f0d5b23"|0x5f0d5b23
06:14:34.0 (44800876)|STATEMENT_EXECUTE|[80]
06:14:34.0 (44892763)|HEAP_ALLOCATE|[81]|Bytes:8
06:14:34.0 (44904275)|STATEMENT_EXECUTE|[82]
06:14:34.0 (44916641)|HEAP_ALLOCATE|[82]|Bytes:8
06:14:34.0 (44923458)|HEAP_ALLOCATE|[82]|Bytes:11
06:14:34.0 (44930459)|HEAP_ALLOCATE|[EXTERNAL]|Bytes:4
06:14:34.0 (44939937)|HEAP_ALLOCATE|[80]|Bytes:5
06:14:34.0 (44950609)|VARIABLE_SCOPE_BEGIN|[80]|field|Schema.SObjectField|true|false
06:14:34.0 (45009126)|VARIABLE_ASSIGNMENT|[80]|field|"common.apex.runtime.impl.ApexFieldToken@2c203c74"|0x2c203c74
06:14:34.0 (45017333)|STATEMENT_EXECUTE|[80]
06:14:34.0 (45109954)|HEAP_ALLOCATE|[81]|Bytes:8
06:14:34.0 (45121205)|STATEMENT_EXECUTE|[82]
06:14:34.0 (45134380)|HEAP_ALLOCATE|[82]|Bytes:8
06:14:34.0 (45141622)|HEAP_ALLOCATE|[82]|Bytes:11
06:14:34.0 (45149085)|HEAP_ALLOCATE|[EXTERNAL]|Bytes:4
06:14:34.0 (45158041)|HEAP_ALLOCATE|[80]|Bytes:5
06:14:34.0 (45168680)|VARIABLE_SCOPE_BEGIN|[80]|field|Schema.SObjectField|true|false
06:14:34.0 (45229673)|VARIABLE_ASSIGNMENT|[80]|field|"common.apex.runtime.impl.ApexFieldToken@50ba52fa"|0x50ba52fa
06:14:34.0 (45236861)|STATEMENT_EXECUTE|[80]
06:14:34.0 (45322108)|HEAP_ALLOCATE|[81]|Bytes:8
06:14:34.0 (45333843)|STATEMENT_EXECUTE|[82]
06:14:34.0 (45345888)|HEAP_ALLOCATE|[82]|Bytes:8
06:14:34.0 (45352509)|HEAP_ALLOCATE|[82]|Bytes:16
06:14:34.0 (45359845)|HEAP_ALLOCATE|[EXTERNAL]|Bytes:4
06:14:34.0 (45369069)|HEAP_ALLOCATE|[80]|Bytes:5
06:14:34.0 (45380364)|VARIABLE_SCOPE_BEGIN|[80]|field|Schema.SObjectField|true|false
06:14:34.0 (45437993)|VARIABLE_ASSIGNMENT|[80]|field|"common.apex.runtime.impl.ApexFieldToken@1d1eb565"|0x1d1eb565
06:14:34.0 (45445558)|STATEMENT_EXECUTE|[80]
06:14:34.0 (45542255)|HEAP_ALLOCATE|[81]|Bytes:8
06:14:34.0 (45553064)|STATEMENT_EXECUTE|[82]
06:14:34.0 (45565914)|HEAP_ALLOCATE|[82]|Bytes:8
06:14:34.0 (45572468)|HEAP_ALLOCATE|[82]|Bytes:16
06:14:34.0 (45579541)|HEAP_ALLOCATE|[EXTERNAL]|Bytes:4
06:14:34.0 (45588879)|HEAP_ALLOCATE|[80]|Bytes:5
06:14:34.0 (45599962)|VARIABLE_SCOPE_BEGIN|[80]|field|Schema.SObjectField|true|false
06:14:34.0 (45660374)|VARIABLE_ASSIGNMENT|[80]|field|"common.apex.runtime.impl.ApexFieldToken@287f31a6"|0x287f31a6
06:14:34.0 (45666923)|STATEMENT_EXECUTE|[80]
06:14:34.0 (45738408)|HEAP_ALLOCATE|[81]|Bytes:8
06:14:34.0 (45748567)|STATEMENT_EXECUTE|[82]
06:14:34.0 (45761137)|HEAP_ALLOCATE|[82]|Bytes:8
06:14:34.0 (45768030)|HEAP_ALLOCATE|[82]|Bytes:14
06:14:34.0 (45775316)|HEAP_ALLOCATE|[EXTERNAL]|Bytes:4
06:14:34.0 (45784650)|HEAP_ALLOCATE|[80]|Bytes:5
06:14:34.0 (45795729)|VARIABLE_SCOPE_BEGIN|[80]|field|Schema.SObjectField|true|false
06:14:34.0 (45854824)|VARIABLE_ASSIGNMENT|[80]|field|"common.apex.runtime.impl.ApexFieldToken@5916b41"|0x5916b41
06:14:34.0 (45861430)|STATEMENT_EXECUTE|[80]
06:14:34.0 (45931118)|HEAP_ALLOCATE|[81]|Bytes:8
06:14:34.0 (45942747)|STATEMENT_EXECUTE|[82]
06:14:34.0 (45954750)|HEAP_ALLOCATE|[82]|Bytes:8
06:14:34.0 (45961021)|HEAP_ALLOCATE|[82]|Bytes:16
06:14:34.0 (45967789)|HEAP_ALLOCATE|[EXTERNAL]|Bytes:4
06:14:34.0 (45976563)|HEAP_ALLOCATE|[80]|Bytes:5
06:14:34.0 (45986189)|VARIABLE_SCOPE_BEGIN|[80]|field|Schema.SObjectField|true|false
06:14:34.0 (46044569)|VARIABLE_ASSIGNMENT|[80]|field|"common.apex.runtime.impl.ApexFieldToken@7bec48b"|0x7bec48b
06:14:34.0 (46052225)|STATEMENT_EXECUTE|[80]
06:14:34.0 (46120639)|HEAP_ALLOCATE|[81]|Bytes:8
06:14:34.0 (46130777)|STATEMENT_EXECUTE|[82]
06:14:34.0 (46143497)|HEAP_ALLOCATE|[82]|Bytes:8
06:14:34.0 (46150520)|HEAP_ALLOCATE|[82]|Bytes:14
06:14:34.0 (46157235)|HEAP_ALLOCATE|[EXTERNAL]|Bytes:4
06:14:34.0 (46166406)|HEAP_ALLOCATE|[80]|Bytes:5
06:14:34.0 (46176524)|VARIABLE_SCOPE_BEGIN|[80]|field|Schema.SObjectField|true|false
06:14:34.0 (46234084)|VARIABLE_ASSIGNMENT|[80]|field|"common.apex.runtime.impl.ApexFieldToken@6f63ec84"|0x6f63ec84
06:14:34.0 (46240694)|STATEMENT_EXECUTE|[80]
06:14:34.0 (46308168)|HEAP_ALLOCATE|[81]|Bytes:8
06:14:34.0 (46318102)|STATEMENT_EXECUTE|[82]
06:14:34.0 (46330460)|HEAP_ALLOCATE|[82]|Bytes:8
06:14:34.0 (46337833)|HEAP_ALLOCATE|[82]|Bytes:18
06:14:34.0 (46344640)|HEAP_ALLOCATE|[EXTERNAL]|Bytes:4
06:14:34.0 (46354125)|HEAP_ALLOCATE|[80]|Bytes:5
06:14:34.0 (46364531)|VARIABLE_SCOPE_BEGIN|[80]|field|Schema.SObjectField|true|false
06:14:34.0 (46422565)|VARIABLE_ASSIGNMENT|[80]|field|"common.apex.runtime.impl.ApexFieldToken@3e4012cf"|0x3e4012cf
06:14:34.0 (46429211)|STATEMENT_EXECUTE|[80]
06:14:34.0 (46828383)|HEAP_ALLOCATE|[81]|Bytes:8
06:14:34.0 (46842999)|STATEMENT_EXECUTE|[82]
06:14:34.0 (46859239)|HEAP_ALLOCATE|[82]|Bytes:8
06:14:34.0 (46867168)|HEAP_ALLOCATE|[82]|Bytes:9
06:14:34.0 (46875007)|HEAP_ALLOCATE|[EXTERNAL]|Bytes:4
06:14:34.0 (46885876)|HEAP_ALLOCATE|[80]|Bytes:5
06:14:34.0 (46898323)|VARIABLE_SCOPE_BEGIN|[80]|field|Schema.SObjectField|true|false
06:14:34.0 (46962683)|VARIABLE_ASSIGNMENT|[80]|field|"common.apex.runtime.impl.ApexFieldToken@3005ad25"|0x3005ad25
06:14:34.0 (46970133)|STATEMENT_EXECUTE|[80]
06:14:34.0 (47053396)|HEAP_ALLOCATE|[81]|Bytes:8
06:14:34.0 (47065497)|STATEMENT_EXECUTE|[82]
06:14:34.0 (47079645)|HEAP_ALLOCATE|[82]|Bytes:8
06:14:34.0 (47086768)|HEAP_ALLOCATE|[82]|Bytes:15
06:14:34.0 (47094131)|HEAP_ALLOCATE|[EXTERNAL]|Bytes:4
06:14:34.0 (47103471)|HEAP_ALLOCATE|[80]|Bytes:5
06:14:34.0 (47115126)|VARIABLE_SCOPE_BEGIN|[80]|field|Schema.SObjectField|true|false
06:14:34.0 (47175858)|VARIABLE_ASSIGNMENT|[80]|field|"common.apex.runtime.impl.ApexFieldToken@416ead32"|0x416ead32
06:14:34.0 (47183005)|STATEMENT_EXECUTE|[80]
06:14:34.0 (47261299)|HEAP_ALLOCATE|[81]|Bytes:8
06:14:34.0 (47272496)|STATEMENT_EXECUTE|[82]
06:14:34.0 (47285718)|HEAP_ALLOCATE|[82]|Bytes:8
06:14:34.0 (47292210)|HEAP_ALLOCATE|[82]|Bytes:19
06:14:34.0 (47298878)|HEAP_ALLOCATE|[EXTERNAL]|Bytes:4
06:14:34.0 (47308342)|HEAP_ALLOCATE|[80]|Bytes:5
06:14:34.0 (47319175)|VARIABLE_SCOPE_BEGIN|[80]|field|Schema.SObjectField|true|false
06:14:34.0 (47378456)|VARIABLE_ASSIGNMENT|[80]|field|"common.apex.runtime.impl.ApexFieldToken@31197e57"|0x31197e57
06:14:34.0 (47385272)|STATEMENT_EXECUTE|[80]
06:14:34.0 (47458288)|HEAP_ALLOCATE|[81]|Bytes:8
06:14:34.0 (47468885)|STATEMENT_EXECUTE|[82]
06:14:34.0 (47486574)|HEAP_ALLOCATE|[82]|Bytes:8
06:14:34.0 (47493765)|HEAP_ALLOCATE|[82]|Bytes:14
06:14:34.0 (47501248)|HEAP_ALLOCATE|[EXTERNAL]|Bytes:4
06:14:34.0 (47510906)|HEAP_ALLOCATE|[80]|Bytes:5
06:14:34.0 (47521452)|VARIABLE_SCOPE_BEGIN|[80]|field|Schema.SObjectField|true|false
06:14:34.0 (47579587)|VARIABLE_ASSIGNMENT|[80]|field|"common.apex.runtime.impl.ApexFieldToken@f71d4d1"|0xf71d4d1
06:14:34.0 (47587346)|STATEMENT_EXECUTE|[80]
06:14:34.0 (47658694)|HEAP_ALLOCATE|[81]|Bytes:8
06:14:34.0 (47669734)|STATEMENT_EXECUTE|[82]
06:14:34.0 (47683101)|HEAP_ALLOCATE|[82]|Bytes:8
06:14:34.0 (47690014)|HEAP_ALLOCATE|[82]|Bytes:25
06:14:34.0 (47696899)|HEAP_ALLOCATE|[EXTERNAL]|Bytes:4
06:14:34.0 (47705642)|HEAP_ALLOCATE|[80]|Bytes:5
06:14:34.0 (47715800)|VARIABLE_SCOPE_BEGIN|[80]|field|Schema.SObjectField|true|false
06:14:34.0 (47773624)|VARIABLE_ASSIGNMENT|[80]|field|"common.apex.runtime.impl.ApexFieldToken@12003c9f"|0x12003c9f
06:14:34.0 (47781079)|STATEMENT_EXECUTE|[80]
06:14:34.0 (47852032)|HEAP_ALLOCATE|[81]|Bytes:8
06:14:34.0 (47862462)|STATEMENT_EXECUTE|[82]
06:14:34.0 (47875441)|HEAP_ALLOCATE|[82]|Bytes:8
06:14:34.0 (47882202)|HEAP_ALLOCATE|[82]|Bytes:15
06:14:34.0 (47888786)|HEAP_ALLOCATE|[EXTERNAL]|Bytes:4
06:14:34.0 (47897504)|HEAP_ALLOCATE|[80]|Bytes:5
06:14:34.0 (47907975)|VARIABLE_SCOPE_BEGIN|[80]|field|Schema.SObjectField|true|false
06:14:34.0 (47967384)|VARIABLE_ASSIGNMENT|[80]|field|"common.apex.runtime.impl.ApexFieldToken@26b304d0"|0x26b304d0
06:14:34.0 (47974518)|STATEMENT_EXECUTE|[80]
06:14:34.0 (48043858)|HEAP_ALLOCATE|[81]|Bytes:8
06:14:34.0 (48054786)|STATEMENT_EXECUTE|[82]
06:14:34.0 (48071305)|HEAP_ALLOCATE|[82]|Bytes:8
06:14:34.0 (48078717)|HEAP_ALLOCATE|[82]|Bytes:23
06:14:34.0 (48085389)|HEAP_ALLOCATE|[EXTERNAL]|Bytes:4
06:14:34.0 (48094563)|HEAP_ALLOCATE|[80]|Bytes:5
06:14:34.0 (48105580)|VARIABLE_SCOPE_BEGIN|[80]|field|Schema.SObjectField|true|false
06:14:34.0 (48163662)|VARIABLE_ASSIGNMENT|[80]|field|"common.apex.runtime.impl.ApexFieldToken@5c223d97"|0x5c223d97
06:14:34.0 (48169980)|STATEMENT_EXECUTE|[80]
06:14:34.0 (48243871)|HEAP_ALLOCATE|[81]|Bytes:8
06:14:34.0 (48254665)|STATEMENT_EXECUTE|[82]
06:14:34.0 (48267630)|HEAP_ALLOCATE|[82]|Bytes:8
06:14:34.0 (48274224)|HEAP_ALLOCATE|[82]|Bytes:16
06:14:34.0 (48281225)|HEAP_ALLOCATE|[EXTERNAL]|Bytes:4
06:14:34.0 (48290168)|HEAP_ALLOCATE|[80]|Bytes:5
06:14:34.0 (48301349)|VARIABLE_SCOPE_BEGIN|[80]|field|Schema.SObjectField|true|false
06:14:34.0 (48358336)|VARIABLE_ASSIGNMENT|[80]|field|"common.apex.runtime.impl.ApexFieldToken@5d74ad9e"|0x5d74ad9e
06:14:34.0 (48365378)|STATEMENT_EXECUTE|[80]
06:14:34.0 (48434796)|HEAP_ALLOCATE|[81]|Bytes:8
06:14:34.0 (48444969)|STATEMENT_EXECUTE|[82]
06:14:34.0 (48457466)|HEAP_ALLOCATE|[82]|Bytes:8
06:14:34.0 (48463866)|HEAP_ALLOCATE|[82]|Bytes:14
06:14:34.0 (48470271)|HEAP_ALLOCATE|[EXTERNAL]|Bytes:4
06:14:34.0 (48483211)|HEAP_ALLOCATE|[80]|Bytes:5
06:14:34.0 (48494516)|VARIABLE_SCOPE_BEGIN|[80]|field|Schema.SObjectField|true|false
06:14:34.0 (48553130)|VARIABLE_ASSIGNMENT|[80]|field|"common.apex.runtime.impl.ApexFieldToken@4e83866b"|0x4e83866b
06:14:34.0 (48561124)|STATEMENT_EXECUTE|[80]
06:14:34.0 (48633206)|HEAP_ALLOCATE|[81]|Bytes:8
06:14:34.0 (48644193)|STATEMENT_EXECUTE|[82]
06:14:34.0 (48657315)|HEAP_ALLOCATE|[82]|Bytes:8
06:14:34.0 (48663835)|HEAP_ALLOCATE|[82]|Bytes:13
06:14:34.0 (48670426)|HEAP_ALLOCATE|[EXTERNAL]|Bytes:4
06:14:34.0 (48679226)|HEAP_ALLOCATE|[80]|Bytes:5
06:14:34.0 (48689965)|VARIABLE_SCOPE_BEGIN|[80]|field|Schema.SObjectField|true|false
06:14:34.0 (48748588)|VARIABLE_ASSIGNMENT|[80]|field|"common.apex.runtime.impl.ApexFieldToken@70289eef"|0x70289eef
06:14:34.0 (48754855)|STATEMENT_EXECUTE|[80]
06:14:34.0 (48823986)|HEAP_ALLOCATE|[81]|Bytes:8
06:14:34.0 (48834339)|STATEMENT_EXECUTE|[82]
06:14:34.0 (48847091)|HEAP_ALLOCATE|[82]|Bytes:8
06:14:34.0 (48853359)|HEAP_ALLOCATE|[82]|Bytes:5
06:14:34.0 (48859947)|HEAP_ALLOCATE|[EXTERNAL]|Bytes:4
06:14:34.0 (48869906)|HEAP_ALLOCATE|[80]|Bytes:5
06:14:34.0 (48880128)|VARIABLE_SCOPE_BEGIN|[80]|field|Schema.SObjectField|true|false
06:14:34.0 (48937066)|VARIABLE_ASSIGNMENT|[80]|field|"common.apex.runtime.impl.ApexFieldToken@3d2bdbf8"|0x3d2bdbf8
06:14:34.0 (48944226)|STATEMENT_EXECUTE|[80]
06:14:34.0 (49012292)|HEAP_ALLOCATE|[81]|Bytes:8
06:14:34.0 (49023550)|STATEMENT_EXECUTE|[82]
06:14:34.0 (49036904)|HEAP_ALLOCATE|[82]|Bytes:8
06:14:34.0 (49043852)|HEAP_ALLOCATE|[82]|Bytes:11
06:14:34.0 (49050562)|HEAP_ALLOCATE|[EXTERNAL]|Bytes:4
06:14:34.0 (49059557)|HEAP_ALLOCATE|[80]|Bytes:5
06:14:34.0 (49069627)|VARIABLE_SCOPE_BEGIN|[80]|field|Schema.SObjectField|true|false
06:14:34.0 (49127416)|VARIABLE_ASSIGNMENT|[80]|field|"common.apex.runtime.impl.ApexFieldToken@45cb899e"|0x45cb899e
06:14:34.0 (49134245)|STATEMENT_EXECUTE|[80]
06:14:34.0 (49203524)|HEAP_ALLOCATE|[81]|Bytes:8
06:14:34.0 (49214214)|STATEMENT_EXECUTE|[82]
06:14:34.0 (49227318)|HEAP_ALLOCATE|[82]|Bytes:8
06:14:34.0 (49234245)|HEAP_ALLOCATE|[82]|Bytes:5
06:14:34.0 (49241175)|HEAP_ALLOCATE|[EXTERNAL]|Bytes:4
06:14:34.0 (49249874)|HEAP_ALLOCATE|[80]|Bytes:5
06:14:34.0 (49259744)|VARIABLE_SCOPE_BEGIN|[80]|field|Schema.SObjectField|true|false
06:14:34.0 (49316696)|VARIABLE_ASSIGNMENT|[80]|field|"common.apex.runtime.impl.ApexFieldToken@1729ef92"|0x1729ef92
06:14:34.0 (49323192)|STATEMENT_EXECUTE|[80]
06:14:34.0 (49441992)|HEAP_ALLOCATE|[81]|Bytes:8
06:14:34.0 (49453810)|STATEMENT_EXECUTE|[82]
06:14:34.0 (49468352)|HEAP_ALLOCATE|[82]|Bytes:8
06:14:34.0 (49475932)|HEAP_ALLOCATE|[82]|Bytes:25
06:14:34.0 (49494070)|HEAP_ALLOCATE|[EXTERNAL]|Bytes:4
06:14:34.0 (49503684)|HEAP_ALLOCATE|[80]|Bytes:5
06:14:34.0 (49514719)|VARIABLE_SCOPE_BEGIN|[80]|field|Schema.SObjectField|true|false
06:14:34.0 (49574573)|VARIABLE_ASSIGNMENT|[80]|field|"common.apex.runtime.impl.ApexFieldToken@23c2d47e"|0x23c2d47e
06:14:34.0 (49581535)|STATEMENT_EXECUTE|[80]
06:14:34.0 (49685156)|HEAP_ALLOCATE|[81]|Bytes:8
06:14:34.0 (49696112)|STATEMENT_EXECUTE|[82]
06:14:34.0 (49709996)|HEAP_ALLOCATE|[82]|Bytes:8
06:14:34.0 (49716922)|HEAP_ALLOCATE|[82]|Bytes:12
06:14:34.0 (49723745)|HEAP_ALLOCATE|[EXTERNAL]|Bytes:4
06:14:34.0 (49733701)|HEAP_ALLOCATE|[80]|Bytes:5
06:14:34.0 (49744740)|VARIABLE_SCOPE_BEGIN|[80]|field|Schema.SObjectField|true|false
06:14:34.0 (49803597)|VARIABLE_ASSIGNMENT|[80]|field|"common.apex.runtime.impl.ApexFieldToken@40d53fe5"|0x40d53fe5
06:14:34.0 (49810399)|STATEMENT_EXECUTE|[80]
06:14:34.0 (49884900)|HEAP_ALLOCATE|[81]|Bytes:8
06:14:34.0 (49895646)|STATEMENT_EXECUTE|[82]
06:14:34.0 (49908751)|HEAP_ALLOCATE|[82]|Bytes:8
06:14:34.0 (49915203)|HEAP_ALLOCATE|[82]|Bytes:21
06:14:34.0 (49922206)|HEAP_ALLOCATE|[EXTERNAL]|Bytes:4
06:14:34.0 (49931194)|HEAP_ALLOCATE|[80]|Bytes:5
06:14:34.0 (49941711)|VARIABLE_SCOPE_BEGIN|[80]|field|Schema.SObjectField|true|false
06:14:34.0 (49999266)|VARIABLE_ASSIGNMENT|[80]|field|"common.apex.runtime.impl.ApexFieldToken@594bd918"|0x594bd918
06:14:34.0 (50006290)|STATEMENT_EXECUTE|[80]
06:14:34.0 (50078134)|HEAP_ALLOCATE|[81]|Bytes:8
06:14:34.0 (50089523)|STATEMENT_EXECUTE|[82]
06:14:34.0 (50102656)|HEAP_ALLOCATE|[82]|Bytes:8
06:14:34.0 (50109377)|HEAP_ALLOCATE|[82]|Bytes:19
06:14:34.0 (50115770)|HEAP_ALLOCATE|[EXTERNAL]|Bytes:4
06:14:34.0 (50124713)|HEAP_ALLOCATE|[80]|Bytes:5
06:14:34.0 (50135090)|VARIABLE_SCOPE_BEGIN|[80]|field|Schema.SObjectField|true|false
06:14:34.0 (50192918)|VARIABLE_ASSIGNMENT|[80]|field|"common.apex.runtime.impl.ApexFieldToken@146e8dc"|0x146e8dc
06:14:34.0 (50199731)|STATEMENT_EXECUTE|[80]
06:14:34.0 (50271191)|HEAP_ALLOCATE|[81]|Bytes:8
06:14:34.0 (50281744)|STATEMENT_EXECUTE|[82]
06:14:34.0 (50294906)|HEAP_ALLOCATE|[82]|Bytes:8
06:14:34.0 (50301428)|HEAP_ALLOCATE|[82]|Bytes:8
06:14:34.0 (50307955)|HEAP_ALLOCATE|[EXTERNAL]|Bytes:4
06:14:34.0 (50316885)|HEAP_ALLOCATE|[80]|Bytes:5
06:14:34.0 (50326799)|VARIABLE_SCOPE_BEGIN|[80]|field|Schema.SObjectField|true|false
06:14:34.0 (50384215)|VARIABLE_ASSIGNMENT|[80]|field|"common.apex.runtime.impl.ApexFieldToken@3412bdae"|0x3412bdae
06:14:34.0 (50391181)|STATEMENT_EXECUTE|[80]
06:14:34.0 (50459577)|HEAP_ALLOCATE|[81]|Bytes:8
06:14:34.0 (50470197)|STATEMENT_EXECUTE|[82]
06:14:34.0 (50486890)|HEAP_ALLOCATE|[82]|Bytes:8
06:14:34.0 (50494253)|HEAP_ALLOCATE|[82]|Bytes:8
06:14:34.0 (50500782)|HEAP_ALLOCATE|[EXTERNAL]|Bytes:4
06:14:34.0 (50509992)|HEAP_ALLOCATE|[80]|Bytes:5
06:14:34.0 (50520571)|VARIABLE_SCOPE_BEGIN|[80]|field|Schema.SObjectField|true|false
06:14:34.0 (50578776)|VARIABLE_ASSIGNMENT|[80]|field|"common.apex.runtime.impl.ApexFieldToken@5d5196de"|0x5d5196de
06:14:34.0 (50585735)|STATEMENT_EXECUTE|[80]
06:14:34.0 (50653731)|HEAP_ALLOCATE|[81]|Bytes:8
06:14:34.0 (50664610)|STATEMENT_EXECUTE|[82]
06:14:34.0 (50676880)|HEAP_ALLOCATE|[82]|Bytes:8
06:14:34.0 (50683501)|HEAP_ALLOCATE|[82]|Bytes:10
06:14:34.0 (50689837)|HEAP_ALLOCATE|[EXTERNAL]|Bytes:4
06:14:34.0 (50698641)|HEAP_ALLOCATE|[80]|Bytes:5
06:14:34.0 (50708583)|VARIABLE_SCOPE_BEGIN|[80]|field|Schema.SObjectField|true|false
06:14:34.0 (50766326)|VARIABLE_ASSIGNMENT|[80]|field|"common.apex.runtime.impl.ApexFieldToken@5a551775"|0x5a551775
06:14:34.0 (50772920)|STATEMENT_EXECUTE|[80]
06:14:34.0 (50840896)|HEAP_ALLOCATE|[81]|Bytes:8
06:14:34.0 (50851478)|STATEMENT_EXECUTE|[82]
06:14:34.0 (50864336)|HEAP_ALLOCATE|[82]|Bytes:8
06:14:34.0 (50871259)|HEAP_ALLOCATE|[82]|Bytes:8
06:14:34.0 (50877605)|HEAP_ALLOCATE|[EXTERNAL]|Bytes:4
06:14:34.0 (50886781)|HEAP_ALLOCATE|[80]|Bytes:5
06:14:34.0 (50896660)|VARIABLE_SCOPE_BEGIN|[80]|field|Schema.SObjectField|true|false
06:14:34.0 (50955444)|VARIABLE_ASSIGNMENT|[80]|field|"common.apex.runtime.impl.ApexFieldToken@6ce314eb"|0x6ce314eb
06:14:34.0 (50962024)|STATEMENT_EXECUTE|[80]
06:14:34.0 (51030557)|HEAP_ALLOCATE|[81]|Bytes:8
06:14:34.0 (51042057)|STATEMENT_EXECUTE|[82]
06:14:34.0 (51054557)|HEAP_ALLOCATE|[82]|Bytes:8
06:14:34.0 (51061667)|HEAP_ALLOCATE|[82]|Bytes:7
06:14:34.0 (51068437)|HEAP_ALLOCATE|[EXTERNAL]|Bytes:4
06:14:34.0 (51077151)|HEAP_ALLOCATE|[80]|Bytes:5
06:14:34.0 (51087358)|VARIABLE_SCOPE_BEGIN|[80]|field|Schema.SObjectField|true|false
06:14:34.0 (51144228)|VARIABLE_ASSIGNMENT|[80]|field|"common.apex.runtime.impl.ApexFieldToken@4d3d3b14"|0x4d3d3b14
06:14:34.0 (51151110)|STATEMENT_EXECUTE|[80]
06:14:34.0 (51217102)|HEAP_ALLOCATE|[81]|Bytes:8
06:14:34.0 (51228131)|STATEMENT_EXECUTE|[82]
06:14:34.0 (51240665)|HEAP_ALLOCATE|[82]|Bytes:8
06:14:34.0 (51247262)|HEAP_ALLOCATE|[82]|Bytes:8
06:14:34.0 (51253775)|HEAP_ALLOCATE|[EXTERNAL]|Bytes:4
06:14:34.0 (51262915)|HEAP_ALLOCATE|[80]|Bytes:5
06:14:34.0 (51273074)|VARIABLE_SCOPE_BEGIN|[80]|field|Schema.SObjectField|true|false
06:14:34.0 (51332109)|VARIABLE_ASSIGNMENT|[80]|field|"common.apex.runtime.impl.ApexFieldToken@1c8ba30b"|0x1c8ba30b
06:14:34.0 (51338964)|STATEMENT_EXECUTE|[80]
06:14:34.0 (51408682)|HEAP_ALLOCATE|[81]|Bytes:8
06:14:34.0 (51419642)|STATEMENT_EXECUTE|[82]
06:14:34.0 (51432854)|HEAP_ALLOCATE|[82]|Bytes:8
06:14:34.0 (51439836)|HEAP_ALLOCATE|[82]|Bytes:7
06:14:34.0 (51446074)|HEAP_ALLOCATE|[EXTERNAL]|Bytes:4
06:14:34.0 (51455073)|HEAP_ALLOCATE|[80]|Bytes:5
06:14:34.0 (51464225)|VARIABLE_ASSIGNMENT|[80]|field|null|
06:14:34.0 (51469200)|STATEMENT_EXECUTE|[84]
06:14:34.0 (51473443)|VARIABLE_SCOPE_BEGIN|[84]|allfields|String|false|false
06:14:34.0 (51486137)|VARIABLE_ASSIGNMENT|[84]|allfields|""
06:14:34.0 (51521732)|HEAP_ALLOCATE|[85]|Bytes:5
06:14:34.0 (51529671)|HEAP_ALLOCATE|[85]|Bytes:2
06:14:34.0 (51535089)|VARIABLE_SCOPE_BEGIN|[85]|fieldname|String|false|false
06:14:34.0 (51543474)|VARIABLE_ASSIGNMENT|[85]|fieldname|"Id"
06:14:34.0 (51547344)|STATEMENT_EXECUTE|[86]
06:14:34.0 (51549425)|HEAP_ALLOCATE|[86]|Bytes:1
06:14:34.0 (51564905)|HEAP_ALLOCATE|[86]|Bytes:3
06:14:34.0 (51569784)|HEAP_ALLOCATE|[86]|Bytes:3
06:14:34.0 (51574758)|VARIABLE_ASSIGNMENT|[86]|allfields|"Id,"
06:14:34.0 (51582756)|HEAP_ALLOCATE|[85]|Bytes:5
06:14:34.0 (51588227)|HEAP_ALLOCATE|[85]|Bytes:7
06:14:34.0 (51592316)|VARIABLE_SCOPE_BEGIN|[85]|fieldname|String|false|false
06:14:34.0 (51599665)|VARIABLE_ASSIGNMENT|[85]|fieldname|"OwnerId"
06:14:34.0 (51603190)|STATEMENT_EXECUTE|[86]
06:14:34.0 (51605972)|HEAP_ALLOCATE|[86]|Bytes:8
06:14:34.0 (51609365)|HEAP_ALLOCATE|[86]|Bytes:11
06:14:34.0 (51613159)|VARIABLE_ASSIGNMENT|[86]|allfields|"Id,OwnerId,"
06:14:34.0 (51618949)|HEAP_ALLOCATE|[85]|Bytes:5
06:14:34.0 (51624034)|HEAP_ALLOCATE|[85]|Bytes:9
06:14:34.0 (51627717)|VARIABLE_SCOPE_BEGIN|[85]|fieldname|String|false|false
06:14:34.0 (51633833)|VARIABLE_ASSIGNMENT|[85]|fieldname|"IsDeleted"
06:14:34.0 (51637751)|STATEMENT_EXECUTE|[86]
06:14:34.0 (51639971)|HEAP_ALLOCATE|[86]|Bytes:10
06:14:34.0 (51643310)|HEAP_ALLOCATE|[86]|Bytes:21
06:14:34.0 (51649477)|VARIABLE_ASSIGNMENT|[86]|allfields|"Id,OwnerId,IsDeleted (1 more) ..."
06:14:34.0 (51655975)|HEAP_ALLOCATE|[85]|Bytes:5
06:14:34.0 (51661112)|HEAP_ALLOCATE|[85]|Bytes:4
06:14:34.0 (51664143)|VARIABLE_SCOPE_BEGIN|[85]|fieldname|String|false|false
06:14:34.0 (51670928)|VARIABLE_ASSIGNMENT|[85]|fieldname|"Name"
06:14:34.0 (51674207)|STATEMENT_EXECUTE|[86]
06:14:34.0 (51676339)|HEAP_ALLOCATE|[86]|Bytes:5
06:14:34.0 (51679746)|HEAP_ALLOCATE|[86]|Bytes:26
06:14:34.0 (51684018)|VARIABLE_ASSIGNMENT|[86]|allfields|"Id,OwnerId,IsDeleted (6 more) ..."
06:14:34.0 (51689650)|HEAP_ALLOCATE|[85]|Bytes:5
06:14:34.0 (51694288)|HEAP_ALLOCATE|[85]|Bytes:11
06:14:34.0 (51697320)|VARIABLE_SCOPE_BEGIN|[85]|fieldname|String|false|false
06:14:34.0 (51703672)|VARIABLE_ASSIGNMENT|[85]|fieldname|"CreatedDate"
06:14:34.0 (51707059)|STATEMENT_EXECUTE|[86]
06:14:34.0 (51709097)|HEAP_ALLOCATE|[86]|Bytes:12
06:14:34.0 (51712543)|HEAP_ALLOCATE|[86]|Bytes:38
06:14:34.0 (51717311)|VARIABLE_ASSIGNMENT|[86]|allfields|"Id,OwnerId,IsDeleted (18 more) ..."
06:14:34.0 (51723505)|HEAP_ALLOCATE|[85]|Bytes:5
06:14:34.0 (51728297)|HEAP_ALLOCATE|[85]|Bytes:11
06:14:34.0 (51731682)|VARIABLE_SCOPE_BEGIN|[85]|fieldname|String|false|false
06:14:34.0 (51737619)|VARIABLE_ASSIGNMENT|[85]|fieldname|"CreatedById"
06:14:34.0 (51740746)|STATEMENT_EXECUTE|[86]
06:14:34.0 (51743110)|HEAP_ALLOCATE|[86]|Bytes:12
06:14:34.0 (51746274)|HEAP_ALLOCATE|[86]|Bytes:50
06:14:34.0 (51750564)|VARIABLE_ASSIGNMENT|[86]|allfields|"Id,OwnerId,IsDeleted (30 more) ..."
06:14:34.0 (51756765)|HEAP_ALLOCATE|[85]|Bytes:5
06:14:34.0 (51761731)|HEAP_ALLOCATE|[85]|Bytes:16
06:14:34.0 (51764997)|VARIABLE_SCOPE_BEGIN|[85]|fieldname|String|false|false
06:14:34.0 (51771414)|VARIABLE_ASSIGNMENT|[85]|fieldname|"LastModifiedDate"
06:14:34.0 (51774829)|STATEMENT_EXECUTE|[86]
06:14:34.0 (51777008)|HEAP_ALLOCATE|[86]|Bytes:17
06:14:34.0 (51779801)|HEAP_ALLOCATE|[86]|Bytes:67
06:14:34.0 (51784225)|VARIABLE_ASSIGNMENT|[86]|allfields|"Id,OwnerId,IsDeleted (47 more) ..."
06:14:34.0 (51790026)|HEAP_ALLOCATE|[85]|Bytes:5
06:14:34.0 (51795059)|HEAP_ALLOCATE|[85]|Bytes:16
06:14:34.0 (51798513)|VARIABLE_SCOPE_BEGIN|[85]|fieldname|String|false|false
06:14:34.0 (51804525)|VARIABLE_ASSIGNMENT|[85]|fieldname|"LastModifiedById"
06:14:34.0 (51807328)|STATEMENT_EXECUTE|[86]
06:14:34.0 (51809389)|HEAP_ALLOCATE|[86]|Bytes:17
06:14:34.0 (51812433)|HEAP_ALLOCATE|[86]|Bytes:84
06:14:34.0 (51816344)|VARIABLE_ASSIGNMENT|[86]|allfields|"Id,OwnerId,IsDeleted (64 more) ..."
06:14:34.0 (51822048)|HEAP_ALLOCATE|[85]|Bytes:5
06:14:34.0 (51826552)|HEAP_ALLOCATE|[85]|Bytes:14
06:14:34.0 (51830328)|VARIABLE_SCOPE_BEGIN|[85]|fieldname|String|false|false
06:14:34.0 (51836370)|VARIABLE_ASSIGNMENT|[85]|fieldname|"SystemModstamp"
06:14:34.0 (51839467)|STATEMENT_EXECUTE|[86]
06:14:34.0 (51841506)|HEAP_ALLOCATE|[86]|Bytes:15
06:14:34.0 (51844531)|HEAP_ALLOCATE|[86]|Bytes:99
06:14:34.0 (51848596)|VARIABLE_ASSIGNMENT|[86]|allfields|"Id,OwnerId,IsDeleted (79 more) ..."
06:14:34.0 (51854539)|HEAP_ALLOCATE|[85]|Bytes:5
06:14:34.0 (51859249)|HEAP_ALLOCATE|[85]|Bytes:16
06:14:34.0 (51863526)|VARIABLE_SCOPE_BEGIN|[85]|fieldname|String|false|false
06:14:34.0 (51870347)|VARIABLE_ASSIGNMENT|[85]|fieldname|"LastActivityDate"
06:14:34.0 (51873661)|STATEMENT_EXECUTE|[86]
06:14:34.0 (51875765)|HEAP_ALLOCATE|[86]|Bytes:17
06:14:34.0 (51879351)|HEAP_ALLOCATE|[86]|Bytes:116
06:14:34.0 (51884091)|VARIABLE_ASSIGNMENT|[86]|allfields|"Id,OwnerId,IsDeleted (96 more) ..."
06:14:34.0 (51889982)|HEAP_ALLOCATE|[85]|Bytes:5
06:14:34.0 (51895087)|HEAP_ALLOCATE|[85]|Bytes:14
06:14:34.0 (51898189)|VARIABLE_SCOPE_BEGIN|[85]|fieldname|String|false|false
06:14:34.0 (51905603)|VARIABLE_ASSIGNMENT|[85]|fieldname|"LastViewedDate"
06:14:34.0 (51909378)|STATEMENT_EXECUTE|[86]
06:14:34.0 (51911584)|HEAP_ALLOCATE|[86]|Bytes:15
06:14:34.0 (51914929)|HEAP_ALLOCATE|[86]|Bytes:131
06:14:34.0 (51919195)|VARIABLE_ASSIGNMENT|[86]|allfields|"Id,OwnerId,IsDeleted (111 more) ..."
06:14:34.0 (51925038)|HEAP_ALLOCATE|[85]|Bytes:5
06:14:34.0 (51929741)|HEAP_ALLOCATE|[85]|Bytes:18
06:14:34.0 (51933813)|VARIABLE_SCOPE_BEGIN|[85]|fieldname|String|false|false
06:14:34.0 (51940508)|VARIABLE_ASSIGNMENT|[85]|fieldname|"LastReferencedDate"
06:14:34.0 (51943549)|STATEMENT_EXECUTE|[86]
06:14:34.0 (51945783)|HEAP_ALLOCATE|[86]|Bytes:19
06:14:34.0 (51948902)|HEAP_ALLOCATE|[86]|Bytes:150
06:14:34.0 (51953026)|VARIABLE_ASSIGNMENT|[86]|allfields|"Id,OwnerId,IsDeleted (130 more) ..."
06:14:34.0 (51959566)|HEAP_ALLOCATE|[85]|Bytes:5
06:14:34.0 (51964162)|HEAP_ALLOCATE|[85]|Bytes:9
06:14:34.0 (51967750)|VARIABLE_SCOPE_BEGIN|[85]|fieldname|String|false|false
06:14:34.0 (51974011)|VARIABLE_ASSIGNMENT|[85]|fieldname|"Client__c"
06:14:34.0 (51977017)|STATEMENT_EXECUTE|[86]
06:14:34.0 (51979190)|HEAP_ALLOCATE|[86]|Bytes:10
06:14:34.0 (51982424)|HEAP_ALLOCATE|[86]|Bytes:160
06:14:34.0 (51986296)|VARIABLE_ASSIGNMENT|[86]|allfields|"Id,OwnerId,IsDeleted (140 more) ..."
06:14:34.0 (51992038)|HEAP_ALLOCATE|[85]|Bytes:5
06:14:34.0 (51996933)|HEAP_ALLOCATE|[85]|Bytes:15
06:14:34.0 (52000549)|VARIABLE_SCOPE_BEGIN|[85]|fieldname|String|false|false
06:14:34.0 (52008181)|VARIABLE_ASSIGNMENT|[85]|fieldname|"End_Customer__c"
06:14:34.0 (52011644)|STATEMENT_EXECUTE|[86]
06:14:34.0 (52013768)|HEAP_ALLOCATE|[86]|Bytes:16
06:14:34.0 (52017298)|HEAP_ALLOCATE|[86]|Bytes:176
06:14:34.0 (52021241)|VARIABLE_ASSIGNMENT|[86]|allfields|"Id,OwnerId,IsDeleted (156 more) ..."
06:14:34.0 (52026708)|HEAP_ALLOCATE|[85]|Bytes:5
06:14:34.0 (52031287)|HEAP_ALLOCATE|[85]|Bytes:19
06:14:34.0 (52034384)|VARIABLE_SCOPE_BEGIN|[85]|fieldname|String|false|false
06:14:34.0 (52040897)|VARIABLE_ASSIGNMENT|[85]|fieldname|"Operation_Region__c"
06:14:34.0 (52044177)|STATEMENT_EXECUTE|[86]
06:14:34.0 (52046617)|HEAP_ALLOCATE|[86]|Bytes:20
06:14:34.0 (52050211)|HEAP_ALLOCATE|[86]|Bytes:196
06:14:34.0 (52054600)|VARIABLE_ASSIGNMENT|[86]|allfields|"Id,OwnerId,IsDeleted (176 more) ..."
06:14:34.0 (52060545)|HEAP_ALLOCATE|[85]|Bytes:5
06:14:34.0 (52065297)|HEAP_ALLOCATE|[85]|Bytes:14
06:14:34.0 (52068553)|VARIABLE_SCOPE_BEGIN|[85]|fieldname|String|false|false
06:14:34.0 (52075822)|VARIABLE_ASSIGNMENT|[85]|fieldname|"Work_Region__c"
06:14:34.0 (52078828)|STATEMENT_EXECUTE|[86]
06:14:34.0 (52080944)|HEAP_ALLOCATE|[86]|Bytes:15
06:14:34.0 (52084174)|HEAP_ALLOCATE|[86]|Bytes:211
06:14:34.0 (52088370)|VARIABLE_ASSIGNMENT|[86]|allfields|"Id,OwnerId,IsDeleted (191 more) ..."
06:14:34.0 (52094221)|HEAP_ALLOCATE|[85]|Bytes:5
06:14:34.0 (52099548)|HEAP_ALLOCATE|[85]|Bytes:25
06:14:34.0 (52103072)|VARIABLE_SCOPE_BEGIN|[85]|fieldname|String|false|false
06:14:34.0 (52110078)|VARIABLE_ASSIGNMENT|[85]|fieldname|"Client_Project_Manag (5 more) ..."
06:14:34.0 (52113330)|STATEMENT_EXECUTE|[86]
06:14:34.0 (52115450)|HEAP_ALLOCATE|[86]|Bytes:26
06:14:34.0 (52119002)|HEAP_ALLOCATE|[86]|Bytes:237
06:14:34.0 (52122855)|VARIABLE_ASSIGNMENT|[86]|allfields|"Id,OwnerId,IsDeleted (217 more) ..."
06:14:34.0 (52128829)|HEAP_ALLOCATE|[85]|Bytes:5
06:14:34.0 (52133279)|HEAP_ALLOCATE|[85]|Bytes:15
06:14:34.0 (52136264)|VARIABLE_SCOPE_BEGIN|[85]|fieldname|String|false|false
06:14:34.0 (52147945)|VARIABLE_ASSIGNMENT|[85]|fieldname|"Project_code__c"
06:14:34.0 (52151778)|STATEMENT_EXECUTE|[86]
06:14:34.0 (52154325)|HEAP_ALLOCATE|[86]|Bytes:16
06:14:34.0 (52157515)|HEAP_ALLOCATE|[86]|Bytes:253
06:14:34.0 (52161516)|VARIABLE_ASSIGNMENT|[86]|allfields|"Id,OwnerId,IsDeleted (233 more) ..."
06:14:34.0 (52167508)|HEAP_ALLOCATE|[85]|Bytes:5
06:14:34.0 (52171987)|HEAP_ALLOCATE|[85]|Bytes:23
06:14:34.0 (52176080)|VARIABLE_SCOPE_BEGIN|[85]|fieldname|String|false|false
06:14:34.0 (52182900)|VARIABLE_ASSIGNMENT|[85]|fieldname|"Company_project_code (3 more) ..."
06:14:34.0 (52186298)|STATEMENT_EXECUTE|[86]
06:14:34.0 (52188529)|HEAP_ALLOCATE|[86]|Bytes:24
06:14:34.0 (52191980)|HEAP_ALLOCATE|[86]|Bytes:277
06:14:34.0 (52196240)|VARIABLE_ASSIGNMENT|[86]|allfields|"Id,OwnerId,IsDeleted (257 more) ..."
06:14:34.0 (52202099)|HEAP_ALLOCATE|[85]|Bytes:5
06:14:34.0 (52207202)|HEAP_ALLOCATE|[85]|Bytes:16
06:14:34.0 (52210579)|VARIABLE_SCOPE_BEGIN|[85]|fieldname|String|false|false
06:14:34.0 (52217106)|VARIABLE_ASSIGNMENT|[85]|fieldname|"Project_Scope__c"
06:14:34.0 (52220739)|STATEMENT_EXECUTE|[86]
06:14:34.0 (52223056)|HEAP_ALLOCATE|[86]|Bytes:17
06:14:34.0 (52226308)|HEAP_ALLOCATE|[86]|Bytes:294
06:14:34.0 (52230301)|VARIABLE_ASSIGNMENT|[86]|allfields|"Id,OwnerId,IsDeleted (274 more) ..."
06:14:34.0 (52235919)|HEAP_ALLOCATE|[85]|Bytes:5
06:14:34.0 (52240919)|HEAP_ALLOCATE|[85]|Bytes:14
06:14:34.0 (52244529)|VARIABLE_SCOPE_BEGIN|[85]|fieldname|String|false|false
06:14:34.0 (52250844)|VARIABLE_ASSIGNMENT|[85]|fieldname|"Cost_Centre__c"
06:14:34.0 (52253892)|STATEMENT_EXECUTE|[86]
06:14:34.0 (52255972)|HEAP_ALLOCATE|[86]|Bytes:15
06:14:34.0 (52259413)|HEAP_ALLOCATE|[86]|Bytes:309
06:14:34.0 (52263461)|VARIABLE_ASSIGNMENT|[86]|allfields|"Id,OwnerId,IsDeleted (289 more) ..."
06:14:34.0 (52269116)|HEAP_ALLOCATE|[85]|Bytes:5
06:14:34.0 (52273998)|HEAP_ALLOCATE|[85]|Bytes:13
06:14:34.0 (52277025)|VARIABLE_SCOPE_BEGIN|[85]|fieldname|String|false|false
06:14:34.0 (52283503)|VARIABLE_ASSIGNMENT|[85]|fieldname|"Production__c"
06:14:34.0 (52286825)|STATEMENT_EXECUTE|[86]
06:14:34.0 (52289327)|HEAP_ALLOCATE|[86]|Bytes:14
06:14:34.0 (52292683)|HEAP_ALLOCATE|[86]|Bytes:323
06:14:34.0 (52297277)|VARIABLE_ASSIGNMENT|[86]|allfields|"Id,OwnerId,IsDeleted (303 more) ..."
06:14:34.0 (52303194)|HEAP_ALLOCATE|[85]|Bytes:5
06:14:34.0 (52308488)|HEAP_ALLOCATE|[85]|Bytes:5
06:14:34.0 (52311543)|VARIABLE_SCOPE_BEGIN|[85]|fieldname|String|false|false
06:14:34.0 (52317498)|VARIABLE_ASSIGNMENT|[85]|fieldname|"QC__c"
06:14:34.0 (52320636)|STATEMENT_EXECUTE|[86]
06:14:34.0 (52322638)|HEAP_ALLOCATE|[86]|Bytes:6
06:14:34.0 (52326024)|HEAP_ALLOCATE|[86]|Bytes:329
06:14:34.0 (52330123)|VARIABLE_ASSIGNMENT|[86]|allfields|"Id,OwnerId,IsDeleted (309 more) ..."
06:14:34.0 (52336051)|HEAP_ALLOCATE|[85]|Bytes:5
06:14:34.0 (52340963)|HEAP_ALLOCATE|[85]|Bytes:11
06:14:34.0 (52344492)|VARIABLE_SCOPE_BEGIN|[85]|fieldname|String|false|false
06:14:34.0 (52350340)|VARIABLE_ASSIGNMENT|[85]|fieldname|"Delivery__c"
06:14:34.0 (52353611)|STATEMENT_EXECUTE|[86]
06:14:34.0 (52355672)|HEAP_ALLOCATE|[86]|Bytes:12
06:14:34.0 (52359267)|HEAP_ALLOCATE|[86]|Bytes:341
06:14:34.0 (52363186)|VARIABLE_ASSIGNMENT|[86]|allfields|"Id,OwnerId,IsDeleted (321 more) ..."
06:14:34.0 (52369188)|HEAP_ALLOCATE|[85]|Bytes:5
06:14:34.0 (52373763)|HEAP_ALLOCATE|[85]|Bytes:5
06:14:34.0 (52376791)|VARIABLE_SCOPE_BEGIN|[85]|fieldname|String|false|false
06:14:34.0 (52382935)|VARIABLE_ASSIGNMENT|[85]|fieldname|"QA__c"
06:14:34.0 (52386229)|STATEMENT_EXECUTE|[86]
06:14:34.0 (52388166)|HEAP_ALLOCATE|[86]|Bytes:6
06:14:34.0 (52391505)|HEAP_ALLOCATE|[86]|Bytes:347
06:14:34.0 (52395608)|VARIABLE_ASSIGNMENT|[86]|allfields|"Id,OwnerId,IsDeleted (327 more) ..."
06:14:34.0 (52401264)|HEAP_ALLOCATE|[85]|Bytes:5
06:14:34.0 (52406202)|HEAP_ALLOCATE|[85]|Bytes:25
06:14:34.0 (52409283)|VARIABLE_SCOPE_BEGIN|[85]|fieldname|String|false|false
06:14:34.0 (52415882)|VARIABLE_ASSIGNMENT|[85]|fieldname|"OffshoreProjectManag (5 more) ..."
06:14:34.0 (52419126)|STATEMENT_EXECUTE|[86]
06:14:34.0 (52421213)|HEAP_ALLOCATE|[86]|Bytes:26
06:14:34.0 (52424434)|HEAP_ALLOCATE|[86]|Bytes:373
06:14:34.0 (52428689)|VARIABLE_ASSIGNMENT|[86]|allfields|"Id,OwnerId,IsDeleted (353 more) ..."
06:14:34.0 (52434719)|HEAP_ALLOCATE|[85]|Bytes:5
06:14:34.0 (52439753)|HEAP_ALLOCATE|[85]|Bytes:12
06:14:34.0 (52442896)|VARIABLE_SCOPE_BEGIN|[85]|fieldname|String|false|false
06:14:34.0 (52449367)|VARIABLE_ASSIGNMENT|[85]|fieldname|"Team_Lead__c"
06:14:34.0 (52452712)|STATEMENT_EXECUTE|[86]
06:14:34.0 (52454737)|HEAP_ALLOCATE|[86]|Bytes:13
06:14:34.0 (52458092)|HEAP_ALLOCATE|[86]|Bytes:386
06:14:34.0 (52462268)|VARIABLE_ASSIGNMENT|[86]|allfields|"Id,OwnerId,IsDeleted (366 more) ..."
06:14:34.0 (52468117)|HEAP_ALLOCATE|[85]|Bytes:5
06:14:34.0 (52473228)|HEAP_ALLOCATE|[85]|Bytes:21
06:14:34.0 (52476260)|VARIABLE_SCOPE_BEGIN|[85]|fieldname|String|false|false
06:14:34.0 (52487754)|VARIABLE_ASSIGNMENT|[85]|fieldname|"Project_Start_Date__ (1 more) ..."
06:14:34.0 (52491352)|STATEMENT_EXECUTE|[86]
06:14:34.0 (52493662)|HEAP_ALLOCATE|[86]|Bytes:22
06:14:34.0 (52497532)|HEAP_ALLOCATE|[86]|Bytes:408
06:14:34.0 (52502057)|VARIABLE_ASSIGNMENT|[86]|allfields|"Id,OwnerId,IsDeleted (388 more) ..."
06:14:34.0 (52508035)|HEAP_ALLOCATE|[85]|Bytes:5
06:14:34.0 (52513358)|HEAP_ALLOCATE|[85]|Bytes:19
06:14:34.0 (52516931)|VARIABLE_SCOPE_BEGIN|[85]|fieldname|String|false|false
06:14:34.0 (52523448)|VARIABLE_ASSIGNMENT|[85]|fieldname|"Project_End_Date__c"
06:14:34.0 (52526632)|STATEMENT_EXECUTE|[86]
06:14:34.0 (52528639)|HEAP_ALLOCATE|[86]|Bytes:20
06:14:34.0 (52532122)|HEAP_ALLOCATE|[86]|Bytes:428
06:14:34.0 (52536205)|VARIABLE_ASSIGNMENT|[86]|allfields|"Id,OwnerId,IsDeleted (408 more) ..."
06:14:34.0 (52542157)|HEAP_ALLOCATE|[85]|Bytes:5
06:14:34.0 (52546833)|HEAP_ALLOCATE|[85]|Bytes:8
06:14:34.0 (52550053)|VARIABLE_SCOPE_BEGIN|[85]|fieldname|String|false|false
06:14:34.0 (52556361)|VARIABLE_ASSIGNMENT|[85]|fieldname|"Units__c"
06:14:34.0 (52559522)|STATEMENT_EXECUTE|[86]
06:14:34.0 (52561640)|HEAP_ALLOCATE|[86]|Bytes:9
06:14:34.0 (52564618)|HEAP_ALLOCATE|[86]|Bytes:437
06:14:34.0 (52569057)|VARIABLE_ASSIGNMENT|[86]|allfields|"Id,OwnerId,IsDeleted (417 more) ..."
06:14:34.0 (52575494)|HEAP_ALLOCATE|[85]|Bytes:5
06:14:34.0 (52580041)|HEAP_ALLOCATE|[85]|Bytes:8
06:14:34.0 (52583645)|VARIABLE_SCOPE_BEGIN|[85]|fieldname|String|false|false
06:14:34.0 (52590689)|VARIABLE_ASSIGNMENT|[85]|fieldname|"Nodes__c"
06:14:34.0 (52593394)|STATEMENT_EXECUTE|[86]
06:14:34.0 (52595409)|HEAP_ALLOCATE|[86]|Bytes:9
06:14:34.0 (52598468)|HEAP_ALLOCATE|[86]|Bytes:446
06:14:34.0 (52602587)|VARIABLE_ASSIGNMENT|[86]|allfields|"Id,OwnerId,IsDeleted (426 more) ..."
06:14:34.0 (52608137)|HEAP_ALLOCATE|[85]|Bytes:5
06:14:34.0 (52613198)|HEAP_ALLOCATE|[85]|Bytes:10
06:14:34.0 (52616199)|VARIABLE_SCOPE_BEGIN|[85]|fieldname|String|false|false
06:14:34.0 (52622730)|VARIABLE_ASSIGNMENT|[85]|fieldname|"Footage__c"
06:14:34.0 (52626247)|STATEMENT_EXECUTE|[86]
06:14:34.0 (52628319)|HEAP_ALLOCATE|[86]|Bytes:11
06:14:34.0 (52631842)|HEAP_ALLOCATE|[86]|Bytes:457
06:14:34.0 (52636099)|VARIABLE_ASSIGNMENT|[86]|allfields|"Id,OwnerId,IsDeleted (437 more) ..."
06:14:34.0 (52642315)|HEAP_ALLOCATE|[85]|Bytes:5
06:14:34.0 (52647062)|HEAP_ALLOCATE|[85]|Bytes:8
06:14:34.0 (52650647)|VARIABLE_SCOPE_BEGIN|[85]|fieldname|String|false|false
06:14:34.0 (52656433)|VARIABLE_ASSIGNMENT|[85]|fieldname|"Miles__c"
06:14:34.0 (52659515)|STATEMENT_EXECUTE|[86]
06:14:34.0 (52661595)|HEAP_ALLOCATE|[86]|Bytes:9
06:14:34.0 (52664929)|HEAP_ALLOCATE|[86]|Bytes:466
06:14:34.0 (52668955)|VARIABLE_ASSIGNMENT|[86]|allfields|"Id,OwnerId,IsDeleted (446 more) ..."
06:14:34.0 (52674787)|HEAP_ALLOCATE|[85]|Bytes:5
06:14:34.0 (52679733)|HEAP_ALLOCATE|[85]|Bytes:7
06:14:34.0 (52683638)|VARIABLE_SCOPE_BEGIN|[85]|fieldname|String|false|false
06:14:34.0 (52690357)|VARIABLE_ASSIGNMENT|[85]|fieldname|"Jobs__c"
06:14:34.0 (52693194)|STATEMENT_EXECUTE|[86]
06:14:34.0 (52695206)|HEAP_ALLOCATE|[86]|Bytes:8
06:14:34.0 (52698802)|HEAP_ALLOCATE|[86]|Bytes:474
06:14:34.0 (52702702)|VARIABLE_ASSIGNMENT|[86]|allfields|"Id,OwnerId,IsDeleted (454 more) ..."
06:14:34.0 (52708129)|HEAP_ALLOCATE|[85]|Bytes:5
06:14:34.0 (52713475)|HEAP_ALLOCATE|[85]|Bytes:8
06:14:34.0 (52716558)|VARIABLE_SCOPE_BEGIN|[85]|fieldname|String|false|false
06:14:34.0 (52723099)|VARIABLE_ASSIGNMENT|[85]|fieldname|"Hours__c"
06:14:34.0 (52726205)|STATEMENT_EXECUTE|[86]
06:14:34.0 (52728651)|HEAP_ALLOCATE|[86]|Bytes:9
06:14:34.0 (52731939)|HEAP_ALLOCATE|[86]|Bytes:483
06:14:34.0 (52736345)|VARIABLE_ASSIGNMENT|[86]|allfields|"Id,OwnerId,IsDeleted (463 more) ..."
06:14:34.0 (52742363)|HEAP_ALLOCATE|[85]|Bytes:5
06:14:34.0 (52747370)|HEAP_ALLOCATE|[85]|Bytes:7
06:14:34.0 (52750708)|VARIABLE_SCOPE_BEGIN|[85]|fieldname|String|false|false
06:14:34.0 (52756726)|VARIABLE_ASSIGNMENT|[85]|fieldname|"Team__c"
06:14:34.0 (52760115)|STATEMENT_EXECUTE|[86]
06:14:34.0 (52762056)|HEAP_ALLOCATE|[86]|Bytes:8
06:14:34.0 (52765286)|HEAP_ALLOCATE|[86]|Bytes:491
06:14:34.0 (52769394)|VARIABLE_ASSIGNMENT|[86]|allfields|"Id,OwnerId,IsDeleted (471 more) ..."
06:14:34.0 (52775100)|HEAP_ALLOCATE|[85]|Bytes:5
06:14:34.0 (52782721)|VARIABLE_ASSIGNMENT|[85]|fieldname|null
06:14:34.0 (52786950)|STATEMENT_EXECUTE|[88]
06:14:34.0 (52849408)|HEAP_ALLOCATE|[88]|Bytes:490
06:14:34.0 (52860915)|VARIABLE_ASSIGNMENT|[88]|allfields|"Id,OwnerId,IsDeleted (470 more) ..."
06:14:34.0 (52864684)|STATEMENT_EXECUTE|[90]
06:14:34.0 (52876670)|METHOD_EXIT|[16]|01p7F00000Ehro9|PM_Project_Edit_Controller.getAllFields(String)
06:14:34.0 (52883027)|HEAP_ALLOCATE|[16]|Bytes:32
06:14:34.0 (52892135)|HEAP_ALLOCATE|[16]|Bytes:529
06:14:34.0 (53403504)|SOQL_EXECUTE_BEGIN|[16]|Aggregations:0|select Id,OwnerId,IsDeleted,Name,CreatedDate,CreatedById,LastModifiedDate,LastModifiedById,SystemModstamp,LastActivityDate,LastViewedDate,LastReferencedDate,Client__c,End_Customer__c,Operation_Region__c,Work_Region__c,Client_Project_Manager__c,Project_code__c,Company_project_code__c,Project_Scope__c,Cost_Centre__c,Production__c,QC__c,Delivery__c,QA__c,OffshoreProjectManager__c,Team_Lead__c,Project_Start_Date__c,Project_End_Date__c,Units__c,Nodes__c,Footage__c,Miles__c,Jobs__c,Hours__c,Team__c from Project__c where Id = :pid
06:14:34.0 (56951828)|SOQL_EXECUTE_END|[16]|Rows:1
06:14:34.0 (56977324)|HEAP_ALLOCATE|[16]|Bytes:8
06:14:34.0 (57008480)|HEAP_ALLOCATE|[16]|Bytes:580
06:14:34.0 (57069450)|HEAP_ALLOCATE|[16]|Bytes:8
06:14:34.0 (57084873)|HEAP_ALLOCATE|[16]|Bytes:36
06:14:34.0 (57124878)|HEAP_ALLOCATE|[16]|Bytes:88
06:14:34.0 (57192066)|VARIABLE_ASSIGNMENT|[EXTERNAL]|this|{"nonSelectedUserId":"(","project":"0x3cdc8318","usersList":"0x7251ef77"}|0x1f347a8a
06:14:34.0 (57270474)|VARIABLE_ASSIGNMENT|[EXTERNAL]|value|{"Id":"a057F0000039WImQAM","OwnerId":"0057F000000Tiz6QAC","IsDeleted":false,"Name":"3432","CreatedDate":"2018-01-22T13:31:57.000Z","CreatedById":"0057F000000Tiz6QAC","LastModifiedDate":"2018-01-22T13:40:46.000Z","LastModifiedById":"0057F000000Tiz6QAC","SystemModstamp":"2018-01-22T13:40:46.000Z","LastViewedDate":"2018-01-22T14:14:01.000Z","LastReferencedDate":"2018-01-22T14:14:01.000Z","Client__c":"a047F000002zkUjQAI","Company_project_code (3 more) ...":"iiiiiiiiiiiiiiiiiiii (11 more) ...","Production__c":100,"Units__c":true,"Nodes__c":false,"Footage__c":false,"Miles__c":false,"Jobs__c":false,"Hours__c":true,"Team__c":"Mani Sasank, Santhos (39 more) ..."}|0x50f4c5ad
06:14:34.0 (57340605)|VARIABLE_ASSIGNMENT|[3]|this.project|{"Id":"a057F0000039WImQAM","OwnerId":"0057F000000Tiz6QAC","IsDeleted":false,"Name":"3432","CreatedDate":"2018-01-22T13:31:57.000Z","CreatedById":"0057F000000Tiz6QAC","LastModifiedDate":"2018-01-22T13:40:46.000Z","LastModifiedById":"0057F000000Tiz6QAC","SystemModstamp":"2018-01-22T13:40:46.000Z","LastViewedDate":"2018-01-22T14:14:01.000Z","LastReferencedDate":"2018-01-22T14:14:01.000Z","Client__c":"a047F000002zkUjQAI","Company_project_code (3 more) ...":"iiiiiiiiiiiiiiiiiiii (11 more) ...","Production__c":100,"Units__c":true,"Nodes__c":false,"Footage__c":false,"Miles__c":false,"Jobs__c":false,"Hours__c":true,"Team__c":"Mani Sasank, Santhos (39 more) ..."}|0x1f347a8a
06:14:34.0 (57368588)|STATEMENT_EXECUTE|[17]
06:14:34.0 (57424097)|VARIABLE_ASSIGNMENT|[EXTERNAL]|this|{"nonSelectedUserId":"(","project":"0x50f4c5ad","usersList":"0x7251ef77"}|0x1f347a8a
06:14:34.0 (57512051)|VARIABLE_ASSIGNMENT|[EXTERNAL]|this|{"nonSelectedUserId":"(","project":"0x50f4c5ad","usersList":"0x7251ef77"}|0x1f347a8a
06:14:34.0 (57526459)|VARIABLE_ASSIGNMENT|[EXTERNAL]|value|"3432"
06:14:34.0 (57540531)|VARIABLE_ASSIGNMENT|[4]|this.pName|"3432"|0x1f347a8a
06:14:34.0 (57553214)|STATEMENT_EXECUTE|[19]
06:14:34.0 (57557132)|HEAP_ALLOCATE|[19]|Bytes:86
06:14:34.0 (57578926)|HEAP_ALLOCATE|[19]|Bytes:4
06:14:34.0 (57592819)|HEAP_ALLOCATE|[19]|Bytes:7
06:14:34.0 (58845090)|SOQL_EXECUTE_BEGIN|[19]|Aggregations:0|SELECT Name, UserLink__c FROM ProjectJobAssociation__c WHERE ProjectLink__c = :tmpVar1
06:14:34.0 (60857693)|SOQL_EXECUTE_END|[19]|Rows:6
06:14:34.0 (60874167)|HEAP_ALLOCATE|[19]|Bytes:28
06:14:34.0 (60893815)|HEAP_ALLOCATE|[19]|Bytes:432
06:14:34.0 (60947285)|HEAP_ALLOCATE|[19]|Bytes:28
06:14:34.0 (60960623)|VARIABLE_SCOPE_BEGIN|[19]|pja|List<ProjectJobAssociation__c>|true|false
06:14:34.0 (60977863)|VARIABLE_ASSIGNMENT|[19]|pja|"List of size 6 too large to display"|0x15810550
06:14:34.0 (60983858)|STATEMENT_EXECUTE|[20]
06:14:34.0 (60994713)|HEAP_ALLOCATE|[20]|Bytes:4
06:14:34.0 (61048620)|VARIABLE_ASSIGNMENT|[EXTERNAL]|this|{"nonSelectedUserId":"(","pName":"3432","project":"0x50f4c5ad","usersList":"0x7251ef77"}|0x1f347a8a
06:14:34.0 (61071713)|HEAP_ALLOCATE|[EXTERNAL]|Bytes:4
06:14:34.0 (61078060)|VARIABLE_ASSIGNMENT|[EXTERNAL]|value|[]|0x62c3d8d5
06:14:34.0 (61088920)|VARIABLE_ASSIGNMENT|[6]|this.selectedUsers|[]|0x1f347a8a
06:14:34.0 (61212251)|HEAP_ALLOCATE|[21]|Bytes:5
06:14:34.0 (61226894)|HEAP_ALLOCATE|[21]|Bytes:16
06:14:34.0 (61234432)|VARIABLE_SCOPE_BEGIN|[21]|spja|ProjectJobAssociation__c|true|false
06:14:34.0 (61248360)|VARIABLE_ASSIGNMENT|[21]|spja|{"Name":"62","UserLink__c":"0057F000000Tz0iQAC","Id":"a087F000009JygkQAC"}|0x348d46ef
06:14:34.0 (61253963)|STATEMENT_EXECUTE|[21]
06:14:34.0 (61255267)|STATEMENT_EXECUTE|[22]
06:14:34.0 (61257858)|HEAP_ALLOCATE|[22]|Bytes:45
06:14:34.0 (61269262)|HEAP_ALLOCATE|[22]|Bytes:4
06:14:34.0 (62253493)|SOQL_EXECUTE_BEGIN|[22]|Aggregations:0|SELECT Id, Name FROM User WHERE Id = :tmpVar1
06:14:34.0 (65513156)|SOQL_EXECUTE_END|[22]|Rows:1
06:14:34.0 (65529460)|HEAP_ALLOCATE|[22]|Bytes:8
06:14:34.0 (65540954)|HEAP_ALLOCATE|[22]|Bytes:42
06:14:34.0 (65590063)|HEAP_ALLOCATE|[22]|Bytes:8
06:14:34.0 (65605732)|HEAP_ALLOCATE|[22]|Bytes:30
06:14:34.0 (65630396)|HEAP_ALLOCATE|[22]|Bytes:12
06:14:34.0 (65636934)|VARIABLE_SCOPE_BEGIN|[22]|user1|User|true|false
06:14:34.0 (65653324)|VARIABLE_ASSIGNMENT|[22]|user1|{"Id":"0057F000000Tz0iQAC","Name":"Richa"}|0x77b5dfe5
06:14:34.0 (65659072)|STATEMENT_EXECUTE|[23]
06:14:34.0 (65663839)|HEAP_ALLOCATE|[23]|Bytes:1
06:14:34.0 (65722483)|HEAP_ALLOCATE|[23]|Bytes:18
06:14:34.0 (65733852)|HEAP_ALLOCATE|[23]|Bytes:2
06:14:34.0 (65740482)|HEAP_ALLOCATE|[23]|Bytes:21
06:14:34.0 (65745294)|HEAP_ALLOCATE|[23]|Bytes:22
06:14:34.0 (65755892)|VARIABLE_ASSIGNMENT|[23]|this.nonSelectedUserId|"('0057F000000Tz0iQAC (2 more) ..."|0x1f347a8a
06:14:34.0 (65760742)|STATEMENT_EXECUTE|[24]
06:14:34.0 (65801486)|VARIABLE_ASSIGNMENT|[EXTERNAL]|this|{"nonSelectedUserId":"('0057F000000Tz0iQAC (2 more) ...","pName":"3432","project":"0x50f4c5ad","selectedUsers":"0x62c3d8d5","usersList":"0x7251ef77"}|0x1f347a8a
06:14:34.0 (65825533)|HEAP_ALLOCATE|[24]|Bytes:18
06:14:34.0 (65866759)|HEAP_ALLOCATE|[EXTERNAL]|Bytes:4
06:14:34.0 (65881502)|HEAP_ALLOCATE|[21]|Bytes:5
06:14:34.0 (65891678)|HEAP_ALLOCATE|[21]|Bytes:16
06:14:34.0 (65898063)|VARIABLE_SCOPE_BEGIN|[21]|spja|ProjectJobAssociation__c|true|false
06:14:34.0 (65911239)|VARIABLE_ASSIGNMENT|[21]|spja|{"Name":"63","UserLink__c":"0057F000000Tz0sQAC","Id":"a087F000009JyglQAC"}|0x1855f7c2
06:14:34.0 (65917346)|STATEMENT_EXECUTE|[21]
06:14:34.0 (65918526)|STATEMENT_EXECUTE|[22]
06:14:34.0 (65928016)|HEAP_ALLOCATE|[22]|Bytes:4
06:14:34.0 (66048916)|SOQL_EXECUTE_BEGIN|[22]|Aggregations:0|SELECT Id, Name FROM User WHERE Id = :tmpVar1
06:14:34.0 (68352675)|SOQL_EXECUTE_END|[22]|Rows:1
06:14:34.0 (68367933)|HEAP_ALLOCATE|[22]|Bytes:8
06:14:34.0 (68379834)|HEAP_ALLOCATE|[22]|Bytes:44
06:14:34.0 (68406514)|HEAP_ALLOCATE|[22]|Bytes:8
06:14:34.0 (68421990)|HEAP_ALLOCATE|[22]|Bytes:12
06:14:34.0 (68428962)|VARIABLE_SCOPE_BEGIN|[22]|user1|User|true|false
06:14:34.0 (68445202)|VARIABLE_ASSIGNMENT|[22]|user1|{"Id":"0057F000000Tz0sQAC","Name":"Veeresh"}|0x79733df4
06:14:34.0 (68452017)|STATEMENT_EXECUTE|[23]
06:14:34.0 (68475060)|HEAP_ALLOCATE|[23]|Bytes:18
06:14:34.0 (68487374)|HEAP_ALLOCATE|[23]|Bytes:21
06:14:34.0 (68491567)|HEAP_ALLOCATE|[23]|Bytes:43
06:14:34.0 (68501116)|VARIABLE_ASSIGNMENT|[23]|this.nonSelectedUserId|"('0057F000000Tz0iQAC (23 more) ..."|0x1f347a8a
06:14:34.0 (68506317)|STATEMENT_EXECUTE|[24]
06:14:34.0 (68531978)|VARIABLE_ASSIGNMENT|[EXTERNAL]|this|{"nonSelectedUserId":"('0057F000000Tz0iQAC (23 more) ...","pName":"3432","project":"0x50f4c5ad","selectedUsers":"0x62c3d8d5","usersList":"0x7251ef77"}|0x1f347a8a
06:14:34.0 (68548870)|HEAP_ALLOCATE|[24]|Bytes:18
06:14:34.0 (68562397)|HEAP_ALLOCATE|[EXTERNAL]|Bytes:4
06:14:34.0 (68574776)|HEAP_ALLOCATE|[21]|Bytes:5
06:14:34.0 (68585288)|HEAP_ALLOCATE|[21]|Bytes:16
06:14:34.0 (68591754)|VARIABLE_SCOPE_BEGIN|[21]|spja|ProjectJobAssociation__c|true|false
06:14:34.0 (68607866)|VARIABLE_ASSIGNMENT|[21]|spja|{"Name":"61","UserLink__c":"0057F000000TrBVQA0","Id":"a087F000009JyesQAC"}|0x1d966a30
06:14:34.0 (68613678)|STATEMENT_EXECUTE|[21]
06:14:34.0 (68614735)|STATEMENT_EXECUTE|[22]
06:14:34.0 (68624089)|HEAP_ALLOCATE|[22]|Bytes:4
06:14:34.0 (68748295)|SOQL_EXECUTE_BEGIN|[22]|Aggregations:0|SELECT Id, Name FROM User WHERE Id = :tmpVar1
06:14:34.0 (70988758)|SOQL_EXECUTE_END|[22]|Rows:1
06:14:34.0 (71005017)|HEAP_ALLOCATE|[22]|Bytes:8
06:14:34.0 (71016387)|HEAP_ALLOCATE|[22]|Bytes:46
06:14:34.0 (71043672)|HEAP_ALLOCATE|[22]|Bytes:8
06:14:34.0 (71060051)|HEAP_ALLOCATE|[22]|Bytes:12
06:14:34.0 (71066392)|VARIABLE_SCOPE_BEGIN|[22]|user1|User|true|false
06:14:34.0 (71081591)|VARIABLE_ASSIGNMENT|[22]|user1|{"Id":"0057F000000TrBVQA0","Name":"Yashwanth"}|0x23f028fb
06:14:34.0 (71087264)|STATEMENT_EXECUTE|[23]
06:14:34.0 (71110038)|HEAP_ALLOCATE|[23]|Bytes:18
06:14:34.0 (71121017)|HEAP_ALLOCATE|[23]|Bytes:21
06:14:34.0 (71125369)|HEAP_ALLOCATE|[23]|Bytes:64
06:14:34.0 (71135178)|VARIABLE_ASSIGNMENT|[23]|this.nonSelectedUserId|"('0057F000000Tz0iQAC (44 more) ..."|0x1f347a8a
06:14:34.0 (71140099)|STATEMENT_EXECUTE|[24]
06:14:34.0 (71165710)|VARIABLE_ASSIGNMENT|[EXTERNAL]|this|{"nonSelectedUserId":"('0057F000000Tz0iQAC (44 more) ...","pName":"3432","project":"0x50f4c5ad","selectedUsers":"0x62c3d8d5","usersList":"0x7251ef77"}|0x1f347a8a
06:14:34.0 (71182391)|HEAP_ALLOCATE|[24]|Bytes:18
06:14:34.0 (71195839)|HEAP_ALLOCATE|[EXTERNAL]|Bytes:4
06:14:34.0 (71209234)|HEAP_ALLOCATE|[21]|Bytes:5
06:14:34.0 (71219668)|HEAP_ALLOCATE|[21]|Bytes:16
06:14:34.0 (71225335)|VARIABLE_SCOPE_BEGIN|[21]|spja|ProjectJobAssociation__c|true|false
06:14:34.0 (71237591)|VARIABLE_ASSIGNMENT|[21]|spja|{"Name":"58","UserLink__c":"0057F000000TpdFQAS","Id":"a087F000009JyepQAC"}|0x375c6c2
06:14:34.0 (71242521)|STATEMENT_EXECUTE|[21]
06:14:34.0 (71243573)|STATEMENT_EXECUTE|[22]
06:14:34.0 (71252327)|HEAP_ALLOCATE|[22]|Bytes:4
06:14:34.0 (71376074)|SOQL_EXECUTE_BEGIN|[22]|Aggregations:0|SELECT Id, Name FROM User WHERE Id = :tmpVar1
06:14:34.0 (73602503)|SOQL_EXECUTE_END|[22]|Rows:1
06:14:34.0 (73623464)|HEAP_ALLOCATE|[22]|Bytes:8
06:14:34.0 (73637359)|HEAP_ALLOCATE|[22]|Bytes:48
06:14:34.0 (73670860)|HEAP_ALLOCATE|[22]|Bytes:8
06:14:34.0 (73692440)|HEAP_ALLOCATE|[22]|Bytes:12
06:14:34.0 (73702031)|VARIABLE_SCOPE_BEGIN|[22]|user1|User|true|false
06:14:34.0 (73723692)|VARIABLE_ASSIGNMENT|[22]|user1|{"Id":"0057F000000TpdFQAS","Name":"Mani Sasank"}|0x23bc3c9c
06:14:34.0 (73733120)|STATEMENT_EXECUTE|[23]
06:14:34.0 (73762071)|HEAP_ALLOCATE|[23]|Bytes:18
06:14:34.0 (73775585)|HEAP_ALLOCATE|[23]|Bytes:21
06:14:34.0 (73779916)|HEAP_ALLOCATE|[23]|Bytes:85
06:14:34.0 (73790347)|VARIABLE_ASSIGNMENT|[23]|this.nonSelectedUserId|"('0057F000000Tz0iQAC (65 more) ..."|0x1f347a8a
06:14:34.0 (73795508)|STATEMENT_EXECUTE|[24]
06:14:34.0 (73822739)|VARIABLE_ASSIGNMENT|[EXTERNAL]|this|{"nonSelectedUserId":"('0057F000000Tz0iQAC (65 more) ...","pName":"3432","project":"0x50f4c5ad","selectedUsers":"0x62c3d8d5","usersList":"0x7251ef77"}|0x1f347a8a
06:14:34.0 (73839856)|HEAP_ALLOCATE|[24]|Bytes:18
06:14:34.0 (73854228)|HEAP_ALLOCATE|[EXTERNAL]|Bytes:4
06:14:34.0 (73867360)|HEAP_ALLOCATE|[21]|Bytes:5
06:14:34.0 (73877761)|HEAP_ALLOCATE|[21]|Bytes:16
06:14:34.0 (73883768)|VARIABLE_SCOPE_BEGIN|[21]|spja|ProjectJobAssociation__c|true|false
06:14:34.0 (73895825)|VARIABLE_ASSIGNMENT|[21]|spja|{"Name":"59","UserLink__c":"0057F000000TrBBQA0","Id":"a087F000009JyeqQAC"}|0x5d91427d
06:14:34.0 (73901144)|STATEMENT_EXECUTE|[21]
06:14:34.0 (73902193)|STATEMENT_EXECUTE|[22]
06:14:34.0 (73911722)|HEAP_ALLOCATE|[22]|Bytes:4
06:14:34.0 (74035366)|SOQL_EXECUTE_BEGIN|[22]|Aggregations:0|SELECT Id, Name FROM User WHERE Id = :tmpVar1
06:14:34.0 (76334893)|SOQL_EXECUTE_END|[22]|Rows:1
06:14:34.0 (76355439)|HEAP_ALLOCATE|[22]|Bytes:8
06:14:34.0 (76370096)|HEAP_ALLOCATE|[22]|Bytes:45
06:14:34.0 (76403377)|HEAP_ALLOCATE|[22]|Bytes:8
06:14:34.0 (76423091)|HEAP_ALLOCATE|[22]|Bytes:12
06:14:34.0 (76431806)|VARIABLE_SCOPE_BEGIN|[22]|user1|User|true|false
06:14:34.0 (76451437)|VARIABLE_ASSIGNMENT|[22]|user1|{"Id":"0057F000000TrBBQA0","Name":"Santhosh"}|0xcc5861a
06:14:34.0 (76460358)|STATEMENT_EXECUTE|[23]
06:14:34.0 (76488029)|HEAP_ALLOCATE|[23]|Bytes:18
06:14:34.0 (76504755)|HEAP_ALLOCATE|[23]|Bytes:21
06:14:34.0 (76510669)|HEAP_ALLOCATE|[23]|Bytes:106
06:14:34.0 (76524285)|VARIABLE_ASSIGNMENT|[23]|this.nonSelectedUserId|"('0057F000000Tz0iQAC (86 more) ..."|0x1f347a8a
06:14:34.0 (76532699)|STATEMENT_EXECUTE|[24]
06:14:34.0 (76568026)|VARIABLE_ASSIGNMENT|[EXTERNAL]|this|{"nonSelectedUserId":"('0057F000000Tz0iQAC (86 more) ...","pName":"3432","project":"0x50f4c5ad","selectedUsers":"0x62c3d8d5","usersList":"0x7251ef77"}|0x1f347a8a
06:14:34.0 (76593304)|HEAP_ALLOCATE|[24]|Bytes:18
06:14:34.0 (76618158)|HEAP_ALLOCATE|[EXTERNAL]|Bytes:4
06:14:34.0 (76636787)|HEAP_ALLOCATE|[21]|Bytes:5
06:14:34.0 (76652629)|HEAP_ALLOCATE|[21]|Bytes:16
06:14:34.0 (76661880)|VARIABLE_SCOPE_BEGIN|[21]|spja|ProjectJobAssociation__c|true|false
06:14:34.0 (76680503)|VARIABLE_ASSIGNMENT|[21]|spja|{"Name":"60","UserLink__c":"0057F000000TrBGQA0","Id":"a087F000009JyerQAC"}|0x6acd45ea
06:14:34.0 (76688692)|STATEMENT_EXECUTE|[21]
06:14:34.0 (76690363)|STATEMENT_EXECUTE|[22]
06:14:34.0 (76702458)|HEAP_ALLOCATE|[22]|Bytes:4
06:14:34.0 (76876653)|SOQL_EXECUTE_BEGIN|[22]|Aggregations:0|SELECT Id, Name FROM User WHERE Id = :tmpVar1
06:14:34.0 (79124705)|SOQL_EXECUTE_END|[22]|Rows:1
06:14:34.0 (79140198)|HEAP_ALLOCATE|[22]|Bytes:8
06:14:34.0 (79151644)|HEAP_ALLOCATE|[22]|Bytes:46
06:14:34.0 (79178545)|HEAP_ALLOCATE|[22]|Bytes:8
06:14:34.0 (79194378)|HEAP_ALLOCATE|[22]|Bytes:12
06:14:34.0 (79201206)|VARIABLE_SCOPE_BEGIN|[22]|user1|User|true|false
06:14:34.0 (79216729)|VARIABLE_ASSIGNMENT|[22]|user1|{"Id":"0057F000000TrBGQA0","Name":"Ravi teja"}|0x3f82dd42
06:14:34.0 (79222727)|STATEMENT_EXECUTE|[23]
06:14:34.0 (79245201)|HEAP_ALLOCATE|[23]|Bytes:18
06:14:34.0 (79256890)|HEAP_ALLOCATE|[23]|Bytes:21
06:14:34.0 (79260925)|HEAP_ALLOCATE|[23]|Bytes:127
06:14:34.0 (79270813)|VARIABLE_ASSIGNMENT|[23]|this.nonSelectedUserId|"('0057F000000Tz0iQAC (107 more) ..."|0x1f347a8a
06:14:34.0 (79275731)|STATEMENT_EXECUTE|[24]
06:14:34.0 (79300934)|VARIABLE_ASSIGNMENT|[EXTERNAL]|this|{"nonSelectedUserId":"('0057F000000Tz0iQAC (107 more) ...","pName":"3432","project":"0x50f4c5ad","selectedUsers":"0x62c3d8d5","usersList":"0x7251ef77"}|0x1f347a8a
06:14:34.0 (79317329)|HEAP_ALLOCATE|[24]|Bytes:18
06:14:34.0 (79330433)|HEAP_ALLOCATE|[EXTERNAL]|Bytes:4
06:14:34.0 (79343104)|HEAP_ALLOCATE|[21]|Bytes:5
06:14:34.0 (79353543)|VARIABLE_ASSIGNMENT|[21]|spja|null|
06:14:34.0 (79358160)|STATEMENT_EXECUTE|[26]
06:14:34.0 (79393897)|HEAP_ALLOCATE|[26]|Bytes:126
06:14:34.0 (79406491)|VARIABLE_ASSIGNMENT|[26]|this.nonSelectedUserId|"('0057F000000Tz0iQAC (106 more) ..."|0x1f347a8a
06:14:34.0 (79412113)|STATEMENT_EXECUTE|[27]
06:14:34.0 (79414691)|HEAP_ALLOCATE|[27]|Bytes:1
06:14:34.0 (79419760)|HEAP_ALLOCATE|[27]|Bytes:127
06:14:34.0 (79425570)|VARIABLE_ASSIGNMENT|[27]|this.nonSelectedUserId|"('0057F000000Tz0iQAC (107 more) ..."|0x1f347a8a
06:14:34.0 (79434825)|SYSTEM_MODE_EXIT|false
06:14:34.0 (79525637)|SYSTEM_MODE_ENTER|true
06:14:34.0 (88292636)|SYSTEM_MODE_ENTER|true
06:14:34.0 (88343242)|HEAP_ALLOCATE|[EXTERNAL]|Bytes:164
06:14:34.0 (88353459)|HEAP_ALLOCATE|[EXTERNAL]|Bytes:12
06:14:34.0 (88364349)|METHOD_ENTRY|[5]|01p7F00000Ehg8E|MultiselectController.MultiselectController()
06:14:34.0 (88369300)|STATEMENT_EXECUTE|[5]
06:14:34.0 (88372180)|STATEMENT_EXECUTE|[5]
06:14:34.0 (88380554)|SYSTEM_MODE_ENTER|false
06:14:34.0 (88387138)|HEAP_ALLOCATE|[EXTERNAL]|Bytes:5
06:14:34.0 (88393347)|SYSTEM_MODE_EXIT|false
06:14:34.0 (88401367)|METHOD_EXIT|[5]|MultiselectController
06:14:34.0 (88416915)|HEAP_ALLOCATE|[EXTERNAL]|Bytes:20
06:14:34.0 (88423820)|VARIABLE_SCOPE_BEGIN|[5]|this|MultiselectController|true|false
06:14:34.0 (88456141)|VARIABLE_ASSIGNMENT|[5]|this|{}|0xfd1626d
06:14:34.0 (88468489)|SYSTEM_MODE_ENTER|false
06:14:34.0 (88474025)|HEAP_ALLOCATE|[EXTERNAL]|Bytes:5
06:14:34.0 (88496038)|SYSTEM_MODE_EXIT|false
06:14:34.0 (88499852)|STATEMENT_EXECUTE|[5]
06:14:34.0 (88504260)|SYSTEM_MODE_ENTER|false
06:14:34.0 (88507774)|HEAP_ALLOCATE|[EXTERNAL]|Bytes:5
06:14:34.0 (88510855)|STATEMENT_EXECUTE|[7]
06:14:34.0 (88511886)|STATEMENT_EXECUTE|[8]
06:14:34.0 (88512734)|STATEMENT_EXECUTE|[23]
06:14:34.0 (88513688)|STATEMENT_EXECUTE|[31]
06:14:34.0 (88515332)|SYSTEM_MODE_EXIT|false
06:14:34.0 (88642747)|SYSTEM_MODE_ENTER|true
06:14:34.0 (88674487)|HEAP_ALLOCATE|[EXTERNAL]|Bytes:24
06:14:34.0 (88682666)|VARIABLE_SCOPE_BEGIN|[30]|this|PM_Project_Edit_Controller|true|false
06:14:34.0 (88710506)|VARIABLE_ASSIGNMENT|[30]|this|{"nonSelectedUserId":"('0057F000000Tz0iQAC (107 more) ...","pName":"3432","project":"0x50f4c5ad","selectedUsers":"0x62c3d8d5","usersList":"0x7251ef77"}|0x1f347a8a
06:14:34.0 (88726838)|SYSTEM_MODE_ENTER|false
06:14:34.0 (88731939)|HEAP_ALLOCATE|[31]|Bytes:5
06:14:34.0 (88735960)|STATEMENT_EXECUTE|[30]
06:14:34.0 (88737318)|STATEMENT_EXECUTE|[31]
06:14:34.0 (88740116)|HEAP_ALLOCATE|[31]|Bytes:62
06:14:34.0 (88751928)|HEAP_ALLOCATE|[31]|Bytes:4
06:14:34.0 (88936519)|SOQL_EXECUTE_BEGIN|[31]|Aggregations:0|SELECT Id, Name FROM UserRole WHERE Name = 'Software Engineer'
06:14:34.0 (91984130)|SOQL_EXECUTE_END|[31]|Rows:1
06:14:34.0 (92005804)|HEAP_ALLOCATE|[31]|Bytes:8
06:14:34.0 (92020127)|HEAP_ALLOCATE|[31]|Bytes:54
06:14:34.0 (92088556)|HEAP_ALLOCATE|[31]|Bytes:8
06:14:34.0 (92104519)|HEAP_ALLOCATE|[31]|Bytes:34
06:14:34.0 (92140706)|HEAP_ALLOCATE|[31]|Bytes:12
06:14:34.0 (92151942)|VARIABLE_SCOPE_BEGIN|[31]|userRole|UserRole|true|false
06:14:34.0 (92174446)|VARIABLE_ASSIGNMENT|[31]|userRole|{"Id":"00E7F000000MdriUAC","Name":"Software Engineer"}|0x29fac774
06:14:34.0 (92184487)|STATEMENT_EXECUTE|[32]
06:14:34.0 (92208786)|VARIABLE_SCOPE_BEGIN|[32]|userRoleId|Id|false|false
06:14:34.0 (92372939)|VARIABLE_ASSIGNMENT|[32]|userRoleId|"00E7F000000MdriUAC"
06:14:34.0 (92382268)|STATEMENT_EXECUTE|[33]
06:14:34.0 (92386636)|HEAP_ALLOCATE|[33]|Bytes:70
06:14:34.0 (92402666)|HEAP_ALLOCATE|[33]|Bytes:197
06:14:34.0 (92675791)|SOQL_EXECUTE_BEGIN|[33]|Aggregations:0|select Id,Name from User where UserRoleId =: userRoleId and Id not in ('0057F000000Tz0iQAC','0057F000000Tz0sQAC','0057F000000TrBVQA0','0057F000000TpdFQAS','0057F000000TrBBQA0','0057F000000TrBGQA0')
06:14:34.0 (95850619)|SOQL_EXECUTE_END|[33]|Rows:0
06:14:34.0 (95873266)|HEAP_ALLOCATE|[33]|Bytes:4
06:14:34.0 (95884801)|HEAP_ALLOCATE|[33]|Bytes:0
06:14:34.0 (95917989)|HEAP_ALLOCATE|[33]|Bytes:4
06:14:34.0 (95939354)|VARIABLE_SCOPE_BEGIN|[33]|users|List<User>|true|false
06:14:34.0 (95957959)|VARIABLE_ASSIGNMENT|[33]|users|[]|0x2e8f1eca
06:14:34.0 (96096850)|HEAP_ALLOCATE|[34]|Bytes:5
06:14:34.0 (96114824)|VARIABLE_ASSIGNMENT|[34]|usr|null|
06:14:34.0 (96122119)|STATEMENT_EXECUTE|[34]
06:14:34.0 (96124044)|STATEMENT_EXECUTE|[37]
06:14:34.0 (96131659)|SYSTEM_MODE_EXIT|false
06:14:34.0 (96246362)|SYSTEM_MODE_ENTER|true
06:14:34.0 (96310931)|HEAP_ALLOCATE|[EXTERNAL]|Bytes:4
06:14:34.0 (96318397)|HEAP_ALLOCATE|[EXTERNAL]|Bytes:20
06:14:34.0 (96331363)|VARIABLE_ASSIGNMENT|[EXTERNAL]|this.leftOptions|[]|0xfd1626d
06:14:34.0 (96438776)|SYSTEM_MODE_ENTER|true
06:14:34.0 (96530380)|SYSTEM_MODE_ENTER|true
06:14:34.0 (96584140)|HEAP_ALLOCATE|[EXTERNAL]|Bytes:28
06:14:34.0 (96590903)|HEAP_ALLOCATE|[EXTERNAL]|Bytes:20
06:14:34.0 (96609451)|VARIABLE_ASSIGNMENT|[EXTERNAL]|this.rightOptions|"List of size 6 too large to display"|0xfd1626d
06:14:34.0 (96755561)|SYSTEM_MODE_ENTER|true
06:14:34.0 (97030011)|SYSTEM_MODE_ENTER|true
06:14:34.0 (115824166)|SYSTEM_MODE_ENTER|true
06:14:34.0 (115864080)|HEAP_ALLOCATE|[EXTERNAL]|Bytes:4
06:14:34.0 (115870557)|HEAP_ALLOCATE|[EXTERNAL]|Bytes:20
06:14:34.0 (115881357)|VARIABLE_ASSIGNMENT|[EXTERNAL]|this.leftOptions|[]|0xfd1626d
06:14:34.0 (115954368)|SYSTEM_MODE_ENTER|true
06:14:34.0 (115987371)|HEAP_ALLOCATE|[EXTERNAL]|Bytes:28
06:14:34.0 (115991970)|HEAP_ALLOCATE|[EXTERNAL]|Bytes:20
06:14:34.0 (116000389)|VARIABLE_ASSIGNMENT|[EXTERNAL]|this.rightOptions|"List of size 6 too large to display"|0xfd1626d
06:14:34.0 (116649957)|SYSTEM_MODE_ENTER|true
06:14:34.0 (118859031)|SYSTEM_MODE_ENTER|true
06:14:34.0 (119859434)|SYSTEM_MODE_ENTER|true
06:14:34.0 (119976742)|SYSTEM_MODE_ENTER|true
06:14:34.0 (125113601)|VF_SERIALIZE_VIEWSTATE_BEGIN|0667F000004uRC1
06:14:34.0 (127958504)|VF_SERIALIZE_VIEWSTATE_END
06:14:34.129 (129928802)|CUMULATIVE_LIMIT_USAGE
06:14:34.129 (129928802)|LIMIT_USAGE_FOR_NS|(default)|
  Number of SOQL queries: 10 out of 100
  Number of query rows: 14 out of 50000
  Number of SOSL queries: 0 out of 20
  Number of DML statements: 0 out of 150
  Number of DML rows: 0 out of 10000
  Maximum CPU time: 0 out of 10000
  Maximum heap size: 0 out of 6000000
  Number of callouts: 0 out of 100
  Number of Email Invocations: 0 out of 10
  Number of future calls: 0 out of 50
  Number of queueable jobs added to the queue: 0 out of 50
  Number of Mobile Apex push calls: 0 out of 10

06:14:34.129 (129928802)|CUMULATIVE_LIMIT_USAGE_END

06:14:34.0 (129965808)|CODE_UNIT_FINISHED|VF: /apex/PM_Project_Edit
06:14:34.0 (130683429)|EXECUTION_FINISHED
