36.0 APEX_CODE,FINEST;APEX_PROFILING,INFO;CALLOUT,INFO;DB,INFO;SYSTEM,DEBUG;VALIDATION,INFO;VISUALFORCE,INFO;WAVE,INFO;WORKFLOW,INFO
22:35:24.0 (275576)|USER_INFO|[EXTERNAL]|0057F000000Tiz6|ksb994@salesforce.com|Pacific Standard Time|GMT-08:00
22:35:24.0 (310190)|EXECUTION_STARTED
22:35:24.0 (313280)|CODE_UNIT_STARTED|[EXTERNAL]|0667F000004uRC1|VF: /apex/PM_Project_Edit
22:35:24.0 (36962853)|SYSTEM_MODE_ENTER|true
22:35:24.0 (37263014)|HEAP_ALLOCATE|[72]|Bytes:3
22:35:24.0 (37299525)|HEAP_ALLOCATE|[77]|Bytes:152
22:35:24.0 (37312598)|HEAP_ALLOCATE|[342]|Bytes:408
22:35:24.0 (37322910)|HEAP_ALLOCATE|[355]|Bytes:408
22:35:24.0 (37331668)|HEAP_ALLOCATE|[467]|Bytes:48
22:35:24.0 (37355977)|HEAP_ALLOCATE|[139]|Bytes:6
22:35:24.0 (37368042)|HEAP_ALLOCATE|[EXTERNAL]|Bytes:144
22:35:24.0 (37372539)|HEAP_ALLOCATE|[EXTERNAL]|Bytes:19
22:35:24.0 (37375512)|HEAP_ALLOCATE|[EXTERNAL]|Bytes:5
22:35:24.0 (37397586)|METHOD_ENTRY|[1]|01p7F00000Ehro9|PM_Project_Edit_Controller.PM_Project_Edit_Controller()
22:35:24.0 (37403844)|STATEMENT_EXECUTE|[1]
22:35:24.0 (37407830)|STATEMENT_EXECUTE|[1]
22:35:24.0 (37438779)|HEAP_ALLOCATE|[50]|Bytes:5
22:35:24.0 (37457595)|HEAP_ALLOCATE|[56]|Bytes:5
22:35:24.0 (37464765)|HEAP_ALLOCATE|[64]|Bytes:7
22:35:24.0 (37485319)|SYSTEM_MODE_ENTER|false
22:35:24.0 (37496934)|HEAP_ALLOCATE|[EXTERNAL]|Bytes:5
22:35:24.0 (37503082)|SYSTEM_MODE_EXIT|false
22:35:24.0 (37508963)|METHOD_EXIT|[1]|PM_Project_Edit_Controller
22:35:24.0 (37545413)|HEAP_ALLOCATE|[EXTERNAL]|Bytes:20
22:35:24.0 (37642297)|VARIABLE_SCOPE_BEGIN|[9]|this|PM_Project_Edit_Controller|true|false
22:35:24.0 (37698697)|VARIABLE_ASSIGNMENT|[9]|this|{}|0x4cea2485
22:35:24.0 (37706454)|VARIABLE_SCOPE_BEGIN|[9]|stdController|ApexPages.StandardController|true|false
22:35:24.0 (37857934)|VARIABLE_ASSIGNMENT|[9]|stdController|"StandardController [null]"|0x6d202c20
22:35:24.0 (37877409)|SYSTEM_MODE_ENTER|false
22:35:24.0 (37884305)|HEAP_ALLOCATE|[7]|Bytes:5
22:35:24.0 (37888820)|STATEMENT_EXECUTE|[1]
22:35:24.0 (37893392)|HEAP_ALLOCATE|[7]|Bytes:5
22:35:24.0 (37896187)|STATEMENT_EXECUTE|[3]
22:35:24.0 (37897607)|STATEMENT_EXECUTE|[4]
22:35:24.0 (37898500)|STATEMENT_EXECUTE|[6]
22:35:24.0 (37899371)|STATEMENT_EXECUTE|[7]
22:35:24.0 (37914983)|HEAP_ALLOCATE|[7]|Bytes:4
22:35:24.0 (37994362)|HEAP_ALLOCATE|[EXTERNAL]|Bytes:4
22:35:24.0 (38007617)|VARIABLE_ASSIGNMENT|[7]|this.usersList|[]|0x4cea2485
22:35:24.0 (38019898)|HEAP_ALLOCATE|[7]|Bytes:6
22:35:24.0 (38049553)|STATEMENT_EXECUTE|[9]
22:35:24.0 (38050892)|STATEMENT_EXECUTE|[10]
22:35:24.0 (38154897)|HEAP_ALLOCATE|[10]|Bytes:4
22:35:24.0 (38203670)|VARIABLE_ASSIGNMENT|[EXTERNAL]|this|{"usersList":"0x283463f0"}|0x4cea2485
22:35:24.0 (38216335)|VARIABLE_ASSIGNMENT|[EXTERNAL]|value|{}|0x560cfb2b
22:35:24.0 (38225170)|VARIABLE_ASSIGNMENT|[3]|this.mysObject|{}|0x4cea2485
22:35:24.0 (38233329)|STATEMENT_EXECUTE|[11]
22:35:24.0 (38263833)|HEAP_ALLOCATE|[11]|Bytes:43
22:35:24.0 (38294885)|HEAP_ALLOCATE|[11]|Bytes:18
22:35:24.0 (38313803)|HEAP_ALLOCATE|[11]|Bytes:3
22:35:24.0 (38341594)|HEAP_ALLOCATE|[11]|Bytes:4
22:35:24.0 (38346454)|VARIABLE_SCOPE_BEGIN|[11]|pid|Id|false|false
22:35:24.0 (38418327)|VARIABLE_ASSIGNMENT|[11]|pid|"a057F000002dVv5QAE"
22:35:24.0 (38424284)|STATEMENT_EXECUTE|[15]
22:35:24.0 (38426884)|HEAP_ALLOCATE|[15]|Bytes:7
22:35:24.0 (38430489)|HEAP_ALLOCATE|[15]|Bytes:10
22:35:24.0 (38443178)|METHOD_ENTRY|[15]|01p7F00000Ehro9|PM_Project_Edit_Controller.getAllFields(String)
22:35:24.0 (38548847)|VARIABLE_SCOPE_BEGIN|[42]|sobjectname|String|false|false
22:35:24.0 (38559434)|VARIABLE_ASSIGNMENT|[42]|sobjectname|"Project__c"
22:35:24.0 (38575519)|HEAP_ALLOCATE|[43]|Bytes:5
22:35:24.0 (38579601)|STATEMENT_EXECUTE|[42]
22:35:24.0 (56974829)|HEAP_ALLOCATE|[43]|Bytes:1468
22:35:24.0 (57034118)|STATEMENT_EXECUTE|[43]
22:35:24.0 (57037478)|STATEMENT_EXECUTE|[46]
22:35:24.0 (61204228)|HEAP_ALLOCATE|[46]|Bytes:1468
22:35:24.0 (61428574)|HEAP_ALLOCATE|[46]|Bytes:4
22:35:24.0 (61474990)|HEAP_ALLOCATE|[46]|Bytes:4
22:35:24.0 (61733874)|HEAP_ALLOCATE|[46]|Bytes:148
22:35:24.0 (61745284)|VARIABLE_SCOPE_BEGIN|[46]|fields|Map<String,Schema.SObjectField>|true|false
22:35:24.0 (61998777)|VARIABLE_ASSIGNMENT|[46]|fields|"{client__c=Client__c, client_project_manager__c=Client_Project_Manager__c, company_project_code__c=Company_project_code__c, cost_centre__c=Cost_Centre__c, createdbyid=CreatedById, createddate=CreatedDate, delivery__c=Delivery__c, end_customer__c=End_Customer__c, footage__c=Footage__c, hours__c=Hours__c, ...}"|0x640a5996
22:35:24.0 (62015713)|STATEMENT_EXECUTE|[48]
22:35:24.0 (62039504)|HEAP_ALLOCATE|[48]|Bytes:4
22:35:24.0 (62086960)|VARIABLE_SCOPE_BEGIN|[48]|accessiblefields|List<String>|true|false
22:35:24.0 (62130449)|HEAP_ALLOCATE|[EXTERNAL]|Bytes:4
22:35:24.0 (62146953)|VARIABLE_ASSIGNMENT|[48]|accessiblefields|[]|0x78d20c9e
22:35:24.0 (62211308)|HEAP_ALLOCATE|[EXTERNAL]|Bytes:148
22:35:24.0 (62237559)|HEAP_ALLOCATE|[50]|Bytes:148
22:35:24.0 (62338899)|HEAP_ALLOCATE|[50]|Bytes:5
22:35:24.0 (62393566)|VARIABLE_SCOPE_BEGIN|[50]|field|Schema.SObjectField|true|false
22:35:24.0 (62486847)|VARIABLE_ASSIGNMENT|[50]|field|"common.apex.runtime.impl.ApexFieldToken@245b48d4"|0x245b48d4
22:35:24.0 (62497184)|STATEMENT_EXECUTE|[50]
22:35:24.0 (62985169)|HEAP_ALLOCATE|[51]|Bytes:8
22:35:24.0 (63008805)|STATEMENT_EXECUTE|[52]
22:35:24.0 (63038522)|HEAP_ALLOCATE|[52]|Bytes:8
22:35:24.0 (63052880)|HEAP_ALLOCATE|[52]|Bytes:2
22:35:24.0 (63067705)|HEAP_ALLOCATE|[EXTERNAL]|Bytes:4
22:35:24.0 (63083731)|HEAP_ALLOCATE|[50]|Bytes:5
22:35:24.0 (63104274)|VARIABLE_SCOPE_BEGIN|[50]|field|Schema.SObjectField|true|false
22:35:24.0 (63182892)|VARIABLE_ASSIGNMENT|[50]|field|"common.apex.runtime.impl.ApexFieldToken@12ab6320"|0x12ab6320
22:35:24.0 (63190169)|STATEMENT_EXECUTE|[50]
22:35:24.0 (63358182)|HEAP_ALLOCATE|[51]|Bytes:8
22:35:24.0 (63377054)|STATEMENT_EXECUTE|[52]
22:35:24.0 (63399929)|HEAP_ALLOCATE|[52]|Bytes:8
22:35:24.0 (63410835)|HEAP_ALLOCATE|[52]|Bytes:7
22:35:24.0 (63423712)|HEAP_ALLOCATE|[EXTERNAL]|Bytes:4
22:35:24.0 (63440281)|HEAP_ALLOCATE|[50]|Bytes:5
22:35:24.0 (63458326)|VARIABLE_SCOPE_BEGIN|[50]|field|Schema.SObjectField|true|false
22:35:24.0 (63555698)|VARIABLE_ASSIGNMENT|[50]|field|"common.apex.runtime.impl.ApexFieldToken@7af52b17"|0x7af52b17
22:35:24.0 (63565505)|STATEMENT_EXECUTE|[50]
22:35:24.0 (63685112)|HEAP_ALLOCATE|[51]|Bytes:8
22:35:24.0 (63702537)|STATEMENT_EXECUTE|[52]
22:35:24.0 (63724898)|HEAP_ALLOCATE|[52]|Bytes:8
22:35:24.0 (63736605)|HEAP_ALLOCATE|[52]|Bytes:9
22:35:24.0 (63748534)|HEAP_ALLOCATE|[EXTERNAL]|Bytes:4
22:35:24.0 (63764356)|HEAP_ALLOCATE|[50]|Bytes:5
22:35:24.0 (63782731)|VARIABLE_SCOPE_BEGIN|[50]|field|Schema.SObjectField|true|false
22:35:24.0 (63864832)|VARIABLE_ASSIGNMENT|[50]|field|"common.apex.runtime.impl.ApexFieldToken@46557855"|0x46557855
22:35:24.0 (63872507)|STATEMENT_EXECUTE|[50]
22:35:24.0 (63973780)|HEAP_ALLOCATE|[51]|Bytes:8
22:35:24.0 (63986084)|STATEMENT_EXECUTE|[52]
22:35:24.0 (63999251)|HEAP_ALLOCATE|[52]|Bytes:8
22:35:24.0 (64009034)|HEAP_ALLOCATE|[52]|Bytes:4
22:35:24.0 (64021894)|HEAP_ALLOCATE|[EXTERNAL]|Bytes:4
22:35:24.0 (64039249)|HEAP_ALLOCATE|[50]|Bytes:5
22:35:24.0 (64057790)|VARIABLE_SCOPE_BEGIN|[50]|field|Schema.SObjectField|true|false
22:35:24.0 (64147805)|VARIABLE_ASSIGNMENT|[50]|field|"common.apex.runtime.impl.ApexFieldToken@38b695a3"|0x38b695a3
22:35:24.0 (64157998)|STATEMENT_EXECUTE|[50]
22:35:24.0 (64283243)|HEAP_ALLOCATE|[51]|Bytes:8
22:35:24.0 (64299581)|STATEMENT_EXECUTE|[52]
22:35:24.0 (64320472)|HEAP_ALLOCATE|[52]|Bytes:8
22:35:24.0 (64337492)|HEAP_ALLOCATE|[52]|Bytes:11
22:35:24.0 (64350468)|HEAP_ALLOCATE|[EXTERNAL]|Bytes:4
22:35:24.0 (64366014)|HEAP_ALLOCATE|[50]|Bytes:5
22:35:24.0 (64384687)|VARIABLE_SCOPE_BEGIN|[50]|field|Schema.SObjectField|true|false
22:35:24.0 (64475724)|VARIABLE_ASSIGNMENT|[50]|field|"common.apex.runtime.impl.ApexFieldToken@714d43f6"|0x714d43f6
22:35:24.0 (64486848)|STATEMENT_EXECUTE|[50]
22:35:24.0 (64634485)|HEAP_ALLOCATE|[51]|Bytes:8
22:35:24.0 (64651864)|STATEMENT_EXECUTE|[52]
22:35:24.0 (64674790)|HEAP_ALLOCATE|[52]|Bytes:8
22:35:24.0 (64686772)|HEAP_ALLOCATE|[52]|Bytes:11
22:35:24.0 (64698653)|HEAP_ALLOCATE|[EXTERNAL]|Bytes:4
22:35:24.0 (64714420)|HEAP_ALLOCATE|[50]|Bytes:5
22:35:24.0 (64733773)|VARIABLE_SCOPE_BEGIN|[50]|field|Schema.SObjectField|true|false
22:35:24.0 (64824705)|VARIABLE_ASSIGNMENT|[50]|field|"common.apex.runtime.impl.ApexFieldToken@22b3735b"|0x22b3735b
22:35:24.0 (64834643)|STATEMENT_EXECUTE|[50]
22:35:24.0 (64966499)|HEAP_ALLOCATE|[51]|Bytes:8
22:35:24.0 (64983407)|STATEMENT_EXECUTE|[52]
22:35:24.0 (65005835)|HEAP_ALLOCATE|[52]|Bytes:8
22:35:24.0 (65018509)|HEAP_ALLOCATE|[52]|Bytes:16
22:35:24.0 (65030364)|HEAP_ALLOCATE|[EXTERNAL]|Bytes:4
22:35:24.0 (65046114)|HEAP_ALLOCATE|[50]|Bytes:5
22:35:24.0 (65065035)|VARIABLE_SCOPE_BEGIN|[50]|field|Schema.SObjectField|true|false
22:35:24.0 (65153276)|VARIABLE_ASSIGNMENT|[50]|field|"common.apex.runtime.impl.ApexFieldToken@4f493088"|0x4f493088
22:35:24.0 (65162706)|STATEMENT_EXECUTE|[50]
22:35:24.0 (65313712)|HEAP_ALLOCATE|[51]|Bytes:8
22:35:24.0 (65335229)|STATEMENT_EXECUTE|[52]
22:35:24.0 (65356458)|HEAP_ALLOCATE|[52]|Bytes:8
22:35:24.0 (65367208)|HEAP_ALLOCATE|[52]|Bytes:16
22:35:24.0 (65378056)|HEAP_ALLOCATE|[EXTERNAL]|Bytes:4
22:35:24.0 (65393169)|HEAP_ALLOCATE|[50]|Bytes:5
22:35:24.0 (65410539)|VARIABLE_SCOPE_BEGIN|[50]|field|Schema.SObjectField|true|false
22:35:24.0 (65502192)|VARIABLE_ASSIGNMENT|[50]|field|"common.apex.runtime.impl.ApexFieldToken@43deaf4f"|0x43deaf4f
22:35:24.0 (65512565)|STATEMENT_EXECUTE|[50]
22:35:24.0 (65622000)|HEAP_ALLOCATE|[51]|Bytes:8
22:35:24.0 (65637053)|STATEMENT_EXECUTE|[52]
22:35:24.0 (65656866)|HEAP_ALLOCATE|[52]|Bytes:8
22:35:24.0 (65667220)|HEAP_ALLOCATE|[52]|Bytes:14
22:35:24.0 (65678140)|HEAP_ALLOCATE|[EXTERNAL]|Bytes:4
22:35:24.0 (65693004)|HEAP_ALLOCATE|[50]|Bytes:5
22:35:24.0 (65709889)|VARIABLE_SCOPE_BEGIN|[50]|field|Schema.SObjectField|true|false
22:35:24.0 (65797672)|VARIABLE_ASSIGNMENT|[50]|field|"common.apex.runtime.impl.ApexFieldToken@58971631"|0x58971631
22:35:24.0 (65807302)|STATEMENT_EXECUTE|[50]
22:35:24.0 (65906472)|HEAP_ALLOCATE|[51]|Bytes:8
22:35:24.0 (65920980)|STATEMENT_EXECUTE|[52]
22:35:24.0 (65940653)|HEAP_ALLOCATE|[52]|Bytes:8
22:35:24.0 (65951313)|HEAP_ALLOCATE|[52]|Bytes:16
22:35:24.0 (65962432)|HEAP_ALLOCATE|[EXTERNAL]|Bytes:4
22:35:24.0 (65976634)|HEAP_ALLOCATE|[50]|Bytes:5
22:35:24.0 (65992665)|VARIABLE_SCOPE_BEGIN|[50]|field|Schema.SObjectField|true|false
22:35:24.0 (66080685)|VARIABLE_ASSIGNMENT|[50]|field|"common.apex.runtime.impl.ApexFieldToken@61078fd3"|0x61078fd3
22:35:24.0 (66091648)|STATEMENT_EXECUTE|[50]
22:35:24.0 (66191908)|HEAP_ALLOCATE|[51]|Bytes:8
22:35:24.0 (66206569)|STATEMENT_EXECUTE|[52]
22:35:24.0 (66225875)|HEAP_ALLOCATE|[52]|Bytes:8
22:35:24.0 (66236190)|HEAP_ALLOCATE|[52]|Bytes:14
22:35:24.0 (66246735)|HEAP_ALLOCATE|[EXTERNAL]|Bytes:4
22:35:24.0 (66261701)|HEAP_ALLOCATE|[50]|Bytes:5
22:35:24.0 (66278563)|VARIABLE_SCOPE_BEGIN|[50]|field|Schema.SObjectField|true|false
22:35:24.0 (66372403)|VARIABLE_ASSIGNMENT|[50]|field|"common.apex.runtime.impl.ApexFieldToken@67cc3e0b"|0x67cc3e0b
22:35:24.0 (66383214)|STATEMENT_EXECUTE|[50]
22:35:24.0 (66492043)|HEAP_ALLOCATE|[51]|Bytes:8
22:35:24.0 (66507705)|STATEMENT_EXECUTE|[52]
22:35:24.0 (66528276)|HEAP_ALLOCATE|[52]|Bytes:8
22:35:24.0 (66539836)|HEAP_ALLOCATE|[52]|Bytes:18
22:35:24.0 (66551800)|HEAP_ALLOCATE|[EXTERNAL]|Bytes:4
22:35:24.0 (66567743)|HEAP_ALLOCATE|[50]|Bytes:5
22:35:24.0 (66585316)|VARIABLE_SCOPE_BEGIN|[50]|field|Schema.SObjectField|true|false
22:35:24.0 (66675452)|VARIABLE_ASSIGNMENT|[50]|field|"common.apex.runtime.impl.ApexFieldToken@515e416a"|0x515e416a
22:35:24.0 (66685348)|STATEMENT_EXECUTE|[50]
22:35:24.0 (67240914)|HEAP_ALLOCATE|[51]|Bytes:8
22:35:24.0 (67261375)|STATEMENT_EXECUTE|[52]
22:35:24.0 (67284684)|HEAP_ALLOCATE|[52]|Bytes:8
22:35:24.0 (67297195)|HEAP_ALLOCATE|[52]|Bytes:9
22:35:24.0 (67310275)|HEAP_ALLOCATE|[EXTERNAL]|Bytes:4
22:35:24.0 (67327208)|HEAP_ALLOCATE|[50]|Bytes:5
22:35:24.0 (67352666)|VARIABLE_SCOPE_BEGIN|[50]|field|Schema.SObjectField|true|false
22:35:24.0 (67446983)|VARIABLE_ASSIGNMENT|[50]|field|"common.apex.runtime.impl.ApexFieldToken@3118f3ee"|0x3118f3ee
22:35:24.0 (67457175)|STATEMENT_EXECUTE|[50]
22:35:24.0 (67575057)|HEAP_ALLOCATE|[51]|Bytes:8
22:35:24.0 (67591558)|STATEMENT_EXECUTE|[52]
22:35:24.0 (67612702)|HEAP_ALLOCATE|[52]|Bytes:8
22:35:24.0 (67624007)|HEAP_ALLOCATE|[52]|Bytes:15
22:35:24.0 (67635606)|HEAP_ALLOCATE|[EXTERNAL]|Bytes:4
22:35:24.0 (67650631)|HEAP_ALLOCATE|[50]|Bytes:5
22:35:24.0 (67668204)|VARIABLE_SCOPE_BEGIN|[50]|field|Schema.SObjectField|true|false
22:35:24.0 (67758131)|VARIABLE_ASSIGNMENT|[50]|field|"common.apex.runtime.impl.ApexFieldToken@6c3c9b09"|0x6c3c9b09
22:35:24.0 (67768751)|STATEMENT_EXECUTE|[50]
22:35:24.0 (67878645)|HEAP_ALLOCATE|[51]|Bytes:8
22:35:24.0 (67894365)|STATEMENT_EXECUTE|[52]
22:35:24.0 (67915879)|HEAP_ALLOCATE|[52]|Bytes:8
22:35:24.0 (67927791)|HEAP_ALLOCATE|[52]|Bytes:19
22:35:24.0 (67939887)|HEAP_ALLOCATE|[EXTERNAL]|Bytes:4
22:35:24.0 (67955006)|HEAP_ALLOCATE|[50]|Bytes:5
22:35:24.0 (67971860)|VARIABLE_SCOPE_BEGIN|[50]|field|Schema.SObjectField|true|false
22:35:24.0 (68062631)|VARIABLE_ASSIGNMENT|[50]|field|"common.apex.runtime.impl.ApexFieldToken@6a06cce3"|0x6a06cce3
22:35:24.0 (68073192)|STATEMENT_EXECUTE|[50]
22:35:24.0 (68186255)|HEAP_ALLOCATE|[51]|Bytes:8
22:35:24.0 (68202333)|STATEMENT_EXECUTE|[52]
22:35:24.0 (68223513)|HEAP_ALLOCATE|[52]|Bytes:8
22:35:24.0 (68234913)|HEAP_ALLOCATE|[52]|Bytes:14
22:35:24.0 (68246058)|HEAP_ALLOCATE|[EXTERNAL]|Bytes:4
22:35:24.0 (68261440)|HEAP_ALLOCATE|[50]|Bytes:5
22:35:24.0 (68278097)|VARIABLE_SCOPE_BEGIN|[50]|field|Schema.SObjectField|true|false
22:35:24.0 (68371202)|VARIABLE_ASSIGNMENT|[50]|field|"common.apex.runtime.impl.ApexFieldToken@49f085d8"|0x49f085d8
22:35:24.0 (68379319)|STATEMENT_EXECUTE|[50]
22:35:24.0 (68464512)|HEAP_ALLOCATE|[51]|Bytes:8
22:35:24.0 (68476343)|STATEMENT_EXECUTE|[52]
22:35:24.0 (68489672)|HEAP_ALLOCATE|[52]|Bytes:8
22:35:24.0 (68496715)|HEAP_ALLOCATE|[52]|Bytes:25
22:35:24.0 (68504347)|HEAP_ALLOCATE|[EXTERNAL]|Bytes:4
22:35:24.0 (68515074)|HEAP_ALLOCATE|[50]|Bytes:5
22:35:24.0 (68526755)|VARIABLE_SCOPE_BEGIN|[50]|field|Schema.SObjectField|true|false
22:35:24.0 (68587793)|VARIABLE_ASSIGNMENT|[50]|field|"common.apex.runtime.impl.ApexFieldToken@3f81988b"|0x3f81988b
22:35:24.0 (68594185)|STATEMENT_EXECUTE|[50]
22:35:24.0 (68667908)|HEAP_ALLOCATE|[51]|Bytes:8
22:35:24.0 (68678116)|STATEMENT_EXECUTE|[52]
22:35:24.0 (68690851)|HEAP_ALLOCATE|[52]|Bytes:8
22:35:24.0 (68697384)|HEAP_ALLOCATE|[52]|Bytes:15
22:35:24.0 (68704383)|HEAP_ALLOCATE|[EXTERNAL]|Bytes:4
22:35:24.0 (68713803)|HEAP_ALLOCATE|[50]|Bytes:5
22:35:24.0 (68724502)|VARIABLE_SCOPE_BEGIN|[50]|field|Schema.SObjectField|true|false
22:35:24.0 (68782318)|VARIABLE_ASSIGNMENT|[50]|field|"common.apex.runtime.impl.ApexFieldToken@37eda8a1"|0x37eda8a1
22:35:24.0 (68788203)|STATEMENT_EXECUTE|[50]
22:35:24.0 (68857957)|HEAP_ALLOCATE|[51]|Bytes:8
22:35:24.0 (68867945)|STATEMENT_EXECUTE|[52]
22:35:24.0 (68879804)|HEAP_ALLOCATE|[52]|Bytes:8
22:35:24.0 (68886728)|HEAP_ALLOCATE|[52]|Bytes:23
22:35:24.0 (68893531)|HEAP_ALLOCATE|[EXTERNAL]|Bytes:4
22:35:24.0 (68902819)|HEAP_ALLOCATE|[50]|Bytes:5
22:35:24.0 (68913579)|VARIABLE_SCOPE_BEGIN|[50]|field|Schema.SObjectField|true|false
22:35:24.0 (68970341)|VARIABLE_ASSIGNMENT|[50]|field|"common.apex.runtime.impl.ApexFieldToken@6bd00b6b"|0x6bd00b6b
22:35:24.0 (68976054)|STATEMENT_EXECUTE|[50]
22:35:24.0 (69046989)|HEAP_ALLOCATE|[51]|Bytes:8
22:35:24.0 (69057586)|STATEMENT_EXECUTE|[52]
22:35:24.0 (69069721)|HEAP_ALLOCATE|[52]|Bytes:8
22:35:24.0 (69075964)|HEAP_ALLOCATE|[52]|Bytes:16
22:35:24.0 (69083130)|HEAP_ALLOCATE|[EXTERNAL]|Bytes:4
22:35:24.0 (69096174)|HEAP_ALLOCATE|[50]|Bytes:5
22:35:24.0 (69112488)|VARIABLE_SCOPE_BEGIN|[50]|field|Schema.SObjectField|true|false
22:35:24.0 (69172218)|VARIABLE_ASSIGNMENT|[50]|field|"common.apex.runtime.impl.ApexFieldToken@26438d8c"|0x26438d8c
22:35:24.0 (69178427)|STATEMENT_EXECUTE|[50]
22:35:24.0 (69250911)|HEAP_ALLOCATE|[51]|Bytes:8
22:35:24.0 (69260751)|STATEMENT_EXECUTE|[52]
22:35:24.0 (69272791)|HEAP_ALLOCATE|[52]|Bytes:8
22:35:24.0 (69279362)|HEAP_ALLOCATE|[52]|Bytes:14
22:35:24.0 (69286101)|HEAP_ALLOCATE|[EXTERNAL]|Bytes:4
22:35:24.0 (69295803)|HEAP_ALLOCATE|[50]|Bytes:5
22:35:24.0 (69306073)|VARIABLE_SCOPE_BEGIN|[50]|field|Schema.SObjectField|true|false
22:35:24.0 (69367438)|VARIABLE_ASSIGNMENT|[50]|field|"common.apex.runtime.impl.ApexFieldToken@15351c0f"|0x15351c0f
22:35:24.0 (69373621)|STATEMENT_EXECUTE|[50]
22:35:24.0 (69443217)|HEAP_ALLOCATE|[51]|Bytes:8
22:35:24.0 (69452885)|STATEMENT_EXECUTE|[52]
22:35:24.0 (69464735)|HEAP_ALLOCATE|[52]|Bytes:8
22:35:24.0 (69471822)|HEAP_ALLOCATE|[52]|Bytes:13
22:35:24.0 (69478112)|HEAP_ALLOCATE|[EXTERNAL]|Bytes:4
22:35:24.0 (69486904)|HEAP_ALLOCATE|[50]|Bytes:5
22:35:24.0 (69496890)|VARIABLE_SCOPE_BEGIN|[50]|field|Schema.SObjectField|true|false
22:35:24.0 (69552981)|VARIABLE_ASSIGNMENT|[50]|field|"common.apex.runtime.impl.ApexFieldToken@4f4706a8"|0x4f4706a8
22:35:24.0 (69559087)|STATEMENT_EXECUTE|[50]
22:35:24.0 (69627050)|HEAP_ALLOCATE|[51]|Bytes:8
22:35:24.0 (69636772)|STATEMENT_EXECUTE|[52]
22:35:24.0 (69649048)|HEAP_ALLOCATE|[52]|Bytes:8
22:35:24.0 (69655067)|HEAP_ALLOCATE|[52]|Bytes:5
22:35:24.0 (69661135)|HEAP_ALLOCATE|[EXTERNAL]|Bytes:4
22:35:24.0 (69670707)|HEAP_ALLOCATE|[50]|Bytes:5
22:35:24.0 (69680606)|VARIABLE_SCOPE_BEGIN|[50]|field|Schema.SObjectField|true|false
22:35:24.0 (69737440)|VARIABLE_ASSIGNMENT|[50]|field|"common.apex.runtime.impl.ApexFieldToken@24a7d778"|0x24a7d778
22:35:24.0 (69743578)|STATEMENT_EXECUTE|[50]
22:35:24.0 (69809288)|HEAP_ALLOCATE|[51]|Bytes:8
22:35:24.0 (69818916)|STATEMENT_EXECUTE|[52]
22:35:24.0 (69830887)|HEAP_ALLOCATE|[52]|Bytes:8
22:35:24.0 (69837790)|HEAP_ALLOCATE|[52]|Bytes:11
22:35:24.0 (69844301)|HEAP_ALLOCATE|[EXTERNAL]|Bytes:4
22:35:24.0 (69853184)|HEAP_ALLOCATE|[50]|Bytes:5
22:35:24.0 (69863020)|VARIABLE_SCOPE_BEGIN|[50]|field|Schema.SObjectField|true|false
22:35:24.0 (69924855)|VARIABLE_ASSIGNMENT|[50]|field|"common.apex.runtime.impl.ApexFieldToken@1e32118d"|0x1e32118d
22:35:24.0 (69933828)|STATEMENT_EXECUTE|[50]
22:35:24.0 (70028886)|HEAP_ALLOCATE|[51]|Bytes:8
22:35:24.0 (70041432)|STATEMENT_EXECUTE|[52]
22:35:24.0 (70054350)|HEAP_ALLOCATE|[52]|Bytes:8
22:35:24.0 (70061220)|HEAP_ALLOCATE|[52]|Bytes:5
22:35:24.0 (70068918)|HEAP_ALLOCATE|[EXTERNAL]|Bytes:4
22:35:24.0 (70078505)|HEAP_ALLOCATE|[50]|Bytes:5
22:35:24.0 (70089568)|VARIABLE_SCOPE_BEGIN|[50]|field|Schema.SObjectField|true|false
22:35:24.0 (70148064)|VARIABLE_ASSIGNMENT|[50]|field|"common.apex.runtime.impl.ApexFieldToken@23dab320"|0x23dab320
22:35:24.0 (70154257)|STATEMENT_EXECUTE|[50]
22:35:24.0 (70298647)|HEAP_ALLOCATE|[51]|Bytes:8
22:35:24.0 (70312004)|STATEMENT_EXECUTE|[52]
22:35:24.0 (70326543)|HEAP_ALLOCATE|[52]|Bytes:8
22:35:24.0 (70337756)|HEAP_ALLOCATE|[52]|Bytes:25
22:35:24.0 (70345937)|HEAP_ALLOCATE|[EXTERNAL]|Bytes:4
22:35:24.0 (70356787)|HEAP_ALLOCATE|[50]|Bytes:5
22:35:24.0 (70368920)|VARIABLE_SCOPE_BEGIN|[50]|field|Schema.SObjectField|true|false
22:35:24.0 (70428876)|VARIABLE_ASSIGNMENT|[50]|field|"common.apex.runtime.impl.ApexFieldToken@54df93b5"|0x54df93b5
22:35:24.0 (70438172)|STATEMENT_EXECUTE|[50]
22:35:24.0 (70583197)|HEAP_ALLOCATE|[51]|Bytes:8
22:35:24.0 (70598176)|STATEMENT_EXECUTE|[52]
22:35:24.0 (70616833)|HEAP_ALLOCATE|[52]|Bytes:8
22:35:24.0 (70628129)|HEAP_ALLOCATE|[52]|Bytes:12
22:35:24.0 (70639275)|HEAP_ALLOCATE|[EXTERNAL]|Bytes:4
22:35:24.0 (70658874)|HEAP_ALLOCATE|[50]|Bytes:5
22:35:24.0 (70677918)|VARIABLE_SCOPE_BEGIN|[50]|field|Schema.SObjectField|true|false
22:35:24.0 (70765410)|VARIABLE_ASSIGNMENT|[50]|field|"common.apex.runtime.impl.ApexFieldToken@4ed98241"|0x4ed98241
22:35:24.0 (70775640)|STATEMENT_EXECUTE|[50]
22:35:24.0 (70880039)|HEAP_ALLOCATE|[51]|Bytes:8
22:35:24.0 (70894788)|STATEMENT_EXECUTE|[52]
22:35:24.0 (70913437)|HEAP_ALLOCATE|[52]|Bytes:8
22:35:24.0 (70923487)|HEAP_ALLOCATE|[52]|Bytes:21
22:35:24.0 (70934083)|HEAP_ALLOCATE|[EXTERNAL]|Bytes:4
22:35:24.0 (70948396)|HEAP_ALLOCATE|[50]|Bytes:5
22:35:24.0 (70963859)|VARIABLE_SCOPE_BEGIN|[50]|field|Schema.SObjectField|true|false
22:35:24.0 (71051446)|VARIABLE_ASSIGNMENT|[50]|field|"common.apex.runtime.impl.ApexFieldToken@40695c6e"|0x40695c6e
22:35:24.0 (71061719)|STATEMENT_EXECUTE|[50]
22:35:24.0 (71160417)|HEAP_ALLOCATE|[51]|Bytes:8
22:35:24.0 (71174341)|STATEMENT_EXECUTE|[52]
22:35:24.0 (71192138)|HEAP_ALLOCATE|[52]|Bytes:8
22:35:24.0 (71202493)|HEAP_ALLOCATE|[52]|Bytes:19
22:35:24.0 (71212592)|HEAP_ALLOCATE|[EXTERNAL]|Bytes:4
22:35:24.0 (71225876)|HEAP_ALLOCATE|[50]|Bytes:5
22:35:24.0 (71240755)|VARIABLE_SCOPE_BEGIN|[50]|field|Schema.SObjectField|true|false
22:35:24.0 (71328467)|VARIABLE_ASSIGNMENT|[50]|field|"common.apex.runtime.impl.ApexFieldToken@365cb4f0"|0x365cb4f0
22:35:24.0 (71342451)|STATEMENT_EXECUTE|[50]
22:35:24.0 (71442576)|HEAP_ALLOCATE|[51]|Bytes:8
22:35:24.0 (71456936)|STATEMENT_EXECUTE|[52]
22:35:24.0 (71475238)|HEAP_ALLOCATE|[52]|Bytes:8
22:35:24.0 (71485128)|HEAP_ALLOCATE|[52]|Bytes:8
22:35:24.0 (71495166)|HEAP_ALLOCATE|[EXTERNAL]|Bytes:4
22:35:24.0 (71508706)|HEAP_ALLOCATE|[50]|Bytes:5
22:35:24.0 (71523456)|VARIABLE_SCOPE_BEGIN|[50]|field|Schema.SObjectField|true|false
22:35:24.0 (71610242)|VARIABLE_ASSIGNMENT|[50]|field|"common.apex.runtime.impl.ApexFieldToken@1e36dbb5"|0x1e36dbb5
22:35:24.0 (71620376)|STATEMENT_EXECUTE|[50]
22:35:24.0 (71713138)|HEAP_ALLOCATE|[51]|Bytes:8
22:35:24.0 (71727734)|STATEMENT_EXECUTE|[52]
22:35:24.0 (71746036)|HEAP_ALLOCATE|[52]|Bytes:8
22:35:24.0 (71756480)|HEAP_ALLOCATE|[52]|Bytes:8
22:35:24.0 (71766202)|HEAP_ALLOCATE|[EXTERNAL]|Bytes:4
22:35:24.0 (71779187)|HEAP_ALLOCATE|[50]|Bytes:5
22:35:24.0 (71793898)|VARIABLE_SCOPE_BEGIN|[50]|field|Schema.SObjectField|true|false
22:35:24.0 (71879515)|VARIABLE_ASSIGNMENT|[50]|field|"common.apex.runtime.impl.ApexFieldToken@1cff89b8"|0x1cff89b8
22:35:24.0 (71888893)|STATEMENT_EXECUTE|[50]
22:35:24.0 (71981010)|HEAP_ALLOCATE|[51]|Bytes:8
22:35:24.0 (71995132)|STATEMENT_EXECUTE|[52]
22:35:24.0 (72013822)|HEAP_ALLOCATE|[52]|Bytes:8
22:35:24.0 (72024611)|HEAP_ALLOCATE|[52]|Bytes:10
22:35:24.0 (72034317)|HEAP_ALLOCATE|[EXTERNAL]|Bytes:4
22:35:24.0 (72049197)|HEAP_ALLOCATE|[50]|Bytes:5
22:35:24.0 (72065151)|VARIABLE_SCOPE_BEGIN|[50]|field|Schema.SObjectField|true|false
22:35:24.0 (72152545)|VARIABLE_ASSIGNMENT|[50]|field|"common.apex.runtime.impl.ApexFieldToken@16ff3c65"|0x16ff3c65
22:35:24.0 (72162218)|STATEMENT_EXECUTE|[50]
22:35:24.0 (72257874)|HEAP_ALLOCATE|[51]|Bytes:8
22:35:24.0 (72271491)|STATEMENT_EXECUTE|[52]
22:35:24.0 (72290329)|HEAP_ALLOCATE|[52]|Bytes:8
22:35:24.0 (72300645)|HEAP_ALLOCATE|[52]|Bytes:8
22:35:24.0 (72311255)|HEAP_ALLOCATE|[EXTERNAL]|Bytes:4
22:35:24.0 (72324794)|HEAP_ALLOCATE|[50]|Bytes:5
22:35:24.0 (72344437)|VARIABLE_SCOPE_BEGIN|[50]|field|Schema.SObjectField|true|false
22:35:24.0 (72410593)|VARIABLE_ASSIGNMENT|[50]|field|"common.apex.runtime.impl.ApexFieldToken@4557f17e"|0x4557f17e
22:35:24.0 (72416745)|STATEMENT_EXECUTE|[50]
22:35:24.0 (72489866)|HEAP_ALLOCATE|[51]|Bytes:8
22:35:24.0 (72500550)|STATEMENT_EXECUTE|[52]
22:35:24.0 (72513077)|HEAP_ALLOCATE|[52]|Bytes:8
22:35:24.0 (72519583)|HEAP_ALLOCATE|[52]|Bytes:7
22:35:24.0 (72526832)|HEAP_ALLOCATE|[EXTERNAL]|Bytes:4
22:35:24.0 (72536541)|HEAP_ALLOCATE|[50]|Bytes:5
22:35:24.0 (72547083)|VARIABLE_SCOPE_BEGIN|[50]|field|Schema.SObjectField|true|false
22:35:24.0 (72605123)|VARIABLE_ASSIGNMENT|[50]|field|"common.apex.runtime.impl.ApexFieldToken@6d946112"|0x6d946112
22:35:24.0 (72611258)|STATEMENT_EXECUTE|[50]
22:35:24.0 (72676488)|HEAP_ALLOCATE|[51]|Bytes:8
22:35:24.0 (72686045)|STATEMENT_EXECUTE|[52]
22:35:24.0 (72698097)|HEAP_ALLOCATE|[52]|Bytes:8
22:35:24.0 (72704527)|HEAP_ALLOCATE|[52]|Bytes:8
22:35:24.0 (72710920)|HEAP_ALLOCATE|[EXTERNAL]|Bytes:4
22:35:24.0 (72720144)|HEAP_ALLOCATE|[50]|Bytes:5
22:35:24.0 (72730241)|VARIABLE_SCOPE_BEGIN|[50]|field|Schema.SObjectField|true|false
22:35:24.0 (72787937)|VARIABLE_ASSIGNMENT|[50]|field|"common.apex.runtime.impl.ApexFieldToken@d469751"|0xd469751
22:35:24.0 (72793639)|STATEMENT_EXECUTE|[50]
22:35:24.0 (72862419)|HEAP_ALLOCATE|[51]|Bytes:8
22:35:24.0 (72872724)|STATEMENT_EXECUTE|[52]
22:35:24.0 (72884972)|HEAP_ALLOCATE|[52]|Bytes:8
22:35:24.0 (72891386)|HEAP_ALLOCATE|[52]|Bytes:7
22:35:24.0 (72897684)|HEAP_ALLOCATE|[EXTERNAL]|Bytes:4
22:35:24.0 (72906942)|HEAP_ALLOCATE|[50]|Bytes:5
22:35:24.0 (72916726)|VARIABLE_ASSIGNMENT|[50]|field|null|
22:35:24.0 (72921362)|STATEMENT_EXECUTE|[55]
22:35:24.0 (72926626)|VARIABLE_SCOPE_BEGIN|[55]|allfields|String|false|false
22:35:24.0 (72936563)|VARIABLE_ASSIGNMENT|[55]|allfields|""
22:35:24.0 (72989014)|HEAP_ALLOCATE|[57]|Bytes:5
22:35:24.0 (72997143)|HEAP_ALLOCATE|[57]|Bytes:2
22:35:24.0 (73002747)|VARIABLE_SCOPE_BEGIN|[57]|fieldname|String|false|false
22:35:24.0 (73011572)|VARIABLE_ASSIGNMENT|[57]|fieldname|"Id"
22:35:24.0 (73015861)|STATEMENT_EXECUTE|[58]
22:35:24.0 (73017930)|HEAP_ALLOCATE|[58]|Bytes:1
22:35:24.0 (73034993)|HEAP_ALLOCATE|[58]|Bytes:3
22:35:24.0 (73039527)|HEAP_ALLOCATE|[58]|Bytes:3
22:35:24.0 (73043672)|VARIABLE_ASSIGNMENT|[58]|allfields|"Id,"
22:35:24.0 (73050653)|HEAP_ALLOCATE|[57]|Bytes:5
22:35:24.0 (73057150)|HEAP_ALLOCATE|[57]|Bytes:7
22:35:24.0 (73061347)|VARIABLE_SCOPE_BEGIN|[57]|fieldname|String|false|false
22:35:24.0 (73068210)|VARIABLE_ASSIGNMENT|[57]|fieldname|"OwnerId"
22:35:24.0 (73071497)|STATEMENT_EXECUTE|[58]
22:35:24.0 (73073887)|HEAP_ALLOCATE|[58]|Bytes:8
22:35:24.0 (73077547)|HEAP_ALLOCATE|[58]|Bytes:11
22:35:24.0 (73081305)|VARIABLE_ASSIGNMENT|[58]|allfields|"Id,OwnerId,"
22:35:24.0 (73087327)|HEAP_ALLOCATE|[57]|Bytes:5
22:35:24.0 (73092572)|HEAP_ALLOCATE|[57]|Bytes:9
22:35:24.0 (73096196)|VARIABLE_SCOPE_BEGIN|[57]|fieldname|String|false|false
22:35:24.0 (73102595)|VARIABLE_ASSIGNMENT|[57]|fieldname|"IsDeleted"
22:35:24.0 (73105554)|STATEMENT_EXECUTE|[58]
22:35:24.0 (73107723)|HEAP_ALLOCATE|[58]|Bytes:10
22:35:24.0 (73110832)|HEAP_ALLOCATE|[58]|Bytes:21
22:35:24.0 (73116855)|VARIABLE_ASSIGNMENT|[58]|allfields|"Id,OwnerId,IsDeleted (1 more) ..."
22:35:24.0 (73123005)|HEAP_ALLOCATE|[57]|Bytes:5
22:35:24.0 (73128286)|HEAP_ALLOCATE|[57]|Bytes:4
22:35:24.0 (73132189)|VARIABLE_SCOPE_BEGIN|[57]|fieldname|String|false|false
22:35:24.0 (73138770)|VARIABLE_ASSIGNMENT|[57]|fieldname|"Name"
22:35:24.0 (73141987)|STATEMENT_EXECUTE|[58]
22:35:24.0 (73144050)|HEAP_ALLOCATE|[58]|Bytes:5
22:35:24.0 (73148065)|HEAP_ALLOCATE|[58]|Bytes:26
22:35:24.0 (73152259)|VARIABLE_ASSIGNMENT|[58]|allfields|"Id,OwnerId,IsDeleted (6 more) ..."
22:35:24.0 (73157702)|HEAP_ALLOCATE|[57]|Bytes:5
22:35:24.0 (73162639)|HEAP_ALLOCATE|[57]|Bytes:11
22:35:24.0 (73165926)|VARIABLE_SCOPE_BEGIN|[57]|fieldname|String|false|false
22:35:24.0 (73172450)|VARIABLE_ASSIGNMENT|[57]|fieldname|"CreatedDate"
22:35:24.0 (73175418)|STATEMENT_EXECUTE|[58]
22:35:24.0 (73177566)|HEAP_ALLOCATE|[58]|Bytes:12
22:35:24.0 (73180923)|HEAP_ALLOCATE|[58]|Bytes:38
22:35:24.0 (73185159)|VARIABLE_ASSIGNMENT|[58]|allfields|"Id,OwnerId,IsDeleted (18 more) ..."
22:35:24.0 (73190847)|HEAP_ALLOCATE|[57]|Bytes:5
22:35:24.0 (73195887)|HEAP_ALLOCATE|[57]|Bytes:11
22:35:24.0 (73198963)|VARIABLE_SCOPE_BEGIN|[57]|fieldname|String|false|false
22:35:24.0 (73205441)|VARIABLE_ASSIGNMENT|[57]|fieldname|"CreatedById"
22:35:24.0 (73208325)|STATEMENT_EXECUTE|[58]
22:35:24.0 (73210660)|HEAP_ALLOCATE|[58]|Bytes:12
22:35:24.0 (73213996)|HEAP_ALLOCATE|[58]|Bytes:50
22:35:24.0 (73218495)|VARIABLE_ASSIGNMENT|[58]|allfields|"Id,OwnerId,IsDeleted (30 more) ..."
22:35:24.0 (73224239)|HEAP_ALLOCATE|[57]|Bytes:5
22:35:24.0 (73229017)|HEAP_ALLOCATE|[57]|Bytes:16
22:35:24.0 (73232214)|VARIABLE_SCOPE_BEGIN|[57]|fieldname|String|false|false
22:35:24.0 (73238401)|VARIABLE_ASSIGNMENT|[57]|fieldname|"LastModifiedDate"
22:35:24.0 (73241948)|STATEMENT_EXECUTE|[58]
22:35:24.0 (73244248)|HEAP_ALLOCATE|[58]|Bytes:17
22:35:24.0 (73247354)|HEAP_ALLOCATE|[58]|Bytes:67
22:35:24.0 (73251636)|VARIABLE_ASSIGNMENT|[58]|allfields|"Id,OwnerId,IsDeleted (47 more) ..."
22:35:24.0 (73257402)|HEAP_ALLOCATE|[57]|Bytes:5
22:35:24.0 (73262258)|HEAP_ALLOCATE|[57]|Bytes:16
22:35:24.0 (73265811)|VARIABLE_SCOPE_BEGIN|[57]|fieldname|String|false|false
22:35:24.0 (73271550)|VARIABLE_ASSIGNMENT|[57]|fieldname|"LastModifiedById"
22:35:24.0 (73274773)|STATEMENT_EXECUTE|[58]
22:35:24.0 (73277023)|HEAP_ALLOCATE|[58]|Bytes:17
22:35:24.0 (73280067)|HEAP_ALLOCATE|[58]|Bytes:84
22:35:24.0 (73284063)|VARIABLE_ASSIGNMENT|[58]|allfields|"Id,OwnerId,IsDeleted (64 more) ..."
22:35:24.0 (73290378)|HEAP_ALLOCATE|[57]|Bytes:5
22:35:24.0 (73298857)|HEAP_ALLOCATE|[57]|Bytes:14
22:35:24.0 (73302391)|VARIABLE_SCOPE_BEGIN|[57]|fieldname|String|false|false
22:35:24.0 (73308760)|VARIABLE_ASSIGNMENT|[57]|fieldname|"SystemModstamp"
22:35:24.0 (73312359)|STATEMENT_EXECUTE|[58]
22:35:24.0 (73314718)|HEAP_ALLOCATE|[58]|Bytes:15
22:35:24.0 (73317996)|HEAP_ALLOCATE|[58]|Bytes:99
22:35:24.0 (73322306)|VARIABLE_ASSIGNMENT|[58]|allfields|"Id,OwnerId,IsDeleted (79 more) ..."
22:35:24.0 (73328294)|HEAP_ALLOCATE|[57]|Bytes:5
22:35:24.0 (73337290)|HEAP_ALLOCATE|[57]|Bytes:16
22:35:24.0 (73340825)|VARIABLE_SCOPE_BEGIN|[57]|fieldname|String|false|false
22:35:24.0 (73346967)|VARIABLE_ASSIGNMENT|[57]|fieldname|"LastActivityDate"
22:35:24.0 (73350427)|STATEMENT_EXECUTE|[58]
22:35:24.0 (73352788)|HEAP_ALLOCATE|[58]|Bytes:17
22:35:24.0 (73357004)|HEAP_ALLOCATE|[58]|Bytes:116
22:35:24.0 (73361301)|VARIABLE_ASSIGNMENT|[58]|allfields|"Id,OwnerId,IsDeleted (96 more) ..."
22:35:24.0 (73367620)|HEAP_ALLOCATE|[57]|Bytes:5
22:35:24.0 (73372190)|HEAP_ALLOCATE|[57]|Bytes:14
22:35:24.0 (73375567)|VARIABLE_SCOPE_BEGIN|[57]|fieldname|String|false|false
22:35:24.0 (73381559)|VARIABLE_ASSIGNMENT|[57]|fieldname|"LastViewedDate"
22:35:24.0 (73384527)|STATEMENT_EXECUTE|[58]
22:35:24.0 (73386566)|HEAP_ALLOCATE|[58]|Bytes:15
22:35:24.0 (73389985)|HEAP_ALLOCATE|[58]|Bytes:131
22:35:24.0 (73394130)|VARIABLE_ASSIGNMENT|[58]|allfields|"Id,OwnerId,IsDeleted (111 more) ..."
22:35:24.0 (73399930)|HEAP_ALLOCATE|[57]|Bytes:5
22:35:24.0 (73404742)|HEAP_ALLOCATE|[57]|Bytes:18
22:35:24.0 (73408272)|VARIABLE_SCOPE_BEGIN|[57]|fieldname|String|false|false
22:35:24.0 (73414627)|VARIABLE_ASSIGNMENT|[57]|fieldname|"LastReferencedDate"
22:35:24.0 (73417544)|STATEMENT_EXECUTE|[58]
22:35:24.0 (73419772)|HEAP_ALLOCATE|[58]|Bytes:19
22:35:24.0 (73423118)|HEAP_ALLOCATE|[58]|Bytes:150
22:35:24.0 (73427334)|VARIABLE_ASSIGNMENT|[58]|allfields|"Id,OwnerId,IsDeleted (130 more) ..."
22:35:24.0 (73433195)|HEAP_ALLOCATE|[57]|Bytes:5
22:35:24.0 (73438246)|HEAP_ALLOCATE|[57]|Bytes:9
22:35:24.0 (73441337)|VARIABLE_SCOPE_BEGIN|[57]|fieldname|String|false|false
22:35:24.0 (73448119)|VARIABLE_ASSIGNMENT|[57]|fieldname|"Client__c"
22:35:24.0 (73451200)|STATEMENT_EXECUTE|[58]
22:35:24.0 (73453436)|HEAP_ALLOCATE|[58]|Bytes:10
22:35:24.0 (73456845)|HEAP_ALLOCATE|[58]|Bytes:160
22:35:24.0 (73461482)|VARIABLE_ASSIGNMENT|[58]|allfields|"Id,OwnerId,IsDeleted (140 more) ..."
22:35:24.0 (73467135)|HEAP_ALLOCATE|[57]|Bytes:5
22:35:24.0 (73471961)|HEAP_ALLOCATE|[57]|Bytes:15
22:35:24.0 (73475348)|VARIABLE_SCOPE_BEGIN|[57]|fieldname|String|false|false
22:35:24.0 (73481559)|VARIABLE_ASSIGNMENT|[57]|fieldname|"End_Customer__c"
22:35:24.0 (73484711)|STATEMENT_EXECUTE|[58]
22:35:24.0 (73486826)|HEAP_ALLOCATE|[58]|Bytes:16
22:35:24.0 (73491090)|HEAP_ALLOCATE|[58]|Bytes:176
22:35:24.0 (73495042)|VARIABLE_ASSIGNMENT|[58]|allfields|"Id,OwnerId,IsDeleted (156 more) ..."
22:35:24.0 (73500890)|HEAP_ALLOCATE|[57]|Bytes:5
22:35:24.0 (73506265)|HEAP_ALLOCATE|[57]|Bytes:19
22:35:24.0 (73510051)|VARIABLE_SCOPE_BEGIN|[57]|fieldname|String|false|false
22:35:24.0 (73516478)|VARIABLE_ASSIGNMENT|[57]|fieldname|"Operation_Region__c"
22:35:24.0 (73519389)|STATEMENT_EXECUTE|[58]
22:35:24.0 (73521470)|HEAP_ALLOCATE|[58]|Bytes:20
22:35:24.0 (73524593)|HEAP_ALLOCATE|[58]|Bytes:196
22:35:24.0 (73528517)|VARIABLE_ASSIGNMENT|[58]|allfields|"Id,OwnerId,IsDeleted (176 more) ..."
22:35:24.0 (73534294)|HEAP_ALLOCATE|[57]|Bytes:5
22:35:24.0 (73539029)|HEAP_ALLOCATE|[57]|Bytes:14
22:35:24.0 (73542481)|VARIABLE_SCOPE_BEGIN|[57]|fieldname|String|false|false
22:35:24.0 (73548985)|VARIABLE_ASSIGNMENT|[57]|fieldname|"Work_Region__c"
22:35:24.0 (73552006)|STATEMENT_EXECUTE|[58]
22:35:24.0 (73554145)|HEAP_ALLOCATE|[58]|Bytes:15
22:35:24.0 (73557471)|HEAP_ALLOCATE|[58]|Bytes:211
22:35:24.0 (73562111)|VARIABLE_ASSIGNMENT|[58]|allfields|"Id,OwnerId,IsDeleted (191 more) ..."
22:35:24.0 (73567931)|HEAP_ALLOCATE|[57]|Bytes:5
22:35:24.0 (73572659)|HEAP_ALLOCATE|[57]|Bytes:25
22:35:24.0 (73575980)|VARIABLE_SCOPE_BEGIN|[57]|fieldname|String|false|false
22:35:24.0 (73582533)|VARIABLE_ASSIGNMENT|[57]|fieldname|"Client_Project_Manag (5 more) ..."
22:35:24.0 (73585595)|STATEMENT_EXECUTE|[58]
22:35:24.0 (73587669)|HEAP_ALLOCATE|[58]|Bytes:26
22:35:24.0 (73591465)|HEAP_ALLOCATE|[58]|Bytes:237
22:35:24.0 (73595511)|VARIABLE_ASSIGNMENT|[58]|allfields|"Id,OwnerId,IsDeleted (217 more) ..."
22:35:24.0 (73601498)|HEAP_ALLOCATE|[57]|Bytes:5
22:35:24.0 (73605876)|HEAP_ALLOCATE|[57]|Bytes:15
22:35:24.0 (73609304)|VARIABLE_SCOPE_BEGIN|[57]|fieldname|String|false|false
22:35:24.0 (73615679)|VARIABLE_ASSIGNMENT|[57]|fieldname|"Project_code__c"
22:35:24.0 (73618409)|STATEMENT_EXECUTE|[58]
22:35:24.0 (73620537)|HEAP_ALLOCATE|[58]|Bytes:16
22:35:24.0 (73624100)|HEAP_ALLOCATE|[58]|Bytes:253
22:35:24.0 (73628530)|VARIABLE_ASSIGNMENT|[58]|allfields|"Id,OwnerId,IsDeleted (233 more) ..."
22:35:24.0 (73634696)|HEAP_ALLOCATE|[57]|Bytes:5
22:35:24.0 (73639234)|HEAP_ALLOCATE|[57]|Bytes:23
22:35:24.0 (73642298)|VARIABLE_SCOPE_BEGIN|[57]|fieldname|String|false|false
22:35:24.0 (73649183)|VARIABLE_ASSIGNMENT|[57]|fieldname|"Company_project_code (3 more) ..."
22:35:24.0 (73652121)|STATEMENT_EXECUTE|[58]
22:35:24.0 (73654178)|HEAP_ALLOCATE|[58]|Bytes:24
22:35:24.0 (73657582)|HEAP_ALLOCATE|[58]|Bytes:277
22:35:24.0 (73661734)|VARIABLE_ASSIGNMENT|[58]|allfields|"Id,OwnerId,IsDeleted (257 more) ..."
22:35:24.0 (73667515)|HEAP_ALLOCATE|[57]|Bytes:5
22:35:24.0 (73671987)|HEAP_ALLOCATE|[57]|Bytes:16
22:35:24.0 (73675317)|VARIABLE_SCOPE_BEGIN|[57]|fieldname|String|false|false
22:35:24.0 (73681294)|VARIABLE_ASSIGNMENT|[57]|fieldname|"Project_Scope__c"
22:35:24.0 (73684050)|STATEMENT_EXECUTE|[58]
22:35:24.0 (73686138)|HEAP_ALLOCATE|[58]|Bytes:17
22:35:24.0 (73689357)|HEAP_ALLOCATE|[58]|Bytes:294
22:35:24.0 (73693169)|VARIABLE_ASSIGNMENT|[58]|allfields|"Id,OwnerId,IsDeleted (274 more) ..."
22:35:24.0 (73698680)|HEAP_ALLOCATE|[57]|Bytes:5
22:35:24.0 (73703421)|HEAP_ALLOCATE|[57]|Bytes:14
22:35:24.0 (73706487)|VARIABLE_SCOPE_BEGIN|[57]|fieldname|String|false|false
22:35:24.0 (73712908)|VARIABLE_ASSIGNMENT|[57]|fieldname|"Cost_Centre__c"
22:35:24.0 (73715887)|STATEMENT_EXECUTE|[58]
22:35:24.0 (73717982)|HEAP_ALLOCATE|[58]|Bytes:15
22:35:24.0 (73721342)|HEAP_ALLOCATE|[58]|Bytes:309
22:35:24.0 (73725529)|VARIABLE_ASSIGNMENT|[58]|allfields|"Id,OwnerId,IsDeleted (289 more) ..."
22:35:24.0 (73731283)|HEAP_ALLOCATE|[57]|Bytes:5
22:35:24.0 (73735877)|HEAP_ALLOCATE|[57]|Bytes:13
22:35:24.0 (73739001)|VARIABLE_SCOPE_BEGIN|[57]|fieldname|String|false|false
22:35:24.0 (73745067)|VARIABLE_ASSIGNMENT|[57]|fieldname|"Production__c"
22:35:24.0 (73748298)|STATEMENT_EXECUTE|[58]
22:35:24.0 (73750488)|HEAP_ALLOCATE|[58]|Bytes:14
22:35:24.0 (73753892)|HEAP_ALLOCATE|[58]|Bytes:323
22:35:24.0 (73758442)|VARIABLE_ASSIGNMENT|[58]|allfields|"Id,OwnerId,IsDeleted (303 more) ..."
22:35:24.0 (73764463)|HEAP_ALLOCATE|[57]|Bytes:5
22:35:24.0 (73769172)|HEAP_ALLOCATE|[57]|Bytes:5
22:35:24.0 (73772819)|VARIABLE_SCOPE_BEGIN|[57]|fieldname|String|false|false
22:35:24.0 (73778951)|VARIABLE_ASSIGNMENT|[57]|fieldname|"QC__c"
22:35:24.0 (73781729)|STATEMENT_EXECUTE|[58]
22:35:24.0 (73783836)|HEAP_ALLOCATE|[58]|Bytes:6
22:35:24.0 (73786999)|HEAP_ALLOCATE|[58]|Bytes:329
22:35:24.0 (73790959)|VARIABLE_ASSIGNMENT|[58]|allfields|"Id,OwnerId,IsDeleted (309 more) ..."
22:35:24.0 (73796662)|HEAP_ALLOCATE|[57]|Bytes:5
22:35:24.0 (73801385)|HEAP_ALLOCATE|[57]|Bytes:11
22:35:24.0 (73804780)|VARIABLE_SCOPE_BEGIN|[57]|fieldname|String|false|false
22:35:24.0 (73810948)|VARIABLE_ASSIGNMENT|[57]|fieldname|"Delivery__c"
22:35:24.0 (73814037)|STATEMENT_EXECUTE|[58]
22:35:24.0 (73816248)|HEAP_ALLOCATE|[58]|Bytes:12
22:35:24.0 (73819716)|HEAP_ALLOCATE|[58]|Bytes:341
22:35:24.0 (73823612)|VARIABLE_ASSIGNMENT|[58]|allfields|"Id,OwnerId,IsDeleted (321 more) ..."
22:35:24.0 (73829777)|HEAP_ALLOCATE|[57]|Bytes:5
22:35:24.0 (73834445)|HEAP_ALLOCATE|[57]|Bytes:5
22:35:24.0 (73837841)|VARIABLE_SCOPE_BEGIN|[57]|fieldname|String|false|false
22:35:24.0 (73843927)|VARIABLE_ASSIGNMENT|[57]|fieldname|"QA__c"
22:35:24.0 (73846804)|STATEMENT_EXECUTE|[58]
22:35:24.0 (73848855)|HEAP_ALLOCATE|[58]|Bytes:6
22:35:24.0 (73851922)|HEAP_ALLOCATE|[58]|Bytes:347
22:35:24.0 (73856131)|VARIABLE_ASSIGNMENT|[58]|allfields|"Id,OwnerId,IsDeleted (327 more) ..."
22:35:24.0 (73862032)|HEAP_ALLOCATE|[57]|Bytes:5
22:35:24.0 (73866708)|HEAP_ALLOCATE|[57]|Bytes:25
22:35:24.0 (73869812)|VARIABLE_SCOPE_BEGIN|[57]|fieldname|String|false|false
22:35:24.0 (73876517)|VARIABLE_ASSIGNMENT|[57]|fieldname|"OffshoreProjectManag (5 more) ..."
22:35:24.0 (73879394)|STATEMENT_EXECUTE|[58]
22:35:24.0 (73881517)|HEAP_ALLOCATE|[58]|Bytes:26
22:35:24.0 (73884950)|HEAP_ALLOCATE|[58]|Bytes:373
22:35:24.0 (73888852)|VARIABLE_ASSIGNMENT|[58]|allfields|"Id,OwnerId,IsDeleted (353 more) ..."
22:35:24.0 (73894324)|HEAP_ALLOCATE|[57]|Bytes:5
22:35:24.0 (73899257)|HEAP_ALLOCATE|[57]|Bytes:12
22:35:24.0 (73902306)|VARIABLE_SCOPE_BEGIN|[57]|fieldname|String|false|false
22:35:24.0 (73908439)|VARIABLE_ASSIGNMENT|[57]|fieldname|"Team_Lead__c"
22:35:24.0 (73911566)|STATEMENT_EXECUTE|[58]
22:35:24.0 (73913758)|HEAP_ALLOCATE|[58]|Bytes:13
22:35:24.0 (73917018)|HEAP_ALLOCATE|[58]|Bytes:386
22:35:24.0 (73921510)|VARIABLE_ASSIGNMENT|[58]|allfields|"Id,OwnerId,IsDeleted (366 more) ..."
22:35:24.0 (73927194)|HEAP_ALLOCATE|[57]|Bytes:5
22:35:24.0 (73931707)|HEAP_ALLOCATE|[57]|Bytes:21
22:35:24.0 (73934884)|VARIABLE_SCOPE_BEGIN|[57]|fieldname|String|false|false
22:35:24.0 (73941100)|VARIABLE_ASSIGNMENT|[57]|fieldname|"Project_Start_Date__ (1 more) ..."
22:35:24.0 (73943891)|STATEMENT_EXECUTE|[58]
22:35:24.0 (73946018)|HEAP_ALLOCATE|[58]|Bytes:22
22:35:24.0 (73949341)|HEAP_ALLOCATE|[58]|Bytes:408
22:35:24.0 (73953174)|VARIABLE_ASSIGNMENT|[58]|allfields|"Id,OwnerId,IsDeleted (388 more) ..."
22:35:24.0 (73958737)|HEAP_ALLOCATE|[57]|Bytes:5
22:35:24.0 (73963351)|HEAP_ALLOCATE|[57]|Bytes:19
22:35:24.0 (73966658)|VARIABLE_SCOPE_BEGIN|[57]|fieldname|String|false|false
22:35:24.0 (73972801)|VARIABLE_ASSIGNMENT|[57]|fieldname|"Project_End_Date__c"
22:35:24.0 (73976009)|STATEMENT_EXECUTE|[58]
22:35:24.0 (73978218)|HEAP_ALLOCATE|[58]|Bytes:20
22:35:24.0 (73981287)|HEAP_ALLOCATE|[58]|Bytes:428
22:35:24.0 (73985722)|VARIABLE_ASSIGNMENT|[58]|allfields|"Id,OwnerId,IsDeleted (408 more) ..."
22:35:24.0 (73991684)|HEAP_ALLOCATE|[57]|Bytes:5
22:35:24.0 (73996224)|HEAP_ALLOCATE|[57]|Bytes:8
22:35:24.0 (73999706)|VARIABLE_SCOPE_BEGIN|[57]|fieldname|String|false|false
22:35:24.0 (74006162)|VARIABLE_ASSIGNMENT|[57]|fieldname|"Units__c"
22:35:24.0 (74009446)|STATEMENT_EXECUTE|[58]
22:35:24.0 (74011576)|HEAP_ALLOCATE|[58]|Bytes:9
22:35:24.0 (74014925)|HEAP_ALLOCATE|[58]|Bytes:437
22:35:24.0 (74019044)|VARIABLE_ASSIGNMENT|[58]|allfields|"Id,OwnerId,IsDeleted (417 more) ..."
22:35:24.0 (74025049)|HEAP_ALLOCATE|[57]|Bytes:5
22:35:24.0 (74029875)|HEAP_ALLOCATE|[57]|Bytes:8
22:35:24.0 (74033321)|VARIABLE_SCOPE_BEGIN|[57]|fieldname|String|false|false
22:35:24.0 (74040113)|VARIABLE_ASSIGNMENT|[57]|fieldname|"Nodes__c"
22:35:24.0 (74043147)|STATEMENT_EXECUTE|[58]
22:35:24.0 (74045255)|HEAP_ALLOCATE|[58]|Bytes:9
22:35:24.0 (74048610)|HEAP_ALLOCATE|[58]|Bytes:446
22:35:24.0 (74053143)|VARIABLE_ASSIGNMENT|[58]|allfields|"Id,OwnerId,IsDeleted (426 more) ..."
22:35:24.0 (74058565)|HEAP_ALLOCATE|[57]|Bytes:5
22:35:24.0 (74063131)|HEAP_ALLOCATE|[57]|Bytes:10
22:35:24.0 (74066110)|VARIABLE_SCOPE_BEGIN|[57]|fieldname|String|false|false
22:35:24.0 (74071997)|VARIABLE_ASSIGNMENT|[57]|fieldname|"Footage__c"
22:35:24.0 (74075096)|STATEMENT_EXECUTE|[58]
22:35:24.0 (74077157)|HEAP_ALLOCATE|[58]|Bytes:11
22:35:24.0 (74080362)|HEAP_ALLOCATE|[58]|Bytes:457
22:35:24.0 (74084491)|VARIABLE_ASSIGNMENT|[58]|allfields|"Id,OwnerId,IsDeleted (437 more) ..."
22:35:24.0 (74090309)|HEAP_ALLOCATE|[57]|Bytes:5
22:35:24.0 (74094758)|HEAP_ALLOCATE|[57]|Bytes:8
22:35:24.0 (74097871)|VARIABLE_SCOPE_BEGIN|[57]|fieldname|String|false|false
22:35:24.0 (74103924)|VARIABLE_ASSIGNMENT|[57]|fieldname|"Miles__c"
22:35:24.0 (74107555)|STATEMENT_EXECUTE|[58]
22:35:24.0 (74109589)|HEAP_ALLOCATE|[58]|Bytes:9
22:35:24.0 (74112887)|HEAP_ALLOCATE|[58]|Bytes:466
22:35:24.0 (74116808)|VARIABLE_ASSIGNMENT|[58]|allfields|"Id,OwnerId,IsDeleted (446 more) ..."
22:35:24.0 (74122671)|HEAP_ALLOCATE|[57]|Bytes:5
22:35:24.0 (74127010)|HEAP_ALLOCATE|[57]|Bytes:7
22:35:24.0 (74130253)|VARIABLE_SCOPE_BEGIN|[57]|fieldname|String|false|false
22:35:24.0 (74136363)|VARIABLE_ASSIGNMENT|[57]|fieldname|"Jobs__c"
22:35:24.0 (74139460)|STATEMENT_EXECUTE|[58]
22:35:24.0 (74141541)|HEAP_ALLOCATE|[58]|Bytes:8
22:35:24.0 (74144997)|HEAP_ALLOCATE|[58]|Bytes:474
22:35:24.0 (74149686)|VARIABLE_ASSIGNMENT|[58]|allfields|"Id,OwnerId,IsDeleted (454 more) ..."
22:35:24.0 (74155167)|HEAP_ALLOCATE|[57]|Bytes:5
22:35:24.0 (74159905)|HEAP_ALLOCATE|[57]|Bytes:8
22:35:24.0 (74162896)|VARIABLE_SCOPE_BEGIN|[57]|fieldname|String|false|false
22:35:24.0 (74168759)|VARIABLE_ASSIGNMENT|[57]|fieldname|"Hours__c"
22:35:24.0 (74172074)|STATEMENT_EXECUTE|[58]
22:35:24.0 (74174201)|HEAP_ALLOCATE|[58]|Bytes:9
22:35:24.0 (74177665)|HEAP_ALLOCATE|[58]|Bytes:483
22:35:24.0 (74181605)|VARIABLE_ASSIGNMENT|[58]|allfields|"Id,OwnerId,IsDeleted (463 more) ..."
22:35:24.0 (74186967)|HEAP_ALLOCATE|[57]|Bytes:5
22:35:24.0 (74191563)|HEAP_ALLOCATE|[57]|Bytes:7
22:35:24.0 (74195177)|VARIABLE_SCOPE_BEGIN|[57]|fieldname|String|false|false
22:35:24.0 (74201258)|VARIABLE_ASSIGNMENT|[57]|fieldname|"Team__c"
22:35:24.0 (74204066)|STATEMENT_EXECUTE|[58]
22:35:24.0 (74206181)|HEAP_ALLOCATE|[58]|Bytes:8
22:35:24.0 (74209679)|HEAP_ALLOCATE|[58]|Bytes:491
22:35:24.0 (74213643)|VARIABLE_ASSIGNMENT|[58]|allfields|"Id,OwnerId,IsDeleted (471 more) ..."
22:35:24.0 (74219489)|HEAP_ALLOCATE|[57]|Bytes:5
22:35:24.0 (74224806)|VARIABLE_ASSIGNMENT|[57]|fieldname|null
22:35:24.0 (74228622)|STATEMENT_EXECUTE|[60]
22:35:24.0 (74290339)|HEAP_ALLOCATE|[60]|Bytes:490
22:35:24.0 (74300262)|VARIABLE_ASSIGNMENT|[60]|allfields|"Id,OwnerId,IsDeleted (470 more) ..."
22:35:24.0 (74304354)|STATEMENT_EXECUTE|[64]
22:35:24.0 (74316449)|METHOD_EXIT|[15]|01p7F00000Ehro9|PM_Project_Edit_Controller.getAllFields(String)
22:35:24.0 (74323158)|HEAP_ALLOCATE|[15]|Bytes:32
22:35:24.0 (74333951)|HEAP_ALLOCATE|[15]|Bytes:529
22:35:24.0 (74828806)|SOQL_EXECUTE_BEGIN|[15]|Aggregations:0|select Id,OwnerId,IsDeleted,Name,CreatedDate,CreatedById,LastModifiedDate,LastModifiedById,SystemModstamp,LastActivityDate,LastViewedDate,LastReferencedDate,Client__c,End_Customer__c,Operation_Region__c,Work_Region__c,Client_Project_Manager__c,Project_code__c,Company_project_code__c,Project_Scope__c,Cost_Centre__c,Production__c,QC__c,Delivery__c,QA__c,OffshoreProjectManager__c,Team_Lead__c,Project_Start_Date__c,Project_End_Date__c,Units__c,Nodes__c,Footage__c,Miles__c,Jobs__c,Hours__c,Team__c from Project__c where Id = :pid
22:35:24.0 (79147426)|SOQL_EXECUTE_END|[15]|Rows:1
22:35:24.0 (79171416)|HEAP_ALLOCATE|[15]|Bytes:8
22:35:24.0 (79204884)|HEAP_ALLOCATE|[15]|Bytes:996
22:35:24.0 (79282617)|HEAP_ALLOCATE|[15]|Bytes:8
22:35:24.0 (79307698)|HEAP_ALLOCATE|[15]|Bytes:36
22:35:24.0 (79363271)|HEAP_ALLOCATE|[15]|Bytes:140
22:35:24.0 (79445074)|VARIABLE_ASSIGNMENT|[EXTERNAL]|this|{"mysObject":"0x560cfb2b","usersList":"0x283463f0"}|0x4cea2485
22:35:24.0 (79537838)|VARIABLE_ASSIGNMENT|[EXTERNAL]|value|{"Id":"a057F000002dVv5QAE","OwnerId":"0057F000000Tiz6QAC","IsDeleted":false,"Name":"tm Test","CreatedDate":"2017-12-19T10:53:33.000Z","CreatedById":"0057F000000Tiz6QAC","LastModifiedDate":"2017-12-19T11:16:32.000Z","LastModifiedById":"0057F000000Tiz6QAC","SystemModstamp":"2018-01-18T18:41:12.000Z","LastViewedDate":"2018-01-22T06:30:19.000Z","LastReferencedDate":"2018-01-22T06:30:19.000Z","Client__c":"a047F000002zkUjQAI","End_Customer__c":"tm Test","Operation_Region__c":"tm Test","Work_Region__c":"tm Test","Client_Project_Manag (5 more) ...":"tm Test","Project_code__c":"tm Test","Company_project_code (3 more) ...":"321","Project_Scope__c":"DESIGNING","Production__c":50,"QC__c":20,"Delivery__c":10,"QA__c":20,"OffshoreProjectManag (5 more) ...":"0057F000000TpcqQAC","Team_Lead__c":"0057F000000TyzfQAC","Project_Start_Date__ (1 more) ...":"2017-12-19T00:00:00.000Z","Project_End_Date__c":"2017-12-19T00:00:00.000Z","Units__c":true,"Nodes__c":true,"Footage__c":false,"Miles__c":false,"Jobs__c":false,"Hours__c":false,"Team__c":"Mani Sasank, Santhos (30 more) ..."}|0x6f1678cd
22:35:24.0 (79629441)|VARIABLE_ASSIGNMENT|[3]|this.mysObject|{"Id":"a057F000002dVv5QAE","OwnerId":"0057F000000Tiz6QAC","IsDeleted":false,"Name":"tm Test","CreatedDate":"2017-12-19T10:53:33.000Z","CreatedById":"0057F000000Tiz6QAC","LastModifiedDate":"2017-12-19T11:16:32.000Z","LastModifiedById":"0057F000000Tiz6QAC","SystemModstamp":"2018-01-18T18:41:12.000Z","LastViewedDate":"2018-01-22T06:30:19.000Z","LastReferencedDate":"2018-01-22T06:30:19.000Z","Client__c":"a047F000002zkUjQAI","End_Customer__c":"tm Test","Operation_Region__c":"tm Test","Work_Region__c":"tm Test","Client_Project_Manag (5 more) ...":"tm Test","Project_code__c":"tm Test","Company_project_code (3 more) ...":"321","Project_Scope__c":"DESIGNING","Production__c":50,"QC__c":20,"Delivery__c":10,"QA__c":20,"OffshoreProjectManag (5 more) ...":"0057F000000TpcqQAC","Team_Lead__c":"0057F000000TyzfQAC","Project_Start_Date__ (1 more) ...":"2017-12-19T00:00:00.000Z","Project_End_Date__c":"2017-12-19T00:00:00.000Z","Units__c":true,"Nodes__c":true,"Footage__c":false,"Miles__c":false,"Jobs__c":false,"Hours__c":false,"Team__c":"Mani Sasank, Santhos (30 more) ..."}|0x4cea2485
22:35:24.0 (79663920)|STATEMENT_EXECUTE|[16]
22:35:24.0 (79730872)|VARIABLE_ASSIGNMENT|[EXTERNAL]|this|{"mysObject":"0x6f1678cd","usersList":"0x283463f0"}|0x4cea2485
22:35:24.0 (79822602)|VARIABLE_ASSIGNMENT|[EXTERNAL]|this|{"mysObject":"0x6f1678cd","usersList":"0x283463f0"}|0x4cea2485
22:35:24.0 (79835609)|VARIABLE_ASSIGNMENT|[EXTERNAL]|value|"tm Test"
22:35:24.0 (79846196)|VARIABLE_ASSIGNMENT|[4]|this.pName|"tm Test"|0x4cea2485
22:35:24.0 (79856195)|STATEMENT_EXECUTE|[18]
22:35:24.0 (79860610)|HEAP_ALLOCATE|[18]|Bytes:86
22:35:24.0 (79885153)|HEAP_ALLOCATE|[18]|Bytes:4
22:35:24.0 (79900669)|HEAP_ALLOCATE|[18]|Bytes:7
22:35:24.0 (80176619)|SOQL_EXECUTE_BEGIN|[18]|Aggregations:0|SELECT Name, UserLink__c FROM ProjectJobAssociation__c WHERE ProjectLink__c = :tmpVar1
22:35:24.0 (82799319)|SOQL_EXECUTE_END|[18]|Rows:5
22:35:24.0 (82823030)|HEAP_ALLOCATE|[18]|Bytes:24
22:35:24.0 (82852222)|HEAP_ALLOCATE|[18]|Bytes:380
22:35:24.0 (82934123)|HEAP_ALLOCATE|[18]|Bytes:24
22:35:24.0 (82950569)|VARIABLE_SCOPE_BEGIN|[18]|pja|List<ProjectJobAssociation__c>|true|false
22:35:24.0 (82994537)|VARIABLE_ASSIGNMENT|[18]|pja|[{"Name":"A-0002","UserLink__c":"0057F000000TpdFQAS","Id":"a087F000009HOLTQA4"},{"Name":"A-0003","UserLink__c":"0057F000000TrBBQA0","Id":"a087F000009HOLUQA4"},{"Name":"A-0004","UserLink__c":"0057F000000TrBGQA0","Id":"a087F000009HOLVQA4"},{"Name":"A-0005","UserLink__c":"0057F000000TrBVQA0","Id":"a087F000009HOLWQA4"},{"Name":"A-0006","UserLink__c":"0057F000000Tz0iQAC","Id":"a087F000009HOLXQA4"}]|0x442f9643
22:35:24.0 (83010447)|STATEMENT_EXECUTE|[19]
22:35:24.0 (83015982)|HEAP_ALLOCATE|[19]|Bytes:27
22:35:24.0 (83177342)|HEAP_ALLOCATE|[19]|Bytes:475
22:35:24.0 (83201054)|HEAP_ALLOCATE|[19]|Bytes:502
22:35:24.0 (83227958)|USER_DEBUG|[19]|DEBUG|===========================(ProjectJobAssociation__c:{Name=A-0002, UserLink__c=0057F000000TpdFQAS, Id=a087F000009HOLTQA4}, ProjectJobAssociation__c:{Name=A-0003, UserLink__c=0057F000000TrBBQA0, Id=a087F000009HOLUQA4}, ProjectJobAssociation__c:{Name=A-0004, UserLink__c=0057F000000TrBGQA0, Id=a087F000009HOLVQA4}, ProjectJobAssociation__c:{Name=A-0005, UserLink__c=0057F000000TrBVQA0, Id=a087F000009HOLWQA4}, ProjectJobAssociation__c:{Name=A-0006, UserLink__c=0057F000000Tz0iQAC, Id=a087F000009HOLXQA4})
22:35:24.0 (83245986)|STATEMENT_EXECUTE|[20]
22:35:24.0 (83261110)|HEAP_ALLOCATE|[20]|Bytes:4
22:35:24.0 (83337607)|VARIABLE_ASSIGNMENT|[EXTERNAL]|this|{"mysObject":"0x6f1678cd","pName":"tm Test","usersList":"0x283463f0"}|0x4cea2485
22:35:24.0 (83372448)|HEAP_ALLOCATE|[EXTERNAL]|Bytes:4
22:35:24.0 (83382998)|VARIABLE_ASSIGNMENT|[EXTERNAL]|value|[]|0x3d105e17
22:35:24.0 (83397722)|VARIABLE_ASSIGNMENT|[6]|this.selectedUsers|[]|0x4cea2485
22:35:24.0 (83577009)|HEAP_ALLOCATE|[21]|Bytes:5
22:35:24.0 (83598554)|HEAP_ALLOCATE|[21]|Bytes:16
22:35:24.0 (83609168)|VARIABLE_SCOPE_BEGIN|[21]|spja|ProjectJobAssociation__c|true|false
22:35:24.0 (83628415)|VARIABLE_ASSIGNMENT|[21]|spja|{"Name":"A-0002","UserLink__c":"0057F000000TpdFQAS","Id":"a087F000009HOLTQA4"}|0x57423fae
22:35:24.0 (83636740)|STATEMENT_EXECUTE|[21]
22:35:24.0 (83638655)|STATEMENT_EXECUTE|[22]
22:35:24.0 (83687911)|VARIABLE_ASSIGNMENT|[EXTERNAL]|this|{"mysObject":"0x6f1678cd","pName":"tm Test","selectedUsers":"0x3d105e17","usersList":"0x283463f0"}|0x4cea2485
22:35:24.0 (83741482)|HEAP_ALLOCATE|[22]|Bytes:18
22:35:24.0 (83751630)|HEAP_ALLOCATE|[22]|Bytes:18
22:35:24.0 (83794860)|HEAP_ALLOCATE|[EXTERNAL]|Bytes:4
22:35:24.0 (83815150)|HEAP_ALLOCATE|[21]|Bytes:5
22:35:24.0 (83827207)|HEAP_ALLOCATE|[21]|Bytes:16
22:35:24.0 (83835691)|VARIABLE_SCOPE_BEGIN|[21]|spja|ProjectJobAssociation__c|true|false
22:35:24.0 (83853397)|VARIABLE_ASSIGNMENT|[21]|spja|{"Name":"A-0003","UserLink__c":"0057F000000TrBBQA0","Id":"a087F000009HOLUQA4"}|0x4a1c3715
22:35:24.0 (83861475)|STATEMENT_EXECUTE|[21]
22:35:24.0 (83863225)|STATEMENT_EXECUTE|[22]
22:35:24.0 (83886765)|VARIABLE_ASSIGNMENT|[EXTERNAL]|this|{"mysObject":"0x6f1678cd","pName":"tm Test","selectedUsers":"0x3d105e17","usersList":"0x283463f0"}|0x4cea2485
22:35:24.0 (83905660)|HEAP_ALLOCATE|[22]|Bytes:18
22:35:24.0 (83912536)|HEAP_ALLOCATE|[22]|Bytes:18
22:35:24.0 (83923985)|HEAP_ALLOCATE|[EXTERNAL]|Bytes:4
22:35:24.0 (83935942)|HEAP_ALLOCATE|[21]|Bytes:5
22:35:24.0 (83946463)|HEAP_ALLOCATE|[21]|Bytes:16
22:35:24.0 (83952858)|VARIABLE_SCOPE_BEGIN|[21]|spja|ProjectJobAssociation__c|true|false
22:35:24.0 (83967728)|VARIABLE_ASSIGNMENT|[21]|spja|{"Name":"A-0004","UserLink__c":"0057F000000TrBGQA0","Id":"a087F000009HOLVQA4"}|0x417800cc
22:35:24.0 (83974712)|STATEMENT_EXECUTE|[21]
22:35:24.0 (83976605)|STATEMENT_EXECUTE|[22]
22:35:24.0 (83997720)|VARIABLE_ASSIGNMENT|[EXTERNAL]|this|{"mysObject":"0x6f1678cd","pName":"tm Test","selectedUsers":"0x3d105e17","usersList":"0x283463f0"}|0x4cea2485
22:35:24.0 (84013905)|HEAP_ALLOCATE|[22]|Bytes:18
22:35:24.0 (84021195)|HEAP_ALLOCATE|[22]|Bytes:18
22:35:24.0 (84031469)|HEAP_ALLOCATE|[EXTERNAL]|Bytes:4
22:35:24.0 (84046711)|HEAP_ALLOCATE|[21]|Bytes:5
22:35:24.0 (84057341)|HEAP_ALLOCATE|[21]|Bytes:16
22:35:24.0 (84063492)|VARIABLE_SCOPE_BEGIN|[21]|spja|ProjectJobAssociation__c|true|false
22:35:24.0 (84078365)|VARIABLE_ASSIGNMENT|[21]|spja|{"Name":"A-0005","UserLink__c":"0057F000000TrBVQA0","Id":"a087F000009HOLWQA4"}|0x2472ece2
22:35:24.0 (84085347)|STATEMENT_EXECUTE|[21]
22:35:24.0 (84086985)|STATEMENT_EXECUTE|[22]
22:35:24.0 (84110750)|VARIABLE_ASSIGNMENT|[EXTERNAL]|this|{"mysObject":"0x6f1678cd","pName":"tm Test","selectedUsers":"0x3d105e17","usersList":"0x283463f0"}|0x4cea2485
22:35:24.0 (84127221)|HEAP_ALLOCATE|[22]|Bytes:18
22:35:24.0 (84134099)|HEAP_ALLOCATE|[22]|Bytes:18
22:35:24.0 (84143555)|HEAP_ALLOCATE|[EXTERNAL]|Bytes:4
22:35:24.0 (84154300)|HEAP_ALLOCATE|[21]|Bytes:5
22:35:24.0 (84163987)|HEAP_ALLOCATE|[21]|Bytes:16
22:35:24.0 (84169994)|VARIABLE_SCOPE_BEGIN|[21]|spja|ProjectJobAssociation__c|true|false
22:35:24.0 (84185019)|VARIABLE_ASSIGNMENT|[21]|spja|{"Name":"A-0006","UserLink__c":"0057F000000Tz0iQAC","Id":"a087F000009HOLXQA4"}|0x620b088d
22:35:24.0 (84191736)|STATEMENT_EXECUTE|[21]
22:35:24.0 (84193324)|STATEMENT_EXECUTE|[22]
22:35:24.0 (84213120)|VARIABLE_ASSIGNMENT|[EXTERNAL]|this|{"mysObject":"0x6f1678cd","pName":"tm Test","selectedUsers":"0x3d105e17","usersList":"0x283463f0"}|0x4cea2485
22:35:24.0 (84231639)|HEAP_ALLOCATE|[22]|Bytes:18
22:35:24.0 (84238101)|HEAP_ALLOCATE|[22]|Bytes:18
22:35:24.0 (84247520)|HEAP_ALLOCATE|[EXTERNAL]|Bytes:4
22:35:24.0 (84258776)|HEAP_ALLOCATE|[21]|Bytes:5
22:35:24.0 (84270342)|VARIABLE_ASSIGNMENT|[21]|spja|null|
22:35:24.0 (84281350)|SYSTEM_MODE_EXIT|false
22:35:24.0 (84387316)|SYSTEM_MODE_ENTER|true
22:35:24.0 (99603246)|SYSTEM_MODE_ENTER|true
22:35:24.0 (99676991)|HEAP_ALLOCATE|[EXTERNAL]|Bytes:164
22:35:24.0 (99688727)|HEAP_ALLOCATE|[EXTERNAL]|Bytes:12
22:35:24.0 (99701107)|METHOD_ENTRY|[5]|01p7F00000Ehg8E|MultiselectController.MultiselectController()
22:35:24.0 (99706390)|STATEMENT_EXECUTE|[5]
22:35:24.0 (99711706)|STATEMENT_EXECUTE|[5]
22:35:24.0 (99722245)|SYSTEM_MODE_ENTER|false
22:35:24.0 (99733222)|HEAP_ALLOCATE|[EXTERNAL]|Bytes:5
22:35:24.0 (99740692)|SYSTEM_MODE_EXIT|false
22:35:24.0 (99750004)|METHOD_EXIT|[5]|MultiselectController
22:35:24.0 (99768542)|HEAP_ALLOCATE|[EXTERNAL]|Bytes:20
22:35:24.0 (99775892)|VARIABLE_SCOPE_BEGIN|[5]|this|MultiselectController|true|false
22:35:24.0 (99825037)|VARIABLE_ASSIGNMENT|[5]|this|{}|0x272d8357
22:35:24.0 (99838099)|SYSTEM_MODE_ENTER|false
22:35:24.0 (99842834)|HEAP_ALLOCATE|[EXTERNAL]|Bytes:5
22:35:24.0 (99867558)|SYSTEM_MODE_EXIT|false
22:35:24.0 (99871192)|STATEMENT_EXECUTE|[5]
22:35:24.0 (99875782)|SYSTEM_MODE_ENTER|false
22:35:24.0 (99879170)|HEAP_ALLOCATE|[EXTERNAL]|Bytes:5
22:35:24.0 (99881737)|STATEMENT_EXECUTE|[7]
22:35:24.0 (99883335)|STATEMENT_EXECUTE|[8]
22:35:24.0 (99884172)|STATEMENT_EXECUTE|[23]
22:35:24.0 (99885642)|STATEMENT_EXECUTE|[31]
22:35:24.0 (99887023)|SYSTEM_MODE_EXIT|false
22:35:24.0 (100042353)|SYSTEM_MODE_ENTER|true
22:35:24.0 (100081072)|HEAP_ALLOCATE|[EXTERNAL]|Bytes:20
22:35:24.0 (100159341)|VARIABLE_SCOPE_BEGIN|[26]|this|PM_Project_Edit_Controller|true|false
22:35:24.0 (100191326)|VARIABLE_ASSIGNMENT|[26]|this|{"mysObject":"0x6f1678cd","pName":"tm Test","selectedUsers":"0x3d105e17","usersList":"0x283463f0"}|0x4cea2485
22:35:24.0 (100213470)|SYSTEM_MODE_ENTER|false
22:35:24.0 (100221686)|HEAP_ALLOCATE|[27]|Bytes:5
22:35:24.0 (100227645)|STATEMENT_EXECUTE|[26]
22:35:24.0 (100229158)|STATEMENT_EXECUTE|[27]
22:35:24.0 (100233390)|HEAP_ALLOCATE|[27]|Bytes:62
22:35:24.0 (100262476)|HEAP_ALLOCATE|[27]|Bytes:4
22:35:24.0 (100456733)|SOQL_EXECUTE_BEGIN|[27]|Aggregations:0|SELECT Id, Name FROM User WHERE UserRoleId = '00E7F000000Mdri'
22:35:24.0 (105249628)|SOQL_EXECUTE_END|[27]|Rows:6
22:35:24.0 (105274876)|HEAP_ALLOCATE|[27]|Bytes:28
22:35:24.0 (105296134)|HEAP_ALLOCATE|[27]|Bytes:271
22:35:24.0 (105385626)|HEAP_ALLOCATE|[27]|Bytes:28
22:35:24.0 (105403885)|VARIABLE_SCOPE_BEGIN|[27]|users|List<User>|true|false
22:35:24.0 (105430339)|VARIABLE_ASSIGNMENT|[27]|users|"List of size 6 too large to display"|0x3a31abd8
22:35:24.0 (105591372)|HEAP_ALLOCATE|[28]|Bytes:5
22:35:24.0 (105610629)|HEAP_ALLOCATE|[28]|Bytes:12
22:35:24.0 (105619620)|VARIABLE_SCOPE_BEGIN|[28]|usr|User|true|false
22:35:24.0 (105636498)|VARIABLE_ASSIGNMENT|[28]|usr|{"Id":"0057F000000TpdFQAS","Name":"Mani Sasank"}|0x410001cb
22:35:24.0 (105642688)|STATEMENT_EXECUTE|[28]
22:35:24.0 (105644263)|STATEMENT_EXECUTE|[29]
22:35:24.0 (105684168)|HEAP_ALLOCATE|[29]|Bytes:18
22:35:24.0 (105752911)|HEAP_ALLOCATE|[EXTERNAL]|Bytes:4
22:35:24.0 (105767423)|HEAP_ALLOCATE|[28]|Bytes:5
22:35:24.0 (105776038)|HEAP_ALLOCATE|[28]|Bytes:12
22:35:24.0 (105781611)|VARIABLE_SCOPE_BEGIN|[28]|usr|User|true|false
22:35:24.0 (105793169)|VARIABLE_ASSIGNMENT|[28]|usr|{"Id":"0057F000000TrBBQA0","Name":"Santhosh"}|0x10fe3c26
22:35:24.0 (105798140)|STATEMENT_EXECUTE|[28]
22:35:24.0 (105799312)|STATEMENT_EXECUTE|[29]
22:35:24.0 (105807319)|HEAP_ALLOCATE|[29]|Bytes:18
22:35:24.0 (105818557)|HEAP_ALLOCATE|[EXTERNAL]|Bytes:4
22:35:24.0 (105826704)|HEAP_ALLOCATE|[28]|Bytes:5
22:35:24.0 (105833642)|HEAP_ALLOCATE|[28]|Bytes:12
22:35:24.0 (105838230)|VARIABLE_SCOPE_BEGIN|[28]|usr|User|true|false
22:35:24.0 (105847780)|VARIABLE_ASSIGNMENT|[28]|usr|{"Id":"0057F000000TrBGQA0","Name":"Ravi teja"}|0x2cf02fcb
22:35:24.0 (105855494)|STATEMENT_EXECUTE|[28]
22:35:24.0 (105856459)|STATEMENT_EXECUTE|[29]
22:35:24.0 (105862098)|HEAP_ALLOCATE|[29]|Bytes:18
22:35:24.0 (105870703)|HEAP_ALLOCATE|[EXTERNAL]|Bytes:4
22:35:24.0 (105878359)|HEAP_ALLOCATE|[28]|Bytes:5
22:35:24.0 (105884672)|HEAP_ALLOCATE|[28]|Bytes:12
22:35:24.0 (105888604)|VARIABLE_SCOPE_BEGIN|[28]|usr|User|true|false
22:35:24.0 (105897024)|VARIABLE_ASSIGNMENT|[28]|usr|{"Id":"0057F000000TrBVQA0","Name":"Yashwanth"}|0x2cd32d91
22:35:24.0 (105901809)|STATEMENT_EXECUTE|[28]
22:35:24.0 (105902668)|STATEMENT_EXECUTE|[29]
22:35:24.0 (105906895)|HEAP_ALLOCATE|[29]|Bytes:18
22:35:24.0 (105914704)|HEAP_ALLOCATE|[EXTERNAL]|Bytes:4
22:35:24.0 (105921547)|HEAP_ALLOCATE|[28]|Bytes:5
22:35:24.0 (105927336)|HEAP_ALLOCATE|[28]|Bytes:12
22:35:24.0 (105931381)|VARIABLE_SCOPE_BEGIN|[28]|usr|User|true|false
22:35:24.0 (105939531)|VARIABLE_ASSIGNMENT|[28]|usr|{"Id":"0057F000000Tz0iQAC","Name":"Richa"}|0x6d1c6f99
22:35:24.0 (105943948)|STATEMENT_EXECUTE|[28]
22:35:24.0 (105944884)|STATEMENT_EXECUTE|[29]
22:35:24.0 (105948898)|HEAP_ALLOCATE|[29]|Bytes:18
22:35:24.0 (105956852)|HEAP_ALLOCATE|[EXTERNAL]|Bytes:4
22:35:24.0 (105963614)|HEAP_ALLOCATE|[28]|Bytes:5
22:35:24.0 (105969384)|HEAP_ALLOCATE|[28]|Bytes:12
22:35:24.0 (105973101)|VARIABLE_SCOPE_BEGIN|[28]|usr|User|true|false
22:35:24.0 (105981162)|VARIABLE_ASSIGNMENT|[28]|usr|{"Id":"0057F000000Tz0sQAC","Name":"Veeresh"}|0xc627110
22:35:24.0 (105985545)|STATEMENT_EXECUTE|[28]
22:35:24.0 (105986434)|STATEMENT_EXECUTE|[29]
22:35:24.0 (105990391)|HEAP_ALLOCATE|[29]|Bytes:18
22:35:24.0 (105997423)|HEAP_ALLOCATE|[EXTERNAL]|Bytes:4
22:35:24.0 (106005027)|HEAP_ALLOCATE|[28]|Bytes:5
22:35:24.0 (106013184)|VARIABLE_ASSIGNMENT|[28]|usr|null|
22:35:24.0 (106017665)|STATEMENT_EXECUTE|[31]
22:35:24.0 (106024925)|SYSTEM_MODE_EXIT|false
22:35:24.0 (106159771)|SYSTEM_MODE_ENTER|true
22:35:24.0 (106216818)|HEAP_ALLOCATE|[EXTERNAL]|Bytes:28
22:35:24.0 (106221973)|HEAP_ALLOCATE|[EXTERNAL]|Bytes:20
22:35:24.0 (106257660)|VARIABLE_ASSIGNMENT|[EXTERNAL]|this.leftOptions|"List of size 6 too large to display"|0x272d8357
22:35:24.0 (106367649)|SYSTEM_MODE_ENTER|true
22:35:24.0 (106437602)|SYSTEM_MODE_ENTER|true
22:35:24.0 (106474880)|HEAP_ALLOCATE|[EXTERNAL]|Bytes:24
22:35:24.0 (106479326)|HEAP_ALLOCATE|[EXTERNAL]|Bytes:20
22:35:24.0 (106597109)|VARIABLE_ASSIGNMENT|[EXTERNAL]|this.rightOptions|"common.apex.runtime.impl.ScalarList@e5c1adba"|0x272d8357
22:35:24.0 (106723850)|SYSTEM_MODE_ENTER|true
22:35:24.0 (106926661)|SYSTEM_MODE_ENTER|true
22:35:24.0 (125254055)|SYSTEM_MODE_ENTER|true
22:35:24.0 (125328250)|HEAP_ALLOCATE|[EXTERNAL]|Bytes:28
22:35:24.0 (125338816)|HEAP_ALLOCATE|[EXTERNAL]|Bytes:20
22:35:24.0 (125360728)|VARIABLE_ASSIGNMENT|[EXTERNAL]|this.leftOptions|"List of size 6 too large to display"|0x272d8357
22:35:24.0 (125439993)|SYSTEM_MODE_ENTER|true
22:35:24.0 (125470920)|HEAP_ALLOCATE|[EXTERNAL]|Bytes:24
22:35:24.0 (125475065)|HEAP_ALLOCATE|[EXTERNAL]|Bytes:20
22:35:24.0 (125602158)|VARIABLE_ASSIGNMENT|[EXTERNAL]|this.rightOptions|"common.apex.runtime.impl.ScalarList@e5c1adba"|0x272d8357
22:35:24.0 (126091714)|SYSTEM_MODE_ENTER|true
22:35:24.0 (128033960)|SYSTEM_MODE_ENTER|true
22:35:24.0 (128715173)|SYSTEM_MODE_ENTER|true
22:35:24.0 (128786541)|SYSTEM_MODE_ENTER|true
22:35:24.0 (133125504)|VF_SERIALIZE_VIEWSTATE_BEGIN|0667F000004uRC1
22:35:24.0 (135945262)|VF_SERIALIZE_VIEWSTATE_END
22:35:24.138 (138136694)|CUMULATIVE_LIMIT_USAGE
22:35:24.138 (138136694)|LIMIT_USAGE_FOR_NS|(default)|
  Number of SOQL queries: 3 out of 100
  Number of query rows: 12 out of 50000
  Number of SOSL queries: 0 out of 20
  Number of DML statements: 0 out of 150
  Number of DML rows: 0 out of 10000
  Maximum CPU time: 0 out of 10000
  Maximum heap size: 0 out of 6000000
  Number of callouts: 0 out of 100
  Number of Email Invocations: 0 out of 10
  Number of future calls: 0 out of 50
  Number of queueable jobs added to the queue: 0 out of 50
  Number of Mobile Apex push calls: 0 out of 10

22:35:24.138 (138136694)|CUMULATIVE_LIMIT_USAGE_END

22:35:24.0 (138172784)|CODE_UNIT_FINISHED|VF: /apex/PM_Project_Edit
22:35:24.0 (139118486)|EXECUTION_FINISHED
