36.0 APEX_CODE,FINEST;APEX_PROFILING,INFO;CALLOUT,INFO;DB,INFO;SYSTEM,DEBUG;VALIDATION,INFO;VISUALFORCE,INFO;WAVE,INFO;WORKFLOW,INFO
04:53:02.0 (282048)|USER_INFO|[EXTERNAL]|0057F000000Tiz6|ksb994@salesforce.com|Pacific Standard Time|GMT-08:00
04:53:02.0 (314626)|EXECUTION_STARTED
04:53:02.0 (318420)|CODE_UNIT_STARTED|[EXTERNAL]|0667F000004uJm5|VF: /apex/PM_Project_New
04:53:02.12 (12254154)|SYSTEM_MODE_ENTER|true
04:53:02.12 (12375700)|HEAP_ALLOCATE|[72]|Bytes:3
04:53:02.12 (12414425)|HEAP_ALLOCATE|[77]|Bytes:152
04:53:02.12 (12428958)|HEAP_ALLOCATE|[342]|Bytes:408
04:53:02.12 (12442952)|HEAP_ALLOCATE|[355]|Bytes:408
04:53:02.12 (12455222)|HEAP_ALLOCATE|[467]|Bytes:48
04:53:02.12 (12707685)|SYSTEM_MODE_ENTER|true
04:53:02.12 (12762507)|HEAP_ALLOCATE|[EXTERNAL]|Bytes:8
04:53:02.12 (12770474)|VARIABLE_SCOPE_BEGIN|[88]|this|ApexPage.PageMessagesComponentController|true|false
04:53:02.12 (12808002)|VARIABLE_ASSIGNMENT|[88]|this|{}|0x14622aea
04:53:02.12 (12814208)|VARIABLE_SCOPE_BEGIN|[88]|escape|Boolean|false|false
04:53:02.12 (12821738)|VARIABLE_ASSIGNMENT|[88]|escape|null
04:53:02.12 (12973709)|SYSTEM_MODE_ENTER|true
04:53:02.12 (13008815)|HEAP_ALLOCATE|[EXTERNAL]|Bytes:8
04:53:02.12 (13015501)|VARIABLE_SCOPE_BEGIN|[2]|this|ApexPage.PageMessagesComponentController|true|false
04:53:02.12 (13032159)|VARIABLE_ASSIGNMENT|[2]|this|{}|0x14622aea
04:53:02.0 (16074765)|SYSTEM_MODE_ENTER|true
04:53:02.0 (16271330)|HEAP_ALLOCATE|[EXTERNAL]|Bytes:92
04:53:02.0 (16278979)|HEAP_ALLOCATE|[EXTERNAL]|Bytes:13
04:53:02.0 (16286432)|METHOD_ENTRY|[1]|01p7F00000EhPEd|Project_PM_Controller.Project_PM_Controller()
04:53:02.0 (16291226)|STATEMENT_EXECUTE|[1]
04:53:02.0 (16294564)|STATEMENT_EXECUTE|[1]
04:53:02.0 (16305575)|SYSTEM_MODE_ENTER|false
04:53:02.0 (16311648)|HEAP_ALLOCATE|[EXTERNAL]|Bytes:5
04:53:02.0 (16318954)|SYSTEM_MODE_EXIT|false
04:53:02.0 (16325733)|METHOD_EXIT|[1]|Project_PM_Controller
04:53:02.0 (16367423)|HEAP_ALLOCATE|[EXTERNAL]|Bytes:24
04:53:02.0 (16378685)|VARIABLE_SCOPE_BEGIN|[10]|this|Project_PM_Controller|true|false
04:53:02.0 (16414428)|VARIABLE_ASSIGNMENT|[10]|this|{}|0x4ce81317
04:53:02.0 (16421452)|VARIABLE_SCOPE_BEGIN|[10]|stdController|ApexPages.StandardController|true|false
04:53:02.0 (16560751)|VARIABLE_ASSIGNMENT|[10]|stdController|"StandardController [null]"|0x15a7b22d
04:53:02.0 (16582932)|SYSTEM_MODE_ENTER|false
04:53:02.0 (16588658)|HEAP_ALLOCATE|[6]|Bytes:5
04:53:02.0 (16593193)|STATEMENT_EXECUTE|[1]
04:53:02.0 (16597069)|HEAP_ALLOCATE|[6]|Bytes:5
04:53:02.0 (16599505)|STATEMENT_EXECUTE|[2]
04:53:02.0 (16600697)|STATEMENT_EXECUTE|[3]
04:53:02.0 (16601727)|STATEMENT_EXECUTE|[5]
04:53:02.0 (16602714)|STATEMENT_EXECUTE|[6]
04:53:02.0 (16613817)|HEAP_ALLOCATE|[6]|Bytes:4
04:53:02.0 (16655560)|HEAP_ALLOCATE|[EXTERNAL]|Bytes:4
04:53:02.0 (16667776)|VARIABLE_ASSIGNMENT|[6]|this.usersList|[]|0x4ce81317
04:53:02.0 (16672730)|STATEMENT_EXECUTE|[8]
04:53:02.0 (16676853)|HEAP_ALLOCATE|[8]|Bytes:4
04:53:02.0 (16683904)|VARIABLE_ASSIGNMENT|[8]|this.saveAndNew|1|0x4ce81317
04:53:02.0 (16700625)|STATEMENT_EXECUTE|[10]
04:53:02.0 (16701861)|STATEMENT_EXECUTE|[11]
04:53:02.0 (16779866)|VARIABLE_ASSIGNMENT|[11]|this.controller|"StandardController [null]"|0x4ce81317
04:53:02.0 (16786670)|STATEMENT_EXECUTE|[12]
04:53:02.0 (16889720)|HEAP_ALLOCATE|[12]|Bytes:4
04:53:02.0 (16914780)|VARIABLE_ASSIGNMENT|[12]|this.project|{}|0x4ce81317
04:53:02.0 (16919792)|STATEMENT_EXECUTE|[13]
04:53:02.0 (16927969)|HEAP_ALLOCATE|[13]|Bytes:4
04:53:02.0 (17049287)|VARIABLE_ASSIGNMENT|[EXTERNAL]|this|{"controller":"StandardController [[Project__c (]]","project":"0x265bc6fd","saveAndNew":1,"usersList":"0xfcd528c"}|0x4ce81317
04:53:02.0 (17072467)|HEAP_ALLOCATE|[EXTERNAL]|Bytes:4
04:53:02.0 (17079222)|VARIABLE_ASSIGNMENT|[EXTERNAL]|value|[]|0x2753bf82
04:53:02.0 (17089410)|VARIABLE_ASSIGNMENT|[5]|this.selectedUsers|[]|0x4ce81317
04:53:02.0 (17100669)|SYSTEM_MODE_EXIT|false
04:53:02.0 (24717140)|SYSTEM_MODE_ENTER|true
04:53:02.0 (24763335)|HEAP_ALLOCATE|[EXTERNAL]|Bytes:164
04:53:02.0 (24771486)|HEAP_ALLOCATE|[EXTERNAL]|Bytes:12
04:53:02.0 (24779688)|METHOD_ENTRY|[5]|01p7F00000Ehg8E|MultiselectController.MultiselectController()
04:53:02.0 (24784227)|STATEMENT_EXECUTE|[5]
04:53:02.0 (24787621)|STATEMENT_EXECUTE|[5]
04:53:02.0 (24796310)|SYSTEM_MODE_ENTER|false
04:53:02.0 (24803274)|HEAP_ALLOCATE|[EXTERNAL]|Bytes:5
04:53:02.0 (24808891)|SYSTEM_MODE_EXIT|false
04:53:02.0 (24815004)|METHOD_EXIT|[5]|MultiselectController
04:53:02.0 (24828168)|HEAP_ALLOCATE|[EXTERNAL]|Bytes:20
04:53:02.0 (24833225)|VARIABLE_SCOPE_BEGIN|[5]|this|MultiselectController|true|false
04:53:02.0 (24866030)|VARIABLE_ASSIGNMENT|[5]|this|{}|0x3df2883f
04:53:02.0 (24879069)|SYSTEM_MODE_ENTER|false
04:53:02.0 (24883906)|HEAP_ALLOCATE|[EXTERNAL]|Bytes:5
04:53:02.0 (24900698)|SYSTEM_MODE_EXIT|false
04:53:02.0 (24904571)|STATEMENT_EXECUTE|[5]
04:53:02.0 (24908896)|SYSTEM_MODE_ENTER|false
04:53:02.0 (24912039)|HEAP_ALLOCATE|[EXTERNAL]|Bytes:5
04:53:02.0 (24914526)|STATEMENT_EXECUTE|[7]
04:53:02.0 (24915610)|STATEMENT_EXECUTE|[8]
04:53:02.0 (24916470)|STATEMENT_EXECUTE|[23]
04:53:02.0 (24917475)|STATEMENT_EXECUTE|[31]
04:53:02.0 (24918915)|SYSTEM_MODE_EXIT|false
04:53:02.0 (25029641)|SYSTEM_MODE_ENTER|true
04:53:02.0 (25060760)|HEAP_ALLOCATE|[EXTERNAL]|Bytes:24
04:53:02.0 (25067395)|VARIABLE_SCOPE_BEGIN|[16]|this|Project_PM_Controller|true|false
04:53:02.0 (25191470)|VARIABLE_ASSIGNMENT|[16]|this|{"controller":"StandardController [[Project__c (]]","project":"0x265bc6fd","saveAndNew":1,"selectedUsers":"0x2753bf82","usersList":"0xfcd528c"}|0x4ce81317
04:53:02.0 (25211155)|SYSTEM_MODE_ENTER|false
04:53:02.0 (25216644)|HEAP_ALLOCATE|[17]|Bytes:5
04:53:02.0 (25220560)|STATEMENT_EXECUTE|[16]
04:53:02.0 (25221753)|STATEMENT_EXECUTE|[17]
04:53:02.0 (25224691)|HEAP_ALLOCATE|[17]|Bytes:62
04:53:02.0 (25242276)|HEAP_ALLOCATE|[17]|Bytes:4
04:53:02.0 (26429107)|SOQL_EXECUTE_BEGIN|[17]|Aggregations:0|SELECT Id, Name FROM User WHERE UserRoleId = '00E7F000000Mdri'
04:53:02.0 (31050699)|SOQL_EXECUTE_END|[17]|Rows:6
04:53:02.0 (31070009)|HEAP_ALLOCATE|[17]|Bytes:28
04:53:02.0 (31091591)|HEAP_ALLOCATE|[17]|Bytes:271
04:53:02.0 (31151788)|HEAP_ALLOCATE|[17]|Bytes:28
04:53:02.0 (31164770)|VARIABLE_SCOPE_BEGIN|[17]|users|List<User>|true|false
04:53:02.0 (31180451)|VARIABLE_ASSIGNMENT|[17]|users|"List of size 6 too large to display"|0x335590f8
04:53:02.0 (31325052)|HEAP_ALLOCATE|[18]|Bytes:5
04:53:02.0 (31342655)|HEAP_ALLOCATE|[18]|Bytes:12
04:53:02.0 (31351067)|VARIABLE_SCOPE_BEGIN|[18]|usr|User|true|false
04:53:02.0 (31365972)|VARIABLE_ASSIGNMENT|[18]|usr|{"Id":"0057F000000TpdFQAS","Name":"Mani Sasank"}|0x48d56c26
04:53:02.0 (31372019)|STATEMENT_EXECUTE|[18]
04:53:02.0 (31373470)|STATEMENT_EXECUTE|[19]
04:53:02.0 (31416288)|HEAP_ALLOCATE|[19]|Bytes:18
04:53:02.0 (31475372)|HEAP_ALLOCATE|[EXTERNAL]|Bytes:4
04:53:02.0 (31489301)|HEAP_ALLOCATE|[18]|Bytes:5
04:53:02.0 (31498395)|HEAP_ALLOCATE|[18]|Bytes:12
04:53:02.0 (31504324)|VARIABLE_SCOPE_BEGIN|[18]|usr|User|true|false
04:53:02.0 (31516803)|VARIABLE_ASSIGNMENT|[18]|usr|{"Id":"0057F000000TrBBQA0","Name":"Santhosh"}|0x7a7c3496
04:53:02.0 (31522154)|STATEMENT_EXECUTE|[18]
04:53:02.0 (31523257)|STATEMENT_EXECUTE|[19]
04:53:02.0 (31531983)|HEAP_ALLOCATE|[19]|Bytes:18
04:53:02.0 (31543489)|HEAP_ALLOCATE|[EXTERNAL]|Bytes:4
04:53:02.0 (31552388)|HEAP_ALLOCATE|[18]|Bytes:5
04:53:02.0 (31559343)|HEAP_ALLOCATE|[18]|Bytes:12
04:53:02.0 (31563938)|VARIABLE_SCOPE_BEGIN|[18]|usr|User|true|false
04:53:02.0 (31574022)|VARIABLE_ASSIGNMENT|[18]|usr|{"Id":"0057F000000TrBGQA0","Name":"Ravi teja"}|0x325640f
04:53:02.0 (31578611)|STATEMENT_EXECUTE|[18]
04:53:02.0 (31579569)|STATEMENT_EXECUTE|[19]
04:53:02.0 (31585541)|HEAP_ALLOCATE|[19]|Bytes:18
04:53:02.0 (31594352)|HEAP_ALLOCATE|[EXTERNAL]|Bytes:4
04:53:02.0 (31602504)|HEAP_ALLOCATE|[18]|Bytes:5
04:53:02.0 (31609130)|HEAP_ALLOCATE|[18]|Bytes:12
04:53:02.0 (31613172)|VARIABLE_SCOPE_BEGIN|[18]|usr|User|true|false
04:53:02.0 (31621982)|VARIABLE_ASSIGNMENT|[18]|usr|{"Id":"0057F000000TrBVQA0","Name":"Yashwanth"}|0x43368b96
04:53:02.0 (31626545)|STATEMENT_EXECUTE|[18]
04:53:02.0 (31627521)|STATEMENT_EXECUTE|[19]
04:53:02.0 (31632432)|HEAP_ALLOCATE|[19]|Bytes:18
04:53:02.0 (31642563)|HEAP_ALLOCATE|[EXTERNAL]|Bytes:4
04:53:02.0 (31650827)|HEAP_ALLOCATE|[18]|Bytes:5
04:53:02.0 (31657093)|HEAP_ALLOCATE|[18]|Bytes:12
04:53:02.0 (31661764)|VARIABLE_SCOPE_BEGIN|[18]|usr|User|true|false
04:53:02.0 (31670463)|VARIABLE_ASSIGNMENT|[18]|usr|{"Id":"0057F000000Tz0iQAC","Name":"Richa"}|0x20617b8a
04:53:02.0 (31674903)|STATEMENT_EXECUTE|[18]
04:53:02.0 (31675814)|STATEMENT_EXECUTE|[19]
04:53:02.0 (31680618)|HEAP_ALLOCATE|[19]|Bytes:18
04:53:02.0 (31688844)|HEAP_ALLOCATE|[EXTERNAL]|Bytes:4
04:53:02.0 (31696627)|HEAP_ALLOCATE|[18]|Bytes:5
04:53:02.0 (31703382)|HEAP_ALLOCATE|[18]|Bytes:12
04:53:02.0 (31707457)|VARIABLE_SCOPE_BEGIN|[18]|usr|User|true|false
04:53:02.0 (31721381)|VARIABLE_ASSIGNMENT|[18]|usr|{"Id":"0057F000000Tz0sQAC","Name":"Veeresh"}|0x3b222394
04:53:02.0 (31725786)|STATEMENT_EXECUTE|[18]
04:53:02.0 (31726718)|STATEMENT_EXECUTE|[19]
04:53:02.0 (31732096)|HEAP_ALLOCATE|[19]|Bytes:18
04:53:02.0 (31740353)|HEAP_ALLOCATE|[EXTERNAL]|Bytes:4
04:53:02.0 (31748221)|HEAP_ALLOCATE|[18]|Bytes:5
04:53:02.0 (31755672)|VARIABLE_ASSIGNMENT|[18]|usr|null|
04:53:02.0 (31760464)|STATEMENT_EXECUTE|[21]
04:53:02.0 (31765847)|SYSTEM_MODE_EXIT|false
04:53:02.0 (31862304)|SYSTEM_MODE_ENTER|true
04:53:02.0 (31912698)|HEAP_ALLOCATE|[EXTERNAL]|Bytes:28
04:53:02.0 (31917540)|HEAP_ALLOCATE|[EXTERNAL]|Bytes:20
04:53:02.0 (31928075)|VARIABLE_ASSIGNMENT|[EXTERNAL]|this.leftOptions|"List of size 6 too large to display"|0x3df2883f
04:53:02.0 (32006032)|SYSTEM_MODE_ENTER|true
04:53:02.0 (32056923)|SYSTEM_MODE_ENTER|true
04:53:02.0 (32085670)|HEAP_ALLOCATE|[EXTERNAL]|Bytes:4
04:53:02.0 (32090316)|HEAP_ALLOCATE|[EXTERNAL]|Bytes:20
04:53:02.0 (32098153)|VARIABLE_ASSIGNMENT|[EXTERNAL]|this.rightOptions|[]|0x3df2883f
04:53:02.0 (32205244)|SYSTEM_MODE_ENTER|true
04:53:02.0 (32410521)|SYSTEM_MODE_ENTER|true
04:53:02.45 (45727387)|SYSTEM_MODE_ENTER|true
04:53:02.45 (45791399)|HEAP_ALLOCATE|[EXTERNAL]|Bytes:8
04:53:02.45 (45802305)|VARIABLE_SCOPE_BEGIN|[88]|this|ApexPage.PageMessagesComponentController|true|false
04:53:02.45 (45832714)|VARIABLE_ASSIGNMENT|[88]|this|{}|0x14622aea
04:53:02.45 (45838733)|VARIABLE_SCOPE_BEGIN|[88]|escape|Boolean|false|false
04:53:02.45 (45845663)|VARIABLE_ASSIGNMENT|[88]|escape|null
04:53:02.45 (45969705)|SYSTEM_MODE_ENTER|true
04:53:02.45 (45997279)|HEAP_ALLOCATE|[EXTERNAL]|Bytes:8
04:53:02.45 (46002932)|VARIABLE_SCOPE_BEGIN|[2]|this|ApexPage.PageMessagesComponentController|true|false
04:53:02.45 (46019091)|VARIABLE_ASSIGNMENT|[2]|this|{}|0x14622aea
04:53:02.0 (51166059)|SYSTEM_MODE_ENTER|true
04:53:02.0 (51215211)|HEAP_ALLOCATE|[EXTERNAL]|Bytes:28
04:53:02.0 (51221036)|HEAP_ALLOCATE|[EXTERNAL]|Bytes:20
04:53:02.0 (51235624)|VARIABLE_ASSIGNMENT|[EXTERNAL]|this.leftOptions|"List of size 6 too large to display"|0x3df2883f
04:53:02.0 (51299048)|SYSTEM_MODE_ENTER|true
04:53:02.0 (51322604)|HEAP_ALLOCATE|[EXTERNAL]|Bytes:4
04:53:02.0 (51326461)|HEAP_ALLOCATE|[EXTERNAL]|Bytes:20
04:53:02.0 (51333958)|VARIABLE_ASSIGNMENT|[EXTERNAL]|this.rightOptions|[]|0x3df2883f
04:53:02.0 (51878319)|SYSTEM_MODE_ENTER|true
04:53:02.0 (53950312)|SYSTEM_MODE_ENTER|true
04:53:02.0 (54588272)|SYSTEM_MODE_ENTER|true
04:53:02.0 (54663575)|SYSTEM_MODE_ENTER|true
04:53:02.0 (59306766)|VF_SERIALIZE_VIEWSTATE_BEGIN|0667F000004uJm5
04:53:02.0 (62367146)|VF_SERIALIZE_VIEWSTATE_END
04:53:02.64 (64511674)|CUMULATIVE_LIMIT_USAGE
04:53:02.64 (64511674)|LIMIT_USAGE_FOR_NS|(default)|
  Number of SOQL queries: 1 out of 100
  Number of query rows: 6 out of 50000
  Number of SOSL queries: 0 out of 20
  Number of DML statements: 0 out of 150
  Number of DML rows: 0 out of 10000
  Maximum CPU time: 0 out of 10000
  Maximum heap size: 0 out of 6000000
  Number of callouts: 0 out of 100
  Number of Email Invocations: 0 out of 10
  Number of future calls: 0 out of 50
  Number of queueable jobs added to the queue: 0 out of 50
  Number of Mobile Apex push calls: 0 out of 10

04:53:02.64 (64511674)|CUMULATIVE_LIMIT_USAGE_END

04:53:02.0 (64542016)|CODE_UNIT_FINISHED|VF: /apex/PM_Project_New
04:53:02.0 (65257634)|EXECUTION_FINISHED
