36.0 APEX_CODE,FINEST;APEX_PROFILING,INFO;CALLOUT,INFO;DB,INFO;SYSTEM,DEBUG;VALIDATION,INFO;VISUALFORCE,INFO;WAVE,INFO;WORKFLOW,INFO
06:54:39.0 (274140)|USER_INFO|[EXTERNAL]|0057F000000Tiz6|ksb994@salesforce.com|Pacific Standard Time|GMT-08:00
06:54:39.0 (303279)|EXECUTION_STARTED
06:54:39.0 (306839)|CODE_UNIT_STARTED|[EXTERNAL]|0667F000004uRC1|VF: /apex/PM_Project_Edit
06:54:39.0 (853270)|VF_DESERIALIZE_VIEWSTATE_BEGIN|0667F000004uRC1
06:54:39.0 (7914540)|HEAP_ALLOCATE|[72]|Bytes:3
06:54:39.0 (7972479)|HEAP_ALLOCATE|[77]|Bytes:152
06:54:39.0 (7986694)|HEAP_ALLOCATE|[342]|Bytes:408
06:54:39.0 (7999792)|HEAP_ALLOCATE|[355]|Bytes:408
06:54:39.0 (8012333)|HEAP_ALLOCATE|[467]|Bytes:48
06:54:39.0 (8062232)|HEAP_ALLOCATE|[139]|Bytes:6
06:54:39.0 (12232916)|VF_DESERIALIZE_VIEWSTATE_END
06:54:39.0 (16397682)|SYSTEM_MODE_ENTER|true
06:54:39.0 (16562945)|HEAP_ALLOCATE|[EXTERNAL]|Bytes:140
06:54:39.0 (16585985)|HEAP_ALLOCATE|[EXTERNAL]|Bytes:20
06:54:39.0 (16590256)|HEAP_ALLOCATE|[EXTERNAL]|Bytes:2
06:54:39.0 (16610318)|METHOD_ENTRY|[1]|01p7F00000Ehro9|PM_Project_Edit_Controller.PM_Project_Edit_Controller()
06:54:39.0 (16616196)|STATEMENT_EXECUTE|[1]
06:54:39.0 (16620565)|STATEMENT_EXECUTE|[1]
06:54:39.0 (16652368)|HEAP_ALLOCATE|[50]|Bytes:5
06:54:39.0 (16674659)|HEAP_ALLOCATE|[56]|Bytes:5
06:54:39.0 (16682037)|HEAP_ALLOCATE|[64]|Bytes:7
06:54:39.0 (16704353)|SYSTEM_MODE_ENTER|false
06:54:39.0 (16715572)|HEAP_ALLOCATE|[EXTERNAL]|Bytes:5
06:54:39.0 (16722608)|SYSTEM_MODE_EXIT|false
06:54:39.0 (16739994)|METHOD_EXIT|[1]|PM_Project_Edit_Controller
06:54:39.0 (43651805)|SYSTEM_MODE_ENTER|true
06:54:39.0 (43692107)|HEAP_ALLOCATE|[EXTERNAL]|Bytes:164
06:54:39.0 (43705022)|HEAP_ALLOCATE|[EXTERNAL]|Bytes:12
06:54:39.0 (43716325)|METHOD_ENTRY|[5]|01p7F00000Ehg8E|MultiselectController.MultiselectController()
06:54:39.0 (43721291)|STATEMENT_EXECUTE|[5]
06:54:39.0 (43726089)|STATEMENT_EXECUTE|[5]
06:54:39.0 (43736934)|SYSTEM_MODE_ENTER|false
06:54:39.0 (43744691)|HEAP_ALLOCATE|[EXTERNAL]|Bytes:5
06:54:39.0 (43751508)|SYSTEM_MODE_EXIT|false
06:54:39.0 (43758357)|METHOD_EXIT|[5]|MultiselectController
06:54:39.0 (43915613)|SYSTEM_MODE_ENTER|true
06:54:39.0 (44211646)|SYSTEM_MODE_ENTER|true
06:54:39.0 (44437049)|HEAP_ALLOCATE|[EXTERNAL]|Bytes:24
06:54:39.0 (44448266)|VARIABLE_SCOPE_BEGIN|[30]|this|PM_Project_Edit_Controller|true|false
06:54:39.0 (44513505)|VARIABLE_ASSIGNMENT|[30]|this|{"nonSelectedUserId":"('0057F000000Tz0sQAC (65 more) ...","pName":"13","project":"0xfa7ff62","selectedUsers":"0x306ef856","usersList":"0x4e397650"}|0x56061e58
06:54:39.0 (44535131)|SYSTEM_MODE_ENTER|false
06:54:39.0 (44541432)|HEAP_ALLOCATE|[31]|Bytes:5
06:54:39.0 (44545796)|STATEMENT_EXECUTE|[30]
06:54:39.0 (44547134)|STATEMENT_EXECUTE|[31]
06:54:39.0 (44549992)|HEAP_ALLOCATE|[31]|Bytes:62
06:54:39.0 (44571477)|HEAP_ALLOCATE|[31]|Bytes:4
06:54:39.0 (44797516)|SOQL_EXECUTE_BEGIN|[31]|Aggregations:0|SELECT Id, Name FROM UserRole WHERE Name = 'Software Engineer'
06:54:39.0 (47855790)|SOQL_EXECUTE_END|[31]|Rows:1
06:54:39.0 (47874646)|HEAP_ALLOCATE|[31]|Bytes:8
06:54:39.0 (47889355)|HEAP_ALLOCATE|[31]|Bytes:54
06:54:39.0 (47956201)|HEAP_ALLOCATE|[31]|Bytes:8
06:54:39.0 (47967803)|HEAP_ALLOCATE|[31]|Bytes:34
06:54:39.0 (48020140)|HEAP_ALLOCATE|[31]|Bytes:12
06:54:39.0 (48028101)|VARIABLE_SCOPE_BEGIN|[31]|userRole|UserRole|true|false
06:54:39.0 (48046531)|VARIABLE_ASSIGNMENT|[31]|userRole|{"Id":"00E7F000000MdriUAC","Name":"Software Engineer"}|0x3e487e05
06:54:39.0 (48055855)|STATEMENT_EXECUTE|[32]
06:54:39.0 (48078720)|VARIABLE_SCOPE_BEGIN|[32]|userRoleId|Id|false|false
06:54:39.0 (48218665)|VARIABLE_ASSIGNMENT|[32]|userRoleId|"00E7F000000MdriUAC"
06:54:39.0 (48224470)|STATEMENT_EXECUTE|[33]
06:54:39.0 (48227908)|HEAP_ALLOCATE|[33]|Bytes:70
06:54:39.0 (48249347)|HEAP_ALLOCATE|[33]|Bytes:155
06:54:39.0 (49492232)|SOQL_EXECUTE_BEGIN|[33]|Aggregations:0|select Id,Name from User where UserRoleId =: userRoleId and Id not in ('0057F000000Tz0sQAC','0057F000000TrBGQA0','0057F000000TrBVQA0','0057F000000Tz0iQAC')
06:54:39.0 (53535854)|SOQL_EXECUTE_END|[33]|Rows:2
06:54:39.0 (53552689)|HEAP_ALLOCATE|[33]|Bytes:12
06:54:39.0 (53565457)|HEAP_ALLOCATE|[33]|Bytes:93
06:54:39.0 (53614092)|HEAP_ALLOCATE|[33]|Bytes:12
06:54:39.0 (53656043)|VARIABLE_SCOPE_BEGIN|[33]|users|List<User>|true|false
06:54:39.0 (53679733)|VARIABLE_ASSIGNMENT|[33]|users|[{"Id":"0057F000000TpdFQAS","Name":"Mani Sasank"},{"Id":"0057F000000TrBBQA0","Name":"Santhosh"}]|0x38674227
06:54:39.0 (53857030)|HEAP_ALLOCATE|[34]|Bytes:5
06:54:39.0 (53883551)|HEAP_ALLOCATE|[34]|Bytes:12
06:54:39.0 (53892347)|VARIABLE_SCOPE_BEGIN|[34]|usr|User|true|false
06:54:39.0 (53905643)|VARIABLE_ASSIGNMENT|[34]|usr|{"Id":"0057F000000TpdFQAS","Name":"Mani Sasank"}|0x674125bc
06:54:39.0 (53924452)|STATEMENT_EXECUTE|[34]
06:54:39.0 (53926281)|STATEMENT_EXECUTE|[35]
06:54:39.0 (53961648)|HEAP_ALLOCATE|[35]|Bytes:18
06:54:39.0 (54024506)|HEAP_ALLOCATE|[EXTERNAL]|Bytes:4
06:54:39.0 (54040481)|HEAP_ALLOCATE|[34]|Bytes:5
06:54:39.0 (54049822)|HEAP_ALLOCATE|[34]|Bytes:12
06:54:39.0 (54055673)|VARIABLE_SCOPE_BEGIN|[34]|usr|User|true|false
06:54:39.0 (54068478)|VARIABLE_ASSIGNMENT|[34]|usr|{"Id":"0057F000000TrBBQA0","Name":"Santhosh"}|0x65352509
06:54:39.0 (54074025)|STATEMENT_EXECUTE|[34]
06:54:39.0 (54075460)|STATEMENT_EXECUTE|[35]
06:54:39.0 (54084710)|HEAP_ALLOCATE|[35]|Bytes:18
06:54:39.0 (54095528)|HEAP_ALLOCATE|[EXTERNAL]|Bytes:4
06:54:39.0 (54104810)|HEAP_ALLOCATE|[34]|Bytes:5
06:54:39.0 (54114287)|VARIABLE_ASSIGNMENT|[34]|usr|null|
06:54:39.0 (54118898)|STATEMENT_EXECUTE|[37]
06:54:39.0 (54124345)|SYSTEM_MODE_EXIT|false
06:54:39.0 (54235032)|SYSTEM_MODE_ENTER|true
06:54:39.0 (54290264)|HEAP_ALLOCATE|[EXTERNAL]|Bytes:20
06:54:39.0 (54297705)|HEAP_ALLOCATE|[EXTERNAL]|Bytes:20
06:54:39.0 (54399076)|VARIABLE_ASSIGNMENT|[EXTERNAL]|this.leftOptions|"common.apex.runtime.impl.ScalarList@6c1291af"|0xc1e56ef
06:54:39.0 (54490673)|SYSTEM_MODE_ENTER|true
06:54:39.0 (54551069)|SYSTEM_MODE_ENTER|true
06:54:39.0 (54580783)|HEAP_ALLOCATE|[EXTERNAL]|Bytes:20
06:54:39.0 (54585458)|HEAP_ALLOCATE|[EXTERNAL]|Bytes:20
06:54:39.0 (54644289)|VARIABLE_ASSIGNMENT|[EXTERNAL]|this.rightOptions|"common.apex.runtime.impl.ScalarList@fe6c9028"|0xc1e56ef
06:54:39.0 (59813472)|SYSTEM_MODE_ENTER|true
06:54:39.0 (59878995)|SYSTEM_MODE_ENTER|true
06:54:39.0 (62245540)|SYSTEM_MODE_ENTER|true
06:54:39.0 (62297290)|HEAP_ALLOCATE|[EXTERNAL]|Bytes:20
06:54:39.0 (62303669)|HEAP_ALLOCATE|[EXTERNAL]|Bytes:87
06:54:39.0 (62332737)|VARIABLE_ASSIGNMENT|[EXTERNAL]|this|{"leftOptions":"0x4e397650","rightOptions":"0x306ef856"}|0xc1e56ef
06:54:39.0 (62343950)|VARIABLE_ASSIGNMENT|[EXTERNAL]|value|"0057F000000TpdFQAS&M (67 more) ..."
06:54:39.0 (62359236)|SYSTEM_MODE_ENTER|false
06:54:39.0 (62377624)|HEAP_ALLOCATE|[24]|Bytes:5
06:54:39.0 (62383185)|STATEMENT_EXECUTE|[23]
06:54:39.0 (62384687)|STATEMENT_EXECUTE|[24]
06:54:39.0 (62405318)|VARIABLE_ASSIGNMENT|[24]|this.leftOptionsHidden|"0057F000000TpdFQAS&M (67 more) ..."|0xc1e56ef
06:54:39.0 (62410225)|STATEMENT_EXECUTE|[25]
06:54:39.0 (62465487)|VARIABLE_ASSIGNMENT|[EXTERNAL]|this|{"leftOptions":"0x4e397650","leftOptionsHidden":"0057F000000TpdFQAS&M (67 more) ...","rightOptions":"0x306ef856"}|0xc1e56ef
06:54:39.0 (62501432)|METHOD_ENTRY|[25]|01p7F00000Ehg8E|MultiselectController.setOptions(List<System.SelectOption>, String)
06:54:39.0 (62512252)|VARIABLE_SCOPE_BEGIN|[12]|this|MultiselectController|true|false
06:54:39.0 (62530055)|VARIABLE_ASSIGNMENT|[12]|this|{"leftOptions":"0x4e397650","leftOptionsHidden":"0057F000000TpdFQAS&M (67 more) ...","rightOptions":"0x306ef856"}|0xc1e56ef
06:54:39.0 (62535817)|VARIABLE_SCOPE_BEGIN|[12]|options|List<System.SelectOption>|true|false
06:54:39.0 (62613815)|VARIABLE_ASSIGNMENT|[12]|options|"common.apex.runtime.impl.ScalarList@6c1291af"|0x4e397650
06:54:39.0 (62621452)|VARIABLE_SCOPE_BEGIN|[12]|value|String|false|false
06:54:39.0 (62629167)|VARIABLE_ASSIGNMENT|[12]|value|"0057F000000TpdFQAS&M (67 more) ..."
06:54:39.0 (62644335)|HEAP_ALLOCATE|[13]|Bytes:5
06:54:39.0 (62649196)|STATEMENT_EXECUTE|[12]
06:54:39.0 (62650323)|STATEMENT_EXECUTE|[13]
06:54:39.0 (62678736)|STATEMENT_EXECUTE|[14]
06:54:39.0 (62681994)|HEAP_ALLOCATE|[14]|Bytes:1
06:54:39.0 (62730485)|HEAP_ALLOCATE|[14]|Bytes:18
06:54:39.0 (62737465)|HEAP_ALLOCATE|[14]|Bytes:13
06:54:39.0 (62740138)|HEAP_ALLOCATE|[14]|Bytes:18
06:54:39.0 (62742006)|HEAP_ALLOCATE|[14]|Bytes:8
06:54:39.0 (62744180)|HEAP_ALLOCATE|[14]|Bytes:18
06:54:39.0 (62746470)|HEAP_ALLOCATE|[14]|Bytes:7
06:54:39.0 (62750079)|HEAP_ALLOCATE|[14]|Bytes:28
06:54:39.0 (62760784)|VARIABLE_SCOPE_BEGIN|[14]|parts|List<String>|true|false
06:54:39.0 (62784996)|HEAP_ALLOCATE|[EXTERNAL]|Bytes:28
06:54:39.0 (62794091)|VARIABLE_ASSIGNMENT|[14]|parts|"List of size 6 too large to display"|0x19a425a9
06:54:39.0 (62799800)|STATEMENT_EXECUTE|[15]
06:54:39.0 (62803957)|VARIABLE_SCOPE_BEGIN|[15]|i|Integer|false|false
06:54:39.0 (62810490)|HEAP_ALLOCATE|[15]|Bytes:4
06:54:39.0 (62815752)|VARIABLE_ASSIGNMENT|[15]|i|0
06:54:39.0 (62841104)|STATEMENT_EXECUTE|[15]
06:54:39.0 (62842325)|STATEMENT_EXECUTE|[16]
06:54:39.0 (62850146)|HEAP_ALLOCATE|[16]|Bytes:18
06:54:39.0 (62855310)|HEAP_ALLOCATE|[16]|Bytes:5
06:54:39.0 (62893507)|HEAP_ALLOCATE|[16]|Bytes:15
06:54:39.0 (62902614)|SYSTEM_METHOD_ENTRY|[1]|EncodingUtil.EncodingUtil()
06:54:39.0 (62906115)|STATEMENT_EXECUTE|[1]
06:54:39.0 (62912011)|SYSTEM_METHOD_EXIT|[1]|EncodingUtil
06:54:39.0 (62922091)|METHOD_ENTRY|[16]||System.EncodingUtil.urlDecode(String, String)
06:54:39.0 (62968026)|METHOD_EXIT|[16]||System.EncodingUtil.urlDecode(String, String)
06:54:39.0 (62977522)|HEAP_ALLOCATE|[17]|Bytes:13
06:54:39.0 (62984233)|METHOD_ENTRY|[17]||System.EncodingUtil.urlDecode(String, String)
06:54:39.0 (63005684)|METHOD_EXIT|[17]||System.EncodingUtil.urlDecode(String, String)
06:54:39.0 (63026724)|HEAP_ALLOCATE|[EXTERNAL]|Bytes:4
06:54:39.0 (63033628)|HEAP_ALLOCATE|[15]|Bytes:4
06:54:39.0 (63039652)|VARIABLE_ASSIGNMENT|[15]|i|1
06:54:39.0 (63050222)|STATEMENT_EXECUTE|[15]
06:54:39.0 (63051322)|STATEMENT_EXECUTE|[16]
06:54:39.0 (63055830)|HEAP_ALLOCATE|[16]|Bytes:18
06:54:39.0 (63061407)|METHOD_ENTRY|[16]||System.EncodingUtil.urlDecode(String, String)
06:54:39.0 (63075816)|METHOD_EXIT|[16]||System.EncodingUtil.urlDecode(String, String)
06:54:39.0 (63080083)|HEAP_ALLOCATE|[17]|Bytes:8
06:54:39.0 (63084172)|METHOD_ENTRY|[17]||System.EncodingUtil.urlDecode(String, String)
06:54:39.0 (63095125)|METHOD_EXIT|[17]||System.EncodingUtil.urlDecode(String, String)
06:54:39.0 (63102030)|HEAP_ALLOCATE|[EXTERNAL]|Bytes:4
06:54:39.0 (63106356)|HEAP_ALLOCATE|[15]|Bytes:4
06:54:39.0 (63110600)|VARIABLE_ASSIGNMENT|[15]|i|2
06:54:39.0 (63118442)|STATEMENT_EXECUTE|[15]
06:54:39.0 (63119404)|STATEMENT_EXECUTE|[16]
06:54:39.0 (63122473)|HEAP_ALLOCATE|[16]|Bytes:18
06:54:39.0 (63126956)|METHOD_ENTRY|[16]||System.EncodingUtil.urlDecode(String, String)
06:54:39.0 (63139679)|METHOD_EXIT|[16]||System.EncodingUtil.urlDecode(String, String)
06:54:39.0 (63143639)|HEAP_ALLOCATE|[17]|Bytes:7
06:54:39.0 (63147543)|METHOD_ENTRY|[17]||System.EncodingUtil.urlDecode(String, String)
06:54:39.0 (63157867)|METHOD_EXIT|[17]||System.EncodingUtil.urlDecode(String, String)
06:54:39.0 (63163295)|HEAP_ALLOCATE|[EXTERNAL]|Bytes:4
06:54:39.0 (63167417)|HEAP_ALLOCATE|[15]|Bytes:4
06:54:39.0 (63171310)|VARIABLE_ASSIGNMENT|[15]|i|3
06:54:39.0 (63185337)|METHOD_EXIT|[25]|01p7F00000Ehg8E|MultiselectController.setOptions(List<System.SelectOption>, String)
06:54:39.0 (63190501)|SYSTEM_MODE_EXIT|false
06:54:39.0 (63242547)|SYSTEM_MODE_ENTER|true
06:54:39.0 (63281133)|HEAP_ALLOCATE|[EXTERNAL]|Bytes:20
06:54:39.0 (63285601)|HEAP_ALLOCATE|[EXTERNAL]|Bytes:84
06:54:39.0 (63308631)|VARIABLE_ASSIGNMENT|[EXTERNAL]|this|{"leftOptions":"0x4e397650","leftOptionsHidden":"0057F000000TpdFQAS&M (67 more) ...","rightOptions":"0x306ef856"}|0xc1e56ef
06:54:39.0 (63317933)|VARIABLE_ASSIGNMENT|[EXTERNAL]|value|"0057F000000TrBGQA0&R (64 more) ..."
06:54:39.0 (63330730)|SYSTEM_MODE_ENTER|false
06:54:39.0 (63335808)|HEAP_ALLOCATE|[32]|Bytes:5
06:54:39.0 (63339320)|STATEMENT_EXECUTE|[31]
06:54:39.0 (63340478)|STATEMENT_EXECUTE|[32]
06:54:39.0 (63348478)|VARIABLE_ASSIGNMENT|[32]|this.rightOptionsHidden|"0057F000000TrBGQA0&R (64 more) ..."|0xc1e56ef
06:54:39.0 (63353176)|STATEMENT_EXECUTE|[33]
06:54:39.0 (63383859)|VARIABLE_ASSIGNMENT|[EXTERNAL]|this|{"leftOptions":"0x4e397650","leftOptionsHidden":"0057F000000TpdFQAS&M (67 more) ...","rightOptions":"0x306ef856","rightOptionsHidden":"0057F000000TrBGQA0&R (64 more) ..."}|0xc1e56ef
06:54:39.0 (63398542)|METHOD_ENTRY|[33]|01p7F00000Ehg8E|MultiselectController.setOptions(List<System.SelectOption>, String)
06:54:39.0 (63403152)|VARIABLE_SCOPE_BEGIN|[12]|this|MultiselectController|true|false
06:54:39.0 (63418414)|VARIABLE_ASSIGNMENT|[12]|this|{"leftOptions":"0x4e397650","leftOptionsHidden":"0057F000000TpdFQAS&M (67 more) ...","rightOptions":"0x306ef856","rightOptionsHidden":"0057F000000TrBGQA0&R (64 more) ..."}|0xc1e56ef
06:54:39.0 (63424521)|VARIABLE_SCOPE_BEGIN|[12]|options|List<System.SelectOption>|true|false
06:54:39.0 (63494577)|VARIABLE_ASSIGNMENT|[12]|options|"common.apex.runtime.impl.ScalarList@fe6c9028"|0x306ef856
06:54:39.0 (63500800)|VARIABLE_SCOPE_BEGIN|[12]|value|String|false|false
06:54:39.0 (63508500)|VARIABLE_ASSIGNMENT|[12]|value|"0057F000000TrBGQA0&R (64 more) ..."
06:54:39.0 (63521785)|HEAP_ALLOCATE|[13]|Bytes:5
06:54:39.0 (63525440)|STATEMENT_EXECUTE|[12]
06:54:39.0 (63526480)|STATEMENT_EXECUTE|[13]
06:54:39.0 (63534784)|STATEMENT_EXECUTE|[14]
06:54:39.0 (63570633)|HEAP_ALLOCATE|[14]|Bytes:18
06:54:39.0 (63574630)|HEAP_ALLOCATE|[14]|Bytes:11
06:54:39.0 (63577162)|HEAP_ALLOCATE|[14]|Bytes:18
06:54:39.0 (63579045)|HEAP_ALLOCATE|[14]|Bytes:9
06:54:39.0 (63580981)|HEAP_ALLOCATE|[14]|Bytes:18
06:54:39.0 (63583492)|HEAP_ALLOCATE|[14]|Bytes:5
06:54:39.0 (63586408)|HEAP_ALLOCATE|[14]|Bytes:28
06:54:39.0 (63596020)|VARIABLE_SCOPE_BEGIN|[14]|parts|List<String>|true|false
06:54:39.0 (63615220)|HEAP_ALLOCATE|[EXTERNAL]|Bytes:28
06:54:39.0 (63622930)|VARIABLE_ASSIGNMENT|[14]|parts|"List of size 6 too large to display"|0xaa82ad9
06:54:39.0 (63628084)|STATEMENT_EXECUTE|[15]
06:54:39.0 (63630932)|VARIABLE_SCOPE_BEGIN|[15]|i|Integer|false|false
06:54:39.0 (63636488)|HEAP_ALLOCATE|[15]|Bytes:4
06:54:39.0 (63641602)|VARIABLE_ASSIGNMENT|[15]|i|0
06:54:39.0 (63653073)|STATEMENT_EXECUTE|[15]
06:54:39.0 (63654099)|STATEMENT_EXECUTE|[16]
06:54:39.0 (63658656)|HEAP_ALLOCATE|[16]|Bytes:18
06:54:39.0 (63666301)|METHOD_ENTRY|[16]||System.EncodingUtil.urlDecode(String, String)
06:54:39.0 (63685582)|METHOD_EXIT|[16]||System.EncodingUtil.urlDecode(String, String)
06:54:39.0 (63691012)|HEAP_ALLOCATE|[17]|Bytes:11
06:54:39.0 (63695994)|METHOD_ENTRY|[17]||System.EncodingUtil.urlDecode(String, String)
06:54:39.0 (63708275)|METHOD_EXIT|[17]||System.EncodingUtil.urlDecode(String, String)
06:54:39.0 (63717109)|HEAP_ALLOCATE|[EXTERNAL]|Bytes:4
06:54:39.0 (63721729)|HEAP_ALLOCATE|[15]|Bytes:4
06:54:39.0 (63726301)|VARIABLE_ASSIGNMENT|[15]|i|1
06:54:39.0 (63734662)|STATEMENT_EXECUTE|[15]
06:54:39.0 (63735573)|STATEMENT_EXECUTE|[16]
06:54:39.0 (63738716)|HEAP_ALLOCATE|[16]|Bytes:18
06:54:39.0 (63743961)|METHOD_ENTRY|[16]||System.EncodingUtil.urlDecode(String, String)
06:54:39.0 (63757301)|METHOD_EXIT|[16]||System.EncodingUtil.urlDecode(String, String)
06:54:39.0 (63761836)|HEAP_ALLOCATE|[17]|Bytes:9
06:54:39.0 (63766164)|METHOD_ENTRY|[17]||System.EncodingUtil.urlDecode(String, String)
06:54:39.0 (63777055)|METHOD_EXIT|[17]||System.EncodingUtil.urlDecode(String, String)
06:54:39.0 (63783197)|HEAP_ALLOCATE|[EXTERNAL]|Bytes:4
06:54:39.0 (63787387)|HEAP_ALLOCATE|[15]|Bytes:4
06:54:39.0 (63791385)|VARIABLE_ASSIGNMENT|[15]|i|2
06:54:39.0 (63800137)|STATEMENT_EXECUTE|[15]
06:54:39.0 (63801050)|STATEMENT_EXECUTE|[16]
06:54:39.0 (63803945)|HEAP_ALLOCATE|[16]|Bytes:18
06:54:39.0 (63808500)|METHOD_ENTRY|[16]||System.EncodingUtil.urlDecode(String, String)
06:54:39.0 (63821310)|METHOD_EXIT|[16]||System.EncodingUtil.urlDecode(String, String)
06:54:39.0 (63825493)|HEAP_ALLOCATE|[17]|Bytes:5
06:54:39.0 (63829175)|METHOD_ENTRY|[17]||System.EncodingUtil.urlDecode(String, String)
06:54:39.0 (63839300)|METHOD_EXIT|[17]||System.EncodingUtil.urlDecode(String, String)
06:54:39.0 (63844898)|HEAP_ALLOCATE|[EXTERNAL]|Bytes:4
06:54:39.0 (63848825)|HEAP_ALLOCATE|[15]|Bytes:4
06:54:39.0 (63852390)|VARIABLE_ASSIGNMENT|[15]|i|3
06:54:39.0 (63863836)|METHOD_EXIT|[33]|01p7F00000Ehg8E|MultiselectController.setOptions(List<System.SelectOption>, String)
06:54:39.0 (63869003)|SYSTEM_MODE_EXIT|false
06:54:39.0 (63976916)|SYSTEM_MODE_ENTER|true
06:54:39.0 (64010858)|HEAP_ALLOCATE|[EXTERNAL]|Bytes:16
06:54:39.0 (64016020)|HEAP_ALLOCATE|[EXTERNAL]|Bytes:20
06:54:39.0 (64077847)|VARIABLE_ASSIGNMENT|[EXTERNAL]|this.leftOptions|"common.apex.runtime.impl.ScalarList@ab0f4d2b"|0xc1e56ef
06:54:39.0 (64150506)|SYSTEM_MODE_ENTER|true
06:54:39.0 (64179285)|HEAP_ALLOCATE|[EXTERNAL]|Bytes:16
06:54:39.0 (64183669)|HEAP_ALLOCATE|[EXTERNAL]|Bytes:20
06:54:39.0 (64240086)|VARIABLE_ASSIGNMENT|[EXTERNAL]|this.rightOptions|"common.apex.runtime.impl.ScalarList@1d5243c9"|0xc1e56ef
06:54:39.64 (64857842)|HEAP_ALLOCATE|[EXTERNAL]|Bytes:-4
06:54:39.0 (65073844)|HEAP_ALLOCATE|[EXTERNAL]|Bytes:24
06:54:39.0 (65083444)|VARIABLE_SCOPE_BEGIN|[40]|this|PM_Project_Edit_Controller|true|false
06:54:39.0 (65112677)|VARIABLE_ASSIGNMENT|[40]|this|{"nonSelectedUserId":"('0057F000000Tz0sQAC (65 more) ...","pName":"13","project":"0xfa7ff62","selectedUsers":"0x306ef856","usersList":"0x4e397650"}|0x56061e58
06:54:39.0 (65128969)|SYSTEM_MODE_ENTER|false
06:54:39.0 (65136693)|HEAP_ALLOCATE|[41]|Bytes:5
06:54:39.0 (65142648)|STATEMENT_EXECUTE|[40]
06:54:39.0 (65144597)|STATEMENT_EXECUTE|[41]
06:54:39.0 (65148030)|HEAP_ALLOCATE|[41]|Bytes:14
06:54:39.0 (65189478)|VARIABLE_ASSIGNMENT|[EXTERNAL]|this|{"nonSelectedUserId":"('0057F000000Tz0sQAC (65 more) ...","pName":"13","project":"0xfa7ff62","selectedUsers":"0x306ef856","usersList":"0x4e397650"}|0x56061e58
06:54:39.0 (65402495)|HEAP_ALLOCATE|[41]|Bytes:919
06:54:39.0 (65430272)|HEAP_ALLOCATE|[41]|Bytes:933
06:54:39.0 (65455563)|USER_DEBUG|[41]|DEBUG|--------------Project__c:{Id=a057F0000039WImQAM, OwnerId=0057F000000Tiz6QAC, IsDeleted=false, Name=13, CreatedDate=2018-01-22 13:31:57, CreatedById=0057F000000Tiz6QAC, LastModifiedDate=2018-01-22 14:53:37, LastModifiedById=0057F000000Tiz6QAC, SystemModstamp=2018-01-22 14:53:37, LastViewedDate=2018-01-22 14:53:50, LastReferencedDate=2018-01-22 14:53:50, Client__c=a047F000002zkUUQAY, End_Customer__c=sdf, Operation_Region__c=sdf, Work_Region__c=vxcvxc, Client_Project_Manager__c=135, Project_code__c=43, Company_project_code__c=13588, Project_Scope__c=ASBUILT, Cost_Centre__c=3, Production__c=20, QC__c=30, Delivery__c=40, OffshoreProjectManager__c=0057F000000TpcqQAC, Team_Lead__c=0057F000000TyzGQAS, Project_Start_Date__c=2018-01-22 00:00:00, Project_End_Date__c=2018-01-22 00:00:00, Units__c=true, Nodes__c=true, Footage__c=true, Miles__c=true, Jobs__c=true, Hours__c=true, Team__c=Veeresh, Ravi teja, Yashwanth, Richa, QA__c=10}
06:54:39.0 (65480847)|STATEMENT_EXECUTE|[42]
06:54:39.0 (65484089)|HEAP_ALLOCATE|[42]|Bytes:2
06:54:39.0 (65521585)|VARIABLE_ASSIGNMENT|[EXTERNAL]|this|{"nonSelectedUserId":"('0057F000000Tz0sQAC (65 more) ...","pName":"13","project":"0xfa7ff62","selectedUsers":"0x306ef856","usersList":"0x4e397650"}|0x56061e58
06:54:39.0 (65601905)|VARIABLE_ASSIGNMENT|[42]|this.Team__c|"  "|0xfa7ff62
06:54:39.0 (65643908)|VARIABLE_ASSIGNMENT|[EXTERNAL]|this|{"nonSelectedUserId":"('0057F000000Tz0sQAC (65 more) ...","pName":"13","project":"0xfa7ff62","selectedUsers":"0x306ef856","usersList":"0x4e397650"}|0x56061e58
06:54:39.0 (65681100)|HEAP_ALLOCATE|[43]|Bytes:5
06:54:39.0 (65709391)|HEAP_ALLOCATE|[43]|Bytes:27
06:54:39.0 (65727854)|VARIABLE_SCOPE_BEGIN|[43]|sc|System.SelectOption|true|false
06:54:39.0 (65825169)|VARIABLE_ASSIGNMENT|[43]|sc|"common.apex.runtime.impl.ApexSelectOptionValue@4bc8874e"|0x6a20dc2e
06:54:39.0 (65834113)|STATEMENT_EXECUTE|[43]
06:54:39.0 (65835603)|STATEMENT_EXECUTE|[44]
06:54:39.0 (65869998)|VARIABLE_ASSIGNMENT|[EXTERNAL]|this|{"nonSelectedUserId":"('0057F000000Tz0sQAC (65 more) ...","pName":"13","project":"0xfa7ff62","selectedUsers":"0x306ef856","usersList":"0x4e397650"}|0x56061e58
06:54:39.0 (65934090)|HEAP_ALLOCATE|[44]|Bytes:9
06:54:39.0 (65946187)|HEAP_ALLOCATE|[44]|Bytes:2
06:54:39.0 (65955328)|HEAP_ALLOCATE|[44]|Bytes:11
06:54:39.0 (65961307)|HEAP_ALLOCATE|[44]|Bytes:13
06:54:39.0 (65985352)|VARIABLE_ASSIGNMENT|[EXTERNAL]|this|{"nonSelectedUserId":"('0057F000000Tz0sQAC (65 more) ...","pName":"13","project":"0xfa7ff62","selectedUsers":"0x306ef856","usersList":"0x4e397650"}|0x56061e58
06:54:39.0 (66025622)|VARIABLE_ASSIGNMENT|[44]|this.Team__c|"  Ravi teja, "|0xfa7ff62
06:54:39.0 (66041155)|HEAP_ALLOCATE|[43]|Bytes:5
06:54:39.0 (66051864)|HEAP_ALLOCATE|[43]|Bytes:27
06:54:39.0 (66058043)|VARIABLE_SCOPE_BEGIN|[43]|sc|System.SelectOption|true|false
06:54:39.0 (66115269)|VARIABLE_ASSIGNMENT|[43]|sc|"common.apex.runtime.impl.ApexSelectOptionValue@20b5cc0a"|0x6ccd35bb
06:54:39.0 (66121626)|STATEMENT_EXECUTE|[43]
06:54:39.0 (66123058)|STATEMENT_EXECUTE|[44]
06:54:39.0 (66145228)|VARIABLE_ASSIGNMENT|[EXTERNAL]|this|{"nonSelectedUserId":"('0057F000000Tz0sQAC (65 more) ...","pName":"13","project":"0xfa7ff62","selectedUsers":"0x306ef856","usersList":"0x4e397650"}|0x56061e58
06:54:39.0 (66162112)|HEAP_ALLOCATE|[44]|Bytes:9
06:54:39.0 (66169692)|HEAP_ALLOCATE|[44]|Bytes:11
06:54:39.0 (66173170)|HEAP_ALLOCATE|[44]|Bytes:24
06:54:39.0 (66192515)|VARIABLE_ASSIGNMENT|[EXTERNAL]|this|{"nonSelectedUserId":"('0057F000000Tz0sQAC (65 more) ...","pName":"13","project":"0xfa7ff62","selectedUsers":"0x306ef856","usersList":"0x4e397650"}|0x56061e58
06:54:39.0 (66232034)|VARIABLE_ASSIGNMENT|[44]|this.Team__c|"  Ravi teja, Yashwan (4 more) ..."|0xfa7ff62
06:54:39.0 (66245133)|HEAP_ALLOCATE|[43]|Bytes:5
06:54:39.0 (66254248)|HEAP_ALLOCATE|[43]|Bytes:23
06:54:39.0 (66259792)|VARIABLE_SCOPE_BEGIN|[43]|sc|System.SelectOption|true|false
06:54:39.0 (66313524)|VARIABLE_ASSIGNMENT|[43]|sc|"common.apex.runtime.impl.ApexSelectOptionValue@ab8a2e66"|0x58231787
06:54:39.0 (66319961)|STATEMENT_EXECUTE|[43]
06:54:39.0 (66321058)|STATEMENT_EXECUTE|[44]
06:54:39.0 (66342061)|VARIABLE_ASSIGNMENT|[EXTERNAL]|this|{"nonSelectedUserId":"('0057F000000Tz0sQAC (65 more) ...","pName":"13","project":"0xfa7ff62","selectedUsers":"0x306ef856","usersList":"0x4e397650"}|0x56061e58
06:54:39.0 (66357755)|HEAP_ALLOCATE|[44]|Bytes:5
06:54:39.0 (66365190)|HEAP_ALLOCATE|[44]|Bytes:7
06:54:39.0 (66368444)|HEAP_ALLOCATE|[44]|Bytes:31
06:54:39.0 (66383959)|VARIABLE_ASSIGNMENT|[EXTERNAL]|this|{"nonSelectedUserId":"('0057F000000Tz0sQAC (65 more) ...","pName":"13","project":"0xfa7ff62","selectedUsers":"0x306ef856","usersList":"0x4e397650"}|0x56061e58
06:54:39.0 (66416187)|VARIABLE_ASSIGNMENT|[44]|this.Team__c|"  Ravi teja, Yashwan (11 more) ..."|0xfa7ff62
06:54:39.0 (66429292)|HEAP_ALLOCATE|[43]|Bytes:5
06:54:39.0 (66438006)|VARIABLE_ASSIGNMENT|[43]|sc|null|
06:54:39.0 (66442468)|STATEMENT_EXECUTE|[46]
06:54:39.0 (66468471)|VARIABLE_ASSIGNMENT|[EXTERNAL]|this|{"nonSelectedUserId":"('0057F000000Tz0sQAC (65 more) ...","pName":"13","project":"0xfa7ff62","selectedUsers":"0x306ef856","usersList":"0x4e397650"}|0x56061e58
06:54:39.0 (66498361)|VARIABLE_ASSIGNMENT|[EXTERNAL]|this|{"nonSelectedUserId":"('0057F000000Tz0sQAC (65 more) ...","pName":"13","project":"0xfa7ff62","selectedUsers":"0x306ef856","usersList":"0x4e397650"}|0x56061e58
06:54:39.0 (66534998)|HEAP_ALLOCATE|[46]|Bytes:29
06:54:39.0 (66556495)|VARIABLE_ASSIGNMENT|[EXTERNAL]|this|{"nonSelectedUserId":"('0057F000000Tz0sQAC (65 more) ...","pName":"13","project":"0xfa7ff62","selectedUsers":"0x306ef856","usersList":"0x4e397650"}|0x56061e58
06:54:39.0 (66587380)|VARIABLE_ASSIGNMENT|[46]|this.Team__c|"  Ravi teja, Yashwan (9 more) ..."|0xfa7ff62
06:54:39.0 (66593111)|STATEMENT_EXECUTE|[48]
06:54:39.0 (66594222)|STATEMENT_EXECUTE|[48]
06:54:39.0 (66595198)|STATEMENT_EXECUTE|[49]
06:54:39.0 (66617877)|VARIABLE_ASSIGNMENT|[EXTERNAL]|this|{"nonSelectedUserId":"('0057F000000Tz0sQAC (65 more) ...","pName":"13","project":"0xfa7ff62","selectedUsers":"0x306ef856","usersList":"0x4e397650"}|0x56061e58
06:54:39.0 (66650177)|HEAP_ALLOCATE|[49]|Bytes:8
06:54:39.0 (66659433)|DML_BEGIN|[49]|Op:Upsert|Type:Project__c|Rows:1
06:54:39.0 (66683627)|HEAP_ALLOCATE|[EXTERNAL]|Bytes:8
06:54:39.0 (74969871)|CODE_UNIT_STARTED|[EXTERNAL]|Validation:Project:a057F0000039WIm
06:54:39.0 (74980935)|VALIDATION_RULE|03d7F0000009D2R|totalpercentage
06:54:39.0 (75289418)|VALIDATION_FORMULA|( IF( ISBLANK(Delivery__c) , 0, Delivery__c)
  +  
IF( ISBLANK(Production__c) , 0, Production__c)
  +
IF( ISBLANK(QC__c) , 0, QC__c)  
 +
IF( ISBLANK(QA__c) , 0, QA__c)
 ) != 100|Delivery__c=40 , QC__c=30 , QA__c=10 , Production__c=20
06:54:39.0 (75298276)|VALIDATION_PASS
06:54:39.0 (75335790)|CODE_UNIT_FINISHED|Validation:Project:a057F0000039WIm
06:54:39.0 (98331462)|DML_END|[49]
06:54:39.0 (98348535)|STATEMENT_EXECUTE|[55]
06:54:39.0 (98353954)|HEAP_ALLOCATE|[55]|Bytes:71
06:54:39.0 (98377375)|HEAP_ALLOCATE|[55]|Bytes:4
06:54:39.0 (98387445)|HEAP_ALLOCATE|[55]|Bytes:7
06:54:39.0 (98436105)|VARIABLE_ASSIGNMENT|[EXTERNAL]|this|{"nonSelectedUserId":"('0057F000000Tz0sQAC (65 more) ...","pName":"13","project":"0xfa7ff62","selectedUsers":"0x306ef856","usersList":"0x4e397650"}|0x56061e58
06:54:39.0 (99353192)|SOQL_EXECUTE_BEGIN|[55]|Aggregations:0|SELECT Id FROM ProjectJobAssociation__c WHERE ProjectLink__c = :tmpVar1
06:54:39.0 (101785546)|SOQL_EXECUTE_END|[55]|Rows:4
06:54:39.0 (101803934)|HEAP_ALLOCATE|[55]|Bytes:20
06:54:39.0 (101822646)|HEAP_ALLOCATE|[55]|Bytes:116
06:54:39.0 (101886293)|HEAP_ALLOCATE|[55]|Bytes:20
06:54:39.0 (101899652)|VARIABLE_SCOPE_BEGIN|[55]|pjaList|List<ProjectJobAssociation__c>|true|false
06:54:39.0 (101920744)|VARIABLE_ASSIGNMENT|[55]|pjaList|[{"Id":"a087F000009JyxnQAC"},{"Id":"a087F000009JyxoQAC"},{"Id":"a087F000009JyxpQAC"},{"Id":"a087F000009JyxqQAC"}]|0x1c6a5b3e
06:54:39.0 (101927228)|STATEMENT_EXECUTE|[56]
06:54:39.0 (101967717)|DML_BEGIN|[56]|Op:Delete|Type:ProjectJobAssociation__c|Rows:4
06:54:39.0 (101990786)|HEAP_ALLOCATE|[EXTERNAL]|Bytes:20
06:54:39.0 (173016771)|DML_END|[56]
06:54:39.0 (173063685)|HEAP_ALLOCATE|[EXTERNAL]|Bytes:20
06:54:39.0 (173081290)|STATEMENT_EXECUTE|[58]
06:54:39.0 (173103972)|HEAP_ALLOCATE|[58]|Bytes:4
06:54:39.0 (173199334)|HEAP_ALLOCATE|[EXTERNAL]|Bytes:4
06:54:39.0 (173214252)|VARIABLE_ASSIGNMENT|[58]|pjaList|[]|0x50642464
06:54:39.0 (173282086)|VARIABLE_ASSIGNMENT|[EXTERNAL]|this|{"nonSelectedUserId":"('0057F000000Tz0sQAC (65 more) ...","pName":"13","project":"0xfa7ff62","selectedUsers":"0x306ef856","usersList":"0x4e397650"}|0x56061e58
06:54:39.0 (173316742)|HEAP_ALLOCATE|[59]|Bytes:5
06:54:39.0 (173334346)|HEAP_ALLOCATE|[59]|Bytes:27
06:54:39.0 (173342494)|VARIABLE_SCOPE_BEGIN|[59]|sc|System.SelectOption|true|false
06:54:39.0 (173462214)|VARIABLE_ASSIGNMENT|[59]|sc|"common.apex.runtime.impl.ApexSelectOptionValue@4bc8874e"|0x6a20dc2e
06:54:39.0 (173470294)|STATEMENT_EXECUTE|[59]
06:54:39.0 (173471657)|STATEMENT_EXECUTE|[60]
06:54:39.0 (173500458)|HEAP_ALLOCATE|[60]|Bytes:4
06:54:39.0 (173570780)|VARIABLE_SCOPE_BEGIN|[60]|pja|ProjectJobAssociation__c|true|false
06:54:39.0 (173584180)|VARIABLE_ASSIGNMENT|[60]|pja|{}|0x1bd4d867
06:54:39.0 (173588644)|STATEMENT_EXECUTE|[61]
06:54:39.0 (173624116)|VARIABLE_ASSIGNMENT|[EXTERNAL]|this|{"nonSelectedUserId":"('0057F000000Tz0sQAC (65 more) ...","pName":"13","project":"0xfa7ff62","selectedUsers":"0x306ef856","usersList":"0x4e397650"}|0x56061e58
06:54:39.0 (173696841)|VARIABLE_ASSIGNMENT|[61]|this.ProjectLink__c|"a057F0000039WImQAM"|0x1bd4d867
06:54:39.0 (173703652)|STATEMENT_EXECUTE|[62]
06:54:39.0 (173729735)|HEAP_ALLOCATE|[62]|Bytes:18
06:54:39.0 (173744688)|HEAP_ALLOCATE|[62]|Bytes:4
06:54:39.0 (173783282)|VARIABLE_ASSIGNMENT|[62]|this.UserLink__c|"0057F000000TrBGQA0"|0x1bd4d867
06:54:39.0 (173789462)|STATEMENT_EXECUTE|[63]
06:54:39.0 (173824961)|HEAP_ALLOCATE|[EXTERNAL]|Bytes:4
06:54:39.0 (173840652)|HEAP_ALLOCATE|[59]|Bytes:5
06:54:39.0 (173851602)|HEAP_ALLOCATE|[59]|Bytes:27
06:54:39.0 (173857942)|VARIABLE_SCOPE_BEGIN|[59]|sc|System.SelectOption|true|false
06:54:39.0 (173916256)|VARIABLE_ASSIGNMENT|[59]|sc|"common.apex.runtime.impl.ApexSelectOptionValue@20b5cc0a"|0x6ccd35bb
06:54:39.0 (173922978)|STATEMENT_EXECUTE|[59]
06:54:39.0 (173924073)|STATEMENT_EXECUTE|[60]
06:54:39.0 (173943205)|HEAP_ALLOCATE|[60]|Bytes:4
06:54:39.0 (173954556)|VARIABLE_SCOPE_BEGIN|[60]|pja|ProjectJobAssociation__c|true|false
06:54:39.0 (173965154)|VARIABLE_ASSIGNMENT|[60]|pja|{}|0x7ca226ce
06:54:39.0 (173969467)|STATEMENT_EXECUTE|[61]
06:54:39.0 (173994192)|VARIABLE_ASSIGNMENT|[EXTERNAL]|this|{"nonSelectedUserId":"('0057F000000Tz0sQAC (65 more) ...","pName":"13","project":"0xfa7ff62","selectedUsers":"0x306ef856","usersList":"0x4e397650"}|0x56061e58
06:54:39.0 (174038476)|VARIABLE_ASSIGNMENT|[61]|this.ProjectLink__c|"a057F0000039WImQAM"|0x7ca226ce
06:54:39.0 (174044633)|STATEMENT_EXECUTE|[62]
06:54:39.0 (174053628)|HEAP_ALLOCATE|[62]|Bytes:18
06:54:39.0 (174061288)|HEAP_ALLOCATE|[62]|Bytes:4
06:54:39.0 (174082280)|VARIABLE_ASSIGNMENT|[62]|this.UserLink__c|"0057F000000TrBVQA0"|0x7ca226ce
06:54:39.0 (174087615)|STATEMENT_EXECUTE|[63]
06:54:39.0 (174094393)|HEAP_ALLOCATE|[EXTERNAL]|Bytes:4
06:54:39.0 (174105317)|HEAP_ALLOCATE|[59]|Bytes:5
06:54:39.0 (174114497)|HEAP_ALLOCATE|[59]|Bytes:23
06:54:39.0 (174120133)|VARIABLE_SCOPE_BEGIN|[59]|sc|System.SelectOption|true|false
06:54:39.0 (174174006)|VARIABLE_ASSIGNMENT|[59]|sc|"common.apex.runtime.impl.ApexSelectOptionValue@ab8a2e66"|0x58231787
06:54:39.0 (174180686)|STATEMENT_EXECUTE|[59]
06:54:39.0 (174181763)|STATEMENT_EXECUTE|[60]
06:54:39.0 (174197810)|HEAP_ALLOCATE|[60]|Bytes:4
06:54:39.0 (174208283)|VARIABLE_SCOPE_BEGIN|[60]|pja|ProjectJobAssociation__c|true|false
06:54:39.0 (174217911)|VARIABLE_ASSIGNMENT|[60]|pja|{}|0xd146a3a
06:54:39.0 (174222238)|STATEMENT_EXECUTE|[61]
06:54:39.0 (174244606)|VARIABLE_ASSIGNMENT|[EXTERNAL]|this|{"nonSelectedUserId":"('0057F000000Tz0sQAC (65 more) ...","pName":"13","project":"0xfa7ff62","selectedUsers":"0x306ef856","usersList":"0x4e397650"}|0x56061e58
06:54:39.0 (174284050)|VARIABLE_ASSIGNMENT|[61]|this.ProjectLink__c|"a057F0000039WImQAM"|0xd146a3a
06:54:39.0 (174289865)|STATEMENT_EXECUTE|[62]
06:54:39.0 (174297624)|HEAP_ALLOCATE|[62]|Bytes:18
06:54:39.0 (174304724)|HEAP_ALLOCATE|[62]|Bytes:4
06:54:39.0 (174323606)|VARIABLE_ASSIGNMENT|[62]|this.UserLink__c|"0057F000000Tz0iQAC"|0xd146a3a
06:54:39.0 (174328771)|STATEMENT_EXECUTE|[63]
06:54:39.0 (174335051)|HEAP_ALLOCATE|[EXTERNAL]|Bytes:4
06:54:39.0 (174345683)|HEAP_ALLOCATE|[59]|Bytes:5
06:54:39.0 (174355039)|VARIABLE_ASSIGNMENT|[59]|sc|null|
06:54:39.0 (174359521)|STATEMENT_EXECUTE|[65]
06:54:39.0 (174396054)|DML_BEGIN|[65]|Op:Insert|Type:ProjectJobAssociation__c|Rows:3
06:54:39.0 (174421073)|HEAP_ALLOCATE|[EXTERNAL]|Bytes:16
06:54:39.0 (200447477)|DML_END|[65]
06:54:39.0 (200498566)|HEAP_ALLOCATE|[EXTERNAL]|Bytes:16
06:54:39.0 (200513972)|STATEMENT_EXECUTE|[67]
06:54:39.0 (200523229)|HEAP_ALLOCATE|[67]|Bytes:1
06:54:39.0 (200577857)|VARIABLE_ASSIGNMENT|[EXTERNAL]|this|{"nonSelectedUserId":"('0057F000000Tz0sQAC (65 more) ...","pName":"13","project":"0xfa7ff62","selectedUsers":"0x306ef856","usersList":"0x4e397650"}|0x56061e58
06:54:39.0 (200614776)|HEAP_ALLOCATE|[67]|Bytes:18
06:54:39.0 (200627467)|HEAP_ALLOCATE|[67]|Bytes:19
06:54:39.0 (200658505)|SYSTEM_MODE_EXIT|false
06:54:39.215 (215637755)|CUMULATIVE_LIMIT_USAGE
06:54:39.215 (215637755)|LIMIT_USAGE_FOR_NS|(default)|
  Number of SOQL queries: 3 out of 100
  Number of query rows: 7 out of 50000
  Number of SOSL queries: 0 out of 20
  Number of DML statements: 3 out of 150
  Number of DML rows: 8 out of 10000
  Maximum CPU time: 0 out of 10000
  Maximum heap size: 0 out of 6000000
  Number of callouts: 0 out of 100
  Number of Email Invocations: 0 out of 10
  Number of future calls: 0 out of 50
  Number of queueable jobs added to the queue: 0 out of 50
  Number of Mobile Apex push calls: 0 out of 10

06:54:39.215 (215637755)|CUMULATIVE_LIMIT_USAGE_END

06:54:39.0 (215675968)|CODE_UNIT_FINISHED|VF: /apex/PM_Project_Edit
06:54:39.0 (216381950)|EXECUTION_FINISHED
