36.0 APEX_CODE,FINEST;APEX_PROFILING,INFO;CALLOUT,INFO;DB,INFO;SYSTEM,DEBUG;VALIDATION,INFO;VISUALFORCE,INFO;WAVE,INFO;WORKFLOW,INFO
23:31:10.0 (398004)|USER_INFO|[EXTERNAL]|0057F000000Tiz6|ksb994@salesforce.com|Pacific Standard Time|GMT-08:00
23:31:10.0 (443824)|EXECUTION_STARTED
23:31:10.0 (449185)|CODE_UNIT_STARTED|[EXTERNAL]|0667F000004uRC1|VF: /apex/PM_Project_Edit
23:31:10.0 (24142614)|SYSTEM_MODE_ENTER|true
23:31:10.0 (24491624)|HEAP_ALLOCATE|[72]|Bytes:3
23:31:10.0 (24523449)|HEAP_ALLOCATE|[77]|Bytes:152
23:31:10.0 (24537067)|HEAP_ALLOCATE|[342]|Bytes:408
23:31:10.0 (24551760)|HEAP_ALLOCATE|[355]|Bytes:408
23:31:10.0 (24565935)|HEAP_ALLOCATE|[467]|Bytes:48
23:31:10.0 (24601931)|HEAP_ALLOCATE|[139]|Bytes:6
23:31:10.0 (24617420)|HEAP_ALLOCATE|[EXTERNAL]|Bytes:80
23:31:10.0 (24623431)|HEAP_ALLOCATE|[EXTERNAL]|Bytes:6
23:31:10.0 (24626437)|HEAP_ALLOCATE|[EXTERNAL]|Bytes:1
23:31:10.0 (24645006)|METHOD_ENTRY|[1]|01p7F00000Ehro9|PM_Project_Edit_Controller.PM_Project_Edit_Controller()
23:31:10.0 (24651897)|STATEMENT_EXECUTE|[1]
23:31:10.0 (24655746)|STATEMENT_EXECUTE|[1]
23:31:10.0 (24690093)|HEAP_ALLOCATE|[50]|Bytes:5
23:31:10.0 (24707913)|HEAP_ALLOCATE|[56]|Bytes:5
23:31:10.0 (24715611)|HEAP_ALLOCATE|[64]|Bytes:7
23:31:10.0 (24738119)|SYSTEM_MODE_ENTER|false
23:31:10.0 (24750036)|HEAP_ALLOCATE|[EXTERNAL]|Bytes:5
23:31:10.0 (24756296)|SYSTEM_MODE_EXIT|false
23:31:10.0 (24763294)|METHOD_EXIT|[1]|PM_Project_Edit_Controller
23:31:10.0 (24803421)|HEAP_ALLOCATE|[EXTERNAL]|Bytes:12
23:31:10.0 (24879023)|VARIABLE_SCOPE_BEGIN|[6]|this|PM_Project_Edit_Controller|true|false
23:31:10.0 (24930826)|VARIABLE_ASSIGNMENT|[6]|this|{}|0x6c601ffd
23:31:10.0 (24938613)|VARIABLE_SCOPE_BEGIN|[6]|stdController|ApexPages.StandardController|true|false
23:31:10.0 (25089089)|VARIABLE_ASSIGNMENT|[6]|stdController|"StandardController [null]"|0x703d89b2
23:31:10.0 (25115701)|SYSTEM_MODE_ENTER|false
23:31:10.0 (25123629)|HEAP_ALLOCATE|[7]|Bytes:5
23:31:10.0 (25128569)|STATEMENT_EXECUTE|[1]
23:31:10.0 (25133332)|HEAP_ALLOCATE|[7]|Bytes:5
23:31:10.0 (25136396)|STATEMENT_EXECUTE|[3]
23:31:10.0 (25137589)|STATEMENT_EXECUTE|[4]
23:31:10.0 (25146591)|HEAP_ALLOCATE|[7]|Bytes:6
23:31:10.0 (25179775)|STATEMENT_EXECUTE|[6]
23:31:10.0 (25181396)|STATEMENT_EXECUTE|[7]
23:31:10.0 (25300665)|HEAP_ALLOCATE|[7]|Bytes:4
23:31:10.0 (25400912)|VARIABLE_ASSIGNMENT|[7]|this.mysObject|{}|0x6c601ffd
23:31:10.0 (25415382)|STATEMENT_EXECUTE|[8]
23:31:10.0 (25464890)|HEAP_ALLOCATE|[8]|Bytes:43
23:31:10.0 (25499996)|HEAP_ALLOCATE|[8]|Bytes:18
23:31:10.0 (25520450)|HEAP_ALLOCATE|[8]|Bytes:3
23:31:10.0 (25547284)|HEAP_ALLOCATE|[8]|Bytes:4
23:31:10.0 (25553751)|VARIABLE_SCOPE_BEGIN|[8]|pid|Id|false|false
23:31:10.0 (25622230)|VARIABLE_ASSIGNMENT|[8]|pid|"a057F000002dVv5QAE"
23:31:10.0 (25629241)|STATEMENT_EXECUTE|[9]
23:31:10.0 (25632189)|HEAP_ALLOCATE|[9]|Bytes:24
23:31:10.0 (25695192)|HEAP_ALLOCATE|[9]|Bytes:18
23:31:10.0 (25713974)|HEAP_ALLOCATE|[9]|Bytes:42
23:31:10.0 (25728890)|USER_DEBUG|[9]|DEBUG|------------------------a057F000002dVv5QAE
23:31:10.0 (25736423)|STATEMENT_EXECUTE|[12]
23:31:10.0 (25739014)|HEAP_ALLOCATE|[12]|Bytes:51
23:31:10.0 (25753213)|HEAP_ALLOCATE|[12]|Bytes:4
23:31:10.0 (25762580)|HEAP_ALLOCATE|[12]|Bytes:7
23:31:10.0 (25977962)|SOQL_EXECUTE_BEGIN|[12]|Aggregations:0|SELECT Id, name FROM Project__c WHERE Id = :tmpVar1
23:31:10.0 (37084805)|SOQL_EXECUTE_END|[12]|Rows:1
23:31:10.0 (37109033)|HEAP_ALLOCATE|[12]|Bytes:8
23:31:10.0 (37127114)|HEAP_ALLOCATE|[12]|Bytes:44
23:31:10.0 (37232544)|HEAP_ALLOCATE|[12]|Bytes:8
23:31:10.0 (37251179)|HEAP_ALLOCATE|[12]|Bytes:36
23:31:10.0 (37299937)|HEAP_ALLOCATE|[12]|Bytes:12
23:31:10.0 (37476927)|EXCEPTION_THROWN|[12]|System.FinalException: Final variable has already been initialized
23:31:10.0 (37830873)|HEAP_ALLOCATE|[12]|Bytes:47
23:31:10.0 (37848836)|SYSTEM_MODE_EXIT|false
23:31:10.0 (37965678)|FATAL_ERROR|System.FinalException: Final variable has already been initialized

Class.PM_Project_Edit_Controller.<init>: line 12, column 1
