36.0 APEX_CODE,FINEST;APEX_PROFILING,INFO;CALLOUT,INFO;DB,INFO;SYSTEM,DEBUG;VALIDATION,INFO;VISUALFORCE,INFO;WAVE,INFO;WORKFLOW,INFO
03:22:10.0 (352689)|USER_INFO|[EXTERNAL]|0057F000000Tiz6|ksb994@salesforce.com|Pacific Standard Time|GMT-08:00
03:22:10.0 (383041)|EXECUTION_STARTED
03:22:10.0 (387764)|CODE_UNIT_STARTED|[EXTERNAL]|0667F000005aHSA|VF: /apex/PM_Job_New
03:22:10.8 (8002181)|SYSTEM_MODE_ENTER|true
03:22:10.8 (8150232)|HEAP_ALLOCATE|[72]|Bytes:3
03:22:10.8 (8193821)|HEAP_ALLOCATE|[77]|Bytes:152
03:22:10.8 (8212021)|HEAP_ALLOCATE|[342]|Bytes:408
03:22:10.8 (8227620)|HEAP_ALLOCATE|[355]|Bytes:408
03:22:10.8 (8241386)|HEAP_ALLOCATE|[467]|Bytes:48
03:22:10.8 (8518986)|SYSTEM_MODE_ENTER|true
03:22:10.8 (8578946)|HEAP_ALLOCATE|[EXTERNAL]|Bytes:8
03:22:10.8 (8586605)|VARIABLE_SCOPE_BEGIN|[88]|this|ApexPage.PageMessagesComponentController|true|false
03:22:10.8 (8619758)|VARIABLE_ASSIGNMENT|[88]|this|{}|0x1cf72385
03:22:10.8 (8626000)|VARIABLE_SCOPE_BEGIN|[88]|escape|Boolean|false|false
03:22:10.8 (8633354)|VARIABLE_ASSIGNMENT|[88]|escape|null
03:22:10.8 (8793453)|SYSTEM_MODE_ENTER|true
03:22:10.8 (8825080)|HEAP_ALLOCATE|[EXTERNAL]|Bytes:8
03:22:10.8 (8830996)|VARIABLE_SCOPE_BEGIN|[2]|this|ApexPage.PageMessagesComponentController|true|false
03:22:10.8 (8850802)|VARIABLE_ASSIGNMENT|[2]|this|{}|0x1cf72385
03:22:10.0 (12841685)|SYSTEM_MODE_ENTER|true
03:22:10.0 (13135760)|HEAP_ALLOCATE|[EXTERNAL]|Bytes:260
03:22:10.0 (13147215)|HEAP_ALLOCATE|[EXTERNAL]|Bytes:41
03:22:10.0 (13151427)|HEAP_ALLOCATE|[EXTERNAL]|Bytes:8
03:22:10.0 (13160607)|METHOD_ENTRY|[1]|01p7F00000HhQR4|PM_Job_New_Controller.PM_Job_New_Controller()
03:22:10.0 (13166017)|STATEMENT_EXECUTE|[1]
03:22:10.0 (13169787)|STATEMENT_EXECUTE|[1]
03:22:10.0 (13182763)|SYSTEM_MODE_ENTER|false
03:22:10.0 (13190890)|HEAP_ALLOCATE|[EXTERNAL]|Bytes:5
03:22:10.0 (13198388)|SYSTEM_MODE_EXIT|false
03:22:10.0 (13210193)|METHOD_EXIT|[1]|PM_Job_New_Controller
03:22:10.0 (13281586)|HEAP_ALLOCATE|[EXTERNAL]|Bytes:40
03:22:10.0 (13296279)|VARIABLE_SCOPE_BEGIN|[16]|this|PM_Job_New_Controller|true|false
03:22:10.0 (13350634)|VARIABLE_ASSIGNMENT|[16]|this|{}|0xaab1825
03:22:10.0 (13358066)|VARIABLE_SCOPE_BEGIN|[16]|stdController|ApexPages.StandardController|true|false
03:22:10.0 (13490999)|VARIABLE_ASSIGNMENT|[16]|stdController|"StandardController [null]"|0x43a57a90
03:22:10.0 (13514791)|SYSTEM_MODE_ENTER|false
03:22:10.0 (13521779)|HEAP_ALLOCATE|[17]|Bytes:5
03:22:10.0 (13526226)|STATEMENT_EXECUTE|[1]
03:22:10.0 (13531117)|HEAP_ALLOCATE|[17]|Bytes:5
03:22:10.0 (13533726)|STATEMENT_EXECUTE|[3]
03:22:10.0 (13535009)|STATEMENT_EXECUTE|[4]
03:22:10.0 (13536401)|STATEMENT_EXECUTE|[5]
03:22:10.0 (13537409)|STATEMENT_EXECUTE|[6]
03:22:10.0 (13538389)|STATEMENT_EXECUTE|[7]
03:22:10.0 (13539365)|STATEMENT_EXECUTE|[8]
03:22:10.0 (13540328)|STATEMENT_EXECUTE|[9]
03:22:10.0 (13541270)|STATEMENT_EXECUTE|[10]
03:22:10.0 (13542367)|STATEMENT_EXECUTE|[11]
03:22:10.0 (13560149)|STATEMENT_EXECUTE|[16]
03:22:10.0 (13561509)|STATEMENT_EXECUTE|[17]
03:22:10.0 (13696790)|HEAP_ALLOCATE|[17]|Bytes:4
03:22:10.0 (13725178)|VARIABLE_ASSIGNMENT|[17]|this.job|{}|0xaab1825
03:22:10.0 (13731146)|STATEMENT_EXECUTE|[18]
03:22:10.0 (13734706)|HEAP_ALLOCATE|[18]|Bytes:46
03:22:10.0 (13750285)|HEAP_ALLOCATE|[18]|Bytes:4
03:22:10.0 (15065107)|SOQL_EXECUTE_BEGIN|[18]|Aggregations:0|SELECT Company_project_code__c FROM Project__c
03:22:10.0 (18719895)|SOQL_EXECUTE_END|[18]|Rows:24
03:22:10.0 (18741483)|HEAP_ALLOCATE|[18]|Bytes:100
03:22:10.0 (18780636)|HEAP_ALLOCATE|[18]|Bytes:1692
03:22:10.0 (18815531)|HEAP_ALLOCATE|[18]|Bytes:100
03:22:10.0 (18870688)|VARIABLE_ASSIGNMENT|[EXTERNAL]|this|{"job":"0x4fa72a29"}|0xaab1825
03:22:10.0 (18887705)|VARIABLE_ASSIGNMENT|[EXTERNAL]|value|"List of size 24 too large to display"|0x24d33366
03:22:10.0 (18901389)|VARIABLE_ASSIGNMENT|[4]|this.projectList|"List of size 24 too large to display"|0xaab1825
03:22:10.0 (18911021)|STATEMENT_EXECUTE|[19]
03:22:10.0 (18914618)|HEAP_ALLOCATE|[19]|Bytes:7
03:22:10.0 (18919027)|HEAP_ALLOCATE|[19]|Bytes:4
03:22:10.0 (18931669)|METHOD_ENTRY|[19]|01p7F00000HhQR4|PM_Job_New_Controller.getAllFields(String)
03:22:10.0 (18949484)|VARIABLE_SCOPE_BEGIN|[83]|sobjectname|String|false|false
03:22:10.0 (18958380)|VARIABLE_ASSIGNMENT|[83]|sobjectname|"Task"
03:22:10.0 (18976353)|HEAP_ALLOCATE|[84]|Bytes:5
03:22:10.0 (18980706)|STATEMENT_EXECUTE|[83]
03:22:10.0 (37071026)|HEAP_ALLOCATE|[84]|Bytes:1468
03:22:10.0 (37139003)|STATEMENT_EXECUTE|[84]
03:22:10.0 (37142197)|STATEMENT_EXECUTE|[87]
03:22:10.0 (41778031)|HEAP_ALLOCATE|[87]|Bytes:1468
03:22:10.0 (42377492)|HEAP_ALLOCATE|[87]|Bytes:4
03:22:10.0 (42438913)|HEAP_ALLOCATE|[87]|Bytes:4
03:22:10.0 (43627454)|HEAP_ALLOCATE|[87]|Bytes:160
03:22:10.0 (43646693)|VARIABLE_SCOPE_BEGIN|[87]|fields|Map<String,Schema.SObjectField>|true|false
03:22:10.0 (43865651)|VARIABLE_ASSIGNMENT|[87]|fields|"{accountid=AccountId, activitydate=ActivityDate, calldisposition=CallDisposition, calldurationinseconds=CallDurationInSeconds, callobject=CallObject, calltype=CallType, createdbyid=CreatedById, createddate=CreatedDate, description=Description, id=Id, ...}"|0x325b1c41
03:22:10.0 (43878825)|STATEMENT_EXECUTE|[88]
03:22:10.0 (43897235)|HEAP_ALLOCATE|[88]|Bytes:4
03:22:10.0 (43940769)|VARIABLE_SCOPE_BEGIN|[88]|accessiblefields|List<String>|true|false
03:22:10.0 (43973269)|HEAP_ALLOCATE|[EXTERNAL]|Bytes:4
03:22:10.0 (43985863)|VARIABLE_ASSIGNMENT|[88]|accessiblefields|[]|0x1e1d3ce3
03:22:10.0 (44044199)|HEAP_ALLOCATE|[EXTERNAL]|Bytes:160
03:22:10.0 (44065751)|HEAP_ALLOCATE|[89]|Bytes:160
03:22:10.0 (44113804)|HEAP_ALLOCATE|[89]|Bytes:5
03:22:10.0 (44137176)|VARIABLE_SCOPE_BEGIN|[89]|field|Schema.SObjectField|true|false
03:22:10.0 (44209301)|VARIABLE_ASSIGNMENT|[89]|field|"common.apex.runtime.impl.ApexFieldToken@2544cfd4"|0x2544cfd4
03:22:10.0 (44218176)|STATEMENT_EXECUTE|[89]
03:22:10.0 (44678739)|HEAP_ALLOCATE|[90]|Bytes:8
03:22:10.0 (44705658)|STATEMENT_EXECUTE|[91]
03:22:10.0 (44737778)|HEAP_ALLOCATE|[91]|Bytes:8
03:22:10.0 (44753768)|HEAP_ALLOCATE|[91]|Bytes:2
03:22:10.0 (44770930)|HEAP_ALLOCATE|[EXTERNAL]|Bytes:4
03:22:10.0 (44786504)|HEAP_ALLOCATE|[89]|Bytes:5
03:22:10.0 (44802264)|VARIABLE_SCOPE_BEGIN|[89]|field|Schema.SObjectField|true|false
03:22:10.0 (44869705)|VARIABLE_ASSIGNMENT|[89]|field|"common.apex.runtime.impl.ApexFieldToken@4f976629"|0x4f976629
03:22:10.0 (44881027)|STATEMENT_EXECUTE|[89]
03:22:10.0 (45381294)|HEAP_ALLOCATE|[90]|Bytes:8
03:22:10.0 (45399965)|STATEMENT_EXECUTE|[91]
03:22:10.0 (45420685)|HEAP_ALLOCATE|[91]|Bytes:8
03:22:10.0 (45430701)|HEAP_ALLOCATE|[91]|Bytes:5
03:22:10.0 (45440317)|HEAP_ALLOCATE|[EXTERNAL]|Bytes:4
03:22:10.0 (45455069)|HEAP_ALLOCATE|[89]|Bytes:5
03:22:10.0 (45471193)|VARIABLE_SCOPE_BEGIN|[89]|field|Schema.SObjectField|true|false
03:22:10.0 (45539629)|VARIABLE_ASSIGNMENT|[89]|field|"common.apex.runtime.impl.ApexFieldToken@389ab11c"|0x389ab11c
03:22:10.0 (45547898)|STATEMENT_EXECUTE|[89]
03:22:10.0 (45842271)|HEAP_ALLOCATE|[90]|Bytes:8
03:22:10.0 (45858305)|STATEMENT_EXECUTE|[91]
03:22:10.0 (45877051)|HEAP_ALLOCATE|[91]|Bytes:8
03:22:10.0 (45886107)|HEAP_ALLOCATE|[91]|Bytes:6
03:22:10.0 (45895324)|HEAP_ALLOCATE|[EXTERNAL]|Bytes:4
03:22:10.0 (45909078)|HEAP_ALLOCATE|[89]|Bytes:5
03:22:10.0 (45924195)|VARIABLE_SCOPE_BEGIN|[89]|field|Schema.SObjectField|true|false
03:22:10.0 (45990472)|VARIABLE_ASSIGNMENT|[89]|field|"common.apex.runtime.impl.ApexFieldToken@60948af9"|0x60948af9
03:22:10.0 (45998609)|STATEMENT_EXECUTE|[89]
03:22:10.0 (46116983)|HEAP_ALLOCATE|[90]|Bytes:8
03:22:10.0 (46131877)|STATEMENT_EXECUTE|[91]
03:22:10.0 (46149333)|HEAP_ALLOCATE|[91]|Bytes:8
03:22:10.0 (46157907)|HEAP_ALLOCATE|[91]|Bytes:7
03:22:10.0 (46166697)|HEAP_ALLOCATE|[EXTERNAL]|Bytes:4
03:22:10.0 (46179629)|HEAP_ALLOCATE|[89]|Bytes:5
03:22:10.0 (46193281)|VARIABLE_SCOPE_BEGIN|[89]|field|Schema.SObjectField|true|false
03:22:10.0 (46258159)|VARIABLE_ASSIGNMENT|[89]|field|"common.apex.runtime.impl.ApexFieldToken@63adc350"|0x63adc350
03:22:10.0 (46266087)|STATEMENT_EXECUTE|[89]
03:22:10.0 (46366490)|HEAP_ALLOCATE|[90]|Bytes:8
03:22:10.0 (46380060)|STATEMENT_EXECUTE|[91]
03:22:10.0 (46396435)|HEAP_ALLOCATE|[91]|Bytes:8
03:22:10.0 (46404885)|HEAP_ALLOCATE|[91]|Bytes:12
03:22:10.0 (46413416)|HEAP_ALLOCATE|[EXTERNAL]|Bytes:4
03:22:10.0 (46425770)|HEAP_ALLOCATE|[89]|Bytes:5
03:22:10.0 (46439287)|VARIABLE_SCOPE_BEGIN|[89]|field|Schema.SObjectField|true|false
03:22:10.0 (46502572)|VARIABLE_ASSIGNMENT|[89]|field|"common.apex.runtime.impl.ApexFieldToken@17ff5722"|0x17ff5722
03:22:10.0 (46510630)|STATEMENT_EXECUTE|[89]
03:22:10.0 (46607018)|HEAP_ALLOCATE|[90]|Bytes:8
03:22:10.0 (46620396)|STATEMENT_EXECUTE|[91]
03:22:10.0 (46635952)|HEAP_ALLOCATE|[91]|Bytes:8
03:22:10.0 (46644467)|HEAP_ALLOCATE|[91]|Bytes:6
03:22:10.0 (46652062)|HEAP_ALLOCATE|[EXTERNAL]|Bytes:4
03:22:10.0 (46663747)|HEAP_ALLOCATE|[89]|Bytes:5
03:22:10.0 (46676520)|VARIABLE_SCOPE_BEGIN|[89]|field|Schema.SObjectField|true|false
03:22:10.0 (46739421)|VARIABLE_ASSIGNMENT|[89]|field|"common.apex.runtime.impl.ApexFieldToken@7a801690"|0x7a801690
03:22:10.0 (46747483)|STATEMENT_EXECUTE|[89]
03:22:10.0 (46840872)|HEAP_ALLOCATE|[90]|Bytes:8
03:22:10.0 (46854241)|STATEMENT_EXECUTE|[91]
03:22:10.0 (46869987)|HEAP_ALLOCATE|[91]|Bytes:8
03:22:10.0 (46878413)|HEAP_ALLOCATE|[91]|Bytes:8
03:22:10.0 (46886321)|HEAP_ALLOCATE|[EXTERNAL]|Bytes:4
03:22:10.0 (46897891)|HEAP_ALLOCATE|[89]|Bytes:5
03:22:10.0 (46910159)|VARIABLE_SCOPE_BEGIN|[89]|field|Schema.SObjectField|true|false
03:22:10.0 (46974167)|VARIABLE_ASSIGNMENT|[89]|field|"common.apex.runtime.impl.ApexFieldToken@3e07987b"|0x3e07987b
03:22:10.0 (46981904)|STATEMENT_EXECUTE|[89]
03:22:10.0 (47068498)|HEAP_ALLOCATE|[90]|Bytes:8
03:22:10.0 (47082214)|STATEMENT_EXECUTE|[91]
03:22:10.0 (47098063)|HEAP_ALLOCATE|[91]|Bytes:8
03:22:10.0 (47108584)|HEAP_ALLOCATE|[91]|Bytes:14
03:22:10.0 (47120453)|HEAP_ALLOCATE|[EXTERNAL]|Bytes:4
03:22:10.0 (47133106)|HEAP_ALLOCATE|[89]|Bytes:5
03:22:10.0 (47145687)|VARIABLE_SCOPE_BEGIN|[89]|field|Schema.SObjectField|true|false
03:22:10.0 (47208486)|VARIABLE_ASSIGNMENT|[89]|field|"common.apex.runtime.impl.ApexFieldToken@333d6ba8"|0x333d6ba8
03:22:10.0 (47216074)|STATEMENT_EXECUTE|[89]
03:22:10.0 (47330477)|HEAP_ALLOCATE|[90]|Bytes:8
03:22:10.0 (47344759)|STATEMENT_EXECUTE|[91]
03:22:10.0 (47360487)|HEAP_ALLOCATE|[91]|Bytes:8
03:22:10.0 (47368770)|HEAP_ALLOCATE|[91]|Bytes:7
03:22:10.0 (47375983)|HEAP_ALLOCATE|[EXTERNAL]|Bytes:4
03:22:10.0 (47387783)|HEAP_ALLOCATE|[89]|Bytes:5
03:22:10.0 (47400143)|VARIABLE_SCOPE_BEGIN|[89]|field|Schema.SObjectField|true|false
03:22:10.0 (47481635)|VARIABLE_ASSIGNMENT|[89]|field|"common.apex.runtime.impl.ApexFieldToken@5e967caa"|0x5e967caa
03:22:10.0 (47490355)|STATEMENT_EXECUTE|[89]
03:22:10.0 (47600905)|HEAP_ALLOCATE|[90]|Bytes:8
03:22:10.0 (47615907)|STATEMENT_EXECUTE|[91]
03:22:10.0 (47633291)|HEAP_ALLOCATE|[91]|Bytes:8
03:22:10.0 (47641542)|HEAP_ALLOCATE|[91]|Bytes:11
03:22:10.0 (47649531)|HEAP_ALLOCATE|[EXTERNAL]|Bytes:4
03:22:10.0 (47665985)|HEAP_ALLOCATE|[89]|Bytes:5
03:22:10.0 (47679686)|VARIABLE_SCOPE_BEGIN|[89]|field|Schema.SObjectField|true|false
03:22:10.0 (47748438)|VARIABLE_ASSIGNMENT|[89]|field|"common.apex.runtime.impl.ApexFieldToken@24d8d57e"|0x24d8d57e
03:22:10.0 (47756816)|STATEMENT_EXECUTE|[89]
03:22:10.0 (47859767)|HEAP_ALLOCATE|[90]|Bytes:8
03:22:10.0 (47885543)|STATEMENT_EXECUTE|[90]
03:22:10.0 (47899773)|HEAP_ALLOCATE|[89]|Bytes:5
03:22:10.0 (47915721)|VARIABLE_SCOPE_BEGIN|[89]|field|Schema.SObjectField|true|false
03:22:10.0 (47988857)|VARIABLE_ASSIGNMENT|[89]|field|"common.apex.runtime.impl.ApexFieldToken@261e55de"|0x261e55de
03:22:10.0 (47998823)|STATEMENT_EXECUTE|[89]
03:22:10.0 (48088653)|HEAP_ALLOCATE|[90]|Bytes:8
03:22:10.0 (48103762)|STATEMENT_EXECUTE|[91]
03:22:10.0 (48126703)|HEAP_ALLOCATE|[91]|Bytes:8
03:22:10.0 (48135728)|HEAP_ALLOCATE|[91]|Bytes:9
03:22:10.0 (48145685)|HEAP_ALLOCATE|[EXTERNAL]|Bytes:4
03:22:10.0 (48158529)|HEAP_ALLOCATE|[89]|Bytes:5
03:22:10.0 (48171436)|VARIABLE_SCOPE_BEGIN|[89]|field|Schema.SObjectField|true|false
03:22:10.0 (48241486)|VARIABLE_ASSIGNMENT|[89]|field|"common.apex.runtime.impl.ApexFieldToken@7e261a9e"|0x7e261a9e
03:22:10.0 (48249594)|STATEMENT_EXECUTE|[89]
03:22:10.0 (48370337)|HEAP_ALLOCATE|[90]|Bytes:8
03:22:10.0 (48384260)|STATEMENT_EXECUTE|[91]
03:22:10.0 (48404194)|HEAP_ALLOCATE|[91]|Bytes:8
03:22:10.0 (48413488)|HEAP_ALLOCATE|[91]|Bytes:9
03:22:10.0 (48421735)|HEAP_ALLOCATE|[EXTERNAL]|Bytes:4
03:22:10.0 (48435746)|HEAP_ALLOCATE|[89]|Bytes:5
03:22:10.0 (48448987)|VARIABLE_SCOPE_BEGIN|[89]|field|Schema.SObjectField|true|false
03:22:10.0 (48517050)|VARIABLE_ASSIGNMENT|[89]|field|"common.apex.runtime.impl.ApexFieldToken@13b84adc"|0x13b84adc
03:22:10.0 (48524689)|STATEMENT_EXECUTE|[89]
03:22:10.0 (48615121)|HEAP_ALLOCATE|[90]|Bytes:8
03:22:10.0 (48629989)|STATEMENT_EXECUTE|[91]
03:22:10.0 (48647533)|HEAP_ALLOCATE|[91]|Bytes:8
03:22:10.0 (48655666)|HEAP_ALLOCATE|[91]|Bytes:8
03:22:10.0 (48664062)|HEAP_ALLOCATE|[EXTERNAL]|Bytes:4
03:22:10.0 (48676278)|HEAP_ALLOCATE|[89]|Bytes:5
03:22:10.0 (48695004)|VARIABLE_SCOPE_BEGIN|[89]|field|Schema.SObjectField|true|false
03:22:10.0 (48781452)|VARIABLE_ASSIGNMENT|[89]|field|"common.apex.runtime.impl.ApexFieldToken@71290ef0"|0x71290ef0
03:22:10.0 (48790199)|STATEMENT_EXECUTE|[89]
03:22:10.0 (48896024)|HEAP_ALLOCATE|[90]|Bytes:8
03:22:10.0 (48915770)|STATEMENT_EXECUTE|[91]
03:22:10.0 (48937754)|HEAP_ALLOCATE|[91]|Bytes:8
03:22:10.0 (48947510)|HEAP_ALLOCATE|[91]|Bytes:11
03:22:10.0 (48955899)|HEAP_ALLOCATE|[EXTERNAL]|Bytes:4
03:22:10.0 (48968842)|HEAP_ALLOCATE|[89]|Bytes:5
03:22:10.0 (48982196)|VARIABLE_SCOPE_BEGIN|[89]|field|Schema.SObjectField|true|false
03:22:10.0 (49071362)|VARIABLE_ASSIGNMENT|[89]|field|"common.apex.runtime.impl.ApexFieldToken@254d15ae"|0x254d15ae
03:22:10.0 (49081023)|STATEMENT_EXECUTE|[89]
03:22:10.0 (49192461)|HEAP_ALLOCATE|[90]|Bytes:8
03:22:10.0 (49206420)|STATEMENT_EXECUTE|[91]
03:22:10.0 (49222628)|HEAP_ALLOCATE|[91]|Bytes:8
03:22:10.0 (49231438)|HEAP_ALLOCATE|[91]|Bytes:11
03:22:10.0 (49239825)|HEAP_ALLOCATE|[EXTERNAL]|Bytes:4
03:22:10.0 (49252581)|HEAP_ALLOCATE|[89]|Bytes:5
03:22:10.0 (49266648)|VARIABLE_SCOPE_BEGIN|[89]|field|Schema.SObjectField|true|false
03:22:10.0 (49330845)|VARIABLE_ASSIGNMENT|[89]|field|"common.apex.runtime.impl.ApexFieldToken@6bf11973"|0x6bf11973
03:22:10.0 (49338317)|STATEMENT_EXECUTE|[89]
03:22:10.0 (49434678)|HEAP_ALLOCATE|[90]|Bytes:8
03:22:10.0 (49448428)|STATEMENT_EXECUTE|[91]
03:22:10.0 (49465483)|HEAP_ALLOCATE|[91]|Bytes:8
03:22:10.0 (49474348)|HEAP_ALLOCATE|[91]|Bytes:16
03:22:10.0 (49482518)|HEAP_ALLOCATE|[EXTERNAL]|Bytes:4
03:22:10.0 (49494634)|HEAP_ALLOCATE|[89]|Bytes:5
03:22:10.0 (49507285)|VARIABLE_SCOPE_BEGIN|[89]|field|Schema.SObjectField|true|false
03:22:10.0 (49570461)|VARIABLE_ASSIGNMENT|[89]|field|"common.apex.runtime.impl.ApexFieldToken@3a4e407b"|0x3a4e407b
03:22:10.0 (49578192)|STATEMENT_EXECUTE|[89]
03:22:10.0 (49674820)|HEAP_ALLOCATE|[90]|Bytes:8
03:22:10.0 (49688389)|STATEMENT_EXECUTE|[91]
03:22:10.0 (49704802)|HEAP_ALLOCATE|[91]|Bytes:8
03:22:10.0 (49713320)|HEAP_ALLOCATE|[91]|Bytes:16
03:22:10.0 (49721592)|HEAP_ALLOCATE|[EXTERNAL]|Bytes:4
03:22:10.0 (49733761)|HEAP_ALLOCATE|[89]|Bytes:5
03:22:10.0 (49746344)|VARIABLE_SCOPE_BEGIN|[89]|field|Schema.SObjectField|true|false
03:22:10.0 (49809421)|VARIABLE_ASSIGNMENT|[89]|field|"common.apex.runtime.impl.ApexFieldToken@329874c"|0x329874c
03:22:10.0 (49817471)|STATEMENT_EXECUTE|[89]
03:22:10.0 (49895841)|HEAP_ALLOCATE|[90]|Bytes:8
03:22:10.0 (49908843)|STATEMENT_EXECUTE|[91]
03:22:10.0 (49924343)|HEAP_ALLOCATE|[91]|Bytes:8
03:22:10.0 (49932753)|HEAP_ALLOCATE|[91]|Bytes:14
03:22:10.0 (49940611)|HEAP_ALLOCATE|[EXTERNAL]|Bytes:4
03:22:10.0 (49952183)|HEAP_ALLOCATE|[89]|Bytes:5
03:22:10.0 (49964000)|VARIABLE_SCOPE_BEGIN|[89]|field|Schema.SObjectField|true|false
03:22:10.0 (50025284)|VARIABLE_ASSIGNMENT|[89]|field|"common.apex.runtime.impl.ApexFieldToken@4e0412e2"|0x4e0412e2
03:22:10.0 (50033452)|STATEMENT_EXECUTE|[89]
03:22:10.0 (50122144)|HEAP_ALLOCATE|[90]|Bytes:8
03:22:10.0 (50135629)|STATEMENT_EXECUTE|[91]
03:22:10.0 (50151619)|HEAP_ALLOCATE|[91]|Bytes:8
03:22:10.0 (50160020)|HEAP_ALLOCATE|[91]|Bytes:10
03:22:10.0 (50168428)|HEAP_ALLOCATE|[EXTERNAL]|Bytes:4
03:22:10.0 (50179811)|HEAP_ALLOCATE|[89]|Bytes:5
03:22:10.0 (50191711)|VARIABLE_SCOPE_BEGIN|[89]|field|Schema.SObjectField|true|false
03:22:10.0 (50253381)|VARIABLE_ASSIGNMENT|[89]|field|"common.apex.runtime.impl.ApexFieldToken@2d5da0d0"|0x2d5da0d0
03:22:10.0 (50260714)|STATEMENT_EXECUTE|[89]
03:22:10.0 (50351854)|HEAP_ALLOCATE|[90]|Bytes:8
03:22:10.0 (50364838)|STATEMENT_EXECUTE|[91]
03:22:10.0 (50380343)|HEAP_ALLOCATE|[91]|Bytes:8
03:22:10.0 (50388145)|HEAP_ALLOCATE|[91]|Bytes:21
03:22:10.0 (50395994)|HEAP_ALLOCATE|[EXTERNAL]|Bytes:4
03:22:10.0 (50407365)|HEAP_ALLOCATE|[89]|Bytes:5
03:22:10.0 (50419639)|VARIABLE_SCOPE_BEGIN|[89]|field|Schema.SObjectField|true|false
03:22:10.0 (50480633)|VARIABLE_ASSIGNMENT|[89]|field|"common.apex.runtime.impl.ApexFieldToken@65d87098"|0x65d87098
03:22:10.0 (50488037)|STATEMENT_EXECUTE|[89]
03:22:10.0 (50573462)|HEAP_ALLOCATE|[90]|Bytes:8
03:22:10.0 (50586635)|STATEMENT_EXECUTE|[91]
03:22:10.0 (50602270)|HEAP_ALLOCATE|[91]|Bytes:8
03:22:10.0 (50610062)|HEAP_ALLOCATE|[91]|Bytes:8
03:22:10.0 (50617629)|HEAP_ALLOCATE|[EXTERNAL]|Bytes:4
03:22:10.0 (50628921)|HEAP_ALLOCATE|[89]|Bytes:5
03:22:10.0 (50641012)|VARIABLE_SCOPE_BEGIN|[89]|field|Schema.SObjectField|true|false
03:22:10.0 (50702422)|VARIABLE_ASSIGNMENT|[89]|field|"common.apex.runtime.impl.ApexFieldToken@2a049888"|0x2a049888
03:22:10.0 (50712883)|STATEMENT_EXECUTE|[89]
03:22:10.0 (50797979)|HEAP_ALLOCATE|[90]|Bytes:8
03:22:10.0 (50810999)|STATEMENT_EXECUTE|[91]
03:22:10.0 (50826164)|HEAP_ALLOCATE|[91]|Bytes:8
03:22:10.0 (50834211)|HEAP_ALLOCATE|[91]|Bytes:15
03:22:10.0 (50841887)|HEAP_ALLOCATE|[EXTERNAL]|Bytes:4
03:22:10.0 (50853183)|HEAP_ALLOCATE|[89]|Bytes:5
03:22:10.0 (50871864)|VARIABLE_SCOPE_BEGIN|[89]|field|Schema.SObjectField|true|false
03:22:10.0 (50948763)|VARIABLE_ASSIGNMENT|[89]|field|"common.apex.runtime.impl.ApexFieldToken@44f90c28"|0x44f90c28
03:22:10.0 (50961319)|STATEMENT_EXECUTE|[89]
03:22:10.0 (51068482)|HEAP_ALLOCATE|[90]|Bytes:8
03:22:10.0 (51083618)|STATEMENT_EXECUTE|[91]
03:22:10.0 (51100501)|HEAP_ALLOCATE|[91]|Bytes:8
03:22:10.0 (51110860)|HEAP_ALLOCATE|[91]|Bytes:10
03:22:10.0 (51119506)|HEAP_ALLOCATE|[EXTERNAL]|Bytes:4
03:22:10.0 (51132286)|HEAP_ALLOCATE|[89]|Bytes:5
03:22:10.0 (51145051)|VARIABLE_SCOPE_BEGIN|[89]|field|Schema.SObjectField|true|false
03:22:10.0 (51208283)|VARIABLE_ASSIGNMENT|[89]|field|"common.apex.runtime.impl.ApexFieldToken@4627f47"|0x4627f47
03:22:10.0 (51215833)|STATEMENT_EXECUTE|[89]
03:22:10.0 (51304844)|HEAP_ALLOCATE|[90]|Bytes:8
03:22:10.0 (51318121)|STATEMENT_EXECUTE|[91]
03:22:10.0 (51333618)|HEAP_ALLOCATE|[91]|Bytes:8
03:22:10.0 (51341379)|HEAP_ALLOCATE|[91]|Bytes:16
03:22:10.0 (51349367)|HEAP_ALLOCATE|[EXTERNAL]|Bytes:4
03:22:10.0 (51361120)|HEAP_ALLOCATE|[89]|Bytes:5
03:22:10.0 (51373657)|VARIABLE_SCOPE_BEGIN|[89]|field|Schema.SObjectField|true|false
03:22:10.0 (51436078)|VARIABLE_ASSIGNMENT|[89]|field|"common.apex.runtime.impl.ApexFieldToken@221883e3"|0x221883e3
03:22:10.0 (51443762)|STATEMENT_EXECUTE|[89]
03:22:10.0 (51530528)|HEAP_ALLOCATE|[90]|Bytes:8
03:22:10.0 (51543080)|STATEMENT_EXECUTE|[91]
03:22:10.0 (51558260)|HEAP_ALLOCATE|[91]|Bytes:8
03:22:10.0 (51566043)|HEAP_ALLOCATE|[91]|Bytes:13
03:22:10.0 (51573704)|HEAP_ALLOCATE|[EXTERNAL]|Bytes:4
03:22:10.0 (51585584)|HEAP_ALLOCATE|[89]|Bytes:5
03:22:10.0 (51597470)|VARIABLE_SCOPE_BEGIN|[89]|field|Schema.SObjectField|true|false
03:22:10.0 (51661706)|VARIABLE_ASSIGNMENT|[89]|field|"common.apex.runtime.impl.ApexFieldToken@2cd68ff0"|0x2cd68ff0
03:22:10.0 (51670524)|STATEMENT_EXECUTE|[89]
03:22:10.0 (51790908)|HEAP_ALLOCATE|[90]|Bytes:8
03:22:10.0 (51810417)|STATEMENT_EXECUTE|[91]
03:22:10.0 (51830474)|HEAP_ALLOCATE|[91]|Bytes:8
03:22:10.0 (51839938)|HEAP_ALLOCATE|[91]|Bytes:20
03:22:10.0 (51850384)|HEAP_ALLOCATE|[EXTERNAL]|Bytes:4
03:22:10.0 (51865683)|HEAP_ALLOCATE|[89]|Bytes:5
03:22:10.0 (51879410)|VARIABLE_SCOPE_BEGIN|[89]|field|Schema.SObjectField|true|false
03:22:10.0 (51943563)|VARIABLE_ASSIGNMENT|[89]|field|"common.apex.runtime.impl.ApexFieldToken@20c24e0e"|0x20c24e0e
03:22:10.0 (51951578)|STATEMENT_EXECUTE|[89]
03:22:10.0 (52048796)|HEAP_ALLOCATE|[90]|Bytes:8
03:22:10.0 (52062856)|STATEMENT_EXECUTE|[91]
03:22:10.0 (52079649)|HEAP_ALLOCATE|[91]|Bytes:8
03:22:10.0 (52088038)|HEAP_ALLOCATE|[91]|Bytes:12
03:22:10.0 (52095835)|HEAP_ALLOCATE|[EXTERNAL]|Bytes:4
03:22:10.0 (52109953)|HEAP_ALLOCATE|[89]|Bytes:5
03:22:10.0 (52122999)|VARIABLE_SCOPE_BEGIN|[89]|field|Schema.SObjectField|true|false
03:22:10.0 (52185684)|VARIABLE_ASSIGNMENT|[89]|field|"common.apex.runtime.impl.ApexFieldToken@37cd9516"|0x37cd9516
03:22:10.0 (52193270)|STATEMENT_EXECUTE|[89]
03:22:10.0 (52280770)|HEAP_ALLOCATE|[90]|Bytes:8
03:22:10.0 (52293355)|STATEMENT_EXECUTE|[91]
03:22:10.0 (52309010)|HEAP_ALLOCATE|[91]|Bytes:8
03:22:10.0 (52317525)|HEAP_ALLOCATE|[91]|Bytes:23
03:22:10.0 (52325815)|HEAP_ALLOCATE|[EXTERNAL]|Bytes:4
03:22:10.0 (52337613)|HEAP_ALLOCATE|[89]|Bytes:5
03:22:10.0 (52350192)|VARIABLE_SCOPE_BEGIN|[89]|field|Schema.SObjectField|true|false
03:22:10.0 (52412857)|VARIABLE_ASSIGNMENT|[89]|field|"common.apex.runtime.impl.ApexFieldToken@51ac1f97"|0x51ac1f97
03:22:10.0 (52420663)|STATEMENT_EXECUTE|[89]
03:22:10.0 (52522297)|HEAP_ALLOCATE|[90]|Bytes:8
03:22:10.0 (52538499)|STATEMENT_EXECUTE|[91]
03:22:10.0 (52556319)|HEAP_ALLOCATE|[91]|Bytes:8
03:22:10.0 (52564832)|HEAP_ALLOCATE|[91]|Bytes:21
03:22:10.0 (52573248)|HEAP_ALLOCATE|[EXTERNAL]|Bytes:4
03:22:10.0 (52585109)|HEAP_ALLOCATE|[89]|Bytes:5
03:22:10.0 (52597878)|VARIABLE_SCOPE_BEGIN|[89]|field|Schema.SObjectField|true|false
03:22:10.0 (52660287)|VARIABLE_ASSIGNMENT|[89]|field|"common.apex.runtime.impl.ApexFieldToken@491da35d"|0x491da35d
03:22:10.0 (52668172)|STATEMENT_EXECUTE|[89]
03:22:10.0 (52755753)|HEAP_ALLOCATE|[90]|Bytes:8
03:22:10.0 (52768765)|STATEMENT_EXECUTE|[91]
03:22:10.0 (52783969)|HEAP_ALLOCATE|[91]|Bytes:8
03:22:10.0 (52792201)|HEAP_ALLOCATE|[91]|Bytes:24
03:22:10.0 (52800099)|HEAP_ALLOCATE|[EXTERNAL]|Bytes:4
03:22:10.0 (52811615)|HEAP_ALLOCATE|[89]|Bytes:5
03:22:10.0 (52823470)|VARIABLE_SCOPE_BEGIN|[89]|field|Schema.SObjectField|true|false
03:22:10.0 (52885461)|VARIABLE_ASSIGNMENT|[89]|field|"common.apex.runtime.impl.ApexFieldToken@7b9d364e"|0x7b9d364e
03:22:10.0 (52892951)|STATEMENT_EXECUTE|[89]
03:22:10.0 (52975912)|HEAP_ALLOCATE|[90]|Bytes:8
03:22:10.0 (52991012)|STATEMENT_EXECUTE|[91]
03:22:10.0 (53017182)|HEAP_ALLOCATE|[91]|Bytes:8
03:22:10.0 (53051075)|HEAP_ALLOCATE|[91]|Bytes:14
03:22:10.0 (53075104)|HEAP_ALLOCATE|[EXTERNAL]|Bytes:4
03:22:10.0 (53096345)|HEAP_ALLOCATE|[89]|Bytes:5
03:22:10.0 (53117047)|VARIABLE_SCOPE_BEGIN|[89]|field|Schema.SObjectField|true|false
03:22:10.0 (53198628)|VARIABLE_ASSIGNMENT|[89]|field|"common.apex.runtime.impl.ApexFieldToken@2023690e"|0x2023690e
03:22:10.0 (53207087)|STATEMENT_EXECUTE|[89]
03:22:10.0 (53336361)|HEAP_ALLOCATE|[90]|Bytes:8
03:22:10.0 (53353095)|STATEMENT_EXECUTE|[91]
03:22:10.0 (53373418)|HEAP_ALLOCATE|[91]|Bytes:8
03:22:10.0 (53382808)|HEAP_ALLOCATE|[91]|Bytes:18
03:22:10.0 (53392007)|HEAP_ALLOCATE|[EXTERNAL]|Bytes:4
03:22:10.0 (53405629)|HEAP_ALLOCATE|[89]|Bytes:5
03:22:10.0 (53420803)|VARIABLE_SCOPE_BEGIN|[89]|field|Schema.SObjectField|true|false
03:22:10.0 (53487371)|VARIABLE_ASSIGNMENT|[89]|field|"common.apex.runtime.impl.ApexFieldToken@11c29a3a"|0x11c29a3a
03:22:10.0 (53495565)|STATEMENT_EXECUTE|[89]
03:22:10.0 (53593518)|HEAP_ALLOCATE|[90]|Bytes:8
03:22:10.0 (53608237)|STATEMENT_EXECUTE|[91]
03:22:10.0 (53625713)|HEAP_ALLOCATE|[91]|Bytes:8
03:22:10.0 (53634354)|HEAP_ALLOCATE|[91]|Bytes:23
03:22:10.0 (53642776)|HEAP_ALLOCATE|[EXTERNAL]|Bytes:4
03:22:10.0 (53655565)|HEAP_ALLOCATE|[89]|Bytes:5
03:22:10.0 (53669298)|VARIABLE_SCOPE_BEGIN|[89]|field|Schema.SObjectField|true|false
03:22:10.0 (53733819)|VARIABLE_ASSIGNMENT|[89]|field|"common.apex.runtime.impl.ApexFieldToken@35e1c414"|0x35e1c414
03:22:10.0 (53741716)|STATEMENT_EXECUTE|[89]
03:22:10.0 (53831817)|HEAP_ALLOCATE|[90]|Bytes:8
03:22:10.0 (53845687)|STATEMENT_EXECUTE|[91]
03:22:10.0 (53862455)|HEAP_ALLOCATE|[91]|Bytes:8
03:22:10.0 (53871160)|HEAP_ALLOCATE|[91]|Bytes:20
03:22:10.0 (53879147)|HEAP_ALLOCATE|[EXTERNAL]|Bytes:4
03:22:10.0 (53892417)|HEAP_ALLOCATE|[89]|Bytes:5
03:22:10.0 (53905835)|VARIABLE_SCOPE_BEGIN|[89]|field|Schema.SObjectField|true|false
03:22:10.0 (53968867)|VARIABLE_ASSIGNMENT|[89]|field|"common.apex.runtime.impl.ApexFieldToken@27dcbba0"|0x27dcbba0
03:22:10.0 (53976457)|STATEMENT_EXECUTE|[89]
03:22:10.0 (54070910)|HEAP_ALLOCATE|[90]|Bytes:8
03:22:10.0 (54085354)|STATEMENT_EXECUTE|[91]
03:22:10.0 (54102154)|HEAP_ALLOCATE|[91]|Bytes:8
03:22:10.0 (54110508)|HEAP_ALLOCATE|[91]|Bytes:18
03:22:10.0 (54118700)|HEAP_ALLOCATE|[EXTERNAL]|Bytes:4
03:22:10.0 (54131119)|HEAP_ALLOCATE|[89]|Bytes:5
03:22:10.0 (54143782)|VARIABLE_SCOPE_BEGIN|[89]|field|Schema.SObjectField|true|false
03:22:10.0 (54206646)|VARIABLE_ASSIGNMENT|[89]|field|"common.apex.runtime.impl.ApexFieldToken@1c8cdd4c"|0x1c8cdd4c
03:22:10.0 (54214167)|STATEMENT_EXECUTE|[89]
03:22:10.0 (54299919)|HEAP_ALLOCATE|[90]|Bytes:8
03:22:10.0 (54312801)|STATEMENT_EXECUTE|[91]
03:22:10.0 (54331916)|HEAP_ALLOCATE|[91]|Bytes:8
03:22:10.0 (54340873)|HEAP_ALLOCATE|[91]|Bytes:21
03:22:10.0 (54349102)|HEAP_ALLOCATE|[EXTERNAL]|Bytes:4
03:22:10.0 (54361067)|HEAP_ALLOCATE|[89]|Bytes:5
03:22:10.0 (54373342)|VARIABLE_SCOPE_BEGIN|[89]|field|Schema.SObjectField|true|false
03:22:10.0 (54436487)|VARIABLE_ASSIGNMENT|[89]|field|"common.apex.runtime.impl.ApexFieldToken@191a97ad"|0x191a97ad
03:22:10.0 (54443996)|STATEMENT_EXECUTE|[89]
03:22:10.0 (54543840)|HEAP_ALLOCATE|[90]|Bytes:8
03:22:10.0 (54556751)|STATEMENT_EXECUTE|[91]
03:22:10.0 (54572666)|HEAP_ALLOCATE|[91]|Bytes:8
03:22:10.0 (54580822)|HEAP_ALLOCATE|[91]|Bytes:25
03:22:10.0 (54588625)|HEAP_ALLOCATE|[EXTERNAL]|Bytes:4
03:22:10.0 (54600256)|HEAP_ALLOCATE|[89]|Bytes:5
03:22:10.0 (54612882)|VARIABLE_SCOPE_BEGIN|[89]|field|Schema.SObjectField|true|false
03:22:10.0 (54675078)|VARIABLE_ASSIGNMENT|[89]|field|"common.apex.runtime.impl.ApexFieldToken@226031fe"|0x226031fe
03:22:10.0 (54683063)|STATEMENT_EXECUTE|[89]
03:22:10.0 (54772164)|HEAP_ALLOCATE|[90]|Bytes:8
03:22:10.0 (54785497)|STATEMENT_EXECUTE|[91]
03:22:10.0 (54802120)|HEAP_ALLOCATE|[91]|Bytes:8
03:22:10.0 (54810081)|HEAP_ALLOCATE|[91]|Bytes:11
03:22:10.0 (54817669)|HEAP_ALLOCATE|[EXTERNAL]|Bytes:4
03:22:10.0 (54829383)|HEAP_ALLOCATE|[89]|Bytes:5
03:22:10.0 (54841284)|VARIABLE_ASSIGNMENT|[89]|field|null|
03:22:10.0 (54846548)|STATEMENT_EXECUTE|[93]
03:22:10.0 (54852873)|VARIABLE_SCOPE_BEGIN|[93]|allfields|String|false|false
03:22:10.0 (54863424)|VARIABLE_ASSIGNMENT|[93]|allfields|""
03:22:10.0 (54912753)|HEAP_ALLOCATE|[94]|Bytes:5
03:22:10.0 (54921869)|HEAP_ALLOCATE|[94]|Bytes:2
03:22:10.0 (54928575)|VARIABLE_SCOPE_BEGIN|[94]|fieldname|String|false|false
03:22:10.0 (54937282)|VARIABLE_ASSIGNMENT|[94]|fieldname|"Id"
03:22:10.0 (54941230)|STATEMENT_EXECUTE|[95]
03:22:10.0 (54943574)|HEAP_ALLOCATE|[95]|Bytes:1
03:22:10.0 (54960189)|HEAP_ALLOCATE|[95]|Bytes:3
03:22:10.0 (54964994)|HEAP_ALLOCATE|[95]|Bytes:3
03:22:10.0 (54970401)|VARIABLE_ASSIGNMENT|[95]|allfields|"Id,"
03:22:10.0 (54979315)|HEAP_ALLOCATE|[94]|Bytes:5
03:22:10.0 (54985808)|HEAP_ALLOCATE|[94]|Bytes:5
03:22:10.0 (54990581)|VARIABLE_SCOPE_BEGIN|[94]|fieldname|String|false|false
03:22:10.0 (54997771)|VARIABLE_ASSIGNMENT|[94]|fieldname|"WhoId"
03:22:10.0 (55001106)|STATEMENT_EXECUTE|[95]
03:22:10.0 (55005192)|HEAP_ALLOCATE|[95]|Bytes:6
03:22:10.0 (55009093)|HEAP_ALLOCATE|[95]|Bytes:9
03:22:10.0 (55013842)|VARIABLE_ASSIGNMENT|[95]|allfields|"Id,WhoId,"
03:22:10.0 (55026487)|HEAP_ALLOCATE|[94]|Bytes:5
03:22:10.0 (55033719)|HEAP_ALLOCATE|[94]|Bytes:6
03:22:10.0 (55037862)|VARIABLE_SCOPE_BEGIN|[94]|fieldname|String|false|false
03:22:10.0 (55045111)|VARIABLE_ASSIGNMENT|[94]|fieldname|"WhatId"
03:22:10.0 (55048500)|STATEMENT_EXECUTE|[95]
03:22:10.0 (55051459)|HEAP_ALLOCATE|[95]|Bytes:7
03:22:10.0 (55055530)|HEAP_ALLOCATE|[95]|Bytes:16
03:22:10.0 (55060255)|VARIABLE_ASSIGNMENT|[95]|allfields|"Id,WhoId,WhatId,"
03:22:10.0 (55067913)|HEAP_ALLOCATE|[94]|Bytes:5
03:22:10.0 (55073745)|HEAP_ALLOCATE|[94]|Bytes:7
03:22:10.0 (55077476)|VARIABLE_SCOPE_BEGIN|[94]|fieldname|String|false|false
03:22:10.0 (55084436)|VARIABLE_ASSIGNMENT|[94]|fieldname|"Subject"
03:22:10.0 (55088069)|STATEMENT_EXECUTE|[95]
03:22:10.0 (55090726)|HEAP_ALLOCATE|[95]|Bytes:8
03:22:10.0 (55094471)|HEAP_ALLOCATE|[95]|Bytes:24
03:22:10.0 (55100841)|VARIABLE_ASSIGNMENT|[95]|allfields|"Id,WhoId,WhatId,Subj (4 more) ..."
03:22:10.0 (55108349)|HEAP_ALLOCATE|[94]|Bytes:5
03:22:10.0 (55114130)|HEAP_ALLOCATE|[94]|Bytes:12
03:22:10.0 (55117873)|VARIABLE_SCOPE_BEGIN|[94]|fieldname|String|false|false
03:22:10.0 (55125091)|VARIABLE_ASSIGNMENT|[94]|fieldname|"ActivityDate"
03:22:10.0 (55128531)|STATEMENT_EXECUTE|[95]
03:22:10.0 (55131123)|HEAP_ALLOCATE|[95]|Bytes:13
03:22:10.0 (55134883)|HEAP_ALLOCATE|[95]|Bytes:37
03:22:10.0 (55140379)|VARIABLE_ASSIGNMENT|[95]|allfields|"Id,WhoId,WhatId,Subj (17 more) ..."
03:22:10.0 (55147431)|HEAP_ALLOCATE|[94]|Bytes:5
03:22:10.0 (55152960)|HEAP_ALLOCATE|[94]|Bytes:6
03:22:10.0 (55156543)|VARIABLE_SCOPE_BEGIN|[94]|fieldname|String|false|false
03:22:10.0 (55163460)|VARIABLE_ASSIGNMENT|[94]|fieldname|"Status"
03:22:10.0 (55166628)|STATEMENT_EXECUTE|[95]
03:22:10.0 (55169797)|HEAP_ALLOCATE|[95]|Bytes:7
03:22:10.0 (55173633)|HEAP_ALLOCATE|[95]|Bytes:44
03:22:10.0 (55178663)|VARIABLE_ASSIGNMENT|[95]|allfields|"Id,WhoId,WhatId,Subj (24 more) ..."
03:22:10.0 (55185446)|HEAP_ALLOCATE|[94]|Bytes:5
03:22:10.0 (55191286)|HEAP_ALLOCATE|[94]|Bytes:8
03:22:10.0 (55194966)|VARIABLE_SCOPE_BEGIN|[94]|fieldname|String|false|false
03:22:10.0 (55201829)|VARIABLE_ASSIGNMENT|[94]|fieldname|"Priority"
03:22:10.0 (55205471)|STATEMENT_EXECUTE|[95]
03:22:10.0 (55207994)|HEAP_ALLOCATE|[95]|Bytes:9
03:22:10.0 (55211730)|HEAP_ALLOCATE|[95]|Bytes:53
03:22:10.0 (55217135)|VARIABLE_ASSIGNMENT|[95]|allfields|"Id,WhoId,WhatId,Subj (33 more) ..."
03:22:10.0 (55227645)|HEAP_ALLOCATE|[94]|Bytes:5
03:22:10.0 (55233504)|HEAP_ALLOCATE|[94]|Bytes:14
03:22:10.0 (55237480)|VARIABLE_SCOPE_BEGIN|[94]|fieldname|String|false|false
03:22:10.0 (55244914)|VARIABLE_ASSIGNMENT|[94]|fieldname|"IsHighPriority"
03:22:10.0 (55248287)|STATEMENT_EXECUTE|[95]
03:22:10.0 (55250893)|HEAP_ALLOCATE|[95]|Bytes:15
03:22:10.0 (55255026)|HEAP_ALLOCATE|[95]|Bytes:68
03:22:10.0 (55260278)|VARIABLE_ASSIGNMENT|[95]|allfields|"Id,WhoId,WhatId,Subj (48 more) ..."
03:22:10.0 (55267042)|HEAP_ALLOCATE|[94]|Bytes:5
03:22:10.0 (55272726)|HEAP_ALLOCATE|[94]|Bytes:7
03:22:10.0 (55276346)|VARIABLE_SCOPE_BEGIN|[94]|fieldname|String|false|false
03:22:10.0 (55283300)|VARIABLE_ASSIGNMENT|[94]|fieldname|"OwnerId"
03:22:10.0 (55286695)|STATEMENT_EXECUTE|[95]
03:22:10.0 (55289218)|HEAP_ALLOCATE|[95]|Bytes:8
03:22:10.0 (55292917)|HEAP_ALLOCATE|[95]|Bytes:76
03:22:10.0 (55297798)|VARIABLE_ASSIGNMENT|[95]|allfields|"Id,WhoId,WhatId,Subj (56 more) ..."
03:22:10.0 (55304424)|HEAP_ALLOCATE|[94]|Bytes:5
03:22:10.0 (55310122)|HEAP_ALLOCATE|[94]|Bytes:11
03:22:10.0 (55313828)|VARIABLE_SCOPE_BEGIN|[94]|fieldname|String|false|false
03:22:10.0 (55320915)|VARIABLE_ASSIGNMENT|[94]|fieldname|"Description"
03:22:10.0 (55324454)|STATEMENT_EXECUTE|[95]
03:22:10.0 (55326923)|HEAP_ALLOCATE|[95]|Bytes:12
03:22:10.0 (55330649)|HEAP_ALLOCATE|[95]|Bytes:88
03:22:10.0 (55335745)|VARIABLE_ASSIGNMENT|[95]|allfields|"Id,WhoId,WhatId,Subj (68 more) ..."
03:22:10.0 (55342528)|HEAP_ALLOCATE|[94]|Bytes:5
03:22:10.0 (55348261)|HEAP_ALLOCATE|[94]|Bytes:9
03:22:10.0 (55352179)|VARIABLE_SCOPE_BEGIN|[94]|fieldname|String|false|false
03:22:10.0 (55358831)|VARIABLE_ASSIGNMENT|[94]|fieldname|"IsDeleted"
03:22:10.0 (55362117)|STATEMENT_EXECUTE|[95]
03:22:10.0 (55364581)|HEAP_ALLOCATE|[95]|Bytes:10
03:22:10.0 (55368323)|HEAP_ALLOCATE|[95]|Bytes:98
03:22:10.0 (55372950)|VARIABLE_ASSIGNMENT|[95]|allfields|"Id,WhoId,WhatId,Subj (78 more) ..."
03:22:10.0 (55379770)|HEAP_ALLOCATE|[94]|Bytes:5
03:22:10.0 (55385445)|HEAP_ALLOCATE|[94]|Bytes:9
03:22:10.0 (55389383)|VARIABLE_SCOPE_BEGIN|[94]|fieldname|String|false|false
03:22:10.0 (55396103)|VARIABLE_ASSIGNMENT|[94]|fieldname|"AccountId"
03:22:10.0 (55399282)|STATEMENT_EXECUTE|[95]
03:22:10.0 (55401719)|HEAP_ALLOCATE|[95]|Bytes:10
03:22:10.0 (55405565)|HEAP_ALLOCATE|[95]|Bytes:108
03:22:10.0 (55410471)|VARIABLE_ASSIGNMENT|[95]|allfields|"Id,WhoId,WhatId,Subj (88 more) ..."
03:22:10.0 (55417600)|HEAP_ALLOCATE|[94]|Bytes:5
03:22:10.0 (55423220)|HEAP_ALLOCATE|[94]|Bytes:8
03:22:10.0 (55427057)|VARIABLE_SCOPE_BEGIN|[94]|fieldname|String|false|false
03:22:10.0 (55433766)|VARIABLE_ASSIGNMENT|[94]|fieldname|"IsClosed"
03:22:10.0 (55437262)|STATEMENT_EXECUTE|[95]
03:22:10.0 (55439674)|HEAP_ALLOCATE|[95]|Bytes:9
03:22:10.0 (55443666)|HEAP_ALLOCATE|[95]|Bytes:117
03:22:10.0 (55448693)|VARIABLE_ASSIGNMENT|[95]|allfields|"Id,WhoId,WhatId,Subj (97 more) ..."
03:22:10.0 (55455405)|HEAP_ALLOCATE|[94]|Bytes:5
03:22:10.0 (55461015)|HEAP_ALLOCATE|[94]|Bytes:11
03:22:10.0 (55464642)|VARIABLE_SCOPE_BEGIN|[94]|fieldname|String|false|false
03:22:10.0 (55471537)|VARIABLE_ASSIGNMENT|[94]|fieldname|"CreatedDate"
03:22:10.0 (55474984)|STATEMENT_EXECUTE|[95]
03:22:10.0 (55477412)|HEAP_ALLOCATE|[95]|Bytes:12
03:22:10.0 (55481294)|HEAP_ALLOCATE|[95]|Bytes:129
03:22:10.0 (55486399)|VARIABLE_ASSIGNMENT|[95]|allfields|"Id,WhoId,WhatId,Subj (109 more) ..."
03:22:10.0 (55493710)|HEAP_ALLOCATE|[94]|Bytes:5
03:22:10.0 (55499588)|HEAP_ALLOCATE|[94]|Bytes:11
03:22:10.0 (55503183)|VARIABLE_SCOPE_BEGIN|[94]|fieldname|String|false|false
03:22:10.0 (55509970)|VARIABLE_ASSIGNMENT|[94]|fieldname|"CreatedById"
03:22:10.0 (55513325)|STATEMENT_EXECUTE|[95]
03:22:10.0 (55515782)|HEAP_ALLOCATE|[95]|Bytes:12
03:22:10.0 (55519441)|HEAP_ALLOCATE|[95]|Bytes:141
03:22:10.0 (55524783)|VARIABLE_ASSIGNMENT|[95]|allfields|"Id,WhoId,WhatId,Subj (121 more) ..."
03:22:10.0 (55531631)|HEAP_ALLOCATE|[94]|Bytes:5
03:22:10.0 (55537499)|HEAP_ALLOCATE|[94]|Bytes:16
03:22:10.0 (55541170)|VARIABLE_SCOPE_BEGIN|[94]|fieldname|String|false|false
03:22:10.0 (55548249)|VARIABLE_ASSIGNMENT|[94]|fieldname|"LastModifiedDate"
03:22:10.0 (55551674)|STATEMENT_EXECUTE|[95]
03:22:10.0 (55554325)|HEAP_ALLOCATE|[95]|Bytes:17
03:22:10.0 (55558055)|HEAP_ALLOCATE|[95]|Bytes:158
03:22:10.0 (55563167)|VARIABLE_ASSIGNMENT|[95]|allfields|"Id,WhoId,WhatId,Subj (138 more) ..."
03:22:10.0 (55570133)|HEAP_ALLOCATE|[94]|Bytes:5
03:22:10.0 (55576844)|HEAP_ALLOCATE|[94]|Bytes:16
03:22:10.0 (55580646)|VARIABLE_SCOPE_BEGIN|[94]|fieldname|String|false|false
03:22:10.0 (55587471)|VARIABLE_ASSIGNMENT|[94]|fieldname|"LastModifiedById"
03:22:10.0 (55590873)|STATEMENT_EXECUTE|[95]
03:22:10.0 (55593303)|HEAP_ALLOCATE|[95]|Bytes:17
03:22:10.0 (55597152)|HEAP_ALLOCATE|[95]|Bytes:175
03:22:10.0 (55602027)|VARIABLE_ASSIGNMENT|[95]|allfields|"Id,WhoId,WhatId,Subj (155 more) ..."
03:22:10.0 (55608865)|HEAP_ALLOCATE|[94]|Bytes:5
03:22:10.0 (55614601)|HEAP_ALLOCATE|[94]|Bytes:14
03:22:10.0 (55618356)|VARIABLE_SCOPE_BEGIN|[94]|fieldname|String|false|false
03:22:10.0 (55625737)|VARIABLE_ASSIGNMENT|[94]|fieldname|"SystemModstamp"
03:22:10.0 (55629050)|STATEMENT_EXECUTE|[95]
03:22:10.0 (55631595)|HEAP_ALLOCATE|[95]|Bytes:15
03:22:10.0 (55635489)|HEAP_ALLOCATE|[95]|Bytes:190
03:22:10.0 (55640261)|VARIABLE_ASSIGNMENT|[95]|allfields|"Id,WhoId,WhatId,Subj (170 more) ..."
03:22:10.0 (55651618)|HEAP_ALLOCATE|[94]|Bytes:5
03:22:10.0 (55657900)|HEAP_ALLOCATE|[94]|Bytes:10
03:22:10.0 (55662081)|VARIABLE_SCOPE_BEGIN|[94]|fieldname|String|false|false
03:22:10.0 (55669458)|VARIABLE_ASSIGNMENT|[94]|fieldname|"IsArchived"
03:22:10.0 (55672967)|STATEMENT_EXECUTE|[95]
03:22:10.0 (55675612)|HEAP_ALLOCATE|[95]|Bytes:11
03:22:10.0 (55679366)|HEAP_ALLOCATE|[95]|Bytes:201
03:22:10.0 (55684213)|VARIABLE_ASSIGNMENT|[95]|allfields|"Id,WhoId,WhatId,Subj (181 more) ..."
03:22:10.0 (55691137)|HEAP_ALLOCATE|[94]|Bytes:5
03:22:10.0 (55696682)|HEAP_ALLOCATE|[94]|Bytes:21
03:22:10.0 (55700314)|VARIABLE_SCOPE_BEGIN|[94]|fieldname|String|false|false
03:22:10.0 (55707779)|VARIABLE_ASSIGNMENT|[94]|fieldname|"CallDurationInSecond (1 more) ..."
03:22:10.0 (55711144)|STATEMENT_EXECUTE|[95]
03:22:10.0 (55713630)|HEAP_ALLOCATE|[95]|Bytes:22
03:22:10.0 (55717409)|HEAP_ALLOCATE|[95]|Bytes:223
03:22:10.0 (55722265)|VARIABLE_ASSIGNMENT|[95]|allfields|"Id,WhoId,WhatId,Subj (203 more) ..."
03:22:10.0 (55729308)|HEAP_ALLOCATE|[94]|Bytes:5
03:22:10.0 (55734945)|HEAP_ALLOCATE|[94]|Bytes:8
03:22:10.0 (55738627)|VARIABLE_SCOPE_BEGIN|[94]|fieldname|String|false|false
03:22:10.0 (55745782)|VARIABLE_ASSIGNMENT|[94]|fieldname|"CallType"
03:22:10.0 (55749558)|STATEMENT_EXECUTE|[95]
03:22:10.0 (55752080)|HEAP_ALLOCATE|[95]|Bytes:9
03:22:10.0 (55755947)|HEAP_ALLOCATE|[95]|Bytes:232
03:22:10.0 (55761099)|VARIABLE_ASSIGNMENT|[95]|allfields|"Id,WhoId,WhatId,Subj (212 more) ..."
03:22:10.0 (55768065)|HEAP_ALLOCATE|[94]|Bytes:5
03:22:10.0 (55773751)|HEAP_ALLOCATE|[94]|Bytes:15
03:22:10.0 (55777521)|VARIABLE_SCOPE_BEGIN|[94]|fieldname|String|false|false
03:22:10.0 (55784682)|VARIABLE_ASSIGNMENT|[94]|fieldname|"CallDisposition"
03:22:10.0 (55788272)|STATEMENT_EXECUTE|[95]
03:22:10.0 (55790770)|HEAP_ALLOCATE|[95]|Bytes:16
03:22:10.0 (55794469)|HEAP_ALLOCATE|[95]|Bytes:248
03:22:10.0 (55799278)|VARIABLE_ASSIGNMENT|[95]|allfields|"Id,WhoId,WhatId,Subj (228 more) ..."
03:22:10.0 (55806136)|HEAP_ALLOCATE|[94]|Bytes:5
03:22:10.0 (55811728)|HEAP_ALLOCATE|[94]|Bytes:10
03:22:10.0 (55815299)|VARIABLE_SCOPE_BEGIN|[94]|fieldname|String|false|false
03:22:10.0 (55822582)|VARIABLE_ASSIGNMENT|[94]|fieldname|"CallObject"
03:22:10.0 (55825927)|STATEMENT_EXECUTE|[95]
03:22:10.0 (55828401)|HEAP_ALLOCATE|[95]|Bytes:11
03:22:10.0 (55832263)|HEAP_ALLOCATE|[95]|Bytes:259
03:22:10.0 (55836996)|VARIABLE_ASSIGNMENT|[95]|allfields|"Id,WhoId,WhatId,Subj (239 more) ..."
03:22:10.0 (55843731)|HEAP_ALLOCATE|[94]|Bytes:5
03:22:10.0 (55849185)|HEAP_ALLOCATE|[94]|Bytes:16
03:22:10.0 (55852866)|VARIABLE_SCOPE_BEGIN|[94]|fieldname|String|false|false
03:22:10.0 (55860124)|VARIABLE_ASSIGNMENT|[94]|fieldname|"ReminderDateTime"
03:22:10.0 (55863368)|STATEMENT_EXECUTE|[95]
03:22:10.0 (55865915)|HEAP_ALLOCATE|[95]|Bytes:17
03:22:10.0 (55869883)|HEAP_ALLOCATE|[95]|Bytes:276
03:22:10.0 (55874914)|VARIABLE_ASSIGNMENT|[95]|allfields|"Id,WhoId,WhatId,Subj (256 more) ..."
03:22:10.0 (55881837)|HEAP_ALLOCATE|[94]|Bytes:5
03:22:10.0 (55887275)|HEAP_ALLOCATE|[94]|Bytes:13
03:22:10.0 (55891018)|VARIABLE_SCOPE_BEGIN|[94]|fieldname|String|false|false
03:22:10.0 (55898098)|VARIABLE_ASSIGNMENT|[94]|fieldname|"IsReminderSet"
03:22:10.0 (55901855)|STATEMENT_EXECUTE|[95]
03:22:10.0 (55904439)|HEAP_ALLOCATE|[95]|Bytes:14
03:22:10.0 (55908202)|HEAP_ALLOCATE|[95]|Bytes:290
03:22:10.0 (55912938)|VARIABLE_ASSIGNMENT|[95]|allfields|"Id,WhoId,WhatId,Subj (270 more) ..."
03:22:10.0 (55919946)|HEAP_ALLOCATE|[94]|Bytes:5
03:22:10.0 (55925474)|HEAP_ALLOCATE|[94]|Bytes:20
03:22:10.0 (55929668)|VARIABLE_SCOPE_BEGIN|[94]|fieldname|String|false|false
03:22:10.0 (55936544)|VARIABLE_ASSIGNMENT|[94]|fieldname|"RecurrenceActivityId"
03:22:10.0 (55939843)|STATEMENT_EXECUTE|[95]
03:22:10.0 (55942384)|HEAP_ALLOCATE|[95]|Bytes:21
03:22:10.0 (55946162)|HEAP_ALLOCATE|[95]|Bytes:311
03:22:10.0 (55950995)|VARIABLE_ASSIGNMENT|[95]|allfields|"Id,WhoId,WhatId,Subj (291 more) ..."
03:22:10.0 (55957721)|HEAP_ALLOCATE|[94]|Bytes:5
03:22:10.0 (55963332)|HEAP_ALLOCATE|[94]|Bytes:12
03:22:10.0 (55967090)|VARIABLE_SCOPE_BEGIN|[94]|fieldname|String|false|false
03:22:10.0 (55973867)|VARIABLE_ASSIGNMENT|[94]|fieldname|"IsRecurrence"
03:22:10.0 (55977523)|STATEMENT_EXECUTE|[95]
03:22:10.0 (55980001)|HEAP_ALLOCATE|[95]|Bytes:13
03:22:10.0 (55984146)|HEAP_ALLOCATE|[95]|Bytes:324
03:22:10.0 (55989320)|VARIABLE_ASSIGNMENT|[95]|allfields|"Id,WhoId,WhatId,Subj (304 more) ..."
03:22:10.0 (55996122)|HEAP_ALLOCATE|[94]|Bytes:5
03:22:10.0 (56001793)|HEAP_ALLOCATE|[94]|Bytes:23
03:22:10.0 (56006219)|VARIABLE_SCOPE_BEGIN|[94]|fieldname|String|false|false
03:22:10.0 (56013784)|VARIABLE_ASSIGNMENT|[94]|fieldname|"RecurrenceStartDateO (3 more) ..."
03:22:10.0 (56017197)|STATEMENT_EXECUTE|[95]
03:22:10.0 (56019883)|HEAP_ALLOCATE|[95]|Bytes:24
03:22:10.0 (56026935)|HEAP_ALLOCATE|[95]|Bytes:348
03:22:10.0 (56032012)|VARIABLE_ASSIGNMENT|[95]|allfields|"Id,WhoId,WhatId,Subj (328 more) ..."
03:22:10.0 (56039372)|HEAP_ALLOCATE|[94]|Bytes:5
03:22:10.0 (56045407)|HEAP_ALLOCATE|[94]|Bytes:21
03:22:10.0 (56049294)|VARIABLE_SCOPE_BEGIN|[94]|fieldname|String|false|false
03:22:10.0 (56056779)|VARIABLE_ASSIGNMENT|[94]|fieldname|"RecurrenceEndDateOnl (1 more) ..."
03:22:10.0 (56060423)|STATEMENT_EXECUTE|[95]
03:22:10.0 (56062891)|HEAP_ALLOCATE|[95]|Bytes:22
03:22:10.0 (56066722)|HEAP_ALLOCATE|[95]|Bytes:370
03:22:10.0 (56074024)|VARIABLE_ASSIGNMENT|[95]|allfields|"Id,WhoId,WhatId,Subj (350 more) ..."
03:22:10.0 (56081441)|HEAP_ALLOCATE|[94]|Bytes:5
03:22:10.0 (56087313)|HEAP_ALLOCATE|[94]|Bytes:24
03:22:10.0 (56091356)|VARIABLE_SCOPE_BEGIN|[94]|fieldname|String|false|false
03:22:10.0 (56099069)|VARIABLE_ASSIGNMENT|[94]|fieldname|"RecurrenceTimeZoneSi (4 more) ..."
03:22:10.0 (56102477)|STATEMENT_EXECUTE|[95]
03:22:10.0 (56105058)|HEAP_ALLOCATE|[95]|Bytes:25
03:22:10.0 (56109184)|HEAP_ALLOCATE|[95]|Bytes:395
03:22:10.0 (56114040)|VARIABLE_ASSIGNMENT|[95]|allfields|"Id,WhoId,WhatId,Subj (375 more) ..."
03:22:10.0 (56120699)|HEAP_ALLOCATE|[94]|Bytes:5
03:22:10.0 (56126418)|HEAP_ALLOCATE|[94]|Bytes:14
03:22:10.0 (56130170)|VARIABLE_SCOPE_BEGIN|[94]|fieldname|String|false|false
03:22:10.0 (56137151)|VARIABLE_ASSIGNMENT|[94]|fieldname|"RecurrenceType"
03:22:10.0 (56140634)|STATEMENT_EXECUTE|[95]
03:22:10.0 (56143479)|HEAP_ALLOCATE|[95]|Bytes:15
03:22:10.0 (56147314)|HEAP_ALLOCATE|[95]|Bytes:410
03:22:10.0 (56152153)|VARIABLE_ASSIGNMENT|[95]|allfields|"Id,WhoId,WhatId,Subj (390 more) ..."
03:22:10.0 (56158937)|HEAP_ALLOCATE|[94]|Bytes:5
03:22:10.0 (56164483)|HEAP_ALLOCATE|[94]|Bytes:18
03:22:10.0 (56168518)|VARIABLE_SCOPE_BEGIN|[94]|fieldname|String|false|false
03:22:10.0 (56175529)|VARIABLE_ASSIGNMENT|[94]|fieldname|"RecurrenceInterval"
03:22:10.0 (56179076)|STATEMENT_EXECUTE|[95]
03:22:10.0 (56181587)|HEAP_ALLOCATE|[95]|Bytes:19
03:22:10.0 (56185340)|HEAP_ALLOCATE|[95]|Bytes:429
03:22:10.0 (56190063)|VARIABLE_ASSIGNMENT|[95]|allfields|"Id,WhoId,WhatId,Subj (409 more) ..."
03:22:10.0 (56197144)|HEAP_ALLOCATE|[94]|Bytes:5
03:22:10.0 (56202683)|HEAP_ALLOCATE|[94]|Bytes:23
03:22:10.0 (56206510)|VARIABLE_SCOPE_BEGIN|[94]|fieldname|String|false|false
03:22:10.0 (56213937)|VARIABLE_ASSIGNMENT|[94]|fieldname|"RecurrenceDayOfWeekM (3 more) ..."
03:22:10.0 (56217384)|STATEMENT_EXECUTE|[95]
03:22:10.0 (56220207)|HEAP_ALLOCATE|[95]|Bytes:24
03:22:10.0 (56224015)|HEAP_ALLOCATE|[95]|Bytes:453
03:22:10.0 (56228653)|VARIABLE_ASSIGNMENT|[95]|allfields|"Id,WhoId,WhatId,Subj (433 more) ..."
03:22:10.0 (56235441)|HEAP_ALLOCATE|[94]|Bytes:5
03:22:10.0 (56240904)|HEAP_ALLOCATE|[94]|Bytes:20
03:22:10.0 (56244742)|VARIABLE_SCOPE_BEGIN|[94]|fieldname|String|false|false
03:22:10.0 (56251601)|VARIABLE_ASSIGNMENT|[94]|fieldname|"RecurrenceDayOfMonth"
03:22:10.0 (56255039)|STATEMENT_EXECUTE|[95]
03:22:10.0 (56257502)|HEAP_ALLOCATE|[95]|Bytes:21
03:22:10.0 (56261232)|HEAP_ALLOCATE|[95]|Bytes:474
03:22:10.0 (56266051)|VARIABLE_ASSIGNMENT|[95]|allfields|"Id,WhoId,WhatId,Subj (454 more) ..."
03:22:10.0 (56272934)|HEAP_ALLOCATE|[94]|Bytes:5
03:22:10.0 (56278540)|HEAP_ALLOCATE|[94]|Bytes:18
03:22:10.0 (56282256)|VARIABLE_SCOPE_BEGIN|[94]|fieldname|String|false|false
03:22:10.0 (56289459)|VARIABLE_ASSIGNMENT|[94]|fieldname|"RecurrenceInstance"
03:22:10.0 (56292884)|STATEMENT_EXECUTE|[95]
03:22:10.0 (56295391)|HEAP_ALLOCATE|[95]|Bytes:19
03:22:10.0 (56299301)|HEAP_ALLOCATE|[95]|Bytes:493
03:22:10.0 (56304049)|VARIABLE_ASSIGNMENT|[95]|allfields|"Id,WhoId,WhatId,Subj (473 more) ..."
03:22:10.0 (56310702)|HEAP_ALLOCATE|[94]|Bytes:5
03:22:10.0 (56316179)|HEAP_ALLOCATE|[94]|Bytes:21
03:22:10.0 (56320357)|VARIABLE_SCOPE_BEGIN|[94]|fieldname|String|false|false
03:22:10.0 (56327874)|VARIABLE_ASSIGNMENT|[94]|fieldname|"RecurrenceMonthOfYea (1 more) ..."
03:22:10.0 (56331267)|STATEMENT_EXECUTE|[95]
03:22:10.0 (56333763)|HEAP_ALLOCATE|[95]|Bytes:22
03:22:10.0 (56337705)|HEAP_ALLOCATE|[95]|Bytes:515
03:22:10.0 (56342484)|VARIABLE_ASSIGNMENT|[95]|allfields|"Id,WhoId,WhatId,Subj (495 more) ..."
03:22:10.0 (56349312)|HEAP_ALLOCATE|[94]|Bytes:5
03:22:10.0 (56354955)|HEAP_ALLOCATE|[94]|Bytes:25
03:22:10.0 (56358992)|VARIABLE_SCOPE_BEGIN|[94]|fieldname|String|false|false
03:22:10.0 (56366115)|VARIABLE_ASSIGNMENT|[94]|fieldname|"RecurrenceRegenerate (5 more) ..."
03:22:10.0 (56369431)|STATEMENT_EXECUTE|[95]
03:22:10.0 (56371946)|HEAP_ALLOCATE|[95]|Bytes:26
03:22:10.0 (56376169)|HEAP_ALLOCATE|[95]|Bytes:541
03:22:10.0 (56380971)|VARIABLE_ASSIGNMENT|[95]|allfields|"Id,WhoId,WhatId,Subj (521 more) ..."
03:22:10.0 (56388123)|HEAP_ALLOCATE|[94]|Bytes:5
03:22:10.0 (56393672)|HEAP_ALLOCATE|[94]|Bytes:11
03:22:10.0 (56397464)|VARIABLE_SCOPE_BEGIN|[94]|fieldname|String|false|false
03:22:10.0 (56404776)|VARIABLE_ASSIGNMENT|[94]|fieldname|"TaskSubtype"
03:22:10.0 (56408045)|STATEMENT_EXECUTE|[95]
03:22:10.0 (56410530)|HEAP_ALLOCATE|[95]|Bytes:12
03:22:10.0 (56414442)|HEAP_ALLOCATE|[95]|Bytes:553
03:22:10.0 (56419374)|VARIABLE_ASSIGNMENT|[95]|allfields|"Id,WhoId,WhatId,Subj (533 more) ..."
03:22:10.0 (56426281)|HEAP_ALLOCATE|[94]|Bytes:5
03:22:10.0 (56433075)|VARIABLE_ASSIGNMENT|[94]|fieldname|null
03:22:10.0 (56437322)|STATEMENT_EXECUTE|[97]
03:22:10.0 (56502287)|HEAP_ALLOCATE|[97]|Bytes:552
03:22:10.0 (56515248)|VARIABLE_ASSIGNMENT|[97]|allfields|"Id,WhoId,WhatId,Subj (532 more) ..."
03:22:10.0 (56519348)|STATEMENT_EXECUTE|[99]
03:22:10.0 (56531316)|METHOD_EXIT|[19]|01p7F00000HhQR4|PM_Job_New_Controller.getAllFields(String)
03:22:10.0 (56538326)|HEAP_ALLOCATE|[19]|Bytes:10
03:22:10.0 (56547624)|HEAP_ALLOCATE|[19]|Bytes:569
03:22:10.0 (57119037)|SOQL_EXECUTE_BEGIN|[19]|Aggregations:0|select Id,WhoId,WhatId,Subject,ActivityDate,Status,Priority,IsHighPriority,OwnerId,Description,IsDeleted,AccountId,IsClosed,CreatedDate,CreatedById,LastModifiedDate,LastModifiedById,SystemModstamp,IsArchived,CallDurationInSeconds,CallType,CallDisposition,CallObject,ReminderDateTime,IsReminderSet,RecurrenceActivityId,IsRecurrence,RecurrenceStartDateOnly,RecurrenceEndDateOnly,RecurrenceTimeZoneSidKey,RecurrenceType,RecurrenceInterval,RecurrenceDayOfWeekMask,RecurrenceDayOfMonth,RecurrenceInstance,RecurrenceMonthOfYear,RecurrenceRegeneratedType,TaskSubtype from Task
03:22:10.0 (64475304)|SOQL_EXECUTE_END|[19]|Rows:4
03:22:10.0 (64500979)|HEAP_ALLOCATE|[19]|Bytes:20
03:22:10.0 (64530169)|HEAP_ALLOCATE|[19]|Bytes:1808
03:22:10.0 (64605971)|HEAP_ALLOCATE|[19]|Bytes:20
03:22:10.0 (64628822)|VARIABLE_SCOPE_BEGIN|[19]|task|List<Task>|true|false
03:22:10.0 (64765378)|VARIABLE_ASSIGNMENT|[19]|task|[{"Id":"00T7F000009TyUbUAK","WhoId":"00Q7F0000030w5tUAA","Subject":"Other","Status":"Completed","Priority":"Normal","IsHighPriority":false,"OwnerId":"0057F000000T34oQAC","IsDeleted":false,"IsClosed":true,"CreatedDate":"2017-10-10T16:56:11.000Z","CreatedById":"0057F000000T34oQAC","LastModifiedDate":"2017-10-25T03:00:11.000Z","LastModifiedById":"0057F000000T34oQAC","SystemModstamp":"2017-10-25T03:00:11.000Z","IsArchived":false,"IsReminderSet":false,"IsRecurrence":false,"TaskSubtype":"Task"},{"Id":"00T7F000009TyexUAC","WhoId":"0037F00000BmYSmQAN","WhatId":"0067F0000051AquQAE","Subject":"Call","ActivityDate":"2017-10-11T00:00:00.000Z","Status":"Completed","Priority":"Normal","IsHighPriority":false,"OwnerId":"0057F000000T34oQAC","IsDeleted":false,"AccountId":"0017F00000HVkX6QAL","IsClosed":true,"CreatedDate":"2017-10-10T18:44:53.000Z","CreatedById":"0057F000000T34oQAC","LastModifiedDate":"2017-10-25T03:00:39.000Z","LastModifiedById":"0057F000000T34oQAC","SystemModstamp":"2017-10-25T03:00:39.000Z","IsArchived":false,"ReminderDateTime":"2017-10-10T15:00:00.000Z","IsReminderSet":false,"IsRecurrence":false,"TaskSubtype":"Task"},{"Id":"00T7F00000DvfQzUAJ","WhoId":"0037F00000INcziQAD","WhatId":"0067F000006ogtuQAA","Subject":"test","ActivityDate":"2017-11-29T00:00:00.000Z","Status":"In Progress","Priority":"Normal","IsHighPriority":false,"OwnerId":"0057F000000T34oQAC","IsDeleted":false,"AccountId":"0017F00000HVkX6QAL","IsClosed":false,"CreatedDate":"2017-11-29T14:43:25.000Z","CreatedById":"0057F000000T34oQAC","LastModifiedDate":"2017-12-11T13:25:59.000Z","LastModifiedById":"0057F000000T34oQAC","SystemModstamp":"2017-12-11T13:25:59.000Z","IsArchived":false,"ReminderDateTime":"2017-11-29T16:00:00.000Z","IsReminderSet":false,"IsRecurrence":false,"TaskSubtype":"Task"},{"Id":"00T7F00000MIsEyUAL","Subject":"Hello World","Status":"Open","Priority":"Normal","IsHighPriority":false,"OwnerId":"0057F000000Tiz6QAC","IsDeleted":false,"IsClosed":false,"CreatedDate":"2018-01-29T10:50:31.000Z","CreatedById":"0057F000000Tiz6QAC","LastModifiedDate":"2018-01-29T10:50:31.000Z","LastModifiedById":"0057F000000Tiz6QAC","SystemModstamp":"2018-01-29T10:50:31.000Z","IsArchived":false,"IsReminderSet":false,"IsRecurrence":false,"TaskSubtype":"Task"}]|0x6e519e54
03:22:10.0 (64806340)|STATEMENT_EXECUTE|[20]
03:22:10.0 (64811353)|HEAP_ALLOCATE|[20]|Bytes:36
03:22:10.0 (65084872)|HEAP_ALLOCATE|[20]|Bytes:1999
03:22:10.0 (65113151)|HEAP_ALLOCATE|[20]|Bytes:2035
03:22:10.0 (65136819)|USER_DEBUG|[20]|DEBUG|------------------------------------(Task:{Id=00T7F000009TyUbUAK, WhoId=00Q7F0000030w5tUAA, Subject=Other, Status=Completed, Priority=Normal, IsHighPriority=false, OwnerId=0057F000000T34oQAC, IsDeleted=false, IsClosed=true, CreatedDate=2017-10-10 16:56:11, CreatedById=0057F000000T34oQAC, LastModifiedDate=2017-10-25 03:00:11, LastModifiedById=0057F000000T34oQAC, SystemModstamp=2017-10-25 03:00:11, IsArchived=false, IsReminderSet=false, IsRecurrence=false, TaskSubtype=Task}, Task:{Id=00T7F000009TyexUAC, WhoId=0037F00000BmYSmQAN, WhatId=0067F0000051AquQAE, Subject=Call, ActivityDate=2017-10-11 00:00:00, Status=Completed, Priority=Normal, IsHighPriority=false, OwnerId=0057F000000T34oQAC, IsDeleted=false, AccountId=0017F00000HVkX6QAL, IsClosed=true, CreatedDate=2017-10-10 18:44:53, CreatedById=0057F000000T34oQAC, LastModifiedDate=2017-10-25 03:00:39, LastModifiedById=0057F000000T34oQAC, SystemModstamp=2017-10-25 03:00:39, IsArchived=false, ReminderDateTime=2017-10-10 15:00:00, IsReminderSet=false, IsRecurrence=false, TaskSubtype=Task}, Task:{Id=00T7F00000DvfQzUAJ, WhoId=0037F00000INcziQAD, WhatId=0067F000006ogtuQAA, Subject=test, ActivityDate=2017-11-29 00:00:00, Status=In Progress, Priority=Normal, IsHighPriority=false, OwnerId=0057F000000T34oQAC, IsDeleted=false, AccountId=0017F00000HVkX6QAL, IsClosed=false, CreatedDate=2017-11-29 14:43:25, CreatedById=0057F000000T34oQAC, LastModifiedDate=2017-12-11 13:25:59, LastModifiedById=0057F000000T34oQAC, SystemModstamp=2017-12-11 13:25:59, IsArchived=false, ReminderDateTime=2017-11-29 16:00:00, IsReminderSet=false, IsRecurrence=false, TaskSubtype=Task}, Task:{Id=00T7F00000MIsEyUAL, Subject=Hello World, Status=Open, Priority=Normal, IsHighPriority=false, OwnerId=0057F000000Tiz6QAC, IsDeleted=false, IsClosed=false, CreatedDate=2018-01-29 10:50:31, CreatedById=0057F000000Tiz6QAC, LastModifiedDate=2018-01-29 10:50:31, LastModifiedById=0057F000000Tiz6QAC, SystemModstamp=2018-01-29 10:50:31, IsArchived=false, IsReminderSet=false, IsRecurrence=false, TaskSubtype=Task})
03:22:10.0 (65169475)|STATEMENT_EXECUTE|[21]
03:22:10.0 (65217758)|HEAP_ALLOCATE|[21]|Bytes:85
03:22:10.0 (65230073)|SYSTEM_METHOD_ENTRY|[1]|UserInfo.UserInfo()
03:22:10.0 (65233799)|STATEMENT_EXECUTE|[1]
03:22:10.0 (65241183)|SYSTEM_METHOD_EXIT|[1]|UserInfo
03:22:10.0 (65251485)|METHOD_ENTRY|[21]||System.UserInfo.getUserId()
03:22:10.0 (65284623)|METHOD_EXIT|[21]||System.UserInfo.getUserId()
03:22:10.0 (65290660)|HEAP_ALLOCATE|[21]|Bytes:5
03:22:10.0 (65302802)|METHOD_ENTRY|[21]||System.UserInfo.getUserName()
03:22:10.0 (65323224)|METHOD_EXIT|[21]||System.UserInfo.getUserName()
03:22:10.0 (65334171)|HEAP_ALLOCATE|[21]|Bytes:80
03:22:10.0 (65344042)|USER_DEBUG|[21]|DEBUG|------------------------------------0057F000000Tiz6QAC-----ksb994@salesforce.com
03:22:10.0 (65354736)|SYSTEM_MODE_EXIT|false
03:22:10.0 (65791112)|SYSTEM_MODE_ENTER|true
03:22:10.85 (85318415)|SYSTEM_MODE_ENTER|true
03:22:10.85 (85397921)|HEAP_ALLOCATE|[EXTERNAL]|Bytes:8
03:22:10.85 (85412084)|VARIABLE_SCOPE_BEGIN|[88]|this|ApexPage.PageMessagesComponentController|true|false
03:22:10.85 (85451141)|VARIABLE_ASSIGNMENT|[88]|this|{}|0x1cf72385
03:22:10.85 (85457724)|VARIABLE_SCOPE_BEGIN|[88]|escape|Boolean|false|false
03:22:10.85 (85464835)|VARIABLE_ASSIGNMENT|[88]|escape|null
03:22:10.85 (85615082)|SYSTEM_MODE_ENTER|true
03:22:10.85 (85647215)|HEAP_ALLOCATE|[EXTERNAL]|Bytes:8
03:22:10.85 (85653797)|VARIABLE_SCOPE_BEGIN|[2]|this|ApexPage.PageMessagesComponentController|true|false
03:22:10.85 (85673260)|VARIABLE_ASSIGNMENT|[2]|this|{}|0x1cf72385
03:22:10.0 (86294297)|SYSTEM_MODE_ENTER|true
03:22:10.0 (86330595)|HEAP_ALLOCATE|[EXTERNAL]|Bytes:40
03:22:10.0 (86341513)|VARIABLE_SCOPE_BEGIN|[24]|this|PM_Job_New_Controller|true|false
03:22:10.0 (86387221)|VARIABLE_ASSIGNMENT|[24]|this|{"job":"0x4fa72a29","projectList":"0x24d33366"}|0xaab1825
03:22:10.0 (86406423)|SYSTEM_MODE_ENTER|false
03:22:10.0 (86413442)|HEAP_ALLOCATE|[25]|Bytes:5
03:22:10.0 (86419663)|STATEMENT_EXECUTE|[24]
03:22:10.0 (86421178)|STATEMENT_EXECUTE|[25]
03:22:10.0 (86434235)|HEAP_ALLOCATE|[25]|Bytes:4
03:22:10.0 (86466137)|VARIABLE_SCOPE_BEGIN|[25]|cpcso|List<System.SelectOption>|true|false
03:22:10.0 (86488529)|HEAP_ALLOCATE|[EXTERNAL]|Bytes:4
03:22:10.0 (86499074)|VARIABLE_ASSIGNMENT|[25]|cpcso|[]|0x6ed4a9ea
03:22:10.0 (86546096)|VARIABLE_ASSIGNMENT|[EXTERNAL]|this|{"job":"0x4fa72a29","projectList":"0x24d33366"}|0xaab1825
03:22:10.0 (86693278)|HEAP_ALLOCATE|[26]|Bytes:5
03:22:10.0 (86712408)|HEAP_ALLOCATE|[26]|Bytes:12
03:22:10.0 (86723071)|VARIABLE_SCOPE_BEGIN|[26]|pro|Project__c|true|false
03:22:10.0 (86741048)|VARIABLE_ASSIGNMENT|[26]|pro|{"Company_project_code (3 more) ...":"101-TRN-COM-042","Id":"a057F0000039u2LQAQ"}|0x3f1d8f78
03:22:10.0 (86747698)|STATEMENT_EXECUTE|[26]
03:22:10.0 (86748873)|STATEMENT_EXECUTE|[27]
03:22:10.0 (86790431)|HEAP_ALLOCATE|[27]|Bytes:18
03:22:10.0 (86883977)|HEAP_ALLOCATE|[EXTERNAL]|Bytes:4
03:22:10.0 (86902979)|HEAP_ALLOCATE|[26]|Bytes:5
03:22:10.0 (86914044)|HEAP_ALLOCATE|[26]|Bytes:12
03:22:10.0 (86920450)|VARIABLE_SCOPE_BEGIN|[26]|pro|Project__c|true|false
03:22:10.0 (86935677)|VARIABLE_ASSIGNMENT|[26]|pro|{"Company_project_code (3 more) ...":"101-TRN-COM-036","Id":"a057F0000039u2MQAQ"}|0xef6c57a
03:22:10.0 (86941581)|STATEMENT_EXECUTE|[26]
03:22:10.0 (86942672)|STATEMENT_EXECUTE|[27]
03:22:10.0 (86953044)|HEAP_ALLOCATE|[27]|Bytes:18
03:22:10.0 (86967208)|HEAP_ALLOCATE|[EXTERNAL]|Bytes:4
03:22:10.0 (86977415)|HEAP_ALLOCATE|[26]|Bytes:5
03:22:10.0 (86985874)|HEAP_ALLOCATE|[26]|Bytes:12
03:22:10.0 (86990751)|VARIABLE_SCOPE_BEGIN|[26]|pro|Project__c|true|false
03:22:10.0 (87002803)|VARIABLE_ASSIGNMENT|[26]|pro|{"Company_project_code (3 more) ...":"101-TRN-COM-034","Id":"a057F0000039u2NQAQ"}|0x22ee0ee8
03:22:10.0 (87008583)|STATEMENT_EXECUTE|[26]
03:22:10.0 (87009796)|STATEMENT_EXECUTE|[27]
03:22:10.0 (87016312)|HEAP_ALLOCATE|[27]|Bytes:18
03:22:10.0 (87026561)|HEAP_ALLOCATE|[EXTERNAL]|Bytes:4
03:22:10.0 (87035806)|HEAP_ALLOCATE|[26]|Bytes:5
03:22:10.0 (87046420)|HEAP_ALLOCATE|[26]|Bytes:12
03:22:10.0 (87051310)|VARIABLE_SCOPE_BEGIN|[26]|pro|Project__c|true|false
03:22:10.0 (87062791)|VARIABLE_ASSIGNMENT|[26]|pro|{"Company_project_code (3 more) ...":"101-TRN-COM-051","Id":"a057F0000039u2OQAQ"}|0xdc6b3aa
03:22:10.0 (87067321)|STATEMENT_EXECUTE|[26]
03:22:10.0 (87068407)|STATEMENT_EXECUTE|[27]
03:22:10.0 (87074235)|HEAP_ALLOCATE|[27]|Bytes:18
03:22:10.0 (87084564)|HEAP_ALLOCATE|[EXTERNAL]|Bytes:4
03:22:10.0 (87093623)|HEAP_ALLOCATE|[26]|Bytes:5
03:22:10.0 (87105306)|HEAP_ALLOCATE|[26]|Bytes:12
03:22:10.0 (87110470)|VARIABLE_SCOPE_BEGIN|[26]|pro|Project__c|true|false
03:22:10.0 (87121801)|VARIABLE_ASSIGNMENT|[26]|pro|{"Company_project_code (3 more) ...":"300-0001-00","Id":"a057F0000039u22QAA"}|0x5ef39b25
03:22:10.0 (87127095)|STATEMENT_EXECUTE|[26]
03:22:10.0 (87128363)|STATEMENT_EXECUTE|[27]
03:22:10.0 (87134455)|HEAP_ALLOCATE|[27]|Bytes:18
03:22:10.0 (87144017)|HEAP_ALLOCATE|[EXTERNAL]|Bytes:4
03:22:10.0 (87152911)|HEAP_ALLOCATE|[26]|Bytes:5
03:22:10.0 (87160613)|HEAP_ALLOCATE|[26]|Bytes:12
03:22:10.0 (87165465)|VARIABLE_SCOPE_BEGIN|[26]|pro|Project__c|true|false
03:22:10.0 (87175667)|VARIABLE_ASSIGNMENT|[26]|pro|{"Company_project_code (3 more) ...":"300-0002-01","Id":"a057F0000039u23QAA"}|0x66165894
03:22:10.0 (87180568)|STATEMENT_EXECUTE|[26]
03:22:10.0 (87181654)|STATEMENT_EXECUTE|[27]
03:22:10.0 (87186818)|HEAP_ALLOCATE|[27]|Bytes:18
03:22:10.0 (87196109)|HEAP_ALLOCATE|[EXTERNAL]|Bytes:4
03:22:10.0 (87204651)|HEAP_ALLOCATE|[26]|Bytes:5
03:22:10.0 (87212089)|HEAP_ALLOCATE|[26]|Bytes:12
03:22:10.0 (87216773)|VARIABLE_SCOPE_BEGIN|[26]|pro|Project__c|true|false
03:22:10.0 (87227253)|VARIABLE_ASSIGNMENT|[26]|pro|{"Company_project_code (3 more) ...":"101-TRN-COM-008","Id":"a057F0000039u24QAA"}|0x34dd83f0
03:22:10.0 (87231986)|STATEMENT_EXECUTE|[26]
03:22:10.0 (87232982)|STATEMENT_EXECUTE|[27]
03:22:10.0 (87238117)|HEAP_ALLOCATE|[27]|Bytes:18
03:22:10.0 (87247064)|HEAP_ALLOCATE|[EXTERNAL]|Bytes:4
03:22:10.0 (87255456)|HEAP_ALLOCATE|[26]|Bytes:5
03:22:10.0 (87262950)|HEAP_ALLOCATE|[26]|Bytes:12
03:22:10.0 (87267735)|VARIABLE_SCOPE_BEGIN|[26]|pro|Project__c|true|false
03:22:10.0 (87277985)|VARIABLE_ASSIGNMENT|[26]|pro|{"Company_project_code (3 more) ...":"101-TRN-COM-047","Id":"a057F0000039u25QAA"}|0xcbe3d22
03:22:10.0 (87282526)|STATEMENT_EXECUTE|[26]
03:22:10.0 (87283576)|STATEMENT_EXECUTE|[27]
03:22:10.0 (87288692)|HEAP_ALLOCATE|[27]|Bytes:18
03:22:10.0 (87297603)|HEAP_ALLOCATE|[EXTERNAL]|Bytes:4
03:22:10.0 (87305947)|HEAP_ALLOCATE|[26]|Bytes:5
03:22:10.0 (87313401)|HEAP_ALLOCATE|[26]|Bytes:12
03:22:10.0 (87317758)|VARIABLE_SCOPE_BEGIN|[26]|pro|Project__c|true|false
03:22:10.0 (87328078)|VARIABLE_ASSIGNMENT|[26]|pro|{"Company_project_code (3 more) ...":"101-TRN-COM-046","Id":"a057F0000039u26QAA"}|0x4e56a523
03:22:10.0 (87336597)|STATEMENT_EXECUTE|[26]
03:22:10.0 (87337628)|STATEMENT_EXECUTE|[27]
03:22:10.0 (87343406)|HEAP_ALLOCATE|[27]|Bytes:18
03:22:10.0 (87353068)|HEAP_ALLOCATE|[EXTERNAL]|Bytes:4
03:22:10.0 (87361780)|HEAP_ALLOCATE|[26]|Bytes:5
03:22:10.0 (87387325)|HEAP_ALLOCATE|[26]|Bytes:12
03:22:10.0 (87393055)|VARIABLE_SCOPE_BEGIN|[26]|pro|Project__c|true|false
03:22:10.0 (87404395)|VARIABLE_ASSIGNMENT|[26]|pro|{"Company_project_code (3 more) ...":"101-TRN-COM-050","Id":"a057F0000039u27QAA"}|0x1a509685
03:22:10.0 (87409743)|STATEMENT_EXECUTE|[26]
03:22:10.0 (87410820)|STATEMENT_EXECUTE|[27]
03:22:10.0 (87416795)|HEAP_ALLOCATE|[27]|Bytes:18
03:22:10.0 (87427124)|HEAP_ALLOCATE|[EXTERNAL]|Bytes:4
03:22:10.0 (87436271)|HEAP_ALLOCATE|[26]|Bytes:5
03:22:10.0 (87444714)|HEAP_ALLOCATE|[26]|Bytes:12
03:22:10.0 (87449096)|VARIABLE_SCOPE_BEGIN|[26]|pro|Project__c|true|false
03:22:10.0 (87459538)|VARIABLE_ASSIGNMENT|[26]|pro|{"Company_project_code (3 more) ...":"101-TRN-COM-033","Id":"a057F0000039u28QAA"}|0x424a543c
03:22:10.0 (87464219)|STATEMENT_EXECUTE|[26]
03:22:10.0 (87465224)|STATEMENT_EXECUTE|[27]
03:22:10.0 (87470450)|HEAP_ALLOCATE|[27]|Bytes:18
03:22:10.0 (87479125)|HEAP_ALLOCATE|[EXTERNAL]|Bytes:4
03:22:10.0 (87487874)|HEAP_ALLOCATE|[26]|Bytes:5
03:22:10.0 (87495157)|HEAP_ALLOCATE|[26]|Bytes:12
03:22:10.0 (87499449)|VARIABLE_SCOPE_BEGIN|[26]|pro|Project__c|true|false
03:22:10.0 (87509758)|VARIABLE_ASSIGNMENT|[26]|pro|{"Company_project_code (3 more) ...":"101-TRN-COX-007","Id":"a057F0000039u29QAA"}|0x3fe0367a
03:22:10.0 (87514412)|STATEMENT_EXECUTE|[26]
03:22:10.0 (87515407)|STATEMENT_EXECUTE|[27]
03:22:10.0 (87520500)|HEAP_ALLOCATE|[27]|Bytes:18
03:22:10.0 (87529335)|HEAP_ALLOCATE|[EXTERNAL]|Bytes:4
03:22:10.0 (87537984)|HEAP_ALLOCATE|[26]|Bytes:5
03:22:10.0 (87545311)|HEAP_ALLOCATE|[26]|Bytes:12
03:22:10.0 (87549595)|VARIABLE_SCOPE_BEGIN|[26]|pro|Project__c|true|false
03:22:10.0 (87560148)|VARIABLE_ASSIGNMENT|[26]|pro|{"Company_project_code (3 more) ...":"101-TRN-COX-006","Id":"a057F0000039u2AQAQ"}|0x44e4f318
03:22:10.0 (87564712)|STATEMENT_EXECUTE|[26]
03:22:10.0 (87565740)|STATEMENT_EXECUTE|[27]
03:22:10.0 (87570722)|HEAP_ALLOCATE|[27]|Bytes:18
03:22:10.0 (87579297)|HEAP_ALLOCATE|[EXTERNAL]|Bytes:4
03:22:10.0 (87587799)|HEAP_ALLOCATE|[26]|Bytes:5
03:22:10.0 (87595066)|HEAP_ALLOCATE|[26]|Bytes:12
03:22:10.0 (87599514)|VARIABLE_SCOPE_BEGIN|[26]|pro|Project__c|true|false
03:22:10.0 (87610036)|VARIABLE_ASSIGNMENT|[26]|pro|{"Company_project_code (3 more) ...":"101-TRN-COX-008","Id":"a057F0000039u2BQAQ"}|0x5a9ea1bf
03:22:10.0 (87628826)|STATEMENT_EXECUTE|[26]
03:22:10.0 (87630535)|STATEMENT_EXECUTE|[27]
03:22:10.0 (87640809)|HEAP_ALLOCATE|[27]|Bytes:18
03:22:10.0 (87659872)|HEAP_ALLOCATE|[EXTERNAL]|Bytes:4
03:22:10.0 (87685716)|HEAP_ALLOCATE|[26]|Bytes:5
03:22:10.0 (87695008)|HEAP_ALLOCATE|[26]|Bytes:12
03:22:10.0 (87700200)|VARIABLE_SCOPE_BEGIN|[26]|pro|Project__c|true|false
03:22:10.0 (87713265)|VARIABLE_ASSIGNMENT|[26]|pro|{"Company_project_code (3 more) ...":"101-TRN-COM-027","Id":"a057F0000039u2CQAQ"}|0x4ae5e564
03:22:10.0 (87718398)|STATEMENT_EXECUTE|[26]
03:22:10.0 (87719960)|STATEMENT_EXECUTE|[27]
03:22:10.0 (87744220)|HEAP_ALLOCATE|[27]|Bytes:18
03:22:10.0 (87757383)|HEAP_ALLOCATE|[EXTERNAL]|Bytes:4
03:22:10.0 (87767057)|HEAP_ALLOCATE|[26]|Bytes:5
03:22:10.0 (87775500)|HEAP_ALLOCATE|[26]|Bytes:12
03:22:10.0 (87780027)|VARIABLE_SCOPE_BEGIN|[26]|pro|Project__c|true|false
03:22:10.0 (87792519)|VARIABLE_ASSIGNMENT|[26]|pro|{"Company_project_code (3 more) ...":"101-TRN-COM-029","Id":"a057F0000039u2DQAQ"}|0x748859a4
03:22:10.0 (87797212)|STATEMENT_EXECUTE|[26]
03:22:10.0 (87798225)|STATEMENT_EXECUTE|[27]
03:22:10.0 (87804021)|HEAP_ALLOCATE|[27]|Bytes:18
03:22:10.0 (87813827)|HEAP_ALLOCATE|[EXTERNAL]|Bytes:4
03:22:10.0 (87822635)|HEAP_ALLOCATE|[26]|Bytes:5
03:22:10.0 (87830191)|HEAP_ALLOCATE|[26]|Bytes:12
03:22:10.0 (87834771)|VARIABLE_SCOPE_BEGIN|[26]|pro|Project__c|true|false
03:22:10.0 (87845253)|VARIABLE_ASSIGNMENT|[26]|pro|{"Company_project_code (3 more) ...":"101-TRN-COM-014","Id":"a057F0000039u2EQAQ"}|0x1797181e
03:22:10.0 (87850051)|STATEMENT_EXECUTE|[26]
03:22:10.0 (87851054)|STATEMENT_EXECUTE|[27]
03:22:10.0 (87856439)|HEAP_ALLOCATE|[27]|Bytes:18
03:22:10.0 (87865209)|HEAP_ALLOCATE|[EXTERNAL]|Bytes:4
03:22:10.0 (87873627)|HEAP_ALLOCATE|[26]|Bytes:5
03:22:10.0 (87881276)|HEAP_ALLOCATE|[26]|Bytes:12
03:22:10.0 (87885702)|VARIABLE_SCOPE_BEGIN|[26]|pro|Project__c|true|false
03:22:10.0 (87895791)|VARIABLE_ASSIGNMENT|[26]|pro|{"Company_project_code (3 more) ...":"301-0001-00","Id":"a057F0000039u21QAA"}|0x382bd00a
03:22:10.0 (87900793)|STATEMENT_EXECUTE|[26]
03:22:10.0 (87901828)|STATEMENT_EXECUTE|[27]
03:22:10.0 (87907027)|HEAP_ALLOCATE|[27]|Bytes:18
03:22:10.0 (87915663)|HEAP_ALLOCATE|[EXTERNAL]|Bytes:4
03:22:10.0 (87924258)|HEAP_ALLOCATE|[26]|Bytes:5
03:22:10.0 (87931764)|HEAP_ALLOCATE|[26]|Bytes:12
03:22:10.0 (87936147)|VARIABLE_SCOPE_BEGIN|[26]|pro|Project__c|true|false
03:22:10.0 (87946425)|VARIABLE_ASSIGNMENT|[26]|pro|{"Company_project_code (3 more) ...":"101-TRN-COM-017","Id":"a057F0000039u2FQAQ"}|0x5d80dcae
03:22:10.0 (87951116)|STATEMENT_EXECUTE|[26]
03:22:10.0 (87952112)|STATEMENT_EXECUTE|[27]
03:22:10.0 (87970365)|HEAP_ALLOCATE|[27]|Bytes:18
03:22:10.0 (87981179)|HEAP_ALLOCATE|[EXTERNAL]|Bytes:4
03:22:10.0 (87990401)|HEAP_ALLOCATE|[26]|Bytes:5
03:22:10.0 (87998289)|HEAP_ALLOCATE|[26]|Bytes:12
03:22:10.0 (88002989)|VARIABLE_SCOPE_BEGIN|[26]|pro|Project__c|true|false
03:22:10.0 (88014814)|VARIABLE_ASSIGNMENT|[26]|pro|{"Company_project_code (3 more) ...":"101-TRN-COM-038","Id":"a057F0000039u2GQAQ"}|0x6bf3ebc3
03:22:10.0 (88019703)|STATEMENT_EXECUTE|[26]
03:22:10.0 (88020770)|STATEMENT_EXECUTE|[27]
03:22:10.0 (88026095)|HEAP_ALLOCATE|[27]|Bytes:18
03:22:10.0 (88035135)|HEAP_ALLOCATE|[EXTERNAL]|Bytes:4
03:22:10.0 (88050453)|HEAP_ALLOCATE|[26]|Bytes:5
03:22:10.0 (88058480)|HEAP_ALLOCATE|[26]|Bytes:12
03:22:10.0 (88062993)|VARIABLE_SCOPE_BEGIN|[26]|pro|Project__c|true|false
03:22:10.0 (88074133)|VARIABLE_ASSIGNMENT|[26]|pro|{"Company_project_code (3 more) ...":"101-TRN-COM-037","Id":"a057F0000039u2HQAQ"}|0x440b594b
03:22:10.0 (88078813)|STATEMENT_EXECUTE|[26]
03:22:10.0 (88079856)|STATEMENT_EXECUTE|[27]
03:22:10.0 (88085551)|HEAP_ALLOCATE|[27]|Bytes:18
03:22:10.0 (88094504)|HEAP_ALLOCATE|[EXTERNAL]|Bytes:4
03:22:10.0 (88107791)|HEAP_ALLOCATE|[26]|Bytes:5
03:22:10.0 (88115941)|HEAP_ALLOCATE|[26]|Bytes:12
03:22:10.0 (88120479)|VARIABLE_SCOPE_BEGIN|[26]|pro|Project__c|true|false
03:22:10.0 (88131331)|VARIABLE_ASSIGNMENT|[26]|pro|{"Company_project_code (3 more) ...":"101-TRN-COM-039","Id":"a057F0000039u2IQAQ"}|0x22c66a40
03:22:10.0 (88136103)|STATEMENT_EXECUTE|[26]
03:22:10.0 (88137141)|STATEMENT_EXECUTE|[27]
03:22:10.0 (88142524)|HEAP_ALLOCATE|[27]|Bytes:18
03:22:10.0 (88151516)|HEAP_ALLOCATE|[EXTERNAL]|Bytes:4
03:22:10.0 (88160157)|HEAP_ALLOCATE|[26]|Bytes:5
03:22:10.0 (88167833)|HEAP_ALLOCATE|[26]|Bytes:12
03:22:10.0 (88172362)|VARIABLE_SCOPE_BEGIN|[26]|pro|Project__c|true|false
03:22:10.0 (88182572)|VARIABLE_ASSIGNMENT|[26]|pro|{"Company_project_code (3 more) ...":"101-TRN-COM-040","Id":"a057F0000039u2JQAQ"}|0x79f8b71a
03:22:10.0 (88187150)|STATEMENT_EXECUTE|[26]
03:22:10.0 (88188250)|STATEMENT_EXECUTE|[27]
03:22:10.0 (88193448)|HEAP_ALLOCATE|[27]|Bytes:18
03:22:10.0 (88201731)|HEAP_ALLOCATE|[EXTERNAL]|Bytes:4
03:22:10.0 (88209994)|HEAP_ALLOCATE|[26]|Bytes:5
03:22:10.0 (88217447)|HEAP_ALLOCATE|[26]|Bytes:12
03:22:10.0 (88221698)|VARIABLE_SCOPE_BEGIN|[26]|pro|Project__c|true|false
03:22:10.0 (88231991)|VARIABLE_ASSIGNMENT|[26]|pro|{"Company_project_code (3 more) ...":"101-TRN-COM-041","Id":"a057F0000039u2KQAQ"}|0xda1f615
03:22:10.0 (88236426)|STATEMENT_EXECUTE|[26]
03:22:10.0 (88237417)|STATEMENT_EXECUTE|[27]
03:22:10.0 (88242445)|HEAP_ALLOCATE|[27]|Bytes:18
03:22:10.0 (88250845)|HEAP_ALLOCATE|[EXTERNAL]|Bytes:4
03:22:10.0 (88259419)|HEAP_ALLOCATE|[26]|Bytes:5
03:22:10.0 (88267573)|VARIABLE_ASSIGNMENT|[26]|pro|null|
03:22:10.0 (88271913)|STATEMENT_EXECUTE|[29]
03:22:10.0 (88277763)|SYSTEM_MODE_EXIT|false
03:22:10.0 (88675676)|SYSTEM_MODE_ENTER|true
03:22:10.0 (93579615)|SYSTEM_MODE_ENTER|true
03:22:10.0 (93620915)|HEAP_ALLOCATE|[EXTERNAL]|Bytes:40
03:22:10.0 (93631655)|VARIABLE_SCOPE_BEGIN|[49]|this|PM_Job_New_Controller|true|false
03:22:10.0 (93673303)|VARIABLE_ASSIGNMENT|[49]|this|{"job":"0x4fa72a29","projectList":"0x24d33366"}|0xaab1825
03:22:10.0 (93694190)|SYSTEM_MODE_ENTER|false
03:22:10.0 (93701969)|HEAP_ALLOCATE|[50]|Bytes:5
03:22:10.0 (93707098)|STATEMENT_EXECUTE|[49]
03:22:10.0 (93708518)|STATEMENT_EXECUTE|[50]
03:22:10.0 (93721270)|HEAP_ALLOCATE|[50]|Bytes:4
03:22:10.0 (93747842)|VARIABLE_SCOPE_BEGIN|[50]|ufp|List<System.SelectOption>|true|false
03:22:10.0 (93774676)|HEAP_ALLOCATE|[EXTERNAL]|Bytes:4
03:22:10.0 (93784244)|VARIABLE_ASSIGNMENT|[50]|ufp|[]|0x31828e6c
03:22:10.0 (93789872)|STATEMENT_EXECUTE|[51]
03:22:10.0 (93794878)|HEAP_ALLOCATE|[51]|Bytes:96
03:22:10.0 (93810685)|HEAP_ALLOCATE|[51]|Bytes:4
03:22:10.0 (93818434)|HEAP_ALLOCATE|[51]|Bytes:7
03:22:10.0 (93866786)|VARIABLE_ASSIGNMENT|[EXTERNAL]|this|{"job":"0x4fa72a29","projectList":"0x24d33366"}|0xaab1825
03:22:10.0 (94963309)|SOQL_EXECUTE_BEGIN|[51]|Aggregations:0|SELECT ProjectLink__c, UserLink__c FROM ProjectJobAssociation__c WHERE ProjectLink__c = :tmpVar1
03:22:10.0 (96700203)|SOQL_EXECUTE_END|[51]|Rows:0
03:22:10.0 (96725225)|HEAP_ALLOCATE|[51]|Bytes:4
03:22:10.0 (96736638)|HEAP_ALLOCATE|[51]|Bytes:0
03:22:10.0 (96834646)|HEAP_ALLOCATE|[51]|Bytes:4
03:22:10.0 (96854979)|VARIABLE_SCOPE_BEGIN|[51]|userInProject|List<ProjectJobAssociation__c>|true|false
03:22:10.0 (96873666)|VARIABLE_ASSIGNMENT|[51]|userInProject|[]|0x20ade7e9
03:22:10.0 (97040860)|HEAP_ALLOCATE|[52]|Bytes:5
03:22:10.0 (97060617)|VARIABLE_ASSIGNMENT|[52]|pja|null|
03:22:10.0 (97067057)|STATEMENT_EXECUTE|[52]
03:22:10.0 (97068659)|STATEMENT_EXECUTE|[56]
03:22:10.0 (97075289)|SYSTEM_MODE_EXIT|false
03:22:10.0 (99822689)|SYSTEM_MODE_ENTER|true
03:22:10.0 (102497987)|VF_SERIALIZE_VIEWSTATE_BEGIN|0667F000005aHSA
03:22:10.0 (112957825)|VF_SERIALIZE_VIEWSTATE_END
03:22:10.115 (115380478)|CUMULATIVE_LIMIT_USAGE
03:22:10.115 (115380478)|LIMIT_USAGE_FOR_NS|(default)|
  Number of SOQL queries: 3 out of 100
  Number of query rows: 28 out of 50000
  Number of SOSL queries: 0 out of 20
  Number of DML statements: 0 out of 150
  Number of DML rows: 0 out of 10000
  Maximum CPU time: 0 out of 10000
  Maximum heap size: 0 out of 6000000
  Number of callouts: 0 out of 100
  Number of Email Invocations: 0 out of 10
  Number of future calls: 0 out of 50
  Number of queueable jobs added to the queue: 0 out of 50
  Number of Mobile Apex push calls: 0 out of 10

03:22:10.115 (115380478)|CUMULATIVE_LIMIT_USAGE_END

03:22:10.0 (115417083)|CODE_UNIT_FINISHED|VF: /apex/PM_Job_New
03:22:10.0 (116148911)|EXECUTION_FINISHED
