41.0 APEX_CODE,FINEST;APEX_PROFILING,INFO;CALLOUT,INFO;DB,INFO;SYSTEM,DEBUG;VALIDATION,INFO;VISUALFORCE,INFO;WAVE,INFO;WORKFLOW,INFO
07:51:08.0 (275517)|USER_INFO|[EXTERNAL]|0057F000000Tiz6|ksb994@salesforce.com|Pacific Standard Time|GMT-08:00
07:51:08.0 (301986)|EXECUTION_STARTED
07:51:08.0 (305255)|CODE_UNIT_STARTED|[EXTERNAL]|VisualForce View State
07:51:08.0 (143145105)|HEAP_ALLOCATE|[72]|Bytes:3
07:51:08.0 (143190602)|HEAP_ALLOCATE|[77]|Bytes:152
07:51:08.0 (143214372)|HEAP_ALLOCATE|[342]|Bytes:408
07:51:08.0 (143236268)|HEAP_ALLOCATE|[355]|Bytes:408
07:51:08.0 (143255348)|HEAP_ALLOCATE|[467]|Bytes:48
07:51:08.0 (143297600)|HEAP_ALLOCATE|[139]|Bytes:6
07:51:08.0 (143334855)|HEAP_ALLOCATE|[50]|Bytes:5
07:51:08.0 (143361453)|HEAP_ALLOCATE|[56]|Bytes:5
07:51:08.0 (143376135)|HEAP_ALLOCATE|[64]|Bytes:7
07:51:08.0 (145329091)|CODE_UNIT_FINISHED|VisualForce View State
07:51:08.0 (146614928)|EXECUTION_FINISHED
07:51:08.147 (147788113)|USER_INFO|[EXTERNAL]|0057F000000Tiz6|ksb994@salesforce.com|Pacific Standard Time|GMT-08:00
07:51:08.147 (147835090)|SYSTEM_MODE_ENTER|true
07:51:08.147 (147892592)|HEAP_ALLOCATE|[EXTERNAL]|Bytes:38
07:51:08.147 (147900675)|HEAP_ALLOCATE|[EXTERNAL]|Bytes:7
07:51:08.147 (147909495)|SYSTEM_METHOD_ENTRY|[1]|PageMessagesComponentController.PageMessagesComponentController()
07:51:08.147 (147913577)|STATEMENT_EXECUTE|[1]
07:51:08.280 (280051843)|CUMULATIVE_LIMIT_USAGE
07:51:08.280 (280051843)|LIMIT_USAGE_FOR_NS|(default)|
  Number of SOQL queries: 0 out of 100
  Number of query rows: 0 out of 50000
  Number of SOSL queries: 0 out of 20
  Number of DML statements: 0 out of 150
  Number of DML rows: 0 out of 10000
  Maximum CPU time: 0 out of 10000
  Maximum heap size: 0 out of 6000000
  Number of callouts: 0 out of 100
  Number of Email Invocations: 0 out of 10
  Number of future calls: 0 out of 50
  Number of queueable jobs added to the queue: 0 out of 50
  Number of Mobile Apex push calls: 0 out of 10

07:51:08.280 (280051843)|CUMULATIVE_LIMIT_USAGE_END

