36.0 APEX_CODE,FINEST;APEX_PROFILING,INFO;CALLOUT,INFO;DB,INFO;SYSTEM,DEBUG;VALIDATION,INFO;VISUALFORCE,INFO;WAVE,INFO;WORKFLOW,INFO
23:58:56.0 (335873)|USER_INFO|[EXTERNAL]|0057F000000Tiz6|ksb994@salesforce.com|Pacific Standard Time|GMT-08:00
23:58:56.0 (370034)|EXECUTION_STARTED
23:58:56.0 (373642)|CODE_UNIT_STARTED|[EXTERNAL]|0667F000004uRC1|VF: /apex/PM_Project_Edit
23:58:56.0 (44532733)|SYSTEM_MODE_ENTER|true
23:58:56.0 (44865256)|HEAP_ALLOCATE|[72]|Bytes:3
23:58:56.0 (44925020)|HEAP_ALLOCATE|[77]|Bytes:152
23:58:56.0 (44945559)|HEAP_ALLOCATE|[342]|Bytes:408
23:58:56.0 (44968012)|HEAP_ALLOCATE|[355]|Bytes:408
23:58:56.0 (44991024)|HEAP_ALLOCATE|[467]|Bytes:48
23:58:56.0 (45034911)|HEAP_ALLOCATE|[139]|Bytes:6
23:58:56.0 (45056617)|HEAP_ALLOCATE|[EXTERNAL]|Bytes:144
23:58:56.0 (45061931)|HEAP_ALLOCATE|[EXTERNAL]|Bytes:20
23:58:56.0 (45065085)|HEAP_ALLOCATE|[EXTERNAL]|Bytes:11
23:58:56.0 (45089096)|METHOD_ENTRY|[1]|01p7F00000Ehro9|PM_Project_Edit_Controller.PM_Project_Edit_Controller()
23:58:56.0 (45096993)|STATEMENT_EXECUTE|[1]
23:58:56.0 (45100982)|STATEMENT_EXECUTE|[1]
23:58:56.0 (45132543)|HEAP_ALLOCATE|[50]|Bytes:5
23:58:56.0 (45170825)|HEAP_ALLOCATE|[56]|Bytes:5
23:58:56.0 (45180209)|HEAP_ALLOCATE|[64]|Bytes:7
23:58:56.0 (45206178)|SYSTEM_MODE_ENTER|false
23:58:56.0 (45220137)|HEAP_ALLOCATE|[EXTERNAL]|Bytes:5
23:58:56.0 (45228398)|SYSTEM_MODE_EXIT|false
23:58:56.0 (45235980)|METHOD_EXIT|[1]|PM_Project_Edit_Controller
23:58:56.0 (45278892)|HEAP_ALLOCATE|[EXTERNAL]|Bytes:24
23:58:56.0 (45418977)|VARIABLE_SCOPE_BEGIN|[10]|this|PM_Project_Edit_Controller|true|false
23:58:56.0 (45479885)|VARIABLE_ASSIGNMENT|[10]|this|{}|0xb6c65f3
23:58:56.0 (45487846)|VARIABLE_SCOPE_BEGIN|[10]|stdController|ApexPages.StandardController|true|false
23:58:56.0 (45668795)|VARIABLE_ASSIGNMENT|[10]|stdController|"StandardController [null]"|0x543721ec
23:58:56.0 (45693044)|SYSTEM_MODE_ENTER|false
23:58:56.0 (45701276)|HEAP_ALLOCATE|[7]|Bytes:5
23:58:56.0 (45705935)|STATEMENT_EXECUTE|[1]
23:58:56.0 (45711017)|HEAP_ALLOCATE|[7]|Bytes:5
23:58:56.0 (45713940)|STATEMENT_EXECUTE|[3]
23:58:56.0 (45715654)|STATEMENT_EXECUTE|[4]
23:58:56.0 (45716677)|STATEMENT_EXECUTE|[6]
23:58:56.0 (45717641)|STATEMENT_EXECUTE|[7]
23:58:56.0 (45734559)|HEAP_ALLOCATE|[7]|Bytes:4
23:58:56.0 (45823037)|HEAP_ALLOCATE|[EXTERNAL]|Bytes:4
23:58:56.0 (45853913)|VARIABLE_ASSIGNMENT|[7]|this.usersList|[]|0xb6c65f3
23:58:56.0 (45860106)|STATEMENT_EXECUTE|[8]
23:58:56.0 (45863509)|HEAP_ALLOCATE|[8]|Bytes:1
23:58:56.0 (45873329)|VARIABLE_ASSIGNMENT|[8]|this.nonSelectedUserId|"("|0xb6c65f3
23:58:56.0 (45885217)|HEAP_ALLOCATE|[8]|Bytes:6
23:58:56.0 (45934187)|STATEMENT_EXECUTE|[10]
23:58:56.0 (45936608)|STATEMENT_EXECUTE|[11]
23:58:56.0 (46073643)|HEAP_ALLOCATE|[11]|Bytes:4
23:58:56.0 (46131138)|VARIABLE_ASSIGNMENT|[EXTERNAL]|this|{"nonSelectedUserId":"(","usersList":"0x27c5afb0"}|0xb6c65f3
23:58:56.0 (46144072)|VARIABLE_ASSIGNMENT|[EXTERNAL]|value|{}|0x47fb59
23:58:56.0 (46153701)|VARIABLE_ASSIGNMENT|[3]|this.mysObject|{}|0xb6c65f3
23:58:56.0 (46162313)|STATEMENT_EXECUTE|[12]
23:58:56.0 (46197866)|HEAP_ALLOCATE|[12]|Bytes:43
23:58:56.0 (46234156)|HEAP_ALLOCATE|[12]|Bytes:18
23:58:56.0 (46256434)|HEAP_ALLOCATE|[12]|Bytes:3
23:58:56.0 (46288540)|HEAP_ALLOCATE|[12]|Bytes:4
23:58:56.0 (46294191)|VARIABLE_SCOPE_BEGIN|[12]|pid|Id|false|false
23:58:56.0 (46367390)|VARIABLE_ASSIGNMENT|[12]|pid|"a057F000002dVv5QAE"
23:58:56.0 (46375015)|STATEMENT_EXECUTE|[16]
23:58:56.0 (46377854)|HEAP_ALLOCATE|[16]|Bytes:7
23:58:56.0 (46382378)|HEAP_ALLOCATE|[16]|Bytes:10
23:58:56.0 (46396649)|METHOD_ENTRY|[16]|01p7F00000Ehro9|PM_Project_Edit_Controller.getAllFields(String)
23:58:56.0 (46496220)|VARIABLE_SCOPE_BEGIN|[50]|sobjectname|String|false|false
23:58:56.0 (46510448)|VARIABLE_ASSIGNMENT|[50]|sobjectname|"Project__c"
23:58:56.0 (46529955)|HEAP_ALLOCATE|[51]|Bytes:5
23:58:56.0 (46534687)|STATEMENT_EXECUTE|[50]
23:58:56.0 (65750849)|HEAP_ALLOCATE|[51]|Bytes:1468
23:58:56.0 (65798277)|STATEMENT_EXECUTE|[51]
23:58:56.0 (65800722)|STATEMENT_EXECUTE|[54]
23:58:56.0 (69477825)|HEAP_ALLOCATE|[54]|Bytes:1468
23:58:56.0 (69690346)|HEAP_ALLOCATE|[54]|Bytes:4
23:58:56.0 (69756722)|HEAP_ALLOCATE|[54]|Bytes:4
23:58:56.0 (70063687)|HEAP_ALLOCATE|[54]|Bytes:148
23:58:56.0 (70078660)|VARIABLE_SCOPE_BEGIN|[54]|fields|Map<String,Schema.SObjectField>|true|false
23:58:56.0 (70311487)|VARIABLE_ASSIGNMENT|[54]|fields|"{client__c=Client__c, client_project_manager__c=Client_Project_Manager__c, company_project_code__c=Company_project_code__c, cost_centre__c=Cost_Centre__c, createdbyid=CreatedById, createddate=CreatedDate, delivery__c=Delivery__c, end_customer__c=End_Customer__c, footage__c=Footage__c, hours__c=Hours__c, ...}"|0x401349f3
23:58:56.0 (70323718)|STATEMENT_EXECUTE|[55]
23:58:56.0 (70341329)|HEAP_ALLOCATE|[55]|Bytes:4
23:58:56.0 (70374398)|VARIABLE_SCOPE_BEGIN|[55]|accessiblefields|List<String>|true|false
23:58:56.0 (70402757)|HEAP_ALLOCATE|[EXTERNAL]|Bytes:4
23:58:56.0 (70414436)|VARIABLE_ASSIGNMENT|[55]|accessiblefields|[]|0xcd83cfe
23:58:56.0 (70463606)|HEAP_ALLOCATE|[EXTERNAL]|Bytes:148
23:58:56.0 (70483344)|HEAP_ALLOCATE|[56]|Bytes:148
23:58:56.0 (70555611)|HEAP_ALLOCATE|[56]|Bytes:5
23:58:56.0 (70578359)|VARIABLE_SCOPE_BEGIN|[56]|field|Schema.SObjectField|true|false
23:58:56.0 (70650904)|VARIABLE_ASSIGNMENT|[56]|field|"common.apex.runtime.impl.ApexFieldToken@2efe3ede"|0x2efe3ede
23:58:56.0 (70659789)|STATEMENT_EXECUTE|[56]
23:58:56.0 (71111996)|HEAP_ALLOCATE|[57]|Bytes:8
23:58:56.0 (71138623)|STATEMENT_EXECUTE|[58]
23:58:56.0 (71171230)|HEAP_ALLOCATE|[58]|Bytes:8
23:58:56.0 (71187023)|HEAP_ALLOCATE|[58]|Bytes:2
23:58:56.0 (71200742)|HEAP_ALLOCATE|[EXTERNAL]|Bytes:4
23:58:56.0 (71215046)|HEAP_ALLOCATE|[56]|Bytes:5
23:58:56.0 (71230172)|VARIABLE_SCOPE_BEGIN|[56]|field|Schema.SObjectField|true|false
23:58:56.0 (71303774)|VARIABLE_ASSIGNMENT|[56]|field|"common.apex.runtime.impl.ApexFieldToken@74f8a623"|0x74f8a623
23:58:56.0 (71312380)|STATEMENT_EXECUTE|[56]
23:58:56.0 (71454919)|HEAP_ALLOCATE|[57]|Bytes:8
23:58:56.0 (71470193)|STATEMENT_EXECUTE|[58]
23:58:56.0 (71493394)|HEAP_ALLOCATE|[58]|Bytes:8
23:58:56.0 (71503146)|HEAP_ALLOCATE|[58]|Bytes:7
23:58:56.0 (71511495)|HEAP_ALLOCATE|[EXTERNAL]|Bytes:4
23:58:56.0 (71523708)|HEAP_ALLOCATE|[56]|Bytes:5
23:58:56.0 (71537468)|VARIABLE_SCOPE_BEGIN|[56]|field|Schema.SObjectField|true|false
23:58:56.0 (71608332)|VARIABLE_ASSIGNMENT|[56]|field|"common.apex.runtime.impl.ApexFieldToken@398a4b8e"|0x398a4b8e
23:58:56.0 (71616838)|STATEMENT_EXECUTE|[56]
23:58:56.0 (71718059)|HEAP_ALLOCATE|[57]|Bytes:8
23:58:56.0 (71731786)|STATEMENT_EXECUTE|[58]
23:58:56.0 (71748603)|HEAP_ALLOCATE|[58]|Bytes:8
23:58:56.0 (71756948)|HEAP_ALLOCATE|[58]|Bytes:9
23:58:56.0 (71765398)|HEAP_ALLOCATE|[EXTERNAL]|Bytes:4
23:58:56.0 (71777317)|HEAP_ALLOCATE|[56]|Bytes:5
23:58:56.0 (71790805)|VARIABLE_SCOPE_BEGIN|[56]|field|Schema.SObjectField|true|false
23:58:56.0 (71860523)|VARIABLE_ASSIGNMENT|[56]|field|"common.apex.runtime.impl.ApexFieldToken@42321b9e"|0x42321b9e
23:58:56.0 (71868728)|STATEMENT_EXECUTE|[56]
23:58:56.0 (71983799)|HEAP_ALLOCATE|[57]|Bytes:8
23:58:56.0 (71999306)|STATEMENT_EXECUTE|[58]
23:58:56.0 (72016162)|HEAP_ALLOCATE|[58]|Bytes:8
23:58:56.0 (72025792)|HEAP_ALLOCATE|[58]|Bytes:4
23:58:56.0 (72034201)|HEAP_ALLOCATE|[EXTERNAL]|Bytes:4
23:58:56.0 (72045802)|HEAP_ALLOCATE|[56]|Bytes:5
23:58:56.0 (72059206)|VARIABLE_SCOPE_BEGIN|[56]|field|Schema.SObjectField|true|false
23:58:56.0 (72128307)|VARIABLE_ASSIGNMENT|[56]|field|"common.apex.runtime.impl.ApexFieldToken@1d65d5c8"|0x1d65d5c8
23:58:56.0 (72136698)|STATEMENT_EXECUTE|[56]
23:58:56.0 (72250556)|HEAP_ALLOCATE|[57]|Bytes:8
23:58:56.0 (72269127)|STATEMENT_EXECUTE|[58]
23:58:56.0 (72295960)|HEAP_ALLOCATE|[58]|Bytes:8
23:58:56.0 (72307922)|HEAP_ALLOCATE|[58]|Bytes:11
23:58:56.0 (72316408)|HEAP_ALLOCATE|[EXTERNAL]|Bytes:4
23:58:56.0 (72329219)|HEAP_ALLOCATE|[56]|Bytes:5
23:58:56.0 (72343666)|VARIABLE_SCOPE_BEGIN|[56]|field|Schema.SObjectField|true|false
23:58:56.0 (72413092)|VARIABLE_ASSIGNMENT|[56]|field|"common.apex.runtime.impl.ApexFieldToken@2c9da1f9"|0x2c9da1f9
23:58:56.0 (72421449)|STATEMENT_EXECUTE|[56]
23:58:56.0 (72541683)|HEAP_ALLOCATE|[57]|Bytes:8
23:58:56.0 (72555496)|STATEMENT_EXECUTE|[58]
23:58:56.0 (72571836)|HEAP_ALLOCATE|[58]|Bytes:8
23:58:56.0 (72580133)|HEAP_ALLOCATE|[58]|Bytes:11
23:58:56.0 (72588067)|HEAP_ALLOCATE|[EXTERNAL]|Bytes:4
23:58:56.0 (72599822)|HEAP_ALLOCATE|[56]|Bytes:5
23:58:56.0 (72612849)|VARIABLE_SCOPE_BEGIN|[56]|field|Schema.SObjectField|true|false
23:58:56.0 (72680820)|VARIABLE_ASSIGNMENT|[56]|field|"common.apex.runtime.impl.ApexFieldToken@47a049df"|0x47a049df
23:58:56.0 (72689115)|STATEMENT_EXECUTE|[56]
23:58:56.0 (72794185)|HEAP_ALLOCATE|[57]|Bytes:8
23:58:56.0 (72807726)|STATEMENT_EXECUTE|[58]
23:58:56.0 (72823905)|HEAP_ALLOCATE|[58]|Bytes:8
23:58:56.0 (72831859)|HEAP_ALLOCATE|[58]|Bytes:16
23:58:56.0 (72840099)|HEAP_ALLOCATE|[EXTERNAL]|Bytes:4
23:58:56.0 (72851398)|HEAP_ALLOCATE|[56]|Bytes:5
23:58:56.0 (72864015)|VARIABLE_SCOPE_BEGIN|[56]|field|Schema.SObjectField|true|false
23:58:56.0 (72937468)|VARIABLE_ASSIGNMENT|[56]|field|"common.apex.runtime.impl.ApexFieldToken@159c545e"|0x159c545e
23:58:56.0 (72945620)|STATEMENT_EXECUTE|[56]
23:58:56.0 (73070384)|HEAP_ALLOCATE|[57]|Bytes:8
23:58:56.0 (73085490)|STATEMENT_EXECUTE|[58]
23:58:56.0 (73102001)|HEAP_ALLOCATE|[58]|Bytes:8
23:58:56.0 (73110108)|HEAP_ALLOCATE|[58]|Bytes:16
23:58:56.0 (73118410)|HEAP_ALLOCATE|[EXTERNAL]|Bytes:4
23:58:56.0 (73129784)|HEAP_ALLOCATE|[56]|Bytes:5
23:58:56.0 (73143218)|VARIABLE_SCOPE_BEGIN|[56]|field|Schema.SObjectField|true|false
23:58:56.0 (73212238)|VARIABLE_ASSIGNMENT|[56]|field|"common.apex.runtime.impl.ApexFieldToken@266408b0"|0x266408b0
23:58:56.0 (73220809)|STATEMENT_EXECUTE|[56]
23:58:56.0 (73311705)|HEAP_ALLOCATE|[57]|Bytes:8
23:58:56.0 (73324760)|STATEMENT_EXECUTE|[58]
23:58:56.0 (73340629)|HEAP_ALLOCATE|[58]|Bytes:8
23:58:56.0 (73348697)|HEAP_ALLOCATE|[58]|Bytes:14
23:58:56.0 (73356422)|HEAP_ALLOCATE|[EXTERNAL]|Bytes:4
23:58:56.0 (73368110)|HEAP_ALLOCATE|[56]|Bytes:5
23:58:56.0 (73380604)|VARIABLE_SCOPE_BEGIN|[56]|field|Schema.SObjectField|true|false
23:58:56.0 (73447606)|VARIABLE_ASSIGNMENT|[56]|field|"common.apex.runtime.impl.ApexFieldToken@6737f7ec"|0x6737f7ec
23:58:56.0 (73455865)|STATEMENT_EXECUTE|[56]
23:58:56.0 (73542560)|HEAP_ALLOCATE|[57]|Bytes:8
23:58:56.0 (73555677)|STATEMENT_EXECUTE|[58]
23:58:56.0 (73570496)|HEAP_ALLOCATE|[58]|Bytes:8
23:58:56.0 (73578004)|HEAP_ALLOCATE|[58]|Bytes:16
23:58:56.0 (73585808)|HEAP_ALLOCATE|[EXTERNAL]|Bytes:4
23:58:56.0 (73597399)|HEAP_ALLOCATE|[56]|Bytes:5
23:58:56.0 (73609486)|VARIABLE_SCOPE_BEGIN|[56]|field|Schema.SObjectField|true|false
23:58:56.0 (73675089)|VARIABLE_ASSIGNMENT|[56]|field|"common.apex.runtime.impl.ApexFieldToken@221cb464"|0x221cb464
23:58:56.0 (73682891)|STATEMENT_EXECUTE|[56]
23:58:56.0 (73768463)|HEAP_ALLOCATE|[57]|Bytes:8
23:58:56.0 (73782054)|STATEMENT_EXECUTE|[58]
23:58:56.0 (73797315)|HEAP_ALLOCATE|[58]|Bytes:8
23:58:56.0 (73805208)|HEAP_ALLOCATE|[58]|Bytes:14
23:58:56.0 (73812439)|HEAP_ALLOCATE|[EXTERNAL]|Bytes:4
23:58:56.0 (73823865)|HEAP_ALLOCATE|[56]|Bytes:5
23:58:56.0 (73835949)|VARIABLE_SCOPE_BEGIN|[56]|field|Schema.SObjectField|true|false
23:58:56.0 (73902424)|VARIABLE_ASSIGNMENT|[56]|field|"common.apex.runtime.impl.ApexFieldToken@55d52add"|0x55d52add
23:58:56.0 (73910529)|STATEMENT_EXECUTE|[56]
23:58:56.0 (74005643)|HEAP_ALLOCATE|[57]|Bytes:8
23:58:56.0 (74020043)|STATEMENT_EXECUTE|[58]
23:58:56.0 (74035912)|HEAP_ALLOCATE|[58]|Bytes:8
23:58:56.0 (74043465)|HEAP_ALLOCATE|[58]|Bytes:18
23:58:56.0 (74051289)|HEAP_ALLOCATE|[EXTERNAL]|Bytes:4
23:58:56.0 (74062256)|HEAP_ALLOCATE|[56]|Bytes:5
23:58:56.0 (74074418)|VARIABLE_SCOPE_BEGIN|[56]|field|Schema.SObjectField|true|false
23:58:56.0 (74141653)|VARIABLE_ASSIGNMENT|[56]|field|"common.apex.runtime.impl.ApexFieldToken@53f2995f"|0x53f2995f
23:58:56.0 (74149699)|STATEMENT_EXECUTE|[56]
23:58:56.0 (74630928)|HEAP_ALLOCATE|[57]|Bytes:8
23:58:56.0 (74647661)|STATEMENT_EXECUTE|[58]
23:58:56.0 (74666321)|HEAP_ALLOCATE|[58]|Bytes:8
23:58:56.0 (74675390)|HEAP_ALLOCATE|[58]|Bytes:9
23:58:56.0 (74684267)|HEAP_ALLOCATE|[EXTERNAL]|Bytes:4
23:58:56.0 (74696965)|HEAP_ALLOCATE|[56]|Bytes:5
23:58:56.0 (74711439)|VARIABLE_SCOPE_BEGIN|[56]|field|Schema.SObjectField|true|false
23:58:56.0 (74782152)|VARIABLE_ASSIGNMENT|[56]|field|"common.apex.runtime.impl.ApexFieldToken@b229c5a"|0xb229c5a
23:58:56.0 (74790518)|STATEMENT_EXECUTE|[56]
23:58:56.0 (74894658)|HEAP_ALLOCATE|[57]|Bytes:8
23:58:56.0 (74908910)|STATEMENT_EXECUTE|[58]
23:58:56.0 (74926000)|HEAP_ALLOCATE|[58]|Bytes:8
23:58:56.0 (74940840)|HEAP_ALLOCATE|[58]|Bytes:15
23:58:56.0 (74949752)|HEAP_ALLOCATE|[EXTERNAL]|Bytes:4
23:58:56.0 (74961928)|HEAP_ALLOCATE|[56]|Bytes:5
23:58:56.0 (74975335)|VARIABLE_SCOPE_BEGIN|[56]|field|Schema.SObjectField|true|false
23:58:56.0 (75048156)|VARIABLE_ASSIGNMENT|[56]|field|"common.apex.runtime.impl.ApexFieldToken@4c5aa6ce"|0x4c5aa6ce
23:58:56.0 (75057815)|STATEMENT_EXECUTE|[56]
23:58:56.0 (75157863)|HEAP_ALLOCATE|[57]|Bytes:8
23:58:56.0 (75172346)|STATEMENT_EXECUTE|[58]
23:58:56.0 (75188971)|HEAP_ALLOCATE|[58]|Bytes:8
23:58:56.0 (75197638)|HEAP_ALLOCATE|[58]|Bytes:19
23:58:56.0 (75205790)|HEAP_ALLOCATE|[EXTERNAL]|Bytes:4
23:58:56.0 (75217540)|HEAP_ALLOCATE|[56]|Bytes:5
23:58:56.0 (75230311)|VARIABLE_SCOPE_BEGIN|[56]|field|Schema.SObjectField|true|false
23:58:56.0 (75299309)|VARIABLE_ASSIGNMENT|[56]|field|"common.apex.runtime.impl.ApexFieldToken@30a5ee5a"|0x30a5ee5a
23:58:56.0 (75307217)|STATEMENT_EXECUTE|[56]
23:58:56.0 (75399369)|HEAP_ALLOCATE|[57]|Bytes:8
23:58:56.0 (75412500)|STATEMENT_EXECUTE|[58]
23:58:56.0 (75428387)|HEAP_ALLOCATE|[58]|Bytes:8
23:58:56.0 (75436740)|HEAP_ALLOCATE|[58]|Bytes:14
23:58:56.0 (75444507)|HEAP_ALLOCATE|[EXTERNAL]|Bytes:4
23:58:56.0 (75456102)|HEAP_ALLOCATE|[56]|Bytes:5
23:58:56.0 (75468204)|VARIABLE_SCOPE_BEGIN|[56]|field|Schema.SObjectField|true|false
23:58:56.0 (75535228)|VARIABLE_ASSIGNMENT|[56]|field|"common.apex.runtime.impl.ApexFieldToken@77dab170"|0x77dab170
23:58:56.0 (75543618)|STATEMENT_EXECUTE|[56]
23:58:56.0 (75635429)|HEAP_ALLOCATE|[57]|Bytes:8
23:58:56.0 (75648535)|STATEMENT_EXECUTE|[58]
23:58:56.0 (75666200)|HEAP_ALLOCATE|[58]|Bytes:8
23:58:56.0 (75674868)|HEAP_ALLOCATE|[58]|Bytes:25
23:58:56.0 (75682591)|HEAP_ALLOCATE|[EXTERNAL]|Bytes:4
23:58:56.0 (75693953)|HEAP_ALLOCATE|[56]|Bytes:5
23:58:56.0 (75705896)|VARIABLE_SCOPE_BEGIN|[56]|field|Schema.SObjectField|true|false
23:58:56.0 (75773967)|VARIABLE_ASSIGNMENT|[56]|field|"common.apex.runtime.impl.ApexFieldToken@6885339d"|0x6885339d
23:58:56.0 (75782017)|STATEMENT_EXECUTE|[56]
23:58:56.0 (75872034)|HEAP_ALLOCATE|[57]|Bytes:8
23:58:56.0 (75884794)|STATEMENT_EXECUTE|[58]
23:58:56.0 (75900288)|HEAP_ALLOCATE|[58]|Bytes:8
23:58:56.0 (75908385)|HEAP_ALLOCATE|[58]|Bytes:15
23:58:56.0 (75916271)|HEAP_ALLOCATE|[EXTERNAL]|Bytes:4
23:58:56.0 (75927479)|HEAP_ALLOCATE|[56]|Bytes:5
23:58:56.0 (75946783)|VARIABLE_SCOPE_BEGIN|[56]|field|Schema.SObjectField|true|false
23:58:56.0 (76016352)|VARIABLE_ASSIGNMENT|[56]|field|"common.apex.runtime.impl.ApexFieldToken@71709495"|0x71709495
23:58:56.0 (76025039)|STATEMENT_EXECUTE|[56]
23:58:56.0 (76116251)|HEAP_ALLOCATE|[57]|Bytes:8
23:58:56.0 (76129320)|STATEMENT_EXECUTE|[58]
23:58:56.0 (76145228)|HEAP_ALLOCATE|[58]|Bytes:8
23:58:56.0 (76153422)|HEAP_ALLOCATE|[58]|Bytes:23
23:58:56.0 (76161189)|HEAP_ALLOCATE|[EXTERNAL]|Bytes:4
23:58:56.0 (76172500)|HEAP_ALLOCATE|[56]|Bytes:5
23:58:56.0 (76184610)|VARIABLE_SCOPE_BEGIN|[56]|field|Schema.SObjectField|true|false
23:58:56.0 (76251287)|VARIABLE_ASSIGNMENT|[56]|field|"common.apex.runtime.impl.ApexFieldToken@6eb873df"|0x6eb873df
23:58:56.0 (76259342)|STATEMENT_EXECUTE|[56]
23:58:56.0 (76349668)|HEAP_ALLOCATE|[57]|Bytes:8
23:58:56.0 (76362576)|STATEMENT_EXECUTE|[58]
23:58:56.0 (76379801)|HEAP_ALLOCATE|[58]|Bytes:8
23:58:56.0 (76389195)|HEAP_ALLOCATE|[58]|Bytes:16
23:58:56.0 (76396910)|HEAP_ALLOCATE|[EXTERNAL]|Bytes:4
23:58:56.0 (76408445)|HEAP_ALLOCATE|[56]|Bytes:5
23:58:56.0 (76420356)|VARIABLE_SCOPE_BEGIN|[56]|field|Schema.SObjectField|true|false
23:58:56.0 (76486402)|VARIABLE_ASSIGNMENT|[56]|field|"common.apex.runtime.impl.ApexFieldToken@4c4b1e49"|0x4c4b1e49
23:58:56.0 (76494775)|STATEMENT_EXECUTE|[56]
23:58:56.0 (76583645)|HEAP_ALLOCATE|[57]|Bytes:8
23:58:56.0 (76596557)|STATEMENT_EXECUTE|[58]
23:58:56.0 (76612713)|HEAP_ALLOCATE|[58]|Bytes:8
23:58:56.0 (76620886)|HEAP_ALLOCATE|[58]|Bytes:14
23:58:56.0 (76628859)|HEAP_ALLOCATE|[EXTERNAL]|Bytes:4
23:58:56.0 (76640161)|HEAP_ALLOCATE|[56]|Bytes:5
23:58:56.0 (76651794)|VARIABLE_SCOPE_BEGIN|[56]|field|Schema.SObjectField|true|false
23:58:56.0 (108452284)|VARIABLE_ASSIGNMENT|[56]|field|"common.apex.runtime.impl.ApexFieldToken@d93c586"|0xd93c586
23:58:56.0 (108488892)|STATEMENT_EXECUTE|[56]
23:58:56.0 (108898006)|HEAP_ALLOCATE|[57]|Bytes:8
23:58:56.0 (108937591)|STATEMENT_EXECUTE|[58]
23:58:56.0 (108975472)|HEAP_ALLOCATE|[58]|Bytes:8
23:58:56.0 (108997559)|HEAP_ALLOCATE|[58]|Bytes:13
23:58:56.0 (109032566)|HEAP_ALLOCATE|[EXTERNAL]|Bytes:4
23:58:56.0 (109073915)|HEAP_ALLOCATE|[56]|Bytes:5
23:58:56.0 (109113642)|VARIABLE_SCOPE_BEGIN|[56]|field|Schema.SObjectField|true|false
23:58:56.0 (109308282)|VARIABLE_ASSIGNMENT|[56]|field|"common.apex.runtime.impl.ApexFieldToken@78b22c9d"|0x78b22c9d
23:58:56.0 (109321192)|STATEMENT_EXECUTE|[56]
23:58:56.0 (109481824)|HEAP_ALLOCATE|[57]|Bytes:8
23:58:56.0 (109498080)|STATEMENT_EXECUTE|[58]
23:58:56.0 (109516825)|HEAP_ALLOCATE|[58]|Bytes:8
23:58:56.0 (109526138)|HEAP_ALLOCATE|[58]|Bytes:5
23:58:56.0 (109535486)|HEAP_ALLOCATE|[EXTERNAL]|Bytes:4
23:58:56.0 (109549145)|HEAP_ALLOCATE|[56]|Bytes:5
23:58:56.0 (109564355)|VARIABLE_SCOPE_BEGIN|[56]|field|Schema.SObjectField|true|false
23:58:56.0 (109636422)|VARIABLE_ASSIGNMENT|[56]|field|"common.apex.runtime.impl.ApexFieldToken@55399edf"|0x55399edf
23:58:56.0 (109644919)|STATEMENT_EXECUTE|[56]
23:58:56.0 (109749167)|HEAP_ALLOCATE|[57]|Bytes:8
23:58:56.0 (109762972)|STATEMENT_EXECUTE|[58]
23:58:56.0 (109779599)|HEAP_ALLOCATE|[58]|Bytes:8
23:58:56.0 (109787813)|HEAP_ALLOCATE|[58]|Bytes:11
23:58:56.0 (109796539)|HEAP_ALLOCATE|[EXTERNAL]|Bytes:4
23:58:56.0 (109808347)|HEAP_ALLOCATE|[56]|Bytes:5
23:58:56.0 (109821182)|VARIABLE_SCOPE_BEGIN|[56]|field|Schema.SObjectField|true|false
23:58:56.0 (109887914)|VARIABLE_ASSIGNMENT|[56]|field|"common.apex.runtime.impl.ApexFieldToken@41147b67"|0x41147b67
23:58:56.0 (109896065)|STATEMENT_EXECUTE|[56]
23:58:56.0 (109995739)|HEAP_ALLOCATE|[57]|Bytes:8
23:58:56.0 (110009780)|STATEMENT_EXECUTE|[58]
23:58:56.0 (110032533)|HEAP_ALLOCATE|[58]|Bytes:8
23:58:56.0 (110041804)|HEAP_ALLOCATE|[58]|Bytes:5
23:58:56.0 (110050099)|HEAP_ALLOCATE|[EXTERNAL]|Bytes:4
23:58:56.0 (110061870)|HEAP_ALLOCATE|[56]|Bytes:5
23:58:56.0 (110074729)|VARIABLE_SCOPE_BEGIN|[56]|field|Schema.SObjectField|true|false
23:58:56.0 (110141023)|VARIABLE_ASSIGNMENT|[56]|field|"common.apex.runtime.impl.ApexFieldToken@52382936"|0x52382936
23:58:56.0 (110149197)|STATEMENT_EXECUTE|[56]
23:58:56.0 (110329115)|HEAP_ALLOCATE|[57]|Bytes:8
23:58:56.0 (110343754)|STATEMENT_EXECUTE|[58]
23:58:56.0 (110361146)|HEAP_ALLOCATE|[58]|Bytes:8
23:58:56.0 (110369810)|HEAP_ALLOCATE|[58]|Bytes:25
23:58:56.0 (110377982)|HEAP_ALLOCATE|[EXTERNAL]|Bytes:4
23:58:56.0 (110389994)|HEAP_ALLOCATE|[56]|Bytes:5
23:58:56.0 (110403105)|VARIABLE_SCOPE_BEGIN|[56]|field|Schema.SObjectField|true|false
23:58:56.0 (110470216)|VARIABLE_ASSIGNMENT|[56]|field|"common.apex.runtime.impl.ApexFieldToken@3b873128"|0x3b873128
23:58:56.0 (110477953)|STATEMENT_EXECUTE|[56]
23:58:56.0 (110605475)|HEAP_ALLOCATE|[57]|Bytes:8
23:58:56.0 (110619758)|STATEMENT_EXECUTE|[58]
23:58:56.0 (110636942)|HEAP_ALLOCATE|[58]|Bytes:8
23:58:56.0 (110645245)|HEAP_ALLOCATE|[58]|Bytes:12
23:58:56.0 (110653114)|HEAP_ALLOCATE|[EXTERNAL]|Bytes:4
23:58:56.0 (110664754)|HEAP_ALLOCATE|[56]|Bytes:5
23:58:56.0 (110677623)|VARIABLE_SCOPE_BEGIN|[56]|field|Schema.SObjectField|true|false
23:58:56.0 (110743647)|VARIABLE_ASSIGNMENT|[56]|field|"common.apex.runtime.impl.ApexFieldToken@22d19fe1"|0x22d19fe1
23:58:56.0 (110751863)|STATEMENT_EXECUTE|[56]
23:58:56.0 (110846854)|HEAP_ALLOCATE|[57]|Bytes:8
23:58:56.0 (110860234)|STATEMENT_EXECUTE|[58]
23:58:56.0 (110876176)|HEAP_ALLOCATE|[58]|Bytes:8
23:58:56.0 (110884691)|HEAP_ALLOCATE|[58]|Bytes:21
23:58:56.0 (110892488)|HEAP_ALLOCATE|[EXTERNAL]|Bytes:4
23:58:56.0 (110904089)|HEAP_ALLOCATE|[56]|Bytes:5
23:58:56.0 (110916341)|VARIABLE_SCOPE_BEGIN|[56]|field|Schema.SObjectField|true|false
23:58:56.0 (110984955)|VARIABLE_ASSIGNMENT|[56]|field|"common.apex.runtime.impl.ApexFieldToken@407c079f"|0x407c079f
23:58:56.0 (110992868)|STATEMENT_EXECUTE|[56]
23:58:56.0 (111089796)|HEAP_ALLOCATE|[57]|Bytes:8
23:58:56.0 (111103921)|STATEMENT_EXECUTE|[58]
23:58:56.0 (111120517)|HEAP_ALLOCATE|[58]|Bytes:8
23:58:56.0 (111128759)|HEAP_ALLOCATE|[58]|Bytes:19
23:58:56.0 (111136796)|HEAP_ALLOCATE|[EXTERNAL]|Bytes:4
23:58:56.0 (111147991)|HEAP_ALLOCATE|[56]|Bytes:5
23:58:56.0 (111159855)|VARIABLE_SCOPE_BEGIN|[56]|field|Schema.SObjectField|true|false
23:58:56.0 (111224656)|VARIABLE_ASSIGNMENT|[56]|field|"common.apex.runtime.impl.ApexFieldToken@539ef73f"|0x539ef73f
23:58:56.0 (111233198)|STATEMENT_EXECUTE|[56]
23:58:56.0 (111326055)|HEAP_ALLOCATE|[57]|Bytes:8
23:58:56.0 (111338825)|STATEMENT_EXECUTE|[58]
23:58:56.0 (111354529)|HEAP_ALLOCATE|[58]|Bytes:8
23:58:56.0 (111362728)|HEAP_ALLOCATE|[58]|Bytes:8
23:58:56.0 (111370342)|HEAP_ALLOCATE|[EXTERNAL]|Bytes:4
23:58:56.0 (111381605)|HEAP_ALLOCATE|[56]|Bytes:5
23:58:56.0 (111393239)|VARIABLE_SCOPE_BEGIN|[56]|field|Schema.SObjectField|true|false
23:58:56.0 (111457109)|VARIABLE_ASSIGNMENT|[56]|field|"common.apex.runtime.impl.ApexFieldToken@51928215"|0x51928215
23:58:56.0 (111465151)|STATEMENT_EXECUTE|[56]
23:58:56.0 (111552037)|HEAP_ALLOCATE|[57]|Bytes:8
23:58:56.0 (111565003)|STATEMENT_EXECUTE|[58]
23:58:56.0 (111581115)|HEAP_ALLOCATE|[58]|Bytes:8
23:58:56.0 (111589020)|HEAP_ALLOCATE|[58]|Bytes:8
23:58:56.0 (111596471)|HEAP_ALLOCATE|[EXTERNAL]|Bytes:4
23:58:56.0 (111607393)|HEAP_ALLOCATE|[56]|Bytes:5
23:58:56.0 (111619200)|VARIABLE_SCOPE_BEGIN|[56]|field|Schema.SObjectField|true|false
23:58:56.0 (111682778)|VARIABLE_ASSIGNMENT|[56]|field|"common.apex.runtime.impl.ApexFieldToken@7f923151"|0x7f923151
23:58:56.0 (111690892)|STATEMENT_EXECUTE|[56]
23:58:56.0 (111776538)|HEAP_ALLOCATE|[57]|Bytes:8
23:58:56.0 (111789294)|STATEMENT_EXECUTE|[58]
23:58:56.0 (111804266)|HEAP_ALLOCATE|[58]|Bytes:8
23:58:56.0 (111812092)|HEAP_ALLOCATE|[58]|Bytes:10
23:58:56.0 (111819944)|HEAP_ALLOCATE|[EXTERNAL]|Bytes:4
23:58:56.0 (111830680)|HEAP_ALLOCATE|[56]|Bytes:5
23:58:56.0 (111842865)|VARIABLE_SCOPE_BEGIN|[56]|field|Schema.SObjectField|true|false
23:58:56.0 (111907209)|VARIABLE_ASSIGNMENT|[56]|field|"common.apex.runtime.impl.ApexFieldToken@5ff281c3"|0x5ff281c3
23:58:56.0 (111914975)|STATEMENT_EXECUTE|[56]
23:58:56.0 (112004114)|HEAP_ALLOCATE|[57]|Bytes:8
23:58:56.0 (112022307)|STATEMENT_EXECUTE|[58]
23:58:56.0 (112038284)|HEAP_ALLOCATE|[58]|Bytes:8
23:58:56.0 (112046603)|HEAP_ALLOCATE|[58]|Bytes:8
23:58:56.0 (112054149)|HEAP_ALLOCATE|[EXTERNAL]|Bytes:4
23:58:56.0 (112065924)|HEAP_ALLOCATE|[56]|Bytes:5
23:58:56.0 (112078027)|VARIABLE_SCOPE_BEGIN|[56]|field|Schema.SObjectField|true|false
23:58:56.0 (112142395)|VARIABLE_ASSIGNMENT|[56]|field|"common.apex.runtime.impl.ApexFieldToken@7b71a20d"|0x7b71a20d
23:58:56.0 (112150161)|STATEMENT_EXECUTE|[56]
23:58:56.0 (112237549)|HEAP_ALLOCATE|[57]|Bytes:8
23:58:56.0 (112250587)|STATEMENT_EXECUTE|[58]
23:58:56.0 (112266014)|HEAP_ALLOCATE|[58]|Bytes:8
23:58:56.0 (112273955)|HEAP_ALLOCATE|[58]|Bytes:7
23:58:56.0 (112281575)|HEAP_ALLOCATE|[EXTERNAL]|Bytes:4
23:58:56.0 (112292935)|HEAP_ALLOCATE|[56]|Bytes:5
23:58:56.0 (112304827)|VARIABLE_SCOPE_BEGIN|[56]|field|Schema.SObjectField|true|false
23:58:56.0 (112368762)|VARIABLE_ASSIGNMENT|[56]|field|"common.apex.runtime.impl.ApexFieldToken@3e36155c"|0x3e36155c
23:58:56.0 (112376495)|STATEMENT_EXECUTE|[56]
23:58:56.0 (112459336)|HEAP_ALLOCATE|[57]|Bytes:8
23:58:56.0 (112472075)|STATEMENT_EXECUTE|[58]
23:58:56.0 (112487354)|HEAP_ALLOCATE|[58]|Bytes:8
23:58:56.0 (112495293)|HEAP_ALLOCATE|[58]|Bytes:8
23:58:56.0 (112502514)|HEAP_ALLOCATE|[EXTERNAL]|Bytes:4
23:58:56.0 (112513879)|HEAP_ALLOCATE|[56]|Bytes:5
23:58:56.0 (112526088)|VARIABLE_SCOPE_BEGIN|[56]|field|Schema.SObjectField|true|false
23:58:56.0 (112591354)|VARIABLE_ASSIGNMENT|[56]|field|"common.apex.runtime.impl.ApexFieldToken@50c0b372"|0x50c0b372
23:58:56.0 (112599000)|STATEMENT_EXECUTE|[56]
23:58:56.0 (112686723)|HEAP_ALLOCATE|[57]|Bytes:8
23:58:56.0 (112699540)|STATEMENT_EXECUTE|[58]
23:58:56.0 (112715173)|HEAP_ALLOCATE|[58]|Bytes:8
23:58:56.0 (112723014)|HEAP_ALLOCATE|[58]|Bytes:7
23:58:56.0 (112730357)|HEAP_ALLOCATE|[EXTERNAL]|Bytes:4
23:58:56.0 (112741106)|HEAP_ALLOCATE|[56]|Bytes:5
23:58:56.0 (112753286)|VARIABLE_ASSIGNMENT|[56]|field|null|
23:58:56.0 (112758548)|STATEMENT_EXECUTE|[60]
23:58:56.0 (112763773)|VARIABLE_SCOPE_BEGIN|[60]|allfields|String|false|false
23:58:56.0 (112773548)|VARIABLE_ASSIGNMENT|[60]|allfields|""
23:58:56.0 (112829473)|HEAP_ALLOCATE|[61]|Bytes:5
23:58:56.0 (112838822)|HEAP_ALLOCATE|[61]|Bytes:2
23:58:56.0 (112845165)|VARIABLE_SCOPE_BEGIN|[61]|fieldname|String|false|false
23:58:56.0 (112854107)|VARIABLE_ASSIGNMENT|[61]|fieldname|"Id"
23:58:56.0 (112858271)|STATEMENT_EXECUTE|[62]
23:58:56.0 (112860768)|HEAP_ALLOCATE|[62]|Bytes:1
23:58:56.0 (112879791)|HEAP_ALLOCATE|[62]|Bytes:3
23:58:56.0 (112885024)|HEAP_ALLOCATE|[62]|Bytes:3
23:58:56.0 (112890287)|VARIABLE_ASSIGNMENT|[62]|allfields|"Id,"
23:58:56.0 (112900113)|HEAP_ALLOCATE|[61]|Bytes:5
23:58:56.0 (112906601)|HEAP_ALLOCATE|[61]|Bytes:7
23:58:56.0 (112911006)|VARIABLE_SCOPE_BEGIN|[61]|fieldname|String|false|false
23:58:56.0 (112918217)|VARIABLE_ASSIGNMENT|[61]|fieldname|"OwnerId"
23:58:56.0 (112921904)|STATEMENT_EXECUTE|[62]
23:58:56.0 (112925214)|HEAP_ALLOCATE|[62]|Bytes:8
23:58:56.0 (112928887)|HEAP_ALLOCATE|[62]|Bytes:11
23:58:56.0 (112933360)|VARIABLE_ASSIGNMENT|[62]|allfields|"Id,OwnerId,"
23:58:56.0 (112940203)|HEAP_ALLOCATE|[61]|Bytes:5
23:58:56.0 (112946023)|HEAP_ALLOCATE|[61]|Bytes:9
23:58:56.0 (112950114)|VARIABLE_SCOPE_BEGIN|[61]|fieldname|String|false|false
23:58:56.0 (112959549)|VARIABLE_ASSIGNMENT|[61]|fieldname|"IsDeleted"
23:58:56.0 (112963323)|STATEMENT_EXECUTE|[62]
23:58:56.0 (112966387)|HEAP_ALLOCATE|[62]|Bytes:10
23:58:56.0 (112970081)|HEAP_ALLOCATE|[62]|Bytes:21
23:58:56.0 (112976079)|VARIABLE_ASSIGNMENT|[62]|allfields|"Id,OwnerId,IsDeleted (1 more) ..."
23:58:56.0 (112983879)|HEAP_ALLOCATE|[61]|Bytes:5
23:58:56.0 (112989979)|HEAP_ALLOCATE|[61]|Bytes:4
23:58:56.0 (112993762)|VARIABLE_SCOPE_BEGIN|[61]|fieldname|String|false|false
23:58:56.0 (113000175)|VARIABLE_ASSIGNMENT|[61]|fieldname|"Name"
23:58:56.0 (113004640)|STATEMENT_EXECUTE|[62]
23:58:56.0 (113007565)|HEAP_ALLOCATE|[62]|Bytes:5
23:58:56.0 (113011003)|HEAP_ALLOCATE|[62]|Bytes:26
23:58:56.0 (113020493)|VARIABLE_ASSIGNMENT|[62]|allfields|"Id,OwnerId,IsDeleted (6 more) ..."
23:58:56.0 (113027966)|HEAP_ALLOCATE|[61]|Bytes:5
23:58:56.0 (113033832)|HEAP_ALLOCATE|[61]|Bytes:11
23:58:56.0 (113037666)|VARIABLE_SCOPE_BEGIN|[61]|fieldname|String|false|false
23:58:56.0 (113044254)|VARIABLE_ASSIGNMENT|[61]|fieldname|"CreatedDate"
23:58:56.0 (113047763)|STATEMENT_EXECUTE|[62]
23:58:56.0 (113051076)|HEAP_ALLOCATE|[62]|Bytes:12
23:58:56.0 (113054716)|HEAP_ALLOCATE|[62]|Bytes:38
23:58:56.0 (113059833)|VARIABLE_ASSIGNMENT|[62]|allfields|"Id,OwnerId,IsDeleted (18 more) ..."
23:58:56.0 (113066931)|HEAP_ALLOCATE|[61]|Bytes:5
23:58:56.0 (113072329)|HEAP_ALLOCATE|[61]|Bytes:11
23:58:56.0 (113075817)|VARIABLE_SCOPE_BEGIN|[61]|fieldname|String|false|false
23:58:56.0 (113081972)|VARIABLE_ASSIGNMENT|[61]|fieldname|"CreatedById"
23:58:56.0 (113085002)|STATEMENT_EXECUTE|[62]
23:58:56.0 (113087623)|HEAP_ALLOCATE|[62]|Bytes:12
23:58:56.0 (113091001)|HEAP_ALLOCATE|[62]|Bytes:50
23:58:56.0 (113095701)|VARIABLE_ASSIGNMENT|[62]|allfields|"Id,OwnerId,IsDeleted (30 more) ..."
23:58:56.0 (113102200)|HEAP_ALLOCATE|[61]|Bytes:5
23:58:56.0 (113107769)|HEAP_ALLOCATE|[61]|Bytes:16
23:58:56.0 (113111303)|VARIABLE_SCOPE_BEGIN|[61]|fieldname|String|false|false
23:58:56.0 (113117760)|VARIABLE_ASSIGNMENT|[61]|fieldname|"LastModifiedDate"
23:58:56.0 (113121087)|STATEMENT_EXECUTE|[62]
23:58:56.0 (113123677)|HEAP_ALLOCATE|[62]|Bytes:17
23:58:56.0 (113127399)|HEAP_ALLOCATE|[62]|Bytes:67
23:58:56.0 (113131964)|VARIABLE_ASSIGNMENT|[62]|allfields|"Id,OwnerId,IsDeleted (47 more) ..."
23:58:56.0 (113138664)|HEAP_ALLOCATE|[61]|Bytes:5
23:58:56.0 (113144159)|HEAP_ALLOCATE|[61]|Bytes:16
23:58:56.0 (113147741)|VARIABLE_SCOPE_BEGIN|[61]|fieldname|String|false|false
23:58:56.0 (113154560)|VARIABLE_ASSIGNMENT|[61]|fieldname|"LastModifiedById"
23:58:56.0 (113161943)|STATEMENT_EXECUTE|[62]
23:58:56.0 (113165044)|HEAP_ALLOCATE|[62]|Bytes:17
23:58:56.0 (113168730)|HEAP_ALLOCATE|[62]|Bytes:84
23:58:56.0 (113173512)|VARIABLE_ASSIGNMENT|[62]|allfields|"Id,OwnerId,IsDeleted (64 more) ..."
23:58:56.0 (113180717)|HEAP_ALLOCATE|[61]|Bytes:5
23:58:56.0 (113186371)|HEAP_ALLOCATE|[61]|Bytes:14
23:58:56.0 (113189869)|VARIABLE_SCOPE_BEGIN|[61]|fieldname|String|false|false
23:58:56.0 (113196785)|VARIABLE_ASSIGNMENT|[61]|fieldname|"SystemModstamp"
23:58:56.0 (113200420)|STATEMENT_EXECUTE|[62]
23:58:56.0 (113203045)|HEAP_ALLOCATE|[62]|Bytes:15
23:58:56.0 (113206722)|HEAP_ALLOCATE|[62]|Bytes:99
23:58:56.0 (113211339)|VARIABLE_ASSIGNMENT|[62]|allfields|"Id,OwnerId,IsDeleted (79 more) ..."
23:58:56.0 (113218185)|HEAP_ALLOCATE|[61]|Bytes:5
23:58:56.0 (113223470)|HEAP_ALLOCATE|[61]|Bytes:16
23:58:56.0 (113227067)|VARIABLE_SCOPE_BEGIN|[61]|fieldname|String|false|false
23:58:56.0 (113233635)|VARIABLE_ASSIGNMENT|[61]|fieldname|"LastActivityDate"
23:58:56.0 (113236729)|STATEMENT_EXECUTE|[62]
23:58:56.0 (113239382)|HEAP_ALLOCATE|[62]|Bytes:17
23:58:56.0 (113242867)|HEAP_ALLOCATE|[62]|Bytes:116
23:58:56.0 (113247643)|VARIABLE_ASSIGNMENT|[62]|allfields|"Id,OwnerId,IsDeleted (96 more) ..."
23:58:56.0 (113254361)|HEAP_ALLOCATE|[61]|Bytes:5
23:58:56.0 (113260145)|HEAP_ALLOCATE|[61]|Bytes:14
23:58:56.0 (113263989)|VARIABLE_SCOPE_BEGIN|[61]|fieldname|String|false|false
23:58:56.0 (113270605)|VARIABLE_ASSIGNMENT|[61]|fieldname|"LastViewedDate"
23:58:56.0 (113273750)|STATEMENT_EXECUTE|[62]
23:58:56.0 (113276265)|HEAP_ALLOCATE|[62]|Bytes:15
23:58:56.0 (113279736)|HEAP_ALLOCATE|[62]|Bytes:131
23:58:56.0 (113285076)|VARIABLE_ASSIGNMENT|[62]|allfields|"Id,OwnerId,IsDeleted (111 more) ..."
23:58:56.0 (113291748)|HEAP_ALLOCATE|[61]|Bytes:5
23:58:56.0 (113297294)|HEAP_ALLOCATE|[61]|Bytes:18
23:58:56.0 (113301032)|VARIABLE_SCOPE_BEGIN|[61]|fieldname|String|false|false
23:58:56.0 (113308211)|VARIABLE_ASSIGNMENT|[61]|fieldname|"LastReferencedDate"
23:58:56.0 (113311485)|STATEMENT_EXECUTE|[62]
23:58:56.0 (113314095)|HEAP_ALLOCATE|[62]|Bytes:19
23:58:56.0 (113317724)|HEAP_ALLOCATE|[62]|Bytes:150
23:58:56.0 (113322337)|VARIABLE_ASSIGNMENT|[62]|allfields|"Id,OwnerId,IsDeleted (130 more) ..."
23:58:56.0 (113329167)|HEAP_ALLOCATE|[61]|Bytes:5
23:58:56.0 (113334624)|HEAP_ALLOCATE|[61]|Bytes:9
23:58:56.0 (113338157)|VARIABLE_SCOPE_BEGIN|[61]|fieldname|String|false|false
23:58:56.0 (113344865)|VARIABLE_ASSIGNMENT|[61]|fieldname|"Client__c"
23:58:56.0 (113348334)|STATEMENT_EXECUTE|[62]
23:58:56.0 (113350971)|HEAP_ALLOCATE|[62]|Bytes:10
23:58:56.0 (113354683)|HEAP_ALLOCATE|[62]|Bytes:160
23:58:56.0 (113359578)|VARIABLE_ASSIGNMENT|[62]|allfields|"Id,OwnerId,IsDeleted (140 more) ..."
23:58:56.0 (113366545)|HEAP_ALLOCATE|[61]|Bytes:5
23:58:56.0 (113372157)|HEAP_ALLOCATE|[61]|Bytes:15
23:58:56.0 (113376063)|VARIABLE_SCOPE_BEGIN|[61]|fieldname|String|false|false
23:58:56.0 (113382339)|VARIABLE_ASSIGNMENT|[61]|fieldname|"End_Customer__c"
23:58:56.0 (113385760)|STATEMENT_EXECUTE|[62]
23:58:56.0 (113388261)|HEAP_ALLOCATE|[62]|Bytes:16
23:58:56.0 (113391794)|HEAP_ALLOCATE|[62]|Bytes:176
23:58:56.0 (113396365)|VARIABLE_ASSIGNMENT|[62]|allfields|"Id,OwnerId,IsDeleted (156 more) ..."
23:58:56.0 (113403095)|HEAP_ALLOCATE|[61]|Bytes:5
23:58:56.0 (113408474)|HEAP_ALLOCATE|[61]|Bytes:19
23:58:56.0 (113412112)|VARIABLE_SCOPE_BEGIN|[61]|fieldname|String|false|false
23:58:56.0 (113418919)|VARIABLE_ASSIGNMENT|[61]|fieldname|"Operation_Region__c"
23:58:56.0 (113422539)|STATEMENT_EXECUTE|[62]
23:58:56.0 (113425117)|HEAP_ALLOCATE|[62]|Bytes:20
23:58:56.0 (113428666)|HEAP_ALLOCATE|[62]|Bytes:196
23:58:56.0 (113433327)|VARIABLE_ASSIGNMENT|[62]|allfields|"Id,OwnerId,IsDeleted (176 more) ..."
23:58:56.0 (113440122)|HEAP_ALLOCATE|[61]|Bytes:5
23:58:56.0 (113445868)|HEAP_ALLOCATE|[61]|Bytes:14
23:58:56.0 (113449575)|VARIABLE_SCOPE_BEGIN|[61]|fieldname|String|false|false
23:58:56.0 (113456231)|VARIABLE_ASSIGNMENT|[61]|fieldname|"Work_Region__c"
23:58:56.0 (113459653)|STATEMENT_EXECUTE|[62]
23:58:56.0 (113462149)|HEAP_ALLOCATE|[62]|Bytes:15
23:58:56.0 (113465713)|HEAP_ALLOCATE|[62]|Bytes:211
23:58:56.0 (113470855)|VARIABLE_ASSIGNMENT|[62]|allfields|"Id,OwnerId,IsDeleted (191 more) ..."
23:58:56.0 (113477947)|HEAP_ALLOCATE|[61]|Bytes:5
23:58:56.0 (113483596)|HEAP_ALLOCATE|[61]|Bytes:25
23:58:56.0 (113487134)|VARIABLE_SCOPE_BEGIN|[61]|fieldname|String|false|false
23:58:56.0 (113494204)|VARIABLE_ASSIGNMENT|[61]|fieldname|"Client_Project_Manag (5 more) ..."
23:58:56.0 (113497590)|STATEMENT_EXECUTE|[62]
23:58:56.0 (113500066)|HEAP_ALLOCATE|[62]|Bytes:26
23:58:56.0 (113503811)|HEAP_ALLOCATE|[62]|Bytes:237
23:58:56.0 (113508289)|VARIABLE_ASSIGNMENT|[62]|allfields|"Id,OwnerId,IsDeleted (217 more) ..."
23:58:56.0 (113515341)|HEAP_ALLOCATE|[61]|Bytes:5
23:58:56.0 (113520845)|HEAP_ALLOCATE|[61]|Bytes:15
23:58:56.0 (113524353)|VARIABLE_SCOPE_BEGIN|[61]|fieldname|String|false|false
23:58:56.0 (113530861)|VARIABLE_ASSIGNMENT|[61]|fieldname|"Project_code__c"
23:58:56.0 (113534163)|STATEMENT_EXECUTE|[62]
23:58:56.0 (113536604)|HEAP_ALLOCATE|[62]|Bytes:16
23:58:56.0 (113539925)|HEAP_ALLOCATE|[62]|Bytes:253
23:58:56.0 (113544712)|VARIABLE_ASSIGNMENT|[62]|allfields|"Id,OwnerId,IsDeleted (233 more) ..."
23:58:56.0 (113551412)|HEAP_ALLOCATE|[61]|Bytes:5
23:58:56.0 (113557353)|HEAP_ALLOCATE|[61]|Bytes:23
23:58:56.0 (113560914)|VARIABLE_SCOPE_BEGIN|[61]|fieldname|String|false|false
23:58:56.0 (113568067)|VARIABLE_ASSIGNMENT|[61]|fieldname|"Company_project_code (3 more) ..."
23:58:56.0 (113571287)|STATEMENT_EXECUTE|[62]
23:58:56.0 (113573935)|HEAP_ALLOCATE|[62]|Bytes:24
23:58:56.0 (113577398)|HEAP_ALLOCATE|[62]|Bytes:277
23:58:56.0 (113581740)|VARIABLE_ASSIGNMENT|[62]|allfields|"Id,OwnerId,IsDeleted (257 more) ..."
23:58:56.0 (113588747)|HEAP_ALLOCATE|[61]|Bytes:5
23:58:56.0 (113594275)|HEAP_ALLOCATE|[61]|Bytes:16
23:58:56.0 (113597898)|VARIABLE_SCOPE_BEGIN|[61]|fieldname|String|false|false
23:58:56.0 (113604911)|VARIABLE_ASSIGNMENT|[61]|fieldname|"Project_Scope__c"
23:58:56.0 (113607940)|STATEMENT_EXECUTE|[62]
23:58:56.0 (113610420)|HEAP_ALLOCATE|[62]|Bytes:17
23:58:56.0 (113613893)|HEAP_ALLOCATE|[62]|Bytes:294
23:58:56.0 (113618658)|VARIABLE_ASSIGNMENT|[62]|allfields|"Id,OwnerId,IsDeleted (274 more) ..."
23:58:56.0 (113625228)|HEAP_ALLOCATE|[61]|Bytes:5
23:58:56.0 (113631056)|HEAP_ALLOCATE|[61]|Bytes:14
23:58:56.0 (113634528)|VARIABLE_SCOPE_BEGIN|[61]|fieldname|String|false|false
23:58:56.0 (113640985)|VARIABLE_ASSIGNMENT|[61]|fieldname|"Cost_Centre__c"
23:58:56.0 (113644276)|STATEMENT_EXECUTE|[62]
23:58:56.0 (113646892)|HEAP_ALLOCATE|[62]|Bytes:15
23:58:56.0 (113650339)|HEAP_ALLOCATE|[62]|Bytes:309
23:58:56.0 (113655188)|VARIABLE_ASSIGNMENT|[62]|allfields|"Id,OwnerId,IsDeleted (289 more) ..."
23:58:56.0 (113662583)|HEAP_ALLOCATE|[61]|Bytes:5
23:58:56.0 (113667959)|HEAP_ALLOCATE|[61]|Bytes:13
23:58:56.0 (113671652)|VARIABLE_SCOPE_BEGIN|[61]|fieldname|String|false|false
23:58:56.0 (113678391)|VARIABLE_ASSIGNMENT|[61]|fieldname|"Production__c"
23:58:56.0 (113681889)|STATEMENT_EXECUTE|[62]
23:58:56.0 (113684337)|HEAP_ALLOCATE|[62]|Bytes:14
23:58:56.0 (113687787)|HEAP_ALLOCATE|[62]|Bytes:323
23:58:56.0 (113692422)|VARIABLE_ASSIGNMENT|[62]|allfields|"Id,OwnerId,IsDeleted (303 more) ..."
23:58:56.0 (113698956)|HEAP_ALLOCATE|[61]|Bytes:5
23:58:56.0 (113704168)|HEAP_ALLOCATE|[61]|Bytes:5
23:58:56.0 (113707559)|VARIABLE_SCOPE_BEGIN|[61]|fieldname|String|false|false
23:58:56.0 (113714172)|VARIABLE_ASSIGNMENT|[61]|fieldname|"QC__c"
23:58:56.0 (113717343)|STATEMENT_EXECUTE|[62]
23:58:56.0 (113719765)|HEAP_ALLOCATE|[62]|Bytes:6
23:58:56.0 (113723512)|HEAP_ALLOCATE|[62]|Bytes:329
23:58:56.0 (113728044)|VARIABLE_ASSIGNMENT|[62]|allfields|"Id,OwnerId,IsDeleted (309 more) ..."
23:58:56.0 (113735132)|HEAP_ALLOCATE|[61]|Bytes:5
23:58:56.0 (113740692)|HEAP_ALLOCATE|[61]|Bytes:11
23:58:56.0 (113744212)|VARIABLE_SCOPE_BEGIN|[61]|fieldname|String|false|false
23:58:56.0 (113750598)|VARIABLE_ASSIGNMENT|[61]|fieldname|"Delivery__c"
23:58:56.0 (113753727)|STATEMENT_EXECUTE|[62]
23:58:56.0 (113756207)|HEAP_ALLOCATE|[62]|Bytes:12
23:58:56.0 (113759595)|HEAP_ALLOCATE|[62]|Bytes:341
23:58:56.0 (113764127)|VARIABLE_ASSIGNMENT|[62]|allfields|"Id,OwnerId,IsDeleted (321 more) ..."
23:58:56.0 (113770679)|HEAP_ALLOCATE|[61]|Bytes:5
23:58:56.0 (113776050)|HEAP_ALLOCATE|[61]|Bytes:5
23:58:56.0 (113779708)|VARIABLE_SCOPE_BEGIN|[61]|fieldname|String|false|false
23:58:56.0 (113786475)|VARIABLE_ASSIGNMENT|[61]|fieldname|"QA__c"
23:58:56.0 (113789495)|STATEMENT_EXECUTE|[62]
23:58:56.0 (113792003)|HEAP_ALLOCATE|[62]|Bytes:6
23:58:56.0 (113795416)|HEAP_ALLOCATE|[62]|Bytes:347
23:58:56.0 (113799955)|VARIABLE_ASSIGNMENT|[62]|allfields|"Id,OwnerId,IsDeleted (327 more) ..."
23:58:56.0 (113806516)|HEAP_ALLOCATE|[61]|Bytes:5
23:58:56.0 (113812221)|HEAP_ALLOCATE|[61]|Bytes:25
23:58:56.0 (113815829)|VARIABLE_SCOPE_BEGIN|[61]|fieldname|String|false|false
23:58:56.0 (113822884)|VARIABLE_ASSIGNMENT|[61]|fieldname|"OffshoreProjectManag (5 more) ..."
23:58:56.0 (113826220)|STATEMENT_EXECUTE|[62]
23:58:56.0 (113828784)|HEAP_ALLOCATE|[62]|Bytes:26
23:58:56.0 (113832374)|HEAP_ALLOCATE|[62]|Bytes:373
23:58:56.0 (113836839)|VARIABLE_ASSIGNMENT|[62]|allfields|"Id,OwnerId,IsDeleted (353 more) ..."
23:58:56.0 (113843524)|HEAP_ALLOCATE|[61]|Bytes:5
23:58:56.0 (113848757)|HEAP_ALLOCATE|[61]|Bytes:12
23:58:56.0 (113852449)|VARIABLE_SCOPE_BEGIN|[61]|fieldname|String|false|false
23:58:56.0 (113858714)|VARIABLE_ASSIGNMENT|[61]|fieldname|"Team_Lead__c"
23:58:56.0 (113862082)|STATEMENT_EXECUTE|[62]
23:58:56.0 (113864583)|HEAP_ALLOCATE|[62]|Bytes:13
23:58:56.0 (113868059)|HEAP_ALLOCATE|[62]|Bytes:386
23:58:56.0 (113872738)|VARIABLE_ASSIGNMENT|[62]|allfields|"Id,OwnerId,IsDeleted (366 more) ..."
23:58:56.0 (113879365)|HEAP_ALLOCATE|[61]|Bytes:5
23:58:56.0 (113885115)|HEAP_ALLOCATE|[61]|Bytes:21
23:58:56.0 (113888497)|VARIABLE_SCOPE_BEGIN|[61]|fieldname|String|false|false
23:58:56.0 (113895763)|VARIABLE_ASSIGNMENT|[61]|fieldname|"Project_Start_Date__ (1 more) ..."
23:58:56.0 (113899083)|STATEMENT_EXECUTE|[62]
23:58:56.0 (113901558)|HEAP_ALLOCATE|[62]|Bytes:22
23:58:56.0 (113905268)|HEAP_ALLOCATE|[62]|Bytes:408
23:58:56.0 (113909660)|VARIABLE_ASSIGNMENT|[62]|allfields|"Id,OwnerId,IsDeleted (388 more) ..."
23:58:56.0 (113916164)|HEAP_ALLOCATE|[61]|Bytes:5
23:58:56.0 (113921506)|HEAP_ALLOCATE|[61]|Bytes:19
23:58:56.0 (113925559)|VARIABLE_SCOPE_BEGIN|[61]|fieldname|String|false|false
23:58:56.0 (113932165)|VARIABLE_ASSIGNMENT|[61]|fieldname|"Project_End_Date__c"
23:58:56.0 (113935350)|STATEMENT_EXECUTE|[62]
23:58:56.0 (113937789)|HEAP_ALLOCATE|[62]|Bytes:20
23:58:56.0 (113941334)|HEAP_ALLOCATE|[62]|Bytes:428
23:58:56.0 (113945858)|VARIABLE_ASSIGNMENT|[62]|allfields|"Id,OwnerId,IsDeleted (408 more) ..."
23:58:56.0 (113954492)|HEAP_ALLOCATE|[61]|Bytes:5
23:58:56.0 (113961966)|HEAP_ALLOCATE|[61]|Bytes:8
23:58:56.0 (113965666)|VARIABLE_SCOPE_BEGIN|[61]|fieldname|String|false|false
23:58:56.0 (113972250)|VARIABLE_ASSIGNMENT|[61]|fieldname|"Units__c"
23:58:56.0 (113975893)|STATEMENT_EXECUTE|[62]
23:58:56.0 (113978513)|HEAP_ALLOCATE|[62]|Bytes:9
23:58:56.0 (113982125)|HEAP_ALLOCATE|[62]|Bytes:437
23:58:56.0 (113986967)|VARIABLE_ASSIGNMENT|[62]|allfields|"Id,OwnerId,IsDeleted (417 more) ..."
23:58:56.0 (113993945)|HEAP_ALLOCATE|[61]|Bytes:5
23:58:56.0 (113999285)|HEAP_ALLOCATE|[61]|Bytes:8
23:58:56.0 (114002708)|VARIABLE_SCOPE_BEGIN|[61]|fieldname|String|false|false
23:58:56.0 (114009593)|VARIABLE_ASSIGNMENT|[61]|fieldname|"Nodes__c"
23:58:56.0 (114015979)|STATEMENT_EXECUTE|[62]
23:58:56.0 (114019013)|HEAP_ALLOCATE|[62]|Bytes:9
23:58:56.0 (114022596)|HEAP_ALLOCATE|[62]|Bytes:446
23:58:56.0 (114027373)|VARIABLE_ASSIGNMENT|[62]|allfields|"Id,OwnerId,IsDeleted (426 more) ..."
23:58:56.0 (114034566)|HEAP_ALLOCATE|[61]|Bytes:5
23:58:56.0 (114040127)|HEAP_ALLOCATE|[61]|Bytes:10
23:58:56.0 (114044265)|VARIABLE_SCOPE_BEGIN|[61]|fieldname|String|false|false
23:58:56.0 (114051167)|VARIABLE_ASSIGNMENT|[61]|fieldname|"Footage__c"
23:58:56.0 (114054413)|STATEMENT_EXECUTE|[62]
23:58:56.0 (114057058)|HEAP_ALLOCATE|[62]|Bytes:11
23:58:56.0 (114060813)|HEAP_ALLOCATE|[62]|Bytes:457
23:58:56.0 (114065555)|VARIABLE_ASSIGNMENT|[62]|allfields|"Id,OwnerId,IsDeleted (437 more) ..."
23:58:56.0 (114072234)|HEAP_ALLOCATE|[61]|Bytes:5
23:58:56.0 (114078040)|HEAP_ALLOCATE|[61]|Bytes:8
23:58:56.0 (114081482)|VARIABLE_SCOPE_BEGIN|[61]|fieldname|String|false|false
23:58:56.0 (114087703)|VARIABLE_ASSIGNMENT|[61]|fieldname|"Miles__c"
23:58:56.0 (114090917)|STATEMENT_EXECUTE|[62]
23:58:56.0 (114093360)|HEAP_ALLOCATE|[62]|Bytes:9
23:58:56.0 (114096725)|HEAP_ALLOCATE|[62]|Bytes:466
23:58:56.0 (114101367)|VARIABLE_ASSIGNMENT|[62]|allfields|"Id,OwnerId,IsDeleted (446 more) ..."
23:58:56.0 (114108213)|HEAP_ALLOCATE|[61]|Bytes:5
23:58:56.0 (114113395)|HEAP_ALLOCATE|[61]|Bytes:7
23:58:56.0 (114116815)|VARIABLE_SCOPE_BEGIN|[61]|fieldname|String|false|false
23:58:56.0 (114123175)|VARIABLE_ASSIGNMENT|[61]|fieldname|"Jobs__c"
23:58:56.0 (114126538)|STATEMENT_EXECUTE|[62]
23:58:56.0 (114128936)|HEAP_ALLOCATE|[62]|Bytes:8
23:58:56.0 (114132440)|HEAP_ALLOCATE|[62]|Bytes:474
23:58:56.0 (114137018)|VARIABLE_ASSIGNMENT|[62]|allfields|"Id,OwnerId,IsDeleted (454 more) ..."
23:58:56.0 (114143939)|HEAP_ALLOCATE|[61]|Bytes:5
23:58:56.0 (114149059)|HEAP_ALLOCATE|[61]|Bytes:8
23:58:56.0 (114152428)|VARIABLE_SCOPE_BEGIN|[61]|fieldname|String|false|false
23:58:56.0 (114159104)|VARIABLE_ASSIGNMENT|[61]|fieldname|"Hours__c"
23:58:56.0 (114162153)|STATEMENT_EXECUTE|[62]
23:58:56.0 (114164668)|HEAP_ALLOCATE|[62]|Bytes:9
23:58:56.0 (114168252)|HEAP_ALLOCATE|[62]|Bytes:483
23:58:56.0 (114173110)|VARIABLE_ASSIGNMENT|[62]|allfields|"Id,OwnerId,IsDeleted (463 more) ..."
23:58:56.0 (114179516)|HEAP_ALLOCATE|[61]|Bytes:5
23:58:56.0 (114185225)|HEAP_ALLOCATE|[61]|Bytes:7
23:58:56.0 (114188700)|VARIABLE_SCOPE_BEGIN|[61]|fieldname|String|false|false
23:58:56.0 (114195470)|VARIABLE_ASSIGNMENT|[61]|fieldname|"Team__c"
23:58:56.0 (114198554)|STATEMENT_EXECUTE|[62]
23:58:56.0 (114201079)|HEAP_ALLOCATE|[62]|Bytes:8
23:58:56.0 (114204610)|HEAP_ALLOCATE|[62]|Bytes:491
23:58:56.0 (114209129)|VARIABLE_ASSIGNMENT|[62]|allfields|"Id,OwnerId,IsDeleted (471 more) ..."
23:58:56.0 (114216088)|HEAP_ALLOCATE|[61]|Bytes:5
23:58:56.0 (114222750)|VARIABLE_ASSIGNMENT|[61]|fieldname|null
23:58:56.0 (114226248)|STATEMENT_EXECUTE|[64]
23:58:56.0 (114293640)|HEAP_ALLOCATE|[64]|Bytes:490
23:58:56.0 (114306888)|VARIABLE_ASSIGNMENT|[64]|allfields|"Id,OwnerId,IsDeleted (470 more) ..."
23:58:56.0 (114311165)|STATEMENT_EXECUTE|[66]
23:58:56.0 (114326686)|METHOD_EXIT|[16]|01p7F00000Ehro9|PM_Project_Edit_Controller.getAllFields(String)
23:58:56.0 (114333569)|HEAP_ALLOCATE|[16]|Bytes:32
23:58:56.0 (114342033)|HEAP_ALLOCATE|[16]|Bytes:529
23:58:56.0 (114930921)|SOQL_EXECUTE_BEGIN|[16]|Aggregations:0|select Id,OwnerId,IsDeleted,Name,CreatedDate,CreatedById,LastModifiedDate,LastModifiedById,SystemModstamp,LastActivityDate,LastViewedDate,LastReferencedDate,Client__c,End_Customer__c,Operation_Region__c,Work_Region__c,Client_Project_Manager__c,Project_code__c,Company_project_code__c,Project_Scope__c,Cost_Centre__c,Production__c,QC__c,Delivery__c,QA__c,OffshoreProjectManager__c,Team_Lead__c,Project_Start_Date__c,Project_End_Date__c,Units__c,Nodes__c,Footage__c,Miles__c,Jobs__c,Hours__c,Team__c from Project__c where Id = :pid
23:58:56.0 (119641454)|SOQL_EXECUTE_END|[16]|Rows:1
23:58:56.0 (119670208)|HEAP_ALLOCATE|[16]|Bytes:8
23:58:56.0 (119700738)|HEAP_ALLOCATE|[16]|Bytes:996
23:58:56.0 (119775388)|HEAP_ALLOCATE|[16]|Bytes:8
23:58:56.0 (119794838)|HEAP_ALLOCATE|[16]|Bytes:36
23:58:56.0 (119842131)|HEAP_ALLOCATE|[16]|Bytes:140
23:58:56.0 (119906638)|VARIABLE_ASSIGNMENT|[EXTERNAL]|this|{"mysObject":"0x47fb59","nonSelectedUserId":"(","usersList":"0x27c5afb0"}|0xb6c65f3
23:58:56.0 (119975296)|VARIABLE_ASSIGNMENT|[EXTERNAL]|value|{"Id":"a057F000002dVv5QAE","OwnerId":"0057F000000Tiz6QAC","IsDeleted":false,"Name":"tm Test","CreatedDate":"2017-12-19T10:53:33.000Z","CreatedById":"0057F000000Tiz6QAC","LastModifiedDate":"2017-12-19T11:16:32.000Z","LastModifiedById":"0057F000000Tiz6QAC","SystemModstamp":"2018-01-18T18:41:12.000Z","LastViewedDate":"2018-01-22T07:56:51.000Z","LastReferencedDate":"2018-01-22T07:56:51.000Z","Client__c":"a047F000002zkUjQAI","End_Customer__c":"tm Test","Operation_Region__c":"tm Test","Work_Region__c":"tm Test","Client_Project_Manag (5 more) ...":"tm Test","Project_code__c":"tm Test","Company_project_code (3 more) ...":"321","Project_Scope__c":"DESIGNING","Production__c":50,"QC__c":20,"Delivery__c":10,"QA__c":20,"OffshoreProjectManag (5 more) ...":"0057F000000TpcqQAC","Team_Lead__c":"0057F000000TyzfQAC","Project_Start_Date__ (1 more) ...":"2017-12-19T00:00:00.000Z","Project_End_Date__c":"2017-12-19T00:00:00.000Z","Units__c":true,"Nodes__c":true,"Footage__c":false,"Miles__c":false,"Jobs__c":false,"Hours__c":false,"Team__c":"Mani Sasank, Santhos (30 more) ..."}|0x1e149ba1
23:58:56.0 (120039950)|VARIABLE_ASSIGNMENT|[3]|this.mysObject|{"Id":"a057F000002dVv5QAE","OwnerId":"0057F000000Tiz6QAC","IsDeleted":false,"Name":"tm Test","CreatedDate":"2017-12-19T10:53:33.000Z","CreatedById":"0057F000000Tiz6QAC","LastModifiedDate":"2017-12-19T11:16:32.000Z","LastModifiedById":"0057F000000Tiz6QAC","SystemModstamp":"2018-01-18T18:41:12.000Z","LastViewedDate":"2018-01-22T07:56:51.000Z","LastReferencedDate":"2018-01-22T07:56:51.000Z","Client__c":"a047F000002zkUjQAI","End_Customer__c":"tm Test","Operation_Region__c":"tm Test","Work_Region__c":"tm Test","Client_Project_Manag (5 more) ...":"tm Test","Project_code__c":"tm Test","Company_project_code (3 more) ...":"321","Project_Scope__c":"DESIGNING","Production__c":50,"QC__c":20,"Delivery__c":10,"QA__c":20,"OffshoreProjectManag (5 more) ...":"0057F000000TpcqQAC","Team_Lead__c":"0057F000000TyzfQAC","Project_Start_Date__ (1 more) ...":"2017-12-19T00:00:00.000Z","Project_End_Date__c":"2017-12-19T00:00:00.000Z","Units__c":true,"Nodes__c":true,"Footage__c":false,"Miles__c":false,"Jobs__c":false,"Hours__c":false,"Team__c":"Mani Sasank, Santhos (30 more) ..."}|0xb6c65f3
23:58:56.0 (120065041)|STATEMENT_EXECUTE|[17]
23:58:56.0 (120123460)|VARIABLE_ASSIGNMENT|[EXTERNAL]|this|{"mysObject":"0x1e149ba1","nonSelectedUserId":"(","usersList":"0x27c5afb0"}|0xb6c65f3
23:58:56.0 (120202026)|VARIABLE_ASSIGNMENT|[EXTERNAL]|this|{"mysObject":"0x1e149ba1","nonSelectedUserId":"(","usersList":"0x27c5afb0"}|0xb6c65f3
23:58:56.0 (120211669)|VARIABLE_ASSIGNMENT|[EXTERNAL]|value|"tm Test"
23:58:56.0 (120221044)|VARIABLE_ASSIGNMENT|[4]|this.pName|"tm Test"|0xb6c65f3
23:58:56.0 (120228116)|STATEMENT_EXECUTE|[19]
23:58:56.0 (120231845)|HEAP_ALLOCATE|[19]|Bytes:86
23:58:56.0 (120253780)|HEAP_ALLOCATE|[19]|Bytes:4
23:58:56.0 (120265742)|HEAP_ALLOCATE|[19]|Bytes:7
23:58:56.0 (120533266)|SOQL_EXECUTE_BEGIN|[19]|Aggregations:0|SELECT Name, UserLink__c FROM ProjectJobAssociation__c WHERE ProjectLink__c = :tmpVar1
23:58:56.0 (123219761)|SOQL_EXECUTE_END|[19]|Rows:5
23:58:56.0 (123239962)|HEAP_ALLOCATE|[19]|Bytes:24
23:58:56.0 (123259392)|HEAP_ALLOCATE|[19]|Bytes:380
23:58:56.0 (123320152)|HEAP_ALLOCATE|[19]|Bytes:24
23:58:56.0 (123334120)|VARIABLE_SCOPE_BEGIN|[19]|pja|List<ProjectJobAssociation__c>|true|false
23:58:56.0 (123365041)|VARIABLE_ASSIGNMENT|[19]|pja|[{"Name":"A-0002","UserLink__c":"0057F000000TpdFQAS","Id":"a087F000009HOLTQA4"},{"Name":"A-0003","UserLink__c":"0057F000000TrBBQA0","Id":"a087F000009HOLUQA4"},{"Name":"A-0004","UserLink__c":"0057F000000TrBGQA0","Id":"a087F000009HOLVQA4"},{"Name":"A-0005","UserLink__c":"0057F000000TrBVQA0","Id":"a087F000009HOLWQA4"},{"Name":"A-0006","UserLink__c":"0057F000000Tz0iQAC","Id":"a087F000009HOLXQA4"}]|0x5110de97
23:58:56.0 (123375636)|STATEMENT_EXECUTE|[20]
23:58:56.0 (123387945)|HEAP_ALLOCATE|[20]|Bytes:4
23:58:56.0 (123456961)|VARIABLE_ASSIGNMENT|[EXTERNAL]|this|{"mysObject":"0x1e149ba1","nonSelectedUserId":"(","pName":"tm Test","usersList":"0x27c5afb0"}|0xb6c65f3
23:58:56.0 (123487778)|HEAP_ALLOCATE|[EXTERNAL]|Bytes:4
23:58:56.0 (123496405)|VARIABLE_ASSIGNMENT|[EXTERNAL]|value|[]|0x1f714eea
23:58:56.0 (123508808)|VARIABLE_ASSIGNMENT|[6]|this.selectedUsers|[]|0xb6c65f3
23:58:56.0 (123656654)|HEAP_ALLOCATE|[21]|Bytes:5
23:58:56.0 (123674202)|HEAP_ALLOCATE|[21]|Bytes:16
23:58:56.0 (123683289)|VARIABLE_SCOPE_BEGIN|[21]|spja|ProjectJobAssociation__c|true|false
23:58:56.0 (123698468)|VARIABLE_ASSIGNMENT|[21]|spja|{"Name":"A-0002","UserLink__c":"0057F000000TpdFQAS","Id":"a087F000009HOLTQA4"}|0x7f0eeb02
23:58:56.0 (123704732)|STATEMENT_EXECUTE|[21]
23:58:56.0 (123706217)|STATEMENT_EXECUTE|[22]
23:58:56.0 (123709320)|HEAP_ALLOCATE|[22]|Bytes:45
23:58:56.0 (123721378)|HEAP_ALLOCATE|[22]|Bytes:4
23:58:56.0 (123904552)|SOQL_EXECUTE_BEGIN|[22]|Aggregations:0|SELECT Id, Name FROM User WHERE Id = :tmpVar1
23:58:56.0 (127450280)|SOQL_EXECUTE_END|[22]|Rows:1
23:58:56.0 (127469549)|HEAP_ALLOCATE|[22]|Bytes:8
23:58:56.0 (127481223)|HEAP_ALLOCATE|[22]|Bytes:48
23:58:56.0 (127536389)|HEAP_ALLOCATE|[22]|Bytes:8
23:58:56.0 (127548853)|HEAP_ALLOCATE|[22]|Bytes:30
23:58:56.0 (127576096)|HEAP_ALLOCATE|[22]|Bytes:12
23:58:56.0 (127606513)|VARIABLE_SCOPE_BEGIN|[22]|user1|User|true|false
23:58:56.0 (127625481)|VARIABLE_ASSIGNMENT|[22]|user1|{"Id":"0057F000000TpdFQAS","Name":"Mani Sasank"}|0x355faa40
23:58:56.0 (127632196)|STATEMENT_EXECUTE|[23]
23:58:56.0 (127639644)|HEAP_ALLOCATE|[23]|Bytes:1
23:58:56.0 (127719912)|HEAP_ALLOCATE|[23]|Bytes:18
23:58:56.0 (127733987)|HEAP_ALLOCATE|[23]|Bytes:2
23:58:56.0 (127742294)|HEAP_ALLOCATE|[23]|Bytes:21
23:58:56.0 (127747514)|HEAP_ALLOCATE|[23]|Bytes:22
23:58:56.0 (127762303)|VARIABLE_ASSIGNMENT|[23]|this.nonSelectedUserId|"(\"0057F000000TpdFQAS (2 more) ..."|0xb6c65f3
23:58:56.0 (127767471)|STATEMENT_EXECUTE|[24]
23:58:56.0 (127820300)|VARIABLE_ASSIGNMENT|[EXTERNAL]|this|{"mysObject":"0x1e149ba1","nonSelectedUserId":"(\"0057F000000TpdFQAS (2 more) ...","pName":"tm Test","selectedUsers":"0x1f714eea","usersList":"0x27c5afb0"}|0xb6c65f3
23:58:56.0 (127849803)|HEAP_ALLOCATE|[24]|Bytes:18
23:58:56.0 (127902951)|HEAP_ALLOCATE|[EXTERNAL]|Bytes:4
23:58:56.0 (127921550)|HEAP_ALLOCATE|[21]|Bytes:5
23:58:56.0 (127936544)|HEAP_ALLOCATE|[21]|Bytes:16
23:58:56.0 (127946980)|VARIABLE_SCOPE_BEGIN|[21]|spja|ProjectJobAssociation__c|true|false
23:58:56.0 (127961795)|VARIABLE_ASSIGNMENT|[21]|spja|{"Name":"A-0003","UserLink__c":"0057F000000TrBBQA0","Id":"a087F000009HOLUQA4"}|0x33f6f279
23:58:56.0 (127968523)|STATEMENT_EXECUTE|[21]
23:58:56.0 (127969969)|STATEMENT_EXECUTE|[22]
23:58:56.0 (127981071)|HEAP_ALLOCATE|[22]|Bytes:4
23:58:56.0 (128143852)|SOQL_EXECUTE_BEGIN|[22]|Aggregations:0|SELECT Id, Name FROM User WHERE Id = :tmpVar1
23:58:56.0 (130928153)|SOQL_EXECUTE_END|[22]|Rows:1
23:58:56.0 (130950516)|HEAP_ALLOCATE|[22]|Bytes:8
23:58:56.0 (130962752)|HEAP_ALLOCATE|[22]|Bytes:45
23:58:56.0 (130998142)|HEAP_ALLOCATE|[22]|Bytes:8
23:58:56.0 (131017542)|HEAP_ALLOCATE|[22]|Bytes:12
23:58:56.0 (131025076)|VARIABLE_SCOPE_BEGIN|[22]|user1|User|true|false
23:58:56.0 (131042539)|VARIABLE_ASSIGNMENT|[22]|user1|{"Id":"0057F000000TrBBQA0","Name":"Santhosh"}|0x131a9ab5
23:58:56.0 (131048443)|STATEMENT_EXECUTE|[23]
23:58:56.0 (131076596)|HEAP_ALLOCATE|[23]|Bytes:18
23:58:56.0 (131090960)|HEAP_ALLOCATE|[23]|Bytes:21
23:58:56.0 (131095647)|HEAP_ALLOCATE|[23]|Bytes:43
23:58:56.0 (131108753)|VARIABLE_ASSIGNMENT|[23]|this.nonSelectedUserId|"(\"0057F000000TpdFQAS (23 more) ..."|0xb6c65f3
23:58:56.0 (131114203)|STATEMENT_EXECUTE|[24]
23:58:56.0 (131146790)|VARIABLE_ASSIGNMENT|[EXTERNAL]|this|{"mysObject":"0x1e149ba1","nonSelectedUserId":"(\"0057F000000TpdFQAS (23 more) ...","pName":"tm Test","selectedUsers":"0x1f714eea","usersList":"0x27c5afb0"}|0xb6c65f3
23:58:56.0 (131167809)|HEAP_ALLOCATE|[24]|Bytes:18
23:58:56.0 (131185089)|HEAP_ALLOCATE|[EXTERNAL]|Bytes:4
23:58:56.0 (131206415)|HEAP_ALLOCATE|[21]|Bytes:5
23:58:56.0 (131226130)|HEAP_ALLOCATE|[21]|Bytes:16
23:58:56.0 (131238644)|VARIABLE_SCOPE_BEGIN|[21]|spja|ProjectJobAssociation__c|true|false
23:58:56.0 (131260830)|VARIABLE_ASSIGNMENT|[21]|spja|{"Name":"A-0004","UserLink__c":"0057F000000TrBGQA0","Id":"a087F000009HOLVQA4"}|0x262254b0
23:58:56.0 (131270924)|STATEMENT_EXECUTE|[21]
23:58:56.0 (131273000)|STATEMENT_EXECUTE|[22]
23:58:56.0 (131289350)|HEAP_ALLOCATE|[22]|Bytes:4
23:58:56.0 (131469491)|SOQL_EXECUTE_BEGIN|[22]|Aggregations:0|SELECT Id, Name FROM User WHERE Id = :tmpVar1
23:58:56.0 (134352007)|SOQL_EXECUTE_END|[22]|Rows:1
23:58:56.0 (134371272)|HEAP_ALLOCATE|[22]|Bytes:8
23:58:56.0 (134386939)|HEAP_ALLOCATE|[22]|Bytes:46
23:58:56.0 (134433970)|HEAP_ALLOCATE|[22]|Bytes:8
23:58:56.0 (134463288)|HEAP_ALLOCATE|[22]|Bytes:12
23:58:56.0 (134475210)|VARIABLE_SCOPE_BEGIN|[22]|user1|User|true|false
23:58:56.0 (134500767)|VARIABLE_ASSIGNMENT|[22]|user1|{"Id":"0057F000000TrBGQA0","Name":"Ravi teja"}|0x31c55bf1
23:58:56.0 (134511031)|STATEMENT_EXECUTE|[23]
23:58:56.0 (134559159)|HEAP_ALLOCATE|[23]|Bytes:18
23:58:56.0 (134587713)|HEAP_ALLOCATE|[23]|Bytes:21
23:58:56.0 (134597813)|HEAP_ALLOCATE|[23]|Bytes:64
23:58:56.0 (134619310)|VARIABLE_ASSIGNMENT|[23]|this.nonSelectedUserId|"(\"0057F000000TpdFQAS (44 more) ..."|0xb6c65f3
23:58:56.0 (134630787)|STATEMENT_EXECUTE|[24]
23:58:56.0 (134680982)|VARIABLE_ASSIGNMENT|[EXTERNAL]|this|{"mysObject":"0x1e149ba1","nonSelectedUserId":"(\"0057F000000TpdFQAS (44 more) ...","pName":"tm Test","selectedUsers":"0x1f714eea","usersList":"0x27c5afb0"}|0xb6c65f3
23:58:56.0 (134719682)|HEAP_ALLOCATE|[24]|Bytes:18
23:58:56.0 (134747877)|HEAP_ALLOCATE|[EXTERNAL]|Bytes:4
23:58:56.0 (134775455)|HEAP_ALLOCATE|[21]|Bytes:5
23:58:56.0 (134798741)|HEAP_ALLOCATE|[21]|Bytes:16
23:58:56.0 (134811382)|VARIABLE_SCOPE_BEGIN|[21]|spja|ProjectJobAssociation__c|true|false
23:58:56.0 (134834083)|VARIABLE_ASSIGNMENT|[21]|spja|{"Name":"A-0005","UserLink__c":"0057F000000TrBVQA0","Id":"a087F000009HOLWQA4"}|0x3f735590
23:58:56.0 (134844058)|STATEMENT_EXECUTE|[21]
23:58:56.0 (134846190)|STATEMENT_EXECUTE|[22]
23:58:56.0 (134862566)|HEAP_ALLOCATE|[22]|Bytes:4
23:58:56.0 (135161445)|SOQL_EXECUTE_BEGIN|[22]|Aggregations:0|SELECT Id, Name FROM User WHERE Id = :tmpVar1
23:58:56.0 (137975508)|SOQL_EXECUTE_END|[22]|Rows:1
23:58:56.0 (137998454)|HEAP_ALLOCATE|[22]|Bytes:8
23:58:56.0 (138010036)|HEAP_ALLOCATE|[22]|Bytes:46
23:58:56.0 (138042413)|HEAP_ALLOCATE|[22]|Bytes:8
23:58:56.0 (138061405)|HEAP_ALLOCATE|[22]|Bytes:12
23:58:56.0 (138068466)|VARIABLE_SCOPE_BEGIN|[22]|user1|User|true|false
23:58:56.0 (138086736)|VARIABLE_ASSIGNMENT|[22]|user1|{"Id":"0057F000000TrBVQA0","Name":"Yashwanth"}|0xa0090b
23:58:56.0 (138103688)|STATEMENT_EXECUTE|[23]
23:58:56.0 (138131647)|HEAP_ALLOCATE|[23]|Bytes:18
23:58:56.0 (138146442)|HEAP_ALLOCATE|[23]|Bytes:21
23:58:56.0 (138151351)|HEAP_ALLOCATE|[23]|Bytes:85
23:58:56.0 (138165294)|VARIABLE_ASSIGNMENT|[23]|this.nonSelectedUserId|"(\"0057F000000TpdFQAS (65 more) ..."|0xb6c65f3
23:58:56.0 (138170465)|STATEMENT_EXECUTE|[24]
23:58:56.0 (138204436)|VARIABLE_ASSIGNMENT|[EXTERNAL]|this|{"mysObject":"0x1e149ba1","nonSelectedUserId":"(\"0057F000000TpdFQAS (65 more) ...","pName":"tm Test","selectedUsers":"0x1f714eea","usersList":"0x27c5afb0"}|0xb6c65f3
23:58:56.0 (138225865)|HEAP_ALLOCATE|[24]|Bytes:18
23:58:56.0 (138241571)|HEAP_ALLOCATE|[EXTERNAL]|Bytes:4
23:58:56.0 (138257272)|HEAP_ALLOCATE|[21]|Bytes:5
23:58:56.0 (138270239)|HEAP_ALLOCATE|[21]|Bytes:16
23:58:56.0 (138277317)|VARIABLE_SCOPE_BEGIN|[21]|spja|ProjectJobAssociation__c|true|false
23:58:56.0 (138292772)|VARIABLE_ASSIGNMENT|[21]|spja|{"Name":"A-0006","UserLink__c":"0057F000000Tz0iQAC","Id":"a087F000009HOLXQA4"}|0x372dff87
23:58:56.0 (138298568)|STATEMENT_EXECUTE|[21]
23:58:56.0 (138299885)|STATEMENT_EXECUTE|[22]
23:58:56.0 (138311568)|HEAP_ALLOCATE|[22]|Bytes:4
23:58:56.0 (138451494)|SOQL_EXECUTE_BEGIN|[22]|Aggregations:0|SELECT Id, Name FROM User WHERE Id = :tmpVar1
23:58:56.0 (141068992)|SOQL_EXECUTE_END|[22]|Rows:1
23:58:56.0 (141086827)|HEAP_ALLOCATE|[22]|Bytes:8
23:58:56.0 (141098259)|HEAP_ALLOCATE|[22]|Bytes:42
23:58:56.0 (141129277)|HEAP_ALLOCATE|[22]|Bytes:8
23:58:56.0 (141147207)|HEAP_ALLOCATE|[22]|Bytes:12
23:58:56.0 (141154123)|VARIABLE_SCOPE_BEGIN|[22]|user1|User|true|false
23:58:56.0 (141171744)|VARIABLE_ASSIGNMENT|[22]|user1|{"Id":"0057F000000Tz0iQAC","Name":"Richa"}|0x22e47a4d
23:58:56.0 (141177791)|STATEMENT_EXECUTE|[23]
23:58:56.0 (141204318)|HEAP_ALLOCATE|[23]|Bytes:18
23:58:56.0 (141217577)|HEAP_ALLOCATE|[23]|Bytes:21
23:58:56.0 (141222105)|HEAP_ALLOCATE|[23]|Bytes:106
23:58:56.0 (141235516)|VARIABLE_ASSIGNMENT|[23]|this.nonSelectedUserId|"(\"0057F000000TpdFQAS (86 more) ..."|0xb6c65f3
23:58:56.0 (141240585)|STATEMENT_EXECUTE|[24]
23:58:56.0 (141272862)|VARIABLE_ASSIGNMENT|[EXTERNAL]|this|{"mysObject":"0x1e149ba1","nonSelectedUserId":"(\"0057F000000TpdFQAS (86 more) ...","pName":"tm Test","selectedUsers":"0x1f714eea","usersList":"0x27c5afb0"}|0xb6c65f3
23:58:56.0 (141293164)|HEAP_ALLOCATE|[24]|Bytes:18
23:58:56.0 (141307879)|HEAP_ALLOCATE|[EXTERNAL]|Bytes:4
23:58:56.0 (141322901)|HEAP_ALLOCATE|[21]|Bytes:5
23:58:56.0 (141336496)|VARIABLE_ASSIGNMENT|[21]|spja|null|
23:58:56.0 (141342413)|STATEMENT_EXECUTE|[26]
23:58:56.0 (141393409)|HEAP_ALLOCATE|[26]|Bytes:105
23:58:56.0 (141410903)|VARIABLE_ASSIGNMENT|[26]|this.nonSelectedUserId|"(\"0057F000000TpdFQAS (85 more) ..."|0xb6c65f3
23:58:56.0 (141416038)|STATEMENT_EXECUTE|[27]
23:58:56.0 (141419515)|HEAP_ALLOCATE|[27]|Bytes:1
23:58:56.0 (141425079)|HEAP_ALLOCATE|[27]|Bytes:106
23:58:56.0 (141431640)|VARIABLE_ASSIGNMENT|[27]|this.nonSelectedUserId|"(\"0057F000000TpdFQAS (86 more) ..."|0xb6c65f3
23:58:56.0 (141435730)|STATEMENT_EXECUTE|[28]
23:58:56.0 (141438340)|HEAP_ALLOCATE|[28]|Bytes:46
23:58:56.0 (141443013)|HEAP_ALLOCATE|[28]|Bytes:152
23:58:56.0 (141478584)|USER_DEBUG|[28]|DEBUG|----------------------------------------------("0057F000000TpdFQAS","0057F000000TrBBQA0","0057F000000TrBGQA0","0057F000000TrBVQA0","0057F000000Tz0iQAC")
23:58:56.0 (141494765)|SYSTEM_MODE_EXIT|false
23:58:56.0 (141603130)|SYSTEM_MODE_ENTER|true
23:58:56.0 (150635411)|SYSTEM_MODE_ENTER|true
23:58:56.0 (150694751)|HEAP_ALLOCATE|[EXTERNAL]|Bytes:164
23:58:56.0 (150704405)|HEAP_ALLOCATE|[EXTERNAL]|Bytes:12
23:58:56.0 (150720072)|METHOD_ENTRY|[5]|01p7F00000Ehg8E|MultiselectController.MultiselectController()
23:58:56.0 (150725785)|STATEMENT_EXECUTE|[5]
23:58:56.0 (150729270)|STATEMENT_EXECUTE|[5]
23:58:56.0 (150739782)|SYSTEM_MODE_ENTER|false
23:58:56.0 (150747423)|HEAP_ALLOCATE|[EXTERNAL]|Bytes:5
23:58:56.0 (150754869)|SYSTEM_MODE_EXIT|false
23:58:56.0 (150763453)|METHOD_EXIT|[5]|MultiselectController
23:58:56.0 (150778372)|HEAP_ALLOCATE|[EXTERNAL]|Bytes:20
23:58:56.0 (150784317)|VARIABLE_SCOPE_BEGIN|[5]|this|MultiselectController|true|false
23:58:56.0 (150819495)|VARIABLE_ASSIGNMENT|[5]|this|{}|0x10fcdd8f
23:58:56.0 (150833751)|SYSTEM_MODE_ENTER|false
23:58:56.0 (150839724)|HEAP_ALLOCATE|[EXTERNAL]|Bytes:5
23:58:56.0 (150863638)|SYSTEM_MODE_EXIT|false
23:58:56.0 (150868022)|STATEMENT_EXECUTE|[5]
23:58:56.0 (150874307)|SYSTEM_MODE_ENTER|false
23:58:56.0 (150878553)|HEAP_ALLOCATE|[EXTERNAL]|Bytes:5
23:58:56.0 (150881745)|STATEMENT_EXECUTE|[7]
23:58:56.0 (150883248)|STATEMENT_EXECUTE|[8]
23:58:56.0 (150884209)|STATEMENT_EXECUTE|[23]
23:58:56.0 (150885624)|STATEMENT_EXECUTE|[31]
23:58:56.0 (150887376)|SYSTEM_MODE_EXIT|false
23:58:56.0 (151037595)|SYSTEM_MODE_ENTER|true
23:58:56.0 (151075745)|HEAP_ALLOCATE|[EXTERNAL]|Bytes:24
23:58:56.0 (151172084)|VARIABLE_SCOPE_BEGIN|[31]|this|PM_Project_Edit_Controller|true|false
23:58:56.0 (151209194)|VARIABLE_ASSIGNMENT|[31]|this|{"mysObject":"0x1e149ba1","nonSelectedUserId":"(\"0057F000000TpdFQAS (86 more) ...","pName":"tm Test","selectedUsers":"0x1f714eea","usersList":"0x27c5afb0"}|0xb6c65f3
23:58:56.0 (151230600)|SYSTEM_MODE_ENTER|false
23:58:56.0 (151237538)|HEAP_ALLOCATE|[32]|Bytes:5
23:58:56.0 (151241493)|STATEMENT_EXECUTE|[31]
23:58:56.0 (151242896)|STATEMENT_EXECUTE|[32]
23:58:56.0 (151245678)|HEAP_ALLOCATE|[32]|Bytes:62
23:58:56.0 (151260091)|HEAP_ALLOCATE|[32]|Bytes:4
23:58:56.0 (151440701)|SOQL_EXECUTE_BEGIN|[32]|Aggregations:0|SELECT Id, Name FROM UserRole WHERE Name = 'Software Engineer'
23:58:56.0 (154597582)|SOQL_EXECUTE_END|[32]|Rows:1
23:58:56.0 (154619189)|HEAP_ALLOCATE|[32]|Bytes:8
23:58:56.0 (154631512)|HEAP_ALLOCATE|[32]|Bytes:54
23:58:56.0 (154700283)|HEAP_ALLOCATE|[32]|Bytes:8
23:58:56.0 (154713397)|HEAP_ALLOCATE|[32]|Bytes:34
23:58:56.0 (154757494)|HEAP_ALLOCATE|[32]|Bytes:12
23:58:56.0 (154765254)|VARIABLE_SCOPE_BEGIN|[32]|userRole|UserRole|true|false
23:58:56.0 (154784619)|VARIABLE_ASSIGNMENT|[32]|userRole|{"Id":"00E7F000000MdriUAC","Name":"Software Engineer"}|0xd5bfcf
23:58:56.0 (154792931)|STATEMENT_EXECUTE|[33]
23:58:56.0 (154796603)|HEAP_ALLOCATE|[33]|Bytes:32
23:58:56.0 (154800503)|HEAP_ALLOCATE|[33]|Bytes:71
23:58:56.0 (154813114)|HEAP_ALLOCATE|[33]|Bytes:177
23:58:56.0 (155322849)|EXCEPTION_THROWN|[33]|System.QueryException: line 1:72 no viable alternative at character '"'
23:58:56.0 (155428488)|HEAP_ALLOCATE|[33]|Bytes:52
23:58:56.0 (155448806)|SYSTEM_MODE_EXIT|false
23:58:56.0 (155537423)|FATAL_ERROR|System.QueryException: line 1:72 no viable alternative at character '"'

Class.PM_Project_Edit_Controller.getUsersList: line 33, column 1
