36.0 APEX_CODE,FINEST;APEX_PROFILING,INFO;CALLOUT,INFO;DB,INFO;SYSTEM,DEBUG;VALIDATION,INFO;VISUALFORCE,INFO;WAVE,INFO;WORKFLOW,INFO
23:59:41.0 (246179)|USER_INFO|[EXTERNAL]|0057F000000Tiz6|ksb994@salesforce.com|Pacific Standard Time|GMT-08:00
23:59:41.0 (281030)|EXECUTION_STARTED
23:59:41.0 (284235)|CODE_UNIT_STARTED|[EXTERNAL]|0667F000004uRC1|VF: /apex/PM_Project_Edit
23:59:41.0 (14525634)|SYSTEM_MODE_ENTER|true
23:59:41.0 (14845182)|HEAP_ALLOCATE|[72]|Bytes:3
23:59:41.0 (14886116)|HEAP_ALLOCATE|[77]|Bytes:152
23:59:41.0 (14904476)|HEAP_ALLOCATE|[342]|Bytes:408
23:59:41.0 (14918445)|HEAP_ALLOCATE|[355]|Bytes:408
23:59:41.0 (14930913)|HEAP_ALLOCATE|[467]|Bytes:48
23:59:41.0 (14955699)|HEAP_ALLOCATE|[139]|Bytes:6
23:59:41.0 (14970006)|HEAP_ALLOCATE|[EXTERNAL]|Bytes:144
23:59:41.0 (14975024)|HEAP_ALLOCATE|[EXTERNAL]|Bytes:20
23:59:41.0 (14978236)|HEAP_ALLOCATE|[EXTERNAL]|Bytes:11
23:59:41.0 (14986182)|METHOD_ENTRY|[1]|01p7F00000Ehro9|PM_Project_Edit_Controller.PM_Project_Edit_Controller()
23:59:41.0 (14991828)|STATEMENT_EXECUTE|[1]
23:59:41.0 (14995619)|STATEMENT_EXECUTE|[1]
23:59:41.0 (15021825)|HEAP_ALLOCATE|[50]|Bytes:5
23:59:41.0 (15042160)|HEAP_ALLOCATE|[56]|Bytes:5
23:59:41.0 (15048775)|HEAP_ALLOCATE|[64]|Bytes:7
23:59:41.0 (15068342)|SYSTEM_MODE_ENTER|false
23:59:41.0 (15080194)|HEAP_ALLOCATE|[EXTERNAL]|Bytes:5
23:59:41.0 (15087404)|SYSTEM_MODE_EXIT|false
23:59:41.0 (15094702)|METHOD_EXIT|[1]|PM_Project_Edit_Controller
23:59:41.0 (15135661)|HEAP_ALLOCATE|[EXTERNAL]|Bytes:24
23:59:41.0 (15150570)|VARIABLE_SCOPE_BEGIN|[10]|this|PM_Project_Edit_Controller|true|false
23:59:41.0 (15211244)|VARIABLE_ASSIGNMENT|[10]|this|{}|0x5ab27c4f
23:59:41.0 (15219475)|VARIABLE_SCOPE_BEGIN|[10]|stdController|ApexPages.StandardController|true|false
23:59:41.0 (15409635)|VARIABLE_ASSIGNMENT|[10]|stdController|"StandardController [null]"|0x59686780
23:59:41.0 (15433811)|SYSTEM_MODE_ENTER|false
23:59:41.0 (15440044)|HEAP_ALLOCATE|[7]|Bytes:5
23:59:41.0 (15444021)|STATEMENT_EXECUTE|[1]
23:59:41.0 (15448469)|HEAP_ALLOCATE|[7]|Bytes:5
23:59:41.0 (15450988)|STATEMENT_EXECUTE|[3]
23:59:41.0 (15452599)|STATEMENT_EXECUTE|[4]
23:59:41.0 (15453399)|STATEMENT_EXECUTE|[6]
23:59:41.0 (15454194)|STATEMENT_EXECUTE|[7]
23:59:41.0 (15469221)|HEAP_ALLOCATE|[7]|Bytes:4
23:59:41.0 (15552602)|HEAP_ALLOCATE|[EXTERNAL]|Bytes:4
23:59:41.0 (15565779)|VARIABLE_ASSIGNMENT|[7]|this.usersList|[]|0x5ab27c4f
23:59:41.0 (15570847)|STATEMENT_EXECUTE|[8]
23:59:41.0 (15573543)|HEAP_ALLOCATE|[8]|Bytes:1
23:59:41.0 (15582674)|VARIABLE_ASSIGNMENT|[8]|this.nonSelectedUserId|"("|0x5ab27c4f
23:59:41.0 (15592926)|HEAP_ALLOCATE|[8]|Bytes:6
23:59:41.0 (15622415)|STATEMENT_EXECUTE|[10]
23:59:41.0 (15624107)|STATEMENT_EXECUTE|[11]
23:59:41.0 (15721490)|HEAP_ALLOCATE|[11]|Bytes:4
23:59:41.0 (15766134)|VARIABLE_ASSIGNMENT|[EXTERNAL]|this|{"nonSelectedUserId":"(","usersList":"0x2d48ae51"}|0x5ab27c4f
23:59:41.0 (15781878)|VARIABLE_ASSIGNMENT|[EXTERNAL]|value|{}|0x1c49fdc
23:59:41.0 (15796545)|VARIABLE_ASSIGNMENT|[3]|this.mysObject|{}|0x5ab27c4f
23:59:41.0 (15809826)|STATEMENT_EXECUTE|[12]
23:59:41.0 (15844498)|HEAP_ALLOCATE|[12]|Bytes:43
23:59:41.0 (15881688)|HEAP_ALLOCATE|[12]|Bytes:18
23:59:41.0 (15908838)|HEAP_ALLOCATE|[12]|Bytes:3
23:59:41.0 (15939767)|HEAP_ALLOCATE|[12]|Bytes:4
23:59:41.0 (15946135)|VARIABLE_SCOPE_BEGIN|[12]|pid|Id|false|false
23:59:41.0 (16029198)|VARIABLE_ASSIGNMENT|[12]|pid|"a057F000002dVv5QAE"
23:59:41.0 (16036845)|STATEMENT_EXECUTE|[16]
23:59:41.0 (16039711)|HEAP_ALLOCATE|[16]|Bytes:7
23:59:41.0 (16043918)|HEAP_ALLOCATE|[16]|Bytes:10
23:59:41.0 (16057419)|METHOD_ENTRY|[16]|01p7F00000Ehro9|PM_Project_Edit_Controller.getAllFields(String)
23:59:41.0 (16073135)|VARIABLE_SCOPE_BEGIN|[50]|sobjectname|String|false|false
23:59:41.0 (16082079)|VARIABLE_ASSIGNMENT|[50]|sobjectname|"Project__c"
23:59:41.0 (16098234)|HEAP_ALLOCATE|[51]|Bytes:5
23:59:41.0 (16101708)|STATEMENT_EXECUTE|[50]
23:59:41.0 (33797551)|HEAP_ALLOCATE|[51]|Bytes:1468
23:59:41.0 (33848882)|STATEMENT_EXECUTE|[51]
23:59:41.0 (33851619)|STATEMENT_EXECUTE|[54]
23:59:41.0 (37011089)|HEAP_ALLOCATE|[54]|Bytes:1468
23:59:41.0 (37206639)|HEAP_ALLOCATE|[54]|Bytes:4
23:59:41.0 (37250301)|HEAP_ALLOCATE|[54]|Bytes:4
23:59:41.0 (38500185)|HEAP_ALLOCATE|[54]|Bytes:148
23:59:41.0 (38515957)|VARIABLE_SCOPE_BEGIN|[54]|fields|Map<String,Schema.SObjectField>|true|false
23:59:41.0 (38730114)|VARIABLE_ASSIGNMENT|[54]|fields|"{client__c=Client__c, client_project_manager__c=Client_Project_Manager__c, company_project_code__c=Company_project_code__c, cost_centre__c=Cost_Centre__c, createdbyid=CreatedById, createddate=CreatedDate, delivery__c=Delivery__c, end_customer__c=End_Customer__c, footage__c=Footage__c, hours__c=Hours__c, ...}"|0x2f1f40d5
23:59:41.0 (38740714)|STATEMENT_EXECUTE|[55]
23:59:41.0 (38757503)|HEAP_ALLOCATE|[55]|Bytes:4
23:59:41.0 (38788449)|VARIABLE_SCOPE_BEGIN|[55]|accessiblefields|List<String>|true|false
23:59:41.0 (38816857)|HEAP_ALLOCATE|[EXTERNAL]|Bytes:4
23:59:41.0 (38827830)|VARIABLE_ASSIGNMENT|[55]|accessiblefields|[]|0xaeaa9bb
23:59:41.0 (38871324)|HEAP_ALLOCATE|[EXTERNAL]|Bytes:148
23:59:41.0 (38888427)|HEAP_ALLOCATE|[56]|Bytes:148
23:59:41.0 (38959616)|HEAP_ALLOCATE|[56]|Bytes:5
23:59:41.0 (38979464)|VARIABLE_SCOPE_BEGIN|[56]|field|Schema.SObjectField|true|false
23:59:41.0 (39042486)|VARIABLE_ASSIGNMENT|[56]|field|"common.apex.runtime.impl.ApexFieldToken@51c423ac"|0x51c423ac
23:59:41.0 (39050181)|STATEMENT_EXECUTE|[56]
23:59:41.0 (39411440)|HEAP_ALLOCATE|[57]|Bytes:8
23:59:41.0 (39433097)|STATEMENT_EXECUTE|[58]
23:59:41.0 (39459195)|HEAP_ALLOCATE|[58]|Bytes:8
23:59:41.0 (39472046)|HEAP_ALLOCATE|[58]|Bytes:2
23:59:41.0 (39484409)|HEAP_ALLOCATE|[EXTERNAL]|Bytes:4
23:59:41.0 (39497382)|HEAP_ALLOCATE|[56]|Bytes:5
23:59:41.0 (39510913)|VARIABLE_SCOPE_BEGIN|[56]|field|Schema.SObjectField|true|false
23:59:41.0 (39575265)|VARIABLE_ASSIGNMENT|[56]|field|"common.apex.runtime.impl.ApexFieldToken@488c8a9"|0x488c8a9
23:59:41.0 (39581954)|STATEMENT_EXECUTE|[56]
23:59:41.0 (39697557)|HEAP_ALLOCATE|[57]|Bytes:8
23:59:41.0 (39709856)|STATEMENT_EXECUTE|[58]
23:59:41.0 (39723215)|HEAP_ALLOCATE|[58]|Bytes:8
23:59:41.0 (39729782)|HEAP_ALLOCATE|[58]|Bytes:7
23:59:41.0 (39737581)|HEAP_ALLOCATE|[EXTERNAL]|Bytes:4
23:59:41.0 (39747859)|HEAP_ALLOCATE|[56]|Bytes:5
23:59:41.0 (39759790)|VARIABLE_SCOPE_BEGIN|[56]|field|Schema.SObjectField|true|false
23:59:41.0 (39820673)|VARIABLE_ASSIGNMENT|[56]|field|"common.apex.runtime.impl.ApexFieldToken@5bf00ef2"|0x5bf00ef2
23:59:41.0 (39827143)|STATEMENT_EXECUTE|[56]
23:59:41.0 (39902666)|HEAP_ALLOCATE|[57]|Bytes:8
23:59:41.0 (39913290)|STATEMENT_EXECUTE|[58]
23:59:41.0 (39925377)|HEAP_ALLOCATE|[58]|Bytes:8
23:59:41.0 (39931464)|HEAP_ALLOCATE|[58]|Bytes:9
23:59:41.0 (39938508)|HEAP_ALLOCATE|[EXTERNAL]|Bytes:4
23:59:41.0 (39948235)|HEAP_ALLOCATE|[56]|Bytes:5
23:59:41.0 (39959420)|VARIABLE_SCOPE_BEGIN|[56]|field|Schema.SObjectField|true|false
23:59:41.0 (40017156)|VARIABLE_ASSIGNMENT|[56]|field|"common.apex.runtime.impl.ApexFieldToken@1f86bf89"|0x1f86bf89
23:59:41.0 (40024102)|STATEMENT_EXECUTE|[56]
23:59:41.0 (40109653)|HEAP_ALLOCATE|[57]|Bytes:8
23:59:41.0 (40120338)|STATEMENT_EXECUTE|[58]
23:59:41.0 (40132367)|HEAP_ALLOCATE|[58]|Bytes:8
23:59:41.0 (40138814)|HEAP_ALLOCATE|[58]|Bytes:4
23:59:41.0 (40145708)|HEAP_ALLOCATE|[EXTERNAL]|Bytes:4
23:59:41.0 (40159757)|HEAP_ALLOCATE|[56]|Bytes:5
23:59:41.0 (40170439)|VARIABLE_SCOPE_BEGIN|[56]|field|Schema.SObjectField|true|false
23:59:41.0 (40229457)|VARIABLE_ASSIGNMENT|[56]|field|"common.apex.runtime.impl.ApexFieldToken@6faf2696"|0x6faf2696
23:59:41.0 (40235875)|STATEMENT_EXECUTE|[56]
23:59:41.0 (40323405)|HEAP_ALLOCATE|[57]|Bytes:8
23:59:41.0 (40333500)|STATEMENT_EXECUTE|[58]
23:59:41.0 (40345883)|HEAP_ALLOCATE|[58]|Bytes:8
23:59:41.0 (40352071)|HEAP_ALLOCATE|[58]|Bytes:11
23:59:41.0 (40359420)|HEAP_ALLOCATE|[EXTERNAL]|Bytes:4
23:59:41.0 (40368942)|HEAP_ALLOCATE|[56]|Bytes:5
23:59:41.0 (40379316)|VARIABLE_SCOPE_BEGIN|[56]|field|Schema.SObjectField|true|false
23:59:41.0 (40437789)|VARIABLE_ASSIGNMENT|[56]|field|"common.apex.runtime.impl.ApexFieldToken@2da0764a"|0x2da0764a
23:59:41.0 (40443837)|STATEMENT_EXECUTE|[56]
23:59:41.0 (40532384)|HEAP_ALLOCATE|[57]|Bytes:8
23:59:41.0 (40542811)|STATEMENT_EXECUTE|[58]
23:59:41.0 (40555843)|HEAP_ALLOCATE|[58]|Bytes:8
23:59:41.0 (40565417)|HEAP_ALLOCATE|[58]|Bytes:11
23:59:41.0 (40575266)|HEAP_ALLOCATE|[EXTERNAL]|Bytes:4
23:59:41.0 (40585377)|HEAP_ALLOCATE|[56]|Bytes:5
23:59:41.0 (40596102)|VARIABLE_SCOPE_BEGIN|[56]|field|Schema.SObjectField|true|false
23:59:41.0 (40654031)|VARIABLE_ASSIGNMENT|[56]|field|"common.apex.runtime.impl.ApexFieldToken@76fc6a92"|0x76fc6a92
23:59:41.0 (40660097)|STATEMENT_EXECUTE|[56]
23:59:41.0 (40742726)|HEAP_ALLOCATE|[57]|Bytes:8
23:59:41.0 (40753073)|STATEMENT_EXECUTE|[58]
23:59:41.0 (40764864)|HEAP_ALLOCATE|[58]|Bytes:8
23:59:41.0 (40771170)|HEAP_ALLOCATE|[58]|Bytes:16
23:59:41.0 (40778586)|HEAP_ALLOCATE|[EXTERNAL]|Bytes:4
23:59:41.0 (40787569)|HEAP_ALLOCATE|[56]|Bytes:5
23:59:41.0 (40798007)|VARIABLE_SCOPE_BEGIN|[56]|field|Schema.SObjectField|true|false
23:59:41.0 (40856515)|VARIABLE_ASSIGNMENT|[56]|field|"common.apex.runtime.impl.ApexFieldToken@5cacf933"|0x5cacf933
23:59:41.0 (40862816)|STATEMENT_EXECUTE|[56]
23:59:41.0 (40950008)|HEAP_ALLOCATE|[57]|Bytes:8
23:59:41.0 (40960929)|STATEMENT_EXECUTE|[58]
23:59:41.0 (40973205)|HEAP_ALLOCATE|[58]|Bytes:8
23:59:41.0 (40979601)|HEAP_ALLOCATE|[58]|Bytes:16
23:59:41.0 (40986979)|HEAP_ALLOCATE|[EXTERNAL]|Bytes:4
23:59:41.0 (40996007)|HEAP_ALLOCATE|[56]|Bytes:5
23:59:41.0 (41006247)|VARIABLE_SCOPE_BEGIN|[56]|field|Schema.SObjectField|true|false
23:59:41.0 (41064129)|VARIABLE_ASSIGNMENT|[56]|field|"common.apex.runtime.impl.ApexFieldToken@4aa1efa6"|0x4aa1efa6
23:59:41.0 (41070324)|STATEMENT_EXECUTE|[56]
23:59:41.0 (41143790)|HEAP_ALLOCATE|[57]|Bytes:8
23:59:41.0 (41158514)|STATEMENT_EXECUTE|[58]
23:59:41.0 (41170628)|HEAP_ALLOCATE|[58]|Bytes:8
23:59:41.0 (41177596)|HEAP_ALLOCATE|[58]|Bytes:14
23:59:41.0 (41185069)|HEAP_ALLOCATE|[EXTERNAL]|Bytes:4
23:59:41.0 (41194435)|HEAP_ALLOCATE|[56]|Bytes:5
23:59:41.0 (41204374)|VARIABLE_SCOPE_BEGIN|[56]|field|Schema.SObjectField|true|false
23:59:41.0 (41262251)|VARIABLE_ASSIGNMENT|[56]|field|"common.apex.runtime.impl.ApexFieldToken@649dd29e"|0x649dd29e
23:59:41.0 (41268628)|STATEMENT_EXECUTE|[56]
23:59:41.0 (41332957)|HEAP_ALLOCATE|[57]|Bytes:8
23:59:41.0 (41342875)|STATEMENT_EXECUTE|[58]
23:59:41.0 (41354366)|HEAP_ALLOCATE|[58]|Bytes:8
23:59:41.0 (41360261)|HEAP_ALLOCATE|[58]|Bytes:16
23:59:41.0 (41367175)|HEAP_ALLOCATE|[EXTERNAL]|Bytes:4
23:59:41.0 (41375961)|HEAP_ALLOCATE|[56]|Bytes:5
23:59:41.0 (41385688)|VARIABLE_SCOPE_BEGIN|[56]|field|Schema.SObjectField|true|false
23:59:41.0 (41443212)|VARIABLE_ASSIGNMENT|[56]|field|"common.apex.runtime.impl.ApexFieldToken@71208c65"|0x71208c65
23:59:41.0 (41449282)|STATEMENT_EXECUTE|[56]
23:59:41.0 (41513044)|HEAP_ALLOCATE|[57]|Bytes:8
23:59:41.0 (41522690)|STATEMENT_EXECUTE|[58]
23:59:41.0 (41533750)|HEAP_ALLOCATE|[58]|Bytes:8
23:59:41.0 (41539669)|HEAP_ALLOCATE|[58]|Bytes:14
23:59:41.0 (41546330)|HEAP_ALLOCATE|[EXTERNAL]|Bytes:4
23:59:41.0 (41555436)|HEAP_ALLOCATE|[56]|Bytes:5
23:59:41.0 (41565281)|VARIABLE_SCOPE_BEGIN|[56]|field|Schema.SObjectField|true|false
23:59:41.0 (41622313)|VARIABLE_ASSIGNMENT|[56]|field|"common.apex.runtime.impl.ApexFieldToken@4afe8613"|0x4afe8613
23:59:41.0 (41628349)|STATEMENT_EXECUTE|[56]
23:59:41.0 (41690540)|HEAP_ALLOCATE|[57]|Bytes:8
23:59:41.0 (41700232)|STATEMENT_EXECUTE|[58]
23:59:41.0 (41711708)|HEAP_ALLOCATE|[58]|Bytes:8
23:59:41.0 (41717659)|HEAP_ALLOCATE|[58]|Bytes:18
23:59:41.0 (41724158)|HEAP_ALLOCATE|[EXTERNAL]|Bytes:4
23:59:41.0 (41732926)|HEAP_ALLOCATE|[56]|Bytes:5
23:59:41.0 (41742274)|VARIABLE_SCOPE_BEGIN|[56]|field|Schema.SObjectField|true|false
23:59:41.0 (41798147)|VARIABLE_ASSIGNMENT|[56]|field|"common.apex.runtime.impl.ApexFieldToken@f679c35"|0xf679c35
23:59:41.0 (41804124)|STATEMENT_EXECUTE|[56]
23:59:41.0 (42221276)|HEAP_ALLOCATE|[57]|Bytes:8
23:59:41.0 (42235721)|STATEMENT_EXECUTE|[58]
23:59:41.0 (42249950)|HEAP_ALLOCATE|[58]|Bytes:8
23:59:41.0 (42256709)|HEAP_ALLOCATE|[58]|Bytes:9
23:59:41.0 (42265013)|HEAP_ALLOCATE|[EXTERNAL]|Bytes:4
23:59:41.0 (42276306)|HEAP_ALLOCATE|[56]|Bytes:5
23:59:41.0 (42288967)|VARIABLE_SCOPE_BEGIN|[56]|field|Schema.SObjectField|true|false
23:59:41.0 (42350608)|VARIABLE_ASSIGNMENT|[56]|field|"common.apex.runtime.impl.ApexFieldToken@5e4a665"|0x5e4a665
23:59:41.0 (42357153)|STATEMENT_EXECUTE|[56]
23:59:41.0 (42437779)|HEAP_ALLOCATE|[57]|Bytes:8
23:59:41.0 (42448227)|STATEMENT_EXECUTE|[58]
23:59:41.0 (42460896)|HEAP_ALLOCATE|[58]|Bytes:8
23:59:41.0 (42467446)|HEAP_ALLOCATE|[58]|Bytes:15
23:59:41.0 (42474882)|HEAP_ALLOCATE|[EXTERNAL]|Bytes:4
23:59:41.0 (42484592)|HEAP_ALLOCATE|[56]|Bytes:5
23:59:41.0 (42495630)|VARIABLE_SCOPE_BEGIN|[56]|field|Schema.SObjectField|true|false
23:59:41.0 (42554120)|VARIABLE_ASSIGNMENT|[56]|field|"common.apex.runtime.impl.ApexFieldToken@70d24118"|0x70d24118
23:59:41.0 (42560545)|STATEMENT_EXECUTE|[56]
23:59:41.0 (42633309)|HEAP_ALLOCATE|[57]|Bytes:8
23:59:41.0 (42643731)|STATEMENT_EXECUTE|[58]
23:59:41.0 (42655581)|HEAP_ALLOCATE|[58]|Bytes:8
23:59:41.0 (42661930)|HEAP_ALLOCATE|[58]|Bytes:19
23:59:41.0 (42669442)|HEAP_ALLOCATE|[EXTERNAL]|Bytes:4
23:59:41.0 (42679219)|HEAP_ALLOCATE|[56]|Bytes:5
23:59:41.0 (42689855)|VARIABLE_SCOPE_BEGIN|[56]|field|Schema.SObjectField|true|false
23:59:41.0 (42746184)|VARIABLE_ASSIGNMENT|[56]|field|"common.apex.runtime.impl.ApexFieldToken@4e229f0f"|0x4e229f0f
23:59:41.0 (42752645)|STATEMENT_EXECUTE|[56]
23:59:41.0 (42819007)|HEAP_ALLOCATE|[57]|Bytes:8
23:59:41.0 (42828639)|STATEMENT_EXECUTE|[58]
23:59:41.0 (42840025)|HEAP_ALLOCATE|[58]|Bytes:8
23:59:41.0 (42846013)|HEAP_ALLOCATE|[58]|Bytes:14
23:59:41.0 (42852936)|HEAP_ALLOCATE|[EXTERNAL]|Bytes:4
23:59:41.0 (42862371)|HEAP_ALLOCATE|[56]|Bytes:5
23:59:41.0 (42872708)|VARIABLE_SCOPE_BEGIN|[56]|field|Schema.SObjectField|true|false
23:59:41.0 (42929823)|VARIABLE_ASSIGNMENT|[56]|field|"common.apex.runtime.impl.ApexFieldToken@7d1724ca"|0x7d1724ca
23:59:41.0 (42936517)|STATEMENT_EXECUTE|[56]
23:59:41.0 (43002691)|HEAP_ALLOCATE|[57]|Bytes:8
23:59:41.0 (43012801)|STATEMENT_EXECUTE|[58]
23:59:41.0 (43024402)|HEAP_ALLOCATE|[58]|Bytes:8
23:59:41.0 (43030459)|HEAP_ALLOCATE|[58]|Bytes:25
23:59:41.0 (43037161)|HEAP_ALLOCATE|[EXTERNAL]|Bytes:4
23:59:41.0 (43046847)|HEAP_ALLOCATE|[56]|Bytes:5
23:59:41.0 (43056930)|VARIABLE_SCOPE_BEGIN|[56]|field|Schema.SObjectField|true|false
23:59:41.0 (43117759)|VARIABLE_ASSIGNMENT|[56]|field|"common.apex.runtime.impl.ApexFieldToken@5de06283"|0x5de06283
23:59:41.0 (43126718)|STATEMENT_EXECUTE|[56]
23:59:41.0 (43200417)|HEAP_ALLOCATE|[57]|Bytes:8
23:59:41.0 (43210954)|STATEMENT_EXECUTE|[58]
23:59:41.0 (43222614)|HEAP_ALLOCATE|[58]|Bytes:8
23:59:41.0 (43228621)|HEAP_ALLOCATE|[58]|Bytes:15
23:59:41.0 (43235281)|HEAP_ALLOCATE|[EXTERNAL]|Bytes:4
23:59:41.0 (43244752)|HEAP_ALLOCATE|[56]|Bytes:5
23:59:41.0 (43254774)|VARIABLE_SCOPE_BEGIN|[56]|field|Schema.SObjectField|true|false
23:59:41.0 (43311596)|VARIABLE_ASSIGNMENT|[56]|field|"common.apex.runtime.impl.ApexFieldToken@3fd822a6"|0x3fd822a6
23:59:41.0 (43317475)|STATEMENT_EXECUTE|[56]
23:59:41.0 (43382961)|HEAP_ALLOCATE|[57]|Bytes:8
23:59:41.0 (43392919)|STATEMENT_EXECUTE|[58]
23:59:41.0 (43404318)|HEAP_ALLOCATE|[58]|Bytes:8
23:59:41.0 (43410688)|HEAP_ALLOCATE|[58]|Bytes:23
23:59:41.0 (43417133)|HEAP_ALLOCATE|[EXTERNAL]|Bytes:4
23:59:41.0 (43426090)|HEAP_ALLOCATE|[56]|Bytes:5
23:59:41.0 (43436633)|VARIABLE_SCOPE_BEGIN|[56]|field|Schema.SObjectField|true|false
23:59:41.0 (43493305)|VARIABLE_ASSIGNMENT|[56]|field|"common.apex.runtime.impl.ApexFieldToken@655818b5"|0x655818b5
23:59:41.0 (43499326)|STATEMENT_EXECUTE|[56]
23:59:41.0 (43566608)|HEAP_ALLOCATE|[57]|Bytes:8
23:59:41.0 (43576798)|STATEMENT_EXECUTE|[58]
23:59:41.0 (43588722)|HEAP_ALLOCATE|[58]|Bytes:8
23:59:41.0 (43595199)|HEAP_ALLOCATE|[58]|Bytes:16
23:59:41.0 (43601845)|HEAP_ALLOCATE|[EXTERNAL]|Bytes:4
23:59:41.0 (43611275)|HEAP_ALLOCATE|[56]|Bytes:5
23:59:41.0 (43621556)|VARIABLE_SCOPE_BEGIN|[56]|field|Schema.SObjectField|true|false
23:59:41.0 (43678777)|VARIABLE_ASSIGNMENT|[56]|field|"common.apex.runtime.impl.ApexFieldToken@212d51a0"|0x212d51a0
23:59:41.0 (43684851)|STATEMENT_EXECUTE|[56]
23:59:41.0 (43749424)|HEAP_ALLOCATE|[57]|Bytes:8
23:59:41.0 (43759553)|STATEMENT_EXECUTE|[58]
23:59:41.0 (43770890)|HEAP_ALLOCATE|[58]|Bytes:8
23:59:41.0 (43777564)|HEAP_ALLOCATE|[58]|Bytes:14
23:59:41.0 (43784142)|HEAP_ALLOCATE|[EXTERNAL]|Bytes:4
23:59:41.0 (43793409)|HEAP_ALLOCATE|[56]|Bytes:5
23:59:41.0 (43803864)|VARIABLE_SCOPE_BEGIN|[56]|field|Schema.SObjectField|true|false
23:59:41.0 (43860306)|VARIABLE_ASSIGNMENT|[56]|field|"common.apex.runtime.impl.ApexFieldToken@7f07db7c"|0x7f07db7c
23:59:41.0 (43866021)|STATEMENT_EXECUTE|[56]
23:59:41.0 (43937062)|HEAP_ALLOCATE|[57]|Bytes:8
23:59:41.0 (43947826)|STATEMENT_EXECUTE|[58]
23:59:41.0 (43959638)|HEAP_ALLOCATE|[58]|Bytes:8
23:59:41.0 (43965954)|HEAP_ALLOCATE|[58]|Bytes:13
23:59:41.0 (43972878)|HEAP_ALLOCATE|[EXTERNAL]|Bytes:4
23:59:41.0 (43982368)|HEAP_ALLOCATE|[56]|Bytes:5
23:59:41.0 (43992492)|VARIABLE_SCOPE_BEGIN|[56]|field|Schema.SObjectField|true|false
23:59:41.0 (44050185)|VARIABLE_ASSIGNMENT|[56]|field|"common.apex.runtime.impl.ApexFieldToken@1341b28"|0x1341b28
23:59:41.0 (44057544)|STATEMENT_EXECUTE|[56]
23:59:41.0 (44124857)|HEAP_ALLOCATE|[57]|Bytes:8
23:59:41.0 (44134943)|STATEMENT_EXECUTE|[58]
23:59:41.0 (44146878)|HEAP_ALLOCATE|[58]|Bytes:8
23:59:41.0 (44156951)|HEAP_ALLOCATE|[58]|Bytes:5
23:59:41.0 (44163625)|HEAP_ALLOCATE|[EXTERNAL]|Bytes:4
23:59:41.0 (44173066)|HEAP_ALLOCATE|[56]|Bytes:5
23:59:41.0 (44183021)|VARIABLE_SCOPE_BEGIN|[56]|field|Schema.SObjectField|true|false
23:59:41.0 (44239355)|VARIABLE_ASSIGNMENT|[56]|field|"common.apex.runtime.impl.ApexFieldToken@240c360b"|0x240c360b
23:59:41.0 (44245048)|STATEMENT_EXECUTE|[56]
23:59:41.0 (44310982)|HEAP_ALLOCATE|[57]|Bytes:8
23:59:41.0 (44320860)|STATEMENT_EXECUTE|[58]
23:59:41.0 (44332859)|HEAP_ALLOCATE|[58]|Bytes:8
23:59:41.0 (44339576)|HEAP_ALLOCATE|[58]|Bytes:11
23:59:41.0 (44346690)|HEAP_ALLOCATE|[EXTERNAL]|Bytes:4
23:59:41.0 (44355736)|HEAP_ALLOCATE|[56]|Bytes:5
23:59:41.0 (44365356)|VARIABLE_SCOPE_BEGIN|[56]|field|Schema.SObjectField|true|false
23:59:41.0 (44421281)|VARIABLE_ASSIGNMENT|[56]|field|"common.apex.runtime.impl.ApexFieldToken@6fe7d37b"|0x6fe7d37b
23:59:41.0 (44427242)|STATEMENT_EXECUTE|[56]
23:59:41.0 (44491719)|HEAP_ALLOCATE|[57]|Bytes:8
23:59:41.0 (44501762)|STATEMENT_EXECUTE|[58]
23:59:41.0 (44513139)|HEAP_ALLOCATE|[58]|Bytes:8
23:59:41.0 (44519741)|HEAP_ALLOCATE|[58]|Bytes:5
23:59:41.0 (44526079)|HEAP_ALLOCATE|[EXTERNAL]|Bytes:4
23:59:41.0 (44535119)|HEAP_ALLOCATE|[56]|Bytes:5
23:59:41.0 (44544964)|VARIABLE_SCOPE_BEGIN|[56]|field|Schema.SObjectField|true|false
23:59:41.0 (44600445)|VARIABLE_ASSIGNMENT|[56]|field|"common.apex.runtime.impl.ApexFieldToken@2efa29c0"|0x2efa29c0
23:59:41.0 (44606148)|STATEMENT_EXECUTE|[56]
23:59:41.0 (44738742)|HEAP_ALLOCATE|[57]|Bytes:8
23:59:41.0 (44751800)|STATEMENT_EXECUTE|[58]
23:59:41.0 (44766044)|HEAP_ALLOCATE|[58]|Bytes:8
23:59:41.0 (44772672)|HEAP_ALLOCATE|[58]|Bytes:25
23:59:41.0 (44780383)|HEAP_ALLOCATE|[EXTERNAL]|Bytes:4
23:59:41.0 (44790310)|HEAP_ALLOCATE|[56]|Bytes:5
23:59:41.0 (44805348)|VARIABLE_SCOPE_BEGIN|[56]|field|Schema.SObjectField|true|false
23:59:41.0 (44865108)|VARIABLE_ASSIGNMENT|[56]|field|"common.apex.runtime.impl.ApexFieldToken@fb69a6c"|0xfb69a6c
23:59:41.0 (44871349)|STATEMENT_EXECUTE|[56]
23:59:41.0 (44977247)|HEAP_ALLOCATE|[57]|Bytes:8
23:59:41.0 (44988458)|STATEMENT_EXECUTE|[58]
23:59:41.0 (45001059)|HEAP_ALLOCATE|[58]|Bytes:8
23:59:41.0 (45008305)|HEAP_ALLOCATE|[58]|Bytes:12
23:59:41.0 (45015719)|HEAP_ALLOCATE|[EXTERNAL]|Bytes:4
23:59:41.0 (45025684)|HEAP_ALLOCATE|[56]|Bytes:5
23:59:41.0 (45036904)|VARIABLE_SCOPE_BEGIN|[56]|field|Schema.SObjectField|true|false
23:59:41.0 (45095638)|VARIABLE_ASSIGNMENT|[56]|field|"common.apex.runtime.impl.ApexFieldToken@4acf59ff"|0x4acf59ff
23:59:41.0 (45102265)|STATEMENT_EXECUTE|[56]
23:59:41.0 (45176517)|HEAP_ALLOCATE|[57]|Bytes:8
23:59:41.0 (45187851)|STATEMENT_EXECUTE|[58]
23:59:41.0 (45199762)|HEAP_ALLOCATE|[58]|Bytes:8
23:59:41.0 (45206705)|HEAP_ALLOCATE|[58]|Bytes:21
23:59:41.0 (45213474)|HEAP_ALLOCATE|[EXTERNAL]|Bytes:4
23:59:41.0 (45222761)|HEAP_ALLOCATE|[56]|Bytes:5
23:59:41.0 (45233625)|VARIABLE_SCOPE_BEGIN|[56]|field|Schema.SObjectField|true|false
23:59:41.0 (45291276)|VARIABLE_ASSIGNMENT|[56]|field|"common.apex.runtime.impl.ApexFieldToken@1b6227d6"|0x1b6227d6
23:59:41.0 (45297576)|STATEMENT_EXECUTE|[56]
23:59:41.0 (45365447)|HEAP_ALLOCATE|[57]|Bytes:8
23:59:41.0 (45375774)|STATEMENT_EXECUTE|[58]
23:59:41.0 (45387582)|HEAP_ALLOCATE|[58]|Bytes:8
23:59:41.0 (45394042)|HEAP_ALLOCATE|[58]|Bytes:19
23:59:41.0 (45400632)|HEAP_ALLOCATE|[EXTERNAL]|Bytes:4
23:59:41.0 (45409658)|HEAP_ALLOCATE|[56]|Bytes:5
23:59:41.0 (45420196)|VARIABLE_SCOPE_BEGIN|[56]|field|Schema.SObjectField|true|false
23:59:41.0 (45476932)|VARIABLE_ASSIGNMENT|[56]|field|"common.apex.runtime.impl.ApexFieldToken@6429a953"|0x6429a953
23:59:41.0 (45482918)|STATEMENT_EXECUTE|[56]
23:59:41.0 (45548125)|HEAP_ALLOCATE|[57]|Bytes:8
23:59:41.0 (45558189)|STATEMENT_EXECUTE|[58]
23:59:41.0 (45569596)|HEAP_ALLOCATE|[58]|Bytes:8
23:59:41.0 (45575925)|HEAP_ALLOCATE|[58]|Bytes:8
23:59:41.0 (45582583)|HEAP_ALLOCATE|[EXTERNAL]|Bytes:4
23:59:41.0 (45592117)|HEAP_ALLOCATE|[56]|Bytes:5
23:59:41.0 (45602310)|VARIABLE_SCOPE_BEGIN|[56]|field|Schema.SObjectField|true|false
23:59:41.0 (45659151)|VARIABLE_ASSIGNMENT|[56]|field|"common.apex.runtime.impl.ApexFieldToken@5f773a40"|0x5f773a40
23:59:41.0 (45664935)|STATEMENT_EXECUTE|[56]
23:59:41.0 (45728794)|HEAP_ALLOCATE|[57]|Bytes:8
23:59:41.0 (45738810)|STATEMENT_EXECUTE|[58]
23:59:41.0 (45750847)|HEAP_ALLOCATE|[58]|Bytes:8
23:59:41.0 (45756846)|HEAP_ALLOCATE|[58]|Bytes:8
23:59:41.0 (45763468)|HEAP_ALLOCATE|[EXTERNAL]|Bytes:4
23:59:41.0 (45772502)|HEAP_ALLOCATE|[56]|Bytes:5
23:59:41.0 (45782239)|VARIABLE_SCOPE_BEGIN|[56]|field|Schema.SObjectField|true|false
23:59:41.0 (45838278)|VARIABLE_ASSIGNMENT|[56]|field|"common.apex.runtime.impl.ApexFieldToken@6f4790f0"|0x6f4790f0
23:59:41.0 (45844665)|STATEMENT_EXECUTE|[56]
23:59:41.0 (45907272)|HEAP_ALLOCATE|[57]|Bytes:8
23:59:41.0 (45916867)|STATEMENT_EXECUTE|[58]
23:59:41.0 (45928461)|HEAP_ALLOCATE|[58]|Bytes:8
23:59:41.0 (45934496)|HEAP_ALLOCATE|[58]|Bytes:10
23:59:41.0 (45941405)|HEAP_ALLOCATE|[EXTERNAL]|Bytes:4
23:59:41.0 (45950619)|HEAP_ALLOCATE|[56]|Bytes:5
23:59:41.0 (45960209)|VARIABLE_SCOPE_BEGIN|[56]|field|Schema.SObjectField|true|false
23:59:41.0 (46016363)|VARIABLE_ASSIGNMENT|[56]|field|"common.apex.runtime.impl.ApexFieldToken@65915659"|0x65915659
23:59:41.0 (46025375)|STATEMENT_EXECUTE|[56]
23:59:41.0 (46090170)|HEAP_ALLOCATE|[57]|Bytes:8
23:59:41.0 (46100780)|STATEMENT_EXECUTE|[58]
23:59:41.0 (46112838)|HEAP_ALLOCATE|[58]|Bytes:8
23:59:41.0 (46119074)|HEAP_ALLOCATE|[58]|Bytes:8
23:59:41.0 (46125654)|HEAP_ALLOCATE|[EXTERNAL]|Bytes:4
23:59:41.0 (46134193)|HEAP_ALLOCATE|[56]|Bytes:5
23:59:41.0 (46143878)|VARIABLE_SCOPE_BEGIN|[56]|field|Schema.SObjectField|true|false
23:59:41.0 (46203421)|VARIABLE_ASSIGNMENT|[56]|field|"common.apex.runtime.impl.ApexFieldToken@4cdb1889"|0x4cdb1889
23:59:41.0 (46209740)|STATEMENT_EXECUTE|[56]
23:59:41.0 (46273800)|HEAP_ALLOCATE|[57]|Bytes:8
23:59:41.0 (46283794)|STATEMENT_EXECUTE|[58]
23:59:41.0 (46294948)|HEAP_ALLOCATE|[58]|Bytes:8
23:59:41.0 (46300885)|HEAP_ALLOCATE|[58]|Bytes:7
23:59:41.0 (46307908)|HEAP_ALLOCATE|[EXTERNAL]|Bytes:4
23:59:41.0 (46317387)|HEAP_ALLOCATE|[56]|Bytes:5
23:59:41.0 (46327335)|VARIABLE_SCOPE_BEGIN|[56]|field|Schema.SObjectField|true|false
23:59:41.0 (46383127)|VARIABLE_ASSIGNMENT|[56]|field|"common.apex.runtime.impl.ApexFieldToken@2a989e68"|0x2a989e68
23:59:41.0 (46389320)|STATEMENT_EXECUTE|[56]
23:59:41.0 (46451812)|HEAP_ALLOCATE|[57]|Bytes:8
23:59:41.0 (46461562)|STATEMENT_EXECUTE|[58]
23:59:41.0 (46473158)|HEAP_ALLOCATE|[58]|Bytes:8
23:59:41.0 (46479210)|HEAP_ALLOCATE|[58]|Bytes:8
23:59:41.0 (46486060)|HEAP_ALLOCATE|[EXTERNAL]|Bytes:4
23:59:41.0 (46494808)|HEAP_ALLOCATE|[56]|Bytes:5
23:59:41.0 (46504799)|VARIABLE_SCOPE_BEGIN|[56]|field|Schema.SObjectField|true|false
23:59:41.0 (46560664)|VARIABLE_ASSIGNMENT|[56]|field|"common.apex.runtime.impl.ApexFieldToken@790b4bdb"|0x790b4bdb
23:59:41.0 (46566390)|STATEMENT_EXECUTE|[56]
23:59:41.0 (46630953)|HEAP_ALLOCATE|[57]|Bytes:8
23:59:41.0 (46640175)|STATEMENT_EXECUTE|[58]
23:59:41.0 (46652455)|HEAP_ALLOCATE|[58]|Bytes:8
23:59:41.0 (46658798)|HEAP_ALLOCATE|[58]|Bytes:7
23:59:41.0 (46665158)|HEAP_ALLOCATE|[EXTERNAL]|Bytes:4
23:59:41.0 (46674258)|HEAP_ALLOCATE|[56]|Bytes:5
23:59:41.0 (46684012)|VARIABLE_ASSIGNMENT|[56]|field|null|
23:59:41.0 (46688754)|STATEMENT_EXECUTE|[60]
23:59:41.0 (46694094)|VARIABLE_SCOPE_BEGIN|[60]|allfields|String|false|false
23:59:41.0 (46703224)|VARIABLE_ASSIGNMENT|[60]|allfields|""
23:59:41.0 (46735529)|HEAP_ALLOCATE|[61]|Bytes:5
23:59:41.0 (46742482)|HEAP_ALLOCATE|[61]|Bytes:2
23:59:41.0 (46747674)|VARIABLE_SCOPE_BEGIN|[61]|fieldname|String|false|false
23:59:41.0 (46755357)|VARIABLE_ASSIGNMENT|[61]|fieldname|"Id"
23:59:41.0 (46758854)|STATEMENT_EXECUTE|[62]
23:59:41.0 (46760883)|HEAP_ALLOCATE|[62]|Bytes:1
23:59:41.0 (46776907)|HEAP_ALLOCATE|[62]|Bytes:3
23:59:41.0 (46781669)|HEAP_ALLOCATE|[62]|Bytes:3
23:59:41.0 (46786056)|VARIABLE_ASSIGNMENT|[62]|allfields|"Id,"
23:59:41.0 (46793813)|HEAP_ALLOCATE|[61]|Bytes:5
23:59:41.0 (46799065)|HEAP_ALLOCATE|[61]|Bytes:7
23:59:41.0 (46803059)|VARIABLE_SCOPE_BEGIN|[61]|fieldname|String|false|false
23:59:41.0 (46809382)|VARIABLE_ASSIGNMENT|[61]|fieldname|"OwnerId"
23:59:41.0 (46812223)|STATEMENT_EXECUTE|[62]
23:59:41.0 (46814897)|HEAP_ALLOCATE|[62]|Bytes:8
23:59:41.0 (46818072)|HEAP_ALLOCATE|[62]|Bytes:11
23:59:41.0 (46821775)|VARIABLE_ASSIGNMENT|[62]|allfields|"Id,OwnerId,"
23:59:41.0 (46828464)|HEAP_ALLOCATE|[61]|Bytes:5
23:59:41.0 (46833733)|HEAP_ALLOCATE|[61]|Bytes:9
23:59:41.0 (46837034)|VARIABLE_SCOPE_BEGIN|[61]|fieldname|String|false|false
23:59:41.0 (46842751)|VARIABLE_ASSIGNMENT|[61]|fieldname|"IsDeleted"
23:59:41.0 (46845747)|STATEMENT_EXECUTE|[62]
23:59:41.0 (46848352)|HEAP_ALLOCATE|[62]|Bytes:10
23:59:41.0 (46851782)|HEAP_ALLOCATE|[62]|Bytes:21
23:59:41.0 (46858120)|VARIABLE_ASSIGNMENT|[62]|allfields|"Id,OwnerId,IsDeleted (1 more) ..."
23:59:41.0 (46864956)|HEAP_ALLOCATE|[61]|Bytes:5
23:59:41.0 (46869815)|HEAP_ALLOCATE|[61]|Bytes:4
23:59:41.0 (46873902)|VARIABLE_SCOPE_BEGIN|[61]|fieldname|String|false|false
23:59:41.0 (46879884)|VARIABLE_ASSIGNMENT|[61]|fieldname|"Name"
23:59:41.0 (46883126)|STATEMENT_EXECUTE|[62]
23:59:41.0 (46885408)|HEAP_ALLOCATE|[62]|Bytes:5
23:59:41.0 (46889046)|HEAP_ALLOCATE|[62]|Bytes:26
23:59:41.0 (46893252)|VARIABLE_ASSIGNMENT|[62]|allfields|"Id,OwnerId,IsDeleted (6 more) ..."
23:59:41.0 (46899514)|HEAP_ALLOCATE|[61]|Bytes:5
23:59:41.0 (46904342)|HEAP_ALLOCATE|[61]|Bytes:11
23:59:41.0 (46907869)|VARIABLE_SCOPE_BEGIN|[61]|fieldname|String|false|false
23:59:41.0 (46914001)|VARIABLE_ASSIGNMENT|[61]|fieldname|"CreatedDate"
23:59:41.0 (46916845)|STATEMENT_EXECUTE|[62]
23:59:41.0 (46919042)|HEAP_ALLOCATE|[62]|Bytes:12
23:59:41.0 (46922203)|HEAP_ALLOCATE|[62]|Bytes:38
23:59:41.0 (46926544)|VARIABLE_ASSIGNMENT|[62]|allfields|"Id,OwnerId,IsDeleted (18 more) ..."
23:59:41.0 (46933622)|HEAP_ALLOCATE|[61]|Bytes:5
23:59:41.0 (46939139)|HEAP_ALLOCATE|[61]|Bytes:11
23:59:41.0 (46942675)|VARIABLE_SCOPE_BEGIN|[61]|fieldname|String|false|false
23:59:41.0 (46948861)|VARIABLE_ASSIGNMENT|[61]|fieldname|"CreatedById"
23:59:41.0 (46951945)|STATEMENT_EXECUTE|[62]
23:59:41.0 (46954150)|HEAP_ALLOCATE|[62]|Bytes:12
23:59:41.0 (46957351)|HEAP_ALLOCATE|[62]|Bytes:50
23:59:41.0 (46961356)|VARIABLE_ASSIGNMENT|[62]|allfields|"Id,OwnerId,IsDeleted (30 more) ..."
23:59:41.0 (46967572)|HEAP_ALLOCATE|[61]|Bytes:5
23:59:41.0 (46972274)|HEAP_ALLOCATE|[61]|Bytes:16
23:59:41.0 (46975946)|VARIABLE_SCOPE_BEGIN|[61]|fieldname|String|false|false
23:59:41.0 (46982068)|VARIABLE_ASSIGNMENT|[61]|fieldname|"LastModifiedDate"
23:59:41.0 (46985053)|STATEMENT_EXECUTE|[62]
23:59:41.0 (46987197)|HEAP_ALLOCATE|[62]|Bytes:17
23:59:41.0 (46990533)|HEAP_ALLOCATE|[62]|Bytes:67
23:59:41.0 (46994508)|VARIABLE_ASSIGNMENT|[62]|allfields|"Id,OwnerId,IsDeleted (47 more) ..."
23:59:41.0 (47000751)|HEAP_ALLOCATE|[61]|Bytes:5
23:59:41.0 (47006911)|HEAP_ALLOCATE|[61]|Bytes:16
23:59:41.0 (47010217)|VARIABLE_SCOPE_BEGIN|[61]|fieldname|String|false|false
23:59:41.0 (47017113)|VARIABLE_ASSIGNMENT|[61]|fieldname|"LastModifiedById"
23:59:41.0 (47020217)|STATEMENT_EXECUTE|[62]
23:59:41.0 (47022395)|HEAP_ALLOCATE|[62]|Bytes:17
23:59:41.0 (47025617)|HEAP_ALLOCATE|[62]|Bytes:84
23:59:41.0 (47029716)|VARIABLE_ASSIGNMENT|[62]|allfields|"Id,OwnerId,IsDeleted (64 more) ..."
23:59:41.0 (47035926)|HEAP_ALLOCATE|[61]|Bytes:5
23:59:41.0 (47040695)|HEAP_ALLOCATE|[61]|Bytes:14
23:59:41.0 (47043940)|VARIABLE_SCOPE_BEGIN|[61]|fieldname|String|false|false
23:59:41.0 (47049932)|VARIABLE_ASSIGNMENT|[61]|fieldname|"SystemModstamp"
23:59:41.0 (47053356)|STATEMENT_EXECUTE|[62]
23:59:41.0 (47055777)|HEAP_ALLOCATE|[62]|Bytes:15
23:59:41.0 (47058871)|HEAP_ALLOCATE|[62]|Bytes:99
23:59:41.0 (47063249)|VARIABLE_ASSIGNMENT|[62]|allfields|"Id,OwnerId,IsDeleted (79 more) ..."
23:59:41.0 (47069329)|HEAP_ALLOCATE|[61]|Bytes:5
23:59:41.0 (47074341)|HEAP_ALLOCATE|[61]|Bytes:16
23:59:41.0 (47078002)|VARIABLE_SCOPE_BEGIN|[61]|fieldname|String|false|false
23:59:41.0 (47084280)|VARIABLE_ASSIGNMENT|[61]|fieldname|"LastActivityDate"
23:59:41.0 (47087041)|STATEMENT_EXECUTE|[62]
23:59:41.0 (47089210)|HEAP_ALLOCATE|[62]|Bytes:17
23:59:41.0 (47092982)|HEAP_ALLOCATE|[62]|Bytes:116
23:59:41.0 (47097026)|VARIABLE_ASSIGNMENT|[62]|allfields|"Id,OwnerId,IsDeleted (96 more) ..."
23:59:41.0 (47103528)|HEAP_ALLOCATE|[61]|Bytes:5
23:59:41.0 (47108216)|HEAP_ALLOCATE|[61]|Bytes:14
23:59:41.0 (47111682)|VARIABLE_SCOPE_BEGIN|[61]|fieldname|String|false|false
23:59:41.0 (47118538)|VARIABLE_ASSIGNMENT|[61]|fieldname|"LastViewedDate"
23:59:41.0 (47121186)|STATEMENT_EXECUTE|[62]
23:59:41.0 (47123409)|HEAP_ALLOCATE|[62]|Bytes:15
23:59:41.0 (47126551)|HEAP_ALLOCATE|[62]|Bytes:131
23:59:41.0 (47130785)|VARIABLE_ASSIGNMENT|[62]|allfields|"Id,OwnerId,IsDeleted (111 more) ..."
23:59:41.0 (47136911)|HEAP_ALLOCATE|[61]|Bytes:5
23:59:41.0 (47142030)|HEAP_ALLOCATE|[61]|Bytes:18
23:59:41.0 (47145628)|VARIABLE_SCOPE_BEGIN|[61]|fieldname|String|false|false
23:59:41.0 (47156767)|VARIABLE_ASSIGNMENT|[61]|fieldname|"LastReferencedDate"
23:59:41.0 (47160242)|STATEMENT_EXECUTE|[62]
23:59:41.0 (47162616)|HEAP_ALLOCATE|[62]|Bytes:19
23:59:41.0 (47166023)|HEAP_ALLOCATE|[62]|Bytes:150
23:59:41.0 (47170268)|VARIABLE_ASSIGNMENT|[62]|allfields|"Id,OwnerId,IsDeleted (130 more) ..."
23:59:41.0 (47177262)|HEAP_ALLOCATE|[61]|Bytes:5
23:59:41.0 (47182155)|HEAP_ALLOCATE|[61]|Bytes:9
23:59:41.0 (47185771)|VARIABLE_SCOPE_BEGIN|[61]|fieldname|String|false|false
23:59:41.0 (47191930)|VARIABLE_ASSIGNMENT|[61]|fieldname|"Client__c"
23:59:41.0 (47194884)|STATEMENT_EXECUTE|[62]
23:59:41.0 (47197162)|HEAP_ALLOCATE|[62]|Bytes:10
23:59:41.0 (47200307)|HEAP_ALLOCATE|[62]|Bytes:160
23:59:41.0 (47204455)|VARIABLE_ASSIGNMENT|[62]|allfields|"Id,OwnerId,IsDeleted (140 more) ..."
23:59:41.0 (47210658)|HEAP_ALLOCATE|[61]|Bytes:5
23:59:41.0 (47215524)|HEAP_ALLOCATE|[61]|Bytes:15
23:59:41.0 (47218756)|VARIABLE_SCOPE_BEGIN|[61]|fieldname|String|false|false
23:59:41.0 (47225172)|VARIABLE_ASSIGNMENT|[61]|fieldname|"End_Customer__c"
23:59:41.0 (47228470)|STATEMENT_EXECUTE|[62]
23:59:41.0 (47230647)|HEAP_ALLOCATE|[62]|Bytes:16
23:59:41.0 (47234343)|HEAP_ALLOCATE|[62]|Bytes:176
23:59:41.0 (47238448)|VARIABLE_ASSIGNMENT|[62]|allfields|"Id,OwnerId,IsDeleted (156 more) ..."
23:59:41.0 (47244918)|HEAP_ALLOCATE|[61]|Bytes:5
23:59:41.0 (47249666)|HEAP_ALLOCATE|[61]|Bytes:19
23:59:41.0 (47253169)|VARIABLE_SCOPE_BEGIN|[61]|fieldname|String|false|false
23:59:41.0 (47259542)|VARIABLE_ASSIGNMENT|[61]|fieldname|"Operation_Region__c"
23:59:41.0 (47262295)|STATEMENT_EXECUTE|[62]
23:59:41.0 (47264485)|HEAP_ALLOCATE|[62]|Bytes:20
23:59:41.0 (47267516)|HEAP_ALLOCATE|[62]|Bytes:196
23:59:41.0 (47271470)|VARIABLE_ASSIGNMENT|[62]|allfields|"Id,OwnerId,IsDeleted (176 more) ..."
23:59:41.0 (47277209)|HEAP_ALLOCATE|[61]|Bytes:5
23:59:41.0 (47282497)|HEAP_ALLOCATE|[61]|Bytes:14
23:59:41.0 (47285785)|VARIABLE_SCOPE_BEGIN|[61]|fieldname|String|false|false
23:59:41.0 (47291840)|VARIABLE_ASSIGNMENT|[61]|fieldname|"Work_Region__c"
23:59:41.0 (47294919)|STATEMENT_EXECUTE|[62]
23:59:41.0 (47297106)|HEAP_ALLOCATE|[62]|Bytes:15
23:59:41.0 (47300336)|HEAP_ALLOCATE|[62]|Bytes:211
23:59:41.0 (47305019)|VARIABLE_ASSIGNMENT|[62]|allfields|"Id,OwnerId,IsDeleted (191 more) ..."
23:59:41.0 (47311059)|HEAP_ALLOCATE|[61]|Bytes:5
23:59:41.0 (47316056)|HEAP_ALLOCATE|[61]|Bytes:25
23:59:41.0 (47319692)|VARIABLE_SCOPE_BEGIN|[61]|fieldname|String|false|false
23:59:41.0 (47326363)|VARIABLE_ASSIGNMENT|[61]|fieldname|"Client_Project_Manag (5 more) ..."
23:59:41.0 (47329600)|STATEMENT_EXECUTE|[62]
23:59:41.0 (47331734)|HEAP_ALLOCATE|[62]|Bytes:26
23:59:41.0 (47335352)|HEAP_ALLOCATE|[62]|Bytes:237
23:59:41.0 (47339408)|VARIABLE_ASSIGNMENT|[62]|allfields|"Id,OwnerId,IsDeleted (217 more) ..."
23:59:41.0 (47345674)|HEAP_ALLOCATE|[61]|Bytes:5
23:59:41.0 (47350397)|HEAP_ALLOCATE|[61]|Bytes:15
23:59:41.0 (47353959)|VARIABLE_SCOPE_BEGIN|[61]|fieldname|String|false|false
23:59:41.0 (47360081)|VARIABLE_ASSIGNMENT|[61]|fieldname|"Project_code__c"
23:59:41.0 (47363006)|STATEMENT_EXECUTE|[62]
23:59:41.0 (47365163)|HEAP_ALLOCATE|[62]|Bytes:16
23:59:41.0 (47368377)|HEAP_ALLOCATE|[62]|Bytes:253
23:59:41.0 (47372686)|VARIABLE_ASSIGNMENT|[62]|allfields|"Id,OwnerId,IsDeleted (233 more) ..."
23:59:41.0 (47378842)|HEAP_ALLOCATE|[61]|Bytes:5
23:59:41.0 (47384059)|HEAP_ALLOCATE|[61]|Bytes:23
23:59:41.0 (47387463)|VARIABLE_SCOPE_BEGIN|[61]|fieldname|String|false|false
23:59:41.0 (47394410)|VARIABLE_ASSIGNMENT|[61]|fieldname|"Company_project_code (3 more) ..."
23:59:41.0 (47397732)|STATEMENT_EXECUTE|[62]
23:59:41.0 (47400019)|HEAP_ALLOCATE|[62]|Bytes:24
23:59:41.0 (47403294)|HEAP_ALLOCATE|[62]|Bytes:277
23:59:41.0 (47407355)|VARIABLE_ASSIGNMENT|[62]|allfields|"Id,OwnerId,IsDeleted (257 more) ..."
23:59:41.0 (47413308)|HEAP_ALLOCATE|[61]|Bytes:5
23:59:41.0 (47417899)|HEAP_ALLOCATE|[61]|Bytes:16
23:59:41.0 (47421696)|VARIABLE_SCOPE_BEGIN|[61]|fieldname|String|false|false
23:59:41.0 (47427503)|VARIABLE_ASSIGNMENT|[61]|fieldname|"Project_Scope__c"
23:59:41.0 (47430506)|STATEMENT_EXECUTE|[62]
23:59:41.0 (47432766)|HEAP_ALLOCATE|[62]|Bytes:17
23:59:41.0 (47436145)|HEAP_ALLOCATE|[62]|Bytes:294
23:59:41.0 (47440070)|VARIABLE_ASSIGNMENT|[62]|allfields|"Id,OwnerId,IsDeleted (274 more) ..."
23:59:41.0 (47446547)|HEAP_ALLOCATE|[61]|Bytes:5
23:59:41.0 (47451308)|HEAP_ALLOCATE|[61]|Bytes:14
23:59:41.0 (47454782)|VARIABLE_SCOPE_BEGIN|[61]|fieldname|String|false|false
23:59:41.0 (47461546)|VARIABLE_ASSIGNMENT|[61]|fieldname|"Cost_Centre__c"
23:59:41.0 (47464518)|STATEMENT_EXECUTE|[62]
23:59:41.0 (47466716)|HEAP_ALLOCATE|[62]|Bytes:15
23:59:41.0 (47470083)|HEAP_ALLOCATE|[62]|Bytes:309
23:59:41.0 (47474512)|VARIABLE_ASSIGNMENT|[62]|allfields|"Id,OwnerId,IsDeleted (289 more) ..."
23:59:41.0 (47480427)|HEAP_ALLOCATE|[61]|Bytes:5
23:59:41.0 (47485245)|HEAP_ALLOCATE|[61]|Bytes:13
23:59:41.0 (47488607)|VARIABLE_SCOPE_BEGIN|[61]|fieldname|String|false|false
23:59:41.0 (47495079)|VARIABLE_ASSIGNMENT|[61]|fieldname|"Production__c"
23:59:41.0 (47498377)|STATEMENT_EXECUTE|[62]
23:59:41.0 (47501000)|HEAP_ALLOCATE|[62]|Bytes:14
23:59:41.0 (47504479)|HEAP_ALLOCATE|[62]|Bytes:323
23:59:41.0 (47508598)|VARIABLE_ASSIGNMENT|[62]|allfields|"Id,OwnerId,IsDeleted (303 more) ..."
23:59:41.0 (47514650)|HEAP_ALLOCATE|[61]|Bytes:5
23:59:41.0 (47519388)|HEAP_ALLOCATE|[61]|Bytes:5
23:59:41.0 (47523411)|VARIABLE_SCOPE_BEGIN|[61]|fieldname|String|false|false
23:59:41.0 (47529017)|VARIABLE_ASSIGNMENT|[61]|fieldname|"QC__c"
23:59:41.0 (47531876)|STATEMENT_EXECUTE|[62]
23:59:41.0 (47534099)|HEAP_ALLOCATE|[62]|Bytes:6
23:59:41.0 (47537166)|HEAP_ALLOCATE|[62]|Bytes:329
23:59:41.0 (47541079)|VARIABLE_ASSIGNMENT|[62]|allfields|"Id,OwnerId,IsDeleted (309 more) ..."
23:59:41.0 (47547181)|HEAP_ALLOCATE|[61]|Bytes:5
23:59:41.0 (47552138)|HEAP_ALLOCATE|[61]|Bytes:11
23:59:41.0 (47555530)|VARIABLE_SCOPE_BEGIN|[61]|fieldname|String|false|false
23:59:41.0 (47561534)|VARIABLE_ASSIGNMENT|[61]|fieldname|"Delivery__c"
23:59:41.0 (47564608)|STATEMENT_EXECUTE|[62]
23:59:41.0 (47566824)|HEAP_ALLOCATE|[62]|Bytes:12
23:59:41.0 (47570422)|HEAP_ALLOCATE|[62]|Bytes:341
23:59:41.0 (47574838)|VARIABLE_ASSIGNMENT|[62]|allfields|"Id,OwnerId,IsDeleted (321 more) ..."
23:59:41.0 (47580907)|HEAP_ALLOCATE|[61]|Bytes:5
23:59:41.0 (47586549)|HEAP_ALLOCATE|[61]|Bytes:5
23:59:41.0 (47589829)|VARIABLE_SCOPE_BEGIN|[61]|fieldname|String|false|false
23:59:41.0 (47595589)|VARIABLE_ASSIGNMENT|[61]|fieldname|"QA__c"
23:59:41.0 (47598391)|STATEMENT_EXECUTE|[62]
23:59:41.0 (47600646)|HEAP_ALLOCATE|[62]|Bytes:6
23:59:41.0 (47603539)|HEAP_ALLOCATE|[62]|Bytes:347
23:59:41.0 (47607731)|VARIABLE_ASSIGNMENT|[62]|allfields|"Id,OwnerId,IsDeleted (327 more) ..."
23:59:41.0 (47613852)|HEAP_ALLOCATE|[61]|Bytes:5
23:59:41.0 (47618854)|HEAP_ALLOCATE|[61]|Bytes:25
23:59:41.0 (47622227)|VARIABLE_SCOPE_BEGIN|[61]|fieldname|String|false|false
23:59:41.0 (47628569)|VARIABLE_ASSIGNMENT|[61]|fieldname|"OffshoreProjectManag (5 more) ..."
23:59:41.0 (47631947)|STATEMENT_EXECUTE|[62]
23:59:41.0 (47634180)|HEAP_ALLOCATE|[62]|Bytes:26
23:59:41.0 (47638019)|HEAP_ALLOCATE|[62]|Bytes:373
23:59:41.0 (47642175)|VARIABLE_ASSIGNMENT|[62]|allfields|"Id,OwnerId,IsDeleted (353 more) ..."
23:59:41.0 (47648325)|HEAP_ALLOCATE|[61]|Bytes:5
23:59:41.0 (47653014)|HEAP_ALLOCATE|[61]|Bytes:12
23:59:41.0 (47656234)|VARIABLE_SCOPE_BEGIN|[61]|fieldname|String|false|false
23:59:41.0 (47662131)|VARIABLE_ASSIGNMENT|[61]|fieldname|"Team_Lead__c"
23:59:41.0 (47665252)|STATEMENT_EXECUTE|[62]
23:59:41.0 (47667474)|HEAP_ALLOCATE|[62]|Bytes:13
23:59:41.0 (47670309)|HEAP_ALLOCATE|[62]|Bytes:386
23:59:41.0 (47674595)|VARIABLE_ASSIGNMENT|[62]|allfields|"Id,OwnerId,IsDeleted (366 more) ..."
23:59:41.0 (47680919)|HEAP_ALLOCATE|[61]|Bytes:5
23:59:41.0 (47685739)|HEAP_ALLOCATE|[61]|Bytes:21
23:59:41.0 (47689073)|VARIABLE_SCOPE_BEGIN|[61]|fieldname|String|false|false
23:59:41.0 (47695576)|VARIABLE_ASSIGNMENT|[61]|fieldname|"Project_Start_Date__ (1 more) ..."
23:59:41.0 (47698388)|STATEMENT_EXECUTE|[62]
23:59:41.0 (47700564)|HEAP_ALLOCATE|[62]|Bytes:22
23:59:41.0 (47703748)|HEAP_ALLOCATE|[62]|Bytes:408
23:59:41.0 (47708060)|VARIABLE_ASSIGNMENT|[62]|allfields|"Id,OwnerId,IsDeleted (388 more) ..."
23:59:41.0 (47714111)|HEAP_ALLOCATE|[61]|Bytes:5
23:59:41.0 (47719436)|HEAP_ALLOCATE|[61]|Bytes:19
23:59:41.0 (47722778)|VARIABLE_SCOPE_BEGIN|[61]|fieldname|String|false|false
23:59:41.0 (47729054)|VARIABLE_ASSIGNMENT|[61]|fieldname|"Project_End_Date__c"
23:59:41.0 (47731982)|STATEMENT_EXECUTE|[62]
23:59:41.0 (47734245)|HEAP_ALLOCATE|[62]|Bytes:20
23:59:41.0 (47737417)|HEAP_ALLOCATE|[62]|Bytes:428
23:59:41.0 (47741908)|VARIABLE_ASSIGNMENT|[62]|allfields|"Id,OwnerId,IsDeleted (408 more) ..."
23:59:41.0 (47747959)|HEAP_ALLOCATE|[61]|Bytes:5
23:59:41.0 (47752599)|HEAP_ALLOCATE|[61]|Bytes:8
23:59:41.0 (47756139)|VARIABLE_SCOPE_BEGIN|[61]|fieldname|String|false|false
23:59:41.0 (47761983)|VARIABLE_ASSIGNMENT|[61]|fieldname|"Units__c"
23:59:41.0 (47764798)|STATEMENT_EXECUTE|[62]
23:59:41.0 (47767048)|HEAP_ALLOCATE|[62]|Bytes:9
23:59:41.0 (47770628)|HEAP_ALLOCATE|[62]|Bytes:437
23:59:41.0 (47774850)|VARIABLE_ASSIGNMENT|[62]|allfields|"Id,OwnerId,IsDeleted (417 more) ..."
23:59:41.0 (47784447)|HEAP_ALLOCATE|[61]|Bytes:5
23:59:41.0 (47790307)|HEAP_ALLOCATE|[61]|Bytes:8
23:59:41.0 (47793886)|VARIABLE_SCOPE_BEGIN|[61]|fieldname|String|false|false
23:59:41.0 (47799959)|VARIABLE_ASSIGNMENT|[61]|fieldname|"Nodes__c"
23:59:41.0 (47803028)|STATEMENT_EXECUTE|[62]
23:59:41.0 (47805295)|HEAP_ALLOCATE|[62]|Bytes:9
23:59:41.0 (47808511)|HEAP_ALLOCATE|[62]|Bytes:446
23:59:41.0 (47812995)|VARIABLE_ASSIGNMENT|[62]|allfields|"Id,OwnerId,IsDeleted (426 more) ..."
23:59:41.0 (47819034)|HEAP_ALLOCATE|[61]|Bytes:5
23:59:41.0 (47823984)|HEAP_ALLOCATE|[61]|Bytes:10
23:59:41.0 (47827291)|VARIABLE_SCOPE_BEGIN|[61]|fieldname|String|false|false
23:59:41.0 (47833278)|VARIABLE_ASSIGNMENT|[61]|fieldname|"Footage__c"
23:59:41.0 (47836236)|STATEMENT_EXECUTE|[62]
23:59:41.0 (47838545)|HEAP_ALLOCATE|[62]|Bytes:11
23:59:41.0 (47841978)|HEAP_ALLOCATE|[62]|Bytes:457
23:59:41.0 (47846007)|VARIABLE_ASSIGNMENT|[62]|allfields|"Id,OwnerId,IsDeleted (437 more) ..."
23:59:41.0 (47852231)|HEAP_ALLOCATE|[61]|Bytes:5
23:59:41.0 (47857155)|HEAP_ALLOCATE|[61]|Bytes:8
23:59:41.0 (47860231)|VARIABLE_SCOPE_BEGIN|[61]|fieldname|String|false|false
23:59:41.0 (47866452)|VARIABLE_ASSIGNMENT|[61]|fieldname|"Miles__c"
23:59:41.0 (47869496)|STATEMENT_EXECUTE|[62]
23:59:41.0 (47871707)|HEAP_ALLOCATE|[62]|Bytes:9
23:59:41.0 (47874863)|HEAP_ALLOCATE|[62]|Bytes:466
23:59:41.0 (47878786)|VARIABLE_ASSIGNMENT|[62]|allfields|"Id,OwnerId,IsDeleted (446 more) ..."
23:59:41.0 (47885095)|HEAP_ALLOCATE|[61]|Bytes:5
23:59:41.0 (47889882)|HEAP_ALLOCATE|[61]|Bytes:7
23:59:41.0 (47893258)|VARIABLE_SCOPE_BEGIN|[61]|fieldname|String|false|false
23:59:41.0 (47899656)|VARIABLE_ASSIGNMENT|[61]|fieldname|"Jobs__c"
23:59:41.0 (47902702)|STATEMENT_EXECUTE|[62]
23:59:41.0 (47904934)|HEAP_ALLOCATE|[62]|Bytes:8
23:59:41.0 (47908110)|HEAP_ALLOCATE|[62]|Bytes:474
23:59:41.0 (47912313)|VARIABLE_ASSIGNMENT|[62]|allfields|"Id,OwnerId,IsDeleted (454 more) ..."
23:59:41.0 (47918402)|HEAP_ALLOCATE|[61]|Bytes:5
23:59:41.0 (47923496)|HEAP_ALLOCATE|[61]|Bytes:8
23:59:41.0 (47926937)|VARIABLE_SCOPE_BEGIN|[61]|fieldname|String|false|false
23:59:41.0 (47932832)|VARIABLE_ASSIGNMENT|[61]|fieldname|"Hours__c"
23:59:41.0 (47935858)|STATEMENT_EXECUTE|[62]
23:59:41.0 (47938021)|HEAP_ALLOCATE|[62]|Bytes:9
23:59:41.0 (47941310)|HEAP_ALLOCATE|[62]|Bytes:483
23:59:41.0 (47945301)|VARIABLE_ASSIGNMENT|[62]|allfields|"Id,OwnerId,IsDeleted (463 more) ..."
23:59:41.0 (47951350)|HEAP_ALLOCATE|[61]|Bytes:5
23:59:41.0 (47956115)|HEAP_ALLOCATE|[61]|Bytes:7
23:59:41.0 (47959432)|VARIABLE_SCOPE_BEGIN|[61]|fieldname|String|false|false
23:59:41.0 (47965362)|VARIABLE_ASSIGNMENT|[61]|fieldname|"Team__c"
23:59:41.0 (47968391)|STATEMENT_EXECUTE|[62]
23:59:41.0 (47970698)|HEAP_ALLOCATE|[62]|Bytes:8
23:59:41.0 (47973863)|HEAP_ALLOCATE|[62]|Bytes:491
23:59:41.0 (47977989)|VARIABLE_ASSIGNMENT|[62]|allfields|"Id,OwnerId,IsDeleted (471 more) ..."
23:59:41.0 (47984240)|HEAP_ALLOCATE|[61]|Bytes:5
23:59:41.0 (47990248)|VARIABLE_ASSIGNMENT|[61]|fieldname|null
23:59:41.0 (47994004)|STATEMENT_EXECUTE|[64]
23:59:41.0 (48053570)|HEAP_ALLOCATE|[64]|Bytes:490
23:59:41.0 (48065107)|VARIABLE_ASSIGNMENT|[64]|allfields|"Id,OwnerId,IsDeleted (470 more) ..."
23:59:41.0 (48069000)|STATEMENT_EXECUTE|[66]
23:59:41.0 (48081256)|METHOD_EXIT|[16]|01p7F00000Ehro9|PM_Project_Edit_Controller.getAllFields(String)
23:59:41.0 (48088328)|HEAP_ALLOCATE|[16]|Bytes:32
23:59:41.0 (48095919)|HEAP_ALLOCATE|[16]|Bytes:529
23:59:41.0 (48565126)|SOQL_EXECUTE_BEGIN|[16]|Aggregations:0|select Id,OwnerId,IsDeleted,Name,CreatedDate,CreatedById,LastModifiedDate,LastModifiedById,SystemModstamp,LastActivityDate,LastViewedDate,LastReferencedDate,Client__c,End_Customer__c,Operation_Region__c,Work_Region__c,Client_Project_Manager__c,Project_code__c,Company_project_code__c,Project_Scope__c,Cost_Centre__c,Production__c,QC__c,Delivery__c,QA__c,OffshoreProjectManager__c,Team_Lead__c,Project_Start_Date__c,Project_End_Date__c,Units__c,Nodes__c,Footage__c,Miles__c,Jobs__c,Hours__c,Team__c from Project__c where Id = :pid
23:59:41.0 (52257863)|SOQL_EXECUTE_END|[16]|Rows:1
23:59:41.0 (52277049)|HEAP_ALLOCATE|[16]|Bytes:8
23:59:41.0 (52305114)|HEAP_ALLOCATE|[16]|Bytes:996
23:59:41.0 (52352008)|HEAP_ALLOCATE|[16]|Bytes:8
23:59:41.0 (52365589)|HEAP_ALLOCATE|[16]|Bytes:36
23:59:41.0 (52404848)|HEAP_ALLOCATE|[16]|Bytes:140
23:59:41.0 (52461767)|VARIABLE_ASSIGNMENT|[EXTERNAL]|this|{"mysObject":"0x1c49fdc","nonSelectedUserId":"(","usersList":"0x2d48ae51"}|0x5ab27c4f
23:59:41.0 (52522378)|VARIABLE_ASSIGNMENT|[EXTERNAL]|value|{"Id":"a057F000002dVv5QAE","OwnerId":"0057F000000Tiz6QAC","IsDeleted":false,"Name":"tm Test","CreatedDate":"2017-12-19T10:53:33.000Z","CreatedById":"0057F000000Tiz6QAC","LastModifiedDate":"2017-12-19T11:16:32.000Z","LastModifiedById":"0057F000000Tiz6QAC","SystemModstamp":"2018-01-18T18:41:12.000Z","LastViewedDate":"2018-01-22T07:56:51.000Z","LastReferencedDate":"2018-01-22T07:56:51.000Z","Client__c":"a047F000002zkUjQAI","End_Customer__c":"tm Test","Operation_Region__c":"tm Test","Work_Region__c":"tm Test","Client_Project_Manag (5 more) ...":"tm Test","Project_code__c":"tm Test","Company_project_code (3 more) ...":"321","Project_Scope__c":"DESIGNING","Production__c":50,"QC__c":20,"Delivery__c":10,"QA__c":20,"OffshoreProjectManag (5 more) ...":"0057F000000TpcqQAC","Team_Lead__c":"0057F000000TyzfQAC","Project_Start_Date__ (1 more) ...":"2017-12-19T00:00:00.000Z","Project_End_Date__c":"2017-12-19T00:00:00.000Z","Units__c":true,"Nodes__c":true,"Footage__c":false,"Miles__c":false,"Jobs__c":false,"Hours__c":false,"Team__c":"Mani Sasank, Santhos (30 more) ..."}|0x58487859
23:59:41.0 (52573585)|VARIABLE_ASSIGNMENT|[3]|this.mysObject|{"Id":"a057F000002dVv5QAE","OwnerId":"0057F000000Tiz6QAC","IsDeleted":false,"Name":"tm Test","CreatedDate":"2017-12-19T10:53:33.000Z","CreatedById":"0057F000000Tiz6QAC","LastModifiedDate":"2017-12-19T11:16:32.000Z","LastModifiedById":"0057F000000Tiz6QAC","SystemModstamp":"2018-01-18T18:41:12.000Z","LastViewedDate":"2018-01-22T07:56:51.000Z","LastReferencedDate":"2018-01-22T07:56:51.000Z","Client__c":"a047F000002zkUjQAI","End_Customer__c":"tm Test","Operation_Region__c":"tm Test","Work_Region__c":"tm Test","Client_Project_Manag (5 more) ...":"tm Test","Project_code__c":"tm Test","Company_project_code (3 more) ...":"321","Project_Scope__c":"DESIGNING","Production__c":50,"QC__c":20,"Delivery__c":10,"QA__c":20,"OffshoreProjectManag (5 more) ...":"0057F000000TpcqQAC","Team_Lead__c":"0057F000000TyzfQAC","Project_Start_Date__ (1 more) ...":"2017-12-19T00:00:00.000Z","Project_End_Date__c":"2017-12-19T00:00:00.000Z","Units__c":true,"Nodes__c":true,"Footage__c":false,"Miles__c":false,"Jobs__c":false,"Hours__c":false,"Team__c":"Mani Sasank, Santhos (30 more) ..."}|0x5ab27c4f
23:59:41.0 (52593532)|STATEMENT_EXECUTE|[17]
23:59:41.0 (52633154)|VARIABLE_ASSIGNMENT|[EXTERNAL]|this|{"mysObject":"0x58487859","nonSelectedUserId":"(","usersList":"0x2d48ae51"}|0x5ab27c4f
23:59:41.0 (52692873)|VARIABLE_ASSIGNMENT|[EXTERNAL]|this|{"mysObject":"0x58487859","nonSelectedUserId":"(","usersList":"0x2d48ae51"}|0x5ab27c4f
23:59:41.0 (52700538)|VARIABLE_ASSIGNMENT|[EXTERNAL]|value|"tm Test"
23:59:41.0 (52708024)|VARIABLE_ASSIGNMENT|[4]|this.pName|"tm Test"|0x5ab27c4f
23:59:41.0 (52714394)|STATEMENT_EXECUTE|[19]
23:59:41.0 (52717310)|HEAP_ALLOCATE|[19]|Bytes:86
23:59:41.0 (52733764)|HEAP_ALLOCATE|[19]|Bytes:4
23:59:41.0 (52743079)|HEAP_ALLOCATE|[19]|Bytes:7
23:59:41.0 (53536625)|SOQL_EXECUTE_BEGIN|[19]|Aggregations:0|SELECT Name, UserLink__c FROM ProjectJobAssociation__c WHERE ProjectLink__c = :tmpVar1
23:59:41.0 (55721712)|SOQL_EXECUTE_END|[19]|Rows:5
23:59:41.0 (55739420)|HEAP_ALLOCATE|[19]|Bytes:24
23:59:41.0 (55758154)|HEAP_ALLOCATE|[19]|Bytes:380
23:59:41.0 (55808532)|HEAP_ALLOCATE|[19]|Bytes:24
23:59:41.0 (55820301)|VARIABLE_SCOPE_BEGIN|[19]|pja|List<ProjectJobAssociation__c>|true|false
23:59:41.0 (55847634)|VARIABLE_ASSIGNMENT|[19]|pja|[{"Name":"A-0002","UserLink__c":"0057F000000TpdFQAS","Id":"a087F000009HOLTQA4"},{"Name":"A-0003","UserLink__c":"0057F000000TrBBQA0","Id":"a087F000009HOLUQA4"},{"Name":"A-0004","UserLink__c":"0057F000000TrBGQA0","Id":"a087F000009HOLVQA4"},{"Name":"A-0005","UserLink__c":"0057F000000TrBVQA0","Id":"a087F000009HOLWQA4"},{"Name":"A-0006","UserLink__c":"0057F000000Tz0iQAC","Id":"a087F000009HOLXQA4"}]|0x564308b3
23:59:41.0 (55857365)|STATEMENT_EXECUTE|[20]
23:59:41.0 (55866974)|HEAP_ALLOCATE|[20]|Bytes:4
23:59:41.0 (55921574)|VARIABLE_ASSIGNMENT|[EXTERNAL]|this|{"mysObject":"0x58487859","nonSelectedUserId":"(","pName":"tm Test","usersList":"0x2d48ae51"}|0x5ab27c4f
23:59:41.0 (55943967)|HEAP_ALLOCATE|[EXTERNAL]|Bytes:4
23:59:41.0 (55951102)|VARIABLE_ASSIGNMENT|[EXTERNAL]|value|[]|0x633ce786
23:59:41.0 (55962078)|VARIABLE_ASSIGNMENT|[6]|this.selectedUsers|[]|0x5ab27c4f
23:59:41.0 (56097402)|HEAP_ALLOCATE|[21]|Bytes:5
23:59:41.0 (56112533)|HEAP_ALLOCATE|[21]|Bytes:16
23:59:41.0 (56119635)|VARIABLE_SCOPE_BEGIN|[21]|spja|ProjectJobAssociation__c|true|false
23:59:41.0 (56132629)|VARIABLE_ASSIGNMENT|[21]|spja|{"Name":"A-0002","UserLink__c":"0057F000000TpdFQAS","Id":"a087F000009HOLTQA4"}|0x92a451c
23:59:41.0 (56137797)|STATEMENT_EXECUTE|[21]
23:59:41.0 (56139186)|STATEMENT_EXECUTE|[22]
23:59:41.0 (56141814)|HEAP_ALLOCATE|[22]|Bytes:45
23:59:41.0 (56152862)|HEAP_ALLOCATE|[22]|Bytes:4
23:59:41.0 (57218693)|SOQL_EXECUTE_BEGIN|[22]|Aggregations:0|SELECT Id, Name FROM User WHERE Id = :tmpVar1
23:59:41.0 (60144818)|SOQL_EXECUTE_END|[22]|Rows:1
23:59:41.0 (60161090)|HEAP_ALLOCATE|[22]|Bytes:8
23:59:41.0 (60172106)|HEAP_ALLOCATE|[22]|Bytes:48
23:59:41.0 (60218075)|HEAP_ALLOCATE|[22]|Bytes:8
23:59:41.0 (60232265)|HEAP_ALLOCATE|[22]|Bytes:30
23:59:41.0 (60255493)|HEAP_ALLOCATE|[22]|Bytes:12
23:59:41.0 (60262105)|VARIABLE_SCOPE_BEGIN|[22]|user1|User|true|false
23:59:41.0 (60278608)|VARIABLE_ASSIGNMENT|[22]|user1|{"Id":"0057F000000TpdFQAS","Name":"Mani Sasank"}|0x647a526b
23:59:41.0 (60284487)|STATEMENT_EXECUTE|[23]
23:59:41.0 (60289530)|HEAP_ALLOCATE|[23]|Bytes:1
23:59:41.0 (60346602)|HEAP_ALLOCATE|[23]|Bytes:18
23:59:41.0 (60357799)|HEAP_ALLOCATE|[23]|Bytes:2
23:59:41.0 (60364267)|HEAP_ALLOCATE|[23]|Bytes:21
23:59:41.0 (60368714)|HEAP_ALLOCATE|[23]|Bytes:22
23:59:41.0 (60381000)|VARIABLE_ASSIGNMENT|[23]|this.nonSelectedUserId|"(\"0057F000000TpdFQAS (2 more) ..."|0x5ab27c4f
23:59:41.0 (60386146)|STATEMENT_EXECUTE|[24]
23:59:41.0 (60427962)|VARIABLE_ASSIGNMENT|[EXTERNAL]|this|{"mysObject":"0x58487859","nonSelectedUserId":"(\"0057F000000TpdFQAS (2 more) ...","pName":"tm Test","selectedUsers":"0x633ce786","usersList":"0x2d48ae51"}|0x5ab27c4f
23:59:41.0 (60450591)|HEAP_ALLOCATE|[24]|Bytes:18
23:59:41.0 (60491316)|HEAP_ALLOCATE|[EXTERNAL]|Bytes:4
23:59:41.0 (60504774)|HEAP_ALLOCATE|[21]|Bytes:5
23:59:41.0 (60515832)|HEAP_ALLOCATE|[21]|Bytes:16
23:59:41.0 (60522309)|VARIABLE_SCOPE_BEGIN|[21]|spja|ProjectJobAssociation__c|true|false
23:59:41.0 (60535484)|VARIABLE_ASSIGNMENT|[21]|spja|{"Name":"A-0003","UserLink__c":"0057F000000TrBBQA0","Id":"a087F000009HOLUQA4"}|0x50a8ff6d
23:59:41.0 (60540494)|STATEMENT_EXECUTE|[21]
23:59:41.0 (60541635)|STATEMENT_EXECUTE|[22]
23:59:41.0 (60550420)|HEAP_ALLOCATE|[22]|Bytes:4
23:59:41.0 (60662808)|SOQL_EXECUTE_BEGIN|[22]|Aggregations:0|SELECT Id, Name FROM User WHERE Id = :tmpVar1
23:59:41.0 (62908565)|SOQL_EXECUTE_END|[22]|Rows:1
23:59:41.0 (62924876)|HEAP_ALLOCATE|[22]|Bytes:8
23:59:41.0 (62935823)|HEAP_ALLOCATE|[22]|Bytes:45
23:59:41.0 (62960772)|HEAP_ALLOCATE|[22]|Bytes:8
23:59:41.0 (62975396)|HEAP_ALLOCATE|[22]|Bytes:12
23:59:41.0 (62981783)|VARIABLE_SCOPE_BEGIN|[22]|user1|User|true|false
23:59:41.0 (62997468)|VARIABLE_ASSIGNMENT|[22]|user1|{"Id":"0057F000000TrBBQA0","Name":"Santhosh"}|0x434ca4ed
23:59:41.0 (63003154)|STATEMENT_EXECUTE|[23]
23:59:41.0 (63026297)|HEAP_ALLOCATE|[23]|Bytes:18
23:59:41.0 (63037226)|HEAP_ALLOCATE|[23]|Bytes:21
23:59:41.0 (63040839)|HEAP_ALLOCATE|[23]|Bytes:43
23:59:41.0 (63051543)|VARIABLE_ASSIGNMENT|[23]|this.nonSelectedUserId|"(\"0057F000000TpdFQAS (23 more) ..."|0x5ab27c4f
23:59:41.0 (63056779)|STATEMENT_EXECUTE|[24]
23:59:41.0 (63085732)|VARIABLE_ASSIGNMENT|[EXTERNAL]|this|{"mysObject":"0x58487859","nonSelectedUserId":"(\"0057F000000TpdFQAS (23 more) ...","pName":"tm Test","selectedUsers":"0x633ce786","usersList":"0x2d48ae51"}|0x5ab27c4f
23:59:41.0 (63102304)|HEAP_ALLOCATE|[24]|Bytes:18
23:59:41.0 (63115534)|HEAP_ALLOCATE|[EXTERNAL]|Bytes:4
23:59:41.0 (63127820)|HEAP_ALLOCATE|[21]|Bytes:5
23:59:41.0 (63138345)|HEAP_ALLOCATE|[21]|Bytes:16
23:59:41.0 (63144571)|VARIABLE_SCOPE_BEGIN|[21]|spja|ProjectJobAssociation__c|true|false
23:59:41.0 (63157552)|VARIABLE_ASSIGNMENT|[21]|spja|{"Name":"A-0004","UserLink__c":"0057F000000TrBGQA0","Id":"a087F000009HOLVQA4"}|0x501ddcfa
23:59:41.0 (63162761)|STATEMENT_EXECUTE|[21]
23:59:41.0 (63163888)|STATEMENT_EXECUTE|[22]
23:59:41.0 (63173061)|HEAP_ALLOCATE|[22]|Bytes:4
23:59:41.0 (63290955)|SOQL_EXECUTE_BEGIN|[22]|Aggregations:0|SELECT Id, Name FROM User WHERE Id = :tmpVar1
23:59:41.0 (65524159)|SOQL_EXECUTE_END|[22]|Rows:1
23:59:41.0 (65540672)|HEAP_ALLOCATE|[22]|Bytes:8
23:59:41.0 (65551437)|HEAP_ALLOCATE|[22]|Bytes:46
23:59:41.0 (65576441)|HEAP_ALLOCATE|[22]|Bytes:8
23:59:41.0 (65590909)|HEAP_ALLOCATE|[22]|Bytes:12
23:59:41.0 (65597265)|VARIABLE_SCOPE_BEGIN|[22]|user1|User|true|false
23:59:41.0 (65613282)|VARIABLE_ASSIGNMENT|[22]|user1|{"Id":"0057F000000TrBGQA0","Name":"Ravi teja"}|0x6a107ba0
23:59:41.0 (65618851)|STATEMENT_EXECUTE|[23]
23:59:41.0 (65640719)|HEAP_ALLOCATE|[23]|Bytes:18
23:59:41.0 (65651592)|HEAP_ALLOCATE|[23]|Bytes:21
23:59:41.0 (65656331)|HEAP_ALLOCATE|[23]|Bytes:64
23:59:41.0 (65666943)|VARIABLE_ASSIGNMENT|[23]|this.nonSelectedUserId|"(\"0057F000000TpdFQAS (44 more) ..."|0x5ab27c4f
23:59:41.0 (65671864)|STATEMENT_EXECUTE|[24]
23:59:41.0 (65700737)|VARIABLE_ASSIGNMENT|[EXTERNAL]|this|{"mysObject":"0x58487859","nonSelectedUserId":"(\"0057F000000TpdFQAS (44 more) ...","pName":"tm Test","selectedUsers":"0x633ce786","usersList":"0x2d48ae51"}|0x5ab27c4f
23:59:41.0 (65720135)|HEAP_ALLOCATE|[24]|Bytes:18
23:59:41.0 (65733475)|HEAP_ALLOCATE|[EXTERNAL]|Bytes:4
23:59:41.0 (65745714)|HEAP_ALLOCATE|[21]|Bytes:5
23:59:41.0 (65755869)|HEAP_ALLOCATE|[21]|Bytes:16
23:59:41.0 (65761854)|VARIABLE_SCOPE_BEGIN|[21]|spja|ProjectJobAssociation__c|true|false
23:59:41.0 (65774242)|VARIABLE_ASSIGNMENT|[21]|spja|{"Name":"A-0005","UserLink__c":"0057F000000TrBVQA0","Id":"a087F000009HOLWQA4"}|0x3ee9bbf4
23:59:41.0 (65779128)|STATEMENT_EXECUTE|[21]
23:59:41.0 (65780309)|STATEMENT_EXECUTE|[22]
23:59:41.0 (65789254)|HEAP_ALLOCATE|[22]|Bytes:4
23:59:41.0 (65903292)|SOQL_EXECUTE_BEGIN|[22]|Aggregations:0|SELECT Id, Name FROM User WHERE Id = :tmpVar1
23:59:41.0 (68123627)|SOQL_EXECUTE_END|[22]|Rows:1
23:59:41.0 (68140061)|HEAP_ALLOCATE|[22]|Bytes:8
23:59:41.0 (68150665)|HEAP_ALLOCATE|[22]|Bytes:46
23:59:41.0 (68176069)|HEAP_ALLOCATE|[22]|Bytes:8
23:59:41.0 (68190650)|HEAP_ALLOCATE|[22]|Bytes:12
23:59:41.0 (68197169)|VARIABLE_SCOPE_BEGIN|[22]|user1|User|true|false
23:59:41.0 (68213609)|VARIABLE_ASSIGNMENT|[22]|user1|{"Id":"0057F000000TrBVQA0","Name":"Yashwanth"}|0x60f03950
23:59:41.0 (68219396)|STATEMENT_EXECUTE|[23]
23:59:41.0 (68245580)|HEAP_ALLOCATE|[23]|Bytes:18
23:59:41.0 (68256848)|HEAP_ALLOCATE|[23]|Bytes:21
23:59:41.0 (68260672)|HEAP_ALLOCATE|[23]|Bytes:85
23:59:41.0 (68271498)|VARIABLE_ASSIGNMENT|[23]|this.nonSelectedUserId|"(\"0057F000000TpdFQAS (65 more) ..."|0x5ab27c4f
23:59:41.0 (68276050)|STATEMENT_EXECUTE|[24]
23:59:41.0 (68305363)|VARIABLE_ASSIGNMENT|[EXTERNAL]|this|{"mysObject":"0x58487859","nonSelectedUserId":"(\"0057F000000TpdFQAS (65 more) ...","pName":"tm Test","selectedUsers":"0x633ce786","usersList":"0x2d48ae51"}|0x5ab27c4f
23:59:41.0 (68321832)|HEAP_ALLOCATE|[24]|Bytes:18
23:59:41.0 (68335063)|HEAP_ALLOCATE|[EXTERNAL]|Bytes:4
23:59:41.0 (68347387)|HEAP_ALLOCATE|[21]|Bytes:5
23:59:41.0 (68357667)|HEAP_ALLOCATE|[21]|Bytes:16
23:59:41.0 (68363445)|VARIABLE_SCOPE_BEGIN|[21]|spja|ProjectJobAssociation__c|true|false
23:59:41.0 (68375986)|VARIABLE_ASSIGNMENT|[21]|spja|{"Name":"A-0006","UserLink__c":"0057F000000Tz0iQAC","Id":"a087F000009HOLXQA4"}|0x65b00b90
23:59:41.0 (68381707)|STATEMENT_EXECUTE|[21]
23:59:41.0 (68382819)|STATEMENT_EXECUTE|[22]
23:59:41.0 (68391959)|HEAP_ALLOCATE|[22]|Bytes:4
23:59:41.0 (68506673)|SOQL_EXECUTE_BEGIN|[22]|Aggregations:0|SELECT Id, Name FROM User WHERE Id = :tmpVar1
23:59:41.0 (70701559)|SOQL_EXECUTE_END|[22]|Rows:1
23:59:41.0 (70717513)|HEAP_ALLOCATE|[22]|Bytes:8
23:59:41.0 (70727880)|HEAP_ALLOCATE|[22]|Bytes:42
23:59:41.0 (70752445)|HEAP_ALLOCATE|[22]|Bytes:8
23:59:41.0 (70767125)|HEAP_ALLOCATE|[22]|Bytes:12
23:59:41.0 (70773515)|VARIABLE_SCOPE_BEGIN|[22]|user1|User|true|false
23:59:41.0 (70789991)|VARIABLE_ASSIGNMENT|[22]|user1|{"Id":"0057F000000Tz0iQAC","Name":"Richa"}|0x5119b9e8
23:59:41.0 (70796143)|STATEMENT_EXECUTE|[23]
23:59:41.0 (70818032)|HEAP_ALLOCATE|[23]|Bytes:18
23:59:41.0 (70828615)|HEAP_ALLOCATE|[23]|Bytes:21
23:59:41.0 (70832632)|HEAP_ALLOCATE|[23]|Bytes:106
23:59:41.0 (70843606)|VARIABLE_ASSIGNMENT|[23]|this.nonSelectedUserId|"(\"0057F000000TpdFQAS (86 more) ..."|0x5ab27c4f
23:59:41.0 (70848598)|STATEMENT_EXECUTE|[24]
23:59:41.0 (70891446)|VARIABLE_ASSIGNMENT|[EXTERNAL]|this|{"mysObject":"0x58487859","nonSelectedUserId":"(\"0057F000000TpdFQAS (86 more) ...","pName":"tm Test","selectedUsers":"0x633ce786","usersList":"0x2d48ae51"}|0x5ab27c4f
23:59:41.0 (70909611)|HEAP_ALLOCATE|[24]|Bytes:18
23:59:41.0 (70922989)|HEAP_ALLOCATE|[EXTERNAL]|Bytes:4
23:59:41.0 (70935446)|HEAP_ALLOCATE|[21]|Bytes:5
23:59:41.0 (70946472)|VARIABLE_ASSIGNMENT|[21]|spja|null|
23:59:41.0 (70951118)|STATEMENT_EXECUTE|[26]
23:59:41.0 (70989124)|HEAP_ALLOCATE|[26]|Bytes:105
23:59:41.0 (71003307)|VARIABLE_ASSIGNMENT|[26]|this.nonSelectedUserId|"(\"0057F000000TpdFQAS (85 more) ..."|0x5ab27c4f
23:59:41.0 (71008846)|STATEMENT_EXECUTE|[27]
23:59:41.0 (71011888)|HEAP_ALLOCATE|[27]|Bytes:1
23:59:41.0 (71016871)|HEAP_ALLOCATE|[27]|Bytes:106
23:59:41.0 (71023438)|VARIABLE_ASSIGNMENT|[27]|this.nonSelectedUserId|"(\"0057F000000TpdFQAS (86 more) ..."|0x5ab27c4f
23:59:41.0 (71027947)|STATEMENT_EXECUTE|[28]
23:59:41.0 (71029991)|HEAP_ALLOCATE|[28]|Bytes:46
23:59:41.0 (71034165)|HEAP_ALLOCATE|[28]|Bytes:152
23:59:41.0 (71060517)|USER_DEBUG|[28]|DEBUG|----------------------------------------------("0057F000000TpdFQAS","0057F000000TrBBQA0","0057F000000TrBGQA0","0057F000000TrBVQA0","0057F000000Tz0iQAC")
23:59:41.0 (71071939)|SYSTEM_MODE_EXIT|false
23:59:41.0 (71174701)|SYSTEM_MODE_ENTER|true
23:59:41.0 (79930472)|SYSTEM_MODE_ENTER|true
23:59:41.0 (79983408)|HEAP_ALLOCATE|[EXTERNAL]|Bytes:164
23:59:41.0 (79992851)|HEAP_ALLOCATE|[EXTERNAL]|Bytes:12
23:59:41.0 (80004093)|METHOD_ENTRY|[5]|01p7F00000Ehg8E|MultiselectController.MultiselectController()
23:59:41.0 (80009428)|STATEMENT_EXECUTE|[5]
23:59:41.0 (80013260)|STATEMENT_EXECUTE|[5]
23:59:41.0 (80021836)|SYSTEM_MODE_ENTER|false
23:59:41.0 (80028654)|HEAP_ALLOCATE|[EXTERNAL]|Bytes:5
23:59:41.0 (80035469)|SYSTEM_MODE_EXIT|false
23:59:41.0 (80042947)|METHOD_EXIT|[5]|MultiselectController
23:59:41.0 (80057414)|HEAP_ALLOCATE|[EXTERNAL]|Bytes:20
23:59:41.0 (80063572)|VARIABLE_SCOPE_BEGIN|[5]|this|MultiselectController|true|false
23:59:41.0 (80098476)|VARIABLE_ASSIGNMENT|[5]|this|{}|0x36e86030
23:59:41.0 (80110839)|SYSTEM_MODE_ENTER|false
23:59:41.0 (80115378)|HEAP_ALLOCATE|[EXTERNAL]|Bytes:5
23:59:41.0 (80136521)|SYSTEM_MODE_EXIT|false
23:59:41.0 (80140051)|STATEMENT_EXECUTE|[5]
23:59:41.0 (80144556)|SYSTEM_MODE_ENTER|false
23:59:41.0 (80148264)|HEAP_ALLOCATE|[EXTERNAL]|Bytes:5
23:59:41.0 (80150684)|STATEMENT_EXECUTE|[7]
23:59:41.0 (80151918)|STATEMENT_EXECUTE|[8]
23:59:41.0 (80152709)|STATEMENT_EXECUTE|[23]
23:59:41.0 (80153760)|STATEMENT_EXECUTE|[31]
23:59:41.0 (80155208)|SYSTEM_MODE_EXIT|false
23:59:41.0 (80293804)|SYSTEM_MODE_ENTER|true
23:59:41.0 (80329814)|HEAP_ALLOCATE|[EXTERNAL]|Bytes:24
23:59:41.0 (80336825)|VARIABLE_SCOPE_BEGIN|[31]|this|PM_Project_Edit_Controller|true|false
23:59:41.0 (80369315)|VARIABLE_ASSIGNMENT|[31]|this|{"mysObject":"0x58487859","nonSelectedUserId":"(\"0057F000000TpdFQAS (86 more) ...","pName":"tm Test","selectedUsers":"0x633ce786","usersList":"0x2d48ae51"}|0x5ab27c4f
23:59:41.0 (80384785)|SYSTEM_MODE_ENTER|false
23:59:41.0 (80389670)|HEAP_ALLOCATE|[32]|Bytes:5
23:59:41.0 (80393320)|STATEMENT_EXECUTE|[31]
23:59:41.0 (80394424)|STATEMENT_EXECUTE|[32]
23:59:41.0 (80396821)|HEAP_ALLOCATE|[32]|Bytes:62
23:59:41.0 (80410474)|HEAP_ALLOCATE|[32]|Bytes:4
23:59:41.0 (80611593)|SOQL_EXECUTE_BEGIN|[32]|Aggregations:0|SELECT Id, Name FROM UserRole WHERE Name = 'Software Engineer'
23:59:41.0 (83676350)|SOQL_EXECUTE_END|[32]|Rows:1
23:59:41.0 (83694605)|HEAP_ALLOCATE|[32]|Bytes:8
23:59:41.0 (83706367)|HEAP_ALLOCATE|[32]|Bytes:54
23:59:41.0 (83763528)|HEAP_ALLOCATE|[32]|Bytes:8
23:59:41.0 (83773814)|HEAP_ALLOCATE|[32]|Bytes:34
23:59:41.0 (83808107)|HEAP_ALLOCATE|[32]|Bytes:12
23:59:41.0 (83814685)|VARIABLE_SCOPE_BEGIN|[32]|userRole|UserRole|true|false
23:59:41.0 (83831426)|VARIABLE_ASSIGNMENT|[32]|userRole|{"Id":"00E7F000000MdriUAC","Name":"Software Engineer"}|0x57eb7aa4
23:59:41.0 (83837508)|STATEMENT_EXECUTE|[33]
23:59:41.0 (83840507)|HEAP_ALLOCATE|[33]|Bytes:32
23:59:41.0 (83843845)|HEAP_ALLOCATE|[33]|Bytes:71
23:59:41.0 (83855067)|HEAP_ALLOCATE|[33]|Bytes:177
23:59:41.0 (84574337)|EXCEPTION_THROWN|[33]|System.QueryException: line 1:72 no viable alternative at character '"'
23:59:41.0 (84662362)|HEAP_ALLOCATE|[33]|Bytes:52
23:59:41.0 (84680622)|SYSTEM_MODE_EXIT|false
23:59:41.0 (84761564)|FATAL_ERROR|System.QueryException: line 1:72 no viable alternative at character '"'

Class.PM_Project_Edit_Controller.getUsersList: line 33, column 1
