36.0 APEX_CODE,FINEST;APEX_PROFILING,INFO;CALLOUT,INFO;DB,INFO;SYSTEM,DEBUG;VALIDATION,INFO;VISUALFORCE,INFO;WAVE,INFO;WORKFLOW,INFO
00:45:25.0 (322111)|USER_INFO|[EXTERNAL]|0057F000000Tiz6|ksb994@salesforce.com|Pacific Standard Time|GMT-08:00
00:45:25.0 (355668)|EXECUTION_STARTED
00:45:25.0 (359777)|CODE_UNIT_STARTED|[EXTERNAL]|0667F000004uRC1|VF: /apex/PM_Project_Edit
00:45:25.0 (46535220)|SYSTEM_MODE_ENTER|true
00:45:25.0 (46907338)|HEAP_ALLOCATE|[72]|Bytes:3
00:45:25.0 (46952631)|HEAP_ALLOCATE|[77]|Bytes:152
00:45:25.0 (46967821)|HEAP_ALLOCATE|[342]|Bytes:408
00:45:25.0 (46981471)|HEAP_ALLOCATE|[355]|Bytes:408
00:45:25.0 (46994074)|HEAP_ALLOCATE|[467]|Bytes:48
00:45:25.0 (47021725)|HEAP_ALLOCATE|[139]|Bytes:6
00:45:25.0 (47036368)|HEAP_ALLOCATE|[EXTERNAL]|Bytes:144
00:45:25.0 (47041652)|HEAP_ALLOCATE|[EXTERNAL]|Bytes:20
00:45:25.0 (47044692)|HEAP_ALLOCATE|[EXTERNAL]|Bytes:11
00:45:25.0 (47062112)|METHOD_ENTRY|[1]|01p7F00000Ehro9|PM_Project_Edit_Controller.PM_Project_Edit_Controller()
00:45:25.0 (47068633)|STATEMENT_EXECUTE|[1]
00:45:25.0 (47073604)|STATEMENT_EXECUTE|[1]
00:45:25.0 (47103869)|HEAP_ALLOCATE|[50]|Bytes:5
00:45:25.0 (47127498)|HEAP_ALLOCATE|[56]|Bytes:5
00:45:25.0 (47135397)|HEAP_ALLOCATE|[64]|Bytes:7
00:45:25.0 (47158349)|SYSTEM_MODE_ENTER|false
00:45:25.0 (47171966)|HEAP_ALLOCATE|[EXTERNAL]|Bytes:5
00:45:25.0 (47179600)|SYSTEM_MODE_EXIT|false
00:45:25.0 (47186564)|METHOD_EXIT|[1]|PM_Project_Edit_Controller
00:45:25.0 (47229315)|HEAP_ALLOCATE|[EXTERNAL]|Bytes:24
00:45:25.0 (47351261)|VARIABLE_SCOPE_BEGIN|[10]|this|PM_Project_Edit_Controller|true|false
00:45:25.0 (47410725)|VARIABLE_ASSIGNMENT|[10]|this|{}|0x716151e2
00:45:25.0 (47418698)|VARIABLE_SCOPE_BEGIN|[10]|stdController|ApexPages.StandardController|true|false
00:45:25.0 (47606480)|VARIABLE_ASSIGNMENT|[10]|stdController|"StandardController [null]"|0x4a3b82d6
00:45:25.0 (47627359)|SYSTEM_MODE_ENTER|false
00:45:25.0 (47634629)|HEAP_ALLOCATE|[7]|Bytes:5
00:45:25.0 (47638869)|STATEMENT_EXECUTE|[1]
00:45:25.0 (47643303)|HEAP_ALLOCATE|[7]|Bytes:5
00:45:25.0 (47646199)|STATEMENT_EXECUTE|[3]
00:45:25.0 (47647466)|STATEMENT_EXECUTE|[4]
00:45:25.0 (47648317)|STATEMENT_EXECUTE|[6]
00:45:25.0 (47649110)|STATEMENT_EXECUTE|[7]
00:45:25.0 (47670011)|HEAP_ALLOCATE|[7]|Bytes:4
00:45:25.0 (47768274)|HEAP_ALLOCATE|[EXTERNAL]|Bytes:4
00:45:25.0 (47782821)|VARIABLE_ASSIGNMENT|[7]|this.usersList|[]|0x716151e2
00:45:25.0 (47787876)|STATEMENT_EXECUTE|[8]
00:45:25.0 (47790559)|HEAP_ALLOCATE|[8]|Bytes:1
00:45:25.0 (47799762)|VARIABLE_ASSIGNMENT|[8]|this.nonSelectedUserId|"("|0x716151e2
00:45:25.0 (47810341)|HEAP_ALLOCATE|[8]|Bytes:6
00:45:25.0 (47843274)|STATEMENT_EXECUTE|[10]
00:45:25.0 (47845221)|STATEMENT_EXECUTE|[11]
00:45:25.0 (47957346)|HEAP_ALLOCATE|[11]|Bytes:4
00:45:25.0 (48003481)|VARIABLE_ASSIGNMENT|[EXTERNAL]|this|{"nonSelectedUserId":"(","usersList":"0x2f92a8f1"}|0x716151e2
00:45:25.0 (48016972)|VARIABLE_ASSIGNMENT|[EXTERNAL]|value|{}|0x2b3e4969
00:45:25.0 (48026312)|VARIABLE_ASSIGNMENT|[3]|this.mysObject|{}|0x716151e2
00:45:25.0 (48034180)|STATEMENT_EXECUTE|[12]
00:45:25.0 (48068478)|HEAP_ALLOCATE|[12]|Bytes:43
00:45:25.0 (48103496)|HEAP_ALLOCATE|[12]|Bytes:18
00:45:25.0 (48126060)|HEAP_ALLOCATE|[12]|Bytes:3
00:45:25.0 (48158116)|HEAP_ALLOCATE|[12]|Bytes:4
00:45:25.0 (48163709)|VARIABLE_SCOPE_BEGIN|[12]|pid|Id|false|false
00:45:25.0 (48232520)|VARIABLE_ASSIGNMENT|[12]|pid|"a057F000002dVX8QAM"
00:45:25.0 (48237997)|STATEMENT_EXECUTE|[16]
00:45:25.0 (48240243)|HEAP_ALLOCATE|[16]|Bytes:7
00:45:25.0 (48244290)|HEAP_ALLOCATE|[16]|Bytes:10
00:45:25.0 (48257259)|METHOD_ENTRY|[16]|01p7F00000Ehro9|PM_Project_Edit_Controller.getAllFields(String)
00:45:25.0 (48344260)|VARIABLE_SCOPE_BEGIN|[51]|sobjectname|String|false|false
00:45:25.0 (48354513)|VARIABLE_ASSIGNMENT|[51]|sobjectname|"Project__c"
00:45:25.0 (48371527)|HEAP_ALLOCATE|[52]|Bytes:5
00:45:25.0 (48375395)|STATEMENT_EXECUTE|[51]
00:45:25.0 (65578316)|HEAP_ALLOCATE|[52]|Bytes:1468
00:45:25.0 (65649628)|STATEMENT_EXECUTE|[52]
00:45:25.0 (65652215)|STATEMENT_EXECUTE|[55]
00:45:25.0 (69474581)|HEAP_ALLOCATE|[55]|Bytes:1468
00:45:25.0 (69718479)|HEAP_ALLOCATE|[55]|Bytes:4
00:45:25.0 (69773558)|HEAP_ALLOCATE|[55]|Bytes:4
00:45:25.0 (70045892)|HEAP_ALLOCATE|[55]|Bytes:148
00:45:25.0 (70058130)|VARIABLE_SCOPE_BEGIN|[55]|fields|Map<String,Schema.SObjectField>|true|false
00:45:25.0 (70300332)|VARIABLE_ASSIGNMENT|[55]|fields|"{client__c=Client__c, client_project_manager__c=Client_Project_Manager__c, company_project_code__c=Company_project_code__c, cost_centre__c=Cost_Centre__c, createdbyid=CreatedById, createddate=CreatedDate, delivery__c=Delivery__c, end_customer__c=End_Customer__c, footage__c=Footage__c, hours__c=Hours__c, ...}"|0x366fdd34
00:45:25.0 (70312753)|STATEMENT_EXECUTE|[56]
00:45:25.0 (70333480)|HEAP_ALLOCATE|[56]|Bytes:4
00:45:25.0 (70381216)|VARIABLE_SCOPE_BEGIN|[56]|accessiblefields|List<String>|true|false
00:45:25.0 (70414008)|HEAP_ALLOCATE|[EXTERNAL]|Bytes:4
00:45:25.0 (70427090)|VARIABLE_ASSIGNMENT|[56]|accessiblefields|[]|0x42257f84
00:45:25.0 (70484781)|HEAP_ALLOCATE|[EXTERNAL]|Bytes:148
00:45:25.0 (70508579)|HEAP_ALLOCATE|[57]|Bytes:148
00:45:25.0 (70600541)|HEAP_ALLOCATE|[57]|Bytes:5
00:45:25.0 (70658536)|VARIABLE_SCOPE_BEGIN|[57]|field|Schema.SObjectField|true|false
00:45:25.0 (70734260)|VARIABLE_ASSIGNMENT|[57]|field|"common.apex.runtime.impl.ApexFieldToken@1253583"|0x1253583
00:45:25.0 (70742142)|STATEMENT_EXECUTE|[57]
00:45:25.0 (71241280)|HEAP_ALLOCATE|[58]|Bytes:8
00:45:25.0 (71266101)|STATEMENT_EXECUTE|[59]
00:45:25.0 (71295552)|HEAP_ALLOCATE|[59]|Bytes:8
00:45:25.0 (71310116)|HEAP_ALLOCATE|[59]|Bytes:2
00:45:25.0 (71323905)|HEAP_ALLOCATE|[EXTERNAL]|Bytes:4
00:45:25.0 (71338150)|HEAP_ALLOCATE|[57]|Bytes:5
00:45:25.0 (71351700)|VARIABLE_SCOPE_BEGIN|[57]|field|Schema.SObjectField|true|false
00:45:25.0 (71418538)|VARIABLE_ASSIGNMENT|[57]|field|"common.apex.runtime.impl.ApexFieldToken@49ebceee"|0x49ebceee
00:45:25.0 (71425613)|STATEMENT_EXECUTE|[57]
00:45:25.0 (71568025)|HEAP_ALLOCATE|[58]|Bytes:8
00:45:25.0 (71581820)|STATEMENT_EXECUTE|[59]
00:45:25.0 (71599489)|HEAP_ALLOCATE|[59]|Bytes:8
00:45:25.0 (71610330)|HEAP_ALLOCATE|[59]|Bytes:7
00:45:25.0 (71621082)|HEAP_ALLOCATE|[EXTERNAL]|Bytes:4
00:45:25.0 (71636258)|HEAP_ALLOCATE|[57]|Bytes:5
00:45:25.0 (71654014)|VARIABLE_SCOPE_BEGIN|[57]|field|Schema.SObjectField|true|false
00:45:25.0 (71729581)|VARIABLE_ASSIGNMENT|[57]|field|"common.apex.runtime.impl.ApexFieldToken@205b4108"|0x205b4108
00:45:25.0 (71736898)|STATEMENT_EXECUTE|[57]
00:45:25.0 (71833620)|HEAP_ALLOCATE|[58]|Bytes:8
00:45:25.0 (71850641)|STATEMENT_EXECUTE|[59]
00:45:25.0 (71869540)|HEAP_ALLOCATE|[59]|Bytes:8
00:45:25.0 (71877354)|HEAP_ALLOCATE|[59]|Bytes:9
00:45:25.0 (71884652)|HEAP_ALLOCATE|[EXTERNAL]|Bytes:4
00:45:25.0 (71895644)|HEAP_ALLOCATE|[57]|Bytes:5
00:45:25.0 (71907175)|VARIABLE_SCOPE_BEGIN|[57]|field|Schema.SObjectField|true|false
00:45:25.0 (71970574)|VARIABLE_ASSIGNMENT|[57]|field|"common.apex.runtime.impl.ApexFieldToken@375877ce"|0x375877ce
00:45:25.0 (71977051)|STATEMENT_EXECUTE|[57]
00:45:25.0 (72087278)|HEAP_ALLOCATE|[58]|Bytes:8
00:45:25.0 (72099394)|STATEMENT_EXECUTE|[59]
00:45:25.0 (72114500)|HEAP_ALLOCATE|[59]|Bytes:8
00:45:25.0 (72121245)|HEAP_ALLOCATE|[59]|Bytes:4
00:45:25.0 (72128335)|HEAP_ALLOCATE|[EXTERNAL]|Bytes:4
00:45:25.0 (72138750)|HEAP_ALLOCATE|[57]|Bytes:5
00:45:25.0 (72150153)|VARIABLE_SCOPE_BEGIN|[57]|field|Schema.SObjectField|true|false
00:45:25.0 (72211532)|VARIABLE_ASSIGNMENT|[57]|field|"common.apex.runtime.impl.ApexFieldToken@1ff9d58b"|0x1ff9d58b
00:45:25.0 (72218161)|STATEMENT_EXECUTE|[57]
00:45:25.0 (72314236)|HEAP_ALLOCATE|[58]|Bytes:8
00:45:25.0 (72325392)|STATEMENT_EXECUTE|[59]
00:45:25.0 (72338139)|HEAP_ALLOCATE|[59]|Bytes:8
00:45:25.0 (72344692)|HEAP_ALLOCATE|[59]|Bytes:11
00:45:25.0 (72351499)|HEAP_ALLOCATE|[EXTERNAL]|Bytes:4
00:45:25.0 (72362151)|HEAP_ALLOCATE|[57]|Bytes:5
00:45:25.0 (72372622)|VARIABLE_SCOPE_BEGIN|[57]|field|Schema.SObjectField|true|false
00:45:25.0 (72431636)|VARIABLE_ASSIGNMENT|[57]|field|"common.apex.runtime.impl.ApexFieldToken@872f424"|0x872f424
00:45:25.0 (72438073)|STATEMENT_EXECUTE|[57]
00:45:25.0 (72536128)|HEAP_ALLOCATE|[58]|Bytes:8
00:45:25.0 (72546755)|STATEMENT_EXECUTE|[59]
00:45:25.0 (72560021)|HEAP_ALLOCATE|[59]|Bytes:8
00:45:25.0 (72566580)|HEAP_ALLOCATE|[59]|Bytes:11
00:45:25.0 (72573265)|HEAP_ALLOCATE|[EXTERNAL]|Bytes:4
00:45:25.0 (72583166)|HEAP_ALLOCATE|[57]|Bytes:5
00:45:25.0 (72595159)|VARIABLE_SCOPE_BEGIN|[57]|field|Schema.SObjectField|true|false
00:45:25.0 (72657724)|VARIABLE_ASSIGNMENT|[57]|field|"common.apex.runtime.impl.ApexFieldToken@72dba723"|0x72dba723
00:45:25.0 (72668983)|STATEMENT_EXECUTE|[57]
00:45:25.0 (72756379)|HEAP_ALLOCATE|[58]|Bytes:8
00:45:25.0 (72767897)|STATEMENT_EXECUTE|[59]
00:45:25.0 (72781276)|HEAP_ALLOCATE|[59]|Bytes:8
00:45:25.0 (72788167)|HEAP_ALLOCATE|[59]|Bytes:16
00:45:25.0 (72795120)|HEAP_ALLOCATE|[EXTERNAL]|Bytes:4
00:45:25.0 (72804701)|HEAP_ALLOCATE|[57]|Bytes:5
00:45:25.0 (72814614)|VARIABLE_SCOPE_BEGIN|[57]|field|Schema.SObjectField|true|false
00:45:25.0 (72873647)|VARIABLE_ASSIGNMENT|[57]|field|"common.apex.runtime.impl.ApexFieldToken@6c958b1"|0x6c958b1
00:45:25.0 (72880041)|STATEMENT_EXECUTE|[57]
00:45:25.0 (72972064)|HEAP_ALLOCATE|[58]|Bytes:8
00:45:25.0 (72982743)|STATEMENT_EXECUTE|[59]
00:45:25.0 (72995877)|HEAP_ALLOCATE|[59]|Bytes:8
00:45:25.0 (73002465)|HEAP_ALLOCATE|[59]|Bytes:16
00:45:25.0 (73009982)|HEAP_ALLOCATE|[EXTERNAL]|Bytes:4
00:45:25.0 (73019620)|HEAP_ALLOCATE|[57]|Bytes:5
00:45:25.0 (73029678)|VARIABLE_SCOPE_BEGIN|[57]|field|Schema.SObjectField|true|false
00:45:25.0 (73089600)|VARIABLE_ASSIGNMENT|[57]|field|"common.apex.runtime.impl.ApexFieldToken@574d806e"|0x574d806e
00:45:25.0 (73095835)|STATEMENT_EXECUTE|[57]
00:45:25.0 (73167024)|HEAP_ALLOCATE|[58]|Bytes:8
00:45:25.0 (73176841)|STATEMENT_EXECUTE|[59]
00:45:25.0 (73189761)|HEAP_ALLOCATE|[59]|Bytes:8
00:45:25.0 (73196584)|HEAP_ALLOCATE|[59]|Bytes:14
00:45:25.0 (73203308)|HEAP_ALLOCATE|[EXTERNAL]|Bytes:4
00:45:25.0 (73212702)|HEAP_ALLOCATE|[57]|Bytes:5
00:45:25.0 (73222501)|VARIABLE_SCOPE_BEGIN|[57]|field|Schema.SObjectField|true|false
00:45:25.0 (73281877)|VARIABLE_ASSIGNMENT|[57]|field|"common.apex.runtime.impl.ApexFieldToken@48019d77"|0x48019d77
00:45:25.0 (73288128)|STATEMENT_EXECUTE|[57]
00:45:25.0 (73356689)|HEAP_ALLOCATE|[58]|Bytes:8
00:45:25.0 (73366896)|STATEMENT_EXECUTE|[59]
00:45:25.0 (73379238)|HEAP_ALLOCATE|[59]|Bytes:8
00:45:25.0 (73385624)|HEAP_ALLOCATE|[59]|Bytes:16
00:45:25.0 (73392227)|HEAP_ALLOCATE|[EXTERNAL]|Bytes:4
00:45:25.0 (73401606)|HEAP_ALLOCATE|[57]|Bytes:5
00:45:25.0 (73411200)|VARIABLE_SCOPE_BEGIN|[57]|field|Schema.SObjectField|true|false
00:45:25.0 (73469381)|VARIABLE_ASSIGNMENT|[57]|field|"common.apex.runtime.impl.ApexFieldToken@67ccc9eb"|0x67ccc9eb
00:45:25.0 (73475984)|STATEMENT_EXECUTE|[57]
00:45:25.0 (73554708)|HEAP_ALLOCATE|[58]|Bytes:8
00:45:25.0 (73569662)|STATEMENT_EXECUTE|[59]
00:45:25.0 (73586815)|HEAP_ALLOCATE|[59]|Bytes:8
00:45:25.0 (73596220)|HEAP_ALLOCATE|[59]|Bytes:14
00:45:25.0 (73602571)|HEAP_ALLOCATE|[EXTERNAL]|Bytes:4
00:45:25.0 (73612787)|HEAP_ALLOCATE|[57]|Bytes:5
00:45:25.0 (73623618)|VARIABLE_SCOPE_BEGIN|[57]|field|Schema.SObjectField|true|false
00:45:25.0 (73705773)|VARIABLE_ASSIGNMENT|[57]|field|"common.apex.runtime.impl.ApexFieldToken@2b8c1973"|0x2b8c1973
00:45:25.0 (73714672)|STATEMENT_EXECUTE|[57]
00:45:25.0 (73815097)|HEAP_ALLOCATE|[58]|Bytes:8
00:45:25.0 (73826432)|STATEMENT_EXECUTE|[59]
00:45:25.0 (73839692)|HEAP_ALLOCATE|[59]|Bytes:8
00:45:25.0 (73846337)|HEAP_ALLOCATE|[59]|Bytes:18
00:45:25.0 (73853253)|HEAP_ALLOCATE|[EXTERNAL]|Bytes:4
00:45:25.0 (73863343)|HEAP_ALLOCATE|[57]|Bytes:5
00:45:25.0 (73873864)|VARIABLE_SCOPE_BEGIN|[57]|field|Schema.SObjectField|true|false
00:45:25.0 (73934097)|VARIABLE_ASSIGNMENT|[57]|field|"common.apex.runtime.impl.ApexFieldToken@1079a29c"|0x1079a29c
00:45:25.0 (73940612)|STATEMENT_EXECUTE|[57]
00:45:25.0 (74400617)|HEAP_ALLOCATE|[58]|Bytes:8
00:45:25.0 (74416883)|STATEMENT_EXECUTE|[59]
00:45:25.0 (74435269)|HEAP_ALLOCATE|[59]|Bytes:8
00:45:25.0 (74446807)|HEAP_ALLOCATE|[59]|Bytes:9
00:45:25.0 (74458576)|HEAP_ALLOCATE|[EXTERNAL]|Bytes:4
00:45:25.0 (74475547)|HEAP_ALLOCATE|[57]|Bytes:5
00:45:25.0 (74490366)|VARIABLE_SCOPE_BEGIN|[57]|field|Schema.SObjectField|true|false
00:45:25.0 (74576611)|VARIABLE_ASSIGNMENT|[57]|field|"common.apex.runtime.impl.ApexFieldToken@54d77fc1"|0x54d77fc1
00:45:25.0 (74584289)|STATEMENT_EXECUTE|[57]
00:45:25.0 (74688942)|HEAP_ALLOCATE|[58]|Bytes:8
00:45:25.0 (74701168)|STATEMENT_EXECUTE|[59]
00:45:25.0 (74716077)|HEAP_ALLOCATE|[59]|Bytes:8
00:45:25.0 (74723222)|HEAP_ALLOCATE|[59]|Bytes:15
00:45:25.0 (74731507)|HEAP_ALLOCATE|[EXTERNAL]|Bytes:4
00:45:25.0 (74742364)|HEAP_ALLOCATE|[57]|Bytes:5
00:45:25.0 (74754431)|VARIABLE_SCOPE_BEGIN|[57]|field|Schema.SObjectField|true|false
00:45:25.0 (74816772)|VARIABLE_ASSIGNMENT|[57]|field|"common.apex.runtime.impl.ApexFieldToken@55557721"|0x55557721
00:45:25.0 (74824380)|STATEMENT_EXECUTE|[57]
00:45:25.0 (74906011)|HEAP_ALLOCATE|[58]|Bytes:8
00:45:25.0 (74916817)|STATEMENT_EXECUTE|[59]
00:45:25.0 (74930856)|HEAP_ALLOCATE|[59]|Bytes:8
00:45:25.0 (74937475)|HEAP_ALLOCATE|[59]|Bytes:19
00:45:25.0 (74944870)|HEAP_ALLOCATE|[EXTERNAL]|Bytes:4
00:45:25.0 (74955435)|HEAP_ALLOCATE|[57]|Bytes:5
00:45:25.0 (74965920)|VARIABLE_SCOPE_BEGIN|[57]|field|Schema.SObjectField|true|false
00:45:25.0 (75025682)|VARIABLE_ASSIGNMENT|[57]|field|"common.apex.runtime.impl.ApexFieldToken@1e59ab79"|0x1e59ab79
00:45:25.0 (75032734)|STATEMENT_EXECUTE|[57]
00:45:25.0 (75107735)|HEAP_ALLOCATE|[58]|Bytes:8
00:45:25.0 (75118293)|STATEMENT_EXECUTE|[59]
00:45:25.0 (75131911)|HEAP_ALLOCATE|[59]|Bytes:8
00:45:25.0 (75139292)|HEAP_ALLOCATE|[59]|Bytes:14
00:45:25.0 (75145989)|HEAP_ALLOCATE|[EXTERNAL]|Bytes:4
00:45:25.0 (75156215)|HEAP_ALLOCATE|[57]|Bytes:5
00:45:25.0 (75166161)|VARIABLE_SCOPE_BEGIN|[57]|field|Schema.SObjectField|true|false
00:45:25.0 (75224381)|VARIABLE_ASSIGNMENT|[57]|field|"common.apex.runtime.impl.ApexFieldToken@4369976c"|0x4369976c
00:45:25.0 (75231470)|STATEMENT_EXECUTE|[57]
00:45:25.0 (75330070)|HEAP_ALLOCATE|[58]|Bytes:8
00:45:25.0 (75346947)|STATEMENT_EXECUTE|[59]
00:45:25.0 (75370313)|HEAP_ALLOCATE|[59]|Bytes:8
00:45:25.0 (75384152)|HEAP_ALLOCATE|[59]|Bytes:25
00:45:25.0 (75395358)|HEAP_ALLOCATE|[EXTERNAL]|Bytes:4
00:45:25.0 (75413317)|HEAP_ALLOCATE|[57]|Bytes:5
00:45:25.0 (75430365)|VARIABLE_SCOPE_BEGIN|[57]|field|Schema.SObjectField|true|false
00:45:25.0 (75523227)|VARIABLE_ASSIGNMENT|[57]|field|"common.apex.runtime.impl.ApexFieldToken@2c2fd1b7"|0x2c2fd1b7
00:45:25.0 (75534283)|STATEMENT_EXECUTE|[57]
00:45:25.0 (75654649)|HEAP_ALLOCATE|[58]|Bytes:8
00:45:25.0 (75678045)|STATEMENT_EXECUTE|[59]
00:45:25.0 (75702631)|HEAP_ALLOCATE|[59]|Bytes:8
00:45:25.0 (75714352)|HEAP_ALLOCATE|[59]|Bytes:15
00:45:25.0 (75725658)|HEAP_ALLOCATE|[EXTERNAL]|Bytes:4
00:45:25.0 (75742492)|HEAP_ALLOCATE|[57]|Bytes:5
00:45:25.0 (75761650)|VARIABLE_SCOPE_BEGIN|[57]|field|Schema.SObjectField|true|false
00:45:25.0 (75845685)|VARIABLE_ASSIGNMENT|[57]|field|"common.apex.runtime.impl.ApexFieldToken@52bd576c"|0x52bd576c
00:45:25.0 (75853154)|STATEMENT_EXECUTE|[57]
00:45:25.0 (75944756)|HEAP_ALLOCATE|[58]|Bytes:8
00:45:25.0 (75957114)|STATEMENT_EXECUTE|[59]
00:45:25.0 (75976312)|HEAP_ALLOCATE|[59]|Bytes:8
00:45:25.0 (75987256)|HEAP_ALLOCATE|[59]|Bytes:23
00:45:25.0 (75998519)|HEAP_ALLOCATE|[EXTERNAL]|Bytes:4
00:45:25.0 (76013645)|HEAP_ALLOCATE|[57]|Bytes:5
00:45:25.0 (76027190)|VARIABLE_SCOPE_BEGIN|[57]|field|Schema.SObjectField|true|false
00:45:25.0 (76089605)|VARIABLE_ASSIGNMENT|[57]|field|"common.apex.runtime.impl.ApexFieldToken@1ec2c21"|0x1ec2c21
00:45:25.0 (76096574)|STATEMENT_EXECUTE|[57]
00:45:25.0 (76181699)|HEAP_ALLOCATE|[58]|Bytes:8
00:45:25.0 (76192837)|STATEMENT_EXECUTE|[59]
00:45:25.0 (76206730)|HEAP_ALLOCATE|[59]|Bytes:8
00:45:25.0 (76213411)|HEAP_ALLOCATE|[59]|Bytes:16
00:45:25.0 (76220613)|HEAP_ALLOCATE|[EXTERNAL]|Bytes:4
00:45:25.0 (76230920)|HEAP_ALLOCATE|[57]|Bytes:5
00:45:25.0 (76241852)|VARIABLE_SCOPE_BEGIN|[57]|field|Schema.SObjectField|true|false
00:45:25.0 (76306667)|VARIABLE_ASSIGNMENT|[57]|field|"common.apex.runtime.impl.ApexFieldToken@eb11987"|0xeb11987
00:45:25.0 (76316711)|STATEMENT_EXECUTE|[57]
00:45:25.0 (76398594)|HEAP_ALLOCATE|[58]|Bytes:8
00:45:25.0 (76409415)|STATEMENT_EXECUTE|[59]
00:45:25.0 (76422717)|HEAP_ALLOCATE|[59]|Bytes:8
00:45:25.0 (76429593)|HEAP_ALLOCATE|[59]|Bytes:14
00:45:25.0 (76436836)|HEAP_ALLOCATE|[EXTERNAL]|Bytes:4
00:45:25.0 (76446961)|HEAP_ALLOCATE|[57]|Bytes:5
00:45:25.0 (76457790)|VARIABLE_SCOPE_BEGIN|[57]|field|Schema.SObjectField|true|false
00:45:25.0 (76517086)|VARIABLE_ASSIGNMENT|[57]|field|"common.apex.runtime.impl.ApexFieldToken@5cc1d38f"|0x5cc1d38f
00:45:25.0 (76523435)|STATEMENT_EXECUTE|[57]
00:45:25.0 (76602773)|HEAP_ALLOCATE|[58]|Bytes:8
00:45:25.0 (76613433)|STATEMENT_EXECUTE|[59]
00:45:25.0 (76627421)|HEAP_ALLOCATE|[59]|Bytes:8
00:45:25.0 (76634262)|HEAP_ALLOCATE|[59]|Bytes:13
00:45:25.0 (76641050)|HEAP_ALLOCATE|[EXTERNAL]|Bytes:4
00:45:25.0 (76651026)|HEAP_ALLOCATE|[57]|Bytes:5
00:45:25.0 (76666560)|VARIABLE_SCOPE_BEGIN|[57]|field|Schema.SObjectField|true|false
00:45:25.0 (76725612)|VARIABLE_ASSIGNMENT|[57]|field|"common.apex.runtime.impl.ApexFieldToken@64fff94c"|0x64fff94c
00:45:25.0 (76731780)|STATEMENT_EXECUTE|[57]
00:45:25.0 (76805044)|HEAP_ALLOCATE|[58]|Bytes:8
00:45:25.0 (76815227)|STATEMENT_EXECUTE|[59]
00:45:25.0 (76828848)|HEAP_ALLOCATE|[59]|Bytes:8
00:45:25.0 (76835517)|HEAP_ALLOCATE|[59]|Bytes:5
00:45:25.0 (76842372)|HEAP_ALLOCATE|[EXTERNAL]|Bytes:4
00:45:25.0 (76852588)|HEAP_ALLOCATE|[57]|Bytes:5
00:45:25.0 (76862614)|VARIABLE_SCOPE_BEGIN|[57]|field|Schema.SObjectField|true|false
00:45:25.0 (76920755)|VARIABLE_ASSIGNMENT|[57]|field|"common.apex.runtime.impl.ApexFieldToken@4924cd6"|0x4924cd6
00:45:25.0 (76927363)|STATEMENT_EXECUTE|[57]
00:45:25.0 (76998860)|HEAP_ALLOCATE|[58]|Bytes:8
00:45:25.0 (77009015)|STATEMENT_EXECUTE|[59]
00:45:25.0 (77022606)|HEAP_ALLOCATE|[59]|Bytes:8
00:45:25.0 (77029251)|HEAP_ALLOCATE|[59]|Bytes:11
00:45:25.0 (77036377)|HEAP_ALLOCATE|[EXTERNAL]|Bytes:4
00:45:25.0 (77046556)|HEAP_ALLOCATE|[57]|Bytes:5
00:45:25.0 (77056034)|VARIABLE_SCOPE_BEGIN|[57]|field|Schema.SObjectField|true|false
00:45:25.0 (77113111)|VARIABLE_ASSIGNMENT|[57]|field|"common.apex.runtime.impl.ApexFieldToken@26910e2"|0x26910e2
00:45:25.0 (77118953)|STATEMENT_EXECUTE|[57]
00:45:25.0 (77189574)|HEAP_ALLOCATE|[58]|Bytes:8
00:45:25.0 (77199638)|STATEMENT_EXECUTE|[59]
00:45:25.0 (77213303)|HEAP_ALLOCATE|[59]|Bytes:8
00:45:25.0 (77220008)|HEAP_ALLOCATE|[59]|Bytes:5
00:45:25.0 (77226058)|HEAP_ALLOCATE|[EXTERNAL]|Bytes:4
00:45:25.0 (77235623)|HEAP_ALLOCATE|[57]|Bytes:5
00:45:25.0 (77245316)|VARIABLE_SCOPE_BEGIN|[57]|field|Schema.SObjectField|true|false
00:45:25.0 (77302305)|VARIABLE_ASSIGNMENT|[57]|field|"common.apex.runtime.impl.ApexFieldToken@50e6f68b"|0x50e6f68b
00:45:25.0 (77308535)|STATEMENT_EXECUTE|[57]
00:45:25.0 (77440000)|HEAP_ALLOCATE|[58]|Bytes:8
00:45:25.0 (77451677)|STATEMENT_EXECUTE|[59]
00:45:25.0 (77466096)|HEAP_ALLOCATE|[59]|Bytes:8
00:45:25.0 (77474023)|HEAP_ALLOCATE|[59]|Bytes:25
00:45:25.0 (77481522)|HEAP_ALLOCATE|[EXTERNAL]|Bytes:4
00:45:25.0 (77492059)|HEAP_ALLOCATE|[57]|Bytes:5
00:45:25.0 (77502438)|VARIABLE_SCOPE_BEGIN|[57]|field|Schema.SObjectField|true|false
00:45:25.0 (77561907)|VARIABLE_ASSIGNMENT|[57]|field|"common.apex.runtime.impl.ApexFieldToken@4bc85042"|0x4bc85042
00:45:25.0 (77567850)|STATEMENT_EXECUTE|[57]
00:45:25.0 (77685903)|HEAP_ALLOCATE|[58]|Bytes:8
00:45:25.0 (77697002)|STATEMENT_EXECUTE|[59]
00:45:25.0 (77710994)|HEAP_ALLOCATE|[59]|Bytes:8
00:45:25.0 (77717762)|HEAP_ALLOCATE|[59]|Bytes:12
00:45:25.0 (77725316)|HEAP_ALLOCATE|[EXTERNAL]|Bytes:4
00:45:25.0 (77735836)|HEAP_ALLOCATE|[57]|Bytes:5
00:45:25.0 (77747250)|VARIABLE_SCOPE_BEGIN|[57]|field|Schema.SObjectField|true|false
00:45:25.0 (77807739)|VARIABLE_ASSIGNMENT|[57]|field|"common.apex.runtime.impl.ApexFieldToken@5daa5111"|0x5daa5111
00:45:25.0 (77814087)|STATEMENT_EXECUTE|[57]
00:45:25.0 (77892182)|HEAP_ALLOCATE|[58]|Bytes:8
00:45:25.0 (77902841)|STATEMENT_EXECUTE|[59]
00:45:25.0 (77916119)|HEAP_ALLOCATE|[59]|Bytes:8
00:45:25.0 (77922931)|HEAP_ALLOCATE|[59]|Bytes:21
00:45:25.0 (77929766)|HEAP_ALLOCATE|[EXTERNAL]|Bytes:4
00:45:25.0 (77939789)|HEAP_ALLOCATE|[57]|Bytes:5
00:45:25.0 (77950408)|VARIABLE_SCOPE_BEGIN|[57]|field|Schema.SObjectField|true|false
00:45:25.0 (78008996)|VARIABLE_ASSIGNMENT|[57]|field|"common.apex.runtime.impl.ApexFieldToken@178ea446"|0x178ea446
00:45:25.0 (78015447)|STATEMENT_EXECUTE|[57]
00:45:25.0 (78090031)|HEAP_ALLOCATE|[58]|Bytes:8
00:45:25.0 (78100793)|STATEMENT_EXECUTE|[59]
00:45:25.0 (78113801)|HEAP_ALLOCATE|[59]|Bytes:8
00:45:25.0 (78120783)|HEAP_ALLOCATE|[59]|Bytes:19
00:45:25.0 (78127525)|HEAP_ALLOCATE|[EXTERNAL]|Bytes:4
00:45:25.0 (78137242)|HEAP_ALLOCATE|[57]|Bytes:5
00:45:25.0 (78147471)|VARIABLE_SCOPE_BEGIN|[57]|field|Schema.SObjectField|true|false
00:45:25.0 (78205569)|VARIABLE_ASSIGNMENT|[57]|field|"common.apex.runtime.impl.ApexFieldToken@70bb5a92"|0x70bb5a92
00:45:25.0 (78211724)|STATEMENT_EXECUTE|[57]
00:45:25.0 (78284939)|HEAP_ALLOCATE|[58]|Bytes:8
00:45:25.0 (78295124)|STATEMENT_EXECUTE|[59]
00:45:25.0 (78308674)|HEAP_ALLOCATE|[59]|Bytes:8
00:45:25.0 (78315590)|HEAP_ALLOCATE|[59]|Bytes:8
00:45:25.0 (78322364)|HEAP_ALLOCATE|[EXTERNAL]|Bytes:4
00:45:25.0 (78331807)|HEAP_ALLOCATE|[57]|Bytes:5
00:45:25.0 (78342270)|VARIABLE_SCOPE_BEGIN|[57]|field|Schema.SObjectField|true|false
00:45:25.0 (78413012)|VARIABLE_ASSIGNMENT|[57]|field|"common.apex.runtime.impl.ApexFieldToken@79f85e87"|0x79f85e87
00:45:25.0 (78419516)|STATEMENT_EXECUTE|[57]
00:45:25.0 (78494963)|HEAP_ALLOCATE|[58]|Bytes:8
00:45:25.0 (78505954)|STATEMENT_EXECUTE|[59]
00:45:25.0 (78519367)|HEAP_ALLOCATE|[59]|Bytes:8
00:45:25.0 (78525913)|HEAP_ALLOCATE|[59]|Bytes:8
00:45:25.0 (78532336)|HEAP_ALLOCATE|[EXTERNAL]|Bytes:4
00:45:25.0 (78542101)|HEAP_ALLOCATE|[57]|Bytes:5
00:45:25.0 (78552316)|VARIABLE_SCOPE_BEGIN|[57]|field|Schema.SObjectField|true|false
00:45:25.0 (78613302)|VARIABLE_ASSIGNMENT|[57]|field|"common.apex.runtime.impl.ApexFieldToken@7655aa70"|0x7655aa70
00:45:25.0 (78619877)|STATEMENT_EXECUTE|[57]
00:45:25.0 (78698425)|HEAP_ALLOCATE|[58]|Bytes:8
00:45:25.0 (78709082)|STATEMENT_EXECUTE|[59]
00:45:25.0 (78723503)|HEAP_ALLOCATE|[59]|Bytes:8
00:45:25.0 (78730455)|HEAP_ALLOCATE|[59]|Bytes:10
00:45:25.0 (78737370)|HEAP_ALLOCATE|[EXTERNAL]|Bytes:4
00:45:25.0 (78747092)|HEAP_ALLOCATE|[57]|Bytes:5
00:45:25.0 (78757166)|VARIABLE_SCOPE_BEGIN|[57]|field|Schema.SObjectField|true|false
00:45:25.0 (78831361)|VARIABLE_ASSIGNMENT|[57]|field|"common.apex.runtime.impl.ApexFieldToken@149b8c68"|0x149b8c68
00:45:25.0 (78838440)|STATEMENT_EXECUTE|[57]
00:45:25.0 (78915340)|HEAP_ALLOCATE|[58]|Bytes:8
00:45:25.0 (78926613)|STATEMENT_EXECUTE|[59]
00:45:25.0 (78941139)|HEAP_ALLOCATE|[59]|Bytes:8
00:45:25.0 (78948123)|HEAP_ALLOCATE|[59]|Bytes:8
00:45:25.0 (78955061)|HEAP_ALLOCATE|[EXTERNAL]|Bytes:4
00:45:25.0 (78965413)|HEAP_ALLOCATE|[57]|Bytes:5
00:45:25.0 (78976848)|VARIABLE_SCOPE_BEGIN|[57]|field|Schema.SObjectField|true|false
00:45:25.0 (79050053)|VARIABLE_ASSIGNMENT|[57]|field|"common.apex.runtime.impl.ApexFieldToken@3e5e3ba3"|0x3e5e3ba3
00:45:25.0 (79057982)|STATEMENT_EXECUTE|[57]
00:45:25.0 (79132665)|HEAP_ALLOCATE|[58]|Bytes:8
00:45:25.0 (79143669)|STATEMENT_EXECUTE|[59]
00:45:25.0 (79157597)|HEAP_ALLOCATE|[59]|Bytes:8
00:45:25.0 (79164347)|HEAP_ALLOCATE|[59]|Bytes:7
00:45:25.0 (79170821)|HEAP_ALLOCATE|[EXTERNAL]|Bytes:4
00:45:25.0 (79180824)|HEAP_ALLOCATE|[57]|Bytes:5
00:45:25.0 (79191079)|VARIABLE_SCOPE_BEGIN|[57]|field|Schema.SObjectField|true|false
00:45:25.0 (79248915)|VARIABLE_ASSIGNMENT|[57]|field|"common.apex.runtime.impl.ApexFieldToken@5e95689"|0x5e95689
00:45:25.0 (79259558)|STATEMENT_EXECUTE|[57]
00:45:25.0 (79331216)|HEAP_ALLOCATE|[58]|Bytes:8
00:45:25.0 (79342145)|STATEMENT_EXECUTE|[59]
00:45:25.0 (79355514)|HEAP_ALLOCATE|[59]|Bytes:8
00:45:25.0 (79362686)|HEAP_ALLOCATE|[59]|Bytes:8
00:45:25.0 (79369144)|HEAP_ALLOCATE|[EXTERNAL]|Bytes:4
00:45:25.0 (79379159)|HEAP_ALLOCATE|[57]|Bytes:5
00:45:25.0 (79388619)|VARIABLE_SCOPE_BEGIN|[57]|field|Schema.SObjectField|true|false
00:45:25.0 (79447265)|VARIABLE_ASSIGNMENT|[57]|field|"common.apex.runtime.impl.ApexFieldToken@5eb46a6e"|0x5eb46a6e
00:45:25.0 (79453318)|STATEMENT_EXECUTE|[57]
00:45:25.0 (79527299)|HEAP_ALLOCATE|[58]|Bytes:8
00:45:25.0 (79538004)|STATEMENT_EXECUTE|[59]
00:45:25.0 (79551819)|HEAP_ALLOCATE|[59]|Bytes:8
00:45:25.0 (79558610)|HEAP_ALLOCATE|[59]|Bytes:7
00:45:25.0 (79565293)|HEAP_ALLOCATE|[EXTERNAL]|Bytes:4
00:45:25.0 (79575050)|HEAP_ALLOCATE|[57]|Bytes:5
00:45:25.0 (79589038)|VARIABLE_ASSIGNMENT|[57]|field|null|
00:45:25.0 (79595979)|STATEMENT_EXECUTE|[61]
00:45:25.0 (79603088)|VARIABLE_SCOPE_BEGIN|[61]|allfields|String|false|false
00:45:25.0 (79613339)|VARIABLE_ASSIGNMENT|[61]|allfields|""
00:45:25.0 (79669657)|HEAP_ALLOCATE|[62]|Bytes:5
00:45:25.0 (79678787)|HEAP_ALLOCATE|[62]|Bytes:2
00:45:25.0 (79685078)|VARIABLE_SCOPE_BEGIN|[62]|fieldname|String|false|false
00:45:25.0 (79693312)|VARIABLE_ASSIGNMENT|[62]|fieldname|"Id"
00:45:25.0 (79697087)|STATEMENT_EXECUTE|[63]
00:45:25.0 (79699254)|HEAP_ALLOCATE|[63]|Bytes:1
00:45:25.0 (79719612)|HEAP_ALLOCATE|[63]|Bytes:3
00:45:25.0 (79724340)|HEAP_ALLOCATE|[63]|Bytes:3
00:45:25.0 (79729197)|VARIABLE_ASSIGNMENT|[63]|allfields|"Id,"
00:45:25.0 (79737050)|HEAP_ALLOCATE|[62]|Bytes:5
00:45:25.0 (79742878)|HEAP_ALLOCATE|[62]|Bytes:7
00:45:25.0 (79746933)|VARIABLE_SCOPE_BEGIN|[62]|fieldname|String|false|false
00:45:25.0 (79753803)|VARIABLE_ASSIGNMENT|[62]|fieldname|"OwnerId"
00:45:25.0 (79757672)|STATEMENT_EXECUTE|[63]
00:45:25.0 (79760509)|HEAP_ALLOCATE|[63]|Bytes:8
00:45:25.0 (79763859)|HEAP_ALLOCATE|[63]|Bytes:11
00:45:25.0 (79767551)|VARIABLE_ASSIGNMENT|[63]|allfields|"Id,OwnerId,"
00:45:25.0 (79773942)|HEAP_ALLOCATE|[62]|Bytes:5
00:45:25.0 (79778860)|HEAP_ALLOCATE|[62]|Bytes:9
00:45:25.0 (79782496)|VARIABLE_SCOPE_BEGIN|[62]|fieldname|String|false|false
00:45:25.0 (79788814)|VARIABLE_ASSIGNMENT|[62]|fieldname|"IsDeleted"
00:45:25.0 (79791754)|STATEMENT_EXECUTE|[63]
00:45:25.0 (79794103)|HEAP_ALLOCATE|[63]|Bytes:10
00:45:25.0 (79797872)|HEAP_ALLOCATE|[63]|Bytes:21
00:45:25.0 (79803484)|VARIABLE_ASSIGNMENT|[63]|allfields|"Id,OwnerId,IsDeleted (1 more) ..."
00:45:25.0 (79809461)|HEAP_ALLOCATE|[62]|Bytes:5
00:45:25.0 (79814573)|HEAP_ALLOCATE|[62]|Bytes:4
00:45:25.0 (79818112)|VARIABLE_SCOPE_BEGIN|[62]|fieldname|String|false|false
00:45:25.0 (79824199)|VARIABLE_ASSIGNMENT|[62]|fieldname|"Name"
00:45:25.0 (79827774)|STATEMENT_EXECUTE|[63]
00:45:25.0 (79829981)|HEAP_ALLOCATE|[63]|Bytes:5
00:45:25.0 (79833112)|HEAP_ALLOCATE|[63]|Bytes:26
00:45:25.0 (79837382)|VARIABLE_ASSIGNMENT|[63]|allfields|"Id,OwnerId,IsDeleted (6 more) ..."
00:45:25.0 (79843792)|HEAP_ALLOCATE|[62]|Bytes:5
00:45:25.0 (79849246)|HEAP_ALLOCATE|[62]|Bytes:11
00:45:25.0 (79852849)|VARIABLE_SCOPE_BEGIN|[62]|fieldname|String|false|false
00:45:25.0 (79859133)|VARIABLE_ASSIGNMENT|[62]|fieldname|"CreatedDate"
00:45:25.0 (79862355)|STATEMENT_EXECUTE|[63]
00:45:25.0 (79864566)|HEAP_ALLOCATE|[63]|Bytes:12
00:45:25.0 (79867763)|HEAP_ALLOCATE|[63]|Bytes:38
00:45:25.0 (79871887)|VARIABLE_ASSIGNMENT|[63]|allfields|"Id,OwnerId,IsDeleted (18 more) ..."
00:45:25.0 (79879233)|HEAP_ALLOCATE|[62]|Bytes:5
00:45:25.0 (79885419)|HEAP_ALLOCATE|[62]|Bytes:11
00:45:25.0 (79889033)|VARIABLE_SCOPE_BEGIN|[62]|fieldname|String|false|false
00:45:25.0 (79895479)|VARIABLE_ASSIGNMENT|[62]|fieldname|"CreatedById"
00:45:25.0 (79898792)|STATEMENT_EXECUTE|[63]
00:45:25.0 (79901065)|HEAP_ALLOCATE|[63]|Bytes:12
00:45:25.0 (79904491)|HEAP_ALLOCATE|[63]|Bytes:50
00:45:25.0 (79908521)|VARIABLE_ASSIGNMENT|[63]|allfields|"Id,OwnerId,IsDeleted (30 more) ..."
00:45:25.0 (79914630)|HEAP_ALLOCATE|[62]|Bytes:5
00:45:25.0 (79922288)|HEAP_ALLOCATE|[62]|Bytes:16
00:45:25.0 (79926113)|VARIABLE_SCOPE_BEGIN|[62]|fieldname|String|false|false
00:45:25.0 (79933158)|VARIABLE_ASSIGNMENT|[62]|fieldname|"LastModifiedDate"
00:45:25.0 (79936702)|STATEMENT_EXECUTE|[63]
00:45:25.0 (79939149)|HEAP_ALLOCATE|[63]|Bytes:17
00:45:25.0 (79942464)|HEAP_ALLOCATE|[63]|Bytes:67
00:45:25.0 (79946734)|VARIABLE_ASSIGNMENT|[63]|allfields|"Id,OwnerId,IsDeleted (47 more) ..."
00:45:25.0 (79952822)|HEAP_ALLOCATE|[62]|Bytes:5
00:45:25.0 (79958236)|HEAP_ALLOCATE|[62]|Bytes:16
00:45:25.0 (79961999)|VARIABLE_SCOPE_BEGIN|[62]|fieldname|String|false|false
00:45:25.0 (79968160)|VARIABLE_ASSIGNMENT|[62]|fieldname|"LastModifiedById"
00:45:25.0 (79971266)|STATEMENT_EXECUTE|[63]
00:45:25.0 (79973544)|HEAP_ALLOCATE|[63]|Bytes:17
00:45:25.0 (79977239)|HEAP_ALLOCATE|[63]|Bytes:84
00:45:25.0 (79981488)|VARIABLE_ASSIGNMENT|[63]|allfields|"Id,OwnerId,IsDeleted (64 more) ..."
00:45:25.0 (79988088)|HEAP_ALLOCATE|[62]|Bytes:5
00:45:25.0 (79993596)|HEAP_ALLOCATE|[62]|Bytes:14
00:45:25.0 (79996937)|VARIABLE_SCOPE_BEGIN|[62]|fieldname|String|false|false
00:45:25.0 (80002902)|VARIABLE_ASSIGNMENT|[62]|fieldname|"SystemModstamp"
00:45:25.0 (80007074)|STATEMENT_EXECUTE|[63]
00:45:25.0 (80009392)|HEAP_ALLOCATE|[63]|Bytes:15
00:45:25.0 (80012682)|HEAP_ALLOCATE|[63]|Bytes:99
00:45:25.0 (80017201)|VARIABLE_ASSIGNMENT|[63]|allfields|"Id,OwnerId,IsDeleted (79 more) ..."
00:45:25.0 (80023448)|HEAP_ALLOCATE|[62]|Bytes:5
00:45:25.0 (80028243)|HEAP_ALLOCATE|[62]|Bytes:16
00:45:25.0 (80032272)|VARIABLE_SCOPE_BEGIN|[62]|fieldname|String|false|false
00:45:25.0 (80038775)|VARIABLE_ASSIGNMENT|[62]|fieldname|"LastActivityDate"
00:45:25.0 (80041851)|STATEMENT_EXECUTE|[63]
00:45:25.0 (80044016)|HEAP_ALLOCATE|[63]|Bytes:17
00:45:25.0 (80047571)|HEAP_ALLOCATE|[63]|Bytes:116
00:45:25.0 (80051513)|VARIABLE_ASSIGNMENT|[63]|allfields|"Id,OwnerId,IsDeleted (96 more) ..."
00:45:25.0 (80057349)|HEAP_ALLOCATE|[62]|Bytes:5
00:45:25.0 (80066715)|HEAP_ALLOCATE|[62]|Bytes:14
00:45:25.0 (80071305)|VARIABLE_SCOPE_BEGIN|[62]|fieldname|String|false|false
00:45:25.0 (80077381)|VARIABLE_ASSIGNMENT|[62]|fieldname|"LastViewedDate"
00:45:25.0 (80080592)|STATEMENT_EXECUTE|[63]
00:45:25.0 (80082936)|HEAP_ALLOCATE|[63]|Bytes:15
00:45:25.0 (80086833)|HEAP_ALLOCATE|[63]|Bytes:131
00:45:25.0 (80091231)|VARIABLE_ASSIGNMENT|[63]|allfields|"Id,OwnerId,IsDeleted (111 more) ..."
00:45:25.0 (80098100)|HEAP_ALLOCATE|[62]|Bytes:5
00:45:25.0 (80103531)|HEAP_ALLOCATE|[62]|Bytes:18
00:45:25.0 (80107227)|VARIABLE_SCOPE_BEGIN|[62]|fieldname|String|false|false
00:45:25.0 (80116419)|VARIABLE_ASSIGNMENT|[62]|fieldname|"LastReferencedDate"
00:45:25.0 (80121378)|STATEMENT_EXECUTE|[63]
00:45:25.0 (80125292)|HEAP_ALLOCATE|[63]|Bytes:19
00:45:25.0 (80131246)|HEAP_ALLOCATE|[63]|Bytes:150
00:45:25.0 (80139014)|VARIABLE_ASSIGNMENT|[63]|allfields|"Id,OwnerId,IsDeleted (130 more) ..."
00:45:25.0 (80150813)|HEAP_ALLOCATE|[62]|Bytes:5
00:45:25.0 (80160536)|HEAP_ALLOCATE|[62]|Bytes:9
00:45:25.0 (80167394)|VARIABLE_SCOPE_BEGIN|[62]|fieldname|String|false|false
00:45:25.0 (80178516)|VARIABLE_ASSIGNMENT|[62]|fieldname|"Client__c"
00:45:25.0 (80183235)|STATEMENT_EXECUTE|[63]
00:45:25.0 (80186398)|HEAP_ALLOCATE|[63]|Bytes:10
00:45:25.0 (80189979)|HEAP_ALLOCATE|[63]|Bytes:160
00:45:25.0 (80194740)|VARIABLE_ASSIGNMENT|[63]|allfields|"Id,OwnerId,IsDeleted (140 more) ..."
00:45:25.0 (80202276)|HEAP_ALLOCATE|[62]|Bytes:5
00:45:25.0 (80207814)|HEAP_ALLOCATE|[62]|Bytes:15
00:45:25.0 (80212026)|VARIABLE_SCOPE_BEGIN|[62]|fieldname|String|false|false
00:45:25.0 (80218966)|VARIABLE_ASSIGNMENT|[62]|fieldname|"End_Customer__c"
00:45:25.0 (80222013)|STATEMENT_EXECUTE|[63]
00:45:25.0 (80224193)|HEAP_ALLOCATE|[63]|Bytes:16
00:45:25.0 (80227823)|HEAP_ALLOCATE|[63]|Bytes:176
00:45:25.0 (80231963)|VARIABLE_ASSIGNMENT|[63]|allfields|"Id,OwnerId,IsDeleted (156 more) ..."
00:45:25.0 (80238414)|HEAP_ALLOCATE|[62]|Bytes:5
00:45:25.0 (80243748)|HEAP_ALLOCATE|[62]|Bytes:19
00:45:25.0 (80247183)|VARIABLE_SCOPE_BEGIN|[62]|fieldname|String|false|false
00:45:25.0 (80253765)|VARIABLE_ASSIGNMENT|[62]|fieldname|"Operation_Region__c"
00:45:25.0 (80256981)|STATEMENT_EXECUTE|[63]
00:45:25.0 (80259231)|HEAP_ALLOCATE|[63]|Bytes:20
00:45:25.0 (80262415)|HEAP_ALLOCATE|[63]|Bytes:196
00:45:25.0 (80266298)|VARIABLE_ASSIGNMENT|[63]|allfields|"Id,OwnerId,IsDeleted (176 more) ..."
00:45:25.0 (80272175)|HEAP_ALLOCATE|[62]|Bytes:5
00:45:25.0 (80277364)|HEAP_ALLOCATE|[62]|Bytes:14
00:45:25.0 (80281100)|VARIABLE_SCOPE_BEGIN|[62]|fieldname|String|false|false
00:45:25.0 (80287288)|VARIABLE_ASSIGNMENT|[62]|fieldname|"Work_Region__c"
00:45:25.0 (80290320)|STATEMENT_EXECUTE|[63]
00:45:25.0 (80292489)|HEAP_ALLOCATE|[63]|Bytes:15
00:45:25.0 (80296197)|HEAP_ALLOCATE|[63]|Bytes:211
00:45:25.0 (80300604)|VARIABLE_ASSIGNMENT|[63]|allfields|"Id,OwnerId,IsDeleted (191 more) ..."
00:45:25.0 (80307184)|HEAP_ALLOCATE|[62]|Bytes:5
00:45:25.0 (80312269)|HEAP_ALLOCATE|[62]|Bytes:25
00:45:25.0 (80315532)|VARIABLE_SCOPE_BEGIN|[62]|fieldname|String|false|false
00:45:25.0 (80322675)|VARIABLE_ASSIGNMENT|[62]|fieldname|"Client_Project_Manag (5 more) ..."
00:45:25.0 (80325678)|STATEMENT_EXECUTE|[63]
00:45:25.0 (80327837)|HEAP_ALLOCATE|[63]|Bytes:26
00:45:25.0 (80331483)|HEAP_ALLOCATE|[63]|Bytes:237
00:45:25.0 (80335580)|VARIABLE_ASSIGNMENT|[63]|allfields|"Id,OwnerId,IsDeleted (217 more) ..."
00:45:25.0 (80341768)|HEAP_ALLOCATE|[62]|Bytes:5
00:45:25.0 (80346647)|HEAP_ALLOCATE|[62]|Bytes:15
00:45:25.0 (80350077)|VARIABLE_SCOPE_BEGIN|[62]|fieldname|String|false|false
00:45:25.0 (80356348)|VARIABLE_ASSIGNMENT|[62]|fieldname|"Project_code__c"
00:45:25.0 (80359319)|STATEMENT_EXECUTE|[63]
00:45:25.0 (80361425)|HEAP_ALLOCATE|[63]|Bytes:16
00:45:25.0 (80364691)|HEAP_ALLOCATE|[63]|Bytes:253
00:45:25.0 (80368805)|VARIABLE_ASSIGNMENT|[63]|allfields|"Id,OwnerId,IsDeleted (233 more) ..."
00:45:25.0 (80375314)|HEAP_ALLOCATE|[62]|Bytes:5
00:45:25.0 (80380375)|HEAP_ALLOCATE|[62]|Bytes:23
00:45:25.0 (80383991)|VARIABLE_SCOPE_BEGIN|[62]|fieldname|String|false|false
00:45:25.0 (80391361)|VARIABLE_ASSIGNMENT|[62]|fieldname|"Company_project_code (3 more) ..."
00:45:25.0 (80394376)|STATEMENT_EXECUTE|[63]
00:45:25.0 (80396637)|HEAP_ALLOCATE|[63]|Bytes:24
00:45:25.0 (80399879)|HEAP_ALLOCATE|[63]|Bytes:277
00:45:25.0 (80403973)|VARIABLE_ASSIGNMENT|[63]|allfields|"Id,OwnerId,IsDeleted (257 more) ..."
00:45:25.0 (80410263)|HEAP_ALLOCATE|[62]|Bytes:5
00:45:25.0 (80415080)|HEAP_ALLOCATE|[62]|Bytes:16
00:45:25.0 (80418558)|VARIABLE_SCOPE_BEGIN|[62]|fieldname|String|false|false
00:45:25.0 (80425227)|VARIABLE_ASSIGNMENT|[62]|fieldname|"Project_Scope__c"
00:45:25.0 (80428806)|STATEMENT_EXECUTE|[63]
00:45:25.0 (80430993)|HEAP_ALLOCATE|[63]|Bytes:17
00:45:25.0 (80434003)|HEAP_ALLOCATE|[63]|Bytes:294
00:45:25.0 (80438007)|VARIABLE_ASSIGNMENT|[63]|allfields|"Id,OwnerId,IsDeleted (274 more) ..."
00:45:25.0 (80443916)|HEAP_ALLOCATE|[62]|Bytes:5
00:45:25.0 (80449071)|HEAP_ALLOCATE|[62]|Bytes:14
00:45:25.0 (80452526)|VARIABLE_SCOPE_BEGIN|[62]|fieldname|String|false|false
00:45:25.0 (80458718)|VARIABLE_ASSIGNMENT|[62]|fieldname|"Cost_Centre__c"
00:45:25.0 (80461806)|STATEMENT_EXECUTE|[63]
00:45:25.0 (80463968)|HEAP_ALLOCATE|[63]|Bytes:15
00:45:25.0 (80467234)|HEAP_ALLOCATE|[63]|Bytes:309
00:45:25.0 (80471761)|VARIABLE_ASSIGNMENT|[63]|allfields|"Id,OwnerId,IsDeleted (289 more) ..."
00:45:25.0 (80478059)|HEAP_ALLOCATE|[62]|Bytes:5
00:45:25.0 (80482906)|HEAP_ALLOCATE|[62]|Bytes:13
00:45:25.0 (80486121)|VARIABLE_SCOPE_BEGIN|[62]|fieldname|String|false|false
00:45:25.0 (80492314)|VARIABLE_ASSIGNMENT|[62]|fieldname|"Production__c"
00:45:25.0 (80495420)|STATEMENT_EXECUTE|[63]
00:45:25.0 (80498252)|HEAP_ALLOCATE|[63]|Bytes:14
00:45:25.0 (80501661)|HEAP_ALLOCATE|[63]|Bytes:323
00:45:25.0 (80505972)|VARIABLE_ASSIGNMENT|[63]|allfields|"Id,OwnerId,IsDeleted (303 more) ..."
00:45:25.0 (80512143)|HEAP_ALLOCATE|[62]|Bytes:5
00:45:25.0 (80517056)|HEAP_ALLOCATE|[62]|Bytes:5
00:45:25.0 (80520620)|VARIABLE_SCOPE_BEGIN|[62]|fieldname|String|false|false
00:45:25.0 (80526536)|VARIABLE_ASSIGNMENT|[62]|fieldname|"QC__c"
00:45:25.0 (80529388)|STATEMENT_EXECUTE|[63]
00:45:25.0 (80531679)|HEAP_ALLOCATE|[63]|Bytes:6
00:45:25.0 (80534904)|HEAP_ALLOCATE|[63]|Bytes:329
00:45:25.0 (80538758)|VARIABLE_ASSIGNMENT|[63]|allfields|"Id,OwnerId,IsDeleted (309 more) ..."
00:45:25.0 (80544572)|HEAP_ALLOCATE|[62]|Bytes:5
00:45:25.0 (80549505)|HEAP_ALLOCATE|[62]|Bytes:11
00:45:25.0 (80552806)|VARIABLE_SCOPE_BEGIN|[62]|fieldname|String|false|false
00:45:25.0 (80558820)|VARIABLE_ASSIGNMENT|[62]|fieldname|"Delivery__c"
00:45:25.0 (80561801)|STATEMENT_EXECUTE|[63]
00:45:25.0 (80564044)|HEAP_ALLOCATE|[63]|Bytes:12
00:45:25.0 (80567481)|HEAP_ALLOCATE|[63]|Bytes:341
00:45:25.0 (80571996)|VARIABLE_ASSIGNMENT|[63]|allfields|"Id,OwnerId,IsDeleted (321 more) ..."
00:45:25.0 (80578285)|HEAP_ALLOCATE|[62]|Bytes:5
00:45:25.0 (80583383)|HEAP_ALLOCATE|[62]|Bytes:5
00:45:25.0 (80586597)|VARIABLE_SCOPE_BEGIN|[62]|fieldname|String|false|false
00:45:25.0 (80595243)|VARIABLE_ASSIGNMENT|[62]|fieldname|"QA__c"
00:45:25.0 (80598602)|STATEMENT_EXECUTE|[63]
00:45:25.0 (80601191)|HEAP_ALLOCATE|[63]|Bytes:6
00:45:25.0 (80604554)|HEAP_ALLOCATE|[63]|Bytes:347
00:45:25.0 (80608928)|VARIABLE_ASSIGNMENT|[63]|allfields|"Id,OwnerId,IsDeleted (327 more) ..."
00:45:25.0 (80615389)|HEAP_ALLOCATE|[62]|Bytes:5
00:45:25.0 (80620378)|HEAP_ALLOCATE|[62]|Bytes:25
00:45:25.0 (80623765)|VARIABLE_SCOPE_BEGIN|[62]|fieldname|String|false|false
00:45:25.0 (80630337)|VARIABLE_ASSIGNMENT|[62]|fieldname|"OffshoreProjectManag (5 more) ..."
00:45:25.0 (80633591)|STATEMENT_EXECUTE|[63]
00:45:25.0 (80635756)|HEAP_ALLOCATE|[63]|Bytes:26
00:45:25.0 (80639223)|HEAP_ALLOCATE|[63]|Bytes:373
00:45:25.0 (80643586)|VARIABLE_ASSIGNMENT|[63]|allfields|"Id,OwnerId,IsDeleted (353 more) ..."
00:45:25.0 (80649863)|HEAP_ALLOCATE|[62]|Bytes:5
00:45:25.0 (80654856)|HEAP_ALLOCATE|[62]|Bytes:12
00:45:25.0 (80658122)|VARIABLE_SCOPE_BEGIN|[62]|fieldname|String|false|false
00:45:25.0 (80667533)|VARIABLE_ASSIGNMENT|[62]|fieldname|"Team_Lead__c"
00:45:25.0 (80671060)|STATEMENT_EXECUTE|[63]
00:45:25.0 (80673568)|HEAP_ALLOCATE|[63]|Bytes:13
00:45:25.0 (80676764)|HEAP_ALLOCATE|[63]|Bytes:386
00:45:25.0 (80681348)|VARIABLE_ASSIGNMENT|[63]|allfields|"Id,OwnerId,IsDeleted (366 more) ..."
00:45:25.0 (80687777)|HEAP_ALLOCATE|[62]|Bytes:5
00:45:25.0 (80692904)|HEAP_ALLOCATE|[62]|Bytes:21
00:45:25.0 (80696281)|VARIABLE_SCOPE_BEGIN|[62]|fieldname|String|false|false
00:45:25.0 (80703092)|VARIABLE_ASSIGNMENT|[62]|fieldname|"Project_Start_Date__ (1 more) ..."
00:45:25.0 (80705936)|STATEMENT_EXECUTE|[63]
00:45:25.0 (80708280)|HEAP_ALLOCATE|[63]|Bytes:22
00:45:25.0 (80711808)|HEAP_ALLOCATE|[63]|Bytes:408
00:45:25.0 (80715892)|VARIABLE_ASSIGNMENT|[63]|allfields|"Id,OwnerId,IsDeleted (388 more) ..."
00:45:25.0 (80722001)|HEAP_ALLOCATE|[62]|Bytes:5
00:45:25.0 (80726967)|HEAP_ALLOCATE|[62]|Bytes:19
00:45:25.0 (80730215)|VARIABLE_SCOPE_BEGIN|[62]|fieldname|String|false|false
00:45:25.0 (80736646)|VARIABLE_ASSIGNMENT|[62]|fieldname|"Project_End_Date__c"
00:45:25.0 (80739687)|STATEMENT_EXECUTE|[63]
00:45:25.0 (80742055)|HEAP_ALLOCATE|[63]|Bytes:20
00:45:25.0 (80745135)|HEAP_ALLOCATE|[63]|Bytes:428
00:45:25.0 (80749362)|VARIABLE_ASSIGNMENT|[63]|allfields|"Id,OwnerId,IsDeleted (408 more) ..."
00:45:25.0 (80755524)|HEAP_ALLOCATE|[62]|Bytes:5
00:45:25.0 (80760639)|HEAP_ALLOCATE|[62]|Bytes:8
00:45:25.0 (80763984)|VARIABLE_SCOPE_BEGIN|[62]|fieldname|String|false|false
00:45:25.0 (80769761)|VARIABLE_ASSIGNMENT|[62]|fieldname|"Units__c"
00:45:25.0 (80775898)|STATEMENT_EXECUTE|[63]
00:45:25.0 (80778404)|HEAP_ALLOCATE|[63]|Bytes:9
00:45:25.0 (80782617)|HEAP_ALLOCATE|[63]|Bytes:437
00:45:25.0 (80787146)|VARIABLE_ASSIGNMENT|[63]|allfields|"Id,OwnerId,IsDeleted (417 more) ..."
00:45:25.0 (80793725)|HEAP_ALLOCATE|[62]|Bytes:5
00:45:25.0 (80799313)|HEAP_ALLOCATE|[62]|Bytes:8
00:45:25.0 (80802571)|VARIABLE_SCOPE_BEGIN|[62]|fieldname|String|false|false
00:45:25.0 (80808523)|VARIABLE_ASSIGNMENT|[62]|fieldname|"Nodes__c"
00:45:25.0 (80811786)|STATEMENT_EXECUTE|[63]
00:45:25.0 (80813983)|HEAP_ALLOCATE|[63]|Bytes:9
00:45:25.0 (80817481)|HEAP_ALLOCATE|[63]|Bytes:446
00:45:25.0 (80821512)|VARIABLE_ASSIGNMENT|[63]|allfields|"Id,OwnerId,IsDeleted (426 more) ..."
00:45:25.0 (80827600)|HEAP_ALLOCATE|[62]|Bytes:5
00:45:25.0 (80832540)|HEAP_ALLOCATE|[62]|Bytes:10
00:45:25.0 (80836079)|VARIABLE_SCOPE_BEGIN|[62]|fieldname|String|false|false
00:45:25.0 (80842010)|VARIABLE_ASSIGNMENT|[62]|fieldname|"Footage__c"
00:45:25.0 (80845136)|STATEMENT_EXECUTE|[63]
00:45:25.0 (80847452)|HEAP_ALLOCATE|[63]|Bytes:11
00:45:25.0 (80850911)|HEAP_ALLOCATE|[63]|Bytes:457
00:45:25.0 (80855414)|VARIABLE_ASSIGNMENT|[63]|allfields|"Id,OwnerId,IsDeleted (437 more) ..."
00:45:25.0 (80862239)|HEAP_ALLOCATE|[62]|Bytes:5
00:45:25.0 (80866946)|HEAP_ALLOCATE|[62]|Bytes:8
00:45:25.0 (80870448)|VARIABLE_SCOPE_BEGIN|[62]|fieldname|String|false|false
00:45:25.0 (80876734)|VARIABLE_ASSIGNMENT|[62]|fieldname|"Miles__c"
00:45:25.0 (80879488)|STATEMENT_EXECUTE|[63]
00:45:25.0 (80881642)|HEAP_ALLOCATE|[63]|Bytes:9
00:45:25.0 (80884827)|HEAP_ALLOCATE|[63]|Bytes:466
00:45:25.0 (80888913)|VARIABLE_ASSIGNMENT|[63]|allfields|"Id,OwnerId,IsDeleted (446 more) ..."
00:45:25.0 (80894626)|HEAP_ALLOCATE|[62]|Bytes:5
00:45:25.0 (80899400)|HEAP_ALLOCATE|[62]|Bytes:7
00:45:25.0 (80902649)|VARIABLE_SCOPE_BEGIN|[62]|fieldname|String|false|false
00:45:25.0 (80908993)|VARIABLE_ASSIGNMENT|[62]|fieldname|"Jobs__c"
00:45:25.0 (80912116)|STATEMENT_EXECUTE|[63]
00:45:25.0 (80914304)|HEAP_ALLOCATE|[63]|Bytes:8
00:45:25.0 (80917542)|HEAP_ALLOCATE|[63]|Bytes:474
00:45:25.0 (80921846)|VARIABLE_ASSIGNMENT|[63]|allfields|"Id,OwnerId,IsDeleted (454 more) ..."
00:45:25.0 (80928026)|HEAP_ALLOCATE|[62]|Bytes:5
00:45:25.0 (80933169)|HEAP_ALLOCATE|[62]|Bytes:8
00:45:25.0 (80936761)|VARIABLE_SCOPE_BEGIN|[62]|fieldname|String|false|false
00:45:25.0 (80942316)|VARIABLE_ASSIGNMENT|[62]|fieldname|"Hours__c"
00:45:25.0 (80945299)|STATEMENT_EXECUTE|[63]
00:45:25.0 (80947345)|HEAP_ALLOCATE|[63]|Bytes:9
00:45:25.0 (80950824)|HEAP_ALLOCATE|[63]|Bytes:483
00:45:25.0 (80954990)|VARIABLE_ASSIGNMENT|[63]|allfields|"Id,OwnerId,IsDeleted (463 more) ..."
00:45:25.0 (80960907)|HEAP_ALLOCATE|[62]|Bytes:5
00:45:25.0 (80965840)|HEAP_ALLOCATE|[62]|Bytes:7
00:45:25.0 (80969270)|VARIABLE_SCOPE_BEGIN|[62]|fieldname|String|false|false
00:45:25.0 (80974949)|VARIABLE_ASSIGNMENT|[62]|fieldname|"Team__c"
00:45:25.0 (80977820)|STATEMENT_EXECUTE|[63]
00:45:25.0 (80979892)|HEAP_ALLOCATE|[63]|Bytes:8
00:45:25.0 (80983080)|HEAP_ALLOCATE|[63]|Bytes:491
00:45:25.0 (80987090)|VARIABLE_ASSIGNMENT|[63]|allfields|"Id,OwnerId,IsDeleted (471 more) ..."
00:45:25.0 (80993229)|HEAP_ALLOCATE|[62]|Bytes:5
00:45:25.0 (80999816)|VARIABLE_ASSIGNMENT|[62]|fieldname|null
00:45:25.0 (81003705)|STATEMENT_EXECUTE|[65]
00:45:25.0 (81074143)|HEAP_ALLOCATE|[65]|Bytes:490
00:45:25.0 (81085615)|VARIABLE_ASSIGNMENT|[65]|allfields|"Id,OwnerId,IsDeleted (470 more) ..."
00:45:25.0 (81089431)|STATEMENT_EXECUTE|[67]
00:45:25.0 (81102897)|METHOD_EXIT|[16]|01p7F00000Ehro9|PM_Project_Edit_Controller.getAllFields(String)
00:45:25.0 (81109393)|HEAP_ALLOCATE|[16]|Bytes:32
00:45:25.0 (81117241)|HEAP_ALLOCATE|[16]|Bytes:529
00:45:25.0 (81682352)|SOQL_EXECUTE_BEGIN|[16]|Aggregations:0|select Id,OwnerId,IsDeleted,Name,CreatedDate,CreatedById,LastModifiedDate,LastModifiedById,SystemModstamp,LastActivityDate,LastViewedDate,LastReferencedDate,Client__c,End_Customer__c,Operation_Region__c,Work_Region__c,Client_Project_Manager__c,Project_code__c,Company_project_code__c,Project_Scope__c,Cost_Centre__c,Production__c,QC__c,Delivery__c,QA__c,OffshoreProjectManager__c,Team_Lead__c,Project_Start_Date__c,Project_End_Date__c,Units__c,Nodes__c,Footage__c,Miles__c,Jobs__c,Hours__c,Team__c from Project__c where Id = :pid
00:45:25.0 (85708356)|SOQL_EXECUTE_END|[16]|Rows:1
00:45:25.0 (85737249)|HEAP_ALLOCATE|[16]|Bytes:8
00:45:25.0 (85774649)|HEAP_ALLOCATE|[16]|Bytes:957
00:45:25.0 (85857497)|HEAP_ALLOCATE|[16]|Bytes:8
00:45:25.0 (85878415)|HEAP_ALLOCATE|[16]|Bytes:36
00:45:25.0 (85928170)|HEAP_ALLOCATE|[16]|Bytes:140
00:45:25.0 (85987604)|VARIABLE_ASSIGNMENT|[EXTERNAL]|this|{"mysObject":"0x2b3e4969","nonSelectedUserId":"(","usersList":"0x2f92a8f1"}|0x716151e2
00:45:25.0 (86050455)|VARIABLE_ASSIGNMENT|[EXTERNAL]|value|{"Id":"a057F000002dVX8QAM","OwnerId":"0057F000000Tiz6QAC","IsDeleted":false,"Name":"Hello World","CreatedDate":"2017-12-19T09:32:05.000Z","CreatedById":"0057F000000Tiz6QAC","LastModifiedDate":"2017-12-19T09:34:04.000Z","LastModifiedById":"0057F000000Tiz6QAC","SystemModstamp":"2018-01-20T18:42:23.000Z","LastViewedDate":"2018-01-22T06:04:42.000Z","LastReferencedDate":"2018-01-22T06:04:42.000Z","Client__c":"a047F000002zkUjQAI","End_Customer__c":"Kumar","Operation_Region__c":"Hyderabad","Work_Region__c":"Hyd","Client_Project_Manag (5 more) ...":"Rajesh","Project_code__c":"123654","Company_project_code (3 more) ...":"123654","Project_Scope__c":"DESIGNING","Cost_Centre__c":"600","Production__c":40,"QC__c":20,"Delivery__c":20,"QA__c":20,"OffshoreProjectManag (5 more) ...":"0057F000000TyyXQAS","Team_Lead__c":"0057F000000TyzGQAS","Project_Start_Date__ (1 more) ...":"2017-12-19T00:00:00.000Z","Project_End_Date__c":"2017-12-20T00:00:00.000Z","Units__c":true,"Nodes__c":false,"Footage__c":false,"Miles__c":true,"Jobs__c":true,"Hours__c":false}|0x133f4269
00:45:25.0 (86104458)|VARIABLE_ASSIGNMENT|[3]|this.mysObject|{"Id":"a057F000002dVX8QAM","OwnerId":"0057F000000Tiz6QAC","IsDeleted":false,"Name":"Hello World","CreatedDate":"2017-12-19T09:32:05.000Z","CreatedById":"0057F000000Tiz6QAC","LastModifiedDate":"2017-12-19T09:34:04.000Z","LastModifiedById":"0057F000000Tiz6QAC","SystemModstamp":"2018-01-20T18:42:23.000Z","LastViewedDate":"2018-01-22T06:04:42.000Z","LastReferencedDate":"2018-01-22T06:04:42.000Z","Client__c":"a047F000002zkUjQAI","End_Customer__c":"Kumar","Operation_Region__c":"Hyderabad","Work_Region__c":"Hyd","Client_Project_Manag (5 more) ...":"Rajesh","Project_code__c":"123654","Company_project_code (3 more) ...":"123654","Project_Scope__c":"DESIGNING","Cost_Centre__c":"600","Production__c":40,"QC__c":20,"Delivery__c":20,"QA__c":20,"OffshoreProjectManag (5 more) ...":"0057F000000TyyXQAS","Team_Lead__c":"0057F000000TyzGQAS","Project_Start_Date__ (1 more) ...":"2017-12-19T00:00:00.000Z","Project_End_Date__c":"2017-12-20T00:00:00.000Z","Units__c":true,"Nodes__c":false,"Footage__c":false,"Miles__c":true,"Jobs__c":true,"Hours__c":false}|0x716151e2
00:45:25.0 (86125842)|STATEMENT_EXECUTE|[17]
00:45:25.0 (86186984)|VARIABLE_ASSIGNMENT|[EXTERNAL]|this|{"mysObject":"0x133f4269","nonSelectedUserId":"(","usersList":"0x2f92a8f1"}|0x716151e2
00:45:25.0 (86260143)|VARIABLE_ASSIGNMENT|[EXTERNAL]|this|{"mysObject":"0x133f4269","nonSelectedUserId":"(","usersList":"0x2f92a8f1"}|0x716151e2
00:45:25.0 (86269072)|VARIABLE_ASSIGNMENT|[EXTERNAL]|value|"Hello World"
00:45:25.0 (86278329)|VARIABLE_ASSIGNMENT|[4]|this.pName|"Hello World"|0x716151e2
00:45:25.0 (86285246)|STATEMENT_EXECUTE|[19]
00:45:25.0 (86288335)|HEAP_ALLOCATE|[19]|Bytes:86
00:45:25.0 (86311150)|HEAP_ALLOCATE|[19]|Bytes:4
00:45:25.0 (86323273)|HEAP_ALLOCATE|[19]|Bytes:7
00:45:25.0 (86587365)|SOQL_EXECUTE_BEGIN|[19]|Aggregations:0|SELECT Name, UserLink__c FROM ProjectJobAssociation__c WHERE ProjectLink__c = :tmpVar1
00:45:25.0 (89128106)|SOQL_EXECUTE_END|[19]|Rows:0
00:45:25.0 (89150497)|HEAP_ALLOCATE|[19]|Bytes:4
00:45:25.0 (89161004)|HEAP_ALLOCATE|[19]|Bytes:0
00:45:25.0 (89231892)|HEAP_ALLOCATE|[19]|Bytes:4
00:45:25.0 (89245330)|VARIABLE_SCOPE_BEGIN|[19]|pja|List<ProjectJobAssociation__c>|true|false
00:45:25.0 (89262356)|VARIABLE_ASSIGNMENT|[19]|pja|[]|0x1afd3362
00:45:25.0 (89267633)|STATEMENT_EXECUTE|[20]
00:45:25.0 (89280886)|HEAP_ALLOCATE|[20]|Bytes:4
00:45:25.0 (89354416)|VARIABLE_ASSIGNMENT|[EXTERNAL]|this|{"mysObject":"0x133f4269","nonSelectedUserId":"(","pName":"Hello World","usersList":"0x2f92a8f1"}|0x716151e2
00:45:25.0 (89383395)|HEAP_ALLOCATE|[EXTERNAL]|Bytes:4
00:45:25.0 (89392077)|VARIABLE_ASSIGNMENT|[EXTERNAL]|value|[]|0x379eee21
00:45:25.0 (89403420)|VARIABLE_ASSIGNMENT|[6]|this.selectedUsers|[]|0x716151e2
00:45:25.0 (89563882)|HEAP_ALLOCATE|[21]|Bytes:5
00:45:25.0 (89581545)|VARIABLE_ASSIGNMENT|[21]|spja|null|
00:45:25.0 (89586981)|STATEMENT_EXECUTE|[21]
00:45:25.0 (89588458)|STATEMENT_EXECUTE|[26]
00:45:25.0 (89653611)|VARIABLE_ASSIGNMENT|[26]|this.nonSelectedUserId|""|0x716151e2
00:45:25.0 (89659166)|STATEMENT_EXECUTE|[27]
00:45:25.0 (89662096)|HEAP_ALLOCATE|[27]|Bytes:1
00:45:25.0 (89669130)|HEAP_ALLOCATE|[27]|Bytes:1
00:45:25.0 (89674477)|VARIABLE_ASSIGNMENT|[27]|this.nonSelectedUserId|")"|0x716151e2
00:45:25.0 (89678507)|STATEMENT_EXECUTE|[28]
00:45:25.0 (89680437)|HEAP_ALLOCATE|[28]|Bytes:46
00:45:25.0 (89684978)|HEAP_ALLOCATE|[28]|Bytes:47
00:45:25.0 (89724422)|USER_DEBUG|[28]|DEBUG|----------------------------------------------)
00:45:25.0 (89736855)|SYSTEM_MODE_EXIT|false
00:45:25.0 (89841805)|SYSTEM_MODE_ENTER|true
00:45:25.0 (103241495)|SYSTEM_MODE_ENTER|true
00:45:25.0 (103305616)|HEAP_ALLOCATE|[EXTERNAL]|Bytes:164
00:45:25.0 (103315642)|HEAP_ALLOCATE|[EXTERNAL]|Bytes:12
00:45:25.0 (103326404)|METHOD_ENTRY|[5]|01p7F00000Ehg8E|MultiselectController.MultiselectController()
00:45:25.0 (103331521)|STATEMENT_EXECUTE|[5]
00:45:25.0 (103337348)|STATEMENT_EXECUTE|[5]
00:45:25.0 (103346558)|SYSTEM_MODE_ENTER|false
00:45:25.0 (103356784)|HEAP_ALLOCATE|[EXTERNAL]|Bytes:5
00:45:25.0 (103364658)|SYSTEM_MODE_EXIT|false
00:45:25.0 (103374362)|METHOD_EXIT|[5]|MultiselectController
00:45:25.0 (103394074)|HEAP_ALLOCATE|[EXTERNAL]|Bytes:20
00:45:25.0 (103402002)|VARIABLE_SCOPE_BEGIN|[5]|this|MultiselectController|true|false
00:45:25.0 (103445974)|VARIABLE_ASSIGNMENT|[5]|this|{}|0x31306bbd
00:45:25.0 (103458960)|SYSTEM_MODE_ENTER|false
00:45:25.0 (103463343)|HEAP_ALLOCATE|[EXTERNAL]|Bytes:5
00:45:25.0 (103490180)|SYSTEM_MODE_EXIT|false
00:45:25.0 (103494246)|STATEMENT_EXECUTE|[5]
00:45:25.0 (103498924)|SYSTEM_MODE_ENTER|false
00:45:25.0 (103502677)|HEAP_ALLOCATE|[EXTERNAL]|Bytes:5
00:45:25.0 (103505677)|STATEMENT_EXECUTE|[7]
00:45:25.0 (103507296)|STATEMENT_EXECUTE|[8]
00:45:25.0 (103508125)|STATEMENT_EXECUTE|[23]
00:45:25.0 (103509052)|STATEMENT_EXECUTE|[31]
00:45:25.0 (103510439)|SYSTEM_MODE_EXIT|false
00:45:25.0 (103655211)|SYSTEM_MODE_ENTER|true
00:45:25.0 (103691138)|HEAP_ALLOCATE|[EXTERNAL]|Bytes:24
00:45:25.0 (103793945)|VARIABLE_SCOPE_BEGIN|[31]|this|PM_Project_Edit_Controller|true|false
00:45:25.0 (103828490)|VARIABLE_ASSIGNMENT|[31]|this|{"mysObject":"0x133f4269","nonSelectedUserId":")","pName":"Hello World","selectedUsers":"0x379eee21","usersList":"0x2f92a8f1"}|0x716151e2
00:45:25.0 (103844914)|SYSTEM_MODE_ENTER|false
00:45:25.0 (103863014)|HEAP_ALLOCATE|[32]|Bytes:5
00:45:25.0 (103867562)|STATEMENT_EXECUTE|[31]
00:45:25.0 (103868747)|STATEMENT_EXECUTE|[32]
00:45:25.0 (103871434)|HEAP_ALLOCATE|[32]|Bytes:62
00:45:25.0 (103896371)|HEAP_ALLOCATE|[32]|Bytes:4
00:45:25.0 (104114963)|SOQL_EXECUTE_BEGIN|[32]|Aggregations:0|SELECT Id, Name FROM UserRole WHERE Name = 'Software Engineer'
00:45:25.0 (107293580)|SOQL_EXECUTE_END|[32]|Rows:1
00:45:25.0 (107315164)|HEAP_ALLOCATE|[32]|Bytes:8
00:45:25.0 (107330603)|HEAP_ALLOCATE|[32]|Bytes:54
00:45:25.0 (107402916)|HEAP_ALLOCATE|[32]|Bytes:8
00:45:25.0 (107414711)|HEAP_ALLOCATE|[32]|Bytes:34
00:45:25.0 (107459564)|HEAP_ALLOCATE|[32]|Bytes:12
00:45:25.0 (107466398)|VARIABLE_SCOPE_BEGIN|[32]|userRole|UserRole|true|false
00:45:25.0 (107485975)|VARIABLE_ASSIGNMENT|[32]|userRole|{"Id":"00E7F000000MdriUAC","Name":"Software Engineer"}|0x6aeec86e
00:45:25.0 (107491366)|STATEMENT_EXECUTE|[33]
00:45:25.0 (107516505)|VARIABLE_SCOPE_BEGIN|[33]|userRoleId|Id|false|false
00:45:25.0 (107687940)|VARIABLE_ASSIGNMENT|[33]|userRoleId|"00E7F000000MdriUAC"
00:45:25.0 (107696948)|STATEMENT_EXECUTE|[34]
00:45:25.0 (107701346)|HEAP_ALLOCATE|[34]|Bytes:32
00:45:25.0 (107712068)|HEAP_ALLOCATE|[34]|Bytes:70
00:45:25.0 (107733599)|HEAP_ALLOCATE|[34]|Bytes:71
00:45:25.0 (108392886)|EXCEPTION_THROWN|[34]|System.QueryException: expecting a colon, found ')'
00:45:25.0 (108526072)|HEAP_ALLOCATE|[34]|Bytes:32
00:45:25.0 (108550927)|SYSTEM_MODE_EXIT|false
00:45:25.0 (108664113)|FATAL_ERROR|System.QueryException: expecting a colon, found ')'

Class.PM_Project_Edit_Controller.getUsersList: line 34, column 1
