36.0 APEX_CODE,FINEST;APEX_PROFILING,INFO;CALLOUT,INFO;DB,INFO;SYSTEM,DEBUG;VALIDATION,INFO;VISUALFORCE,INFO;WAVE,INFO;WORKFLOW,INFO
02:50:31.0 (286178)|USER_INFO|[EXTERNAL]|0057F000000Tiz6|ksb994@salesforce.com|Pacific Standard Time|GMT-08:00
02:50:31.0 (313264)|EXECUTION_STARTED
02:50:31.0 (317000)|CODE_UNIT_STARTED|[EXTERNAL]|0667F000005aHSA|VF: /apex/PM_Job_New
02:50:31.0 (852505)|VF_DESERIALIZE_VIEWSTATE_BEGIN|0667F000005aHSA
02:50:31.0 (16136817)|HEAP_ALLOCATE|[72]|Bytes:3
02:50:31.0 (16166941)|HEAP_ALLOCATE|[77]|Bytes:152
02:50:31.0 (16179154)|HEAP_ALLOCATE|[342]|Bytes:408
02:50:31.0 (16191821)|HEAP_ALLOCATE|[355]|Bytes:408
02:50:31.0 (16204334)|HEAP_ALLOCATE|[467]|Bytes:48
02:50:31.0 (16227576)|HEAP_ALLOCATE|[139]|Bytes:6
02:50:31.0 (19748304)|VF_DESERIALIZE_VIEWSTATE_END
02:50:31.21 (21277270)|SYSTEM_MODE_ENTER|true
02:50:31.21 (21347130)|HEAP_ALLOCATE|[EXTERNAL]|Bytes:38
02:50:31.21 (21356268)|HEAP_ALLOCATE|[EXTERNAL]|Bytes:7
02:50:31.21 (21366405)|SYSTEM_METHOD_ENTRY|[1]|PageMessagesComponentController.PageMessagesComponentController()
02:50:31.21 (21370899)|STATEMENT_EXECUTE|[1]
02:50:31.22 (22126902)|SYSTEM_MODE_ENTER|true
02:50:31.22 (22173645)|HEAP_ALLOCATE|[EXTERNAL]|Bytes:8
02:50:31.22 (22180783)|VARIABLE_SCOPE_BEGIN|[88]|this|ApexPage.PageMessagesComponentController|true|false
02:50:31.22 (22214154)|VARIABLE_ASSIGNMENT|[88]|this|{}|0xed18113
02:50:31.22 (22220304)|VARIABLE_SCOPE_BEGIN|[88]|escape|Boolean|false|false
02:50:31.22 (22227833)|VARIABLE_ASSIGNMENT|[88]|escape|null
02:50:31.0 (23569132)|SYSTEM_MODE_ENTER|true
02:50:31.0 (23602577)|HEAP_ALLOCATE|[EXTERNAL]|Bytes:260
02:50:31.0 (23611127)|HEAP_ALLOCATE|[EXTERNAL]|Bytes:41
02:50:31.0 (23614870)|HEAP_ALLOCATE|[EXTERNAL]|Bytes:8
02:50:31.0 (23623039)|METHOD_ENTRY|[1]|01p7F00000HhQR4|PM_Job_New_Controller.PM_Job_New_Controller()
02:50:31.0 (23630857)|STATEMENT_EXECUTE|[1]
02:50:31.0 (23635156)|STATEMENT_EXECUTE|[1]
02:50:31.0 (23644936)|SYSTEM_MODE_ENTER|false
02:50:31.0 (23651482)|HEAP_ALLOCATE|[EXTERNAL]|Bytes:5
02:50:31.0 (23658065)|SYSTEM_MODE_EXIT|false
02:50:31.0 (23664507)|METHOD_EXIT|[1]|PM_Job_New_Controller
02:50:31.0 (29289922)|SYSTEM_MODE_ENTER|true
02:50:31.0 (29576001)|HEAP_ALLOCATE|[EXTERNAL]|Bytes:40
02:50:31.0 (29592326)|VARIABLE_SCOPE_BEGIN|[24]|this|PM_Job_New_Controller|true|false
02:50:31.0 (29677757)|VARIABLE_ASSIGNMENT|[24]|this|{"job":"0x3d39c387","projectList":"0x36ff63bb"}|0xe1efd6f
02:50:31.0 (29698392)|SYSTEM_MODE_ENTER|false
02:50:31.0 (29705291)|HEAP_ALLOCATE|[25]|Bytes:5
02:50:31.0 (29710928)|STATEMENT_EXECUTE|[24]
02:50:31.0 (29712437)|STATEMENT_EXECUTE|[25]
02:50:31.0 (29725866)|HEAP_ALLOCATE|[25]|Bytes:4
02:50:31.0 (29767114)|VARIABLE_SCOPE_BEGIN|[25]|cpcso|List<System.SelectOption>|true|false
02:50:31.0 (29796736)|HEAP_ALLOCATE|[EXTERNAL]|Bytes:4
02:50:31.0 (29807348)|VARIABLE_ASSIGNMENT|[25]|cpcso|[]|0x7c86cac0
02:50:31.0 (29867383)|VARIABLE_ASSIGNMENT|[EXTERNAL]|this|{"job":"0x3d39c387","projectList":"0x36ff63bb"}|0xe1efd6f
02:50:31.0 (30017827)|HEAP_ALLOCATE|[26]|Bytes:5
02:50:31.0 (30056990)|HEAP_ALLOCATE|[26]|Bytes:12
02:50:31.0 (30070410)|VARIABLE_SCOPE_BEGIN|[26]|pro|Project__c|true|false
02:50:31.0 (30087576)|VARIABLE_ASSIGNMENT|[26]|pro|{"Company_project_code (3 more) ...":"101-TRN-COM-042","Id":"a057F0000039u2LQAQ"}|0x2887ebc
02:50:31.0 (30093903)|STATEMENT_EXECUTE|[26]
02:50:31.0 (30095255)|STATEMENT_EXECUTE|[27]
02:50:31.0 (30171164)|HEAP_ALLOCATE|[27]|Bytes:18
02:50:31.0 (30257544)|HEAP_ALLOCATE|[EXTERNAL]|Bytes:4
02:50:31.0 (30279962)|HEAP_ALLOCATE|[26]|Bytes:5
02:50:31.0 (30303255)|HEAP_ALLOCATE|[26]|Bytes:12
02:50:31.0 (30311551)|VARIABLE_SCOPE_BEGIN|[26]|pro|Project__c|true|false
02:50:31.0 (30328653)|VARIABLE_ASSIGNMENT|[26]|pro|{"Company_project_code (3 more) ...":"101-TRN-COM-036","Id":"a057F0000039u2MQAQ"}|0x7a0634bb
02:50:31.0 (30337846)|STATEMENT_EXECUTE|[26]
02:50:31.0 (30339424)|STATEMENT_EXECUTE|[27]
02:50:31.0 (30350635)|HEAP_ALLOCATE|[27]|Bytes:18
02:50:31.0 (30368389)|HEAP_ALLOCATE|[EXTERNAL]|Bytes:4
02:50:31.0 (30378627)|HEAP_ALLOCATE|[26]|Bytes:5
02:50:31.0 (30395005)|HEAP_ALLOCATE|[26]|Bytes:12
02:50:31.0 (30404256)|VARIABLE_SCOPE_BEGIN|[26]|pro|Project__c|true|false
02:50:31.0 (30422381)|VARIABLE_ASSIGNMENT|[26]|pro|{"Company_project_code (3 more) ...":"101-TRN-COM-034","Id":"a057F0000039u2NQAQ"}|0x1abfd6d4
02:50:31.0 (30428670)|STATEMENT_EXECUTE|[26]
02:50:31.0 (30429752)|STATEMENT_EXECUTE|[27]
02:50:31.0 (30437075)|HEAP_ALLOCATE|[27]|Bytes:18
02:50:31.0 (30448721)|HEAP_ALLOCATE|[EXTERNAL]|Bytes:4
02:50:31.0 (30457618)|HEAP_ALLOCATE|[26]|Bytes:5
02:50:31.0 (30475356)|HEAP_ALLOCATE|[26]|Bytes:12
02:50:31.0 (30484295)|VARIABLE_SCOPE_BEGIN|[26]|pro|Project__c|true|false
02:50:31.0 (30501889)|VARIABLE_ASSIGNMENT|[26]|pro|{"Company_project_code (3 more) ...":"101-TRN-COM-051","Id":"a057F0000039u2OQAQ"}|0x64fd2dbd
02:50:31.0 (30507122)|STATEMENT_EXECUTE|[26]
02:50:31.0 (30508134)|STATEMENT_EXECUTE|[27]
02:50:31.0 (30515125)|HEAP_ALLOCATE|[27]|Bytes:18
02:50:31.0 (30530526)|HEAP_ALLOCATE|[EXTERNAL]|Bytes:4
02:50:31.0 (30539656)|HEAP_ALLOCATE|[26]|Bytes:5
02:50:31.0 (30553390)|HEAP_ALLOCATE|[26]|Bytes:12
02:50:31.0 (30558890)|VARIABLE_SCOPE_BEGIN|[26]|pro|Project__c|true|false
02:50:31.0 (30570334)|VARIABLE_ASSIGNMENT|[26]|pro|{"Company_project_code (3 more) ...":"300-0001-00","Id":"a057F0000039u22QAA"}|0xa7cda27
02:50:31.0 (30575031)|STATEMENT_EXECUTE|[26]
02:50:31.0 (30576024)|STATEMENT_EXECUTE|[27]
02:50:31.0 (30581476)|HEAP_ALLOCATE|[27]|Bytes:18
02:50:31.0 (30590727)|HEAP_ALLOCATE|[EXTERNAL]|Bytes:4
02:50:31.0 (30601633)|HEAP_ALLOCATE|[26]|Bytes:5
02:50:31.0 (30614049)|HEAP_ALLOCATE|[26]|Bytes:12
02:50:31.0 (30618807)|VARIABLE_SCOPE_BEGIN|[26]|pro|Project__c|true|false
02:50:31.0 (30629173)|VARIABLE_ASSIGNMENT|[26]|pro|{"Company_project_code (3 more) ...":"300-0002-01","Id":"a057F0000039u23QAA"}|0x4114943f
02:50:31.0 (30634217)|STATEMENT_EXECUTE|[26]
02:50:31.0 (30635113)|STATEMENT_EXECUTE|[27]
02:50:31.0 (30640383)|HEAP_ALLOCATE|[27]|Bytes:18
02:50:31.0 (30649085)|HEAP_ALLOCATE|[EXTERNAL]|Bytes:4
02:50:31.0 (30656610)|HEAP_ALLOCATE|[26]|Bytes:5
02:50:31.0 (30667945)|HEAP_ALLOCATE|[26]|Bytes:12
02:50:31.0 (30672624)|VARIABLE_SCOPE_BEGIN|[26]|pro|Project__c|true|false
02:50:31.0 (30682590)|VARIABLE_ASSIGNMENT|[26]|pro|{"Company_project_code (3 more) ...":"101-TRN-COM-008","Id":"a057F0000039u24QAA"}|0x2579f3bf
02:50:31.0 (30687095)|STATEMENT_EXECUTE|[26]
02:50:31.0 (30687990)|STATEMENT_EXECUTE|[27]
02:50:31.0 (30693089)|HEAP_ALLOCATE|[27]|Bytes:18
02:50:31.0 (30701932)|HEAP_ALLOCATE|[EXTERNAL]|Bytes:4
02:50:31.0 (30709553)|HEAP_ALLOCATE|[26]|Bytes:5
02:50:31.0 (30720804)|HEAP_ALLOCATE|[26]|Bytes:12
02:50:31.0 (30725392)|VARIABLE_SCOPE_BEGIN|[26]|pro|Project__c|true|false
02:50:31.0 (30735529)|VARIABLE_ASSIGNMENT|[26]|pro|{"Company_project_code (3 more) ...":"101-TRN-COM-047","Id":"a057F0000039u25QAA"}|0x28e4b268
02:50:31.0 (30739700)|STATEMENT_EXECUTE|[26]
02:50:31.0 (30740566)|STATEMENT_EXECUTE|[27]
02:50:31.0 (30745211)|HEAP_ALLOCATE|[27]|Bytes:18
02:50:31.0 (30753497)|HEAP_ALLOCATE|[EXTERNAL]|Bytes:4
02:50:31.0 (30760818)|HEAP_ALLOCATE|[26]|Bytes:5
02:50:31.0 (30771844)|HEAP_ALLOCATE|[26]|Bytes:12
02:50:31.0 (30776396)|VARIABLE_SCOPE_BEGIN|[26]|pro|Project__c|true|false
02:50:31.0 (30785662)|VARIABLE_ASSIGNMENT|[26]|pro|{"Company_project_code (3 more) ...":"101-TRN-COM-046","Id":"a057F0000039u26QAA"}|0x44a5e8b1
02:50:31.0 (30790208)|STATEMENT_EXECUTE|[26]
02:50:31.0 (30791101)|STATEMENT_EXECUTE|[27]
02:50:31.0 (30795592)|HEAP_ALLOCATE|[27]|Bytes:18
02:50:31.0 (30804507)|HEAP_ALLOCATE|[EXTERNAL]|Bytes:4
02:50:31.0 (30811753)|HEAP_ALLOCATE|[26]|Bytes:5
02:50:31.0 (30822865)|HEAP_ALLOCATE|[26]|Bytes:12
02:50:31.0 (30827351)|VARIABLE_SCOPE_BEGIN|[26]|pro|Project__c|true|false
02:50:31.0 (30836737)|VARIABLE_ASSIGNMENT|[26]|pro|{"Company_project_code (3 more) ...":"101-TRN-COM-050","Id":"a057F0000039u27QAA"}|0x21753976
02:50:31.0 (30841045)|STATEMENT_EXECUTE|[26]
02:50:31.0 (30841919)|STATEMENT_EXECUTE|[27]
02:50:31.0 (30846536)|HEAP_ALLOCATE|[27]|Bytes:18
02:50:31.0 (30854635)|HEAP_ALLOCATE|[EXTERNAL]|Bytes:4
02:50:31.0 (30862155)|HEAP_ALLOCATE|[26]|Bytes:5
02:50:31.0 (30872614)|HEAP_ALLOCATE|[26]|Bytes:12
02:50:31.0 (30877306)|VARIABLE_SCOPE_BEGIN|[26]|pro|Project__c|true|false
02:50:31.0 (30887124)|VARIABLE_ASSIGNMENT|[26]|pro|{"Company_project_code (3 more) ...":"101-TRN-COM-033","Id":"a057F0000039u28QAA"}|0x4bfbd2ec
02:50:31.0 (30891547)|STATEMENT_EXECUTE|[26]
02:50:31.0 (30892409)|STATEMENT_EXECUTE|[27]
02:50:31.0 (30897112)|HEAP_ALLOCATE|[27]|Bytes:18
02:50:31.0 (30905157)|HEAP_ALLOCATE|[EXTERNAL]|Bytes:4
02:50:31.0 (30912509)|HEAP_ALLOCATE|[26]|Bytes:5
02:50:31.0 (30923513)|HEAP_ALLOCATE|[26]|Bytes:12
02:50:31.0 (30927929)|VARIABLE_SCOPE_BEGIN|[26]|pro|Project__c|true|false
02:50:31.0 (30938232)|VARIABLE_ASSIGNMENT|[26]|pro|{"Company_project_code (3 more) ...":"101-TRN-COX-007","Id":"a057F0000039u29QAA"}|0x46015e09
02:50:31.0 (30942422)|STATEMENT_EXECUTE|[26]
02:50:31.0 (30943298)|STATEMENT_EXECUTE|[27]
02:50:31.0 (30947897)|HEAP_ALLOCATE|[27]|Bytes:18
02:50:31.0 (30956425)|HEAP_ALLOCATE|[EXTERNAL]|Bytes:4
02:50:31.0 (30963350)|HEAP_ALLOCATE|[26]|Bytes:5
02:50:31.0 (30974276)|HEAP_ALLOCATE|[26]|Bytes:12
02:50:31.0 (30979325)|VARIABLE_SCOPE_BEGIN|[26]|pro|Project__c|true|false
02:50:31.0 (30989254)|VARIABLE_ASSIGNMENT|[26]|pro|{"Company_project_code (3 more) ...":"101-TRN-COX-006","Id":"a057F0000039u2AQAQ"}|0x2d8ac618
02:50:31.0 (30994171)|STATEMENT_EXECUTE|[26]
02:50:31.0 (30995062)|STATEMENT_EXECUTE|[27]
02:50:31.0 (30999840)|HEAP_ALLOCATE|[27]|Bytes:18
02:50:31.0 (31007921)|HEAP_ALLOCATE|[EXTERNAL]|Bytes:4
02:50:31.0 (31016214)|HEAP_ALLOCATE|[26]|Bytes:5
02:50:31.0 (31027337)|HEAP_ALLOCATE|[26]|Bytes:12
02:50:31.0 (31032119)|VARIABLE_SCOPE_BEGIN|[26]|pro|Project__c|true|false
02:50:31.0 (31042159)|VARIABLE_ASSIGNMENT|[26]|pro|{"Company_project_code (3 more) ...":"101-TRN-COX-008","Id":"a057F0000039u2BQAQ"}|0x25bce456
02:50:31.0 (31046718)|STATEMENT_EXECUTE|[26]
02:50:31.0 (31047593)|STATEMENT_EXECUTE|[27]
02:50:31.0 (31052396)|HEAP_ALLOCATE|[27]|Bytes:18
02:50:31.0 (31060502)|HEAP_ALLOCATE|[EXTERNAL]|Bytes:4
02:50:31.0 (31068068)|HEAP_ALLOCATE|[26]|Bytes:5
02:50:31.0 (31079131)|HEAP_ALLOCATE|[26]|Bytes:12
02:50:31.0 (31083631)|VARIABLE_SCOPE_BEGIN|[26]|pro|Project__c|true|false
02:50:31.0 (31094022)|VARIABLE_ASSIGNMENT|[26]|pro|{"Company_project_code (3 more) ...":"101-TRN-COM-027","Id":"a057F0000039u2CQAQ"}|0x30453ebf
02:50:31.0 (31098277)|STATEMENT_EXECUTE|[26]
02:50:31.0 (31099187)|STATEMENT_EXECUTE|[27]
02:50:31.0 (31103903)|HEAP_ALLOCATE|[27]|Bytes:18
02:50:31.0 (31111769)|HEAP_ALLOCATE|[EXTERNAL]|Bytes:4
02:50:31.0 (31118746)|HEAP_ALLOCATE|[26]|Bytes:5
02:50:31.0 (31129272)|HEAP_ALLOCATE|[26]|Bytes:12
02:50:31.0 (31134076)|VARIABLE_SCOPE_BEGIN|[26]|pro|Project__c|true|false
02:50:31.0 (31143768)|VARIABLE_ASSIGNMENT|[26]|pro|{"Company_project_code (3 more) ...":"101-TRN-COM-029","Id":"a057F0000039u2DQAQ"}|0x7c78cfa8
02:50:31.0 (31148202)|STATEMENT_EXECUTE|[26]
02:50:31.0 (31149083)|STATEMENT_EXECUTE|[27]
02:50:31.0 (31153764)|HEAP_ALLOCATE|[27]|Bytes:18
02:50:31.0 (31161625)|HEAP_ALLOCATE|[EXTERNAL]|Bytes:4
02:50:31.0 (31169132)|HEAP_ALLOCATE|[26]|Bytes:5
02:50:31.0 (31180401)|HEAP_ALLOCATE|[26]|Bytes:12
02:50:31.0 (31184859)|VARIABLE_SCOPE_BEGIN|[26]|pro|Project__c|true|false
02:50:31.0 (31195492)|VARIABLE_ASSIGNMENT|[26]|pro|{"Company_project_code (3 more) ...":"101-TRN-COM-014","Id":"a057F0000039u2EQAQ"}|0x7397c39
02:50:31.0 (31199946)|STATEMENT_EXECUTE|[26]
02:50:31.0 (31200833)|STATEMENT_EXECUTE|[27]
02:50:31.0 (31205451)|HEAP_ALLOCATE|[27]|Bytes:18
02:50:31.0 (31213244)|HEAP_ALLOCATE|[EXTERNAL]|Bytes:4
02:50:31.0 (31220283)|HEAP_ALLOCATE|[26]|Bytes:5
02:50:31.0 (31230791)|HEAP_ALLOCATE|[26]|Bytes:12
02:50:31.0 (31235231)|VARIABLE_SCOPE_BEGIN|[26]|pro|Project__c|true|false
02:50:31.0 (31245138)|VARIABLE_ASSIGNMENT|[26]|pro|{"Company_project_code (3 more) ...":"301-0001-00","Id":"a057F0000039u21QAA"}|0x4565a6dc
02:50:31.0 (31249572)|STATEMENT_EXECUTE|[26]
02:50:31.0 (31250438)|STATEMENT_EXECUTE|[27]
02:50:31.0 (31255105)|HEAP_ALLOCATE|[27]|Bytes:18
02:50:31.0 (31263030)|HEAP_ALLOCATE|[EXTERNAL]|Bytes:4
02:50:31.0 (31270681)|HEAP_ALLOCATE|[26]|Bytes:5
02:50:31.0 (31281807)|HEAP_ALLOCATE|[26]|Bytes:12
02:50:31.0 (31286106)|VARIABLE_SCOPE_BEGIN|[26]|pro|Project__c|true|false
02:50:31.0 (31296422)|VARIABLE_ASSIGNMENT|[26]|pro|{"Company_project_code (3 more) ...":"101-TRN-COM-017","Id":"a057F0000039u2FQAQ"}|0x5c4cd809
02:50:31.0 (31303258)|STATEMENT_EXECUTE|[26]
02:50:31.0 (31304316)|STATEMENT_EXECUTE|[27]
02:50:31.0 (31309417)|HEAP_ALLOCATE|[27]|Bytes:18
02:50:31.0 (31318169)|HEAP_ALLOCATE|[EXTERNAL]|Bytes:4
02:50:31.0 (31325616)|HEAP_ALLOCATE|[26]|Bytes:5
02:50:31.0 (31337150)|HEAP_ALLOCATE|[26]|Bytes:12
02:50:31.0 (31341665)|VARIABLE_SCOPE_BEGIN|[26]|pro|Project__c|true|false
02:50:31.0 (31352113)|VARIABLE_ASSIGNMENT|[26]|pro|{"Company_project_code (3 more) ...":"101-TRN-COM-038","Id":"a057F0000039u2GQAQ"}|0x66f349a7
02:50:31.0 (31356360)|STATEMENT_EXECUTE|[26]
02:50:31.0 (31357218)|STATEMENT_EXECUTE|[27]
02:50:31.0 (31362163)|HEAP_ALLOCATE|[27]|Bytes:18
02:50:31.0 (31370506)|HEAP_ALLOCATE|[EXTERNAL]|Bytes:4
02:50:31.0 (31377528)|HEAP_ALLOCATE|[26]|Bytes:5
02:50:31.0 (31388725)|HEAP_ALLOCATE|[26]|Bytes:12
02:50:31.0 (31393426)|VARIABLE_SCOPE_BEGIN|[26]|pro|Project__c|true|false
02:50:31.0 (31403451)|VARIABLE_ASSIGNMENT|[26]|pro|{"Company_project_code (3 more) ...":"101-TRN-COM-037","Id":"a057F0000039u2HQAQ"}|0x2a6729f4
02:50:31.0 (31408473)|STATEMENT_EXECUTE|[26]
02:50:31.0 (31409354)|STATEMENT_EXECUTE|[27]
02:50:31.0 (31413963)|HEAP_ALLOCATE|[27]|Bytes:18
02:50:31.0 (31422011)|HEAP_ALLOCATE|[EXTERNAL]|Bytes:4
02:50:31.0 (31428909)|HEAP_ALLOCATE|[26]|Bytes:5
02:50:31.0 (31439819)|HEAP_ALLOCATE|[26]|Bytes:12
02:50:31.0 (31444413)|VARIABLE_SCOPE_BEGIN|[26]|pro|Project__c|true|false
02:50:31.0 (31454301)|VARIABLE_ASSIGNMENT|[26]|pro|{"Company_project_code (3 more) ...":"101-TRN-COM-039","Id":"a057F0000039u2IQAQ"}|0x425c3922
02:50:31.0 (31458744)|STATEMENT_EXECUTE|[26]
02:50:31.0 (31459660)|STATEMENT_EXECUTE|[27]
02:50:31.0 (31464333)|HEAP_ALLOCATE|[27]|Bytes:18
02:50:31.0 (31472614)|HEAP_ALLOCATE|[EXTERNAL]|Bytes:4
02:50:31.0 (31479822)|HEAP_ALLOCATE|[26]|Bytes:5
02:50:31.0 (31490442)|HEAP_ALLOCATE|[26]|Bytes:12
02:50:31.0 (31494942)|VARIABLE_SCOPE_BEGIN|[26]|pro|Project__c|true|false
02:50:31.0 (31505174)|VARIABLE_ASSIGNMENT|[26]|pro|{"Company_project_code (3 more) ...":"101-TRN-COM-040","Id":"a057F0000039u2JQAQ"}|0x786a2df0
02:50:31.0 (31509712)|STATEMENT_EXECUTE|[26]
02:50:31.0 (31510590)|STATEMENT_EXECUTE|[27]
02:50:31.0 (31515356)|HEAP_ALLOCATE|[27]|Bytes:18
02:50:31.0 (31526736)|HEAP_ALLOCATE|[EXTERNAL]|Bytes:4
02:50:31.0 (31534567)|HEAP_ALLOCATE|[26]|Bytes:5
02:50:31.0 (31545680)|HEAP_ALLOCATE|[26]|Bytes:12
02:50:31.0 (31550256)|VARIABLE_SCOPE_BEGIN|[26]|pro|Project__c|true|false
02:50:31.0 (31560678)|VARIABLE_ASSIGNMENT|[26]|pro|{"Company_project_code (3 more) ...":"101-TRN-COM-041","Id":"a057F0000039u2KQAQ"}|0x428fd2b
02:50:31.0 (31565026)|STATEMENT_EXECUTE|[26]
02:50:31.0 (31565928)|STATEMENT_EXECUTE|[27]
02:50:31.0 (31570823)|HEAP_ALLOCATE|[27]|Bytes:18
02:50:31.0 (31579107)|HEAP_ALLOCATE|[EXTERNAL]|Bytes:4
02:50:31.0 (31586453)|HEAP_ALLOCATE|[26]|Bytes:5
02:50:31.0 (31594784)|VARIABLE_ASSIGNMENT|[26]|pro|null|
02:50:31.0 (31601143)|STATEMENT_EXECUTE|[29]
02:50:31.0 (31605099)|SYSTEM_MODE_EXIT|false
02:50:31.0 (31713039)|SYSTEM_MODE_ENTER|true
02:50:31.0 (32658695)|SYSTEM_MODE_ENTER|true
02:50:31.0 (32742887)|SYSTEM_MODE_ENTER|true
02:50:31.0 (32793758)|SYSTEM_MODE_ENTER|true
02:50:31.0 (32838578)|SYSTEM_MODE_ENTER|true
02:50:31.0 (33273382)|SYSTEM_MODE_ENTER|true
02:50:31.33 (33689121)|SYSTEM_MODE_ENTER|true
02:50:31.33 (33739181)|HEAP_ALLOCATE|[EXTERNAL]|Bytes:8
02:50:31.33 (33746916)|VARIABLE_SCOPE_BEGIN|[88]|this|ApexPage.PageMessagesComponentController|true|false
02:50:31.33 (33770208)|VARIABLE_ASSIGNMENT|[88]|this|{}|0xed18113
02:50:31.33 (33775868)|VARIABLE_SCOPE_BEGIN|[88]|escape|Boolean|false|false
02:50:31.33 (33782006)|VARIABLE_ASSIGNMENT|[88]|escape|null
02:50:31.0 (33839332)|SYSTEM_MODE_ENTER|true
02:50:31.0 (33860921)|HEAP_ALLOCATE|[EXTERNAL]|Bytes:4
02:50:31.0 (33865182)|HEAP_ALLOCATE|[EXTERNAL]|Bytes:40
02:50:31.0 (33969567)|VARIABLE_ASSIGNMENT|[EXTERNAL]|this.cpCode|"a057F0000039u2LQAQ"|0xe1efd6f
02:50:31.0 (34028032)|SYSTEM_MODE_ENTER|true
02:50:31.34 (34437353)|HEAP_ALLOCATE|[EXTERNAL]|Bytes:-4
02:50:31.34 (34514198)|HEAP_ALLOCATE|[EXTERNAL]|Bytes:-4
02:50:31.0 (34548702)|SYSTEM_MODE_ENTER|true
02:50:31.0 (34563587)|HEAP_ALLOCATE|[EXTERNAL]|Bytes:40
02:50:31.0 (34572429)|VARIABLE_ASSIGNMENT|[EXTERNAL]|this.production_resource|null|0xe1efd6f
02:50:31.0 (34611450)|SYSTEM_MODE_ENTER|true
02:50:31.0 (34622954)|HEAP_ALLOCATE|[EXTERNAL]|Bytes:40
02:50:31.0 (34629534)|VARIABLE_ASSIGNMENT|[EXTERNAL]|this.qc_resource|null|0xe1efd6f
02:50:31.0 (34655751)|SYSTEM_MODE_ENTER|true
02:50:31.0 (34664847)|HEAP_ALLOCATE|[EXTERNAL]|Bytes:40
02:50:31.0 (34670394)|VARIABLE_ASSIGNMENT|[EXTERNAL]|this.qa_resource|null|0xe1efd6f
02:50:31.0 (34693953)|SYSTEM_MODE_ENTER|true
02:50:31.0 (34702832)|HEAP_ALLOCATE|[EXTERNAL]|Bytes:40
02:50:31.0 (34707704)|VARIABLE_ASSIGNMENT|[EXTERNAL]|this.delivery_resource|null|0xe1efd6f
02:50:31.0 (34943419)|SYSTEM_MODE_ENTER|true
02:50:31.0 (34957364)|HEAP_ALLOCATE|[EXTERNAL]|Bytes:40
02:50:31.0 (34964091)|VARIABLE_ASSIGNMENT|[EXTERNAL]|this.jobCriticality|null|0xe1efd6f
02:50:31.0 (35235645)|HEAP_ALLOCATE|[EXTERNAL]|Bytes:40
02:50:31.0 (35244891)|VARIABLE_SCOPE_BEGIN|[32]|this|PM_Job_New_Controller|true|false
02:50:31.0 (35366194)|VARIABLE_ASSIGNMENT|[32]|this|{"cpCode":"a057F0000039u2LQAQ","job":"0x3d39c387","projectList":"0x36ff63bb"}|0xe1efd6f
02:50:31.0 (35385673)|SYSTEM_MODE_ENTER|false
02:50:31.0 (35392585)|HEAP_ALLOCATE|[33]|Bytes:5
02:50:31.0 (35397382)|STATEMENT_EXECUTE|[32]
02:50:31.0 (35398756)|STATEMENT_EXECUTE|[33]
02:50:31.0 (35447171)|HEAP_ALLOCATE|[33]|Bytes:85
02:50:31.0 (35459540)|SYSTEM_METHOD_ENTRY|[1]|UserInfo.UserInfo()
02:50:31.0 (35462813)|STATEMENT_EXECUTE|[1]
02:50:31.0 (35469817)|SYSTEM_METHOD_EXIT|[1]|UserInfo
02:50:31.0 (35480680)|METHOD_ENTRY|[33]||System.UserInfo.getUserId()
02:50:31.0 (35514343)|METHOD_EXIT|[33]||System.UserInfo.getUserId()
02:50:31.0 (35524640)|VARIABLE_SCOPE_BEGIN|[33]|userId|String|false|false
02:50:31.0 (35535251)|VARIABLE_ASSIGNMENT|[33]|userId|"0057F000000Tiz6QAC"
02:50:31.0 (35539845)|STATEMENT_EXECUTE|[35]
02:50:31.0 (35592382)|HEAP_ALLOCATE|[35]|Bytes:4
02:50:31.0 (35675724)|VARIABLE_SCOPE_BEGIN|[35]|t|Task|true|false
02:50:31.0 (35689271)|VARIABLE_ASSIGNMENT|[35]|t|{}|0x3425e23a
02:50:31.0 (35694441)|STATEMENT_EXECUTE|[36]
02:50:31.0 (35704909)|HEAP_ALLOCATE|[36]|Bytes:4
02:50:31.0 (36248715)|VARIABLE_ASSIGNMENT|[36]|this.OwnerId|"0057F000000Tiz6QAC"|0x3425e23a
02:50:31.0 (36257825)|STATEMENT_EXECUTE|[37]
02:50:31.0 (36262972)|HEAP_ALLOCATE|[37]|Bytes:11
02:50:31.0 (36293182)|VARIABLE_ASSIGNMENT|[37]|this.Subject|"Hello World"|0x3425e23a
02:50:31.0 (36298195)|STATEMENT_EXECUTE|[38]
02:50:31.0 (36300336)|HEAP_ALLOCATE|[38]|Bytes:4
02:50:31.0 (36318930)|VARIABLE_ASSIGNMENT|[38]|this.Status|"Open"|0x3425e23a
02:50:31.0 (36323587)|STATEMENT_EXECUTE|[39]
02:50:31.0 (36325777)|HEAP_ALLOCATE|[39]|Bytes:6
02:50:31.0 (36341628)|VARIABLE_ASSIGNMENT|[39]|this.Priority|"Normal"|0x3425e23a
02:50:31.0 (36346497)|STATEMENT_EXECUTE|[40]
02:50:31.0 (36556893)|VARIABLE_ASSIGNMENT|[40]|this.WhatId|null|0x3425e23a
02:50:31.0 (36563773)|STATEMENT_EXECUTE|[41]
02:50:31.0 (36566545)|HEAP_ALLOCATE|[41]|Bytes:36
02:50:31.0 (36643135)|HEAP_ALLOCATE|[41]|Bytes:97
02:50:31.0 (36661569)|HEAP_ALLOCATE|[41]|Bytes:133
02:50:31.0 (36680546)|USER_DEBUG|[41]|DEBUG|------------------------------------Task:{OwnerId=0057F000000Tiz6QAC, Subject=Hello World, Status=Open, Priority=Normal, WhatId=null}
02:50:31.0 (36688869)|STATEMENT_EXECUTE|[42]
02:50:31.0 (36705401)|HEAP_ALLOCATE|[42]|Bytes:8
02:50:31.0 (36711923)|DML_BEGIN|[42]|Op:Insert|Type:Task|Rows:1
02:50:31.0 (36735586)|HEAP_ALLOCATE|[EXTERNAL]|Bytes:8
02:50:31.0 (94342506)|DML_END|[42]
02:50:31.0 (94368371)|SYSTEM_MODE_EXIT|false
02:50:31.101 (101043952)|SYSTEM_MODE_ENTER|true
02:50:31.101 (101119245)|HEAP_ALLOCATE|[EXTERNAL]|Bytes:8
02:50:31.101 (101129334)|VARIABLE_SCOPE_BEGIN|[88]|this|ApexPage.PageMessagesComponentController|true|false
02:50:31.101 (101162428)|VARIABLE_ASSIGNMENT|[88]|this|{}|0xed18113
02:50:31.101 (101168745)|VARIABLE_SCOPE_BEGIN|[88]|escape|Boolean|false|false
02:50:31.101 (101175606)|VARIABLE_ASSIGNMENT|[88]|escape|null
02:50:31.101 (101271746)|SYSTEM_MODE_ENTER|true
02:50:31.101 (101301305)|HEAP_ALLOCATE|[EXTERNAL]|Bytes:8
02:50:31.101 (101306578)|VARIABLE_SCOPE_BEGIN|[2]|this|ApexPage.PageMessagesComponentController|true|false
02:50:31.101 (101322336)|VARIABLE_ASSIGNMENT|[2]|this|{}|0xed18113
02:50:31.0 (101718583)|SYSTEM_MODE_ENTER|true
02:50:31.116 (116524034)|SYSTEM_MODE_ENTER|true
02:50:31.116 (116611296)|HEAP_ALLOCATE|[EXTERNAL]|Bytes:8
02:50:31.116 (116622892)|VARIABLE_SCOPE_BEGIN|[88]|this|ApexPage.PageMessagesComponentController|true|false
02:50:31.116 (116658202)|VARIABLE_ASSIGNMENT|[88]|this|{}|0xed18113
02:50:31.116 (116664285)|VARIABLE_SCOPE_BEGIN|[88]|escape|Boolean|false|false
02:50:31.116 (116671326)|VARIABLE_ASSIGNMENT|[88]|escape|null
02:50:31.116 (116806122)|SYSTEM_MODE_ENTER|true
02:50:31.116 (116837121)|HEAP_ALLOCATE|[EXTERNAL]|Bytes:8
02:50:31.116 (116842849)|VARIABLE_SCOPE_BEGIN|[2]|this|ApexPage.PageMessagesComponentController|true|false
02:50:31.116 (116859224)|VARIABLE_ASSIGNMENT|[2]|this|{}|0xed18113
02:50:31.0 (117336189)|SYSTEM_MODE_ENTER|true
02:50:31.0 (117365480)|HEAP_ALLOCATE|[EXTERNAL]|Bytes:40
02:50:31.0 (117372013)|VARIABLE_SCOPE_BEGIN|[24]|this|PM_Job_New_Controller|true|false
02:50:31.0 (117558607)|VARIABLE_ASSIGNMENT|[24]|this|{"cpCode":"a057F0000039u2LQAQ","job":"0x3d39c387","projectList":"0x36ff63bb"}|0xe1efd6f
02:50:31.0 (117578911)|SYSTEM_MODE_ENTER|false
02:50:31.0 (117585534)|HEAP_ALLOCATE|[25]|Bytes:5
02:50:31.0 (117590823)|STATEMENT_EXECUTE|[24]
02:50:31.0 (117592346)|STATEMENT_EXECUTE|[25]
02:50:31.0 (117603139)|HEAP_ALLOCATE|[25]|Bytes:4
02:50:31.0 (117615296)|VARIABLE_SCOPE_BEGIN|[25]|cpcso|List<System.SelectOption>|true|false
02:50:31.0 (117638575)|HEAP_ALLOCATE|[EXTERNAL]|Bytes:4
02:50:31.0 (117648702)|VARIABLE_ASSIGNMENT|[25]|cpcso|[]|0x210041c3
02:50:31.0 (117749047)|VARIABLE_ASSIGNMENT|[EXTERNAL]|this|{"cpCode":"a057F0000039u2LQAQ","job":"0x3d39c387","projectList":"0x36ff63bb"}|0xe1efd6f
02:50:31.0 (117775439)|HEAP_ALLOCATE|[26]|Bytes:5
02:50:31.0 (117788439)|HEAP_ALLOCATE|[26]|Bytes:12
02:50:31.0 (117796737)|VARIABLE_SCOPE_BEGIN|[26]|pro|Project__c|true|false
02:50:31.0 (117811701)|VARIABLE_ASSIGNMENT|[26]|pro|{"Company_project_code (3 more) ...":"101-TRN-COM-042","Id":"a057F0000039u2LQAQ"}|0x2887ebc
02:50:31.0 (117817449)|STATEMENT_EXECUTE|[26]
02:50:31.0 (117818652)|STATEMENT_EXECUTE|[27]
02:50:31.0 (117832051)|HEAP_ALLOCATE|[27]|Bytes:18
02:50:31.0 (117852429)|HEAP_ALLOCATE|[EXTERNAL]|Bytes:4
02:50:31.0 (117861775)|HEAP_ALLOCATE|[26]|Bytes:5
02:50:31.0 (117869587)|HEAP_ALLOCATE|[26]|Bytes:12
02:50:31.0 (117874684)|VARIABLE_SCOPE_BEGIN|[26]|pro|Project__c|true|false
02:50:31.0 (117885583)|VARIABLE_ASSIGNMENT|[26]|pro|{"Company_project_code (3 more) ...":"101-TRN-COM-036","Id":"a057F0000039u2MQAQ"}|0x7a0634bb
02:50:31.0 (117890839)|STATEMENT_EXECUTE|[26]
02:50:31.0 (117891963)|STATEMENT_EXECUTE|[27]
02:50:31.0 (117897857)|HEAP_ALLOCATE|[27]|Bytes:18
02:50:31.0 (117907432)|HEAP_ALLOCATE|[EXTERNAL]|Bytes:4
02:50:31.0 (117915237)|HEAP_ALLOCATE|[26]|Bytes:5
02:50:31.0 (117922458)|HEAP_ALLOCATE|[26]|Bytes:12
02:50:31.0 (117926524)|VARIABLE_SCOPE_BEGIN|[26]|pro|Project__c|true|false
02:50:31.0 (117936268)|VARIABLE_ASSIGNMENT|[26]|pro|{"Company_project_code (3 more) ...":"101-TRN-COM-034","Id":"a057F0000039u2NQAQ"}|0x1abfd6d4
02:50:31.0 (117944125)|STATEMENT_EXECUTE|[26]
02:50:31.0 (117945230)|STATEMENT_EXECUTE|[27]
02:50:31.0 (117950145)|HEAP_ALLOCATE|[27]|Bytes:18
02:50:31.0 (117958699)|HEAP_ALLOCATE|[EXTERNAL]|Bytes:4
02:50:31.0 (117965891)|HEAP_ALLOCATE|[26]|Bytes:5
02:50:31.0 (117973001)|HEAP_ALLOCATE|[26]|Bytes:12
02:50:31.0 (117977234)|VARIABLE_SCOPE_BEGIN|[26]|pro|Project__c|true|false
02:50:31.0 (117986401)|VARIABLE_ASSIGNMENT|[26]|pro|{"Company_project_code (3 more) ...":"101-TRN-COM-051","Id":"a057F0000039u2OQAQ"}|0x64fd2dbd
02:50:31.0 (117991674)|STATEMENT_EXECUTE|[26]
02:50:31.0 (117993001)|STATEMENT_EXECUTE|[27]
02:50:31.0 (117999370)|HEAP_ALLOCATE|[27]|Bytes:18
02:50:31.0 (118012893)|HEAP_ALLOCATE|[EXTERNAL]|Bytes:4
02:50:31.0 (118027558)|HEAP_ALLOCATE|[26]|Bytes:5
02:50:31.0 (118039896)|HEAP_ALLOCATE|[26]|Bytes:12
02:50:31.0 (118047376)|VARIABLE_SCOPE_BEGIN|[26]|pro|Project__c|true|false
02:50:31.0 (118063852)|VARIABLE_ASSIGNMENT|[26]|pro|{"Company_project_code (3 more) ...":"300-0001-00","Id":"a057F0000039u22QAA"}|0xa7cda27
02:50:31.0 (118072137)|STATEMENT_EXECUTE|[26]
02:50:31.0 (118073186)|STATEMENT_EXECUTE|[27]
02:50:31.0 (118079627)|HEAP_ALLOCATE|[27]|Bytes:18
02:50:31.0 (118090324)|HEAP_ALLOCATE|[EXTERNAL]|Bytes:4
02:50:31.0 (118098357)|HEAP_ALLOCATE|[26]|Bytes:5
02:50:31.0 (118105742)|HEAP_ALLOCATE|[26]|Bytes:12
02:50:31.0 (118110370)|VARIABLE_SCOPE_BEGIN|[26]|pro|Project__c|true|false
02:50:31.0 (118120252)|VARIABLE_ASSIGNMENT|[26]|pro|{"Company_project_code (3 more) ...":"300-0002-01","Id":"a057F0000039u23QAA"}|0x4114943f
02:50:31.0 (118125081)|STATEMENT_EXECUTE|[26]
02:50:31.0 (118125952)|STATEMENT_EXECUTE|[27]
02:50:31.0 (118130731)|HEAP_ALLOCATE|[27]|Bytes:18
02:50:31.0 (118139100)|HEAP_ALLOCATE|[EXTERNAL]|Bytes:4
02:50:31.0 (118146819)|HEAP_ALLOCATE|[26]|Bytes:5
02:50:31.0 (118153794)|HEAP_ALLOCATE|[26]|Bytes:12
02:50:31.0 (118157594)|VARIABLE_SCOPE_BEGIN|[26]|pro|Project__c|true|false
02:50:31.0 (118166953)|VARIABLE_ASSIGNMENT|[26]|pro|{"Company_project_code (3 more) ...":"101-TRN-COM-008","Id":"a057F0000039u24QAA"}|0x2579f3bf
02:50:31.0 (118172099)|STATEMENT_EXECUTE|[26]
02:50:31.0 (118173359)|STATEMENT_EXECUTE|[27]
02:50:31.0 (118179898)|HEAP_ALLOCATE|[27]|Bytes:18
02:50:31.0 (118193239)|HEAP_ALLOCATE|[EXTERNAL]|Bytes:4
02:50:31.0 (118206156)|HEAP_ALLOCATE|[26]|Bytes:5
02:50:31.0 (118218009)|HEAP_ALLOCATE|[26]|Bytes:12
02:50:31.0 (118224349)|VARIABLE_SCOPE_BEGIN|[26]|pro|Project__c|true|false
02:50:31.0 (118235519)|VARIABLE_ASSIGNMENT|[26]|pro|{"Company_project_code (3 more) ...":"101-TRN-COM-047","Id":"a057F0000039u25QAA"}|0x28e4b268
02:50:31.0 (118239934)|STATEMENT_EXECUTE|[26]
02:50:31.0 (118240878)|STATEMENT_EXECUTE|[27]
02:50:31.0 (118246693)|HEAP_ALLOCATE|[27]|Bytes:18
02:50:31.0 (118257675)|HEAP_ALLOCATE|[EXTERNAL]|Bytes:4
02:50:31.0 (118267982)|HEAP_ALLOCATE|[26]|Bytes:5
02:50:31.0 (118279289)|HEAP_ALLOCATE|[26]|Bytes:12
02:50:31.0 (118286984)|VARIABLE_SCOPE_BEGIN|[26]|pro|Project__c|true|false
02:50:31.0 (118303587)|VARIABLE_ASSIGNMENT|[26]|pro|{"Company_project_code (3 more) ...":"101-TRN-COM-046","Id":"a057F0000039u26QAA"}|0x44a5e8b1
02:50:31.0 (118311816)|STATEMENT_EXECUTE|[26]
02:50:31.0 (118313271)|STATEMENT_EXECUTE|[27]
02:50:31.0 (118321495)|HEAP_ALLOCATE|[27]|Bytes:18
02:50:31.0 (118335802)|HEAP_ALLOCATE|[EXTERNAL]|Bytes:4
02:50:31.0 (118344434)|HEAP_ALLOCATE|[26]|Bytes:5
02:50:31.0 (118352077)|HEAP_ALLOCATE|[26]|Bytes:12
02:50:31.0 (118356295)|VARIABLE_SCOPE_BEGIN|[26]|pro|Project__c|true|false
02:50:31.0 (118367208)|VARIABLE_ASSIGNMENT|[26]|pro|{"Company_project_code (3 more) ...":"101-TRN-COM-050","Id":"a057F0000039u27QAA"}|0x21753976
02:50:31.0 (118371332)|STATEMENT_EXECUTE|[26]
02:50:31.0 (118372278)|STATEMENT_EXECUTE|[27]
02:50:31.0 (118377275)|HEAP_ALLOCATE|[27]|Bytes:18
02:50:31.0 (118385603)|HEAP_ALLOCATE|[EXTERNAL]|Bytes:4
02:50:31.0 (118392814)|HEAP_ALLOCATE|[26]|Bytes:5
02:50:31.0 (118399338)|HEAP_ALLOCATE|[26]|Bytes:12
02:50:31.0 (118403405)|VARIABLE_SCOPE_BEGIN|[26]|pro|Project__c|true|false
02:50:31.0 (118412412)|VARIABLE_ASSIGNMENT|[26]|pro|{"Company_project_code (3 more) ...":"101-TRN-COM-033","Id":"a057F0000039u28QAA"}|0x4bfbd2ec
02:50:31.0 (118416430)|STATEMENT_EXECUTE|[26]
02:50:31.0 (118417339)|STATEMENT_EXECUTE|[27]
02:50:31.0 (118421731)|HEAP_ALLOCATE|[27]|Bytes:18
02:50:31.0 (118429419)|HEAP_ALLOCATE|[EXTERNAL]|Bytes:4
02:50:31.0 (118436640)|HEAP_ALLOCATE|[26]|Bytes:5
02:50:31.0 (118442956)|HEAP_ALLOCATE|[26]|Bytes:12
02:50:31.0 (118447177)|VARIABLE_SCOPE_BEGIN|[26]|pro|Project__c|true|false
02:50:31.0 (118456409)|VARIABLE_ASSIGNMENT|[26]|pro|{"Company_project_code (3 more) ...":"101-TRN-COX-007","Id":"a057F0000039u29QAA"}|0x46015e09
02:50:31.0 (118460988)|STATEMENT_EXECUTE|[26]
02:50:31.0 (118461889)|STATEMENT_EXECUTE|[27]
02:50:31.0 (118465830)|HEAP_ALLOCATE|[27]|Bytes:18
02:50:31.0 (118473280)|HEAP_ALLOCATE|[EXTERNAL]|Bytes:4
02:50:31.0 (118482913)|HEAP_ALLOCATE|[26]|Bytes:5
02:50:31.0 (118489901)|HEAP_ALLOCATE|[26]|Bytes:12
02:50:31.0 (118494250)|VARIABLE_SCOPE_BEGIN|[26]|pro|Project__c|true|false
02:50:31.0 (118503630)|VARIABLE_ASSIGNMENT|[26]|pro|{"Company_project_code (3 more) ...":"101-TRN-COX-006","Id":"a057F0000039u2AQAQ"}|0x2d8ac618
02:50:31.0 (118508389)|STATEMENT_EXECUTE|[26]
02:50:31.0 (118509269)|STATEMENT_EXECUTE|[27]
02:50:31.0 (118515314)|HEAP_ALLOCATE|[27]|Bytes:18
02:50:31.0 (118526650)|HEAP_ALLOCATE|[EXTERNAL]|Bytes:4
02:50:31.0 (118536828)|HEAP_ALLOCATE|[26]|Bytes:5
02:50:31.0 (118550697)|HEAP_ALLOCATE|[26]|Bytes:12
02:50:31.0 (118557802)|VARIABLE_SCOPE_BEGIN|[26]|pro|Project__c|true|false
02:50:31.0 (118571737)|VARIABLE_ASSIGNMENT|[26]|pro|{"Company_project_code (3 more) ...":"101-TRN-COX-008","Id":"a057F0000039u2BQAQ"}|0x25bce456
02:50:31.0 (118577838)|STATEMENT_EXECUTE|[26]
02:50:31.0 (118579170)|STATEMENT_EXECUTE|[27]
02:50:31.0 (118586790)|HEAP_ALLOCATE|[27]|Bytes:18
02:50:31.0 (118596501)|HEAP_ALLOCATE|[EXTERNAL]|Bytes:4
02:50:31.0 (118604218)|HEAP_ALLOCATE|[26]|Bytes:5
02:50:31.0 (118611035)|HEAP_ALLOCATE|[26]|Bytes:12
02:50:31.0 (118615079)|VARIABLE_SCOPE_BEGIN|[26]|pro|Project__c|true|false
02:50:31.0 (118625062)|VARIABLE_ASSIGNMENT|[26]|pro|{"Company_project_code (3 more) ...":"101-TRN-COM-027","Id":"a057F0000039u2CQAQ"}|0x30453ebf
02:50:31.0 (118629220)|STATEMENT_EXECUTE|[26]
02:50:31.0 (118630176)|STATEMENT_EXECUTE|[27]
02:50:31.0 (118634599)|HEAP_ALLOCATE|[27]|Bytes:18
02:50:31.0 (118642513)|HEAP_ALLOCATE|[EXTERNAL]|Bytes:4
02:50:31.0 (118649093)|HEAP_ALLOCATE|[26]|Bytes:5
02:50:31.0 (118659236)|HEAP_ALLOCATE|[26]|Bytes:12
02:50:31.0 (118663361)|VARIABLE_SCOPE_BEGIN|[26]|pro|Project__c|true|false
02:50:31.0 (118673144)|VARIABLE_ASSIGNMENT|[26]|pro|{"Company_project_code (3 more) ...":"101-TRN-COM-029","Id":"a057F0000039u2DQAQ"}|0x7c78cfa8
02:50:31.0 (118677394)|STATEMENT_EXECUTE|[26]
02:50:31.0 (118680104)|STATEMENT_EXECUTE|[27]
02:50:31.0 (118684970)|HEAP_ALLOCATE|[27]|Bytes:18
02:50:31.0 (118694256)|HEAP_ALLOCATE|[EXTERNAL]|Bytes:4
02:50:31.0 (118701393)|HEAP_ALLOCATE|[26]|Bytes:5
02:50:31.0 (118708044)|HEAP_ALLOCATE|[26]|Bytes:12
02:50:31.0 (118712111)|VARIABLE_SCOPE_BEGIN|[26]|pro|Project__c|true|false
02:50:31.0 (118721205)|VARIABLE_ASSIGNMENT|[26]|pro|{"Company_project_code (3 more) ...":"101-TRN-COM-014","Id":"a057F0000039u2EQAQ"}|0x7397c39
02:50:31.0 (118725692)|STATEMENT_EXECUTE|[26]
02:50:31.0 (118726633)|STATEMENT_EXECUTE|[27]
02:50:31.0 (118730972)|HEAP_ALLOCATE|[27]|Bytes:18
02:50:31.0 (118738510)|HEAP_ALLOCATE|[EXTERNAL]|Bytes:4
02:50:31.0 (118745510)|HEAP_ALLOCATE|[26]|Bytes:5
02:50:31.0 (118751680)|HEAP_ALLOCATE|[26]|Bytes:12
02:50:31.0 (118755771)|VARIABLE_SCOPE_BEGIN|[26]|pro|Project__c|true|false
02:50:31.0 (118765311)|VARIABLE_ASSIGNMENT|[26]|pro|{"Company_project_code (3 more) ...":"301-0001-00","Id":"a057F0000039u21QAA"}|0x4565a6dc
02:50:31.0 (118769768)|STATEMENT_EXECUTE|[26]
02:50:31.0 (118770644)|STATEMENT_EXECUTE|[27]
02:50:31.0 (118774817)|HEAP_ALLOCATE|[27]|Bytes:18
02:50:31.0 (118782188)|HEAP_ALLOCATE|[EXTERNAL]|Bytes:4
02:50:31.0 (118788963)|HEAP_ALLOCATE|[26]|Bytes:5
02:50:31.0 (118795053)|HEAP_ALLOCATE|[26]|Bytes:12
02:50:31.0 (118799286)|VARIABLE_SCOPE_BEGIN|[26]|pro|Project__c|true|false
02:50:31.0 (118808411)|VARIABLE_ASSIGNMENT|[26]|pro|{"Company_project_code (3 more) ...":"101-TRN-COM-017","Id":"a057F0000039u2FQAQ"}|0x5c4cd809
02:50:31.0 (118813061)|STATEMENT_EXECUTE|[26]
02:50:31.0 (118814017)|STATEMENT_EXECUTE|[27]
02:50:31.0 (118818212)|HEAP_ALLOCATE|[27]|Bytes:18
02:50:31.0 (118830304)|HEAP_ALLOCATE|[EXTERNAL]|Bytes:4
02:50:31.0 (118841371)|HEAP_ALLOCATE|[26]|Bytes:5
02:50:31.0 (118852682)|HEAP_ALLOCATE|[26]|Bytes:12
02:50:31.0 (118860260)|VARIABLE_SCOPE_BEGIN|[26]|pro|Project__c|true|false
02:50:31.0 (118873810)|VARIABLE_ASSIGNMENT|[26]|pro|{"Company_project_code (3 more) ...":"101-TRN-COM-038","Id":"a057F0000039u2GQAQ"}|0x66f349a7
02:50:31.0 (118878602)|STATEMENT_EXECUTE|[26]
02:50:31.0 (118879538)|STATEMENT_EXECUTE|[27]
02:50:31.0 (118885448)|HEAP_ALLOCATE|[27]|Bytes:18
02:50:31.0 (118894481)|HEAP_ALLOCATE|[EXTERNAL]|Bytes:4
02:50:31.0 (118901807)|HEAP_ALLOCATE|[26]|Bytes:5
02:50:31.0 (118908295)|HEAP_ALLOCATE|[26]|Bytes:12
02:50:31.0 (118912140)|VARIABLE_SCOPE_BEGIN|[26]|pro|Project__c|true|false
02:50:31.0 (118921448)|VARIABLE_ASSIGNMENT|[26]|pro|{"Company_project_code (3 more) ...":"101-TRN-COM-037","Id":"a057F0000039u2HQAQ"}|0x2a6729f4
02:50:31.0 (118925836)|STATEMENT_EXECUTE|[26]
02:50:31.0 (118926708)|STATEMENT_EXECUTE|[27]
02:50:31.0 (118931052)|HEAP_ALLOCATE|[27]|Bytes:18
02:50:31.0 (118938861)|HEAP_ALLOCATE|[EXTERNAL]|Bytes:4
02:50:31.0 (118945587)|HEAP_ALLOCATE|[26]|Bytes:5
02:50:31.0 (118952086)|HEAP_ALLOCATE|[26]|Bytes:12
02:50:31.0 (118956300)|VARIABLE_SCOPE_BEGIN|[26]|pro|Project__c|true|false
02:50:31.0 (118965591)|VARIABLE_ASSIGNMENT|[26]|pro|{"Company_project_code (3 more) ...":"101-TRN-COM-039","Id":"a057F0000039u2IQAQ"}|0x425c3922
02:50:31.0 (118970037)|STATEMENT_EXECUTE|[26]
02:50:31.0 (118970897)|STATEMENT_EXECUTE|[27]
02:50:31.0 (118975084)|HEAP_ALLOCATE|[27]|Bytes:18
02:50:31.0 (118982896)|HEAP_ALLOCATE|[EXTERNAL]|Bytes:4
02:50:31.0 (118989742)|HEAP_ALLOCATE|[26]|Bytes:5
02:50:31.0 (118996047)|HEAP_ALLOCATE|[26]|Bytes:12
02:50:31.0 (118999780)|VARIABLE_SCOPE_BEGIN|[26]|pro|Project__c|true|false
02:50:31.0 (119008932)|VARIABLE_ASSIGNMENT|[26]|pro|{"Company_project_code (3 more) ...":"101-TRN-COM-040","Id":"a057F0000039u2JQAQ"}|0x786a2df0
02:50:31.0 (119016595)|STATEMENT_EXECUTE|[26]
02:50:31.0 (119017507)|STATEMENT_EXECUTE|[27]
02:50:31.0 (119022224)|HEAP_ALLOCATE|[27]|Bytes:18
02:50:31.0 (119030482)|HEAP_ALLOCATE|[EXTERNAL]|Bytes:4
02:50:31.0 (119038718)|HEAP_ALLOCATE|[26]|Bytes:5
02:50:31.0 (119049314)|HEAP_ALLOCATE|[26]|Bytes:12
02:50:31.0 (119055814)|VARIABLE_SCOPE_BEGIN|[26]|pro|Project__c|true|false
02:50:31.0 (119069449)|VARIABLE_ASSIGNMENT|[26]|pro|{"Company_project_code (3 more) ...":"101-TRN-COM-041","Id":"a057F0000039u2KQAQ"}|0x428fd2b
02:50:31.0 (119074938)|STATEMENT_EXECUTE|[26]
02:50:31.0 (119075901)|STATEMENT_EXECUTE|[27]
02:50:31.0 (119081595)|HEAP_ALLOCATE|[27]|Bytes:18
02:50:31.0 (119090588)|HEAP_ALLOCATE|[EXTERNAL]|Bytes:4
02:50:31.0 (119098477)|HEAP_ALLOCATE|[26]|Bytes:5
02:50:31.0 (119105850)|VARIABLE_ASSIGNMENT|[26]|pro|null|
02:50:31.0 (119110182)|STATEMENT_EXECUTE|[29]
02:50:31.0 (119115095)|SYSTEM_MODE_EXIT|false
02:50:31.0 (119488397)|SYSTEM_MODE_ENTER|true
02:50:31.0 (124282127)|SYSTEM_MODE_ENTER|true
02:50:31.0 (124322643)|HEAP_ALLOCATE|[EXTERNAL]|Bytes:40
02:50:31.0 (124332868)|VARIABLE_SCOPE_BEGIN|[49]|this|PM_Job_New_Controller|true|false
02:50:31.0 (124484810)|VARIABLE_ASSIGNMENT|[49]|this|{"cpCode":"a057F0000039u2LQAQ","job":"0x3d39c387","projectList":"0x36ff63bb"}|0xe1efd6f
02:50:31.0 (124506521)|SYSTEM_MODE_ENTER|false
02:50:31.0 (124514247)|HEAP_ALLOCATE|[50]|Bytes:5
02:50:31.0 (124518910)|STATEMENT_EXECUTE|[49]
02:50:31.0 (124520478)|STATEMENT_EXECUTE|[50]
02:50:31.0 (124534662)|HEAP_ALLOCATE|[50]|Bytes:4
02:50:31.0 (124569422)|VARIABLE_SCOPE_BEGIN|[50]|ufp|List<System.SelectOption>|true|false
02:50:31.0 (124598253)|HEAP_ALLOCATE|[EXTERNAL]|Bytes:4
02:50:31.0 (124607364)|VARIABLE_ASSIGNMENT|[50]|ufp|[]|0x7193c775
02:50:31.0 (124612151)|STATEMENT_EXECUTE|[51]
02:50:31.0 (124615483)|HEAP_ALLOCATE|[51]|Bytes:96
02:50:31.0 (124631419)|HEAP_ALLOCATE|[51]|Bytes:4
02:50:31.0 (124642038)|HEAP_ALLOCATE|[51]|Bytes:7
02:50:31.0 (124798063)|VARIABLE_ASSIGNMENT|[EXTERNAL]|this|{"cpCode":"a057F0000039u2LQAQ","job":"0x3d39c387","projectList":"0x36ff63bb"}|0xe1efd6f
02:50:31.0 (161716541)|SOQL_EXECUTE_BEGIN|[51]|Aggregations:0|SELECT ProjectLink__c, UserLink__c FROM ProjectJobAssociation__c WHERE ProjectLink__c = :tmpVar1
02:50:31.0 (175311696)|SOQL_EXECUTE_END|[51]|Rows:5
02:50:31.0 (175337434)|HEAP_ALLOCATE|[51]|Bytes:24
02:50:31.0 (175364179)|HEAP_ALLOCATE|[51]|Bytes:490
02:50:31.0 (175434299)|HEAP_ALLOCATE|[51]|Bytes:24
02:50:31.0 (175453193)|VARIABLE_SCOPE_BEGIN|[51]|userInProject|List<ProjectJobAssociation__c>|true|false
02:50:31.0 (175493352)|VARIABLE_ASSIGNMENT|[51]|userInProject|[{"ProjectLink__c":"a057F0000039u2LQAQ","UserLink__c":"0057F000000TpdFQAS","Id":"a087F000009K8JZQA0"},{"ProjectLink__c":"a057F0000039u2LQAQ","UserLink__c":"0057F000000TrBBQA0","Id":"a087F000009K8JaQAK"},{"ProjectLink__c":"a057F0000039u2LQAQ","UserLink__c":"0057F000000TrBGQA0","Id":"a087F000009K8JbQAK"},{"ProjectLink__c":"a057F0000039u2LQAQ","UserLink__c":"0057F000000TrBVQA0","Id":"a087F000009K8JcQAK"},{"ProjectLink__c":"a057F0000039u2LQAQ","UserLink__c":"0057F000000Tz0iQAC","Id":"a087F000009K8JdQAK"}]|0x73e40f61
02:50:31.0 (175667329)|HEAP_ALLOCATE|[52]|Bytes:5
02:50:31.0 (175683814)|HEAP_ALLOCATE|[52]|Bytes:16
02:50:31.0 (175692310)|VARIABLE_SCOPE_BEGIN|[52]|pja|ProjectJobAssociation__c|true|false
02:50:31.0 (175709220)|VARIABLE_ASSIGNMENT|[52]|pja|{"ProjectLink__c":"a057F0000039u2LQAQ","UserLink__c":"0057F000000TpdFQAS","Id":"a087F000009K8JZQA0"}|0x454c4908
02:50:31.0 (175715756)|STATEMENT_EXECUTE|[52]
02:50:31.0 (175717777)|STATEMENT_EXECUTE|[53]
02:50:31.0 (175721467)|HEAP_ALLOCATE|[53]|Bytes:45
02:50:31.0 (175734389)|HEAP_ALLOCATE|[53]|Bytes:4
02:50:31.0 (176951406)|SOQL_EXECUTE_BEGIN|[53]|Aggregations:0|SELECT LastName FROM User WHERE Id = :tmpVar1
02:50:31.0 (183023247)|SOQL_EXECUTE_END|[53]|Rows:1
02:50:31.0 (183045578)|HEAP_ALLOCATE|[53]|Bytes:8
02:50:31.0 (183061166)|HEAP_ALLOCATE|[53]|Bytes:52
02:50:31.0 (183124138)|HEAP_ALLOCATE|[53]|Bytes:8
02:50:31.0 (183136146)|HEAP_ALLOCATE|[53]|Bytes:30
02:50:31.0 (183172357)|HEAP_ALLOCATE|[53]|Bytes:12
02:50:31.0 (183179962)|VARIABLE_SCOPE_BEGIN|[53]|user|User|true|false
02:50:31.0 (183200057)|VARIABLE_ASSIGNMENT|[53]|user|{"LastName":"Mani Sasank","Id":"0057F000000TpdFQAS"}|0x350e7826
02:50:31.0 (183206780)|STATEMENT_EXECUTE|[54]
02:50:31.0 (183222379)|HEAP_ALLOCATE|[54]|Bytes:18
02:50:31.0 (183309096)|HEAP_ALLOCATE|[EXTERNAL]|Bytes:4
02:50:31.0 (183328119)|HEAP_ALLOCATE|[52]|Bytes:5
02:50:31.0 (183340273)|HEAP_ALLOCATE|[52]|Bytes:16
02:50:31.0 (183346299)|VARIABLE_SCOPE_BEGIN|[52]|pja|ProjectJobAssociation__c|true|false
02:50:31.0 (183359613)|VARIABLE_ASSIGNMENT|[52]|pja|{"ProjectLink__c":"a057F0000039u2LQAQ","UserLink__c":"0057F000000TrBBQA0","Id":"a087F000009K8JaQAK"}|0x17246790
02:50:31.0 (183366626)|STATEMENT_EXECUTE|[52]
02:50:31.0 (183367882)|STATEMENT_EXECUTE|[53]
02:50:31.0 (183378455)|HEAP_ALLOCATE|[53]|Bytes:4
02:50:31.0 (183542462)|SOQL_EXECUTE_BEGIN|[53]|Aggregations:0|SELECT LastName FROM User WHERE Id = :tmpVar1
02:50:31.0 (185991308)|SOQL_EXECUTE_END|[53]|Rows:1
02:50:31.0 (186009817)|HEAP_ALLOCATE|[53]|Bytes:8
02:50:31.0 (186024397)|HEAP_ALLOCATE|[53]|Bytes:49
02:50:31.0 (186055736)|HEAP_ALLOCATE|[53]|Bytes:8
02:50:31.0 (186072316)|HEAP_ALLOCATE|[53]|Bytes:12
02:50:31.0 (186079101)|VARIABLE_SCOPE_BEGIN|[53]|user|User|true|false
02:50:31.0 (186097282)|VARIABLE_ASSIGNMENT|[53]|user|{"LastName":"Santhosh","Id":"0057F000000TrBBQA0"}|0x701bc3b3
02:50:31.0 (186103002)|STATEMENT_EXECUTE|[54]
02:50:31.0 (186114486)|HEAP_ALLOCATE|[54]|Bytes:18
02:50:31.0 (186134818)|HEAP_ALLOCATE|[EXTERNAL]|Bytes:4
02:50:31.0 (186150469)|HEAP_ALLOCATE|[52]|Bytes:5
02:50:31.0 (186161942)|HEAP_ALLOCATE|[52]|Bytes:16
02:50:31.0 (186168073)|VARIABLE_SCOPE_BEGIN|[52]|pja|ProjectJobAssociation__c|true|false
02:50:31.0 (186181119)|VARIABLE_ASSIGNMENT|[52]|pja|{"ProjectLink__c":"a057F0000039u2LQAQ","UserLink__c":"0057F000000TrBGQA0","Id":"a087F000009K8JbQAK"}|0x534694a9
02:50:31.0 (186186664)|STATEMENT_EXECUTE|[52]
02:50:31.0 (186187866)|STATEMENT_EXECUTE|[53]
02:50:31.0 (186198459)|HEAP_ALLOCATE|[53]|Bytes:4
02:50:31.0 (186318097)|SOQL_EXECUTE_BEGIN|[53]|Aggregations:0|SELECT LastName FROM User WHERE Id = :tmpVar1
02:50:31.0 (188675938)|SOQL_EXECUTE_END|[53]|Rows:1
02:50:31.0 (188694278)|HEAP_ALLOCATE|[53]|Bytes:8
02:50:31.0 (188707418)|HEAP_ALLOCATE|[53]|Bytes:50
02:50:31.0 (188736256)|HEAP_ALLOCATE|[53]|Bytes:8
02:50:31.0 (188751881)|HEAP_ALLOCATE|[53]|Bytes:12
02:50:31.0 (188758112)|VARIABLE_SCOPE_BEGIN|[53]|user|User|true|false
02:50:31.0 (188773258)|VARIABLE_ASSIGNMENT|[53]|user|{"LastName":"Ravi teja","Id":"0057F000000TrBGQA0"}|0x43ceac5e
02:50:31.0 (188779155)|STATEMENT_EXECUTE|[54]
02:50:31.0 (188789686)|HEAP_ALLOCATE|[54]|Bytes:18
02:50:31.0 (188807475)|HEAP_ALLOCATE|[EXTERNAL]|Bytes:4
02:50:31.0 (188822384)|HEAP_ALLOCATE|[52]|Bytes:5
02:50:31.0 (188832917)|HEAP_ALLOCATE|[52]|Bytes:16
02:50:31.0 (188838996)|VARIABLE_SCOPE_BEGIN|[52]|pja|ProjectJobAssociation__c|true|false
02:50:31.0 (188851747)|VARIABLE_ASSIGNMENT|[52]|pja|{"ProjectLink__c":"a057F0000039u2LQAQ","UserLink__c":"0057F000000TrBVQA0","Id":"a087F000009K8JcQAK"}|0x74433cd4
02:50:31.0 (188857203)|STATEMENT_EXECUTE|[52]
02:50:31.0 (188858633)|STATEMENT_EXECUTE|[53]
02:50:31.0 (188868123)|HEAP_ALLOCATE|[53]|Bytes:4
02:50:31.0 (188982268)|SOQL_EXECUTE_BEGIN|[53]|Aggregations:0|SELECT LastName FROM User WHERE Id = :tmpVar1
02:50:31.0 (191209536)|SOQL_EXECUTE_END|[53]|Rows:1
02:50:31.0 (191226216)|HEAP_ALLOCATE|[53]|Bytes:8
02:50:31.0 (191238961)|HEAP_ALLOCATE|[53]|Bytes:50
02:50:31.0 (191267659)|HEAP_ALLOCATE|[53]|Bytes:8
02:50:31.0 (191282873)|HEAP_ALLOCATE|[53]|Bytes:12
02:50:31.0 (191289248)|VARIABLE_SCOPE_BEGIN|[53]|user|User|true|false
02:50:31.0 (191304751)|VARIABLE_ASSIGNMENT|[53]|user|{"LastName":"Yashwanth","Id":"0057F000000TrBVQA0"}|0x58ed170a
02:50:31.0 (191310549)|STATEMENT_EXECUTE|[54]
02:50:31.0 (191320982)|HEAP_ALLOCATE|[54]|Bytes:18
02:50:31.0 (191337915)|HEAP_ALLOCATE|[EXTERNAL]|Bytes:4
02:50:31.0 (191352161)|HEAP_ALLOCATE|[52]|Bytes:5
02:50:31.0 (191364021)|HEAP_ALLOCATE|[52]|Bytes:16
02:50:31.0 (191371573)|VARIABLE_SCOPE_BEGIN|[52]|pja|ProjectJobAssociation__c|true|false
02:50:31.0 (191384797)|VARIABLE_ASSIGNMENT|[52]|pja|{"ProjectLink__c":"a057F0000039u2LQAQ","UserLink__c":"0057F000000Tz0iQAC","Id":"a087F000009K8JdQAK"}|0x53603f5d
02:50:31.0 (191390812)|STATEMENT_EXECUTE|[52]
02:50:31.0 (191392085)|STATEMENT_EXECUTE|[53]
02:50:31.0 (191401133)|HEAP_ALLOCATE|[53]|Bytes:4
02:50:31.0 (191517264)|SOQL_EXECUTE_BEGIN|[53]|Aggregations:0|SELECT LastName FROM User WHERE Id = :tmpVar1
02:50:31.0 (193744238)|SOQL_EXECUTE_END|[53]|Rows:1
02:50:31.0 (193761076)|HEAP_ALLOCATE|[53]|Bytes:8
02:50:31.0 (193773454)|HEAP_ALLOCATE|[53]|Bytes:46
02:50:31.0 (193801274)|HEAP_ALLOCATE|[53]|Bytes:8
02:50:31.0 (193816209)|HEAP_ALLOCATE|[53]|Bytes:12
02:50:31.0 (193823327)|VARIABLE_SCOPE_BEGIN|[53]|user|User|true|false
02:50:31.0 (193838925)|VARIABLE_ASSIGNMENT|[53]|user|{"LastName":"Richa","Id":"0057F000000Tz0iQAC"}|0x150a0090
02:50:31.0 (193844785)|STATEMENT_EXECUTE|[54]
02:50:31.0 (193854959)|HEAP_ALLOCATE|[54]|Bytes:18
02:50:31.0 (193872494)|HEAP_ALLOCATE|[EXTERNAL]|Bytes:4
02:50:31.0 (193887059)|HEAP_ALLOCATE|[52]|Bytes:5
02:50:31.0 (193899332)|VARIABLE_ASSIGNMENT|[52]|pja|null|
02:50:31.0 (193905085)|STATEMENT_EXECUTE|[56]
02:50:31.0 (193909519)|SYSTEM_MODE_EXIT|false
02:50:31.0 (194188778)|SYSTEM_MODE_ENTER|true
02:50:31.0 (194452822)|SYSTEM_MODE_ENTER|true
02:50:31.0 (194659537)|SYSTEM_MODE_ENTER|true
02:50:31.0 (194917106)|SYSTEM_MODE_ENTER|true
02:50:31.0 (197322223)|SYSTEM_MODE_ENTER|true
02:50:31.0 (199555459)|VF_SERIALIZE_VIEWSTATE_BEGIN|0667F000005aHSA
02:50:31.0 (202799139)|VF_SERIALIZE_VIEWSTATE_END
02:50:31.205 (205066057)|CUMULATIVE_LIMIT_USAGE
02:50:31.205 (205066057)|LIMIT_USAGE_FOR_NS|(default)|
  Number of SOQL queries: 6 out of 100
  Number of query rows: 10 out of 50000
  Number of SOSL queries: 0 out of 20
  Number of DML statements: 1 out of 150
  Number of DML rows: 1 out of 10000
  Maximum CPU time: 0 out of 10000
  Maximum heap size: 0 out of 6000000
  Number of callouts: 0 out of 100
  Number of Email Invocations: 0 out of 10
  Number of future calls: 0 out of 50
  Number of queueable jobs added to the queue: 0 out of 50
  Number of Mobile Apex push calls: 0 out of 10

02:50:31.205 (205066057)|CUMULATIVE_LIMIT_USAGE_END

02:50:31.0 (205099652)|CODE_UNIT_FINISHED|VF: /apex/PM_Job_New
02:50:31.0 (205816311)|EXECUTION_FINISHED
