36.0 APEX_CODE,FINEST;APEX_PROFILING,INFO;CALLOUT,INFO;DB,INFO;SYSTEM,DEBUG;VALIDATION,INFO;VISUALFORCE,INFO;WAVE,INFO;WORKFLOW,INFO
00:00:47.0 (358458)|USER_INFO|[EXTERNAL]|0057F000000Tiz6|ksb994@salesforce.com|Pacific Standard Time|GMT-08:00
00:00:47.0 (402156)|EXECUTION_STARTED
00:00:47.0 (405312)|CODE_UNIT_STARTED|[EXTERNAL]|0667F000004uRC1|VF: /apex/PM_Project_Edit
00:00:47.0 (17065415)|SYSTEM_MODE_ENTER|true
00:00:47.0 (17381609)|HEAP_ALLOCATE|[72]|Bytes:3
00:00:47.0 (17418915)|HEAP_ALLOCATE|[77]|Bytes:152
00:00:47.0 (17449990)|HEAP_ALLOCATE|[342]|Bytes:408
00:00:47.0 (17476114)|HEAP_ALLOCATE|[355]|Bytes:408
00:00:47.0 (17491993)|HEAP_ALLOCATE|[467]|Bytes:48
00:00:47.0 (17524747)|HEAP_ALLOCATE|[139]|Bytes:6
00:00:47.0 (17540832)|HEAP_ALLOCATE|[EXTERNAL]|Bytes:144
00:00:47.0 (17546468)|HEAP_ALLOCATE|[EXTERNAL]|Bytes:20
00:00:47.0 (17549999)|HEAP_ALLOCATE|[EXTERNAL]|Bytes:11
00:00:47.0 (17559602)|METHOD_ENTRY|[1]|01p7F00000Ehro9|PM_Project_Edit_Controller.PM_Project_Edit_Controller()
00:00:47.0 (17565423)|STATEMENT_EXECUTE|[1]
00:00:47.0 (17569954)|STATEMENT_EXECUTE|[1]
00:00:47.0 (17601719)|HEAP_ALLOCATE|[50]|Bytes:5
00:00:47.0 (17629384)|HEAP_ALLOCATE|[56]|Bytes:5
00:00:47.0 (17642763)|HEAP_ALLOCATE|[64]|Bytes:7
00:00:47.0 (17676847)|SYSTEM_MODE_ENTER|false
00:00:47.0 (17692359)|HEAP_ALLOCATE|[EXTERNAL]|Bytes:5
00:00:47.0 (17699467)|SYSTEM_MODE_EXIT|false
00:00:47.0 (17707148)|METHOD_EXIT|[1]|PM_Project_Edit_Controller
00:00:47.0 (17751758)|HEAP_ALLOCATE|[EXTERNAL]|Bytes:24
00:00:47.0 (17766537)|VARIABLE_SCOPE_BEGIN|[10]|this|PM_Project_Edit_Controller|true|false
00:00:47.0 (17818732)|VARIABLE_ASSIGNMENT|[10]|this|{}|0x7d2e6292
00:00:47.0 (17826619)|VARIABLE_SCOPE_BEGIN|[10]|stdController|ApexPages.StandardController|true|false
00:00:47.0 (17981478)|VARIABLE_ASSIGNMENT|[10]|stdController|"StandardController [null]"|0x16f844f4
00:00:47.0 (18006863)|SYSTEM_MODE_ENTER|false
00:00:47.0 (18014714)|HEAP_ALLOCATE|[7]|Bytes:5
00:00:47.0 (18020120)|STATEMENT_EXECUTE|[1]
00:00:47.0 (18025726)|HEAP_ALLOCATE|[7]|Bytes:5
00:00:47.0 (18028554)|STATEMENT_EXECUTE|[3]
00:00:47.0 (18029628)|STATEMENT_EXECUTE|[4]
00:00:47.0 (18030600)|STATEMENT_EXECUTE|[6]
00:00:47.0 (18031555)|STATEMENT_EXECUTE|[7]
00:00:47.0 (18045352)|HEAP_ALLOCATE|[7]|Bytes:4
00:00:47.0 (18127619)|HEAP_ALLOCATE|[EXTERNAL]|Bytes:4
00:00:47.0 (18142244)|VARIABLE_ASSIGNMENT|[7]|this.usersList|[]|0x7d2e6292
00:00:47.0 (18147611)|STATEMENT_EXECUTE|[8]
00:00:47.0 (18150605)|HEAP_ALLOCATE|[8]|Bytes:1
00:00:47.0 (18160103)|VARIABLE_ASSIGNMENT|[8]|this.nonSelectedUserId|"("|0x7d2e6292
00:00:47.0 (18172039)|HEAP_ALLOCATE|[8]|Bytes:6
00:00:47.0 (18208806)|STATEMENT_EXECUTE|[10]
00:00:47.0 (18210381)|STATEMENT_EXECUTE|[11]
00:00:47.0 (18319455)|HEAP_ALLOCATE|[11]|Bytes:4
00:00:47.0 (18369938)|VARIABLE_ASSIGNMENT|[EXTERNAL]|this|{"nonSelectedUserId":"(","usersList":"0x5e0a55db"}|0x7d2e6292
00:00:47.0 (18384889)|VARIABLE_ASSIGNMENT|[EXTERNAL]|value|{}|0x11fe40a9
00:00:47.0 (18394958)|VARIABLE_ASSIGNMENT|[3]|this.mysObject|{}|0x7d2e6292
00:00:47.0 (18403946)|STATEMENT_EXECUTE|[12]
00:00:47.0 (18440303)|HEAP_ALLOCATE|[12]|Bytes:43
00:00:47.0 (18481173)|HEAP_ALLOCATE|[12]|Bytes:18
00:00:47.0 (18514068)|HEAP_ALLOCATE|[12]|Bytes:3
00:00:47.0 (18556881)|HEAP_ALLOCATE|[12]|Bytes:4
00:00:47.0 (18568298)|VARIABLE_SCOPE_BEGIN|[12]|pid|Id|false|false
00:00:47.0 (18667072)|VARIABLE_ASSIGNMENT|[12]|pid|"a057F000002dVv5QAE"
00:00:47.0 (18676013)|STATEMENT_EXECUTE|[16]
00:00:47.0 (18679576)|HEAP_ALLOCATE|[16]|Bytes:7
00:00:47.0 (18685557)|HEAP_ALLOCATE|[16]|Bytes:10
00:00:47.0 (18701421)|METHOD_ENTRY|[16]|01p7F00000Ehro9|PM_Project_Edit_Controller.getAllFields(String)
00:00:47.0 (18719446)|VARIABLE_SCOPE_BEGIN|[50]|sobjectname|String|false|false
00:00:47.0 (18729365)|VARIABLE_ASSIGNMENT|[50]|sobjectname|"Project__c"
00:00:47.0 (18748768)|HEAP_ALLOCATE|[51]|Bytes:5
00:00:47.0 (18753091)|STATEMENT_EXECUTE|[50]
00:00:47.0 (39821120)|HEAP_ALLOCATE|[51]|Bytes:1468
00:00:47.0 (39876231)|STATEMENT_EXECUTE|[51]
00:00:47.0 (39878515)|STATEMENT_EXECUTE|[54]
00:00:47.0 (44645046)|HEAP_ALLOCATE|[54]|Bytes:1468
00:00:47.0 (44881809)|HEAP_ALLOCATE|[54]|Bytes:4
00:00:47.0 (44937041)|HEAP_ALLOCATE|[54]|Bytes:4
00:00:47.0 (46441086)|HEAP_ALLOCATE|[54]|Bytes:148
00:00:47.0 (46461053)|VARIABLE_SCOPE_BEGIN|[54]|fields|Map<String,Schema.SObjectField>|true|false
00:00:47.0 (46773506)|VARIABLE_ASSIGNMENT|[54]|fields|"{client__c=Client__c, client_project_manager__c=Client_Project_Manager__c, company_project_code__c=Company_project_code__c, cost_centre__c=Cost_Centre__c, createdbyid=CreatedById, createddate=CreatedDate, delivery__c=Delivery__c, end_customer__c=End_Customer__c, footage__c=Footage__c, hours__c=Hours__c, ...}"|0x7325f95f
00:00:47.0 (46787147)|STATEMENT_EXECUTE|[55]
00:00:47.0 (46803338)|HEAP_ALLOCATE|[55]|Bytes:4
00:00:47.0 (46838980)|VARIABLE_SCOPE_BEGIN|[55]|accessiblefields|List<String>|true|false
00:00:47.0 (46869619)|HEAP_ALLOCATE|[EXTERNAL]|Bytes:4
00:00:47.0 (46881759)|VARIABLE_ASSIGNMENT|[55]|accessiblefields|[]|0x4e48b892
00:00:47.0 (46937339)|HEAP_ALLOCATE|[EXTERNAL]|Bytes:148
00:00:47.0 (46956784)|HEAP_ALLOCATE|[56]|Bytes:148
00:00:47.0 (47035607)|HEAP_ALLOCATE|[56]|Bytes:5
00:00:47.0 (47059270)|VARIABLE_SCOPE_BEGIN|[56]|field|Schema.SObjectField|true|false
00:00:47.0 (47134420)|VARIABLE_ASSIGNMENT|[56]|field|"common.apex.runtime.impl.ApexFieldToken@259acdf8"|0x259acdf8
00:00:47.0 (47144272)|STATEMENT_EXECUTE|[56]
00:00:47.0 (47599152)|HEAP_ALLOCATE|[57]|Bytes:8
00:00:47.0 (47630930)|STATEMENT_EXECUTE|[58]
00:00:47.0 (47668031)|HEAP_ALLOCATE|[58]|Bytes:8
00:00:47.0 (47684484)|HEAP_ALLOCATE|[58]|Bytes:2
00:00:47.0 (47701260)|HEAP_ALLOCATE|[EXTERNAL]|Bytes:4
00:00:47.0 (47718413)|HEAP_ALLOCATE|[56]|Bytes:5
00:00:47.0 (47745121)|VARIABLE_SCOPE_BEGIN|[56]|field|Schema.SObjectField|true|false
00:00:47.0 (47895929)|VARIABLE_ASSIGNMENT|[56]|field|"common.apex.runtime.impl.ApexFieldToken@79a93715"|0x79a93715
00:00:47.0 (47910791)|STATEMENT_EXECUTE|[56]
00:00:47.0 (48078471)|HEAP_ALLOCATE|[57]|Bytes:8
00:00:47.0 (48102807)|STATEMENT_EXECUTE|[58]
00:00:47.0 (48137654)|HEAP_ALLOCATE|[58]|Bytes:8
00:00:47.0 (48155028)|HEAP_ALLOCATE|[58]|Bytes:7
00:00:47.0 (48170361)|HEAP_ALLOCATE|[EXTERNAL]|Bytes:4
00:00:47.0 (48193790)|HEAP_ALLOCATE|[56]|Bytes:5
00:00:47.0 (48218923)|VARIABLE_SCOPE_BEGIN|[56]|field|Schema.SObjectField|true|false
00:00:47.0 (48334393)|VARIABLE_ASSIGNMENT|[56]|field|"common.apex.runtime.impl.ApexFieldToken@722e9c9a"|0x722e9c9a
00:00:47.0 (48348408)|STATEMENT_EXECUTE|[56]
00:00:47.0 (48498683)|HEAP_ALLOCATE|[57]|Bytes:8
00:00:47.0 (48520456)|STATEMENT_EXECUTE|[58]
00:00:47.0 (48542053)|HEAP_ALLOCATE|[58]|Bytes:8
00:00:47.0 (48552925)|HEAP_ALLOCATE|[58]|Bytes:9
00:00:47.0 (48564173)|HEAP_ALLOCATE|[EXTERNAL]|Bytes:4
00:00:47.0 (48579444)|HEAP_ALLOCATE|[56]|Bytes:5
00:00:47.0 (48597146)|VARIABLE_SCOPE_BEGIN|[56]|field|Schema.SObjectField|true|false
00:00:47.0 (48671586)|VARIABLE_ASSIGNMENT|[56]|field|"common.apex.runtime.impl.ApexFieldToken@5f4bd316"|0x5f4bd316
00:00:47.0 (48681201)|STATEMENT_EXECUTE|[56]
00:00:47.0 (48799663)|HEAP_ALLOCATE|[57]|Bytes:8
00:00:47.0 (48814765)|STATEMENT_EXECUTE|[58]
00:00:47.0 (48832464)|HEAP_ALLOCATE|[58]|Bytes:8
00:00:47.0 (48840956)|HEAP_ALLOCATE|[58]|Bytes:4
00:00:47.0 (48850650)|HEAP_ALLOCATE|[EXTERNAL]|Bytes:4
00:00:47.0 (48863234)|HEAP_ALLOCATE|[56]|Bytes:5
00:00:47.0 (48877432)|VARIABLE_SCOPE_BEGIN|[56]|field|Schema.SObjectField|true|false
00:00:47.0 (48947942)|VARIABLE_ASSIGNMENT|[56]|field|"common.apex.runtime.impl.ApexFieldToken@2ccd300a"|0x2ccd300a
00:00:47.0 (48956705)|STATEMENT_EXECUTE|[56]
00:00:47.0 (49075312)|HEAP_ALLOCATE|[57]|Bytes:8
00:00:47.0 (49090946)|STATEMENT_EXECUTE|[58]
00:00:47.0 (49107919)|HEAP_ALLOCATE|[58]|Bytes:8
00:00:47.0 (49116211)|HEAP_ALLOCATE|[58]|Bytes:11
00:00:47.0 (49125074)|HEAP_ALLOCATE|[EXTERNAL]|Bytes:4
00:00:47.0 (49137779)|HEAP_ALLOCATE|[56]|Bytes:5
00:00:47.0 (49151204)|VARIABLE_SCOPE_BEGIN|[56]|field|Schema.SObjectField|true|false
00:00:47.0 (49220776)|VARIABLE_ASSIGNMENT|[56]|field|"common.apex.runtime.impl.ApexFieldToken@1cecab19"|0x1cecab19
00:00:47.0 (49229220)|STATEMENT_EXECUTE|[56]
00:00:47.0 (49350033)|HEAP_ALLOCATE|[57]|Bytes:8
00:00:47.0 (49364574)|STATEMENT_EXECUTE|[58]
00:00:47.0 (49387309)|HEAP_ALLOCATE|[58]|Bytes:8
00:00:47.0 (49396156)|HEAP_ALLOCATE|[58]|Bytes:11
00:00:47.0 (49405140)|HEAP_ALLOCATE|[EXTERNAL]|Bytes:4
00:00:47.0 (49417187)|HEAP_ALLOCATE|[56]|Bytes:5
00:00:47.0 (49430841)|VARIABLE_SCOPE_BEGIN|[56]|field|Schema.SObjectField|true|false
00:00:47.0 (49499354)|VARIABLE_ASSIGNMENT|[56]|field|"common.apex.runtime.impl.ApexFieldToken@1a203e52"|0x1a203e52
00:00:47.0 (49507969)|STATEMENT_EXECUTE|[56]
00:00:47.0 (49618972)|HEAP_ALLOCATE|[57]|Bytes:8
00:00:47.0 (49632988)|STATEMENT_EXECUTE|[58]
00:00:47.0 (49649295)|HEAP_ALLOCATE|[58]|Bytes:8
00:00:47.0 (49657431)|HEAP_ALLOCATE|[58]|Bytes:16
00:00:47.0 (49666571)|HEAP_ALLOCATE|[EXTERNAL]|Bytes:4
00:00:47.0 (49678856)|HEAP_ALLOCATE|[56]|Bytes:5
00:00:47.0 (49691792)|VARIABLE_SCOPE_BEGIN|[56]|field|Schema.SObjectField|true|false
00:00:47.0 (49759079)|VARIABLE_ASSIGNMENT|[56]|field|"common.apex.runtime.impl.ApexFieldToken@1b729d63"|0x1b729d63
00:00:47.0 (49767470)|STATEMENT_EXECUTE|[56]
00:00:47.0 (49883402)|HEAP_ALLOCATE|[57]|Bytes:8
00:00:47.0 (49897412)|STATEMENT_EXECUTE|[58]
00:00:47.0 (49913479)|HEAP_ALLOCATE|[58]|Bytes:8
00:00:47.0 (49921607)|HEAP_ALLOCATE|[58]|Bytes:16
00:00:47.0 (49930203)|HEAP_ALLOCATE|[EXTERNAL]|Bytes:4
00:00:47.0 (49941942)|HEAP_ALLOCATE|[56]|Bytes:5
00:00:47.0 (49955096)|VARIABLE_SCOPE_BEGIN|[56]|field|Schema.SObjectField|true|false
00:00:47.0 (50023579)|VARIABLE_ASSIGNMENT|[56]|field|"common.apex.runtime.impl.ApexFieldToken@5efab367"|0x5efab367
00:00:47.0 (50033043)|STATEMENT_EXECUTE|[56]
00:00:47.0 (50122638)|HEAP_ALLOCATE|[57]|Bytes:8
00:00:47.0 (50135760)|STATEMENT_EXECUTE|[58]
00:00:47.0 (50151306)|HEAP_ALLOCATE|[58]|Bytes:8
00:00:47.0 (50159342)|HEAP_ALLOCATE|[58]|Bytes:14
00:00:47.0 (50168289)|HEAP_ALLOCATE|[EXTERNAL]|Bytes:4
00:00:47.0 (50179845)|HEAP_ALLOCATE|[56]|Bytes:5
00:00:47.0 (50192376)|VARIABLE_SCOPE_BEGIN|[56]|field|Schema.SObjectField|true|false
00:00:47.0 (50260054)|VARIABLE_ASSIGNMENT|[56]|field|"common.apex.runtime.impl.ApexFieldToken@27b77fc2"|0x27b77fc2
00:00:47.0 (50268468)|STATEMENT_EXECUTE|[56]
00:00:47.0 (50353477)|HEAP_ALLOCATE|[57]|Bytes:8
00:00:47.0 (50366147)|STATEMENT_EXECUTE|[58]
00:00:47.0 (50386081)|HEAP_ALLOCATE|[58]|Bytes:8
00:00:47.0 (50394183)|HEAP_ALLOCATE|[58]|Bytes:16
00:00:47.0 (50402856)|HEAP_ALLOCATE|[EXTERNAL]|Bytes:4
00:00:47.0 (50414337)|HEAP_ALLOCATE|[56]|Bytes:5
00:00:47.0 (50426726)|VARIABLE_SCOPE_BEGIN|[56]|field|Schema.SObjectField|true|false
00:00:47.0 (50493716)|VARIABLE_ASSIGNMENT|[56]|field|"common.apex.runtime.impl.ApexFieldToken@3cfe07c8"|0x3cfe07c8
00:00:47.0 (50501991)|STATEMENT_EXECUTE|[56]
00:00:47.0 (50588911)|HEAP_ALLOCATE|[57]|Bytes:8
00:00:47.0 (50602293)|STATEMENT_EXECUTE|[58]
00:00:47.0 (50617402)|HEAP_ALLOCATE|[58]|Bytes:8
00:00:47.0 (50624892)|HEAP_ALLOCATE|[58]|Bytes:14
00:00:47.0 (50632920)|HEAP_ALLOCATE|[EXTERNAL]|Bytes:4
00:00:47.0 (50644519)|HEAP_ALLOCATE|[56]|Bytes:5
00:00:47.0 (50656889)|VARIABLE_SCOPE_BEGIN|[56]|field|Schema.SObjectField|true|false
00:00:47.0 (50723474)|VARIABLE_ASSIGNMENT|[56]|field|"common.apex.runtime.impl.ApexFieldToken@33e80cb1"|0x33e80cb1
00:00:47.0 (50731268)|STATEMENT_EXECUTE|[56]
00:00:47.0 (50816931)|HEAP_ALLOCATE|[57]|Bytes:8
00:00:47.0 (50830446)|STATEMENT_EXECUTE|[58]
00:00:47.0 (50845668)|HEAP_ALLOCATE|[58]|Bytes:8
00:00:47.0 (50853541)|HEAP_ALLOCATE|[58]|Bytes:18
00:00:47.0 (50861510)|HEAP_ALLOCATE|[EXTERNAL]|Bytes:4
00:00:47.0 (50872714)|HEAP_ALLOCATE|[56]|Bytes:5
00:00:47.0 (50884797)|VARIABLE_SCOPE_BEGIN|[56]|field|Schema.SObjectField|true|false
00:00:47.0 (50951296)|VARIABLE_ASSIGNMENT|[56]|field|"common.apex.runtime.impl.ApexFieldToken@3882e020"|0x3882e020
00:00:47.0 (50959798)|STATEMENT_EXECUTE|[56]
00:00:47.0 (51492562)|HEAP_ALLOCATE|[57]|Bytes:8
00:00:47.0 (51509875)|STATEMENT_EXECUTE|[58]
00:00:47.0 (51528384)|HEAP_ALLOCATE|[58]|Bytes:8
00:00:47.0 (51537058)|HEAP_ALLOCATE|[58]|Bytes:9
00:00:47.0 (51546578)|HEAP_ALLOCATE|[EXTERNAL]|Bytes:4
00:00:47.0 (51558695)|HEAP_ALLOCATE|[56]|Bytes:5
00:00:47.0 (51572890)|VARIABLE_SCOPE_BEGIN|[56]|field|Schema.SObjectField|true|false
00:00:47.0 (51643921)|VARIABLE_ASSIGNMENT|[56]|field|"common.apex.runtime.impl.ApexFieldToken@2457c19d"|0x2457c19d
00:00:47.0 (51653281)|STATEMENT_EXECUTE|[56]
00:00:47.0 (51755097)|HEAP_ALLOCATE|[57]|Bytes:8
00:00:47.0 (51769581)|STATEMENT_EXECUTE|[58]
00:00:47.0 (51786296)|HEAP_ALLOCATE|[58]|Bytes:8
00:00:47.0 (51794259)|HEAP_ALLOCATE|[58]|Bytes:15
00:00:47.0 (51803049)|HEAP_ALLOCATE|[EXTERNAL]|Bytes:4
00:00:47.0 (51814620)|HEAP_ALLOCATE|[56]|Bytes:5
00:00:47.0 (51827520)|VARIABLE_SCOPE_BEGIN|[56]|field|Schema.SObjectField|true|false
00:00:47.0 (51896886)|VARIABLE_ASSIGNMENT|[56]|field|"common.apex.runtime.impl.ApexFieldToken@68db5298"|0x68db5298
00:00:47.0 (51905392)|STATEMENT_EXECUTE|[56]
00:00:47.0 (52003549)|HEAP_ALLOCATE|[57]|Bytes:8
00:00:47.0 (52018043)|STATEMENT_EXECUTE|[58]
00:00:47.0 (52034345)|HEAP_ALLOCATE|[58]|Bytes:8
00:00:47.0 (52042842)|HEAP_ALLOCATE|[58]|Bytes:19
00:00:47.0 (52051378)|HEAP_ALLOCATE|[EXTERNAL]|Bytes:4
00:00:47.0 (52063141)|HEAP_ALLOCATE|[56]|Bytes:5
00:00:47.0 (52076035)|VARIABLE_SCOPE_BEGIN|[56]|field|Schema.SObjectField|true|false
00:00:47.0 (52143766)|VARIABLE_ASSIGNMENT|[56]|field|"common.apex.runtime.impl.ApexFieldToken@1b2546b6"|0x1b2546b6
00:00:47.0 (52151854)|STATEMENT_EXECUTE|[56]
00:00:47.0 (52244621)|HEAP_ALLOCATE|[57]|Bytes:8
00:00:47.0 (52258291)|STATEMENT_EXECUTE|[58]
00:00:47.0 (52274053)|HEAP_ALLOCATE|[58]|Bytes:8
00:00:47.0 (52282360)|HEAP_ALLOCATE|[58]|Bytes:14
00:00:47.0 (52291320)|HEAP_ALLOCATE|[EXTERNAL]|Bytes:4
00:00:47.0 (52302757)|HEAP_ALLOCATE|[56]|Bytes:5
00:00:47.0 (52315302)|VARIABLE_SCOPE_BEGIN|[56]|field|Schema.SObjectField|true|false
00:00:47.0 (52387654)|VARIABLE_ASSIGNMENT|[56]|field|"common.apex.runtime.impl.ApexFieldToken@34893612"|0x34893612
00:00:47.0 (52396638)|STATEMENT_EXECUTE|[56]
00:00:47.0 (52490924)|HEAP_ALLOCATE|[57]|Bytes:8
00:00:47.0 (52504583)|STATEMENT_EXECUTE|[58]
00:00:47.0 (52520139)|HEAP_ALLOCATE|[58]|Bytes:8
00:00:47.0 (52528046)|HEAP_ALLOCATE|[58]|Bytes:25
00:00:47.0 (52536699)|HEAP_ALLOCATE|[EXTERNAL]|Bytes:4
00:00:47.0 (52548174)|HEAP_ALLOCATE|[56]|Bytes:5
00:00:47.0 (52560362)|VARIABLE_SCOPE_BEGIN|[56]|field|Schema.SObjectField|true|false
00:00:47.0 (52628084)|VARIABLE_ASSIGNMENT|[56]|field|"common.apex.runtime.impl.ApexFieldToken@2ec85237"|0x2ec85237
00:00:47.0 (52636189)|STATEMENT_EXECUTE|[56]
00:00:47.0 (52726180)|HEAP_ALLOCATE|[57]|Bytes:8
00:00:47.0 (52739755)|STATEMENT_EXECUTE|[58]
00:00:47.0 (52755078)|HEAP_ALLOCATE|[58]|Bytes:8
00:00:47.0 (52762834)|HEAP_ALLOCATE|[58]|Bytes:15
00:00:47.0 (52771097)|HEAP_ALLOCATE|[EXTERNAL]|Bytes:4
00:00:47.0 (52782717)|HEAP_ALLOCATE|[56]|Bytes:5
00:00:47.0 (52794723)|VARIABLE_SCOPE_BEGIN|[56]|field|Schema.SObjectField|true|false
00:00:47.0 (52862709)|VARIABLE_ASSIGNMENT|[56]|field|"common.apex.runtime.impl.ApexFieldToken@1cb59ae4"|0x1cb59ae4
00:00:47.0 (52870584)|STATEMENT_EXECUTE|[56]
00:00:47.0 (52960004)|HEAP_ALLOCATE|[57]|Bytes:8
00:00:47.0 (52973362)|STATEMENT_EXECUTE|[58]
00:00:47.0 (52988919)|HEAP_ALLOCATE|[58]|Bytes:8
00:00:47.0 (52996793)|HEAP_ALLOCATE|[58]|Bytes:23
00:00:47.0 (53005424)|HEAP_ALLOCATE|[EXTERNAL]|Bytes:4
00:00:47.0 (53017767)|HEAP_ALLOCATE|[56]|Bytes:5
00:00:47.0 (53030161)|VARIABLE_SCOPE_BEGIN|[56]|field|Schema.SObjectField|true|false
00:00:47.0 (53096588)|VARIABLE_ASSIGNMENT|[56]|field|"common.apex.runtime.impl.ApexFieldToken@2d146f32"|0x2d146f32
00:00:47.0 (53104790)|STATEMENT_EXECUTE|[56]
00:00:47.0 (53196082)|HEAP_ALLOCATE|[57]|Bytes:8
00:00:47.0 (53209701)|STATEMENT_EXECUTE|[58]
00:00:47.0 (53225552)|HEAP_ALLOCATE|[58]|Bytes:8
00:00:47.0 (53233486)|HEAP_ALLOCATE|[58]|Bytes:16
00:00:47.0 (53241514)|HEAP_ALLOCATE|[EXTERNAL]|Bytes:4
00:00:47.0 (53252667)|HEAP_ALLOCATE|[56]|Bytes:5
00:00:47.0 (53265352)|VARIABLE_SCOPE_BEGIN|[56]|field|Schema.SObjectField|true|false
00:00:47.0 (53332135)|VARIABLE_ASSIGNMENT|[56]|field|"common.apex.runtime.impl.ApexFieldToken@50d0f524"|0x50d0f524
00:00:47.0 (53340245)|STATEMENT_EXECUTE|[56]
00:00:47.0 (53447249)|HEAP_ALLOCATE|[57]|Bytes:8
00:00:47.0 (53466024)|STATEMENT_EXECUTE|[58]
00:00:47.0 (53488723)|HEAP_ALLOCATE|[58]|Bytes:8
00:00:47.0 (53497983)|HEAP_ALLOCATE|[58]|Bytes:14
00:00:47.0 (53506924)|HEAP_ALLOCATE|[EXTERNAL]|Bytes:4
00:00:47.0 (53518860)|HEAP_ALLOCATE|[56]|Bytes:5
00:00:47.0 (53532129)|VARIABLE_SCOPE_BEGIN|[56]|field|Schema.SObjectField|true|false
00:00:47.0 (53599553)|VARIABLE_ASSIGNMENT|[56]|field|"common.apex.runtime.impl.ApexFieldToken@3c655ce3"|0x3c655ce3
00:00:47.0 (53607435)|STATEMENT_EXECUTE|[56]
00:00:47.0 (53703698)|HEAP_ALLOCATE|[57]|Bytes:8
00:00:47.0 (53717295)|STATEMENT_EXECUTE|[58]
00:00:47.0 (53733142)|HEAP_ALLOCATE|[58]|Bytes:8
00:00:47.0 (53740761)|HEAP_ALLOCATE|[58]|Bytes:13
00:00:47.0 (53749891)|HEAP_ALLOCATE|[EXTERNAL]|Bytes:4
00:00:47.0 (53761853)|HEAP_ALLOCATE|[56]|Bytes:5
00:00:47.0 (53773827)|VARIABLE_SCOPE_BEGIN|[56]|field|Schema.SObjectField|true|false
00:00:47.0 (53840537)|VARIABLE_ASSIGNMENT|[56]|field|"common.apex.runtime.impl.ApexFieldToken@c378331"|0xc378331
00:00:47.0 (53849431)|STATEMENT_EXECUTE|[56]
00:00:47.0 (53939637)|HEAP_ALLOCATE|[57]|Bytes:8
00:00:47.0 (53952808)|STATEMENT_EXECUTE|[58]
00:00:47.0 (53968643)|HEAP_ALLOCATE|[58]|Bytes:8
00:00:47.0 (53976257)|HEAP_ALLOCATE|[58]|Bytes:5
00:00:47.0 (53984249)|HEAP_ALLOCATE|[EXTERNAL]|Bytes:4
00:00:47.0 (53995787)|HEAP_ALLOCATE|[56]|Bytes:5
00:00:47.0 (54008573)|VARIABLE_SCOPE_BEGIN|[56]|field|Schema.SObjectField|true|false
00:00:47.0 (54075983)|VARIABLE_ASSIGNMENT|[56]|field|"common.apex.runtime.impl.ApexFieldToken@2d4107a"|0x2d4107a
00:00:47.0 (54084541)|STATEMENT_EXECUTE|[56]
00:00:47.0 (54175638)|HEAP_ALLOCATE|[57]|Bytes:8
00:00:47.0 (54188686)|STATEMENT_EXECUTE|[58]
00:00:47.0 (54204149)|HEAP_ALLOCATE|[58]|Bytes:8
00:00:47.0 (54212029)|HEAP_ALLOCATE|[58]|Bytes:11
00:00:47.0 (54221200)|HEAP_ALLOCATE|[EXTERNAL]|Bytes:4
00:00:47.0 (54232990)|HEAP_ALLOCATE|[56]|Bytes:5
00:00:47.0 (54245473)|VARIABLE_SCOPE_BEGIN|[56]|field|Schema.SObjectField|true|false
00:00:47.0 (54311319)|VARIABLE_ASSIGNMENT|[56]|field|"common.apex.runtime.impl.ApexFieldToken@55faacd1"|0x55faacd1
00:00:47.0 (54319832)|STATEMENT_EXECUTE|[56]
00:00:47.0 (54414200)|HEAP_ALLOCATE|[57]|Bytes:8
00:00:47.0 (54427509)|STATEMENT_EXECUTE|[58]
00:00:47.0 (54442983)|HEAP_ALLOCATE|[58]|Bytes:8
00:00:47.0 (54450973)|HEAP_ALLOCATE|[58]|Bytes:5
00:00:47.0 (54459311)|HEAP_ALLOCATE|[EXTERNAL]|Bytes:4
00:00:47.0 (54470892)|HEAP_ALLOCATE|[56]|Bytes:5
00:00:47.0 (54483467)|VARIABLE_SCOPE_BEGIN|[56]|field|Schema.SObjectField|true|false
00:00:47.0 (54549480)|VARIABLE_ASSIGNMENT|[56]|field|"common.apex.runtime.impl.ApexFieldToken@436e70c9"|0x436e70c9
00:00:47.0 (54557690)|STATEMENT_EXECUTE|[56]
00:00:47.0 (54705764)|HEAP_ALLOCATE|[57]|Bytes:8
00:00:47.0 (54720379)|STATEMENT_EXECUTE|[58]
00:00:47.0 (54736610)|HEAP_ALLOCATE|[58]|Bytes:8
00:00:47.0 (54744709)|HEAP_ALLOCATE|[58]|Bytes:25
00:00:47.0 (54753443)|HEAP_ALLOCATE|[EXTERNAL]|Bytes:4
00:00:47.0 (54765294)|HEAP_ALLOCATE|[56]|Bytes:5
00:00:47.0 (54778984)|VARIABLE_SCOPE_BEGIN|[56]|field|Schema.SObjectField|true|false
00:00:47.0 (54845387)|VARIABLE_ASSIGNMENT|[56]|field|"common.apex.runtime.impl.ApexFieldToken@73f04d9e"|0x73f04d9e
00:00:47.0 (54853676)|STATEMENT_EXECUTE|[56]
00:00:47.0 (54980357)|HEAP_ALLOCATE|[57]|Bytes:8
00:00:47.0 (54994463)|STATEMENT_EXECUTE|[58]
00:00:47.0 (55011058)|HEAP_ALLOCATE|[58]|Bytes:8
00:00:47.0 (55020046)|HEAP_ALLOCATE|[58]|Bytes:12
00:00:47.0 (55028713)|HEAP_ALLOCATE|[EXTERNAL]|Bytes:4
00:00:47.0 (55040902)|HEAP_ALLOCATE|[56]|Bytes:5
00:00:47.0 (55053916)|VARIABLE_SCOPE_BEGIN|[56]|field|Schema.SObjectField|true|false
00:00:47.0 (55121096)|VARIABLE_ASSIGNMENT|[56]|field|"common.apex.runtime.impl.ApexFieldToken@5185d45a"|0x5185d45a
00:00:47.0 (55129202)|STATEMENT_EXECUTE|[56]
00:00:47.0 (55222194)|HEAP_ALLOCATE|[57]|Bytes:8
00:00:47.0 (55236099)|STATEMENT_EXECUTE|[58]
00:00:47.0 (55252471)|HEAP_ALLOCATE|[58]|Bytes:8
00:00:47.0 (55260444)|HEAP_ALLOCATE|[58]|Bytes:21
00:00:47.0 (55269411)|HEAP_ALLOCATE|[EXTERNAL]|Bytes:4
00:00:47.0 (55281402)|HEAP_ALLOCATE|[56]|Bytes:5
00:00:47.0 (55294223)|VARIABLE_SCOPE_BEGIN|[56]|field|Schema.SObjectField|true|false
00:00:47.0 (55359725)|VARIABLE_ASSIGNMENT|[56]|field|"common.apex.runtime.impl.ApexFieldToken@5119669f"|0x5119669f
00:00:47.0 (55367920)|STATEMENT_EXECUTE|[56]
00:00:47.0 (55465792)|HEAP_ALLOCATE|[57]|Bytes:8
00:00:47.0 (55479757)|STATEMENT_EXECUTE|[58]
00:00:47.0 (55495733)|HEAP_ALLOCATE|[58]|Bytes:8
00:00:47.0 (55503746)|HEAP_ALLOCATE|[58]|Bytes:19
00:00:47.0 (55512640)|HEAP_ALLOCATE|[EXTERNAL]|Bytes:4
00:00:47.0 (55524011)|HEAP_ALLOCATE|[56]|Bytes:5
00:00:47.0 (55536513)|VARIABLE_SCOPE_BEGIN|[56]|field|Schema.SObjectField|true|false
00:00:47.0 (55603885)|VARIABLE_ASSIGNMENT|[56]|field|"common.apex.runtime.impl.ApexFieldToken@6141bc4d"|0x6141bc4d
00:00:47.0 (55612210)|STATEMENT_EXECUTE|[56]
00:00:47.0 (55704756)|HEAP_ALLOCATE|[57]|Bytes:8
00:00:47.0 (55718606)|STATEMENT_EXECUTE|[58]
00:00:47.0 (55734112)|HEAP_ALLOCATE|[58]|Bytes:8
00:00:47.0 (55742297)|HEAP_ALLOCATE|[58]|Bytes:8
00:00:47.0 (55750689)|HEAP_ALLOCATE|[EXTERNAL]|Bytes:4
00:00:47.0 (55761836)|HEAP_ALLOCATE|[56]|Bytes:5
00:00:47.0 (55774213)|VARIABLE_SCOPE_BEGIN|[56]|field|Schema.SObjectField|true|false
00:00:47.0 (55840103)|VARIABLE_ASSIGNMENT|[56]|field|"common.apex.runtime.impl.ApexFieldToken@102c8146"|0x102c8146
00:00:47.0 (55848440)|STATEMENT_EXECUTE|[56]
00:00:47.0 (55937403)|HEAP_ALLOCATE|[57]|Bytes:8
00:00:47.0 (55950741)|STATEMENT_EXECUTE|[58]
00:00:47.0 (55966369)|HEAP_ALLOCATE|[58]|Bytes:8
00:00:47.0 (55974285)|HEAP_ALLOCATE|[58]|Bytes:8
00:00:47.0 (55982882)|HEAP_ALLOCATE|[EXTERNAL]|Bytes:4
00:00:47.0 (55993933)|HEAP_ALLOCATE|[56]|Bytes:5
00:00:47.0 (56005707)|VARIABLE_SCOPE_BEGIN|[56]|field|Schema.SObjectField|true|false
00:00:47.0 (56072856)|VARIABLE_ASSIGNMENT|[56]|field|"common.apex.runtime.impl.ApexFieldToken@6f74a01d"|0x6f74a01d
00:00:47.0 (56081707)|STATEMENT_EXECUTE|[56]
00:00:47.0 (56170120)|HEAP_ALLOCATE|[57]|Bytes:8
00:00:47.0 (56183554)|STATEMENT_EXECUTE|[58]
00:00:47.0 (56198649)|HEAP_ALLOCATE|[58]|Bytes:8
00:00:47.0 (56206574)|HEAP_ALLOCATE|[58]|Bytes:10
00:00:47.0 (56214969)|HEAP_ALLOCATE|[EXTERNAL]|Bytes:4
00:00:47.0 (56226182)|HEAP_ALLOCATE|[56]|Bytes:5
00:00:47.0 (56238232)|VARIABLE_SCOPE_BEGIN|[56]|field|Schema.SObjectField|true|false
00:00:47.0 (56304288)|VARIABLE_ASSIGNMENT|[56]|field|"common.apex.runtime.impl.ApexFieldToken@75c31ef2"|0x75c31ef2
00:00:47.0 (56312511)|STATEMENT_EXECUTE|[56]
00:00:47.0 (56405279)|HEAP_ALLOCATE|[57]|Bytes:8
00:00:47.0 (56419224)|STATEMENT_EXECUTE|[58]
00:00:47.0 (56434921)|HEAP_ALLOCATE|[58]|Bytes:8
00:00:47.0 (56442591)|HEAP_ALLOCATE|[58]|Bytes:8
00:00:47.0 (56451123)|HEAP_ALLOCATE|[EXTERNAL]|Bytes:4
00:00:47.0 (56462564)|HEAP_ALLOCATE|[56]|Bytes:5
00:00:47.0 (56474323)|VARIABLE_SCOPE_BEGIN|[56]|field|Schema.SObjectField|true|false
00:00:47.0 (56540446)|VARIABLE_ASSIGNMENT|[56]|field|"common.apex.runtime.impl.ApexFieldToken@198c77d3"|0x198c77d3
00:00:47.0 (56549063)|STATEMENT_EXECUTE|[56]
00:00:47.0 (56636777)|HEAP_ALLOCATE|[57]|Bytes:8
00:00:47.0 (56650144)|STATEMENT_EXECUTE|[58]
00:00:47.0 (56665676)|HEAP_ALLOCATE|[58]|Bytes:8
00:00:47.0 (56673840)|HEAP_ALLOCATE|[58]|Bytes:7
00:00:47.0 (56682237)|HEAP_ALLOCATE|[EXTERNAL]|Bytes:4
00:00:47.0 (56694044)|HEAP_ALLOCATE|[56]|Bytes:5
00:00:47.0 (56706388)|VARIABLE_SCOPE_BEGIN|[56]|field|Schema.SObjectField|true|false
00:00:47.0 (56773042)|VARIABLE_ASSIGNMENT|[56]|field|"common.apex.runtime.impl.ApexFieldToken@6ddee315"|0x6ddee315
00:00:47.0 (56780963)|STATEMENT_EXECUTE|[56]
00:00:47.0 (56867338)|HEAP_ALLOCATE|[57]|Bytes:8
00:00:47.0 (56880787)|STATEMENT_EXECUTE|[58]
00:00:47.0 (56895957)|HEAP_ALLOCATE|[58]|Bytes:8
00:00:47.0 (56903780)|HEAP_ALLOCATE|[58]|Bytes:8
00:00:47.0 (56912251)|HEAP_ALLOCATE|[EXTERNAL]|Bytes:4
00:00:47.0 (56923476)|HEAP_ALLOCATE|[56]|Bytes:5
00:00:47.0 (56935356)|VARIABLE_SCOPE_BEGIN|[56]|field|Schema.SObjectField|true|false
00:00:47.0 (57002452)|VARIABLE_ASSIGNMENT|[56]|field|"common.apex.runtime.impl.ApexFieldToken@2760d2fb"|0x2760d2fb
00:00:47.0 (57011045)|STATEMENT_EXECUTE|[56]
00:00:47.0 (57099551)|HEAP_ALLOCATE|[57]|Bytes:8
00:00:47.0 (57112866)|STATEMENT_EXECUTE|[58]
00:00:47.0 (57128275)|HEAP_ALLOCATE|[58]|Bytes:8
00:00:47.0 (57136345)|HEAP_ALLOCATE|[58]|Bytes:7
00:00:47.0 (57144364)|HEAP_ALLOCATE|[EXTERNAL]|Bytes:4
00:00:47.0 (57155861)|HEAP_ALLOCATE|[56]|Bytes:5
00:00:47.0 (57167365)|VARIABLE_ASSIGNMENT|[56]|field|null|
00:00:47.0 (57173505)|STATEMENT_EXECUTE|[60]
00:00:47.0 (57179633)|VARIABLE_SCOPE_BEGIN|[60]|allfields|String|false|false
00:00:47.0 (57190625)|VARIABLE_ASSIGNMENT|[60]|allfields|""
00:00:47.0 (57246347)|HEAP_ALLOCATE|[61]|Bytes:5
00:00:47.0 (57256532)|HEAP_ALLOCATE|[61]|Bytes:2
00:00:47.0 (57262880)|VARIABLE_SCOPE_BEGIN|[61]|fieldname|String|false|false
00:00:47.0 (57271617)|VARIABLE_ASSIGNMENT|[61]|fieldname|"Id"
00:00:47.0 (57275683)|STATEMENT_EXECUTE|[62]
00:00:47.0 (57277967)|HEAP_ALLOCATE|[62]|Bytes:1
00:00:47.0 (57295936)|HEAP_ALLOCATE|[62]|Bytes:3
00:00:47.0 (57300872)|HEAP_ALLOCATE|[62]|Bytes:3
00:00:47.0 (57305444)|VARIABLE_ASSIGNMENT|[62]|allfields|"Id,"
00:00:47.0 (57314524)|HEAP_ALLOCATE|[61]|Bytes:5
00:00:47.0 (57321046)|HEAP_ALLOCATE|[61]|Bytes:7
00:00:47.0 (57325598)|VARIABLE_SCOPE_BEGIN|[61]|fieldname|String|false|false
00:00:47.0 (57333156)|VARIABLE_ASSIGNMENT|[61]|fieldname|"OwnerId"
00:00:47.0 (57337055)|STATEMENT_EXECUTE|[62]
00:00:47.0 (57339989)|HEAP_ALLOCATE|[62]|Bytes:8
00:00:47.0 (57343531)|HEAP_ALLOCATE|[62]|Bytes:11
00:00:47.0 (57347951)|VARIABLE_ASSIGNMENT|[62]|allfields|"Id,OwnerId,"
00:00:47.0 (57355406)|HEAP_ALLOCATE|[61]|Bytes:5
00:00:47.0 (57361306)|HEAP_ALLOCATE|[61]|Bytes:9
00:00:47.0 (57365193)|VARIABLE_SCOPE_BEGIN|[61]|fieldname|String|false|false
00:00:47.0 (57371524)|VARIABLE_ASSIGNMENT|[61]|fieldname|"IsDeleted"
00:00:47.0 (57379316)|STATEMENT_EXECUTE|[62]
00:00:47.0 (57382265)|HEAP_ALLOCATE|[62]|Bytes:10
00:00:47.0 (57386032)|HEAP_ALLOCATE|[62]|Bytes:21
00:00:47.0 (57392989)|VARIABLE_ASSIGNMENT|[62]|allfields|"Id,OwnerId,IsDeleted (1 more) ..."
00:00:47.0 (57400575)|HEAP_ALLOCATE|[61]|Bytes:5
00:00:47.0 (57406555)|HEAP_ALLOCATE|[61]|Bytes:4
00:00:47.0 (57410916)|VARIABLE_SCOPE_BEGIN|[61]|fieldname|String|false|false
00:00:47.0 (57417224)|VARIABLE_ASSIGNMENT|[61]|fieldname|"Name"
00:00:47.0 (57420655)|STATEMENT_EXECUTE|[62]
00:00:47.0 (57423125)|HEAP_ALLOCATE|[62]|Bytes:5
00:00:47.0 (57426514)|HEAP_ALLOCATE|[62]|Bytes:26
00:00:47.0 (57431304)|VARIABLE_ASSIGNMENT|[62]|allfields|"Id,OwnerId,IsDeleted (6 more) ..."
00:00:47.0 (57438141)|HEAP_ALLOCATE|[61]|Bytes:5
00:00:47.0 (57443842)|HEAP_ALLOCATE|[61]|Bytes:11
00:00:47.0 (57448075)|VARIABLE_SCOPE_BEGIN|[61]|fieldname|String|false|false
00:00:47.0 (57454656)|VARIABLE_ASSIGNMENT|[61]|fieldname|"CreatedDate"
00:00:47.0 (57457938)|STATEMENT_EXECUTE|[62]
00:00:47.0 (57460379)|HEAP_ALLOCATE|[62]|Bytes:12
00:00:47.0 (57463748)|HEAP_ALLOCATE|[62]|Bytes:38
00:00:47.0 (57468508)|VARIABLE_ASSIGNMENT|[62]|allfields|"Id,OwnerId,IsDeleted (18 more) ..."
00:00:47.0 (57475778)|HEAP_ALLOCATE|[61]|Bytes:5
00:00:47.0 (57481799)|HEAP_ALLOCATE|[61]|Bytes:11
00:00:47.0 (57485608)|VARIABLE_SCOPE_BEGIN|[61]|fieldname|String|false|false
00:00:47.0 (57492098)|VARIABLE_ASSIGNMENT|[61]|fieldname|"CreatedById"
00:00:47.0 (57495305)|STATEMENT_EXECUTE|[62]
00:00:47.0 (57497740)|HEAP_ALLOCATE|[62]|Bytes:12
00:00:47.0 (57502083)|HEAP_ALLOCATE|[62]|Bytes:50
00:00:47.0 (57506540)|VARIABLE_ASSIGNMENT|[62]|allfields|"Id,OwnerId,IsDeleted (30 more) ..."
00:00:47.0 (57513416)|HEAP_ALLOCATE|[61]|Bytes:5
00:00:47.0 (57519077)|HEAP_ALLOCATE|[61]|Bytes:16
00:00:47.0 (57522798)|VARIABLE_SCOPE_BEGIN|[61]|fieldname|String|false|false
00:00:47.0 (57529600)|VARIABLE_ASSIGNMENT|[61]|fieldname|"LastModifiedDate"
00:00:47.0 (57536442)|STATEMENT_EXECUTE|[62]
00:00:47.0 (57539418)|HEAP_ALLOCATE|[62]|Bytes:17
00:00:47.0 (57543243)|HEAP_ALLOCATE|[62]|Bytes:67
00:00:47.0 (57548620)|VARIABLE_ASSIGNMENT|[62]|allfields|"Id,OwnerId,IsDeleted (47 more) ..."
00:00:47.0 (57556427)|HEAP_ALLOCATE|[61]|Bytes:5
00:00:47.0 (57562697)|HEAP_ALLOCATE|[61]|Bytes:16
00:00:47.0 (57566924)|VARIABLE_SCOPE_BEGIN|[61]|fieldname|String|false|false
00:00:47.0 (57573644)|VARIABLE_ASSIGNMENT|[61]|fieldname|"LastModifiedById"
00:00:47.0 (57576782)|STATEMENT_EXECUTE|[62]
00:00:47.0 (57579232)|HEAP_ALLOCATE|[62]|Bytes:17
00:00:47.0 (57582598)|HEAP_ALLOCATE|[62]|Bytes:84
00:00:47.0 (57587066)|VARIABLE_ASSIGNMENT|[62]|allfields|"Id,OwnerId,IsDeleted (64 more) ..."
00:00:47.0 (57593891)|HEAP_ALLOCATE|[61]|Bytes:5
00:00:47.0 (57599534)|HEAP_ALLOCATE|[61]|Bytes:14
00:00:47.0 (57604261)|VARIABLE_SCOPE_BEGIN|[61]|fieldname|String|false|false
00:00:47.0 (57611050)|VARIABLE_ASSIGNMENT|[61]|fieldname|"SystemModstamp"
00:00:47.0 (57614586)|STATEMENT_EXECUTE|[62]
00:00:47.0 (57617103)|HEAP_ALLOCATE|[62]|Bytes:15
00:00:47.0 (57620939)|HEAP_ALLOCATE|[62]|Bytes:99
00:00:47.0 (57625436)|VARIABLE_ASSIGNMENT|[62]|allfields|"Id,OwnerId,IsDeleted (79 more) ..."
00:00:47.0 (57632281)|HEAP_ALLOCATE|[61]|Bytes:5
00:00:47.0 (57638345)|HEAP_ALLOCATE|[61]|Bytes:16
00:00:47.0 (57642139)|VARIABLE_SCOPE_BEGIN|[61]|fieldname|String|false|false
00:00:47.0 (57649116)|VARIABLE_ASSIGNMENT|[61]|fieldname|"LastActivityDate"
00:00:47.0 (57652210)|STATEMENT_EXECUTE|[62]
00:00:47.0 (57654598)|HEAP_ALLOCATE|[62]|Bytes:17
00:00:47.0 (57658237)|HEAP_ALLOCATE|[62]|Bytes:116
00:00:47.0 (57662816)|VARIABLE_ASSIGNMENT|[62]|allfields|"Id,OwnerId,IsDeleted (96 more) ..."
00:00:47.0 (57669648)|HEAP_ALLOCATE|[61]|Bytes:5
00:00:47.0 (57675181)|HEAP_ALLOCATE|[61]|Bytes:14
00:00:47.0 (57679046)|VARIABLE_SCOPE_BEGIN|[61]|fieldname|String|false|false
00:00:47.0 (57685669)|VARIABLE_ASSIGNMENT|[61]|fieldname|"LastViewedDate"
00:00:47.0 (57689009)|STATEMENT_EXECUTE|[62]
00:00:47.0 (57691329)|HEAP_ALLOCATE|[62]|Bytes:15
00:00:47.0 (57694753)|HEAP_ALLOCATE|[62]|Bytes:131
00:00:47.0 (57699770)|VARIABLE_ASSIGNMENT|[62]|allfields|"Id,OwnerId,IsDeleted (111 more) ..."
00:00:47.0 (57706492)|HEAP_ALLOCATE|[61]|Bytes:5
00:00:47.0 (57712396)|HEAP_ALLOCATE|[61]|Bytes:18
00:00:47.0 (57716738)|VARIABLE_SCOPE_BEGIN|[61]|fieldname|String|false|false
00:00:47.0 (57723298)|VARIABLE_ASSIGNMENT|[61]|fieldname|"LastReferencedDate"
00:00:47.0 (57726785)|STATEMENT_EXECUTE|[62]
00:00:47.0 (57729274)|HEAP_ALLOCATE|[62]|Bytes:19
00:00:47.0 (57732809)|HEAP_ALLOCATE|[62]|Bytes:150
00:00:47.0 (57737381)|VARIABLE_ASSIGNMENT|[62]|allfields|"Id,OwnerId,IsDeleted (130 more) ..."
00:00:47.0 (57744291)|HEAP_ALLOCATE|[61]|Bytes:5
00:00:47.0 (57750158)|HEAP_ALLOCATE|[61]|Bytes:9
00:00:47.0 (57754105)|VARIABLE_SCOPE_BEGIN|[61]|fieldname|String|false|false
00:00:47.0 (57760676)|VARIABLE_ASSIGNMENT|[61]|fieldname|"Client__c"
00:00:47.0 (57763992)|STATEMENT_EXECUTE|[62]
00:00:47.0 (57766319)|HEAP_ALLOCATE|[62]|Bytes:10
00:00:47.0 (57769877)|HEAP_ALLOCATE|[62]|Bytes:160
00:00:47.0 (57774221)|VARIABLE_ASSIGNMENT|[62]|allfields|"Id,OwnerId,IsDeleted (140 more) ..."
00:00:47.0 (57780905)|HEAP_ALLOCATE|[61]|Bytes:5
00:00:47.0 (57786652)|HEAP_ALLOCATE|[61]|Bytes:15
00:00:47.0 (57790625)|VARIABLE_SCOPE_BEGIN|[61]|fieldname|String|false|false
00:00:47.0 (57797535)|VARIABLE_ASSIGNMENT|[61]|fieldname|"End_Customer__c"
00:00:47.0 (57800739)|STATEMENT_EXECUTE|[62]
00:00:47.0 (57803051)|HEAP_ALLOCATE|[62]|Bytes:16
00:00:47.0 (57806973)|HEAP_ALLOCATE|[62]|Bytes:176
00:00:47.0 (57811640)|VARIABLE_ASSIGNMENT|[62]|allfields|"Id,OwnerId,IsDeleted (156 more) ..."
00:00:47.0 (57818438)|HEAP_ALLOCATE|[61]|Bytes:5
00:00:47.0 (57824286)|HEAP_ALLOCATE|[61]|Bytes:19
00:00:47.0 (57828053)|VARIABLE_SCOPE_BEGIN|[61]|fieldname|String|false|false
00:00:47.0 (57835026)|VARIABLE_ASSIGNMENT|[61]|fieldname|"Operation_Region__c"
00:00:47.0 (57838793)|STATEMENT_EXECUTE|[62]
00:00:47.0 (57841153)|HEAP_ALLOCATE|[62]|Bytes:20
00:00:47.0 (57844723)|HEAP_ALLOCATE|[62]|Bytes:196
00:00:47.0 (57849625)|VARIABLE_ASSIGNMENT|[62]|allfields|"Id,OwnerId,IsDeleted (176 more) ..."
00:00:47.0 (57856792)|HEAP_ALLOCATE|[61]|Bytes:5
00:00:47.0 (57862899)|HEAP_ALLOCATE|[61]|Bytes:14
00:00:47.0 (57866754)|VARIABLE_SCOPE_BEGIN|[61]|fieldname|String|false|false
00:00:47.0 (57873941)|VARIABLE_ASSIGNMENT|[61]|fieldname|"Work_Region__c"
00:00:47.0 (57877030)|STATEMENT_EXECUTE|[62]
00:00:47.0 (57879403)|HEAP_ALLOCATE|[62]|Bytes:15
00:00:47.0 (57882870)|HEAP_ALLOCATE|[62]|Bytes:211
00:00:47.0 (57887701)|VARIABLE_ASSIGNMENT|[62]|allfields|"Id,OwnerId,IsDeleted (191 more) ..."
00:00:47.0 (57894215)|HEAP_ALLOCATE|[61]|Bytes:5
00:00:47.0 (57899786)|HEAP_ALLOCATE|[61]|Bytes:25
00:00:47.0 (57903565)|VARIABLE_SCOPE_BEGIN|[61]|fieldname|String|false|false
00:00:47.0 (57910906)|VARIABLE_ASSIGNMENT|[61]|fieldname|"Client_Project_Manag (5 more) ..."
00:00:47.0 (57914127)|STATEMENT_EXECUTE|[62]
00:00:47.0 (57916522)|HEAP_ALLOCATE|[62]|Bytes:26
00:00:47.0 (57920258)|HEAP_ALLOCATE|[62]|Bytes:237
00:00:47.0 (57924909)|VARIABLE_ASSIGNMENT|[62]|allfields|"Id,OwnerId,IsDeleted (217 more) ..."
00:00:47.0 (57931757)|HEAP_ALLOCATE|[61]|Bytes:5
00:00:47.0 (57937640)|HEAP_ALLOCATE|[61]|Bytes:15
00:00:47.0 (57941392)|VARIABLE_SCOPE_BEGIN|[61]|fieldname|String|false|false
00:00:47.0 (57948119)|VARIABLE_ASSIGNMENT|[61]|fieldname|"Project_code__c"
00:00:47.0 (57951824)|STATEMENT_EXECUTE|[62]
00:00:47.0 (57954579)|HEAP_ALLOCATE|[62]|Bytes:16
00:00:47.0 (57958284)|HEAP_ALLOCATE|[62]|Bytes:253
00:00:47.0 (57962804)|VARIABLE_ASSIGNMENT|[62]|allfields|"Id,OwnerId,IsDeleted (233 more) ..."
00:00:47.0 (57969717)|HEAP_ALLOCATE|[61]|Bytes:5
00:00:47.0 (57975580)|HEAP_ALLOCATE|[61]|Bytes:23
00:00:47.0 (57980087)|VARIABLE_SCOPE_BEGIN|[61]|fieldname|String|false|false
00:00:47.0 (57987055)|VARIABLE_ASSIGNMENT|[61]|fieldname|"Company_project_code (3 more) ..."
00:00:47.0 (57991020)|STATEMENT_EXECUTE|[62]
00:00:47.0 (57993420)|HEAP_ALLOCATE|[62]|Bytes:24
00:00:47.0 (57997356)|HEAP_ALLOCATE|[62]|Bytes:277
00:00:47.0 (58001688)|VARIABLE_ASSIGNMENT|[62]|allfields|"Id,OwnerId,IsDeleted (257 more) ..."
00:00:47.0 (58009271)|HEAP_ALLOCATE|[61]|Bytes:5
00:00:47.0 (58015033)|HEAP_ALLOCATE|[61]|Bytes:16
00:00:47.0 (58018744)|VARIABLE_SCOPE_BEGIN|[61]|fieldname|String|false|false
00:00:47.0 (58025376)|VARIABLE_ASSIGNMENT|[61]|fieldname|"Project_Scope__c"
00:00:47.0 (58028792)|STATEMENT_EXECUTE|[62]
00:00:47.0 (58031124)|HEAP_ALLOCATE|[62]|Bytes:17
00:00:47.0 (58034545)|HEAP_ALLOCATE|[62]|Bytes:294
00:00:47.0 (58038811)|VARIABLE_ASSIGNMENT|[62]|allfields|"Id,OwnerId,IsDeleted (274 more) ..."
00:00:47.0 (58045563)|HEAP_ALLOCATE|[61]|Bytes:5
00:00:47.0 (58051040)|HEAP_ALLOCATE|[61]|Bytes:14
00:00:47.0 (58054949)|VARIABLE_SCOPE_BEGIN|[61]|fieldname|String|false|false
00:00:47.0 (58061068)|VARIABLE_ASSIGNMENT|[61]|fieldname|"Cost_Centre__c"
00:00:47.0 (58064056)|STATEMENT_EXECUTE|[62]
00:00:47.0 (58066419)|HEAP_ALLOCATE|[62]|Bytes:15
00:00:47.0 (58070464)|HEAP_ALLOCATE|[62]|Bytes:309
00:00:47.0 (58074884)|VARIABLE_ASSIGNMENT|[62]|allfields|"Id,OwnerId,IsDeleted (289 more) ..."
00:00:47.0 (58081531)|HEAP_ALLOCATE|[61]|Bytes:5
00:00:47.0 (58086980)|HEAP_ALLOCATE|[61]|Bytes:13
00:00:47.0 (58091028)|VARIABLE_SCOPE_BEGIN|[61]|fieldname|String|false|false
00:00:47.0 (58097643)|VARIABLE_ASSIGNMENT|[61]|fieldname|"Production__c"
00:00:47.0 (58101374)|STATEMENT_EXECUTE|[62]
00:00:47.0 (58103689)|HEAP_ALLOCATE|[62]|Bytes:14
00:00:47.0 (58107416)|HEAP_ALLOCATE|[62]|Bytes:323
00:00:47.0 (58112662)|VARIABLE_ASSIGNMENT|[62]|allfields|"Id,OwnerId,IsDeleted (303 more) ..."
00:00:47.0 (58119344)|HEAP_ALLOCATE|[61]|Bytes:5
00:00:47.0 (58124971)|HEAP_ALLOCATE|[61]|Bytes:5
00:00:47.0 (58128710)|VARIABLE_SCOPE_BEGIN|[61]|fieldname|String|false|false
00:00:47.0 (58135141)|VARIABLE_ASSIGNMENT|[61]|fieldname|"QC__c"
00:00:47.0 (58138602)|STATEMENT_EXECUTE|[62]
00:00:47.0 (58140914)|HEAP_ALLOCATE|[62]|Bytes:6
00:00:47.0 (58144273)|HEAP_ALLOCATE|[62]|Bytes:329
00:00:47.0 (58149140)|VARIABLE_ASSIGNMENT|[62]|allfields|"Id,OwnerId,IsDeleted (309 more) ..."
00:00:47.0 (58155816)|HEAP_ALLOCATE|[61]|Bytes:5
00:00:47.0 (58161566)|HEAP_ALLOCATE|[61]|Bytes:11
00:00:47.0 (58165301)|VARIABLE_SCOPE_BEGIN|[61]|fieldname|String|false|false
00:00:47.0 (58171789)|VARIABLE_ASSIGNMENT|[61]|fieldname|"Delivery__c"
00:00:47.0 (58175014)|STATEMENT_EXECUTE|[62]
00:00:47.0 (58177334)|HEAP_ALLOCATE|[62]|Bytes:12
00:00:47.0 (58181368)|HEAP_ALLOCATE|[62]|Bytes:341
00:00:47.0 (58185984)|VARIABLE_ASSIGNMENT|[62]|allfields|"Id,OwnerId,IsDeleted (321 more) ..."
00:00:47.0 (58192766)|HEAP_ALLOCATE|[61]|Bytes:5
00:00:47.0 (58198354)|HEAP_ALLOCATE|[61]|Bytes:5
00:00:47.0 (58202151)|VARIABLE_SCOPE_BEGIN|[61]|fieldname|String|false|false
00:00:47.0 (58208498)|VARIABLE_ASSIGNMENT|[61]|fieldname|"QA__c"
00:00:47.0 (58212070)|STATEMENT_EXECUTE|[62]
00:00:47.0 (58214473)|HEAP_ALLOCATE|[62]|Bytes:6
00:00:47.0 (58218212)|HEAP_ALLOCATE|[62]|Bytes:347
00:00:47.0 (58222617)|VARIABLE_ASSIGNMENT|[62]|allfields|"Id,OwnerId,IsDeleted (327 more) ..."
00:00:47.0 (58229726)|HEAP_ALLOCATE|[61]|Bytes:5
00:00:47.0 (58235541)|HEAP_ALLOCATE|[61]|Bytes:25
00:00:47.0 (58239248)|VARIABLE_SCOPE_BEGIN|[61]|fieldname|String|false|false
00:00:47.0 (58246825)|VARIABLE_ASSIGNMENT|[61]|fieldname|"OffshoreProjectManag (5 more) ..."
00:00:47.0 (58250355)|STATEMENT_EXECUTE|[62]
00:00:47.0 (58252868)|HEAP_ALLOCATE|[62]|Bytes:26
00:00:47.0 (58256875)|HEAP_ALLOCATE|[62]|Bytes:373
00:00:47.0 (58261408)|VARIABLE_ASSIGNMENT|[62]|allfields|"Id,OwnerId,IsDeleted (353 more) ..."
00:00:47.0 (58268169)|HEAP_ALLOCATE|[61]|Bytes:5
00:00:47.0 (58273714)|HEAP_ALLOCATE|[61]|Bytes:12
00:00:47.0 (58277858)|VARIABLE_SCOPE_BEGIN|[61]|fieldname|String|false|false
00:00:47.0 (58284530)|VARIABLE_ASSIGNMENT|[61]|fieldname|"Team_Lead__c"
00:00:47.0 (58287991)|STATEMENT_EXECUTE|[62]
00:00:47.0 (58290367)|HEAP_ALLOCATE|[62]|Bytes:13
00:00:47.0 (58294171)|HEAP_ALLOCATE|[62]|Bytes:386
00:00:47.0 (58298473)|VARIABLE_ASSIGNMENT|[62]|allfields|"Id,OwnerId,IsDeleted (366 more) ..."
00:00:47.0 (58305255)|HEAP_ALLOCATE|[61]|Bytes:5
00:00:47.0 (58310735)|HEAP_ALLOCATE|[61]|Bytes:21
00:00:47.0 (58314646)|VARIABLE_SCOPE_BEGIN|[61]|fieldname|String|false|false
00:00:47.0 (58322139)|VARIABLE_ASSIGNMENT|[61]|fieldname|"Project_Start_Date__ (1 more) ..."
00:00:47.0 (58325662)|STATEMENT_EXECUTE|[62]
00:00:47.0 (58328078)|HEAP_ALLOCATE|[62]|Bytes:22
00:00:47.0 (58331694)|HEAP_ALLOCATE|[62]|Bytes:408
00:00:47.0 (58336516)|VARIABLE_ASSIGNMENT|[62]|allfields|"Id,OwnerId,IsDeleted (388 more) ..."
00:00:47.0 (58343332)|HEAP_ALLOCATE|[61]|Bytes:5
00:00:47.0 (58348822)|HEAP_ALLOCATE|[61]|Bytes:19
00:00:47.0 (58352883)|VARIABLE_SCOPE_BEGIN|[61]|fieldname|String|false|false
00:00:47.0 (58359666)|VARIABLE_ASSIGNMENT|[61]|fieldname|"Project_End_Date__c"
00:00:47.0 (58363202)|STATEMENT_EXECUTE|[62]
00:00:47.0 (58365650)|HEAP_ALLOCATE|[62]|Bytes:20
00:00:47.0 (58369217)|HEAP_ALLOCATE|[62]|Bytes:428
00:00:47.0 (58376567)|VARIABLE_ASSIGNMENT|[62]|allfields|"Id,OwnerId,IsDeleted (408 more) ..."
00:00:47.0 (58383907)|HEAP_ALLOCATE|[61]|Bytes:5
00:00:47.0 (58389758)|HEAP_ALLOCATE|[61]|Bytes:8
00:00:47.0 (58393776)|VARIABLE_SCOPE_BEGIN|[61]|fieldname|String|false|false
00:00:47.0 (58401405)|VARIABLE_ASSIGNMENT|[61]|fieldname|"Units__c"
00:00:47.0 (58404810)|STATEMENT_EXECUTE|[62]
00:00:47.0 (58407352)|HEAP_ALLOCATE|[62]|Bytes:9
00:00:47.0 (58411254)|HEAP_ALLOCATE|[62]|Bytes:437
00:00:47.0 (58415918)|VARIABLE_ASSIGNMENT|[62]|allfields|"Id,OwnerId,IsDeleted (417 more) ..."
00:00:47.0 (58422856)|HEAP_ALLOCATE|[61]|Bytes:5
00:00:47.0 (58428315)|HEAP_ALLOCATE|[61]|Bytes:8
00:00:47.0 (58432166)|VARIABLE_SCOPE_BEGIN|[61]|fieldname|String|false|false
00:00:47.0 (58438412)|VARIABLE_ASSIGNMENT|[61]|fieldname|"Nodes__c"
00:00:47.0 (58441479)|STATEMENT_EXECUTE|[62]
00:00:47.0 (58443837)|HEAP_ALLOCATE|[62]|Bytes:9
00:00:47.0 (58447503)|HEAP_ALLOCATE|[62]|Bytes:446
00:00:47.0 (58451872)|VARIABLE_ASSIGNMENT|[62]|allfields|"Id,OwnerId,IsDeleted (426 more) ..."
00:00:47.0 (58458588)|HEAP_ALLOCATE|[61]|Bytes:5
00:00:47.0 (58464025)|HEAP_ALLOCATE|[61]|Bytes:10
00:00:47.0 (58468022)|VARIABLE_SCOPE_BEGIN|[61]|fieldname|String|false|false
00:00:47.0 (58474535)|VARIABLE_ASSIGNMENT|[61]|fieldname|"Footage__c"
00:00:47.0 (58478358)|STATEMENT_EXECUTE|[62]
00:00:47.0 (58480797)|HEAP_ALLOCATE|[62]|Bytes:11
00:00:47.0 (58484299)|HEAP_ALLOCATE|[62]|Bytes:457
00:00:47.0 (58488690)|VARIABLE_ASSIGNMENT|[62]|allfields|"Id,OwnerId,IsDeleted (437 more) ..."
00:00:47.0 (58495734)|HEAP_ALLOCATE|[61]|Bytes:5
00:00:47.0 (58501887)|HEAP_ALLOCATE|[61]|Bytes:8
00:00:47.0 (58505782)|VARIABLE_SCOPE_BEGIN|[61]|fieldname|String|false|false
00:00:47.0 (58512296)|VARIABLE_ASSIGNMENT|[61]|fieldname|"Miles__c"
00:00:47.0 (58515686)|STATEMENT_EXECUTE|[62]
00:00:47.0 (58518050)|HEAP_ALLOCATE|[62]|Bytes:9
00:00:47.0 (58521754)|HEAP_ALLOCATE|[62]|Bytes:466
00:00:47.0 (58526305)|VARIABLE_ASSIGNMENT|[62]|allfields|"Id,OwnerId,IsDeleted (446 more) ..."
00:00:47.0 (58533121)|HEAP_ALLOCATE|[61]|Bytes:5
00:00:47.0 (58538682)|HEAP_ALLOCATE|[61]|Bytes:7
00:00:47.0 (58542569)|VARIABLE_SCOPE_BEGIN|[61]|fieldname|String|false|false
00:00:47.0 (58548524)|VARIABLE_ASSIGNMENT|[61]|fieldname|"Jobs__c"
00:00:47.0 (58551569)|STATEMENT_EXECUTE|[62]
00:00:47.0 (58554030)|HEAP_ALLOCATE|[62]|Bytes:8
00:00:47.0 (58557669)|HEAP_ALLOCATE|[62]|Bytes:474
00:00:47.0 (58562096)|VARIABLE_ASSIGNMENT|[62]|allfields|"Id,OwnerId,IsDeleted (454 more) ..."
00:00:47.0 (58568587)|HEAP_ALLOCATE|[61]|Bytes:5
00:00:47.0 (58574382)|HEAP_ALLOCATE|[61]|Bytes:8
00:00:47.0 (58578118)|VARIABLE_SCOPE_BEGIN|[61]|fieldname|String|false|false
00:00:47.0 (58584871)|VARIABLE_ASSIGNMENT|[61]|fieldname|"Hours__c"
00:00:47.0 (58587898)|STATEMENT_EXECUTE|[62]
00:00:47.0 (58590286)|HEAP_ALLOCATE|[62]|Bytes:9
00:00:47.0 (58593912)|HEAP_ALLOCATE|[62]|Bytes:483
00:00:47.0 (58598622)|VARIABLE_ASSIGNMENT|[62]|allfields|"Id,OwnerId,IsDeleted (463 more) ..."
00:00:47.0 (58605184)|HEAP_ALLOCATE|[61]|Bytes:5
00:00:47.0 (58610767)|HEAP_ALLOCATE|[61]|Bytes:7
00:00:47.0 (58614577)|VARIABLE_SCOPE_BEGIN|[61]|fieldname|String|false|false
00:00:47.0 (58621179)|VARIABLE_ASSIGNMENT|[61]|fieldname|"Team__c"
00:00:47.0 (58624240)|STATEMENT_EXECUTE|[62]
00:00:47.0 (58626594)|HEAP_ALLOCATE|[62]|Bytes:8
00:00:47.0 (58630085)|HEAP_ALLOCATE|[62]|Bytes:491
00:00:47.0 (58634503)|VARIABLE_ASSIGNMENT|[62]|allfields|"Id,OwnerId,IsDeleted (471 more) ..."
00:00:47.0 (58641566)|HEAP_ALLOCATE|[61]|Bytes:5
00:00:47.0 (58648912)|VARIABLE_ASSIGNMENT|[61]|fieldname|null
00:00:47.0 (58652964)|STATEMENT_EXECUTE|[64]
00:00:47.0 (58718110)|HEAP_ALLOCATE|[64]|Bytes:490
00:00:47.0 (58730996)|VARIABLE_ASSIGNMENT|[64]|allfields|"Id,OwnerId,IsDeleted (470 more) ..."
00:00:47.0 (58734925)|STATEMENT_EXECUTE|[66]
00:00:47.0 (58748110)|METHOD_EXIT|[16]|01p7F00000Ehro9|PM_Project_Edit_Controller.getAllFields(String)
00:00:47.0 (58756039)|HEAP_ALLOCATE|[16]|Bytes:32
00:00:47.0 (58764874)|HEAP_ALLOCATE|[16]|Bytes:529
00:00:47.0 (59369593)|SOQL_EXECUTE_BEGIN|[16]|Aggregations:0|select Id,OwnerId,IsDeleted,Name,CreatedDate,CreatedById,LastModifiedDate,LastModifiedById,SystemModstamp,LastActivityDate,LastViewedDate,LastReferencedDate,Client__c,End_Customer__c,Operation_Region__c,Work_Region__c,Client_Project_Manager__c,Project_code__c,Company_project_code__c,Project_Scope__c,Cost_Centre__c,Production__c,QC__c,Delivery__c,QA__c,OffshoreProjectManager__c,Team_Lead__c,Project_Start_Date__c,Project_End_Date__c,Units__c,Nodes__c,Footage__c,Miles__c,Jobs__c,Hours__c,Team__c from Project__c where Id = :pid
00:00:47.0 (63978266)|SOQL_EXECUTE_END|[16]|Rows:1
00:00:47.0 (64003619)|HEAP_ALLOCATE|[16]|Bytes:8
00:00:47.0 (64036012)|HEAP_ALLOCATE|[16]|Bytes:996
00:00:47.0 (64099611)|HEAP_ALLOCATE|[16]|Bytes:8
00:00:47.0 (64121488)|HEAP_ALLOCATE|[16]|Bytes:36
00:00:47.0 (64163020)|HEAP_ALLOCATE|[16]|Bytes:140
00:00:47.0 (64224882)|VARIABLE_ASSIGNMENT|[EXTERNAL]|this|{"mysObject":"0x11fe40a9","nonSelectedUserId":"(","usersList":"0x5e0a55db"}|0x7d2e6292
00:00:47.0 (64292188)|VARIABLE_ASSIGNMENT|[EXTERNAL]|value|{"Id":"a057F000002dVv5QAE","OwnerId":"0057F000000Tiz6QAC","IsDeleted":false,"Name":"tm Test","CreatedDate":"2017-12-19T10:53:33.000Z","CreatedById":"0057F000000Tiz6QAC","LastModifiedDate":"2017-12-19T11:16:32.000Z","LastModifiedById":"0057F000000Tiz6QAC","SystemModstamp":"2018-01-18T18:41:12.000Z","LastViewedDate":"2018-01-22T07:56:51.000Z","LastReferencedDate":"2018-01-22T07:56:51.000Z","Client__c":"a047F000002zkUjQAI","End_Customer__c":"tm Test","Operation_Region__c":"tm Test","Work_Region__c":"tm Test","Client_Project_Manag (5 more) ...":"tm Test","Project_code__c":"tm Test","Company_project_code (3 more) ...":"321","Project_Scope__c":"DESIGNING","Production__c":50,"QC__c":20,"Delivery__c":10,"QA__c":20,"OffshoreProjectManag (5 more) ...":"0057F000000TpcqQAC","Team_Lead__c":"0057F000000TyzfQAC","Project_Start_Date__ (1 more) ...":"2017-12-19T00:00:00.000Z","Project_End_Date__c":"2017-12-19T00:00:00.000Z","Units__c":true,"Nodes__c":true,"Footage__c":false,"Miles__c":false,"Jobs__c":false,"Hours__c":false,"Team__c":"Mani Sasank, Santhos (30 more) ..."}|0x65f76294
00:00:47.0 (64350679)|VARIABLE_ASSIGNMENT|[3]|this.mysObject|{"Id":"a057F000002dVv5QAE","OwnerId":"0057F000000Tiz6QAC","IsDeleted":false,"Name":"tm Test","CreatedDate":"2017-12-19T10:53:33.000Z","CreatedById":"0057F000000Tiz6QAC","LastModifiedDate":"2017-12-19T11:16:32.000Z","LastModifiedById":"0057F000000Tiz6QAC","SystemModstamp":"2018-01-18T18:41:12.000Z","LastViewedDate":"2018-01-22T07:56:51.000Z","LastReferencedDate":"2018-01-22T07:56:51.000Z","Client__c":"a047F000002zkUjQAI","End_Customer__c":"tm Test","Operation_Region__c":"tm Test","Work_Region__c":"tm Test","Client_Project_Manag (5 more) ...":"tm Test","Project_code__c":"tm Test","Company_project_code (3 more) ...":"321","Project_Scope__c":"DESIGNING","Production__c":50,"QC__c":20,"Delivery__c":10,"QA__c":20,"OffshoreProjectManag (5 more) ...":"0057F000000TpcqQAC","Team_Lead__c":"0057F000000TyzfQAC","Project_Start_Date__ (1 more) ...":"2017-12-19T00:00:00.000Z","Project_End_Date__c":"2017-12-19T00:00:00.000Z","Units__c":true,"Nodes__c":true,"Footage__c":false,"Miles__c":false,"Jobs__c":false,"Hours__c":false,"Team__c":"Mani Sasank, Santhos (30 more) ..."}|0x7d2e6292
00:00:47.0 (64377500)|STATEMENT_EXECUTE|[17]
00:00:47.0 (64431470)|VARIABLE_ASSIGNMENT|[EXTERNAL]|this|{"mysObject":"0x65f76294","nonSelectedUserId":"(","usersList":"0x5e0a55db"}|0x7d2e6292
00:00:47.0 (64516923)|VARIABLE_ASSIGNMENT|[EXTERNAL]|this|{"mysObject":"0x65f76294","nonSelectedUserId":"(","usersList":"0x5e0a55db"}|0x7d2e6292
00:00:47.0 (64532564)|VARIABLE_ASSIGNMENT|[EXTERNAL]|value|"tm Test"
00:00:47.0 (64543709)|VARIABLE_ASSIGNMENT|[4]|this.pName|"tm Test"|0x7d2e6292
00:00:47.0 (64553423)|STATEMENT_EXECUTE|[19]
00:00:47.0 (64557460)|HEAP_ALLOCATE|[19]|Bytes:86
00:00:47.0 (64579513)|HEAP_ALLOCATE|[19]|Bytes:4
00:00:47.0 (64596001)|HEAP_ALLOCATE|[19]|Bytes:7
00:00:47.0 (65658963)|SOQL_EXECUTE_BEGIN|[19]|Aggregations:0|SELECT Name, UserLink__c FROM ProjectJobAssociation__c WHERE ProjectLink__c = :tmpVar1
00:00:47.0 (68585761)|SOQL_EXECUTE_END|[19]|Rows:5
00:00:47.0 (68610223)|HEAP_ALLOCATE|[19]|Bytes:24
00:00:47.0 (68635342)|HEAP_ALLOCATE|[19]|Bytes:380
00:00:47.0 (68730722)|HEAP_ALLOCATE|[19]|Bytes:24
00:00:47.0 (68755115)|VARIABLE_SCOPE_BEGIN|[19]|pja|List<ProjectJobAssociation__c>|true|false
00:00:47.0 (68804492)|VARIABLE_ASSIGNMENT|[19]|pja|[{"Name":"A-0002","UserLink__c":"0057F000000TpdFQAS","Id":"a087F000009HOLTQA4"},{"Name":"A-0003","UserLink__c":"0057F000000TrBBQA0","Id":"a087F000009HOLUQA4"},{"Name":"A-0004","UserLink__c":"0057F000000TrBGQA0","Id":"a087F000009HOLVQA4"},{"Name":"A-0005","UserLink__c":"0057F000000TrBVQA0","Id":"a087F000009HOLWQA4"},{"Name":"A-0006","UserLink__c":"0057F000000Tz0iQAC","Id":"a087F000009HOLXQA4"}]|0x6902b77d
00:00:47.0 (68820689)|STATEMENT_EXECUTE|[20]
00:00:47.0 (68835797)|HEAP_ALLOCATE|[20]|Bytes:4
00:00:47.0 (68917760)|VARIABLE_ASSIGNMENT|[EXTERNAL]|this|{"mysObject":"0x65f76294","nonSelectedUserId":"(","pName":"tm Test","usersList":"0x5e0a55db"}|0x7d2e6292
00:00:47.0 (68949161)|HEAP_ALLOCATE|[EXTERNAL]|Bytes:4
00:00:47.0 (68957695)|VARIABLE_ASSIGNMENT|[EXTERNAL]|value|[]|0x3283207d
00:00:47.0 (68970587)|VARIABLE_ASSIGNMENT|[6]|this.selectedUsers|[]|0x7d2e6292
00:00:47.0 (69133070)|HEAP_ALLOCATE|[21]|Bytes:5
00:00:47.0 (69157746)|HEAP_ALLOCATE|[21]|Bytes:16
00:00:47.0 (69167135)|VARIABLE_SCOPE_BEGIN|[21]|spja|ProjectJobAssociation__c|true|false
00:00:47.0 (69182626)|VARIABLE_ASSIGNMENT|[21]|spja|{"Name":"A-0002","UserLink__c":"0057F000000TpdFQAS","Id":"a087F000009HOLTQA4"}|0x30c69e03
00:00:47.0 (69189440)|STATEMENT_EXECUTE|[21]
00:00:47.0 (69191079)|STATEMENT_EXECUTE|[22]
00:00:47.0 (69194523)|HEAP_ALLOCATE|[22]|Bytes:45
00:00:47.0 (69210160)|HEAP_ALLOCATE|[22]|Bytes:4
00:00:47.0 (70580828)|SOQL_EXECUTE_BEGIN|[22]|Aggregations:0|SELECT Id, Name FROM User WHERE Id = :tmpVar1
00:00:47.0 (74523582)|SOQL_EXECUTE_END|[22]|Rows:1
00:00:47.0 (74547098)|HEAP_ALLOCATE|[22]|Bytes:8
00:00:47.0 (74563347)|HEAP_ALLOCATE|[22]|Bytes:48
00:00:47.0 (74635169)|HEAP_ALLOCATE|[22]|Bytes:8
00:00:47.0 (74656155)|HEAP_ALLOCATE|[22]|Bytes:30
00:00:47.0 (74703130)|HEAP_ALLOCATE|[22]|Bytes:12
00:00:47.0 (74715823)|VARIABLE_SCOPE_BEGIN|[22]|user1|User|true|false
00:00:47.0 (74743526)|VARIABLE_ASSIGNMENT|[22]|user1|{"Id":"0057F000000TpdFQAS","Name":"Mani Sasank"}|0x6149b260
00:00:47.0 (74750223)|STATEMENT_EXECUTE|[23]
00:00:47.0 (74757844)|HEAP_ALLOCATE|[23]|Bytes:1
00:00:47.0 (74849093)|HEAP_ALLOCATE|[23]|Bytes:18
00:00:47.0 (74863341)|HEAP_ALLOCATE|[23]|Bytes:2
00:00:47.0 (74871799)|HEAP_ALLOCATE|[23]|Bytes:21
00:00:47.0 (74876998)|HEAP_ALLOCATE|[23]|Bytes:22
00:00:47.0 (74894066)|VARIABLE_ASSIGNMENT|[23]|this.nonSelectedUserId|"(\"0057F000000TpdFQAS (2 more) ..."|0x7d2e6292
00:00:47.0 (74899466)|STATEMENT_EXECUTE|[24]
00:00:47.0 (74955688)|VARIABLE_ASSIGNMENT|[EXTERNAL]|this|{"mysObject":"0x65f76294","nonSelectedUserId":"(\"0057F000000TpdFQAS (2 more) ...","pName":"tm Test","selectedUsers":"0x3283207d","usersList":"0x5e0a55db"}|0x7d2e6292
00:00:47.0 (74985714)|HEAP_ALLOCATE|[24]|Bytes:18
00:00:47.0 (75037729)|HEAP_ALLOCATE|[EXTERNAL]|Bytes:4
00:00:47.0 (75057843)|HEAP_ALLOCATE|[21]|Bytes:5
00:00:47.0 (75072868)|HEAP_ALLOCATE|[21]|Bytes:16
00:00:47.0 (75081500)|VARIABLE_SCOPE_BEGIN|[21]|spja|ProjectJobAssociation__c|true|false
00:00:47.0 (75096539)|VARIABLE_ASSIGNMENT|[21]|spja|{"Name":"A-0003","UserLink__c":"0057F000000TrBBQA0","Id":"a087F000009HOLUQA4"}|0x4d507596
00:00:47.0 (75102425)|STATEMENT_EXECUTE|[21]
00:00:47.0 (75103736)|STATEMENT_EXECUTE|[22]
00:00:47.0 (75116196)|HEAP_ALLOCATE|[22]|Bytes:4
00:00:47.0 (75300766)|SOQL_EXECUTE_BEGIN|[22]|Aggregations:0|SELECT Id, Name FROM User WHERE Id = :tmpVar1
00:00:47.0 (77981621)|SOQL_EXECUTE_END|[22]|Rows:1
00:00:47.0 (78001053)|HEAP_ALLOCATE|[22]|Bytes:8
00:00:47.0 (78015140)|HEAP_ALLOCATE|[22]|Bytes:45
00:00:47.0 (78048805)|HEAP_ALLOCATE|[22]|Bytes:8
00:00:47.0 (78068809)|HEAP_ALLOCATE|[22]|Bytes:12
00:00:47.0 (78075915)|VARIABLE_SCOPE_BEGIN|[22]|user1|User|true|false
00:00:47.0 (78093754)|VARIABLE_ASSIGNMENT|[22]|user1|{"Id":"0057F000000TrBBQA0","Name":"Santhosh"}|0x119e72d1
00:00:47.0 (78099655)|STATEMENT_EXECUTE|[23]
00:00:47.0 (78128841)|HEAP_ALLOCATE|[23]|Bytes:18
00:00:47.0 (78142511)|HEAP_ALLOCATE|[23]|Bytes:21
00:00:47.0 (78147113)|HEAP_ALLOCATE|[23]|Bytes:43
00:00:47.0 (78160376)|VARIABLE_ASSIGNMENT|[23]|this.nonSelectedUserId|"(\"0057F000000TpdFQAS (23 more) ..."|0x7d2e6292
00:00:47.0 (78166082)|STATEMENT_EXECUTE|[24]
00:00:47.0 (78200664)|VARIABLE_ASSIGNMENT|[EXTERNAL]|this|{"mysObject":"0x65f76294","nonSelectedUserId":"(\"0057F000000TpdFQAS (23 more) ...","pName":"tm Test","selectedUsers":"0x3283207d","usersList":"0x5e0a55db"}|0x7d2e6292
00:00:47.0 (78223077)|HEAP_ALLOCATE|[24]|Bytes:18
00:00:47.0 (78241924)|HEAP_ALLOCATE|[EXTERNAL]|Bytes:4
00:00:47.0 (78257183)|HEAP_ALLOCATE|[21]|Bytes:5
00:00:47.0 (78270965)|HEAP_ALLOCATE|[21]|Bytes:16
00:00:47.0 (78278394)|VARIABLE_SCOPE_BEGIN|[21]|spja|ProjectJobAssociation__c|true|false
00:00:47.0 (78294990)|VARIABLE_ASSIGNMENT|[21]|spja|{"Name":"A-0004","UserLink__c":"0057F000000TrBGQA0","Id":"a087F000009HOLVQA4"}|0x3c32ca0d
00:00:47.0 (78301557)|STATEMENT_EXECUTE|[21]
00:00:47.0 (78302710)|STATEMENT_EXECUTE|[22]
00:00:47.0 (78313215)|HEAP_ALLOCATE|[22]|Bytes:4
00:00:47.0 (78488769)|SOQL_EXECUTE_BEGIN|[22]|Aggregations:0|SELECT Id, Name FROM User WHERE Id = :tmpVar1
00:00:47.0 (81148469)|SOQL_EXECUTE_END|[22]|Rows:1
00:00:47.0 (81168684)|HEAP_ALLOCATE|[22]|Bytes:8
00:00:47.0 (81182715)|HEAP_ALLOCATE|[22]|Bytes:46
00:00:47.0 (81216439)|HEAP_ALLOCATE|[22]|Bytes:8
00:00:47.0 (81236701)|HEAP_ALLOCATE|[22]|Bytes:12
00:00:47.0 (81244420)|VARIABLE_SCOPE_BEGIN|[22]|user1|User|true|false
00:00:47.0 (81262278)|VARIABLE_ASSIGNMENT|[22]|user1|{"Id":"0057F000000TrBGQA0","Name":"Ravi teja"}|0x2c23dfa6
00:00:47.0 (81268284)|STATEMENT_EXECUTE|[23]
00:00:47.0 (81299182)|HEAP_ALLOCATE|[23]|Bytes:18
00:00:47.0 (81315257)|HEAP_ALLOCATE|[23]|Bytes:21
00:00:47.0 (81320599)|HEAP_ALLOCATE|[23]|Bytes:64
00:00:47.0 (81333834)|VARIABLE_ASSIGNMENT|[23]|this.nonSelectedUserId|"(\"0057F000000TpdFQAS (44 more) ..."|0x7d2e6292
00:00:47.0 (81339299)|STATEMENT_EXECUTE|[24]
00:00:47.0 (81375822)|VARIABLE_ASSIGNMENT|[EXTERNAL]|this|{"mysObject":"0x65f76294","nonSelectedUserId":"(\"0057F000000TpdFQAS (44 more) ...","pName":"tm Test","selectedUsers":"0x3283207d","usersList":"0x5e0a55db"}|0x7d2e6292
00:00:47.0 (81398229)|HEAP_ALLOCATE|[24]|Bytes:18
00:00:47.0 (81415964)|HEAP_ALLOCATE|[EXTERNAL]|Bytes:4
00:00:47.0 (81438551)|HEAP_ALLOCATE|[21]|Bytes:5
00:00:47.0 (81452467)|HEAP_ALLOCATE|[21]|Bytes:16
00:00:47.0 (81459362)|VARIABLE_SCOPE_BEGIN|[21]|spja|ProjectJobAssociation__c|true|false
00:00:47.0 (81474360)|VARIABLE_ASSIGNMENT|[21]|spja|{"Name":"A-0005","UserLink__c":"0057F000000TrBVQA0","Id":"a087F000009HOLWQA4"}|0x27f7cab8
00:00:47.0 (81480297)|STATEMENT_EXECUTE|[21]
00:00:47.0 (81481421)|STATEMENT_EXECUTE|[22]
00:00:47.0 (81493440)|HEAP_ALLOCATE|[22]|Bytes:4
00:00:47.0 (81654685)|SOQL_EXECUTE_BEGIN|[22]|Aggregations:0|SELECT Id, Name FROM User WHERE Id = :tmpVar1
00:00:47.0 (85360397)|SOQL_EXECUTE_END|[22]|Rows:1
00:00:47.0 (85381661)|HEAP_ALLOCATE|[22]|Bytes:8
00:00:47.0 (85396027)|HEAP_ALLOCATE|[22]|Bytes:46
00:00:47.0 (85434351)|HEAP_ALLOCATE|[22]|Bytes:8
00:00:47.0 (85454483)|HEAP_ALLOCATE|[22]|Bytes:12
00:00:47.0 (85461957)|VARIABLE_SCOPE_BEGIN|[22]|user1|User|true|false
00:00:47.0 (85479757)|VARIABLE_ASSIGNMENT|[22]|user1|{"Id":"0057F000000TrBVQA0","Name":"Yashwanth"}|0x20cb3a07
00:00:47.0 (85486234)|STATEMENT_EXECUTE|[23]
00:00:47.0 (85514573)|HEAP_ALLOCATE|[23]|Bytes:18
00:00:47.0 (85528353)|HEAP_ALLOCATE|[23]|Bytes:21
00:00:47.0 (85533394)|HEAP_ALLOCATE|[23]|Bytes:85
00:00:47.0 (85547521)|VARIABLE_ASSIGNMENT|[23]|this.nonSelectedUserId|"(\"0057F000000TpdFQAS (65 more) ..."|0x7d2e6292
00:00:47.0 (85556056)|STATEMENT_EXECUTE|[24]
00:00:47.0 (85600980)|VARIABLE_ASSIGNMENT|[EXTERNAL]|this|{"mysObject":"0x65f76294","nonSelectedUserId":"(\"0057F000000TpdFQAS (65 more) ...","pName":"tm Test","selectedUsers":"0x3283207d","usersList":"0x5e0a55db"}|0x7d2e6292
00:00:47.0 (85625541)|HEAP_ALLOCATE|[24]|Bytes:18
00:00:47.0 (85649722)|HEAP_ALLOCATE|[EXTERNAL]|Bytes:4
00:00:47.0 (85674101)|HEAP_ALLOCATE|[21]|Bytes:5
00:00:47.0 (85692340)|HEAP_ALLOCATE|[21]|Bytes:16
00:00:47.0 (85700069)|VARIABLE_SCOPE_BEGIN|[21]|spja|ProjectJobAssociation__c|true|false
00:00:47.0 (85716640)|VARIABLE_ASSIGNMENT|[21]|spja|{"Name":"A-0006","UserLink__c":"0057F000000Tz0iQAC","Id":"a087F000009HOLXQA4"}|0x23c56ec3
00:00:47.0 (85722620)|STATEMENT_EXECUTE|[21]
00:00:47.0 (85723919)|STATEMENT_EXECUTE|[22]
00:00:47.0 (85738403)|HEAP_ALLOCATE|[22]|Bytes:4
00:00:47.0 (85927430)|SOQL_EXECUTE_BEGIN|[22]|Aggregations:0|SELECT Id, Name FROM User WHERE Id = :tmpVar1
00:00:47.0 (88478517)|SOQL_EXECUTE_END|[22]|Rows:1
00:00:47.0 (88498318)|HEAP_ALLOCATE|[22]|Bytes:8
00:00:47.0 (88511697)|HEAP_ALLOCATE|[22]|Bytes:42
00:00:47.0 (88543141)|HEAP_ALLOCATE|[22]|Bytes:8
00:00:47.0 (88562076)|HEAP_ALLOCATE|[22]|Bytes:12
00:00:47.0 (88569612)|VARIABLE_SCOPE_BEGIN|[22]|user1|User|true|false
00:00:47.0 (88587890)|VARIABLE_ASSIGNMENT|[22]|user1|{"Id":"0057F000000Tz0iQAC","Name":"Richa"}|0x2392de2
00:00:47.0 (88594217)|STATEMENT_EXECUTE|[23]
00:00:47.0 (88622688)|HEAP_ALLOCATE|[23]|Bytes:18
00:00:47.0 (88636263)|HEAP_ALLOCATE|[23]|Bytes:21
00:00:47.0 (88641337)|HEAP_ALLOCATE|[23]|Bytes:106
00:00:47.0 (88653686)|VARIABLE_ASSIGNMENT|[23]|this.nonSelectedUserId|"(\"0057F000000TpdFQAS (86 more) ..."|0x7d2e6292
00:00:47.0 (88658963)|STATEMENT_EXECUTE|[24]
00:00:47.0 (88691695)|VARIABLE_ASSIGNMENT|[EXTERNAL]|this|{"mysObject":"0x65f76294","nonSelectedUserId":"(\"0057F000000TpdFQAS (86 more) ...","pName":"tm Test","selectedUsers":"0x3283207d","usersList":"0x5e0a55db"}|0x7d2e6292
00:00:47.0 (88711895)|HEAP_ALLOCATE|[24]|Bytes:18
00:00:47.0 (88729391)|HEAP_ALLOCATE|[EXTERNAL]|Bytes:4
00:00:47.0 (88744094)|HEAP_ALLOCATE|[21]|Bytes:5
00:00:47.0 (88757003)|VARIABLE_ASSIGNMENT|[21]|spja|null|
00:00:47.0 (88762621)|STATEMENT_EXECUTE|[26]
00:00:47.0 (88818014)|HEAP_ALLOCATE|[26]|Bytes:105
00:00:47.0 (88835369)|VARIABLE_ASSIGNMENT|[26]|this.nonSelectedUserId|"(\"0057F000000TpdFQAS (85 more) ..."|0x7d2e6292
00:00:47.0 (88840827)|STATEMENT_EXECUTE|[27]
00:00:47.0 (88844342)|HEAP_ALLOCATE|[27]|Bytes:1
00:00:47.0 (88850038)|HEAP_ALLOCATE|[27]|Bytes:106
00:00:47.0 (88856598)|VARIABLE_ASSIGNMENT|[27]|this.nonSelectedUserId|"(\"0057F000000TpdFQAS (86 more) ..."|0x7d2e6292
00:00:47.0 (88861256)|STATEMENT_EXECUTE|[28]
00:00:47.0 (88863745)|HEAP_ALLOCATE|[28]|Bytes:46
00:00:47.0 (88868365)|HEAP_ALLOCATE|[28]|Bytes:152
00:00:47.0 (88909372)|USER_DEBUG|[28]|DEBUG|----------------------------------------------("0057F000000TpdFQAS","0057F000000TrBBQA0","0057F000000TrBGQA0","0057F000000TrBVQA0","0057F000000Tz0iQAC")
00:00:47.0 (88925059)|SYSTEM_MODE_EXIT|false
00:00:47.0 (89031734)|SYSTEM_MODE_ENTER|true
00:00:47.0 (98221505)|SYSTEM_MODE_ENTER|true
00:00:47.0 (98287615)|HEAP_ALLOCATE|[EXTERNAL]|Bytes:164
00:00:47.0 (98314586)|HEAP_ALLOCATE|[EXTERNAL]|Bytes:12
00:00:47.0 (98333979)|METHOD_ENTRY|[5]|01p7F00000Ehg8E|MultiselectController.MultiselectController()
00:00:47.0 (98342441)|STATEMENT_EXECUTE|[5]
00:00:47.0 (98348845)|STATEMENT_EXECUTE|[5]
00:00:47.0 (98368054)|SYSTEM_MODE_ENTER|false
00:00:47.0 (98377160)|HEAP_ALLOCATE|[EXTERNAL]|Bytes:5
00:00:47.0 (98385559)|SYSTEM_MODE_EXIT|false
00:00:47.0 (98397663)|METHOD_EXIT|[5]|MultiselectController
00:00:47.0 (98416006)|HEAP_ALLOCATE|[EXTERNAL]|Bytes:20
00:00:47.0 (98423786)|VARIABLE_SCOPE_BEGIN|[5]|this|MultiselectController|true|false
00:00:47.0 (98469827)|VARIABLE_ASSIGNMENT|[5]|this|{}|0x7f7fa0be
00:00:47.0 (98486685)|SYSTEM_MODE_ENTER|false
00:00:47.0 (98492591)|HEAP_ALLOCATE|[EXTERNAL]|Bytes:5
00:00:47.0 (98515462)|SYSTEM_MODE_EXIT|false
00:00:47.0 (98519596)|STATEMENT_EXECUTE|[5]
00:00:47.0 (98525300)|SYSTEM_MODE_ENTER|false
00:00:47.0 (98529106)|HEAP_ALLOCATE|[EXTERNAL]|Bytes:5
00:00:47.0 (98532112)|STATEMENT_EXECUTE|[7]
00:00:47.0 (98533271)|STATEMENT_EXECUTE|[8]
00:00:47.0 (98534187)|STATEMENT_EXECUTE|[23]
00:00:47.0 (98535316)|STATEMENT_EXECUTE|[31]
00:00:47.0 (98537029)|SYSTEM_MODE_EXIT|false
00:00:47.0 (98683843)|SYSTEM_MODE_ENTER|true
00:00:47.0 (98725793)|HEAP_ALLOCATE|[EXTERNAL]|Bytes:24
00:00:47.0 (98733964)|VARIABLE_SCOPE_BEGIN|[31]|this|PM_Project_Edit_Controller|true|false
00:00:47.0 (98771735)|VARIABLE_ASSIGNMENT|[31]|this|{"mysObject":"0x65f76294","nonSelectedUserId":"(\"0057F000000TpdFQAS (86 more) ...","pName":"tm Test","selectedUsers":"0x3283207d","usersList":"0x5e0a55db"}|0x7d2e6292
00:00:47.0 (98792824)|SYSTEM_MODE_ENTER|false
00:00:47.0 (98799044)|HEAP_ALLOCATE|[32]|Bytes:5
00:00:47.0 (98803535)|STATEMENT_EXECUTE|[31]
00:00:47.0 (98804686)|STATEMENT_EXECUTE|[32]
00:00:47.0 (98807474)|HEAP_ALLOCATE|[32]|Bytes:62
00:00:47.0 (98821413)|HEAP_ALLOCATE|[32]|Bytes:4
00:00:47.0 (99098200)|SOQL_EXECUTE_BEGIN|[32]|Aggregations:0|SELECT Id, Name FROM UserRole WHERE Name = 'Software Engineer'
00:00:47.0 (102534650)|SOQL_EXECUTE_END|[32]|Rows:1
00:00:47.0 (102556751)|HEAP_ALLOCATE|[32]|Bytes:8
00:00:47.0 (102570359)|HEAP_ALLOCATE|[32]|Bytes:54
00:00:47.0 (102639057)|HEAP_ALLOCATE|[32]|Bytes:8
00:00:47.0 (102651615)|HEAP_ALLOCATE|[32]|Bytes:34
00:00:47.0 (102686968)|HEAP_ALLOCATE|[32]|Bytes:12
00:00:47.0 (102694963)|VARIABLE_SCOPE_BEGIN|[32]|userRole|UserRole|true|false
00:00:47.0 (102714353)|VARIABLE_ASSIGNMENT|[32]|userRole|{"Id":"00E7F000000MdriUAC","Name":"Software Engineer"}|0x12d388b
00:00:47.0 (102720525)|STATEMENT_EXECUTE|[33]
00:00:47.0 (102723644)|HEAP_ALLOCATE|[33]|Bytes:32
00:00:47.0 (102727708)|HEAP_ALLOCATE|[33]|Bytes:71
00:00:47.0 (102740394)|HEAP_ALLOCATE|[33]|Bytes:177
00:00:47.0 (103179631)|EXCEPTION_THROWN|[33]|System.QueryException: line 1:72 no viable alternative at character '"'
00:00:47.0 (103277966)|HEAP_ALLOCATE|[33]|Bytes:52
00:00:47.0 (103298547)|SYSTEM_MODE_EXIT|false
00:00:47.0 (103390506)|FATAL_ERROR|System.QueryException: line 1:72 no viable alternative at character '"'

Class.PM_Project_Edit_Controller.getUsersList: line 33, column 1
