36.0 APEX_CODE,FINEST;APEX_PROFILING,INFO;CALLOUT,INFO;DB,INFO;SYSTEM,DEBUG;VALIDATION,INFO;VISUALFORCE,INFO;WAVE,INFO;WORKFLOW,INFO
06:53:37.0 (316092)|USER_INFO|[EXTERNAL]|0057F000000Tiz6|ksb994@salesforce.com|Pacific Standard Time|GMT-08:00
06:53:37.0 (350073)|EXECUTION_STARTED
06:53:37.0 (354543)|CODE_UNIT_STARTED|[EXTERNAL]|0667F000004uRC1|VF: /apex/PM_Project_Edit
06:53:37.0 (878210)|VF_DESERIALIZE_VIEWSTATE_BEGIN|0667F000004uRC1
06:53:37.0 (9134238)|HEAP_ALLOCATE|[72]|Bytes:3
06:53:37.0 (9196604)|HEAP_ALLOCATE|[77]|Bytes:152
06:53:37.0 (9225385)|HEAP_ALLOCATE|[342]|Bytes:408
06:53:37.0 (9254177)|HEAP_ALLOCATE|[355]|Bytes:408
06:53:37.0 (9282808)|HEAP_ALLOCATE|[467]|Bytes:48
06:53:37.0 (9325934)|HEAP_ALLOCATE|[139]|Bytes:6
06:53:37.0 (15378840)|VF_DESERIALIZE_VIEWSTATE_END
06:53:37.0 (19890152)|SYSTEM_MODE_ENTER|true
06:53:37.0 (19933628)|HEAP_ALLOCATE|[EXTERNAL]|Bytes:140
06:53:37.0 (19943232)|HEAP_ALLOCATE|[EXTERNAL]|Bytes:20
06:53:37.0 (19947037)|HEAP_ALLOCATE|[EXTERNAL]|Bytes:2
06:53:37.0 (19956871)|METHOD_ENTRY|[1]|01p7F00000Ehro9|PM_Project_Edit_Controller.PM_Project_Edit_Controller()
06:53:37.0 (19962369)|STATEMENT_EXECUTE|[1]
06:53:37.0 (19966922)|STATEMENT_EXECUTE|[1]
06:53:37.0 (20000181)|HEAP_ALLOCATE|[50]|Bytes:5
06:53:37.0 (20027100)|HEAP_ALLOCATE|[56]|Bytes:5
06:53:37.0 (20035801)|HEAP_ALLOCATE|[64]|Bytes:7
06:53:37.0 (20060323)|SYSTEM_MODE_ENTER|false
06:53:37.0 (20073545)|HEAP_ALLOCATE|[EXTERNAL]|Bytes:5
06:53:37.0 (20082014)|SYSTEM_MODE_EXIT|false
06:53:37.0 (20088614)|METHOD_EXIT|[1]|PM_Project_Edit_Controller
06:53:37.0 (31559935)|SYSTEM_MODE_ENTER|true
06:53:37.0 (31594478)|HEAP_ALLOCATE|[EXTERNAL]|Bytes:164
06:53:37.0 (31603496)|HEAP_ALLOCATE|[EXTERNAL]|Bytes:12
06:53:37.0 (31611824)|METHOD_ENTRY|[5]|01p7F00000Ehg8E|MultiselectController.MultiselectController()
06:53:37.0 (31616434)|STATEMENT_EXECUTE|[5]
06:53:37.0 (31620215)|STATEMENT_EXECUTE|[5]
06:53:37.0 (31630491)|SYSTEM_MODE_ENTER|false
06:53:37.0 (31639106)|HEAP_ALLOCATE|[EXTERNAL]|Bytes:5
06:53:37.0 (31646214)|SYSTEM_MODE_EXIT|false
06:53:37.0 (31652971)|METHOD_EXIT|[5]|MultiselectController
06:53:37.0 (31815420)|SYSTEM_MODE_ENTER|true
06:53:37.0 (32126482)|SYSTEM_MODE_ENTER|true
06:53:37.0 (32359483)|HEAP_ALLOCATE|[EXTERNAL]|Bytes:24
06:53:37.0 (32372148)|VARIABLE_SCOPE_BEGIN|[30]|this|PM_Project_Edit_Controller|true|false
06:53:37.0 (32438282)|VARIABLE_ASSIGNMENT|[30]|this|{"nonSelectedUserId":"('0057F000000Tz0sQAC (2 more) ...","pName":"13","project":"0x2baf0f52","selectedUsers":"0x39715cec","usersList":"0x6c7a054e"}|0x667ecfe3
06:53:37.0 (32463785)|SYSTEM_MODE_ENTER|false
06:53:37.0 (32471108)|HEAP_ALLOCATE|[31]|Bytes:5
06:53:37.0 (32476497)|STATEMENT_EXECUTE|[30]
06:53:37.0 (32477758)|STATEMENT_EXECUTE|[31]
06:53:37.0 (32480906)|HEAP_ALLOCATE|[31]|Bytes:62
06:53:37.0 (32502755)|HEAP_ALLOCATE|[31]|Bytes:4
06:53:37.0 (32723447)|SOQL_EXECUTE_BEGIN|[31]|Aggregations:0|SELECT Id, Name FROM UserRole WHERE Name = 'Software Engineer'
06:53:37.0 (35611069)|SOQL_EXECUTE_END|[31]|Rows:1
06:53:37.0 (35631107)|HEAP_ALLOCATE|[31]|Bytes:8
06:53:37.0 (35645354)|HEAP_ALLOCATE|[31]|Bytes:54
06:53:37.0 (35745624)|HEAP_ALLOCATE|[31]|Bytes:8
06:53:37.0 (35760014)|HEAP_ALLOCATE|[31]|Bytes:34
06:53:37.0 (35805653)|HEAP_ALLOCATE|[31]|Bytes:12
06:53:37.0 (35814693)|VARIABLE_SCOPE_BEGIN|[31]|userRole|UserRole|true|false
06:53:37.0 (35833111)|VARIABLE_ASSIGNMENT|[31]|userRole|{"Id":"00E7F000000MdriUAC","Name":"Software Engineer"}|0x132c82ca
06:53:37.0 (35841030)|STATEMENT_EXECUTE|[32]
06:53:37.0 (35865803)|VARIABLE_SCOPE_BEGIN|[32]|userRoleId|Id|false|false
06:53:37.0 (36045105)|VARIABLE_ASSIGNMENT|[32]|userRoleId|"00E7F000000MdriUAC"
06:53:37.0 (36052528)|STATEMENT_EXECUTE|[33]
06:53:37.0 (36056658)|HEAP_ALLOCATE|[33]|Bytes:70
06:53:37.0 (36085265)|HEAP_ALLOCATE|[33]|Bytes:92
06:53:37.0 (37284189)|SOQL_EXECUTE_BEGIN|[33]|Aggregations:0|select Id,Name from User where UserRoleId =: userRoleId and Id not in ('0057F000000Tz0sQAC')
06:53:37.0 (40854336)|SOQL_EXECUTE_END|[33]|Rows:5
06:53:37.0 (40873336)|HEAP_ALLOCATE|[33]|Bytes:24
06:53:37.0 (40892635)|HEAP_ALLOCATE|[33]|Bytes:227
06:53:37.0 (40950686)|HEAP_ALLOCATE|[33]|Bytes:24
06:53:37.0 (40970870)|VARIABLE_SCOPE_BEGIN|[33]|users|List<User>|true|false
06:53:37.0 (40998857)|VARIABLE_ASSIGNMENT|[33]|users|[{"Id":"0057F000000TpdFQAS","Name":"Mani Sasank"},{"Id":"0057F000000TrBBQA0","Name":"Santhosh"},{"Id":"0057F000000TrBGQA0","Name":"Ravi teja"},{"Id":"0057F000000TrBVQA0","Name":"Yashwanth"},{"Id":"0057F000000Tz0iQAC","Name":"Richa"}]|0x2c1eb857
06:53:37.0 (41194193)|HEAP_ALLOCATE|[34]|Bytes:5
06:53:37.0 (41215819)|HEAP_ALLOCATE|[34]|Bytes:12
06:53:37.0 (41226183)|VARIABLE_SCOPE_BEGIN|[34]|usr|User|true|false
06:53:37.0 (41240629)|VARIABLE_ASSIGNMENT|[34]|usr|{"Id":"0057F000000TpdFQAS","Name":"Mani Sasank"}|0x262edeff
06:53:37.0 (41246462)|STATEMENT_EXECUTE|[34]
06:53:37.0 (41247931)|STATEMENT_EXECUTE|[35]
06:53:37.0 (41287082)|HEAP_ALLOCATE|[35]|Bytes:18
06:53:37.0 (41364908)|HEAP_ALLOCATE|[EXTERNAL]|Bytes:4
06:53:37.0 (41383914)|HEAP_ALLOCATE|[34]|Bytes:5
06:53:37.0 (41398588)|HEAP_ALLOCATE|[34]|Bytes:12
06:53:37.0 (41405655)|VARIABLE_SCOPE_BEGIN|[34]|usr|User|true|false
06:53:37.0 (41419263)|VARIABLE_ASSIGNMENT|[34]|usr|{"Id":"0057F000000TrBBQA0","Name":"Santhosh"}|0x6d4cbd20
06:53:37.0 (41425226)|STATEMENT_EXECUTE|[34]
06:53:37.0 (41426459)|STATEMENT_EXECUTE|[35]
06:53:37.0 (41436153)|HEAP_ALLOCATE|[35]|Bytes:18
06:53:37.0 (41449781)|HEAP_ALLOCATE|[EXTERNAL]|Bytes:4
06:53:37.0 (41460794)|HEAP_ALLOCATE|[34]|Bytes:5
06:53:37.0 (41469322)|HEAP_ALLOCATE|[34]|Bytes:12
06:53:37.0 (41474248)|VARIABLE_SCOPE_BEGIN|[34]|usr|User|true|false
06:53:37.0 (41485678)|VARIABLE_ASSIGNMENT|[34]|usr|{"Id":"0057F000000TrBGQA0","Name":"Ravi teja"}|0x656dac11
06:53:37.0 (41490744)|STATEMENT_EXECUTE|[34]
06:53:37.0 (41491819)|STATEMENT_EXECUTE|[35]
06:53:37.0 (41498297)|HEAP_ALLOCATE|[35]|Bytes:18
06:53:37.0 (41508744)|HEAP_ALLOCATE|[EXTERNAL]|Bytes:4
06:53:37.0 (41518307)|HEAP_ALLOCATE|[34]|Bytes:5
06:53:37.0 (41525195)|HEAP_ALLOCATE|[34]|Bytes:12
06:53:37.0 (41529342)|VARIABLE_SCOPE_BEGIN|[34]|usr|User|true|false
06:53:37.0 (41539579)|VARIABLE_ASSIGNMENT|[34]|usr|{"Id":"0057F000000TrBVQA0","Name":"Yashwanth"}|0x20ead55d
06:53:37.0 (41544486)|STATEMENT_EXECUTE|[34]
06:53:37.0 (41545477)|STATEMENT_EXECUTE|[35]
06:53:37.0 (41550765)|HEAP_ALLOCATE|[35]|Bytes:18
06:53:37.0 (41559771)|HEAP_ALLOCATE|[EXTERNAL]|Bytes:4
06:53:37.0 (41568371)|HEAP_ALLOCATE|[34]|Bytes:5
06:53:37.0 (41574833)|HEAP_ALLOCATE|[34]|Bytes:12
06:53:37.0 (41578738)|VARIABLE_SCOPE_BEGIN|[34]|usr|User|true|false
06:53:37.0 (41588685)|VARIABLE_ASSIGNMENT|[34]|usr|{"Id":"0057F000000Tz0iQAC","Name":"Richa"}|0x70e33e99
06:53:37.0 (41593200)|STATEMENT_EXECUTE|[34]
06:53:37.0 (41594164)|STATEMENT_EXECUTE|[35]
06:53:37.0 (41599407)|HEAP_ALLOCATE|[35]|Bytes:18
06:53:37.0 (41608553)|HEAP_ALLOCATE|[EXTERNAL]|Bytes:4
06:53:37.0 (41617018)|HEAP_ALLOCATE|[34]|Bytes:5
06:53:37.0 (41625978)|VARIABLE_ASSIGNMENT|[34]|usr|null|
06:53:37.0 (41630865)|STATEMENT_EXECUTE|[37]
06:53:37.0 (41637671)|SYSTEM_MODE_EXIT|false
06:53:37.0 (41760094)|SYSTEM_MODE_ENTER|true
06:53:37.0 (42052158)|HEAP_ALLOCATE|[EXTERNAL]|Bytes:44
06:53:37.0 (42063596)|HEAP_ALLOCATE|[EXTERNAL]|Bytes:20
06:53:37.0 (42088361)|VARIABLE_ASSIGNMENT|[EXTERNAL]|this.leftOptions|"List of size 10 too large to display"|0xccb22b7
06:53:37.0 (42191719)|SYSTEM_MODE_ENTER|true
06:53:37.0 (42260933)|SYSTEM_MODE_ENTER|true
06:53:37.0 (42292190)|HEAP_ALLOCATE|[EXTERNAL]|Bytes:8
06:53:37.0 (42297341)|HEAP_ALLOCATE|[EXTERNAL]|Bytes:20
06:53:37.0 (42425843)|VARIABLE_ASSIGNMENT|[EXTERNAL]|this.rightOptions|"common.apex.runtime.impl.ScalarList@90f52802"|0xccb22b7
06:53:37.0 (48354481)|SYSTEM_MODE_ENTER|true
06:53:37.0 (48435823)|SYSTEM_MODE_ENTER|true
06:53:37.0 (51311030)|SYSTEM_MODE_ENTER|true
06:53:37.0 (51370846)|HEAP_ALLOCATE|[EXTERNAL]|Bytes:20
06:53:37.0 (51378852)|HEAP_ALLOCATE|[EXTERNAL]|Bytes:60
06:53:37.0 (51414054)|VARIABLE_ASSIGNMENT|[EXTERNAL]|this|{"leftOptions":"0x6c7a054e","rightOptions":"0x39715cec"}|0xccb22b7
06:53:37.0 (51426025)|VARIABLE_ASSIGNMENT|[EXTERNAL]|value|"0057F000000TpdFQAS&M (40 more) ..."
06:53:37.0 (51444505)|SYSTEM_MODE_ENTER|false
06:53:37.0 (51452015)|HEAP_ALLOCATE|[24]|Bytes:5
06:53:37.0 (51456854)|STATEMENT_EXECUTE|[23]
06:53:37.0 (51458540)|STATEMENT_EXECUTE|[24]
06:53:37.0 (51468980)|VARIABLE_ASSIGNMENT|[24]|this.leftOptionsHidden|"0057F000000TpdFQAS&M (40 more) ..."|0xccb22b7
06:53:37.0 (51474126)|STATEMENT_EXECUTE|[25]
06:53:37.0 (51536374)|VARIABLE_ASSIGNMENT|[EXTERNAL]|this|{"leftOptions":"0x6c7a054e","leftOptionsHidden":"0057F000000TpdFQAS&M (40 more) ...","rightOptions":"0x39715cec"}|0xccb22b7
06:53:37.0 (51568831)|METHOD_ENTRY|[25]|01p7F00000Ehg8E|MultiselectController.setOptions(List<System.SelectOption>, String)
06:53:37.0 (51575961)|VARIABLE_SCOPE_BEGIN|[12]|this|MultiselectController|true|false
06:53:37.0 (51593477)|VARIABLE_ASSIGNMENT|[12]|this|{"leftOptions":"0x6c7a054e","leftOptionsHidden":"0057F000000TpdFQAS&M (40 more) ...","rightOptions":"0x39715cec"}|0xccb22b7
06:53:37.0 (51599715)|VARIABLE_SCOPE_BEGIN|[12]|options|List<System.SelectOption>|true|false
06:53:37.0 (51608736)|VARIABLE_ASSIGNMENT|[12]|options|"List of size 10 too large to display"|0x6c7a054e
06:53:37.0 (51613734)|VARIABLE_SCOPE_BEGIN|[12]|value|String|false|false
06:53:37.0 (51620428)|VARIABLE_ASSIGNMENT|[12]|value|"0057F000000TpdFQAS&M (40 more) ..."
06:53:37.0 (51636217)|HEAP_ALLOCATE|[13]|Bytes:5
06:53:37.0 (51641057)|STATEMENT_EXECUTE|[12]
06:53:37.0 (51642316)|STATEMENT_EXECUTE|[13]
06:53:37.0 (51673236)|STATEMENT_EXECUTE|[14]
06:53:37.0 (51677151)|HEAP_ALLOCATE|[14]|Bytes:1
06:53:37.0 (51754902)|HEAP_ALLOCATE|[14]|Bytes:18
06:53:37.0 (51760416)|HEAP_ALLOCATE|[14]|Bytes:13
06:53:37.0 (51762797)|HEAP_ALLOCATE|[14]|Bytes:18
06:53:37.0 (51765000)|HEAP_ALLOCATE|[14]|Bytes:8
06:53:37.0 (51768579)|HEAP_ALLOCATE|[14]|Bytes:20
06:53:37.0 (51785917)|VARIABLE_SCOPE_BEGIN|[14]|parts|List<String>|true|false
06:53:37.0 (51812112)|HEAP_ALLOCATE|[EXTERNAL]|Bytes:20
06:53:37.0 (51823208)|VARIABLE_ASSIGNMENT|[14]|parts|["0057F000000TpdFQAS","Mani%20Sasank","0057F000000TrBBQA0","Santhosh"]|0x7021bd2a
06:53:37.0 (51830636)|STATEMENT_EXECUTE|[15]
06:53:37.0 (51836585)|VARIABLE_SCOPE_BEGIN|[15]|i|Integer|false|false
06:53:37.0 (51846586)|HEAP_ALLOCATE|[15]|Bytes:4
06:53:37.0 (51853191)|VARIABLE_ASSIGNMENT|[15]|i|0
06:53:37.0 (51883479)|STATEMENT_EXECUTE|[15]
06:53:37.0 (51885197)|STATEMENT_EXECUTE|[16]
06:53:37.0 (51894680)|HEAP_ALLOCATE|[16]|Bytes:18
06:53:37.0 (51900626)|HEAP_ALLOCATE|[16]|Bytes:5
06:53:37.0 (51945644)|HEAP_ALLOCATE|[16]|Bytes:15
06:53:37.0 (51957377)|SYSTEM_METHOD_ENTRY|[1]|EncodingUtil.EncodingUtil()
06:53:37.0 (51960467)|STATEMENT_EXECUTE|[1]
06:53:37.0 (51967576)|SYSTEM_METHOD_EXIT|[1]|EncodingUtil
06:53:37.0 (51980969)|METHOD_ENTRY|[16]||System.EncodingUtil.urlDecode(String, String)
06:53:37.0 (52033211)|METHOD_EXIT|[16]||System.EncodingUtil.urlDecode(String, String)
06:53:37.0 (52044516)|HEAP_ALLOCATE|[17]|Bytes:13
06:53:37.0 (52053084)|METHOD_ENTRY|[17]||System.EncodingUtil.urlDecode(String, String)
06:53:37.0 (52079842)|METHOD_EXIT|[17]||System.EncodingUtil.urlDecode(String, String)
06:53:37.0 (52103790)|HEAP_ALLOCATE|[EXTERNAL]|Bytes:4
06:53:37.0 (52110748)|HEAP_ALLOCATE|[15]|Bytes:4
06:53:37.0 (52117708)|VARIABLE_ASSIGNMENT|[15]|i|1
06:53:37.0 (52128897)|STATEMENT_EXECUTE|[15]
06:53:37.0 (52130097)|STATEMENT_EXECUTE|[16]
06:53:37.0 (52134546)|HEAP_ALLOCATE|[16]|Bytes:18
06:53:37.0 (52140787)|METHOD_ENTRY|[16]||System.EncodingUtil.urlDecode(String, String)
06:53:37.0 (52158629)|METHOD_EXIT|[16]||System.EncodingUtil.urlDecode(String, String)
06:53:37.0 (52163788)|HEAP_ALLOCATE|[17]|Bytes:8
06:53:37.0 (52168514)|METHOD_ENTRY|[17]||System.EncodingUtil.urlDecode(String, String)
06:53:37.0 (52180967)|METHOD_EXIT|[17]||System.EncodingUtil.urlDecode(String, String)
06:53:37.0 (52189319)|HEAP_ALLOCATE|[EXTERNAL]|Bytes:4
06:53:37.0 (52193844)|HEAP_ALLOCATE|[15]|Bytes:4
06:53:37.0 (52198958)|VARIABLE_ASSIGNMENT|[15]|i|2
06:53:37.0 (52214225)|METHOD_EXIT|[25]|01p7F00000Ehg8E|MultiselectController.setOptions(List<System.SelectOption>, String)
06:53:37.0 (52220179)|SYSTEM_MODE_EXIT|false
06:53:37.0 (52283309)|SYSTEM_MODE_ENTER|true
06:53:37.0 (52327916)|HEAP_ALLOCATE|[EXTERNAL]|Bytes:20
06:53:37.0 (52333894)|HEAP_ALLOCATE|[EXTERNAL]|Bytes:111
06:53:37.0 (52360198)|VARIABLE_ASSIGNMENT|[EXTERNAL]|this|{"leftOptions":"0x6c7a054e","leftOptionsHidden":"0057F000000TpdFQAS&M (40 more) ...","rightOptions":"0x39715cec"}|0xccb22b7
06:53:37.0 (52370329)|VARIABLE_ASSIGNMENT|[EXTERNAL]|value|"0057F000000Tz0sQAC&V (91 more) ..."
06:53:37.0 (52386138)|SYSTEM_MODE_ENTER|false
06:53:37.0 (52392534)|HEAP_ALLOCATE|[32]|Bytes:5
06:53:37.0 (52396981)|STATEMENT_EXECUTE|[31]
06:53:37.0 (52398283)|STATEMENT_EXECUTE|[32]
06:53:37.0 (52407202)|VARIABLE_ASSIGNMENT|[32]|this.rightOptionsHidden|"0057F000000Tz0sQAC&V (91 more) ..."|0xccb22b7
06:53:37.0 (52412078)|STATEMENT_EXECUTE|[33]
06:53:37.0 (52449350)|VARIABLE_ASSIGNMENT|[EXTERNAL]|this|{"leftOptions":"0x6c7a054e","leftOptionsHidden":"0057F000000TpdFQAS&M (40 more) ...","rightOptions":"0x39715cec","rightOptionsHidden":"0057F000000Tz0sQAC&V (91 more) ..."}|0xccb22b7
06:53:37.0 (52468010)|METHOD_ENTRY|[33]|01p7F00000Ehg8E|MultiselectController.setOptions(List<System.SelectOption>, String)
06:53:37.0 (52473395)|VARIABLE_SCOPE_BEGIN|[12]|this|MultiselectController|true|false
06:53:37.0 (52491772)|VARIABLE_ASSIGNMENT|[12]|this|{"leftOptions":"0x6c7a054e","leftOptionsHidden":"0057F000000TpdFQAS&M (40 more) ...","rightOptions":"0x39715cec","rightOptionsHidden":"0057F000000Tz0sQAC&V (91 more) ..."}|0xccb22b7
06:53:37.0 (52497766)|VARIABLE_SCOPE_BEGIN|[12]|options|List<System.SelectOption>|true|false
06:53:37.0 (52596617)|VARIABLE_ASSIGNMENT|[12]|options|"common.apex.runtime.impl.ScalarList@90f52802"|0x39715cec
06:53:37.0 (52604463)|VARIABLE_SCOPE_BEGIN|[12]|value|String|false|false
06:53:37.0 (52613159)|VARIABLE_ASSIGNMENT|[12]|value|"0057F000000Tz0sQAC&V (91 more) ..."
06:53:37.0 (52630630)|HEAP_ALLOCATE|[13]|Bytes:5
06:53:37.0 (52635387)|STATEMENT_EXECUTE|[12]
06:53:37.0 (52636578)|STATEMENT_EXECUTE|[13]
06:53:37.0 (52646695)|STATEMENT_EXECUTE|[14]
06:53:37.0 (52673125)|HEAP_ALLOCATE|[14]|Bytes:18
06:53:37.0 (52677409)|HEAP_ALLOCATE|[14]|Bytes:7
06:53:37.0 (52679698)|HEAP_ALLOCATE|[14]|Bytes:18
06:53:37.0 (52681849)|HEAP_ALLOCATE|[14]|Bytes:11
06:53:37.0 (52684469)|HEAP_ALLOCATE|[14]|Bytes:18
06:53:37.0 (52686618)|HEAP_ALLOCATE|[14]|Bytes:9
06:53:37.0 (52689247)|HEAP_ALLOCATE|[14]|Bytes:18
06:53:37.0 (52691357)|HEAP_ALLOCATE|[14]|Bytes:5
06:53:37.0 (52694166)|HEAP_ALLOCATE|[14]|Bytes:36
06:53:37.0 (52704172)|VARIABLE_SCOPE_BEGIN|[14]|parts|List<String>|true|false
06:53:37.0 (52724485)|HEAP_ALLOCATE|[EXTERNAL]|Bytes:36
06:53:37.0 (52732613)|VARIABLE_ASSIGNMENT|[14]|parts|"List of size 8 too large to display"|0x199ab459
06:53:37.0 (52738574)|STATEMENT_EXECUTE|[15]
06:53:37.0 (52741614)|VARIABLE_SCOPE_BEGIN|[15]|i|Integer|false|false
06:53:37.0 (52747274)|HEAP_ALLOCATE|[15]|Bytes:4
06:53:37.0 (52752668)|VARIABLE_ASSIGNMENT|[15]|i|0
06:53:37.0 (52764750)|STATEMENT_EXECUTE|[15]
06:53:37.0 (52765898)|STATEMENT_EXECUTE|[16]
06:53:37.0 (52771368)|HEAP_ALLOCATE|[16]|Bytes:18
06:53:37.0 (52784786)|METHOD_ENTRY|[16]||System.EncodingUtil.urlDecode(String, String)
06:53:37.0 (52807080)|METHOD_EXIT|[16]||System.EncodingUtil.urlDecode(String, String)
06:53:37.0 (52813032)|HEAP_ALLOCATE|[17]|Bytes:7
06:53:37.0 (52817995)|METHOD_ENTRY|[17]||System.EncodingUtil.urlDecode(String, String)
06:53:37.0 (52831524)|METHOD_EXIT|[17]||System.EncodingUtil.urlDecode(String, String)
06:53:37.0 (52843421)|HEAP_ALLOCATE|[EXTERNAL]|Bytes:4
06:53:37.0 (52848952)|HEAP_ALLOCATE|[15]|Bytes:4
06:53:37.0 (52854457)|VARIABLE_ASSIGNMENT|[15]|i|1
06:53:37.0 (52864451)|STATEMENT_EXECUTE|[15]
06:53:37.0 (52865648)|STATEMENT_EXECUTE|[16]
06:53:37.0 (52869314)|HEAP_ALLOCATE|[16]|Bytes:18
06:53:37.0 (52875235)|METHOD_ENTRY|[16]||System.EncodingUtil.urlDecode(String, String)
06:53:37.0 (52890988)|METHOD_EXIT|[16]||System.EncodingUtil.urlDecode(String, String)
06:53:37.0 (52895857)|HEAP_ALLOCATE|[17]|Bytes:11
06:53:37.0 (52900328)|METHOD_ENTRY|[17]||System.EncodingUtil.urlDecode(String, String)
06:53:37.0 (52914028)|METHOD_EXIT|[17]||System.EncodingUtil.urlDecode(String, String)
06:53:37.0 (52921614)|HEAP_ALLOCATE|[EXTERNAL]|Bytes:4
06:53:37.0 (52926676)|HEAP_ALLOCATE|[15]|Bytes:4
06:53:37.0 (52931215)|VARIABLE_ASSIGNMENT|[15]|i|2
06:53:37.0 (52940157)|STATEMENT_EXECUTE|[15]
06:53:37.0 (52941270)|STATEMENT_EXECUTE|[16]
06:53:37.0 (52944518)|HEAP_ALLOCATE|[16]|Bytes:18
06:53:37.0 (52949707)|METHOD_ENTRY|[16]||System.EncodingUtil.urlDecode(String, String)
06:53:37.0 (52963776)|METHOD_EXIT|[16]||System.EncodingUtil.urlDecode(String, String)
06:53:37.0 (52967976)|HEAP_ALLOCATE|[17]|Bytes:9
06:53:37.0 (52972297)|METHOD_ENTRY|[17]||System.EncodingUtil.urlDecode(String, String)
06:53:37.0 (52984898)|METHOD_EXIT|[17]||System.EncodingUtil.urlDecode(String, String)
06:53:37.0 (52991497)|HEAP_ALLOCATE|[EXTERNAL]|Bytes:4
06:53:37.0 (52996031)|HEAP_ALLOCATE|[15]|Bytes:4
06:53:37.0 (53000282)|VARIABLE_ASSIGNMENT|[15]|i|3
06:53:37.0 (53009552)|STATEMENT_EXECUTE|[15]
06:53:37.0 (53010721)|STATEMENT_EXECUTE|[16]
06:53:37.0 (53013703)|HEAP_ALLOCATE|[16]|Bytes:18
06:53:37.0 (53018963)|METHOD_ENTRY|[16]||System.EncodingUtil.urlDecode(String, String)
06:53:37.0 (53032925)|METHOD_EXIT|[16]||System.EncodingUtil.urlDecode(String, String)
06:53:37.0 (53037286)|HEAP_ALLOCATE|[17]|Bytes:5
06:53:37.0 (53041657)|METHOD_ENTRY|[17]||System.EncodingUtil.urlDecode(String, String)
06:53:37.0 (53053729)|METHOD_EXIT|[17]||System.EncodingUtil.urlDecode(String, String)
06:53:37.0 (53060465)|HEAP_ALLOCATE|[EXTERNAL]|Bytes:4
06:53:37.0 (53064972)|HEAP_ALLOCATE|[15]|Bytes:4
06:53:37.0 (53069255)|VARIABLE_ASSIGNMENT|[15]|i|4
06:53:37.0 (53082559)|METHOD_EXIT|[33]|01p7F00000Ehg8E|MultiselectController.setOptions(List<System.SelectOption>, String)
06:53:37.0 (53088546)|SYSTEM_MODE_EXIT|false
06:53:37.0 (53199096)|SYSTEM_MODE_ENTER|true
06:53:37.0 (53236607)|HEAP_ALLOCATE|[EXTERNAL]|Bytes:12
06:53:37.0 (53241676)|HEAP_ALLOCATE|[EXTERNAL]|Bytes:20
06:53:37.0 (53316466)|VARIABLE_ASSIGNMENT|[EXTERNAL]|this.leftOptions|"common.apex.runtime.impl.ScalarList@42e811b8"|0xccb22b7
06:53:37.0 (53411342)|SYSTEM_MODE_ENTER|true
06:53:37.0 (53447973)|HEAP_ALLOCATE|[EXTERNAL]|Bytes:20
06:53:37.0 (53452526)|HEAP_ALLOCATE|[EXTERNAL]|Bytes:20
06:53:37.0 (53518026)|VARIABLE_ASSIGNMENT|[EXTERNAL]|this.rightOptions|"common.apex.runtime.impl.ScalarList@fe6c9028"|0xccb22b7
06:53:37.0 (54498158)|HEAP_ALLOCATE|[EXTERNAL]|Bytes:24
06:53:37.0 (54509737)|VARIABLE_SCOPE_BEGIN|[40]|this|PM_Project_Edit_Controller|true|false
06:53:37.0 (54542807)|VARIABLE_ASSIGNMENT|[40]|this|{"nonSelectedUserId":"('0057F000000Tz0sQAC (2 more) ...","pName":"13","project":"0x2baf0f52","selectedUsers":"0x39715cec","usersList":"0x6c7a054e"}|0x667ecfe3
06:53:37.0 (54562570)|SYSTEM_MODE_ENTER|false
06:53:37.0 (54570526)|HEAP_ALLOCATE|[41]|Bytes:5
06:53:37.0 (54575939)|STATEMENT_EXECUTE|[40]
06:53:37.0 (54577369)|STATEMENT_EXECUTE|[41]
06:53:37.0 (54580582)|HEAP_ALLOCATE|[41]|Bytes:14
06:53:37.0 (54626153)|VARIABLE_ASSIGNMENT|[EXTERNAL]|this|{"nonSelectedUserId":"('0057F000000Tz0sQAC (2 more) ...","pName":"13","project":"0x2baf0f52","selectedUsers":"0x39715cec","usersList":"0x6c7a054e"}|0x667ecfe3
06:53:37.0 (54828258)|HEAP_ALLOCATE|[41]|Bytes:876
06:53:37.0 (54853487)|HEAP_ALLOCATE|[41]|Bytes:890
06:53:37.0 (54874603)|USER_DEBUG|[41]|DEBUG|--------------Project__c:{Id=a057F0000039WImQAM, OwnerId=0057F000000Tiz6QAC, IsDeleted=false, Name=13, CreatedDate=2018-01-22 13:31:57, CreatedById=0057F000000Tiz6QAC, LastModifiedDate=2018-01-22 14:23:18, LastModifiedById=0057F000000Tiz6QAC, SystemModstamp=2018-01-22 14:23:18, LastViewedDate=2018-01-22 14:53:23, LastReferencedDate=2018-01-22 14:53:23, Client__c=a047F000002zkUUQAY, End_Customer__c=35, Operation_Region__c=432, Work_Region__c=132, Client_Project_Manager__c=135, Project_code__c=43, Company_project_code__c=135, Project_Scope__c=ASBUILT, Cost_Centre__c=3, Production__c=20, QC__c=30, Delivery__c=50, OffshoreProjectManager__c=0057F000000TpcqQAC, Team_Lead__c=0057F000000TyzGQAS, Project_Start_Date__c=2018-01-22 00:00:00, Project_End_Date__c=2018-01-22 00:00:00, Units__c=true, Nodes__c=true, Footage__c=false, Miles__c=false, Jobs__c=true, Hours__c=true, Team__c=Veeresh}
06:53:37.0 (54895252)|STATEMENT_EXECUTE|[42]
06:53:37.0 (54898400)|HEAP_ALLOCATE|[42]|Bytes:2
06:53:37.0 (54938133)|VARIABLE_ASSIGNMENT|[EXTERNAL]|this|{"nonSelectedUserId":"('0057F000000Tz0sQAC (2 more) ...","pName":"13","project":"0x2baf0f52","selectedUsers":"0x39715cec","usersList":"0x6c7a054e"}|0x667ecfe3
06:53:37.0 (54999256)|VARIABLE_ASSIGNMENT|[42]|this.Team__c|"  "|0x2baf0f52
06:53:37.0 (55043341)|VARIABLE_ASSIGNMENT|[EXTERNAL]|this|{"nonSelectedUserId":"('0057F000000Tz0sQAC (2 more) ...","pName":"13","project":"0x2baf0f52","selectedUsers":"0x39715cec","usersList":"0x6c7a054e"}|0x667ecfe3
06:53:37.0 (55083650)|HEAP_ALLOCATE|[43]|Bytes:5
06:53:37.0 (55099638)|HEAP_ALLOCATE|[43]|Bytes:25
06:53:37.0 (55107812)|VARIABLE_SCOPE_BEGIN|[43]|sc|System.SelectOption|true|false
06:53:37.0 (55186339)|VARIABLE_ASSIGNMENT|[43]|sc|"common.apex.runtime.impl.ApexSelectOptionValue@90f527e3"|0x730a733d
06:53:37.0 (55195080)|STATEMENT_EXECUTE|[43]
06:53:37.0 (55196465)|STATEMENT_EXECUTE|[44]
06:53:37.0 (55231245)|VARIABLE_ASSIGNMENT|[EXTERNAL]|this|{"nonSelectedUserId":"('0057F000000Tz0sQAC (2 more) ...","pName":"13","project":"0x2baf0f52","selectedUsers":"0x39715cec","usersList":"0x6c7a054e"}|0x667ecfe3
06:53:37.0 (55280373)|HEAP_ALLOCATE|[44]|Bytes:7
06:53:37.0 (55289086)|HEAP_ALLOCATE|[44]|Bytes:2
06:53:37.0 (55295836)|HEAP_ALLOCATE|[44]|Bytes:9
06:53:37.0 (55300043)|HEAP_ALLOCATE|[44]|Bytes:11
06:53:37.0 (55323102)|VARIABLE_ASSIGNMENT|[EXTERNAL]|this|{"nonSelectedUserId":"('0057F000000Tz0sQAC (2 more) ...","pName":"13","project":"0x2baf0f52","selectedUsers":"0x39715cec","usersList":"0x6c7a054e"}|0x667ecfe3
06:53:37.0 (55363658)|VARIABLE_ASSIGNMENT|[44]|this.Team__c|"  Veeresh, "|0x2baf0f52
06:53:37.0 (55380406)|HEAP_ALLOCATE|[43]|Bytes:5
06:53:37.0 (55391139)|HEAP_ALLOCATE|[43]|Bytes:27
06:53:37.0 (55397822)|VARIABLE_SCOPE_BEGIN|[43]|sc|System.SelectOption|true|false
06:53:37.0 (55460647)|VARIABLE_ASSIGNMENT|[43]|sc|"common.apex.runtime.impl.ApexSelectOptionValue@4bc8874e"|0x78b9895b
06:53:37.0 (55468658)|STATEMENT_EXECUTE|[43]
06:53:37.0 (55469917)|STATEMENT_EXECUTE|[44]
06:53:37.0 (55495425)|VARIABLE_ASSIGNMENT|[EXTERNAL]|this|{"nonSelectedUserId":"('0057F000000Tz0sQAC (2 more) ...","pName":"13","project":"0x2baf0f52","selectedUsers":"0x39715cec","usersList":"0x6c7a054e"}|0x667ecfe3
06:53:37.0 (55515373)|HEAP_ALLOCATE|[44]|Bytes:9
06:53:37.0 (55524129)|HEAP_ALLOCATE|[44]|Bytes:11
06:53:37.0 (55527798)|HEAP_ALLOCATE|[44]|Bytes:22
06:53:37.0 (55546647)|VARIABLE_ASSIGNMENT|[EXTERNAL]|this|{"nonSelectedUserId":"('0057F000000Tz0sQAC (2 more) ...","pName":"13","project":"0x2baf0f52","selectedUsers":"0x39715cec","usersList":"0x6c7a054e"}|0x667ecfe3
06:53:37.0 (55585794)|VARIABLE_ASSIGNMENT|[44]|this.Team__c|"  Veeresh, Ravi teja (2 more) ..."|0x2baf0f52
06:53:37.0 (55601729)|HEAP_ALLOCATE|[43]|Bytes:5
06:53:37.0 (55611640)|HEAP_ALLOCATE|[43]|Bytes:27
06:53:37.0 (55617790)|VARIABLE_SCOPE_BEGIN|[43]|sc|System.SelectOption|true|false
06:53:37.0 (55675868)|VARIABLE_ASSIGNMENT|[43]|sc|"common.apex.runtime.impl.ApexSelectOptionValue@20b5cc0a"|0x460c5cb7
06:53:37.0 (55683647)|STATEMENT_EXECUTE|[43]
06:53:37.0 (55684924)|STATEMENT_EXECUTE|[44]
06:53:37.0 (55709456)|VARIABLE_ASSIGNMENT|[EXTERNAL]|this|{"nonSelectedUserId":"('0057F000000Tz0sQAC (2 more) ...","pName":"13","project":"0x2baf0f52","selectedUsers":"0x39715cec","usersList":"0x6c7a054e"}|0x667ecfe3
06:53:37.0 (55727892)|HEAP_ALLOCATE|[44]|Bytes:9
06:53:37.0 (55735313)|HEAP_ALLOCATE|[44]|Bytes:11
06:53:37.0 (55738875)|HEAP_ALLOCATE|[44]|Bytes:33
06:53:37.0 (55756945)|VARIABLE_ASSIGNMENT|[EXTERNAL]|this|{"nonSelectedUserId":"('0057F000000Tz0sQAC (2 more) ...","pName":"13","project":"0x2baf0f52","selectedUsers":"0x39715cec","usersList":"0x6c7a054e"}|0x667ecfe3
06:53:37.0 (55801140)|VARIABLE_ASSIGNMENT|[44]|this.Team__c|"  Veeresh, Ravi teja (13 more) ..."|0x2baf0f52
06:53:37.0 (55816566)|HEAP_ALLOCATE|[43]|Bytes:5
06:53:37.0 (55826597)|HEAP_ALLOCATE|[43]|Bytes:23
06:53:37.0 (55832263)|VARIABLE_SCOPE_BEGIN|[43]|sc|System.SelectOption|true|false
06:53:37.0 (55893558)|VARIABLE_ASSIGNMENT|[43]|sc|"common.apex.runtime.impl.ApexSelectOptionValue@ab8a2e66"|0x6fdcda59
06:53:37.0 (55902259)|STATEMENT_EXECUTE|[43]
06:53:37.0 (55903434)|STATEMENT_EXECUTE|[44]
06:53:37.0 (55928220)|VARIABLE_ASSIGNMENT|[EXTERNAL]|this|{"nonSelectedUserId":"('0057F000000Tz0sQAC (2 more) ...","pName":"13","project":"0x2baf0f52","selectedUsers":"0x39715cec","usersList":"0x6c7a054e"}|0x667ecfe3
06:53:37.0 (55946988)|HEAP_ALLOCATE|[44]|Bytes:5
06:53:37.0 (55954685)|HEAP_ALLOCATE|[44]|Bytes:7
06:53:37.0 (55958211)|HEAP_ALLOCATE|[44]|Bytes:40
06:53:37.0 (55976392)|VARIABLE_ASSIGNMENT|[EXTERNAL]|this|{"nonSelectedUserId":"('0057F000000Tz0sQAC (2 more) ...","pName":"13","project":"0x2baf0f52","selectedUsers":"0x39715cec","usersList":"0x6c7a054e"}|0x667ecfe3
06:53:37.0 (56012408)|VARIABLE_ASSIGNMENT|[44]|this.Team__c|"  Veeresh, Ravi teja (20 more) ..."|0x2baf0f52
06:53:37.0 (56028392)|HEAP_ALLOCATE|[43]|Bytes:5
06:53:37.0 (56038370)|VARIABLE_ASSIGNMENT|[43]|sc|null|
06:53:37.0 (56043113)|STATEMENT_EXECUTE|[46]
06:53:37.0 (56072025)|VARIABLE_ASSIGNMENT|[EXTERNAL]|this|{"nonSelectedUserId":"('0057F000000Tz0sQAC (2 more) ...","pName":"13","project":"0x2baf0f52","selectedUsers":"0x39715cec","usersList":"0x6c7a054e"}|0x667ecfe3
06:53:37.0 (56098686)|VARIABLE_ASSIGNMENT|[EXTERNAL]|this|{"nonSelectedUserId":"('0057F000000Tz0sQAC (2 more) ...","pName":"13","project":"0x2baf0f52","selectedUsers":"0x39715cec","usersList":"0x6c7a054e"}|0x667ecfe3
06:53:37.0 (56142082)|HEAP_ALLOCATE|[46]|Bytes:38
06:53:37.0 (56168786)|VARIABLE_ASSIGNMENT|[EXTERNAL]|this|{"nonSelectedUserId":"('0057F000000Tz0sQAC (2 more) ...","pName":"13","project":"0x2baf0f52","selectedUsers":"0x39715cec","usersList":"0x6c7a054e"}|0x667ecfe3
06:53:37.0 (56204607)|VARIABLE_ASSIGNMENT|[46]|this.Team__c|"  Veeresh, Ravi teja (18 more) ..."|0x2baf0f52
06:53:37.0 (56210614)|STATEMENT_EXECUTE|[48]
06:53:37.0 (56211767)|STATEMENT_EXECUTE|[48]
06:53:37.0 (56212792)|STATEMENT_EXECUTE|[49]
06:53:37.0 (56240305)|VARIABLE_ASSIGNMENT|[EXTERNAL]|this|{"nonSelectedUserId":"('0057F000000Tz0sQAC (2 more) ...","pName":"13","project":"0x2baf0f52","selectedUsers":"0x39715cec","usersList":"0x6c7a054e"}|0x667ecfe3
06:53:37.0 (56278025)|HEAP_ALLOCATE|[49]|Bytes:8
06:53:37.0 (56289221)|DML_BEGIN|[49]|Op:Upsert|Type:Project__c|Rows:1
06:53:37.0 (56315596)|HEAP_ALLOCATE|[EXTERNAL]|Bytes:8
06:53:37.0 (64344474)|CODE_UNIT_STARTED|[EXTERNAL]|Validation:Project:a057F0000039WIm
06:53:37.0 (64356516)|VALIDATION_RULE|03d7F0000009D2R|totalpercentage
06:53:37.0 (64650362)|VALIDATION_FORMULA|( IF( ISBLANK(Delivery__c) , 0, Delivery__c)
  +  
IF( ISBLANK(Production__c) , 0, Production__c)
  +
IF( ISBLANK(QC__c) , 0, QC__c)  
 +
IF( ISBLANK(QA__c) , 0, QA__c)
 ) != 100|Delivery__c=50 , QC__c=30 , QA__c=null , Production__c=20
06:53:37.0 (64660113)|VALIDATION_PASS
06:53:37.0 (64713695)|CODE_UNIT_FINISHED|Validation:Project:a057F0000039WIm
06:53:37.0 (78581676)|DML_END|[49]
06:53:37.0 (78599346)|STATEMENT_EXECUTE|[55]
06:53:37.0 (78605602)|HEAP_ALLOCATE|[55]|Bytes:71
06:53:37.0 (78628933)|HEAP_ALLOCATE|[55]|Bytes:4
06:53:37.0 (78639368)|HEAP_ALLOCATE|[55]|Bytes:7
06:53:37.0 (78693472)|VARIABLE_ASSIGNMENT|[EXTERNAL]|this|{"nonSelectedUserId":"('0057F000000Tz0sQAC (2 more) ...","pName":"13","project":"0x2baf0f52","selectedUsers":"0x39715cec","usersList":"0x6c7a054e"}|0x667ecfe3
06:53:37.0 (79658122)|SOQL_EXECUTE_BEGIN|[55]|Aggregations:0|SELECT Id FROM ProjectJobAssociation__c WHERE ProjectLink__c = :tmpVar1
06:53:37.0 (81889969)|SOQL_EXECUTE_END|[55]|Rows:1
06:53:37.0 (81910158)|HEAP_ALLOCATE|[55]|Bytes:8
06:53:37.0 (81924982)|HEAP_ALLOCATE|[55]|Bytes:29
06:53:37.0 (81994039)|HEAP_ALLOCATE|[55]|Bytes:8
06:53:37.0 (82008461)|VARIABLE_SCOPE_BEGIN|[55]|pjaList|List<ProjectJobAssociation__c>|true|false
06:53:37.0 (82029556)|VARIABLE_ASSIGNMENT|[55]|pjaList|[{"Id":"a087F000009JyuOQAS"}]|0x293ad19a
06:53:37.0 (82035455)|STATEMENT_EXECUTE|[56]
06:53:37.0 (82080424)|DML_BEGIN|[56]|Op:Delete|Type:ProjectJobAssociation__c|Rows:1
06:53:37.0 (82105905)|HEAP_ALLOCATE|[EXTERNAL]|Bytes:8
06:53:37.0 (159121718)|DML_END|[56]
06:53:37.0 (159192440)|HEAP_ALLOCATE|[EXTERNAL]|Bytes:8
06:53:37.0 (159211744)|STATEMENT_EXECUTE|[58]
06:53:37.0 (159243306)|HEAP_ALLOCATE|[58]|Bytes:4
06:53:37.0 (159320894)|HEAP_ALLOCATE|[EXTERNAL]|Bytes:4
06:53:37.0 (159335013)|VARIABLE_ASSIGNMENT|[58]|pjaList|[]|0x69f308b3
06:53:37.0 (159411062)|VARIABLE_ASSIGNMENT|[EXTERNAL]|this|{"nonSelectedUserId":"('0057F000000Tz0sQAC (2 more) ...","pName":"13","project":"0x2baf0f52","selectedUsers":"0x39715cec","usersList":"0x6c7a054e"}|0x667ecfe3
06:53:37.0 (159461008)|HEAP_ALLOCATE|[59]|Bytes:5
06:53:37.0 (159483308)|HEAP_ALLOCATE|[59]|Bytes:25
06:53:37.0 (159494066)|VARIABLE_SCOPE_BEGIN|[59]|sc|System.SelectOption|true|false
06:53:37.0 (159642317)|VARIABLE_ASSIGNMENT|[59]|sc|"common.apex.runtime.impl.ApexSelectOptionValue@90f527e3"|0x730a733d
06:53:37.0 (159651531)|STATEMENT_EXECUTE|[59]
06:53:37.0 (159652952)|STATEMENT_EXECUTE|[60]
06:53:37.0 (159682332)|HEAP_ALLOCATE|[60]|Bytes:4
06:53:37.0 (159785311)|VARIABLE_SCOPE_BEGIN|[60]|pja|ProjectJobAssociation__c|true|false
06:53:37.0 (159802355)|VARIABLE_ASSIGNMENT|[60]|pja|{}|0x797e1259
06:53:37.0 (159807688)|STATEMENT_EXECUTE|[61]
06:53:37.0 (159847613)|VARIABLE_ASSIGNMENT|[EXTERNAL]|this|{"nonSelectedUserId":"('0057F000000Tz0sQAC (2 more) ...","pName":"13","project":"0x2baf0f52","selectedUsers":"0x39715cec","usersList":"0x6c7a054e"}|0x667ecfe3
06:53:37.0 (159944408)|VARIABLE_ASSIGNMENT|[61]|this.ProjectLink__c|"a057F0000039WImQAM"|0x797e1259
06:53:37.0 (159951635)|STATEMENT_EXECUTE|[62]
06:53:37.0 (159986399)|HEAP_ALLOCATE|[62]|Bytes:18
06:53:37.0 (160008446)|HEAP_ALLOCATE|[62]|Bytes:4
06:53:37.0 (160057436)|VARIABLE_ASSIGNMENT|[62]|this.UserLink__c|"0057F000000Tz0sQAC"|0x797e1259
06:53:37.0 (160064122)|STATEMENT_EXECUTE|[63]
06:53:37.0 (160112785)|HEAP_ALLOCATE|[EXTERNAL]|Bytes:4
06:53:37.0 (160131708)|HEAP_ALLOCATE|[59]|Bytes:5
06:53:37.0 (160143176)|HEAP_ALLOCATE|[59]|Bytes:27
06:53:37.0 (160150076)|VARIABLE_SCOPE_BEGIN|[59]|sc|System.SelectOption|true|false
06:53:37.0 (160218371)|VARIABLE_ASSIGNMENT|[59]|sc|"common.apex.runtime.impl.ApexSelectOptionValue@4bc8874e"|0x78b9895b
06:53:37.0 (160227116)|STATEMENT_EXECUTE|[59]
06:53:37.0 (160228388)|STATEMENT_EXECUTE|[60]
06:53:37.0 (160250948)|HEAP_ALLOCATE|[60]|Bytes:4
06:53:37.0 (160265611)|VARIABLE_SCOPE_BEGIN|[60]|pja|ProjectJobAssociation__c|true|false
06:53:37.0 (160276933)|VARIABLE_ASSIGNMENT|[60]|pja|{}|0xdca205a
06:53:37.0 (160281616)|STATEMENT_EXECUTE|[61]
06:53:37.0 (160310257)|VARIABLE_ASSIGNMENT|[EXTERNAL]|this|{"nonSelectedUserId":"('0057F000000Tz0sQAC (2 more) ...","pName":"13","project":"0x2baf0f52","selectedUsers":"0x39715cec","usersList":"0x6c7a054e"}|0x667ecfe3
06:53:37.0 (160360013)|VARIABLE_ASSIGNMENT|[61]|this.ProjectLink__c|"a057F0000039WImQAM"|0xdca205a
06:53:37.0 (160366431)|STATEMENT_EXECUTE|[62]
06:53:37.0 (160377840)|HEAP_ALLOCATE|[62]|Bytes:18
06:53:37.0 (160386164)|HEAP_ALLOCATE|[62]|Bytes:4
06:53:37.0 (160413185)|VARIABLE_ASSIGNMENT|[62]|this.UserLink__c|"0057F000000TrBGQA0"|0xdca205a
06:53:37.0 (160419155)|STATEMENT_EXECUTE|[63]
06:53:37.0 (160427153)|HEAP_ALLOCATE|[EXTERNAL]|Bytes:4
06:53:37.0 (160441059)|HEAP_ALLOCATE|[59]|Bytes:5
06:53:37.0 (160451783)|HEAP_ALLOCATE|[59]|Bytes:27
06:53:37.0 (160458284)|VARIABLE_SCOPE_BEGIN|[59]|sc|System.SelectOption|true|false
06:53:37.0 (160520203)|VARIABLE_ASSIGNMENT|[59]|sc|"common.apex.runtime.impl.ApexSelectOptionValue@20b5cc0a"|0x460c5cb7
06:53:37.0 (160528403)|STATEMENT_EXECUTE|[59]
06:53:37.0 (160529629)|STATEMENT_EXECUTE|[60]
06:53:37.0 (160548584)|HEAP_ALLOCATE|[60]|Bytes:4
06:53:37.0 (160560751)|VARIABLE_SCOPE_BEGIN|[60]|pja|ProjectJobAssociation__c|true|false
06:53:37.0 (160571472)|VARIABLE_ASSIGNMENT|[60]|pja|{}|0x7c0d07c0
06:53:37.0 (160576042)|STATEMENT_EXECUTE|[61]
06:53:37.0 (160601514)|VARIABLE_ASSIGNMENT|[EXTERNAL]|this|{"nonSelectedUserId":"('0057F000000Tz0sQAC (2 more) ...","pName":"13","project":"0x2baf0f52","selectedUsers":"0x39715cec","usersList":"0x6c7a054e"}|0x667ecfe3
06:53:37.0 (160648665)|VARIABLE_ASSIGNMENT|[61]|this.ProjectLink__c|"a057F0000039WImQAM"|0x7c0d07c0
06:53:37.0 (160654837)|STATEMENT_EXECUTE|[62]
06:53:37.0 (160664857)|HEAP_ALLOCATE|[62]|Bytes:18
06:53:37.0 (160673017)|HEAP_ALLOCATE|[62]|Bytes:4
06:53:37.0 (160698777)|VARIABLE_ASSIGNMENT|[62]|this.UserLink__c|"0057F000000TrBVQA0"|0x7c0d07c0
06:53:37.0 (160704643)|STATEMENT_EXECUTE|[63]
06:53:37.0 (160711694)|HEAP_ALLOCATE|[EXTERNAL]|Bytes:4
06:53:37.0 (160725272)|HEAP_ALLOCATE|[59]|Bytes:5
06:53:37.0 (160735082)|HEAP_ALLOCATE|[59]|Bytes:23
06:53:37.0 (160740955)|VARIABLE_SCOPE_BEGIN|[59]|sc|System.SelectOption|true|false
06:53:37.0 (160806659)|VARIABLE_ASSIGNMENT|[59]|sc|"common.apex.runtime.impl.ApexSelectOptionValue@ab8a2e66"|0x6fdcda59
06:53:37.0 (160814809)|STATEMENT_EXECUTE|[59]
06:53:37.0 (160816044)|STATEMENT_EXECUTE|[60]
06:53:37.0 (160834798)|HEAP_ALLOCATE|[60]|Bytes:4
06:53:37.0 (160847115)|VARIABLE_SCOPE_BEGIN|[60]|pja|ProjectJobAssociation__c|true|false
06:53:37.0 (160857720)|VARIABLE_ASSIGNMENT|[60]|pja|{}|0x75683ec2
06:53:37.0 (160862126)|STATEMENT_EXECUTE|[61]
06:53:37.0 (160886618)|VARIABLE_ASSIGNMENT|[EXTERNAL]|this|{"nonSelectedUserId":"('0057F000000Tz0sQAC (2 more) ...","pName":"13","project":"0x2baf0f52","selectedUsers":"0x39715cec","usersList":"0x6c7a054e"}|0x667ecfe3
06:53:37.0 (160932774)|VARIABLE_ASSIGNMENT|[61]|this.ProjectLink__c|"a057F0000039WImQAM"|0x75683ec2
06:53:37.0 (160938895)|STATEMENT_EXECUTE|[62]
06:53:37.0 (160949050)|HEAP_ALLOCATE|[62]|Bytes:18
06:53:37.0 (160956886)|HEAP_ALLOCATE|[62]|Bytes:4
06:53:37.0 (160981997)|VARIABLE_ASSIGNMENT|[62]|this.UserLink__c|"0057F000000Tz0iQAC"|0x75683ec2
06:53:37.0 (160987516)|STATEMENT_EXECUTE|[63]
06:53:37.0 (160994352)|HEAP_ALLOCATE|[EXTERNAL]|Bytes:4
06:53:37.0 (161007026)|HEAP_ALLOCATE|[59]|Bytes:5
06:53:37.0 (161018472)|VARIABLE_ASSIGNMENT|[59]|sc|null|
06:53:37.0 (161023893)|STATEMENT_EXECUTE|[65]
06:53:37.0 (161070465)|DML_BEGIN|[65]|Op:Insert|Type:ProjectJobAssociation__c|Rows:4
06:53:37.0 (161102176)|HEAP_ALLOCATE|[EXTERNAL]|Bytes:20
06:53:37.0 (206727887)|DML_END|[65]
06:53:37.0 (206781056)|HEAP_ALLOCATE|[EXTERNAL]|Bytes:20
06:53:37.0 (206795151)|STATEMENT_EXECUTE|[67]
06:53:37.0 (206804435)|HEAP_ALLOCATE|[67]|Bytes:1
06:53:37.0 (206857027)|VARIABLE_ASSIGNMENT|[EXTERNAL]|this|{"nonSelectedUserId":"('0057F000000Tz0sQAC (2 more) ...","pName":"13","project":"0x2baf0f52","selectedUsers":"0x39715cec","usersList":"0x6c7a054e"}|0x667ecfe3
06:53:37.0 (206897657)|HEAP_ALLOCATE|[67]|Bytes:18
06:53:37.0 (206911831)|HEAP_ALLOCATE|[67]|Bytes:19
06:53:37.0 (206948569)|SYSTEM_MODE_EXIT|false
06:53:37.220 (220180202)|CUMULATIVE_LIMIT_USAGE
06:53:37.220 (220180202)|LIMIT_USAGE_FOR_NS|(default)|
  Number of SOQL queries: 3 out of 100
  Number of query rows: 7 out of 50000
  Number of SOSL queries: 0 out of 20
  Number of DML statements: 3 out of 150
  Number of DML rows: 6 out of 10000
  Maximum CPU time: 0 out of 10000
  Maximum heap size: 0 out of 6000000
  Number of callouts: 0 out of 100
  Number of Email Invocations: 0 out of 10
  Number of future calls: 0 out of 50
  Number of queueable jobs added to the queue: 0 out of 50
  Number of Mobile Apex push calls: 0 out of 10

06:53:37.220 (220180202)|CUMULATIVE_LIMIT_USAGE_END

06:53:37.0 (220223379)|CODE_UNIT_FINISHED|VF: /apex/PM_Project_Edit
06:53:37.0 (220969221)|EXECUTION_FINISHED
